TRACK_TIME 1167737286
TRACK A20110117559424 E170 445100 931360 120 30 999 NONE NONE 390
	FP_ROUTE KMSP..KORF

TRACK_TIME 1167737286
TRACK A20110117559438 CRJ2 385260 770400 120 30 999 NONE NONE 300
	FP_ROUTE KDCA..KTYS

TRACK_TIME 1167737286
TRACK A20110117559442 E120 335700 1183000 120 30 999 NONE NONE 120
	FP_ROUTE KLAX..KSMX

TRACK_TIME 1167737286
TRACK A20110117559444 LJ35 374960 853000 120 30 999 NONE NONE 160
	FP_ROUTE KBRY..KBNA

TRACK_TIME 1167737286
TRACK A20110117559447 LJ35 463460 1203400 120 30 999 NONE NONE 101
	FP_ROUTE KYKM..KBFI

TRACK_TIME 1167737286
TRACK A20110117559455 CRJ2 335500 1182800 120 30 999 NONE NONE 350
	FP_ROUTE KLAX..KPHX

TRACK_TIME 1167737286
TRACK A20110117559460 E135 412560 814960 120 30 999 NONE NONE 260
	FP_ROUTE KCLE..KMKE

TRACK_TIME 1167737286
TRACK A20110117559467 B739 295700 951960 120 30 999 NONE NONE 370
	FP_ROUTE KIAH..KTPA

TRACK_TIME 1167737286
TRACK A20110117559474 E120 473100 1221660 120 30 999 NONE NONE 230
	FP_ROUTE KBFI..KALW

TRACK_TIME 1167737286
TRACK A20110117559476 C560 341200 1191300 120 30 999 NONE NONE 430
	FP_ROUTE KOXR..KBFI

TRACK_TIME 1167737286
TRACK A20110117559479 B712 205400 1562500 120 30 999 NONE NONE 140
	FP_ROUTE KOGG..KHNL

TRACK_TIME 1167737286
TRACK A20110117559481 C560 440600 1231300 120 30 999 NONE NONE 410
	FP_ROUTE KEUG..KHND

TRACK_TIME 1167737286
TRACK A20110117559483 B733 351200 805560 120 30 999 NONE NONE 260
	FP_ROUTE KCLT..KJAX

TRACK_TIME 1167737286
TRACK A20110117559488 DH8C 403700 752860 120 30 999 NONE NONE 49
	FP_ROUTE KABE..KPHL

TRACK_TIME 1167737286
TRACK A20110117559489 FA20 410900 731060 120 30 999 NONE NONE 360
	FP_ROUTE KBDR..KMSL

TRACK_TIME 1167737286
TRACK A20110117559492 DH8A 415700 724060 120 30 999 NONE NONE 40
	FP_ROUTE KBDL..KLGA

TRACK_TIME 1167737286
TRACK A20110117559493 B733 293300 983000 120 30 999 NONE NONE 39
	FP_ROUTE KSAT..KDAL

TRACK_TIME 1167737286
TRACK A20110117559494 B733 325200 965200 120 30 999 NONE NONE 290
	FP_ROUTE KDAL..KTUL

TRACK_TIME 1167737286
TRACK A20110117559495 A319 292860 982560 120 30 999 NONE NONE 370
	FP_ROUTE KSAT..KCLT

TRACK_TIME 1167737286
TRACK A20110117559500 E145 415800 875100 120 30 999 NONE NONE 370
	FP_ROUTE KORD..KRIC

TRACK_TIME 1167737286
TRACK A20110117559507 B752 333700 843100 120 30 999 NONE NONE 370
	FP_ROUTE KATL..KPBI

TRACK_TIME 1167737286
TRACK A20110117559509 B738 335560 1182700 120 30 999 NONE NONE 350
	FP_ROUTE KLAX..KCMH

TRACK_TIME 1167737286
TRACK A20110117559513 BE20 473700 1042400 120 30 999 NONE NONE 170
	FP_ROUTE KSDY..KBIL

TRACK_TIME 1167737286
TRACK A20110117559514 C550 422800 711900 120 30 999 NONE NONE 340
	FP_ROUTE KBED..KPTK

TRACK_TIME 1167737286
TRACK A20110117559515 B733 404600 1120000 120 30 999 NONE NONE 320
	FP_ROUTE KSLC..KLAS

TRACK_TIME 1167737286
TRACK A20110117559518 CRJ2 350400 895860 120 30 999 NONE NONE 290
	FP_ROUTE KMEM..KPIT

TRACK_TIME 1167737286
TRACK A20110117559520 B738 472560 1221900 120 30 999 NONE NONE 340
	FP_ROUTE KSEA..KHNL

TRACK_TIME 1167737286
TRACK A20110117559525 B712 194300 1550000 120 30 999 NONE NONE 240
	FP_ROUTE KITO..KHNL

TRACK_TIME 1167737286
TRACK A20110117559536 B763 211800 1575560 120 30 999 NONE NONE 380
	FP_ROUTE KHNL..KSMF

TRACK_TIME 1167737286
TRACK A20110117559537 E135 325500 970160 120 30 999 NONE NONE 169
	FP_ROUTE KDFW..KTXK

TRACK_TIME 1167737286
TRACK A20110117559542 A320 351500 805700 120 30 999 NONE NONE 360
	FP_ROUTE KCLT..KLAX

TRACK_TIME 1167737286
TRACK A20110117559544 B737 374300 1221500 120 30 999 NONE NONE 330
	FP_ROUTE KOAK..KBUR

TRACK_TIME 1167737286
TRACK A20110117559547 B737 341000 1182200 120 30 999 NONE NONE 400
	FP_ROUTE KBUR..KSMF

TRACK_TIME 1167737286
TRACK A20110117559549 B737 414600 874660 120 30 999 NONE NONE 390
	FP_ROUTE KMDW..KRSW

TRACK_TIME 1167737286
TRACK A20110117559550 MD82 325500 970160 120 30 999 NONE NONE 250
	FP_ROUTE KDFW..KTUL

TRACK_TIME 1167737286
TRACK A20110117559551 B763 335560 1182560 120 30 999 NONE NONE 380
	FP_ROUTE KLAX..KHNL

TRACK_TIME 1167737286
TRACK A20110117559552 A319 332560 1120160 120 30 999 NONE NONE 340
	FP_ROUTE KPHX..KSMF

TRACK_TIME 1167737286
TRACK A20110117559554 C550 362800 1212260 120 30 999 NONE NONE 290
	FP_ROUTE KSNS..KMYF

TRACK_TIME 1167737286
TRACK A20110117559557 CRJ2 445200 930700 120 30 999 NONE NONE 330
	FP_ROUTE KMSP..KCLE

TRACK_TIME 1167737286
TRACK A20110117559558 CRJ2 334960 1181060 120 30 999 NONE NONE 330
	FP_ROUTE KLGB..KSLC

TRACK_TIME 1167737286
TRACK A20110117559559 C550 324900 1171000 120 30 999 NONE NONE 210
	FP_ROUTE KMYF..KNYL

TRACK_TIME 1167737286
TRACK A20110117559560 CRJ2 315260 1020700 120 30 999 NONE NONE 340
	FP_ROUTE KMAF..KDEN

TRACK_TIME 1167737286
TRACK A20110117559561 B752 403900 735100 120 30 999 NONE NONE 360
	FP_ROUTE KJFK..KSFO

TRACK_TIME 1167737286
TRACK A20110117559566 A319 351360 805700 120 30 999 NONE NONE 60
	FP_ROUTE KCLT..KPIT

TRACK_TIME 1167737286
TRACK A20110117559569 B734 473700 1173300 120 30 999 NONE NONE 250
	FP_ROUTE KGEG..KSEA

TRACK_TIME 1167737286
TRACK A20110117559570 E135 273400 992700 120 30 999 NONE NONE 330
	FP_ROUTE KLRD..KDFW

TRACK_TIME 1167737286
TRACK A20110117559571 CRJ2 374360 1221660 120 30 999 NONE NONE 330
	FP_ROUTE KOAK..KSLC

TRACK_TIME 1167737286
TRACK A20110117559572 E170 394960 1043400 120 30 999 NONE NONE 330
	FP_ROUTE KDEN..KCID

TRACK_TIME 1167737286
TRACK A20110117559574 A320 395100 1044360 120 30 999 NONE NONE 340
	FP_ROUTE KDEN..KSEA

TRACK_TIME 1167737286
TRACK A20110117559577 B712 333900 842860 120 30 999 NONE NONE 330
	FP_ROUTE KATL..KCMH

TRACK_TIME 1167737286
TRACK A20110117559578 E145 404360 740760 120 30 999 NONE NONE 340
	FP_ROUTE KEWR..KBNA

TRACK_TIME 1167737286
TRACK A20110117559583 CRJ2 351000 805700 120 30 999 NONE NONE 210
	FP_ROUTE KCLT..KCHO

TRACK_TIME 1167737286
TRACK A20110117559585 A319 384360 901660 120 30 999 NONE NONE 390
	FP_ROUTE KSTL..KCLT

TRACK_TIME 1167737286
TRACK A20110117559587 A320 394500 1043300 120 30 999 NONE NONE 370
	FP_ROUTE KDEN..KORD

TRACK_TIME 1167737286
TRACK A20110117559588 DH8D 465560 1140700 120 30 999 NONE NONE 220
	FP_ROUTE KMSO..KSEA

TRACK_TIME 1167737286
TRACK A20110117559589 E145 415700 874900 120 30 999 NONE NONE 210
	FP_ROUTE KORD..KIND

TRACK_TIME 1167737286
TRACK A20110117559591 A321 404500 734960 120 30 999 NONE NONE 300
	FP_ROUTE KLGA..KCLT

TRACK_TIME 1167737286
TRACK A20110117559592 E145 420000 875260 120 30 999 NONE NONE 250
	FP_ROUTE KORD..KCLE

TRACK_TIME 1167737286
TRACK A20110117559596 B752 282500 811900 120 30 999 NONE NONE 350
	FP_ROUTE KMCO..KCLT

TRACK_TIME 1167737286
TRACK A20110117559597 E190 422100 710100 120 30 999 NONE NONE 40
	FP_ROUTE KBOS..KLGA

TRACK_TIME 1167737286
TRACK A20110117559601 E145 415700 874960 120 30 999 NONE NONE 370
	FP_ROUTE KORD..KHSV

TRACK_TIME 1167737286
TRACK A20110117559602 CRJ2 395500 1044060 120 30 999 NONE NONE 260
	FP_ROUTE KDEN..KBOI

TRACK_TIME 1167737286
TRACK A20110117559603 A319 372400 1215800 120 30 999 NONE NONE 390
	FP_ROUTE KSJC..KPHX

TRACK_TIME 1167737286
TRACK A20110117559604 E170 422100 710100 120 30 999 NONE NONE 360
	FP_ROUTE KBOS..KIND

TRACK_TIME 1167737286
TRACK A20110117559605 PAY2 393300 1160300 120 30 999 NONE NONE 160
	FP_ROUTE K05U..KRNO

TRACK_TIME 1167737286
TRACK A20110117559610 E135 420000 875200 120 30 999 NONE NONE 230
	FP_ROUTE KORD..KDAY

TRACK_TIME 1167737286
TRACK A20110117559611 A319 384060 1213460 120 30 999 NONE NONE 390
	FP_ROUTE KSMF..KPHX

TRACK_TIME 1167737286
TRACK A20110117559613 B737 325260 965400 120 30 999 NONE NONE 330
	FP_ROUTE KDAL..KHOU

TRACK_TIME 1167737286
TRACK A20110117559614 B734 351200 805560 120 30 999 NONE NONE 290
	FP_ROUTE KCLT..KALB

TRACK_TIME 1167737286
TRACK A20110117559624 C550 473100 1221660 120 30 999 NONE NONE 151
	FP_ROUTE KBFI..KYKM

TRACK_TIME 1167737286
TRACK A20110117559625 B738 420100 875700 120 30 999 NONE NONE 400
	FP_ROUTE KORD..KLAX

TRACK_TIME 1167737286
TRACK A20110117559628 C550 463400 1203300 120 30 999 NONE NONE 70
	FP_ROUTE KYKM..KELN

TRACK_TIME 1167737286
TRACK A20110117559630 B737 391060 764300 120 30 999 NONE NONE 290
	FP_ROUTE KBWI..KBOS

TRACK_TIME 1167737286
TRACK A20110117559632 B737 332560 1120160 120 30 999 NONE NONE 390
	FP_ROUTE KPHX..KMCI

TRACK_TIME 1167737286
TRACK A20110117559634 B734 335700 1183000 120 30 999 NONE NONE 320
	FP_ROUTE KLAX..KSEA

TRACK_TIME 1167737286
TRACK A20110117559636 E170 425560 875400 120 30 999 NONE NONE 370
	FP_ROUTE KMKE..KPHL

TRACK_TIME 1167737286
TRACK A20110117559637 E190 410300 734900 120 30 999 NONE NONE 380
	FP_ROUTE KHPN..KPBI

TRACK_TIME 1167737286
TRACK A20110117559639 CRJ9 333900 842860 120 30 999 NONE NONE 330
	FP_ROUTE KATL..KPIT

TRACK_TIME 1167737286
TRACK A20110117559640 B737 384360 901660 120 30 999 NONE NONE 380
	FP_ROUTE KSTL..KPHX

TRACK_TIME 1167737286
TRACK A20110117559642 E145 412200 815400 120 30 999 NONE NONE 290
	FP_ROUTE KCLE..KCLT

TRACK_TIME 1167737286
TRACK A20110117559643 DH8D 462260 1170400 120 30 999 NONE NONE 200
	FP_ROUTE KLWS..KSEA

TRACK_TIME 1167737286
TRACK A20110117559646 B733 332560 1120160 120 30 999 NONE NONE 320
	FP_ROUTE KPHX..KONT

TRACK_TIME 1167737286
TRACK A20110117559647 B712 333900 842860 120 30 999 NONE NONE 310
	FP_ROUTE KATL..KPIT

TRACK_TIME 1167737286
TRACK A20110117559648 B733 414800 874600 120 30 999 NONE NONE 300
	FP_ROUTE KMDW..KMSP

TRACK_TIME 1167737286
TRACK A20110117559651 B712 211900 1575260 120 30 999 NONE NONE 140
	FP_ROUTE KHNL..KLIH

TRACK_TIME 1167737286
TRACK A20110117559652 B737 280000 823300 120 30 999 NONE NONE 380
	FP_ROUTE KTPA..KMDW

TRACK_TIME 1167737286
TRACK A20110117559663 CRJ2 333900 843160 120 30 999 NONE NONE 130
	FP_ROUTE KATL..KMEI

TRACK_TIME 1167737286
TRACK A20110117559666 CRJ2 395100 1044660 120 30 999 NONE NONE 320
	FP_ROUTE KDEN..KEUG

TRACK_TIME 1167737286
TRACK A20110117559671 E170 385400 770460 120 30 999 NONE NONE 320
	FP_ROUTE KDCA..KCMH

TRACK_TIME 1167737286
TRACK A20110117559672 SF34 295800 952100 120 30 999 NONE NONE 40
	FP_ROUTE KIAH..KCLL

TRACK_TIME 1167737286
TRACK A20110117559673 B735 352200 973600 120 30 999 NONE NONE 350
	FP_ROUTE KOKC..KIAH

TRACK_TIME 1167737286
TRACK A20110117559676 CRJ2 421200 832260 120 30 999 NONE NONE 40
	FP_ROUTE KDTW..KFNT

TRACK_TIME 1167737286
TRACK A20110117559680 A320 340300 1173760 120 30 999 NONE NONE 370
	FP_ROUTE KONT..KDEN

TRACK_TIME 1167737286
TRACK A20110117559682 CRJ2 403760 734960 120 30 999 NONE NONE 260
	FP_ROUTE KJFK..KORF

TRACK_TIME 1167737286
TRACK A20110117559683 A320 324500 1171360 120 30 999 NONE NONE 350
	FP_ROUTE KSAN..KJFK

TRACK_TIME 1167737286
TRACK A20110117559686 B733 360700 1150900 120 30 999 NONE NONE 310
	FP_ROUTE KLAS..KDEN

TRACK_TIME 1167737286
TRACK A20110117559687 B733 351060 805560 120 30 999 NONE NONE 270
	FP_ROUTE KCLT..KPHL

TRACK_TIME 1167737286
TRACK A20110117559688 CRJ2 395100 1044360 120 30 999 NONE NONE 340
	FP_ROUTE KDEN..KMRY

TRACK_TIME 1167737286
TRACK A20110117559690 B733 394660 1043760 120 30 999 NONE NONE 350
	FP_ROUTE KDEN..KAUS

TRACK_TIME 1167737286
TRACK A20110117559691 CRJ2 350300 895860 120 30 999 NONE NONE 200
	FP_ROUTE KMEM..KSGF

TRACK_TIME 1167737286
TRACK A20110117559701 BE9L 451000 931300 120 30 999 NONE NONE 80
	FP_ROUTE KANE..KDVL

TRACK_TIME 1167737286
TRACK A20110117559702 CRJ9 301500 974060 120 30 999 NONE NONE 340
	FP_ROUTE KAUS..KPHX

TRACK_TIME 1167737286
TRACK A20110117559703 CRJ2 350400 895860 120 30 999 NONE NONE 220
	FP_ROUTE KMEM..KFSM

TRACK_TIME 1167737286
TRACK A20110117559707 BE9L 480600 985560 120 30 999 NONE NONE 151
	FP_ROUTE KDVL..KMSP

TRACK_TIME 1167737286
TRACK A20110117559717 CRJ9 333900 842860 120 30 999 NONE NONE 330
	FP_ROUTE KATL..KALB

TRACK_TIME 1167737286
TRACK A20110117559718 B752 421200 832200 120 30 999 NONE NONE 380
	FP_ROUTE KDTW..KLAS

TRACK_TIME 1167737286
TRACK A20110117559724 E145 420300 875860 120 30 999 NONE NONE 260
	FP_ROUTE KORD..KLNK

TRACK_TIME 1167737286
TRACK A20110117559728 CRJ2 402560 885500 120 30 999 NONE NONE 310
	FP_ROUTE KBMI..KATL

TRACK_TIME 1167737286
TRACK A20110117559729 CRJ2 333900 842860 120 30 999 NONE NONE 210
	FP_ROUTE KATL..KAVL

TRACK_TIME 1167737286
TRACK A20110117559732 B739 360600 1150900 120 30 999 NONE NONE 350
	FP_ROUTE KLAS..KIAH

TRACK_TIME 1167737286
TRACK A20110117559736 MD82 385400 770460 120 30 999 NONE NONE 300
	FP_ROUTE KDCA..KDFW

TRACK_TIME 1167737286
TRACK A20110117559738 B712 211900 1575800 120 30 999 NONE NONE 161
	FP_ROUTE KHNL..KLIH

TRACK_TIME 1167737286
TRACK A20110117559740 E145 360600 864060 120 30 999 NONE NONE 340
	FP_ROUTE KBNA..KIAH

TRACK_TIME 1167737286
TRACK A20110117559742 CRJ1 425200 852860 120 30 999 NONE NONE 120
	FP_ROUTE KGRR..KDTW

TRACK_TIME 1167737286
TRACK A20110117559743 LJ45 381300 1221660 120 30 999 NONE NONE 350
	FP_ROUTE KAPC..KBUR

TRACK_TIME 1167737286
TRACK A20110117559745 B737 275860 823300 120 30 999 NONE NONE 250
	FP_ROUTE KTPA..KFLL

TRACK_TIME 1167737286
TRACK A20110117559746 B737 260460 800760 120 30 999 NONE NONE 390
	FP_ROUTE KFLL..KPHL

TRACK_TIME 1167737286
TRACK A20110117559747 CRJ2 445500 931600 120 30 999 NONE NONE 300
	FP_ROUTE KMSP..KGFK

TRACK_TIME 1167737286
TRACK A20110117559748 E120 373900 1221960 120 30 999 NONE NONE 190
	FP_ROUTE KSFO..KFAT

TRACK_TIME 1167737286
TRACK A20110117559749 DH8D 463400 1203300 120 30 999 NONE NONE 100
	FP_ROUTE KYKM..KSEA

TRACK_TIME 1167737286
TRACK A20110117559752 CRJ2 333900 842400 120 30 999 NONE NONE 170
	FP_ROUTE KATL..KTYS

TRACK_TIME 1167737286
TRACK A20110117559756 CRJ2 464900 964600 120 30 999 NONE NONE 350
	FP_ROUTE KFAR..KORD

TRACK_TIME 1167737286
TRACK A20110117559757 A319 351500 805800 120 30 999 NONE NONE 380
	FP_ROUTE KCLT..KMSP

TRACK_TIME 1167737286
TRACK A20110117559758 B733 300000 901500 120 30 999 NONE NONE 320
	FP_ROUTE KMSY..KDAL

TRACK_TIME 1167737286
TRACK A20110117559759 CRJ2 354960 835800 120 30 999 NONE NONE 110
	FP_ROUTE KTYS..KATL

TRACK_TIME 1167737286
TRACK A20110117559762 B752 333900 843000 120 30 999 NONE NONE 320
	FP_ROUTE KATL..KSAN

TRACK_TIME 1167737286
TRACK A20110117559765 B733 360760 864060 120 30 999 NONE NONE 360
	FP_ROUTE KBNA..KHOU

TRACK_TIME 1167737286
TRACK A20110117559767 CRJ2 415860 875200 120 30 999 NONE NONE 230
	FP_ROUTE KORD..KLEX

TRACK_TIME 1167737286
TRACK A20110117559768 A306 415700 724200 120 30 999 NONE NONE 340
	FP_ROUTE KBDL..KSDF

TRACK_TIME 1167737286
TRACK A20110117559775 B734 383900 1213460 120 30 999 NONE NONE 340
	FP_ROUTE KSMF..KSEA

TRACK_TIME 1167737286
TRACK A20110117559784 B735 380900 854360 120 30 999 NONE NONE 260
	FP_ROUTE KSDF..KSTL

TRACK_TIME 1167737286
TRACK A20110117559785 A320 374060 1221660 120 30 999 NONE NONE 370
	FP_ROUTE KSFO..KDEN

TRACK_TIME 1167737286
TRACK A20110117559787 B737 302800 813900 120 30 999 NONE NONE 280
	FP_ROUTE KJAX..KFLL

TRACK_TIME 1167737286
TRACK A20110117559788 SF34 385560 773160 120 30 999 NONE NONE 120
	FP_ROUTE KIAD..KMGW

TRACK_TIME 1167737286
TRACK A20110117559791 E170 385860 773300 120 30 999 NONE NONE 210
	FP_ROUTE KIAD..KLGA

TRACK_TIME 1167737286
TRACK A20110117559793 E145 361960 941300 120 30 999 NONE NONE 230
	FP_ROUTE KXNA..KDFW

TRACK_TIME 1167737286
TRACK A20110117559794 B739 295860 951800 120 30 999 NONE NONE 320
	FP_ROUTE KIAH..KPDX

TRACK_TIME 1167737286
TRACK A20110117559795 CRJ2 445200 930760 120 30 999 NONE NONE 280
	FP_ROUTE KMSP..KMOT

TRACK_TIME 1167737286
TRACK A20110117559797 SF34 393760 795500 120 30 999 NONE NONE 18
	FP_ROUTE KMGW..KCKB

TRACK_TIME 1167737286
TRACK A20110117559800 SF34 391900 800900 120 30 999 NONE NONE 60
	FP_ROUTE KCKB..KIAD

TRACK_TIME 1167737286
TRACK A20110117559803 B738 254800 801600 120 30 999 NONE NONE 370
	FP_ROUTE KMIA..KBOS

TRACK_TIME 1167737286
TRACK A20110117559804 B738 395500 1044060 120 30 999 NONE NONE 370
	FP_ROUTE KDEN..KORD

TRACK_TIME 1167737286
TRACK A20110117559807 CRJ2 333760 842860 120 30 999 NONE NONE 190
	FP_ROUTE KATL..KAGS

TRACK_TIME 1167737286
TRACK A20110117559810 B752 373760 1222400 120 30 999 NONE NONE 290
	FP_ROUTE KSFO..KKOA

TRACK_TIME 1167737286
TRACK A20110117559811 E170 385200 770160 120 30 999 NONE NONE 360
	FP_ROUTE KDCA..KMCI

TRACK_TIME 1167737286
TRACK A20110117559816 C550 364600 1112200 120 30 999 NONE NONE 175
	FP_ROUTE KINW..KDVT

TRACK_TIME 1167737286
TRACK A20110117559819 A320 373700 1222260 120 30 999 NONE NONE 100
	FP_ROUTE KSFO..KSFO

TRACK_TIME 1167737286
TRACK A20110117559820 A321 332560 1120160 120 30 999 NONE NONE 280
	FP_ROUTE KPHX..KSNA

TRACK_TIME 1167737286
TRACK A20110117559822 C750 390000 944360 120 30 999 NONE NONE 410
	FP_ROUTE KMKC..KBNA

TRACK_TIME 1167737286
TRACK A20110117559828 E145 295860 951800 120 30 999 NONE NONE 320
	FP_ROUTE KIAH..KICT

TRACK_TIME 1167737286
TRACK A20110117559829 A320 373900 1222200 120 30 999 NONE NONE 330
	FP_ROUTE KSFO..KLGB

TRACK_TIME 1167737286
TRACK A20110117559839 C560 362560 822700 120 30 999 NONE NONE 35
	FP_ROUTE KTRI..KGYH

TRACK_TIME 1167737286
TRACK A20110117559840 C750 360460 864300 120 30 999 NONE NONE 430
	FP_ROUTE KBNA..KSBA

TRACK_TIME 1167737286
TRACK A20110117559843 B752 394960 1044500 120 30 999 NONE NONE 380
	FP_ROUTE KDEN..KSFO

TRACK_TIME 1167737286
TRACK A20110117559844 PAY2 421000 711660 120 30 999 NONE NONE 144
	FP_ROUTE KOWD..KN87

TRACK_TIME 1167737286
TRACK A20110117559853 B733 282200 811900 120 30 999 NONE NONE 320
	FP_ROUTE KMCO..KMDW

TRACK_TIME 1167737286
TRACK A20110117559861 CRJ2 394900 1044360 120 30 999 NONE NONE 240
	FP_ROUTE KDEN..KMTJ

TRACK_TIME 1167737286
TRACK A20110117559862 E170 420100 875100 120 30 999 NONE NONE 230
	FP_ROUTE KORD..KCMH

TRACK_TIME 1167737286
TRACK A20110117559864 A321 351500 805560 120 30 999 NONE NONE 330
	FP_ROUTE KCLT..KMIA

TRACK_TIME 1167737286
TRACK A20110117559866 B733 332560 1120160 120 30 999 NONE NONE 350
	FP_ROUTE KPHX..KDFW

TRACK_TIME 1167737286
TRACK A20110117559869 A319 394600 1043700 120 30 999 NONE NONE 390
	FP_ROUTE KDEN..KIAD

TRACK_TIME 1167737286
TRACK A20110117559870 A320 395100 1044500 120 30 999 NONE NONE 330
	FP_ROUTE KDEN..KCLT

TRACK_TIME 1167737286
TRACK A20110117559871 MD83 325260 970160 120 30 999 NONE NONE 100
	FP_ROUTE KDFW..KMEM

TRACK_TIME 1167737286
TRACK A20110117559874 CRJ2 390300 844060 120 30 999 NONE NONE 320
	FP_ROUTE KCVG..KMSP

TRACK_TIME 1167737286
TRACK A20110117559875 CRJ2 302700 862700 120 30 999 NONE NONE 210
	FP_ROUTE KVPS..KATL

TRACK_TIME 1167737286
TRACK A20110117559880 B737 333760 1175400 120 30 999 NONE NONE 290
	FP_ROUTE KSNA..KLAS

TRACK_TIME 1167737286
TRACK A20110117559883 A319 373760 1222200 120 30 999 NONE NONE 330
	FP_ROUTE KSFO..KLAX

TRACK_TIME 1167737286
TRACK A20110117559888 A321 351360 805800 120 30 999 NONE NONE 320
	FP_ROUTE KCLT..KSFO

TRACK_TIME 1167737286
TRACK A20110117559889 A320 332560 1120160 120 30 999 NONE NONE 350
	FP_ROUTE KPHX..KFLL

TRACK_TIME 1167737286
TRACK A20110117559895 E145 385700 773000 120 30 999 NONE NONE 330
	FP_ROUTE KIAD..KMHT

TRACK_TIME 1167737286
TRACK A20110117559897 B712 211900 1575260 120 30 999 NONE NONE 270
	FP_ROUTE KHNL..KITO

TRACK_TIME 1167737286
TRACK A20110117559898 B733 293760 951800 120 30 999 NONE NONE 350
	FP_ROUTE KHOU..KFLL

TRACK_TIME 1167737286
TRACK A20110117559900 B738 372400 1215800 120 30 999 NONE NONE 390
	FP_ROUTE KSJC..KAUS

TRACK_TIME 1167737286
TRACK A20110117559905 DH8D 433300 1161200 120 30 999 NONE NONE 200
	FP_ROUTE KBOI..KLWS

TRACK_TIME 1167737286
TRACK A20110117559907 MD83 301360 974060 120 30 999 NONE NONE 230
	FP_ROUTE KAUS..KDFW

TRACK_TIME 1167737286
TRACK A20110117559910 B752 420000 874960 120 30 999 NONE NONE 370
	FP_ROUTE KORD..KPHL

TRACK_TIME 1167737286
TRACK A20110117559912 CRJ2 421200 832100 120 30 999 NONE NONE 300
	FP_ROUTE KDTW..KTYS

TRACK_TIME 1167737286
TRACK A20110117559916 CRJ2 333760 842860 120 30 999 NONE NONE 310
	FP_ROUTE KATL..KEWN

TRACK_TIME 1167737286
TRACK A20110117559920 CRJ2 454900 1083460 120 30 999 NONE NONE 330
	FP_ROUTE KBIL..KDEN

TRACK_TIME 1167737286
TRACK A20110117559921 B737 372560 1215800 120 30 999 NONE NONE 370
	FP_ROUTE KSJC..KPHX

TRACK_TIME 1167737286
TRACK A20110117559922 B712 333900 842860 120 30 999 NONE NONE 340
	FP_ROUTE KATL..KSAT

TRACK_TIME 1167737286
TRACK A20110117559923 CRJ9 445260 931060 120 30 999 NONE NONE 350
	FP_ROUTE KMSP..KALB

TRACK_TIME 1167737286
TRACK A20110117559924 B738 205500 1562400 120 30 999 NONE NONE 350
	FP_ROUTE KOGG..KSJC

TRACK_TIME 1167737286
TRACK A20110117559926 E135 425500 875400 120 30 999 NONE NONE 100
	FP_ROUTE KMKE..KCLE

TRACK_TIME 1167737286
TRACK A20110117559931 CRJ2 404900 1115860 120 30 999 NONE NONE 330
	FP_ROUTE KSLC..KDEN

TRACK_TIME 1167737286
TRACK A20110117559937 B735 295800 952100 120 30 999 NONE NONE 350
	FP_ROUTE KIAH..KATL

TRACK_TIME 1167737286
TRACK A20110117559943 C550 395560 1050760 120 30 999 NONE NONE 300
	FP_ROUTE KBJC..KLAS

TRACK_TIME 1167737286
TRACK A20110117559946 CRJ2 333760 843160 120 30 999 NONE NONE 200
	FP_ROUTE KATL..KDHN

TRACK_TIME 1167737286
TRACK A20110117559947 LJ35 472560 1201960 120 30 999 NONE NONE 110
	FP_ROUTE KEAT..KBFI

TRACK_TIME 1167737286
TRACK A20110117559948 B737 333760 842860 120 30 999 NONE NONE 370
	FP_ROUTE KATL..KTPA

TRACK_TIME 1167737286
TRACK A20110117559952 E145 403600 734800 120 30 999 NONE NONE 220
	FP_ROUTE KJFK..KRIC

TRACK_TIME 1167737286
TRACK A20110117559955 B737 394600 1043600 120 30 999 NONE NONE 330
	FP_ROUTE KDEN..KOMA

TRACK_TIME 1167737286
TRACK A20110117559956 BE9L 433300 964900 120 30 999 NONE NONE 200
	FP_ROUTE KFSD..KGFK

TRACK_TIME 1167737286
TRACK A20110117559958 BE9L 465100 921200 120 30 999 NONE NONE 240
	FP_ROUTE KDLH..KFSD

TRACK_TIME 1167737286
TRACK A20110117559959 B739 295700 952100 120 30 999 NONE NONE 320
	FP_ROUTE KIAH..KPHX

TRACK_TIME 1167737286
TRACK A20110117559960 E135 415560 875200 120 30 999 NONE NONE 370
	FP_ROUTE KORD..KABE

TRACK_TIME 1167737286
TRACK A20110117559962 A320 415860 874960 120 30 999 NONE NONE 390
	FP_ROUTE KORD..KPHL

TRACK_TIME 1167737286
TRACK A20110117559964 E170 395200 751660 120 30 999 NONE NONE 340
	FP_ROUTE KPHL..KIND

TRACK_TIME 1167737286
TRACK A20110117559974 B733 324960 964960 120 30 999 NONE NONE 330
	FP_ROUTE KDAL..KTUL

TRACK_TIME 1167737286
TRACK A20110117559981 E145 325200 970160 120 30 999 NONE NONE 370
	FP_ROUTE KDFW..KCID

TRACK_TIME 1167737286
TRACK A20110117559983 B737 324500 1171360 120 30 999 NONE NONE 400
	FP_ROUTE KSAN..KRNO

TRACK_TIME 1167737286
TRACK A20110117559984 B752 333760 842200 120 30 999 NONE NONE 390
	FP_ROUTE KATL..KMCO

TRACK_TIME 1167737286
TRACK A20110117559986 A321 335700 1182700 120 30 999 NONE NONE 330
	FP_ROUTE KLAX..KCLT

TRACK_TIME 1167737286
TRACK A20110117559988 A320 395100 1044360 120 30 999 NONE NONE 380
	FP_ROUTE KDEN..KBZN

TRACK_TIME 1167737286
TRACK A20110117559990 B737 425560 875400 120 30 999 NONE NONE 410
	FP_ROUTE KMKE..KMCO

TRACK_TIME 1167737286
TRACK A20110117559996 CRJ2 333900 842860 120 30 999 NONE NONE 300
	FP_ROUTE KATL..KTUL

TRACK_TIME 1167737286
TRACK A20110117559997 B752 421000 832200 120 30 999 NONE NONE 400
	FP_ROUTE KDTW..KRSW

TRACK_TIME 1167737286
TRACK A20110117559999 PAY3 334060 842700 120 30 999 NONE NONE 160
	FP_ROUTE KATL..KDYA

TRACK_TIME 1167737286
TRACK A20110117560000 B737 360700 1150900 120 30 999 NONE NONE 380
	FP_ROUTE KLAS..KSEA

TRACK_TIME 1167737286
TRACK A20110117560004 E145 325200 970300 120 30 999 NONE NONE 160
	FP_ROUTE KDFW..KSPS

TRACK_TIME 1167737286
TRACK A20110117560006 E120 453600 1223600 120 30 999 NONE NONE 160
	FP_ROUTE KPDX..KSEA

TRACK_TIME 1167737286
TRACK A20110117560010 E170 445260 931060 120 30 999 NONE NONE 370
	FP_ROUTE KMSP..KPVD

TRACK_TIME 1167737286
TRACK A20110117560011 B738 335560 1182560 120 30 999 NONE NONE 320
	FP_ROUTE KLAX..KHNL

TRACK_TIME 1167737286
TRACK A20110117560018 B762 351200 805560 120 30 999 NONE NONE 390
	FP_ROUTE KCLT..KSJU

TRACK_TIME 1167737286
TRACK A20110117560022 A320 335700 1182800 120 30 999 NONE NONE 350
	FP_ROUTE KLAX..KBOS

TRACK_TIME 1167737286
TRACK A20110117560027 DH8D 440600 1231300 120 30 999 NONE NONE 200
	FP_ROUTE KEUG..KSEA

TRACK_TIME 1167737286
TRACK A20110117560028 E145 420100 875700 120 30 999 NONE NONE 100
	FP_ROUTE KORD..KGRB

TRACK_TIME 1167737286
TRACK A20110117560035 E135 425200 852860 120 30 999 NONE NONE 100
	FP_ROUTE KGRR..KORD

TRACK_TIME 1167737286
TRACK A20110117560036 A320 374300 1221500 120 30 999 NONE NONE 310
	FP_ROUTE KOAK..KLGB

TRACK_TIME 1167737286
TRACK A20110117560037 B752 254800 801900 120 30 999 NONE NONE 380
	FP_ROUTE KMIA..KDFW

TRACK_TIME 1167737286
TRACK A20110117560038 B737 324500 1171300 120 30 999 NONE NONE 380
	FP_ROUTE KSAN..KOAK

TRACK_TIME 1167737286
TRACK A20110117560040 B744 611800 1495400 120 30 999 NONE NONE 350
	FP_ROUTE KANC..KMIA

TRACK_TIME 1167737286
TRACK A20110117560042 B737 374360 1221600 120 30 999 NONE NONE 400
	FP_ROUTE KOAK..KSEA

TRACK_TIME 1167737286
TRACK A20110117560043 E135 415560 875400 120 30 999 NONE NONE 190
	FP_ROUTE KORD..KGRR

TRACK_TIME 1167737286
TRACK A20110117560045 B737 472560 1221800 120 30 999 NONE NONE 390
	FP_ROUTE KSEA..KOAK

TRACK_TIME 1167737286
TRACK A20110117560049 B737 332560 1120160 120 30 999 NONE NONE 320
	FP_ROUTE KPHX..KLAX

TRACK_TIME 1167737286
TRACK A20110117560050 CRJ9 410460 734600 120 30 999 NONE NONE 360
	FP_ROUTE KHPN..KATL

TRACK_TIME 1167737286
TRACK A20110117560051 B733 402860 801060 120 30 999 NONE NONE 340
	FP_ROUTE KPIT..KTPA

TRACK_TIME 1167737286
TRACK A20110117560052 B738 445200 931000 120 30 999 NONE NONE 400
	FP_ROUTE KMSP..KLAX

TRACK_TIME 1167737286
TRACK A20110117560056 DH8D 472560 1221900 120 30 999 NONE NONE 151
	FP_ROUTE KSEA..KPDX

TRACK_TIME 1167737286
TRACK A20110117560059 B733 433600 1161900 120 30 999 NONE NONE 340
	FP_ROUTE KBOI..KSEA

TRACK_TIME 1167737286
TRACK A20110117560061 CRJ2 335700 811060 120 30 999 NONE NONE 220
	FP_ROUTE KCAE..KATL

TRACK_TIME 1167737286
TRACK A20110117560062 CRJ2 320600 1105560 120 30 999 NONE NONE 340
	FP_ROUTE KTUS..KSFO

TRACK_TIME 1167737286
TRACK A20110117560069 B733 384360 901660 120 30 999 NONE NONE 370
	FP_ROUTE KSTL..KBWI

TRACK_TIME 1167737286
TRACK A20110117560071 B737 372200 1215560 120 30 999 NONE NONE 410
	FP_ROUTE KSJC..KSNA

TRACK_TIME 1167737286
TRACK A20110117560072 B737 333900 1175260 120 30 999 NONE NONE 270
	FP_ROUTE KSNA..KLAS

TRACK_TIME 1167737286
TRACK A20110117560077 A319 350300 895860 120 30 999 NONE NONE 310
	FP_ROUTE KMEM..KCLT

TRACK_TIME 1167737286
TRACK A20110117560078 B737 360600 1150900 120 30 999 NONE NONE 330
	FP_ROUTE KLAS..KTUS

TRACK_TIME 1167737286
TRACK A20110117560079 B738 335500 1182800 120 30 999 NONE NONE 370
	FP_ROUTE KLAX..KDFW

TRACK_TIME 1167737286
TRACK A20110117560080 B772 420000 875700 120 30 999 NONE NONE 380
	FP_ROUTE KORD..KDEN

TRACK_TIME 1167737286
TRACK A20110117560081 MD83 360700 1150760 120 30 999 NONE NONE 310
	FP_ROUTE KLAS..KIDA

TRACK_TIME 1167737286
TRACK A20110117560082 DH8A 644600 1475800 120 30 999 NONE NONE 210
	FP_ROUTE KFAI..KANC

TRACK_TIME 1167737286
TRACK A20110117560083 A320 335100 1181300 120 30 999 NONE NONE 360
	FP_ROUTE KLGB..KPDX

TRACK_TIME 1167737286
TRACK A20110117560085 CRJ9 444960 931360 120 30 999 NONE NONE 320
	FP_ROUTE KMSP..KDFW

TRACK_TIME 1167737286
TRACK A20110117560086 MD82 301660 974660 120 30 999 NONE NONE 240
	FP_ROUTE KAUS..KLAX

TRACK_TIME 1167737286
TRACK A20110117560087 B733 374300 1221500 120 30 999 NONE NONE 310
	FP_ROUTE KOAK..KLAS

TRACK_TIME 1167737286
TRACK A20110117560089 CRJ9 421200 832100 120 30 999 NONE NONE 370
	FP_ROUTE KDTW..KRDU

TRACK_TIME 1167737286
TRACK A20110117560091 B733 360700 1150900 120 30 999 NONE NONE 309
	FP_ROUTE KLAS..KDEN

TRACK_TIME 1167737286
TRACK A20110117560093 A320 404800 735200 120 30 999 NONE NONE 300
	FP_ROUTE KLGA..KMCO

TRACK_TIME 1167737286
TRACK A20110117560102 DH8D 472560 1221800 120 30 999 NONE NONE 250
	FP_ROUTE KSEA..KGPI

TRACK_TIME 1167737286
TRACK A20110117560107 A319 433400 1104600 120 30 999 NONE NONE 130
	FP_ROUTE KJAC..KSLC

TRACK_TIME 1167737286
TRACK A20110117560108 B733 332500 1120400 120 30 999 NONE NONE 360
	FP_ROUTE KPHX..KSJC

TRACK_TIME 1167737286
TRACK A20110117560109 E170 421200 832260 120 30 999 NONE NONE 280
	FP_ROUTE KDTW..KMSN

TRACK_TIME 1167737286
TRACK A20110117560110 A320 282400 811800 120 30 999 NONE NONE 340
	FP_ROUTE KMCO..KCVG

TRACK_TIME 1167737286
TRACK A20110117560116 A320 403760 734960 120 30 999 NONE NONE 380
	FP_ROUTE KJFK..KJAX

TRACK_TIME 1167737286
TRACK A20110117560117 B752 385700 773100 120 30 999 NONE NONE 230
	FP_ROUTE KIAD..KBOS

TRACK_TIME 1167737286
TRACK A20110117560118 B763 332560 1120160 120 30 999 NONE NONE 280
	FP_ROUTE KPHX..KLGB

TRACK_TIME 1167737286
TRACK A20110117560119 A319 360700 1150900 120 30 999 NONE NONE 370
	FP_ROUTE KLAS..KMKE

TRACK_TIME 1167737286
TRACK A20110117560120 B737 333900 842860 120 30 999 NONE NONE 380
	FP_ROUTE KATL..KLAX

TRACK_TIME 1167737286
TRACK A20110117560122 B733 355260 784660 120 30 999 NONE NONE 360
	FP_ROUTE KRDU..KTPA

TRACK_TIME 1167737286
TRACK A20110117560123 B712 211900 1575260 120 30 999 NONE NONE 150
	FP_ROUTE KHNL..KKOA

TRACK_TIME 1167737286
TRACK A20110117560125 B752 282400 811800 120 30 999 NONE NONE 370
	FP_ROUTE KMCO..KIAD

TRACK_TIME 1167737286
TRACK A20110117560127 E145 404300 740760 120 30 999 NONE NONE 360
	FP_ROUTE KEWR..KCVG

TRACK_TIME 1167737286
TRACK A20110117560129 E135 425560 875400 120 30 999 NONE NONE 230
	FP_ROUTE KMKE..KDAY

TRACK_TIME 1167737286
TRACK A20110117560132 B739 404300 740900 120 30 999 NONE NONE 380
	FP_ROUTE KEWR..KMIA

TRACK_TIME 1167737286
TRACK A20110117560133 MD82 391060 944360 120 30 999 NONE NONE 340
	FP_ROUTE KMCI..KDFW

TRACK_TIME 1167737286
TRACK A20110117560134 E170 394900 1043700 120 30 999 NONE NONE 350
	FP_ROUTE KDEN..KIND

TRACK_TIME 1167737286
TRACK A20110117560137 B735 374060 1222260 120 30 999 NONE NONE 350
	FP_ROUTE KSFO..KLAX

TRACK_TIME 1167737286
TRACK A20110117560138 E145 425500 875400 120 30 999 NONE NONE 80
	FP_ROUTE KMKE..KPIT

TRACK_TIME 1167737286
TRACK A20110117560139 B735 335560 1182860 120 30 999 NONE NONE 370
	FP_ROUTE KLAX..KDEN

TRACK_TIME 1167737286
TRACK A20110117560141 B752 333900 842860 120 30 999 NONE NONE 340
	FP_ROUTE KATL..KLAS

TRACK_TIME 1167737286
TRACK A20110117560142 B738 420300 874800 120 30 999 NONE NONE 390
	FP_ROUTE KORD..KBOS

TRACK_TIME 1167737286
TRACK A20110117560143 MD82 325100 970160 120 30 999 NONE NONE 330
	FP_ROUTE KDFW..KLGA

TRACK_TIME 1167737286
TRACK A20110117560147 E170 384000 1213460 120 30 999 NONE NONE 350
	FP_ROUTE KSMF..KDEN

TRACK_TIME 1167737286
TRACK A20110117560152 B737 373900 1222200 120 30 999 NONE NONE 290
	FP_ROUTE KSFO..KLAS

TRACK_TIME 1167737286
TRACK A20110117560154 C550 333160 1121600 120 30 999 NONE NONE 320
	FP_ROUTE KGEU..KRDD

TRACK_TIME 1167737286
TRACK A20110117560155 B752 182700 655800 120 30 999 NONE NONE 350
	FP_ROUTE KSJU..KJFK

TRACK_TIME 1167737286
TRACK A20110117560161 A319 385700 773000 120 30 999 NONE NONE 360
	FP_ROUTE KIAD..KSFO

TRACK_TIME 1167737286
TRACK A20110117560166 B737 332560 1120160 120 30 999 NONE NONE 380
	FP_ROUTE KPHX..KSJC

TRACK_TIME 1167737286
TRACK A20110117560168 E145 295700 952100 120 30 999 NONE NONE 200
	FP_ROUTE KIAH..KCRP

TRACK_TIME 1167737286
TRACK A20110117560171 SF34 295560 952100 120 30 999 NONE NONE 60
	FP_ROUTE KIAH..KVCT

TRACK_TIME 1167737286
TRACK A20110117560174 B737 372260 1215700 120 30 999 NONE NONE 390
	FP_ROUTE KSJC..KONT

TRACK_TIME 1167737286
TRACK A20110117560175 AT72 313600 971600 120 30 999 NONE NONE 60
	FP_ROUTE KACT..KDFW

TRACK_TIME 1167737286
TRACK A20110117560177 E135 394360 861800 120 30 999 NONE NONE 180
	FP_ROUTE KIND..KMKE

TRACK_TIME 1167737286
TRACK A20110117560187 E170 385860 772700 120 30 999 NONE NONE 200
	FP_ROUTE KIAD..KPIT

TRACK_TIME 1167737286
TRACK A20110117560193 CRJ2 385860 772700 120 30 999 NONE NONE 270
	FP_ROUTE KIAD..KROC

TRACK_TIME 1167737286
TRACK A20110117560196 B733 414500 874360 120 30 999 NONE NONE 340
	FP_ROUTE KMDW..KMCI

TRACK_TIME 1167737286
TRACK A20110117560197 B737 394960 1044660 120 30 999 NONE NONE 400
	FP_ROUTE KDEN..KLAX

TRACK_TIME 1167737286
TRACK A20110117560200 B738 472560 1221900 120 30 999 NONE NONE 370
	FP_ROUTE KSEA..KLAX

TRACK_TIME 1167737286
TRACK A20110117560201 B738 360460 864360 120 30 999 NONE NONE 300
	FP_ROUTE KBNA..KDFW

TRACK_TIME 1167737286
TRACK A20110117560203 B733 390760 764000 120 30 999 NONE NONE 340
	FP_ROUTE KBWI..KMDW

TRACK_TIME 1167737286
TRACK A20110117560205 B737 335700 1182700 120 30 999 NONE NONE 380
	FP_ROUTE KLAX..KSJC

TRACK_TIME 1167737286
TRACK A20110117560206 FA50 301960 972260 120 30 999 NONE NONE 370
	FP_ROUTE KAUS..KMWO

TRACK_TIME 1167737286
TRACK A20110117560211 FA50 393460 841900 120 30 999 NONE NONE 220
	FP_ROUTE KMWO..KARR

TRACK_TIME 1167737286
TRACK A20110117560213 B734 351360 805700 120 30 999 NONE NONE 339
	FP_ROUTE KCLT..KMIA

TRACK_TIME 1167737286
TRACK A20110117560214 CRJ2 404800 735200 120 30 999 NONE NONE 300
	FP_ROUTE KLGA..KCHS

TRACK_TIME 1167737286
TRACK A20110117560221 CRJ2 404900 735200 120 30 999 NONE NONE 300
	FP_ROUTE KLGA..KCLT

TRACK_TIME 1167737286
TRACK A20110117560225 A320 395100 1044500 120 30 999 NONE NONE 160
	FP_ROUTE KDEN..KEGE

TRACK_TIME 1167737286
TRACK A20110117560240 E135 425560 875400 120 30 999 NONE NONE 260
	FP_ROUTE KMKE..KDSM

TRACK_TIME 1167737286
TRACK A20110117560241 CRJ2 351200 1014360 120 30 999 NONE NONE 330
	FP_ROUTE KAMA..KMEM

TRACK_TIME 1167737286
TRACK A20110117560242 B737 360600 1150900 120 30 999 NONE NONE 280
	FP_ROUTE KLAS..KLAX

TRACK_TIME 1167737286
TRACK A20110117560243 E170 391500 945400 120 30 999 NONE NONE 360
	FP_ROUTE KMCI..KAUS

TRACK_TIME 1167737286
TRACK A20110117560245 B763 360700 1150900 120 30 999 NONE NONE 350
	FP_ROUTE KLAS..KATL

TRACK_TIME 1167737286
TRACK A20110117560249 F900 410460 734500 120 30 999 NONE NONE 400
	FP_ROUTE KHPN..KDAL

TRACK_TIME 1167737286
TRACK A20110117560253 DH8A 395260 751300 120 30 999 NONE NONE 80
	FP_ROUTE KPHL..KLGA

TRACK_TIME 1167737286
TRACK A20110117560256 B752 254800 801900 120 30 999 NONE NONE 380
	FP_ROUTE KMIA..KDEN

TRACK_TIME 1167737286
TRACK A20110117560265 LJ45 335860 1183000 120 30 999 NONE NONE 320
	FP_ROUTE KSMO..KSCK

TRACK_TIME 1167737286
TRACK A20110117560266 B734 351360 805560 120 30 999 NONE NONE 340
	FP_ROUTE KCLT..KTPA

TRACK_TIME 1167737286
TRACK A20110117560276 B737 394360 1043460 120 30 999 NONE NONE 390
	FP_ROUTE KDEN..KIAD

TRACK_TIME 1167737286
TRACK A20110117560277 B712 395500 841000 120 30 999 NONE NONE 310
	FP_ROUTE KDAY..KBWI

TRACK_TIME 1167737286
TRACK A20110117560281 CRJ2 395500 751500 120 30 999 NONE NONE 40
	FP_ROUTE KPHL..KABE

TRACK_TIME 1167737286
TRACK A20110117560284 B738 325800 970400 120 30 999 NONE NONE 320
	FP_ROUTE KDFW..KLAX

TRACK_TIME 1167737286
TRACK A20110117560285 B737 293760 951600 120 30 999 NONE NONE 390
	FP_ROUTE KHOU..KPHL

TRACK_TIME 1167737286
TRACK A20110117560288 B733 372260 1215700 120 30 999 NONE NONE 370
	FP_ROUTE KSJC..KSAN

TRACK_TIME 1167737286
TRACK A20110117560290 LJ35 264060 800300 120 30 999 NONE NONE 410
	FP_ROUTE KPBI..KTEB

TRACK_TIME 1167737286
TRACK A20110117560294 A320 282500 811900 120 30 999 NONE NONE 330
	FP_ROUTE KMCO..KCLT

TRACK_TIME 1167737286
TRACK A20110117560301 B735 404300 740900 120 30 999 NONE NONE 300
	FP_ROUTE KEWR..KCLE

TRACK_TIME 1167737286
TRACK A20110117560302 MD83 282700 811900 120 30 999 NONE NONE 290
	FP_ROUTE KMCO..KTYS

TRACK_TIME 1167737286
TRACK A20110117560303 CRJ2 373760 1222200 120 30 999 NONE NONE 340
	FP_ROUTE KSFO..KPDX

TRACK_TIME 1167737286
TRACK A20110117560307 A320 360600 1150900 120 30 999 NONE NONE 350
	FP_ROUTE KLAS..KORD

TRACK_TIME 1167737286
TRACK A20110117560309 B733 360700 1150900 120 30 999 NONE NONE 331
	FP_ROUTE KLAS..KHOU

TRACK_TIME 1167737286
TRACK A20110117560312 B737 333760 842260 120 30 999 NONE NONE 390
	FP_ROUTE KATL..KPHL

TRACK_TIME 1167737286
TRACK A20110117560314 B737 333900 842200 120 30 999 NONE NONE 380
	FP_ROUTE KATL..KIND

TRACK_TIME 1167737286
TRACK A20110117560323 BE20 385500 1193700 120 30 999 NONE NONE 250
	FP_ROUTE KCXP..KSAN

TRACK_TIME 1167737286
TRACK A20110117560330 B737 425700 712700 120 30 999 NONE NONE 340
	FP_ROUTE KMHT..KBWI

TRACK_TIME 1167737286
TRACK A20110117560332 E145 404360 740700 120 30 999 NONE NONE 300
	FP_ROUTE KEWR..KGSO

TRACK_TIME 1167737286
TRACK A20110117560333 B737 391000 764300 120 30 999 NONE NONE 320
	FP_ROUTE KBWI..KCMH

TRACK_TIME 1167737286
TRACK A20110117560334 CRJ2 421060 832200 120 30 999 NONE NONE 250
	FP_ROUTE KDTW..KUNV

TRACK_TIME 1167737286
TRACK A20110117560336 SW4 394900 1043760 120 30 999 NONE NONE 190
	FP_ROUTE KDEN..KLBF

TRACK_TIME 1167737286
TRACK A20110117560339 B752 335560 1182700 120 30 999 NONE NONE 350
	FP_ROUTE KLAX..KJFK

TRACK_TIME 1167737286
TRACK A20110117560341 B734 332560 1120300 120 30 999 NONE NONE 320
	FP_ROUTE KPHX..KPDX

TRACK_TIME 1167737286
TRACK A20110117560342 B752 211900 1575260 120 30 999 NONE NONE 370
	FP_ROUTE KHNL..KPHX

TRACK_TIME 1167737286
TRACK A20110117560349 E145 355260 784660 120 30 999 NONE NONE 240
	FP_ROUTE KRDU..KPIT

TRACK_TIME 1167737286
TRACK A20110117560351 E135 325500 970160 120 30 999 NONE NONE 210
	FP_ROUTE KDFW..KSHV

TRACK_TIME 1167737286
TRACK A20110117560352 B712 334000 843100 120 30 999 NONE NONE 290
	FP_ROUTE KATL..KDCA

TRACK_TIME 1167737286
TRACK A20110117560356 B712 395500 841060 120 30 999 NONE NONE 350
	FP_ROUTE KDAY..KBWI

TRACK_TIME 1167737286
TRACK A20110117560357 E145 355260 784660 120 30 999 NONE NONE 250
	FP_ROUTE KRDU..KEWR

TRACK_TIME 1167737286
TRACK A20110117560358 MD82 325400 970160 120 30 999 NONE NONE 270
	FP_ROUTE KDFW..KRIC

TRACK_TIME 1167737286
TRACK A20110117560359 A320 472560 1221900 120 30 999 NONE NONE 370
	FP_ROUTE KSEA..KSFO

TRACK_TIME 1167737286
TRACK A20110117560364 B752 333900 842260 120 30 999 NONE NONE 380
	FP_ROUTE KATL..KMSP

TRACK_TIME 1167737286
TRACK A20110117560368 CL60 473100 1221660 120 30 999 NONE NONE 390
	FP_ROUTE KBFI..KOAK

TRACK_TIME 1167737286
TRACK A20110117560374 B712 391060 764500 120 30 999 NONE NONE 230
	FP_ROUTE KBWI..KROC

TRACK_TIME 1167737286
TRACK A20110117560375 B752 333760 842260 120 30 999 NONE NONE 380
	FP_ROUTE KATL..KLGA

TRACK_TIME 1167737286
TRACK A20110117560379 SF34 295800 952100 120 30 999 NONE NONE 119
	FP_ROUTE KIAH..KACT

TRACK_TIME 1167737286
TRACK A20110117560382 E170 385500 770600 120 30 999 NONE NONE 320
	FP_ROUTE KDCA..KHSV

TRACK_TIME 1167737286
TRACK A20110117560388 B752 422200 710100 120 30 999 NONE NONE 320
	FP_ROUTE KBOS..KMIA

TRACK_TIME 1167737286
TRACK A20110117560395 A319 421200 832200 120 30 999 NONE NONE 380
	FP_ROUTE KDTW..KDEN

TRACK_TIME 1167737286
TRACK A20110117560396 B734 611800 1500100 120 30 999 NONE NONE 250
	FP_ROUTE KANC..KCDV

TRACK_TIME 1167737286
TRACK A20110117560401 B738 403600 734800 120 30 999 NONE NONE 380
	FP_ROUTE KJFK..KDEN

TRACK_TIME 1167737286
TRACK A20110117560405 E135 355260 784660 120 30 999 NONE NONE 290
	FP_ROUTE KRDU..KLGA

TRACK_TIME 1167737286
TRACK A20110117560406 E170 445200 931300 120 30 999 NONE NONE 290
	FP_ROUTE KMSP..KMKE

TRACK_TIME 1167737286
TRACK A20110117560407 CRJ9 445100 931360 120 30 999 NONE NONE 330
	FP_ROUTE KMSP..KRDU

TRACK_TIME 1167737286
TRACK A20110117560409 B712 422260 710100 120 30 999 NONE NONE 340
	FP_ROUTE KBOS..KCAK

TRACK_TIME 1167737286
TRACK A20110117560413 A320 421060 832400 120 30 999 NONE NONE 360
	FP_ROUTE KDTW..KLAS

TRACK_TIME 1167737286
TRACK A20110117560415 E145 325700 970300 120 30 999 NONE NONE 310
	FP_ROUTE KDFW..KCID

TRACK_TIME 1167737286
TRACK A20110117560416 B752 403900 735100 120 30 999 NONE NONE 400
	FP_ROUTE KJFK..KLAX

TRACK_TIME 1167737286
TRACK A20110117560417 E170 425560 875400 120 30 999 NONE NONE 300
	FP_ROUTE KMKE..KMCI

TRACK_TIME 1167737286
TRACK A20110117560418 MD83 360700 1150900 120 30 999 NONE NONE 320
	FP_ROUTE KLAS..KTWF

TRACK_TIME 1167737286
TRACK A20110117560420 E120 472700 1221800 120 30 999 NONE NONE 110
	FP_ROUTE KSEA..KGEG

TRACK_TIME 1167737286
TRACK A20110117560421 E145 415860 875260 120 30 999 NONE NONE 330
	FP_ROUTE KORD..KHSV

TRACK_TIME 1167737286
TRACK A20110117560422 E120 473700 1173160 120 30 999 NONE NONE 200
	FP_ROUTE KGEG..KSEA

TRACK_TIME 1167737286
TRACK A20110117560424 B733 414800 874600 120 30 999 NONE NONE 330
	FP_ROUTE KMDW..KBNA

TRACK_TIME 1167737286
TRACK A20110117560425 B738 295700 952100 120 30 999 NONE NONE 220
	FP_ROUTE KIAH..KSAT

TRACK_TIME 1167737286
TRACK A20110117560426 DH8D 472560 1221800 120 30 999 NONE NONE 190
	FP_ROUTE KSEA..KGEG

TRACK_TIME 1167737286
TRACK A20110117560427 B737 360900 864000 120 30 999 NONE NONE 330
	FP_ROUTE KBNA..KMDW

TRACK_TIME 1167737286
TRACK A20110117560428 B737 414360 874960 120 30 999 NONE NONE 360
	FP_ROUTE KMDW..KOMA

TRACK_TIME 1167737286
TRACK A20110117560429 E145 421200 832200 120 30 999 NONE NONE 230
	FP_ROUTE KDTW..KROC

TRACK_TIME 1167737286
TRACK A20110117560431 B752 385800 773000 120 30 999 NONE NONE 330
	FP_ROUTE KIAD..KBOS

TRACK_TIME 1167737286
TRACK A20110117560432 E145 295700 951960 120 30 999 NONE NONE 260
	FP_ROUTE KIAH..KBRO

TRACK_TIME 1167737286
TRACK A20110117560433 E135 342560 1195200 120 30 999 NONE NONE 110
	FP_ROUTE KSBA..KLAX

TRACK_TIME 1167737286
TRACK A20110117560435 DH8A 404800 735200 120 30 999 NONE NONE 141
	FP_ROUTE KLGA..KBWI

TRACK_TIME 1167737286
TRACK A20110117560437 CRJ2 395100 751800 120 30 999 NONE NONE 280
	FP_ROUTE KPHL..KCAK

TRACK_TIME 1167737286
TRACK A20110117560438 B752 403400 734900 120 30 999 NONE NONE 360
	FP_ROUTE KJFK..KSLC

TRACK_TIME 1167737286
TRACK A20110117560440 E145 420100 875560 120 30 999 NONE NONE 220
	FP_ROUTE KORD..KGRB

TRACK_TIME 1167737286
TRACK A20110117560443 CRJ9 395200 751660 120 30 999 NONE NONE 120
	FP_ROUTE KPHL..KDTW

TRACK_TIME 1167737286
TRACK A20110117560450 CRJ2 415860 875200 120 30 999 NONE NONE 110
	FP_ROUTE KORD..KCVG

TRACK_TIME 1167737286
TRACK A20110117560452 E145 443400 880600 120 30 999 NONE NONE 170
	FP_ROUTE KGRB..KSAW

TRACK_TIME 1167737286
TRACK A20110117560457 E135 325500 970160 120 30 999 NONE NONE 290
	FP_ROUTE KDFW..KAEX

TRACK_TIME 1167737286
TRACK A20110117560459 DH8D 472560 1221800 120 30 999 NONE NONE 210
	FP_ROUTE KSEA..KEUG

TRACK_TIME 1167737286
TRACK A20110117560462 MD82 415700 874960 120 30 999 NONE NONE 360
	FP_ROUTE KORD..KAUS

TRACK_TIME 1167737286
TRACK A20110117560469 B737 282400 811800 120 30 999 NONE NONE 390
	FP_ROUTE KMCO..KPIT

TRACK_TIME 1167737286
TRACK A20110117560470 B737 422200 710100 120 30 999 NONE NONE 280
	FP_ROUTE KBOS..KPHL

TRACK_TIME 1167737286
TRACK A20110117560473 SF34 454660 880700 120 30 999 NONE NONE 70
	FP_ROUTE KIMT..KESC

TRACK_TIME 1167737286
TRACK A20110117560476 E135 372400 1215800 120 30 999 NONE NONE 290
	FP_ROUTE KSJC..KLAX

TRACK_TIME 1167737286
TRACK A20110117560478 CRJ2 334000 843000 120 30 999 NONE NONE 310
	FP_ROUTE KATL..KMDT

TRACK_TIME 1167737286
TRACK A20110117560481 B737 263000 814800 120 30 999 NONE NONE 131
	FP_ROUTE KRSW..KMCO

TRACK_TIME 1167737286
TRACK A20110117560485 MD82 335500 1182800 120 30 999 NONE NONE 220
	FP_ROUTE KLAX..KSFO

TRACK_TIME 1167737286
TRACK A20110117560487 A320 332560 1115860 120 30 999 NONE NONE 350
	FP_ROUTE KPHX..KORD

TRACK_TIME 1167737286
TRACK A20110117560493 E145 295700 952100 120 30 999 NONE NONE 290
	FP_ROUTE KIAH..KGPT

TRACK_TIME 1167737286
TRACK A20110117560494 E190 420000 875200 120 30 999 NONE NONE 370
	FP_ROUTE KORD..KJFK

TRACK_TIME 1167737286
TRACK A20110117560500 MD82 384360 901660 120 30 999 NONE NONE 370
	FP_ROUTE KSTL..KLGA

TRACK_TIME 1167737286
TRACK A20110117560504 B738 472500 1221900 120 30 999 NONE NONE 370
	FP_ROUTE KSEA..KLAX

TRACK_TIME 1167737286
TRACK A20110117560507 B738 295700 952100 120 30 999 NONE NONE 370
	FP_ROUTE KIAH..KPHL

TRACK_TIME 1167737286
TRACK A20110117560508 SF34 454300 870600 120 30 999 NONE NONE 170
	FP_ROUTE KESC..KDTW

TRACK_TIME 1167737286
TRACK A20110117560510 E190 422200 710100 120 30 999 NONE NONE 320
	FP_ROUTE KBOS..KDCA

TRACK_TIME 1167737286
TRACK A20110117560512 CRJ2 373900 1222200 120 30 999 NONE NONE 270
	FP_ROUTE KSFO..KPSP

TRACK_TIME 1167737286
TRACK A20110117560518 CRJ2 435260 910600 120 30 999 NONE NONE 330
	FP_ROUTE KLSE..KDTW

TRACK_TIME 1167737286
TRACK A20110117560522 DH8D 384060 1213600 120 30 999 NONE NONE 110
	FP_ROUTE KSMF..KSJC

TRACK_TIME 1167737286
TRACK A20110117560524 E145 404300 740900 120 30 999 NONE NONE 300
	FP_ROUTE KEWR..KGSP

TRACK_TIME 1167737286
TRACK A20110117560525 B738 325560 970160 120 30 999 NONE NONE 310
	FP_ROUTE KDFW..KBDL

TRACK_TIME 1167737286
TRACK A20110117560526 F2TH 264060 800700 120 30 999 NONE NONE 410
	FP_ROUTE KPBI..KGAI

TRACK_TIME 1167737286
TRACK A20110117560532 A320 334960 1181060 120 30 999 NONE NONE 320
	FP_ROUTE KLGB..KSMF

TRACK_TIME 1167737286
TRACK A20110117560534 SF34 385860 773300 120 30 999 NONE NONE 90
	FP_ROUTE KIAD..KHPN

TRACK_TIME 1167737286
TRACK A20110117560535 CRJ2 303300 910760 120 30 999 NONE NONE 290
	FP_ROUTE KBTR..KATL

TRACK_TIME 1167737286
TRACK A20110117560539 E145 354800 840100 120 30 999 NONE NONE 340
	FP_ROUTE KTYS..KORD

TRACK_TIME 1167737286
TRACK A20110117560541 DH8D 372200 1215560 120 30 999 NONE NONE 250
	FP_ROUTE KSJC..KBOI

TRACK_TIME 1167737286
TRACK A20110117560542 B752 404300 740900 120 30 999 NONE NONE 400
	FP_ROUTE KEWR..KMCO

TRACK_TIME 1167737286
TRACK A20110117560548 CRJ2 395200 751360 120 30 999 NONE NONE 40
	FP_ROUTE KPHL..KABE

TRACK_TIME 1167737286
TRACK A20110117560550 DH8D 453600 1223700 120 30 999 NONE NONE 250
	FP_ROUTE KPDX..KSMF

TRACK_TIME 1167737286
TRACK A20110117560553 DH8D 472700 1221900 120 30 999 NONE NONE 24
	FP_ROUTE KSEA..KPDX

TRACK_TIME 1167737286
TRACK A20110117560556 A319 415800 875560 120 30 999 NONE NONE 360
	FP_ROUTE KORD..KSEA

TRACK_TIME 1167737286
TRACK A20110117560557 B738 325100 970160 120 30 999 NONE NONE 370
	FP_ROUTE KDFW..KFLL

TRACK_TIME 1167737286
TRACK A20110117560561 D328 333700 1144660 120 30 999 NONE NONE 300
	FP_ROUTE KNYL..KBFI

TRACK_TIME 1167737286
TRACK A20110117560563 B738 335500 1182800 120 30 999 NONE NONE 370
	FP_ROUTE KLAX..KATL

TRACK_TIME 1167737286
TRACK A20110117560565 MD83 354600 840160 120 30 999 NONE NONE 330
	FP_ROUTE KTYS..KPIE

TRACK_TIME 1167737286
TRACK A20110117560567 A320 264600 800160 120 30 999 NONE NONE 370
	FP_ROUTE KPBI..KBOS

TRACK_TIME 1167737286
TRACK A20110117560569 B733 374360 1221600 120 30 999 NONE NONE 350
	FP_ROUTE KOAK..KABQ

TRACK_TIME 1167737286
TRACK A20110117560570 B733 350000 1063300 120 30 999 NONE NONE 330
	FP_ROUTE KABQ..KDAL

TRACK_TIME 1167737286
TRACK A20110117560572 F2TH 261200 801000 120 30 999 NONE NONE 410
	FP_ROUTE KFXE..KDAY

TRACK_TIME 1167737286
TRACK A20110117560575 E170 325500 800400 120 30 999 NONE NONE 310
	FP_ROUTE KCHS..KDCA

TRACK_TIME 1167737286
TRACK A20110117560577 E190 442560 730760 120 30 999 NONE NONE 360
	FP_ROUTE KBTV..KMCO

TRACK_TIME 1167737286
TRACK A20110117560578 B733 325200 965200 120 30 999 NONE NONE 370
	FP_ROUTE KDAL..KMSY

TRACK_TIME 1167737286
TRACK A20110117560580 B738 333760 842860 120 30 999 NONE NONE 370
	FP_ROUTE KATL..KJFK

TRACK_TIME 1167737286
TRACK A20110117560581 B737 360600 1150900 120 30 999 NONE NONE 390
	FP_ROUTE KLAS..KMCO

TRACK_TIME 1167737286
TRACK A20110117560582 B752 360700 1150900 120 30 999 NONE NONE 370
	FP_ROUTE KLAS..KORD

TRACK_TIME 1167737286
TRACK A20110117560590 CRJ2 460000 1123600 120 30 999 NONE NONE 270
	FP_ROUTE KBTM..KSLC

TRACK_TIME 1167737286
TRACK A20110117560598 B738 324360 1171360 120 30 999 NONE NONE 370
	FP_ROUTE KSAN..KJFK

TRACK_TIME 1167737286
TRACK A20110117560602 E170 391360 944660 120 30 999 NONE NONE 109
	FP_ROUTE KMCI..KMSP

TRACK_TIME 1167737286
TRACK A20110117560604 B763 421200 832260 120 30 999 NONE NONE 400
	FP_ROUTE KDTW..KLAX

TRACK_TIME 1167737286
TRACK A20110117560605 B753 295860 951800 120 30 999 NONE NONE 310
	FP_ROUTE KIAH..KEWR

TRACK_TIME 1167737286
TRACK A20110117560607 DH8D 404360 740760 120 30 999 NONE NONE 170
	FP_ROUTE KEWR..KBOS

TRACK_TIME 1167737286
TRACK A20110117560610 B739 373760 1222100 120 30 999 NONE NONE 350
	FP_ROUTE KSFO..KIAH

TRACK_TIME 1167737286
TRACK A20110117560611 B737 411800 955400 120 30 999 NONE NONE 400
	FP_ROUTE KOMA..KDEN

TRACK_TIME 1167737286
TRACK A20110117560614 B752 325200 970160 120 30 999 NONE NONE 370
	FP_ROUTE KDFW..KMIA

TRACK_TIME 1167737286
TRACK A20110117560615 CRJ2 425500 875400 120 30 999 NONE NONE 260
	FP_ROUTE KMKE..KSTL

TRACK_TIME 1167737286
TRACK A20110117560616 B737 293300 982700 120 30 999 NONE NONE 390
	FP_ROUTE KSAT..KBNA

TRACK_TIME 1167737286
TRACK A20110117560617 B739 412400 815260 120 30 999 NONE NONE 340
	FP_ROUTE KCLE..KLAX

TRACK_TIME 1167737286
TRACK A20110117560625 B712 422200 710100 120 30 999 NONE NONE 340
	FP_ROUTE KBOS..KPHF

TRACK_TIME 1167737286
TRACK A20110117560631 B737 383760 1213100 120 30 999 NONE NONE 410
	FP_ROUTE KSMF..KLAX

TRACK_TIME 1167737286
TRACK A20110117560632 B737 335500 1182800 120 30 999 NONE NONE 350
	FP_ROUTE KLAX..KPHX

TRACK_TIME 1167737286
TRACK A20110117560634 B737 332560 1120160 120 30 999 NONE NONE 390
	FP_ROUTE KPHX..KMKE

TRACK_TIME 1167737286
TRACK A20110117560643 B738 324500 1171360 120 30 999 NONE NONE 389
	FP_ROUTE KSAN..KJFK

TRACK_TIME 1167737286
TRACK A20110117560648 E190 403900 734960 120 30 999 NONE NONE 170
	FP_ROUTE KJFK..KBOS

TRACK_TIME 1167737286
TRACK A20110117560665 CRJ2 351360 805560 120 30 999 NONE NONE 200
	FP_ROUTE KCLT..KAGS

TRACK_TIME 1167737286
TRACK A20110117560666 CRJ2 332800 820000 120 30 999 NONE NONE 50
	FP_ROUTE KAGS..KCLT

TRACK_TIME 1167737286
TRACK A20110117560685 CRJ1 421060 832200 120 30 999 NONE NONE 270
	FP_ROUTE KDTW..KMDT

TRACK_TIME 1167737286
TRACK A20110117560688 CRJ2 395200 751660 120 30 999 NONE NONE 140
	FP_ROUTE KPHL..KUNV

TRACK_TIME 1167737286
TRACK A20110117560694 CRJ2 351200 805700 120 30 999 NONE NONE 220
	FP_ROUTE KCLT..KCRW

TRACK_TIME 1167737286
TRACK A20110117560695 E145 403900 734960 120 30 999 NONE NONE 320
	FP_ROUTE KJFK..KCLT

TRACK_TIME 1167737286
TRACK A20110117560701 B737 383900 1213300 120 30 999 NONE NONE 410
	FP_ROUTE KSMF..KPHX

TRACK_TIME 1167737286
TRACK A20110117560703 B712 211900 1575260 120 30 999 NONE NONE 130
	FP_ROUTE KHNL..KOGG

TRACK_TIME 1167737286
TRACK A20110117560709 B738 282500 811900 120 30 999 NONE NONE 380
	FP_ROUTE KMCO..KMSP

TRACK_TIME 1167737286
TRACK A20110117560711 B737 332560 1120160 120 30 999 NONE NONE 300
	FP_ROUTE KPHX..KSNA

TRACK_TIME 1167737286
TRACK A20110117560712 B733 360760 1150760 120 30 999 NONE NONE 350
	FP_ROUTE KLAS..KBOI

TRACK_TIME 1167737286
TRACK A20110117560717 B737 333760 1175260 120 30 999 NONE NONE 400
	FP_ROUTE KSNA..KOAK

TRACK_TIME 1167737286
TRACK A20110117560718 F2TH 421200 711060 120 30 999 NONE NONE 430
	FP_ROUTE KOWD..KBNA

TRACK_TIME 1167737286
TRACK A20110117560724 B738 325500 970300 120 30 999 NONE NONE 280
	FP_ROUTE KDFW..KSEA

TRACK_TIME 1167737286
TRACK A20110117560727 E145 295700 952100 120 30 999 NONE NONE 350
	FP_ROUTE KIAH..KJAN

TRACK_TIME 1167737286
TRACK A20110117560728 A320 394660 1043900 120 30 999 NONE NONE 340
	FP_ROUTE KDEN..KABQ

TRACK_TIME 1167737286
TRACK A20110117560731 MD82 360700 1150900 120 30 999 NONE NONE 330
	FP_ROUTE KLAS..KGRR

TRACK_TIME 1167737286
TRACK A20110117560738 B752 254800 801660 120 30 999 NONE NONE 400
	FP_ROUTE KMIA..KSTL

TRACK_TIME 1167737286
TRACK A20110117560742 CRJ1 421200 832200 120 30 999 NONE NONE 310
	FP_ROUTE KDTW..KRIC

TRACK_TIME 1167737286
TRACK A20110117560744 B738 422200 705860 120 30 999 NONE NONE 320
	FP_ROUTE KBOS..KIAH

TRACK_TIME 1167737286
TRACK A20110117560745 A319 332560 1120300 120 30 999 NONE NONE 310
	FP_ROUTE KPHX..KDEN

TRACK_TIME 1167737286
TRACK A20110117560748 A320 422200 710100 120 30 999 NONE NONE 360
	FP_ROUTE KBOS..KDEN

TRACK_TIME 1167737286
TRACK A20110117560752 B744 610760 1501000 120 30 999 NONE NONE 350
	FP_ROUTE KANC..KLAX

TRACK_TIME 1167737286
TRACK A20110117560759 BE20 393400 1045700 120 30 999 NONE NONE 190
	FP_ROUTE KAPA..KGJT

TRACK_TIME 1167737286
TRACK A20110117560765 CRJ2 321500 900000 120 30 999 NONE NONE 310
	FP_ROUTE KJAN..KCLT

TRACK_TIME 1167737286
TRACK A20110117560768 MD83 261000 981360 120 30 999 NONE NONE 270
	FP_ROUTE KMFE..KDFW

TRACK_TIME 1167737286
TRACK A20110117560770 A319 335560 1182800 120 30 999 NONE NONE 370
	FP_ROUTE KLAX..KDEN

TRACK_TIME 1167737286
TRACK A20110117560775 MD83 360700 1150900 120 30 999 NONE NONE 330
	FP_ROUTE KLAS..KDFW

TRACK_TIME 1167737286
TRACK A20110117560776 B737 332560 1120000 120 30 999 NONE NONE 300
	FP_ROUTE KPHX..KLAS

TRACK_TIME 1167737286
TRACK A20110117560778 A320 360700 1150900 120 30 999 NONE NONE 350
	FP_ROUTE KLAS..KCVG

TRACK_TIME 1167737286
TRACK A20110117560779 A320 385560 773300 120 30 999 NONE NONE 340
	FP_ROUTE KIAD..KLAX

TRACK_TIME 1167737286
TRACK A20110117560780 B737 360700 1150900 120 30 999 NONE NONE 340
	FP_ROUTE KLAS..KRNO

TRACK_TIME 1167737286
TRACK A20110117560781 B737 393300 1194660 120 30 999 NONE NONE 220
	FP_ROUTE KRNO..KOAK

TRACK_TIME 1167737286
TRACK A20110117560782 B737 374360 1221600 120 30 999 NONE NONE 410
	FP_ROUTE KOAK..KSNA

TRACK_TIME 1167737286
TRACK A20110117560786 E190 391000 764300 120 30 999 NONE NONE 90
	FP_ROUTE KBWI..KPHL

TRACK_TIME 1167737286
TRACK A20110117560787 CRJ2 333900 842800 120 30 999 NONE NONE 290
	FP_ROUTE KATL..KCLE

TRACK_TIME 1167737286
TRACK A20110117560793 CRJ2 335500 1182800 120 30 999 NONE NONE 330
	FP_ROUTE KLAX..KABQ

TRACK_TIME 1167737286
TRACK A20110117560797 B752 325260 970160 120 30 999 NONE NONE 390
	FP_ROUTE KDFW..KATL

TRACK_TIME 1167737286
TRACK A20110117560806 E190 263000 814960 120 30 999 NONE NONE 370
	FP_ROUTE KRSW..KHPN

TRACK_TIME 1167737286
TRACK A20110117560811 B735 412560 815100 120 30 999 NONE NONE 300
	FP_ROUTE KCLE..KIAH

TRACK_TIME 1167737286
TRACK A20110117560812 B737 360600 1150900 120 30 999 NONE NONE 320
	FP_ROUTE KLAS..KSJC

TRACK_TIME 1167737286
TRACK A20110117560813 C550 334600 1161900 120 30 999 NONE NONE 360
	FP_ROUTE KUDD..KSMF

TRACK_TIME 1167737286
TRACK A20110117560814 DH8A 404500 735100 120 30 999 NONE NONE 170
	FP_ROUTE KLGA..KBTV

TRACK_TIME 1167737286
TRACK A20110117560819 B734 415500 875400 120 30 999 NONE NONE 330
	FP_ROUTE KORD..KCLT

TRACK_TIME 1167737286
TRACK A20110117560821 CRJ9 341000 1182200 120 30 999 NONE NONE 330
	FP_ROUTE KBUR..KPHX

TRACK_TIME 1167737286
TRACK A20110117560822 B737 372260 1215560 120 30 999 NONE NONE 390
	FP_ROUTE KSJC..KSNA

TRACK_TIME 1167737286
TRACK A20110117560825 B737 332560 1120160 120 30 999 NONE NONE 300
	FP_ROUTE KPHX..KONT

TRACK_TIME 1167737286
TRACK A20110117560826 B734 351360 805700 120 30 999 NONE NONE 320
	FP_ROUTE KCLT..KFLL

TRACK_TIME 1167737286
TRACK A20110117560827 MD82 415560 875500 120 30 999 NONE NONE 340
	FP_ROUTE KORD..KDFW

TRACK_TIME 1167737286
TRACK A20110117560829 B712 425560 875400 120 30 999 NONE NONE 109
	FP_ROUTE KMKE..KMSP

TRACK_TIME 1167737286
TRACK A20110117560832 DH8A 404800 735200 120 30 999 NONE NONE 121
	FP_ROUTE KLGA..KITH

TRACK_TIME 1167737286
TRACK A20110117560837 B734 351500 805560 120 30 999 NONE NONE 330
	FP_ROUTE KCLT..KBDL

TRACK_TIME 1167737286
TRACK A20110117560840 B763 205400 1562500 120 30 999 NONE NONE 390
	FP_ROUTE KOGG..KPDX

TRACK_TIME 1167737286
TRACK A20110117560851 B737 282500 811800 120 30 999 NONE NONE 390
	FP_ROUTE KMCO..KCMH

TRACK_TIME 1167737286
TRACK A20110117560852 B737 400000 825260 120 30 999 NONE NONE 290
	FP_ROUTE KCMH..KBWI

TRACK_TIME 1167737286
TRACK A20110117560853 B712 333900 842860 120 30 999 NONE NONE 320
	FP_ROUTE KATL..KMEM

TRACK_TIME 1167737286
TRACK A20110117560854 B737 390760 763900 120 30 999 NONE NONE 380
	FP_ROUTE KBWI..KABQ

TRACK_TIME 1167737286
TRACK A20110117560857 A319 395700 841360 120 30 999 NONE NONE 320
	FP_ROUTE KDAY..KDEN

TRACK_TIME 1167737286
TRACK A20110117560859 B737 350160 1063900 120 30 999 NONE NONE 390
	FP_ROUTE KABQ..KHOU

TRACK_TIME 1167737286
TRACK A20110117560861 B752 333760 842260 120 30 999 NONE NONE 370
	FP_ROUTE KATL..KPBI

TRACK_TIME 1167737286
TRACK A20110117560863 CRJ2 373760 1222200 120 30 999 NONE NONE 310
	FP_ROUTE KSFO..KPSP

TRACK_TIME 1167737286
TRACK A20110117560864 E120 395100 1044600 120 30 999 NONE NONE 261
	FP_ROUTE KDEN..KGCC

TRACK_TIME 1167737286
TRACK A20110117560865 A319 395260 1043400 120 30 999 NONE NONE 370
	FP_ROUTE KDEN..KSDF

TRACK_TIME 1167737286
TRACK A20110117560866 A319 395260 1043300 120 30 999 NONE NONE 370
	FP_ROUTE KDEN..KFLL

TRACK_TIME 1167737286
TRACK A20110117560872 MD83 413100 934060 120 30 999 NONE NONE 320
	FP_ROUTE KDSM..KLAS

TRACK_TIME 1167737286
TRACK A20110117560877 A321 395200 751600 120 30 999 NONE NONE 280
	FP_ROUTE KPHL..KMCO

TRACK_TIME 1167737286
TRACK A20110117560879 CRJ2 394960 1043760 120 30 999 NONE NONE 270
	FP_ROUTE KDEN..KRAP

TRACK_TIME 1167737286
TRACK A20110117560881 B738 360700 1150900 120 30 999 NONE NONE 370
	FP_ROUTE KLAS..KMSP

TRACK_TIME 1167737286
TRACK A20110117560883 MD83 472800 1112260 120 30 999 NONE NONE 310
	FP_ROUTE KGTF..KIWA

TRACK_TIME 1167737286
TRACK A20110117560884 CRJ2 422200 710100 120 30 999 NONE NONE 260
	FP_ROUTE KBOS..KBUF

TRACK_TIME 1167737286
TRACK A20110117560887 E145 384360 901500 120 30 999 NONE NONE 120
	FP_ROUTE KSTL..KORD

TRACK_TIME 1167737286
TRACK A20110117560889 E120 431800 1141300 120 30 999 NONE NONE 110
	FP_ROUTE KSUN..KSLC

TRACK_TIME 1167737286
TRACK A20110117560891 B737 395200 751360 120 30 999 NONE NONE 290
	FP_ROUTE KPHL..KPVD

TRACK_TIME 1167737286
TRACK A20110117560894 B763 334000 842100 120 30 999 NONE NONE 390
	FP_ROUTE KATL..KDTW

TRACK_TIME 1167737286
TRACK A20110117560898 CRJ9 332560 1120300 120 30 999 NONE NONE 360
	FP_ROUTE KPHX..KSLC

TRACK_TIME 1167737286
TRACK A20110117560899 C750 300760 974300 120 30 999 NONE NONE 430
	FP_ROUTE KAUS..KOAK

TRACK_TIME 1167737286
TRACK A20110117560900 E135 380300 843600 120 30 999 NONE NONE 340
	FP_ROUTE KLEX..KDFW

TRACK_TIME 1167737286
TRACK A20110117560902 B737 414360 712560 120 30 999 NONE NONE 400
	FP_ROUTE KPVD..KMCO

TRACK_TIME 1167737286
TRACK A20110117560903 MD83 421200 832260 120 30 999 NONE NONE 340
	FP_ROUTE KDTW..KDFW

TRACK_TIME 1167737286
TRACK A20110117560907 B738 472500 1221800 120 30 999 NONE NONE 350
	FP_ROUTE KSEA..KJFK

TRACK_TIME 1167737286
TRACK A20110117560908 B712 211900 1575260 120 30 999 NONE NONE 140
	FP_ROUTE KHNL..KLIH

TRACK_TIME 1167737286
TRACK A20110117560916 B712 215860 1591900 120 30 999 NONE NONE 80
	FP_ROUTE KLIH..KHNL

TRACK_TIME 1167737286
TRACK A20110117560926 B737 391060 764300 120 30 999 NONE NONE 230
	FP_ROUTE KBWI..KBOS

TRACK_TIME 1167737286
TRACK A20110117560927 B712 211800 1575260 120 30 999 NONE NONE 190
	FP_ROUTE KHNL..KKOA

TRACK_TIME 1167737286
TRACK A20110117560931 CRJ9 404000 734360 120 30 999 NONE NONE 210
	FP_ROUTE KJFK..KBOS

TRACK_TIME 1167737286
TRACK A20110117560936 A319 421200 832100 120 30 999 NONE NONE 390
	FP_ROUTE KDTW..KLGA

TRACK_TIME 1167737286
TRACK A20110117560940 B738 324360 1171300 120 30 999 NONE NONE 360
	FP_ROUTE KSAN..KSEA

TRACK_TIME 1167737286
TRACK A20110117560951 A319 394900 1043900 120 30 999 NONE NONE 350
	FP_ROUTE KDEN..KTUL

TRACK_TIME 1167737286
TRACK A20110117560953 CRJ2 333900 842800 120 30 999 NONE NONE 310
	FP_ROUTE KATL..KCAK

TRACK_TIME 1167737286
TRACK A20110117560955 B772 420160 875800 120 30 999 NONE NONE 400
	FP_ROUTE KORD..KSFO

TRACK_TIME 1167737286
TRACK A20110117560957 CRJ2 425560 875400 120 30 999 NONE NONE 260
	FP_ROUTE KMKE..KDSM

TRACK_TIME 1167737286
TRACK A20110117560962 E145 325560 970300 120 30 999 NONE NONE 300
	FP_ROUTE KDFW..KMHK

TRACK_TIME 1167737286
TRACK A20110117560965 CRJ2 394960 751360 120 30 999 NONE NONE 160
	FP_ROUTE KPHL..KORF

TRACK_TIME 1167737286
TRACK A20110117560967 B737 360700 1150900 120 30 999 NONE NONE 380
	FP_ROUTE KLAS..KSEA

TRACK_TIME 1167737286
TRACK A20110117560968 E145 415860 875200 120 30 999 NONE NONE 250
	FP_ROUTE KORD..KCLE

TRACK_TIME 1167737286
TRACK A20110117560971 A319 385260 770300 120 30 999 NONE NONE 380
	FP_ROUTE KDCA..KJAX

TRACK_TIME 1167737286
TRACK A20110117560974 B738 404500 1120100 120 30 999 NONE NONE 370
	FP_ROUTE KSLC..KDTW

TRACK_TIME 1167737286
TRACK A20110117560983 B738 404300 740900 120 30 999 NONE NONE 380
	FP_ROUTE KEWR..KPBI

TRACK_TIME 1167737286
TRACK A20110117560984 E145 412500 814800 120 30 999 NONE NONE 100
	FP_ROUTE KCLE..KCMH

TRACK_TIME 1167737286
TRACK A20110117560985 B738 300100 901500 120 30 999 NONE NONE 60
	FP_ROUTE KMSY..KIAH

TRACK_TIME 1167737286
TRACK A20110117560986 E145 295800 952100 120 30 999 NONE NONE 280
	FP_ROUTE KIAH..KLRD

TRACK_TIME 1167737286
TRACK A20110117560989 CRJ2 385860 772700 120 30 999 NONE NONE 240
	FP_ROUTE KIAD..KALB

TRACK_TIME 1167737286
TRACK A20110117560995 B738 333900 842860 120 30 999 NONE NONE 400
	FP_ROUTE KATL..KTUS

TRACK_TIME 1167737286
TRACK A20110117560999 CRJ1 390300 843900 120 30 999 NONE NONE 129
	FP_ROUTE KCVG..KHTS

TRACK_TIME 1167737286
TRACK A20110117561000 CRJ2 380700 854300 120 30 999 NONE NONE 290
	FP_ROUTE KSDF..KPHL

TRACK_TIME 1167737286
TRACK A20110117561001 BE20 421300 834660 120 30 999 NONE NONE 200
	FP_ROUTE KARB..KFSD

TRACK_TIME 1167737286
TRACK A20110117561004 E145 295800 951900 120 30 999 NONE NONE 290
	FP_ROUTE KIAH..KDAY

TRACK_TIME 1167737286
TRACK A20110117561014 B738 295700 952100 120 30 999 NONE NONE 390
	FP_ROUTE KIAH..KFLL

TRACK_TIME 1167737286
TRACK A20110117561015 A319 395100 1044500 120 30 999 NONE NONE 360
	FP_ROUTE KDEN..KPDX

TRACK_TIME 1167737286
TRACK A20110117561020 B753 611900 1495400 120 30 999 NONE NONE 370
	FP_ROUTE KANC..KSEA

TRACK_TIME 1167737286
TRACK A20110117561022 B753 472560 1221800 120 30 999 NONE NONE 330
	FP_ROUTE KSEA..KIAH

TRACK_TIME 1167737286
TRACK A20110117561025 E145 350300 895860 120 30 999 NONE NONE 250
	FP_ROUTE KMEM..KSDF

TRACK_TIME 1167737286
TRACK A20110117561030 B733 282560 811800 120 30 999 NONE NONE 350
	FP_ROUTE KMCO..KPHL

TRACK_TIME 1167737286
TRACK A20110117561034 B734 472560 1221900 120 30 999 NONE NONE 330
	FP_ROUTE KSEA..KSFO

TRACK_TIME 1167737286
TRACK A20110117561035 B734 373760 1222200 120 30 999 NONE NONE 350
	FP_ROUTE KSFO..KPSP

TRACK_TIME 1167737286
TRACK A20110117561041 E170 385500 773160 120 30 999 NONE NONE 340
	FP_ROUTE KIAD..KATL

TRACK_TIME 1167737286
TRACK A20110117561046 DH8A 395200 751600 120 30 999 NONE NONE 110
	FP_ROUTE KPHL..KHVN

TRACK_TIME 1167737286
TRACK A20110117561049 B712 264060 800300 120 30 999 NONE NONE 330
	FP_ROUTE KPBI..KATL

TRACK_TIME 1167737286
TRACK A20110117561050 B738 351000 805700 120 30 999 NONE NONE 280
	FP_ROUTE KCLT..KATL

TRACK_TIME 1167737286
TRACK A20110117561060 B737 333760 842800 120 30 999 NONE NONE 250
	FP_ROUTE KATL..KMCO

TRACK_TIME 1167737286
TRACK A20110117561065 E170 385800 773000 120 30 999 NONE NONE 360
	FP_ROUTE KIAD..KMSP

TRACK_TIME 1167737286
TRACK A20110117561066 E170 445200 930700 120 30 999 NONE NONE 360
	FP_ROUTE KMSP..KBIL

TRACK_TIME 1167737286
TRACK A20110117561079 B712 211900 1575700 120 30 999 NONE NONE 210
	FP_ROUTE KHNL..KKOA

TRACK_TIME 1167737286
TRACK A20110117561080 B733 421200 832200 120 30 999 NONE NONE 360
	FP_ROUTE KDTW..KSTL

TRACK_TIME 1167737286
TRACK A20110117561084 A320 473700 1173300 120 30 999 NONE NONE 350
	FP_ROUTE KGEG..KSLC

TRACK_TIME 1167737286
TRACK A20110117561091 SF34 295800 952100 120 30 999 NONE NONE 99
	FP_ROUTE KIAH..KTYR

TRACK_TIME 1167737286
TRACK A20110117561093 CRJ9 332560 1120160 120 30 999 NONE NONE 170
	FP_ROUTE KPHX..KTUS

TRACK_TIME 1167737286
TRACK A20110117561094 A320 282500 811800 120 30 999 NONE NONE 370
	FP_ROUTE KMCO..KBDL

TRACK_TIME 1167737286
TRACK A20110117561096 E120 335700 1182700 120 30 999 NONE NONE 180
	FP_ROUTE KLAX..KFAT

TRACK_TIME 1167737286
TRACK A20110117561097 CRJ2 395260 751200 120 30 999 NONE NONE 100
	FP_ROUTE KPHL..KCMH

TRACK_TIME 1167737286
TRACK A20110117561100 CRJ9 421200 832260 120 30 999 NONE NONE 220
	FP_ROUTE KDTW..KMKE

TRACK_TIME 1167737286
TRACK A20110117561101 DH8A 353900 772500 120 30 999 NONE NONE 100
	FP_ROUTE KPGV..KCLT

TRACK_TIME 1167737286
TRACK A20110117561103 CRJ2 265100 794800 120 30 999 NONE NONE 370
	FP_ROUTE KPBI..KBOS

TRACK_TIME 1167737286
TRACK A20110117561105 B763 211800 1575260 120 30 999 NONE NONE 350
	FP_ROUTE KHNL..KLAX

TRACK_TIME 1167737286
TRACK A20110117561109 CRJ2 422200 705860 120 30 999 NONE NONE 40
	FP_ROUTE KBOS..KPSM

TRACK_TIME 1167737286
TRACK A20110117561110 A320 395260 751300 120 30 999 NONE NONE 340
	FP_ROUTE KPHL..KSAN

TRACK_TIME 1167737286
TRACK A20110117561117 A321 332560 1120160 120 30 999 NONE NONE 320
	FP_ROUTE KPHX..KLAX

TRACK_TIME 1167737286
TRACK A20110117561125 B712 333900 842800 120 30 999 NONE NONE 310
	FP_ROUTE KATL..KROC

TRACK_TIME 1167737286
TRACK A20110117561126 A320 445100 931300 120 30 999 NONE NONE 230
	FP_ROUTE KMSP..KMKE

TRACK_TIME 1167737286
TRACK A20110117561128 CRJ2 445200 931060 120 30 999 NONE NONE 169
	FP_ROUTE KMSP..KRHI

TRACK_TIME 1167737286
TRACK A20110117561131 E135 425560 875400 120 30 999 NONE NONE 100
	FP_ROUTE KMKE..KGRB

TRACK_TIME 1167737286
TRACK A20110117561132 CRJ2 383900 1213300 120 30 999 NONE NONE 330
	FP_ROUTE KSMF..KSLC

TRACK_TIME 1167737286
TRACK A20110117561135 B753 335500 1182800 120 30 999 NONE NONE 340
	FP_ROUTE KLAX..KHNL

TRACK_TIME 1167737286
TRACK A20110117561149 E135 422100 710100 120 30 999 NONE NONE 160
	FP_ROUTE KBOS..KLGA

TRACK_TIME 1167737286
TRACK A20110117561155 CRJ2 334000 843100 120 30 999 NONE NONE 270
	FP_ROUTE KATL..KCRW

TRACK_TIME 1167737286
TRACK A20110117561157 CRJ1 355100 835800 120 30 999 NONE NONE 260
	FP_ROUTE KTYS..KMEM

TRACK_TIME 1167737286
TRACK A20110117561159 B752 282500 811800 120 30 999 NONE NONE 350
	FP_ROUTE KMCO..KATL

TRACK_TIME 1167737286
TRACK A20110117561162 DH8D 441660 1210760 120 30 999 NONE NONE 140
	FP_ROUTE KRDM..KPDX

TRACK_TIME 1167737286
TRACK A20110117561167 B737 395100 1044360 120 30 999 NONE NONE 400
	FP_ROUTE KDEN..KRNO

TRACK_TIME 1167737286
TRACK A20110117561169 BE20 384000 903400 120 30 999 NONE NONE 109
	FP_ROUTE KSUS..KPOF

TRACK_TIME 1167737286
TRACK A20110117561170 BE20 364960 902100 120 30 999 NONE NONE 101
	FP_ROUTE KPOF..KSUS

TRACK_TIME 1167737286
TRACK A20110117561173 B737 393160 1194660 120 30 999 NONE NONE 390
	FP_ROUTE KRNO..KLAX

TRACK_TIME 1167737286
TRACK A20110117561175 B737 335700 1182700 120 30 999 NONE NONE 330
	FP_ROUTE KLAX..KPHX

TRACK_TIME 1167737286
TRACK A20110117561182 B732 205500 1562500 120 30 999 NONE NONE 160
	FP_ROUTE KOGG..KHNL

TRACK_TIME 1167737286
TRACK A20110117561188 C750 405200 740160 120 30 999 NONE NONE 400
	FP_ROUTE KTEB..KPIE

TRACK_TIME 1167737286
TRACK A20110117561190 C750 275400 824060 120 30 999 NONE NONE 170
	FP_ROUTE KPIE..KPBI

TRACK_TIME 1167737286
TRACK A20110117561191 C750 264300 801200 120 30 999 NONE NONE 430
	FP_ROUTE KPBI..KFRG

TRACK_TIME 1167737286
TRACK A20110117561192 B737 260400 800900 120 30 999 NONE NONE 220
	FP_ROUTE KFLL..KTPA

TRACK_TIME 1167737286
TRACK A20110117561193 B737 275800 823300 120 30 999 NONE NONE 380
	FP_ROUTE KTPA..KSTL

TRACK_TIME 1167737286
TRACK A20110117561194 B737 333900 1175260 120 30 999 NONE NONE 370
	FP_ROUTE KSNA..KATL

TRACK_TIME 1167737286
TRACK A20110117561195 E135 425400 852800 120 30 999 NONE NONE 118
	FP_ROUTE KGRR..KMKE

TRACK_TIME 1167737286
TRACK A20110117561196 E135 425560 875400 120 30 999 NONE NONE 310
	FP_ROUTE KMKE..KBNA

TRACK_TIME 1167737286
TRACK A20110117561198 B738 422100 710100 120 30 999 NONE NONE 360
	FP_ROUTE KBOS..KIAH

TRACK_TIME 1167737286
TRACK A20110117561208 A319 395100 1044660 120 30 999 NONE NONE 370
	FP_ROUTE KDEN..KMSP

TRACK_TIME 1167737286
TRACK A20110117561209 B737 360700 1150760 120 30 999 NONE NONE 270
	FP_ROUTE KLAS..KABQ

TRACK_TIME 1167737286
TRACK A20110117561210 B733 334000 1014800 120 30 999 NONE NONE 230
	FP_ROUTE KLBB..KDAL

TRACK_TIME 1167737286
TRACK A20110117561212 A319 385260 770300 120 30 999 NONE NONE 40
	FP_ROUTE KDCA..KCLT

TRACK_TIME 1167737286
TRACK A20110117561213 B733 325100 965200 120 30 999 NONE NONE 20
	FP_ROUTE KDAL..KHOU

TRACK_TIME 1167737286
TRACK A20110117561220 B737 373760 1222200 120 30 999 NONE NONE 320
	FP_ROUTE KSFO..KSEA

TRACK_TIME 1167737286
TRACK A20110117561226 B738 453600 1223600 120 30 999 NONE NONE 350
	FP_ROUTE KPDX..KMSP

TRACK_TIME 1167737286
TRACK A20110117561242 B738 445200 931000 120 30 999 NONE NONE 370
	FP_ROUTE KMSP..KBOS

TRACK_TIME 1167737286
TRACK A20110117561243 A320 260460 800760 120 30 999 NONE NONE 370
	FP_ROUTE KFLL..KBQN

TRACK_TIME 1167737286
TRACK A20110117561246 A319 373760 1222200 120 30 999 NONE NONE 390
	FP_ROUTE KSFO..KDFW

TRACK_TIME 1167737286
TRACK A20110117561247 A321 332560 1115800 120 30 999 NONE NONE 330
	FP_ROUTE KPHX..KCLT

TRACK_TIME 1167737286
TRACK A20110117561249 CRJ9 302260 842200 120 30 999 NONE NONE 220
	FP_ROUTE KTLH..KATL

TRACK_TIME 1167737286
TRACK A20110117561253 DH8A 395260 751200 120 30 999 NONE NONE 140
	FP_ROUTE KPHL..KPHF

TRACK_TIME 1167737286
TRACK A20110117561260 B733 332560 1120160 120 30 999 NONE NONE 340
	FP_ROUTE KPHX..KGEG

TRACK_TIME 1167737286
TRACK A20110117561261 B737 412400 815200 120 30 999 NONE NONE 400
	FP_ROUTE KCLE..KSTL

TRACK_TIME 1167737286
TRACK A20110117561266 CRJ9 395100 1044660 120 30 999 NONE NONE 340
	FP_ROUTE KDEN..KSLC

TRACK_TIME 1167737286
TRACK A20110117561273 A319 425560 875400 120 30 999 NONE NONE 370
	FP_ROUTE KMKE..KDCA

TRACK_TIME 1167737286
TRACK A20110117561279 B737 384360 901800 120 30 999 NONE NONE 400
	FP_ROUTE KSTL..KTUL

TRACK_TIME 1167737286
TRACK A20110117561281 B737 361000 955260 120 30 999 NONE NONE 400
	FP_ROUTE KTUL..KHOU

TRACK_TIME 1167737286
TRACK A20110117561282 B737 293760 951660 120 30 999 NONE NONE 280
	FP_ROUTE KHOU..KSAT

TRACK_TIME 1167737286
TRACK A20110117561291 CL60 333900 1175260 120 30 999 NONE NONE 370
	FP_ROUTE KSNA..KAPA

TRACK_TIME 1167737286
TRACK A20110117561295 B733 293760 951600 120 30 999 NONE NONE 310
	FP_ROUTE KHOU..KTUL

TRACK_TIME 1167737286
TRACK A20110117561299 CRJ1 395260 751300 120 30 999 NONE NONE 120
	FP_ROUTE KPHL..KDTW

TRACK_TIME 1167737286
TRACK A20110117561301 B733 332560 1115860 120 30 999 NONE NONE 320
	FP_ROUTE KPHX..KSAN

TRACK_TIME 1167737286
TRACK A20110117561309 B733 324500 1171360 120 30 999 NONE NONE 360
	FP_ROUTE KSAN..KOAK

TRACK_TIME 1167737286
TRACK A20110117561311 B737 360700 1150900 120 30 999 NONE NONE 390
	FP_ROUTE KLAS..KMCI

TRACK_TIME 1167737286
TRACK A20110117561313 DH8C 351200 805560 120 30 999 NONE NONE 170
	FP_ROUTE KCLT..KEWN

TRACK_TIME 1167737286
TRACK A20110117561314 B737 374360 1221900 120 30 999 NONE NONE 410
	FP_ROUTE KOAK..KONT

TRACK_TIME 1167737286
TRACK A20110117561316 B737 391500 944300 120 30 999 NONE NONE 410
	FP_ROUTE KMCI..KFLL

TRACK_TIME 1167737286
TRACK A20110117561321 PAY3 410300 812700 120 30 999 NONE NONE 171
	FP_ROUTE KAKR..KMMU

TRACK_TIME 1167737286
TRACK A20110117561328 DH8D 373700 1184960 120 30 999 NONE NONE 210
	FP_ROUTE KMMH..KLAX

TRACK_TIME 1167737286
TRACK A20110117561329 B738 254800 801360 120 30 999 NONE NONE 380
	FP_ROUTE KMIA..KIAH

TRACK_TIME 1167737286
TRACK A20110117561330 A320 394600 1043760 120 30 999 NONE NONE 350
	FP_ROUTE KDEN..KAUS

TRACK_TIME 1167737286
TRACK A20110117561331 CRJ2 404600 1115800 120 30 999 NONE NONE 320
	FP_ROUTE KSLC..KBUR

TRACK_TIME 1167737286
TRACK A20110117561333 B738 415560 875260 120 30 999 NONE NONE 370
	FP_ROUTE KORD..KBOS

TRACK_TIME 1167737286
TRACK A20110117561334 DH8A 395260 751200 120 30 999 NONE NONE 120
	FP_ROUTE KPHL..KORF

TRACK_TIME 1167737286
TRACK A20110117561338 CRJ2 425560 875400 120 30 999 NONE NONE 360
	FP_ROUTE KMKE..KHOT

TRACK_TIME 1167737286
TRACK A20110117561339 E145 295700 952100 120 30 999 NONE NONE 320
	FP_ROUTE KIAH..KMAF

TRACK_TIME 1167737286
TRACK A20110117561340 B752 385500 773300 120 30 999 NONE NONE 380
	FP_ROUTE KIAD..KORD

TRACK_TIME 1167737286
TRACK A20110117561341 B763 211800 1575260 120 30 999 NONE NONE 380
	FP_ROUTE KHNL..KOAK

TRACK_TIME 1167737286
TRACK A20110117561342 CRJ2 341000 1182260 120 30 999 NONE NONE 330
	FP_ROUTE KBUR..KSLC

TRACK_TIME 1167737286
TRACK A20110117561344 A320 385800 772700 120 30 999 NONE NONE 270
	FP_ROUTE KIAD..KBDL

TRACK_TIME 1167737286
TRACK A20110117561349 SF34 541360 1655260 120 30 999 NONE NONE 210
	FP_ROUTE KDUT..KANC

TRACK_TIME 1167737286
TRACK A20110117561361 B737 391300 944660 120 30 999 NONE NONE 340
	FP_ROUTE KMCI..KSAN

TRACK_TIME 1167737286
TRACK A20110117561364 B753 373760 1222100 120 30 999 NONE NONE 350
	FP_ROUTE KSFO..KEWR

TRACK_TIME 1167737286
TRACK A20110117561375 E135 415800 875560 120 30 999 NONE NONE 270
	FP_ROUTE KORD..KEVV

TRACK_TIME 1167737286
TRACK A20110117561378 C560 275800 823300 120 30 999 NONE NONE 150
	FP_ROUTE KTPA..KBCT

TRACK_TIME 1167737286
TRACK A20110117561380 B738 295700 952100 120 30 999 NONE NONE 360
	FP_ROUTE KIAH..KONT

TRACK_TIME 1167737286
TRACK A20110117561381 B744 415800 874960 120 30 999 NONE NONE 370
	FP_ROUTE KORD..KJFK

TRACK_TIME 1167737286
TRACK A20110117561389 DH8D 431660 1141500 120 30 999 NONE NONE 240
	FP_ROUTE KSUN..KLAX

TRACK_TIME 1167737286
TRACK A20110117561394 A319 360700 1150900 120 30 999 NONE NONE 390
	FP_ROUTE KLAS..KDEN

TRACK_TIME 1167737286
TRACK A20110117561403 A319 395700 1044060 120 30 999 NONE NONE 360
	FP_ROUTE KDEN..KSEA

TRACK_TIME 1167737286
TRACK A20110117561408 CRJ2 404500 734960 120 30 999 NONE NONE 90
	FP_ROUTE KLGA..KCLT

TRACK_TIME 1167737286
TRACK A20110117561411 A320 373900 1221900 120 30 999 NONE NONE 370
	FP_ROUTE KSFO..KDEN

TRACK_TIME 1167737286
TRACK A20110117561412 E190 385200 770160 120 30 999 NONE NONE 110
	FP_ROUTE KDCA..KBOS

TRACK_TIME 1167737286
TRACK A20110117561414 A320 415700 875100 120 30 999 NONE NONE 350
	FP_ROUTE KORD..KATL

TRACK_TIME 1167737286
TRACK A20110117561415 B737 425560 834500 120 30 999 NONE NONE 390
	FP_ROUTE KFNT..KRSW

TRACK_TIME 1167737286
TRACK A20110117561417 A319 282500 811900 120 30 999 NONE NONE 380
	FP_ROUTE KMCO..KDEN

TRACK_TIME 1167737286
TRACK A20110117561418 A319 350100 900000 120 30 999 NONE NONE 360
	FP_ROUTE KMEM..KMSP

TRACK_TIME 1167737286
TRACK A20110117561419 BE20 433400 964900 120 30 999 NONE NONE 160
	FP_ROUTE KFSD..KABR

TRACK_TIME 1167737286
TRACK A20110117561420 BE20 452560 982400 120 30 999 NONE NONE 170
	FP_ROUTE KABR..KFSD

TRACK_TIME 1167737286
TRACK A20110117561425 A320 374360 1221500 120 30 999 NONE NONE 350
	FP_ROUTE KOAK..KJFK

TRACK_TIME 1167737286
TRACK A20110117561433 BE20 433600 964600 120 30 999 NONE NONE 200
	FP_ROUTE KFSD..KPIR

TRACK_TIME 1167737286
TRACK A20110117561438 BE20 442200 1001660 120 30 999 NONE NONE 230
	FP_ROUTE KPIR..KFSD

TRACK_TIME 1167737286
TRACK A20110117561441 A319 422100 710100 120 30 999 NONE NONE 320
	FP_ROUTE KBOS..KDCA

TRACK_TIME 1167737286
TRACK A20110117561442 CRJ2 445200 931000 120 30 999 NONE NONE 149
	FP_ROUTE KMSP..KDLH

TRACK_TIME 1167737286
TRACK A20110117561461 B737 332560 1120160 120 30 999 NONE NONE 390
	FP_ROUTE KPHX..KIND

TRACK_TIME 1167737286
TRACK A20110117561463 C750 264060 800100 120 30 999 NONE NONE 450
	FP_ROUTE KPBI..KFRG

TRACK_TIME 1167737286
TRACK A20110117561471 MD83 352800 1190600 120 30 999 NONE NONE 270
	FP_ROUTE KBFL..KLAS

TRACK_TIME 1167737286
TRACK A20110117561473 CRJ2 403760 735100 120 30 999 NONE NONE 340
	FP_ROUTE KJFK..KORD

TRACK_TIME 1167737286
TRACK A20110117561475 A319 445100 931360 120 30 999 NONE NONE 390
	FP_ROUTE KMSP..KDCA

TRACK_TIME 1167737286
TRACK A20110117561477 A320 415860 875200 120 30 999 NONE NONE 390
	FP_ROUTE KORD..KLGA

TRACK_TIME 1167737286
TRACK A20110117561478 B737 453460 1223700 120 30 999 NONE NONE 410
	FP_ROUTE KPDX..KSNA

TRACK_TIME 1167737286
TRACK A20110117561481 A320 421200 832260 120 30 999 NONE NONE 340
	FP_ROUTE KDTW..KSFO

TRACK_TIME 1167737286
TRACK A20110117561482 B738 422260 710100 120 30 999 NONE NONE 380
	FP_ROUTE KBOS..KMSP

TRACK_TIME 1167737286
TRACK A20110117561483 FA50 465400 964900 120 30 999 NONE NONE 410
	FP_ROUTE KFAR..KJQF

TRACK_TIME 1167737286
TRACK A20110117561485 B712 211900 1575700 120 30 999 NONE NONE 270
	FP_ROUTE KHNL..KITO

TRACK_TIME 1167737286
TRACK A20110117561486 FA50 352500 804600 120 30 999 NONE NONE 360
	FP_ROUTE KJQF..KIND

TRACK_TIME 1167737286
TRACK A20110117561487 B738 445260 931060 120 30 999 NONE NONE 340
	FP_ROUTE KMSP..KPDX

TRACK_TIME 1167737286
TRACK A20110117561489 E190 395260 1043460 120 30 999 NONE NONE 350
	FP_ROUTE KDEN..KMSP

TRACK_TIME 1167737286
TRACK A20110117561490 CRJ2 333900 842800 120 30 999 NONE NONE 192
	FP_ROUTE KATL..KTYS

TRACK_TIME 1167737286
TRACK A20110117561494 E190 422200 710100 120 30 999 NONE NONE 160
	FP_ROUTE KBOS..KJFK

TRACK_TIME 1167737286
TRACK A20110117561498 B752 333900 842860 120 30 999 NONE NONE 340
	FP_ROUTE KATL..KSFO

TRACK_TIME 1167737286
TRACK A20110117561507 E145 412400 815260 120 30 999 NONE NONE 310
	FP_ROUTE KCLE..KBDL

TRACK_TIME 1167737286
TRACK A20110117561511 CRJ2 395400 751500 120 30 999 NONE NONE 100
	FP_ROUTE KPHL..KAVP

TRACK_TIME 1167737286
TRACK A20110117561515 E135 345800 851660 120 30 999 NONE NONE 360
	FP_ROUTE KCHA..KDFW

TRACK_TIME 1167737286
TRACK A20110117561516 CRJ2 405560 812560 120 30 999 NONE NONE 300
	FP_ROUTE KCAK..KATL

TRACK_TIME 1167737286
TRACK A20110117561517 B738 335560 1182700 120 30 999 NONE NONE 330
	FP_ROUTE KLAX..KFLL

TRACK_TIME 1167737286
TRACK A20110117561518 B738 325200 970300 120 30 999 NONE NONE 380
	FP_ROUTE KDFW..KLAX

TRACK_TIME 1167737286
TRACK A20110117561522 A319 394960 751900 120 30 999 NONE NONE 100
	FP_ROUTE KPHL..KDCA

TRACK_TIME 1167737286
TRACK A20110117561525 B712 405700 812560 120 30 999 NONE NONE 340
	FP_ROUTE KCAK..KATL

TRACK_TIME 1167737286
TRACK A20110117561537 B752 280100 823300 120 30 999 NONE NONE 400
	FP_ROUTE KTPA..KATL

TRACK_TIME 1167737286
TRACK A20110117561538 DH8D 433300 1161200 120 30 999 NONE NONE 240
	FP_ROUTE KBOI..KSEA

TRACK_TIME 1167737286
TRACK A20110117561541 SF34 444900 894060 120 30 999 NONE NONE 79
	FP_ROUTE KCWA..KMSP

TRACK_TIME 1167737286
TRACK A20110117561544 CRJ9 404600 1115800 120 30 999 NONE NONE 350
	FP_ROUTE KSLC..KDEN

TRACK_TIME 1167737286
TRACK A20110117561549 A320 403760 735100 120 30 999 NONE NONE 360
	FP_ROUTE KJFK..KTPA

TRACK_TIME 1167737286
TRACK A20110117561550 B752 182700 655800 120 30 999 NONE NONE 360
	FP_ROUTE KSJU..KPHL

TRACK_TIME 1167737286
TRACK A20110117561557 D328 334060 842260 120 30 999 NONE NONE 220
	FP_ROUTE KATL..KSDF

TRACK_TIME 1167737286
TRACK A20110117561559 BE9L 341300 821300 120 30 999 NONE NONE 130
	FP_ROUTE KGRD..KMYR

TRACK_TIME 1167737286
TRACK A20110117561560 BE9L 334300 785700 120 30 999 NONE NONE 120
	FP_ROUTE KMYR..KINT

TRACK_TIME 1167737286
TRACK A20110117561561 BE9L 360760 801900 120 30 999 NONE NONE 139
	FP_ROUTE KINT..KGRD

TRACK_TIME 1167737286
TRACK A20110117561565 A319 445100 931360 120 30 999 NONE NONE 390
	FP_ROUTE KMSP..KPHL

TRACK_TIME 1167737286
TRACK A20110117561567 A319 405800 812560 120 30 999 NONE NONE 380
	FP_ROUTE KCAK..KDEN

TRACK_TIME 1167737286
TRACK A20110117561569 A320 403900 734500 120 30 999 NONE NONE 360
	FP_ROUTE KJFK..KMCO

TRACK_TIME 1167737286
TRACK A20110117561572 CL60 272260 823160 120 30 999 NONE NONE 360
	FP_ROUTE KSRQ..KMKE

TRACK_TIME 1167737286
TRACK A20110117561575 CRJ2 361060 955260 120 30 999 NONE NONE 100
	FP_ROUTE KTUL..KMEM

TRACK_TIME 1167737286
TRACK A20110117561576 B738 211900 1575260 120 30 999 NONE NONE 370
	FP_ROUTE KHNL..KLAX

TRACK_TIME 1167737286
TRACK A20110117561580 CRJ2 424660 843700 120 30 999 NONE NONE 240
	FP_ROUTE KLAN..KORD

TRACK_TIME 1167737286
TRACK A20110117561584 CRJ2 393160 1194600 120 30 999 NONE NONE 110
	FP_ROUTE KRNO..KSFO

TRACK_TIME 1167737286
TRACK A20110117561587 CRJ2 421200 832100 120 30 999 NONE NONE 130
	FP_ROUTE KDTW..KERI

TRACK_TIME 1167737286
TRACK A20110117561589 CRJ9 390300 843900 120 30 999 NONE NONE 60
	FP_ROUTE KCVG..KPHL

TRACK_TIME 1167737286
TRACK A20110117561591 CRJ2 420600 801000 120 30 999 NONE NONE 70
	FP_ROUTE KERI..KDTW

TRACK_TIME 1167737286
TRACK A20110117561605 B737 333900 842260 120 30 999 NONE NONE 400
	FP_ROUTE KATL..KMSY

TRACK_TIME 1167737286
TRACK A20110117561606 CRJ2 333460 864360 120 30 999 NONE NONE 250
	FP_ROUTE KBHM..KCLT

TRACK_TIME 1167737286
TRACK A20110117561610 B738 332560 1115860 120 30 999 NONE NONE 370
	FP_ROUTE KPHX..KDFW

TRACK_TIME 1167737286
TRACK A20110117561611 A319 421200 832200 120 30 999 NONE NONE 370
	FP_ROUTE KDTW..KLGA

TRACK_TIME 1167737286
TRACK A20110117561617 CRJ2 473000 945560 120 30 999 NONE NONE 109
	FP_ROUTE KBJI..KMSP

TRACK_TIME 1167737286
TRACK A20110117561622 F2TH 422500 875700 120 30 999 NONE NONE 400
	FP_ROUTE KUGN..KBJC

TRACK_TIME 1167737286
TRACK A20110117561631 A318 394960 1044660 120 30 999 NONE NONE 380
	FP_ROUTE KDEN..KSAN

TRACK_TIME 1167737286
TRACK A20110117561637 B737 395200 751300 120 30 999 NONE NONE 400
	FP_ROUTE KPHL..KFLL

TRACK_TIME 1167737286
TRACK A20110117561651 CRJ2 432860 840160 120 30 999 NONE NONE 110
	FP_ROUTE KMBS..KDTW

TRACK_TIME 1167737286
TRACK A20110117561655 E145 295860 951800 120 30 999 NONE NONE 330
	FP_ROUTE KIAH..KBNA

TRACK_TIME 1167737286
TRACK A20110117561661 PAY2 244360 810160 120 30 999 NONE NONE 41
	FP_ROUTE KMTH..KMIA

TRACK_TIME 1167737286
TRACK A20110117561662 PAY2 254800 801900 120 30 999 NONE NONE 250
	FP_ROUTE KMIA..KBUY

TRACK_TIME 1167737286
TRACK A20110117561669 B737 293900 951800 120 30 999 NONE NONE 380
	FP_ROUTE KHOU..KDEN

TRACK_TIME 1167737286
TRACK A20110117561670 LJ35 385260 1044300 120 30 999 NONE NONE 39
	FP_ROUTE KCOS..KRBD

TRACK_TIME 1167737286
TRACK A20110117561673 E145 325260 970160 120 30 999 NONE NONE 370
	FP_ROUTE KDFW..KTLH

TRACK_TIME 1167737286
TRACK A20110117561675 E135 403900 734300 120 30 999 NONE NONE 110
	FP_ROUTE KJFK..KBOS

TRACK_TIME 1167737286
TRACK A20110117561680 B752 403900 734900 120 30 999 NONE NONE 400
	FP_ROUTE KJFK..KMIA

TRACK_TIME 1167737286
TRACK A20110117561681 A320 403760 735260 120 30 999 NONE NONE 360
	FP_ROUTE KJFK..KMCO

TRACK_TIME 1167737286
TRACK A20110117561683 MD82 360600 864060 120 30 999 NONE NONE 340
	FP_ROUTE KBNA..KDFW

TRACK_TIME 1167737286
TRACK A20110117561690 CRJ2 464800 921500 120 30 999 NONE NONE 310
	FP_ROUTE KDLH..KORD

TRACK_TIME 1167737286
TRACK A20110117561691 A320 394900 1044000 120 30 999 NONE NONE 350
	FP_ROUTE KDEN..KJFK

TRACK_TIME 1167737286
TRACK A20110117561696 E170 395260 751300 120 30 999 NONE NONE 340
	FP_ROUTE KPHL..KSAV

TRACK_TIME 1167737286
TRACK A20110117561699 B752 333900 842200 120 30 999 NONE NONE 380
	FP_ROUTE KATL..KDFW

TRACK_TIME 1167737286
TRACK A20110117561701 FA7X 405400 740160 120 30 999 NONE NONE 430
	FP_ROUTE KTEB..KMDW

TRACK_TIME 1167737286
TRACK A20110117561703 DH8D 371000 1074360 120 30 999 NONE NONE 250
	FP_ROUTE KDRO..KDEN

TRACK_TIME 1167737286
TRACK A20110117561705 B737 335500 1182800 120 30 999 NONE NONE 370
	FP_ROUTE KLAX..KBNA

TRACK_TIME 1167737286
TRACK A20110117561706 A319 373760 1222200 120 30 999 NONE NONE 370
	FP_ROUTE KSFO..KJFK

TRACK_TIME 1167737286
TRACK A20110117561711 E145 431000 891960 120 30 999 NONE NONE 350
	FP_ROUTE KMSN..KEWR

TRACK_TIME 1167737286
TRACK A20110117561712 E135 422260 710100 120 30 999 NONE NONE 220
	FP_ROUTE KBOS..KJFK

TRACK_TIME 1167737286
TRACK A20110117561716 CRJ9 425260 853100 120 30 999 NONE NONE 370
	FP_ROUTE KGRR..KLGA

TRACK_TIME 1167737286
TRACK A20110117561717 A320 395700 1043760 120 30 999 NONE NONE 370
	FP_ROUTE KDEN..KDSM

TRACK_TIME 1167737286
TRACK A20110117561740 CRJ2 421300 832200 120 30 999 NONE NONE 290
	FP_ROUTE KDTW..KIAD

TRACK_TIME 1167737286
TRACK A20110117561746 MD82 275800 823300 120 30 999 NONE NONE 260
	FP_ROUTE KTPA..KDFW

TRACK_TIME 1167737286
TRACK A20110117561749 B733 361060 955260 120 30 999 NONE NONE 290
	FP_ROUTE KTUL..KSTL

TRACK_TIME 1167737286
TRACK A20110117561754 B737 414360 874660 120 30 999 NONE NONE 400
	FP_ROUTE KMDW..KDEN

TRACK_TIME 1167737286
TRACK A20110117561757 B737 333900 842800 120 30 999 NONE NONE 400
	FP_ROUTE KATL..KPHX

TRACK_TIME 1167737286
TRACK A20110117561761 CRJ2 464900 921800 120 30 999 NONE NONE 40
	FP_ROUTE KDLH..KMSP

TRACK_TIME 1167737286
TRACK A20110117561763 A320 341000 1182200 120 30 999 NONE NONE 350
	FP_ROUTE KBUR..KJFK

TRACK_TIME 1167737286
TRACK A20110117561764 A320 335500 1182700 120 30 999 NONE NONE 350
	FP_ROUTE KLAX..KBOS

TRACK_TIME 1167737286
TRACK A20110117561769 CRJ2 351060 805700 120 30 999 NONE NONE 240
	FP_ROUTE KCLT..KVPS

TRACK_TIME 1167737286
TRACK A20110117561770 B738 335560 1182700 120 30 999 NONE NONE 380
	FP_ROUTE KLAX..KHNL

TRACK_TIME 1167737286
TRACK A20110117561774 B752 282560 811800 120 30 999 NONE NONE 330
	FP_ROUTE KMCO..KATL

TRACK_TIME 1167737286
TRACK A20110117561775 B738 472560 1221800 120 30 999 NONE NONE 330
	FP_ROUTE KSEA..KPHX

TRACK_TIME 1167737286
TRACK A20110117561776 E145 355800 795700 120 30 999 NONE NONE 370
	FP_ROUTE KGSO..KEWR

TRACK_TIME 1167737286
TRACK A20110117561777 CRJ9 341960 775260 120 30 999 NONE NONE 160
	FP_ROUTE KILM..KCLT

TRACK_TIME 1167737286
TRACK A20110117561778 A321 324360 1171360 120 30 999 NONE NONE 290
	FP_ROUTE KSAN..KPHX

TRACK_TIME 1167737286
TRACK A20110117561780 AT72 343400 982500 120 30 999 NONE NONE 70
	FP_ROUTE KLAW..KDFW

TRACK_TIME 1167737286
TRACK A20110117561781 A321 332560 1120160 120 30 999 NONE NONE 350
	FP_ROUTE KPHX..KMSP

TRACK_TIME 1167737286
TRACK A20110117561789 CRJ2 350100 895860 120 30 999 NONE NONE 240
	FP_ROUTE KMEM..KECP

TRACK_TIME 1167737286
TRACK A20110117561790 B712 391060 764500 120 30 999 NONE NONE 320
	FP_ROUTE KBWI..KGRR

TRACK_TIME 1167737286
TRACK A20110117561792 B737 395100 1044660 120 30 999 NONE NONE 380
	FP_ROUTE KDEN..KSJC

TRACK_TIME 1167737286
TRACK A20110117561794 B739 402860 801200 120 30 999 NONE NONE 360
	FP_ROUTE KPIT..KIAH

TRACK_TIME 1167737286
TRACK A20110117561795 A320 260460 800600 120 30 999 NONE NONE 350
	FP_ROUTE KFLL..KJFK

TRACK_TIME 1167737286
TRACK A20110117561798 B738 373900 1222100 120 30 999 NONE NONE 370
	FP_ROUTE KSFO..KORD

TRACK_TIME 1167737286
TRACK A20110117561800 E145 425800 784200 120 30 999 NONE NONE 320
	FP_ROUTE KBUF..KORD

TRACK_TIME 1167737286
TRACK A20110117561802 MD82 391000 764500 120 30 999 NONE NONE 340
	FP_ROUTE KBWI..KDFW

TRACK_TIME 1167737286
TRACK A20110117561805 E170 415860 875260 120 30 999 NONE NONE 170
	FP_ROUTE KORD..KGRR

TRACK_TIME 1167737286
TRACK A20110117561806 MD82 325200 970300 120 30 999 NONE NONE 240
	FP_ROUTE KDFW..KELP

TRACK_TIME 1167737286
TRACK A20110117561816 E145 325200 970160 120 30 999 NONE NONE 270
	FP_ROUTE KDFW..KLFT

TRACK_TIME 1167737286
TRACK A20110117561827 E170 355260 784660 120 30 999 NONE NONE 250
	FP_ROUTE KRDU..KPHL

TRACK_TIME 1167737286
TRACK A20110117561829 CRJ1 422200 705860 120 30 999 NONE NONE 300
	FP_ROUTE KBOS..KRDU

TRACK_TIME 1167737286
TRACK A20110117561833 CRJ2 304800 831600 120 30 999 NONE NONE 260
	FP_ROUTE KVLD..KATL

TRACK_TIME 1167737286
TRACK A20110117561834 B737 293760 951600 120 30 999 NONE NONE 280
	FP_ROUTE KHOU..KDAL

TRACK_TIME 1167737286
TRACK A20110117561837 CRJ2 375200 802400 120 30 999 NONE NONE 250
	FP_ROUTE KLWB..KJFK

TRACK_TIME 1167737286
TRACK A20110117561840 B737 260460 800760 120 30 999 NONE NONE 390
	FP_ROUTE KFLL..KATL

TRACK_TIME 1167737286
TRACK A20110117561845 A320 260460 800760 120 30 999 NONE NONE 370
	FP_ROUTE KFLL..KJFK

TRACK_TIME 1167737286
TRACK A20110117561847 E170 415800 875860 120 30 999 NONE NONE 300
	FP_ROUTE KORD..KMSP

TRACK_TIME 1167737286
TRACK A20110117561853 CRJ2 415800 875700 120 30 999 NONE NONE 310
	FP_ROUTE KORD..KPNS

TRACK_TIME 1167737286
TRACK A20110117561854 CRJ2 421200 832100 120 30 999 NONE NONE 140
	FP_ROUTE KDTW..KORF

TRACK_TIME 1167737286
TRACK A20110117561855 CRJ2 365400 761200 120 30 999 NONE NONE 260
	FP_ROUTE KORF..KDTW

TRACK_TIME 1167737286
TRACK A20110117561863 E145 403900 734600 120 30 999 NONE NONE 280
	FP_ROUTE KJFK..KRDU

TRACK_TIME 1167737286
TRACK A20110117561868 B763 205500 1562400 120 30 999 NONE NONE 350
	FP_ROUTE KOGG..KDFW

TRACK_TIME 1167737286
TRACK A20110117561871 CRJ2 401200 764660 120 30 999 NONE NONE 320
	FP_ROUTE KMDT..KATL

TRACK_TIME 1167737286
TRACK A20110117561873 E145 391000 764200 120 30 999 NONE NONE 104
	FP_ROUTE KBWI..KEWR

TRACK_TIME 1167737286
TRACK A20110117561876 FA20 264200 800100 120 30 999 NONE NONE 350
	FP_ROUTE KPBI..KRIC

TRACK_TIME 1167737286
TRACK A20110117561878 CRJ2 414360 712500 120 30 999 NONE NONE 320
	FP_ROUTE KPVD..KDTW

TRACK_TIME 1167737286
TRACK A20110117561882 A319 422200 710100 120 30 999 NONE NONE 160
	FP_ROUTE KBOS..KLGA

TRACK_TIME 1167737286
TRACK A20110117561893 CRJ2 390600 1083000 120 30 999 NONE NONE 260
	FP_ROUTE KGJT..KSLC

TRACK_TIME 1167737286
TRACK A20110117561894 C560 284660 811360 120 30 999 NONE NONE 110
	FP_ROUTE KSFB..KSSI

TRACK_TIME 1167737286
TRACK A20110117561899 E145 415700 724000 120 30 999 NONE NONE 340
	FP_ROUTE KBDL..KDTW

TRACK_TIME 1167737286
TRACK A20110117561901 B737 404900 735200 120 30 999 NONE NONE 380
	FP_ROUTE KLGA..KIAH

TRACK_TIME 1167737286
TRACK A20110117561912 B752 333760 842260 120 30 999 NONE NONE 91
	FP_ROUTE KATL..KMCO

TRACK_TIME 1167737286
TRACK A20110117561913 CRJ2 444600 894000 120 30 999 NONE NONE 80
	FP_ROUTE KCWA..KORD

TRACK_TIME 1167737286
TRACK A20110117561916 B712 263460 814200 120 30 999 NONE NONE 320
	FP_ROUTE KRSW..KATL

TRACK_TIME 1167737286
TRACK A20110117561918 E145 325200 970160 120 30 999 NONE NONE 370
	FP_ROUTE KDFW..KCVG

TRACK_TIME 1167737286
TRACK A20110117561919 CRJ2 335700 811000 120 30 999 NONE NONE 220
	FP_ROUTE KCAE..KATL

TRACK_TIME 1167737286
TRACK A20110117561921 E145 384360 901660 120 30 999 NONE NONE 360
	FP_ROUTE KSTL..KIAH

TRACK_TIME 1167737286
TRACK A20110117561924 B733 360700 1150900 120 30 999 NONE NONE 350
	FP_ROUTE KLAS..KMCI

TRACK_TIME 1167737286
TRACK A20110117561931 B734 340160 1173300 120 30 999 NONE NONE 320
	FP_ROUTE KONT..KSEA

TRACK_TIME 1167737286
TRACK A20110117561933 B712 351200 805560 120 30 999 NONE NONE 290
	FP_ROUTE KCLT..KBWI

TRACK_TIME 1167737286
TRACK A20110117561937 E145 415800 875560 120 30 999 NONE NONE 270
	FP_ROUTE KORD..KLEX

TRACK_TIME 1167737286
TRACK A20110117561939 E145 412400 815700 120 30 999 NONE NONE 330
	FP_ROUTE KCLE..KBOS

TRACK_TIME 1167737286
TRACK A20110117561942 E145 380000 843900 120 30 999 NONE NONE 110
	FP_ROUTE KLEX..KORD

TRACK_TIME 1167737286
TRACK A20110117561943 A319 300000 901500 120 30 999 NONE NONE 350
	FP_ROUTE KMSY..KPHL

TRACK_TIME 1167737286
TRACK A20110117561944 A320 422100 710160 120 30 999 NONE NONE 340
	FP_ROUTE KBOS..KCLT

TRACK_TIME 1167737286
TRACK A20110117561946 E135 335560 1182700 120 30 999 NONE NONE 100
	FP_ROUTE KLAX..KSBA

TRACK_TIME 1167737286
TRACK A20110117561950 A320 425500 875400 120 30 999 NONE NONE 340
	FP_ROUTE KMKE..KPHX

TRACK_TIME 1167737286
TRACK A20110117561952 E190 404660 735200 120 30 999 NONE NONE 170
	FP_ROUTE KLGA..KBOS

TRACK_TIME 1167737286
TRACK A20110117561955 E145 373160 771960 120 30 999 NONE NONE 100
	FP_ROUTE KRIC..KIAD

TRACK_TIME 1167737286
TRACK A20110117561956 A320 394960 1044300 120 30 999 NONE NONE 380
	FP_ROUTE KDEN..KBIL

TRACK_TIME 1167737286
TRACK A20110117561958 E190 314800 1062400 120 30 999 NONE NONE 400
	FP_ROUTE KELP..KLAX

TRACK_TIME 1167737286
TRACK A20110117561959 E145 421200 832200 120 30 999 NONE NONE 120
	FP_ROUTE KDTW..KGRR

TRACK_TIME 1167737286
TRACK A20110117561964 E145 385500 772560 120 30 999 NONE NONE 70
	FP_ROUTE KIAD..KRIC

TRACK_TIME 1167737286
TRACK A20110117561965 BE20 430700 892100 120 30 999 NONE NONE 169
	FP_ROUTE KMSN..KBIV

TRACK_TIME 1167737286
TRACK A20110117561980 B752 404600 740760 120 30 999 NONE NONE 380
	FP_ROUTE KEWR..KORD

TRACK_TIME 1167737286
TRACK A20110117561981 LJ45 303100 855100 120 30 999 NONE NONE 260
	FP_ROUTE KECP..KHSV

TRACK_TIME 1167737286
TRACK A20110117561983 CRJ9 390160 843900 120 30 999 NONE NONE 370
	FP_ROUTE KCVG..KBOS

TRACK_TIME 1167737286
TRACK A20110117561984 LJ45 343700 864600 120 30 999 NONE NONE 260
	FP_ROUTE KHSV..KSTL

TRACK_TIME 1167737286
TRACK A20110117561985 B733 325200 965200 120 30 999 NONE NONE 300
	FP_ROUTE KDAL..KSAT

TRACK_TIME 1167737286
TRACK A20110117561988 E145 415860 875200 120 30 999 NONE NONE 110
	FP_ROUTE KORD..KCMI

TRACK_TIME 1167737286
TRACK A20110117561989 E145 293760 951660 120 30 999 NONE NONE 49
	FP_ROUTE KHOU..KDFW

TRACK_TIME 1167737286
TRACK A20110117561990 A320 373760 1222200 120 30 999 NONE NONE 370
	FP_ROUTE KSFO..KSAN

TRACK_TIME 1167737286
TRACK A20110117561995 MD82 393460 1194800 120 30 999 NONE NONE 330
	FP_ROUTE KRNO..KDFW

TRACK_TIME 1167737286
TRACK A20110117561996 B752 472560 1221900 120 30 999 NONE NONE 370
	FP_ROUTE KSEA..KSFO

TRACK_TIME 1167737286
TRACK A20110117562004 A320 263000 814960 120 30 999 NONE NONE 370
	FP_ROUTE KRSW..KBOS

TRACK_TIME 1167737286
TRACK A20110117562008 E135 325700 970160 120 30 999 NONE NONE 310
	FP_ROUTE KDFW..KCAE

TRACK_TIME 1167737286
TRACK A20110117562014 CRJ2 410600 734500 120 30 999 NONE NONE 200
	FP_ROUTE KHPN..KDCA

TRACK_TIME 1167737286
TRACK A20110117562018 B733 374300 1221360 120 30 999 NONE NONE 370
	FP_ROUTE KOAK..KLAX

TRACK_TIME 1167737286
TRACK A20110117562019 CRJ2 395500 841000 120 30 999 NONE NONE 310
	FP_ROUTE KDAY..KPHL

TRACK_TIME 1167737286
TRACK A20110117562020 CRJ2 350900 805700 120 30 999 NONE NONE 220
	FP_ROUTE KCLT..KCHA

TRACK_TIME 1167737286
TRACK A20110117562021 B733 335700 1182800 120 30 999 NONE NONE 350
	FP_ROUTE KLAX..KSAT

TRACK_TIME 1167737286
TRACK A20110117562022 CRJ2 351360 805700 120 30 999 NONE NONE 220
	FP_ROUTE KCLT..KTYS

TRACK_TIME 1167737286
TRACK A20110117562023 CRJ2 354960 835700 120 30 999 NONE NONE 60
	FP_ROUTE KTYS..KCLT

TRACK_TIME 1167737286
TRACK A20110117562026 CRJ2 341000 1182200 120 30 999 NONE NONE 90
	FP_ROUTE KBUR..KSFO

TRACK_TIME 1167737286
TRACK A20110117562028 E170 421000 832400 120 30 999 NONE NONE 360
	FP_ROUTE KDTW..KSAT

TRACK_TIME 1167737286
TRACK A20110117562034 CRJ2 371800 1214800 120 30 999 NONE NONE 150
	FP_ROUTE KBUR..KFAT

TRACK_TIME 1167737286
TRACK A20110117562037 E135 403900 894060 120 30 999 NONE NONE 110
	FP_ROUTE KPIA..KORD

TRACK_TIME 1167737286
TRACK A20110117562044 B752 333700 842400 120 30 999 NONE NONE 350
	FP_ROUTE KATL..KTPA

TRACK_TIME 1167737286
TRACK A20110117562050 MD83 320600 1105500 120 30 999 NONE NONE 330
	FP_ROUTE KTUS..KDFW

TRACK_TIME 1167737286
TRACK A20110117562062 F2TH 324960 964900 120 30 999 NONE NONE 410
	FP_ROUTE KDAL..KPBI

TRACK_TIME 1167737286
TRACK A20110117562063 F2TH 264060 800900 120 30 999 NONE NONE 390
	FP_ROUTE KPBI..KHPN

TRACK_TIME 1167737286
TRACK A20110117562066 E190 403760 734960 120 30 999 NONE NONE 170
	FP_ROUTE KJFK..KBOS

TRACK_TIME 1167737286
TRACK A20110117562068 B733 414360 874500 120 30 999 NONE NONE 330
	FP_ROUTE KMDW..KBNA

TRACK_TIME 1167737286
TRACK A20110117562069 C560 394960 855560 120 30 999 NONE NONE 430
	FP_ROUTE KMQJ..KTRM

TRACK_TIME 1167737286
TRACK A20110117562070 CRJ2 350000 851300 120 30 999 NONE NONE 130
	FP_ROUTE KCHA..KATL

TRACK_TIME 1167737286
TRACK A20110117562071 CRJ2 385260 772560 120 30 999 NONE NONE 300
	FP_ROUTE KIAD..KCAE

TRACK_TIME 1167737286
TRACK A20110117562078 B752 333760 842400 120 30 999 NONE NONE 290
	FP_ROUTE KATL..KRDU

TRACK_TIME 1167737286
TRACK A20110117562079 B738 404360 740760 120 30 999 NONE NONE 210
	FP_ROUTE KEWR..KBOS

TRACK_TIME 1167737286
TRACK A20110117562080 A320 395260 751300 120 30 999 NONE NONE 360
	FP_ROUTE KPHL..KSFO

TRACK_TIME 1167737286
TRACK A20110117562081 CRJ2 354660 840160 120 30 999 NONE NONE 110
	FP_ROUTE KTYS..KCLT

TRACK_TIME 1167737286
TRACK A20110117562085 CRJ2 333760 842260 120 30 999 NONE NONE 200
	FP_ROUTE KATL..KECP

TRACK_TIME 1167737286
TRACK A20110117562086 CRJ2 303160 853700 120 30 999 NONE NONE 230
	FP_ROUTE KECP..KATL

TRACK_TIME 1167737286
TRACK A20110117562088 CRJ2 421200 832200 120 30 999 NONE NONE 260
	FP_ROUTE KDTW..KPLN

TRACK_TIME 1167737286
TRACK A20110117562094 E170 425560 875400 120 30 999 NONE NONE 360
	FP_ROUTE KMKE..KOMA

TRACK_TIME 1167737286
TRACK A20110117562099 CRJ9 400000 825400 120 30 999 NONE NONE 290
	FP_ROUTE KCMH..KATL

TRACK_TIME 1167737286
TRACK A20110117562100 FA20 410460 734300 120 30 999 NONE NONE 19
	FP_ROUTE KHPN..KTEB

TRACK_TIME 1167737286
TRACK A20110117562114 E190 422260 710100 120 30 999 NONE NONE 380
	FP_ROUTE KBOS..KRSW

TRACK_TIME 1167737286
TRACK A20110117562118 B737 303000 814060 120 30 999 NONE NONE 400
	FP_ROUTE KJAX..KBNA

TRACK_TIME 1167737286
TRACK A20110117562119 B737 360600 864060 120 30 999 NONE NONE 330
	FP_ROUTE KBNA..KMDW

TRACK_TIME 1167737286
TRACK A20110117562121 B737 414600 874600 120 30 999 NONE NONE 410
	FP_ROUTE KMDW..KPVD

TRACK_TIME 1167737286
TRACK A20110117562123 CRJ1 401060 764360 120 30 999 NONE NONE 280
	FP_ROUTE KMDT..KCVG

TRACK_TIME 1167737286
TRACK A20110117562131 CRJ2 405800 851000 120 30 999 NONE NONE 290
	FP_ROUTE KFWA..KATL

TRACK_TIME 1167737286
TRACK A20110117562135 B763 211800 1575400 120 30 999 NONE NONE 340
	FP_ROUTE KHNL..KLAX

TRACK_TIME 1167737286
TRACK A20110117562137 B737 360700 864000 120 30 999 NONE NONE 390
	FP_ROUTE KBNA..KBWI

TRACK_TIME 1167737286
TRACK A20110117562139 A320 333760 842260 120 30 999 NONE NONE 370
	FP_ROUTE KATL..KPHL

TRACK_TIME 1167737286
TRACK A20110117562143 F900 295800 952100 120 30 999 NONE NONE 310
	FP_ROUTE KIAH..KJKA

TRACK_TIME 1167737286
TRACK A20110117562144 B737 390760 763900 120 30 999 NONE NONE 190
	FP_ROUTE KBWI..KLGA

TRACK_TIME 1167737286
TRACK A20110117562148 B752 280160 823300 120 30 999 NONE NONE 360
	FP_ROUTE KTPA..KATL

TRACK_TIME 1167737286
TRACK A20110117562149 B752 333900 842700 120 30 999 NONE NONE 280
	FP_ROUTE KATL..KMSP

TRACK_TIME 1167737286
TRACK A20110117562150 CRJ2 382200 813700 120 30 999 NONE NONE 240
	FP_ROUTE KCRW..KCLT

TRACK_TIME 1167737286
TRACK A20110117562151 CRJ2 351960 942100 120 30 999 NONE NONE 170
	FP_ROUTE KFSM..KMEM

TRACK_TIME 1167737286
TRACK A20110117562152 B752 333900 842200 120 30 999 NONE NONE 380
	FP_ROUTE KATL..KSAN

TRACK_TIME 1167737286
TRACK A20110117562154 CRJ1 282560 811800 120 30 999 NONE NONE 270
	FP_ROUTE KMCO..KRDU

TRACK_TIME 1167737286
TRACK A20110117562162 B763 385260 772860 120 30 999 NONE NONE 360
	FP_ROUTE KIAD..KLAX

TRACK_TIME 1167737286
TRACK A20110117562165 B738 484500 1223160 120 30 999 NONE NONE 340
	FP_ROUTE KBLI..KHNL

TRACK_TIME 1167737286
TRACK A20110117562167 B738 404300 740900 120 30 999 NONE NONE 320
	FP_ROUTE KEWR..KFLL

TRACK_TIME 1167737286
TRACK A20110117562168 C750 264060 800100 120 30 999 NONE NONE 410
	FP_ROUTE KPBI..KIAD

TRACK_TIME 1167737286
TRACK A20110117562176 A320 394960 1044500 120 30 999 NONE NONE 360
	FP_ROUTE KDEN..KONT

TRACK_TIME 1167737286
TRACK A20110117562177 B712 303000 814000 120 30 999 NONE NONE 120
	FP_ROUTE KJAX..KATL

TRACK_TIME 1167737286
TRACK A20110117562179 B752 282500 811800 120 30 999 NONE NONE 350
	FP_ROUTE KMCO..KATL

TRACK_TIME 1167737286
TRACK A20110117562187 B739 295700 952100 120 30 999 NONE NONE 350
	FP_ROUTE KIAH..KTPA

TRACK_TIME 1167737286
TRACK A20110117562192 E120 404800 1120000 120 30 999 NONE NONE 220
	FP_ROUTE KSLC..KEKO

TRACK_TIME 1167737286
TRACK A20110117562193 E120 335700 1182700 120 30 999 NONE NONE 220
	FP_ROUTE KLAX..KFAT

TRACK_TIME 1167737286
TRACK A20110117562198 CRJ2 323400 845500 120 30 999 NONE NONE 100
	FP_ROUTE KCSG..KATL

TRACK_TIME 1167737286
TRACK A20110117562199 E190 410600 734360 120 30 999 NONE NONE 360
	FP_ROUTE KHPN..KMCO

TRACK_TIME 1167737286
TRACK A20110117562200 B737 611600 1495700 120 30 999 NONE NONE 410
	FP_ROUTE KANC..KSEA

TRACK_TIME 1167737286
TRACK A20110117562206 A319 414600 874360 120 30 999 NONE NONE 370
	FP_ROUTE KMDW..KATL

TRACK_TIME 1167737286
TRACK A20110117562210 B733 340300 1173760 120 30 999 NONE NONE 330
	FP_ROUTE KONT..KPHX

TRACK_TIME 1167737286
TRACK A20110117562214 A320 422260 710100 120 30 999 NONE NONE 340
	FP_ROUTE KBOS..KLAS

TRACK_TIME 1167737286
TRACK A20110117562217 MD83 360700 1150900 120 30 999 NONE NONE 320
	FP_ROUTE KLAS..KBLI

TRACK_TIME 1167737286
TRACK A20110117562220 CRJ2 321660 861900 120 30 999 NONE NONE 70
	FP_ROUTE KMGM..KCLT

TRACK_TIME 1167737286
TRACK A20110117562226 A319 332560 1120700 120 30 999 NONE NONE 320
	FP_ROUTE KPHX..KSLC

TRACK_TIME 1167737286
TRACK A20110117562231 E145 425700 712560 120 30 999 NONE NONE 50
	FP_ROUTE KMHT..KEWR

TRACK_TIME 1167737286
TRACK A20110117562235 B752 272260 823300 120 30 999 NONE NONE 360
	FP_ROUTE KSRQ..KATL

TRACK_TIME 1167737286
TRACK A20110117562237 A319 351060 805700 120 30 999 NONE NONE 220
	FP_ROUTE KCLT..KATL

TRACK_TIME 1167737286
TRACK A20110117562241 B737 414660 874300 120 30 999 NONE NONE 290
	FP_ROUTE KMDW..KCMH

TRACK_TIME 1167737286
TRACK A20110117562243 CRJ9 351060 805700 120 30 999 NONE NONE 260
	FP_ROUTE KCLT..KSDF

TRACK_TIME 1167737286
TRACK A20110117562248 B734 395100 751660 120 30 999 NONE NONE 210
	FP_ROUTE KPHL..KBDL

TRACK_TIME 1167737286
TRACK A20110117562254 A320 350300 895860 120 30 999 NONE NONE 300
	FP_ROUTE KMEM..KMSY

TRACK_TIME 1167737286
TRACK A20110117562257 B739 404360 740760 120 30 999 NONE NONE 300
	FP_ROUTE KEWR..KTPA

TRACK_TIME 1167737286
TRACK A20110117562259 B752 394600 1043900 120 30 999 NONE NONE 370
	FP_ROUTE KDEN..KMCO

TRACK_TIME 1167737286
TRACK A20110117562260 B734 264060 800000 120 30 999 NONE NONE 330
	FP_ROUTE KPBI..KPHL

TRACK_TIME 1167737286
TRACK A20110117562270 CRJ2 425560 875400 120 30 999 NONE NONE 80
	FP_ROUTE KMKE..KORD

TRACK_TIME 1167737286
TRACK A20110117562273 B752 394500 1043900 120 30 999 NONE NONE 360
	FP_ROUTE KDEN..KPHX

TRACK_TIME 1167737286
TRACK A20110117562276 F900 443300 893160 120 30 999 NONE NONE 380
	FP_ROUTE KSTE..KSDL

TRACK_TIME 1167737286
TRACK A20110117562277 B733 332560 1120160 120 30 999 NONE NONE 310
	FP_ROUTE KPHX..KOMA

TRACK_TIME 1167737286
TRACK A20110117562282 E145 321660 900400 120 30 999 NONE NONE 240
	FP_ROUTE KJAN..KIAH

TRACK_TIME 1167737286
TRACK A20110117562283 C560 390460 842500 120 30 999 NONE NONE 370
	FP_ROUTE KLUK..KTEB

TRACK_TIME 1167737286
TRACK A20110117562284 B737 391000 764300 120 30 999 NONE NONE 400
	FP_ROUTE KBWI..KSTL

TRACK_TIME 1167737286
TRACK A20110117562285 CRJ2 403000 801660 120 30 999 NONE NONE 220
	FP_ROUTE KPIT..KRIC

TRACK_TIME 1167737286
TRACK A20110117562287 B712 211900 1575400 120 30 999 NONE NONE 230
	FP_ROUTE KHNL..KITO

TRACK_TIME 1167737286
TRACK A20110117562293 E170 421300 832200 120 30 999 NONE NONE 160
	FP_ROUTE KDTW..KCMH

TRACK_TIME 1167737286
TRACK A20110117562295 C560 405260 740300 120 30 999 NONE NONE 400
	FP_ROUTE KTEB..KLUK

TRACK_TIME 1167737286
TRACK A20110117562298 B737 360600 1150900 120 30 999 NONE NONE 330
	FP_ROUTE KLAS..KSLC

TRACK_TIME 1167737286
TRACK A20110117562301 B722 390300 844200 120 30 999 NONE NONE 320
	FP_ROUTE KCVG..KDEN

TRACK_TIME 1167737286
TRACK A20110117562307 B722 395500 1044000 120 30 999 NONE NONE 320
	FP_ROUTE KDEN..KSLC

TRACK_TIME 1167737286
TRACK A20110117562309 B737 335100 1163100 120 30 999 NONE NONE 380
	FP_ROUTE KPSP..KSFO

TRACK_TIME 1167737286
TRACK A20110117562310 B737 373760 1222200 120 30 999 NONE NONE 400
	FP_ROUTE KSFO..KSEA

TRACK_TIME 1167737286
TRACK A20110117562313 B733 332560 1115700 120 30 999 NONE NONE 340
	FP_ROUTE KPHX..KOAK

TRACK_TIME 1167737286
TRACK A20110117562314 B752 275860 823300 120 30 999 NONE NONE 360
	FP_ROUTE KTPA..KATL

TRACK_TIME 1167737286
TRACK A20110117562315 B738 325100 970160 120 30 999 NONE NONE 350
	FP_ROUTE KDFW..KRSW

TRACK_TIME 1167737286
TRACK A20110117562319 B737 324500 972560 120 30 999 NONE NONE 400
	FP_ROUTE KNFW..KNZY

TRACK_TIME 1167737286
TRACK A20110117562325 CRJ2 461900 872260 120 30 999 NONE NONE 310
	FP_ROUTE KSAW..KDTW

TRACK_TIME 1167737286
TRACK A20110117562327 C560 373760 1222500 120 30 999 NONE NONE 430
	FP_ROUTE KSFO..KLBB

TRACK_TIME 1167737286
TRACK A20110117562330 E135 415860 875260 120 30 999 NONE NONE 370
	FP_ROUTE KORD..KHPN

TRACK_TIME 1167737286
TRACK A20110117562337 B738 395260 751300 120 30 999 NONE NONE 360
	FP_ROUTE KPHL..KIAH

TRACK_TIME 1167737286
TRACK A20110117562341 E145 425400 852560 120 30 999 NONE NONE 350
	FP_ROUTE KGRR..KEWR

TRACK_TIME 1167737286
TRACK A20110117562348 E170 411660 955260 120 30 999 NONE NONE 340
	FP_ROUTE KOMA..KDEN

TRACK_TIME 1167737286
TRACK A20110117562349 CRJ2 395260 751060 120 30 999 NONE NONE 280
	FP_ROUTE KPHL..KDAY

TRACK_TIME 1167737286
TRACK A20110117562351 B737 390900 943300 120 30 999 NONE NONE 300
	FP_ROUTE KMCI..KDAL

TRACK_TIME 1167737286
TRACK A20110117562355 B737 414900 874660 120 30 999 NONE NONE 350
	FP_ROUTE KMDW..KBUF

TRACK_TIME 1167737286
TRACK A20110117562359 CRJ2 420160 875100 120 30 999 NONE NONE 70
	FP_ROUTE KORD..KMKE

TRACK_TIME 1167737286
TRACK A20110117562364 MD82 373760 1222200 120 30 999 NONE NONE 330
	FP_ROUTE KSFO..KLAX

TRACK_TIME 1167737286
TRACK A20110117562371 CRJ2 415700 724200 120 30 999 NONE NONE 260
	FP_ROUTE KBDL..KDCA

TRACK_TIME 1167737286
TRACK A20110117562372 B738 211900 1575260 120 30 999 NONE NONE 360
	FP_ROUTE KHNL..KSEA

TRACK_TIME 1167737286
TRACK A20110117562373 E170 424800 734900 120 30 999 NONE NONE 360
	FP_ROUTE KALB..KCLT

TRACK_TIME 1167737286
TRACK A20110117562376 E170 415860 875200 120 30 999 NONE NONE 350
	FP_ROUTE KORD..KHPN

TRACK_TIME 1167737286
TRACK A20110117562382 A319 395100 1043000 120 30 999 NONE NONE 350
	FP_ROUTE KDEN..KDFW

TRACK_TIME 1167737286
TRACK A20110117562383 A320 324500 1171360 120 30 999 NONE NONE 370
	FP_ROUTE KSAN..KPHL

TRACK_TIME 1167737286
TRACK A20110117562385 DH8D 473700 1173300 120 30 999 NONE NONE 220
	FP_ROUTE KGEG..KSEA

TRACK_TIME 1167737286
TRACK A20110117562386 E145 403760 734960 120 30 999 NONE NONE 260
	FP_ROUTE KJFK..KORF

TRACK_TIME 1167737286
TRACK A20110117562387 CRJ2 421000 832400 120 30 999 NONE NONE 121
	FP_ROUTE KDTW..KFWA

TRACK_TIME 1167737286
TRACK A20110117562391 E145 365400 761200 120 30 999 NONE NONE 210
	FP_ROUTE KORF..KJFK

TRACK_TIME 1167737286
TRACK A20110117562392 B737 275800 823300 120 30 999 NONE NONE 390
	FP_ROUTE KTPA..KISP

TRACK_TIME 1167737286
TRACK A20110117562393 B733 350760 805500 120 30 999 NONE NONE 350
	FP_ROUTE KCLT..KEWR

TRACK_TIME 1167737286
TRACK A20110117562397 CRJ2 352560 823160 120 30 999 NONE NONE 310
	FP_ROUTE KAVL..KLGA

TRACK_TIME 1167737286
TRACK A20110117562398 CL60 384360 901660 120 30 999 NONE NONE 390
	FP_ROUTE KSTL..KTRI

TRACK_TIME 1167737286
TRACK A20110117562401 SF34 295800 952100 120 30 999 NONE NONE 50
	FP_ROUTE KIAH..KGRK

TRACK_TIME 1167737286
TRACK A20110117562402 B752 260460 800760 120 30 999 NONE NONE 390
	FP_ROUTE KFLL..KATL

TRACK_TIME 1167737286
TRACK A20110117562403 B737 414600 874800 120 30 999 NONE NONE 320
	FP_ROUTE KMDW..KMCI

TRACK_TIME 1167737286
TRACK A20110117562405 A320 404600 1115800 120 30 999 NONE NONE 350
	FP_ROUTE KSLC..KBOS

TRACK_TIME 1167737286
TRACK A20110117562407 CRJ2 390160 843900 120 30 999 NONE NONE 230
	FP_ROUTE KCVG..KPHL

TRACK_TIME 1167737286
TRACK A20110117562409 E170 415800 875200 120 30 999 NONE NONE 210
	FP_ROUTE KORD..KIND

TRACK_TIME 1167737286
TRACK A20110117562410 MD82 325500 970300 120 30 999 NONE NONE 320
	FP_ROUTE KDFW..KDEN

TRACK_TIME 1167737286
TRACK A20110117562412 E170 445100 931360 120 30 999 NONE NONE 200
	FP_ROUTE KMSP..KORD

TRACK_TIME 1167737286
TRACK A20110117562413 C560 295860 812200 120 30 999 NONE NONE 100
	FP_ROUTE KSGJ..KMLB

TRACK_TIME 1167737286
TRACK A20110117562418 SF34 295700 940100 120 30 999 NONE NONE 60
	FP_ROUTE KBPT..KIAH

TRACK_TIME 1167737286
TRACK A20110117562420 C560 280600 803760 120 30 999 NONE NONE 50
	FP_ROUTE KMLB..KDED

TRACK_TIME 1167737286
TRACK A20110117562423 CRJ2 350100 895860 120 30 999 NONE NONE 340
	FP_ROUTE KMEM..KOMA

TRACK_TIME 1167737286
TRACK A20110117562426 CRJ2 333900 842260 120 30 999 NONE NONE 300
	FP_ROUTE KATL..KJAN

TRACK_TIME 1167737286
TRACK A20110117562431 CRJ2 411660 955260 120 30 999 NONE NONE 330
	FP_ROUTE KOMA..KMEM

TRACK_TIME 1167737286
TRACK A20110117562432 B737 301500 974300 120 30 999 NONE NONE 379
	FP_ROUTE KAUS..KLAX

TRACK_TIME 1167737286
TRACK A20110117562437 CRJ2 333900 842800 120 30 999 NONE NONE 240
	FP_ROUTE KATL..KEVV

TRACK_TIME 1167737286
TRACK A20110117562440 A319 332560 1115860 120 30 999 NONE NONE 350
	FP_ROUTE KPHX..KDEN

TRACK_TIME 1167737286
TRACK A20110117562441 A320 332560 1115860 120 30 999 NONE NONE 350
	FP_ROUTE KPHX..KEWR

TRACK_TIME 1167737286
TRACK A20110117562444 MD83 325200 970300 120 30 999 NONE NONE 320
	FP_ROUTE KDFW..KSAN

TRACK_TIME 1167737286
TRACK A20110117562447 B735 295700 951960 120 30 999 NONE NONE 350
	FP_ROUTE KIAH..KRDU

TRACK_TIME 1167737286
TRACK A20110117562449 A320 373900 1222200 120 30 999 NONE NONE 330
	FP_ROUTE KSFO..KLAX

TRACK_TIME 1167737286
TRACK A20110117562453 CRJ9 332560 1115860 120 30 999 NONE NONE 370
	FP_ROUTE KPHX..KMEM

TRACK_TIME 1167737286
TRACK A20110117562457 B738 333760 842200 120 30 999 NONE NONE 370
	FP_ROUTE KATL..KBWI

TRACK_TIME 1167737286
TRACK A20110117562459 E190 394900 1043900 120 30 999 NONE NONE 370
	FP_ROUTE KDEN..KMKE

TRACK_TIME 1167737286
TRACK A20110117562462 E145 412400 815260 120 30 999 NONE NONE 330
	FP_ROUTE KCLE..KBDL

TRACK_TIME 1167737286
TRACK A20110117562471 A320 404000 734500 120 30 999 NONE NONE 350
	FP_ROUTE KJFK..KPSE

TRACK_TIME 1167737286
TRACK A20110117562477 MD82 325100 970160 120 30 999 NONE NONE 330
	FP_ROUTE KDFW..KUTA

TRACK_TIME 1167737286
TRACK A20110117562483 E145 254900 801300 120 30 999 NONE NONE 370
	FP_ROUTE KMIA..KCLE

TRACK_TIME 1167737286
TRACK A20110117562490 SF34 551360 1625800 120 30 999 NONE NONE 140
	FP_ROUTE KCDB..KDUT

TRACK_TIME 1167737286
TRACK A20110117562492 A319 332560 1120160 120 30 999 NONE NONE 330
	FP_ROUTE KPHX..KDTW

TRACK_TIME 1167737286
TRACK A20110117562496 B738 472560 1221800 120 30 999 NONE NONE 370
	FP_ROUTE KSEA..KLIH

TRACK_TIME 1167737286
TRACK A20110117562498 B744 610700 1501800 120 30 999 NONE NONE 350
	FP_ROUTE KANC..KDFW

TRACK_TIME 1167737286
TRACK A20110117562499 E145 350400 895800 120 30 999 NONE NONE 360
	FP_ROUTE KMEM..KMIA

TRACK_TIME 1167737286
TRACK A20110117562501 B738 395260 751060 120 30 999 NONE NONE 350
	FP_ROUTE KPHL..KSJU

TRACK_TIME 1167737286
TRACK A20110117562507 A320 422200 705860 120 30 999 NONE NONE 380
	FP_ROUTE KBOS..KIAD

TRACK_TIME 1167737286
TRACK A20110117562508 B712 194300 1550000 120 30 999 NONE NONE 220
	FP_ROUTE KITO..KHNL

TRACK_TIME 1167737286
TRACK A20110117562512 E135 425560 875400 120 30 999 NONE NONE 79
	FP_ROUTE KMKE..KORD

TRACK_TIME 1167737286
TRACK A20110117562517 B733 260460 800760 120 30 999 NONE NONE 270
	FP_ROUTE KFLL..KJAX

TRACK_TIME 1167737286
TRACK A20110117562525 MD82 284660 811300 120 30 999 NONE NONE 330
	FP_ROUTE KSFB..KROA

TRACK_TIME 1167737286
TRACK A20110117562527 DH8A 365400 761060 120 30 999 NONE NONE 40
	FP_ROUTE KORF..KPHL

TRACK_TIME 1167737286
TRACK A20110117562537 A320 420100 874960 120 30 999 NONE NONE 370
	FP_ROUTE KORD..KDCA

TRACK_TIME 1167737286
TRACK A20110117562545 B712 333700 842860 120 30 999 NONE NONE 350
	FP_ROUTE KATL..KBWI

TRACK_TIME 1167737286
TRACK A20110117562547 B737 333700 842400 120 30 999 NONE NONE 390
	FP_ROUTE KATL..KEYW

TRACK_TIME 1167737286
TRACK A20110117562549 B737 335700 1183000 120 30 999 NONE NONE 360
	FP_ROUTE KLAX..KOAK

TRACK_TIME 1167737286
TRACK A20110117562552 B737 425560 875400 120 30 999 NONE NONE 390
	FP_ROUTE KMKE..KATL

TRACK_TIME 1167737286
TRACK A20110117562554 E170 404800 735200 120 30 999 NONE NONE 360
	FP_ROUTE KLGA..KMCI

TRACK_TIME 1167737286
TRACK A20110117562557 B737 374360 1221600 120 30 999 NONE NONE 370
	FP_ROUTE KOAK..KMDW

TRACK_TIME 1167737286
TRACK A20110117562560 E145 301200 920000 120 30 999 NONE NONE 320
	FP_ROUTE KLFT..KDFW

TRACK_TIME 1167737286
TRACK A20110117562561 A320 415560 875260 120 30 999 NONE NONE 320
	FP_ROUTE KORD..KPIT

TRACK_TIME 1167737286
TRACK A20110117562562 E145 255400 972500 120 30 999 NONE NONE 250
	FP_ROUTE KBRO..KIAH

TRACK_TIME 1167737286
TRACK A20110117562563 B737 373760 1222560 120 30 999 NONE NONE 370
	FP_ROUTE KSFO..KSNA

TRACK_TIME 1167737286
TRACK A20110117562565 E145 360460 864300 120 30 999 NONE NONE 360
	FP_ROUTE KBNA..KIAH

TRACK_TIME 1167737286
TRACK A20110117562572 B752 254800 801600 120 30 999 NONE NONE 390
	FP_ROUTE KMIA..KIAD

TRACK_TIME 1167737286
TRACK A20110117562573 A320 385700 773100 120 30 999 NONE NONE 360
	FP_ROUTE KIAD..KSEA

TRACK_TIME 1167737286
TRACK A20110117562574 DH8A 404800 735100 120 30 999 NONE NONE 81
	FP_ROUTE KLGA..KPHL

TRACK_TIME 1167737286
TRACK A20110117562579 LJ45 311600 812800 120 30 999 NONE NONE 400
	FP_ROUTE KBQK..KSNH

TRACK_TIME 1167737286
TRACK A20110117562581 B737 420000 875100 120 30 999 NONE NONE 370
	FP_ROUTE KORD..KEWR

TRACK_TIME 1167737286
TRACK A20110117562588 B734 385200 770160 120 30 999 NONE NONE 299
	FP_ROUTE KDCA..KMCO

TRACK_TIME 1167737286
TRACK A20110117562589 BE20 321300 1065400 120 30 999 NONE NONE 190
	FP_ROUTE KLRU..KATS

TRACK_TIME 1167737286
TRACK A20110117562590 E120 441500 1211060 120 30 999 NONE NONE 159
	FP_ROUTE KRDM..KPDX

TRACK_TIME 1167737286
TRACK A20110117562598 B733 393400 1194660 120 30 999 NONE NONE 330
	FP_ROUTE KRNO..KLAS

TRACK_TIME 1167737286
TRACK A20110117562599 B737 320600 1105560 120 30 999 NONE NONE 260
	FP_ROUTE KTUS..KLAS

TRACK_TIME 1167737286
TRACK A20110117562600 B733 360700 1150900 120 30 999 NONE NONE 330
	FP_ROUTE KLAS..KHOU

TRACK_TIME 1167737286
TRACK A20110117562604 B737 360600 1150900 120 30 999 NONE NONE 240
	FP_ROUTE KLAS..KSNA

TRACK_TIME 1167737286
TRACK A20110117562605 E145 293100 982800 120 30 999 NONE NONE 190
	FP_ROUTE KSAT..KIAH

TRACK_TIME 1167737286
TRACK A20110117562608 H25A 411800 955260 120 30 999 NONE NONE 350
	FP_ROUTE KOMA..KPTK

TRACK_TIME 1167737286
TRACK A20110117562609 B737 333760 1175260 120 30 999 NONE NONE 240
	FP_ROUTE KSNA..KOAK

TRACK_TIME 1167737286
TRACK A20110117562611 B733 293760 951800 120 30 999 NONE NONE 330
	FP_ROUTE KHOU..KJAN

TRACK_TIME 1167737286
TRACK A20110117562612 A320 395200 1044800 120 30 999 NONE NONE 370
	FP_ROUTE KDEN..KMSP

TRACK_TIME 1167737286
TRACK A20110117562616 CRJ2 363400 821960 120 30 999 NONE NONE 110
	FP_ROUTE KTRI..KCLT

TRACK_TIME 1167737286
TRACK A20110117562619 LJ45 264200 800900 120 30 999 NONE NONE 450
	FP_ROUTE KPBI..KBDL

TRACK_TIME 1167737286
TRACK A20110117562623 A319 260400 800900 120 30 999 NONE NONE 370
	FP_ROUTE KFLL..KBOS

TRACK_TIME 1167737286
TRACK A20110117562627 B753 211800 1575260 120 30 999 NONE NONE 330
	FP_ROUTE KHNL..KSEA

TRACK_TIME 1167737286
TRACK A20110117562628 B744 343300 865700 120 30 999 NONE NONE 210
	FP_ROUTE KHSV..KATL

TRACK_TIME 1167737286
TRACK A20110117562629 A321 404960 735200 120 30 999 NONE NONE 340
	FP_ROUTE KLGA..KCLT

TRACK_TIME 1167737286
TRACK A20110117562634 B763 335560 1182560 120 30 999 NONE NONE 350
	FP_ROUTE KLAX..KMSP

TRACK_TIME 1167737286
TRACK A20110117562639 E145 412400 815260 120 30 999 NONE NONE 200
	FP_ROUTE KCLE..KGRR

TRACK_TIME 1167737286
TRACK A20110117562642 LJ35 374500 1221660 120 30 999 NONE NONE 370
	FP_ROUTE KOAK..KBUR

TRACK_TIME 1167737286
TRACK A20110117562647 E145 444960 931200 120 30 999 NONE NONE 350
	FP_ROUTE KMSP..KCLE

TRACK_TIME 1167737286
TRACK A20110117562648 B737 391000 764360 120 30 999 NONE NONE 330
	FP_ROUTE KBWI..KPVD

TRACK_TIME 1167737286
TRACK A20110117562650 CRJ2 333760 842800 120 30 999 NONE NONE 99
	FP_ROUTE KATL..KCSG

TRACK_TIME 1167737286
TRACK A20110117562651 A319 422200 710100 120 30 999 NONE NONE 380
	FP_ROUTE KBOS..KORD

TRACK_TIME 1167737286
TRACK A20110117562656 SF34 385700 773160 120 30 999 NONE NONE 90
	FP_ROUTE KIAD..KUNV

TRACK_TIME 1167737286
TRACK A20110117562659 F2TH 422800 711960 120 30 999 NONE NONE 31
	FP_ROUTE KBED..KHPN

TRACK_TIME 1167737286
TRACK A20110117562661 A320 425800 784060 120 30 999 NONE NONE 210
	FP_ROUTE KBUF..KJFK

TRACK_TIME 1167737286
TRACK A20110117562664 A320 421060 832200 120 30 999 NONE NONE 350
	FP_ROUTE KDTW..KPHL

TRACK_TIME 1167737286
TRACK A20110117562667 A320 333760 842200 120 30 999 NONE NONE 50
	FP_ROUTE KATL..KCLT

TRACK_TIME 1167737286
TRACK A20110117562669 CRJ2 321360 895860 120 30 999 NONE NONE 330
	FP_ROUTE KJAN..KCLT

TRACK_TIME 1167737286
TRACK A20110117562672 LJ45 325100 964960 120 30 999 NONE NONE 110
	FP_ROUTE KDAL..KHOU

TRACK_TIME 1167737286
TRACK A20110117562673 F2TH 410600 734500 120 30 999 NONE NONE 200
	FP_ROUTE KHPN..KIAD

TRACK_TIME 1167737286
TRACK A20110117562675 C560 333900 1175260 120 30 999 NONE NONE 370
	FP_ROUTE KSNA..KICT

TRACK_TIME 1167737286
TRACK A20110117562676 MD83 384360 901660 120 30 999 NONE NONE 300
	FP_ROUTE KSTL..KDFW

TRACK_TIME 1167737286
TRACK A20110117562677 E145 404900 735200 120 30 999 NONE NONE 340
	FP_ROUTE KLGA..KILM

TRACK_TIME 1167737286
TRACK A20110117562678 B738 472500 1221900 120 30 999 NONE NONE 330
	FP_ROUTE KSEA..KDCA

TRACK_TIME 1167737286
TRACK A20110117562679 FA50 384060 773300 120 30 999 NONE NONE 380
	FP_ROUTE KHEF..KLAS

TRACK_TIME 1167737286
TRACK A20110117562682 C560 373900 972560 120 30 999 NONE NONE 350
	FP_ROUTE KICT..KCLT

TRACK_TIME 1167737286
TRACK A20110117562684 E190 404360 734960 120 30 999 NONE NONE 110
	FP_ROUTE KLGA..KBOS

TRACK_TIME 1167737286
TRACK A20110117562687 A319 260460 800760 120 30 999 NONE NONE 350
	FP_ROUTE KFLL..KLGA

TRACK_TIME 1167737286
TRACK A20110117562690 A320 383900 1213400 120 30 999 NONE NONE 330
	FP_ROUTE KSMF..KSLC

TRACK_TIME 1167737286
TRACK A20110117562693 CRJ9 325200 970300 120 30 999 NONE NONE 360
	FP_ROUTE KDFW..KSLC

TRACK_TIME 1167737286
TRACK A20110117562695 CRJ2 371300 931800 120 30 999 NONE NONE 310
	FP_ROUTE KSGF..KATL

TRACK_TIME 1167737286
TRACK A20110117562696 CRJ2 333700 843000 120 30 999 NONE NONE 190
	FP_ROUTE KATL..KGSP

TRACK_TIME 1167737286
TRACK A20110117562697 DH8A 395200 751600 120 30 999 NONE NONE 80
	FP_ROUTE KPHL..KLGA

TRACK_TIME 1167737286
TRACK A20110117562700 E145 295860 951800 120 30 999 NONE NONE 310
	FP_ROUTE KIAH..KMEM

TRACK_TIME 1167737286
TRACK A20110117562701 A320 390300 844060 120 30 999 NONE NONE 360
	FP_ROUTE KCVG..KDEN

TRACK_TIME 1167737286
TRACK A20110117562709 A319 263000 814900 120 30 999 NONE NONE 370
	FP_ROUTE KRSW..KLGA

TRACK_TIME 1167737286
TRACK A20110117562712 E190 403900 734500 120 30 999 NONE NONE 280
	FP_ROUTE KJFK..KRDU

TRACK_TIME 1167737286
TRACK A20110117562713 CRJ2 421200 832100 120 30 999 NONE NONE 290
	FP_ROUTE KDTW..KPHL

TRACK_TIME 1167737286
TRACK A20110117562718 A320 420000 875260 120 30 999 NONE NONE 390
	FP_ROUTE KORD..KMDT

TRACK_TIME 1167737286
TRACK A20110117562720 E145 295700 951960 120 30 999 NONE NONE 370
	FP_ROUTE KIAH..KOMA

TRACK_TIME 1167737286
TRACK A20110117562722 DH8A 395100 751600 120 30 999 NONE NONE 81
	FP_ROUTE KPHL..KLGA

TRACK_TIME 1167737286
TRACK A20110117562730 B738 295700 952100 120 30 999 NONE NONE 360
	FP_ROUTE KIAH..KDEN

TRACK_TIME 1167737286
TRACK A20110117562734 CRJ2 444900 931500 120 30 999 NONE NONE 60
	FP_ROUTE KMSP..KFSD

TRACK_TIME 1167737286
TRACK A20110117562739 B738 445100 931060 120 30 999 NONE NONE 390
	FP_ROUTE KMSP..KLGA

TRACK_TIME 1167737286
TRACK A20110117562740 CRJ2 373760 1222200 120 30 999 NONE NONE 310
	FP_ROUTE KSFO..KRDM

TRACK_TIME 1167737286
TRACK A20110117562744 SF34 350300 895860 120 30 999 NONE NONE 149
	FP_ROUTE KMEM..KPIB

TRACK_TIME 1167737286
TRACK A20110117562749 DH8A 391300 763900 120 30 999 NONE NONE 121
	FP_ROUTE KBWI..KLGA

TRACK_TIME 1167737286
TRACK A20110117562750 BE20 611660 1502560 120 30 999 NONE NONE 280
	FP_ROUTE KANC..KENM

TRACK_TIME 1167737286
TRACK A20110117562757 CRJ2 433460 1161600 120 30 999 NONE NONE 340
	FP_ROUTE KBOI..KSFO

TRACK_TIME 1167737286
TRACK A20110117562758 BE20 620100 1632560 120 30 999 NONE NONE 270
	FP_ROUTE KMOU..KANC

TRACK_TIME 1167737286
TRACK A20110117562759 C550 353160 973900 120 30 999 NONE NONE 300
	FP_ROUTE KPWA..KMAF

TRACK_TIME 1167737286
TRACK A20110117562763 E135 380900 854360 120 30 999 NONE NONE 260
	FP_ROUTE KSDF..KMKE

TRACK_TIME 1167737286
TRACK A20110117562765 C550 314060 1021900 120 30 999 NONE NONE 120
	FP_ROUTE KMAF..KFST

TRACK_TIME 1167737286
TRACK A20110117562767 C550 305560 1025560 120 30 999 NONE NONE 310
	FP_ROUTE KFST..KPWA

TRACK_TIME 1167737286
TRACK A20110117562769 CRJ2 421200 832260 120 30 999 NONE NONE 140
	FP_ROUTE KDTW..KSBN

TRACK_TIME 1167737286
TRACK A20110117562770 CRJ2 414200 861800 120 30 999 NONE NONE 121
	FP_ROUTE KSBN..KDTW

TRACK_TIME 1167737286
TRACK A20110117562772 E190 472560 1221800 120 30 999 NONE NONE 350
	FP_ROUTE KSEA..KMCI

TRACK_TIME 1167737286
TRACK A20110117562773 B752 393900 1065500 120 30 999 NONE NONE 370
	FP_ROUTE KEGE..KIAH

TRACK_TIME 1167737286
TRACK A20110117562776 E170 404800 735200 120 30 999 NONE NONE 380
	FP_ROUTE KLGA..KMCI

TRACK_TIME 1167737286
TRACK A20110117562777 B712 280000 823160 120 30 999 NONE NONE 330
	FP_ROUTE KTPA..KPIT

TRACK_TIME 1167737286
TRACK A20110117562783 E145 334060 1014960 120 30 999 NONE NONE 290
	FP_ROUTE KLBB..KIAH

TRACK_TIME 1167737286
TRACK A20110117562784 B735 402860 801200 120 30 999 NONE NONE 340
	FP_ROUTE KPIT..KIAH

TRACK_TIME 1167737286
TRACK A20110117562785 DH8D 433900 701960 120 30 999 NONE NONE 160
	FP_ROUTE KPWM..KEWR

TRACK_TIME 1167737286
TRACK A20110117562790 B752 300100 901500 120 30 999 NONE NONE 330
	FP_ROUTE KMSY..KATL

TRACK_TIME 1167737286
TRACK A20110117562791 CRJ2 350160 1063460 120 30 999 NONE NONE 260
	FP_ROUTE KABQ..KPHX

TRACK_TIME 1167737286
TRACK A20110117562793 E170 384360 901600 120 30 999 NONE NONE 350
	FP_ROUTE KSTL..KEWR

TRACK_TIME 1167737286
TRACK A20110117562800 A320 335500 1182860 120 30 999 NONE NONE 350
	FP_ROUTE KLAX..KIAD

TRACK_TIME 1167737286
TRACK A20110117562801 A319 314900 1062200 120 30 999 NONE NONE 340
	FP_ROUTE KELP..KPHX

TRACK_TIME 1167737286
TRACK A20110117562803 LJ35 254800 801800 120 30 999 NONE NONE 20
	FP_ROUTE KMIA..KFLL

TRACK_TIME 1167737286
TRACK A20110117562804 A320 415800 875800 120 30 999 NONE NONE 340
	FP_ROUTE KORD..KPHX

TRACK_TIME 1167737286
TRACK A20110117562805 B738 295560 952200 120 30 999 NONE NONE 340
	FP_ROUTE KIAH..KDEN

TRACK_TIME 1167737286
TRACK A20110117562806 F2TH 342500 1195100 120 30 999 NONE NONE 430
	FP_ROUTE KSBA..KMHT

TRACK_TIME 1167737286
TRACK A20110117562810 B737 384300 901600 120 30 999 NONE NONE 400
	FP_ROUTE KSTL..KTUL

TRACK_TIME 1167737286
TRACK A20110117562813 CRJ9 413160 933900 120 30 999 NONE NONE 350
	FP_ROUTE KDSM..KATL

TRACK_TIME 1167737286
TRACK A20110117562814 B737 282400 811800 120 30 999 NONE NONE 400
	FP_ROUTE KMCO..KIND

TRACK_TIME 1167737286
TRACK A20110117562815 E190 425700 784200 120 30 999 NONE NONE 210
	FP_ROUTE KBUF..KBOS

TRACK_TIME 1167737286
TRACK A20110117562818 CRJ9 332560 1115860 120 30 999 NONE NONE 350
	FP_ROUTE KPHX..KAUS

TRACK_TIME 1167737286
TRACK A20110117562824 A319 422200 705860 120 30 999 NONE NONE 300
	FP_ROUTE KBOS..KDCA

TRACK_TIME 1167737286
TRACK A20110117562826 MD82 373700 972700 120 30 999 NONE NONE 190
	FP_ROUTE KICT..KDFW

TRACK_TIME 1167737286
TRACK A20110117562831 E135 325260 970160 120 30 999 NONE NONE 310
	FP_ROUTE KDFW..KBTR

TRACK_TIME 1167737286
TRACK A20110117562832 C550 372700 944360 120 30 999 NONE NONE 280
	FP_ROUTE KPTS..KHOU

TRACK_TIME 1167737286
TRACK A20110117562835 E135 325260 970160 120 30 999 NONE NONE 250
	FP_ROUTE KDFW..KJAN

TRACK_TIME 1167737286
TRACK A20110117562842 A321 414360 712500 120 30 999 NONE NONE 320
	FP_ROUTE KPVD..KCLT

TRACK_TIME 1167737286
TRACK A20110117562855 CRJ2 385260 770400 120 30 999 NONE NONE 230
	FP_ROUTE KDCA..KHPN

TRACK_TIME 1167737286
TRACK A20110117562860 B712 194060 1560300 120 30 999 NONE NONE 220
	FP_ROUTE KKOA..KHNL

TRACK_TIME 1167737286
TRACK A20110117562864 E145 412260 815500 120 30 999 NONE NONE 360
	FP_ROUTE KCLE..KMSY

TRACK_TIME 1167737286
TRACK A20110117562867 B738 324500 1171300 120 30 999 NONE NONE 350
	FP_ROUTE KSAN..KORD

TRACK_TIME 1167737286
TRACK A20110117562868 B752 403760 735100 120 30 999 NONE NONE 340
	FP_ROUTE KJFK..KLAS

TRACK_TIME 1167737286
TRACK A20110117562873 B737 282500 811800 120 30 999 NONE NONE 380
	FP_ROUTE KMCO..KBNA

TRACK_TIME 1167737286
TRACK A20110117562874 B737 360600 864060 120 30 999 NONE NONE 380
	FP_ROUTE KBNA..KLAS

TRACK_TIME 1167737286
TRACK A20110117562875 B737 360700 1150900 120 30 999 NONE NONE 280
	FP_ROUTE KLAS..KSNA

TRACK_TIME 1167737286
TRACK A20110117562882 BE20 445800 930400 120 30 999 NONE NONE 120
	FP_ROUTE KSTP..KFSD

TRACK_TIME 1167737286
TRACK A20110117562887 MD82 420000 875260 120 30 999 NONE NONE 350
	FP_ROUTE KORD..KLGA

TRACK_TIME 1167737286
TRACK A20110117562892 B737 372260 1215700 120 30 999 NONE NONE 350
	FP_ROUTE KSJC..KLAX

TRACK_TIME 1167737286
TRACK A20110117562896 B737 335700 1182800 120 30 999 NONE NONE 330
	FP_ROUTE KLAX..KPHX

TRACK_TIME 1167737286
TRACK A20110117562897 B737 332560 1120160 120 30 999 NONE NONE 390
	FP_ROUTE KPHX..KBHM

TRACK_TIME 1167737286
TRACK A20110117562899 MD83 415860 875100 120 30 999 NONE NONE 330
	FP_ROUTE KORD..KLGA

TRACK_TIME 1167737286
TRACK A20110117562901 B738 420300 875860 120 30 999 NONE NONE 300
	FP_ROUTE KORD..KLAS

TRACK_TIME 1167737286
TRACK A20110117562902 MD82 415860 875260 120 30 999 NONE NONE 360
	FP_ROUTE KORD..KAUS

TRACK_TIME 1167737286
TRACK A20110117562905 CRJ2 405560 812560 120 30 999 NONE NONE 300
	FP_ROUTE KCAK..KATL

TRACK_TIME 1167737286
TRACK A20110117562910 DH8A 404900 735100 120 30 999 NONE NONE 69
	FP_ROUTE KLGA..KBDL

TRACK_TIME 1167737286
TRACK A20110117562912 CRJ2 395260 751200 120 30 999 NONE NONE 100
	FP_ROUTE KPHL..KDCA

TRACK_TIME 1167737286
TRACK A20110117562913 B733 390900 763900 120 30 999 NONE NONE 270
	FP_ROUTE KBWI..KPVD

TRACK_TIME 1167737286
TRACK A20110117562916 A319 374300 1221500 120 30 999 NONE NONE 390
	FP_ROUTE KOAK..KPHX

TRACK_TIME 1167737286
TRACK A20110117562917 A319 332560 1120160 120 30 999 NONE NONE 330
	FP_ROUTE KPHX..KELP

TRACK_TIME 1167737286
TRACK A20110117562918 SF34 295700 940100 120 30 999 NONE NONE 60
	FP_ROUTE KBPT..KIAH

TRACK_TIME 1167737286
TRACK A20110117562921 B733 355260 784600 120 30 999 NONE NONE 230
	FP_ROUTE KRDU..KBWI

TRACK_TIME 1167737286
TRACK A20110117562924 DH8A 321600 804060 120 30 999 NONE NONE 100
	FP_ROUTE KHXD..KCLT

TRACK_TIME 1167737286
TRACK A20110117562932 B753 412400 815260 120 30 999 NONE NONE 340
	FP_ROUTE KCLE..KLAS

TRACK_TIME 1167737286
TRACK A20110117562940 E170 394660 1043700 120 30 999 NONE NONE 330
	FP_ROUTE KDEN..KPIT

TRACK_TIME 1167737286
TRACK A20110117562948 C550 384800 973900 120 30 999 NONE NONE 350
	FP_ROUTE KSLN..KCHA

TRACK_TIME 1167737286
TRACK A20110117562949 E145 301800 915800 120 30 999 NONE NONE 60
	FP_ROUTE KLFT..KIAH

TRACK_TIME 1167737286
TRACK A20110117562957 C550 345860 851360 120 30 999 NONE NONE 110
	FP_ROUTE KCHA..KFTY

TRACK_TIME 1167737286
TRACK A20110117562958 E145 380900 854300 120 30 999 NONE NONE 360
	FP_ROUTE KSDF..KIAH

TRACK_TIME 1167737286
TRACK A20110117562959 CRJ2 441360 883460 120 30 999 NONE NONE 39
	FP_ROUTE KATW..KMSP

TRACK_TIME 1167737286
TRACK A20110117562961 B737 260460 800760 120 30 999 NONE NONE 390
	FP_ROUTE KFLL..KALB

TRACK_TIME 1167737286
TRACK A20110117562962 B737 472560 1221800 120 30 999 NONE NONE 370
	FP_ROUTE KSEA..KSNA

TRACK_TIME 1167737286
TRACK A20110117562968 B752 211800 1575400 120 30 999 NONE NONE 350
	FP_ROUTE KHNL..KSFO

TRACK_TIME 1167737286
TRACK A20110117562969 C750 404600 1115800 120 30 999 NONE NONE 410
	FP_ROUTE KSLC..KCAK

TRACK_TIME 1167737286
TRACK A20110117562970 C550 323460 1165700 120 30 999 NONE NONE 100
	FP_ROUTE KSDM..KSNA

TRACK_TIME 1167737286
TRACK A20110117562971 E145 415860 875200 120 30 999 NONE NONE 350
	FP_ROUTE KORD..KBHM

TRACK_TIME 1167737286
TRACK A20110117562972 C550 464360 1170760 120 30 999 NONE NONE 350
	FP_ROUTE KPUW..KSLN

TRACK_TIME 1167737286
TRACK A20110117562974 C750 264060 800100 120 30 999 NONE NONE 400
	FP_ROUTE KPBI..KPBI

TRACK_TIME 1167737286
TRACK A20110117562975 C750 264060 801000 120 30 999 NONE NONE 410
	FP_ROUTE KPBI..KBDL

TRACK_TIME 1167737286
TRACK A20110117562978 CL60 324360 1171300 120 30 999 NONE NONE 370
	FP_ROUTE KSAN..KELP

TRACK_TIME 1167737286
TRACK A20110117562980 B752 472560 1221900 120 30 999 NONE NONE 330
	FP_ROUTE KSEA..KDEN

TRACK_TIME 1167737286
TRACK A20110117562983 A319 394960 1044500 120 30 999 NONE NONE 320
	FP_ROUTE KDEN..KLAS

TRACK_TIME 1167737286
TRACK A20110117562984 B737 332560 1120300 120 30 999 NONE NONE 390
	FP_ROUTE KPHX..KHOU

TRACK_TIME 1167737286
TRACK A20110117562985 A321 254660 801900 120 30 999 NONE NONE 330
	FP_ROUTE KMIA..KCLT

TRACK_TIME 1167737286
TRACK A20110117562986 CRJ2 415860 874960 120 30 999 NONE NONE 100
	FP_ROUTE KORD..KSBN

TRACK_TIME 1167737286
TRACK A20110117562987 B737 425700 712560 120 30 999 NONE NONE 260
	FP_ROUTE KMHT..KPHL

TRACK_TIME 1167737286
TRACK A20110117562990 B737 395260 751060 120 30 999 NONE NONE 380
	FP_ROUTE KPHL..KFLL

TRACK_TIME 1167737286
TRACK A20110117562991 CRJ2 403000 801600 120 30 999 NONE NONE 290
	FP_ROUTE KPIT..KBOS

TRACK_TIME 1167737286
TRACK A20110117562992 B733 394800 1043760 120 30 999 NONE NONE 270
	FP_ROUTE KDEN..KMCI

TRACK_TIME 1167737286
TRACK A20110117562995 E145 404000 734360 120 30 999 NONE NONE 160
	FP_ROUTE KJFK..KORF

TRACK_TIME 1167737286
TRACK A20110117562998 CRJ2 211800 1575400 120 30 999 NONE NONE 150
	FP_ROUTE KHNL..KOGG

TRACK_TIME 1167737286
TRACK A20110117563001 B734 351200 805700 120 30 999 NONE NONE 330
	FP_ROUTE KCLT..KBUF

TRACK_TIME 1167737286
TRACK A20110117563006 MD83 324660 972500 120 30 999 NONE NONE 240
	FP_ROUTE KDFW..KDFW

TRACK_TIME 1167737286
TRACK A20110117563010 MD83 325260 970300 120 30 999 NONE NONE 102
	FP_ROUTE KDFW..KELP

TRACK_TIME 1167737286
TRACK A20110117563013 E145 391060 764200 120 30 999 NONE NONE 280
	FP_ROUTE KBWI..KCVG

TRACK_TIME 1167737286
TRACK A20110117563014 B738 280000 823300 120 30 999 NONE NONE 360
	FP_ROUTE KTPA..KIAH

TRACK_TIME 1167737286
TRACK A20110117563016 CRJ2 365400 761200 120 30 999 NONE NONE 260
	FP_ROUTE KORF..KCAE

TRACK_TIME 1167737286
TRACK A20110117563019 B734 351060 805700 120 30 999 NONE NONE 300
	FP_ROUTE KCLT..KDFW

TRACK_TIME 1167737286
TRACK A20110117563023 BE20 570100 1351960 120 30 999 NONE NONE 149
	FP_ROUTE KSIT..KPSG

TRACK_TIME 1167737286
TRACK A20110117563025 CRJ2 334000 841960 120 30 999 NONE NONE 290
	FP_ROUTE KATL..KCLE

TRACK_TIME 1167737286
TRACK A20110117563026 B739 300400 973460 120 30 999 NONE NONE 40
	FP_ROUTE KAUS..KIAH

TRACK_TIME 1167737286
TRACK A20110117563030 CRJ2 412400 815260 120 30 999 NONE NONE 320
	FP_ROUTE KCLE..KATL

TRACK_TIME 1167737286
TRACK A20110117563033 C560 394360 861800 120 30 999 NONE NONE 270
	FP_ROUTE KIND..KTRI

TRACK_TIME 1167737286
TRACK A20110117563038 A320 374000 1222200 120 30 999 NONE NONE 50
	FP_ROUTE KSFO..KSNA

TRACK_TIME 1167737286
TRACK A20110117563039 B737 411900 955500 120 30 999 NONE NONE 360
	FP_ROUTE KOMA..KLAS

TRACK_TIME 1167737286
TRACK A20110117563040 B738 472560 1221800 120 30 999 NONE NONE 340
	FP_ROUTE KSEA..KANC

TRACK_TIME 1167737286
TRACK A20110117563041 C560 362560 822700 120 30 999 NONE NONE 200
	FP_ROUTE KTRI..KPDK

TRACK_TIME 1167737286
TRACK A20110117563042 B712 421060 832200 120 30 999 NONE NONE 280
	FP_ROUTE KDTW..KMCO

TRACK_TIME 1167737286
TRACK A20110117563045 LJ35 244500 814660 120 30 999 NONE NONE 100
	FP_ROUTE KEYW..KMIA

TRACK_TIME 1167737286
TRACK A20110117563046 E170 415700 724000 120 30 999 NONE NONE 340
	FP_ROUTE KBDL..KMSP

TRACK_TIME 1167737286
TRACK A20110117563051 E145 402860 801200 120 30 999 NONE NONE 240
	FP_ROUTE KPIT..KSTL

TRACK_TIME 1167737286
TRACK A20110117563053 E120 442100 1053300 120 30 999 NONE NONE 249
	FP_ROUTE KGCC..KDEN

TRACK_TIME 1167737286
TRACK A20110117563054 CRJ2 351500 805800 120 30 999 NONE NONE 260
	FP_ROUTE KCLT..KLEX

TRACK_TIME 1167737286
TRACK A20110117563057 B737 385200 770300 120 30 999 NONE NONE 400
	FP_ROUTE KDCA..KIAH

TRACK_TIME 1167737286
TRACK A20110117563060 CRJ2 351360 805800 120 30 999 NONE NONE 150
	FP_ROUTE KCLT..KROA

TRACK_TIME 1167737286
TRACK A20110117563061 B739 275700 823300 120 30 999 NONE NONE 350
	FP_ROUTE KTPA..KEWR

TRACK_TIME 1167737286
TRACK A20110117563063 E145 380900 854300 120 30 999 NONE NONE 100
	FP_ROUTE KSDF..KCVG

TRACK_TIME 1167737286
TRACK A20110117563065 E145 295700 952100 120 30 999 NONE NONE 250
	FP_ROUTE KIAH..KTUL

TRACK_TIME 1167737286
TRACK A20110117563068 CRJ2 433300 964600 120 30 999 NONE NONE 170
	FP_ROUTE KFSD..KMSP

TRACK_TIME 1167737286
TRACK A20110117563069 A320 282400 811800 120 30 999 NONE NONE 370
	FP_ROUTE KMCO..KEWR

TRACK_TIME 1167737286
TRACK A20110117563072 DH8D 360600 1150900 120 30 999 NONE NONE 240
	FP_ROUTE KLAS..KSTS

TRACK_TIME 1167737286
TRACK A20110117563073 A320 404900 1120000 120 30 999 NONE NONE 330
	FP_ROUTE KSLC..KDEN

TRACK_TIME 1167737286
TRACK A20110117563075 A320 182700 655800 120 30 999 NONE NONE 360
	FP_ROUTE KSJU..KJFK

TRACK_TIME 1167737286
TRACK A20110117563076 SF34 452860 982560 120 30 999 NONE NONE 89
	FP_ROUTE KABR..KMSP

TRACK_TIME 1167737286
TRACK A20110117563079 CRJ2 445100 931200 120 30 999 NONE NONE 190
	FP_ROUTE KMSP..KMSN

TRACK_TIME 1167737286
TRACK A20110117563091 E170 400000 825260 120 30 999 NONE NONE 340
	FP_ROUTE KCMH..KMSP

TRACK_TIME 1167737286
TRACK A20110117563093 CRJ2 361060 955260 120 30 999 NONE NONE 250
	FP_ROUTE KTUL..KMEM

TRACK_TIME 1167737286
TRACK A20110117563095 E170 445100 931360 120 30 999 NONE NONE 340
	FP_ROUTE KMSP..KAUS

TRACK_TIME 1167737286
TRACK A20110117563109 MD83 325700 970400 120 30 999 NONE NONE 260
	FP_ROUTE KDFW..KSFO

TRACK_TIME 1167737286
TRACK A20110117563115 E145 325100 970160 120 30 999 NONE NONE 370
	FP_ROUTE KDFW..KCID

TRACK_TIME 1167737286
TRACK A20110117563120 E145 415560 875260 120 30 999 NONE NONE 109
	FP_ROUTE KORD..KMSP

TRACK_TIME 1167737286
TRACK A20110117563126 CRJ2 302860 862560 120 30 999 NONE NONE 80
	FP_ROUTE KVPS..KATL

TRACK_TIME 1167737286
TRACK A20110117563127 E145 384360 901660 120 30 999 NONE NONE 230
	FP_ROUTE KSTL..KORD

TRACK_TIME 1167737286
TRACK A20110117563128 B737 395500 1043900 120 30 999 NONE NONE 390
	FP_ROUTE KDEN..KMDW

TRACK_TIME 1167737286
TRACK A20110117563130 B737 414600 874300 120 30 999 NONE NONE 410
	FP_ROUTE KMDW..KMHT

TRACK_TIME 1167737286
TRACK A20110117563132 E145 425700 712560 120 30 999 NONE NONE 300
	FP_ROUTE KMHT..KIAD

TRACK_TIME 1167737286
TRACK A20110117563136 E120 345500 1202860 120 30 999 NONE NONE 110
	FP_ROUTE KSMX..KLAX

TRACK_TIME 1167737286
TRACK A20110117563137 B738 415700 880000 120 30 999 NONE NONE 370
	FP_ROUTE KORD..KFLL

TRACK_TIME 1167737286
TRACK A20110117563139 B738 325200 970160 120 30 999 NONE NONE 390
	FP_ROUTE KDFW..KDCA

TRACK_TIME 1167737286
TRACK A20110117563140 A318 431060 892260 120 30 999 NONE NONE 380
	FP_ROUTE KMSN..KDEN

TRACK_TIME 1167737286
TRACK A20110117563142 LJ35 352800 823300 120 30 999 NONE NONE 410
	FP_ROUTE KAVL..KHPN

TRACK_TIME 1167737286
TRACK A20110117563144 LJ35 410600 734960 120 30 999 NONE NONE 380
	FP_ROUTE KHPN..KAVL

TRACK_TIME 1167737286
TRACK A20110117563145 LJ35 405500 740160 120 30 999 NONE NONE 380
	FP_ROUTE KTEB..KCLT

TRACK_TIME 1167737286
TRACK A20110117563146 E170 415560 875400 120 30 999 NONE NONE 320
	FP_ROUTE KORD..KMSP

TRACK_TIME 1167737286
TRACK A20110117563150 B737 340300 1173760 120 30 999 NONE NONE 380
	FP_ROUTE KONT..KSJC

TRACK_TIME 1167737286
TRACK A20110117563160 DH8D 374360 1221600 120 30 999 NONE NONE 240
	FP_ROUTE KOAK..KPDX

TRACK_TIME 1167737286
TRACK A20110117563162 E170 402860 801500 120 30 999 NONE NONE 190
	FP_ROUTE KPIT..KIAD

TRACK_TIME 1167737286
TRACK A20110117563171 B737 324600 1171500 120 30 999 NONE NONE 380
	FP_ROUTE KSAN..KSFO

TRACK_TIME 1167737286
TRACK A20110117563173 C510 331800 1113900 120 30 999 NONE NONE 370
	FP_ROUTE KIWA..KCVN

TRACK_TIME 1167737286
TRACK A20110117563176 E170 385500 772560 120 30 999 NONE NONE 280
	FP_ROUTE KIAD..KCLT

TRACK_TIME 1167737286
TRACK A20110117563177 C510 354200 1013760 120 30 999 NONE NONE 360
	FP_ROUTE KBGD..KIWA

TRACK_TIME 1167737286
TRACK A20110117563189 DH8A 395400 751060 120 30 999 NONE NONE 40
	FP_ROUTE KPHL..KHPN

TRACK_TIME 1167737286
TRACK A20110117563190 B733 384360 901660 120 30 999 NONE NONE 340
	FP_ROUTE KSTL..KLIT

TRACK_TIME 1167737286
TRACK A20110117563192 E135 412700 902260 120 30 999 NONE NONE 70
	FP_ROUTE KMLI..KORD

TRACK_TIME 1167737286
TRACK A20110117563193 B752 333760 842260 120 30 999 NONE NONE 120
	FP_ROUTE KATL..KJAX

TRACK_TIME 1167737286
TRACK A20110117563195 E170 244200 815560 120 30 999 NONE NONE 350
	FP_ROUTE KEYW..KCLT

TRACK_TIME 1167737286
TRACK A20110117563202 A320 394900 1044200 120 30 999 NONE NONE 340
	FP_ROUTE KDEN..KONT

TRACK_TIME 1167737286
TRACK A20110117563203 EA50 243600 814360 120 30 999 NONE NONE 360
	FP_ROUTE KEYW..KHDC

TRACK_TIME 1167737286
TRACK A20110117563205 A321 335500 1182860 120 30 999 NONE NONE 330
	FP_ROUTE KLAX..KPHX

TRACK_TIME 1167737286
TRACK A20110117563206 A321 332560 1120160 120 30 999 NONE NONE 330
	FP_ROUTE KPHX..KORD

TRACK_TIME 1167737286
TRACK A20110117563209 A319 404360 740700 120 30 999 NONE NONE 130
	FP_ROUTE KEWR..KBOS

TRACK_TIME 1167737286
TRACK A20110117563210 A320 403900 734960 120 30 999 NONE NONE 380
	FP_ROUTE KJFK..KLAX

TRACK_TIME 1167737286
TRACK A20110117563212 E145 295860 951800 120 30 999 NONE NONE 330
	FP_ROUTE KIAH..KBNA

TRACK_TIME 1167737286
TRACK A20110117563213 C550 353760 1055800 120 30 999 NONE NONE 370
	FP_ROUTE KSAF..KPWK

TRACK_TIME 1167737286
TRACK A20110117563216 A319 395200 751300 120 30 999 NONE NONE 379
	FP_ROUTE KPHL..KMSP

TRACK_TIME 1167737286
TRACK A20110117563218 A319 383760 1213300 120 30 999 NONE NONE 370
	FP_ROUTE KSMF..KPHX

TRACK_TIME 1167737286
TRACK A20110117563221 A319 332560 1120160 120 30 999 NONE NONE 350
	FP_ROUTE KPHX..KPIT

TRACK_TIME 1167737286
TRACK A20110117563234 CL60 373760 1222200 120 30 999 NONE NONE 400
	FP_ROUTE KSFO..KBFI

TRACK_TIME 1167737286
TRACK A20110117563236 CRJ2 441360 883000 120 30 999 NONE NONE 270
	FP_ROUTE KATW..KDTW

TRACK_TIME 1167737286
TRACK A20110117563237 B738 372260 1215700 120 30 999 NONE NONE 370
	FP_ROUTE KSJC..KIAH

TRACK_TIME 1167737286
TRACK A20110117563241 CRJ9 400000 825260 120 30 999 NONE NONE 120
	FP_ROUTE KCMH..KDTW

TRACK_TIME 1167737286
TRACK A20110117563244 CRJ2 385700 773000 120 30 999 NONE NONE 320
	FP_ROUTE KIAD..KCHS

TRACK_TIME 1167737286
TRACK A20110117563245 CRJ2 325700 800460 120 30 999 NONE NONE 220
	FP_ROUTE KCHS..KIAD

TRACK_TIME 1167737286
TRACK A20110117563249 B733 360700 1150900 120 30 999 NONE NONE 280
	FP_ROUTE KLAS..KONT

TRACK_TIME 1167737286
TRACK A20110117563252 A320 415860 875100 120 30 999 NONE NONE 390
	FP_ROUTE KORD..KLGA

TRACK_TIME 1167737286
TRACK A20110117563253 B753 282500 811900 120 30 999 NONE NONE 360
	FP_ROUTE KMCO..KIAH

TRACK_TIME 1167737286
TRACK A20110117563256 DH8D 404360 740760 120 30 999 NONE NONE 160
	FP_ROUTE KEWR..KBUF

TRACK_TIME 1167737286
TRACK A20110117563259 MD82 325100 970160 120 30 999 NONE NONE 330
	FP_ROUTE KDFW..KBNA

TRACK_TIME 1167737286
TRACK A20110117563260 DH8A 404360 734960 120 30 999 NONE NONE 160
	FP_ROUTE KLGA..KIAD

TRACK_TIME 1167737286
TRACK A20110117563263 BE9L 313460 944300 120 30 999 NONE NONE 200
	FP_ROUTE KOCH..KHRL

TRACK_TIME 1167737286
TRACK A20110117563266 A320 385700 773100 120 30 999 NONE NONE 380
	FP_ROUTE KIAD..KSAT

TRACK_TIME 1167737286
TRACK A20110117563267 CL60 402260 760000 120 30 999 NONE NONE 360
	FP_ROUTE KRDG..KHOB

TRACK_TIME 1167737286
TRACK A20110117563272 CRJ1 390160 844000 120 30 999 NONE NONE 320
	FP_ROUTE KCVG..KXNA

TRACK_TIME 1167737286
TRACK A20110117563277 B738 404600 1120000 120 30 999 NONE NONE 350
	FP_ROUTE KSLC..KATL

TRACK_TIME 1167737286
TRACK A20110117563282 A319 333760 842200 120 30 999 NONE NONE 370
	FP_ROUTE KATL..KEWR

TRACK_TIME 1167737286
TRACK A20110117563292 E145 303000 814000 120 30 999 NONE NONE 360
	FP_ROUTE KJAX..KORD

TRACK_TIME 1167737286
TRACK A20110117563304 A321 335700 1182700 120 30 999 NONE NONE 330
	FP_ROUTE KLAX..KPHL

TRACK_TIME 1167737286
TRACK A20110117563314 B752 333760 842200 120 30 999 NONE NONE 390
	FP_ROUTE KATL..KLGA

TRACK_TIME 1167737286
TRACK A20110117563315 E145 350160 895860 120 30 999 NONE NONE 360
	FP_ROUTE KMEM..KIAH

TRACK_TIME 1167737286
TRACK A20110117563318 A320 395260 1043300 120 30 999 NONE NONE 350
	FP_ROUTE KDEN..KLGA

TRACK_TIME 1167737286
TRACK A20110117563319 B738 472560 1221800 120 30 999 NONE NONE 350
	FP_ROUTE KSEA..KDTW

TRACK_TIME 1167737286
TRACK A20110117563321 A320 395560 1043900 120 30 999 NONE NONE 370
	FP_ROUTE KDEN..KLGA

TRACK_TIME 1167737286
TRACK A20110117563322 B737 390900 763900 120 30 999 NONE NONE 400
	FP_ROUTE KBWI..KMKE

TRACK_TIME 1167737286
TRACK A20110117563323 B737 384360 901660 120 30 999 NONE NONE 380
	FP_ROUTE KSTL..KLAX

TRACK_TIME 1167737286
TRACK A20110117563326 B737 425560 875400 120 30 999 NONE NONE 380
	FP_ROUTE KMKE..KPHX

TRACK_TIME 1167737286
TRACK A20110117563327 CRJ2 344360 921200 120 30 999 NONE NONE 310
	FP_ROUTE KLIT..KDTW

TRACK_TIME 1167737286
TRACK A20110117563328 A320 260460 801000 120 30 999 NONE NONE 370
	FP_ROUTE KFLL..KIAD

TRACK_TIME 1167737286
TRACK A20110117563331 B737 332560 1120160 120 30 999 NONE NONE 320
	FP_ROUTE KPHX..KLAX

TRACK_TIME 1167737286
TRACK A20110117563332 LJ45 332560 1120400 120 30 999 NONE NONE 410
	FP_ROUTE KPHX..KOMA

TRACK_TIME 1167737286
TRACK A20110117563339 B752 324500 1171600 120 30 999 NONE NONE 390
	FP_ROUTE KSAN..KDEN

TRACK_TIME 1167737286
TRACK A20110117563342 B752 333760 842260 120 30 999 NONE NONE 370
	FP_ROUTE KATL..KPHL

TRACK_TIME 1167737286
TRACK A20110117563344 A320 395260 1043600 120 30 999 NONE NONE 350
	FP_ROUTE KDEN..KDCA

TRACK_TIME 1167737286
TRACK A20110117563347 CRJ2 333900 842260 120 30 999 NONE NONE 110
	FP_ROUTE KATL..KBHM

TRACK_TIME 1167737286
TRACK A20110117563354 B737 414600 874660 120 30 999 NONE NONE 400
	FP_ROUTE KMDW..KABQ

TRACK_TIME 1167737286
TRACK A20110117563355 E170 343460 864600 120 30 999 NONE NONE 350
	FP_ROUTE KHSV..KDCA

TRACK_TIME 1167737286
TRACK A20110117563359 CRJ2 404600 1115860 120 30 999 NONE NONE 330
	FP_ROUTE KSLC..KBIL

TRACK_TIME 1167737286
TRACK A20110117563367 B733 261500 974000 120 30 999 NONE NONE 350
	FP_ROUTE KHRL..KHOU

TRACK_TIME 1167737286
TRACK A20110117563377 B738 404300 740900 120 30 999 NONE NONE 360
	FP_ROUTE KEWR..KDFW

TRACK_TIME 1167737286
TRACK A20110117563378 B772 415800 880100 120 30 999 NONE NONE 380
	FP_ROUTE KORD..KSFO

TRACK_TIME 1167737286
TRACK A20110117563379 CRJ2 425700 784300 120 30 999 NONE NONE 250
	FP_ROUTE KBUF..KJFK

TRACK_TIME 1167737286
TRACK A20110117563384 CRJ2 304060 881360 120 30 999 NONE NONE 290
	FP_ROUTE KMOB..KCLT

TRACK_TIME 1167737286
TRACK A20110117563389 E145 365400 761200 120 30 999 NONE NONE 230
	FP_ROUTE KORF..KEWR

TRACK_TIME 1167737286
TRACK A20110117563393 BE20 393300 1045100 120 30 999 NONE NONE 202
	FP_ROUTE KAPA..KANK

TRACK_TIME 1167737286
TRACK A20110117563395 BE20 383160 1060300 120 30 999 NONE NONE 190
	FP_ROUTE KANK..KAPA

TRACK_TIME 1167737286
TRACK A20110117563396 E145 403760 752860 120 30 999 NONE NONE 360
	FP_ROUTE KABE..KORD

TRACK_TIME 1167737286
TRACK A20110117563398 FA50 291000 810300 120 30 999 NONE NONE 59
	FP_ROUTE KDAB..KMCO

TRACK_TIME 1167737286
TRACK A20110117563399 FA50 282500 811900 120 30 999 NONE NONE 350
	FP_ROUTE KMCO..KHPN

TRACK_TIME 1167737286
TRACK A20110117563400 B752 282500 811900 120 30 999 NONE NONE 250
	FP_ROUTE KMCO..KATL

TRACK_TIME 1167737286
TRACK A20110117563401 CRJ2 335560 810600 120 30 999 NONE NONE 330
	FP_ROUTE KCAE..KLGA

TRACK_TIME 1167737286
TRACK A20110117563403 E145 325260 970160 120 30 999 NONE NONE 150
	FP_ROUTE KDFW..KGGG

TRACK_TIME 1167737286
TRACK A20110117563406 CRJ9 332560 1120160 120 30 999 NONE NONE 350
	FP_ROUTE KPHX..KOMA

TRACK_TIME 1167737286
TRACK A20110117563411 C550 284660 811360 120 30 999 NONE NONE 100
	FP_ROUTE KSFB..KFXE

TRACK_TIME 1167737286
TRACK A20110117563416 E120 453600 1223600 120 30 999 NONE NONE 100
	FP_ROUTE KPDX..KSEA

TRACK_TIME 1167737286
TRACK A20110117563420 DH8A 395260 751200 120 30 999 NONE NONE 41
	FP_ROUTE KPHL..KSBY

TRACK_TIME 1167737286
TRACK A20110117563421 E145 351200 1014360 120 30 999 NONE NONE 350
	FP_ROUTE KAMA..KIAH

TRACK_TIME 1167737286
TRACK A20110117563424 B737 372400 1215800 120 30 999 NONE NONE 410
	FP_ROUTE KSJC..KAUS

TRACK_TIME 1167737286
TRACK A20110117563425 E145 302800 871000 120 30 999 NONE NONE 310
	FP_ROUTE KPNS..KMIA

TRACK_TIME 1167737286
TRACK A20110117563426 A319 332560 1120160 120 30 999 NONE NONE 320
	FP_ROUTE KPHX..KSLC

TRACK_TIME 1167737286
TRACK A20110117563427 CRJ2 422200 705800 120 30 999 NONE NONE 260
	FP_ROUTE KBOS..KBUF

TRACK_TIME 1167737286
TRACK A20110117563428 LJ45 361060 955260 120 30 999 NONE NONE 430
	FP_ROUTE KTUL..KEGE

TRACK_TIME 1167737286
TRACK A20110117563438 B738 412400 815260 120 30 999 NONE NONE 400
	FP_ROUTE KCLE..KRSW

TRACK_TIME 1167737286
TRACK A20110117563446 SF34 422200 710000 120 30 999 NONE NONE 119
	FP_ROUTE KBOS..KPBG

TRACK_TIME 1167737286
TRACK A20110117563449 B737 324500 1171300 120 30 999 NONE NONE 100
	FP_ROUTE KSAN..KSNA

TRACK_TIME 1167737286
TRACK A20110117563451 A319 303000 814060 120 30 999 NONE NONE 360
	FP_ROUTE KJAX..KORD

TRACK_TIME 1167737286
TRACK A20110117563452 E145 415800 875100 120 30 999 NONE NONE 220
	FP_ROUTE KORD..KSTL

TRACK_TIME 1167737286
TRACK A20110117563453 F900 391500 1065260 120 30 999 NONE NONE 430
	FP_ROUTE KASE..KLAX

TRACK_TIME 1167737286
TRACK A20110117563456 A320 282560 811800 120 30 999 NONE NONE 370
	FP_ROUTE KMCO..KJFK

TRACK_TIME 1167737286
TRACK A20110117563458 B752 182800 655800 120 30 999 NONE NONE 360
	FP_ROUTE KSJU..KORD

TRACK_TIME 1167737286
TRACK A20110117563465 CRJ2 351000 805560 120 30 999 NONE NONE 220
	FP_ROUTE KCLT..KSAV

TRACK_TIME 1167737286
TRACK A20110117563467 B734 295700 952100 120 30 999 NONE NONE 290
	FP_ROUTE KIAH..KCLT

TRACK_TIME 1167737286
TRACK A20110117563468 CRJ2 333900 842400 120 30 999 NONE NONE 320
	FP_ROUTE KATL..KLIT

TRACK_TIME 1167737286
TRACK A20110117563469 CRJ2 320760 810760 120 30 999 NONE NONE 110
	FP_ROUTE KSAV..KCLT

TRACK_TIME 1167737286
TRACK A20110117563470 CRJ2 413160 933900 120 30 999 NONE NONE 290
	FP_ROUTE KDSM..KMEM

TRACK_TIME 1167737286
TRACK A20110117563472 CRJ2 344300 921500 120 30 999 NONE NONE 290
	FP_ROUTE KLIT..KATL

TRACK_TIME 1167737286
TRACK A20110117563473 E145 295860 951800 120 30 999 NONE NONE 370
	FP_ROUTE KIAH..KSDF

TRACK_TIME 1167737286
TRACK A20110117563474 E135 335700 810900 120 30 999 NONE NONE 340
	FP_ROUTE KCAE..KDFW

TRACK_TIME 1167737286
TRACK A20110117563476 LJ45 344960 821800 120 30 999 NONE NONE 60
	FP_ROUTE KGSP..K18A

TRACK_TIME 1167737286
TRACK A20110117563477 DH8A 381000 782560 120 30 999 NONE NONE 120
	FP_ROUTE KCHO..KLGA

TRACK_TIME 1167737286
TRACK A20110117563478 CRJ9 325560 800400 120 30 999 NONE NONE 60
	FP_ROUTE KCHS..KCLT

TRACK_TIME 1167737286
TRACK A20110117563486 LJ45 341960 831200 120 30 999 NONE NONE 450
	FP_ROUTE K18A..KPRX

TRACK_TIME 1167737286
TRACK A20110117563487 CRJ2 341060 1182100 120 30 999 NONE NONE 350
	FP_ROUTE KBUR..KDEN

TRACK_TIME 1167737286
TRACK A20110117563489 A319 350000 895800 120 30 999 NONE NONE 370
	FP_ROUTE KMEM..KLGA

TRACK_TIME 1167737286
TRACK A20110117563494 B737 414500 874200 120 30 999 NONE NONE 400
	FP_ROUTE KMDW..KPHX

TRACK_TIME 1167737286
TRACK A20110117563500 E170 465400 964900 120 30 999 NONE NONE 270
	FP_ROUTE KFAR..KMSP

TRACK_TIME 1167737286
TRACK A20110117563502 E170 445200 930760 120 30 999 NONE NONE 330
	FP_ROUTE KMSP..KDTW

TRACK_TIME 1167737286
TRACK A20110117563503 B738 445100 931360 120 30 999 NONE NONE 360
	FP_ROUTE KMSP..KIAH

TRACK_TIME 1167737286
TRACK A20110117563506 CRJ9 390160 843900 120 30 999 NONE NONE 120
	FP_ROUTE KCVG..KDTW

TRACK_TIME 1167737286
TRACK A20110117563507 B752 282560 811800 120 30 999 NONE NONE 350
	FP_ROUTE KMCO..KATL

TRACK_TIME 1167737286
TRACK A20110117563509 E145 351000 805560 120 30 999 NONE NONE 100
	FP_ROUTE KCLT..KCAE

TRACK_TIME 1167737286
TRACK A20110117563511 E145 350160 895860 120 30 999 NONE NONE 320
	FP_ROUTE KMEM..KIAH

TRACK_TIME 1167737286
TRACK A20110117563512 B737 302560 854060 120 30 999 NONE NONE 390
	FP_ROUTE KECP..KBWI

TRACK_TIME 1167737286
TRACK A20110117563513 A319 394800 1043900 120 30 999 NONE NONE 380
	FP_ROUTE KDEN..KSFO

TRACK_TIME 1167737286
TRACK A20110117563514 B737 390900 763900 120 30 999 NONE NONE 380
	FP_ROUTE KBWI..KOKC

TRACK_TIME 1167737286
TRACK A20110117563523 A320 332560 1120160 120 30 999 NONE NONE 260
	FP_ROUTE KPHX..KLAS

TRACK_TIME 1167737286
TRACK A20110117563525 A320 360700 1150900 120 30 999 NONE NONE 310
	FP_ROUTE KLAS..KSLC

TRACK_TIME 1167737286
TRACK A20110117563526 A320 404600 1115860 120 30 999 NONE NONE 350
	FP_ROUTE KSLC..KSTL

TRACK_TIME 1167737286
TRACK A20110117563528 B737 395100 751600 120 30 999 NONE NONE 120
	FP_ROUTE KPHL..KPVD

TRACK_TIME 1167737286
TRACK A20110117563529 B739 373900 1222100 120 30 999 NONE NONE 350
	FP_ROUTE KSFO..KIAH

TRACK_TIME 1167737286
TRACK A20110117563533 B734 351060 805560 120 30 999 NONE NONE 310
	FP_ROUTE KCLT..KBOS

TRACK_TIME 1167737286
TRACK A20110117563535 CRJ9 413160 933760 120 30 999 NONE NONE 109
	FP_ROUTE KDSM..KMSP

TRACK_TIME 1167737286
TRACK A20110117563538 CRJ9 445100 931360 120 30 999 NONE NONE 350
	FP_ROUTE KMSP..KCVG

TRACK_TIME 1167737286
TRACK A20110117563542 CRJ2 381060 782560 120 30 999 NONE NONE 220
	FP_ROUTE KCHO..KCLT

TRACK_TIME 1167737286
TRACK A20110117563545 CRJ2 420100 875560 120 30 999 NONE NONE 70
	FP_ROUTE KORD..KMKE

TRACK_TIME 1167737286
TRACK A20110117563546 E135 263600 814200 120 30 999 NONE NONE 370
	FP_ROUTE KRSW..KCAK

TRACK_TIME 1167737286
TRACK A20110117563548 CRJ2 350000 895860 120 30 999 NONE NONE 310
	FP_ROUTE KMEM..KGRR

TRACK_TIME 1167737286
TRACK A20110117563549 CRJ2 441600 1210700 120 30 999 NONE NONE 350
	FP_ROUTE KRDM..KSLC

TRACK_TIME 1167737286
TRACK A20110117563554 B752 182800 655860 120 30 999 NONE NONE 340
	FP_ROUTE KSJU..KATL

TRACK_TIME 1167737286
TRACK A20110117563555 CRJ2 351060 805560 120 30 999 NONE NONE 280
	FP_ROUTE KCLT..KTLH

TRACK_TIME 1167737286
TRACK A20110117563557 E145 295700 951960 120 30 999 NONE NONE 260
	FP_ROUTE KIAH..KBRO

TRACK_TIME 1167737286
TRACK A20110117563559 E145 274600 973000 120 30 999 NONE NONE 169
	FP_ROUTE KCRP..KIAH

TRACK_TIME 1167737286
TRACK A20110117563561 A319 444960 931500 120 30 999 NONE NONE 380
	FP_ROUTE KMSP..KDEN

TRACK_TIME 1167737286
TRACK A20110117563564 CRJ2 395400 751500 120 30 999 NONE NONE 130
	FP_ROUTE KPHL..KAVP

TRACK_TIME 1167737286
TRACK A20110117563565 E190 422260 710100 120 30 999 NONE NONE 320
	FP_ROUTE KBOS..KBUF

TRACK_TIME 1167737286
TRACK A20110117563580 B712 211900 1575400 120 30 999 NONE NONE 170
	FP_ROUTE KHNL..KITO

TRACK_TIME 1167737286
TRACK A20110117563582 CRJ2 421060 832100 120 30 999 NONE NONE 150
	FP_ROUTE KDTW..KCMH

TRACK_TIME 1167737286
TRACK A20110117563583 DH8D 355260 784660 120 30 999 NONE NONE 110
	FP_ROUTE KRDU..KEWR

TRACK_TIME 1167737286
TRACK A20110117563585 C560 371800 795800 120 30 999 NONE NONE 230
	FP_ROUTE KROA..KPIT

TRACK_TIME 1167737286
TRACK A20110117563595 SF34 445260 931000 120 30 999 NONE NONE 160
	FP_ROUTE KMSP..KINL

TRACK_TIME 1167737286
TRACK A20110117563602 C560 402860 801660 120 30 999 NONE NONE 400
	FP_ROUTE KPIT..KAPA

TRACK_TIME 1167737286
TRACK A20110117563604 C560 393700 1045260 120 30 999 NONE NONE 360
	FP_ROUTE KAPA..KSMO

TRACK_TIME 1167737286
TRACK A20110117563611 CRJ2 435100 911600 120 30 999 NONE NONE 109
	FP_ROUTE KLSE..KMSP

TRACK_TIME 1167737286
TRACK A20110117563616 B712 211900 1575260 120 30 999 NONE NONE 190
	FP_ROUTE KHNL..KKOA

TRACK_TIME 1167737286
TRACK A20110117563628 CRJ1 421200 832260 120 30 999 NONE NONE 160
	FP_ROUTE KDTW..KGRR

TRACK_TIME 1167737286
TRACK A20110117563634 CRJ2 385200 770300 120 30 999 NONE NONE 300
	FP_ROUTE KDCA..KGSP

TRACK_TIME 1167737286
TRACK A20110117563637 E170 424960 853000 120 30 999 NONE NONE 360
	FP_ROUTE KGRR..KDEN

TRACK_TIME 1167737286
TRACK A20110117563643 B733 412400 815260 120 30 999 NONE NONE 300
	FP_ROUTE KCLE..KMDW

TRACK_TIME 1167737286
TRACK A20110117563645 A319 373900 1221960 120 30 999 NONE NONE 370
	FP_ROUTE KSFO..KIAD

TRACK_TIME 1167737286
TRACK A20110117563649 B737 325100 970160 120 30 999 NONE NONE 50
	FP_ROUTE KDFW..KIAH

TRACK_TIME 1167737286
TRACK A20110117563653 B737 282500 811800 120 30 999 NONE NONE 210
	FP_ROUTE KMCO..KFLL

TRACK_TIME 1167737286
TRACK A20110117563656 CRJ1 404000 733900 120 30 999 NONE NONE 220
	FP_ROUTE KJFK..KROC

TRACK_TIME 1167737286
TRACK A20110117563659 B737 414500 874660 120 30 999 NONE NONE 380
	FP_ROUTE KMDW..KPHX

TRACK_TIME 1167737286
TRACK A20110117563673 DH8D 425800 784200 120 30 999 NONE NONE 230
	FP_ROUTE KBUF..KEWR

TRACK_TIME 1167737286
TRACK A20110117563675 B738 360700 1150900 120 30 999 NONE NONE 370
	FP_ROUTE KLAS..KMIA

TRACK_TIME 1167737286
TRACK A20110117563676 B737 295700 952100 120 30 999 NONE NONE 390
	FP_ROUTE KIAH..KLGA

TRACK_TIME 1167737286
TRACK A20110117563677 E145 385260 772560 120 30 999 NONE NONE 340
	FP_ROUTE KIAD..KPNS

TRACK_TIME 1167737286
TRACK A20110117563678 E145 302800 871000 120 30 999 NONE NONE 370
	FP_ROUTE KPNS..KIAD

TRACK_TIME 1167737286
TRACK A20110117563679 B737 282400 811800 120 30 999 NONE NONE 350
	FP_ROUTE KMCO..KATL

TRACK_TIME 1167737286
TRACK A20110117563681 E145 420100 874660 120 30 999 NONE NONE 150
	FP_ROUTE KORD..KFWA

TRACK_TIME 1167737286
TRACK A20110117563684 CRJ9 425500 875400 120 30 999 NONE NONE 230
	FP_ROUTE KMKE..KDTW

TRACK_TIME 1167737286
TRACK A20110117563688 DH8A 211000 1570400 120 30 999 NONE NONE 40
	FP_ROUTE KMKK..KHNL

TRACK_TIME 1167737286
TRACK A20110117563692 CRJ9 385400 772560 120 30 999 NONE NONE 280
	FP_ROUTE KIAD..KCLT

TRACK_TIME 1167737286
TRACK A20110117563701 E145 414360 712500 120 30 999 NONE NONE 360
	FP_ROUTE KPVD..KCLE

TRACK_TIME 1167737286
TRACK A20110117563707 FA50 393160 1074360 120 30 999 NONE NONE 410
	FP_ROUTE KRIL..KIAD

TRACK_TIME 1167737286
TRACK A20110117563711 E145 295700 952100 120 30 999 NONE NONE 350
	FP_ROUTE KIAH..KMKE

TRACK_TIME 1167737286
TRACK A20110117563715 CRJ2 354660 840100 120 30 999 NONE NONE 310
	FP_ROUTE KTYS..KDCA

TRACK_TIME 1167737286
TRACK A20110117563716 CRJ2 454660 1082860 120 30 999 NONE NONE 280
	FP_ROUTE KBIL..KSLC

TRACK_TIME 1167737286
TRACK A20110117563717 FA50 385700 773100 120 30 999 NONE NONE 111
	FP_ROUTE KIAD..KPHL

TRACK_TIME 1167737286
TRACK A20110117563721 A320 444960 931360 120 30 999 NONE NONE 340
	FP_ROUTE KMSP..KLAS

TRACK_TIME 1167737286
TRACK A20110117563724 DH8D 453600 1223760 120 30 999 NONE NONE 250
	FP_ROUTE KPDX..KOAK

TRACK_TIME 1167737286
TRACK A20110117563726 B733 315260 1020160 120 30 999 NONE NONE 270
	FP_ROUTE KMAF..KHOU

TRACK_TIME 1167737286
TRACK A20110117563730 B733 293760 951600 120 30 999 NONE NONE 370
	FP_ROUTE KHOU..KBHM

TRACK_TIME 1167737286
TRACK A20110117563732 C750 390760 1083400 120 30 999 NONE NONE 230
	FP_ROUTE KGJT..KAPA

TRACK_TIME 1167737286
TRACK A20110117563735 CRJ2 385400 770460 120 30 999 NONE NONE 260
	FP_ROUTE KDCA..KLEX

TRACK_TIME 1167737286
TRACK A20110117563736 CRJ9 333760 842860 120 30 999 NONE NONE 370
	FP_ROUTE KATL..KHPN

TRACK_TIME 1167737286
TRACK A20110117563740 CRJ2 351200 805700 120 30 999 NONE NONE 220
	FP_ROUTE KCLT..KTYS

TRACK_TIME 1167737286
TRACK A20110117563741 E145 373760 972700 120 30 999 NONE NONE 360
	FP_ROUTE KICT..KDEN

TRACK_TIME 1167737286
TRACK A20110117563743 C750 393700 1045200 120 30 999 NONE NONE 340
	FP_ROUTE KAPA..KGCC

TRACK_TIME 1167737286
TRACK A20110117563744 A320 415860 875100 120 30 999 NONE NONE 390
	FP_ROUTE KORD..KIAD

TRACK_TIME 1167737286
TRACK A20110117563746 C750 442100 1053300 120 30 999 NONE NONE 310
	FP_ROUTE KGCC..KMOT

TRACK_TIME 1167737286
TRACK A20110117563749 C750 481660 1012200 120 30 999 NONE NONE 430
	FP_ROUTE KMOT..KSJC

TRACK_TIME 1167737286
TRACK A20110117563751 A319 420000 874900 120 30 999 NONE NONE 390
	FP_ROUTE KORD..KDCA

TRACK_TIME 1167737286
TRACK A20110117563752 B752 282700 811900 120 30 999 NONE NONE 340
	FP_ROUTE KMCO..KMSP

TRACK_TIME 1167737286
TRACK A20110117563754 CRJ2 333900 842400 120 30 999 NONE NONE 110
	FP_ROUTE KATL..KBHM

TRACK_TIME 1167737286
TRACK A20110117563757 B735 293100 982700 120 30 999 NONE NONE 230
	FP_ROUTE KSAT..KIAH

TRACK_TIME 1167737286
TRACK A20110117563758 CRJ2 333400 864500 120 30 999 NONE NONE 170
	FP_ROUTE KBHM..KATL

TRACK_TIME 1167737286
TRACK A20110117563768 CRJ2 351000 805700 120 30 999 NONE NONE 180
	FP_ROUTE KCLT..KTRI

TRACK_TIME 1167737286
TRACK A20110117563769 CL60 362700 822560 120 30 999 NONE NONE 150
	FP_ROUTE KTRI..KCRW

TRACK_TIME 1167737286
TRACK A20110117563772 DH8C 404200 740900 120 30 999 NONE NONE 40
	FP_ROUTE KEWR..KPHL

TRACK_TIME 1167737286
TRACK A20110117563775 E170 422200 705800 120 30 999 NONE NONE 340
	FP_ROUTE KBOS..KIND

TRACK_TIME 1167737286
TRACK A20110117563778 B762 403900 734360 120 30 999 NONE NONE 380
	FP_ROUTE KJFK..KLAX

TRACK_TIME 1167737286
TRACK A20110117563784 CRJ1 385260 770400 120 30 999 NONE NONE 280
	FP_ROUTE KDCA..KCVG

TRACK_TIME 1167737286
TRACK A20110117563790 CRJ9 350160 1063460 120 30 999 NONE NONE 340
	FP_ROUTE KABQ..KPHX

TRACK_TIME 1167737286
TRACK A20110117563791 B737 404960 730300 120 30 999 NONE NONE 400
	FP_ROUTE KISP..KPBI

TRACK_TIME 1167737286
TRACK A20110117563797 CRJ9 332560 1120160 120 30 999 NONE NONE 320
	FP_ROUTE KPHX..KSBP

TRACK_TIME 1167737286
TRACK A20110117563798 E190 425500 875500 120 30 999 NONE NONE 340
	FP_ROUTE KMKE..KMCI

TRACK_TIME 1167737286
TRACK A20110117563803 DH8D 404660 740600 120 30 999 NONE NONE 178
	FP_ROUTE KEWR..KBUF

TRACK_TIME 1167737286
TRACK A20110117563807 B752 390900 764000 120 30 999 NONE NONE 360
	FP_ROUTE KBWI..KORD

TRACK_TIME 1167737286
TRACK A20110117563808 A320 260460 800760 120 30 999 NONE NONE 350
	FP_ROUTE KFLL..KLGA

TRACK_TIME 1167737286
TRACK A20110117563813 CRJ2 421000 832100 120 30 999 NONE NONE 290
	FP_ROUTE KDTW..KALB

TRACK_TIME 1167737286
TRACK A20110117563816 DH8A 401360 764360 120 30 999 NONE NONE 50
	FP_ROUTE KMDT..KPHL

TRACK_TIME 1167737286
TRACK A20110117563817 CRJ2 421060 832200 120 30 999 NONE NONE 100
	FP_ROUTE KDTW..KBUF

TRACK_TIME 1167737286
TRACK A20110117563818 CRJ2 425700 784300 120 30 999 NONE NONE 120
	FP_ROUTE KBUF..KDTW

TRACK_TIME 1167737286
TRACK A20110117563836 B735 384300 901660 120 30 999 NONE NONE 260
	FP_ROUTE KSTL..KHOU

TRACK_TIME 1167737286
TRACK A20110117563842 A320 351200 805700 120 30 999 NONE NONE 260
	FP_ROUTE KCLT..KDEN

TRACK_TIME 1167737286
TRACK A20110117563845 CRJ2 445100 931360 120 30 999 NONE NONE 310
	FP_ROUTE KMSP..KIND

TRACK_TIME 1167737286
TRACK A20110117563847 A319 385260 770400 120 30 999 NONE NONE 380
	FP_ROUTE KDCA..KMSP

TRACK_TIME 1167737286
TRACK A20110117563849 A319 444960 931360 120 30 999 NONE NONE 360
	FP_ROUTE KMSP..KSNA

TRACK_TIME 1167737286
TRACK A20110117563850 E145 415800 875700 120 30 999 NONE NONE 280
	FP_ROUTE KORD..KICT

TRACK_TIME 1167737286
TRACK A20110117563851 CRJ2 332560 1120300 120 30 999 NONE NONE 310
	FP_ROUTE KPHX..KDSM

TRACK_TIME 1167737286
TRACK A20110117563852 A319 395500 1044060 120 30 999 NONE NONE 370
	FP_ROUTE KDEN..KMSP

TRACK_TIME 1167737286
TRACK A20110117563856 LJ35 323460 1170100 120 30 999 NONE NONE 210
	FP_ROUTE KSDM..KIFP

TRACK_TIME 1167737286
TRACK A20110117563861 LJ35 351000 1143400 120 30 999 NONE NONE 410
	FP_ROUTE KIFP..KSQI

TRACK_TIME 1167737286
TRACK A20110117563868 B738 421060 832260 120 30 999 NONE NONE 380
	FP_ROUTE KDTW..KIAH

TRACK_TIME 1167737286
TRACK A20110117563869 B737 395100 1044360 120 30 999 NONE NONE 380
	FP_ROUTE KDEN..KSFO

TRACK_TIME 1167737286
TRACK A20110117563875 B737 394800 1043900 120 30 999 NONE NONE 250
	FP_ROUTE KDEN..KHOU

TRACK_TIME 1167737286
TRACK A20110117563877 A320 403000 801600 120 30 999 NONE NONE 310
	FP_ROUTE KPIT..KCLT

TRACK_TIME 1167737286
TRACK A20110117563881 CRJ2 390300 844060 120 30 999 NONE NONE 220
	FP_ROUTE KCVG..KGRR

TRACK_TIME 1167737286
TRACK A20110117563886 E135 425560 875400 120 30 999 NONE NONE 250
	FP_ROUTE KMKE..KSDF

TRACK_TIME 1167737286
TRACK A20110117563894 BE20 294000 951800 120 30 999 NONE NONE 260
	FP_ROUTE KHOU..KE38

TRACK_TIME 1167737286
TRACK A20110117563895 B734 611500 1501060 120 30 999 NONE NONE 300
	FP_ROUTE KANC..KBET

TRACK_TIME 1167737286
TRACK A20110117563901 CRJ9 404960 735260 120 30 999 NONE NONE 260
	FP_ROUTE KLGA..KRDU

TRACK_TIME 1167737286
TRACK A20110117563902 CRJ2 421200 832100 120 30 999 NONE NONE 270
	FP_ROUTE KDTW..KDCA

TRACK_TIME 1167737286
TRACK A20110117563903 B752 335700 1182800 120 30 999 NONE NONE 360
	FP_ROUTE KLAX..KSFO

TRACK_TIME 1167737286
TRACK A20110117563904 MD83 415860 875100 120 30 999 NONE NONE 350
	FP_ROUTE KORD..KLGA

TRACK_TIME 1167737286
TRACK A20110117563911 A320 333900 843300 120 30 999 NONE NONE 340
	FP_ROUTE KATL..KONT

TRACK_TIME 1167737286
TRACK A20110117563917 B737 374300 1221360 120 30 999 NONE NONE 330
	FP_ROUTE KOAK..KLAS

TRACK_TIME 1167737286
TRACK A20110117563918 B737 360700 1150900 120 30 999 NONE NONE 390
	FP_ROUTE KLAS..KSTL

TRACK_TIME 1167737286
TRACK A20110117563924 B738 415560 875560 120 30 999 NONE NONE 380
	FP_ROUTE KORD..KSFO

TRACK_TIME 1167737286
TRACK A20110117563931 SF34 483400 932400 120 30 999 NONE NONE 190
	FP_ROUTE KINL..KMSP

TRACK_TIME 1167737286
TRACK A20110117563941 B739 472500 1221900 120 30 999 NONE NONE 370
	FP_ROUTE KSEA..KLAS

TRACK_TIME 1167737286
TRACK A20110117563947 E170 415700 875800 120 30 999 NONE NONE 360
	FP_ROUTE KORD..KMSY

TRACK_TIME 1167737286
TRACK A20110117563952 B737 360900 864000 120 30 999 NONE NONE 310
	FP_ROUTE KBNA..KCMH

TRACK_TIME 1167737286
TRACK A20110117563962 CRJ9 390300 844200 120 30 999 NONE NONE 220
	FP_ROUTE KCVG..KORD

TRACK_TIME 1167737286
TRACK A20110117563963 E170 300000 901660 120 30 999 NONE NONE 350
	FP_ROUTE KMSY..KORD

TRACK_TIME 1167737286
TRACK A20110117563981 E145 295860 951800 120 30 999 NONE NONE 370
	FP_ROUTE KIAH..KDSM

TRACK_TIME 1167737286
TRACK A20110117563989 E145 351060 805700 120 30 999 NONE NONE 310
	FP_ROUTE KCLT..KJFK

TRACK_TIME 1167737286
TRACK A20110117563991 B738 335560 1182700 120 30 999 NONE NONE 370
	FP_ROUTE KLAX..KEWR

TRACK_TIME 1167737286
TRACK A20110117563992 CRJ2 351200 805560 120 30 999 NONE NONE 100
	FP_ROUTE KCLT..KCAE

TRACK_TIME 1167737286
TRACK A20110117563993 A319 295800 952100 120 30 999 NONE NONE 390
	FP_ROUTE KIAH..KMSP

TRACK_TIME 1167737286
TRACK A20110117563998 BE20 323000 863100 120 30 999 NONE NONE 99
	FP_ROUTE K1A9..KBHM

TRACK_TIME 1167737286
TRACK A20110117564000 MD83 325200 970160 120 30 999 NONE NONE 330
	FP_ROUTE KDFW..KTPA

TRACK_TIME 1167737286
TRACK A20110117564002 A320 282560 811800 120 30 999 NONE NONE 370
	FP_ROUTE KMCO..KSWF

TRACK_TIME 1167737286
TRACK A20110117564005 DH8D 472700 1221900 120 30 999 NONE NONE 210
	FP_ROUTE KSEA..KMFR

TRACK_TIME 1167737286
TRACK A20110117564006 B737 333900 842200 120 30 999 NONE NONE 380
	FP_ROUTE KATL..KMKE

TRACK_TIME 1167737286
TRACK A20110117564007 BE20 333400 864500 120 30 999 NONE NONE 80
	FP_ROUTE KBHM..KMEM

TRACK_TIME 1167737286
TRACK A20110117564013 CL60 400460 830400 120 30 999 NONE NONE 31
	FP_ROUTE KOSU..KCMH

TRACK_TIME 1167737286
TRACK A20110117564014 CL60 400000 825260 120 30 999 NONE NONE 370
	FP_ROUTE KCMH..KTPA

TRACK_TIME 1167737286
TRACK A20110117564018 BE20 350160 895860 120 30 999 NONE NONE 190
	FP_ROUTE KMEM..KBHM

TRACK_TIME 1167737286
TRACK A20110117564019 CRJ9 421200 832100 120 30 999 NONE NONE 350
	FP_ROUTE KDTW..KJFK

TRACK_TIME 1167737286
TRACK A20110117564022 A319 415860 874900 120 30 999 NONE NONE 390
	FP_ROUTE KORD..KIAD

TRACK_TIME 1167737286
TRACK A20110117564028 E145 380760 854300 120 30 999 NONE NONE 360
	FP_ROUTE KSDF..KMIA

TRACK_TIME 1167737286
TRACK A20110117564030 E120 364800 1194600 120 30 999 NONE NONE 250
	FP_ROUTE KFAT..KLAS

TRACK_TIME 1167737286
TRACK A20110117564034 B738 360700 1150900 120 30 999 NONE NONE 370
	FP_ROUTE KLAS..KORD

TRACK_TIME 1167737286
TRACK A20110117564035 C750 400000 825500 120 30 999 NONE NONE 370
	FP_ROUTE KCMH..KHPN

TRACK_TIME 1167737286
TRACK A20110117564046 E120 360600 1150900 120 30 999 NONE NONE 240
	FP_ROUTE KLAS..KFAT

TRACK_TIME 1167737286
TRACK A20110117564048 CRJ2 464960 1004900 120 30 999 NONE NONE 310
	FP_ROUTE KBIS..KMSP

TRACK_TIME 1167737286
TRACK A20110117564052 CRJ2 445400 931660 120 30 999 NONE NONE 35
	FP_ROUTE KMSP..KFSD

TRACK_TIME 1167737286
TRACK A20110117564056 E145 445100 931360 120 30 999 NONE NONE 100
	FP_ROUTE KMSP..KMKE

TRACK_TIME 1167737286
TRACK A20110117564060 C750 393160 1074360 120 30 999 NONE NONE 450
	FP_ROUTE KRIL..KRST

TRACK_TIME 1167737286
TRACK A20110117564062 BE20 393000 1194600 120 30 999 NONE NONE 250
	FP_ROUTE KRNO..KTDW

TRACK_TIME 1167737286
TRACK A20110117564071 A318 395100 1044600 120 30 999 NONE NONE 360
	FP_ROUTE KDEN..KSMF

TRACK_TIME 1167737286
TRACK A20110117564073 B734 265860 815700 120 30 999 NONE NONE 340
	FP_ROUTE KPGD..KTOL

TRACK_TIME 1167737286
TRACK A20110117564081 A320 443000 731300 120 30 999 NONE NONE 280
	FP_ROUTE KBTV..KJFK

TRACK_TIME 1167737286
TRACK A20110117564086 A319 374300 1221500 120 30 999 NONE NONE 391
	FP_ROUTE KOAK..KPHX

TRACK_TIME 1167737286
TRACK A20110117564087 B739 295700 951960 120 30 999 NONE NONE 310
	FP_ROUTE KIAH..KORD

TRACK_TIME 1167737286
TRACK A20110117564089 A320 422100 710100 120 30 999 NONE NONE 380
	FP_ROUTE KBOS..KIAD

TRACK_TIME 1167737286
TRACK A20110117564090 B752 421200 832200 120 30 999 NONE NONE 360
	FP_ROUTE KDTW..KLAX

TRACK_TIME 1167737286
TRACK A20110117564093 E170 404900 735260 120 30 999 NONE NONE 360
	FP_ROUTE KLGA..KIND

TRACK_TIME 1167737286
TRACK A20110117564096 E145 380160 873160 120 30 999 NONE NONE 110
	FP_ROUTE KEVV..KCVG

TRACK_TIME 1167737286
TRACK A20110117564097 CRJ2 421300 832200 120 30 999 NONE NONE 81
	FP_ROUTE KDTW..KLAN

TRACK_TIME 1167737286
TRACK A20110117564098 SF34 541200 1660700 120 30 999 NONE NONE 190
	FP_ROUTE KDUT..KANC

TRACK_TIME 1167737286
TRACK A20110117564101 CRJ2 333760 842200 120 30 999 NONE NONE 260
	FP_ROUTE KATL..KMOB

TRACK_TIME 1167737286
TRACK A20110117564107 CRJ2 304360 881660 120 30 999 NONE NONE 240
	FP_ROUTE KMOB..KATL

TRACK_TIME 1167737286
TRACK A20110117564108 B712 293760 951600 120 30 999 NONE NONE 350
	FP_ROUTE KHOU..KATL

TRACK_TIME 1167737286
TRACK A20110117564114 B739 404360 740760 120 30 999 NONE NONE 320
	FP_ROUTE KEWR..KMCO

TRACK_TIME 1167737286
TRACK A20110117564117 E190 395260 751300 120 30 999 NONE NONE 230
	FP_ROUTE KPHL..KBOS

TRACK_TIME 1167737286
TRACK A20110117564118 AT72 325260 970300 120 30 999 NONE NONE 121
	FP_ROUTE KDFW..KLBB

TRACK_TIME 1167737286
TRACK A20110117564124 D328 334060 842260 120 30 999 NONE NONE 260
	FP_ROUTE KATL..KSDF

TRACK_TIME 1167737286
TRACK A20110117564133 CRJ9 354660 840160 120 30 999 NONE NONE 120
	FP_ROUTE KTYS..KATL

TRACK_TIME 1167737286
TRACK A20110117564134 CRJ2 411800 955400 120 30 999 NONE NONE 310
	FP_ROUTE KOMA..KMEM

TRACK_TIME 1167737286
TRACK A20110117564137 E170 351200 805560 120 30 999 NONE NONE 200
	FP_ROUTE KCLT..KCHS

TRACK_TIME 1167737286
TRACK A20110117564139 E170 422200 710100 120 30 999 NONE NONE 300
	FP_ROUTE KBOS..KMEM

TRACK_TIME 1167737286
TRACK A20110117564141 E170 350100 895860 120 30 999 NONE NONE 240
	FP_ROUTE KMEM..KMSY

TRACK_TIME 1167737286
TRACK A20110117564144 B738 421200 832200 120 30 999 NONE NONE 360
	FP_ROUTE KDTW..KDEN

TRACK_TIME 1167737286
TRACK A20110117564150 B738 263100 815100 120 30 999 NONE NONE 380
	FP_ROUTE KRSW..KMSP

TRACK_TIME 1167737286
TRACK A20110117564152 F2TH 425700 712560 120 30 999 NONE NONE 160
	FP_ROUTE KMHT..KTEB

TRACK_TIME 1167737286
TRACK A20110117564154 CRJ2 365500 761000 120 30 999 NONE NONE 220
	FP_ROUTE KORF..KCLT

TRACK_TIME 1167737286
TRACK A20110117564156 B737 295700 951960 120 30 999 NONE NONE 330
	FP_ROUTE KIAH..KMSY

TRACK_TIME 1167737286
TRACK A20110117564159 CRJ2 333760 842260 120 30 999 NONE NONE 110
	FP_ROUTE KATL..KGSO

TRACK_TIME 1167737286
TRACK A20110117564161 CRJ2 433100 840400 120 30 999 NONE NONE 120
	FP_ROUTE KMBS..KDTW

TRACK_TIME 1167737286
TRACK A20110117564162 CRJ2 385260 770400 120 30 999 NONE NONE 280
	FP_ROUTE KDCA..KDAY

TRACK_TIME 1167737286
TRACK A20110117564165 CRJ2 421200 832100 120 30 999 NONE NONE 70
	FP_ROUTE KDTW..KCLE

TRACK_TIME 1167737286
TRACK A20110117564169 B752 303000 814060 120 30 999 NONE NONE 289
	FP_ROUTE KJAX..KATL

TRACK_TIME 1167737286
TRACK A20110117564170 CRJ1 390400 843900 120 30 999 NONE NONE 310
	FP_ROUTE KCVG..KBDL

TRACK_TIME 1167737286
TRACK A20110117564175 CRJ2 341000 1182100 120 30 999 NONE NONE 320
	FP_ROUTE KBUR..KSFO

TRACK_TIME 1167737286
TRACK A20110117564176 CRJ2 424660 843160 120 30 999 NONE NONE 60
	FP_ROUTE KLAN..KDTW

TRACK_TIME 1167737286
TRACK A20110117564178 E170 442560 730760 120 30 999 NONE NONE 260
	FP_ROUTE KBTV..KPHL

TRACK_TIME 1167737286
TRACK A20110117564188 B734 644500 1475860 120 30 999 NONE NONE 320
	FP_ROUTE KFAI..KBRW

TRACK_TIME 1167737286
TRACK A20110117564189 B734 611360 1500160 120 30 999 NONE NONE 320
	FP_ROUTE KANC..KFAI

TRACK_TIME 1167737286
TRACK A20110117564191 MD82 325260 970300 120 30 999 NONE NONE 330
	FP_ROUTE KDFW..KTUL

TRACK_TIME 1167737286
TRACK A20110117564195 BE20 302400 1033900 120 30 999 NONE NONE 270
	FP_ROUTE KE38..KHOU

TRACK_TIME 1167737286
TRACK A20110117564196 B733 264060 800400 120 30 999 NONE NONE 350
	FP_ROUTE KPBI..KBWI

TRACK_TIME 1167737286
TRACK A20110117564198 MD83 415800 875700 120 30 999 NONE NONE 350
	FP_ROUTE KORD..KTPA

TRACK_TIME 1167737286
TRACK A20110117564206 B734 472500 1221800 120 30 999 NONE NONE 320
	FP_ROUTE KSEA..KANC

TRACK_TIME 1167737286
TRACK A20110117564207 E120 364960 1194900 120 30 999 NONE NONE 140
	FP_ROUTE KFAT..KSFO

TRACK_TIME 1167737286
TRACK A20110117564208 DH8D 473700 1173300 120 30 999 NONE NONE 240
	FP_ROUTE KGEG..KSEA

TRACK_TIME 1167737286
TRACK A20110117564215 A320 350460 900000 120 30 999 NONE NONE 320
	FP_ROUTE KMEM..KMSP

TRACK_TIME 1167737286
TRACK A20110117564218 CRJ9 433300 964600 120 30 999 NONE NONE 190
	FP_ROUTE KFSD..KMSP

TRACK_TIME 1167737286
TRACK A20110117564219 CRJ9 445100 931300 120 30 999 NONE NONE 290
	FP_ROUTE KMSP..KMDW

TRACK_TIME 1167737286
TRACK A20110117564226 E135 433460 1104500 120 30 999 NONE NONE 390
	FP_ROUTE KJAC..KLUK

TRACK_TIME 1167737286
TRACK A20110117564227 CRJ2 334060 841800 120 30 999 NONE NONE 280
	FP_ROUTE KATL..KSHV

TRACK_TIME 1167737286
TRACK A20110117564228 E135 390700 842400 120 30 999 NONE NONE 390
	FP_ROUTE KLUK..KISP

TRACK_TIME 1167737286
TRACK A20110117564229 B738 420160 874960 120 30 999 NONE NONE 360
	FP_ROUTE KORD..KANC

TRACK_TIME 1167737286
TRACK A20110117564230 CRJ2 322560 934900 120 30 999 NONE NONE 290
	FP_ROUTE KSHV..KATL

TRACK_TIME 1167737286
TRACK A20110117564241 B712 211900 1575700 120 30 999 NONE NONE 140
	FP_ROUTE KHNL..KLIH

TRACK_TIME 1167737286
TRACK A20110117564244 A320 415500 875400 120 30 999 NONE NONE 360
	FP_ROUTE KORD..KDFW

TRACK_TIME 1167737286
TRACK A20110117564245 B737 425560 875400 120 30 999 NONE NONE 380
	FP_ROUTE KMKE..KLAS

TRACK_TIME 1167737286
TRACK A20110117564246 E190 351360 805560 120 30 999 NONE NONE 370
	FP_ROUTE KCLT..KBOS

TRACK_TIME 1167737286
TRACK A20110117564247 E190 402860 801300 120 30 999 NONE NONE 330
	FP_ROUTE KPIT..KBOS

TRACK_TIME 1167737286
TRACK A20110117564249 B712 421060 832200 120 30 999 NONE NONE 330
	FP_ROUTE KDTW..KATL

TRACK_TIME 1167737286
TRACK A20110117564251 B737 325100 970160 120 30 999 NONE NONE 390
	FP_ROUTE KDFW..KATL

TRACK_TIME 1167737286
TRACK A20110117564254 B712 425500 875400 120 30 999 NONE NONE 350
	FP_ROUTE KMKE..KSRQ

TRACK_TIME 1167737286
TRACK A20110117564260 C560 262260 801060 120 30 999 NONE NONE 410
	FP_ROUTE KBCT..KBLM

TRACK_TIME 1167737286
TRACK A20110117564261 B712 333760 842260 120 30 999 NONE NONE 330
	FP_ROUTE KATL..KBWI

TRACK_TIME 1167737286
TRACK A20110117564262 B735 295700 951960 120 30 999 NONE NONE 310
	FP_ROUTE KIAH..KBWI

TRACK_TIME 1167737286
TRACK A20110117564263 B752 335500 1182860 120 30 999 NONE NONE 370
	FP_ROUTE KLAX..KIAH

TRACK_TIME 1167737286
TRACK A20110117564264 CRJ9 404600 1115800 120 30 999 NONE NONE 350
	FP_ROUTE KSLC..KDEN

TRACK_TIME 1167737286
TRACK A20110117564268 E145 415800 875860 120 30 999 NONE NONE 300
	FP_ROUTE KORD..KMCI

TRACK_TIME 1167737286
TRACK A20110117564274 CRJ9 350300 900000 120 30 999 NONE NONE 300
	FP_ROUTE KMEM..KDFW

TRACK_TIME 1167737286
TRACK A20110117564275 CRJ2 421200 832100 120 30 999 NONE NONE 320
	FP_ROUTE KDTW..KBHM

TRACK_TIME 1167737286
TRACK A20110117564276 CRJ1 394300 861660 120 30 999 NONE NONE 190
	FP_ROUTE KIND..KDTW

TRACK_TIME 1167737286
TRACK A20110117564286 B712 425860 784060 120 30 999 NONE NONE 280
	FP_ROUTE KBUF..KATL

TRACK_TIME 1167737286
TRACK A20110117564287 E145 300000 951500 120 30 999 NONE NONE 330
	FP_ROUTE KIAH..KOMA

TRACK_TIME 1167737286
TRACK A20110117564290 AT72 325260 970300 120 30 999 NONE NONE 120
	FP_ROUTE KDFW..KLBB

TRACK_TIME 1167737286
TRACK A20110117564291 B712 333700 842860 120 30 999 NONE NONE 290
	FP_ROUTE KATL..KDCA

TRACK_TIME 1167737286
TRACK A20110117564293 B712 404900 735200 120 30 999 NONE NONE 220
	FP_ROUTE KLGA..KPHF

TRACK_TIME 1167737286
TRACK A20110117564296 CRJ2 414600 874360 120 30 999 NONE NONE 120
	FP_ROUTE KMDW..KDTW

TRACK_TIME 1167737286
TRACK A20110117564298 SF34 445200 931200 120 30 999 NONE NONE 79
	FP_ROUTE KMSP..KMCW

TRACK_TIME 1167737286
TRACK A20110117564300 B738 300100 901500 120 30 999 NONE NONE 280
	FP_ROUTE KMSY..KIAH

TRACK_TIME 1167737286
TRACK A20110117564301 B712 370900 762700 120 30 999 NONE NONE 320
	FP_ROUTE KPHF..KMCO

TRACK_TIME 1167737286
TRACK A20110117564305 B738 422200 710100 120 30 999 NONE NONE 340
	FP_ROUTE KBOS..KMIA

TRACK_TIME 1167737286
TRACK A20110117564308 B712 260460 800760 120 30 999 NONE NONE 330
	FP_ROUTE KFLL..KBWI

TRACK_TIME 1167737286
TRACK A20110117564311 B737 400000 825100 120 30 999 NONE NONE 300
	FP_ROUTE KCMH..KMDW

TRACK_TIME 1167737286
TRACK A20110117564312 MD82 325200 970300 120 30 999 NONE NONE 360
	FP_ROUTE KDFW..KPHX

TRACK_TIME 1167737286
TRACK A20110117564328 E170 395260 751300 120 30 999 NONE NONE 250
	FP_ROUTE KPHL..KMHT

TRACK_TIME 1167737286
TRACK A20110117564334 B752 411800 955400 120 30 999 NONE NONE 400
	FP_ROUTE KOMA..KDEN

TRACK_TIME 1167737286
TRACK A20110117564337 BE9L 361800 1192260 120 30 999 NONE NONE 175
	FP_ROUTE KVIS..KUDD

TRACK_TIME 1167737286
TRACK A20110117564343 B752 395100 1044600 120 30 999 NONE NONE 340
	FP_ROUTE KDEN..KLAX

TRACK_TIME 1167737286
TRACK A20110117564346 B735 332560 1120160 120 30 999 NONE NONE 360
	FP_ROUTE KPHX..KSFO

TRACK_TIME 1167737286
TRACK A20110117564348 B735 374060 1222200 120 30 999 NONE NONE 310
	FP_ROUTE KSFO..KLAX

TRACK_TIME 1167737286
TRACK A20110117564356 B712 211900 1575260 120 30 999 NONE NONE 170
	FP_ROUTE KHNL..KKOA

TRACK_TIME 1167737286
TRACK A20110117564377 B712 205500 1562400 120 30 999 NONE NONE 120
	FP_ROUTE KOGG..KHNL

TRACK_TIME 1167737286
TRACK A20110117564380 AT72 254800 801660 120 30 999 NONE NONE 170
	FP_ROUTE KMIA..KJAX

TRACK_TIME 1167737286
TRACK A20110117564387 B737 334000 1175260 120 30 999 NONE NONE 370
	FP_ROUTE KSNA..KATL

TRACK_TIME 1167737286
TRACK A20110117564403 B712 260460 800760 120 30 999 NONE NONE 350
	FP_ROUTE KFLL..KCMH

TRACK_TIME 1167737286
TRACK A20110117564408 B712 211900 1575700 120 30 999 NONE NONE 120
	FP_ROUTE KHNL..KOGG

TRACK_TIME 1167737286
TRACK A20110117564410 B738 335700 1182800 120 30 999 NONE NONE 380
	FP_ROUTE KLAX..KSEA

TRACK_TIME 1167737286
TRACK A20110117564419 A320 385700 773100 120 30 999 NONE NONE 370
	FP_ROUTE KIAD..KSJU

TRACK_TIME 1167737286
TRACK A20110117564439 B752 254800 801500 120 30 999 NONE NONE 360
	FP_ROUTE KMIA..KLAX

TRACK_TIME 1167737286
TRACK A20110117564440 B734 351500 805560 120 30 999 NONE NONE 290
	FP_ROUTE KCLT..KBWI

TRACK_TIME 1167737286
TRACK A20110117564441 E170 385260 770400 120 30 999 NONE NONE 200
	FP_ROUTE KDCA..KPIT

TRACK_TIME 1167737286
TRACK A20110117564445 E135 404000 734360 120 30 999 NONE NONE 160
	FP_ROUTE KJFK..KDCA

TRACK_TIME 1167737286
TRACK A20110117564457 DH8A 613160 1500000 120 30 999 NONE NONE 200
	FP_ROUTE KANC..KFAI

TRACK_TIME 1167737286
TRACK A20110117564466 B733 334060 1014960 120 30 999 NONE NONE 290
	FP_ROUTE KLBB..KAUS

TRACK_TIME 1167737286
TRACK A20110117564467 MD83 325200 970160 120 30 999 NONE NONE 330
	FP_ROUTE KDFW..KEWR

TRACK_TIME 1167737286
TRACK A20110117564471 B737 340300 1173460 120 30 999 NONE NONE 330
	FP_ROUTE KONT..KPHX

TRACK_TIME 1167737286
TRACK A20110117564474 B737 324900 964960 120 30 999 NONE NONE 380
	FP_ROUTE KDAL..KAMA

TRACK_TIME 1167737286
TRACK A20110117564476 A320 263700 814300 120 30 999 NONE NONE 370
	FP_ROUTE KRSW..KBOS

TRACK_TIME 1167737286
TRACK A20110117564478 B737 324500 1171300 120 30 999 NONE NONE 400
	FP_ROUTE KSAN..KSMF

TRACK_TIME 1167737286
TRACK A20110117564479 B737 332560 1115860 120 30 999 NONE NONE 390
	FP_ROUTE KPHX..KBNA

TRACK_TIME 1167737286
TRACK A20110117564480 B733 324960 964900 120 30 999 NONE NONE 340
	FP_ROUTE KDAL..KABQ

TRACK_TIME 1167737286
TRACK A20110117564482 B737 293760 951500 120 30 999 NONE NONE 300
	FP_ROUTE KHOU..KDAL

TRACK_TIME 1167737286
TRACK A20110117564483 B733 350160 1063460 120 30 999 NONE NONE 330
	FP_ROUTE KABQ..KMCI

TRACK_TIME 1167737286
TRACK A20110117564487 DH8D 472560 1221900 120 30 999 NONE NONE 120
	FP_ROUTE KSEA..KBLI

TRACK_TIME 1167737286
TRACK A20110117564489 B737 351660 1014660 120 30 999 NONE NONE 320
	FP_ROUTE KAMA..KDEN

TRACK_TIME 1167737286
TRACK A20110117564490 B737 394300 861900 120 30 999 NONE NONE 360
	FP_ROUTE KIND..KLAS

TRACK_TIME 1167737286
TRACK A20110117564496 B737 395260 1043600 120 30 999 NONE NONE 370
	FP_ROUTE KDEN..KMDW

TRACK_TIME 1167737286
TRACK A20110117564505 CRJ2 395500 841200 120 30 999 NONE NONE 310
	FP_ROUTE KDAY..KLGA

TRACK_TIME 1167737286
TRACK A20110117564506 CRJ2 333900 842260 120 30 999 NONE NONE 280
	FP_ROUTE KATL..KLEX

TRACK_TIME 1167737286
TRACK A20110117564510 B737 333760 842260 120 30 999 NONE NONE 330
	FP_ROUTE KATL..KIAD

TRACK_TIME 1167737286
TRACK A20110117564513 B712 272260 823300 120 30 999 NONE NONE 320
	FP_ROUTE KSRQ..KIND

TRACK_TIME 1167737286
TRACK A20110117564522 CRJ2 380400 843460 120 30 999 NONE NONE 230
	FP_ROUTE KLEX..KATL

TRACK_TIME 1167737286
TRACK A20110117564536 B737 275860 823300 120 30 999 NONE NONE 380
	FP_ROUTE KTPA..KMCI

TRACK_TIME 1167737286
TRACK A20110117564538 B738 333900 842100 120 30 999 NONE NONE 360
	FP_ROUTE KATL..KPDX

TRACK_TIME 1167737286
TRACK A20110117564540 B737 372700 1215800 120 30 999 NONE NONE 370
	FP_ROUTE KSJC..KLAX

TRACK_TIME 1167737286
TRACK A20110117564547 B752 422260 710100 120 30 999 NONE NONE 340
	FP_ROUTE KBOS..KSFO

TRACK_TIME 1167737286
TRACK A20110117564550 A320 420000 874660 120 30 999 NONE NONE 390
	FP_ROUTE KORD..KDCA

TRACK_TIME 1167737286
TRACK A20110117564551 B737 335560 1183300 120 30 999 NONE NONE 390
	FP_ROUTE KLAX..KDEN

TRACK_TIME 1167737286
TRACK A20110117564556 DH8A 404800 735100 120 30 999 NONE NONE 180
	FP_ROUTE KLGA..KORF

TRACK_TIME 1167737286
TRACK A20110117564560 DH8A 365400 761200 120 30 999 NONE NONE 121
	FP_ROUTE KORF..KLGA

TRACK_TIME 1167737286
TRACK A20110117564563 MD82 395260 751300 120 30 999 NONE NONE 340
	FP_ROUTE KPHL..KORD

TRACK_TIME 1167737286
TRACK A20110117564564 CRJ2 303600 910460 120 30 999 NONE NONE 310
	FP_ROUTE KBTR..KATL

TRACK_TIME 1167737286
TRACK A20110117564565 CRJ9 411900 955500 120 30 999 NONE NONE 69
	FP_ROUTE KOMA..KMSP

TRACK_TIME 1167737286
TRACK A20110117564569 CRJ9 395100 1044600 120 30 999 NONE NONE 340
	FP_ROUTE KDEN..KSLC

TRACK_TIME 1167737286
TRACK A20110117564571 B737 394800 1043900 120 30 999 NONE NONE 400
	FP_ROUTE KDEN..KPHX

TRACK_TIME 1167737286
TRACK A20110117564574 CRJ2 345500 821300 120 30 999 NONE NONE 330
	FP_ROUTE KGSP..KLGA

TRACK_TIME 1167737286
TRACK A20110117564577 A319 280000 823300 120 30 999 NONE NONE 360
	FP_ROUTE KTPA..KDEN

TRACK_TIME 1167737286
TRACK A20110117564578 CRJ2 421060 832200 120 30 999 NONE NONE 210
	FP_ROUTE KDTW..KSYR

TRACK_TIME 1167737286
TRACK A20110117564579 CRJ2 430600 760600 120 30 999 NONE NONE 260
	FP_ROUTE KSYR..KDTW

TRACK_TIME 1167737286
TRACK A20110117564581 CRJ2 403900 893760 120 30 999 NONE NONE 120
	FP_ROUTE KPIA..KDTW

TRACK_TIME 1167737286
TRACK A20110117564588 A319 263600 814300 120 30 999 NONE NONE 390
	FP_ROUTE KRSW..KLGA

TRACK_TIME 1167737286
TRACK A20110117564590 B737 391800 944360 120 30 999 NONE NONE 380
	FP_ROUTE KMCI..KOAK

TRACK_TIME 1167737286
TRACK A20110117564592 B752 333760 842100 120 30 999 NONE NONE 390
	FP_ROUTE KATL..KLGA

TRACK_TIME 1167737286
TRACK A20110117564594 E135 433460 1104500 120 30 999 NONE NONE 370
	FP_ROUTE KJAC..KRAP

TRACK_TIME 1167737286
TRACK A20110117564598 A320 385800 773160 120 30 999 NONE NONE 270
	FP_ROUTE KIAD..KBDL

TRACK_TIME 1167737286
TRACK A20110117564599 C550 333600 1160900 120 30 999 NONE NONE 410
	FP_ROUTE KTRM..KIBM

TRACK_TIME 1167737286
TRACK A20110117564603 E135 341500 1183000 120 30 999 NONE NONE 410
	FP_ROUTE KVNY..KJAC

TRACK_TIME 1167737286
TRACK A20110117564608 A320 422200 705860 120 30 999 NONE NONE 160
	FP_ROUTE KBOS..KJFK

TRACK_TIME 1167737286
TRACK A20110117564609 B772 333900 842260 120 30 999 NONE NONE 350
	FP_ROUTE KATL..KDTW

TRACK_TIME 1167737286
TRACK A20110117564617 BE9L 332100 820700 120 30 999 NONE NONE 100
	FP_ROUTE KAGS..KPDK

TRACK_TIME 1167737286
TRACK A20110117564620 B738 415500 875560 120 30 999 NONE NONE 380
	FP_ROUTE KORD..KRNO

TRACK_TIME 1167737286
TRACK A20110117564621 E135 442260 880760 120 30 999 NONE NONE 130
	FP_ROUTE KGRB..KORD

TRACK_TIME 1167737286
TRACK A20110117564636 A319 275700 824060 120 30 999 NONE NONE 320
	FP_ROUTE KPIE..KMKE

TRACK_TIME 1167737286
TRACK A20110117564654 DH8D 472560 1221800 120 30 999 NONE NONE 190
	FP_ROUTE KSEA..KPSC

TRACK_TIME 1167737286
TRACK A20110117564655 B712 425100 853100 120 30 999 NONE NONE 370
	FP_ROUTE KGRR..KBWI

TRACK_TIME 1167737286
TRACK A20110117564657 B733 300900 974800 120 30 999 NONE NONE 340
	FP_ROUTE KAUS..KLAS

TRACK_TIME 1167737286
TRACK A20110117564660 LJ35 410600 734360 120 30 999 NONE NONE 240
	FP_ROUTE KHPN..KORF

TRACK_TIME 1167737286
TRACK A20110117564670 B737 395400 1044200 120 30 999 NONE NONE 400
	FP_ROUTE KDEN..KPHX

TRACK_TIME 1167737286
TRACK A20110117564675 B733 293760 951600 120 30 999 NONE NONE 220
	FP_ROUTE KHOU..KAUS

TRACK_TIME 1167737286
TRACK A20110117564676 B733 360700 1150900 120 30 999 NONE NONE 350
	FP_ROUTE KLAS..KABQ

TRACK_TIME 1167737286
TRACK A20110117564677 B737 332560 1115800 120 30 999 NONE NONE 300
	FP_ROUTE KPHX..KONT

TRACK_TIME 1167737286
TRACK A20110117564679 B737 340300 1173760 120 30 999 NONE NONE 380
	FP_ROUTE KONT..KSMF

TRACK_TIME 1167737286
TRACK A20110117564681 B763 340300 1173760 120 30 999 NONE NONE 300
	FP_ROUTE KONT..KHNL

TRACK_TIME 1167737286
TRACK A20110117564691 E145 325500 970300 120 30 999 NONE NONE 370
	FP_ROUTE KDFW..KFWA

TRACK_TIME 1167737286
TRACK A20110117564696 B738 263600 814000 120 30 999 NONE NONE 380
	FP_ROUTE KRSW..KEWR

TRACK_TIME 1167737286
TRACK A20110117564698 MD82 280000 823300 120 30 999 NONE NONE 320
	FP_ROUTE KTPA..KDFW

TRACK_TIME 1167737286
TRACK A20110117564699 MD82 325100 970400 120 30 999 NONE NONE 250
	FP_ROUTE KDFW..KOMA

TRACK_TIME 1167737286
TRACK A20110117564700 CRJ1 400000 825400 120 30 999 NONE NONE 290
	FP_ROUTE KCMH..KDCA

TRACK_TIME 1167737286
TRACK A20110117564703 B737 333900 1175260 120 30 999 NONE NONE 400
	FP_ROUTE KSNA..KSEA

TRACK_TIME 1167737286
TRACK A20110117564707 B752 182700 655860 120 30 999 NONE NONE 360
	FP_ROUTE KSJU..KDFW

TRACK_TIME 1167737286
TRACK A20110117564711 B737 260460 801000 120 30 999 NONE NONE 210
	FP_ROUTE KFLL..KMCO

TRACK_TIME 1167737286
TRACK A20110117564717 LJ35 350160 1063460 120 30 999 NONE NONE 400
	FP_ROUTE KABQ..KGJT

TRACK_TIME 1167737286
TRACK A20110117564718 MD82 325500 970160 120 30 999 NONE NONE 290
	FP_ROUTE KDFW..KMEM

TRACK_TIME 1167737286
TRACK A20110117564721 B737 414600 874360 120 30 999 NONE NONE 330
	FP_ROUTE KMDW..KCLE

TRACK_TIME 1167737286
TRACK A20110117564733 CRJ9 390160 844000 120 30 999 NONE NONE 340
	FP_ROUTE KCVG..KDFW

TRACK_TIME 1167737286
TRACK A20110117564736 E145 394200 861800 120 30 999 NONE NONE 350
	FP_ROUTE KIND..KEWR

TRACK_TIME 1167737286
TRACK A20110117564739 BE9L 382700 1011500 120 30 999 NONE NONE 90
	FP_ROUTE K3K7..KHYS

TRACK_TIME 1167737286
TRACK A20110117564741 BE9L 385100 991600 120 30 999 NONE NONE 80
	FP_ROUTE KHYS..KGCK

TRACK_TIME 1167737286
TRACK A20110117564742 BE9L 375200 1003760 120 30 999 NONE NONE 99
	FP_ROUTE KGCK..KGLD

TRACK_TIME 1167737286
TRACK A20110117564745 A321 395200 751660 120 30 999 NONE NONE 360
	FP_ROUTE KPHL..KPHX

TRACK_TIME 1167737286
TRACK A20110117564746 BE9L 392260 1014060 120 30 999 NONE NONE 110
	FP_ROUTE KGLD..KHYS

TRACK_TIME 1167737286
TRACK A20110117564747 BE9L 384900 991800 120 30 999 NONE NONE 100
	FP_ROUTE KHYS..KGCK

TRACK_TIME 1167737286
TRACK A20110117564756 C550 264060 801300 120 30 999 NONE NONE 330
	FP_ROUTE KPBI..KLOM

TRACK_TIME 1167737286
TRACK A20110117564759 AT72 325200 970460 120 30 999 NONE NONE 79
	FP_ROUTE KDFW..KAMA

TRACK_TIME 1167737286
TRACK A20110117564763 E145 412400 815260 120 30 999 NONE NONE 110
	FP_ROUTE KCLE..KORD

TRACK_TIME 1167737286
TRACK A20110117564785 B712 333900 842860 120 30 999 NONE NONE 320
	FP_ROUTE KATL..KBMI

TRACK_TIME 1167737286
TRACK A20110117564787 B752 260400 801060 120 30 999 NONE NONE 371
	FP_ROUTE KFLL..KATL

TRACK_TIME 1167737286
TRACK A20110117564796 CRJ2 433600 964500 120 30 999 NONE NONE 170
	FP_ROUTE KFSD..KMSP

TRACK_TIME 1167737286
TRACK A20110117564799 A321 395260 751300 120 30 999 NONE NONE 320
	FP_ROUTE KPHL..KLAX

TRACK_TIME 1167737286
TRACK A20110117564802 CRJ2 421060 832400 120 30 999 NONE NONE 300
	FP_ROUTE KDTW..KGRB

TRACK_TIME 1167737286
TRACK A20110117564805 A319 373160 772100 120 30 999 NONE NONE 360
	FP_ROUTE KRIC..KORD

TRACK_TIME 1167737286
TRACK A20110117564806 A320 415860 875860 120 30 999 NONE NONE 380
	FP_ROUTE KORD..KDEN

TRACK_TIME 1167737286
TRACK A20110117564807 CRJ2 445700 931360 120 30 999 NONE NONE 130
	FP_ROUTE KMSP..KDLH

TRACK_TIME 1167737286
TRACK A20110117564814 CRJ2 421200 832200 120 30 999 NONE NONE 270
	FP_ROUTE KDTW..KCHS

TRACK_TIME 1167737286
TRACK A20110117564815 SF34 382100 813760 120 30 999 NONE NONE 130
	FP_ROUTE KCRW..KIAD

TRACK_TIME 1167737286
TRACK A20110117564816 CRJ2 343700 864660 120 30 999 NONE NONE 250
	FP_ROUTE KHSV..KCLT

TRACK_TIME 1167737286
TRACK A20110117564819 B743 335500 1182800 120 30 999 NONE NONE 340
	FP_ROUTE KLAX..KANC

TRACK_TIME 1167737286
TRACK A20110117564821 B738 390160 844000 120 30 999 NONE NONE 370
	FP_ROUTE KCVG..KATL

TRACK_TIME 1167737286
TRACK A20110117564823 MD82 325100 970160 120 30 999 NONE NONE 330
	FP_ROUTE KDFW..KBWI

TRACK_TIME 1167737286
TRACK A20110117564824 E170 415860 875200 120 30 999 NONE NONE 350
	FP_ROUTE KORD..KLGA

TRACK_TIME 1167737286
TRACK A20110117564826 A320 275700 823300 120 30 999 NONE NONE 350
	FP_ROUTE KTPA..KEWR

TRACK_TIME 1167737286
TRACK A20110117564829 E120 405860 1240700 120 30 999 NONE NONE 270
	FP_ROUTE KACV..KSFO

TRACK_TIME 1167737286
TRACK A20110117564832 MD82 324960 970400 120 30 999 NONE NONE 330
	FP_ROUTE KDFW..KORD

TRACK_TIME 1167737286
TRACK A20110117564834 A320 415800 874960 120 30 999 NONE NONE 390
	FP_ROUTE KORD..KIAD

TRACK_TIME 1167737286
TRACK A20110117564839 E145 412400 815200 120 30 999 NONE NONE 250
	FP_ROUTE KCLE..KDCA

TRACK_TIME 1167737286
TRACK A20110117564844 A320 404000 734500 120 30 999 NONE NONE 170
	FP_ROUTE KJFK..KSYR

TRACK_TIME 1167737286
TRACK A20110117564849 B737 295700 952100 120 30 999 NONE NONE 410
	FP_ROUTE KIAH..KDCA

TRACK_TIME 1167737286
TRACK A20110117564864 E145 302400 841060 120 30 999 NONE NONE 370
	FP_ROUTE KTLH..KMIA

TRACK_TIME 1167737286
TRACK A20110117564866 EA50 332560 1052400 120 30 999 NONE NONE 350
	FP_ROUTE KSRR..KJWY

TRACK_TIME 1167737286
TRACK A20110117564871 E145 462100 872260 120 30 999 NONE NONE 190
	FP_ROUTE KSAW..KTVC

TRACK_TIME 1167737286
TRACK A20110117564873 E145 444300 853300 120 30 999 NONE NONE 40
	FP_ROUTE KTVC..KORD

TRACK_TIME 1167737286
TRACK A20110117564875 A320 385560 773100 120 30 999 NONE NONE 220
	FP_ROUTE KIAD..KRDU

TRACK_TIME 1167737286
TRACK A20110117564876 DH8C 404300 740760 120 30 999 NONE NONE 41
	FP_ROUTE KEWR..KPHL

TRACK_TIME 1167737286
TRACK A20110117564878 CRJ2 461500 1191000 120 30 999 NONE NONE 330
	FP_ROUTE KPSC..KSLC

TRACK_TIME 1167737286
TRACK A20110117564879 F900 254800 801900 120 30 999 NONE NONE 410
	FP_ROUTE KMIA..KFRG

TRACK_TIME 1167737286
TRACK A20110117564881 E145 415800 875560 120 30 999 NONE NONE 340
	FP_ROUTE KORD..KOMA

TRACK_TIME 1167737286
TRACK A20110117564885 E135 404800 735100 120 30 999 NONE NONE 360
	FP_ROUTE KLGA..KDTW

TRACK_TIME 1167737286
TRACK A20110117564886 B752 182800 655800 120 30 999 NONE NONE 360
	FP_ROUTE KSJU..KATL

TRACK_TIME 1167737286
TRACK A20110117564897 CRJ2 443100 731300 120 30 999 NONE NONE 280
	FP_ROUTE KBTV..KIAD

TRACK_TIME 1167737286
TRACK A20110117564899 B735 293700 951660 120 30 999 NONE NONE 300
	FP_ROUTE KHOU..KDAL

TRACK_TIME 1167737286
TRACK A20110117564905 CRJ2 350160 895860 120 30 999 NONE NONE 160
	FP_ROUTE KMEM..KHSV

TRACK_TIME 1167737286
TRACK A20110117564907 A320 415700 724000 120 30 999 NONE NONE 380
	FP_ROUTE KBDL..KATL

TRACK_TIME 1167737286
TRACK A20110117564908 CRJ2 343600 864600 120 30 999 NONE NONE 130
	FP_ROUTE KHSV..KATL

TRACK_TIME 1167737286
TRACK A20110117564912 A321 333900 842200 120 30 999 NONE NONE 340
	FP_ROUTE KATL..KPHX

TRACK_TIME 1167737286
TRACK A20110117564914 E145 400000 825200 120 30 999 NONE NONE 230
	FP_ROUTE KCMH..KDCA

TRACK_TIME 1167737286
TRACK A20110117564916 A321 332560 1120160 120 30 999 NONE NONE 280
	FP_ROUTE KPHX..KSAN

TRACK_TIME 1167737286
TRACK A20110117564922 CRJ2 394960 1044500 120 30 999 NONE NONE 300
	FP_ROUTE KDEN..KSLC

TRACK_TIME 1167737286
TRACK A20110117564932 B738 295700 952100 120 30 999 NONE NONE 360
	FP_ROUTE KIAH..KSFO

TRACK_TIME 1167737286
TRACK A20110117564934 B752 393900 1065500 120 30 999 NONE NONE 370
	FP_ROUTE KEGE..KMIA

TRACK_TIME 1167737286
TRACK A20110117564938 CRJ2 420000 874800 120 30 999 NONE NONE 350
	FP_ROUTE KORD..KHPN

TRACK_TIME 1167737286
TRACK A20110117564951 SF34 445260 930900 120 30 999 NONE NONE 160
	FP_ROUTE KMSP..KJMS

TRACK_TIME 1167737286
TRACK A20110117564955 SF34 480700 985500 120 30 999 NONE NONE 120
	FP_ROUTE KJMS..KDVL

TRACK_TIME 1167737286
TRACK A20110117564956 SF34 480700 985500 120 30 999 NONE NONE 170
	FP_ROUTE KDVL..KMSP

TRACK_TIME 1167737286
TRACK A20110117564958 B737 472560 1221800 120 30 999 NONE NONE 410
	FP_ROUTE KSEA..KSNA

TRACK_TIME 1167737286
TRACK A20110117564961 B737 324360 1171300 120 30 999 NONE NONE 400
	FP_ROUTE KSAN..KSMF

TRACK_TIME 1167737286
TRACK A20110117564963 B737 254800 801600 120 30 999 NONE NONE 410
	FP_ROUTE KMIA..KATL

TRACK_TIME 1167737286
TRACK A20110117564965 CRJ2 335200 1163160 120 30 999 NONE NONE 330
	FP_ROUTE KPSP..KDEN

TRACK_TIME 1167737286
TRACK A20110117564967 E145 412500 814960 120 30 999 NONE NONE 330
	FP_ROUTE KCLE..KBDL

TRACK_TIME 1167737286
TRACK A20110117564970 E120 453600 1223600 120 30 999 NONE NONE 150
	FP_ROUTE KPDX..KEUG

TRACK_TIME 1167737286
TRACK A20110117564972 E120 440460 1231300 120 30 999 NONE NONE 51
	FP_ROUTE KEUG..KPDX

TRACK_TIME 1167737286
TRACK A20110117564976 B738 404600 1115800 120 30 999 NONE NONE 360
	FP_ROUTE KSLC..KSAN

TRACK_TIME 1167737286
TRACK A20110117564982 B752 420000 875100 120 30 999 NONE NONE 390
	FP_ROUTE KORD..KBWI

TRACK_TIME 1167737286
TRACK A20110117564988 CRJ9 333900 842700 120 30 999 NONE NONE 100
	FP_ROUTE KATL..KTYS

TRACK_TIME 1167737286
TRACK A20110117564993 FA50 395260 751200 120 30 999 NONE NONE 430
	FP_ROUTE KPHL..KPBI

TRACK_TIME 1167737286
TRACK A20110117564996 SF34 385500 773300 120 30 999 NONE NONE 60
	FP_ROUTE KIAD..KCHO

TRACK_TIME 1167737286
TRACK A20110117564998 B737 350300 1063460 120 30 999 NONE NONE 380
	FP_ROUTE KABQ..KPHX

TRACK_TIME 1167737286
TRACK A20110117564999 B737 344300 921500 120 30 999 NONE NONE 360
	FP_ROUTE KLIT..KHOU

TRACK_TIME 1167737286
TRACK A20110117565001 B737 293760 951800 120 30 999 NONE NONE 400
	FP_ROUTE KHOU..KMAF

TRACK_TIME 1167737286
TRACK A20110117565003 E145 350100 895860 120 30 999 NONE NONE 60
	FP_ROUTE KMEM..KSDF

TRACK_TIME 1167737286
TRACK A20110117565007 CRJ2 345500 821200 120 30 999 NONE NONE 160
	FP_ROUTE KGSP..KATL

TRACK_TIME 1167737286
TRACK A20110117565008 E190 414360 712500 120 30 999 NONE NONE 60
	FP_ROUTE KPVD..KPHL

TRACK_TIME 1167737286
TRACK A20110117565011 DH8A 211900 1575260 120 30 999 NONE NONE 50
	FP_ROUTE KHNL..KMKK

TRACK_TIME 1167737286
TRACK A20110117565012 E145 380760 854300 120 30 999 NONE NONE 280
	FP_ROUTE KSDF..KMEM

TRACK_TIME 1167737286
TRACK A20110117565013 B733 383900 1213300 120 30 999 NONE NONE 330
	FP_ROUTE KSMF..KLAS

TRACK_TIME 1167737286
TRACK A20110117565014 B739 332560 1115560 120 30 999 NONE NONE 350
	FP_ROUTE KPHX..KEWR

TRACK_TIME 1167737286
TRACK A20110117565015 CRJ2 333900 842260 120 30 999 NONE NONE 300
	FP_ROUTE KATL..KSBN

TRACK_TIME 1167737286
TRACK A20110117565016 A320 395200 1044660 120 30 999 NONE NONE 190
	FP_ROUTE KDEN..KEGE

TRACK_TIME 1167737286
TRACK A20110117565025 CRJ2 430700 892100 120 30 999 NONE NONE 200
	FP_ROUTE KMSN..KMSP

TRACK_TIME 1167737286
TRACK A20110117565036 B738 385260 770400 120 30 999 NONE NONE 400
	FP_ROUTE KDCA..KORD

TRACK_TIME 1167737286
TRACK A20110117565040 CRJ1 390160 843900 120 30 999 NONE NONE 270
	FP_ROUTE KCVG..KORF

TRACK_TIME 1167737286
TRACK A20110117565043 A333 333760 842400 120 30 999 NONE NONE 360
	FP_ROUTE KATL..KHNL

TRACK_TIME 1167737286
TRACK A20110117565046 CRJ2 395500 841060 120 30 999 NONE NONE 270
	FP_ROUTE KDAY..KDCA

TRACK_TIME 1167737286
TRACK A20110117565055 F2TH 264060 800160 120 30 999 NONE NONE 400
	FP_ROUTE KPBI..KIAH

TRACK_TIME 1167737286
TRACK A20110117565057 F2TH 300400 953300 120 30 999 NONE NONE 410
	FP_ROUTE KDWH..KPBI

TRACK_TIME 1167737286
TRACK A20110117565058 F2TH 264300 801200 120 30 999 NONE NONE 310
	FP_ROUTE KPBI..KLGA

TRACK_TIME 1167737286
TRACK A20110117565062 MD82 350160 1063400 120 30 999 NONE NONE 330
	FP_ROUTE KABQ..KDFW

TRACK_TIME 1167737286
TRACK A20110117565063 E135 394360 861660 120 30 999 NONE NONE 40
	FP_ROUTE KIND..KORD

TRACK_TIME 1167737286
TRACK A20110117565070 CRJ9 384360 901600 120 30 999 NONE NONE 320
	FP_ROUTE KSTL..KMSP

TRACK_TIME 1167737286
TRACK A20110117565081 CRJ2 333760 842100 120 30 999 NONE NONE 290
	FP_ROUTE KATL..KFAY

TRACK_TIME 1167737286
TRACK A20110117565082 CRJ2 350160 785700 120 30 999 NONE NONE 280
	FP_ROUTE KFAY..KATL

TRACK_TIME 1167737286
TRACK A20110117565094 B739 360700 1150900 120 30 999 NONE NONE 360
	FP_ROUTE KLAS..KSEA

TRACK_TIME 1167737286
TRACK A20110117565099 E190 422200 710100 120 30 999 NONE NONE 280
	FP_ROUTE KBOS..KPHL

TRACK_TIME 1167737286
TRACK A20110117565100 E145 254800 801900 120 30 999 NONE NONE 360
	FP_ROUTE KMIA..KIND

TRACK_TIME 1167737286
TRACK A20110117565101 MD82 394360 861660 120 30 999 NONE NONE 340
	FP_ROUTE KIND..KDFW

TRACK_TIME 1167737286
TRACK A20110117565102 B738 325200 970160 120 30 999 NONE NONE 370
	FP_ROUTE KDFW..KBNA

TRACK_TIME 1167737286
TRACK A20110117565104 CRJ2 404000 734200 120 30 999 NONE NONE 200
	FP_ROUTE KJFK..KBUF

TRACK_TIME 1167737286
TRACK A20110117565106 CRJ2 350100 895800 120 30 999 NONE NONE 170
	FP_ROUTE KMEM..KBHM

TRACK_TIME 1167737286
TRACK A20110117565107 CRJ2 410600 734500 120 30 999 NONE NONE 340
	FP_ROUTE KHPN..KDTW

TRACK_TIME 1167737286
TRACK A20110117565108 DC87 390300 844200 120 30 999 NONE NONE 350
	FP_ROUTE KCVG..KEWR

TRACK_TIME 1167737286
TRACK A20110117565110 CRJ9 394660 1043900 120 30 999 NONE NONE 340
	FP_ROUTE KDEN..KSLC

TRACK_TIME 1167737286
TRACK A20110117565111 E145 425200 853100 120 30 999 NONE NONE 360
	FP_ROUTE KGRR..KDFW

TRACK_TIME 1167737286
TRACK A20110117565113 A320 335700 1182700 120 30 999 NONE NONE 350
	FP_ROUTE KLAX..KIAD

TRACK_TIME 1167737286
TRACK A20110117565115 B735 422200 705800 120 30 999 NONE NONE 160
	FP_ROUTE KBOS..KEWR

TRACK_TIME 1167737286
TRACK A20110117565119 B733 360700 1150900 120 30 999 NONE NONE 320
	FP_ROUTE KLAS..KSEA

TRACK_TIME 1167737286
TRACK A20110117565124 B738 445100 931300 120 30 999 NONE NONE 390
	FP_ROUTE KMSP..KDCA

TRACK_TIME 1167737286
TRACK A20110117565127 A319 280000 823300 120 30 999 NONE NONE 370
	FP_ROUTE KTPA..KDCA

TRACK_TIME 1167737286
TRACK A20110117565128 A320 404000 734500 120 30 999 NONE NONE 170
	FP_ROUTE KJFK..KBOS

TRACK_TIME 1167737286
TRACK A20110117565139 E145 404000 734200 120 30 999 NONE NONE 220
	FP_ROUTE KJFK..KROC

TRACK_TIME 1167737286
TRACK A20110117565140 A319 275800 823300 120 30 999 NONE NONE 390
	FP_ROUTE KTPA..KDCA

TRACK_TIME 1167737286
TRACK A20110117565148 B737 395260 751200 120 30 999 NONE NONE 400
	FP_ROUTE KPHL..KMDW

TRACK_TIME 1167737286
TRACK A20110117565153 C510 405500 740300 120 30 999 NONE NONE 340
	FP_ROUTE KTEB..KCAK

TRACK_TIME 1167737286
TRACK A20110117565157 CRJ2 350100 895860 120 30 999 NONE NONE 250
	FP_ROUTE KMEM..KTYS

TRACK_TIME 1167737286
TRACK A20110117565158 B733 404600 1115860 120 30 999 NONE NONE 320
	FP_ROUTE KSLC..KLAS

TRACK_TIME 1167737286
TRACK A20110117565159 B733 360700 1150900 120 30 999 NONE NONE 280
	FP_ROUTE KLAS..KSAN

TRACK_TIME 1167737286
TRACK A20110117565160 C510 405260 812700 120 30 999 NONE NONE 340
	FP_ROUTE KCAK..KMSN

TRACK_TIME 1167737286
TRACK A20110117565163 B733 332560 1120400 120 30 999 NONE NONE 280
	FP_ROUTE KPHX..KLAS

TRACK_TIME 1167737286
TRACK A20110117565169 A319 385260 770300 120 30 999 NONE NONE 210
	FP_ROUTE KDCA..KLGA

TRACK_TIME 1167737286
TRACK A20110117565170 B733 324360 1171360 120 30 999 NONE NONE 350
	FP_ROUTE KSAN..KELP

TRACK_TIME 1167737286
TRACK A20110117565171 E145 395500 1044000 120 30 999 NONE NONE 310
	FP_ROUTE KDEN..KLNK

TRACK_TIME 1167737286
TRACK A20110117565172 A319 422200 710100 120 30 999 NONE NONE 340
	FP_ROUTE KBOS..KDCA

TRACK_TIME 1167737286
TRACK A20110117565173 B733 314800 1062400 120 30 999 NONE NONE 350
	FP_ROUTE KELP..KDAL

TRACK_TIME 1167737286
TRACK A20110117565174 B733 324960 964960 120 30 999 NONE NONE 330
	FP_ROUTE KDAL..KSTL

TRACK_TIME 1167737286
TRACK A20110117565177 C510 430700 892100 120 30 999 NONE NONE 370
	FP_ROUTE KMSN..KTEB

TRACK_TIME 1167737286
TRACK A20110117565184 E120 472500 1221660 120 30 999 NONE NONE 200
	FP_ROUTE KSEA..KGEG

TRACK_TIME 1167737286
TRACK A20110117565186 E190 430600 774200 120 30 999 NONE NONE 210
	FP_ROUTE KROC..KJFK

TRACK_TIME 1167737286
TRACK A20110117565197 E170 403000 801660 120 30 999 NONE NONE 320
	FP_ROUTE KPIT..KCLT

TRACK_TIME 1167737286
TRACK A20110117565199 E145 373160 771960 120 30 999 NONE NONE 320
	FP_ROUTE KRIC..KORD

TRACK_TIME 1167737286
TRACK A20110117565200 B738 340300 1173760 120 30 999 NONE NONE 360
	FP_ROUTE KONT..KSEA

TRACK_TIME 1167737286
TRACK A20110117565208 CRJ9 415800 875800 120 30 999 NONE NONE 340
	FP_ROUTE KORD..KSLC

TRACK_TIME 1167737286
TRACK A20110117565212 CRJ9 390160 843900 120 30 999 NONE NONE 110
	FP_ROUTE KCVG..KDTW

TRACK_TIME 1167737286
TRACK A20110117565224 B733 360600 1150900 120 30 999 NONE NONE 280
	FP_ROUTE KLAS..KSAN

TRACK_TIME 1167737286
TRACK A20110117565227 B737 395200 751660 120 30 999 NONE NONE 220
	FP_ROUTE KPHL..KRDU

TRACK_TIME 1167737286
TRACK A20110117565231 B738 372260 1215700 120 30 999 NONE NONE 380
	FP_ROUTE KSJC..KPDX

TRACK_TIME 1167737286
TRACK A20110117565232 B739 404360 740760 120 30 999 NONE NONE 360
	FP_ROUTE KEWR..KSFO

TRACK_TIME 1167737286
TRACK A20110117565236 CRJ2 465700 964800 120 30 999 NONE NONE 40
	FP_ROUTE KFAR..KMSP

TRACK_TIME 1167737286
TRACK A20110117565237 DH8D 393300 1194660 120 30 999 NONE NONE 250
	FP_ROUTE KRNO..KLAX

TRACK_TIME 1167737286
TRACK A20110117565238 CRJ9 421200 832200 120 30 999 NONE NONE 200
	FP_ROUTE KDTW..KCVG

TRACK_TIME 1167737286
TRACK A20110117565243 CRJ2 461960 1170300 120 30 999 NONE NONE 330
	FP_ROUTE KLWS..KSLC

TRACK_TIME 1167737286
TRACK A20110117565244 E145 415860 875100 120 30 999 NONE NONE 350
	FP_ROUTE KORD..KBWI

TRACK_TIME 1167737286
TRACK A20110117565246 E145 390900 763900 120 30 999 NONE NONE 170
	FP_ROUTE KBWI..KJFK

TRACK_TIME 1167737286
TRACK A20110117565251 F900 393700 1045400 120 30 999 NONE NONE 400
	FP_ROUTE KAPA..KLAX

TRACK_TIME 1167737286
TRACK A20110117565259 B752 395260 751060 120 30 999 NONE NONE 340
	FP_ROUTE KPHL..KMCO

TRACK_TIME 1167737286
TRACK A20110117565263 E145 400000 825260 120 30 999 NONE NONE 360
	FP_ROUTE KCMH..KMIA

TRACK_TIME 1167737286
TRACK A20110117565273 CRJ9 403900 735100 120 30 999 NONE NONE 340
	FP_ROUTE KJFK..KDFW

TRACK_TIME 1167737286
TRACK A20110117565276 B738 403700 735260 120 30 999 NONE NONE 360
	FP_ROUTE KJFK..KLAS

TRACK_TIME 1167737286
TRACK A20110117565279 C550 373760 1222400 120 30 999 NONE NONE 290
	FP_ROUTE KSFO..KSMO

TRACK_TIME 1167737286
TRACK A20110117565280 A321 332560 1120300 120 30 999 NONE NONE 350
	FP_ROUTE KPHX..KCLT

TRACK_TIME 1167737286
TRACK A20110117565289 CRJ2 311900 923160 120 30 999 NONE NONE 290
	FP_ROUTE KAEX..KATL

TRACK_TIME 1167737286
TRACK A20110117565291 E145 390160 844200 120 30 999 NONE NONE 100
	FP_ROUTE KCVG..KSDF

TRACK_TIME 1167737286
TRACK A20110117565293 B733 324960 964960 120 30 999 NONE NONE 110
	FP_ROUTE KDAL..KHOU

TRACK_TIME 1167737286
TRACK A20110117565294 BE9L 374900 995260 120 30 999 NONE NONE 90
	FP_ROUTE KDDC..KHYS

TRACK_TIME 1167737286
TRACK A20110117565295 BE9L 384960 991660 120 30 999 NONE NONE 110
	FP_ROUTE KHYS..KICT

TRACK_TIME 1167737286
TRACK A20110117565297 BE9L 373760 972560 120 30 999 NONE NONE 101
	FP_ROUTE KICT..KDDC

TRACK_TIME 1167737286
TRACK A20110117565299 B733 293760 951800 120 30 999 NONE NONE 350
	FP_ROUTE KHOU..KTPA

TRACK_TIME 1167737286
TRACK A20110117565303 B752 373760 1222100 120 30 999 NONE NONE 370
	FP_ROUTE KSFO..KATL

TRACK_TIME 1167737286
TRACK A20110117565304 BE20 462200 940760 120 30 999 NONE NONE 260
	FP_ROUTE KBRD..KPUB

TRACK_TIME 1167737286
TRACK A20110117565311 BE20 381660 1042700 120 30 999 NONE NONE 260
	FP_ROUTE KPUB..KAVQ

TRACK_TIME 1167737286
TRACK A20110117565313 BE20 322800 1111360 120 30 999 NONE NONE 290
	FP_ROUTE KAVQ..KDSM

TRACK_TIME 1167737286
TRACK A20110117565314 DH8A 395260 751200 120 30 999 NONE NONE 200
	FP_ROUTE KPHL..KROA

TRACK_TIME 1167737286
TRACK A20110117565321 B737 335700 1182860 120 30 999 NONE NONE 320
	FP_ROUTE KLAX..KOAK

TRACK_TIME 1167737286
TRACK A20110117565323 E145 314800 1062400 120 30 999 NONE NONE 280
	FP_ROUTE KELP..KDEN

TRACK_TIME 1167737286
TRACK A20110117565328 E170 395200 751660 120 30 999 NONE NONE 270
	FP_ROUTE KPHL..KBTV

TRACK_TIME 1167737286
TRACK A20110117565337 B738 254800 801600 120 30 999 NONE NONE 360
	FP_ROUTE KMIA..KLAX

TRACK_TIME 1167737286
TRACK A20110117565348 CRJ2 394960 1044360 120 30 999 NONE NONE 350
	FP_ROUTE KDEN..KMOT

TRACK_TIME 1167737286
TRACK A20110117565351 BE20 390700 1083160 120 30 999 NONE NONE 150
	FP_ROUTE KGJT..KGUC

TRACK_TIME 1167737286
TRACK A20110117565355 E170 351200 805700 120 30 999 NONE NONE 290
	FP_ROUTE KCLT..KPIT

TRACK_TIME 1167737286
TRACK A20110117565357 B752 211900 1575260 120 30 999 NONE NONE 380
	FP_ROUTE KHNL..KLAX

TRACK_TIME 1167737286
TRACK A20110117565361 CRJ2 335560 1182560 120 30 999 NONE NONE 260
	FP_ROUTE KLAX..KMRY

TRACK_TIME 1167737286
TRACK A20110117565362 CRJ2 363600 1215260 120 30 999 NONE NONE 270
	FP_ROUTE KMRY..KLAX

TRACK_TIME 1167737286
TRACK A20110117565363 B712 370760 762800 120 30 999 NONE NONE 270
	FP_ROUTE KPHF..KBOS

TRACK_TIME 1167737286
TRACK A20110117565367 B753 404300 740900 120 30 999 NONE NONE 340
	FP_ROUTE KEWR..KLAX

TRACK_TIME 1167737286
TRACK A20110117565369 B735 300300 901360 120 30 999 NONE NONE 300
	FP_ROUTE KMSY..KIAH

TRACK_TIME 1167737286
TRACK A20110117565373 CRJ9 413160 933760 120 30 999 NONE NONE 109
	FP_ROUTE KDSM..KMSP

TRACK_TIME 1167737286
TRACK A20110117565374 B753 445400 931500 120 30 999 NONE NONE 330
	FP_ROUTE KMSP..KATL

TRACK_TIME 1167737286
TRACK A20110117565375 B752 360600 1150900 120 30 999 NONE NONE 370
	FP_ROUTE KLAS..KATL

TRACK_TIME 1167737286
TRACK A20110117565378 B752 333760 842260 120 30 999 NONE NONE 390
	FP_ROUTE KATL..KSJU

TRACK_TIME 1167737286
TRACK A20110117565384 A320 421200 832260 120 30 999 NONE NONE 360
	FP_ROUTE KDTW..KMSP

TRACK_TIME 1167737286
TRACK A20110117565385 F2TH 405400 740100 120 30 999 NONE NONE 40
	FP_ROUTE KTEB..KSWF

TRACK_TIME 1167737286
TRACK A20110117565386 CRJ2 321660 900460 120 30 999 NONE NONE 270
	FP_ROUTE KJAN..KATL

TRACK_TIME 1167737286
TRACK A20110117565387 CRJ9 444960 931360 120 30 999 NONE NONE 340
	FP_ROUTE KMSP..KSAT

TRACK_TIME 1167737286
TRACK A20110117565388 E145 385560 773300 120 30 999 NONE NONE 120
	FP_ROUTE KIAD..KRDU

TRACK_TIME 1167737286
TRACK A20110117565390 BE20 380760 1004660 120 30 999 NONE NONE 170
	FP_ROUTE KGCK..KICT

TRACK_TIME 1167737286
TRACK A20110117565394 BE20 373760 972560 120 30 999 NONE NONE 200
	FP_ROUTE KICT..KLBL

TRACK_TIME 1167737286
TRACK A20110117565397 E145 355500 784600 120 30 999 NONE NONE 220
	FP_ROUTE KRDU..KIAD

TRACK_TIME 1167737286
TRACK A20110117565408 E135 422200 705800 120 30 999 NONE NONE 160
	FP_ROUTE KBOS..KLGA

TRACK_TIME 1167737286
TRACK A20110117565417 E145 412400 815260 120 30 999 NONE NONE 370
	FP_ROUTE KCLE..KPVD

TRACK_TIME 1167737286
TRACK A20110117565424 E145 295800 951960 120 30 999 NONE NONE 270
	FP_ROUTE KIAH..KJAN

TRACK_TIME 1167737286
TRACK A20110117565427 A319 422260 710100 120 30 999 NONE NONE 360
	FP_ROUTE KBOS..KLAX

TRACK_TIME 1167737286
TRACK A20110117565428 LJ45 325860 850160 120 30 999 NONE NONE 50
	FP_ROUTE KLGC..KPDK

TRACK_TIME 1167737286
TRACK A20110117565432 A319 421200 832100 120 30 999 NONE NONE 370
	FP_ROUTE KDTW..KDCA

TRACK_TIME 1167737286
TRACK A20110117565434 LJ45 335500 841660 120 30 999 NONE NONE 180
	FP_ROUTE KPDK..KJWN

TRACK_TIME 1167737286
TRACK A20110117565439 LJ45 361000 865260 120 30 999 NONE NONE 430
	FP_ROUTE KJWN..KLWC

TRACK_TIME 1167737286
TRACK A20110117565442 A320 385400 772700 120 30 999 NONE NONE 360
	FP_ROUTE KIAD..KSAN

TRACK_TIME 1167737286
TRACK A20110117565444 LJ35 382500 854360 120 30 999 NONE NONE 400
	FP_ROUTE KJVY..KFTW

TRACK_TIME 1167737286
TRACK A20110117565452 E145 325260 970160 120 30 999 NONE NONE 270
	FP_ROUTE KDFW..KSGF

TRACK_TIME 1167737286
TRACK A20110117565454 AT72 325260 970300 120 30 999 NONE NONE 40
	FP_ROUTE KDFW..KGRK

TRACK_TIME 1167737286
TRACK A20110117565455 CRJ1 360460 864200 120 30 999 NONE NONE 310
	FP_ROUTE KBNA..KDTW

TRACK_TIME 1167737286
TRACK A20110117565460 A320 420000 875700 120 30 999 NONE NONE 380
	FP_ROUTE KORD..KDEN

TRACK_TIME 1167737286
TRACK A20110117565471 CRJ2 311600 812800 120 30 999 NONE NONE 220
	FP_ROUTE KBQK..KATL

TRACK_TIME 1167737286
TRACK A20110117565474 BE9L 321660 862100 120 30 999 NONE NONE 190
	FP_ROUTE KMGM..KGMU

TRACK_TIME 1167737286
TRACK A20110117565478 BE9L 345500 821960 120 30 999 NONE NONE 160
	FP_ROUTE KGMU..KMGM

TRACK_TIME 1167737286
TRACK A20110117565482 B752 333700 842100 120 30 999 NONE NONE 240
	FP_ROUTE KATL..KJAX

TRACK_TIME 1167737286
TRACK A20110117565489 E190 422200 705800 120 30 999 NONE NONE 61
	FP_ROUTE KBOS..KPHL

TRACK_TIME 1167737286
TRACK A20110117565491 CRJ2 395260 1043100 120 30 999 NONE NONE 340
	FP_ROUTE KDEN..KGTF

TRACK_TIME 1167737286
TRACK A20110117565500 B735 295700 952100 120 30 999 NONE NONE 350
	FP_ROUTE KIAH..KATL

TRACK_TIME 1167737286
TRACK A20110117565502 E170 351360 805700 120 30 999 NONE NONE 320
	FP_ROUTE KCLT..KMSP

TRACK_TIME 1167737286
TRACK A20110117565507 E145 403900 734960 120 30 999 NONE NONE 120
	FP_ROUTE KJFK..KBWI

TRACK_TIME 1167737286
TRACK A20110117565510 C550 413100 854660 120 30 999 NONE NONE 350
	FP_ROUTE KGSH..KMDT

TRACK_TIME 1167737286
TRACK A20110117565511 C560 340000 1182800 120 30 999 NONE NONE 360
	FP_ROUTE KSMO..KTRK

TRACK_TIME 1167737286
TRACK A20110117565513 B735 324500 1171360 120 30 999 NONE NONE 360
	FP_ROUTE KSAN..KOAK

TRACK_TIME 1167737286
TRACK A20110117565516 C550 400900 764300 120 30 999 NONE NONE 340
	FP_ROUTE KMDT..KGSH

TRACK_TIME 1167737286
TRACK A20110117565518 E145 400000 825260 120 30 999 NONE NONE 280
	FP_ROUTE KCMH..KIAH

TRACK_TIME 1167737286
TRACK A20110117565519 B733 324960 964960 120 30 999 NONE NONE 250
	FP_ROUTE KDAL..KOKC

TRACK_TIME 1167737286
TRACK A20110117565524 SF34 295800 952100 120 30 999 NONE NONE 31
	FP_ROUTE KIAH..KBPT

TRACK_TIME 1167737286
TRACK A20110117565527 A320 430600 760760 120 30 999 NONE NONE 210
	FP_ROUTE KSYR..KJFK

TRACK_TIME 1167737286
TRACK A20110117565529 B733 352200 973700 120 30 999 NONE NONE 330
	FP_ROUTE KOKC..KBWI

TRACK_TIME 1167737286
TRACK A20110117565531 B737 453460 1223700 120 30 999 NONE NONE 350
	FP_ROUTE KPDX..KSAN

TRACK_TIME 1167737286
TRACK A20110117565533 B735 374360 1221500 120 30 999 NONE NONE 340
	FP_ROUTE KOAK..KPDX

TRACK_TIME 1167737286
TRACK A20110117565540 B733 390900 763900 120 30 999 NONE NONE 340
	FP_ROUTE KBWI..KJAX

TRACK_TIME 1167737286
TRACK A20110117565543 B733 302860 814060 120 30 999 NONE NONE 230
	FP_ROUTE KJAX..KTPA

TRACK_TIME 1167737286
TRACK A20110117565551 F2TH 422800 711900 120 30 999 NONE NONE 161
	FP_ROUTE KBED..KMMU

TRACK_TIME 1167737286
TRACK A20110117565552 MD83 364800 1194660 120 30 999 NONE NONE 270
	FP_ROUTE KFAT..KLAS

TRACK_TIME 1167737286
TRACK A20110117565555 BE20 405800 981900 120 30 999 NONE NONE 70
	FP_ROUTE KGRI..KOLU

TRACK_TIME 1167737286
TRACK A20110117565558 B735 372400 1215800 120 30 999 NONE NONE 350
	FP_ROUTE KSJC..KLAX

TRACK_TIME 1167737286
TRACK A20110117565561 B733 414900 874660 120 30 999 NONE NONE 350
	FP_ROUTE KMDW..KPHL

TRACK_TIME 1167737286
TRACK A20110117565567 CRJ1 421200 853160 120 30 999 NONE NONE 121
	FP_ROUTE KAZO..KDTW

TRACK_TIME 1167737286
TRACK A20110117565568 B738 412400 815260 120 30 999 NONE NONE 360
	FP_ROUTE KCLE..KIAH

TRACK_TIME 1167737286
TRACK A20110117565571 E190 422100 710100 120 30 999 NONE NONE 320
	FP_ROUTE KBOS..KBUF

TRACK_TIME 1167737286
TRACK A20110117565574 FA20 315200 1020460 120 30 999 NONE NONE 270
	FP_ROUTE KMAF..KAUS

TRACK_TIME 1167737286
TRACK A20110117565575 CRJ2 404500 735100 120 30 999 NONE NONE 300
	FP_ROUTE KLGA..KCMH

TRACK_TIME 1167737286
TRACK A20110117565581 E145 412500 815100 120 30 999 NONE NONE 340
	FP_ROUTE KCLE..KMSP

TRACK_TIME 1167737286
TRACK A20110117565585 A320 360700 1150900 120 30 999 NONE NONE 340
	FP_ROUTE KLAS..KSFO

TRACK_TIME 1167737286
TRACK A20110117565586 E145 361900 941960 120 30 999 NONE NONE 320
	FP_ROUTE KXNA..KIAH

TRACK_TIME 1167737286
TRACK A20110117565589 B738 254800 801600 120 30 999 NONE NONE 390
	FP_ROUTE KMIA..KDCA

TRACK_TIME 1167737286
TRACK A20110117565591 B737 302200 854800 120 30 999 NONE NONE 270
	FP_ROUTE KECP..KMCO

TRACK_TIME 1167737286
TRACK A20110117565592 B737 282560 811800 120 30 999 NONE NONE 230
	FP_ROUTE KMCO..KFLL

TRACK_TIME 1167737286
TRACK A20110117565593 B752 335560 1182560 120 30 999 NONE NONE 250
	FP_ROUTE KLAX..KLAS

TRACK_TIME 1167737286
TRACK A20110117565594 B752 373760 1222100 120 30 999 NONE NONE 370
	FP_ROUTE KSFO..KJFK

TRACK_TIME 1167737286
TRACK A20110117565595 CRJ2 350300 895860 120 30 999 NONE NONE 270
	FP_ROUTE KMEM..KCLE

TRACK_TIME 1167737286
TRACK A20110117565602 A319 384000 1213600 120 30 999 NONE NONE 370
	FP_ROUTE KSMF..KDEN

TRACK_TIME 1167737286
TRACK A20110117565604 DH8D 472560 1221900 120 30 999 NONE NONE 170
	FP_ROUTE KSEA..KPDX

TRACK_TIME 1167737286
TRACK A20110117565606 DH8D 453600 1223700 120 30 999 NONE NONE 250
	FP_ROUTE KPDX..KSTS

TRACK_TIME 1167737286
TRACK A20110117565610 DH8D 383100 1224900 120 30 999 NONE NONE 250
	FP_ROUTE KSTS..KLAS

TRACK_TIME 1167737286
TRACK A20110117565615 B752 395200 1043460 120 30 999 NONE NONE 350
	FP_ROUTE KDEN..KATL

TRACK_TIME 1167737286
TRACK A20110117565623 B738 275800 823300 120 30 999 NONE NONE 250
	FP_ROUTE KTPA..KMIA

TRACK_TIME 1167737286
TRACK A20110117565626 A320 324500 1171300 120 30 999 NONE NONE 380
	FP_ROUTE KSAN..KSFO

TRACK_TIME 1167737286
TRACK A20110117565627 CRJ2 395260 751200 120 30 999 NONE NONE 130
	FP_ROUTE KPHL..KAVP

TRACK_TIME 1167737286
TRACK A20110117565628 CRJ2 412100 754300 120 30 999 NONE NONE 100
	FP_ROUTE KAVP..KPHL

TRACK_TIME 1167737286
TRACK A20110117565630 CRJ2 421200 832100 120 30 999 NONE NONE 310
	FP_ROUTE KDTW..KGSP

TRACK_TIME 1167737286
TRACK A20110117565631 A319 333760 842700 120 30 999 NONE NONE 120
	FP_ROUTE KATL..KCLT

TRACK_TIME 1167737286
TRACK A20110117565632 CRJ2 332560 1115860 120 30 999 NONE NONE 320
	FP_ROUTE KPHX..KSBA

TRACK_TIME 1167737286
TRACK A20110117565635 CRJ9 332560 1115860 120 30 999 NONE NONE 110
	FP_ROUTE KPHX..KPSP

TRACK_TIME 1167737286
TRACK A20110117565647 E170 351060 805560 120 30 999 NONE NONE 250
	FP_ROUTE KCLT..KIAD

TRACK_TIME 1167737286
TRACK A20110117565649 E145 404900 735200 120 30 999 NONE NONE 320
	FP_ROUTE KLGA..KCMH

TRACK_TIME 1167737286
TRACK A20110117565650 B752 254800 801600 120 30 999 NONE NONE 370
	FP_ROUTE KMIA..KATL

TRACK_TIME 1167737286
TRACK A20110117565652 B734 390900 763900 120 30 999 NONE NONE 280
	FP_ROUTE KBWI..KCLT

TRACK_TIME 1167737286
TRACK A20110117565653 E170 385860 772700 120 30 999 NONE NONE 230
	FP_ROUTE KIAD..KLGA

TRACK_TIME 1167737286
TRACK A20110117565662 A320 472560 1221900 120 30 999 NONE NONE 370
	FP_ROUTE KSEA..KSFO

TRACK_TIME 1167737286
TRACK A20110117565672 A319 282560 811800 120 30 999 NONE NONE 370
	FP_ROUTE KMCO..KLGA

TRACK_TIME 1167737286
TRACK A20110117565673 CRJ2 425700 834500 120 30 999 NONE NONE 109
	FP_ROUTE KFNT..KMSP

TRACK_TIME 1167737286
TRACK A20110117565674 BE9L 370000 1005260 120 30 999 NONE NONE 69
	FP_ROUTE KLBL..KBFK

TRACK_TIME 1167737286
TRACK A20110117565675 BE9L 365200 993700 120 30 999 NONE NONE 129
	FP_ROUTE KBFK..KPWA

TRACK_TIME 1167737286
TRACK A20110117565678 B738 264060 800300 120 30 999 NONE NONE 370
	FP_ROUTE KPBI..KEWR

TRACK_TIME 1167737286
TRACK A20110117565682 B737 384360 901660 120 30 999 NONE NONE 400
	FP_ROUTE KSTL..KDAL

TRACK_TIME 1167737286
TRACK A20110117565686 E190 332560 1120160 120 30 999 NONE NONE 370
	FP_ROUTE KPHX..KDEN

TRACK_TIME 1167737286
TRACK A20110117565687 CRJ2 415500 875400 120 30 999 NONE NONE 300
	FP_ROUTE KORD..KMEM

TRACK_TIME 1167737286
TRACK A20110117565695 CRJ2 385200 770300 120 30 999 NONE NONE 280
	FP_ROUTE KDCA..KHSV

TRACK_TIME 1167737286
TRACK A20110117565697 B739 472500 1221800 120 30 999 NONE NONE 350
	FP_ROUTE KSEA..KORD

TRACK_TIME 1167737286
TRACK A20110117565699 B712 215860 1591900 120 30 999 NONE NONE 130
	FP_ROUTE KLIH..KHNL

TRACK_TIME 1167737286
TRACK A20110117565701 DH8D 404300 740760 120 30 999 NONE NONE 150
	FP_ROUTE KEWR..KPWM

TRACK_TIME 1167737286
TRACK A20110117565702 CRJ2 343700 864660 120 30 999 NONE NONE 250
	FP_ROUTE KHSV..KDCA

TRACK_TIME 1167737286
TRACK A20110117565703 CRJ2 395260 751000 120 30 999 NONE NONE 190
	FP_ROUTE KPHL..KBTV

TRACK_TIME 1167737286
TRACK A20110117565706 A320 282700 811660 120 30 999 NONE NONE 350
	FP_ROUTE KMCO..KSJU

TRACK_TIME 1167737286
TRACK A20110117565707 SF34 322100 952400 120 30 999 NONE NONE 90
	FP_ROUTE KTYR..KIAH

TRACK_TIME 1167737286
TRACK A20110117565709 C550 344500 1105560 120 30 999 NONE NONE 139
	FP_ROUTE KINW..KDVT

TRACK_TIME 1167737286
TRACK A20110117565714 B737 414660 874360 120 30 999 NONE NONE 390
	FP_ROUTE KMDW..KFLL

TRACK_TIME 1167737286
TRACK A20110117565726 E145 415800 875100 120 30 999 NONE NONE 310
	FP_ROUTE KORD..KROA

TRACK_TIME 1167737286
TRACK A20110117565729 B737 335700 1182800 120 30 999 NONE NONE 340
	FP_ROUTE KLAX..KSJC

TRACK_TIME 1167737286
TRACK A20110117565733 B737 260460 800760 120 30 999 NONE NONE 380
	FP_ROUTE KFLL..KHOU

TRACK_TIME 1167737286
TRACK A20110117565734 MD82 360600 864060 120 30 999 NONE NONE 370
	FP_ROUTE KBNA..KLGA

TRACK_TIME 1167737286
TRACK A20110117565738 B737 293760 951660 120 30 999 NONE NONE 260
	FP_ROUTE KHOU..KDAL

TRACK_TIME 1167737286
TRACK A20110117565741 E135 404900 735200 120 30 999 NONE NONE 360
	FP_ROUTE KLGA..KCMH

TRACK_TIME 1167737286
TRACK A20110117565742 B733 344300 921600 120 30 999 NONE NONE 39
	FP_ROUTE KLIT..KDAL

TRACK_TIME 1167737286
TRACK A20110117565752 CRJ9 333900 842800 120 30 999 NONE NONE 260
	FP_ROUTE KATL..KMEM

TRACK_TIME 1167737286
TRACK A20110117565756 B737 300900 973760 120 30 999 NONE NONE 161
	FP_ROUTE KAUS..KDAL

TRACK_TIME 1167737286
TRACK A20110117565759 F900 354660 810000 120 30 999 NONE NONE 380
	FP_ROUTE KSVH..KSRQ

TRACK_TIME 1167737286
TRACK A20110117565764 B733 355260 784600 120 30 999 NONE NONE 300
	FP_ROUTE KRDU..KBNA

TRACK_TIME 1167737286
TRACK A20110117565774 B733 360600 864060 120 30 999 NONE NONE 360
	FP_ROUTE KBNA..KMSY

TRACK_TIME 1167737286
TRACK A20110117565775 B737 324960 964960 120 30 999 NONE NONE 380
	FP_ROUTE KDAL..KABQ

TRACK_TIME 1167737286
TRACK A20110117565779 A319 260460 800760 120 30 999 NONE NONE 360
	FP_ROUTE KFLL..KSFO

TRACK_TIME 1167737286
TRACK A20110117565786 E145 430700 774060 120 30 999 NONE NONE 250
	FP_ROUTE KROC..KJFK

TRACK_TIME 1167737286
TRACK A20110117565787 E170 360900 795200 120 30 999 NONE NONE 130
	FP_ROUTE KGSO..KCLT

TRACK_TIME 1167737286
TRACK A20110117565788 E145 295860 951800 120 30 999 NONE NONE 360
	FP_ROUTE KIAH..KAMA

TRACK_TIME 1167737286
TRACK A20110117565790 MD82 325400 970160 120 30 999 NONE NONE 290
	FP_ROUTE KDFW..KORD

TRACK_TIME 1167737286
TRACK A20110117565793 CRJ2 430600 774200 120 30 999 NONE NONE 260
	FP_ROUTE KROC..KDTW

TRACK_TIME 1167737286
TRACK A20110117565804 DH8D 335700 1182800 120 30 999 NONE NONE 220
	FP_ROUTE KLAX..KSJC

TRACK_TIME 1167737286
TRACK A20110117565807 B733 293300 982700 120 30 999 NONE NONE 110
	FP_ROUTE KSAT..KDAL

TRACK_TIME 1167737286
TRACK A20110117565810 CRJ2 404600 1115860 120 30 999 NONE NONE 360
	FP_ROUTE KSLC..KGEG

TRACK_TIME 1167737286
TRACK A20110117565811 B737 360600 1150900 120 30 999 NONE NONE 370
	FP_ROUTE KLAS..KBNA

TRACK_TIME 1167737286
TRACK A20110117565813 B734 385200 770300 120 30 999 NONE NONE 320
	FP_ROUTE KDCA..KPBI

TRACK_TIME 1167737286
TRACK A20110117565814 E190 403760 735100 120 30 999 NONE NONE 340
	FP_ROUTE KJFK..KMCO

TRACK_TIME 1167737286
TRACK A20110117565816 DH8A 395260 751200 120 30 999 NONE NONE 120
	FP_ROUTE KPHL..KAVP

TRACK_TIME 1167737286
TRACK A20110117565817 B737 414360 874600 120 30 999 NONE NONE 400
	FP_ROUTE KMDW..KJAN

TRACK_TIME 1167737286
TRACK A20110117565822 DH8A 412260 753760 120 30 999 NONE NONE 40
	FP_ROUTE KAVP..KPHL

TRACK_TIME 1167737286
TRACK A20110117565824 E145 390300 844060 120 30 999 NONE NONE 220
	FP_ROUTE KCVG..KORD

TRACK_TIME 1167737286
TRACK A20110117565825 B737 321660 900400 120 30 999 NONE NONE 390
	FP_ROUTE KJAN..KMCO

TRACK_TIME 1167737286
TRACK A20110117565829 B744 611900 1494800 120 30 999 NONE NONE 370
	FP_ROUTE KANC..KCVG

TRACK_TIME 1167737286
TRACK A20110117565847 CRJ2 390100 843900 120 30 999 NONE NONE 240
	FP_ROUTE KCVG..KGSP

TRACK_TIME 1167737286
TRACK A20110117565848 B738 374000 1222200 120 30 999 NONE NONE 390
	FP_ROUTE KSFO..KLAX

TRACK_TIME 1167737286
TRACK A20110117565850 DH8A 404600 735100 120 30 999 NONE NONE 80
	FP_ROUTE KLGA..KBDL

TRACK_TIME 1167737286
TRACK A20110117565851 E170 430900 891960 120 30 999 NONE NONE 270
	FP_ROUTE KMSN..KDTW

TRACK_TIME 1167737286
TRACK A20110117565853 A319 394960 1044500 120 30 999 NONE NONE 380
	FP_ROUTE KDEN..KLAX

TRACK_TIME 1167737286
TRACK A20110117565855 A319 385260 770400 120 30 999 NONE NONE 380
	FP_ROUTE KDCA..KDEN

TRACK_TIME 1167737286
TRACK A20110117565856 A319 300760 974660 120 30 999 NONE NONE 380
	FP_ROUTE KAUS..KDEN

TRACK_TIME 1167737286
TRACK A20110117565857 DH8D 422560 1225400 120 30 999 NONE NONE 220
	FP_ROUTE KMFR..KSEA

TRACK_TIME 1167737286
TRACK A20110117565858 CRJ2 333760 842200 120 30 999 NONE NONE 240
	FP_ROUTE KATL..KMYR

TRACK_TIME 1167737286
TRACK A20110117565860 A319 395100 1044800 120 30 999 NONE NONE 380
	FP_ROUTE KDEN..KSFO

TRACK_TIME 1167737286
TRACK A20110117565861 E145 430700 892100 120 30 999 NONE NONE 100
	FP_ROUTE KMSN..KMKE

TRACK_TIME 1167737286
TRACK A20110117565862 SF34 344500 873700 120 30 999 NONE NONE 170
	FP_ROUTE KMSL..KATL

TRACK_TIME 1167737286
TRACK A20110117565867 CRJ2 334200 785560 120 30 999 NONE NONE 240
	FP_ROUTE KMYR..KATL

TRACK_TIME 1167737286
TRACK A20110117565868 E145 295700 951960 120 30 999 NONE NONE 280
	FP_ROUTE KIAH..KHRL

TRACK_TIME 1167737286
TRACK A20110117565869 AT72 350160 1013000 120 30 999 NONE NONE 90
	FP_ROUTE KAMA..KDFW

TRACK_TIME 1167737286
TRACK A20110117565872 CRJ2 343460 864660 120 30 999 NONE NONE 50
	FP_ROUTE KHSV..KCLT

TRACK_TIME 1167737286
TRACK A20110117565876 AT72 325260 970300 120 30 999 NONE NONE 80
	FP_ROUTE KDFW..KSPS

TRACK_TIME 1167737286
TRACK A20110117565887 C750 273900 802500 120 30 999 NONE NONE 110
	FP_ROUTE KVRB..KMCO

TRACK_TIME 1167737286
TRACK A20110117565894 E145 390900 763900 120 30 999 NONE NONE 300
	FP_ROUTE KBWI..KCVG

TRACK_TIME 1167737286
TRACK A20110117565896 E190 422100 710100 120 30 999 NONE NONE 161
	FP_ROUTE KBOS..KLGA

TRACK_TIME 1167737286
TRACK A20110117565899 E145 390160 844000 120 30 999 NONE NONE 220
	FP_ROUTE KCVG..KEVV

TRACK_TIME 1167737286
TRACK A20110117565901 A319 324960 970100 120 30 999 NONE NONE 390
	FP_ROUTE KDFW..KPHL

TRACK_TIME 1167737286
TRACK A20110117565908 B752 421060 832400 120 30 999 NONE NONE 360
	FP_ROUTE KDTW..KPHX

TRACK_TIME 1167737286
TRACK A20110117565912 B737 391060 764360 120 30 999 NONE NONE 290
	FP_ROUTE KBWI..KALB

TRACK_TIME 1167737286
TRACK A20110117565914 B737 424600 734900 120 30 999 NONE NONE 400
	FP_ROUTE KALB..KFLL

TRACK_TIME 1167737286
TRACK A20110117565915 B737 333900 842860 120 30 999 NONE NONE 380
	FP_ROUTE KATL..KLAX

TRACK_TIME 1167737286
TRACK A20110117565917 MD83 384360 901500 120 30 999 NONE NONE 250
	FP_ROUTE KSTL..KORD

TRACK_TIME 1167737286
TRACK A20110117565918 F900 422800 711900 120 30 999 NONE NONE 280
	FP_ROUTE KBED..KELM

TRACK_TIME 1167737286
TRACK A20110117565919 CRJ9 300600 974600 120 30 999 NONE NONE 320
	FP_ROUTE KAUS..KPHX

TRACK_TIME 1167737286
TRACK A20110117565920 CRJ2 403100 885560 120 30 999 NONE NONE 280
	FP_ROUTE KBMI..KMSP

TRACK_TIME 1167737286
TRACK A20110117565921 B738 390300 844200 120 30 999 NONE NONE 360
	FP_ROUTE KCVG..KSLC

TRACK_TIME 1167737286
TRACK A20110117565924 BE20 320400 1105260 120 30 999 NONE NONE 176
	FP_ROUTE KTUS..KHND

TRACK_TIME 1167737286
TRACK A20110117565926 B737 472560 1221800 120 30 999 NONE NONE 370
	FP_ROUTE KSEA..KSFO

TRACK_TIME 1167737286
TRACK A20110117565933 CRJ2 351360 805560 120 30 999 NONE NONE 130
	FP_ROUTE KCLT..KOAJ

TRACK_TIME 1167737286
TRACK A20110117565935 CRJ1 303000 814000 120 30 999 NONE NONE 320
	FP_ROUTE KJAX..KMEM

TRACK_TIME 1167737286
TRACK A20110117565938 CRJ9 384360 901660 120 30 999 NONE NONE 50
	FP_ROUTE KSTL..KCLT

TRACK_TIME 1167737286
TRACK A20110117565941 B735 293760 951600 120 30 999 NONE NONE 330
	FP_ROUTE KHOU..KBNA

TRACK_TIME 1167737286
TRACK A20110117565944 CRJ9 351360 805560 120 30 999 NONE NONE 190
	FP_ROUTE KCLT..KILM

TRACK_TIME 1167737286
TRACK A20110117565945 AT72 325260 970400 120 30 999 NONE NONE 120
	FP_ROUTE KDFW..KAMA

TRACK_TIME 1167737286
TRACK A20110117565948 CRJ9 433300 1161060 120 30 999 NONE NONE 290
	FP_ROUTE KBOI..KSLC

TRACK_TIME 1167737286
TRACK A20110117565949 DH8D 472560 1221800 120 30 999 NONE NONE 150
	FP_ROUTE KSEA..KYKM

TRACK_TIME 1167737286
TRACK A20110117565956 B738 263460 814060 120 30 999 NONE NONE 370
	FP_ROUTE KRSW..KEWR

TRACK_TIME 1167737286
TRACK A20110117565957 E120 472700 1221900 120 30 999 NONE NONE 150
	FP_ROUTE KSEA..KPDX

TRACK_TIME 1167737286
TRACK A20110117565962 CRJ2 395700 1043900 120 30 999 NONE NONE 330
	FP_ROUTE KDEN..KFAR

TRACK_TIME 1167737286
TRACK A20110117565964 E170 365400 761060 120 30 999 NONE NONE 320
	FP_ROUTE KORF..KMSP

TRACK_TIME 1167737286
TRACK A20110117565966 B752 182800 655860 120 30 999 NONE NONE 360
	FP_ROUTE KSJU..KMIA

TRACK_TIME 1167737286
TRACK A20110117565967 CRJ9 333900 842260 120 30 999 NONE NONE 320
	FP_ROUTE KATL..KOKC

TRACK_TIME 1167737286
TRACK A20110117565968 B752 182800 655800 120 30 999 NONE NONE 381
	FP_ROUTE KSJU..KMIA

TRACK_TIME 1167737286
TRACK A20110117565972 CRJ2 410460 734960 120 30 999 NONE NONE 300
	FP_ROUTE KHPN..KCLT

TRACK_TIME 1167737286
TRACK A20110117565974 B735 280000 823300 120 30 999 NONE NONE 350
	FP_ROUTE KTPA..KPIT

TRACK_TIME 1167737286
TRACK A20110117565976 B732 194300 1550100 120 30 999 NONE NONE 260
	FP_ROUTE KITO..KHNL

TRACK_TIME 1167737286
TRACK A20110117565977 A319 350160 895860 120 30 999 NONE NONE 370
	FP_ROUTE KMEM..KLGA

TRACK_TIME 1167737286
TRACK A20110117565978 CRJ2 350100 785200 120 30 999 NONE NONE 140
	FP_ROUTE KFAY..KCLT

TRACK_TIME 1167737286
TRACK A20110117565980 B752 332560 1120300 120 30 999 NONE NONE 370
	FP_ROUTE KPHX..KDTW

TRACK_TIME 1167737286
TRACK A20110117565987 B738 445200 931060 120 30 999 NONE NONE 390
	FP_ROUTE KMSP..KMEM

TRACK_TIME 1167737286
TRACK A20110117565988 B737 445100 931360 120 30 999 NONE NONE 310
	FP_ROUTE KMSP..KMDW

TRACK_TIME 1167737286
TRACK A20110117565994 A320 350300 1063460 120 30 999 NONE NONE 350
	FP_ROUTE KABQ..KDEN

TRACK_TIME 1167737286
TRACK A20110117565998 B752 335560 1182700 120 30 999 NONE NONE 350
	FP_ROUTE KLAX..KDTW

TRACK_TIME 1167737286
TRACK A20110117565999 MD83 324960 970160 120 30 999 NONE NONE 330
	FP_ROUTE KDFW..KEWR

TRACK_TIME 1167737286
TRACK A20110117566000 FA20 323900 970600 120 30 999 NONE NONE 39
	FP_ROUTE KGKY..KDAL

TRACK_TIME 1167737286
TRACK A20110117566003 FA20 324960 964960 120 30 999 NONE NONE 390
	FP_ROUTE KDAL..KTEB

TRACK_TIME 1167737286
TRACK A20110117566005 CRJ2 355260 784600 120 30 999 NONE NONE 280
	FP_ROUTE KRDU..KIND

TRACK_TIME 1167737286
TRACK A20110117566014 C550 405260 740160 120 30 999 NONE NONE 50
	FP_ROUTE KTEB..KBED

TRACK_TIME 1167737286
TRACK A20110117566026 DH8A 211900 1575400 120 30 999 NONE NONE 70
	FP_ROUTE KHNL..KLNY

TRACK_TIME 1167737286
TRACK A20110117566027 CRJ2 350160 895860 120 30 999 NONE NONE 330
	FP_ROUTE KMEM..KTPA

TRACK_TIME 1167737286
TRACK A20110117566031 B735 374360 1221600 120 30 999 NONE NONE 370
	FP_ROUTE KOAK..KSLC

TRACK_TIME 1167737286
TRACK A20110117566034 B739 415800 875700 120 30 999 NONE NONE 340
	FP_ROUTE KORD..KSEA

TRACK_TIME 1167737286
TRACK A20110117566041 B737 360760 863900 120 30 999 NONE NONE 410
	FP_ROUTE KBNA..KBWI

TRACK_TIME 1167737286
TRACK A20110117566042 CRJ9 352200 973600 120 30 999 NONE NONE 330
	FP_ROUTE KOKC..KATL

TRACK_TIME 1167737286
TRACK A20110117566043 CRJ2 302860 862560 120 30 999 NONE NONE 300
	FP_ROUTE KVPS..KMEM

TRACK_TIME 1167737286
TRACK A20110117566044 E145 295700 951960 120 30 999 NONE NONE 270
	FP_ROUTE KIAH..KLIT

TRACK_TIME 1167737286
TRACK A20110117566045 SF34 303460 962200 120 30 999 NONE NONE 70
	FP_ROUTE KCLL..KIAH

TRACK_TIME 1167737286
TRACK A20110117566058 B712 194300 1550100 120 30 999 NONE NONE 280
	FP_ROUTE KITO..KHNL

TRACK_TIME 1167737286
TRACK A20110117566064 CRJ2 350400 895800 120 30 999 NONE NONE 330
	FP_ROUTE KMEM..KVPS

TRACK_TIME 1167737286
TRACK A20110117566066 CRJ2 334000 843100 120 30 999 NONE NONE 290
	FP_ROUTE KATL..KABE

TRACK_TIME 1167737286
TRACK A20110117566068 A320 264060 800760 120 30 999 NONE NONE 370
	FP_ROUTE KPBI..KEWR

TRACK_TIME 1167737286
TRACK A20110117566069 E135 360760 864060 120 30 999 NONE NONE 330
	FP_ROUTE KBNA..KDCA

TRACK_TIME 1167737286
TRACK A20110117566072 E145 295700 951960 120 30 999 NONE NONE 350
	FP_ROUTE KIAH..KHSV

TRACK_TIME 1167737286
TRACK A20110117566073 CRJ2 395100 751360 120 30 999 NONE NONE 160
	FP_ROUTE KPHL..KORF

TRACK_TIME 1167737286
TRACK A20110117566075 E135 385200 770300 120 30 999 NONE NONE 170
	FP_ROUTE KDCA..KJFK

TRACK_TIME 1167737286
TRACK A20110117566076 CRJ2 385860 773300 120 30 999 NONE NONE 290
	FP_ROUTE KIAD..KPWM

TRACK_TIME 1167737286
TRACK A20110117566080 MD83 320460 1105500 120 30 999 NONE NONE 330
	FP_ROUTE KTUS..KDFW

TRACK_TIME 1167737286
TRACK A20110117566082 CRJ2 335400 1163400 120 30 999 NONE NONE 330
	FP_ROUTE KPSP..KDEN

TRACK_TIME 1167737286
TRACK A20110117566083 B735 412400 815260 120 30 999 NONE NONE 300
	FP_ROUTE KCLE..KMDW

TRACK_TIME 1167737286
TRACK A20110117566084 A320 182800 655860 120 30 999 NONE NONE 320
	FP_ROUTE KSJU..KJFK

TRACK_TIME 1167737286
TRACK A20110117566086 B744 611960 1494960 120 30 999 NONE NONE 350
	FP_ROUTE KANC..KJFK

TRACK_TIME 1167737286
TRACK A20110117566088 A319 373760 1222200 120 30 999 NONE NONE 360
	FP_ROUTE KSFO..KPDX

TRACK_TIME 1167737286
TRACK A20110117566091 CRJ2 415560 875260 120 30 999 NONE NONE 230
	FP_ROUTE KORD..KDAY

TRACK_TIME 1167737286
TRACK A20110117566093 B737 332560 1115860 120 30 999 NONE NONE 370
	FP_ROUTE KPHX..KMDW

TRACK_TIME 1167737286
TRACK A20110117566095 CRJ2 400100 841800 120 30 999 NONE NONE 220
	FP_ROUTE KDAY..KORD

TRACK_TIME 1167737286
TRACK A20110117566099 CRJ9 403900 734360 120 30 999 NONE NONE 340
	FP_ROUTE KJFK..KORD

TRACK_TIME 1167737286
TRACK A20110117566105 DH8A 205400 1562500 120 30 999 NONE NONE 140
	FP_ROUTE KOGG..KLIH

TRACK_TIME 1167737286
TRACK A20110117566114 A320 373760 1222200 120 30 999 NONE NONE 330
	FP_ROUTE KSFO..KLGB

TRACK_TIME 1167737286
TRACK A20110117566115 CRJ2 334000 1014960 120 30 999 NONE NONE 330
	FP_ROUTE KLBB..KMEM

TRACK_TIME 1167737286
TRACK A20110117566119 B752 333900 843000 120 30 999 NONE NONE 320
	FP_ROUTE KATL..KSAT

TRACK_TIME 1167737286
TRACK A20110117566120 C550 301960 862560 120 30 999 NONE NONE 230
	FP_ROUTE KDTS..KGNV

TRACK_TIME 1167737286
TRACK A20110117566122 E145 404300 740760 120 30 999 NONE NONE 100
	FP_ROUTE KEWR..KPIT

TRACK_TIME 1167737286
TRACK A20110117566123 A319 443000 881300 120 30 999 NONE NONE 110
	FP_ROUTE KGRB..KMSP

TRACK_TIME 1167737286
TRACK A20110117566127 A319 445400 931360 120 30 999 NONE NONE 370
	FP_ROUTE KMSP..KLGA

TRACK_TIME 1167737286
TRACK A20110117566128 MD83 360700 1150900 120 30 999 NONE NONE 340
	FP_ROUTE KLAS..KBLI

TRACK_TIME 1167737286
TRACK A20110117566129 MD83 484360 1223160 120 30 999 NONE NONE 330
	FP_ROUTE KBLI..KLAS

TRACK_TIME 1167737286
TRACK A20110117566130 E190 422200 705800 120 30 999 NONE NONE 340
	FP_ROUTE KBOS..KORD

TRACK_TIME 1167737286
TRACK A20110117566134 E145 415700 875800 120 30 999 NONE NONE 230
	FP_ROUTE KORD..KCVG

TRACK_TIME 1167737286
TRACK A20110117566142 CRJ2 333900 842260 120 30 999 NONE NONE 320
	FP_ROUTE KATL..KBTR

TRACK_TIME 1167737286
TRACK A20110117566143 CRJ2 445200 931300 120 30 999 NONE NONE 310
	FP_ROUTE KMSP..KTOL

TRACK_TIME 1167737286
TRACK A20110117566144 CRJ2 413600 834800 120 30 999 NONE NONE 320
	FP_ROUTE KTOL..KMSP

TRACK_TIME 1167737286
TRACK A20110117566145 E145 402860 801200 120 30 999 NONE NONE 320
	FP_ROUTE KPIT..KMKE

TRACK_TIME 1167737286
TRACK A20110117566171 MD82 325700 970160 120 30 999 NONE NONE 370
	FP_ROUTE KDFW..KTPA

TRACK_TIME 1167737286
TRACK A20110117566172 E145 295700 951960 120 30 999 NONE NONE 170
	FP_ROUTE KIAH..KLFT

TRACK_TIME 1167737286
TRACK A20110117566175 MD83 384300 901600 120 30 999 NONE NONE 320
	FP_ROUTE KSTL..KLAX

TRACK_TIME 1167737286
TRACK A20110117566179 EA50 394500 1043000 120 30 999 NONE NONE 100
	FP_ROUTE KFTG..KCOS

TRACK_TIME 1167737286
TRACK A20110117566191 CRJ2 321800 861800 120 30 999 NONE NONE 120
	FP_ROUTE KMGM..KATL

TRACK_TIME 1167737286
TRACK A20110117566193 SF34 381060 782560 120 30 999 NONE NONE 51
	FP_ROUTE KCHO..KIAD

TRACK_TIME 1167737286
TRACK A20110117566194 E170 394300 861600 120 30 999 NONE NONE 350
	FP_ROUTE KIND..KLGA

TRACK_TIME 1167737286
TRACK A20110117566200 CRJ2 425560 875400 120 30 999 NONE NONE 310
	FP_ROUTE KMKE..KPHL

TRACK_TIME 1167737286
TRACK A20110117566204 E135 425560 875400 120 30 999 NONE NONE 100
	FP_ROUTE KMKE..KMSN

TRACK_TIME 1167737286
TRACK A20110117566205 CRJ2 393400 1194660 120 30 999 NONE NONE 110
	FP_ROUTE KRNO..KSFO

TRACK_TIME 1167737286
TRACK A20110117566206 B737 360700 1150900 120 30 999 NONE NONE 380
	FP_ROUTE KLAS..KANC

TRACK_TIME 1167737286
TRACK A20110117566210 E145 325260 970300 120 30 999 NONE NONE 370
	FP_ROUTE KDFW..KDSM

TRACK_TIME 1167737286
TRACK A20110117566216 A320 395260 751300 120 30 999 NONE NONE 340
	FP_ROUTE KPHL..KATL

TRACK_TIME 1167737286
TRACK A20110117566221 DH8A 404800 735100 120 30 999 NONE NONE 160
	FP_ROUTE KLGA..KROC

TRACK_TIME 1167737286
TRACK A20110117566223 E145 361000 794800 120 30 999 NONE NONE 230
	FP_ROUTE KGSO..KDCA

TRACK_TIME 1167737286
TRACK A20110117566225 A320 335560 1182700 120 30 999 NONE NONE 330
	FP_ROUTE KLAX..KMEM

TRACK_TIME 1167737286
TRACK A20110117566229 E120 373760 1222100 120 30 999 NONE NONE 229
	FP_ROUTE KSFO..KBFL

TRACK_TIME 1167737286
TRACK A20110117566231 E145 412500 814960 120 30 999 NONE NONE 140
	FP_ROUTE KCLE..KDAY

TRACK_TIME 1167737286
TRACK A20110117566233 B733 394200 861900 120 30 999 NONE NONE 340
	FP_ROUTE KIND..KMCI

TRACK_TIME 1167737286
TRACK A20110117566252 MD83 325260 970300 120 30 999 NONE NONE 320
	FP_ROUTE KDFW..KSJC

TRACK_TIME 1167737286
TRACK A20110117566256 E145 412260 815400 120 30 999 NONE NONE 360
	FP_ROUTE KCLE..KMCI

TRACK_TIME 1167737286
TRACK A20110117566258 E145 391000 944360 120 30 999 NONE NONE 360
	FP_ROUTE KMCI..KIAH

TRACK_TIME 1167737286
TRACK A20110117566263 C560 352400 804200 120 30 999 NONE NONE 130
	FP_ROUTE KJQF..KMMU

TRACK_TIME 1167737286
TRACK A20110117566264 A320 453600 1223700 120 30 999 NONE NONE 370
	FP_ROUTE KPDX..KDEN

TRACK_TIME 1167737286
TRACK A20110117566265 CRJ2 405700 812500 120 30 999 NONE NONE 290
	FP_ROUTE KCAK..KCLT

TRACK_TIME 1167737286
TRACK A20110117566275 A320 395260 1043400 120 30 999 NONE NONE 350
	FP_ROUTE KDEN..KBOS

TRACK_TIME 1167737286
TRACK A20110117566278 B737 473700 1173300 120 30 999 NONE NONE 400
	FP_ROUTE KGEG..KPDX

TRACK_TIME 1167737286
TRACK A20110117566279 B737 182700 655800 120 30 999 NONE NONE 380
	FP_ROUTE KSJU..KBWI

TRACK_TIME 1167737286
TRACK A20110117566282 A320 445100 931300 120 30 999 NONE NONE 330
	FP_ROUTE KMSP..KIND

TRACK_TIME 1167737286
TRACK A20110117566289 MD11 325200 970300 120 30 999 NONE NONE 340
	FP_ROUTE KDFW..KANC

TRACK_TIME 1167737286
TRACK A20110117566290 B744 373900 1222700 120 30 999 NONE NONE 340
	FP_ROUTE KSFO..KZBAA

TRACK_TIME 1167737286
TRACK A20110117566292 A320 360700 1150900 120 30 999 NONE NONE 240
	FP_ROUTE KLAS..KLGB

TRACK_TIME 1167737286
TRACK A20110117566295 B737 395400 751060 120 30 999 NONE NONE 380
	FP_ROUTE KPHL..KMDW

TRACK_TIME 1167737286
TRACK A20110117566304 B712 260460 800760 120 30 999 NONE NONE 330
	FP_ROUTE KFLL..KBWI

TRACK_TIME 1167737286
TRACK A20110117566305 B737 422200 705800 120 30 999 NONE NONE 140
	FP_ROUTE KBOS..KPHL

TRACK_TIME 1167737286
TRACK A20110117566308 DH8D 484500 1223160 120 30 999 NONE NONE 120
	FP_ROUTE KBLI..KSEA

TRACK_TIME 1167737286
TRACK A20110117566313 A320 395260 1043460 120 30 999 NONE NONE 370
	FP_ROUTE KDEN..KPIT

TRACK_TIME 1167737286
TRACK A20110117566319 A319 404660 1115800 120 30 999 NONE NONE 290
	FP_ROUTE KSLC..KPHX

TRACK_TIME 1167737286
TRACK A20110117566331 SF34 444960 894360 120 30 999 NONE NONE 90
	FP_ROUTE KCWA..KMSP

TRACK_TIME 1167737286
TRACK A20110117566332 E170 394800 1044060 120 30 999 NONE NONE 340
	FP_ROUTE KDEN..KLGB

TRACK_TIME 1167737286
TRACK A20110117566334 A320 413000 741000 120 30 999 NONE NONE 360
	FP_ROUTE KSWF..KMCO

TRACK_TIME 1167737286
TRACK A20110117566349 A319 394900 1044300 120 30 999 NONE NONE 360
	FP_ROUTE KDEN..KOAK

TRACK_TIME 1167737286
TRACK A20110117566350 B712 402860 801500 120 30 999 NONE NONE 320
	FP_ROUTE KPIT..KATL

TRACK_TIME 1167737286
TRACK A20110117566351 AT72 322560 934900 120 30 999 NONE NONE 50
	FP_ROUTE KSHV..KDFW

TRACK_TIME 1167737286
TRACK A20110117566353 CRJ2 464600 1004360 120 30 999 NONE NONE 320
	FP_ROUTE KBIS..KDEN

TRACK_TIME 1167737286
TRACK A20110117566354 B737 333900 842200 120 30 999 NONE NONE 380
	FP_ROUTE KATL..KPHX

TRACK_TIME 1167737286
TRACK A20110117566355 B739 295700 952100 120 30 999 NONE NONE 340
	FP_ROUTE KIAH..KSFO

TRACK_TIME 1167737286
TRACK A20110117566358 B712 425560 875400 120 30 999 NONE NONE 370
	FP_ROUTE KMKE..KMCO

TRACK_TIME 1167737286
TRACK A20110117566361 B712 333760 842260 120 30 999 NONE NONE 350
	FP_ROUTE KATL..KSRQ

TRACK_TIME 1167737286
TRACK A20110117566364 BE20 333900 1160900 120 30 999 NONE NONE 261
	FP_ROUTE KTRM..KTWF

TRACK_TIME 1167737286
TRACK A20110117566384 B712 211900 1575260 120 30 999 NONE NONE 190
	FP_ROUTE KHNL..KITO

TRACK_TIME 1167737286
TRACK A20110117566387 E145 295700 951960 120 30 999 NONE NONE 260
	FP_ROUTE KIAH..KHRL

TRACK_TIME 1167737286
TRACK A20110117566389 E145 401200 764800 120 30 999 NONE NONE 100
	FP_ROUTE KMDT..KIAD

TRACK_TIME 1167737286
TRACK A20110117566390 MD82 295860 951800 120 30 999 NONE NONE 110
	FP_ROUTE KIAH..KDFW

TRACK_TIME 1167737286
TRACK A20110117566391 MD82 325100 970160 120 30 999 NONE NONE 350
	FP_ROUTE KDFW..KCLT

TRACK_TIME 1167737286
TRACK A20110117566421 B737 414600 874360 120 30 999 NONE NONE 370
	FP_ROUTE KMDW..KLGA

TRACK_TIME 1167737286
TRACK A20110117566424 EA50 255500 801660 120 30 999 NONE NONE 260
	FP_ROUTE KOPF..KGNV

TRACK_TIME 1167737286
TRACK A20110117566433 A319 415800 875200 120 30 999 NONE NONE 230
	FP_ROUTE KORD..KCVG

TRACK_TIME 1167737286
TRACK A20110117566434 A320 411660 955400 120 30 999 NONE NONE 380
	FP_ROUTE KOMA..KDEN

TRACK_TIME 1167737286
TRACK A20110117566435 C560 333700 1115500 120 30 999 NONE NONE 350
	FP_ROUTE KSDL..KAMA

TRACK_TIME 1167737286
TRACK A20110117566438 E190 422100 710160 120 30 999 NONE NONE 360
	FP_ROUTE KBOS..KAUS

TRACK_TIME 1167737286
TRACK A20110117566440 B752 395100 1044600 120 30 999 NONE NONE 380
	FP_ROUTE KDEN..KLAX

TRACK_TIME 1167737286
TRACK A20110117566444 E190 422100 710100 120 30 999 NONE NONE 320
	FP_ROUTE KBOS..KRIC

TRACK_TIME 1167737286
TRACK A20110117566445 C560 351360 1013700 120 30 999 NONE NONE 410
	FP_ROUTE KAMA..KPDK

TRACK_TIME 1167737286
TRACK A20110117566446 CRJ2 350400 895800 120 30 999 NONE NONE 170
	FP_ROUTE KMEM..KHSV

TRACK_TIME 1167737286
TRACK A20110117566448 MD83 395260 751300 120 30 999 NONE NONE 340
	FP_ROUTE KPHL..KDFW

TRACK_TIME 1167737286
TRACK A20110117566450 B763 335560 1182560 120 30 999 NONE NONE 370
	FP_ROUTE KLAX..KHNL

TRACK_TIME 1167737286
TRACK A20110117566455 A320 403900 735100 120 30 999 NONE NONE 320
	FP_ROUTE KJFK..KSLC

TRACK_TIME 1167737286
TRACK A20110117566462 A319 333900 1175260 120 30 999 NONE NONE 60
	FP_ROUTE KSNA..KONT

TRACK_TIME 1167737286
TRACK A20110117566465 SF34 445260 931060 120 30 999 NONE NONE 160
	FP_ROUTE KMSP..KINL

TRACK_TIME 1167737286
TRACK A20110117566467 CRJ2 395260 751300 120 30 999 NONE NONE 320
	FP_ROUTE KPHL..KCVG

TRACK_TIME 1167737286
TRACK A20110117566476 CRJ2 351500 805700 120 30 999 NONE NONE 290
	FP_ROUTE KCLT..KABE

TRACK_TIME 1167737286
TRACK A20110117566482 B738 404360 734960 120 30 999 NONE NONE 380
	FP_ROUTE KLGA..KDFW

TRACK_TIME 1167737286
TRACK A20110117566484 CRJ2 371360 795400 120 30 999 NONE NONE 60
	FP_ROUTE KROA..KIAD

TRACK_TIME 1167737286
TRACK A20110117566488 CRJ2 385260 772560 120 30 999 NONE NONE 340
	FP_ROUTE KIAD..KPNS

TRACK_TIME 1167737286
TRACK A20110117566489 B738 295700 951960 120 30 999 NONE NONE 370
	FP_ROUTE KIAH..KBOS

TRACK_TIME 1167737286
TRACK A20110117566491 A319 395260 751200 120 30 999 NONE NONE 360
	FP_ROUTE KPHL..KLAX

TRACK_TIME 1167737286
TRACK A20110117566495 B752 333700 842860 120 30 999 NONE NONE 390
	FP_ROUTE KATL..KBWI

TRACK_TIME 1167737286
TRACK A20110117566496 CRJ2 351000 805700 120 30 999 NONE NONE 300
	FP_ROUTE KCLT..KMGM

TRACK_TIME 1167737286
TRACK A20110117566497 B737 383900 1213400 120 30 999 NONE NONE 330
	FP_ROUTE KSMF..KBUR

TRACK_TIME 1167737286
TRACK A20110117566499 B733 384000 1213400 120 30 999 NONE NONE 370
	FP_ROUTE KSMF..KONT

TRACK_TIME 1167737286
TRACK A20110117566501 B733 340300 1173760 120 30 999 NONE NONE 310
	FP_ROUTE KONT..KPHX

TRACK_TIME 1167737286
TRACK A20110117566511 A320 402860 801000 120 30 999 NONE NONE 110
	FP_ROUTE KPIT..KORD

TRACK_TIME 1167737286
TRACK A20110117566535 CRJ9 333600 843160 120 30 999 NONE NONE 150
	FP_ROUTE KATL..KGSP

TRACK_TIME 1167737286
TRACK A20110117566546 CRJ2 421200 832260 120 30 999 NONE NONE 260
	FP_ROUTE KDTW..KMSN

TRACK_TIME 1167737286
TRACK A20110117566550 B733 324360 1171300 120 30 999 NONE NONE 340
	FP_ROUTE KSAN..KSJC

TRACK_TIME 1167737286
TRACK A20110117566555 SF34 385700 773100 120 30 999 NONE NONE 110
	FP_ROUTE KIAD..KUNV

TRACK_TIME 1167737286
TRACK A20110117566560 DH8D 472560 1221800 120 30 999 NONE NONE 150
	FP_ROUTE KSEA..KEAT

TRACK_TIME 1167737286
TRACK A20110117566561 SF34 405100 775100 120 30 999 NONE NONE 150
	FP_ROUTE KUNV..KIAD

TRACK_TIME 1167737286
TRACK A20110117566570 CRJ1 390300 843900 120 30 999 NONE NONE 310
	FP_ROUTE KCVG..KMDT

TRACK_TIME 1167737286
TRACK A20110117566573 CRJ2 445400 931500 120 30 999 NONE NONE 140
	FP_ROUTE KMSP..KMSP

TRACK_TIME 1167737286
TRACK A20110117566574 E170 394300 861600 120 30 999 NONE NONE 350
	FP_ROUTE KIND..KPHL

TRACK_TIME 1167737286
TRACK A20110117566576 B737 333700 842100 120 30 999 NONE NONE 220
	FP_ROUTE KATL..KJAX

TRACK_TIME 1167737286
TRACK A20110117566578 CRJ2 404660 1120000 120 30 999 NONE NONE 340
	FP_ROUTE KSLC..KEUG

TRACK_TIME 1167737286
TRACK A20110117566580 A320 282400 811800 120 30 999 NONE NONE 360
	FP_ROUTE KMCO..KSFO

TRACK_TIME 1167737286
TRACK A20110117566582 E145 295700 951960 120 30 999 NONE NONE 220
	FP_ROUTE KIAH..KBRO

TRACK_TIME 1167737286
TRACK A20110117566585 B737 374360 1221500 120 30 999 NONE NONE 390
	FP_ROUTE KOAK..KHOU

TRACK_TIME 1167737286
TRACK A20110117566587 E145 360460 795800 120 30 999 NONE NONE 130
	FP_ROUTE KGSO..KCLT

TRACK_TIME 1167737286
TRACK A20110117566590 CRJ2 442800 880760 120 30 999 NONE NONE 250
	FP_ROUTE KGRB..KDTW

TRACK_TIME 1167737286
TRACK A20110117566592 C560 433460 1104360 120 30 999 NONE NONE 400
	FP_ROUTE KJAC..KHIO

TRACK_TIME 1167737286
TRACK A20110117566596 CRJ2 394960 1044600 120 30 999 NONE NONE 260
	FP_ROUTE KDEN..KGJT

TRACK_TIME 1167737286
TRACK A20110117566597 E170 445100 931300 120 30 999 NONE NONE 310
	FP_ROUTE KMSP..KORD

TRACK_TIME 1167737286
TRACK A20110117566599 B734 264060 801060 120 30 999 NONE NONE 330
	FP_ROUTE KPBI..KCLT

TRACK_TIME 1167737286
TRACK A20110117566600 B712 194660 1560400 120 30 999 NONE NONE 220
	FP_ROUTE KKOA..KHNL

TRACK_TIME 1167737286
TRACK A20110117566602 B734 404300 740900 120 30 999 NONE NONE 340
	FP_ROUTE KEWR..KCLT

TRACK_TIME 1167737286
TRACK A20110117566603 E145 371000 931800 120 30 999 NONE NONE 260
	FP_ROUTE KSGF..KDFW

TRACK_TIME 1167737286
TRACK A20110117566604 CRJ2 390760 1083460 120 30 999 NONE NONE 270
	FP_ROUTE KGJT..KDEN

TRACK_TIME 1167737286
TRACK A20110117566606 CRJ2 404600 1115800 120 30 999 NONE NONE 320
	FP_ROUTE KSLC..KHLN

TRACK_TIME 1167737286
TRACK A20110117566607 CRJ2 445260 930700 120 30 999 NONE NONE 280
	FP_ROUTE KMSP..KGFK

TRACK_TIME 1167737286
TRACK A20110117566615 A319 361300 955260 120 30 999 NONE NONE 380
	FP_ROUTE KTUL..KDEN

TRACK_TIME 1167737286
TRACK A20110117566616 E145 415700 724000 120 30 999 NONE NONE 280
	FP_ROUTE KBDL..KDCA

TRACK_TIME 1167737286
TRACK A20110117566619 E145 343460 864660 120 30 999 NONE NONE 360
	FP_ROUTE KHSV..KIAH

TRACK_TIME 1167737286
TRACK A20110117566620 E145 385260 770300 120 30 999 NONE NONE 120
	FP_ROUTE KDCA..KDTW

TRACK_TIME 1167737286
TRACK A20110117566621 B734 325200 970160 120 30 999 NONE NONE 330
	FP_ROUTE KDFW..KGPT

TRACK_TIME 1167737286
TRACK A20110117566631 B752 393760 1065700 120 30 999 NONE NONE 370
	FP_ROUTE KEGE..KDFW

TRACK_TIME 1167737286
TRACK A20110117566632 B752 332560 1120160 120 30 999 NONE NONE 370
	FP_ROUTE KPHX..KDEN

TRACK_TIME 1167737286
TRACK A20110117566633 E135 325260 970160 120 30 999 NONE NONE 310
	FP_ROUTE KDFW..KBTR

TRACK_TIME 1167737286
TRACK A20110117566644 E190 404800 735200 120 30 999 NONE NONE 210
	FP_ROUTE KLGA..KBOS

TRACK_TIME 1167737286
TRACK A20110117566645 B737 333900 842800 120 30 999 NONE NONE 320
	FP_ROUTE KATL..KDFW

TRACK_TIME 1167737286
TRACK A20110117566647 BE20 402100 795400 120 30 999 NONE NONE 110
	FP_ROUTE KAGC..KERI

TRACK_TIME 1167737286
TRACK A20110117566648 BE20 415800 800760 120 30 999 NONE NONE 100
	FP_ROUTE KERI..KAGC

TRACK_TIME 1167737286
TRACK A20110117566655 BE20 402100 795400 120 30 999 NONE NONE 110
	FP_ROUTE KAGC..KERI

TRACK_TIME 1167737286
TRACK A20110117566659 E145 390300 844300 120 30 999 NONE NONE 280
	FP_ROUTE KCVG..KMSN

TRACK_TIME 1167737286
TRACK A20110117566666 E145 404360 734960 120 30 999 NONE NONE 280
	FP_ROUTE KLGA..KCLE

TRACK_TIME 1167737286
TRACK A20110117566668 CRJ2 425700 784300 120 30 999 NONE NONE 200
	FP_ROUTE KBUF..KDTW

TRACK_TIME 1167737286
TRACK A20110117566669 CRJ2 421300 832200 120 30 999 NONE NONE 140
	FP_ROUTE KDTW..KFWA

TRACK_TIME 1167737286
TRACK A20110117566675 DH8D 465800 1140900 120 30 999 NONE NONE 160
	FP_ROUTE KMSO..KPDX

TRACK_TIME 1167737286
TRACK A20110117566677 B734 472560 1221900 120 30 999 NONE NONE 270
	FP_ROUTE KSEA..KGEG

TRACK_TIME 1167737286
TRACK A20110117566685 E145 385260 770400 120 30 999 NONE NONE 260
	FP_ROUTE KDCA..KCMH

TRACK_TIME 1167737286
TRACK A20110117566691 A319 332560 1120160 120 30 999 NONE NONE 280
	FP_ROUTE KPHX..KLAS

TRACK_TIME 1167737286
TRACK A20110117566693 B737 341000 1182200 120 30 999 NONE NONE 360
	FP_ROUTE KBUR..KSEA

TRACK_TIME 1167737286
TRACK A20110117566696 CRJ1 355500 784600 120 30 999 NONE NONE 320
	FP_ROUTE KRDU..KDTW

TRACK_TIME 1167737286
TRACK A20110117566697 B737 332560 1120160 120 30 999 NONE NONE 370
	FP_ROUTE KPHX..KRDU

TRACK_TIME 1167737286
TRACK A20110117566703 E145 402860 801000 120 30 999 NONE NONE 250
	FP_ROUTE KPIT..KEWR

TRACK_TIME 1167737286
TRACK A20110117566704 CRJ2 412400 815500 120 30 999 NONE NONE 120
	FP_ROUTE KCLE..KDTW

TRACK_TIME 1167737286
TRACK A20110117566708 A320 282400 811800 120 30 999 NONE NONE 350
	FP_ROUTE KMCO..KJFK

TRACK_TIME 1167737286
TRACK A20110117566710 LJ35 413100 880000 120 30 999 NONE NONE 370
	FP_ROUTE KLOT..KCAE

TRACK_TIME 1167737286
TRACK A20110117566712 CRJ2 424660 842860 120 30 999 NONE NONE 110
	FP_ROUTE KDTW..KCLE

TRACK_TIME 1167737286
TRACK A20110117566714 F900 384660 1044300 120 30 999 NONE NONE 390
	FP_ROUTE KCOS..KHPN

TRACK_TIME 1167737286
TRACK A20110117566715 BE20 435800 904360 120 30 999 NONE NONE 130
	FP_ROUTE KCMY..KUES

TRACK_TIME 1167737286
TRACK A20110117566716 CRJ2 425560 875400 120 30 999 NONE NONE 280
	FP_ROUTE KMKE..KMEM

TRACK_TIME 1167737286
TRACK A20110117566717 CRJ2 395100 751900 120 30 999 NONE NONE 100
	FP_ROUTE KPHL..KDCA

TRACK_TIME 1167737286
TRACK A20110117566719 B712 402860 801060 120 30 999 NONE NONE 320
	FP_ROUTE KPIT..KTPA

TRACK_TIME 1167737286
TRACK A20110117566720 CRJ2 333900 843000 120 30 999 NONE NONE 300
	FP_ROUTE KATL..KLIT

TRACK_TIME 1167737286
TRACK A20110117566727 E190 402860 801200 120 30 999 NONE NONE 370
	FP_ROUTE KPIT..KBOS

TRACK_TIME 1167737286
TRACK A20110117566731 B737 391000 943100 120 30 999 NONE NONE 390
	FP_ROUTE KMCI..KBNA

TRACK_TIME 1167737286
TRACK A20110117566736 E135 322200 993700 120 30 999 NONE NONE 200
	FP_ROUTE KABI..KABI

TRACK_TIME 1167737286
TRACK A20110117566737 B744 295860 951800 120 30 999 NONE NONE 410
	FP_ROUTE KIAH..KATL

TRACK_TIME 1167737286
TRACK A20110117566738 B734 611600 1501200 120 30 999 NONE NONE 320
	FP_ROUTE KANC..KBET

TRACK_TIME 1167737286
TRACK A20110117566740 E170 384800 1044060 120 30 999 NONE NONE 90
	FP_ROUTE KCOS..KDEN

TRACK_TIME 1167737286
TRACK A20110117566758 CRJ2 421060 832100 120 30 999 NONE NONE 130
	FP_ROUTE KDTW..KCAK

TRACK_TIME 1167737286
TRACK A20110117566760 E145 321960 944300 120 30 999 NONE NONE 109
	FP_ROUTE KGGG..KDFW

TRACK_TIME 1167737286
TRACK A20110117566763 A320 453600 1223760 120 30 999 NONE NONE 390
	FP_ROUTE KPDX..KPHX

TRACK_TIME 1167737286
TRACK A20110117566765 E145 390160 844360 120 30 999 NONE NONE 40
	FP_ROUTE KCVG..KSDF

TRACK_TIME 1167737286
TRACK A20110117566767 B752 333700 843000 120 30 999 NONE NONE 350
	FP_ROUTE KATL..KTPA

TRACK_TIME 1167737286
TRACK A20110117566769 F2TH 264060 800760 120 30 999 NONE NONE 390
	FP_ROUTE KPBI..KLGA

TRACK_TIME 1167737286
TRACK A20110117566772 E145 380900 854300 120 30 999 NONE NONE 99
	FP_ROUTE KSDF..KCVG

TRACK_TIME 1167737286
TRACK A20110117566773 B737 372260 1215700 120 30 999 NONE NONE 400
	FP_ROUTE KSJC..KSEA

TRACK_TIME 1167737286
TRACK A20110117566774 E190 395260 751300 120 30 999 NONE NONE 220
	FP_ROUTE KPHL..KRDU

TRACK_TIME 1167737286
TRACK A20110117566783 BE20 420460 800000 120 30 999 NONE NONE 100
	FP_ROUTE KERI..KAGC

TRACK_TIME 1167737286
TRACK A20110117566785 D328 404960 742260 120 30 999 NONE NONE 120
	FP_ROUTE KMMU..KELM

TRACK_TIME 1167737286
TRACK A20110117566786 CRJ2 360900 795500 120 30 999 NONE NONE 280
	FP_ROUTE KGSO..KDTW

TRACK_TIME 1167737286
TRACK A20110117566796 A319 263700 814300 120 30 999 NONE NONE 370
	FP_ROUTE KRSW..KACY

TRACK_TIME 1167737286
TRACK A20110117566797 CRJ9 295700 952100 120 30 999 NONE NONE 340
	FP_ROUTE KIAH..KSLC

TRACK_TIME 1167737286
TRACK A20110117566799 B712 390900 763900 120 30 999 NONE NONE 340
	FP_ROUTE KBWI..KMSY

TRACK_TIME 1167737286
TRACK A20110117566800 B737 453600 1223700 120 30 999 NONE NONE 410
	FP_ROUTE KPDX..KSNA

TRACK_TIME 1167737286
TRACK A20110117566804 MD83 441600 1210600 120 30 999 NONE NONE 330
	FP_ROUTE KRDM..KIWA

TRACK_TIME 1167737286
TRACK A20110117566809 B712 333900 842260 120 30 999 NONE NONE 320
	FP_ROUTE KATL..KMDW

TRACK_TIME 1167737286
TRACK A20110117566810 B737 404500 740760 120 30 999 NONE NONE 380
	FP_ROUTE KEWR..KSNA

TRACK_TIME 1167737286
TRACK A20110117566813 B737 414360 874500 120 30 999 NONE NONE 390
	FP_ROUTE KMDW..KATL

TRACK_TIME 1167737286
TRACK A20110117566814 B737 333760 842200 120 30 999 NONE NONE 390
	FP_ROUTE KATL..KFLL

TRACK_TIME 1167737286
TRACK A20110117566817 B738 332560 1120300 120 30 999 NONE NONE 370
	FP_ROUTE KPHX..KIAH

TRACK_TIME 1167737286
TRACK A20110117566827 B712 333760 842260 120 30 999 NONE NONE 330
	FP_ROUTE KATL..KFLL

TRACK_TIME 1167737286
TRACK A20110117566830 E145 404900 735260 120 30 999 NONE NONE 280
	FP_ROUTE KLGA..KGSO

TRACK_TIME 1167737286
TRACK A20110117566831 MD83 373760 1222100 120 30 999 NONE NONE 330
	FP_ROUTE KSFO..KDFW

TRACK_TIME 1167737286
TRACK A20110117566842 B733 282200 811960 120 30 999 NONE NONE 340
	FP_ROUTE KMCO..KMDW

TRACK_TIME 1167737286
TRACK A20110117566845 B752 333760 842700 120 30 999 NONE NONE 350
	FP_ROUTE KATL..KSRQ

TRACK_TIME 1167737286
TRACK A20110117566846 E170 445260 931000 120 30 999 NONE NONE 270
	FP_ROUTE KMSP..KGRB

TRACK_TIME 1167737286
TRACK A20110117566847 CRJ2 333900 843100 120 30 999 NONE NONE 300
	FP_ROUTE KATL..KLFT

TRACK_TIME 1167737286
TRACK A20110117566859 A320 403760 735100 120 30 999 NONE NONE 360
	FP_ROUTE KJFK..KPBI

TRACK_TIME 1167737286
TRACK A20110117566862 CRJ2 433300 1161200 120 30 999 NONE NONE 270
	FP_ROUTE KBOI..KSLC

TRACK_TIME 1167737286
TRACK A20110117566864 E145 395260 1043600 120 30 999 NONE NONE 350
	FP_ROUTE KDEN..KMSN

TRACK_TIME 1167737286
TRACK A20110117566869 E145 430400 891660 120 30 999 NONE NONE 70
	FP_ROUTE KMSN..KORD

TRACK_TIME 1167737286
TRACK A20110117566871 FA50 260900 815100 120 30 999 NONE NONE 410
	FP_ROUTE KAPF..KILG

TRACK_TIME 1167737286
TRACK A20110117566877 DH8D 472560 1221800 120 30 999 NONE NONE 190
	FP_ROUTE KSEA..KGEG

TRACK_TIME 1167737286
TRACK A20110117566879 B734 610760 1501660 120 30 999 NONE NONE 310
	FP_ROUTE KANC..KADQ

TRACK_TIME 1167737286
TRACK A20110117566885 B772 415800 880100 120 30 999 NONE NONE 360
	FP_ROUTE KORD..KHNL

TRACK_TIME 1167737286
TRACK A20110117566887 F900 251660 801660 120 30 999 NONE NONE 240
	FP_ROUTE K07FA..KOCF

TRACK_TIME 1167737286
TRACK A20110117566889 F900 290900 821300 120 30 999 NONE NONE 400
	FP_ROUTE KOCF..KLUK

TRACK_TIME 1167737286
TRACK A20110117566891 F900 390460 842500 120 30 999 NONE NONE 280
	FP_ROUTE KLUK..KSUS

TRACK_TIME 1167737286
TRACK A20110117566897 A321 332560 1120160 120 30 999 NONE NONE 280
	FP_ROUTE KPHX..KLAX

TRACK_TIME 1167737286
TRACK A20110117566898 B752 351200 805560 120 30 999 NONE NONE 270
	FP_ROUTE KCLT..KBWI

TRACK_TIME 1167737286
TRACK A20110117566906 B733 355260 784660 120 30 999 NONE NONE 360
	FP_ROUTE KRDU..KTPA

TRACK_TIME 1167737286
TRACK A20110117566907 SF34 312800 970460 120 30 999 NONE NONE 90
	FP_ROUTE KACT..KIAH

TRACK_TIME 1167737286
TRACK A20110117566909 B752 215860 1591900 120 30 999 NONE NONE 380
	FP_ROUTE KLIH..KLAX

TRACK_TIME 1167737286
TRACK A20110117566917 CRJ9 333900 843000 120 30 999 NONE NONE 380
	FP_ROUTE KATL..KICT

TRACK_TIME 1167737286
TRACK A20110117566923 AT72 334000 1014960 120 30 999 NONE NONE 59
	FP_ROUTE KLBB..KDFW

TRACK_TIME 1167737286
TRACK A20110117566924 MD82 350100 1063300 120 30 999 NONE NONE 230
	FP_ROUTE KABQ..KDFW

TRACK_TIME 1167737286
TRACK A20110117566926 B737 361200 955260 120 30 999 NONE NONE 380
	FP_ROUTE KTUL..KHOU

TRACK_TIME 1167737286
TRACK A20110117566928 B737 373900 1222200 120 30 999 NONE NONE 330
	FP_ROUTE KSFO..KLAS

TRACK_TIME 1167737286
TRACK A20110117566929 B753 282400 811800 120 30 999 NONE NONE 370
	FP_ROUTE KMCO..KDTW

TRACK_TIME 1167737286
TRACK A20110117566930 B752 445100 931300 120 30 999 NONE NONE 390
	FP_ROUTE KMSP..KATL

TRACK_TIME 1167737286
TRACK A20110117566941 CRJ2 444960 930760 120 30 999 NONE NONE 270
	FP_ROUTE KMSP..KAZO

TRACK_TIME 1167737286
TRACK A20110117566943 B738 472560 1221900 120 30 999 NONE NONE 390
	FP_ROUTE KSEA..KBUR

TRACK_TIME 1167737286
TRACK A20110117566945 E190 272260 823160 120 30 999 NONE NONE 370
	FP_ROUTE KSRQ..KBOS

TRACK_TIME 1167737286
TRACK A20110117566950 E145 254800 801900 120 30 999 NONE NONE 370
	FP_ROUTE KMIA..KCLT

TRACK_TIME 1167737286
TRACK A20110117566959 MD82 293100 982800 120 30 999 NONE NONE 109
	FP_ROUTE KSAT..KDFW

TRACK_TIME 1167737286
TRACK A20110117566961 B735 295860 951800 120 30 999 NONE NONE 360
	FP_ROUTE KIAH..KHDN

TRACK_TIME 1167737286
TRACK A20110117566978 CRJ2 351360 805700 120 30 999 NONE NONE 210
	FP_ROUTE KCLT..KCHO

TRACK_TIME 1167737286
TRACK A20110117566985 CRJ2 333760 842800 120 30 999 NONE NONE 190
	FP_ROUTE KATL..KAGS

TRACK_TIME 1167737286
TRACK A20110117566993 C560 362700 1054800 120 30 999 NONE NONE 430
	FP_ROUTE KSKX..KHWD

TRACK_TIME 1167737286
TRACK A20110117566995 C550 374900 811060 120 30 999 NONE NONE 80
	FP_ROUTE KBKW..KGAS

TRACK_TIME 1167737286
TRACK A20110117566997 CRJ1 390300 844060 120 30 999 NONE NONE 160
	FP_ROUTE KCVG..KEVV

TRACK_TIME 1167737286
TRACK A20110117567000 E145 321660 900400 120 30 999 NONE NONE 300
	FP_ROUTE KJAN..KIAH

TRACK_TIME 1167737286
TRACK A20110117567004 E170 385400 770460 120 30 999 NONE NONE 280
	FP_ROUTE KDCA..KROC

TRACK_TIME 1167737286
TRACK A20110117567009 A319 433460 1104500 120 30 999 NONE NONE 350
	FP_ROUTE KJAC..KDEN

TRACK_TIME 1167737286
TRACK A20110117567010 E190 391060 943460 120 30 999 NONE NONE 370
	FP_ROUTE KMCI..KMKE

TRACK_TIME 1167737286
TRACK A20110117567014 B752 395260 751300 120 30 999 NONE NONE 400
	FP_ROUTE KPHL..KATL

TRACK_TIME 1167737286
TRACK A20110117567019 DH8A 362700 822560 120 30 999 NONE NONE 90
	FP_ROUTE KTRI..KCLT

TRACK_TIME 1167737286
TRACK A20110117567020 B737 472560 1221900 120 30 999 NONE NONE 390
	FP_ROUTE KSEA..KSJC

TRACK_TIME 1167737286
TRACK A20110117567025 MD83 465400 964900 120 30 999 NONE NONE 320
	FP_ROUTE KFAR..KLAX

TRACK_TIME 1167737286
TRACK A20110117567027 CRJ2 403900 734960 120 30 999 NONE NONE 300
	FP_ROUTE KJFK..KCLE

TRACK_TIME 1167737286
TRACK A20110117567029 C560 255500 801300 120 30 999 NONE NONE 380
	FP_ROUTE KOPF..KAUS

TRACK_TIME 1167737286
TRACK A20110117567030 DH8A 711060 1564000 120 30 999 NONE NONE 210
	FP_ROUTE KBRW..KFAI

TRACK_TIME 1167737286
TRACK A20110117567032 E145 325500 970300 120 30 999 NONE NONE 220
	FP_ROUTE KDFW..KABI

TRACK_TIME 1167737286
TRACK A20110117567034 C560 300900 973900 120 30 999 NONE NONE 400
	FP_ROUTE KAUS..KSNA

TRACK_TIME 1167737286
TRACK A20110117567039 B737 335560 1182860 120 30 999 NONE NONE 400
	FP_ROUTE KLAX..KSMF

TRACK_TIME 1167737286
TRACK A20110117567040 F900 422700 712100 120 30 999 NONE NONE 160
	FP_ROUTE KBED..KHPN

TRACK_TIME 1167737286
TRACK A20110117567044 MD82 325500 970300 120 30 999 NONE NONE 340
	FP_ROUTE KDFW..KSLC

TRACK_TIME 1167737286
TRACK A20110117567045 MD83 384300 901500 120 30 999 NONE NONE 320
	FP_ROUTE KSTL..KLAX

TRACK_TIME 1167737286
TRACK A20110117567051 CRJ2 421200 832100 120 30 999 NONE NONE 270
	FP_ROUTE KDTW..KAVP

TRACK_TIME 1167737286
TRACK A20110117567052 CRJ2 420160 875700 120 30 999 NONE NONE 350
	FP_ROUTE KORD..KCMX

TRACK_TIME 1167737286
TRACK A20110117567055 A319 373160 771960 120 30 999 NONE NONE 220
	FP_ROUTE KRIC..KCLT

TRACK_TIME 1167737286
TRACK A20110117567060 E145 295700 951960 120 30 999 NONE NONE 310
	FP_ROUTE KIAH..KBHM

TRACK_TIME 1167737286
TRACK A20110117567061 B738 295700 952100 120 30 999 NONE NONE 360
	FP_ROUTE KIAH..KSAN

TRACK_TIME 1167737286
TRACK A20110117567064 CRJ2 335560 810600 120 30 999 NONE NONE 270
	FP_ROUTE KCAE..KDCA

TRACK_TIME 1167737286
TRACK A20110117567066 CRJ2 481360 1010460 120 30 999 NONE NONE 340
	FP_ROUTE KMOT..KMSP

TRACK_TIME 1167737286
TRACK A20110117567072 B734 453600 1223700 120 30 999 NONE NONE 330
	FP_ROUTE KPDX..KPHX

TRACK_TIME 1167737286
TRACK A20110117567080 B752 421200 832200 120 30 999 NONE NONE 400
	FP_ROUTE KDTW..KTPA

TRACK_TIME 1167737286
TRACK A20110117567084 CRJ2 341060 1182100 120 30 999 NONE NONE 330
	FP_ROUTE KBUR..KSLC

TRACK_TIME 1167737286
TRACK A20110117567092 CRJ1 390160 844000 120 30 999 NONE NONE 220
	FP_ROUTE KCVG..KBNA

TRACK_TIME 1167737286
TRACK A20110117567096 BE20 344200 1142100 120 30 999 NONE NONE 250
	FP_ROUTE KHII..KSLC

TRACK_TIME 1167737286
TRACK A20110117567097 CRJ2 481900 1011500 120 30 999 NONE NONE 310
	FP_ROUTE KMOT..KMSP

TRACK_TIME 1167737286
TRACK A20110117567100 A320 260460 800760 120 30 999 NONE NONE 370
	FP_ROUTE KFLL..KJFK

TRACK_TIME 1167737286
TRACK A20110117567101 E170 394900 1044600 120 30 999 NONE NONE 340
	FP_ROUTE KDEN..KABQ

TRACK_TIME 1167737286
TRACK A20110117567102 CRJ2 365400 761060 120 30 999 NONE NONE 40
	FP_ROUTE KORF..KCLT

TRACK_TIME 1167737286
TRACK A20110117567105 E170 385400 772800 120 30 999 NONE NONE 320
	FP_ROUTE KIAD..KIND

TRACK_TIME 1167737286
TRACK A20110117567107 B738 425260 853100 120 30 999 NONE NONE 340
	FP_ROUTE KGRR..KSTL

TRACK_TIME 1167737286
TRACK A20110117567109 A319 404800 735200 120 30 999 NONE NONE 380
	FP_ROUTE KLGA..KMCO

TRACK_TIME 1167737286
TRACK A20110117567112 E145 273000 992800 120 30 999 NONE NONE 270
	FP_ROUTE KLRD..KIAH

TRACK_TIME 1167737286
TRACK A20110117567114 DH8A 351360 805500 120 30 999 NONE NONE 170
	FP_ROUTE KCLT..KHXD

TRACK_TIME 1167737286
TRACK A20110117567117 B733 360700 1150900 120 30 999 NONE NONE 300
	FP_ROUTE KLAS..KOAK

TRACK_TIME 1167737286
TRACK A20110117567118 A320 403900 735100 120 30 999 NONE NONE 180
	FP_ROUTE KJFK..KIAD

TRACK_TIME 1167737286
TRACK A20110117567120 E170 394300 861660 120 30 999 NONE NONE 310
	FP_ROUTE KIND..KPHL

TRACK_TIME 1167737286
TRACK A20110117567124 DH8A 321600 804060 120 30 999 NONE NONE 40
	FP_ROUTE KHXD..KCLT

TRACK_TIME 1167737286
TRACK A20110117567130 B738 282500 811900 120 30 999 NONE NONE 390
	FP_ROUTE KMCO..KJFK

TRACK_TIME 1167737286
TRACK A20110117567131 MD82 404800 735100 120 30 999 NONE NONE 340
	FP_ROUTE KLGA..KORD

TRACK_TIME 1167737286
TRACK A20110117567134 B738 254800 801600 120 30 999 NONE NONE 290
	FP_ROUTE KMIA..KATL

TRACK_TIME 1167737286
TRACK A20110117567142 BE9L 453400 1225800 120 30 999 NONE NONE 80
	FP_ROUTE KHIO..KAST

TRACK_TIME 1167737286
TRACK A20110117567143 BE9L 461000 1235700 120 30 999 NONE NONE 79
	FP_ROUTE KAST..KHIO

TRACK_TIME 1167737286
TRACK A20110117567148 CRJ1 430600 774200 120 30 999 NONE NONE 250
	FP_ROUTE KROC..KJFK

TRACK_TIME 1167737286
TRACK A20110117567149 B753 373760 1222400 120 30 999 NONE NONE 360
	FP_ROUTE KSFO..KHNL

TRACK_TIME 1167737286
TRACK A20110117567153 A321 282500 811900 120 30 999 NONE NONE 340
	FP_ROUTE KMCO..KPHX

TRACK_TIME 1167737286
TRACK A20110117567159 E145 415560 875400 120 30 999 NONE NONE 270
	FP_ROUTE KORD..KCMH

TRACK_TIME 1167737286
TRACK A20110117567162 B735 324500 1171300 120 30 999 NONE NONE 360
	FP_ROUTE KSAN..KSFO

TRACK_TIME 1167737286
TRACK A20110117567163 E120 360600 1151000 120 30 999 NONE NONE 200
	FP_ROUTE KLAS..KPSP

TRACK_TIME 1167737286
TRACK A20110117567164 B733 373760 1222200 120 30 999 NONE NONE 350
	FP_ROUTE KSFO..KSAN

TRACK_TIME 1167737286
TRACK A20110117567172 SF34 300400 931300 120 30 999 NONE NONE 60
	FP_ROUTE KLCH..KIAH

TRACK_TIME 1167737286
TRACK A20110117567175 C510 380900 854300 120 30 999 NONE NONE 360
	FP_ROUTE KSDF..KHOU

TRACK_TIME 1167737286
TRACK A20110117567176 E170 325200 970160 120 30 999 NONE NONE 350
	FP_ROUTE KDFW..KDCA

TRACK_TIME 1167737286
TRACK A20110117567177 B737 404300 740760 120 30 999 NONE NONE 379
	FP_ROUTE KEWR..KDFW

TRACK_TIME 1167737286
TRACK A20110117567180 B753 295700 951960 120 30 999 NONE NONE 370
	FP_ROUTE KIAH..KMCO

TRACK_TIME 1167737286
TRACK A20110117567185 E145 355400 784660 120 30 999 NONE NONE 370
	FP_ROUTE KRDU..KMKE

TRACK_TIME 1167737286
TRACK A20110117567198 PAY2 374360 1221360 120 30 999 NONE NONE 141
	FP_ROUTE KOAK..KACV

TRACK_TIME 1167737286
TRACK A20110117567200 E135 335500 1183000 120 30 999 NONE NONE 110
	FP_ROUTE KLAX..KSAN

TRACK_TIME 1167737286
TRACK A20110117567202 E145 322100 993300 120 30 999 NONE NONE 110
	FP_ROUTE KABI..KDFW

TRACK_TIME 1167737286
TRACK A20110117567203 E145 404360 734960 120 30 999 NONE NONE 280
	FP_ROUTE KLGA..KCLE

TRACK_TIME 1167737286
TRACK A20110117567204 A319 385200 770300 120 30 999 NONE NONE 230
	FP_ROUTE KDCA..KBOS

TRACK_TIME 1167737286
TRACK A20110117567205 E170 385260 770300 120 30 999 NONE NONE 200
	FP_ROUTE KDCA..KPIT

TRACK_TIME 1167737286
TRACK A20110117567209 CRJ2 415860 875260 120 30 999 NONE NONE 260
	FP_ROUTE KORD..KPAH

TRACK_TIME 1167737286
TRACK A20110117567210 A319 395260 751300 120 30 999 NONE NONE 380
	FP_ROUTE KPHL..KIND

TRACK_TIME 1167737286
TRACK A20110117567217 AT72 254800 801600 120 30 999 NONE NONE 190
	FP_ROUTE KMIA..KJAX

TRACK_TIME 1167737286
TRACK A20110117567220 B744 254660 801900 120 30 999 NONE NONE 380
	FP_ROUTE KMIA..KIAH

TRACK_TIME 1167737286
TRACK A20110117567221 E120 352700 1190400 120 30 999 NONE NONE 130
	FP_ROUTE KBFL..KLAX

TRACK_TIME 1167737286
TRACK A20110117567224 E170 415800 723700 120 30 999 NONE NONE 60
	FP_ROUTE KBDL..KPHL

TRACK_TIME 1167737286
TRACK A20110117567225 CRJ2 405260 812560 120 30 999 NONE NONE 80
	FP_ROUTE KCAK..KPHL

TRACK_TIME 1167737286
TRACK A20110117567226 CL60 205500 1562400 120 30 999 NONE NONE 60
	FP_ROUTE KOGG..KLNY

TRACK_TIME 1167737286
TRACK A20110117567229 MD82 325560 970300 120 30 999 NONE NONE 260
	FP_ROUTE KDFW..KLAS

TRACK_TIME 1167737286
TRACK A20110117567246 PAY3 322700 880300 120 30 999 NONE NONE 240
	FP_ROUTE KDYA..KHOU

TRACK_TIME 1167737286
TRACK A20110117567252 B752 324500 1171360 120 30 999 NONE NONE 389
	FP_ROUTE KSAN..KATL

TRACK_TIME 1167737286
TRACK A20110117567258 E135 415800 875700 120 30 999 NONE NONE 220
	FP_ROUTE KORD..KRST

TRACK_TIME 1167737286
TRACK A20110117567261 MD82 333900 842200 120 30 999 NONE NONE 300
	FP_ROUTE KATL..KDFW

TRACK_TIME 1167737286
TRACK A20110117567269 B737 263000 814900 120 30 999 NONE NONE 390
	FP_ROUTE KRSW..KFNT

TRACK_TIME 1167737286
TRACK A20110117567277 B737 335700 1182860 120 30 999 NONE NONE 400
	FP_ROUTE KLAX..KSMF

TRACK_TIME 1167737286
TRACK A20110117567279 LJ45 425400 721600 120 30 999 NONE NONE 400
	FP_ROUTE KEEN..KPBI

TRACK_TIME 1167737286
TRACK A20110117567280 B752 324360 1171360 120 30 999 NONE NONE 370
	FP_ROUTE KSAN..KMSP

TRACK_TIME 1167737286
TRACK A20110117567289 LJ45 335100 842100 120 30 999 NONE NONE 400
	FP_ROUTE KPDK..KSUS

TRACK_TIME 1167737286
TRACK A20110117567291 CRJ2 433600 964500 120 30 999 NONE NONE 110
	FP_ROUTE KFSD..KMSP

TRACK_TIME 1167737286
TRACK A20110117567292 CRJ2 350900 805560 120 30 999 NONE NONE 190
	FP_ROUTE KCLT..KPGV

TRACK_TIME 1167737286
TRACK A20110117567293 E135 303400 910700 120 30 999 NONE NONE 260
	FP_ROUTE KBTR..KDFW

TRACK_TIME 1167737286
TRACK A20110117567295 E145 373760 972700 120 30 999 NONE NONE 350
	FP_ROUTE KICT..KORD

TRACK_TIME 1167737286
TRACK A20110117567312 CRJ9 321660 900400 120 30 999 NONE NONE 240
	FP_ROUTE KJAN..KATL

TRACK_TIME 1167737286
TRACK A20110117567315 MD83 325560 970160 120 30 999 NONE NONE 290
	FP_ROUTE KDFW..KSTL

TRACK_TIME 1167737286
TRACK A20110117567318 B712 350160 895860 120 30 999 NONE NONE 270
	FP_ROUTE KMEM..KATL

TRACK_TIME 1167737286
TRACK A20110117567319 B738 335560 1182800 120 30 999 NONE NONE 330
	FP_ROUTE KLAX..KORD

TRACK_TIME 1167737286
TRACK A20110117567323 CRJ9 411600 955260 120 30 999 NONE NONE 360
	FP_ROUTE KOMA..KSLC

TRACK_TIME 1167737286
TRACK A20110117567326 B737 414600 874600 120 30 999 NONE NONE 400
	FP_ROUTE KMDW..KMSY

TRACK_TIME 1167737286
TRACK A20110117567328 E135 415200 914200 120 30 999 NONE NONE 210
	FP_ROUTE KCID..KORD

TRACK_TIME 1167737286
TRACK A20110117567331 MD82 415500 875400 120 30 999 NONE NONE 330
	FP_ROUTE KORD..KTPA

TRACK_TIME 1167737286
TRACK A20110117567334 B737 390900 764600 120 30 999 NONE NONE 380
	FP_ROUTE KBWI..KJAX

TRACK_TIME 1167737286
TRACK A20110117567335 B738 211900 1575260 120 30 999 NONE NONE 330
	FP_ROUTE KHNL..KPDX

TRACK_TIME 1167737286
TRACK A20110117567343 B712 390760 764300 120 30 999 NONE NONE 230
	FP_ROUTE KBWI..KBOS

TRACK_TIME 1167737286
TRACK A20110117567345 B737 360600 1150900 120 30 999 NONE NONE 370
	FP_ROUTE KLAS..KMDW

TRACK_TIME 1167737286
TRACK A20110117567348 E145 415700 875400 120 30 999 NONE NONE 210
	FP_ROUTE KORD..KEVV

TRACK_TIME 1167737286
TRACK A20110117567351 CRJ2 333760 842800 120 30 999 NONE NONE 270
	FP_ROUTE KATL..KGNV

TRACK_TIME 1167737286
TRACK A20110117567354 E145 384360 902100 120 30 999 NONE NONE 210
	FP_ROUTE KSTL..KORD

TRACK_TIME 1167737286
TRACK A20110117567355 E145 321300 810900 120 30 999 NONE NONE 330
	FP_ROUTE KSAV..KIAD

TRACK_TIME 1167737286
TRACK A20110117567360 DH8D 372200 1215560 120 30 999 NONE NONE 250
	FP_ROUTE KSJC..KLAX

TRACK_TIME 1167737286
TRACK A20110117567364 BE20 365200 915400 120 30 999 NONE NONE 270
	FP_ROUTE KUNO..KRZT

TRACK_TIME 1167737286
TRACK A20110117567365 BE20 392500 830600 120 30 999 NONE NONE 240
	FP_ROUTE KRZT..KBPK

TRACK_TIME 1167737286
TRACK A20110117567373 E145 415800 875700 120 30 999 NONE NONE 370
	FP_ROUTE KORD..KCHS

TRACK_TIME 1167737286
TRACK A20110117567374 DH8D 404300 740760 120 30 999 NONE NONE 100
	FP_ROUTE KEWR..KIAD

TRACK_TIME 1167737286
TRACK A20110117567382 CRJ2 350100 895860 120 30 999 NONE NONE 290
	FP_ROUTE KMEM..KORD

TRACK_TIME 1167737286
TRACK A20110117567383 B752 260460 800760 120 30 999 NONE NONE 390
	FP_ROUTE KFLL..KATL

TRACK_TIME 1167737286
TRACK A20110117567400 A319 395260 751300 120 30 999 NONE NONE 379
	FP_ROUTE KPHL..KDFW

TRACK_TIME 1167737286
TRACK A20110117567409 B737 360700 1150900 120 30 999 NONE NONE 220
	FP_ROUTE KLAS..KBUR

TRACK_TIME 1167737286
TRACK A20110117567410 B737 341200 1182400 120 30 999 NONE NONE 400
	FP_ROUTE KBUR..KSMF

TRACK_TIME 1167737286
TRACK A20110117567413 CRJ2 354660 840300 120 30 999 NONE NONE 100
	FP_ROUTE KTYS..KMEM

TRACK_TIME 1167737286
TRACK A20110117567414 CRJ2 351200 805700 120 30 999 NONE NONE 100
	FP_ROUTE KCLT..KGSP

TRACK_TIME 1167737286
TRACK A20110117567416 LJ45 411660 955260 120 30 999 NONE NONE 410
	FP_ROUTE KOMA..KHPN

TRACK_TIME 1167737286
TRACK A20110117567417 B733 282700 811900 120 30 999 NONE NONE 340
	FP_ROUTE KMCO..KMDW

TRACK_TIME 1167737286
TRACK A20110117567418 MD82 293100 982800 120 30 999 NONE NONE 110
	FP_ROUTE KSAT..KDFW

TRACK_TIME 1167737286
TRACK A20110117567423 C560 391660 1065700 120 30 999 NONE NONE 250
	FP_ROUTE KASE..KAPA

TRACK_TIME 1167737286
TRACK A20110117567425 MD82 325260 970160 120 30 999 NONE NONE 350
	FP_ROUTE KDFW..KTPA

TRACK_TIME 1167737286
TRACK A20110117567426 E145 425560 875400 120 30 999 NONE NONE 350
	FP_ROUTE KMKE..KBDL

TRACK_TIME 1167737286
TRACK A20110117567428 CRJ9 421200 832100 120 30 999 NONE NONE 350
	FP_ROUTE KDTW..KALB

TRACK_TIME 1167737286
TRACK A20110117567431 B733 414600 874600 120 30 999 NONE NONE 320
	FP_ROUTE KMDW..KMSP

TRACK_TIME 1167737286
TRACK A20110117567433 A319 351360 805560 120 30 999 NONE NONE 240
	FP_ROUTE KCLT..KJAX

TRACK_TIME 1167737286
TRACK A20110117567435 CRJ9 351200 805560 120 30 999 NONE NONE 220
	FP_ROUTE KCLT..KMYR

TRACK_TIME 1167737286
TRACK A20110117567436 A321 351360 805560 120 30 999 NONE NONE 280
	FP_ROUTE KCLT..KMIA

TRACK_TIME 1167737286
TRACK A20110117567437 E170 385200 770300 120 30 999 NONE NONE 300
	FP_ROUTE KDCA..KMSY

TRACK_TIME 1167737286
TRACK A20110117567439 B752 373760 1222100 120 30 999 NONE NONE 370
	FP_ROUTE KSFO..KJFK

TRACK_TIME 1167737286
TRACK A20110117567449 B763 333760 842260 120 30 999 NONE NONE 390
	FP_ROUTE KATL..KJFK

TRACK_TIME 1167737286
TRACK A20110117567450 A320 425700 784300 120 30 999 NONE NONE 210
	FP_ROUTE KBUF..KJFK

TRACK_TIME 1167737286
TRACK A20110117567457 A319 335560 1182700 120 30 999 NONE NONE 370
	FP_ROUTE KLAX..KORD

TRACK_TIME 1167737286
TRACK A20110117567459 B752 333700 843000 120 30 999 NONE NONE 370
	FP_ROUTE KATL..KMCO

TRACK_TIME 1167737286
TRACK A20110117567460 CRJ9 332560 1120160 120 30 999 NONE NONE 360
	FP_ROUTE KPHX..KFAT

TRACK_TIME 1167737286
TRACK A20110117567462 CRJ2 334000 843100 120 30 999 NONE NONE 230
	FP_ROUTE KATL..KTRI

TRACK_TIME 1167737286
TRACK A20110117567463 CRJ2 425500 784500 120 30 999 NONE NONE 270
	FP_ROUTE KBUF..KLGA

TRACK_TIME 1167737286
TRACK A20110117567464 E145 373760 972700 120 30 999 NONE NONE 350
	FP_ROUTE KICT..KIAH

TRACK_TIME 1167737286
TRACK A20110117567465 A320 420000 875260 120 30 999 NONE NONE 390
	FP_ROUTE KORD..KBDL

TRACK_TIME 1167737286
TRACK A20110117567467 CRJ2 402860 801200 120 30 999 NONE NONE 230
	FP_ROUTE KPIT..KPHL

TRACK_TIME 1167737286
TRACK A20110117567468 CRJ2 412400 815260 120 30 999 NONE NONE 250
	FP_ROUTE KCLE..KPHL

TRACK_TIME 1167737286
TRACK A20110117567470 CRJ2 335700 810900 120 30 999 NONE NONE 270
	FP_ROUTE KCAE..KIAD

TRACK_TIME 1167737286
TRACK A20110117567472 SF34 295800 952100 120 30 999 NONE NONE 90
	FP_ROUTE KIAH..KLCH

TRACK_TIME 1167737286
TRACK A20110117567475 E145 415800 875200 120 30 999 NONE NONE 300
	FP_ROUTE KORD..KSGF

TRACK_TIME 1167737286
TRACK A20110117567477 A320 335700 1182700 120 30 999 NONE NONE 350
	FP_ROUTE KLAX..KJFK

TRACK_TIME 1167737286
TRACK A20110117567481 F900 341660 775260 120 30 999 NONE NONE 350
	FP_ROUTE KILM..KBOS

TRACK_TIME 1167737286
TRACK A20110117567482 F900 422200 705860 120 30 999 NONE NONE 380
	FP_ROUTE KBOS..KILM

TRACK_TIME 1167737286
TRACK A20110117567484 CRJ2 374000 1222100 120 30 999 NONE NONE 340
	FP_ROUTE KSFO..KPSC

TRACK_TIME 1167737286
TRACK A20110117567485 DH8D 453460 1223700 120 30 999 NONE NONE 160
	FP_ROUTE KPDX..KSEA

TRACK_TIME 1167737286
TRACK A20110117567486 CRJ1 333900 843000 120 30 999 NONE NONE 170
	FP_ROUTE KATL..KRDU

TRACK_TIME 1167737286
TRACK A20110117567487 MD83 423000 1143160 120 30 999 NONE NONE 350
	FP_ROUTE KTWF..KLAS

TRACK_TIME 1167737286
TRACK A20110117567488 B738 424660 843300 120 30 999 NONE NONE 410
	FP_ROUTE KLAN..KRSW

TRACK_TIME 1167737286
TRACK A20110117567490 CRJ2 412700 903300 120 30 999 NONE NONE 260
	FP_ROUTE KMLI..KMSP

TRACK_TIME 1167737286
TRACK A20110117567492 E145 385700 773100 120 30 999 NONE NONE 280
	FP_ROUTE KIAD..KCHS

TRACK_TIME 1167737286
TRACK A20110117567494 B712 260460 800760 120 30 999 NONE NONE 330
	FP_ROUTE KFLL..KPIT

TRACK_TIME 1167737286
TRACK A20110117567501 E135 403760 734960 120 30 999 NONE NONE 170
	FP_ROUTE KJFK..KBOS

TRACK_TIME 1167737286
TRACK A20110117567506 B752 264060 800900 120 30 999 NONE NONE 390
	FP_ROUTE KPBI..KEWR

TRACK_TIME 1167737286
TRACK A20110117567507 LJ45 260460 800760 120 30 999 NONE NONE 410
	FP_ROUTE KFLL..KTEB

TRACK_TIME 1167737286
TRACK A20110117567508 A321 373760 1222100 120 30 999 NONE NONE 330
	FP_ROUTE KSFO..KCLT

TRACK_TIME 1167737286
TRACK A20110117567511 CRJ2 333900 842260 120 30 999 NONE NONE 210
	FP_ROUTE KATL..KAVL

TRACK_TIME 1167737286
TRACK A20110117567512 BE9L 393100 1184600 120 30 999 NONE NONE 160
	FP_ROUTE KFLX..KSAC

TRACK_TIME 1167737286
TRACK A20110117567514 B738 421200 832200 120 30 999 NONE NONE 380
	FP_ROUTE KDTW..KATL

TRACK_TIME 1167737286
TRACK A20110117567516 CRJ2 352400 823160 120 30 999 NONE NONE 110
	FP_ROUTE KAVL..KATL

TRACK_TIME 1167737286
TRACK A20110117567518 CRJ2 333900 842200 120 30 999 NONE NONE 300
	FP_ROUTE KATL..KAEX

TRACK_TIME 1167737286
TRACK A20110117567523 BE20 430600 880160 120 30 999 NONE NONE 240
	FP_ROUTE KMWC..KCPS

TRACK_TIME 1167737286
TRACK A20110117567527 BE20 383300 900400 120 30 999 NONE NONE 250
	FP_ROUTE KCPS..KMWC

TRACK_TIME 1167737286
TRACK A20110117567528 B739 360700 1150900 120 30 999 NONE NONE 350
	FP_ROUTE KLAS..KIAH

TRACK_TIME 1167737286
TRACK A20110117567529 E170 395260 1043600 120 30 999 NONE NONE 310
	FP_ROUTE KDEN..KMLI

TRACK_TIME 1167737286
TRACK A20110117567532 E145 295800 952100 120 30 999 NONE NONE 310
	FP_ROUTE KIAH..KMEM

TRACK_TIME 1167737286
TRACK A20110117567538 A320 351200 805560 120 30 999 NONE NONE 330
	FP_ROUTE KCLT..KJFK

TRACK_TIME 1167737286
TRACK A20110117567539 CRJ2 404360 734960 120 30 999 NONE NONE 240
	FP_ROUTE KLGA..KRIC

TRACK_TIME 1167737286
TRACK A20110117567546 A320 324360 1171360 120 30 999 NONE NONE 250
	FP_ROUTE KSAN..KPHX

TRACK_TIME 1167737286
TRACK A20110117567549 BE20 302100 813100 120 30 999 NONE NONE 130
	FP_ROUTE KCRG..KTPF

TRACK_TIME 1167737286
TRACK A20110117567551 B735 403000 801660 120 30 999 NONE NONE 320
	FP_ROUTE KPIT..KMCO

TRACK_TIME 1167737286
TRACK A20110117567552 BE20 275400 822700 120 30 999 NONE NONE 99
	FP_ROUTE KTPF..KCRG

TRACK_TIME 1167737286
TRACK A20110117567553 A319 332560 1115700 120 30 999 NONE NONE 370
	FP_ROUTE KPHX..KDEN

TRACK_TIME 1167737286
TRACK A20110117567557 B737 332560 1115860 120 30 999 NONE NONE 360
	FP_ROUTE KPHX..KSAN

TRACK_TIME 1167737286
TRACK A20110117567565 A319 395200 1043160 120 30 999 NONE NONE 370
	FP_ROUTE KDEN..KTPA

TRACK_TIME 1167737286
TRACK A20110117567566 B737 324500 1171360 120 30 999 NONE NONE 380
	FP_ROUTE KSAN..KSMF

TRACK_TIME 1167737286
TRACK A20110117567567 B738 295700 952100 120 30 999 NONE NONE 370
	FP_ROUTE KIAH..KPHL

TRACK_TIME 1167737286
TRACK A20110117567568 B737 384060 1213460 120 30 999 NONE NONE 360
	FP_ROUTE KSMF..KPDX

TRACK_TIME 1167737286
TRACK A20110117567569 SF34 350160 895800 120 30 999 NONE NONE 230
	FP_ROUTE KMEM..KDTW

TRACK_TIME 1167737286
TRACK A20110117567581 SF34 295800 952100 120 30 999 NONE NONE 150
	FP_ROUTE KIAH..KSHV

TRACK_TIME 1167737286
TRACK A20110117567599 B744 612100 1500460 120 30 999 NONE NONE 350
	FP_ROUTE KANC..KCVG

TRACK_TIME 1167737286
TRACK A20110117567601 AT72 254660 801660 120 30 999 NONE NONE 80
	FP_ROUTE KMIA..KEYW

TRACK_TIME 1167737286
TRACK A20110117567604 E145 412260 815260 120 30 999 NONE NONE 250
	FP_ROUTE KCLE..KPHL

TRACK_TIME 1167737286
TRACK A20110117567605 E145 355260 784660 120 30 999 NONE NONE 220
	FP_ROUTE KRDU..KDCA

TRACK_TIME 1167737286
TRACK A20110117567609 B733 414360 712500 120 30 999 NONE NONE 300
	FP_ROUTE KPVD..KBWI

TRACK_TIME 1167737286
TRACK A20110117567610 B737 395260 751200 120 30 999 NONE NONE 280
	FP_ROUTE KPHL..KRDU

TRACK_TIME 1167737286
TRACK A20110117567611 B733 390760 763760 120 30 999 NONE NONE 340
	FP_ROUTE KBWI..KMCO

TRACK_TIME 1167737286
TRACK A20110117567619 B733 360700 1150900 120 30 999 NONE NONE 320
	FP_ROUTE KLAS..KSJC

TRACK_TIME 1167737286
TRACK A20110117567622 B712 373160 771960 120 30 999 NONE NONE 340
	FP_ROUTE KRIC..KMCO

TRACK_TIME 1167737286
TRACK A20110117567623 B733 372260 1215700 120 30 999 NONE NONE 340
	FP_ROUTE KSJC..KSEA

TRACK_TIME 1167737286
TRACK A20110117567624 DH8C 391000 763700 120 30 999 NONE NONE 41
	FP_ROUTE KBWI..KPHL

TRACK_TIME 1167737286
TRACK A20110117567626 CRJ2 404900 1120000 120 30 999 NONE NONE 340
	FP_ROUTE KSLC..KOAK

TRACK_TIME 1167737286
TRACK A20110117567627 BE20 295560 940000 120 30 999 NONE NONE 200
	FP_ROUTE KBPT..KSAT

TRACK_TIME 1167737286
TRACK A20110117567628 CRJ2 362100 941960 120 30 999 NONE NONE 250
	FP_ROUTE KXNA..KCLT

TRACK_TIME 1167737286
TRACK A20110117567629 BE20 293300 982700 120 30 999 NONE NONE 170
	FP_ROUTE KSAT..KBPT

TRACK_TIME 1167737286
TRACK A20110117567630 SF34 445260 931060 120 30 999 NONE NONE 149
	FP_ROUTE KMSP..KIMT

TRACK_TIME 1167737286
TRACK A20110117567631 B734 611600 1501300 120 30 999 NONE NONE 320
	FP_ROUTE KANC..KOTZ

TRACK_TIME 1167737286
TRACK A20110117567632 B734 664200 1624500 120 30 999 NONE NONE 103
	FP_ROUTE KOTZ..KOME

TRACK_TIME 1167737286
TRACK A20110117567633 SF34 454800 880460 120 30 999 NONE NONE 70
	FP_ROUTE KIMT..KESC

TRACK_TIME 1167737286
TRACK A20110117567636 SF34 454200 870760 120 30 999 NONE NONE 111
	FP_ROUTE KESC..KDTW

TRACK_TIME 1167737286
TRACK A20110117567638 B734 642800 1651000 120 30 999 NONE NONE 350
	FP_ROUTE KOME..KANC

TRACK_TIME 1167737286
TRACK A20110117567642 E135 421200 832200 120 30 999 NONE NONE 250
	FP_ROUTE KDTW..KLGA

TRACK_TIME 1167737286
TRACK A20110117567644 CRJ2 404660 735200 120 30 999 NONE NONE 250
	FP_ROUTE KLGA..KPWM

TRACK_TIME 1167737286
TRACK A20110117567646 CRJ2 333900 842260 120 30 999 NONE NONE 270
	FP_ROUTE KATL..KMDT

TRACK_TIME 1167737286
TRACK A20110117567648 SF34 303600 962200 120 30 999 NONE NONE 60
	FP_ROUTE KCLL..KIAH

TRACK_TIME 1167737286
TRACK A20110117567649 CRJ2 433900 702260 120 30 999 NONE NONE 40
	FP_ROUTE KPWM..KLGA

TRACK_TIME 1167737286
TRACK A20110117567650 A320 422200 710100 120 30 999 NONE NONE 380
	FP_ROUTE KBOS..KTPA

TRACK_TIME 1167737286
TRACK A20110117567651 CRJ2 444200 853000 120 30 999 NONE NONE 120
	FP_ROUTE KTVC..KDTW

TRACK_TIME 1167737286
TRACK A20110117567666 B712 351200 805560 120 30 999 NONE NONE 290
	FP_ROUTE KCLT..KBWI

TRACK_TIME 1167737286
TRACK A20110117567669 E135 381360 854500 120 30 999 NONE NONE 260
	FP_ROUTE KSDF..KMKE

TRACK_TIME 1167737286
TRACK A20110117567672 E145 430600 774200 120 30 999 NONE NONE 200
	FP_ROUTE KROC..KCLE

TRACK_TIME 1167737286
TRACK A20110117567677 E170 445100 931300 120 30 999 NONE NONE 350
	FP_ROUTE KMSP..KIAD

TRACK_TIME 1167737286
TRACK A20110117567679 A321 404800 735200 120 30 999 NONE NONE 280
	FP_ROUTE KLGA..KCLT

TRACK_TIME 1167737286
TRACK A20110117567683 B737 414500 874960 120 30 999 NONE NONE 380
	FP_ROUTE KMDW..KSFO

TRACK_TIME 1167737286
TRACK A20110117567687 CRJ2 364660 1194500 120 30 999 NONE NONE 370
	FP_ROUTE KFAT..KDEN

TRACK_TIME 1167737286
TRACK A20110117567690 B737 333900 1175260 120 30 999 NONE NONE 400
	FP_ROUTE KSNA..KSFO

TRACK_TIME 1167737286
TRACK A20110117567694 AT72 325260 970100 120 30 999 NONE NONE 109
	FP_ROUTE KDFW..KSHV

TRACK_TIME 1167737286
TRACK A20110117567695 FA50 300760 974300 120 30 999 NONE NONE 360
	FP_ROUTE KAUS..KBUR

TRACK_TIME 1167737286
TRACK A20110117567697 B737 325200 965260 120 30 999 NONE NONE 410
	FP_ROUTE KDAL..KBHM

TRACK_TIME 1167737286
TRACK A20110117567701 A320 332560 1120160 120 30 999 NONE NONE 340
	FP_ROUTE KPHX..KSEA

TRACK_TIME 1167737286
TRACK A20110117567707 B733 384300 901600 120 30 999 NONE NONE 330
	FP_ROUTE KSTL..KMCO

TRACK_TIME 1167737286
TRACK A20110117567709 C510 333760 1115400 120 30 999 NONE NONE 340
	FP_ROUTE KSDL..KSMO

TRACK_TIME 1167737286
TRACK A20110117567711 C510 340000 1182860 120 30 999 NONE NONE 330
	FP_ROUTE KSMO..KSDL

TRACK_TIME 1167737286
TRACK A20110117567713 CRJ2 333900 842860 120 30 999 NONE NONE 280
	FP_ROUTE KATL..KBTR

TRACK_TIME 1167737286
TRACK A20110117567716 E145 254800 801600 120 30 999 NONE NONE 370
	FP_ROUTE KMIA..KCVG

TRACK_TIME 1167737286
TRACK A20110117567717 CRJ2 421200 832200 120 30 999 NONE NONE 240
	FP_ROUTE KDTW..KMSN

TRACK_TIME 1167737286
TRACK A20110117567719 A319 422200 710100 120 30 999 NONE NONE 160
	FP_ROUTE KBOS..KLGA

TRACK_TIME 1167737286
TRACK A20110117567723 LJ45 350100 851600 120 30 999 NONE NONE 270
	FP_ROUTE KCHA..KOWB

TRACK_TIME 1167737286
TRACK A20110117567725 B733 325100 965200 120 30 999 NONE NONE 360
	FP_ROUTE KDAL..KLBB

TRACK_TIME 1167737286
TRACK A20110117567727 CRJ9 350300 895860 120 30 999 NONE NONE 330
	FP_ROUTE KMEM..KBOS

TRACK_TIME 1167737286
TRACK A20110117567728 CRJ9 404500 1115800 120 30 999 NONE NONE 360
	FP_ROUTE KSLC..KLGB

TRACK_TIME 1167737286
TRACK A20110117567732 B737 374300 1221360 120 30 999 NONE NONE 410
	FP_ROUTE KOAK..KSAN

TRACK_TIME 1167737286
TRACK A20110117567733 B737 422200 710100 120 30 999 NONE NONE 160
	FP_ROUTE KBOS..KEWR

TRACK_TIME 1167737286
TRACK A20110117567736 B737 324360 1171300 120 30 999 NONE NONE 390
	FP_ROUTE KSAN..KAUS

TRACK_TIME 1167737286
TRACK A20110117567738 B737 300760 973700 120 30 999 NONE NONE 200
	FP_ROUTE KAUS..KDAL

TRACK_TIME 1167737286
TRACK A20110117567745 CRJ2 395200 751600 120 30 999 NONE NONE 320
	FP_ROUTE KPHL..KTYS

TRACK_TIME 1167737286
TRACK A20110117567748 E145 345200 821360 120 30 999 NONE NONE 290
	FP_ROUTE KGSP..KIAD

TRACK_TIME 1167737286
TRACK A20110117567751 B737 324960 964960 120 30 999 NONE NONE 330
	FP_ROUTE KDAL..KLIT

TRACK_TIME 1167737286
TRACK A20110117567753 B712 215860 1591900 120 30 999 NONE NONE 130
	FP_ROUTE KLIH..KHNL

TRACK_TIME 1167737286
TRACK A20110117567756 CRJ1 350300 895860 120 30 999 NONE NONE 290
	FP_ROUTE KMEM..KCVG

TRACK_TIME 1167737286
TRACK A20110117567757 CRJ2 351000 805700 120 30 999 NONE NONE 220
	FP_ROUTE KCLT..KCHA

TRACK_TIME 1167737286
TRACK A20110117567759 B712 333900 842100 120 30 999 NONE NONE 330
	FP_ROUTE KATL..KHPN

TRACK_TIME 1167737286
TRACK A20110117567765 CRJ2 350400 895860 120 30 999 NONE NONE 110
	FP_ROUTE KMEM..KGTR

TRACK_TIME 1167737286
TRACK A20110117567771 E120 373900 1222100 120 30 999 NONE NONE 190
	FP_ROUTE KSFO..KFAT

TRACK_TIME 1167737286
TRACK A20110117567774 E145 295700 952100 120 30 999 NONE NONE 230
	FP_ROUTE KIAH..KGPT

TRACK_TIME 1167737286
TRACK A20110117567776 B733 391060 764300 120 30 999 NONE NONE 331
	FP_ROUTE KBWI..KPVD

TRACK_TIME 1167737286
TRACK A20110117567777 A320 421200 832100 120 30 999 NONE NONE 370
	FP_ROUTE KDTW..KPBI

TRACK_TIME 1167737286
TRACK A20110117567780 E145 315260 1021360 120 30 999 NONE NONE 270
	FP_ROUTE KMAF..KIAH

TRACK_TIME 1167737286
TRACK A20110117567781 E170 333760 842500 120 30 999 NONE NONE 370
	FP_ROUTE KATL..KEWR

TRACK_TIME 1167737286
TRACK A20110117567784 B737 360760 864000 120 30 999 NONE NONE 390
	FP_ROUTE KBNA..KBDL

TRACK_TIME 1167737286
TRACK A20110117567786 B752 360700 1150900 120 30 999 NONE NONE 310
	FP_ROUTE KLAS..KSLC

TRACK_TIME 1167737286
TRACK A20110117567787 B734 611500 1500700 120 30 999 NONE NONE 330
	FP_ROUTE KANC..KJNU

TRACK_TIME 1167737286
TRACK A20110117567788 B734 581900 1342860 120 30 999 NONE NONE 160
	FP_ROUTE KJNU..KSIT

TRACK_TIME 1167737286
TRACK A20110117567789 E120 481060 1034000 120 30 999 NONE NONE 240
	FP_ROUTE KISN..KSHR

TRACK_TIME 1167737286
TRACK A20110117567794 E145 390160 843900 120 30 999 NONE NONE 270
	FP_ROUTE KCVG..KIAD

TRACK_TIME 1167737286
TRACK A20110117567795 E120 444960 1070160 120 30 999 NONE NONE 250
	FP_ROUTE KSHR..KDEN

TRACK_TIME 1167737286
TRACK A20110117567798 E145 295860 951800 120 30 999 NONE NONE 320
	FP_ROUTE KIAH..KAMA

TRACK_TIME 1167737286
TRACK A20110117567799 B733 390900 763900 120 30 999 NONE NONE 340
	FP_ROUTE KBWI..KTPA

TRACK_TIME 1167737286
TRACK A20110117567800 B738 404900 735260 120 30 999 NONE NONE 240
	FP_ROUTE KLGA..KIAH

TRACK_TIME 1167737286
TRACK A20110117567801 B739 275700 823300 120 30 999 NONE NONE 350
	FP_ROUTE KTPA..KEWR

TRACK_TIME 1167737286
TRACK A20110117567804 B752 333760 841960 120 30 999 NONE NONE 370
	FP_ROUTE KATL..KBWI

TRACK_TIME 1167737286
TRACK A20110117567805 B738 295560 951800 120 30 999 NONE NONE 270
	FP_ROUTE KIAH..KMSY

TRACK_TIME 1167737286
TRACK A20110117567813 CRJ2 394060 861960 120 30 999 NONE NONE 120
	FP_ROUTE KIND..KDTW

TRACK_TIME 1167737286
TRACK A20110117567816 CRJ2 421060 832100 120 30 999 NONE NONE 150
	FP_ROUTE KDTW..KDAY

TRACK_TIME 1167737286
TRACK A20110117567831 CRJ2 333760 842860 120 30 999 NONE NONE 300
	FP_ROUTE KATL..KMLU

TRACK_TIME 1167737286
TRACK A20110117567832 B763 211800 1575400 120 30 999 NONE NONE 349
	FP_ROUTE KHNL..KSLC

TRACK_TIME 1167737286
TRACK A20110117567836 B763 611960 1500160 120 30 999 NONE NONE 330
	FP_ROUTE KANC..KSDF

TRACK_TIME 1167737286
TRACK A20110117567837 A320 282560 811800 120 30 999 NONE NONE 370
	FP_ROUTE KMCO..KEWR

TRACK_TIME 1167737286
TRACK A20110117567838 C750 445200 912860 120 30 999 NONE NONE 380
	FP_ROUTE KEAU..KMHK

TRACK_TIME 1167737286
TRACK A20110117567841 A320 264060 800760 120 30 999 NONE NONE 310
	FP_ROUTE KPBI..KBOS

TRACK_TIME 1167737286
TRACK A20110117567842 DH8C 395260 751200 120 30 999 NONE NONE 90
	FP_ROUTE KPHL..KPHF

TRACK_TIME 1167737286
TRACK A20110117567843 C750 425560 875400 120 30 999 NONE NONE 320
	FP_ROUTE KMKE..KJEF

TRACK_TIME 1167737286
TRACK A20110117567848 A319 395200 751660 120 30 999 NONE NONE 141
	FP_ROUTE KPHL..KBUF

TRACK_TIME 1167737286
TRACK A20110117567849 A320 360700 1150900 120 30 999 NONE NONE 220
	FP_ROUTE KLAS..KBUR

TRACK_TIME 1167737286
TRACK A20110117567850 B737 333760 1175260 120 30 999 NONE NONE 400
	FP_ROUTE KSNA..KSEA

TRACK_TIME 1167737286
TRACK A20110117567852 C750 390900 964000 120 30 999 NONE NONE 100
	FP_ROUTE KMHK..KICT

TRACK_TIME 1167737286
TRACK A20110117567857 DH8A 370760 762860 120 30 999 NONE NONE 40
	FP_ROUTE KPHF..KPHL

TRACK_TIME 1167737286
TRACK A20110117567860 C750 373760 972560 120 30 999 NONE NONE 390
	FP_ROUTE KICT..KEAU

TRACK_TIME 1167737286
TRACK A20110117567864 A320 421200 832200 120 30 999 NONE NONE 380
	FP_ROUTE KDTW..KTPA

TRACK_TIME 1167737286
TRACK A20110117567867 CRJ2 205400 1562400 120 30 999 NONE NONE 160
	FP_ROUTE KOGG..KHNL

TRACK_TIME 1167737286
TRACK A20110117567868 DH8C 395400 751360 120 30 999 NONE NONE 120
	FP_ROUTE KPHL..KITH

TRACK_TIME 1167737286
TRACK A20110117567871 B738 295700 952100 120 30 999 NONE NONE 360
	FP_ROUTE KIAH..KSFO

TRACK_TIME 1167737286
TRACK A20110117567873 DH8C 395260 751360 120 30 999 NONE NONE 90
	FP_ROUTE KPHL..KISP

TRACK_TIME 1167737286
TRACK A20110117567874 B752 254800 801600 120 30 999 NONE NONE 390
	FP_ROUTE KMIA..KLGA

TRACK_TIME 1167737286
TRACK A20110117567875 B738 300900 973100 120 30 999 NONE NONE 390
	FP_ROUTE KAUS..KJFK

TRACK_TIME 1167737286
TRACK A20110117567876 DH8C 422400 762800 120 30 999 NONE NONE 41
	FP_ROUTE KITH..KPHL

TRACK_TIME 1167737286
TRACK A20110117567891 B739 295700 952100 120 30 999 NONE NONE 360
	FP_ROUTE KIAH..KSAN

TRACK_TIME 1167737286
TRACK A20110117567895 CRJ1 361600 941800 120 30 999 NONE NONE 330
	FP_ROUTE KXNA..KDTW

TRACK_TIME 1167737286
TRACK A20110117567896 CL60 293900 951660 120 30 999 NONE NONE 200
	FP_ROUTE KHOU..KADS

TRACK_TIME 1167737286
TRACK A20110117567897 B737 324500 1171300 120 30 999 NONE NONE 290
	FP_ROUTE KSAN..KLAS

TRACK_TIME 1167737286
TRACK A20110117567900 B752 182700 655800 120 30 999 NONE NONE 380
	FP_ROUTE KSJU..KJFK

TRACK_TIME 1167737286
TRACK A20110117567902 B737 300000 901800 120 30 999 NONE NONE 380
	FP_ROUTE KMSY..KDEN

TRACK_TIME 1167737286
TRACK A20110117567904 B734 254800 801600 120 30 999 NONE NONE 290
	FP_ROUTE KMIA..KCLT

TRACK_TIME 1167737286
TRACK A20110117567906 B738 403760 735100 120 30 999 NONE NONE 360
	FP_ROUTE KJFK..KSAN

TRACK_TIME 1167737286
TRACK A20110117567908 B712 211900 1575260 120 30 999 NONE NONE 130
	FP_ROUTE KHNL..KOGG

TRACK_TIME 1167737286
TRACK A20110117567909 B737 355400 784600 120 30 999 NONE NONE 290
	FP_ROUTE KRDU..KPHL

TRACK_TIME 1167737286
TRACK A20110117567911 C550 334500 1120100 120 30 999 NONE NONE 240
	FP_ROUTE KDVT..KPGA

TRACK_TIME 1167737286
TRACK A20110117567922 MD82 385400 770460 120 30 999 NONE NONE 340
	FP_ROUTE KDCA..KDFW

TRACK_TIME 1167737286
TRACK A20110117567923 E145 442560 880760 120 30 999 NONE NONE 130
	FP_ROUTE KGRB..KORD

TRACK_TIME 1167737286
TRACK A20110117567927 E170 391660 944300 120 30 999 NONE NONE 360
	FP_ROUTE KMCI..KDEN

TRACK_TIME 1167737286
TRACK A20110117567928 B737 390760 763900 120 30 999 NONE NONE 400
	FP_ROUTE KBWI..KBHM

TRACK_TIME 1167737286
TRACK A20110117567935 CRJ9 350300 895860 120 30 999 NONE NONE 370
	FP_ROUTE KMEM..KCLT

TRACK_TIME 1167737286
TRACK A20110117567938 E190 415860 875200 120 30 999 NONE NONE 370
	FP_ROUTE KORD..KJFK

TRACK_TIME 1167737286
TRACK A20110117567942 CRJ9 324600 1171600 120 30 999 NONE NONE 100
	FP_ROUTE KSAN..KLAX

TRACK_TIME 1167737286
TRACK A20110117567943 B737 425700 712500 120 30 999 NONE NONE 380
	FP_ROUTE KMHT..KLAS

TRACK_TIME 1167737286
TRACK A20110117567945 B738 472560 1221900 120 30 999 NONE NONE 370
	FP_ROUTE KSEA..KMCO

TRACK_TIME 1167737286
TRACK A20110117567947 B712 410600 734500 120 30 999 NONE NONE 280
	FP_ROUTE KHPN..KMCO

TRACK_TIME 1167737286
TRACK A20110117567952 B738 260460 800760 120 30 999 NONE NONE 370
	FP_ROUTE KFLL..KEWR

TRACK_TIME 1167737286
TRACK A20110117567957 E170 430600 774200 120 30 999 NONE NONE 250
	FP_ROUTE KROC..KDCA

TRACK_TIME 1167737286
TRACK A20110117567958 E145 354660 840100 120 30 999 NONE NONE 360
	FP_ROUTE KTYS..KMIA

TRACK_TIME 1167737286
TRACK A20110117567963 B737 341360 1182800 120 30 999 NONE NONE 400
	FP_ROUTE KBUR..KSJC

TRACK_TIME 1167737286
TRACK A20110117567969 B732 211900 1575700 120 30 999 NONE NONE 250
	FP_ROUTE KHNL..KITO

TRACK_TIME 1167737286
TRACK A20110117567971 B753 260460 800760 120 30 999 NONE NONE 360
	FP_ROUTE KFLL..KIAH

TRACK_TIME 1167737286
TRACK A20110117567972 CRJ2 351200 805700 120 30 999 NONE NONE 240
	FP_ROUTE KCLT..KCAK

TRACK_TIME 1167737286
TRACK A20110117567973 B712 390700 763760 120 30 999 NONE NONE 280
	FP_ROUTE KBWI..KMIA

TRACK_TIME 1167737286
TRACK A20110117567979 A319 390760 764000 120 30 999 NONE NONE 380
	FP_ROUTE KBWI..KDEN

TRACK_TIME 1167737286
TRACK A20110117567989 CRJ2 395560 1044060 120 30 999 NONE NONE 260
	FP_ROUTE KDEN..KGEG

TRACK_TIME 1167737286
TRACK A20110117567990 CRJ2 404600 1120000 120 30 999 NONE NONE 320
	FP_ROUTE KSLC..KMSO

TRACK_TIME 1167737286
TRACK A20110117567991 E120 352860 1191060 120 30 999 NONE NONE 80
	FP_ROUTE KBFL..KSFO

TRACK_TIME 1167737286
TRACK A20110117567992 B738 332560 1115860 120 30 999 NONE NONE 380
	FP_ROUTE KPHX..KPDX

TRACK_TIME 1167737286
TRACK A20110117567993 CRJ9 335560 1182700 120 30 999 NONE NONE 290
	FP_ROUTE KLAX..KLAS

TRACK_TIME 1167737286
TRACK A20110117567997 CRJ2 395260 1043400 120 30 999 NONE NONE 330
	FP_ROUTE KDEN..KMLI

TRACK_TIME 1167737286
TRACK A20110117567998 E120 335700 1182700 120 30 999 NONE NONE 120
	FP_ROUTE KLAX..KSMX

TRACK_TIME 1167737286
TRACK A20110117568002 B733 395260 751060 120 30 999 NONE NONE 360
	FP_ROUTE KPHL..KSTL

TRACK_TIME 1167737286
TRACK A20110117568004 B733 384300 901600 120 30 999 NONE NONE 340
	FP_ROUTE KSTL..KDEN

TRACK_TIME 1167737286
TRACK A20110117568005 B733 395100 1044600 120 30 999 NONE NONE 300
	FP_ROUTE KDEN..KSLC

TRACK_TIME 1167737286
TRACK A20110117568011 E120 345500 1202800 120 30 999 NONE NONE 109
	FP_ROUTE KSMX..KLAX

TRACK_TIME 1167737286
TRACK A20110117568013 B752 360600 1150900 120 30 999 NONE NONE 370
	FP_ROUTE KLAS..KDTW

TRACK_TIME 1167737286
TRACK A20110117568017 A319 334300 785560 120 30 999 NONE NONE 370
	FP_ROUTE KMYR..KLGA

TRACK_TIME 1167737286
TRACK A20110117568018 E135 355400 784660 120 30 999 NONE NONE 270
	FP_ROUTE KRDU..KLGA

TRACK_TIME 1167737286
TRACK A20110117568024 CRJ2 415560 875400 120 30 999 NONE NONE 240
	FP_ROUTE KORD..KEAU

TRACK_TIME 1167737286
TRACK A20110117568026 CRJ2 445260 912860 120 30 999 NONE NONE 129
	FP_ROUTE KEAU..KORD

TRACK_TIME 1167737286
TRACK A20110117568027 FA50 300900 920600 120 30 999 NONE NONE 60
	FP_ROUTE KLFT..KHOU

TRACK_TIME 1167737286
TRACK A20110117568035 CRJ2 425700 712560 120 30 999 NONE NONE 40
	FP_ROUTE KMHT..KPHL

TRACK_TIME 1167737286
TRACK A20110117568037 B737 300000 901800 120 30 999 NONE NONE 280
	FP_ROUTE KMSY..KIAH

TRACK_TIME 1167737286
TRACK A20110117568042 B752 333900 842200 120 30 999 NONE NONE 340
	FP_ROUTE KATL..KSLC

TRACK_TIME 1167737286
TRACK A20110117568047 A319 445100 931200 120 30 999 NONE NONE 370
	FP_ROUTE KMSP..KPHL

TRACK_TIME 1167737286
TRACK A20110117568049 B738 404360 740760 120 30 999 NONE NONE 210
	FP_ROUTE KEWR..KBOS

TRACK_TIME 1167737286
TRACK A20110117568052 CRJ2 394960 1044600 120 30 999 NONE NONE 260
	FP_ROUTE KDEN..KGJT

TRACK_TIME 1167737286
TRACK A20110117568057 BE20 401960 755700 120 30 999 NONE NONE 29
	FP_ROUTE KRDG..KESN

TRACK_TIME 1167737286
TRACK A20110117568060 CRJ2 390700 1083400 120 30 999 NONE NONE 250
	FP_ROUTE KGJT..KDEN

TRACK_TIME 1167737286
TRACK A20110117568061 CRJ2 415500 913460 120 30 999 NONE NONE 129
	FP_ROUTE KCID..KORD

TRACK_TIME 1167737286
TRACK A20110117568063 B737 414360 874200 120 30 999 NONE NONE 400
	FP_ROUTE KMDW..KLAX

TRACK_TIME 1167737286
TRACK A20110117568064 B737 335700 1182700 120 30 999 NONE NONE 130
	FP_ROUTE KLAX..KLAS

TRACK_TIME 1167737286
TRACK A20110117568091 DH8A 404360 735100 120 30 999 NONE NONE 200
	FP_ROUTE KLGA..KORF

TRACK_TIME 1167737286
TRACK A20110117568094 A318 333900 842260 120 30 999 NONE NONE 380
	FP_ROUTE KATL..KDEN

TRACK_TIME 1167737286
TRACK A20110117568096 E170 361060 794600 120 30 999 NONE NONE 270
	FP_ROUTE KGSO..KPHL

TRACK_TIME 1167737286
TRACK A20110117568099 B737 360900 864000 120 30 999 NONE NONE 330
	FP_ROUTE KBNA..KMDW

TRACK_TIME 1167737286
TRACK A20110117568101 E135 375800 844060 120 30 999 NONE NONE 340
	FP_ROUTE KLEX..KDFW

TRACK_TIME 1167737286
TRACK A20110117568102 E145 404360 740700 120 30 999 NONE NONE 240
	FP_ROUTE KEWR..KORF

TRACK_TIME 1167737286
TRACK A20110117568104 B738 182700 655800 120 30 999 NONE NONE 300
	FP_ROUTE KSJU..KMIA

TRACK_TIME 1167737286
TRACK A20110117568106 E145 325500 970300 120 30 999 NONE NONE 250
	FP_ROUTE KDFW..KHOU

TRACK_TIME 1167737286
TRACK A20110117568109 B739 472500 1221900 120 30 999 NONE NONE 360
	FP_ROUTE KSEA..KANC

TRACK_TIME 1167737286
TRACK A20110117568113 E170 404960 735260 120 30 999 NONE NONE 360
	FP_ROUTE KLGA..KBNA

TRACK_TIME 1167737286
TRACK A20110117568114 E120 335700 1182700 120 30 999 NONE NONE 94
	FP_ROUTE KLAX..KIYK

TRACK_TIME 1167737286
TRACK A20110117568121 MD83 360700 1150900 120 30 999 NONE NONE 320
	FP_ROUTE KLAS..KBLI

TRACK_TIME 1167737286
TRACK A20110117568124 B738 385200 770300 120 30 999 NONE NONE 380
	FP_ROUTE KDCA..KMIA

TRACK_TIME 1167737286
TRACK A20110117568125 MD83 483100 1224500 120 30 999 NONE NONE 100
	FP_ROUTE KLAS..KSEA

TRACK_TIME 1167737286
TRACK A20110117568126 C560 453460 1223460 120 30 999 NONE NONE 120
	FP_ROUTE KPDX..KHQM

TRACK_TIME 1167737286
TRACK A20110117568127 CRJ2 404900 735200 120 30 999 NONE NONE 280
	FP_ROUTE KLGA..KCLT

TRACK_TIME 1167737286
TRACK A20110117568133 B737 333760 842260 120 30 999 NONE NONE 390
	FP_ROUTE KATL..KJFK

TRACK_TIME 1167737286
TRACK A20110117568134 C560 465700 1240000 120 30 999 NONE NONE 170
	FP_ROUTE KHQM..KPDX

TRACK_TIME 1167737286
TRACK A20110117568141 B734 611660 1500460 120 30 999 NONE NONE 340
	FP_ROUTE KANC..KFAI

TRACK_TIME 1167737286
TRACK A20110117568144 C560 453600 1223700 120 30 999 NONE NONE 410
	FP_ROUTE KPDX..KSUN

TRACK_TIME 1167737286
TRACK A20110117568145 B737 324360 1171300 120 30 999 NONE NONE 330
	FP_ROUTE KSAN..KPHX

TRACK_TIME 1167737286
TRACK A20110117568147 B737 414600 874660 120 30 999 NONE NONE 380
	FP_ROUTE KMDW..KLAS

TRACK_TIME 1167737286
TRACK A20110117568148 B734 472560 1221900 120 30 999 NONE NONE 350
	FP_ROUTE KSEA..KSMF

TRACK_TIME 1167737286
TRACK A20110117568150 B737 414900 874600 120 30 999 NONE NONE 330
	FP_ROUTE KMDW..KCLE

TRACK_TIME 1167737286
TRACK A20110117568151 E170 394960 1043760 120 30 999 NONE NONE 290
	FP_ROUTE KDEN..KICT

TRACK_TIME 1167737286
TRACK A20110117568161 E170 415800 875100 120 30 999 NONE NONE 330
	FP_ROUTE KORD..KRDU

TRACK_TIME 1167737286
TRACK A20110117568163 B752 333900 842860 120 30 999 NONE NONE 340
	FP_ROUTE KATL..KORD

TRACK_TIME 1167737286
TRACK A20110117568167 CRJ2 382200 813900 120 30 999 NONE NONE 150
	FP_ROUTE KCRW..KDTW

TRACK_TIME 1167737286
TRACK A20110117568179 E145 415800 874960 120 30 999 NONE NONE 330
	FP_ROUTE KORD..KGSO

TRACK_TIME 1167737286
TRACK A20110117568181 B737 324500 1171360 120 30 999 NONE NONE 290
	FP_ROUTE KSAN..KLAS

TRACK_TIME 1167737286
TRACK A20110117568182 B737 445400 931800 120 30 999 NONE NONE 310
	FP_ROUTE KMSP..KMDW

TRACK_TIME 1167737286
TRACK A20110117568186 A320 282400 811800 120 30 999 NONE NONE 370
	FP_ROUTE KMCO..KSJU

TRACK_TIME 1167737286
TRACK A20110117568190 A319 300000 901500 120 30 999 NONE NONE 340
	FP_ROUTE KMSY..KDEN

TRACK_TIME 1167737286
TRACK A20110117568191 B737 333760 1175260 120 30 999 NONE NONE 380
	FP_ROUTE KSNA..KSMF

TRACK_TIME 1167737286
TRACK A20110117568192 B737 384000 1213400 120 30 999 NONE NONE 350
	FP_ROUTE KSMF..KDEN

TRACK_TIME 1167737286
TRACK A20110117568195 B737 395560 1044000 120 30 999 NONE NONE 370
	FP_ROUTE KDEN..KFLL

TRACK_TIME 1167737286
TRACK A20110117568196 CRJ9 350300 895860 120 30 999 NONE NONE 360
	FP_ROUTE KMEM..KMCI

TRACK_TIME 1167737286
TRACK A20110117568197 CRJ9 333700 864300 120 30 999 NONE NONE 220
	FP_ROUTE KBHM..KCVG

TRACK_TIME 1167737286
TRACK A20110117568198 DH8A 604900 1611500 120 30 999 NONE NONE 170
	FP_ROUTE KBET..KANC

TRACK_TIME 1167737286
TRACK A20110117568201 B739 254800 801500 120 30 999 NONE NONE 350
	FP_ROUTE KMIA..KEWR

TRACK_TIME 1167737286
TRACK A20110117568203 SW4 332560 1120300 120 30 999 NONE NONE 190
	FP_ROUTE KPHX..KDFW

TRACK_TIME 1167737286
TRACK A20110117568206 MD82 350300 895860 120 30 999 NONE NONE 50
	FP_ROUTE KMEM..KDFW

TRACK_TIME 1167737286
TRACK A20110117568208 B712 211900 1575700 120 30 999 NONE NONE 130
	FP_ROUTE KHNL..KOGG

TRACK_TIME 1167737286
TRACK A20110117568210 MD82 325260 970300 120 30 999 NONE NONE 320
	FP_ROUTE KDFW..KRNO

TRACK_TIME 1167737286
TRACK A20110117568212 DH8D 404300 740760 120 30 999 NONE NONE 220
	FP_ROUTE KEWR..KRDU

TRACK_TIME 1167737286
TRACK A20110117568213 B738 324960 970160 120 30 999 NONE NONE 390
	FP_ROUTE KDFW..KATL

TRACK_TIME 1167737286
TRACK A20110117568215 SF34 385700 773000 120 30 999 NONE NONE 120
	FP_ROUTE KIAD..KCRW

TRACK_TIME 1167737286
TRACK A20110117568217 A320 394960 1044500 120 30 999 NONE NONE 360
	FP_ROUTE KDEN..KLAX

TRACK_TIME 1167737286
TRACK A20110117568219 A321 421200 832200 120 30 999 NONE NONE 380
	FP_ROUTE KDTW..KFLL

TRACK_TIME 1167737286
TRACK A20110117568222 MD83 352200 973700 120 30 999 NONE NONE 230
	FP_ROUTE KOKC..KDFW

TRACK_TIME 1167737286
TRACK A20110117568224 A320 395700 1043760 120 30 999 NONE NONE 350
	FP_ROUTE KDEN..KBOS

TRACK_TIME 1167737286
TRACK A20110117568227 B739 295700 951960 120 30 999 NONE NONE 350
	FP_ROUTE KIAH..KPBI

TRACK_TIME 1167737286
TRACK A20110117568230 CRJ2 333700 842860 120 30 999 NONE NONE 250
	FP_ROUTE KATL..KMYR

TRACK_TIME 1167737286
TRACK A20110117568232 B712 391000 764300 120 30 999 NONE NONE 317
	FP_ROUTE KBWI..KCLT

TRACK_TIME 1167737286
TRACK A20110117568237 C750 291200 810100 120 30 999 NONE NONE 430
	FP_ROUTE KDAB..KLUK

TRACK_TIME 1167737286
TRACK A20110117568246 LJ45 401500 825860 120 30 999 NONE NONE 430
	FP_ROUTE KDLZ..KSUA

TRACK_TIME 1167737286
TRACK A20110117568247 A320 404900 1120000 120 30 999 NONE NONE 360
	FP_ROUTE KSLC..KSAN

TRACK_TIME 1167737286
TRACK A20110117568249 C750 390460 842500 120 30 999 NONE NONE 380
	FP_ROUTE KLUK..KDYA

TRACK_TIME 1167737286
TRACK A20110117568253 C750 322800 875500 120 30 999 NONE NONE 449
	FP_ROUTE KDYA..KMKY

TRACK_TIME 1167737286
TRACK A20110117568255 B737 412400 815260 120 30 999 NONE NONE 400
	FP_ROUTE KCLE..KIAH

TRACK_TIME 1167737286
TRACK A20110117568256 B738 355400 784660 120 30 999 NONE NONE 380
	FP_ROUTE KRDU..KDFW

TRACK_TIME 1167737286
TRACK A20110117568257 DH8D 404360 740700 120 30 999 NONE NONE 220
	FP_ROUTE KEWR..KPIT

TRACK_TIME 1167737286
TRACK A20110117568260 DH8D 402860 801200 120 30 999 NONE NONE 170
	FP_ROUTE KPIT..KEWR

TRACK_TIME 1167737286
TRACK A20110117568264 B739 404360 740760 120 30 999 NONE NONE 360
	FP_ROUTE KEWR..KDEN

TRACK_TIME 1167737286
TRACK A20110117568269 B712 215860 1591900 120 30 999 NONE NONE 130
	FP_ROUTE KLIH..KHNL

TRACK_TIME 1167737286
TRACK A20110117568270 A320 341060 1182200 120 30 999 NONE NONE 240
	FP_ROUTE KBUR..KLAS

TRACK_TIME 1167737286
TRACK A20110117568272 MD83 375260 1211000 120 30 999 NONE NONE 270
	FP_ROUTE KSCK..KLAS

TRACK_TIME 1167737286
TRACK A20110117568274 B735 393300 1194660 120 30 999 NONE NONE 350
	FP_ROUTE KRNO..KPHX

TRACK_TIME 1167737286
TRACK A20110117568275 B738 254800 801900 120 30 999 NONE NONE 390
	FP_ROUTE KMIA..KLGA

TRACK_TIME 1167737286
TRACK A20110117568276 B735 332560 1120300 120 30 999 NONE NONE 310
	FP_ROUTE KPHX..KDEN

TRACK_TIME 1167737286
TRACK A20110117568277 E145 404300 740760 120 30 999 NONE NONE 200
	FP_ROUTE KEWR..KDCA

TRACK_TIME 1167737286
TRACK A20110117568279 CRJ2 395200 751660 120 30 999 NONE NONE 80
	FP_ROUTE KPHL..KLGA

TRACK_TIME 1167737286
TRACK A20110117568281 CRJ1 412400 815200 120 30 999 NONE NONE 120
	FP_ROUTE KCLE..KDTW

TRACK_TIME 1167737286
TRACK A20110117568289 E170 421200 832100 120 30 999 NONE NONE 280
	FP_ROUTE KDTW..KSDF

TRACK_TIME 1167737286
TRACK A20110117568294 CRJ2 390300 844060 120 30 999 NONE NONE 220
	FP_ROUTE KCVG..KSBN

TRACK_TIME 1167737286
TRACK A20110117568298 B735 295700 952100 120 30 999 NONE NONE 330
	FP_ROUTE KIAH..KMSY

TRACK_TIME 1167737286
TRACK A20110117568301 E135 415800 875200 120 30 999 NONE NONE 370
	FP_ROUTE KORD..KCRW

TRACK_TIME 1167737286
TRACK A20110117568313 BE9L 412400 902860 120 30 999 NONE NONE 260
	FP_ROUTE KMLI..KMQB

TRACK_TIME 1167737286
TRACK A20110117568314 B738 264060 800100 120 30 999 NONE NONE 390
	FP_ROUTE KPBI..KEWR

TRACK_TIME 1167737286
TRACK A20110117568317 E145 465560 964900 120 30 999 NONE NONE 340
	FP_ROUTE KFAR..KDEN

TRACK_TIME 1167737286
TRACK A20110117568319 A319 332560 1115700 120 30 999 NONE NONE 340
	FP_ROUTE KPHX..KBOI

TRACK_TIME 1167737286
TRACK A20110117568323 B738 300460 973600 120 30 999 NONE NONE 370
	FP_ROUTE KAUS..KATL

TRACK_TIME 1167737286
TRACK A20110117568326 DH8A 404600 735100 120 30 999 NONE NONE 121
	FP_ROUTE KLGA..KITH

TRACK_TIME 1167737286
TRACK A20110117568332 B737 422200 705860 120 30 999 NONE NONE 280
	FP_ROUTE KBOS..KPHL

TRACK_TIME 1167737286
TRACK A20110117568334 B733 332560 1115860 120 30 999 NONE NONE 350
	FP_ROUTE KPHX..KMCI

TRACK_TIME 1167737286
TRACK A20110117568336 B733 391360 944360 120 30 999 NONE NONE 370
	FP_ROUTE KMCI..KMCO

TRACK_TIME 1167737286
TRACK A20110117568337 E145 254800 801360 120 30 999 NONE NONE 370
	FP_ROUTE KMIA..KGSO

TRACK_TIME 1167737286
TRACK A20110117568338 CRJ1 390160 843900 120 30 999 NONE NONE 290
	FP_ROUTE KCVG..KEWR

TRACK_TIME 1167737286
TRACK A20110117568342 B737 395260 751200 120 30 999 NONE NONE 380
	FP_ROUTE KPHL..KTPA

TRACK_TIME 1167737286
TRACK A20110117568350 C750 335200 1163300 120 30 999 NONE NONE 430
	FP_ROUTE KPSP..KUGN

TRACK_TIME 1167737286
TRACK A20110117568353 C750 422260 875100 120 30 999 NONE NONE 70
	FP_ROUTE KUGN..KMKE

TRACK_TIME 1167737286
TRACK A20110117568355 B737 395260 751200 120 30 999 NONE NONE 330
	FP_ROUTE KPHL..KMHT

TRACK_TIME 1167737286
TRACK A20110117568357 E120 364660 1194360 120 30 999 NONE NONE 250
	FP_ROUTE KFAT..KLAS

TRACK_TIME 1167737286
TRACK A20110117568358 E120 360600 1150900 120 30 999 NONE NONE 240
	FP_ROUTE KLAS..KFAT

TRACK_TIME 1167737286
TRACK A20110117568372 B737 425700 712500 120 30 999 NONE NONE 380
	FP_ROUTE KMHT..KTPA

TRACK_TIME 1167737286
TRACK A20110117568379 E170 415860 875260 120 30 999 NONE NONE 280
	FP_ROUTE KORD..KMSP

TRACK_TIME 1167737286
TRACK A20110117568380 E170 445400 931360 120 30 999 NONE NONE 290
	FP_ROUTE KMSP..KORD

TRACK_TIME 1167737286
TRACK A20110117568399 B752 282400 811800 120 30 999 NONE NONE 350
	FP_ROUTE KMCO..KATL

TRACK_TIME 1167737286
TRACK A20110117568403 B737 414600 874660 120 30 999 NONE NONE 380
	FP_ROUTE KMDW..KLAX

TRACK_TIME 1167737286
TRACK A20110117568405 CRJ2 433900 702200 120 30 999 NONE NONE 280
	FP_ROUTE KPWM..KDTW

TRACK_TIME 1167737286
TRACK A20110117568407 B752 404600 1115800 120 30 999 NONE NONE 390
	FP_ROUTE KSLC..KATL

TRACK_TIME 1167737286
TRACK A20110117568408 CRJ2 421200 832100 120 30 999 NONE NONE 270
	FP_ROUTE KDTW..KALB

TRACK_TIME 1167737286
TRACK A20110117568410 MD83 402860 1050100 120 30 999 NONE NONE 320
	FP_ROUTE KFNL..KIWA

TRACK_TIME 1167737286
TRACK A20110117568412 A320 335560 1182700 120 30 999 NONE NONE 350
	FP_ROUTE KLAX..KMEM

TRACK_TIME 1167737286
TRACK A20110117568416 F2TH 360600 1150900 120 30 999 NONE NONE 260
	FP_ROUTE KLAS..KLAX

TRACK_TIME 1167737286
TRACK A20110117568417 F2TH 335560 1182500 120 30 999 NONE NONE 250
	FP_ROUTE KLAX..KLAS

TRACK_TIME 1167737286
TRACK A20110117568419 CRJ2 332560 1120160 120 30 999 NONE NONE 80
	FP_ROUTE KPHX..KNYL

TRACK_TIME 1167737286
TRACK A20110117568421 MD83 350160 1063700 120 30 999 NONE NONE 330
	FP_ROUTE KABQ..KDFW

TRACK_TIME 1167737286
TRACK A20110117568422 B744 335560 1182800 120 30 999 NONE NONE 340
	FP_ROUTE KLAX..KZBAA

TRACK_TIME 1167737286
TRACK A20110117568429 B734 334660 843100 120 30 999 NONE NONE 240
	FP_ROUTE KDCA..KSAV

TRACK_TIME 1167737286
TRACK A20110117568430 CRJ2 341800 801800 120 30 999 NONE NONE 270
	FP_ROUTE KCAE..KIAD

TRACK_TIME 1167737286
TRACK A20110117568431 CRJ2 385260 772700 120 30 999 NONE NONE 320
	FP_ROUTE KIAD..KCAE

TRACK_TIME 1167737286
TRACK A20110117568436 CRJ2 301360 915700 120 30 999 NONE NONE 290
	FP_ROUTE KLFT..KATL

TRACK_TIME 1167737286
TRACK A20110117568440 DH8D 472700 1221800 120 30 999 NONE NONE 190
	FP_ROUTE KSEA..KGEG

TRACK_TIME 1167737286
TRACK A20110117568441 A319 332560 1120160 120 30 999 NONE NONE 340
	FP_ROUTE KPHX..KBUR

TRACK_TIME 1167737286
TRACK A20110117568443 A320 332560 1120160 120 30 999 NONE NONE 340
	FP_ROUTE KPHX..KSMF

TRACK_TIME 1167737286
TRACK A20110117568444 B734 385260 770400 120 30 999 NONE NONE 260
	FP_ROUTE KDCA..KMCO

TRACK_TIME 1167737286
TRACK A20110117568446 E170 395200 1043460 120 30 999 NONE NONE 350
	FP_ROUTE KDEN..KHOU

TRACK_TIME 1167737286
TRACK A20110117568456 B752 333900 842200 120 30 999 NONE NONE 380
	FP_ROUTE KATL..KSAN

TRACK_TIME 1167737286
TRACK A20110117568457 B738 360700 1150900 120 30 999 NONE NONE 370
	FP_ROUTE KLAS..KCLE

TRACK_TIME 1167737286
TRACK A20110117568458 CRJ2 391500 944300 120 30 999 NONE NONE 290
	FP_ROUTE KMCI..KCVG

TRACK_TIME 1167737286
TRACK A20110117568471 A319 373760 1222200 120 30 999 NONE NONE 290
	FP_ROUTE KSFO..KLAS

TRACK_TIME 1167737286
TRACK A20110117568474 B737 414600 874600 120 30 999 NONE NONE 380
	FP_ROUTE KMDW..KLAS

TRACK_TIME 1167737286
TRACK A20110117568478 C560 345400 821960 120 30 999 NONE NONE 300
	FP_ROUTE KGMU..KPAH

TRACK_TIME 1167737286
TRACK A20110117568481 BE9L 302260 885100 120 30 999 NONE NONE 80
	FP_ROUTE KPQL..KMSY

TRACK_TIME 1167737286
TRACK A20110117568488 E135 395860 824960 120 30 999 NONE NONE 310
	FP_ROUTE KCMH..KJFK

TRACK_TIME 1167737286
TRACK A20110117568489 E145 373160 772100 120 30 999 NONE NONE 300
	FP_ROUTE KRIC..KORD

TRACK_TIME 1167737286
TRACK A20110117568492 C750 211600 1575200 120 30 999 NONE NONE 430
	FP_ROUTE KHNL..KCMA

TRACK_TIME 1167737286
TRACK A20110117568497 MD82 282500 811900 120 30 999 NONE NONE 300
	FP_ROUTE KMCO..KDFW

TRACK_TIME 1167737286
TRACK A20110117568499 CRJ1 373160 771960 120 30 999 NONE NONE 320
	FP_ROUTE KRIC..KDTW

TRACK_TIME 1167737286
TRACK A20110117568501 BE9L 300000 901800 120 30 999 NONE NONE 170
	FP_ROUTE KMSY..KUOX

TRACK_TIME 1167737286
TRACK A20110117568507 C560 335400 841660 120 30 999 NONE NONE 410
	FP_ROUTE KPDK..K07FA

TRACK_TIME 1167737286
TRACK A20110117568511 B738 282500 811900 120 30 999 NONE NONE 370
	FP_ROUTE KMCO..KCLE

TRACK_TIME 1167737286
TRACK A20110117568512 C560 253900 802700 120 30 999 NONE NONE 390
	FP_ROUTE KTMB..KPDK

TRACK_TIME 1167737286
TRACK A20110117568523 B734 282560 811800 120 30 999 NONE NONE 290
	FP_ROUTE KMCO..KDCA

TRACK_TIME 1167737286
TRACK A20110117568527 A320 360700 1150900 120 30 999 NONE NONE 350
	FP_ROUTE KLAS..KMSP

TRACK_TIME 1167737286
TRACK A20110117568528 CRJ1 390160 843900 120 30 999 NONE NONE 270
	FP_ROUTE KCVG..KRIC

TRACK_TIME 1167737286
TRACK A20110117568530 B733 403000 801000 120 30 999 NONE NONE 320
	FP_ROUTE KPIT..KMDW

TRACK_TIME 1167737286
TRACK A20110117568532 CRJ2 395260 751060 120 30 999 NONE NONE 110
	FP_ROUTE KPHL..KALB

TRACK_TIME 1167737286
TRACK A20110117568534 B752 333760 842800 120 30 999 NONE NONE 370
	FP_ROUTE KATL..KFLL

TRACK_TIME 1167737286
TRACK A20110117568537 CRJ2 424800 734900 120 30 999 NONE NONE 101
	FP_ROUTE KALB..KPHL

TRACK_TIME 1167737286
TRACK A20110117568545 A320 421200 832200 120 30 999 NONE NONE 41
	FP_ROUTE KDTW..KORD

TRACK_TIME 1167737286
TRACK A20110117568553 A320 394900 1043760 120 30 999 NONE NONE 350
	FP_ROUTE KDEN..KICT

TRACK_TIME 1167737286
TRACK A20110117568554 B712 211900 1575700 120 30 999 NONE NONE 130
	FP_ROUTE KHNL..KOGG

TRACK_TIME 1167737286
TRACK A20110117568559 A320 403600 734800 120 30 999 NONE NONE 360
	FP_ROUTE KJFK..KMCO

TRACK_TIME 1167737286
TRACK A20110117568561 B739 260460 800760 120 30 999 NONE NONE 350
	FP_ROUTE KFLL..KEWR

TRACK_TIME 1167737286
TRACK A20110117568562 B739 264060 800100 120 30 999 NONE NONE 350
	FP_ROUTE KPBI..KEWR

TRACK_TIME 1167737286
TRACK A20110117568563 B737 333400 864500 120 30 999 NONE NONE 400
	FP_ROUTE KBHM..KHOU

TRACK_TIME 1167737286
TRACK A20110117568564 B737 360700 1150900 120 30 999 NONE NONE 200
	FP_ROUTE KLAS..KBUR

TRACK_TIME 1167737286
TRACK A20110117568565 B737 293900 951800 120 30 999 NONE NONE 400
	FP_ROUTE KHOU..KMAF

TRACK_TIME 1167737286
TRACK A20110117568568 BE20 403000 911960 120 30 999 NONE NONE 150
	FP_ROUTE KEOK..KDPA

TRACK_TIME 1167737286
TRACK A20110117568569 BE20 415260 881600 120 30 999 NONE NONE 200
	FP_ROUTE KDPA..KEOK

TRACK_TIME 1167737286
TRACK A20110117568579 B737 385200 770300 120 30 999 NONE NONE 400
	FP_ROUTE KDCA..KIAH

TRACK_TIME 1167737286
TRACK A20110117568589 A319 420000 875100 120 30 999 NONE NONE 390
	FP_ROUTE KORD..KPVD

TRACK_TIME 1167737286
TRACK A20110117568592 CRJ2 403760 734960 120 30 999 NONE NONE 260
	FP_ROUTE KJFK..KPIT

TRACK_TIME 1167737286
TRACK A20110117568599 E170 394360 861660 120 30 999 NONE NONE 360
	FP_ROUTE KIND..KDEN

TRACK_TIME 1167737286
TRACK A20110117568602 CRJ2 333900 842260 120 30 999 NONE NONE 250
	FP_ROUTE KATL..KMDT

TRACK_TIME 1167737286
TRACK A20110117568606 CRJ2 350460 900000 120 30 999 NONE NONE 290
	FP_ROUTE KMEM..KMSN

TRACK_TIME 1167737286
TRACK A20110117568608 CRJ2 401200 764200 120 30 999 NONE NONE 280
	FP_ROUTE KMDT..KATL

TRACK_TIME 1167737286
TRACK A20110117568613 E145 414500 712500 120 30 999 NONE NONE 260
	FP_ROUTE KPVD..KIAD

TRACK_TIME 1167737286
TRACK A20110117568614 CRJ9 445260 930700 120 30 999 NONE NONE 370
	FP_ROUTE KMSP..KCMH

TRACK_TIME 1167737286
TRACK A20110117568620 B733 300000 901800 120 30 999 NONE NONE 340
	FP_ROUTE KMSY..KDAL

TRACK_TIME 1167737286
TRACK A20110117568623 CRJ2 215860 1591900 120 30 999 NONE NONE 150
	FP_ROUTE KLIH..KHNL

TRACK_TIME 1167737286
TRACK A20110117568625 B762 295800 951960 120 30 999 NONE NONE 340
	FP_ROUTE KIAH..KHRL

TRACK_TIME 1167737286
TRACK A20110117568626 B733 325260 965260 120 30 999 NONE NONE 350
	FP_ROUTE KDAL..KSTL

TRACK_TIME 1167737286
TRACK A20110117568627 SF34 585800 1581800 120 30 999 NONE NONE 70
	FP_ROUTE KDLG..KAKN

TRACK_TIME 1167737286
TRACK A20110117568628 DH8D 472560 1221800 120 30 999 NONE NONE 60
	FP_ROUTE KSEA..KPDX

TRACK_TIME 1167737286
TRACK A20110117568629 B738 644200 1480900 120 30 999 NONE NONE 350
	FP_ROUTE KFAI..KANC

TRACK_TIME 1167737286
TRACK A20110117568630 A320 385260 770400 120 30 999 NONE NONE 120
	FP_ROUTE KDCA..KDTW

TRACK_TIME 1167737286
TRACK A20110117568637 B738 332560 1120160 120 30 999 NONE NONE 360
	FP_ROUTE KPHX..KSEA

TRACK_TIME 1167737286
TRACK A20110117568640 C560 414660 874360 120 30 999 NONE NONE 390
	FP_ROUTE KMDW..KSBY

TRACK_TIME 1167737286
TRACK A20110117568643 C560 382100 753000 120 30 999 NONE NONE 280
	FP_ROUTE KSBY..KJQF

TRACK_TIME 1167737286
TRACK A20110117568652 A319 391600 945700 120 30 999 NONE NONE 360
	FP_ROUTE KMCI..KPHX

TRACK_TIME 1167737286
TRACK A20110117568653 B752 415800 875100 120 30 999 NONE NONE 350
	FP_ROUTE KORD..KMIA

TRACK_TIME 1167737286
TRACK A20110117568654 E190 293300 983000 120 30 999 NONE NONE 370
	FP_ROUTE KSAT..KMKE

TRACK_TIME 1167737286
TRACK A20110117568656 A319 332560 1115860 120 30 999 NONE NONE 280
	FP_ROUTE KPHX..KLAS

TRACK_TIME 1167737286
TRACK A20110117568658 CRJ2 350100 895860 120 30 999 NONE NONE 270
	FP_ROUTE KMEM..KLEX

TRACK_TIME 1167737286
TRACK A20110117568659 CRJ2 352500 894000 120 30 999 NONE NONE 280
	FP_ROUTE KLEX..KMEM

TRACK_TIME 1167737286
TRACK A20110117568662 CRJ2 444960 931200 120 30 999 NONE NONE 310
	FP_ROUTE KMSP..KFNT

TRACK_TIME 1167737286
TRACK A20110117568664 B752 403700 735260 120 30 999 NONE NONE 380
	FP_ROUTE KJFK..KATL

TRACK_TIME 1167737286
TRACK A20110117568665 E145 333160 960460 120 30 999 NONE NONE 109
	FP_ROUTE KLIT..KDFW

TRACK_TIME 1167737286
TRACK A20110117568667 CRJ2 440300 1030400 120 30 999 NONE NONE 300
	FP_ROUTE KRAP..KDEN

TRACK_TIME 1167737286
TRACK A20110117568668 AT72 343400 982500 120 30 999 NONE NONE 49
	FP_ROUTE KLAW..KDFW

TRACK_TIME 1167737286
TRACK A20110117568673 B737 360900 863900 120 30 999 NONE NONE 330
	FP_ROUTE KBNA..KRDU

TRACK_TIME 1167737286
TRACK A20110117568674 B733 301800 973460 120 30 999 NONE NONE 200
	FP_ROUTE KAUS..KDAL

TRACK_TIME 1167737286
TRACK A20110117568682 B762 335560 1182560 120 30 999 NONE NONE 389
	FP_ROUTE KLAX..KJFK

TRACK_TIME 1167737286
TRACK A20110117568686 C750 330700 1171800 120 30 999 NONE NONE 80
	FP_ROUTE KCRQ..KLAX

TRACK_TIME 1167737286
TRACK A20110117568693 E145 295700 952100 120 30 999 NONE NONE 180
	FP_ROUTE KIAH..KGRK

TRACK_TIME 1167737286
TRACK A20110117568699 A319 335560 1182700 120 30 999 NONE NONE 390
	FP_ROUTE KLAX..KDEN

TRACK_TIME 1167737286
TRACK A20110117568700 E190 385700 773000 120 30 999 NONE NONE 170
	FP_ROUTE KIAD..KJFK

TRACK_TIME 1167737286
TRACK A20110117568706 E145 344300 921500 120 30 999 NONE NONE 260
	FP_ROUTE KLIT..KIAH

TRACK_TIME 1167737286
TRACK A20110117568711 E145 390160 844000 120 30 999 NONE NONE 360
	FP_ROUTE KCVG..KIAH

TRACK_TIME 1167737286
TRACK A20110117568716 B738 325560 970160 120 30 999 NONE NONE 390
	FP_ROUTE KDFW..KRSW

TRACK_TIME 1167737286
TRACK A20110117568721 B737 275800 823300 120 30 999 NONE NONE 340
	FP_ROUTE KTPA..KAUS

TRACK_TIME 1167737286
TRACK A20110117568723 CRJ9 351360 805560 120 30 999 NONE NONE 230
	FP_ROUTE KCLT..KRIC

TRACK_TIME 1167737286
TRACK A20110117568724 B733 384000 1213400 120 30 999 NONE NONE 360
	FP_ROUTE KSMF..KPDX

TRACK_TIME 1167737286
TRACK A20110117568727 A321 332560 1115860 120 30 999 NONE NONE 290
	FP_ROUTE KPHX..KPHL

TRACK_TIME 1167737286
TRACK A20110117568733 A319 395200 1043400 120 30 999 NONE NONE 370
	FP_ROUTE KDEN..KATL

TRACK_TIME 1167737286
TRACK A20110117568742 E135 325200 970300 120 30 999 NONE NONE 300
	FP_ROUTE KDFW..KAMA

TRACK_TIME 1167737286
TRACK A20110117568747 MD82 422260 962100 120 30 999 NONE NONE 330
	FP_ROUTE KSUX..KCAK

TRACK_TIME 1167737286
TRACK A20110117568748 LJ35 433460 1104500 120 30 999 NONE NONE 380
	FP_ROUTE KJAC..KVNY

TRACK_TIME 1167737286
TRACK A20110117568752 B737 425700 784300 120 30 999 NONE NONE 360
	FP_ROUTE KBUF..KMDW

TRACK_TIME 1167737286
TRACK A20110117568753 B737 414600 874300 120 30 999 NONE NONE 380
	FP_ROUTE KMDW..KPHX

TRACK_TIME 1167737286
TRACK A20110117568755 MD83 324500 1171360 120 30 999 NONE NONE 330
	FP_ROUTE KSAN..KDFW

TRACK_TIME 1167737286
TRACK A20110117568756 C560 294000 951800 120 30 999 NONE NONE 400
	FP_ROUTE KHOU..KCRQ

TRACK_TIME 1167737286
TRACK A20110117568757 B737 332560 1120160 120 30 999 NONE NONE 350
	FP_ROUTE KPHX..KPIT

TRACK_TIME 1167737286
TRACK A20110117568759 B752 333760 842260 120 30 999 NONE NONE 390
	FP_ROUTE KATL..KMCO

TRACK_TIME 1167737286
TRACK A20110117568761 B737 360600 864060 120 30 999 NONE NONE 90
	FP_ROUTE KBNA..KMDW

TRACK_TIME 1167737286
TRACK A20110117568762 BE20 355700 940700 120 30 999 NONE NONE 130
	FP_ROUTE KFYV..KLIT

TRACK_TIME 1167737286
TRACK A20110117568769 B752 402860 1071300 120 30 999 NONE NONE 370
	FP_ROUTE KHDN..KDFW

TRACK_TIME 1167737286
TRACK A20110117568770 B733 335700 1182860 120 30 999 NONE NONE 350
	FP_ROUTE KLAX..KABQ

TRACK_TIME 1167737286
TRACK A20110117568772 B737 282400 811800 120 30 999 NONE NONE 390
	FP_ROUTE KMCO..KISP

TRACK_TIME 1167737286
TRACK A20110117568775 B752 263000 814900 120 30 999 NONE NONE 390
	FP_ROUTE KRSW..KDTW

TRACK_TIME 1167737286
TRACK A20110117568776 B737 341200 1182400 120 30 999 NONE NONE 340
	FP_ROUTE KBUR..KSJC

TRACK_TIME 1167737286
TRACK A20110117568777 B737 414900 874600 120 30 999 NONE NONE 390
	FP_ROUTE KMDW..KLGA

TRACK_TIME 1167737286
TRACK A20110117568778 CRJ1 360300 795800 120 30 999 NONE NONE 140
	FP_ROUTE KGSO..KATL

TRACK_TIME 1167737286
TRACK A20110117568785 B735 301600 973760 120 30 999 NONE NONE 210
	FP_ROUTE KAUS..KIAH

TRACK_TIME 1167737286
TRACK A20110117568787 CRJ2 332560 1120160 120 30 999 NONE NONE 300
	FP_ROUTE KPHX..KBFL

TRACK_TIME 1167737286
TRACK A20110117568790 CRJ2 442100 730900 120 30 999 NONE NONE 300
	FP_ROUTE KBTV..KDTW

TRACK_TIME 1167737286
TRACK A20110117568792 E135 425400 852860 120 30 999 NONE NONE 120
	FP_ROUTE KGRR..KMKE

TRACK_TIME 1167737286
TRACK A20110117568796 E145 395700 1043900 120 30 999 NONE NONE 330
	FP_ROUTE KDEN..KFAR

TRACK_TIME 1167737286
TRACK A20110117568799 E145 465560 964900 120 30 999 NONE NONE 340
	FP_ROUTE KFAR..KDEN

TRACK_TIME 1167737286
TRACK A20110117568806 B712 211900 1575700 120 30 999 NONE NONE 210
	FP_ROUTE KHNL..KKOA

TRACK_TIME 1167737286
TRACK A20110117568811 E120 422700 1143000 120 30 999 NONE NONE 100
	FP_ROUTE KTWF..KSLC

TRACK_TIME 1167737286
TRACK A20110117568812 E120 404660 1120000 120 30 999 NONE NONE 220
	FP_ROUTE KSLC..KTWF

TRACK_TIME 1167737286
TRACK A20110117568814 A320 415800 875560 120 30 999 NONE NONE 320
	FP_ROUTE KORD..KMSP

TRACK_TIME 1167737286
TRACK A20110117568816 B752 415800 875860 120 30 999 NONE NONE 380
	FP_ROUTE KORD..KPDX

TRACK_TIME 1167737286
TRACK A20110117568821 A319 445200 931000 120 30 999 NONE NONE 360
	FP_ROUTE KMSP..KGEG

TRACK_TIME 1167737286
TRACK A20110117568823 SF34 300400 931300 120 30 999 NONE NONE 80
	FP_ROUTE KLCH..KIAH

TRACK_TIME 1167737286
TRACK A20110117568826 MD82 332560 1120160 120 30 999 NONE NONE 330
	FP_ROUTE KPHX..KORD

TRACK_TIME 1167737286
TRACK A20110117568830 B753 445100 930760 120 30 999 NONE NONE 320
	FP_ROUTE KMSP..KPHX

TRACK_TIME 1167737286
TRACK A20110117568838 E135 425500 875400 120 30 999 NONE NONE 100
	FP_ROUTE KMKE..KATW

TRACK_TIME 1167737286
TRACK A20110117568839 A319 404600 1115800 120 30 999 NONE NONE 370
	FP_ROUTE KSLC..KDEN

TRACK_TIME 1167737286
TRACK A20110117568841 C750 404500 732500 120 30 999 NONE NONE 450
	FP_ROUTE KFRG..KPBI

TRACK_TIME 1167737286
TRACK A20110117568843 E135 335560 1182700 120 30 999 NONE NONE 330
	FP_ROUTE KLAX..KDEN

TRACK_TIME 1167737286
TRACK A20110117568850 CRJ2 395260 1043460 120 30 999 NONE NONE 260
	FP_ROUTE KDEN..KCPR

TRACK_TIME 1167737286
TRACK A20110117568852 E135 394960 1045200 120 30 999 NONE NONE 300
	FP_ROUTE KDEN..KLAX

TRACK_TIME 1167737286
TRACK A20110117568856 CRJ2 333700 841900 120 30 999 NONE NONE 220
	FP_ROUTE KATL..KECP

TRACK_TIME 1167737286
TRACK A20110117568857 E145 320760 811000 120 30 999 NONE NONE 310
	FP_ROUTE KSAV..KEWR

TRACK_TIME 1167737286
TRACK A20110117568864 CRJ2 302200 854800 120 30 999 NONE NONE 230
	FP_ROUTE KECP..KATL

TRACK_TIME 1167737286
TRACK A20110117568870 B737 394960 1042700 120 30 999 NONE NONE 370
	FP_ROUTE KDEN..KMCO

TRACK_TIME 1167737286
TRACK A20110117568871 CRJ2 382500 814000 120 30 999 NONE NONE 240
	FP_ROUTE KCRW..KDTW

TRACK_TIME 1167737286
TRACK A20110117568873 CRJ2 350460 900000 120 30 999 NONE NONE 204
	FP_ROUTE KMEM..KGPT

TRACK_TIME 1167737286
TRACK A20110117568877 CRJ2 422100 710300 120 30 999 NONE NONE 260
	FP_ROUTE KBOS..KBUF

TRACK_TIME 1167737286
TRACK A20110117568881 B733 344300 921660 120 30 999 NONE NONE 40
	FP_ROUTE KLIT..KDAL

TRACK_TIME 1167737286
TRACK A20110117568884 B733 324900 964960 120 30 999 NONE NONE 199
	FP_ROUTE KDAL..KAUS

TRACK_TIME 1167737286
TRACK A20110117568888 B733 300760 974360 120 30 999 NONE NONE 340
	FP_ROUTE KAUS..KELP

TRACK_TIME 1167737286
TRACK A20110117568897 A320 404600 1115800 120 30 999 NONE NONE 360
	FP_ROUTE KSLC..KLGB

TRACK_TIME 1167737286
TRACK A20110117568898 B739 472560 1221800 120 30 999 NONE NONE 350
	FP_ROUTE KSEA..KIAH

TRACK_TIME 1167737286
TRACK A20110117568901 B733 314800 1062400 120 30 999 NONE NONE 359
	FP_ROUTE KELP..KPHX

TRACK_TIME 1167737286
TRACK A20110117568902 AT72 322560 934900 120 30 999 NONE NONE 60
	FP_ROUTE KSHV..KDFW

TRACK_TIME 1167737286
TRACK A20110117568903 CRJ2 325700 800460 120 30 999 NONE NONE 110
	FP_ROUTE KCHS..KCLT

TRACK_TIME 1167737286
TRACK A20110117568906 E145 333900 842400 120 30 999 NONE NONE 360
	FP_ROUTE KATL..KIAH

TRACK_TIME 1167737286
TRACK A20110117568911 CRJ2 333900 842400 120 30 999 NONE NONE 240
	FP_ROUTE KATL..KLIT

TRACK_TIME 1167737286
TRACK A20110117568912 CRJ9 351060 805560 120 30 999 NONE NONE 230
	FP_ROUTE KCLT..KCHS

TRACK_TIME 1167737286
TRACK A20110117568913 A320 332560 1120160 120 30 999 NONE NONE 319
	FP_ROUTE KPHX..KSAN

TRACK_TIME 1167737286
TRACK A20110117568914 B733 350160 1063400 120 30 999 NONE NONE 360
	FP_ROUTE KABQ..KSAN

TRACK_TIME 1167737286
TRACK A20110117568915 B734 325200 970160 120 30 999 NONE NONE 330
	FP_ROUTE KDFW..KCLT

TRACK_TIME 1167737286
TRACK A20110117568918 B733 324500 1171300 120 30 999 NONE NONE 340
	FP_ROUTE KSAN..KSMF

TRACK_TIME 1167737286
TRACK A20110117568920 BE9L 330700 1171900 120 30 999 NONE NONE 80
	FP_ROUTE KCRQ..KSNA

TRACK_TIME 1167737286
TRACK A20110117568921 CRJ2 395200 751600 120 30 999 NONE NONE 340
	FP_ROUTE KPHL..KMKE

TRACK_TIME 1167737286
TRACK A20110117568922 E145 351200 805700 120 30 999 NONE NONE 160
	FP_ROUTE KCLT..KTYS

TRACK_TIME 1167737286
TRACK A20110117568924 C750 373760 972560 120 30 999 NONE NONE 129
	FP_ROUTE KICT..KOKC

TRACK_TIME 1167737286
TRACK A20110117568930 B733 335700 1182700 120 30 999 NONE NONE 270
	FP_ROUTE KLAX..KLAS

TRACK_TIME 1167737286
TRACK A20110117568936 B712 211800 1575260 120 30 999 NONE NONE 270
	FP_ROUTE KHNL..KITO

TRACK_TIME 1167737286
TRACK A20110117568937 CRJ2 351060 805560 120 30 999 NONE NONE 240
	FP_ROUTE KCLT..KPHF

TRACK_TIME 1167737286
TRACK A20110117568941 CRJ9 444960 931300 120 30 999 NONE NONE 350
	FP_ROUTE KMSP..KMEM

TRACK_TIME 1167737286
TRACK A20110117568944 A320 404600 1115800 120 30 999 NONE NONE 360
	FP_ROUTE KSLC..KLGB

TRACK_TIME 1167737286
TRACK A20110117568945 B733 391060 764300 120 30 999 NONE NONE 340
	FP_ROUTE KBWI..KMDW

TRACK_TIME 1167737286
TRACK A20110117568946 CRJ2 404960 735260 120 30 999 NONE NONE 220
	FP_ROUTE KLGA..KGSO

TRACK_TIME 1167737286
TRACK A20110117568947 E145 325100 970160 120 30 999 NONE NONE 270
	FP_ROUTE KDFW..KJAN

TRACK_TIME 1167737286
TRACK A20110117568949 B712 205400 1562500 120 30 999 NONE NONE 160
	FP_ROUTE KOGG..KHNL

TRACK_TIME 1167737286
TRACK A20110117568952 B738 295700 952100 120 30 999 NONE NONE 200
	FP_ROUTE KIAH..KSAT

TRACK_TIME 1167737286
TRACK A20110117568954 A320 403760 735100 120 30 999 NONE NONE 340
	FP_ROUTE KJFK..KLAX

TRACK_TIME 1167737286
TRACK A20110117568957 CRJ2 351060 805560 120 30 999 NONE NONE 130
	FP_ROUTE KCLT..KFAY

TRACK_TIME 1167737286
TRACK A20110117568964 B739 295860 951800 120 30 999 NONE NONE 330
	FP_ROUTE KIAH..KMSY

TRACK_TIME 1167737286
TRACK A20110117568965 CRJ1 411900 955500 120 30 999 NONE NONE 330
	FP_ROUTE KOMA..KCVG

TRACK_TIME 1167737286
TRACK A20110117568973 B738 404300 740900 120 30 999 NONE NONE 400
	FP_ROUTE KEWR..KFLL

TRACK_TIME 1167737286
TRACK A20110117568975 FA20 424600 860160 120 30 999 NONE NONE 390
	FP_ROUTE KBIV..KMIA

TRACK_TIME 1167737286
TRACK A20110117568976 FA20 254800 801600 120 30 999 NONE NONE 390
	FP_ROUTE KMIA..KBIV

TRACK_TIME 1167737286
TRACK A20110117568978 CRJ9 404600 1120000 120 30 999 NONE NONE 370
	FP_ROUTE KSLC..KBNA

TRACK_TIME 1167737286
TRACK A20110117568980 CRJ2 404600 1120000 120 30 999 NONE NONE 330
	FP_ROUTE KSLC..KBIL

TRACK_TIME 1167737286
TRACK A20110117568983 B739 295560 951900 120 30 999 NONE NONE 350
	FP_ROUTE KIAH..KFLL

TRACK_TIME 1167737286
TRACK A20110117568984 CRJ2 465400 1140400 120 30 999 NONE NONE 310
	FP_ROUTE KMSO..KSLC

TRACK_TIME 1167737286
TRACK A20110117568985 E170 445100 931200 120 30 999 NONE NONE 370
	FP_ROUTE KMSP..KCMH

TRACK_TIME 1167737286
TRACK A20110117568987 B712 391060 764360 120 30 999 NONE NONE 320
	FP_ROUTE KBWI..KATL

TRACK_TIME 1167737286
TRACK A20110117568990 E135 425560 875400 120 30 999 NONE NONE 100
	FP_ROUTE KMKE..KATW

TRACK_TIME 1167737286
TRACK A20110117568993 B752 333760 842860 120 30 999 NONE NONE 351
	FP_ROUTE KATL..KTPA

TRACK_TIME 1167737286
TRACK A20110117568995 DH8C 395400 751060 120 30 999 NONE NONE 51
	FP_ROUTE KPHL..KMDT

TRACK_TIME 1167737286
TRACK A20110117568997 DH8C 400900 763400 120 30 999 NONE NONE 51
	FP_ROUTE KMDT..KPHL

TRACK_TIME 1167737286
TRACK A20110117569000 CRJ2 442700 881000 120 30 999 NONE NONE 109
	FP_ROUTE KGRB..KMSP

TRACK_TIME 1167737286
TRACK A20110117569001 B752 335560 1182560 120 30 999 NONE NONE 370
	FP_ROUTE KLAX..KJFK

TRACK_TIME 1167737286
TRACK A20110117569004 B738 415400 875500 120 30 999 NONE NONE 370
	FP_ROUTE KORD..KMIA

TRACK_TIME 1167737286
TRACK A20110117569007 CRJ1 421200 832100 120 30 999 NONE NONE 310
	FP_ROUTE KDTW..KCHA

TRACK_TIME 1167737286
TRACK A20110117569010 B752 333760 842800 120 30 999 NONE NONE 390
	FP_ROUTE KATL..KPHL

TRACK_TIME 1167737286
TRACK A20110117569011 B737 293300 982700 120 30 999 NONE NONE 110
	FP_ROUTE KSAT..KDAL

TRACK_TIME 1167737286
TRACK A20110117569012 B737 324900 964960 120 30 999 NONE NONE 380
	FP_ROUTE KDAL..KABQ

TRACK_TIME 1167737286
TRACK A20110117569013 CRJ2 421060 832400 120 30 999 NONE NONE 280
	FP_ROUTE KDTW..KATW

TRACK_TIME 1167737286
TRACK A20110117569014 B737 350160 1063460 120 30 999 NONE NONE 400
	FP_ROUTE KABQ..KSEA

TRACK_TIME 1167737286
TRACK A20110117569015 A319 404900 1115860 120 30 999 NONE NONE 370
	FP_ROUTE KSLC..KDEN

TRACK_TIME 1167737286
TRACK A20110117569017 CRJ9 404660 1115860 120 30 999 NONE NONE 320
	FP_ROUTE KSLC..KLAS

TRACK_TIME 1167737286
TRACK A20110117569018 B752 333760 842260 120 30 999 NONE NONE 390
	FP_ROUTE KATL..KTPA

TRACK_TIME 1167737286
TRACK A20110117569020 B733 414200 712560 120 30 999 NONE NONE 140
	FP_ROUTE KPVD..KPHL

TRACK_TIME 1167737286
TRACK A20110117569021 SF34 551600 1625800 120 30 999 NONE NONE 160
	FP_ROUTE KCDB..KDUT

TRACK_TIME 1167737286
TRACK A20110117569023 CRJ2 404660 1115860 120 30 999 NONE NONE 320
	FP_ROUTE KSLC..KONT

TRACK_TIME 1167737286
TRACK A20110117569024 B732 392800 743900 120 30 999 NONE NONE 100
	FP_ROUTE KACY..KPIT

TRACK_TIME 1167737286
TRACK A20110117569025 B712 333760 842860 120 30 999 NONE NONE 290
	FP_ROUTE KATL..KPHF

TRACK_TIME 1167737286
TRACK A20110117569029 E145 404300 740700 120 30 999 NONE NONE 220
	FP_ROUTE KEWR..KDCA

TRACK_TIME 1167737286
TRACK A20110117569031 B734 472560 1221900 120 30 999 NONE NONE 280
	FP_ROUTE KSEA..KJNU

TRACK_TIME 1167737286
TRACK A20110117569033 E145 351500 805860 120 30 999 NONE NONE 280
	FP_ROUTE KCLT..KCLE

TRACK_TIME 1167737286
TRACK A20110117569034 E145 351060 805560 120 30 999 NONE NONE 360
	FP_ROUTE KCLT..KMIA

TRACK_TIME 1167737286
TRACK A20110117569035 B734 581960 1343000 120 30 999 NONE NONE 300
	FP_ROUTE KJNU..KYAK

TRACK_TIME 1167737286
TRACK A20110117569041 DH8D 472500 1221900 120 30 999 NONE NONE 151
	FP_ROUTE KSEA..KPDX

TRACK_TIME 1167737286
TRACK A20110117569042 CRJ2 370760 762860 120 30 999 NONE NONE 60
	FP_ROUTE KPHF..KPHL

TRACK_TIME 1167737286
TRACK A20110117569043 CRJ2 402700 885500 120 30 999 NONE NONE 190
	FP_ROUTE KBMI..KDTW

TRACK_TIME 1167737286
TRACK A20110117569044 CRJ2 365400 761200 120 30 999 NONE NONE 230
	FP_ROUTE KORF..KLGA

TRACK_TIME 1167737286
TRACK A20110117569050 BE20 445500 930160 120 30 999 NONE NONE 200
	FP_ROUTE KSTP..KFAR

TRACK_TIME 1167737286
TRACK A20110117569053 B712 211660 1575400 120 30 999 NONE NONE 140
	FP_ROUTE KHNL..KLIH

TRACK_TIME 1167737286
TRACK A20110117569056 B737 332560 1120160 120 30 999 NONE NONE 360
	FP_ROUTE KPHX..KOAK

TRACK_TIME 1167737286
TRACK A20110117569060 FA50 390400 842560 120 30 999 NONE NONE 380
	FP_ROUTE KLUK..KSDL

TRACK_TIME 1167737286
TRACK A20110117569061 CRJ2 422100 710100 120 30 999 NONE NONE 260
	FP_ROUTE KBOS..KROC

TRACK_TIME 1167737286
TRACK A20110117569063 CRJ2 395560 1044200 120 30 999 NONE NONE 340
	FP_ROUTE KDEN..KBOI

TRACK_TIME 1167737286
TRACK A20110117569067 B738 325260 970160 120 30 999 NONE NONE 390
	FP_ROUTE KDFW..KMCO

TRACK_TIME 1167737286
TRACK A20110117569072 CRJ2 364660 1194500 120 30 999 NONE NONE 350
	FP_ROUTE KFAT..KDEN

TRACK_TIME 1167737286
TRACK A20110117569075 A320 404900 1120000 120 30 999 NONE NONE 370
	FP_ROUTE KSLC..KPHX

TRACK_TIME 1167737286
TRACK A20110117569076 CRJ2 302860 862500 120 30 999 NONE NONE 230
	FP_ROUTE KVPS..KATL

TRACK_TIME 1167737286
TRACK A20110117569077 B752 260460 801000 120 30 999 NONE NONE 350
	FP_ROUTE KFLL..KATL

TRACK_TIME 1167737286
TRACK A20110117569080 A320 422100 710100 120 30 999 NONE NONE 340
	FP_ROUTE KBOS..KMSP

TRACK_TIME 1167737286
TRACK A20110117569081 B734 324500 1171360 120 30 999 NONE NONE 320
	FP_ROUTE KSAN..KSEA

TRACK_TIME 1167737286
TRACK A20110117569085 A320 444800 931500 120 30 999 NONE NONE 340
	FP_ROUTE KMSP..KSAN

TRACK_TIME 1167737286
TRACK A20110117569087 A320 373760 1222200 120 30 999 NONE NONE 370
	FP_ROUTE KSFO..KPHX

TRACK_TIME 1167737286
TRACK A20110117569088 A332 472560 1221900 120 30 999 NONE NONE 380
	FP_ROUTE KSEA..KZBAA

TRACK_TIME 1167737286
TRACK A20110117569097 CRJ9 373760 972560 120 30 999 NONE NONE 370
	FP_ROUTE KICT..KATL

TRACK_TIME 1167737286
TRACK A20110117569102 A320 413100 740300 120 30 999 NONE NONE 360
	FP_ROUTE KSWF..KFLL

TRACK_TIME 1167737286
TRACK A20110117569104 MD82 293300 983000 120 30 999 NONE NONE 70
	FP_ROUTE KSAT..KDFW

TRACK_TIME 1167737286
TRACK A20110117569106 DH8D 412400 815200 120 30 999 NONE NONE 230
	FP_ROUTE KCLE..KBWI

TRACK_TIME 1167737286
TRACK A20110117569114 E170 333900 842800 120 30 999 NONE NONE 280
	FP_ROUTE KATL..KSDF

TRACK_TIME 1167737286
TRACK A20110117569115 A319 404900 735100 120 30 999 NONE NONE 180
	FP_ROUTE KLGA..KBOS

TRACK_TIME 1167737286
TRACK A20110117569122 LJ45 302700 922260 120 30 999 NONE NONE 450
	FP_ROUTE K4R7..KAPA

TRACK_TIME 1167737286
TRACK A20110117569123 B738 422200 705700 120 30 999 NONE NONE 160
	FP_ROUTE KBOS..KEWR

TRACK_TIME 1167737286
TRACK A20110117569125 CRJ9 390300 843900 120 30 999 NONE NONE 120
	FP_ROUTE KCVG..KDTW

TRACK_TIME 1167737286
TRACK A20110117569126 A332 335700 1182700 120 30 999 NONE NONE 300
	FP_ROUTE KLAX..KHNL

TRACK_TIME 1167737286
TRACK A20110117569127 E135 420100 874900 120 30 999 NONE NONE 170
	FP_ROUTE KORD..KTOL

TRACK_TIME 1167737286
TRACK A20110117569128 LJ45 301300 915800 120 30 999 NONE NONE 30
	FP_ROUTE KLFT..K4R7

TRACK_TIME 1167737286
TRACK A20110117569139 E170 404360 740700 120 30 999 NONE NONE 360
	FP_ROUTE KEWR..KDTW

TRACK_TIME 1167737286
TRACK A20110117569144 B738 332560 1120300 120 30 999 NONE NONE 290
	FP_ROUTE KPHX..KDFW

TRACK_TIME 1167737286
TRACK A20110117569145 CRJ2 465560 1140700 120 30 999 NONE NONE 310
	FP_ROUTE KMSO..KSLC

TRACK_TIME 1167737286
TRACK A20110117569147 MD82 404600 735100 120 30 999 NONE NONE 320
	FP_ROUTE KLGA..KDFW

TRACK_TIME 1167737286
TRACK A20110117569149 CRJ9 384000 1213460 120 30 999 NONE NONE 350
	FP_ROUTE KSMF..KSLC

TRACK_TIME 1167737286
TRACK A20110117569152 A319 421200 832200 120 30 999 NONE NONE 360
	FP_ROUTE KDTW..KMSP

TRACK_TIME 1167737286
TRACK A20110117569153 B712 211900 1575700 120 30 999 NONE NONE 130
	FP_ROUTE KHNL..KOGG

TRACK_TIME 1167737286
TRACK A20110117569155 F2TH 393100 1044960 120 30 999 NONE NONE 410
	FP_ROUTE KAPA..KMLU

TRACK_TIME 1167737286
TRACK A20110117569156 E145 295800 952100 120 30 999 NONE NONE 260
	FP_ROUTE KIAH..KHRL

TRACK_TIME 1167737286
TRACK A20110117569163 MD83 325500 970300 120 30 999 NONE NONE 340
	FP_ROUTE KDFW..KSAN

TRACK_TIME 1167737286
TRACK A20110117569164 CRJ2 320600 1105560 120 30 999 NONE NONE 320
	FP_ROUTE KTUS..KSLC

TRACK_TIME 1167737286
TRACK A20110117569170 F2TH 323600 920300 120 30 999 NONE NONE 430
	FP_ROUTE KMLU..KAPA

TRACK_TIME 1167737286
TRACK A20110117569175 CRJ2 421200 832100 120 30 999 NONE NONE 250
	FP_ROUTE KDTW..KUNV

TRACK_TIME 1167737286
TRACK A20110117569184 B752 472560 1221900 120 30 999 NONE NONE 330
	FP_ROUTE KSEA..KATL

TRACK_TIME 1167737286
TRACK A20110117569185 B737 391200 944060 120 30 999 NONE NONE 290
	FP_ROUTE KMCI..KSTL

TRACK_TIME 1167737286
TRACK A20110117569186 B735 404200 740900 120 30 999 NONE NONE 280
	FP_ROUTE KEWR..KCLT

TRACK_TIME 1167737286
TRACK A20110117569189 B712 282400 811800 120 30 999 NONE NONE 320
	FP_ROUTE KMCO..KMDW

TRACK_TIME 1167737286
TRACK A20110117569206 CRJ2 394960 1044360 120 30 999 NONE NONE 260
	FP_ROUTE KDEN..KGJT

TRACK_TIME 1167737286
TRACK A20110117569207 CRJ2 390460 1082860 120 30 999 NONE NONE 250
	FP_ROUTE KGJT..KDEN

TRACK_TIME 1167737286
TRACK A20110117569213 CRJ2 385560 773100 120 30 999 NONE NONE 220
	FP_ROUTE KIAD..KGSO

TRACK_TIME 1167737286
TRACK A20110117569218 C550 392100 842800 120 30 999 NONE NONE 290
	FP_ROUTE KHAO..KFVX

TRACK_TIME 1167737286
TRACK A20110117569221 A319 391500 944660 120 30 999 NONE NONE 380
	FP_ROUTE KMCI..KDEN

TRACK_TIME 1167737286
TRACK A20110117569224 CRJ2 335560 1182700 120 30 999 NONE NONE 300
	FP_ROUTE KLAX..KRNO

TRACK_TIME 1167737286
TRACK A20110117569229 B734 385200 770300 120 30 999 NONE NONE 320
	FP_ROUTE KDCA..KMCO

TRACK_TIME 1167737286
TRACK A20110117569230 B733 320100 1020760 120 30 999 NONE NONE 350
	FP_ROUTE KMAF..KHOU

TRACK_TIME 1167737286
TRACK A20110117569234 B733 293900 951800 120 30 999 NONE NONE 350
	FP_ROUTE KHOU..KLIT

TRACK_TIME 1167737286
TRACK A20110117569237 DH8A 395260 751200 120 30 999 NONE NONE 80
	FP_ROUTE KPHL..KLGA

TRACK_TIME 1167737286
TRACK A20110117569239 DH8D 433300 1161060 120 30 999 NONE NONE 220
	FP_ROUTE KBOI..KSEA

TRACK_TIME 1167737286
TRACK A20110117569240 E170 415800 874960 120 30 999 NONE NONE 350
	FP_ROUTE KORD..KLGA

TRACK_TIME 1167737286
TRACK A20110117569243 B737 360600 1150900 120 30 999 NONE NONE 220
	FP_ROUTE KLAS..KBUR

TRACK_TIME 1167737286
TRACK A20110117569245 B737 341060 1182100 120 30 999 NONE NONE 340
	FP_ROUTE KBUR..KSJC

TRACK_TIME 1167737286
TRACK A20110117569246 CRJ2 444960 931060 120 30 999 NONE NONE 330
	FP_ROUTE KMSP..KCLE

TRACK_TIME 1167737286
TRACK A20110117569247 C560 281800 812560 120 30 999 NONE NONE 350
	FP_ROUTE KISM..KTEB

TRACK_TIME 1167737286
TRACK A20110117569265 E135 404500 735100 120 30 999 NONE NONE 370
	FP_ROUTE KLGA..KXNA

TRACK_TIME 1167737286
TRACK A20110117569266 BE9L 415800 933760 120 30 999 NONE NONE 200
	FP_ROUTE KAMW..KLBL

TRACK_TIME 1167737286
TRACK A20110117569268 MD83 372400 1215800 120 30 999 NONE NONE 330
	FP_ROUTE KSJC..KDFW

TRACK_TIME 1167737286
TRACK A20110117569270 B712 211900 1575700 120 30 999 NONE NONE 210
	FP_ROUTE KHNL..KKOA

TRACK_TIME 1167737286
TRACK A20110117569271 E145 373160 771900 120 30 999 NONE NONE 360
	FP_ROUTE KRIC..KMIA

TRACK_TIME 1167737286
TRACK A20110117569275 A319 373900 1222100 120 30 999 NONE NONE 320
	FP_ROUTE KSFO..KSEA

TRACK_TIME 1167737286
TRACK A20110117569280 B763 254800 801800 120 30 999 NONE NONE 380
	FP_ROUTE KMIA..KLAX

TRACK_TIME 1167737286
TRACK A20110117569282 B734 264060 800760 120 30 999 NONE NONE 310
	FP_ROUTE KPBI..KPHL

TRACK_TIME 1167737286
TRACK A20110117569287 B738 404500 1120000 120 30 999 NONE NONE 360
	FP_ROUTE KSLC..KSEA

TRACK_TIME 1167737286
TRACK A20110117569288 B752 403900 734960 120 30 999 NONE NONE 380
	FP_ROUTE KJFK..KLAX

TRACK_TIME 1167737286
TRACK A20110117569291 B737 360600 1150900 120 30 999 NONE NONE 280
	FP_ROUTE KLAS..KSAN

TRACK_TIME 1167737286
TRACK A20110117569293 CRJ2 344300 921500 120 30 999 NONE NONE 290
	FP_ROUTE KLIT..KATL

TRACK_TIME 1167737286
TRACK A20110117569296 E145 444800 685500 120 30 999 NONE NONE 320
	FP_ROUTE KBGR..KLGA

TRACK_TIME 1167737286
TRACK A20110117569297 A320 360760 1150760 120 30 999 NONE NONE 350
	FP_ROUTE KLAS..KMEM

TRACK_TIME 1167737286
TRACK A20110117569304 CRJ2 350900 805500 120 30 999 NONE NONE 270
	FP_ROUTE KCLT..KBWI

TRACK_TIME 1167737286
TRACK A20110117569307 A319 404900 734960 120 30 999 NONE NONE 380
	FP_ROUTE KLGA..KMSP

TRACK_TIME 1167737286
TRACK A20110117569309 B738 333760 842260 120 30 999 NONE NONE 370
	FP_ROUTE KATL..KJFK

TRACK_TIME 1167737286
TRACK A20110117569310 CRJ2 404900 964600 120 30 999 NONE NONE 340
	FP_ROUTE KLNK..KDEN

TRACK_TIME 1167737286
TRACK A20110117569320 C560 444900 933100 120 30 999 NONE NONE 220
	FP_ROUTE KFCM..KFSD

TRACK_TIME 1167737286
TRACK A20110117569322 BE20 371600 811800 120 30 999 NONE NONE 240
	FP_ROUTE KBLF..KAUS

TRACK_TIME 1167737286
TRACK A20110117569326 B738 421200 832200 120 30 999 NONE NONE 340
	FP_ROUTE KDTW..KSEA

TRACK_TIME 1167737286
TRACK A20110117569333 BE20 300460 974500 120 30 999 NONE NONE 160
	FP_ROUTE KAUS..K5T9

TRACK_TIME 1167737286
TRACK A20110117569337 SF34 422260 710000 120 30 999 NONE NONE 120
	FP_ROUTE KBOS..KSYR

TRACK_TIME 1167737286
TRACK A20110117569339 BE20 421300 833400 120 30 999 NONE NONE 41
	FP_ROUTE KYIP..KPTK

TRACK_TIME 1167737286
TRACK A20110117569341 MD83 351060 805700 120 30 999 NONE NONE 300
	FP_ROUTE KCLT..KDFW

TRACK_TIME 1167737286
TRACK A20110117569342 B753 282400 811900 120 30 999 NONE NONE 360
	FP_ROUTE KMCO..KIAH

TRACK_TIME 1167737286
TRACK A20110117569343 A320 413160 933900 120 30 999 NONE NONE 269
	FP_ROUTE KDSM..KORD

TRACK_TIME 1167737286
TRACK A20110117569348 MU2 292260 1005560 120 30 999 NONE NONE 118
	FP_ROUTE KDRT..KE38

TRACK_TIME 1167737286
TRACK A20110117569350 MU2 302260 1034060 120 30 999 NONE NONE 170
	FP_ROUTE KE38..KSAT

TRACK_TIME 1167737286
TRACK A20110117569352 B734 594000 1403900 120 30 999 NONE NONE 300
	FP_ROUTE KYAK..KCDV

TRACK_TIME 1167737286
TRACK A20110117569354 CRJ2 350160 895860 120 30 999 NONE NONE 280
	FP_ROUTE KMEM..KOKC

TRACK_TIME 1167737286
TRACK A20110117569356 E170 394300 861660 120 30 999 NONE NONE 350
	FP_ROUTE KIND..KLGA

TRACK_TIME 1167737286
TRACK A20110117569357 B734 602560 1453300 120 30 999 NONE NONE 280
	FP_ROUTE KCDV..KANC

TRACK_TIME 1167737286
TRACK A20110117569358 B712 194300 1550000 120 30 999 NONE NONE 240
	FP_ROUTE KITO..KHNL

TRACK_TIME 1167737286
TRACK A20110117569362 C550 403900 894300 120 30 999 NONE NONE 330
	FP_ROUTE KPIA..KCWA

TRACK_TIME 1167737286
TRACK A20110117569363 MD83 415800 875200 120 30 999 NONE NONE 280
	FP_ROUTE KORD..KSTL

TRACK_TIME 1167737286
TRACK A20110117569368 B712 302800 871060 120 30 999 NONE NONE 240
	FP_ROUTE KPNS..KATL

TRACK_TIME 1167737286
TRACK A20110117569369 CRJ2 415860 874960 120 30 999 NONE NONE 330
	FP_ROUTE KORD..KAVL

TRACK_TIME 1167737286
TRACK A20110117569370 B712 390760 764000 120 30 999 NONE NONE 340
	FP_ROUTE KBWI..KRSW

TRACK_TIME 1167737286
TRACK A20110117569372 B733 293760 951800 120 30 999 NONE NONE 330
	FP_ROUTE KHOU..KBWI

TRACK_TIME 1167737286
TRACK A20110117569375 MD83 325560 970300 120 30 999 NONE NONE 260
	FP_ROUTE KDFW..KLAS

TRACK_TIME 1167737286
TRACK A20110117569376 B712 391000 764300 120 30 999 NONE NONE 340
	FP_ROUTE KBWI..KDAY

TRACK_TIME 1167737286
TRACK A20110117569377 E170 385260 770400 120 30 999 NONE NONE 340
	FP_ROUTE KDCA..KOMA

TRACK_TIME 1167737286
TRACK A20110117569381 B752 415700 874960 120 30 999 NONE NONE 380
	FP_ROUTE KORD..KMIA

TRACK_TIME 1167737286
TRACK A20110117569386 B733 335560 1182860 120 30 999 NONE NONE 309
	FP_ROUTE KLAX..KPHX

TRACK_TIME 1167737286
TRACK A20110117569387 CRJ2 333760 842860 120 30 999 NONE NONE 270
	FP_ROUTE KATL..KFAY

TRACK_TIME 1167737286
TRACK A20110117569395 B752 373900 1221960 120 30 999 NONE NONE 400
	FP_ROUTE KSFO..KSEA

TRACK_TIME 1167737286
TRACK A20110117569397 CRJ2 445100 931360 120 30 999 NONE NONE 250
	FP_ROUTE KMSP..KMLI

TRACK_TIME 1167737286
TRACK A20110117569399 E170 385100 1044300 120 30 999 NONE NONE 110
	FP_ROUTE KCOS..KDEN

TRACK_TIME 1167737286
TRACK A20110117569403 B737 360700 1150900 120 30 999 NONE NONE 390
	FP_ROUTE KLAS..KOMA

TRACK_TIME 1167737286
TRACK A20110117569407 LJ45 423300 714500 120 30 999 NONE NONE 450
	FP_ROUTE KFIT..KAPF

TRACK_TIME 1167737286
TRACK A20110117569408 CRJ2 385400 770460 120 30 999 NONE NONE 110
	FP_ROUTE KDCA..KPHL

TRACK_TIME 1167737286
TRACK A20110117569409 B737 360600 1150900 120 30 999 NONE NONE 370
	FP_ROUTE KLAS..KCMH

TRACK_TIME 1167737286
TRACK A20110117569413 B735 422200 705800 120 30 999 NONE NONE 160
	FP_ROUTE KBOS..KEWR

TRACK_TIME 1167737286
TRACK A20110117569420 B738 295700 952100 120 30 999 NONE NONE 360
	FP_ROUTE KIAH..KLAS

TRACK_TIME 1167737286
TRACK A20110117569422 B737 453460 1223700 120 30 999 NONE NONE 390
	FP_ROUTE KPDX..KLAS

TRACK_TIME 1167737286
TRACK A20110117569423 B763 333900 842200 120 30 999 NONE NONE 360
	FP_ROUTE KATL..KLAX

TRACK_TIME 1167737286
TRACK A20110117569436 E170 445100 931360 120 30 999 NONE NONE 350
	FP_ROUTE KMSP..KBNA

TRACK_TIME 1167737286
TRACK A20110117569437 B737 414800 874600 120 30 999 NONE NONE 410
	FP_ROUTE KMDW..KTPA

TRACK_TIME 1167737286
TRACK A20110117569439 A320 335700 1182700 120 30 999 NONE NONE 360
	FP_ROUTE KLAX..KSFO

TRACK_TIME 1167737286
TRACK A20110117569440 A320 260460 800760 120 30 999 NONE NONE 370
	FP_ROUTE KFLL..KLGA

TRACK_TIME 1167737286
TRACK A20110117569441 E145 404300 740900 120 30 999 NONE NONE 110
	FP_ROUTE KEWR..KPVD

TRACK_TIME 1167737286
TRACK A20110117569444 B752 404900 1115860 120 30 999 NONE NONE 370
	FP_ROUTE KSLC..KATL

TRACK_TIME 1167737286
TRACK A20110117569446 B733 374300 1221500 120 30 999 NONE NONE 350
	FP_ROUTE KOAK..KONT

TRACK_TIME 1167737286
TRACK A20110117569447 B733 340300 1173760 120 30 999 NONE NONE 290
	FP_ROUTE KONT..KLAS

TRACK_TIME 1167737286
TRACK A20110117569448 B733 260460 800760 120 30 999 NONE NONE 330
	FP_ROUTE KFLL..KISP

TRACK_TIME 1167737286
TRACK A20110117569450 SF34 295800 952100 120 30 999 NONE NONE 40
	FP_ROUTE KIAH..KCLL

TRACK_TIME 1167737286
TRACK A20110117569451 CRJ2 445260 931500 120 30 999 NONE NONE 320
	FP_ROUTE KMSP..KICT

TRACK_TIME 1167737286
TRACK A20110117569454 E170 404900 735260 120 30 999 NONE NONE 220
	FP_ROUTE KLGA..KDCA

TRACK_TIME 1167737286
TRACK A20110117569455 E170 424600 734900 120 30 999 NONE NONE 61
	FP_ROUTE KALB..KPHL

TRACK_TIME 1167737286
TRACK A20110117569457 CRJ2 445400 931500 120 30 999 NONE NONE 330
	FP_ROUTE KMSP..KIND

TRACK_TIME 1167737286
TRACK A20110117569459 C750 393300 1045100 120 30 999 NONE NONE 410
	FP_ROUTE KAPA..KBKS

TRACK_TIME 1167737286
TRACK A20110117569461 B733 374360 1221500 120 30 999 NONE NONE 370
	FP_ROUTE KOAK..KSAN

TRACK_TIME 1167737286
TRACK A20110117569470 E170 415260 914060 120 30 999 NONE NONE 210
	FP_ROUTE KCID..KORD

TRACK_TIME 1167737286
TRACK A20110117569471 E170 415860 875100 120 30 999 NONE NONE 350
	FP_ROUTE KORD..KBOS

TRACK_TIME 1167737286
TRACK A20110117569476 MD83 422400 1225260 120 30 999 NONE NONE 310
	FP_ROUTE KMFR..KLAS

TRACK_TIME 1167737286
TRACK A20110117569477 B737 472560 1221800 120 30 999 NONE NONE 350
	FP_ROUTE KSEA..KBUR

TRACK_TIME 1167737286
TRACK A20110117569478 E145 394660 1043900 120 30 999 NONE NONE 290
	FP_ROUTE KDEN..KTUL

TRACK_TIME 1167737286
TRACK A20110117569480 B734 454900 1111300 120 30 999 NONE NONE 330
	FP_ROUTE KBZN..KBED

TRACK_TIME 1167737286
TRACK A20110117569492 A320 404600 735100 120 30 999 NONE NONE 360
	FP_ROUTE KLGA..KMCO

TRACK_TIME 1167737286
TRACK A20110117569493 CRJ2 421060 832500 120 30 999 NONE NONE 280
	FP_ROUTE KDTW..KMSN

TRACK_TIME 1167737286
TRACK A20110117569496 B737 324500 1171300 120 30 999 NONE NONE 290
	FP_ROUTE KSAN..KLAS

TRACK_TIME 1167737286
TRACK A20110117569497 CRJ2 430700 891960 120 30 999 NONE NONE 60
	FP_ROUTE KMSN..KDTW

TRACK_TIME 1167737286
TRACK A20110117569498 B734 395260 1043300 120 30 999 NONE NONE 280
	FP_ROUTE KDEN..KBZN

TRACK_TIME 1167737286
TRACK A20110117569502 E145 361060 955260 120 30 999 NONE NONE 350
	FP_ROUTE KTUL..KORD

TRACK_TIME 1167737286
TRACK A20110117569505 B738 254800 801900 120 30 999 NONE NONE 110
	FP_ROUTE KMIA..KTPA

TRACK_TIME 1167737286
TRACK A20110117569519 B738 421200 832100 120 30 999 NONE NONE 390
	FP_ROUTE KDTW..KLGA

TRACK_TIME 1167737286
TRACK A20110117569521 E145 420100 875100 120 30 999 NONE NONE 330
	FP_ROUTE KORD..KPIT

TRACK_TIME 1167737286
TRACK A20110117569522 E145 295800 952100 120 30 999 NONE NONE 310
	FP_ROUTE KIAH..KVPS

TRACK_TIME 1167737286
TRACK A20110117569527 B752 325200 970160 120 30 999 NONE NONE 350
	FP_ROUTE KDFW..KBOS

TRACK_TIME 1167737286
TRACK A20110117569528 A319 404800 1115860 120 30 999 NONE NONE 330
	FP_ROUTE KSLC..KPHX

TRACK_TIME 1167737286
TRACK A20110117569529 B737 295700 952100 120 30 999 NONE NONE 380
	FP_ROUTE KIAH..KSNA

TRACK_TIME 1167737286
TRACK A20110117569534 E145 333400 864500 120 30 999 NONE NONE 340
	FP_ROUTE KBHM..KORD

TRACK_TIME 1167737286
TRACK A20110117569537 A319 332560 1120160 120 30 999 NONE NONE 350
	FP_ROUTE KPHX..KEWR

TRACK_TIME 1167737286
TRACK A20110117569538 E170 404900 735260 120 30 999 NONE NONE 280
	FP_ROUTE KLGA..KPIT

TRACK_TIME 1167737286
TRACK A20110117569540 E145 404900 735260 120 30 999 NONE NONE 340
	FP_ROUTE KLGA..KSDF

TRACK_TIME 1167737286
TRACK A20110117569541 E170 404360 734960 120 30 999 NONE NONE 190
	FP_ROUTE KLGA..KDCA

TRACK_TIME 1167737286
TRACK A20110117569542 A320 335700 1182700 120 30 999 NONE NONE 380
	FP_ROUTE KLAX..KSFO

TRACK_TIME 1167737286
TRACK A20110117569543 MD82 335700 1182800 120 30 999 NONE NONE 340
	FP_ROUTE KLAX..KSFO

TRACK_TIME 1167737286
TRACK A20110117569544 B712 215860 1591900 120 30 999 NONE NONE 130
	FP_ROUTE KLIH..KHNL

TRACK_TIME 1167737286
TRACK A20110117569558 A320 332560 1115860 120 30 999 NONE NONE 370
	FP_ROUTE KPHX..KPIT

TRACK_TIME 1167737286
TRACK A20110117569561 B752 324600 1171500 120 30 999 NONE NONE 360
	FP_ROUTE KSAN..KSFO

TRACK_TIME 1167737286
TRACK A20110117569562 E145 420160 875500 120 30 999 NONE NONE 230
	FP_ROUTE KORD..KCLE

TRACK_TIME 1167737286
TRACK A20110117569569 C560 393900 1065400 120 30 999 NONE NONE 190
	FP_ROUTE KEGE..KMTJ

TRACK_TIME 1167737286
TRACK A20110117569571 B738 422100 710160 120 30 999 NONE NONE 400
	FP_ROUTE KBOS..KORD

TRACK_TIME 1167737286
TRACK A20110117569574 B738 332560 1120460 120 30 999 NONE NONE 370
	FP_ROUTE KPHX..KMSP

TRACK_TIME 1167737286
TRACK A20110117569577 E190 355260 784660 120 30 999 NONE NONE 390
	FP_ROUTE KRDU..KBOS

TRACK_TIME 1167737286
TRACK A20110117569580 E190 422200 705800 120 30 999 NONE NONE 340
	FP_ROUTE KBOS..KMCO

TRACK_TIME 1167737286
TRACK A20110117569581 B737 324500 1171300 120 30 999 NONE NONE 400
	FP_ROUTE KSAN..KSJC

TRACK_TIME 1167737286
TRACK A20110117569582 A320 395260 751300 120 30 999 NONE NONE 360
	FP_ROUTE KPHL..KDEN

TRACK_TIME 1167737286
TRACK A20110117569587 DH8A 404500 735100 120 30 999 NONE NONE 81
	FP_ROUTE KLGA..KPHL

TRACK_TIME 1167737286
TRACK A20110117569590 E145 404900 735200 120 30 999 NONE NONE 320
	FP_ROUTE KLGA..KCMH

TRACK_TIME 1167737286
TRACK A20110117569593 E145 400000 825260 120 30 999 NONE NONE 270
	FP_ROUTE KCMH..KLGA

TRACK_TIME 1167737286
TRACK A20110117569598 E145 325500 970300 120 30 999 NONE NONE 300
	FP_ROUTE KDFW..KLBB

TRACK_TIME 1167737286
TRACK A20110117569605 A319 332560 1120100 120 30 999 NONE NONE 380
	FP_ROUTE KPHX..KSFO

TRACK_TIME 1167737286
TRACK A20110117569611 E145 254800 801600 120 30 999 NONE NONE 360
	FP_ROUTE KMIA..KBHM

TRACK_TIME 1167737286
TRACK A20110117569615 E145 403760 752860 120 30 999 NONE NONE 360
	FP_ROUTE KABE..KORD

TRACK_TIME 1167737286
TRACK A20110117569617 A320 403700 735200 120 30 999 NONE NONE 380
	FP_ROUTE KJFK..KDEN

TRACK_TIME 1167737286
TRACK A20110117569618 E190 282800 811960 120 30 999 NONE NONE 340
	FP_ROUTE KMCO..KOMA

TRACK_TIME 1167737286
TRACK A20110117569620 A320 182800 655800 120 30 999 NONE NONE 360
	FP_ROUTE KSJU..KMCO

TRACK_TIME 1167737286
TRACK A20110117569621 E135 302560 862700 120 30 999 NONE NONE 340
	FP_ROUTE KVPS..KDFW

TRACK_TIME 1167737286
TRACK A20110117569622 CRJ2 441360 883300 120 30 999 NONE NONE 220
	FP_ROUTE KATW..KMSP

TRACK_TIME 1167737286
TRACK A20110117569623 B752 404360 740760 120 30 999 NONE NONE 380
	FP_ROUTE KEWR..KPBI

TRACK_TIME 1167737286
TRACK A20110117569624 CRJ2 345860 900000 120 30 999 NONE NONE 280
	FP_ROUTE KMEM..KLFT

TRACK_TIME 1167737286
TRACK A20110117569629 CRJ2 433400 964600 120 30 999 NONE NONE 170
	FP_ROUTE KFSD..KMSP

TRACK_TIME 1167737286
TRACK A20110117569635 B733 320600 1105500 120 30 999 NONE NONE 320
	FP_ROUTE KTUS..KSAN

TRACK_TIME 1167737286
TRACK A20110117569637 B737 332560 1120160 120 30 999 NONE NONE 320
	FP_ROUTE KPHX..KSAN

TRACK_TIME 1167737286
TRACK A20110117569639 CRJ2 403760 735100 120 30 999 NONE NONE 300
	FP_ROUTE KJFK..KCLT

TRACK_TIME 1167737286
TRACK A20110117569641 B733 324500 1171300 120 30 999 NONE NONE 360
	FP_ROUTE KSAN..KSJC

TRACK_TIME 1167737286
TRACK A20110117569645 B737 324500 1171360 120 30 999 NONE NONE 400
	FP_ROUTE KSAN..KSFO

TRACK_TIME 1167737286
TRACK A20110117569646 B733 372560 1215860 120 30 999 NONE NONE 350
	FP_ROUTE KSJC..KPHX

TRACK_TIME 1167737286
TRACK A20110117569650 B733 332560 1120160 120 30 999 NONE NONE 330
	FP_ROUTE KPHX..KSAT

TRACK_TIME 1167737286
TRACK A20110117569663 MU2 293300 982700 120 30 999 NONE NONE 110
	FP_ROUTE KSAT..KFTW

TRACK_TIME 1167737286
TRACK A20110117569664 E190 282200 811660 120 30 999 NONE NONE 370
	FP_ROUTE KMCO..KJFK

TRACK_TIME 1167737286
TRACK A20110117569666 CRJ2 420100 875800 120 30 999 NONE NONE 320
	FP_ROUTE KORD..KLNK

TRACK_TIME 1167737286
TRACK A20110117569672 A320 260400 801060 120 30 999 NONE NONE 340
	FP_ROUTE KFLL..KLAX

TRACK_TIME 1167737286
TRACK A20110117569674 E135 325560 970160 120 30 999 NONE NONE 250
	FP_ROUTE KDFW..KBTR

TRACK_TIME 1167737286
TRACK A20110117569678 B734 415560 724200 120 30 999 NONE NONE 320
	FP_ROUTE KBDL..KCLT

TRACK_TIME 1167737286
TRACK A20110117569680 B762 395260 751200 120 30 999 NONE NONE 390
	FP_ROUTE KPHL..KSJU

TRACK_TIME 1167737286
TRACK A20110117569683 E170 385400 770460 120 30 999 NONE NONE 290
	FP_ROUTE KDCA..KALB

TRACK_TIME 1167737286
TRACK A20110117569684 B738 390900 763900 120 30 999 NONE NONE 380
	FP_ROUTE KBWI..KIAH

TRACK_TIME 1167737286
TRACK A20110117569685 SF34 610000 1501200 120 30 999 NONE NONE 200
	FP_ROUTE KANC..KDLG

TRACK_TIME 1167737286
TRACK A20110117569686 A320 335700 1182860 120 30 999 NONE NONE 360
	FP_ROUTE KLAX..KSEA

TRACK_TIME 1167737286
TRACK A20110117569687 MU2 324800 972100 120 30 999 NONE NONE 111
	FP_ROUTE KFTW..KHOU

TRACK_TIME 1167737286
TRACK A20110117569691 SW4 343900 1141660 120 30 999 NONE NONE 250
	FP_ROUTE KHII..KMEZ

TRACK_TIME 1167737286
TRACK A20110117569692 A319 391060 764300 120 30 999 NONE NONE 380
	FP_ROUTE KBWI..KMEM

TRACK_TIME 1167737286
TRACK A20110117569699 BE20 393900 1065500 120 30 999 NONE NONE 280
	FP_ROUTE KEGE..KGTU

TRACK_TIME 1167737286
TRACK A20110117569701 CRJ2 342560 1195200 120 30 999 NONE NONE 290
	FP_ROUTE KSBA..KPHX

TRACK_TIME 1167737286
TRACK A20110117569702 A320 373900 1222200 120 30 999 NONE NONE 370
	FP_ROUTE KSFO..KLAX

TRACK_TIME 1167737286
TRACK A20110117569705 B733 412400 815200 120 30 999 NONE NONE 290
	FP_ROUTE KCLE..KBWI

TRACK_TIME 1167737286
TRACK A20110117569708 B763 211800 1575400 120 30 999 NONE NONE 380
	FP_ROUTE KHNL..KSEA

TRACK_TIME 1167737286
TRACK A20110117569709 B733 384360 901660 120 30 999 NONE NONE 330
	FP_ROUTE KSTL..KCLE

TRACK_TIME 1167737286
TRACK A20110117569710 SF34 422260 710000 120 30 999 NONE NONE 169
	FP_ROUTE KBOS..KPQI

TRACK_TIME 1167737286
TRACK A20110117569714 B733 390900 763900 120 30 999 NONE NONE 300
	FP_ROUTE KBWI..KBNA

TRACK_TIME 1167737286
TRACK A20110117569715 SF34 464200 680300 120 30 999 NONE NONE 160
	FP_ROUTE KPQI..KBOS

TRACK_TIME 1167737286
TRACK A20110117569721 E170 394300 861660 120 30 999 NONE NONE 330
	FP_ROUTE KIND..KLGA

TRACK_TIME 1167737286
TRACK A20110117569724 MD83 360700 1150900 120 30 999 NONE NONE 320
	FP_ROUTE KLAS..KBLI

TRACK_TIME 1167737286
TRACK A20110117569734 E120 422700 1225400 120 30 999 NONE NONE 260
	FP_ROUTE KMFR..KPDX

TRACK_TIME 1167737286
TRACK A20110117569736 CRJ2 421200 832200 120 30 999 NONE NONE 141
	FP_ROUTE KDTW..KCMH

TRACK_TIME 1167737286
TRACK A20110117569739 B739 332560 1120400 120 30 999 NONE NONE 340
	FP_ROUTE KPHX..KSEA

TRACK_TIME 1167737286
TRACK A20110117569752 CRJ2 445200 930900 120 30 999 NONE NONE 280
	FP_ROUTE KMSP..KGFK

TRACK_TIME 1167737286
TRACK A20110117569754 CRJ2 404900 1120000 120 30 999 NONE NONE 320
	FP_ROUTE KSLC..KFAT

TRACK_TIME 1167737286
TRACK A20110117569757 B744 415700 875100 120 30 999 NONE NONE 320
	FP_ROUTE KORD..KHNL

TRACK_TIME 1167737286
TRACK A20110117569759 B712 215860 1591900 120 30 999 NONE NONE 190
	FP_ROUTE KLIH..KOGG

TRACK_TIME 1167737286
TRACK A20110117569766 BE20 412800 972200 120 30 999 NONE NONE 60
	FP_ROUTE KOLU..KGRI

TRACK_TIME 1167737286
TRACK A20110117569777 E135 435260 922700 120 30 999 NONE NONE 230
	FP_ROUTE KRST..KORD

TRACK_TIME 1167737286
TRACK A20110117569778 CRJ2 380300 843460 120 30 999 NONE NONE 250
	FP_ROUTE KLEX..KCLT

TRACK_TIME 1167737286
TRACK A20110117569784 E145 350460 895800 120 30 999 NONE NONE 310
	FP_ROUTE KMEM..KCMH

TRACK_TIME 1167737286
TRACK A20110117569785 B733 352400 973700 120 30 999 NONE NONE 99
	FP_ROUTE KOKC..KDAL

TRACK_TIME 1167737286
TRACK A20110117569787 E170 404300 740900 120 30 999 NONE NONE 400
	FP_ROUTE KEWR..KDTW

TRACK_TIME 1167737286
TRACK A20110117569792 CRJ2 421200 832200 120 30 999 NONE NONE 290
	FP_ROUTE KDTW..KORF

TRACK_TIME 1167737286
TRACK A20110117569794 B737 341060 1182100 120 30 999 NONE NONE 340
	FP_ROUTE KBUR..KOAK

TRACK_TIME 1167737286
TRACK A20110117569795 B738 334000 843000 120 30 999 NONE NONE 290
	FP_ROUTE KATL..KIAD

TRACK_TIME 1167737286
TRACK A20110117569797 E145 254800 801600 120 30 999 NONE NONE 370
	FP_ROUTE KMIA..KCLE

TRACK_TIME 1167737286
TRACK A20110117569798 C560 371360 932400 120 30 999 NONE NONE 360
	FP_ROUTE KSGF..KLUK

TRACK_TIME 1167737286
TRACK A20110117569799 B738 385200 770160 120 30 999 NONE NONE 400
	FP_ROUTE KDCA..KMIA

TRACK_TIME 1167737286
TRACK A20110117569801 E135 364000 1194360 120 30 999 NONE NONE 230
	FP_ROUTE KFAT..KLAX

TRACK_TIME 1167737286
TRACK A20110117569802 E135 385260 770400 120 30 999 NONE NONE 220
	FP_ROUTE KDCA..KRDU

TRACK_TIME 1167737286
TRACK A20110117569803 B737 260460 800760 120 30 999 NONE NONE 410
	FP_ROUTE KFLL..KATL

TRACK_TIME 1167737286
TRACK A20110117569804 LJ35 302560 842200 120 30 999 NONE NONE 370
	FP_ROUTE KTLH..KFXE

TRACK_TIME 1167737286
TRACK A20110117569805 CRJ9 333760 842260 120 30 999 NONE NONE 300
	FP_ROUTE KATL..KJAN

TRACK_TIME 1167737286
TRACK A20110117569809 E170 404300 740900 120 30 999 NONE NONE 340
	FP_ROUTE KEWR..KRDU

TRACK_TIME 1167737286
TRACK A20110117569812 B733 324360 1171360 120 30 999 NONE NONE 340
	FP_ROUTE KSAN..KSJC

TRACK_TIME 1167737286
TRACK A20110117569813 B733 372260 1215700 120 30 999 NONE NONE 360
	FP_ROUTE KSJC..KPDX

TRACK_TIME 1167737286
TRACK A20110117569817 B752 372400 1215800 120 30 999 NONE NONE 370
	FP_ROUTE KSJC..KDEN

TRACK_TIME 1167737286
TRACK A20110117569818 A320 264060 800100 120 30 999 NONE NONE 350
	FP_ROUTE KPBI..KBOS

TRACK_TIME 1167737286
TRACK A20110117569824 B738 254800 801600 120 30 999 NONE NONE 390
	FP_ROUTE KMIA..KRDU

TRACK_TIME 1167737286
TRACK A20110117569838 A320 390300 844060 120 30 999 NONE NONE 390
	FP_ROUTE KCVG..KRSW

TRACK_TIME 1167737286
TRACK A20110117569839 MD83 461360 1190900 120 30 999 NONE NONE 330
	FP_ROUTE KPSC..KLAS

TRACK_TIME 1167737286
TRACK A20110117569841 E145 254800 801600 120 30 999 NONE NONE 340
	FP_ROUTE KMIA..KPNS

TRACK_TIME 1167737286
TRACK A20110117569844 CRJ9 333760 842700 120 30 999 NONE NONE 230
	FP_ROUTE KATL..KTLH

TRACK_TIME 1167737286
TRACK A20110117569849 CRJ2 421060 832400 120 30 999 NONE NONE 280
	FP_ROUTE KDTW..KMCI

TRACK_TIME 1167737286
TRACK A20110117569854 CRJ2 445200 912860 120 30 999 NONE NONE 110
	FP_ROUTE KEAU..KCWA

TRACK_TIME 1167737286
TRACK A20110117569858 B762 182700 655800 120 30 999 NONE NONE 380
	FP_ROUTE KSJU..KCLT

TRACK_TIME 1167737286
TRACK A20110117569859 B737 361200 955260 120 30 999 NONE NONE 230
	FP_ROUTE KTUL..KDAL

TRACK_TIME 1167737286
TRACK A20110117569860 BE20 441200 723400 120 30 999 NONE NONE 161
	FP_ROUTE KMPV..KHPN

TRACK_TIME 1167737286
TRACK A20110117569862 CRJ2 360700 794800 120 30 999 NONE NONE 280
	FP_ROUTE KGSO..KATL

TRACK_TIME 1167737286
TRACK A20110117569863 CRJ2 421200 832100 120 30 999 NONE NONE 310
	FP_ROUTE KDTW..KPVD

TRACK_TIME 1167737286
TRACK A20110117569864 CRJ2 363600 1215260 120 30 999 NONE NONE 90
	FP_ROUTE KMRY..KSFO

TRACK_TIME 1167737286
TRACK A20110117569868 BE20 611500 1500600 120 30 999 NONE NONE 170
	FP_ROUTE KANC..KVDZ

TRACK_TIME 1167737286
TRACK A20110117569869 E170 385200 770300 120 30 999 NONE NONE 210
	FP_ROUTE KDCA..KLGA

TRACK_TIME 1167737286
TRACK A20110117569872 SF34 610700 1495200 120 30 999 NONE NONE 200
	FP_ROUTE KANC..KCDB

TRACK_TIME 1167737286
TRACK A20110117569874 B763 360700 1150900 120 30 999 NONE NONE 360
	FP_ROUTE KLAS..KOGG

TRACK_TIME 1167737286
TRACK A20110117569882 CRJ2 433400 1161500 120 30 999 NONE NONE 340
	FP_ROUTE KBOI..KSFO

TRACK_TIME 1167737286
TRACK A20110117569887 A319 335100 1183300 120 30 999 NONE NONE 370
	FP_ROUTE KLAX..KPIT

TRACK_TIME 1167737286
TRACK A20110117569890 E190 422100 710100 120 30 999 NONE NONE 320
	FP_ROUTE KBOS..KRDU

TRACK_TIME 1167737286
TRACK A20110117569896 B737 181960 645560 120 30 999 NONE NONE 380
	FP_ROUTE KSTT..KEWR

TRACK_TIME 1167737286
TRACK A20110117569906 E145 412500 815100 120 30 999 NONE NONE 220
	FP_ROUTE KCLE..KIND

TRACK_TIME 1167737286
TRACK A20110117569907 CRJ2 333760 842860 120 30 999 NONE NONE 270
	FP_ROUTE KATL..KFAY

TRACK_TIME 1167737286
TRACK A20110117569916 DH8D 472560 1221900 120 30 999 NONE NONE 170
	FP_ROUTE KSEA..KPSC

TRACK_TIME 1167737286
TRACK A20110117569918 C550 380760 1215400 120 30 999 NONE NONE 140
	FP_ROUTE KCCR..KRNO

TRACK_TIME 1167737286
TRACK A20110117569921 B738 300000 901660 120 30 999 NONE NONE 390
	FP_ROUTE KMSY..KMIA

TRACK_TIME 1167737286
TRACK A20110117569922 C550 393000 1194600 120 30 999 NONE NONE 180
	FP_ROUTE KRNO..KCCR

TRACK_TIME 1167737286
TRACK A20110117569928 DH8D 384000 1213760 120 30 999 NONE NONE 250
	FP_ROUTE KSMF..KPDX

TRACK_TIME 1167737286
TRACK A20110117569930 A321 351200 805560 120 30 999 NONE NONE 170
	FP_ROUTE KCLT..KRDU

TRACK_TIME 1167737286
TRACK A20110117569931 CRJ2 324500 1171360 120 30 999 NONE NONE 370
	FP_ROUTE KSAN..KCOS

TRACK_TIME 1167737286
TRACK A20110117569932 B738 282700 811960 120 30 999 NONE NONE 380
	FP_ROUTE KMCO..KDFW

TRACK_TIME 1167737286
TRACK A20110117569936 B738 325100 970300 120 30 999 NONE NONE 380
	FP_ROUTE KDFW..KPHX

TRACK_TIME 1167737286
TRACK A20110117569939 CRJ2 394600 1043900 120 30 999 NONE NONE 360
	FP_ROUTE KDEN..KPSP

TRACK_TIME 1167737286
TRACK A20110117569944 B738 282560 811800 120 30 999 NONE NONE 370
	FP_ROUTE KMCO..KJFK

TRACK_TIME 1167737286
TRACK A20110117569950 A319 422200 705860 120 30 999 NONE NONE 160
	FP_ROUTE KBOS..KLGA

TRACK_TIME 1167737286
TRACK A20110117569951 SF34 295800 952100 120 30 999 NONE NONE 40
	FP_ROUTE KIAH..KBPT

TRACK_TIME 1167737286
TRACK A20110117569957 B733 360600 1150900 120 30 999 NONE NONE 340
	FP_ROUTE KLAS..KRNO

TRACK_TIME 1167737286
TRACK A20110117569958 CRJ2 294060 821500 120 30 999 NONE NONE 290
	FP_ROUTE KGNV..KCLT

TRACK_TIME 1167737286
TRACK A20110117569962 B738 211660 1575560 120 30 999 NONE NONE 370
	FP_ROUTE KHNL..KLAX

TRACK_TIME 1167737286
TRACK A20110117569964 B737 393160 1194660 120 30 999 NONE NONE 340
	FP_ROUTE KRNO..KPDX

TRACK_TIME 1167737286
TRACK A20110117569966 E170 445100 931360 120 30 999 NONE NONE 320
	FP_ROUTE KMSP..KMCI

TRACK_TIME 1167737286
TRACK A20110117569969 CRJ2 421200 832260 120 30 999 NONE NONE 40
	FP_ROUTE KDTW..KFNT

TRACK_TIME 1167737286
TRACK A20110117569973 CRJ2 351060 805700 120 30 999 NONE NONE 340
	FP_ROUTE KCLT..KBTR

TRACK_TIME 1167737286
TRACK A20110117569987 CRJ2 350160 895860 120 30 999 NONE NONE 280
	FP_ROUTE KMEM..KXNA

TRACK_TIME 1167737286
TRACK A20110117569989 CRJ2 361600 941800 120 30 999 NONE NONE 270
	FP_ROUTE KXNA..KMEM

TRACK_TIME 1167737286
TRACK A20110117569998 CRJ2 345800 851300 120 30 999 NONE NONE 190
	FP_ROUTE KCHA..KCLT

TRACK_TIME 1167737286
TRACK A20110117570001 A319 373760 1222200 120 30 999 NONE NONE 350
	FP_ROUTE KSFO..KIAD

TRACK_TIME 1167737286
TRACK A20110117570003 B738 611800 1495860 120 30 999 NONE NONE 370
	FP_ROUTE KANC..KSEA

TRACK_TIME 1167737286
TRACK A20110117570009 A319 335700 1182700 120 30 999 NONE NONE 380
	FP_ROUTE KLAX..KSFO

TRACK_TIME 1167737286
TRACK A20110117570011 CRJ2 415860 875100 120 30 999 NONE NONE 330
	FP_ROUTE KORD..KHPN

TRACK_TIME 1167737286
TRACK A20110117570015 B733 301900 974500 120 30 999 NONE NONE 260
	FP_ROUTE KAUS..KLBB

TRACK_TIME 1167737286
TRACK A20110117570018 E170 384360 901500 120 30 999 NONE NONE 120
	FP_ROUTE KSTL..KDTW

TRACK_TIME 1167737286
TRACK A20110117570021 CRJ2 421200 832200 120 30 999 NONE NONE 250
	FP_ROUTE KDTW..KSYR

TRACK_TIME 1167737286
TRACK A20110117570023 B737 335700 1182800 120 30 999 NONE NONE 411
	FP_ROUTE KLAX..KDEN

TRACK_TIME 1167737286
TRACK A20110117570026 E145 404360 740700 120 30 999 NONE NONE 220
	FP_ROUTE KEWR..KDCA

TRACK_TIME 1167737286
TRACK A20110117570028 B733 325200 965200 120 30 999 NONE NONE 220
	FP_ROUTE KDAL..KAUS

TRACK_TIME 1167737286
TRACK A20110117570031 CRJ2 430600 760600 120 30 999 NONE NONE 280
	FP_ROUTE KSYR..KDTW

TRACK_TIME 1167737286
TRACK A20110117570032 E170 404900 735260 120 30 999 NONE NONE 220
	FP_ROUTE KLGA..KDCA

TRACK_TIME 1167737286
TRACK A20110117570036 B737 395260 1043300 120 30 999 NONE NONE 390
	FP_ROUTE KDEN..KBOS

TRACK_TIME 1167737286
TRACK A20110117570037 B737 422200 705800 120 30 999 NONE NONE 300
	FP_ROUTE KBOS..KBWI

TRACK_TIME 1167737286
TRACK A20110117570038 B772 211660 1575560 120 30 999 NONE NONE 370
	FP_ROUTE KHNL..KORD

TRACK_TIME 1167737286
TRACK A20110117570043 E145 355400 784660 120 30 999 NONE NONE 330
	FP_ROUTE KRDU..KJFK

TRACK_TIME 1167737286
TRACK A20110117570053 E170 394960 1044500 120 30 999 NONE NONE 340
	FP_ROUTE KDEN..KSLC

TRACK_TIME 1167737286
TRACK A20110117570054 B752 254660 801900 120 30 999 NONE NONE 370
	FP_ROUTE KMIA..KATL

TRACK_TIME 1167737286
TRACK A20110117570065 B752 282560 811800 120 30 999 NONE NONE 370
	FP_ROUTE KMCO..KDTW

TRACK_TIME 1167737286
TRACK A20110117570071 B752 333760 841900 120 30 999 NONE NONE 390
	FP_ROUTE KATL..KPHL

TRACK_TIME 1167737286
TRACK A20110117570077 CRJ1 390160 843900 120 30 999 NONE NONE 210
	FP_ROUTE KCVG..KRIC

TRACK_TIME 1167737286
TRACK A20110117570078 E145 295860 951800 120 30 999 NONE NONE 350
	FP_ROUTE KIAH..KIND

TRACK_TIME 1167737286
TRACK A20110117570084 E145 385400 770460 120 30 999 NONE NONE 260
	FP_ROUTE KDCA..KCLE

TRACK_TIME 1167737286
TRACK A20110117570089 CRJ2 400000 825800 120 30 999 NONE NONE 120
	FP_ROUTE KCMH..KDTW

TRACK_TIME 1167737286
TRACK A20110117570092 A319 333760 842260 120 30 999 NONE NONE 390
	FP_ROUTE KATL..KPHL

TRACK_TIME 1167737286
TRACK A20110117570093 A319 385400 770400 120 30 999 NONE NONE 230
	FP_ROUTE KDCA..KBOS

TRACK_TIME 1167737286
TRACK A20110117570100 B738 335700 1183000 120 30 999 NONE NONE 380
	FP_ROUTE KLAX..KSEA

TRACK_TIME 1167737286
TRACK A20110117570101 E145 425560 875400 120 30 999 NONE NONE 100
	FP_ROUTE KMKE..KMSN

TRACK_TIME 1167737286
TRACK A20110117570103 CRJ2 444960 931200 120 30 999 NONE NONE 290
	FP_ROUTE KMSP..KCVG

TRACK_TIME 1167737286
TRACK A20110117570104 CRJ2 425560 875400 120 30 999 NONE NONE 340
	FP_ROUTE KMKE..KDEN

TRACK_TIME 1167737286
TRACK A20110117570107 B734 264200 800000 120 30 999 NONE NONE 330
	FP_ROUTE KPBI..KCLT

TRACK_TIME 1167737286
TRACK A20110117570108 B762 254800 801600 120 30 999 NONE NONE 390
	FP_ROUTE KMIA..KJFK

TRACK_TIME 1167737286
TRACK A20110117570113 DH8A 371800 795800 120 30 999 NONE NONE 120
	FP_ROUTE KROA..KLGA

TRACK_TIME 1167737286
TRACK A20110117570114 C560 293100 982800 120 30 999 NONE NONE 160
	FP_ROUTE KSAT..KLRD

TRACK_TIME 1167737286
TRACK A20110117570115 CRJ2 404900 1120000 120 30 999 NONE NONE 330
	FP_ROUTE KSLC..KBIL

TRACK_TIME 1167737286
TRACK A20110117570117 B738 325200 970160 120 30 999 NONE NONE 370
	FP_ROUTE KDFW..KJFK

TRACK_TIME 1167737286
TRACK A20110117570125 B752 260460 800760 120 30 999 NONE NONE 390
	FP_ROUTE KFLL..KDTW

TRACK_TIME 1167737286
TRACK A20110117570126 CRJ2 390900 1083600 120 30 999 NONE NONE 260
	FP_ROUTE KGJT..KSLC

TRACK_TIME 1167737286
TRACK A20110117570128 E145 385700 773000 120 30 999 NONE NONE 170
	FP_ROUTE KIAD..KJFK

TRACK_TIME 1167737286
TRACK A20110117570129 E190 410460 734300 120 30 999 NONE NONE 340
	FP_ROUTE KHPN..KTPA

TRACK_TIME 1167737286
TRACK A20110117570132 CRJ2 350160 770600 120 30 999 NONE NONE 110
	FP_ROUTE KEWN..KCLT

TRACK_TIME 1167737286
TRACK A20110117570135 E135 420000 875560 120 30 999 NONE NONE 150
	FP_ROUTE KORD..KIND

TRACK_TIME 1167737286
TRACK A20110117570136 C750 362100 940700 120 30 999 NONE NONE 410
	FP_ROUTE KROG..KJYO

TRACK_TIME 1167737286
TRACK A20110117570137 MD82 324960 970300 120 30 999 NONE NONE 340
	FP_ROUTE KDFW..KSAN

TRACK_TIME 1167737286
TRACK A20110117570139 B733 282400 811800 120 30 999 NONE NONE 350
	FP_ROUTE KMCO..KPVD

TRACK_TIME 1167737286
TRACK A20110117570141 MD82 373160 772100 120 30 999 NONE NONE 320
	FP_ROUTE KRIC..KDFW

TRACK_TIME 1167737286
TRACK A20110117570142 C750 390300 773460 120 30 999 NONE NONE 110
	FP_ROUTE KJYO..KPHF

TRACK_TIME 1167737286
TRACK A20110117570143 E135 395860 841600 120 30 999 NONE NONE 220
	FP_ROUTE KDAY..KORD

TRACK_TIME 1167737286
TRACK A20110117570150 E145 430600 774200 120 30 999 NONE NONE 360
	FP_ROUTE KROC..KORD

TRACK_TIME 1167737286
TRACK A20110117570151 CRJ2 390300 844060 120 30 999 NONE NONE 240
	FP_ROUTE KCVG..KMSP

TRACK_TIME 1167737286
TRACK A20110117570152 E145 391000 764500 120 30 999 NONE NONE 340
	FP_ROUTE KBWI..KORD

TRACK_TIME 1167737286
TRACK A20110117570159 CRJ2 445500 931360 120 30 999 NONE NONE 250
	FP_ROUTE KMSP..KATW

TRACK_TIME 1167737286
TRACK A20110117570161 A319 351060 805560 120 30 999 NONE NONE 270
	FP_ROUTE KCLT..KABE

TRACK_TIME 1167737286
TRACK A20110117570164 E135 421060 832200 120 30 999 NONE NONE 370
	FP_ROUTE KDTW..KLGA

TRACK_TIME 1167737286
TRACK A20110117570167 A320 334000 842100 120 30 999 NONE NONE 350
	FP_ROUTE KATL..KBOS

TRACK_TIME 1167737286
TRACK A20110117570175 B738 340900 1182200 120 30 999 NONE NONE 360
	FP_ROUTE KBUR..KSEA

TRACK_TIME 1167737286
TRACK A20110117570183 BE20 422200 734060 120 30 999 NONE NONE 150
	FP_ROUTE K1B1..KMPV

TRACK_TIME 1167737286
TRACK A20110117570185 CRJ2 385200 770300 120 30 999 NONE NONE 300
	FP_ROUTE KDCA..KTYS

TRACK_TIME 1167737286
TRACK A20110117570186 E145 295860 951900 120 30 999 NONE NONE 310
	FP_ROUTE KIAH..KSDF

TRACK_TIME 1167737286
TRACK A20110117570187 A320 400000 825200 120 30 999 NONE NONE 300
	FP_ROUTE KCMH..KATL

TRACK_TIME 1167737286
TRACK A20110117570192 B737 414600 874600 120 30 999 NONE NONE 400
	FP_ROUTE KMDW..KMCO

TRACK_TIME 1167737286
TRACK A20110117570196 A320 404600 1120000 120 30 999 NONE NONE 350
	FP_ROUTE KSLC..KIND

TRACK_TIME 1167737286
TRACK A20110117570197 MU2 330160 1153600 120 30 999 NONE NONE 210
	FP_ROUTE KBWC..KPGA

TRACK_TIME 1167737286
TRACK A20110117570203 E170 402860 801200 120 30 999 NONE NONE 330
	FP_ROUTE KPIT..KBOS

TRACK_TIME 1167737286
TRACK A20110117570207 A320 324500 1171360 120 30 999 NONE NONE 350
	FP_ROUTE KSAN..KPHL

TRACK_TIME 1167737286
TRACK A20110117570208 B737 333400 864500 120 30 999 NONE NONE 380
	FP_ROUTE KBHM..KDAL

TRACK_TIME 1167737286
TRACK A20110117570210 B733 324960 964900 120 30 999 NONE NONE 50
	FP_ROUTE KDAL..KOKC

TRACK_TIME 1167737286
TRACK A20110117570211 B733 352200 973700 120 30 999 NONE NONE 340
	FP_ROUTE KOKC..KDEN

TRACK_TIME 1167737286
TRACK A20110117570215 B733 395260 1043400 120 30 999 NONE NONE 330
	FP_ROUTE KDEN..KMDW

TRACK_TIME 1167737286
TRACK A20110117570225 B712 194300 1550100 120 30 999 NONE NONE 280
	FP_ROUTE KITO..KHNL

TRACK_TIME 1167737286
TRACK A20110117570228 B712 333900 842700 120 30 999 NONE NONE 290
	FP_ROUTE KATL..KBWI

TRACK_TIME 1167737286
TRACK A20110117570229 B712 391060 764300 120 30 999 NONE NONE 360
	FP_ROUTE KBWI..KTPA

TRACK_TIME 1167737286
TRACK A20110117570231 B737 425560 834500 120 30 999 NONE NONE 400
	FP_ROUTE KFNT..KATL

TRACK_TIME 1167737286
TRACK A20110117570234 B712 211900 1575800 120 30 999 NONE NONE 270
	FP_ROUTE KHNL..KITO

TRACK_TIME 1167737286
TRACK A20110117570236 B712 333700 843000 120 30 999 NONE NONE 370
	FP_ROUTE KATL..KACY

TRACK_TIME 1167737286
TRACK A20110117570237 BE20 415100 713900 120 30 999 NONE NONE 105
	FP_ROUTE KSFZ..KHPN

TRACK_TIME 1167737286
TRACK A20110117570238 B712 272500 823600 120 30 999 NONE NONE 320
	FP_ROUTE KSRQ..KMDW

TRACK_TIME 1167737286
TRACK A20110117570243 E145 295700 952100 120 30 999 NONE NONE 210
	FP_ROUTE KIAH..KBTR

TRACK_TIME 1167737286
TRACK A20110117570244 CRJ2 421200 832260 120 30 999 NONE NONE 300
	FP_ROUTE KDTW..KSAW

TRACK_TIME 1167737286
TRACK A20110117570245 MD83 325700 970160 120 30 999 NONE NONE 290
	FP_ROUTE KDFW..KRDU

TRACK_TIME 1167737286
TRACK A20110117570248 B737 282400 811800 120 30 999 NONE NONE 390
	FP_ROUTE KMCO..KBWI

TRACK_TIME 1167737286
TRACK A20110117570250 E190 411800 955400 120 30 999 NONE NONE 380
	FP_ROUTE KOMA..KDEN

TRACK_TIME 1167737286
TRACK A20110117570251 CRJ9 314800 1062400 120 30 999 NONE NONE 260
	FP_ROUTE KELP..KPHX

TRACK_TIME 1167737286
TRACK A20110117570253 DH8C 395200 751600 120 30 999 NONE NONE 70
	FP_ROUTE KPHL..KEWR

TRACK_TIME 1167737286
TRACK A20110117570255 A319 360700 1150900 120 30 999 NONE NONE 280
	FP_ROUTE KLAS..KLAX

TRACK_TIME 1167737286
TRACK A20110117570258 CRJ2 395400 750900 120 30 999 NONE NONE 90
	FP_ROUTE KPHL..KITH

TRACK_TIME 1167737286
TRACK A20110117570259 B737 333900 842860 120 30 999 NONE NONE 400
	FP_ROUTE KATL..KMKE

TRACK_TIME 1167737286
TRACK A20110117570260 CRJ9 422200 705860 120 30 999 NONE NONE 220
	FP_ROUTE KBOS..KJFK

TRACK_TIME 1167737286
TRACK A20110117570261 CRJ2 422560 762400 120 30 999 NONE NONE 40
	FP_ROUTE KITH..KPHL

TRACK_TIME 1167737286
TRACK A20110117570262 E145 412500 814660 120 30 999 NONE NONE 230
	FP_ROUTE KCLE..KDCA

TRACK_TIME 1167737286
TRACK A20110117570263 E145 385200 770300 120 30 999 NONE NONE 170
	FP_ROUTE KDCA..KEWR

TRACK_TIME 1167737286
TRACK A20110117570270 B753 282400 811800 120 30 999 NONE NONE 340
	FP_ROUTE KMCO..KMSP

TRACK_TIME 1167737286
TRACK A20110117570272 B734 582100 1521000 120 30 999 NONE NONE 320
	FP_ROUTE KADQ..KANC

TRACK_TIME 1167737286
TRACK A20110117570276 MD83 260460 800760 120 30 999 NONE NONE 330
	FP_ROUTE KFLL..KTYS

TRACK_TIME 1167737286
TRACK A20110117570277 B738 403900 734960 120 30 999 NONE NONE 400
	FP_ROUTE KJFK..KTPA

TRACK_TIME 1167737286
TRACK A20110117570283 BE9L 322500 974800 120 30 999 NONE NONE 150
	FP_ROUTE KGDJ..KBEA

TRACK_TIME 1167737286
TRACK A20110117570284 BE9L 282200 974800 120 30 999 NONE NONE 140
	FP_ROUTE KBEA..KSEP

TRACK_TIME 1167737286
TRACK A20110117570286 E190 422100 710100 120 30 999 NONE NONE 280
	FP_ROUTE KBOS..KPHL

TRACK_TIME 1167737286
TRACK A20110117570288 LJ45 424360 860300 120 30 999 NONE NONE 410
	FP_ROUTE KBIV..KFXE

TRACK_TIME 1167737286
TRACK A20110117570290 B752 420100 875700 120 30 999 NONE NONE 380
	FP_ROUTE KORD..KLAX

TRACK_TIME 1167737286
TRACK A20110117570292 LJ45 261200 801000 120 30 999 NONE NONE 400
	FP_ROUTE KFXE..KBIV

TRACK_TIME 1167737286
TRACK A20110117570299 A320 373900 1221960 120 30 999 NONE NONE 350
	FP_ROUTE KSFO..KPIT

TRACK_TIME 1167737286
TRACK A20110117570314 CRJ2 385200 770300 120 30 999 NONE NONE 240
	FP_ROUTE KDCA..KGSO

TRACK_TIME 1167737286
TRACK A20110117570325 CRJ2 390300 844060 120 30 999 NONE NONE 280
	FP_ROUTE KCVG..KMSP

TRACK_TIME 1167737286
TRACK A20110117570330 B744 404000 734300 120 30 999 NONE NONE 340
	FP_ROUTE KJFK..KANC

TRACK_TIME 1167737286
TRACK A20110117570341 CRJ2 333900 842200 120 30 999 NONE NONE 240
	FP_ROUTE KATL..KJAN

TRACK_TIME 1167737286
TRACK A20110117570344 CRJ2 321500 900300 120 30 999 NONE NONE 240
	FP_ROUTE KJAN..KATL

TRACK_TIME 1167737286
TRACK A20110117570345 CRJ2 373760 972560 120 30 999 NONE NONE 310
	FP_ROUTE KICT..KMSP

TRACK_TIME 1167737286
TRACK A20110117570350 CL60 430160 881300 120 30 999 NONE NONE 390
	FP_ROUTE KUES..KCLT

TRACK_TIME 1167737286
TRACK A20110117570355 SF34 610160 1502100 120 30 999 NONE NONE 200
	FP_ROUTE KANC..KAKN

TRACK_TIME 1167737286
TRACK A20110117570356 B733 293900 951800 120 30 999 NONE NONE 330
	FP_ROUTE KHOU..KMSY

TRACK_TIME 1167737286
TRACK A20110117570357 FA7X 385500 772560 120 30 999 NONE NONE 380
	FP_ROUTE KIAD..KSPI

TRACK_TIME 1167737286
TRACK A20110117570358 E145 403900 734900 120 30 999 NONE NONE 260
	FP_ROUTE KJFK..KCLE

TRACK_TIME 1167737286
TRACK A20110117570359 E145 373160 771900 120 30 999 NONE NONE 360
	FP_ROUTE KRIC..KMIA

TRACK_TIME 1167737286
TRACK A20110117570363 F2TH 305500 835200 120 30 999 NONE NONE 410
	FP_ROUTE KTVI..KPWK

TRACK_TIME 1167737286
TRACK A20110117570367 SF34 583600 1564900 120 30 999 NONE NONE 200
	FP_ROUTE KAKN..KDUT

TRACK_TIME 1167737286
TRACK A20110117570368 CL60 351060 805700 120 30 999 NONE NONE 320
	FP_ROUTE KCLT..KUES

TRACK_TIME 1167737286
TRACK A20110117570369 B737 472560 1221900 120 30 999 NONE NONE 390
	FP_ROUTE KSEA..KSMF

TRACK_TIME 1167737286
TRACK A20110117570370 A320 334960 1181060 120 30 999 NONE NONE 300
	FP_ROUTE KLGB..KOAK

TRACK_TIME 1167737286
TRACK A20110117570373 B752 374000 1221900 120 30 999 NONE NONE 370
	FP_ROUTE KSFO..KBOS

TRACK_TIME 1167737286
TRACK A20110117570375 B738 295700 952100 120 30 999 NONE NONE 370
	FP_ROUTE KIAH..KIAD

TRACK_TIME 1167737286
TRACK A20110117570376 MD11 325260 970300 120 30 999 NONE NONE 380
	FP_ROUTE KDFW..KLAX

TRACK_TIME 1167737286
TRACK A20110117570377 MD82 325200 970300 120 30 999 NONE NONE 320
	FP_ROUTE KDFW..KLAX

TRACK_TIME 1167737286
TRACK A20110117570378 B737 472560 1221900 120 30 999 NONE NONE 350
	FP_ROUTE KSEA..KSNA

TRACK_TIME 1167737286
TRACK A20110117570382 E135 324960 970400 120 30 999 NONE NONE 360
	FP_ROUTE KDFW..KCYS

TRACK_TIME 1167737286
TRACK A20110117570392 DH8D 383900 1213700 120 30 999 NONE NONE 240
	FP_ROUTE KSMF..KPDX

TRACK_TIME 1167737286
TRACK A20110117570394 CRJ2 333760 842260 120 30 999 NONE NONE 260
	FP_ROUTE KATL..KVPS

TRACK_TIME 1167737286
TRACK A20110117570401 C560 374360 1215200 120 30 999 NONE NONE 290
	FP_ROUTE KLVK..KSBA

TRACK_TIME 1167737286
TRACK A20110117570403 E170 351360 805560 120 30 999 NONE NONE 200
	FP_ROUTE KCLT..KSAV

TRACK_TIME 1167737286
TRACK A20110117570410 CRJ1 390000 843760 120 30 999 NONE NONE 210
	FP_ROUTE KCVG..KPIT

TRACK_TIME 1167737286
TRACK A20110117570411 A320 325200 970160 120 30 999 NONE NONE 370
	FP_ROUTE KDFW..KATL

TRACK_TIME 1167737286
TRACK A20110117570412 E145 302860 911300 120 30 999 NONE NONE 220
	FP_ROUTE KBTR..KIAH

TRACK_TIME 1167737286
TRACK A20110117570417 LJ45 335700 841660 120 30 999 NONE NONE 350
	FP_ROUTE KPDK..KPIT

TRACK_TIME 1167737286
TRACK A20110117570418 CL60 275560 824200 120 30 999 NONE NONE 380
	FP_ROUTE KPIE..KSUS

TRACK_TIME 1167737286
TRACK A20110117570419 CRJ9 334960 1181360 120 30 999 NONE NONE 330
	FP_ROUTE KLGB..KPHX

TRACK_TIME 1167737286
TRACK A20110117570420 E190 403900 734600 120 30 999 NONE NONE 220
	FP_ROUTE KJFK..KBUF

TRACK_TIME 1167737286
TRACK A20110117570421 CRJ9 332560 1120160 120 30 999 NONE NONE 350
	FP_ROUTE KPHX..KAUS

TRACK_TIME 1167737286
TRACK A20110117570424 F900 385260 772860 120 30 999 NONE NONE 380
	FP_ROUTE KIAD..KSBA

TRACK_TIME 1167737286
TRACK A20110117570428 SF34 295800 952100 120 30 999 NONE NONE 120
	FP_ROUTE KIAH..KACT

TRACK_TIME 1167737286
TRACK A20110117570435 E170 395100 1044600 120 30 999 NONE NONE 340
	FP_ROUTE KDEN..KSMF

TRACK_TIME 1167737286
TRACK A20110117570443 H25A 382800 1070160 120 30 999 NONE NONE 370
	FP_ROUTE KGUC..KDAL

TRACK_TIME 1167737286
TRACK A20110117570459 CRJ2 361360 941900 120 30 999 NONE NONE 320
	FP_ROUTE KXNA..KMSP

TRACK_TIME 1167737286
TRACK A20110117570466 B738 472560 1221800 120 30 999 NONE NONE 390
	FP_ROUTE KSEA..KOAK

TRACK_TIME 1167737286
TRACK A20110117570470 E135 360600 864060 120 30 999 NONE NONE 230
	FP_ROUTE KBNA..KORD

TRACK_TIME 1167737286
TRACK A20110117570477 A319 351200 805700 120 30 999 NONE NONE 280
	FP_ROUTE KCLT..KBNA

TRACK_TIME 1167737286
TRACK A20110117570478 E190 404800 735200 120 30 999 NONE NONE 110
	FP_ROUTE KLGA..KBOS

TRACK_TIME 1167737286
TRACK A20110117570483 A320 282260 811800 120 30 999 NONE NONE 370
	FP_ROUTE KMCO..KBOS

TRACK_TIME 1167737286
TRACK A20110117570485 E190 422200 705800 120 30 999 NONE NONE 60
	FP_ROUTE KBOS..KPHL

TRACK_TIME 1167737286
TRACK A20110117570487 B737 293900 951800 120 30 999 NONE NONE 380
	FP_ROUTE KHOU..KOKC

TRACK_TIME 1167737286
TRACK A20110117570489 C550 394660 855700 120 30 999 NONE NONE 390
	FP_ROUTE KMQJ..KAPF

TRACK_TIME 1167737286
TRACK A20110117570490 E145 261000 981360 120 30 999 NONE NONE 190
	FP_ROUTE KMFE..KIAH

TRACK_TIME 1167737286
TRACK A20110117570492 CRJ2 425500 875400 120 30 999 NONE NONE 330
	FP_ROUTE KMKE..KCLT

TRACK_TIME 1167737286
TRACK A20110117570508 A320 422260 710160 120 30 999 NONE NONE 360
	FP_ROUTE KBOS..KFLL

TRACK_TIME 1167737286
TRACK A20110117570522 B738 472560 1221800 120 30 999 NONE NONE 350
	FP_ROUTE KSEA..KSJC

TRACK_TIME 1167737286
TRACK A20110117570527 E190 391500 944660 120 30 999 NONE NONE 340
	FP_ROUTE KMCI..KSEA

TRACK_TIME 1167737286
TRACK A20110117570530 CRJ2 421300 832100 120 30 999 NONE NONE 160
	FP_ROUTE KDTW..KDAY

TRACK_TIME 1167737286
TRACK A20110117570532 B738 404300 740900 120 30 999 NONE NONE 360
	FP_ROUTE KEWR..KLAX

TRACK_TIME 1167737286
TRACK A20110117570535 A320 333900 842860 120 30 999 NONE NONE 340
	FP_ROUTE KATL..KJAN

TRACK_TIME 1167737286
TRACK A20110117570538 MD82 385560 773300 120 30 999 NONE NONE 320
	FP_ROUTE KIAD..KDFW

TRACK_TIME 1167737286
TRACK A20110117570543 B738 254800 801900 120 30 999 NONE NONE 370
	FP_ROUTE KMIA..KSJU

TRACK_TIME 1167737286
TRACK A20110117570550 AT72 325260 970400 120 30 999 NONE NONE 80
	FP_ROUTE KDFW..KLAW

TRACK_TIME 1167737286
TRACK A20110117570552 B753 415800 875560 120 30 999 NONE NONE 360
	FP_ROUTE KORD..KIAH

TRACK_TIME 1167737286
TRACK A20110117570553 MD82 325100 970160 120 30 999 NONE NONE 270
	FP_ROUTE KDFW..KXNA

TRACK_TIME 1167737286
TRACK A20110117570555 B712 205500 1562500 120 30 999 NONE NONE 160
	FP_ROUTE KOGG..KHNL

TRACK_TIME 1167737286
TRACK A20110117570568 CRJ2 332560 1115860 120 30 999 NONE NONE 260
	FP_ROUTE KPHX..KLAX

TRACK_TIME 1167737286
TRACK A20110117570577 B737 472560 1221800 120 30 999 NONE NONE 410
	FP_ROUTE KSEA..KPHX

TRACK_TIME 1167737286
TRACK A20110117570578 E145 302860 911060 120 30 999 NONE NONE 200
	FP_ROUTE KBTR..KIAH

TRACK_TIME 1167737286
TRACK A20110117570580 A320 421060 832100 120 30 999 NONE NONE 370
	FP_ROUTE KDTW..KTPA

TRACK_TIME 1167737286
TRACK A20110117570585 A320 421200 832100 120 30 999 NONE NONE 350
	FP_ROUTE KDTW..KMIA

TRACK_TIME 1167737286
TRACK A20110117570587 A320 335700 1182700 120 30 999 NONE NONE 360
	FP_ROUTE KLAX..KSFO

TRACK_TIME 1167737286
TRACK A20110117570594 B738 333900 842260 120 30 999 NONE NONE 280
	FP_ROUTE KATL..KBNA

TRACK_TIME 1167737286
TRACK A20110117570595 B733 384360 901660 120 30 999 NONE NONE 360
	FP_ROUTE KSTL..KOKC

TRACK_TIME 1167737286
TRACK A20110117570600 B752 325400 970300 120 30 999 NONE NONE 240
	FP_ROUTE KDFW..KLAX

TRACK_TIME 1167737286
TRACK A20110117570601 B738 472560 1221900 120 30 999 NONE NONE 390
	FP_ROUTE KSEA..KOAK

TRACK_TIME 1167737286
TRACK A20110117570603 B737 372400 1215800 120 30 999 NONE NONE 410
	FP_ROUTE KSJC..KONT

TRACK_TIME 1167737286
TRACK A20110117570605 A306 404600 1115800 120 30 999 NONE NONE 320
	FP_ROUTE KSLC..KSJC

TRACK_TIME 1167737286
TRACK A20110117570606 E145 385560 773100 120 30 999 NONE NONE 280
	FP_ROUTE KIAD..KTYS

TRACK_TIME 1167737286
TRACK A20110117570607 A320 350300 895860 120 30 999 NONE NONE 320
	FP_ROUTE KMEM..KSLC

TRACK_TIME 1167737286
TRACK A20110117570608 MD83 325560 970160 120 30 999 NONE NONE 240
	FP_ROUTE KDFW..KICT

TRACK_TIME 1167737286
TRACK A20110117570609 B738 472560 1221900 120 30 999 NONE NONE 390
	FP_ROUTE KSEA..KLAS

TRACK_TIME 1167737286
TRACK A20110117570611 A320 422200 705800 120 30 999 NONE NONE 360
	FP_ROUTE KBOS..KSJC

TRACK_TIME 1167737286
TRACK A20110117570615 A320 403760 735200 120 30 999 NONE NONE 360
	FP_ROUTE KJFK..KLGB

TRACK_TIME 1167737286
TRACK A20110117570617 MD82 325560 970400 120 30 999 NONE NONE 220
	FP_ROUTE KDFW..KAUS

TRACK_TIME 1167737286
TRACK A20110117570618 B733 324360 1171360 120 30 999 NONE NONE 340
	FP_ROUTE KSAN..KOAK

TRACK_TIME 1167737286
TRACK A20110117570619 B733 374360 1221500 120 30 999 NONE NONE 330
	FP_ROUTE KOAK..KLAS

TRACK_TIME 1167737286
TRACK A20110117570621 B735 335560 1182800 120 30 999 NONE NONE 330
	FP_ROUTE KLAX..KPHX

TRACK_TIME 1167737286
TRACK A20110117570622 CRJ9 373760 1222200 120 30 999 NONE NONE 350
	FP_ROUTE KSFO..KLAX

TRACK_TIME 1167737286
TRACK A20110117570624 BE20 415260 713160 120 30 999 NONE NONE 105
	FP_ROUTE KSFZ..KBLM

TRACK_TIME 1167737286
TRACK A20110117570629 B752 333760 842260 120 30 999 NONE NONE 390
	FP_ROUTE KATL..KMIA

TRACK_TIME 1167737286
TRACK A20110117570633 B737 340300 1173760 120 30 999 NONE NONE 380
	FP_ROUTE KONT..KSJC

TRACK_TIME 1167737286
TRACK A20110117570636 CRJ1 390160 843900 120 30 999 NONE NONE 270
	FP_ROUTE KCVG..KGSO

TRACK_TIME 1167737286
TRACK A20110117570639 A320 404300 740900 120 30 999 NONE NONE 379
	FP_ROUTE KEWR..KFLL

TRACK_TIME 1167737286
TRACK A20110117570640 E170 351060 805700 120 30 999 NONE NONE 320
	FP_ROUTE KCLT..KIND

TRACK_TIME 1167737286
TRACK A20110117570652 DH8A 211900 1575700 120 30 999 NONE NONE 70
	FP_ROUTE KHNL..KJHM

TRACK_TIME 1167737286
TRACK A20110117570654 FA50 335100 1181300 120 30 999 NONE NONE 320
	FP_ROUTE KLGB..KOAK

TRACK_TIME 1167737286
TRACK A20110117570655 FA50 374360 1221600 120 30 999 NONE NONE 330
	FP_ROUTE KOAK..KLGB

TRACK_TIME 1167737286
TRACK A20110117570657 B737 260460 800760 120 30 999 NONE NONE 380
	FP_ROUTE KFLL..KMDW

TRACK_TIME 1167737286
TRACK A20110117570664 DH8A 404800 735200 120 30 999 NONE NONE 170
	FP_ROUTE KLGA..KBTV

TRACK_TIME 1167737286
TRACK A20110117570679 B738 264060 800100 120 30 999 NONE NONE 369
	FP_ROUTE KPBI..KEWR

TRACK_TIME 1167737286
TRACK A20110117570684 CRJ9 325400 970300 120 30 999 NONE NONE 360
	FP_ROUTE KDFW..KSLC

TRACK_TIME 1167737286
TRACK A20110117570686 CRJ9 420000 875700 120 30 999 NONE NONE 340
	FP_ROUTE KORD..KSLC

TRACK_TIME 1167737286
TRACK A20110117570687 CRJ2 404600 1115800 120 30 999 NONE NONE 320
	FP_ROUTE KSLC..KMSO

TRACK_TIME 1167737286
TRACK A20110117570689 B737 332560 1120160 120 30 999 NONE NONE 370
	FP_ROUTE KPHX..KMDW

TRACK_TIME 1167737286
TRACK A20110117570695 B733 395560 1044060 120 30 999 NONE NONE 360
	FP_ROUTE KDEN..KSLC

TRACK_TIME 1167737286
TRACK A20110117570696 CRJ2 421060 832200 120 30 999 NONE NONE 310
	FP_ROUTE KDTW..KSWF

TRACK_TIME 1167737286
TRACK A20110117570697 B752 393900 1065500 120 30 999 NONE NONE 370
	FP_ROUTE KEGE..KATL

TRACK_TIME 1167737286
TRACK A20110117570698 CRJ2 421200 832200 120 30 999 NONE NONE 250
	FP_ROUTE KDTW..KABE

TRACK_TIME 1167737286
TRACK A20110117570700 B733 350300 1063460 120 30 999 NONE NONE 230
	FP_ROUTE KABQ..KMAF

TRACK_TIME 1167737286
TRACK A20110117570701 B733 404600 1115800 120 30 999 NONE NONE 350
	FP_ROUTE KSLC..KPHX

TRACK_TIME 1167737286
TRACK A20110117570702 B738 390160 844000 120 30 999 NONE NONE 380
	FP_ROUTE KCVG..KPHX

TRACK_TIME 1167737286
TRACK A20110117570711 SW4 393600 1045100 120 30 999 NONE NONE 199
	FP_ROUTE KAPA..KRKS

TRACK_TIME 1167737286
TRACK A20110117570712 E145 425500 875400 120 30 999 NONE NONE 370
	FP_ROUTE KMKE..KRDU

TRACK_TIME 1167737286
TRACK A20110117570715 B733 384300 901600 120 30 999 NONE NONE 310
	FP_ROUTE KSTL..KTPA

TRACK_TIME 1167737286
TRACK A20110117570720 BE20 352400 823160 120 30 999 NONE NONE 220
	FP_ROUTE KAVL..KDTS

TRACK_TIME 1167737286
TRACK A20110117570721 B772 415700 874900 120 30 999 NONE NONE 360
	FP_ROUTE KORD..KDFW

TRACK_TIME 1167737286
TRACK A20110117570726 B737 320600 1105560 120 30 999 NONE NONE 400
	FP_ROUTE KTUS..KLAX

TRACK_TIME 1167737286
TRACK A20110117570732 E145 295800 952100 120 30 999 NONE NONE 270
	FP_ROUTE KIAH..KMOB

TRACK_TIME 1167737286
TRACK A20110117570733 B752 254800 801600 120 30 999 NONE NONE 370
	FP_ROUTE KMIA..KORD

TRACK_TIME 1167737286
TRACK A20110117570734 CRJ1 354960 835860 120 30 999 NONE NONE 210
	FP_ROUTE KTYS..KCVG

TRACK_TIME 1167737286
TRACK A20110117570736 CRJ2 321200 811200 120 30 999 NONE NONE 320
	FP_ROUTE KSAV..KDTW

TRACK_TIME 1167737286
TRACK A20110117570737 B737 384060 1213460 120 30 999 NONE NONE 390
	FP_ROUTE KSMF..KSAN

TRACK_TIME 1167737286
TRACK A20110117570739 MD82 404300 740760 120 30 999 NONE NONE 360
	FP_ROUTE KEWR..KORD

TRACK_TIME 1167737286
TRACK A20110117570742 B737 324360 1171360 120 30 999 NONE NONE 250
	FP_ROUTE KSAN..KPHX

TRACK_TIME 1167737286
TRACK A20110117570744 E170 415700 875400 120 30 999 NONE NONE 360
	FP_ROUTE KORD..KDFW

TRACK_TIME 1167737286
TRACK A20110117570747 B737 332500 1120400 120 30 999 NONE NONE 390
	FP_ROUTE KPHX..KSDF

TRACK_TIME 1167737286
TRACK A20110117570749 DH8D 372400 1215700 120 30 999 NONE NONE 210
	FP_ROUTE KSJC..KLAX

TRACK_TIME 1167737286
TRACK A20110117570751 E170 325260 970160 120 30 999 NONE NONE 350
	FP_ROUTE KDFW..KORD

TRACK_TIME 1167737286
TRACK A20110117570754 MD82 325200 970160 120 30 999 NONE NONE 330
	FP_ROUTE KDFW..KCMH

TRACK_TIME 1167737286
TRACK A20110117570756 E145 325260 970160 120 30 999 NONE NONE 270
	FP_ROUTE KDFW..KSGF

TRACK_TIME 1167737286
TRACK A20110117570757 B737 341000 1182100 120 30 999 NONE NONE 380
	FP_ROUTE KBUR..KOAK

TRACK_TIME 1167737286
TRACK A20110117570758 B733 324500 1171300 120 30 999 NONE NONE 360
	FP_ROUTE KSAN..KRNO

TRACK_TIME 1167737286
TRACK A20110117570766 B733 393300 1194660 120 30 999 NONE NONE 310
	FP_ROUTE KRNO..KBOI

TRACK_TIME 1167737286
TRACK A20110117570768 B733 433460 1161660 120 30 999 NONE NONE 320
	FP_ROUTE KBOI..KGEG

TRACK_TIME 1167737286
TRACK A20110117570771 B752 282400 811800 120 30 999 NONE NONE 380
	FP_ROUTE KMCO..KMSP

TRACK_TIME 1167737286
TRACK A20110117570773 B733 473700 1173300 120 30 999 NONE NONE 320
	FP_ROUTE KGEG..KSEA

TRACK_TIME 1167737286
TRACK A20110117570774 B733 472560 1221900 120 30 999 NONE NONE 330
	FP_ROUTE KSEA..KABQ

TRACK_TIME 1167737286
TRACK A20110117570779 B712 205400 1562500 120 30 999 NONE NONE 140
	FP_ROUTE KOGG..KHNL

TRACK_TIME 1167737286
TRACK A20110117570784 MD83 325700 970400 120 30 999 NONE NONE 340
	FP_ROUTE KDFW..KPHX

TRACK_TIME 1167737286
TRACK A20110117570791 B735 293900 951800 120 30 999 NONE NONE 350
	FP_ROUTE KHOU..KMDW

TRACK_TIME 1167737286
TRACK A20110117570792 B735 261500 974000 120 30 999 NONE NONE 60
	FP_ROUTE KHRL..KHOU

TRACK_TIME 1167737286
TRACK A20110117570794 B733 414600 874300 120 30 999 NONE NONE 350
	FP_ROUTE KMDW..KPHL

TRACK_TIME 1167737286
TRACK A20110117570801 SF34 350160 895800 120 30 999 NONE NONE 70
	FP_ROUTE KMEM..KTUP

TRACK_TIME 1167737286
TRACK A20110117570802 B737 395200 1043460 120 30 999 NONE NONE 390
	FP_ROUTE KDEN..KBNA

TRACK_TIME 1167737286
TRACK A20110117570806 CRJ2 333900 842260 120 30 999 NONE NONE 160
	FP_ROUTE KATL..KBHM

TRACK_TIME 1167737286
TRACK A20110117570808 CRJ2 333300 864660 120 30 999 NONE NONE 40
	FP_ROUTE KBHM..KATL

TRACK_TIME 1167737286
TRACK A20110117570810 C550 260460 814200 120 30 999 NONE NONE 380
	FP_ROUTE KAPF..KMQJ

TRACK_TIME 1167737286
TRACK A20110117570816 A320 385260 770160 120 30 999 NONE NONE 380
	FP_ROUTE KDCA..KORD

TRACK_TIME 1167737286
TRACK A20110117570818 E145 400160 881500 120 30 999 NONE NONE 110
	FP_ROUTE KCMI..KORD

TRACK_TIME 1167737286
TRACK A20110117570820 CRJ2 371000 932400 120 30 999 NONE NONE 230
	FP_ROUTE KSGF..KMEM

TRACK_TIME 1167737286
TRACK A20110117570822 CRJ2 205500 1562500 120 30 999 NONE NONE 160
	FP_ROUTE KOGG..KHNL

TRACK_TIME 1167737286
TRACK A20110117570823 B737 334000 1175260 120 30 999 NONE NONE 400
	FP_ROUTE KSNA..KSFO

TRACK_TIME 1167737286
TRACK A20110117570824 C750 325700 973000 120 30 999 NONE NONE 220
	FP_ROUTE K4T2..KAUS

TRACK_TIME 1167737286
TRACK A20110117570828 B752 415800 875800 120 30 999 NONE NONE 400
	FP_ROUTE KORD..KDEN

TRACK_TIME 1167737286
TRACK A20110117570833 A319 394960 1044600 120 30 999 NONE NONE 380
	FP_ROUTE KDEN..KLAS

TRACK_TIME 1167737286
TRACK A20110117570838 DH8A 410460 734500 120 30 999 NONE NONE 80
	FP_ROUTE KHPN..KPHL

TRACK_TIME 1167737286
TRACK A20110117570842 A320 422200 705800 120 30 999 NONE NONE 380
	FP_ROUTE KBOS..KTPA

TRACK_TIME 1167737286
TRACK A20110117570844 A320 335700 1182800 120 30 999 NONE NONE 350
	FP_ROUTE KLAX..KJFK

TRACK_TIME 1167737286
TRACK A20110117570847 B733 404660 1115800 120 30 999 NONE NONE 320
	FP_ROUTE KSLC..KLAS

TRACK_TIME 1167737286
TRACK A20110117570851 MD82 325200 970160 120 30 999 NONE NONE 330
	FP_ROUTE KDFW..KIND

TRACK_TIME 1167737286
TRACK A20110117570853 B744 611600 1500700 120 30 999 NONE NONE 390
	FP_ROUTE KANC..KORD

TRACK_TIME 1167737286
TRACK A20110117570856 DH8D 453600 1223760 120 30 999 NONE NONE 160
	FP_ROUTE KPDX..KSEA

TRACK_TIME 1167737286
TRACK A20110117570857 C550 393900 1065500 120 30 999 NONE NONE 350
	FP_ROUTE KEGE..KIXD

TRACK_TIME 1167737286
TRACK A20110117570861 C550 384500 945260 120 30 999 NONE NONE 240
	FP_ROUTE KIXD..KPWA

TRACK_TIME 1167737286
TRACK A20110117570867 B712 333900 842860 120 30 999 NONE NONE 330
	FP_ROUTE KATL..KBUF

TRACK_TIME 1167737286
TRACK A20110117570868 B737 415700 724200 120 30 999 NONE NONE 400
	FP_ROUTE KBDL..KTPA

TRACK_TIME 1167737286
TRACK A20110117570873 A320 415800 875860 120 30 999 NONE NONE 360
	FP_ROUTE KORD..KSFO

TRACK_TIME 1167737286
TRACK A20110117570879 B763 333900 843100 120 30 999 NONE NONE 320
	FP_ROUTE KATL..KLAX

TRACK_TIME 1167737286
TRACK A20110117570886 B738 333400 864500 120 30 999 NONE NONE 120
	FP_ROUTE KBHM..KATL

TRACK_TIME 1167737286
TRACK A20110117570889 A320 395260 751300 120 30 999 NONE NONE 360
	FP_ROUTE KPHL..KSAN

TRACK_TIME 1167737286
TRACK A20110117570890 E145 325200 970160 120 30 999 NONE NONE 160
	FP_ROUTE KDFW..KXNA

TRACK_TIME 1167737286
TRACK A20110117570891 CRJ2 373160 771960 120 30 999 NONE NONE 91
	FP_ROUTE KRIC..KCLT

TRACK_TIME 1167737286
TRACK A20110117570897 B738 280000 823160 120 30 999 NONE NONE 230
	FP_ROUTE KTPA..KMIA

TRACK_TIME 1167737286
TRACK A20110117570899 DH8D 484600 1223160 120 30 999 NONE NONE 100
	FP_ROUTE KBLI..KSEA

TRACK_TIME 1167737286
TRACK A20110117570903 F2TH 412200 720100 120 30 999 NONE NONE 400
	FP_ROUTE KGON..KDAL

TRACK_TIME 1167737286
TRACK A20110117570904 E135 325500 970160 120 30 999 NONE NONE 370
	FP_ROUTE KDFW..KAGS

TRACK_TIME 1167737286
TRACK A20110117570910 CRJ2 382200 1230000 120 30 999 NONE NONE 230
	FP_ROUTE KGEG..KFAT

TRACK_TIME 1167737286
TRACK A20110117570913 B712 211800 1575260 120 30 999 NONE NONE 130
	FP_ROUTE KHNL..KOGG

TRACK_TIME 1167737286
TRACK A20110117570914 MD82 415560 874900 120 30 999 NONE NONE 149
	FP_ROUTE KORD..KSTL

TRACK_TIME 1167737286
TRACK A20110117570915 MD83 415800 875100 120 30 999 NONE NONE 330
	FP_ROUTE KORD..KRSW

TRACK_TIME 1167737286
TRACK A20110117570917 CRJ2 362700 822700 120 30 999 NONE NONE 121
	FP_ROUTE KTRI..KCLT

TRACK_TIME 1167737286
TRACK A20110117570918 SF34 295700 952100 120 30 999 NONE NONE 150
	FP_ROUTE KIAH..KAEX

TRACK_TIME 1167737286
TRACK A20110117570919 A319 264060 800160 120 30 999 NONE NONE 350
	FP_ROUTE KPBI..KACY

TRACK_TIME 1167737286
TRACK A20110117570921 E190 403900 734300 120 30 999 NONE NONE 220
	FP_ROUTE KJFK..KBUF

TRACK_TIME 1167737286
TRACK A20110117570922 C550 351500 1204000 120 30 999 NONE NONE 330
	FP_ROUTE KSBP..KEKO

TRACK_TIME 1167737286
TRACK A20110117570925 CRJ2 421060 832100 120 30 999 NONE NONE 230
	FP_ROUTE KDTW..KABE

TRACK_TIME 1167737286
TRACK A20110117570927 CRJ2 404000 752500 120 30 999 NONE NONE 280
	FP_ROUTE KABE..KDTW

TRACK_TIME 1167737286
TRACK A20110117570928 B712 370760 762800 120 30 999 NONE NONE 360
	FP_ROUTE KPHF..KATL

TRACK_TIME 1167737286
TRACK A20110117570940 E145 325200 970160 120 30 999 NONE NONE 370
	FP_ROUTE KDFW..KCLE

TRACK_TIME 1167737286
TRACK A20110117570941 A320 334960 1181060 120 30 999 NONE NONE 300
	FP_ROUTE KLGB..KOAK

TRACK_TIME 1167737286
TRACK A20110117570942 C550 404900 1154900 120 30 999 NONE NONE 320
	FP_ROUTE KEKO..KOAK

TRACK_TIME 1167737286
TRACK A20110117570945 C550 404900 1154800 120 30 999 NONE NONE 320
	FP_ROUTE KEKO..KSJC

TRACK_TIME 1167737286
TRACK A20110117570947 B737 372400 1215800 120 30 999 NONE NONE 330
	FP_ROUTE KSJC..KLAS

TRACK_TIME 1167737286
TRACK A20110117570948 CRJ2 351200 805560 120 30 999 NONE NONE 150
	FP_ROUTE KCLT..KOAJ

TRACK_TIME 1167737286
TRACK A20110117570949 CRJ2 351200 805700 120 30 999 NONE NONE 260
	FP_ROUTE KCLT..KLEX

TRACK_TIME 1167737286
TRACK A20110117570951 B712 264300 800000 120 30 999 NONE NONE 350
	FP_ROUTE KPBI..KATL

TRACK_TIME 1167737286
TRACK A20110117570957 E145 295700 951960 120 30 999 NONE NONE 260
	FP_ROUTE KIAH..KMFE

TRACK_TIME 1167737286
TRACK A20110117570960 B737 414600 874200 120 30 999 NONE NONE 400
	FP_ROUTE KMDW..KLAS

TRACK_TIME 1167737286
TRACK A20110117570962 B737 360600 1150900 120 30 999 NONE NONE 380
	FP_ROUTE KLAS..KSFO

TRACK_TIME 1167737286
TRACK A20110117570984 A320 321660 900400 120 30 999 NONE NONE 240
	FP_ROUTE KJAN..KATL

TRACK_TIME 1167737286
TRACK A20110117570990 BE20 410900 1004900 120 30 999 NONE NONE 120
	FP_ROUTE KLBF..KSNY

TRACK_TIME 1167737286
TRACK A20110117570992 BE20 410400 1025200 120 30 999 NONE NONE 130
	FP_ROUTE KSNY..KGRI

TRACK_TIME 1167737286
TRACK A20110117570999 B737 261360 974000 120 30 999 NONE NONE 350
	FP_ROUTE KHRL..KHOU

TRACK_TIME 1167737286
TRACK A20110117571000 CRJ2 424600 734900 120 30 999 NONE NONE 40
	FP_ROUTE KALB..KPHL

TRACK_TIME 1167737286
TRACK A20110117571007 CRJ2 404000 734200 120 30 999 NONE NONE 230
	FP_ROUTE KJFK..KBTV

TRACK_TIME 1167737286
TRACK A20110117571008 MD83 385260 770400 120 30 999 NONE NONE 360
	FP_ROUTE KDCA..KSTL

TRACK_TIME 1167737286
TRACK A20110117571010 E170 295860 901500 120 30 999 NONE NONE 310
	FP_ROUTE KMSY..KCLT

TRACK_TIME 1167737286
TRACK A20110117571011 B737 414660 874800 120 30 999 NONE NONE 410
	FP_ROUTE KMDW..KMCO

TRACK_TIME 1167737286
TRACK A20110117571014 A320 395200 751600 120 30 999 NONE NONE 230
	FP_ROUTE KPHL..KBOS

TRACK_TIME 1167737286
TRACK A20110117571015 MD11 415800 875700 120 30 999 NONE NONE 340
	FP_ROUTE KORD..KANC

TRACK_TIME 1167737286
TRACK A20110117571017 DH8D 404360 740760 120 30 999 NONE NONE 190
	FP_ROUTE KEWR..KBTV

TRACK_TIME 1167737286
TRACK A20110117571020 SF34 295860 951800 120 30 999 NONE NONE 40
	FP_ROUTE KIAH..KCLL

TRACK_TIME 1167737286
TRACK A20110117571022 B752 303100 813760 120 30 999 NONE NONE 250
	FP_ROUTE KJAX..KATL

TRACK_TIME 1167737286
TRACK A20110117571023 B733 293700 951800 120 30 999 NONE NONE 310
	FP_ROUTE KHOU..KMDW

TRACK_TIME 1167737286
TRACK A20110117571024 DH8D 472560 1221800 120 30 999 NONE NONE 250
	FP_ROUTE KSEA..KRNO

TRACK_TIME 1167737286
TRACK A20110117571029 A319 373760 1222200 120 30 999 NONE NONE 390
	FP_ROUTE KSFO..KSNA

TRACK_TIME 1167737286
TRACK A20110117571030 E170 325560 970160 120 30 999 NONE NONE 290
	FP_ROUTE KDFW..KORD

TRACK_TIME 1167737286
TRACK A20110117571033 B752 333760 843000 120 30 999 NONE NONE 340
	FP_ROUTE KATL..KMSY

TRACK_TIME 1167737286
TRACK A20110117571036 E145 400160 881600 120 30 999 NONE NONE 210
	FP_ROUTE KCMI..KCMH

TRACK_TIME 1167737286
TRACK A20110117571040 B737 412400 815260 120 30 999 NONE NONE 290
	FP_ROUTE KCLE..KLGA

TRACK_TIME 1167737286
TRACK A20110117571041 A319 325100 970300 120 30 999 NONE NONE 380
	FP_ROUTE KDFW..KLAX

TRACK_TIME 1167737286
TRACK A20110117571042 CRJ2 445100 931060 120 30 999 NONE NONE 310
	FP_ROUTE KMSP..KDAY

TRACK_TIME 1167737286
TRACK A20110117571043 A320 182800 655860 120 30 999 NONE NONE 360
	FP_ROUTE KSJU..KBOS

TRACK_TIME 1167737286
TRACK A20110117571044 B737 360700 1150900 120 30 999 NONE NONE 390
	FP_ROUTE KLAS..KCMH

TRACK_TIME 1167737286
TRACK A20110117571046 SF34 300460 931600 120 30 999 NONE NONE 79
	FP_ROUTE KLCH..KIAH

TRACK_TIME 1167737286
TRACK A20110117571052 A319 335700 1182860 120 30 999 NONE NONE 380
	FP_ROUTE KLAX..KSEA

TRACK_TIME 1167737286
TRACK A20110117571062 DH8A 404800 735200 120 30 999 NONE NONE 80
	FP_ROUTE KLGA..KPHL

TRACK_TIME 1167737286
TRACK A20110117571063 DH8D 394600 1043900 120 30 999 NONE NONE 240
	FP_ROUTE KDEN..KDRO

TRACK_TIME 1167737286
TRACK A20110117571065 CRJ2 445260 931060 120 30 999 NONE NONE 183
	FP_ROUTE KMSP..KLSE

TRACK_TIME 1167737286
TRACK A20110117571066 CRJ2 404600 1120000 120 30 999 NONE NONE 280
	FP_ROUTE KSLC..KBTM

TRACK_TIME 1167737286
TRACK A20110117571067 CRJ2 340300 1173760 120 30 999 NONE NONE 330
	FP_ROUTE KONT..KSLC

TRACK_TIME 1167737286
TRACK A20110117571068 B733 335700 1182700 120 30 999 NONE NONE 340
	FP_ROUTE KLAX..KOAK

TRACK_TIME 1167737286
TRACK A20110117571072 B733 374300 1221500 120 30 999 NONE NONE 360
	FP_ROUTE KOAK..KPDX

TRACK_TIME 1167737286
TRACK A20110117571073 A320 182700 655800 120 30 999 NONE NONE 360
	FP_ROUTE KSJU..KJFK

TRACK_TIME 1167737286
TRACK A20110117571077 CRJ9 335560 1182500 120 30 999 NONE NONE 380
	FP_ROUTE KLAX..KSFO

TRACK_TIME 1167737286
TRACK A20110117571083 E145 385800 773100 120 30 999 NONE NONE 120
	FP_ROUTE KIAD..KMDT

TRACK_TIME 1167737286
TRACK A20110117571085 B737 332560 1120000 120 30 999 NONE NONE 390
	FP_ROUTE KPHX..KMDW

TRACK_TIME 1167737286
TRACK A20110117571087 B737 414660 874360 120 30 999 NONE NONE 390
	FP_ROUTE KMDW..KBOS

TRACK_TIME 1167737286
TRACK A20110117571088 B737 422200 705800 120 30 999 NONE NONE 320
	FP_ROUTE KBOS..KBWI

TRACK_TIME 1167737286
TRACK A20110117571093 B737 390900 764000 120 30 999 NONE NONE 380
	FP_ROUTE KBWI..KTPA

TRACK_TIME 1167737286
TRACK A20110117571094 B737 300000 901500 120 30 999 NONE NONE 30
	FP_ROUTE KMSY..KBHM

TRACK_TIME 1167737286
TRACK A20110117571095 SF34 310400 974960 120 30 999 NONE NONE 80
	FP_ROUTE KGRK..KIAH

TRACK_TIME 1167737286
TRACK A20110117571097 E145 394800 1043700 120 30 999 NONE NONE 350
	FP_ROUTE KDEN..KSGF

TRACK_TIME 1167737286
TRACK A20110117571098 B712 280000 823300 120 30 999 NONE NONE 290
	FP_ROUTE KTPA..KROC

TRACK_TIME 1167737286
TRACK A20110117571099 B737 263600 814300 120 30 999 NONE NONE 400
	FP_ROUTE KRSW..KIND

TRACK_TIME 1167737286
TRACK A20110117571103 B752 394900 1043900 120 30 999 NONE NONE 390
	FP_ROUTE KDEN..KDFW

TRACK_TIME 1167737286
TRACK A20110117571105 A321 351500 805800 120 30 999 NONE NONE 340
	FP_ROUTE KCLT..KDFW

TRACK_TIME 1167737286
TRACK A20110117571106 A319 395200 751360 120 30 999 NONE NONE 99
	FP_ROUTE KPHL..KBWI

TRACK_TIME 1167737286
TRACK A20110117571110 B737 412400 815260 120 30 999 NONE NONE 300
	FP_ROUTE KCLE..KMDW

TRACK_TIME 1167737286
TRACK A20110117571111 CRJ2 350160 895860 120 30 999 NONE NONE 270
	FP_ROUTE KMEM..KMGM

TRACK_TIME 1167737286
TRACK A20110117571115 B752 445100 931360 120 30 999 NONE NONE 380
	FP_ROUTE KMSP..KSAN

TRACK_TIME 1167737286
TRACK A20110117571116 B737 414600 874600 120 30 999 NONE NONE 380
	FP_ROUTE KMDW..KABQ

TRACK_TIME 1167737286
TRACK A20110117571118 E145 420100 874960 120 30 999 NONE NONE 230
	FP_ROUTE KORD..KDTW

TRACK_TIME 1167737286
TRACK A20110117571119 B737 350160 1063700 120 30 999 NONE NONE 350
	FP_ROUTE KABQ..KDEN

TRACK_TIME 1167737286
TRACK A20110117571125 B752 333760 842400 120 30 999 NONE NONE 390
	FP_ROUTE KATL..KPHL

TRACK_TIME 1167737286
TRACK A20110117571126 CRJ2 445260 931660 120 30 999 NONE NONE 230
	FP_ROUTE KMSP..KDSM

TRACK_TIME 1167737286
TRACK A20110117571127 BE20 293100 982800 120 30 999 NONE NONE 175
	FP_ROUTE KSAT..KSAT

TRACK_TIME 1167737286
TRACK A20110117571128 MD83 433000 1120600 120 30 999 NONE NONE 340
	FP_ROUTE KIDA..KLGB

TRACK_TIME 1167737286
TRACK A20110117571129 B752 260400 801000 120 30 999 NONE NONE 390
	FP_ROUTE KFLL..KEWR

TRACK_TIME 1167737286
TRACK A20110117571132 CRJ2 394960 1044360 120 30 999 NONE NONE 260
	FP_ROUTE KDEN..KMTJ

TRACK_TIME 1167737286
TRACK A20110117571135 CRJ2 371360 795500 120 30 999 NONE NONE 280
	FP_ROUTE KROA..KDTW

TRACK_TIME 1167737286
TRACK A20110117571137 CRJ2 322560 934900 120 30 999 NONE NONE 330
	FP_ROUTE KSHV..KATL

TRACK_TIME 1167737286
TRACK A20110117571140 A319 415560 875260 120 30 999 NONE NONE 370
	FP_ROUTE KORD..KLGA

TRACK_TIME 1167737286
TRACK A20110117571141 CRJ2 383100 1075400 120 30 999 NONE NONE 250
	FP_ROUTE KMTJ..KDEN

TRACK_TIME 1167737286
TRACK A20110117571142 E170 391300 944300 120 30 999 NONE NONE 350
	FP_ROUTE KMCI..KDCA

TRACK_TIME 1167737286
TRACK A20110117571143 B763 380460 854600 120 30 999 NONE NONE 340
	FP_ROUTE KSDF..KPDX

TRACK_TIME 1167737286
TRACK A20110117571148 B733 402860 801200 120 30 999 NONE NONE 260
	FP_ROUTE KPIT..KCLT

TRACK_TIME 1167737286
TRACK A20110117571150 E135 321660 900400 120 30 999 NONE NONE 110
	FP_ROUTE KJAN..KDFW

TRACK_TIME 1167737286
TRACK A20110117571151 MD83 373900 1221960 120 30 999 NONE NONE 270
	FP_ROUTE KSFO..KDFW

TRACK_TIME 1167737286
TRACK A20110117571152 B738 254800 801360 120 30 999 NONE NONE 360
	FP_ROUTE KMIA..KLAS

TRACK_TIME 1167737286
TRACK A20110117571153 B733 275800 823300 120 30 999 NONE NONE 360
	FP_ROUTE KTPA..KSAT

TRACK_TIME 1167737286
TRACK A20110117571156 B752 373900 1222100 120 30 999 NONE NONE 390
	FP_ROUTE KSFO..KJFK

TRACK_TIME 1167737286
TRACK A20110117571163 CRJ9 433460 1161600 120 30 999 NONE NONE 330
	FP_ROUTE KBOI..KMSP

TRACK_TIME 1167737286
TRACK A20110117571169 C560 383900 903300 120 30 999 NONE NONE 110
	FP_ROUTE KCPS..KSUS

TRACK_TIME 1167737286
TRACK A20110117571173 E145 390160 844000 120 30 999 NONE NONE 360
	FP_ROUTE KCVG..KDFW

TRACK_TIME 1167737286
TRACK A20110117571174 CRJ9 445260 931500 120 30 999 NONE NONE 370
	FP_ROUTE KMSP..KRDU

TRACK_TIME 1167737286
TRACK A20110117571175 MD83 335400 1183000 120 30 999 NONE NONE 330
	FP_ROUTE KLAX..KDFW

TRACK_TIME 1167737286
TRACK A20110117571176 MD83 325260 970300 120 30 999 NONE NONE 200
	FP_ROUTE KDFW..KAUS

TRACK_TIME 1167737286
TRACK A20110117571192 E145 320900 811060 120 30 999 NONE NONE 330
	FP_ROUTE KSAV..KLGA

TRACK_TIME 1167737286
TRACK A20110117571205 E145 295700 952100 120 30 999 NONE NONE 270
	FP_ROUTE KIAH..KMOB

TRACK_TIME 1167737286
TRACK A20110117571206 E145 360700 864060 120 30 999 NONE NONE 360
	FP_ROUTE KBNA..KIAH

TRACK_TIME 1167737286
TRACK A20110117571208 A320 384000 1213460 120 30 999 NONE NONE 370
	FP_ROUTE KSMF..KJFK

TRACK_TIME 1167737286
TRACK A20110117571209 B752 395100 1044660 120 30 999 NONE NONE 320
	FP_ROUTE KDEN..KLAS

TRACK_TIME 1167737286
TRACK A20110117571211 CRJ2 395100 751800 120 30 999 NONE NONE 220
	FP_ROUTE KPHL..KROC

TRACK_TIME 1167737286
TRACK A20110117571213 B735 404900 1115860 120 30 999 NONE NONE 320
	FP_ROUTE KSLC..KLAS

TRACK_TIME 1167737286
TRACK A20110117571215 MD82 404800 735200 120 30 999 NONE NONE 340
	FP_ROUTE KLGA..KDFW

TRACK_TIME 1167737286
TRACK A20110117571218 A319 422200 705800 120 30 999 NONE NONE 380
	FP_ROUTE KBOS..KMKE

TRACK_TIME 1167737286
TRACK A20110117571222 A319 425560 875400 120 30 999 NONE NONE 380
	FP_ROUTE KMKE..KDEN

TRACK_TIME 1167737286
TRACK A20110117571223 E145 334060 1014960 120 30 999 NONE NONE 270
	FP_ROUTE KLBB..KIAH

TRACK_TIME 1167737286
TRACK A20110117571224 A319 394960 1044900 120 30 999 NONE NONE 380
	FP_ROUTE KDEN..KLAS

TRACK_TIME 1167737286
TRACK A20110117571227 CRJ1 385560 773000 120 30 999 NONE NONE 220
	FP_ROUTE KIAD..KCVG

TRACK_TIME 1167737286
TRACK A20110117571232 C560 311360 944500 120 30 999 NONE NONE 390
	FP_ROUTE KLFK..KISM

TRACK_TIME 1167737286
TRACK A20110117571234 CRJ2 385260 770300 120 30 999 NONE NONE 260
	FP_ROUTE KDCA..KDTW

TRACK_TIME 1167737286
TRACK A20110117571241 CRJ1 300000 901500 120 30 999 NONE NONE 310
	FP_ROUTE KMSY..KCVG

TRACK_TIME 1167737286
TRACK A20110117571256 A320 403900 734960 120 30 999 NONE NONE 360
	FP_ROUTE KJFK..KPBI

TRACK_TIME 1167737286
TRACK A20110117571262 E170 385260 770400 120 30 999 NONE NONE 250
	FP_ROUTE KDCA..KBDL

TRACK_TIME 1167737286
TRACK A20110117571269 A320 373900 1221960 120 30 999 NONE NONE 350
	FP_ROUTE KSFO..KMCO

TRACK_TIME 1167737286
TRACK A20110117571271 SF34 303600 962200 120 30 999 NONE NONE 59
	FP_ROUTE KCLL..KIAH

TRACK_TIME 1167737286
TRACK A20110117571284 B712 333760 842860 120 30 999 NONE NONE 270
	FP_ROUTE KATL..KJAX

TRACK_TIME 1167737286
TRACK A20110117571288 CRJ2 421200 832200 120 30 999 NONE NONE 250
	FP_ROUTE KDTW..KITH

TRACK_TIME 1167737286
TRACK A20110117571289 B733 335560 1182800 120 30 999 NONE NONE 350
	FP_ROUTE KLAX..KMSY

TRACK_TIME 1167737286
TRACK A20110117571291 B733 295800 901500 120 30 999 NONE NONE 310
	FP_ROUTE KMSY..KFLL

TRACK_TIME 1167737286
TRACK A20110117571294 A320 264060 801060 120 30 999 NONE NONE 350
	FP_ROUTE KPBI..KJFK

TRACK_TIME 1167737286
TRACK A20110117571295 B752 422200 705800 120 30 999 NONE NONE 380
	FP_ROUTE KBOS..KATL

TRACK_TIME 1167737286
TRACK A20110117571301 E145 302100 890300 120 30 999 NONE NONE 240
	FP_ROUTE KGPT..KIAH

TRACK_TIME 1167737286
TRACK A20110117571304 B737 293100 982800 120 30 999 NONE NONE 380
	FP_ROUTE KSAT..KSAN

TRACK_TIME 1167737286
TRACK A20110117571305 BE9L 344300 921500 120 30 999 NONE NONE 190
	FP_ROUTE KLIT..KPQL

TRACK_TIME 1167737286
TRACK A20110117571307 F2TH 411660 955200 120 30 999 NONE NONE 410
	FP_ROUTE KOMA..KJAX

TRACK_TIME 1167737286
TRACK A20110117571310 E170 404200 741000 120 30 999 NONE NONE 300
	FP_ROUTE KEWR..KATL

TRACK_TIME 1167737286
TRACK A20110117571316 B762 403760 734900 120 30 999 NONE NONE 380
	FP_ROUTE KJFK..KLAX

TRACK_TIME 1167737286
TRACK A20110117571317 A320 385500 773100 120 30 999 NONE NONE 360
	FP_ROUTE KIAD..KMCO

TRACK_TIME 1167737286
TRACK A20110117571320 C510 261200 801000 120 30 999 NONE NONE 370
	FP_ROUTE KFXE..KSFQ

TRACK_TIME 1167737286
TRACK A20110117571322 A320 374000 1222400 120 30 999 NONE NONE 330
	FP_ROUTE KSFO..KLAX

TRACK_TIME 1167737286
TRACK A20110117571324 B737 324900 964900 120 30 999 NONE NONE 380
	FP_ROUTE KDAL..KELP

TRACK_TIME 1167737286
TRACK A20110117571326 SF34 322560 934900 120 30 999 NONE NONE 99
	FP_ROUTE KSHV..KIAH

TRACK_TIME 1167737286
TRACK A20110117571328 SW4 413760 1090700 120 30 999 NONE NONE 199
	FP_ROUTE KRKS..KISN

TRACK_TIME 1167737286
TRACK A20110117571330 B737 314900 1062260 120 30 999 NONE NONE 380
	FP_ROUTE KELP..KPHX

TRACK_TIME 1167737286
TRACK A20110117571332 B735 453600 1223900 120 30 999 NONE NONE 370
	FP_ROUTE KPDX..KLAS

TRACK_TIME 1167737286
TRACK A20110117571334 B738 282500 811800 120 30 999 NONE NONE 370
	FP_ROUTE KMCO..KEWR

TRACK_TIME 1167737286
TRACK A20110117571336 CRJ9 350100 895860 120 30 999 NONE NONE 320
	FP_ROUTE KMEM..KDFW

TRACK_TIME 1167737286
TRACK A20110117571337 E145 404900 964600 120 30 999 NONE NONE 270
	FP_ROUTE KLNK..KORD

TRACK_TIME 1167737286
TRACK A20110117571338 B737 332560 1120160 120 30 999 NONE NONE 380
	FP_ROUTE KPHX..KSEA

TRACK_TIME 1167737286
TRACK A20110117571339 B753 282800 811660 120 30 999 NONE NONE 370
	FP_ROUTE KMCO..KDTW

TRACK_TIME 1167737286
TRACK A20110117571340 E170 300900 974300 120 30 999 NONE NONE 330
	FP_ROUTE KAUS..KORD

TRACK_TIME 1167737286
TRACK A20110117571341 DH8A 395200 751660 120 30 999 NONE NONE 61
	FP_ROUTE KPHL..KMDT

TRACK_TIME 1167737286
TRACK A20110117571342 CRJ2 355260 784600 120 30 999 NONE NONE 220
	FP_ROUTE KRDU..KDCA

TRACK_TIME 1167737286
TRACK A20110117571345 A321 335560 1182800 120 30 999 NONE NONE 250
	FP_ROUTE KLAX..KPHX

TRACK_TIME 1167737286
TRACK A20110117571352 B752 325260 970160 120 30 999 NONE NONE 310
	FP_ROUTE KDFW..KMIA

TRACK_TIME 1167737286
TRACK A20110117571357 CRJ2 335560 1182700 120 30 999 NONE NONE 230
	FP_ROUTE KLAX..KSMF

TRACK_TIME 1167737286
TRACK A20110117571359 A320 275800 823300 120 30 999 NONE NONE 350
	FP_ROUTE KTPA..KBOS

TRACK_TIME 1167737286
TRACK A20110117571363 MD82 350000 895860 120 30 999 NONE NONE 340
	FP_ROUTE KMEM..KDFW

TRACK_TIME 1167737286
TRACK A20110117571364 CRJ2 445260 931000 120 30 999 NONE NONE 190
	FP_ROUTE KMSP..KDLH

TRACK_TIME 1167737286
TRACK A20110117571368 E145 415700 875400 120 30 999 NONE NONE 360
	FP_ROUTE KORD..KBIS

TRACK_TIME 1167737286
TRACK A20110117571370 CRJ2 404000 734500 120 30 999 NONE NONE 200
	FP_ROUTE KJFK..KIAD

TRACK_TIME 1167737286
TRACK A20110117571377 E145 304000 881300 120 30 999 NONE NONE 280
	FP_ROUTE KMOB..KIAH

TRACK_TIME 1167737286
TRACK A20110117571378 CRJ2 435400 922400 120 30 999 NONE NONE 310
	FP_ROUTE KRST..KDTW

TRACK_TIME 1167737286
TRACK A20110117571380 E145 415800 875100 120 30 999 NONE NONE 270
	FP_ROUTE KORD..KCMH

TRACK_TIME 1167737286
TRACK A20110117571381 B737 473000 1221600 120 30 999 NONE NONE 150
	FP_ROUTE KBFI..KPDX

TRACK_TIME 1167737286
TRACK A20110117571382 B737 453760 1224060 120 30 999 NONE NONE 160
	FP_ROUTE KPDX..KBFI

TRACK_TIME 1167737286
TRACK A20110117571387 CRJ2 390460 1082700 120 30 999 NONE NONE 250
	FP_ROUTE KGJT..KDEN

TRACK_TIME 1167737286
TRACK A20110117571389 MD83 360700 1150900 120 30 999 NONE NONE 330
	FP_ROUTE KLAS..KBZN

TRACK_TIME 1167737286
TRACK A20110117571397 CRJ2 402860 801200 120 30 999 NONE NONE 300
	FP_ROUTE KPIT..KMSP

TRACK_TIME 1167737286
TRACK A20110117571398 E120 335500 1182700 120 30 999 NONE NONE 89
	FP_ROUTE KLAX..KSAN

TRACK_TIME 1167737286
TRACK A20110117571399 E190 422260 710160 120 30 999 NONE NONE 320
	FP_ROUTE KBOS..KBWI

TRACK_TIME 1167737286
TRACK A20110117571400 CRJ2 472800 1112260 120 30 999 NONE NONE 270
	FP_ROUTE KGTF..KSLC

TRACK_TIME 1167737286
TRACK A20110117571401 CRJ2 445260 931600 120 30 999 NONE NONE 280
	FP_ROUTE KMSP..KOKC

TRACK_TIME 1167737286
TRACK A20110117571406 E120 324600 1171500 120 30 999 NONE NONE 80
	FP_ROUTE KSAN..KLAX

TRACK_TIME 1167737286
TRACK A20110117571415 LJ35 253900 802500 120 30 999 NONE NONE 410
	FP_ROUTE KTMB..KHPN

TRACK_TIME 1167737286
TRACK A20110117571416 CRJ2 394960 1044600 120 30 999 NONE NONE 260
	FP_ROUTE KDEN..KGJT

TRACK_TIME 1167737286
TRACK A20110117571418 CRJ2 420000 874600 120 30 999 NONE NONE 190
	FP_ROUTE KORD..KLAN

TRACK_TIME 1167737286
TRACK A20110117571420 CRJ2 424900 843160 120 30 999 NONE NONE 200
	FP_ROUTE KLAN..KORD

TRACK_TIME 1167737286
TRACK A20110117571423 LJ35 410600 734800 120 30 999 NONE NONE 40
	FP_ROUTE KHPN..KABE

TRACK_TIME 1167737286
TRACK A20110117571427 CRJ2 412200 754200 120 30 999 NONE NONE 280
	FP_ROUTE KAVP..KDTW

TRACK_TIME 1167737286
TRACK A20110117571429 E145 412500 815100 120 30 999 NONE NONE 290
	FP_ROUTE KCLE..KLGA

TRACK_TIME 1167737286
TRACK A20110117571431 CRJ2 333760 842700 120 30 999 NONE NONE 210
	FP_ROUTE KATL..KBQK

TRACK_TIME 1167737286
TRACK A20110117571433 A319 351360 805700 120 30 999 NONE NONE 360
	FP_ROUTE KCLT..KSAT

TRACK_TIME 1167737286
TRACK A20110117571434 B737 372560 1215500 120 30 999 NONE NONE 370
	FP_ROUTE KSJC..KAUS

TRACK_TIME 1167737286
TRACK A20110117571439 B737 360700 1151200 120 30 999 NONE NONE 320
	FP_ROUTE KLAS..KSJC

TRACK_TIME 1167737286
TRACK A20110117571447 CRJ9 415560 875400 120 30 999 NONE NONE 350
	FP_ROUTE KORD..KATL

TRACK_TIME 1167737286
TRACK A20110117571448 E135 325260 970300 120 30 999 NONE NONE 340
	FP_ROUTE KDFW..KCRP

TRACK_TIME 1167737286
TRACK A20110117571452 A320 324500 1171300 120 30 999 NONE NONE 360
	FP_ROUTE KSAN..KSFO

TRACK_TIME 1167737286
TRACK A20110117571453 B737 282400 811800 120 30 999 NONE NONE 390
	FP_ROUTE KMCO..KALB

TRACK_TIME 1167737286
TRACK A20110117571454 D328 420600 765260 120 30 999 NONE NONE 150
	FP_ROUTE KELM..KMMU

TRACK_TIME 1167737286
TRACK A20110117571455 CRJ2 364660 1194360 120 30 999 NONE NONE 350
	FP_ROUTE KFAT..KDEN

TRACK_TIME 1167737286
TRACK A20110117571459 B732 205400 1562500 120 30 999 NONE NONE 150
	FP_ROUTE KOGG..KKOA

TRACK_TIME 1167737286
TRACK A20110117571462 MD82 415800 875860 120 30 999 NONE NONE 340
	FP_ROUTE KORD..KPHX

TRACK_TIME 1167737286
TRACK A20110117571463 B738 335560 1182700 120 30 999 NONE NONE 350
	FP_ROUTE KLAX..KORD

TRACK_TIME 1167737286
TRACK A20110117571467 E145 360600 864060 120 30 999 NONE NONE 370
	FP_ROUTE KBNA..KMIA

TRACK_TIME 1167737286
TRACK A20110117571474 E135 413160 933900 120 30 999 NONE NONE 119
	FP_ROUTE KDSM..KORD

TRACK_TIME 1167737286
TRACK A20110117571482 CRJ2 422100 710100 120 30 999 NONE NONE 260
	FP_ROUTE KBOS..KBUF

TRACK_TIME 1167737286
TRACK A20110117571483 B737 300000 901500 120 30 999 NONE NONE 390
	FP_ROUTE KMSY..KBNA

TRACK_TIME 1167737286
TRACK A20110117571484 B737 360760 863900 120 30 999 NONE NONE 410
	FP_ROUTE KBNA..KBWI

TRACK_TIME 1167737286
TRACK A20110117571485 E145 304000 881300 120 30 999 NONE NONE 280
	FP_ROUTE KMOB..KIAH

TRACK_TIME 1167737286
TRACK A20110117571487 E145 303900 881300 120 30 999 NONE NONE 280
	FP_ROUTE KMOB..KIAH

TRACK_TIME 1167737286
TRACK A20110117571489 SF34 295800 952100 120 30 999 NONE NONE 150
	FP_ROUTE KIAH..KLFT

TRACK_TIME 1167737286
TRACK A20110117571497 E145 420000 875100 120 30 999 NONE NONE 230
	FP_ROUTE KORD..KCMH

TRACK_TIME 1167737286
TRACK A20110117571499 MD82 420000 875700 120 30 999 NONE NONE 360
	FP_ROUTE KORD..KTUL

TRACK_TIME 1167737286
TRACK A20110117571508 B737 373760 1222200 120 30 999 NONE NONE 370
	FP_ROUTE KSFO..KSAN

TRACK_TIME 1167737286
TRACK A20110117571512 A320 415800 875860 120 30 999 NONE NONE 360
	FP_ROUTE KORD..KLAS

TRACK_TIME 1167737286
TRACK A20110117571514 B712 333600 843300 120 30 999 NONE NONE 290
	FP_ROUTE KATL..KIAD

TRACK_TIME 1167737286
TRACK A20110117571520 E145 373300 771900 120 30 999 NONE NONE 170
	FP_ROUTE KRIC..KEWR

TRACK_TIME 1167737286
TRACK A20110117571525 SF34 385400 772700 120 30 999 NONE NONE 80
	FP_ROUTE KIAD..KSHD

TRACK_TIME 1167737286
TRACK A20110117571528 B735 360600 1150900 120 30 999 NONE NONE 280
	FP_ROUTE KLAS..KLAX

TRACK_TIME 1167737286
TRACK A20110117571529 B735 335700 1182700 120 30 999 NONE NONE 340
	FP_ROUTE KLAX..KSFO

TRACK_TIME 1167737286
TRACK A20110117571534 E190 422200 710100 120 30 999 NONE NONE 320
	FP_ROUTE KBOS..KRDU

TRACK_TIME 1167737286
TRACK A20110117571536 CRJ2 350100 895860 120 30 999 NONE NONE 240
	FP_ROUTE KMEM..KCOU

TRACK_TIME 1167737286
TRACK A20110117571539 B738 403700 735260 120 30 999 NONE NONE 360
	FP_ROUTE KJFK..KSAN

TRACK_TIME 1167737286
TRACK A20110117571540 A320 422100 710100 120 30 999 NONE NONE 300
	FP_ROUTE KBOS..KIAD

TRACK_TIME 1167737286
TRACK A20110117571544 A320 334960 1181060 120 30 999 NONE NONE 360
	FP_ROUTE KLGB..KSFO

TRACK_TIME 1167737286
TRACK A20110117571551 B712 194300 1550000 120 30 999 NONE NONE 180
	FP_ROUTE KITO..KOGG

TRACK_TIME 1167737286
TRACK A20110117571570 MD82 275400 824060 120 30 999 NONE NONE 340
	FP_ROUTE KPIE..KFWA

TRACK_TIME 1167737286
TRACK A20110117571572 A321 360600 1150900 120 30 999 NONE NONE 330
	FP_ROUTE KLAS..KCLT

TRACK_TIME 1167737286
TRACK A20110117571577 CRJ1 355400 784660 120 30 999 NONE NONE 320
	FP_ROUTE KRDU..KSTL

TRACK_TIME 1167737286
TRACK A20110117571586 MD82 404500 735100 120 30 999 NONE NONE 280
	FP_ROUTE KLGA..KSTL

TRACK_TIME 1167737286
TRACK A20110117571587 MD83 373700 972700 120 30 999 NONE NONE 320
	FP_ROUTE KICT..KLAX

TRACK_TIME 1167737286
TRACK A20110117571588 B734 351360 805560 120 30 999 NONE NONE 340
	FP_ROUTE KCLT..KPBI

TRACK_TIME 1167737286
TRACK A20110117571599 B734 385200 770300 120 30 999 NONE NONE 280
	FP_ROUTE KDCA..KCLT

TRACK_TIME 1167737286
TRACK A20110117571600 B733 314800 1062400 120 30 999 NONE NONE 340
	FP_ROUTE KELP..KLAS

TRACK_TIME 1167737286
TRACK A20110117571601 CRJ2 333900 842260 120 30 999 NONE NONE 210
	FP_ROUTE KATL..KAVL

TRACK_TIME 1167737286
TRACK A20110117571602 CRJ2 352700 823300 120 30 999 NONE NONE 180
	FP_ROUTE KAVL..KATL

TRACK_TIME 1167737286
TRACK A20110117571606 CRJ9 461500 1190760 120 30 999 NONE NONE 370
	FP_ROUTE KPSC..KSLC

TRACK_TIME 1167737286
TRACK A20110117571607 E145 404800 735200 120 30 999 NONE NONE 280
	FP_ROUTE KLGA..KCLE

TRACK_TIME 1167737286
TRACK A20110117571610 CRJ1 415700 724200 120 30 999 NONE NONE 300
	FP_ROUTE KBDL..KRDU

TRACK_TIME 1167737286
TRACK A20110117571612 CRJ2 414500 712500 120 30 999 NONE NONE 360
	FP_ROUTE KPVD..KDTW

TRACK_TIME 1167737286
TRACK A20110117571616 SF34 350300 895800 120 30 999 NONE NONE 70
	FP_ROUTE KMEM..KTUP

TRACK_TIME 1167737286
TRACK A20110117571617 B733 360700 1150900 120 30 999 NONE NONE 340
	FP_ROUTE KLAS..KPDX

TRACK_TIME 1167737286
TRACK A20110117571620 C750 395260 751060 120 30 999 NONE NONE 140
	FP_ROUTE KPHL..KIAD

TRACK_TIME 1167737286
TRACK A20110117571622 CRJ9 333900 842860 120 30 999 NONE NONE 340
	FP_ROUTE KATL..KOMA

TRACK_TIME 1167737286
TRACK A20110117571626 E145 404660 740600 120 30 999 NONE NONE 230
	FP_ROUTE KEWR..KMHT

TRACK_TIME 1167737286
TRACK A20110117571627 C750 385260 772560 120 30 999 NONE NONE 400
	FP_ROUTE KIAD..KPBI

TRACK_TIME 1167737286
TRACK A20110117571631 E145 310300 974960 120 30 999 NONE NONE 110
	FP_ROUTE KGRK..KDFW

TRACK_TIME 1167737286
TRACK A20110117571634 E135 342560 1195200 120 30 999 NONE NONE 110
	FP_ROUTE KSBA..KLAX

TRACK_TIME 1167737286
TRACK A20110117571635 C750 405260 740300 120 30 999 NONE NONE 400
	FP_ROUTE KTEB..KPWK

TRACK_TIME 1167737286
TRACK A20110117571636 C510 364200 763600 120 30 999 NONE NONE 380
	FP_ROUTE KSFQ..KTYQ

TRACK_TIME 1167737286
TRACK A20110117571638 A320 404300 740760 120 30 999 NONE NONE 380
	FP_ROUTE KEWR..KPBI

TRACK_TIME 1167737286
TRACK A20110117571641 LJ35 342560 1195200 120 30 999 NONE NONE 230
	FP_ROUTE KSBA..KSAN

TRACK_TIME 1167737286
TRACK A20110117571642 DH8D 463400 1203400 120 30 999 NONE NONE 121
	FP_ROUTE KYKM..KSEA

TRACK_TIME 1167737286
TRACK A20110117571643 DH8D 472560 1221900 120 30 999 NONE NONE 150
	FP_ROUTE KSEA..KPDX

TRACK_TIME 1167737286
TRACK A20110117571646 DH8D 453460 1223700 120 30 999 NONE NONE 230
	FP_ROUTE KPDX..KOAK

TRACK_TIME 1167737286
TRACK A20110117571648 E135 413160 933900 120 30 999 NONE NONE 150
	FP_ROUTE KDSM..KMKE

TRACK_TIME 1167737286
TRACK A20110117571649 E135 425560 875400 120 30 999 NONE NONE 100
	FP_ROUTE KMKE..KGRB

TRACK_TIME 1167737286
TRACK A20110117571652 E145 403900 894060 120 30 999 NONE NONE 360
	FP_ROUTE KPIA..KDEN

TRACK_TIME 1167737286
TRACK A20110117571656 CRJ2 333700 841960 120 30 999 NONE NONE 200
	FP_ROUTE KATL..KABY

TRACK_TIME 1167737286
TRACK A20110117571657 CRJ2 313300 841200 120 30 999 NONE NONE 180
	FP_ROUTE KABY..KATL

TRACK_TIME 1167737286
TRACK A20110117571658 B752 181900 645560 120 30 999 NONE NONE 380
	FP_ROUTE KSTT..KCLT

TRACK_TIME 1167737286
TRACK A20110117571660 F2TH 393760 1044900 120 30 999 NONE NONE 410
	FP_ROUTE KAPA..KPHL

TRACK_TIME 1167737286
TRACK A20110117571667 LJ45 410600 734660 120 30 999 NONE NONE 430
	FP_ROUTE KHPN..KUGN

TRACK_TIME 1167737286
TRACK A20110117571670 LJ45 422400 875400 120 30 999 NONE NONE 400
	FP_ROUTE KUGN..KOMA

TRACK_TIME 1167737286
TRACK A20110117571675 A320 404800 735200 120 30 999 NONE NONE 360
	FP_ROUTE KLGA..KMSP

TRACK_TIME 1167737286
TRACK A20110117571686 B734 260400 801060 120 30 999 NONE NONE 350
	FP_ROUTE KFLL..KCLT

TRACK_TIME 1167737286
TRACK A20110117571690 B762 395260 751200 120 30 999 NONE NONE 400
	FP_ROUTE KPHL..KCLT

TRACK_TIME 1167737286
TRACK A20110117571699 A319 390900 763900 120 30 999 NONE NONE 40
	FP_ROUTE KBWI..KCLT

TRACK_TIME 1167737286
TRACK A20110117571700 E145 415800 724000 120 30 999 NONE NONE 340
	FP_ROUTE KBDL..KMKE

TRACK_TIME 1167737286
TRACK A20110117571701 B712 282500 811800 120 30 999 NONE NONE 340
	FP_ROUTE KMCO..KMLI

TRACK_TIME 1167737286
TRACK A20110117571704 A319 385400 770400 120 30 999 NONE NONE 110
	FP_ROUTE KDCA..KBOS

TRACK_TIME 1167737286
TRACK A20110117571708 B733 324500 1171300 120 30 999 NONE NONE 270
	FP_ROUTE KSAN..KLAS

TRACK_TIME 1167737286
TRACK A20110117571709 E145 425560 875400 120 30 999 NONE NONE 260
	FP_ROUTE KMKE..KOMA

TRACK_TIME 1167737286
TRACK A20110117571710 E145 295700 952100 120 30 999 NONE NONE 160
	FP_ROUTE KIAH..KAUS

TRACK_TIME 1167737286
TRACK A20110117571718 E170 395260 751300 120 30 999 NONE NONE 360
	FP_ROUTE KPHL..KMSP

TRACK_TIME 1167737286
TRACK A20110117571719 E170 445400 931500 120 30 999 NONE NONE 340
	FP_ROUTE KMSP..KSAT

TRACK_TIME 1167737286
TRACK A20110117571720 SH36 215800 1591900 120 30 999 NONE NONE 90
	FP_ROUTE KLIH..KOGG

TRACK_TIME 1167737286
TRACK A20110117571721 B752 333900 842800 120 30 999 NONE NONE 320
	FP_ROUTE KATL..KLAX

TRACK_TIME 1167737286
TRACK A20110117571722 SH36 205400 1562500 120 30 999 NONE NONE 80
	FP_ROUTE KOGG..KHNL

TRACK_TIME 1167737286
TRACK A20110117571723 A321 351360 805700 120 30 999 NONE NONE 320
	FP_ROUTE KCLT..KPHX

TRACK_TIME 1167737286
TRACK A20110117571728 CRJ1 421200 832100 120 30 999 NONE NONE 310
	FP_ROUTE KDTW..KGSP

TRACK_TIME 1167737286
TRACK A20110117571733 B772 421200 832100 120 30 999 NONE NONE 400
	FP_ROUTE KDTW..KATL

TRACK_TIME 1167737286
TRACK A20110117571734 A320 430600 774060 120 30 999 NONE NONE 320
	FP_ROUTE KROC..KORD

TRACK_TIME 1167737286
TRACK A20110117571738 C560 365400 935700 120 30 999 NONE NONE 410
	FP_ROUTE KHFJ..KRST

TRACK_TIME 1167737286
TRACK A20110117571740 MD83 325500 970160 120 30 999 NONE NONE 290
	FP_ROUTE KDFW..KDAY

TRACK_TIME 1167737286
TRACK A20110117571742 B733 391000 764200 120 30 999 NONE NONE 350
	FP_ROUTE KBWI..KMHT

TRACK_TIME 1167737286
TRACK A20110117571747 B738 332560 1115700 120 30 999 NONE NONE 370
	FP_ROUTE KPHX..KMEM

TRACK_TIME 1167737286
TRACK A20110117571748 E190 395100 1044660 120 30 999 NONE NONE 260
	FP_ROUTE KDEN..KHDN

TRACK_TIME 1167737286
TRACK A20110117571750 A319 395260 1043460 120 30 999 NONE NONE 350
	FP_ROUTE KDEN..KMSP

TRACK_TIME 1167737286
TRACK A20110117571751 E120 342500 1195100 120 30 999 NONE NONE 109
	FP_ROUTE KSBA..KLAX

TRACK_TIME 1167737286
TRACK A20110117571763 B737 293760 951800 120 30 999 NONE NONE 390
	FP_ROUTE KHOU..KMDW

TRACK_TIME 1167737286
TRACK A20110117571767 DH8D 453600 1223900 120 30 999 NONE NONE 250
	FP_ROUTE KPDX..KMSO

TRACK_TIME 1167737286
TRACK A20110117571772 B737 395260 751200 120 30 999 NONE NONE 400
	FP_ROUTE KPHL..KJAX

TRACK_TIME 1167737286
TRACK A20110117571774 CRJ2 333400 864500 120 30 999 NONE NONE 300
	FP_ROUTE KBHM..KDTW

TRACK_TIME 1167737286
TRACK A20110117571778 CRJ9 445260 931600 120 30 999 NONE NONE 220
	FP_ROUTE KMSP..KFSD

TRACK_TIME 1167737286
TRACK A20110117571780 E145 325800 800700 120 30 999 NONE NONE 360
	FP_ROUTE KCHS..KDFW

TRACK_TIME 1167737286
TRACK A20110117571782 MD82 404360 734900 120 30 999 NONE NONE 320
	FP_ROUTE KLGA..KORD

TRACK_TIME 1167737286
TRACK A20110117571783 A320 404600 1120000 120 30 999 NONE NONE 370
	FP_ROUTE KSLC..KJFK

TRACK_TIME 1167737286
TRACK A20110117571785 A320 264060 800160 120 30 999 NONE NONE 370
	FP_ROUTE KPBI..KBOS

TRACK_TIME 1167737286
TRACK A20110117571788 E145 425560 875400 120 30 999 NONE NONE 100
	FP_ROUTE KMKE..KMSN

TRACK_TIME 1167737286
TRACK A20110117571789 CRJ2 334000 842100 120 30 999 NONE NONE 260
	FP_ROUTE KATL..KEVV

TRACK_TIME 1167737286
TRACK A20110117571790 B737 324500 1171360 120 30 999 NONE NONE 380
	FP_ROUTE KSAN..KSEA

TRACK_TIME 1167737286
TRACK A20110117571791 E170 404500 735100 120 30 999 NONE NONE 340
	FP_ROUTE KLGA..KIND

TRACK_TIME 1167737286
TRACK A20110117571796 CRJ2 375700 873160 120 30 999 NONE NONE 290
	FP_ROUTE KEVV..KATL

TRACK_TIME 1167737286
TRACK A20110117571797 A320 472560 1221900 120 30 999 NONE NONE 350
	FP_ROUTE KSEA..KJFK

TRACK_TIME 1167737286
TRACK A20110117571800 SF34 471960 924900 120 30 999 NONE NONE 40
	FP_ROUTE KHIB..KMSP

TRACK_TIME 1167737286
TRACK A20110117571819 B737 391000 764500 120 30 999 NONE NONE 400
	FP_ROUTE KBWI..KSAT

TRACK_TIME 1167737286
TRACK A20110117571820 E120 342860 1181900 120 30 999 NONE NONE 81
	FP_ROUTE KIYK..KLAX

TRACK_TIME 1167737286
TRACK A20110117571825 E170 272260 823300 120 30 999 NONE NONE 330
	FP_ROUTE KSRQ..KDCA

TRACK_TIME 1167737286
TRACK A20110117571828 C750 390700 842400 120 30 999 NONE NONE 410
	FP_ROUTE KLUK..KAPF

TRACK_TIME 1167737286
TRACK A20110117571829 A320 403900 734960 120 30 999 NONE NONE 340
	FP_ROUTE KJFK..KFLL

TRACK_TIME 1167737286
TRACK A20110117571830 CRJ2 333900 1014960 120 30 999 NONE NONE 310
	FP_ROUTE KLBB..KMEM

TRACK_TIME 1167737286
TRACK A20110117571836 FA20 334000 1015100 120 30 999 NONE NONE 170
	FP_ROUTE KLBB..KMAF

TRACK_TIME 1167737286
TRACK A20110117571841 E145 404360 740700 120 30 999 NONE NONE 360
	FP_ROUTE KEWR..KBNA

TRACK_TIME 1167737286
TRACK A20110117571842 F2TH 432200 1142100 120 30 999 NONE NONE 430
	FP_ROUTE KSUN..KHWD

TRACK_TIME 1167737286
TRACK A20110117571851 AT72 311960 1001200 120 30 999 NONE NONE 110
	FP_ROUTE KSJT..KDFW

TRACK_TIME 1167737286
TRACK A20110117571854 E145 254800 801600 120 30 999 NONE NONE 350
	FP_ROUTE KMIA..KTYS

TRACK_TIME 1167737286
TRACK A20110117571856 E145 344300 921600 120 30 999 NONE NONE 350
	FP_ROUTE KLIT..KORD

TRACK_TIME 1167737286
TRACK A20110117571859 DH8D 424600 734800 120 30 999 NONE NONE 71
	FP_ROUTE KALB..KEWR

TRACK_TIME 1167737286
TRACK A20110117571865 F900 404960 734960 120 30 999 NONE NONE 31
	FP_ROUTE KLGA..KMMU

TRACK_TIME 1167737286
TRACK A20110117571868 CRJ2 333900 842260 120 30 999 NONE NONE 210
	FP_ROUTE KATL..KAVL

TRACK_TIME 1167737286
TRACK A20110117571872 B733 340300 1173700 120 30 999 NONE NONE 340
	FP_ROUTE KONT..KOAK

TRACK_TIME 1167737286
TRACK A20110117571873 E170 351360 805560 120 30 999 NONE NONE 210
	FP_ROUTE KCLT..KRIC

TRACK_TIME 1167737286
TRACK A20110117571876 E190 422100 710100 120 30 999 NONE NONE 160
	FP_ROUTE KBOS..KJFK

TRACK_TIME 1167737286
TRACK A20110117571877 B733 391000 944060 120 30 999 NONE NONE 350
	FP_ROUTE KMCI..KBNA

TRACK_TIME 1167737286
TRACK A20110117571879 CRJ2 352560 823160 120 30 999 NONE NONE 120
	FP_ROUTE KAVL..KATL

TRACK_TIME 1167737286
TRACK A20110117571880 E190 404300 740760 120 30 999 NONE NONE 380
	FP_ROUTE KEWR..KFLL

TRACK_TIME 1167737286
TRACK A20110117571881 B733 280000 823300 120 30 999 NONE NONE 340
	FP_ROUTE KTPA..KBHM

TRACK_TIME 1167737286
TRACK A20110117571882 A320 350400 895860 120 30 999 NONE NONE 380
	FP_ROUTE KMEM..KLAX

TRACK_TIME 1167737286
TRACK A20110117571883 CRJ2 333760 842800 120 30 999 NONE NONE 180
	FP_ROUTE KATL..KABY

TRACK_TIME 1167737286
TRACK A20110117571888 A320 334960 1181200 120 30 999 NONE NONE 340
	FP_ROUTE KLGB..KSMF

TRACK_TIME 1167737286
TRACK A20110117571894 A319 472560 1221900 120 30 999 NONE NONE 390
	FP_ROUTE KSEA..KLAX

TRACK_TIME 1167737286
TRACK A20110117571896 B712 205500 1562400 120 30 999 NONE NONE 140
	FP_ROUTE KOGG..KHNL

TRACK_TIME 1167737286
TRACK A20110117571899 CRJ2 360900 864360 120 30 999 NONE NONE 100
	FP_ROUTE KBNA..KMEM

TRACK_TIME 1167737286
TRACK A20110117571903 B738 472500 1221900 120 30 999 NONE NONE 340
	FP_ROUTE KSEA..KKOA

TRACK_TIME 1167737286
TRACK A20110117571905 A320 300000 901500 120 30 999 NONE NONE 380
	FP_ROUTE KMSY..KLAX

TRACK_TIME 1167737286
TRACK A20110117571912 AT72 325260 970160 120 30 999 NONE NONE 110
	FP_ROUTE KDFW..KSHV

TRACK_TIME 1167737286
TRACK A20110117571914 E145 294060 951800 120 30 999 NONE NONE 220
	FP_ROUTE KHOU..KDFW

TRACK_TIME 1167737286
TRACK A20110117571918 CRJ2 303000 862400 120 30 999 NONE NONE 250
	FP_ROUTE KVPS..KCLT

TRACK_TIME 1167737286
TRACK A20110117571920 CRJ2 354660 840160 120 30 999 NONE NONE 110
	FP_ROUTE KTYS..KCVG

TRACK_TIME 1167737286
TRACK A20110117571921 B752 335560 1182860 120 30 999 NONE NONE 360
	FP_ROUTE KLAX..KSFO

TRACK_TIME 1167737286
TRACK A20110117571922 CRJ9 351360 805560 120 30 999 NONE NONE 270
	FP_ROUTE KCLT..KIAD

TRACK_TIME 1167737286
TRACK A20110117571923 BE20 383160 1065560 120 30 999 NONE NONE 158
	FP_ROUTE KGUC..KGJT

TRACK_TIME 1167737286
TRACK A20110117571931 E145 404600 735100 120 30 999 NONE NONE 360
	FP_ROUTE KLGA..KCHS

TRACK_TIME 1167737286
TRACK A20110117571935 DH8A 204600 1565800 120 30 999 NONE NONE 60
	FP_ROUTE KLNY..KHNL

TRACK_TIME 1167737286
TRACK A20110117571936 CRJ2 333700 843100 120 30 999 NONE NONE 220
	FP_ROUTE KATL..KECP

TRACK_TIME 1167737286
TRACK A20110117571938 E145 403760 734900 120 30 999 NONE NONE 100
	FP_ROUTE KJFK..KBDL

TRACK_TIME 1167737286
TRACK A20110117571940 BE20 611600 1494000 120 30 999 NONE NONE 170
	FP_ROUTE KANC..KVDZ

TRACK_TIME 1167737286
TRACK A20110117571947 B738 472560 1221900 120 30 999 NONE NONE 370
	FP_ROUTE KSEA..KLAS

TRACK_TIME 1167737286
TRACK A20110117571949 B738 472560 1221900 120 30 999 NONE NONE 370
	FP_ROUTE KSEA..KONT

TRACK_TIME 1167737286
TRACK A20110117571954 E135 355260 784660 120 30 999 NONE NONE 220
	FP_ROUTE KRDU..KDCA

TRACK_TIME 1167737286
TRACK A20110117571959 MD83 404800 735200 120 30 999 NONE NONE 340
	FP_ROUTE KLGA..KORD

TRACK_TIME 1167737286
TRACK A20110117571963 E170 425700 712560 120 30 999 NONE NONE 260
	FP_ROUTE KMHT..KPHL

TRACK_TIME 1167737286
TRACK A20110117571965 B752 260460 800760 120 30 999 NONE NONE 390
	FP_ROUTE KFLL..KATL

TRACK_TIME 1167737286
TRACK A20110117571967 A321 282400 811900 120 30 999 NONE NONE 340
	FP_ROUTE KMCO..KPHX

TRACK_TIME 1167737286
TRACK A20110117571968 B712 194300 1550000 120 30 999 NONE NONE 240
	FP_ROUTE KITO..KHNL

TRACK_TIME 1167737286
TRACK A20110117571970 A319 394960 1044600 120 30 999 NONE NONE 380
	FP_ROUTE KDEN..KLAX

TRACK_TIME 1167737286
TRACK A20110117571975 CRJ9 335560 1182560 120 30 999 NONE NONE 350
	FP_ROUTE KLAX..KSLC

TRACK_TIME 1167737286
TRACK A20110117571980 B737 333900 842700 120 30 999 NONE NONE 390
	FP_ROUTE KATL..KCAK

TRACK_TIME 1167737286
TRACK A20110117571989 MD82 390900 763900 120 30 999 NONE NONE 340
	FP_ROUTE KBWI..KDFW

TRACK_TIME 1167737286
TRACK A20110117571993 E145 395500 840900 120 30 999 NONE NONE 100
	FP_ROUTE KDAY..KCLE

TRACK_TIME 1167737286
TRACK A20110117571994 E135 355260 784660 120 30 999 NONE NONE 180
	FP_ROUTE KRDU..KDCA

TRACK_TIME 1167737286
TRACK A20110117571995 CRJ2 334060 843400 120 30 999 NONE NONE 119
	FP_ROUTE KATL..KCHA

TRACK_TIME 1167737286
TRACK A20110117571997 B738 263000 814960 120 30 999 NONE NONE 380
	FP_ROUTE KRSW..KDFW

TRACK_TIME 1167737286
TRACK A20110117572001 B737 421300 832200 120 30 999 NONE NONE 220
	FP_ROUTE KDTW..KMDW

TRACK_TIME 1167737286
TRACK A20110117572004 B737 414600 874360 120 30 999 NONE NONE 320
	FP_ROUTE KMDW..KMSP

TRACK_TIME 1167737286
TRACK A20110117572006 CRJ2 445400 931600 120 30 999 NONE NONE 110
	FP_ROUTE KMSP..KLSE

TRACK_TIME 1167737286
TRACK A20110117572010 A320 403900 734960 120 30 999 NONE NONE 340
	FP_ROUTE KJFK..KPHX

TRACK_TIME 1167737286
TRACK A20110117572014 CRJ2 414200 861800 120 30 999 NONE NONE 190
	FP_ROUTE KSBN..KCVG

TRACK_TIME 1167737286
TRACK A20110117572016 B737 360700 1150900 120 30 999 NONE NONE 320
	FP_ROUTE KLAS..KOAK

TRACK_TIME 1167737286
TRACK A20110117572019 A320 183160 670600 120 30 999 NONE NONE 360
	FP_ROUTE KBQN..KJFK

TRACK_TIME 1167737286
TRACK A20110117572021 A320 422200 705800 120 30 999 NONE NONE 320
	FP_ROUTE KBOS..KPHX

TRACK_TIME 1167737286
TRACK A20110117572022 B737 444900 931200 120 30 999 NONE NONE 310
	FP_ROUTE KMSP..KMDW

TRACK_TIME 1167737286
TRACK A20110117572025 LJ35 404600 732500 120 30 999 NONE NONE 320
	FP_ROUTE KFRG..KBKL

TRACK_TIME 1167737286
TRACK A20110117572026 B737 414500 874600 120 30 999 NONE NONE 390
	FP_ROUTE KMDW..KMCO

TRACK_TIME 1167737286
TRACK A20110117572029 B733 361060 864000 120 30 999 NONE NONE 320
	FP_ROUTE KBNA..KPHX

TRACK_TIME 1167737286
TRACK A20110117572040 A321 355260 784660 120 30 999 NONE NONE 160
	FP_ROUTE KRDU..KCLT

TRACK_TIME 1167737286
TRACK A20110117572041 CRJ2 360300 795800 120 30 999 NONE NONE 270
	FP_ROUTE KGSO..KLGA

TRACK_TIME 1167737286
TRACK A20110117572042 CRJ2 421200 832100 120 30 999 NONE NONE 250
	FP_ROUTE KDTW..KROC

TRACK_TIME 1167737286
TRACK A20110117572043 BE20 304000 881300 120 30 999 NONE NONE 230
	FP_ROUTE KMOB..KPDK

TRACK_TIME 1167737286
TRACK A20110117572044 CRJ2 420400 801600 120 30 999 NONE NONE 141
	FP_ROUTE KERI..KDTW

TRACK_TIME 1167737286
TRACK A20110117572045 DH8D 472560 1221800 120 30 999 NONE NONE 168
	FP_ROUTE KSEA..KPDX

TRACK_TIME 1167737286
TRACK A20110117572046 CRJ9 332560 1115860 120 30 999 NONE NONE 340
	FP_ROUTE KPHX..KBUR

TRACK_TIME 1167737286
TRACK A20110117572047 E190 395260 751200 120 30 999 NONE NONE 230
	FP_ROUTE KPHL..KBOS

TRACK_TIME 1167737286
TRACK A20110117572048 B738 333900 842260 120 30 999 NONE NONE 380
	FP_ROUTE KATL..KDEN

TRACK_TIME 1167737286
TRACK A20110117572051 B752 254800 801600 120 30 999 NONE NONE 369
	FP_ROUTE KMIA..KORD

TRACK_TIME 1167737286
TRACK A20110117572056 CRJ2 403760 735100 120 30 999 NONE NONE 260
	FP_ROUTE KJFK..KLWB

TRACK_TIME 1167737286
TRACK A20110117572057 A319 433300 1161060 120 30 999 NONE NONE 350
	FP_ROUTE KBOI..KPHX

TRACK_TIME 1167737286
TRACK A20110117572060 A320 260460 800760 120 30 999 NONE NONE 370
	FP_ROUTE KFLL..KBDL

TRACK_TIME 1167737286
TRACK A20110117572064 CRJ2 414360 712500 120 30 999 NONE NONE 140
	FP_ROUTE KPVD..KPHL

TRACK_TIME 1167737286
TRACK A20110117572068 BE9L 395260 1050460 120 30 999 NONE NONE 110
	FP_ROUTE KBJC..KGLD

TRACK_TIME 1167737286
TRACK A20110117572069 DH8D 370900 1074500 120 30 999 NONE NONE 250
	FP_ROUTE KDRO..KDEN

TRACK_TIME 1167737286
TRACK A20110117572070 A319 422200 710100 120 30 999 NONE NONE 360
	FP_ROUTE KBOS..KPHX

TRACK_TIME 1167737286
TRACK A20110117572071 CRJ9 295700 952100 120 30 999 NONE NONE 350
	FP_ROUTE KIAH..KMSP

TRACK_TIME 1167737286
TRACK A20110117572079 E145 401060 764360 120 30 999 NONE NONE 340
	FP_ROUTE KMDT..KORD

TRACK_TIME 1167737286
TRACK A20110117572081 B738 404300 740900 120 30 999 NONE NONE 380
	FP_ROUTE KEWR..KMCO

TRACK_TIME 1167737286
TRACK A20110117572087 B752 385800 772560 120 30 999 NONE NONE 330
	FP_ROUTE KIAD..KBOS

TRACK_TIME 1167737286
TRACK A20110117572093 E145 431300 891060 120 30 999 NONE NONE 100
	FP_ROUTE KMSN..KMKE

TRACK_TIME 1167737286
TRACK A20110117572102 E145 404500 740760 120 30 999 NONE NONE 240
	FP_ROUTE KEWR..KRIC

TRACK_TIME 1167737286
TRACK A20110117572106 C550 414360 874600 120 30 999 NONE NONE 359
	FP_ROUTE KMDW..KSAT

TRACK_TIME 1167737286
TRACK A20110117572108 E170 414360 712500 120 30 999 NONE NONE 280
	FP_ROUTE KPVD..KDCA

TRACK_TIME 1167737286
TRACK A20110117572109 E170 385260 770300 120 30 999 NONE NONE 340
	FP_ROUTE KDCA..KMSY

TRACK_TIME 1167737286
TRACK A20110117572112 C550 293100 982800 120 30 999 NONE NONE 369
	FP_ROUTE KSAT..KMDW

TRACK_TIME 1167737286
TRACK A20110117572113 C550 414360 882260 120 30 999 NONE NONE 25
	FP_ROUTE KARR..KMDW

TRACK_TIME 1167737286
TRACK A20110117572115 E170 373100 771960 120 30 999 NONE NONE 360
	FP_ROUTE KRIC..KMSP

TRACK_TIME 1167737286
TRACK A20110117572116 E145 274500 973000 120 30 999 NONE NONE 170
	FP_ROUTE KCRP..KIAH

TRACK_TIME 1167737286
TRACK A20110117572118 DH8A 404660 735200 120 30 999 NONE NONE 200
	FP_ROUTE KLGA..KCHO

TRACK_TIME 1167737286
TRACK A20110117572121 B734 320600 810900 120 30 999 NONE NONE 240
	FP_ROUTE KSAV..KMCO

TRACK_TIME 1167737286
TRACK A20110117572123 B735 293300 983000 120 30 999 NONE NONE 230
	FP_ROUTE KSAT..KIAH

TRACK_TIME 1167737286
TRACK A20110117572134 DH8A 211900 1575700 120 30 999 NONE NONE 50
	FP_ROUTE KHNL..KLNY

TRACK_TIME 1167737286
TRACK A20110117572135 DH8D 472560 1221900 120 30 999 NONE NONE 230
	FP_ROUTE KSEA..KMSO

TRACK_TIME 1167737286
TRACK A20110117572137 E145 411800 955400 120 30 999 NONE NONE 290
	FP_ROUTE KOMA..KMKE

TRACK_TIME 1167737286
TRACK A20110117572139 DH8A 211900 1575700 120 30 999 NONE NONE 70
	FP_ROUTE KHNL..KMKK

TRACK_TIME 1167737286
TRACK A20110117572140 C550 395700 860300 120 30 999 NONE NONE 380
	FP_ROUTE KUMP..KIMT

TRACK_TIME 1167737286
TRACK A20110117572144 B712 264060 800400 120 30 999 NONE NONE 350
	FP_ROUTE KPBI..KBWI

TRACK_TIME 1167737286
TRACK A20110117572145 BE20 302700 1035500 120 30 999 NONE NONE 230
	FP_ROUTE KMRF..KDAL

TRACK_TIME 1167737286
TRACK A20110117572148 B712 333900 842700 120 30 999 NONE NONE 300
	FP_ROUTE KATL..KFNT

TRACK_TIME 1167737286
TRACK A20110117572154 B738 404300 740760 120 30 999 NONE NONE 340
	FP_ROUTE KEWR..KPBI

TRACK_TIME 1167737286
TRACK A20110117572155 CRJ2 335700 810900 120 30 999 NONE NONE 120
	FP_ROUTE KCAE..KCLT

TRACK_TIME 1167737286
TRACK A20110117572157 B712 333900 842700 120 30 999 NONE NONE 310
	FP_ROUTE KATL..KDTW

TRACK_TIME 1167737286
TRACK A20110117572161 CRJ1 404800 735200 120 30 999 NONE NONE 320
	FP_ROUTE KLGA..KCVG

TRACK_TIME 1167737286
TRACK A20110117572163 B733 414800 874900 120 30 999 NONE NONE 341
	FP_ROUTE KMDW..KMCI

TRACK_TIME 1167737286
TRACK A20110117572166 CRJ2 445260 931060 120 30 999 NONE NONE 230
	FP_ROUTE KMSP..KGRB

TRACK_TIME 1167737286
TRACK A20110117572167 B738 295700 952100 120 30 999 NONE NONE 310
	FP_ROUTE KIAH..KBOS

TRACK_TIME 1167737286
TRACK A20110117572169 E145 351060 805700 120 30 999 NONE NONE 360
	FP_ROUTE KCLT..KMIA

TRACK_TIME 1167737286
TRACK A20110117572174 B739 332560 1120160 120 30 999 NONE NONE 350
	FP_ROUTE KPHX..KIAH

TRACK_TIME 1167737286
TRACK A20110117572190 F900 264060 800300 120 30 999 NONE NONE 410
	FP_ROUTE KPBI..KHPN

TRACK_TIME 1167737286
TRACK A20110117572196 CRJ2 333760 842260 120 30 999 NONE NONE 149
	FP_ROUTE KATL..KAGS

TRACK_TIME 1167737286
TRACK A20110117572199 CRJ2 332500 820300 120 30 999 NONE NONE 200
	FP_ROUTE KAGS..KATL

TRACK_TIME 1167737286
TRACK A20110117572201 B712 385560 773160 120 30 999 NONE NONE 300
	FP_ROUTE KIAD..KATL

TRACK_TIME 1167737286
TRACK A20110117572206 E135 425560 875400 120 30 999 NONE NONE 190
	FP_ROUTE KMKE..KIND

TRACK_TIME 1167737286
TRACK A20110117572211 CRJ2 350900 805560 120 30 999 NONE NONE 290
	FP_ROUTE KCLT..KLGA

TRACK_TIME 1167737286
TRACK A20110117572217 E190 413160 934000 120 30 999 NONE NONE 380
	FP_ROUTE KDSM..KDEN

TRACK_TIME 1167737286
TRACK A20110117572219 B737 383900 1213400 120 30 999 NONE NONE 370
	FP_ROUTE KSMF..KSAN

TRACK_TIME 1167737286
TRACK A20110117572222 DH8D 472700 1221900 120 30 999 NONE NONE 190
	FP_ROUTE KSEA..KALW

TRACK_TIME 1167737286
TRACK A20110117572223 B737 324500 1171360 120 30 999 NONE NONE 310
	FP_ROUTE KSAN..KPHX

TRACK_TIME 1167737286
TRACK A20110117572233 B737 335700 1182700 120 30 999 NONE NONE 400
	FP_ROUTE KLAX..KRNO

TRACK_TIME 1167737286
TRACK A20110117572234 C510 351660 791960 120 30 999 NONE NONE 380
	FP_ROUTE KSOP..KDXR

TRACK_TIME 1167737286
TRACK A20110117572238 B738 335560 1182700 120 30 999 NONE NONE 350
	FP_ROUTE KLAX..KMSP

TRACK_TIME 1167737286
TRACK A20110117572243 A320 373900 1222200 120 30 999 NONE NONE 369
	FP_ROUTE KSFO..KSAN

TRACK_TIME 1167737286
TRACK A20110117572245 C560 373600 1185100 120 30 999 NONE NONE 370
	FP_ROUTE KMMH..KBIL

TRACK_TIME 1167737286
TRACK A20110117572250 B735 393300 1194660 120 30 999 NONE NONE 340
	FP_ROUTE KRNO..KPDX

TRACK_TIME 1167737286
TRACK A20110117572251 C550 384660 821060 120 30 999 NONE NONE 340
	FP_ROUTE KGAS..KTPA

TRACK_TIME 1167737286
TRACK A20110117572252 B753 333900 842860 120 30 999 NONE NONE 320
	FP_ROUTE KATL..KMSP

TRACK_TIME 1167737286
TRACK A20110117572253 E170 394360 861600 120 30 999 NONE NONE 310
	FP_ROUTE KIND..KCLT

TRACK_TIME 1167737286
TRACK A20110117572257 B737 293760 951800 120 30 999 NONE NONE 360
	FP_ROUTE KHOU..KSAN

TRACK_TIME 1167737286
TRACK A20110117572258 B712 333760 842800 120 30 999 NONE NONE 290
	FP_ROUTE KATL..KLGA

TRACK_TIME 1167737286
TRACK A20110117572259 E145 295800 952100 120 30 999 NONE NONE 370
	FP_ROUTE KIAH..KSTL

TRACK_TIME 1167737286
TRACK A20110117572271 B752 394660 1043700 120 30 999 NONE NONE 330
	FP_ROUTE KDEN..KMCI

TRACK_TIME 1167737286
TRACK A20110117572272 CRJ2 335560 1182700 120 30 999 NONE NONE 110
	FP_ROUTE KLAX..KSAN

TRACK_TIME 1167737286
TRACK A20110117572276 A319 395100 1044600 120 30 999 NONE NONE 380
	FP_ROUTE KDEN..KBIL

TRACK_TIME 1167737286
TRACK A20110117572277 CRJ2 324500 1171300 120 30 999 NONE NONE 100
	FP_ROUTE KSAN..KLAX

TRACK_TIME 1167737286
TRACK A20110117572278 E135 421200 832200 120 30 999 NONE NONE 330
	FP_ROUTE KDTW..KLGA

TRACK_TIME 1167737286
TRACK A20110117572288 E120 373900 1222200 120 30 999 NONE NONE 260
	FP_ROUTE KSFO..KACV

TRACK_TIME 1167737286
TRACK A20110117572298 CRJ2 320900 1021000 120 30 999 NONE NONE 360
	FP_ROUTE KMAF..KDEN

TRACK_TIME 1167737286
TRACK A20110117572303 E120 373760 1222200 120 30 999 NONE NONE 210
	FP_ROUTE KSFO..KSBA

TRACK_TIME 1167737286
TRACK A20110117572304 A320 282400 811800 120 30 999 NONE NONE 350
	FP_ROUTE KMCO..KBDL

TRACK_TIME 1167737286
TRACK A20110117572306 CRJ2 394960 1044660 120 30 999 NONE NONE 360
	FP_ROUTE KDEN..KBUR

TRACK_TIME 1167737286
TRACK A20110117572311 B738 414500 874800 120 30 999 NONE NONE 380
	FP_ROUTE KMDW..KPHX

TRACK_TIME 1167737286
TRACK A20110117572317 CRJ2 350300 895860 120 30 999 NONE NONE 260
	FP_ROUTE KMEM..KIAH

TRACK_TIME 1167737286
TRACK A20110117572319 LJ35 272260 823300 120 30 999 NONE NONE 350
	FP_ROUTE KSRQ..KADW

TRACK_TIME 1167737286
TRACK A20110117572323 BE20 350600 1113700 120 30 999 NONE NONE 170
	FP_ROUTE KFLG..KRQE

TRACK_TIME 1167737286
TRACK A20110117572325 LJ35 385200 764900 120 30 999 NONE NONE 270
	FP_ROUTE KADW..KBOS

TRACK_TIME 1167737286
TRACK A20110117572326 B712 334000 843160 120 30 999 NONE NONE 300
	FP_ROUTE KATL..KIND

TRACK_TIME 1167737286
TRACK A20110117572328 A319 391060 943100 120 30 999 NONE NONE 391
	FP_ROUTE KMCI..KCLT

TRACK_TIME 1167737286
TRACK A20110117572330 BE9L 383100 1075400 120 30 999 NONE NONE 270
	FP_ROUTE KMTJ..KSTP

TRACK_TIME 1167737286
TRACK A20110117572331 B733 360760 863900 120 30 999 NONE NONE 310
	FP_ROUTE KBNA..KCLE

TRACK_TIME 1167737286
TRACK A20110117572333 MD83 335560 1182800 120 30 999 NONE NONE 320
	FP_ROUTE KLAX..KPSC

TRACK_TIME 1167737286
TRACK A20110117572338 B752 275700 823300 120 30 999 NONE NONE 320
	FP_ROUTE KTPA..KATL

TRACK_TIME 1167737286
TRACK A20110117572343 LJ35 422200 705860 120 30 999 NONE NONE 360
	FP_ROUTE KBOS..KYIP

TRACK_TIME 1167737286
TRACK A20110117572347 E190 282400 811800 120 30 999 NONE NONE 370
	FP_ROUTE KMCO..KSJU

TRACK_TIME 1167737286
TRACK A20110117572350 B735 295700 952100 120 30 999 NONE NONE 360
	FP_ROUTE KIAH..KMFE

TRACK_TIME 1167737286
TRACK A20110117572353 B733 383760 1213300 120 30 999 NONE NONE 330
	FP_ROUTE KSMF..KLAS

TRACK_TIME 1167737286
TRACK A20110117572356 SW4 393300 1045100 120 30 999 NONE NONE 220
	FP_ROUTE KAPA..KGJT

TRACK_TIME 1167737286
TRACK A20110117572357 SW4 390300 1082860 120 30 999 NONE NONE 211
	FP_ROUTE KGJT..KBJC

TRACK_TIME 1167737286
TRACK A20110117572362 CRJ2 335500 1182800 120 30 999 NONE NONE 350
	FP_ROUTE KLAX..KELP

TRACK_TIME 1167737286
TRACK A20110117572363 CRJ2 314900 1062260 120 30 999 NONE NONE 340
	FP_ROUTE KELP..KLAX

TRACK_TIME 1167737286
TRACK A20110117572365 CRJ2 350460 895700 120 30 999 NONE NONE 250
	FP_ROUTE KMEM..KMGM

TRACK_TIME 1167737286
TRACK A20110117572368 B752 373900 1221960 120 30 999 NONE NONE 390
	FP_ROUTE KSFO..KMIA

TRACK_TIME 1167737286
TRACK A20110117572371 E145 402860 801200 120 30 999 NONE NONE 230
	FP_ROUTE KPIT..KJFK

TRACK_TIME 1167737286
TRACK A20110117572372 B737 360700 1150900 120 30 999 NONE NONE 80
	FP_ROUTE KLAS..KSNA

TRACK_TIME 1167737286
TRACK A20110117572375 E145 404000 734300 120 30 999 NONE NONE 220
	FP_ROUTE KJFK..KPIT

TRACK_TIME 1167737286
TRACK A20110117572377 A320 390300 844060 120 30 999 NONE NONE 220
	FP_ROUTE KCVG..KORD

TRACK_TIME 1167737286
TRACK A20110117572381 MD83 422800 711900 120 30 999 NONE NONE 340
	FP_ROUTE KBED..KRDU

TRACK_TIME 1167737286
TRACK A20110117572382 MD83 421200 833460 120 30 999 NONE NONE 350
	FP_ROUTE KYIP..KBED

TRACK_TIME 1167737286
TRACK A20110117572384 B752 205500 1562400 120 30 999 NONE NONE 369
	FP_ROUTE KOGG..KLAX

TRACK_TIME 1167737286
TRACK A20110117572385 MD82 360700 1150900 120 30 999 NONE NONE 330
	FP_ROUTE KLAS..KDFW

TRACK_TIME 1167737286
TRACK A20110117572388 B763 415560 875200 120 30 999 NONE NONE 340
	FP_ROUTE KORD..KHNL

TRACK_TIME 1167737286
TRACK A20110117572393 A320 374060 1222260 120 30 999 NONE NONE 370
	FP_ROUTE KSFO..KSAN

TRACK_TIME 1167737286
TRACK A20110117572402 B752 335560 1182700 120 30 999 NONE NONE 350
	FP_ROUTE KLAX..KATL

TRACK_TIME 1167737286
TRACK A20110117572403 E145 414300 712560 120 30 999 NONE NONE 260
	FP_ROUTE KPVD..KIAD

TRACK_TIME 1167737286
TRACK A20110117572404 CRJ2 304060 881060 120 30 999 NONE NONE 240
	FP_ROUTE KMOB..KATL

TRACK_TIME 1167737286
TRACK A20110117572408 C560 255400 801660 120 30 999 NONE NONE 50
	FP_ROUTE KOPF..KPBI

TRACK_TIME 1167737286
TRACK A20110117572409 SF34 461900 940160 120 30 999 NONE NONE 90
	FP_ROUTE KBRD..KMSP

TRACK_TIME 1167737286
TRACK A20110117572410 CRJ2 403900 734960 120 30 999 NONE NONE 180
	FP_ROUTE KJFK..KIAD

TRACK_TIME 1167737286
TRACK A20110117572411 E170 351060 805700 120 30 999 NONE NONE 340
	FP_ROUTE KCLT..KSTL

TRACK_TIME 1167737286
TRACK A20110117572413 SF34 554060 1600100 120 30 999 NONE NONE 230
	FP_ROUTE KSDP..KANC

TRACK_TIME 1167737286
TRACK A20110117572418 DH8A 351200 805500 120 30 999 NONE NONE 90
	FP_ROUTE KCLT..KLYH

TRACK_TIME 1167737286
TRACK A20110117572420 E120 414660 1241500 120 30 999 NONE NONE 270
	FP_ROUTE KCEC..KSBA

TRACK_TIME 1167737286
TRACK A20110117572423 B752 422100 710100 120 30 999 NONE NONE 380
	FP_ROUTE KBOS..KORD

TRACK_TIME 1167737286
TRACK A20110117572425 SF34 605800 1501800 120 30 999 NONE NONE 200
	FP_ROUTE KANC..KSDP

TRACK_TIME 1167737286
TRACK A20110117572430 B737 335700 1182800 120 30 999 NONE NONE 400
	FP_ROUTE KLAX..KRNO

TRACK_TIME 1167737286
TRACK A20110117572434 A320 420160 875700 120 30 999 NONE NONE 230
	FP_ROUTE KORD..KDTW

TRACK_TIME 1167737286
TRACK A20110117572435 E145 325400 970160 120 30 999 NONE NONE 290
	FP_ROUTE KDFW..KXNA

TRACK_TIME 1167737286
TRACK A20110117572439 CRJ9 425560 784360 120 30 999 NONE NONE 380
	FP_ROUTE KBUF..KMSP

TRACK_TIME 1167737286
TRACK A20110117572444 A320 280000 823300 120 30 999 NONE NONE 370
	FP_ROUTE KTPA..KLGA

TRACK_TIME 1167737286
TRACK A20110117572446 CRJ2 350400 895860 120 30 999 NONE NONE 290
	FP_ROUTE KMEM..KLFT

TRACK_TIME 1167737286
TRACK A20110117572448 CRJ2 333760 842700 120 30 999 NONE NONE 210
	FP_ROUTE KATL..KVLD

TRACK_TIME 1167737286
TRACK A20110117572452 PAY2 414660 1241500 120 30 999 NONE NONE 110
	FP_ROUTE KCEC..KMFR

TRACK_TIME 1167737286
TRACK A20110117572454 B753 333700 843000 120 30 999 NONE NONE 350
	FP_ROUTE KATL..KMCO

TRACK_TIME 1167737286
TRACK A20110117572456 CRJ2 404600 1120000 120 30 999 NONE NONE 320
	FP_ROUTE KSLC..KSFO

TRACK_TIME 1167737286
TRACK A20110117572462 MD83 395260 751060 120 30 999 NONE NONE 340
	FP_ROUTE KPHL..KDFW

TRACK_TIME 1167737286
TRACK A20110117572463 MD83 325500 970160 120 30 999 NONE NONE 310
	FP_ROUTE KDFW..KJAX

TRACK_TIME 1167737286
TRACK A20110117572474 CRJ2 333900 842260 120 30 999 NONE NONE 320
	FP_ROUTE KATL..KSGF

TRACK_TIME 1167737286
TRACK A20110117572480 A319 384360 901600 120 30 999 NONE NONE 380
	FP_ROUTE KSTL..KDEN

TRACK_TIME 1167737286
TRACK A20110117572487 CRJ2 333900 842700 120 30 999 NONE NONE 120
	FP_ROUTE KATL..KCHA

TRACK_TIME 1167737286
TRACK A20110117572488 CRJ2 333760 842700 120 30 999 NONE NONE 230
	FP_ROUTE KATL..KCAE

TRACK_TIME 1167737286
TRACK A20110117572490 BE9L 351500 1204000 120 30 999 NONE NONE 130
	FP_ROUTE KSBP..KBFL

TRACK_TIME 1167737286
TRACK A20110117572500 B752 335560 1182560 120 30 999 NONE NONE 350
	FP_ROUTE KLAX..KORD

TRACK_TIME 1167737286
TRACK A20110117572510 E145 254800 801600 120 30 999 NONE NONE 370
	FP_ROUTE KMIA..KSDF

TRACK_TIME 1167737286
TRACK A20110117572514 C550 363460 1194060 120 30 999 NONE NONE 31
	FP_ROUTE KFAT..KVIS

TRACK_TIME 1167737286
TRACK A20110117572520 B733 325200 965260 120 30 999 NONE NONE 110
	FP_ROUTE KDAL..KHOU

TRACK_TIME 1167737286
TRACK A20110117572525 B737 341000 1182200 120 30 999 NONE NONE 380
	FP_ROUTE KBUR..KSMF

TRACK_TIME 1167737286
TRACK A20110117572530 B733 293400 983160 120 30 999 NONE NONE 39
	FP_ROUTE KSAT..KDAL

TRACK_TIME 1167737286
TRACK A20110117572532 C550 325800 964960 120 30 999 NONE NONE 410
	FP_ROUTE KADS..KFAT

TRACK_TIME 1167737286
TRACK A20110117572535 CRJ2 344800 774000 120 30 999 NONE NONE 110
	FP_ROUTE KOAJ..KCLT

TRACK_TIME 1167737286
TRACK A20110117572538 SF34 421300 760000 120 30 999 NONE NONE 120
	FP_ROUTE KBGM..KIAD

TRACK_TIME 1167737286
TRACK A20110117572541 B752 332560 1120400 120 30 999 NONE NONE 350
	FP_ROUTE KPHX..KDEN

TRACK_TIME 1167737286
TRACK A20110117572544 E145 385400 770460 120 30 999 NONE NONE 300
	FP_ROUTE KDCA..KCMH

TRACK_TIME 1167737286
TRACK A20110117572548 F2TH 414600 874360 120 30 999 NONE NONE 170
	FP_ROUTE KMDW..KYIP

TRACK_TIME 1167737286
TRACK A20110117572553 A319 402860 801000 120 30 999 NONE NONE 60
	FP_ROUTE KPIT..KPHL

TRACK_TIME 1167737286
TRACK A20110117572557 B744 325500 970300 120 30 999 NONE NONE 350
	FP_ROUTE KDFW..KORD

TRACK_TIME 1167737286
TRACK A20110117572562 B737 384060 1213460 120 30 999 NONE NONE 410
	FP_ROUTE KSMF..KONT

TRACK_TIME 1167737286
TRACK A20110117572563 B737 340300 1173700 120 30 999 NONE NONE 290
	FP_ROUTE KONT..KLAS

TRACK_TIME 1167737286
TRACK A20110117572567 B712 205400 1562500 120 30 999 NONE NONE 140
	FP_ROUTE KOGG..KHNL

TRACK_TIME 1167737286
TRACK A20110117572569 B752 325260 970160 120 30 999 NONE NONE 350
	FP_ROUTE KDFW..KBOS

TRACK_TIME 1167737286
TRACK A20110117572571 CRJ2 351060 805560 120 30 999 NONE NONE 180
	FP_ROUTE KCLT..KAGS

TRACK_TIME 1167737286
TRACK A20110117572574 B752 394900 1044060 120 30 999 NONE NONE 380
	FP_ROUTE KDEN..KLAS

TRACK_TIME 1167737286
TRACK A20110117572579 B737 350160 1063460 120 30 999 NONE NONE 260
	FP_ROUTE KABQ..KPHX

TRACK_TIME 1167737286
TRACK A20110117572580 DH8A 382200 753160 120 30 999 NONE NONE 40
	FP_ROUTE KSBY..KPHL

TRACK_TIME 1167737286
TRACK A20110117572591 B735 351060 1013460 120 30 999 NONE NONE 109
	FP_ROUTE KAMA..KDAL

TRACK_TIME 1167737286
TRACK A20110117572592 B735 325200 965200 120 30 999 NONE NONE 330
	FP_ROUTE KDAL..KHOU

TRACK_TIME 1167737286
TRACK A20110117572593 B735 293760 951800 120 30 999 NONE NONE 340
	FP_ROUTE KHOU..KHRL

TRACK_TIME 1167737286
TRACK A20110117572595 A320 472400 1221900 120 30 999 NONE NONE 370
	FP_ROUTE KSEA..KLGB

TRACK_TIME 1167737286
TRACK A20110117572597 B712 333700 843100 120 30 999 NONE NONE 280
	FP_ROUTE KATL..KPNS

TRACK_TIME 1167737286
TRACK A20110117572598 B734 551660 1313600 120 30 999 NONE NONE 350
	FP_ROUTE KKTN..KSEA

TRACK_TIME 1167737286
TRACK A20110117572599 B738 335560 1182700 120 30 999 NONE NONE 370
	FP_ROUTE KLAX..KDFW

TRACK_TIME 1167737286
TRACK A20110117572611 B737 360700 1150900 120 30 999 NONE NONE 340
	FP_ROUTE KLAS..KRNO

TRACK_TIME 1167737286
TRACK A20110117572615 B738 404300 740760 120 30 999 NONE NONE 340
	FP_ROUTE KEWR..KTPA

TRACK_TIME 1167737286
TRACK A20110117572618 DH8D 472400 1221800 120 30 999 NONE NONE 250
	FP_ROUTE KSEA..KMSO

TRACK_TIME 1167737286
TRACK A20110117572628 E145 415860 875200 120 30 999 NONE NONE 210
	FP_ROUTE KORD..KIND

TRACK_TIME 1167737286
TRACK A20110117572633 BE20 363900 1150460 120 30 999 NONE NONE 240
	FP_ROUTE KVGT..KBOI

TRACK_TIME 1167737286
TRACK A20110117572634 E145 330000 800700 120 30 999 NONE NONE 360
	FP_ROUTE KCHS..KORD

TRACK_TIME 1167737286
TRACK A20110117572640 A320 260460 800760 120 30 999 NONE NONE 370
	FP_ROUTE KFLL..KJFK

TRACK_TIME 1167737286
TRACK A20110117572641 B733 293300 983000 120 30 999 NONE NONE 240
	FP_ROUTE KSAT..KPHX

TRACK_TIME 1167737286
TRACK A20110117572645 LJ45 425560 875400 120 30 999 NONE NONE 120
	FP_ROUTE KMKE..KMKE

TRACK_TIME 1167737286
TRACK A20110117572647 A320 422200 710000 120 30 999 NONE NONE 360
	FP_ROUTE KBOS..KPBI

TRACK_TIME 1167737286
TRACK A20110117572648 DH8A 211900 1575700 120 30 999 NONE NONE 50
	FP_ROUTE KHNL..KLNY

TRACK_TIME 1167737286
TRACK A20110117572649 B738 403160 734960 120 30 999 NONE NONE 360
	FP_ROUTE KJFK..KPDX

TRACK_TIME 1167737286
TRACK A20110117572650 CRJ2 333700 842200 120 30 999 NONE NONE 100
	FP_ROUTE KATL..KCSG

TRACK_TIME 1167737286
TRACK A20110117572652 B733 325260 965400 120 30 999 NONE NONE 240
	FP_ROUTE KDAL..KAMA

TRACK_TIME 1167737286
TRACK A20110117572657 DH8A 404800 735200 120 30 999 NONE NONE 200
	FP_ROUTE KLGA..KCHO

TRACK_TIME 1167737286
TRACK A20110117572658 B735 282400 811660 120 30 999 NONE NONE 230
	FP_ROUTE KMCO..KFLL

TRACK_TIME 1167737286
TRACK A20110117572661 A320 282500 811900 120 30 999 NONE NONE 360
	FP_ROUTE KMCO..KORD

TRACK_TIME 1167737286
TRACK A20110117572666 B733 275800 823300 120 30 999 NONE NONE 350
	FP_ROUTE KTPA..KMHT

TRACK_TIME 1167737286
TRACK A20110117572677 CRJ2 403760 734900 120 30 999 NONE NONE 160
	FP_ROUTE KJFK..KDCA

TRACK_TIME 1167737286
TRACK A20110117572679 B738 335560 1182700 120 30 999 NONE NONE 400
	FP_ROUTE KLAX..KSFO

TRACK_TIME 1167737286
TRACK A20110117572683 E135 415700 875400 120 30 999 NONE NONE 26
	FP_ROUTE KORD..KAZO

TRACK_TIME 1167737286
TRACK A20110117572684 CRJ2 454800 1083000 120 30 999 NONE NONE 280
	FP_ROUTE KBIL..KSLC

TRACK_TIME 1167737286
TRACK A20110117572692 B753 360700 1150900 120 30 999 NONE NONE 370
	FP_ROUTE KLAS..KIAH

TRACK_TIME 1167737286
TRACK A20110117572698 SF34 334060 842800 120 30 999 NONE NONE 160
	FP_ROUTE KATL..KMSL

TRACK_TIME 1167737286
TRACK A20110117572700 MD83 383900 1213600 120 30 999 NONE NONE 330
	FP_ROUTE KSMF..KDFW

TRACK_TIME 1167737286
TRACK A20110117572716 E145 295700 952100 120 30 999 NONE NONE 230
	FP_ROUTE KIAH..KBTR

TRACK_TIME 1167737286
TRACK A20110117572717 E145 403900 734900 120 30 999 NONE NONE 300
	FP_ROUTE KJFK..KCMH

TRACK_TIME 1167737286
TRACK A20110117572718 E190 264060 801000 120 30 999 NONE NONE 370
	FP_ROUTE KPBI..KHPN

TRACK_TIME 1167737286
TRACK A20110117572719 B738 472500 1221800 120 30 999 NONE NONE 351
	FP_ROUTE KSEA..KDFW

TRACK_TIME 1167737286
TRACK A20110117572720 B752 373760 1222100 120 30 999 NONE NONE 330
	FP_ROUTE KSFO..KDEN

TRACK_TIME 1167737286
TRACK A20110117572721 E120 335100 1163160 120 30 999 NONE NONE 80
	FP_ROUTE KPSP..KLAX

TRACK_TIME 1167737286
TRACK A20110117572727 B712 404900 735200 120 30 999 NONE NONE 260
	FP_ROUTE KLGA..KPHF

TRACK_TIME 1167737286
TRACK A20110117572731 PAY2 644600 1480100 120 30 999 NONE NONE 200
	FP_ROUTE KFAI..KHLA

TRACK_TIME 1167737286
TRACK A20110117572732 PAY2 654060 1555860 120 30 999 NONE NONE 130
	FP_ROUTE KHLA..KFAI

TRACK_TIME 1167737286
TRACK A20110117572733 B732 403000 801600 120 30 999 NONE NONE 250
	FP_ROUTE KPIT..KACY

TRACK_TIME 1167737286
TRACK A20110117572734 E120 335560 1182560 120 30 999 NONE NONE 110
	FP_ROUTE KLAX..KPSP

TRACK_TIME 1167737286
TRACK A20110117572740 A320 281960 811600 120 30 999 NONE NONE 370
	FP_ROUTE KMCO..KJFK

TRACK_TIME 1167737286
TRACK A20110117572741 E190 263760 814360 120 30 999 NONE NONE 370
	FP_ROUTE KRSW..KBUF

TRACK_TIME 1167737286
TRACK A20110117572753 B712 422200 710100 120 30 999 NONE NONE 360
	FP_ROUTE KBOS..KMCO

TRACK_TIME 1167737286
TRACK A20110117572754 B763 453600 1223760 120 30 999 NONE NONE 250
	FP_ROUTE KPDX..KGEG

TRACK_TIME 1167737286
TRACK A20110117572755 B752 333900 842800 120 30 999 NONE NONE 320
	FP_ROUTE KATL..KDFW

TRACK_TIME 1167737286
TRACK A20110117572756 E145 415860 875200 120 30 999 NONE NONE 370
	FP_ROUTE KORD..KRIC

TRACK_TIME 1167737286
TRACK A20110117572759 CL60 365400 761200 120 30 999 NONE NONE 240
	FP_ROUTE KORF..KROA

TRACK_TIME 1167737286
TRACK A20110117572760 CL60 371800 800000 120 30 999 NONE NONE 210
	FP_ROUTE KROA..KORF

TRACK_TIME 1167737286
TRACK A20110117572766 CRJ1 282400 811800 120 30 999 NONE NONE 330
	FP_ROUTE KMCO..KRDU

TRACK_TIME 1167737286
TRACK A20110117572767 E120 440900 1231300 120 30 999 NONE NONE 116
	FP_ROUTE KEUG..KPDX

TRACK_TIME 1167737286
TRACK A20110117572768 CRJ2 350300 900000 120 30 999 NONE NONE 280
	FP_ROUTE KMEM..KBTR

TRACK_TIME 1167737286
TRACK A20110117572769 CRJ2 403760 735100 120 30 999 NONE NONE 280
	FP_ROUTE KJFK..KIND

TRACK_TIME 1167737286
TRACK A20110117572772 CRJ9 445100 931360 120 30 999 NONE NONE 280
	FP_ROUTE KMSP..KOMA

TRACK_TIME 1167737286
TRACK A20110117572773 B734 593000 1394000 120 30 999 NONE NONE 100
	FP_ROUTE KYAK..KJNU

TRACK_TIME 1167737286
TRACK A20110117572775 A320 420000 875100 120 30 999 NONE NONE 380
	FP_ROUTE KORD..KLGA

TRACK_TIME 1167737286
TRACK A20110117572777 MD82 325700 970160 120 30 999 NONE NONE 290
	FP_ROUTE KDFW..KATL

TRACK_TIME 1167737286
TRACK A20110117572779 E170 445260 931060 120 30 999 NONE NONE 260
	FP_ROUTE KMSP..KFAR

TRACK_TIME 1167737286
TRACK A20110117572783 SW4 295700 951960 120 30 999 NONE NONE 190
	FP_ROUTE KIAH..KMSY

TRACK_TIME 1167737286
TRACK A20110117572784 CRJ2 462200 1170460 120 30 999 NONE NONE 290
	FP_ROUTE KLWS..KSLC

TRACK_TIME 1167737286
TRACK A20110117572785 B739 295860 951660 120 30 999 NONE NONE 320
	FP_ROUTE KIAH..KSEA

TRACK_TIME 1167737286
TRACK A20110117572786 B752 385400 770400 120 30 999 NONE NONE 400
	FP_ROUTE KDCA..KSLC

TRACK_TIME 1167737286
TRACK A20110117572787 FA50 360700 1150760 120 30 999 NONE NONE 410
	FP_ROUTE KLAS..KHPN

TRACK_TIME 1167737286
TRACK A20110117572788 B738 182700 655800 120 30 999 NONE NONE 360
	FP_ROUTE KSJU..KPHL

TRACK_TIME 1167737286
TRACK A20110117572789 E145 295860 951800 120 30 999 NONE NONE 230
	FP_ROUTE KIAH..KSHV

TRACK_TIME 1167737286
TRACK A20110117572791 C560 355800 1022400 120 30 999 NONE NONE 330
	FP_ROUTE KTDW..KACT

TRACK_TIME 1167737286
TRACK A20110117572792 DH8D 473700 1173300 120 30 999 NONE NONE 240
	FP_ROUTE KGEG..KPDX

TRACK_TIME 1167737286
TRACK A20110117572794 CRJ2 403760 752800 120 30 999 NONE NONE 300
	FP_ROUTE KABE..KATL

TRACK_TIME 1167737286
TRACK A20110117572797 CRJ2 421000 832200 120 30 999 NONE NONE 190
	FP_ROUTE KDTW..KPIT

TRACK_TIME 1167737286
TRACK A20110117572799 B738 444900 931200 120 30 999 NONE NONE 390
	FP_ROUTE KMSP..KTPA

TRACK_TIME 1167737286
TRACK A20110117572800 B738 295560 952100 120 30 999 NONE NONE 330
	FP_ROUTE KIAH..KORD

TRACK_TIME 1167737286
TRACK A20110117572802 B733 335700 1182700 120 30 999 NONE NONE 360
	FP_ROUTE KLAX..KSJC

TRACK_TIME 1167737286
TRACK A20110117572804 A320 335560 1182560 120 30 999 NONE NONE 330
	FP_ROUTE KLAX..KMSY

TRACK_TIME 1167737286
TRACK A20110117572816 E145 313400 971500 120 30 999 NONE NONE 110
	FP_ROUTE KACT..KDFW

TRACK_TIME 1167737286
TRACK A20110117572818 MD82 325200 970160 120 30 999 NONE NONE 200
	FP_ROUTE KDFW..KAUS

TRACK_TIME 1167737286
TRACK A20110117572821 B733 453600 1223900 120 30 999 NONE NONE 350
	FP_ROUTE KPDX..KSJC

TRACK_TIME 1167737286
TRACK A20110117572822 B733 372260 1215700 120 30 999 NONE NONE 370
	FP_ROUTE KSJC..KPHX

TRACK_TIME 1167737286
TRACK A20110117572825 E170 415800 875700 120 30 999 NONE NONE 280
	FP_ROUTE KORD..KMSP

TRACK_TIME 1167737286
TRACK A20110117572826 B737 414600 874660 120 30 999 NONE NONE 380
	FP_ROUTE KMDW..KDEN

TRACK_TIME 1167737286
TRACK A20110117572828 E135 303600 910460 120 30 999 NONE NONE 110
	FP_ROUTE KBTR..KDFW

TRACK_TIME 1167737286
TRACK A20110117572829 B737 394800 1043900 120 30 999 NONE NONE 240
	FP_ROUTE KDEN..KABQ

TRACK_TIME 1167737286
TRACK A20110117572830 CRJ2 421200 832200 120 30 999 NONE NONE 330
	FP_ROUTE KDTW..KHPN

TRACK_TIME 1167737286
TRACK A20110117572843 B712 194300 1550100 120 30 999 NONE NONE 240
	FP_ROUTE KITO..KHNL

TRACK_TIME 1167737286
TRACK A20110117572844 CRJ2 395100 751660 120 30 999 NONE NONE 121
	FP_ROUTE KPHL..KALB

TRACK_TIME 1167737286
TRACK A20110117572845 CRJ2 321660 900400 120 30 999 NONE NONE 270
	FP_ROUTE KJAN..KATL

TRACK_TIME 1167737286
TRACK A20110117572846 B733 293760 951600 120 30 999 NONE NONE 340
	FP_ROUTE KHOU..KHRL

TRACK_TIME 1167737286
TRACK A20110117572847 SF34 332800 883460 120 30 999 NONE NONE 90
	FP_ROUTE KGTR..KATL

TRACK_TIME 1167737286
TRACK A20110117572848 A320 385200 770300 120 30 999 NONE NONE 360
	FP_ROUTE KDCA..KATL

TRACK_TIME 1167737286
TRACK A20110117572850 B737 404600 1115860 120 30 999 NONE NONE 340
	FP_ROUTE KSLC..KSEA

TRACK_TIME 1167737286
TRACK A20110117572851 A320 422200 705800 120 30 999 NONE NONE 280
	FP_ROUTE KBOS..KFLL

TRACK_TIME 1167737286
TRACK A20110117572860 E145 431000 891960 120 30 999 NONE NONE 130
	FP_ROUTE KMSN..KORD

TRACK_TIME 1167737286
TRACK A20110117572861 E145 412560 814960 120 30 999 NONE NONE 110
	FP_ROUTE KCLE..KBUF

TRACK_TIME 1167737286
TRACK A20110117572862 SF34 422260 710000 120 30 999 NONE NONE 170
	FP_ROUTE KBOS..KPQI

TRACK_TIME 1167737286
TRACK A20110117572864 B737 360700 1150900 120 30 999 NONE NONE 330
	FP_ROUTE KLAS..KSLC

TRACK_TIME 1167737286
TRACK A20110117572867 E145 415860 875100 120 30 999 NONE NONE 230
	FP_ROUTE KORD..KDAY

TRACK_TIME 1167737286
TRACK A20110117572868 B737 472560 1221800 120 30 999 NONE NONE 390
	FP_ROUTE KSEA..KOAK

TRACK_TIME 1167737286
TRACK A20110117572870 DH8D 400000 825400 120 30 999 NONE NONE 190
	FP_ROUTE KCMH..KEWR

TRACK_TIME 1167737286
TRACK A20110117572873 E135 404360 734960 120 30 999 NONE NONE 240
	FP_ROUTE KLGA..KCLE

TRACK_TIME 1167737286
TRACK A20110117572875 E145 380160 873160 120 30 999 NONE NONE 260
	FP_ROUTE KEVV..KORD

TRACK_TIME 1167737286
TRACK A20110117572879 B737 374300 1221500 120 30 999 NONE NONE 370
	FP_ROUTE KOAK..KSAN

TRACK_TIME 1167737286
TRACK A20110117572887 DH8D 393160 1194660 120 30 999 NONE NONE 250
	FP_ROUTE KRNO..KLAX

TRACK_TIME 1167737286
TRACK A20110117572894 BE20 410000 981900 120 30 999 NONE NONE 120
	FP_ROUTE KGRI..KLBF

TRACK_TIME 1167737286
TRACK A20110117572898 EA50 384060 1213600 120 30 999 NONE NONE 330
	FP_ROUTE KSMF..KONT

TRACK_TIME 1167737286
TRACK A20110117572899 A319 404500 735100 120 30 999 NONE NONE 380
	FP_ROUTE KLGA..KDTW

TRACK_TIME 1167737286
TRACK A20110117572900 E145 415860 874900 120 30 999 NONE NONE 190
	FP_ROUTE KORD..KTOL

TRACK_TIME 1167737286
TRACK A20110117572918 B738 415560 875500 120 30 999 NONE NONE 360
	FP_ROUTE KORD..KLAX

TRACK_TIME 1167737286
TRACK A20110117572921 B738 295560 952100 120 30 999 NONE NONE 220
	FP_ROUTE KIAH..KAUS

TRACK_TIME 1167737286
TRACK A20110117572923 B737 453600 1223700 120 30 999 NONE NONE 390
	FP_ROUTE KPDX..KLAS

TRACK_TIME 1167737286
TRACK A20110117572932 B733 325200 965200 120 30 999 NONE NONE 290
	FP_ROUTE KDAL..KSTL

TRACK_TIME 1167737286
TRACK A20110117572934 CRJ2 445100 931300 120 30 999 NONE NONE 79
	FP_ROUTE KMSP..KMSP

TRACK_TIME 1167737286
TRACK A20110117572936 E190 391300 943700 120 30 999 NONE NONE 370
	FP_ROUTE KMCI..KLGA

TRACK_TIME 1167737286
TRACK A20110117572937 B733 384360 901360 120 30 999 NONE NONE 360
	FP_ROUTE KSTL..KMSP

TRACK_TIME 1167737286
TRACK A20110117572938 E145 325560 970300 120 30 999 NONE NONE 340
	FP_ROUTE KDFW..KCRP

TRACK_TIME 1167737286
TRACK A20110117572940 B772 404360 740760 120 30 999 NONE NONE 400
	FP_ROUTE KEWR..KIAH

TRACK_TIME 1167737286
TRACK A20110117572943 B738 263300 814000 120 30 999 NONE NONE 380
	FP_ROUTE KRSW..KDFW

TRACK_TIME 1167737286
TRACK A20110117572944 B712 333760 842860 120 30 999 NONE NONE 290
	FP_ROUTE KATL..KLGA

TRACK_TIME 1167737286
TRACK A20110117572948 B712 391000 764200 120 30 999 NONE NONE 330
	FP_ROUTE KBWI..KPWM

TRACK_TIME 1167737286
TRACK A20110117572952 BE20 383300 900400 120 30 999 NONE NONE 250
	FP_ROUTE KCPS..KCAK

TRACK_TIME 1167737286
TRACK A20110117572955 BE9L 360300 1112260 120 30 999 NONE NONE 140
	FP_ROUTE KT03..KFLG

TRACK_TIME 1167737286
TRACK A20110117572957 E145 385800 772560 120 30 999 NONE NONE 270
	FP_ROUTE KIAD..KPVD

TRACK_TIME 1167737286
TRACK A20110117572959 C750 400000 825260 120 30 999 NONE NONE 400
	FP_ROUTE KCMH..KAPF

TRACK_TIME 1167737286
TRACK A20110117572960 E170 454500 1110760 120 30 999 NONE NONE 350
	FP_ROUTE KBZN..KDEN

TRACK_TIME 1167737286
TRACK A20110117572966 C750 260760 814960 120 30 999 NONE NONE 430
	FP_ROUTE KAPF..KHAO

TRACK_TIME 1167737286
TRACK A20110117572967 B752 404660 1120000 120 30 999 NONE NONE 390
	FP_ROUTE KSLC..KBWI

TRACK_TIME 1167737286
TRACK A20110117572969 E145 420100 875700 120 30 999 NONE NONE 260
	FP_ROUTE KORD..KFSD

TRACK_TIME 1167737286
TRACK A20110117572970 B737 414960 874600 120 30 999 NONE NONE 390
	FP_ROUTE KMDW..KISP

TRACK_TIME 1167737286
TRACK A20110117572972 B712 215860 1591900 120 30 999 NONE NONE 130
	FP_ROUTE KLIH..KHNL

TRACK_TIME 1167737286
TRACK A20110117572977 SF34 385400 772560 120 30 999 NONE NONE 80
	FP_ROUTE KIAD..KCHO

TRACK_TIME 1167737286
TRACK A20110117572978 E145 385400 772800 120 30 999 NONE NONE 280
	FP_ROUTE KIAD..KSTL

TRACK_TIME 1167737286
TRACK A20110117572984 E135 360900 864000 120 30 999 NONE NONE 300
	FP_ROUTE KBNA..KMKE

TRACK_TIME 1167737286
TRACK A20110117572985 E135 425560 875400 120 30 999 NONE NONE 109
	FP_ROUTE KMKE..KGRR

TRACK_TIME 1167737286
TRACK A20110117572986 B733 301800 974600 120 30 999 NONE NONE 340
	FP_ROUTE KAUS..KDEN

TRACK_TIME 1167737286
TRACK A20110117572987 E120 335560 1182560 120 30 999 NONE NONE 60
	FP_ROUTE KLAX..KSBA

TRACK_TIME 1167737286
TRACK A20110117572990 B737 700760 1483300 120 30 999 NONE NONE 390
	FP_ROUTE KSCC..KANC

TRACK_TIME 1167737286
TRACK A20110117572992 AT72 244300 814060 120 30 999 NONE NONE 91
	FP_ROUTE KEYW..KMIA

TRACK_TIME 1167737286
TRACK A20110117573007 B737 395100 751800 120 30 999 NONE NONE 220
	FP_ROUTE KPHL..KPIT

TRACK_TIME 1167737286
TRACK A20110117573010 B738 263460 814200 120 30 999 NONE NONE 170
	FP_ROUTE KRSW..KMCO

TRACK_TIME 1167737286
TRACK A20110117573012 B737 360700 1150900 120 30 999 NONE NONE 280
	FP_ROUTE KLAS..KONT

TRACK_TIME 1167737286
TRACK A20110117573014 CRJ2 404600 1120000 120 30 999 NONE NONE 310
	FP_ROUTE KSLC..KABQ

TRACK_TIME 1167737286
TRACK A20110117573015 CRJ2 362560 822700 120 30 999 NONE NONE 220
	FP_ROUTE KTRI..KATL

TRACK_TIME 1167737286
TRACK A20110117573016 E170 404800 735200 120 30 999 NONE NONE 360
	FP_ROUTE KLGA..KORD

TRACK_TIME 1167737286
TRACK A20110117573021 B738 260460 800760 120 30 999 NONE NONE 340
	FP_ROUTE KFLL..KDFW

TRACK_TIME 1167737286
TRACK A20110117573024 E145 385700 773160 120 30 999 NONE NONE 360
	FP_ROUTE KIAD..KSTL

TRACK_TIME 1167737286
TRACK A20110117573026 CRJ2 412260 754060 120 30 999 NONE NONE 280
	FP_ROUTE KAVP..KDTW

TRACK_TIME 1167737286
TRACK A20110117573027 B737 360700 1150900 120 30 999 NONE NONE 400
	FP_ROUTE KLAS..KPDX

TRACK_TIME 1167737286
TRACK A20110117573028 CRJ2 350300 895860 120 30 999 NONE NONE 190
	FP_ROUTE KMEM..KBHM

TRACK_TIME 1167737286
TRACK A20110117573029 BE20 425700 823700 120 30 999 NONE NONE 200
	FP_ROUTE KPHN..KLOT

TRACK_TIME 1167737286
TRACK A20110117573034 B735 295860 951800 120 30 999 NONE NONE 290
	FP_ROUTE KIAH..KMCI

TRACK_TIME 1167737286
TRACK A20110117573038 B738 402860 1071300 120 30 999 NONE NONE 370
	FP_ROUTE KHDN..KATL

TRACK_TIME 1167737286
TRACK A20110117573039 B735 324900 964960 120 30 999 NONE NONE 340
	FP_ROUTE KDAL..KABQ

TRACK_TIME 1167737286
TRACK A20110117573040 B738 295700 952100 120 30 999 NONE NONE 370
	FP_ROUTE KIAH..KBOS

TRACK_TIME 1167737286
TRACK A20110117573042 B737 293900 951800 120 30 999 NONE NONE 260
	FP_ROUTE KHOU..KSAT

TRACK_TIME 1167737286
TRACK A20110117573047 CRJ2 333600 843000 120 30 999 NONE NONE 270
	FP_ROUTE KATL..KROA

TRACK_TIME 1167737286
TRACK A20110117573048 A320 263600 814060 120 30 999 NONE NONE 380
	FP_ROUTE KRSW..KSTL

TRACK_TIME 1167737286
TRACK A20110117573050 B712 215860 1591900 120 30 999 NONE NONE 110
	FP_ROUTE KLIH..KHNL

TRACK_TIME 1167737286
TRACK A20110117573051 E145 325560 970160 120 30 999 NONE NONE 270
	FP_ROUTE KDFW..KCVG

TRACK_TIME 1167737286
TRACK A20110117573052 MD82 325560 970160 120 30 999 NONE NONE 289
	FP_ROUTE KDFW..KMCO

TRACK_TIME 1167737286
TRACK A20110117573053 E190 373100 771960 120 30 999 NONE NONE 330
	FP_ROUTE KRIC..KBOS

TRACK_TIME 1167737286
TRACK A20110117573056 A320 394960 1044600 120 30 999 NONE NONE 380
	FP_ROUTE KDEN..KLAX

TRACK_TIME 1167737286
TRACK A20110117573057 E190 422200 705860 120 30 999 NONE NONE 380
	FP_ROUTE KBOS..KCLT

TRACK_TIME 1167737286
TRACK A20110117573060 A320 282200 811660 120 30 999 NONE NONE 370
	FP_ROUTE KMCO..KEWR

TRACK_TIME 1167737286
TRACK A20110117573062 SW4 341000 1181900 120 30 999 NONE NONE 110
	FP_ROUTE KBUR..KPHX

TRACK_TIME 1167737286
TRACK A20110117573063 B752 333700 843100 120 30 999 NONE NONE 370
	FP_ROUTE KATL..KPBI

TRACK_TIME 1167737286
TRACK A20110117573067 E190 422200 705860 120 30 999 NONE NONE 280
	FP_ROUTE KBOS..KBWI

TRACK_TIME 1167737286
TRACK A20110117573070 B737 333900 1175260 120 30 999 NONE NONE 250
	FP_ROUTE KSNA..KLAS

TRACK_TIME 1167737286
TRACK A20110117573071 B737 360700 1150900 120 30 999 NONE NONE 290
	FP_ROUTE KLAS..KPHX

TRACK_TIME 1167737286
TRACK A20110117573073 E190 422200 705860 120 30 999 NONE NONE 320
	FP_ROUTE KBOS..KPIT

TRACK_TIME 1167737286
TRACK A20110117573083 CRJ9 291000 810600 120 30 999 NONE NONE 50
	FP_ROUTE KDAB..KCLT

TRACK_TIME 1167737286
TRACK A20110117573084 B712 211900 1575260 120 30 999 NONE NONE 130
	FP_ROUTE KHNL..KOGG

TRACK_TIME 1167737286
TRACK A20110117573085 B752 403760 734960 120 30 999 NONE NONE 360
	FP_ROUTE KJFK..KLAX

TRACK_TIME 1167737286
TRACK A20110117573086 B752 282560 811800 120 30 999 NONE NONE 370
	FP_ROUTE KMCO..KIAD

TRACK_TIME 1167737286
TRACK A20110117573087 B733 301800 973760 120 30 999 NONE NONE 220
	FP_ROUTE KAUS..KDAL

TRACK_TIME 1167737286
TRACK A20110117573098 B752 335560 1182800 120 30 999 NONE NONE 350
	FP_ROUTE KLAX..KSLC

TRACK_TIME 1167737286
TRACK A20110117573101 DH8D 404300 740760 120 30 999 NONE NONE 240
	FP_ROUTE KEWR..KCMH

TRACK_TIME 1167737286
TRACK A20110117573103 B744 415800 875860 120 30 999 NONE NONE 340
	FP_ROUTE KORD..KANC

TRACK_TIME 1167737286
TRACK A20110117573104 CRJ2 415260 914360 120 30 999 NONE NONE 340
	FP_ROUTE KCID..KDEN

TRACK_TIME 1167737286
TRACK A20110117573107 DH8D 393300 1194660 120 30 999 NONE NONE 240
	FP_ROUTE KRNO..KSEA

TRACK_TIME 1167737286
TRACK A20110117573108 CRJ2 350160 1063300 120 30 999 NONE NONE 340
	FP_ROUTE KABQ..KSLC

TRACK_TIME 1167737286
TRACK A20110117573110 A320 260400 801060 120 30 999 NONE NONE 340
	FP_ROUTE KFLL..KLGB

TRACK_TIME 1167737286
TRACK A20110117573111 CRJ9 404500 1115800 120 30 999 NONE NONE 350
	FP_ROUTE KSLC..KORD

TRACK_TIME 1167737286
TRACK A20110117573117 CRJ2 412400 815260 120 30 999 NONE NONE 340
	FP_ROUTE KCLE..KMSP

TRACK_TIME 1167737286
TRACK A20110117573125 E145 385800 772560 120 30 999 NONE NONE 100
	FP_ROUTE KIAD..KPHL

TRACK_TIME 1167737286
TRACK A20110117573127 CRJ2 333760 842260 120 30 999 NONE NONE 100
	FP_ROUTE KATL..KCSG

TRACK_TIME 1167737286
TRACK A20110117573128 CRJ2 323400 845500 120 30 999 NONE NONE 40
	FP_ROUTE KCSG..KATL

TRACK_TIME 1167737286
TRACK A20110117573130 A320 360600 1150900 120 30 999 NONE NONE 360
	FP_ROUTE KLAS..KSFO

TRACK_TIME 1167737286
TRACK A20110117573133 E170 445100 931360 120 30 999 NONE NONE 390
	FP_ROUTE KMSP..KBHM

TRACK_TIME 1167737286
TRACK A20110117573134 E145 384360 901660 120 30 999 NONE NONE 320
	FP_ROUTE KSTL..KIAH

TRACK_TIME 1167737286
TRACK A20110117573136 E120 373760 1222200 120 30 999 NONE NONE 260
	FP_ROUTE KSFO..KMFR

TRACK_TIME 1167737286
TRACK A20110117573141 B737 340600 1174960 120 30 999 NONE NONE 380
	FP_ROUTE KONT..KOAK

TRACK_TIME 1167737286
TRACK A20110117573143 CRJ2 350100 895860 120 30 999 NONE NONE 300
	FP_ROUTE KMEM..KIAH

TRACK_TIME 1167737286
TRACK A20110117573144 CRJ2 295800 952100 120 30 999 NONE NONE 310
	FP_ROUTE KIAH..KMEM

TRACK_TIME 1167737286
TRACK A20110117573146 B752 472560 1221900 120 30 999 NONE NONE 270
	FP_ROUTE KSEA..KDEN

TRACK_TIME 1167737286
TRACK A20110117573153 A319 421000 832200 120 30 999 NONE NONE 390
	FP_ROUTE KDTW..KCLT

TRACK_TIME 1167737286
TRACK A20110117573155 CRJ2 452560 982400 120 30 999 NONE NONE 210
	FP_ROUTE KABR..KMSP

TRACK_TIME 1167737286
TRACK A20110117573168 DH8D 420100 875100 120 30 999 NONE NONE 210
	FP_ROUTE KORD..KCLE

TRACK_TIME 1167737286
TRACK A20110117573169 A319 333900 842260 120 30 999 NONE NONE 360
	FP_ROUTE KATL..KMDW

TRACK_TIME 1167737286
TRACK A20110117573188 B712 350300 895860 120 30 999 NONE NONE 270
	FP_ROUTE KMEM..KATL

TRACK_TIME 1167737286
TRACK A20110117573189 B752 275560 823300 120 30 999 NONE NONE 360
	FP_ROUTE KTPA..KATL

TRACK_TIME 1167737286
TRACK A20110117573198 E145 385800 772700 120 30 999 NONE NONE 170
	FP_ROUTE KIAD..KEWR

TRACK_TIME 1167737286
TRACK A20110117573200 B737 414900 874500 120 30 999 NONE NONE 390
	FP_ROUTE KMDW..KLGA

TRACK_TIME 1167737286
TRACK A20110117573201 B737 182700 655800 120 30 999 NONE NONE 380
	FP_ROUTE KSJU..KMCO

TRACK_TIME 1167737286
TRACK A20110117573202 SF34 410460 734300 120 30 999 NONE NONE 50
	FP_ROUTE KHPN..KIAD

TRACK_TIME 1167737286
TRACK A20110117573203 B738 351060 805700 120 30 999 NONE NONE 280
	FP_ROUTE KCLT..KATL

TRACK_TIME 1167737286
TRACK A20110117573205 E190 394800 1043760 120 30 999 NONE NONE 290
	FP_ROUTE KDEN..KOMA

TRACK_TIME 1167737286
TRACK A20110117573206 CRJ1 402860 801060 120 30 999 NONE NONE 200
	FP_ROUTE KPIT..KCVG

TRACK_TIME 1167737286
TRACK A20110117573207 B737 373900 1222200 120 30 999 NONE NONE 390
	FP_ROUTE KSFO..KSAN

TRACK_TIME 1167737286
TRACK A20110117573214 MD83 325200 970300 120 30 999 NONE NONE 320
	FP_ROUTE KDFW..KFAT

TRACK_TIME 1167737286
TRACK A20110117573217 BE9L 303700 813300 120 30 999 NONE NONE 161
	FP_ROUTE KFHB..KPIB

TRACK_TIME 1167737286
TRACK A20110117573218 MD82 325700 970400 120 30 999 NONE NONE 220
	FP_ROUTE KDFW..KAUS

TRACK_TIME 1167737286
TRACK A20110117573223 MD83 365200 1195700 120 30 999 NONE NONE 100
	FP_ROUTE KFAT..KSJC

TRACK_TIME 1167737286
TRACK A20110117573229 CRJ2 351200 805560 120 30 999 NONE NONE 190
	FP_ROUTE KCLT..KPGV

TRACK_TIME 1167737286
TRACK A20110117573230 B763 325200 970160 120 30 999 NONE NONE 370
	FP_ROUTE KDFW..KMIA

TRACK_TIME 1167737286
TRACK A20110117573232 B737 391000 764360 120 30 999 NONE NONE 400
	FP_ROUTE KBWI..KMCO

TRACK_TIME 1167737286
TRACK A20110117573233 B733 335700 1182800 120 30 999 NONE NONE 330
	FP_ROUTE KLAX..KDEN

TRACK_TIME 1167737286
TRACK A20110117573235 CRJ9 333760 842100 120 30 999 NONE NONE 330
	FP_ROUTE KATL..KSWF

TRACK_TIME 1167737286
TRACK A20110117573237 DH8D 453600 1223760 120 30 999 NONE NONE 160
	FP_ROUTE KPDX..KSEA

TRACK_TIME 1167737286
TRACK A20110117573239 C750 293760 951660 120 30 999 NONE NONE 220
	FP_ROUTE KHOU..KDAL

TRACK_TIME 1167737286
TRACK A20110117573240 E170 425500 875400 120 30 999 NONE NONE 340
	FP_ROUTE KMKE..KDFW

TRACK_TIME 1167737286
TRACK A20110117573242 B737 293300 983000 120 30 999 NONE NONE 240
	FP_ROUTE KSAT..KHOU

TRACK_TIME 1167737286
TRACK A20110117573243 B737 293760 951600 120 30 999 NONE NONE 370
	FP_ROUTE KHOU..KJAN

TRACK_TIME 1167737286
TRACK A20110117573245 MD11 325500 970300 120 30 999 NONE NONE 240
	FP_ROUTE KDFW..KSAT

TRACK_TIME 1167737286
TRACK A20110117573247 A319 394900 1044800 120 30 999 NONE NONE 370
	FP_ROUTE KDEN..KDFW

TRACK_TIME 1167737286
TRACK A20110117573250 CRJ2 445100 931360 120 30 999 NONE NONE 250
	FP_ROUTE KMSP..KMLI

TRACK_TIME 1167737286
TRACK A20110117573251 SF34 453760 892700 120 30 999 NONE NONE 90
	FP_ROUTE KRHI..KMSP

TRACK_TIME 1167737286
TRACK A20110117573255 LJ45 361060 955260 120 30 999 NONE NONE 100
	FP_ROUTE KTUL..KPWA

TRACK_TIME 1167737286
TRACK A20110117573260 E135 415560 875500 120 30 999 NONE NONE 40
	FP_ROUTE KORD..KBMI

TRACK_TIME 1167737286
TRACK A20110117573265 CRJ9 422100 710100 120 30 999 NONE NONE 380
	FP_ROUTE KBOS..KDTW

TRACK_TIME 1167737286
TRACK A20110117573268 B737 282400 811800 120 30 999 NONE NONE 390
	FP_ROUTE KMCO..KSJU

TRACK_TIME 1167737286
TRACK A20110117573276 A320 472560 1221900 120 30 999 NONE NONE 350
	FP_ROUTE KSEA..KDEN

TRACK_TIME 1167737286
TRACK A20110117573277 B712 333760 842860 120 30 999 NONE NONE 330
	FP_ROUTE KATL..KFLL

TRACK_TIME 1167737286
TRACK A20110117573279 A319 260460 800760 120 30 999 NONE NONE 350
	FP_ROUTE KFLL..KATL

TRACK_TIME 1167737286
TRACK A20110117573281 E145 325500 970160 120 30 999 NONE NONE 310
	FP_ROUTE KDFW..KVPS

TRACK_TIME 1167737286
TRACK A20110117573282 E145 415500 875100 120 30 999 NONE NONE 320
	FP_ROUTE KORD..KLIT

TRACK_TIME 1167737286
TRACK A20110117573283 C550 293760 830600 120 30 999 NONE NONE 340
	FP_ROUTE KCTY..KHOU

TRACK_TIME 1167737286
TRACK A20110117573285 E145 325800 800400 120 30 999 NONE NONE 350
	FP_ROUTE KCHS..KEWR

TRACK_TIME 1167737286
TRACK A20110117573287 B738 394900 1043900 120 30 999 NONE NONE 310
	FP_ROUTE KDEN..KIAH

TRACK_TIME 1167737286
TRACK A20110117573292 A319 415860 875200 120 30 999 NONE NONE 390
	FP_ROUTE KORD..KDCA

TRACK_TIME 1167737286
TRACK A20110117573293 B737 295800 952100 120 30 999 NONE NONE 360
	FP_ROUTE KIAH..KSNA

TRACK_TIME 1167737286
TRACK A20110117573296 C750 325200 1144900 120 30 999 NONE NONE 100
	FP_ROUTE KNYL..KTRM

TRACK_TIME 1167737286
TRACK A20110117573301 C550 402100 795500 120 30 999 NONE NONE 270
	FP_ROUTE KAGC..KTEB

TRACK_TIME 1167737286
TRACK A20110117573303 E120 342560 1195200 120 30 999 NONE NONE 110
	FP_ROUTE KSBA..KLAX

TRACK_TIME 1167737286
TRACK A20110117573304 E120 335700 1182700 120 30 999 NONE NONE 60
	FP_ROUTE KLAX..KSBA

TRACK_TIME 1167737286
TRACK A20110117573305 A320 373900 1222100 120 30 999 NONE NONE 390
	FP_ROUTE KSFO..KDFW

TRACK_TIME 1167737286
TRACK A20110117573308 CRJ2 421200 832200 120 30 999 NONE NONE 340
	FP_ROUTE KDTW..KRST

TRACK_TIME 1167737286
TRACK A20110117573309 E145 420460 875500 120 30 999 NONE NONE 360
	FP_ROUTE KORD..KFAR

TRACK_TIME 1167737286
TRACK A20110117573311 E145 421300 832200 120 30 999 NONE NONE 280
	FP_ROUTE KDTW..KEVV

TRACK_TIME 1167737286
TRACK A20110117573314 CRJ2 373760 1222200 120 30 999 NONE NONE 320
	FP_ROUTE KSFO..KEUG

TRACK_TIME 1167737286
TRACK A20110117573318 A319 421200 832100 120 30 999 NONE NONE 350
	FP_ROUTE KDTW..KLGA

TRACK_TIME 1167737286
TRACK A20110117573320 E120 335200 1163160 120 30 999 NONE NONE 80
	FP_ROUTE KPSP..KLAX

TRACK_TIME 1167737286
TRACK A20110117573326 E135 335560 1182700 120 30 999 NONE NONE 110
	FP_ROUTE KLAX..KSAN

TRACK_TIME 1167737286
TRACK A20110117573328 B737 360600 1150900 120 30 999 NONE NONE 370
	FP_ROUTE KLAS..KMCI

TRACK_TIME 1167737286
TRACK A20110117573338 CRJ9 421200 832100 120 30 999 NONE NONE 280
	FP_ROUTE KDTW..KAUS

TRACK_TIME 1167737286
TRACK A20110117573339 E145 415860 875100 120 30 999 NONE NONE 270
	FP_ROUTE KORD..KCMH

TRACK_TIME 1167737286
TRACK A20110117573340 E135 420160 875800 120 30 999 NONE NONE 120
	FP_ROUTE KORD..KPIA

TRACK_TIME 1167737286
TRACK A20110117573341 B733 350160 1063400 120 30 999 NONE NONE 330
	FP_ROUTE KABQ..KDAL

TRACK_TIME 1167737286
TRACK A20110117573342 B738 254800 801600 120 30 999 NONE NONE 370
	FP_ROUTE KMIA..KLGA

TRACK_TIME 1167737286
TRACK A20110117573343 CRJ2 385860 772700 120 30 999 NONE NONE 170
	FP_ROUTE KIAD..KJFK

TRACK_TIME 1167737286
TRACK A20110117573344 B752 420000 875560 120 30 999 NONE NONE 340
	FP_ROUTE KORD..KOMA

TRACK_TIME 1167737286
TRACK A20110117573347 MD83 360700 1150900 120 30 999 NONE NONE 280
	FP_ROUTE KLAS..KBFL

TRACK_TIME 1167737286
TRACK A20110117573350 CRJ2 421200 832260 120 30 999 NONE NONE 120
	FP_ROUTE KDTW..KFWA

TRACK_TIME 1167737286
TRACK A20110117573359 E145 415860 874900 120 30 999 NONE NONE 270
	FP_ROUTE KORD..KCAK

TRACK_TIME 1167737286
TRACK A20110117573362 SF34 385800 773160 120 30 999 NONE NONE 130
	FP_ROUTE KIAD..KBGM

TRACK_TIME 1167737286
TRACK A20110117573368 B762 351500 805560 120 30 999 NONE NONE 410
	FP_ROUTE KCLT..KSJU

TRACK_TIME 1167737286
TRACK A20110117573372 A319 430700 760600 120 30 999 NONE NONE 380
	FP_ROUTE KSYR..KCLT

TRACK_TIME 1167737286
TRACK A20110117573374 A320 390300 843900 120 30 999 NONE NONE 370
	FP_ROUTE KCVG..KLGA

TRACK_TIME 1167737286
TRACK A20110117573375 B752 403760 735100 120 30 999 NONE NONE 400
	FP_ROUTE KJFK..KLAS

TRACK_TIME 1167737286
TRACK A20110117573376 CRJ2 385200 770300 120 30 999 NONE NONE 250
	FP_ROUTE KDCA..KALB

TRACK_TIME 1167737286
TRACK A20110117573377 E190 355260 784660 120 30 999 NONE NONE 350
	FP_ROUTE KRDU..KBOS

TRACK_TIME 1167737286
TRACK A20110117573378 E190 422200 705860 120 30 999 NONE NONE 320
	FP_ROUTE KBOS..KRDU

TRACK_TIME 1167737286
TRACK A20110117573383 CRJ2 424600 734900 120 30 999 NONE NONE 280
	FP_ROUTE KALB..KDCA

TRACK_TIME 1167737286
TRACK A20110117573384 E170 355400 784660 120 30 999 NONE NONE 290
	FP_ROUTE KRDU..KPHL

TRACK_TIME 1167737286
TRACK A20110117573385 E145 295700 951960 120 30 999 NONE NONE 350
	FP_ROUTE KIAH..KTYS

TRACK_TIME 1167737286
TRACK A20110117573392 E170 395260 751300 120 30 999 NONE NONE 100
	FP_ROUTE KPHL..KPIT

TRACK_TIME 1167737286
TRACK A20110117573393 A320 415860 874960 120 30 999 NONE NONE 370
	FP_ROUTE KORD..KLGA

TRACK_TIME 1167737286
TRACK A20110117573398 B737 373760 1222200 120 30 999 NONE NONE 370
	FP_ROUTE KSFO..KATL

TRACK_TIME 1167737286
TRACK A20110117573405 MD11 610400 1500700 120 30 999 NONE NONE 330
	FP_ROUTE KANC..KDFW

TRACK_TIME 1167737286
TRACK A20110117573408 B737 333900 842860 120 30 999 NONE NONE 400
	FP_ROUTE KATL..KMSP

TRACK_TIME 1167737286
TRACK A20110117573409 CRJ2 351060 805700 120 30 999 NONE NONE 300
	FP_ROUTE KCLT..KJAN

TRACK_TIME 1167737286
TRACK A20110117573410 B737 472700 1221900 120 30 999 NONE NONE 410
	FP_ROUTE KSEA..KDEN

TRACK_TIME 1167737286
TRACK A20110117573418 B752 400460 743600 120 30 999 NONE NONE 380
	FP_ROUTE KWRI..KBIF

TRACK_TIME 1167737286
TRACK A20110117573425 B737 333760 842860 120 30 999 NONE NONE 390
	FP_ROUTE KATL..KFLL

TRACK_TIME 1167737286
TRACK A20110117573428 B712 205400 1562500 120 30 999 NONE NONE 120
	FP_ROUTE KOGG..KHNL

TRACK_TIME 1167737286
TRACK A20110117573429 B733 335560 1183100 120 30 999 NONE NONE 310
	FP_ROUTE KLAX..KELP

TRACK_TIME 1167737286
TRACK A20110117573430 B733 314900 1062200 120 30 999 NONE NONE 351
	FP_ROUTE KELP..KDAL

TRACK_TIME 1167737286
TRACK A20110117573434 E145 412200 815260 120 30 999 NONE NONE 250
	FP_ROUTE KCLE..KPHL

TRACK_TIME 1167737286
TRACK A20110117573436 E145 325260 970160 120 30 999 NONE NONE 370
	FP_ROUTE KDFW..KPNS

TRACK_TIME 1167737286
TRACK A20110117573437 B737 472560 1221900 120 30 999 NONE NONE 350
	FP_ROUTE KSEA..KBOI

TRACK_TIME 1167737286
TRACK A20110117573441 CRJ2 420160 875560 120 30 999 NONE NONE 180
	FP_ROUTE KORD..KCWA

TRACK_TIME 1167737286
TRACK A20110117573448 A320 260460 800760 120 30 999 NONE NONE 370
	FP_ROUTE KFLL..KJFK

TRACK_TIME 1167737286
TRACK A20110117573450 B737 433400 1161500 120 30 999 NONE NONE 290
	FP_ROUTE KBOI..KSLC

TRACK_TIME 1167737286
TRACK A20110117573451 B737 404900 1115860 120 30 999 NONE NONE 370
	FP_ROUTE KSLC..KMDW

TRACK_TIME 1167737286
TRACK A20110117573453 B737 414500 874600 120 30 999 NONE NONE 390
	FP_ROUTE KMDW..KMCO

TRACK_TIME 1167737286
TRACK A20110117573463 A320 360700 1150900 120 30 999 NONE NONE 280
	FP_ROUTE KLAS..KLAX

TRACK_TIME 1167737286
TRACK A20110117573466 CRJ9 333900 785560 120 30 999 NONE NONE 110
	FP_ROUTE KMYR..KCLT

TRACK_TIME 1167737286
TRACK A20110117573472 B752 260460 800760 120 30 999 NONE NONE 390
	FP_ROUTE KFLL..KATL

TRACK_TIME 1167737286
TRACK A20110117573473 E170 415860 875260 120 30 999 NONE NONE 210
	FP_ROUTE KORD..KIND

TRACK_TIME 1167737286
TRACK A20110117573475 E145 324960 964900 120 30 999 NONE NONE 190
	FP_ROUTE KDAL..KIAH

TRACK_TIME 1167737286
TRACK A20110117573476 A319 404660 735200 120 30 999 NONE NONE 219
	FP_ROUTE KLGA..KDCA

TRACK_TIME 1167737286
TRACK A20110117573478 CRJ2 445100 931300 120 30 999 NONE NONE 310
	FP_ROUTE KMSP..KPIA

TRACK_TIME 1167737286
TRACK A20110117573479 B739 295560 951800 120 30 999 NONE NONE 370
	FP_ROUTE KIAH..KMCO

TRACK_TIME 1167737286
TRACK A20110117573481 CRJ2 360700 795400 120 30 999 NONE NONE 270
	FP_ROUTE KGSO..KPHL

TRACK_TIME 1167737286
TRACK A20110117573482 PAY2 354000 1001500 120 30 999 NONE NONE 270
	FP_ROUTE KHHF..KAUS

TRACK_TIME 1167737286
TRACK A20110117573488 E190 404800 735100 120 30 999 NONE NONE 110
	FP_ROUTE KLGA..KBOS

TRACK_TIME 1167737286
TRACK A20110117573492 A321 275800 823300 120 30 999 NONE NONE 310
	FP_ROUTE KTPA..KPHL

TRACK_TIME 1167737286
TRACK A20110117573494 B737 293760 951600 120 30 999 NONE NONE 410
	FP_ROUTE KHOU..KSTL

TRACK_TIME 1167737286
TRACK A20110117573495 B735 332560 1120160 120 30 999 NONE NONE 320
	FP_ROUTE KPHX..KLAX

TRACK_TIME 1167737286
TRACK A20110117573498 E145 415860 875260 120 30 999 NONE NONE 340
	FP_ROUTE KORD..KSGF

TRACK_TIME 1167737286
TRACK A20110117573500 CRJ9 404600 1120000 120 30 999 NONE NONE 350
	FP_ROUTE KSLC..KMEM

TRACK_TIME 1167737286
TRACK A20110117573501 B735 335700 1182700 120 30 999 NONE NONE 360
	FP_ROUTE KLAX..KSMF

TRACK_TIME 1167737286
TRACK A20110117573502 A319 402860 801200 120 30 999 NONE NONE 320
	FP_ROUTE KPIT..KCLT

TRACK_TIME 1167737286
TRACK A20110117573503 CRJ2 333900 842860 120 30 999 NONE NONE 320
	FP_ROUTE KATL..KBMI

TRACK_TIME 1167737286
TRACK A20110117573510 E145 425500 875400 120 30 999 NONE NONE 230
	FP_ROUTE KMKE..KCMH

TRACK_TIME 1167737286
TRACK A20110117573514 E170 400000 825260 120 30 999 NONE NONE 330
	FP_ROUTE KCMH..KLGA

TRACK_TIME 1167737286
TRACK A20110117573522 A320 385400 772560 120 30 999 NONE NONE 340
	FP_ROUTE KIAD..KSMF

TRACK_TIME 1167737286
TRACK A20110117573523 A319 404900 735200 120 30 999 NONE NONE 220
	FP_ROUTE KLGA..KDCA

TRACK_TIME 1167737286
TRACK A20110117573526 CRJ2 444900 685100 120 30 999 NONE NONE 280
	FP_ROUTE KBGR..KLGA

TRACK_TIME 1167737286
TRACK A20110117573528 MD83 273300 992800 120 30 999 NONE NONE 320
	FP_ROUTE KLRD..KLAS

TRACK_TIME 1167737286
TRACK A20110117573534 CRJ2 350300 895860 120 30 999 NONE NONE 260
	FP_ROUTE KMEM..KOMA

TRACK_TIME 1167737286
TRACK A20110117573538 CRJ1 390300 844060 120 30 999 NONE NONE 300
	FP_ROUTE KCVG..KSTL

TRACK_TIME 1167737286
TRACK A20110117573544 SF34 444960 931360 120 30 999 NONE NONE 140
	FP_ROUTE KMSP..KFOD

TRACK_TIME 1167737286
TRACK A20110117573549 SF34 421300 832200 120 30 999 NONE NONE 160
	FP_ROUTE KDTW..KESC

TRACK_TIME 1167737286
TRACK A20110117573550 SF34 454500 870700 120 30 999 NONE NONE 59
	FP_ROUTE KESC..KIMT

TRACK_TIME 1167737286
TRACK A20110117573559 E145 404500 740700 120 30 999 NONE NONE 320
	FP_ROUTE KEWR..KDTW

TRACK_TIME 1167737286
TRACK A20110117573561 DH8D 335700 1182800 120 30 999 NONE NONE 220
	FP_ROUTE KLAX..KRNO

TRACK_TIME 1167737286
TRACK A20110117573569 CRJ9 403760 734960 120 30 999 NONE NONE 320
	FP_ROUTE KJFK..KRDU

TRACK_TIME 1167737286
TRACK A20110117573575 C550 404300 740760 120 30 999 NONE NONE 109
	FP_ROUTE KEWR..K5B2

TRACK_TIME 1167737286
TRACK A20110117573577 B737 333900 842200 120 30 999 NONE NONE 360
	FP_ROUTE KATL..KMDW

TRACK_TIME 1167737286
TRACK A20110117573583 B752 415500 875400 120 30 999 NONE NONE 280
	FP_ROUTE KORD..KSTL

TRACK_TIME 1167737286
TRACK A20110117573584 E190 373760 1222100 120 30 999 NONE NONE 370
	FP_ROUTE KSFO..KDEN

TRACK_TIME 1167737286
TRACK A20110117573586 A320 392800 743600 120 30 999 NONE NONE 360
	FP_ROUTE KACY..KMCO

TRACK_TIME 1167737286
TRACK A20110117573588 A320 282400 811800 120 30 999 NONE NONE 210
	FP_ROUTE KMCO..KFLL

TRACK_TIME 1167737286
TRACK A20110117573593 C550 393900 1065500 120 30 999 NONE NONE 350
	FP_ROUTE KEGE..KGRI

TRACK_TIME 1167737286
TRACK A20110117573595 C550 410100 981600 120 30 999 NONE NONE 390
	FP_ROUTE KGRI..KPWK

TRACK_TIME 1167737286
TRACK A20110117573604 CRJ2 333900 842860 120 30 999 NONE NONE 280
	FP_ROUTE KATL..KXNA

TRACK_TIME 1167737286
TRACK A20110117573605 B737 333700 843100 120 30 999 NONE NONE 410
	FP_ROUTE KATL..KMIA

TRACK_TIME 1167737286
TRACK A20110117573609 DH8A 395200 751000 120 30 999 NONE NONE 80
	FP_ROUTE KPHL..KLGA

TRACK_TIME 1167737286
TRACK A20110117573610 B737 341060 1182200 120 30 999 NONE NONE 400
	FP_ROUTE KBUR..KSJC

TRACK_TIME 1167737286
TRACK A20110117573616 C550 405260 740300 120 30 999 NONE NONE 260
	FP_ROUTE KTEB..KAGC

TRACK_TIME 1167737286
TRACK A20110117573619 C750 333460 1160760 120 30 999 NONE NONE 340
	FP_ROUTE KTRM..KSCK

TRACK_TIME 1167737286
TRACK A20110117573626 LJ45 373760 972560 120 30 999 NONE NONE 400
	FP_ROUTE KICT..KRAP

TRACK_TIME 1167737286
TRACK A20110117573627 B733 473600 1173300 120 30 999 NONE NONE 320
	FP_ROUTE KGEG..KSEA

TRACK_TIME 1167737286
TRACK A20110117573628 B733 472560 1221900 120 30 999 NONE NONE 370
	FP_ROUTE KSEA..KSLC

TRACK_TIME 1167737286
TRACK A20110117573637 SF34 403900 752800 120 30 999 NONE NONE 120
	FP_ROUTE KABE..KIAD

TRACK_TIME 1167737286
TRACK A20110117573639 CRJ2 333900 842800 120 30 999 NONE NONE 260
	FP_ROUTE KATL..KMOB

TRACK_TIME 1167737286
TRACK A20110117573641 CRJ2 365560 761060 120 30 999 NONE NONE 320
	FP_ROUTE KORF..KDTW

TRACK_TIME 1167737286
TRACK A20110117573642 B752 335560 1182700 120 30 999 NONE NONE 370
	FP_ROUTE KLAX..KEWR

TRACK_TIME 1167737286
TRACK A20110117573646 B734 351060 805560 120 30 999 NONE NONE 350
	FP_ROUTE KCLT..KBDL

TRACK_TIME 1167737286
TRACK A20110117573650 E145 415260 914200 120 30 999 NONE NONE 159
	FP_ROUTE KCID..KSTL

TRACK_TIME 1167737286
TRACK A20110117573654 A319 350000 895800 120 30 999 NONE NONE 370
	FP_ROUTE KMEM..KDCA

TRACK_TIME 1167737286
TRACK A20110117573657 E120 373900 1222200 120 30 999 NONE NONE 259
	FP_ROUTE KSFO..KOTH

TRACK_TIME 1167737286
TRACK A20110117573659 B712 205560 1562260 120 30 999 NONE NONE 150
	FP_ROUTE KOGG..KKOA

TRACK_TIME 1167737286
TRACK A20110117573660 E120 373700 1222200 120 30 999 NONE NONE 49
	FP_ROUTE KSFO..KEUG

TRACK_TIME 1167737286
TRACK A20110117573666 CRJ2 302700 862560 120 30 999 NONE NONE 310
	FP_ROUTE KVPS..KCLT

TRACK_TIME 1167737286
TRACK A20110117573671 CRJ2 395400 1043300 120 30 999 NONE NONE 340
	FP_ROUTE KDEN..KMSO

TRACK_TIME 1167737286
TRACK A20110117573676 CRJ2 360760 795260 120 30 999 NONE NONE 60
	FP_ROUTE KGSO..KPHL

TRACK_TIME 1167737286
TRACK A20110117573686 CRJ9 351200 805560 120 30 999 NONE NONE 220
	FP_ROUTE KCLT..KSAV

TRACK_TIME 1167737286
TRACK A20110117573691 B733 332560 1120160 120 30 999 NONE NONE 270
	FP_ROUTE KPHX..KABQ

TRACK_TIME 1167737286
TRACK A20110117573692 B733 350160 1063460 120 30 999 NONE NONE 330
	FP_ROUTE KABQ..KDAL

TRACK_TIME 1167737286
TRACK A20110117573695 CRJ2 333900 842260 120 30 999 NONE NONE 160
	FP_ROUTE KATL..KBHM

TRACK_TIME 1167737286
TRACK A20110117573698 CRJ2 333400 864500 120 30 999 NONE NONE 120
	FP_ROUTE KBHM..KATL

TRACK_TIME 1167737286
TRACK A20110117573699 B738 295700 951960 120 30 999 NONE NONE 370
	FP_ROUTE KIAH..KRDU

TRACK_TIME 1167737286
TRACK A20110117573710 B712 282500 811800 120 30 999 NONE NONE 330
	FP_ROUTE KMCO..KRIC

TRACK_TIME 1167737286
TRACK A20110117573716 A320 390300 844200 120 30 999 NONE NONE 340
	FP_ROUTE KCVG..KSLC

TRACK_TIME 1167737286
TRACK A20110117573719 BE20 414800 872260 120 30 999 NONE NONE 130
	FP_ROUTE KMDW..KGWB

TRACK_TIME 1167737286
TRACK A20110117573724 B712 425560 875400 120 30 999 NONE NONE 350
	FP_ROUTE KMKE..KBWI

TRACK_TIME 1167737286
TRACK A20110117573725 B712 391000 764200 120 30 999 NONE NONE 320
	FP_ROUTE KBWI..KMKE

TRACK_TIME 1167737286
TRACK A20110117573727 B752 335560 1182560 120 30 999 NONE NONE 360
	FP_ROUTE KLAX..KKOA

TRACK_TIME 1167737286
TRACK A20110117573728 E145 325560 970300 120 30 999 NONE NONE 290
	FP_ROUTE KDFW..KGRR

TRACK_TIME 1167737286
TRACK A20110117573732 CRJ9 333900 842860 120 30 999 NONE NONE 310
	FP_ROUTE KATL..KSYR

TRACK_TIME 1167737286
TRACK A20110117573733 B737 391000 764360 120 30 999 NONE NONE 400
	FP_ROUTE KBWI..KFLL

TRACK_TIME 1167737286
TRACK A20110117573734 A320 395200 751660 120 30 999 NONE NONE 320
	FP_ROUTE KPHL..KRSW

TRACK_TIME 1167737286
TRACK A20110117573738 LJ45 404060 752400 120 30 999 NONE NONE 140
	FP_ROUTE KABE..KIAD

TRACK_TIME 1167737286
TRACK A20110117573742 C560 332560 1115860 120 30 999 NONE NONE 300
	FP_ROUTE KPHX..KSMO

TRACK_TIME 1167737286
TRACK A20110117573746 LJ45 320700 954960 120 30 999 NONE NONE 160
	FP_ROUTE KF44..KAUS

TRACK_TIME 1167737286
TRACK A20110117573748 B733 340160 1173760 120 30 999 NONE NONE 250
	FP_ROUTE KONT..KPHX

TRACK_TIME 1167737286
TRACK A20110117573749 B737 394900 1043760 120 30 999 NONE NONE 390
	FP_ROUTE KDEN..KIND

TRACK_TIME 1167737286
TRACK A20110117573755 A320 300000 901500 120 30 999 NONE NONE 360
	FP_ROUTE KMSY..KLAX

TRACK_TIME 1167737286
TRACK A20110117573760 B738 295860 951800 120 30 999 NONE NONE 370
	FP_ROUTE KIAH..KMSP

TRACK_TIME 1167737286
TRACK A20110117573762 E145 295700 952100 120 30 999 NONE NONE 160
	FP_ROUTE KIAH..KCRP

TRACK_TIME 1167737286
TRACK A20110117573766 MD83 325200 970300 120 30 999 NONE NONE 330
	FP_ROUTE KDFW..KMSP

TRACK_TIME 1167737286
TRACK A20110117573767 B752 295800 951960 120 30 999 NONE NONE 370
	FP_ROUTE KIAH..KIAD

TRACK_TIME 1167737286
TRACK A20110117573768 CRJ2 350300 895860 120 30 999 NONE NONE 270
	FP_ROUTE KMEM..KTYS

TRACK_TIME 1167737286
TRACK A20110117573770 CRJ2 351360 805560 120 30 999 NONE NONE 230
	FP_ROUTE KCLT..KPHF

TRACK_TIME 1167737286
TRACK A20110117573773 B737 324360 1171360 120 30 999 NONE NONE 270
	FP_ROUTE KSAN..KPHX

TRACK_TIME 1167737286
TRACK A20110117573774 CRJ2 370760 762860 120 30 999 NONE NONE 40
	FP_ROUTE KPHF..KCLT

TRACK_TIME 1167737286
TRACK A20110117573775 CRJ2 335560 1182800 120 30 999 NONE NONE 260
	FP_ROUTE KLAX..KMRY

TRACK_TIME 1167737286
TRACK A20110117573777 B737 395200 751660 120 30 999 NONE NONE 330
	FP_ROUTE KPHL..KMHT

TRACK_TIME 1167737286
TRACK A20110117573784 B737 335700 1182800 120 30 999 NONE NONE 380
	FP_ROUTE KLAX..KSJC

TRACK_TIME 1167737286
TRACK A20110117573785 BE20 420700 875200 120 30 999 NONE NONE 230
	FP_ROUTE KPWK..KK20

TRACK_TIME 1167737286
TRACK A20110117573786 B753 394960 1044660 120 30 999 NONE NONE 350
	FP_ROUTE KDEN..KIAH

TRACK_TIME 1167737286
TRACK A20110117573787 CRJ2 372260 1215700 120 30 999 NONE NONE 350
	FP_ROUTE KSJC..KSLC

TRACK_TIME 1167737286
TRACK A20110117573794 CRJ2 445260 931000 120 30 999 NONE NONE 300
	FP_ROUTE KMSP..KBIS

TRACK_TIME 1167737286
TRACK A20110117573795 DH8D 453600 1223700 120 30 999 NONE NONE 160
	FP_ROUTE KPDX..KSEA

TRACK_TIME 1167737286
TRACK A20110117573797 CRJ2 350400 895860 120 30 999 NONE NONE 220
	FP_ROUTE KMEM..KJAN

TRACK_TIME 1167737286
TRACK A20110117573801 A320 445100 931300 120 30 999 NONE NONE 70
	FP_ROUTE KMSP..KORD

TRACK_TIME 1167737286
TRACK A20110117573803 B712 260460 800600 120 30 999 NONE NONE 330
	FP_ROUTE KFLL..KPIT

TRACK_TIME 1167737286
TRACK A20110117573806 CRJ2 420100 875400 120 30 999 NONE NONE 260
	FP_ROUTE KORD..KSPI

TRACK_TIME 1167737286
TRACK A20110117573809 MD83 295800 951960 120 30 999 NONE NONE 200
	FP_ROUTE KIAH..KDFW

TRACK_TIME 1167737286
TRACK A20110117573810 A320 384000 1213600 120 30 999 NONE NONE 330
	FP_ROUTE KSMF..KLGB

TRACK_TIME 1167737286
TRACK A20110117573811 B752 404500 735100 120 30 999 NONE NONE 380
	FP_ROUTE KLGA..KMIA

TRACK_TIME 1167737286
TRACK A20110117573812 MD83 325100 970160 120 30 999 NONE NONE 330
	FP_ROUTE KDFW..KPIT

TRACK_TIME 1167737286
TRACK A20110117573821 MD83 325500 970160 120 30 999 NONE NONE 270
	FP_ROUTE KDFW..KORD

TRACK_TIME 1167737286
TRACK A20110117573822 B738 404500 1120000 120 30 999 NONE NONE 370
	FP_ROUTE KSLC..KBOS

TRACK_TIME 1167737286
TRACK A20110117573824 E120 425400 1123600 120 30 999 NONE NONE 109
	FP_ROUTE KPIH..KSLC

TRACK_TIME 1167737286
TRACK A20110117573825 DH8A 194200 1560300 120 30 999 NONE NONE 80
	FP_ROUTE KKOA..KOGG

TRACK_TIME 1167737286
TRACK A20110117573826 DH8A 205400 1562500 120 30 999 NONE NONE 140
	FP_ROUTE KOGG..KLIH

TRACK_TIME 1167737286
TRACK A20110117573827 B752 360700 1150900 120 30 999 NONE NONE 390
	FP_ROUTE KLAS..KDEN

TRACK_TIME 1167737286
TRACK A20110117573835 A319 332560 1120160 120 30 999 NONE NONE 370
	FP_ROUTE KPHX..KSAT

TRACK_TIME 1167737286
TRACK A20110117573836 E190 422200 705800 120 30 999 NONE NONE 280
	FP_ROUTE KBOS..KIAD

TRACK_TIME 1167737286
TRACK A20110117573844 CRJ1 424600 734900 120 30 999 NONE NONE 190
	FP_ROUTE KALB..KJFK

TRACK_TIME 1167737286
TRACK A20110117573846 CRJ2 345860 851200 120 30 999 NONE NONE 70
	FP_ROUTE KCHA..KCLT

TRACK_TIME 1167737286
TRACK A20110117573848 A320 280100 823300 120 30 999 NONE NONE 370
	FP_ROUTE KTPA..KJFK

TRACK_TIME 1167737286
TRACK A20110117573850 A319 391060 764300 120 30 999 NONE NONE 240
	FP_ROUTE KBWI..KCLT

TRACK_TIME 1167737286
TRACK A20110117573864 B752 335560 1182500 120 30 999 NONE NONE 360
	FP_ROUTE KLAX..KSFO

TRACK_TIME 1167737286
TRACK A20110117573870 MD82 325700 970160 120 30 999 NONE NONE 330
	FP_ROUTE KDFW..KCLT

TRACK_TIME 1167737286
TRACK A20110117573872 CRJ1 425400 852700 120 30 999 NONE NONE 190
	FP_ROUTE KGRR..KCVG

TRACK_TIME 1167737286
TRACK A20110117573882 DH8D 373700 1184960 120 30 999 NONE NONE 230
	FP_ROUTE KMMH..KLAX

TRACK_TIME 1167737286
TRACK A20110117573883 B733 280000 823300 120 30 999 NONE NONE 270
	FP_ROUTE KTPA..KPBI

TRACK_TIME 1167737286
TRACK A20110117573884 E145 391000 764200 120 30 999 NONE NONE 340
	FP_ROUTE KBWI..KORD

TRACK_TIME 1167737286
TRACK A20110117573885 A320 282500 811900 120 30 999 NONE NONE 370
	FP_ROUTE KMCO..KIAD

TRACK_TIME 1167737286
TRACK A20110117573888 CRJ2 390400 843760 120 30 999 NONE NONE 110
	FP_ROUTE KCVG..KTYS

TRACK_TIME 1167737286
TRACK A20110117573889 E170 421300 832100 120 30 999 NONE NONE 350
	FP_ROUTE KDTW..KEWR

TRACK_TIME 1167737286
TRACK A20110117573891 A320 335560 1182560 120 30 999 NONE NONE 270
	FP_ROUTE KLAX..KLAS

TRACK_TIME 1167737286
TRACK A20110117573892 B738 324600 1171500 120 30 999 NONE NONE 380
	FP_ROUTE KSAN..KSEA

TRACK_TIME 1167737286
TRACK A20110117573898 E145 254800 801600 120 30 999 NONE NONE 370
	FP_ROUTE KMIA..KSDF

TRACK_TIME 1167737286
TRACK A20110117573902 CRJ2 350400 895800 120 30 999 NONE NONE 270
	FP_ROUTE KMEM..KRDU

TRACK_TIME 1167737286
TRACK A20110117573903 B737 300000 901500 120 30 999 NONE NONE 390
	FP_ROUTE KMSY..KTPA

TRACK_TIME 1167737286
TRACK A20110117573904 CRJ2 350300 895860 120 30 999 NONE NONE 280
	FP_ROUTE KMEM..KSHV

TRACK_TIME 1167737286
TRACK A20110117573908 DH8D 472560 1221900 120 30 999 NONE NONE 150
	FP_ROUTE KSEA..KPDX

TRACK_TIME 1167737286
TRACK A20110117573918 B737 282400 811660 120 30 999 NONE NONE 370
	FP_ROUTE KMCO..KMHT

TRACK_TIME 1167737286
TRACK A20110117573928 A319 395100 1044360 120 30 999 NONE NONE 340
	FP_ROUTE KDEN..KBOI

TRACK_TIME 1167737286
TRACK A20110117573930 B753 182700 655800 120 30 999 NONE NONE 340
	FP_ROUTE KSJU..KEWR

TRACK_TIME 1167737286
TRACK A20110117573931 SW4 390300 844060 120 30 999 NONE NONE 50
	FP_ROUTE KCVG..KRID

TRACK_TIME 1167737286
TRACK A20110117573933 E120 335700 1182700 120 30 999 NONE NONE 200
	FP_ROUTE KLAX..KFAT

TRACK_TIME 1167737286
TRACK A20110117573940 B733 324800 964800 120 30 999 NONE NONE 60
	FP_ROUTE KDAL..KHOU

TRACK_TIME 1167737286
TRACK A20110117573941 B737 301800 973760 120 30 999 NONE NONE 220
	FP_ROUTE KAUS..KDAL

TRACK_TIME 1167737286
TRACK A20110117573943 B752 295860 901500 120 30 999 NONE NONE 380
	FP_ROUTE KMSY..KDEN

TRACK_TIME 1167737286
TRACK A20110117573944 MD82 324960 970160 120 30 999 NONE NONE 290
	FP_ROUTE KDFW..KMSY

TRACK_TIME 1167737286
TRACK A20110117573945 CRJ2 343700 864600 120 30 999 NONE NONE 121
	FP_ROUTE KHSV..KATL

TRACK_TIME 1167737286
TRACK A20110117573948 B737 325100 965200 120 30 999 NONE NONE 260
	FP_ROUTE KDAL..KMAF

TRACK_TIME 1167737286
TRACK A20110117573950 A320 334960 1181200 120 30 999 NONE NONE 350
	FP_ROUTE KLGB..KORD

TRACK_TIME 1167737286
TRACK A20110117573953 CRJ2 333760 842260 120 30 999 NONE NONE 230
	FP_ROUTE KATL..KCAE

TRACK_TIME 1167737286
TRACK A20110117573954 A319 360600 1150900 120 30 999 NONE NONE 390
	FP_ROUTE KLAS..KDEN

TRACK_TIME 1167737286
TRACK A20110117573964 CRJ2 350300 895860 120 30 999 NONE NONE 310
	FP_ROUTE KMEM..KJAX

TRACK_TIME 1167737286
TRACK A20110117573966 B712 211900 1575260 120 30 999 NONE NONE 130
	FP_ROUTE KHNL..KOGG

TRACK_TIME 1167737286
TRACK A20110117573972 CRJ2 215860 1591900 120 30 999 NONE NONE 110
	FP_ROUTE KLIH..KHNL

TRACK_TIME 1167737286
TRACK A20110117573973 B712 300100 901500 120 30 999 NONE NONE 350
	FP_ROUTE KMSY..KATL

TRACK_TIME 1167737286
TRACK A20110117573982 E135 421300 853300 120 30 999 NONE NONE 40
	FP_ROUTE KAZO..KORD

TRACK_TIME 1167737286
TRACK A20110117573987 E170 404660 735200 120 30 999 NONE NONE 360
	FP_ROUTE KLGA..KCMH

TRACK_TIME 1167737286
TRACK A20110117573990 E170 385200 770160 120 30 999 NONE NONE 340
	FP_ROUTE KDCA..KDFW

TRACK_TIME 1167737286
TRACK A20110117573994 E170 414360 712500 120 30 999 NONE NONE 200
	FP_ROUTE KPVD..KPHL

TRACK_TIME 1167737286
TRACK A20110117573999 E145 420000 875200 120 30 999 NONE NONE 350
	FP_ROUTE KORD..KABE

TRACK_TIME 1167737286
TRACK A20110117574000 MD83 331800 1113900 120 30 999 NONE NONE 320
	FP_ROUTE KIWA..KMFR

TRACK_TIME 1167737286
TRACK A20110117574002 B734 293700 951800 120 30 999 NONE NONE 350
	FP_ROUTE KHOU..KGPT

TRACK_TIME 1167737286
TRACK A20110117574006 CRJ9 395100 1044600 120 30 999 NONE NONE 340
	FP_ROUTE KDEN..KSLC

TRACK_TIME 1167737286
TRACK A20110117574007 CRJ2 404600 1120000 120 30 999 NONE NONE 320
	FP_ROUTE KSLC..KGPI

TRACK_TIME 1167737286
TRACK A20110117574011 E145 354660 840160 120 30 999 NONE NONE 290
	FP_ROUTE KTYS..KIAD

TRACK_TIME 1167737286
TRACK A20110117574014 B712 445100 931200 120 30 999 NONE NONE 350
	FP_ROUTE KMSP..KATL

TRACK_TIME 1167737286
TRACK A20110117574017 CRJ2 333900 842260 120 30 999 NONE NONE 200
	FP_ROUTE KATL..KHSV

TRACK_TIME 1167737286
TRACK A20110117574020 BE20 293760 954000 120 30 999 NONE NONE 120
	FP_ROUTE KSGR..KT19

TRACK_TIME 1167737286
TRACK A20110117574026 CRJ1 355400 784600 120 30 999 NONE NONE 180
	FP_ROUTE KRDU..KAND

TRACK_TIME 1167737286
TRACK A20110117574027 BE20 275100 982400 120 30 999 NONE NONE 50
	FP_ROUTE KT19..KCRP

TRACK_TIME 1167737286
TRACK A20110117574028 BE20 274500 973000 120 30 999 NONE NONE 40
	FP_ROUTE KCRP..KT19

TRACK_TIME 1167737286
TRACK A20110117574030 A320 404900 1120000 120 30 999 NONE NONE 320
	FP_ROUTE KSLC..KGEG

TRACK_TIME 1167737286
TRACK A20110117574036 CRJ2 333900 842800 120 30 999 NONE NONE 170
	FP_ROUTE KATL..KTRI

TRACK_TIME 1167737286
TRACK A20110117574047 E145 412400 815260 120 30 999 NONE NONE 290
	FP_ROUTE KCLE..KLGA

TRACK_TIME 1167737286
TRACK A20110117574050 B712 325700 970160 120 30 999 NONE NONE 350
	FP_ROUTE KDFW..KATL

TRACK_TIME 1167737286
TRACK A20110117574052 B734 602560 1451660 120 30 999 NONE NONE 290
	FP_ROUTE KCDV..KYAK

TRACK_TIME 1167737286
TRACK A20110117574056 A320 415700 875560 120 30 999 NONE NONE 380
	FP_ROUTE KORD..KDEN

TRACK_TIME 1167737286
TRACK A20110117574057 E120 351500 1204000 120 30 999 NONE NONE 200
	FP_ROUTE KSBP..KSFO

TRACK_TIME 1167737286
TRACK A20110117574058 B752 211900 1575260 120 30 999 NONE NONE 370
	FP_ROUTE KHNL..KLAS

TRACK_TIME 1167737286
TRACK A20110117574059 DH8D 335700 1182860 120 30 999 NONE NONE 220
	FP_ROUTE KLAX..KRDD

TRACK_TIME 1167737286
TRACK A20110117574064 B737 421060 832260 120 30 999 NONE NONE 400
	FP_ROUTE KDTW..KATL

TRACK_TIME 1167737286
TRACK A20110117574067 CRJ2 333700 842200 120 30 999 NONE NONE 230
	FP_ROUTE KATL..KBQK

TRACK_TIME 1167737286
TRACK A20110117574069 B737 335560 1182860 120 30 999 NONE NONE 390
	FP_ROUTE KLAX..KSTL

TRACK_TIME 1167737286
TRACK A20110117574071 B737 384360 901960 120 30 999 NONE NONE 390
	FP_ROUTE KSTL..KBWI

TRACK_TIME 1167737286
TRACK A20110117574075 CRJ2 311600 812800 120 30 999 NONE NONE 200
	FP_ROUTE KBQK..KATL

TRACK_TIME 1167737286
TRACK A20110117574084 AT72 181960 645560 120 30 999 NONE NONE 60
	FP_ROUTE KSTT..KSJU

TRACK_TIME 1167737286
TRACK A20110117574085 B734 404000 752500 120 30 999 NONE NONE 360
	FP_ROUTE KABE..KPGD

TRACK_TIME 1167737286
TRACK A20110117574087 B752 374000 1222200 120 30 999 NONE NONE 330
	FP_ROUTE KSFO..KLAX

TRACK_TIME 1167737286
TRACK A20110117574089 E145 325200 970160 120 30 999 NONE NONE 370
	FP_ROUTE KDFW..KGSO

TRACK_TIME 1167737286
TRACK A20110117574093 CRJ2 481200 1012500 120 30 999 NONE NONE 340
	FP_ROUTE KMOT..KDEN

TRACK_TIME 1167737286
TRACK A20110117574100 E135 415860 875200 120 30 999 NONE NONE 100
	FP_ROUTE KORD..KFWA

TRACK_TIME 1167737286
TRACK A20110117574107 B737 260400 800900 120 30 999 NONE NONE 220
	FP_ROUTE KFLL..KTPA

TRACK_TIME 1167737286
TRACK A20110117574108 CRJ2 385400 770460 120 30 999 NONE NONE 280
	FP_ROUTE KDCA..KCAK

TRACK_TIME 1167737286
TRACK A20110117574109 E145 420100 875100 120 30 999 NONE NONE 370
	FP_ROUTE KORD..KSYR

TRACK_TIME 1167737286
TRACK A20110117574112 CRJ1 421200 832100 120 30 999 NONE NONE 280
	FP_ROUTE KDTW..KLEX

TRACK_TIME 1167737286
TRACK A20110117574114 A319 394960 1044660 120 30 999 NONE NONE 360
	FP_ROUTE KDEN..KLAS

TRACK_TIME 1167737286
TRACK A20110117574119 CRJ2 395200 751660 120 30 999 NONE NONE 160
	FP_ROUTE KPHL..KELM

TRACK_TIME 1167737286
TRACK A20110117574123 PAY2 383100 1224900 120 30 999 NONE NONE 271
	FP_ROUTE KSTS..KIPL

TRACK_TIME 1167737286
TRACK A20110117574125 C550 413460 904000 120 30 999 NONE NONE 39
	FP_ROUTE KMLI..KCID

TRACK_TIME 1167737286
TRACK A20110117574126 CRJ9 355400 784600 120 30 999 NONE NONE 330
	FP_ROUTE KRDU..KJFK

TRACK_TIME 1167737286
TRACK A20110117574128 CRJ2 352400 1190100 120 30 999 NONE NONE 330
	FP_ROUTE KBFL..KDEN

TRACK_TIME 1167737286
TRACK A20110117574129 C560 414660 874360 120 30 999 NONE NONE 190
	FP_ROUTE KMDW..KIND

TRACK_TIME 1167737286
TRACK A20110117574132 B752 325100 970300 120 30 999 NONE NONE 380
	FP_ROUTE KDFW..KDEN

TRACK_TIME 1167737286
TRACK A20110117574136 B752 403760 735100 120 30 999 NONE NONE 380
	FP_ROUTE KJFK..KLAS

TRACK_TIME 1167737286
TRACK A20110117574141 A320 404000 734360 120 30 999 NONE NONE 210
	FP_ROUTE KJFK..KBTV

TRACK_TIME 1167737286
TRACK A20110117574143 MD83 325560 970300 120 30 999 NONE NONE 340
	FP_ROUTE KDFW..KPSP

TRACK_TIME 1167737286
TRACK A20110117574151 B712 355260 784600 120 30 999 NONE NONE 340
	FP_ROUTE KRDU..KATL

TRACK_TIME 1167737286
TRACK A20110117574152 B734 570400 1352500 120 30 999 NONE NONE 158
	FP_ROUTE KSIT..KJNU

TRACK_TIME 1167737286
TRACK A20110117574156 E135 430460 891200 120 30 999 NONE NONE 40
	FP_ROUTE KMSN..KMKE

TRACK_TIME 1167737286
TRACK A20110117574165 E135 355260 784660 120 30 999 NONE NONE 220
	FP_ROUTE KRDU..KDCA

TRACK_TIME 1167737286
TRACK A20110117574166 BE20 424660 843400 120 30 999 NONE NONE 260
	FP_ROUTE KLAN..KGLW

TRACK_TIME 1167737286
TRACK A20110117574172 CRJ9 350300 895860 120 30 999 NONE NONE 270
	FP_ROUTE KMEM..KATL

TRACK_TIME 1167737286
TRACK A20110117574173 BE20 370460 855860 120 30 999 NONE NONE 270
	FP_ROUTE KGLW..KLAN

TRACK_TIME 1167737286
TRACK A20110117574176 CRJ2 395260 751200 120 30 999 NONE NONE 210
	FP_ROUTE KPHL..KPVD

TRACK_TIME 1167737286
TRACK A20110117574185 SF34 480400 961200 120 30 999 NONE NONE 50
	FP_ROUTE KTVF..KHIB

TRACK_TIME 1167737286
TRACK A20110117574188 B733 324500 1171360 120 30 999 NONE NONE 341
	FP_ROUTE KSAN..KSJC

TRACK_TIME 1167737286
TRACK A20110117574190 B733 473600 1173300 120 30 999 NONE NONE 350
	FP_ROUTE KGEG..KPHX

TRACK_TIME 1167737286
TRACK A20110117574201 E170 415860 875200 120 30 999 NONE NONE 350
	FP_ROUTE KORD..KEWR

TRACK_TIME 1167737286
TRACK A20110117574202 CRJ2 351000 805700 120 30 999 NONE NONE 150
	FP_ROUTE KCLT..KROA

TRACK_TIME 1167737286
TRACK A20110117574203 E170 404300 740760 120 30 999 NONE NONE 340
	FP_ROUTE KEWR..KORD

TRACK_TIME 1167737286
TRACK A20110117574208 A319 420100 875700 120 30 999 NONE NONE 300
	FP_ROUTE KORD..KMSP

TRACK_TIME 1167737286
TRACK A20110117574213 BE20 351500 1204000 120 30 999 NONE NONE 91
	FP_ROUTE KSBP..KONT

TRACK_TIME 1167737286
TRACK A20110117574215 E170 385700 773100 120 30 999 NONE NONE 340
	FP_ROUTE KIAD..KIND

TRACK_TIME 1167737286
TRACK A20110117574216 B737 295800 952100 120 30 999 NONE NONE 380
	FP_ROUTE KIAH..KMFE

TRACK_TIME 1167737286
TRACK A20110117574218 CRJ2 333900 842860 120 30 999 NONE NONE 110
	FP_ROUTE KATL..KBHM

TRACK_TIME 1167737286
TRACK A20110117574219 A319 421060 832200 120 30 999 NONE NONE 380
	FP_ROUTE KDTW..KBNA

TRACK_TIME 1167737286
TRACK A20110117574223 A319 374000 1221900 120 30 999 NONE NONE 370
	FP_ROUTE KSFO..KDEN

TRACK_TIME 1167737286
TRACK A20110117574230 CRJ2 211900 1575260 120 30 999 NONE NONE 150
	FP_ROUTE KHNL..KOGG

TRACK_TIME 1167737286
TRACK A20110117574231 A319 360700 1150900 120 30 999 NONE NONE 370
	FP_ROUTE KLAS..KDEN

TRACK_TIME 1167737286
TRACK A20110117574234 B752 421000 832260 120 30 999 NONE NONE 400
	FP_ROUTE KDTW..KFLL

TRACK_TIME 1167737286
TRACK A20110117574238 B737 384300 901500 120 30 999 NONE NONE 300
	FP_ROUTE KSTL..KPHX

TRACK_TIME 1167737286
TRACK A20110117574240 E145 325200 970160 120 30 999 NONE NONE 370
	FP_ROUTE KDFW..KGSP

TRACK_TIME 1167737286
TRACK A20110117574244 B733 390900 764600 120 30 999 NONE NONE 140
	FP_ROUTE KBWI..KORF

TRACK_TIME 1167737286
TRACK A20110117574251 B737 324360 1171300 120 30 999 NONE NONE 370
	FP_ROUTE KSAN..KMDW

TRACK_TIME 1167737286
TRACK A20110117574255 B737 361060 955260 120 30 999 NONE NONE 400
	FP_ROUTE KTUL..KPHX

TRACK_TIME 1167737286
TRACK A20110117574256 B737 414660 874060 120 30 999 NONE NONE 390
	FP_ROUTE KMDW..KMHT

TRACK_TIME 1167737286
TRACK A20110117574257 CRJ2 350000 851300 120 30 999 NONE NONE 130
	FP_ROUTE KCHA..KATL

TRACK_TIME 1167737286
TRACK A20110117574258 B752 394660 1043900 120 30 999 NONE NONE 400
	FP_ROUTE KDEN..KSEA

TRACK_TIME 1167737286
TRACK A20110117574270 MD82 394660 1043900 120 30 999 NONE NONE 290
	FP_ROUTE KDEN..KDFW

TRACK_TIME 1167737286
TRACK A20110117574276 B738 333700 842100 120 30 999 NONE NONE 320
	FP_ROUTE KATL..KMIA

TRACK_TIME 1167737286
TRACK A20110117574279 E145 325560 970160 120 30 999 NONE NONE 330
	FP_ROUTE KDFW..KCHS

TRACK_TIME 1167737286
TRACK A20110117574281 E170 385260 770300 120 30 999 NONE NONE 310
	FP_ROUTE KDCA..KBTV

TRACK_TIME 1167737286
TRACK A20110117574289 B737 414800 874800 120 30 999 NONE NONE 400
	FP_ROUTE KMDW..KAUS

TRACK_TIME 1167737286
TRACK A20110117574291 CRJ2 404900 1120000 120 30 999 NONE NONE 320
	FP_ROUTE KSLC..KONT

TRACK_TIME 1167737286
TRACK A20110117574292 CRJ9 395100 1044660 120 30 999 NONE NONE 360
	FP_ROUTE KDEN..KSLC

TRACK_TIME 1167737286
TRACK A20110117574297 CRJ2 445400 931600 120 30 999 NONE NONE 110
	FP_ROUTE KMSP..KLSE

TRACK_TIME 1167737286
TRACK A20110117574301 B737 324960 964960 120 30 999 NONE NONE 100
	FP_ROUTE KDAL..KSKF

TRACK_TIME 1167737286
TRACK A20110117574302 E145 350300 895860 120 30 999 NONE NONE 310
	FP_ROUTE KMEM..KEWR

TRACK_TIME 1167737286
TRACK A20110117574304 B762 360700 795500 120 30 999 NONE NONE 370
	FP_ROUTE KGSO..KSJU

TRACK_TIME 1167737286
TRACK A20110117574308 B735 293760 951600 120 30 999 NONE NONE 21
	FP_ROUTE KHOU..KAUS

TRACK_TIME 1167737286
TRACK A20110117574313 E145 413160 933760 120 30 999 NONE NONE 320
	FP_ROUTE KDSM..KDFW

TRACK_TIME 1167737286
TRACK A20110117574315 E135 303300 910760 120 30 999 NONE NONE 260
	FP_ROUTE KBTR..KDFW

TRACK_TIME 1167737286
TRACK A20110117574316 B763 211800 1575400 120 30 999 NONE NONE 370
	FP_ROUTE KHNL..KSAN

TRACK_TIME 1167737286
TRACK A20110117574317 C750 445100 931200 120 30 999 NONE NONE 450
	FP_ROUTE KMSP..KIAD

TRACK_TIME 1167737286
TRACK A20110117574323 E170 425500 875400 120 30 999 NONE NONE 360
	FP_ROUTE KMKE..KDFW

TRACK_TIME 1167737286
TRACK A20110117574325 CRJ2 404800 735200 120 30 999 NONE NONE 320
	FP_ROUTE KLGA..KSAV

TRACK_TIME 1167737286
TRACK A20110117574327 E135 335500 1182860 120 30 999 NONE NONE 110
	FP_ROUTE KLAX..KSAN

TRACK_TIME 1167737286
TRACK A20110117574331 B737 372200 1215560 120 30 999 NONE NONE 370
	FP_ROUTE KSJC..KPHX

TRACK_TIME 1167737286
TRACK A20110117574332 B737 332560 1120160 120 30 999 NONE NONE 310
	FP_ROUTE KPHX..KDEN

TRACK_TIME 1167737286
TRACK A20110117574333 DH8A 404900 735100 120 30 999 NONE NONE 130
	FP_ROUTE KLGA..KPVD

TRACK_TIME 1167737286
TRACK A20110117574334 E190 404960 734960 120 30 999 NONE NONE 210
	FP_ROUTE KLGA..KBOS

TRACK_TIME 1167737286
TRACK A20110117574338 B752 333760 842860 120 30 999 NONE NONE 370
	FP_ROUTE KATL..KRSW

TRACK_TIME 1167737286
TRACK A20110117574340 A320 395260 1043300 120 30 999 NONE NONE 350
	FP_ROUTE KDEN..KBOS

TRACK_TIME 1167737286
TRACK A20110117574343 MD83 373760 972700 120 30 999 NONE NONE 320
	FP_ROUTE KICT..KLAS

TRACK_TIME 1167737286
TRACK A20110117574345 E120 410000 1240760 120 30 999 NONE NONE 249
	FP_ROUTE KACV..KSFO

TRACK_TIME 1167737286
TRACK A20110117574348 BE20 354600 810100 120 30 999 NONE NONE 101
	FP_ROUTE KSVH..KPDK

TRACK_TIME 1167737286
TRACK A20110117574352 BE9L 335100 983000 120 30 999 NONE NONE 159
	FP_ROUTE KCWC..KDVT

TRACK_TIME 1167737286
TRACK A20110117574355 BE20 335500 841660 120 30 999 NONE NONE 110
	FP_ROUTE KPDK..KSVH

TRACK_TIME 1167737286
TRACK A20110117574356 CL60 261200 801000 120 30 999 NONE NONE 350
	FP_ROUTE KFXE..KSJU

TRACK_TIME 1167737286
TRACK A20110117574358 CL60 182800 655860 120 30 999 NONE NONE 360
	FP_ROUTE KSJU..KMCO

TRACK_TIME 1167737286
TRACK A20110117574363 CRJ1 385800 773160 120 30 999 NONE NONE 120
	FP_ROUTE KIAD..KDTW

TRACK_TIME 1167737286
TRACK A20110117574365 E135 415860 875200 120 30 999 NONE NONE 50
	FP_ROUTE KORD..KBMI

TRACK_TIME 1167737286
TRACK A20110117574368 LJ45 320460 1020700 120 30 999 NONE NONE 109
	FP_ROUTE KMDD..KADS

TRACK_TIME 1167737286
TRACK A20110117574371 B738 295700 952100 120 30 999 NONE NONE 230
	FP_ROUTE KIAH..KMSY

TRACK_TIME 1167737286
TRACK A20110117574373 CL60 282560 811960 120 30 999 NONE NONE 150
	FP_ROUTE KMCO..KFXE

TRACK_TIME 1167737286
TRACK A20110117574374 LJ45 325700 964800 120 30 999 NONE NONE 450
	FP_ROUTE KADS..KTEB

TRACK_TIME 1167737286
TRACK A20110117574377 CRJ9 403760 735100 120 30 999 NONE NONE 380
	FP_ROUTE KJFK..KSTL

TRACK_TIME 1167737286
TRACK A20110117574380 B752 282400 811800 120 30 999 NONE NONE 370
	FP_ROUTE KMCO..KEWR

TRACK_TIME 1167737286
TRACK A20110117574381 B737 360760 863900 120 30 999 NONE NONE 410
	FP_ROUTE KBNA..KTPA

TRACK_TIME 1167737286
TRACK A20110117574384 B739 404360 740700 120 30 999 NONE NONE 340
	FP_ROUTE KEWR..KSAN

TRACK_TIME 1167737286
TRACK A20110117574390 B733 314960 1062100 120 30 999 NONE NONE 350
	FP_ROUTE KELP..KAUS

TRACK_TIME 1167737286
TRACK A20110117574392 CRJ2 353760 772260 120 30 999 NONE NONE 220
	FP_ROUTE KPGV..KCLT

TRACK_TIME 1167737286
TRACK A20110117574393 A320 182800 655800 120 30 999 NONE NONE 340
	FP_ROUTE KSJU..KMCO

TRACK_TIME 1167737286
TRACK A20110117574394 CRJ9 424600 734900 120 30 999 NONE NONE 380
	FP_ROUTE KALB..KATL

TRACK_TIME 1167737286
TRACK A20110117574396 BE20 485500 952100 120 30 999 NONE NONE 230
	FP_ROUTE KRRT..KMSP

TRACK_TIME 1167737286
TRACK A20110117574397 CRJ2 405260 774900 120 30 999 NONE NONE 280
	FP_ROUTE KUNV..KDTW

TRACK_TIME 1167737286
TRACK A20110117574404 CRJ2 360000 794600 120 30 999 NONE NONE 210
	FP_ROUTE KGSO..KIAD

TRACK_TIME 1167737286
TRACK A20110117574410 E145 422200 705560 120 30 999 NONE NONE 360
	FP_ROUTE KBOS..KCLE

TRACK_TIME 1167737286
TRACK A20110117574414 B712 211800 1575400 120 30 999 NONE NONE 190
	FP_ROUTE KHNL..KKOA

TRACK_TIME 1167737286
TRACK A20110117574415 A320 391060 764500 120 30 999 NONE NONE 360
	FP_ROUTE KBWI..KSFO

TRACK_TIME 1167737286
TRACK A20110117574421 CRJ2 303300 910760 120 30 999 NONE NONE 290
	FP_ROUTE KBTR..KATL

TRACK_TIME 1167737286
TRACK A20110117574424 B738 472560 1221800 120 30 999 NONE NONE 370
	FP_ROUTE KSEA..KLAS

TRACK_TIME 1167737286
TRACK A20110117574428 B734 334800 1162800 120 30 999 NONE NONE 320
	FP_ROUTE KPSP..KSEA

TRACK_TIME 1167737286
TRACK A20110117574430 E135 315800 1020100 120 30 999 NONE NONE 250
	FP_ROUTE KMAF..KDFW

TRACK_TIME 1167737286
TRACK A20110117574432 A319 334000 1175260 120 30 999 NONE NONE 370
	FP_ROUTE KSNA..KDEN

TRACK_TIME 1167737286
TRACK A20110117574433 E135 420160 874900 120 30 999 NONE NONE 330
	FP_ROUTE KORD..KHPN

TRACK_TIME 1167737286
TRACK A20110117574439 E145 415800 875700 120 30 999 NONE NONE 360
	FP_ROUTE KORD..KMCI

TRACK_TIME 1167737286
TRACK A20110117574443 E145 391600 943700 120 30 999 NONE NONE 290
	FP_ROUTE KMCI..KORD

TRACK_TIME 1167737286
TRACK A20110117574446 E145 373300 771960 120 30 999 NONE NONE 320
	FP_ROUTE KRIC..KDTW

TRACK_TIME 1167737286
TRACK A20110117574448 A320 394900 1044500 120 30 999 NONE NONE 360
	FP_ROUTE KDEN..KSMF

TRACK_TIME 1167737286
TRACK A20110117574451 B737 360700 1150900 120 30 999 NONE NONE 370
	FP_ROUTE KLAS..KIND

TRACK_TIME 1167737286
TRACK A20110117574467 MD82 325700 970160 120 30 999 NONE NONE 270
	FP_ROUTE KDFW..KBNA

TRACK_TIME 1167737286
TRACK A20110117574469 B733 325200 965260 120 30 999 NONE NONE 350
	FP_ROUTE KDAL..KMCI

TRACK_TIME 1167737286
TRACK A20110117574477 SF34 295800 952100 120 30 999 NONE NONE 90
	FP_ROUTE KIAH..KLCH

TRACK_TIME 1167737286
TRACK A20110117574479 CRJ2 333900 842860 120 30 999 NONE NONE 200
	FP_ROUTE KATL..KAEX

TRACK_TIME 1167737286
TRACK A20110117574483 B738 254800 801600 120 30 999 NONE NONE 390
	FP_ROUTE KMIA..KDTW

TRACK_TIME 1167737286
TRACK A20110117574487 B735 282500 811800 120 30 999 NONE NONE 360
	FP_ROUTE KMCO..KMSY

TRACK_TIME 1167737286
TRACK A20110117574488 B735 300100 901900 120 30 999 NONE NONE 340
	FP_ROUTE KMSY..KDAL

TRACK_TIME 1167737286
TRACK A20110117574492 B762 403700 735260 120 30 999 NONE NONE 361
	FP_ROUTE KJFK..KLAX

TRACK_TIME 1167737286
TRACK A20110117574500 BE9L 211800 1575500 120 30 999 NONE NONE 130
	FP_ROUTE KHNL..KOGG

TRACK_TIME 1167737286
TRACK A20110117574505 B752 335560 1182560 120 30 999 NONE NONE 350
	FP_ROUTE KLAX..KMIA

TRACK_TIME 1167737286
TRACK A20110117574506 SF34 403760 752860 120 30 999 NONE NONE 120
	FP_ROUTE KABE..KIAD

TRACK_TIME 1167737286
TRACK A20110117574510 E120 441800 1053160 120 30 999 NONE NONE 260
	FP_ROUTE KGCC..KRKS

TRACK_TIME 1167737286
TRACK A20110117574511 B738 390700 944200 120 30 999 NONE NONE 370
	FP_ROUTE KMCI..KATL

TRACK_TIME 1167737286
TRACK A20110117574512 CRJ2 390100 843900 120 30 999 NONE NONE 230
	FP_ROUTE KCVG..KCLT

TRACK_TIME 1167737286
TRACK A20110117574513 SF34 295800 951960 120 30 999 NONE NONE 50
	FP_ROUTE KIAH..KLCH

TRACK_TIME 1167737286
TRACK A20110117574514 CRJ2 351360 805700 120 30 999 NONE NONE 260
	FP_ROUTE KCLT..KCVG

TRACK_TIME 1167737286
TRACK A20110117574515 CRJ2 354600 840160 120 30 999 NONE NONE 190
	FP_ROUTE KTYS..KATL

TRACK_TIME 1167737286
TRACK A20110117574516 B712 333760 842860 120 30 999 NONE NONE 350
	FP_ROUTE KATL..KPBI

TRACK_TIME 1167737286
TRACK A20110117574517 CRJ2 302200 854800 120 30 999 NONE NONE 230
	FP_ROUTE KECP..KATL

TRACK_TIME 1167737286
TRACK A20110117574518 E190 433900 701960 120 30 999 NONE NONE 240
	FP_ROUTE KPWM..KJFK

TRACK_TIME 1167737286
TRACK A20110117574520 B733 332560 1120160 120 30 999 NONE NONE 230
	FP_ROUTE KPHX..KAUS

TRACK_TIME 1167737286
TRACK A20110117574521 B733 301500 973760 120 30 999 NONE NONE 200
	FP_ROUTE KAUS..KDAL

TRACK_TIME 1167737286
TRACK A20110117574522 B733 293760 951660 120 30 999 NONE NONE 370
	FP_ROUTE KHOU..KTPA

TRACK_TIME 1167737286
TRACK A20110117574527 A320 415560 875400 120 30 999 NONE NONE 370
	FP_ROUTE KORD..KLGA

TRACK_TIME 1167737286
TRACK A20110117574528 CRJ2 335700 811000 120 30 999 NONE NONE 290
	FP_ROUTE KCAE..KIAD

TRACK_TIME 1167737286
TRACK A20110117574529 CRJ9 444960 931060 120 30 999 NONE NONE 350
	FP_ROUTE KMSP..KPHL

TRACK_TIME 1167737286
TRACK A20110117574531 B733 352400 973760 120 30 999 NONE NONE 360
	FP_ROUTE KOKC..KLAS

TRACK_TIME 1167737286
TRACK A20110117574541 F2TH 391600 1065260 120 30 999 NONE NONE 430
	FP_ROUTE KASE..KSJC

TRACK_TIME 1167737286
TRACK A20110117574552 B738 360760 1150760 120 30 999 NONE NONE 370
	FP_ROUTE KLAS..KMIA

TRACK_TIME 1167737286
TRACK A20110117574553 E135 382200 813700 120 30 999 NONE NONE 370
	FP_ROUTE KCRW..KLGA

TRACK_TIME 1167737286
TRACK A20110117574555 C750 260400 800900 120 30 999 NONE NONE 410
	FP_ROUTE KFLL..KLGA

TRACK_TIME 1167737286
TRACK A20110117574557 E145 415860 875200 120 30 999 NONE NONE 270
	FP_ROUTE KORD..KCAK

TRACK_TIME 1167737286
TRACK A20110117574558 MD82 351060 810000 120 30 999 NONE NONE 360
	FP_ROUTE KCLT..KDFW

TRACK_TIME 1167737286
TRACK A20110117574562 B737 383900 1213300 120 30 999 NONE NONE 390
	FP_ROUTE KSMF..KSNA

TRACK_TIME 1167737286
TRACK A20110117574564 CRJ2 351360 805560 120 30 999 NONE NONE 210
	FP_ROUTE KCLT..KPHF

TRACK_TIME 1167737286
TRACK A20110117574565 E145 405800 812700 120 30 999 NONE NONE 300
	FP_ROUTE KCAK..KORD

TRACK_TIME 1167737286
TRACK A20110117574567 CRJ2 370760 762800 120 30 999 NONE NONE 220
	FP_ROUTE KPHF..KCLT

TRACK_TIME 1167737286
TRACK A20110117574568 A320 422200 705860 120 30 999 NONE NONE 380
	FP_ROUTE KBOS..KLGB

TRACK_TIME 1167737286
TRACK A20110117574570 CRJ2 445260 931060 120 30 999 NONE NONE 160
	FP_ROUTE KMSP..KBJI

TRACK_TIME 1167737286
TRACK A20110117574575 CRJ2 304200 881600 120 30 999 NONE NONE 220
	FP_ROUTE KMOB..KATL

TRACK_TIME 1167737286
TRACK A20110117574579 CRJ2 350300 900000 120 30 999 NONE NONE 270
	FP_ROUTE KMEM..KMOB

TRACK_TIME 1167737286
TRACK A20110117574584 A320 335560 1182560 120 30 999 NONE NONE 390
	FP_ROUTE KLAX..KDEN

TRACK_TIME 1167737286
TRACK A20110117574585 B737 360700 1150900 120 30 999 NONE NONE 400
	FP_ROUTE KLAS..KPDX

TRACK_TIME 1167737286
TRACK A20110117574591 B734 582100 1344000 120 30 999 NONE NONE 340
	FP_ROUTE KJNU..KANC

TRACK_TIME 1167737286
TRACK A20110117574595 B737 394960 1044600 120 30 999 NONE NONE 380
	FP_ROUTE KDEN..KPHX

TRACK_TIME 1167737286
TRACK A20110117574597 B737 332560 1120160 120 30 999 NONE NONE 320
	FP_ROUTE KPHX..KLAX

TRACK_TIME 1167737286
TRACK A20110117574605 E145 365400 761060 120 30 999 NONE NONE 250
	FP_ROUTE KORF..KJFK

TRACK_TIME 1167737286
TRACK A20110117574606 SF34 295800 952100 120 30 999 NONE NONE 140
	FP_ROUTE KIAH..KGRK

TRACK_TIME 1167737286
TRACK A20110117574607 B712 194800 1560160 120 30 999 NONE NONE 220
	FP_ROUTE KKOA..KHNL

TRACK_TIME 1167737286
TRACK A20110117574609 B737 332560 1115860 120 30 999 NONE NONE 300
	FP_ROUTE KPHX..KSNA

TRACK_TIME 1167737286
TRACK A20110117574610 B737 334000 1175260 120 30 999 NONE NONE 400
	FP_ROUTE KSNA..KSFO

TRACK_TIME 1167737286
TRACK A20110117574611 B737 373760 1222200 120 30 999 NONE NONE 290
	FP_ROUTE KSFO..KLAS

TRACK_TIME 1167737286
TRACK A20110117574612 B738 333900 842200 120 30 999 NONE NONE 110
	FP_ROUTE KATL..KCVG

TRACK_TIME 1167737286
TRACK A20110117574613 B737 360700 1150900 120 30 999 NONE NONE 370
	FP_ROUTE KLAS..KBWI

TRACK_TIME 1167737286
TRACK A20110117574614 B733 280000 823300 120 30 999 NONE NONE 350
	FP_ROUTE KTPA..KISP

TRACK_TIME 1167737286
TRACK A20110117574617 CRJ2 442500 731000 120 30 999 NONE NONE 300
	FP_ROUTE KBTV..KIAD

TRACK_TIME 1167737286
TRACK A20110117574623 A320 260460 800760 120 30 999 NONE NONE 370
	FP_ROUTE KFLL..KEWR

TRACK_TIME 1167737286
TRACK A20110117574628 A320 260460 800760 120 30 999 NONE NONE 370
	FP_ROUTE KFLL..KJFK

TRACK_TIME 1167737286
TRACK A20110117574629 CRJ2 433700 701500 120 30 999 NONE NONE 280
	FP_ROUTE KPWM..KPHL

TRACK_TIME 1167737286
TRACK A20110117574632 B735 390760 763900 120 30 999 NONE NONE 280
	FP_ROUTE KBWI..KIAH

TRACK_TIME 1167737286
TRACK A20110117574635 A320 275800 823300 120 30 999 NONE NONE 350
	FP_ROUTE KTPA..KBOS

TRACK_TIME 1167737286
TRACK A20110117574636 B737 384000 1213460 120 30 999 NONE NONE 410
	FP_ROUTE KSMF..KDEN

TRACK_TIME 1167737286
TRACK A20110117574639 B752 445400 931600 120 30 999 NONE NONE 390
	FP_ROUTE KMSP..KMCO

TRACK_TIME 1167737286
TRACK A20110117574642 B733 355260 784660 120 30 999 NONE NONE 341
	FP_ROUTE KRDU..KFLL

TRACK_TIME 1167737286
TRACK A20110117574645 CRJ1 360700 864060 120 30 999 NONE NONE 210
	FP_ROUTE KBNA..KCVG

TRACK_TIME 1167737286
TRACK A20110117574651 CRJ2 333900 842800 120 30 999 NONE NONE 159
	FP_ROUTE KATL..KCHA

TRACK_TIME 1167737286
TRACK A20110117574654 B737 333700 843000 120 30 999 NONE NONE 410
	FP_ROUTE KATL..KMCO

TRACK_TIME 1167737286
TRACK A20110117574658 A320 360700 1150900 120 30 999 NONE NONE 290
	FP_ROUTE KLAS..KPHX

TRACK_TIME 1167737286
TRACK A20110117574669 A320 332560 1120160 120 30 999 NONE NONE 350
	FP_ROUTE KPHX..KMKE

TRACK_TIME 1167737286
TRACK A20110117574670 A320 332560 1120160 120 30 999 NONE NONE 330
	FP_ROUTE KPHX..KORD

TRACK_TIME 1167737286
TRACK A20110117574673 CRJ1 390400 843900 120 30 999 NONE NONE 310
	FP_ROUTE KCVG..KJAX

TRACK_TIME 1167737286
TRACK A20110117574682 B752 373900 1222200 120 30 999 NONE NONE 370
	FP_ROUTE KSFO..KLAS

TRACK_TIME 1167737286
TRACK A20110117574685 BE9L 370300 1005800 120 30 999 NONE NONE 120
	FP_ROUTE KLBL..KLAA

TRACK_TIME 1167737286
TRACK A20110117574689 BE20 322560 934900 120 30 999 NONE NONE 160
	FP_ROUTE KSHV..KDAL

TRACK_TIME 1167737286
TRACK A20110117574690 E170 404200 740900 120 30 999 NONE NONE 320
	FP_ROUTE KEWR..KATL

TRACK_TIME 1167737286
TRACK A20110117574693 B712 211900 1575700 120 30 999 NONE NONE 140
	FP_ROUTE KHNL..KLIH

TRACK_TIME 1167737286
TRACK A20110117574697 CRJ2 404600 1115800 120 30 999 NONE NONE 340
	FP_ROUTE KSLC..KPSC

TRACK_TIME 1167737286
TRACK A20110117574698 B737 391060 764500 120 30 999 NONE NONE 280
	FP_ROUTE KBWI..KBUF

TRACK_TIME 1167737286
TRACK A20110117574700 E145 390160 843900 120 30 999 NONE NONE 270
	FP_ROUTE KCVG..KCLT

TRACK_TIME 1167737286
TRACK A20110117574701 E190 391000 764200 120 30 999 NONE NONE 270
	FP_ROUTE KBWI..KBOS

TRACK_TIME 1167737286
TRACK A20110117574702 DH8D 404360 740760 120 30 999 NONE NONE 130
	FP_ROUTE KEWR..KALB

TRACK_TIME 1167737286
TRACK A20110117574705 A320 260460 800760 120 30 999 NONE NONE 370
	FP_ROUTE KFLL..KBOS

TRACK_TIME 1167737286
TRACK A20110117574713 B712 404800 735200 120 30 999 NONE NONE 320
	FP_ROUTE KLGA..KATL

TRACK_TIME 1167737286
TRACK A20110117574714 B712 275800 823300 120 30 999 NONE NONE 320
	FP_ROUTE KTPA..KMKE

TRACK_TIME 1167737286
TRACK A20110117574715 E145 403700 735260 120 30 999 NONE NONE 290
	FP_ROUTE KJFK..KBTV

TRACK_TIME 1167737286
TRACK A20110117574716 MD83 325500 970160 120 30 999 NONE NONE 270
	FP_ROUTE KDFW..KATL

TRACK_TIME 1167737286
TRACK A20110117574718 E135 405200 735500 120 30 999 NONE NONE 260
	FP_ROUTE KLGA..KRDU

TRACK_TIME 1167737286
TRACK A20110117574720 E145 254800 801600 120 30 999 NONE NONE 370
	FP_ROUTE KMIA..KPIT

TRACK_TIME 1167737286
TRACK A20110117574721 F900 264060 801000 120 30 999 NONE NONE 410
	FP_ROUTE KPBI..KHPN

TRACK_TIME 1167737286
TRACK A20110117574722 B712 333900 842400 120 30 999 NONE NONE 320
	FP_ROUTE KATL..KMKE

TRACK_TIME 1167737286
TRACK A20110117574723 C560 383900 1213400 120 30 999 NONE NONE 90
	FP_ROUTE KSMF..KSFO

TRACK_TIME 1167737286
TRACK A20110117574724 A320 394660 1043700 120 30 999 NONE NONE 390
	FP_ROUTE KDEN..KCMH

TRACK_TIME 1167737286
TRACK A20110117574725 B738 333900 1175260 120 30 999 NONE NONE 370
	FP_ROUTE KSNA..KDFW

TRACK_TIME 1167737286
TRACK A20110117574727 B733 391000 764300 120 30 999 NONE NONE 281
	FP_ROUTE KBWI..KRSW

TRACK_TIME 1167737286
TRACK A20110117574731 A320 334960 1181000 120 30 999 NONE NONE 160
	FP_ROUTE KLGB..KSFO

TRACK_TIME 1167737286
TRACK A20110117574736 B738 295860 951800 120 30 999 NONE NONE 340
	FP_ROUTE KIAH..KDEN

TRACK_TIME 1167737286
TRACK A20110117574737 E120 404660 1120000 120 30 999 NONE NONE 220
	FP_ROUTE KSLC..KTWF

TRACK_TIME 1167737286
TRACK A20110117574742 E170 404800 735200 120 30 999 NONE NONE 400
	FP_ROUTE KLGA..KSTL

TRACK_TIME 1167737286
TRACK A20110117574744 MD83 415560 875560 120 30 999 NONE NONE 320
	FP_ROUTE KORD..KDFW

TRACK_TIME 1167737286
TRACK A20110117574746 C560 390760 842400 120 30 999 NONE NONE 270
	FP_ROUTE KLUK..KCLT

TRACK_TIME 1167737286
TRACK A20110117574747 B738 295860 951800 120 30 999 NONE NONE 310
	FP_ROUTE KIAH..KCLE

TRACK_TIME 1167737286
TRACK A20110117574751 B752 421200 832260 120 30 999 NONE NONE 340
	FP_ROUTE KDTW..KPHX

TRACK_TIME 1167737286
TRACK A20110117574753 E170 415560 875560 120 30 999 NONE NONE 350
	FP_ROUTE KORD..KATL

TRACK_TIME 1167737286
TRACK A20110117574767 CRJ9 373900 1222100 120 30 999 NONE NONE 330
	FP_ROUTE KSFO..KLAS

TRACK_TIME 1167737286
TRACK A20110117574780 A320 394960 1044360 120 30 999 NONE NONE 380
	FP_ROUTE KDEN..KLAX

TRACK_TIME 1167737286
TRACK A20110117574782 CRJ9 351200 805560 120 30 999 NONE NONE 270
	FP_ROUTE KCLT..KIAD

TRACK_TIME 1167737286
TRACK A20110117574785 CL60 261200 800900 120 30 999 NONE NONE 340
	FP_ROUTE KFXE..KGYY

TRACK_TIME 1167737286
TRACK A20110117574793 B752 334000 841960 120 30 999 NONE NONE 361
	FP_ROUTE KATL..KLAS

TRACK_TIME 1167737286
TRACK A20110117574794 FA50 310600 834800 120 30 999 NONE NONE 210
	FP_ROUTE KMGR..KAGS

TRACK_TIME 1167737286
TRACK A20110117574797 FA50 332400 815860 120 30 999 NONE NONE 380
	FP_ROUTE KAGS..KLIT

TRACK_TIME 1167737286
TRACK A20110117574798 B738 404600 735100 120 30 999 NONE NONE 380
	FP_ROUTE KLGA..KIAH

TRACK_TIME 1167737286
TRACK A20110117574801 MU2 404900 964500 120 30 999 NONE NONE 250
	FP_ROUTE KLNK..KTUL

TRACK_TIME 1167737286
TRACK A20110117574803 B737 384360 901660 120 30 999 NONE NONE 410
	FP_ROUTE KSTL..KMCO

TRACK_TIME 1167737286
TRACK A20110117574804 B737 282560 811800 120 30 999 NONE NONE 390
	FP_ROUTE KMCO..KBWI

TRACK_TIME 1167737286
TRACK A20110117574807 CRJ2 385400 770460 120 30 999 NONE NONE 240
	FP_ROUTE KDCA..KBUF

TRACK_TIME 1167737286
TRACK A20110117574810 B738 453600 1223900 120 30 999 NONE NONE 390
	FP_ROUTE KPDX..KLAX

TRACK_TIME 1167737286
TRACK A20110117574811 B737 390900 764000 120 30 999 NONE NONE 380
	FP_ROUTE KBWI..KMKE

TRACK_TIME 1167737286
TRACK A20110117574813 B737 360700 1150900 120 30 999 NONE NONE 340
	FP_ROUTE KLAS..KRNO

TRACK_TIME 1167737286
TRACK A20110117574815 A320 335560 1182700 120 30 999 NONE NONE 240
	FP_ROUTE KLAX..KLAS

TRACK_TIME 1167737286
TRACK A20110117574817 B737 282260 811960 120 30 999 NONE NONE 380
	FP_ROUTE KMCO..KIND

TRACK_TIME 1167737286
TRACK A20110117574818 MD82 325260 970160 120 30 999 NONE NONE 330
	FP_ROUTE KDFW..KORD

TRACK_TIME 1167737286
TRACK A20110117574821 MD82 325700 970160 120 30 999 NONE NONE 290
	FP_ROUTE KDFW..KIAH

TRACK_TIME 1167737286
TRACK A20110117574823 B737 351200 805800 120 30 999 NONE NONE 350
	FP_ROUTE KCLT..KEWR

TRACK_TIME 1167737286
TRACK A20110117574840 E120 441960 1053300 120 30 999 NONE NONE 270
	FP_ROUTE KGCC..KDEN

TRACK_TIME 1167737286
TRACK A20110117574845 CRJ2 444300 892500 120 30 999 NONE NONE 80
	FP_ROUTE KCWA..KORD

TRACK_TIME 1167737286
TRACK A20110117574850 BE20 272100 984360 120 30 999 NONE NONE 230
	FP_ROUTE KHBV..KHOU

TRACK_TIME 1167737286
TRACK A20110117574853 E120 364660 1194500 120 30 999 NONE NONE 230
	FP_ROUTE KFAT..KLAX

TRACK_TIME 1167737286
TRACK A20110117574854 CRJ2 373900 1221900 120 30 999 NONE NONE 230
	FP_ROUTE KSFO..KRNO

TRACK_TIME 1167737286
TRACK A20110117574855 MD83 415500 875400 120 30 999 NONE NONE 320
	FP_ROUTE KORD..KDFW

TRACK_TIME 1167737286
TRACK A20110117574861 B737 293760 951660 120 30 999 NONE NONE 280
	FP_ROUTE KHOU..KSAT

TRACK_TIME 1167737286
TRACK A20110117574871 E145 300460 931300 120 30 999 NONE NONE 109
	FP_ROUTE KLCH..KDFW

TRACK_TIME 1167737286
TRACK A20110117574872 MD82 325200 970300 120 30 999 NONE NONE 330
	FP_ROUTE KDFW..KMSP

TRACK_TIME 1167737286
TRACK A20110117574873 E145 385200 770300 120 30 999 NONE NONE 280
	FP_ROUTE KDCA..KSDF

TRACK_TIME 1167737286
TRACK A20110117574874 B737 404800 1115800 120 30 999 NONE NONE 330
	FP_ROUTE KSLC..KABQ

TRACK_TIME 1167737286
TRACK A20110117574877 B738 335560 1182700 120 30 999 NONE NONE 370
	FP_ROUTE KLAX..KMCO

TRACK_TIME 1167737286
TRACK A20110117574879 A319 430600 774060 120 30 999 NONE NONE 380
	FP_ROUTE KROC..KCLT

TRACK_TIME 1167737286
TRACK A20110117574898 B737 324960 964960 120 30 999 NONE NONE 110
	FP_ROUTE KDAL..KHOU

TRACK_TIME 1167737286
TRACK A20110117574899 E190 351000 805560 120 30 999 NONE NONE 350
	FP_ROUTE KCLT..KJFK

TRACK_TIME 1167737286
TRACK A20110117574904 B737 320100 1021600 120 30 999 NONE NONE 110
	FP_ROUTE KMAF..KDAL

TRACK_TIME 1167737286
TRACK A20110117574905 CRJ2 421200 832100 120 30 999 NONE NONE 270
	FP_ROUTE KDTW..KTRI

TRACK_TIME 1167737286
TRACK A20110117574908 E170 420000 875260 120 30 999 NONE NONE 310
	FP_ROUTE KORD..KHPN

TRACK_TIME 1167737286
TRACK A20110117574910 B712 334000 841800 120 30 999 NONE NONE 320
	FP_ROUTE KATL..KMKE

TRACK_TIME 1167737286
TRACK A20110117574913 CRJ2 351200 805700 120 30 999 NONE NONE 220
	FP_ROUTE KCLT..KTYS

TRACK_TIME 1167737286
TRACK A20110117574914 B737 282400 811800 120 30 999 NONE NONE 390
	FP_ROUTE KMCO..KBDL

TRACK_TIME 1167737286
TRACK A20110117574915 A319 390460 843900 120 30 999 NONE NONE 330
	FP_ROUTE KCVG..KBOS

TRACK_TIME 1167737286
TRACK A20110117574922 B753 350900 1014060 120 30 999 NONE NONE 350
	FP_ROUTE KAMA..KIAH

TRACK_TIME 1167737286
TRACK A20110117574924 B712 333760 842260 120 30 999 NONE NONE 260
	FP_ROUTE KATL..KMSY

TRACK_TIME 1167737286
TRACK A20110117574926 B738 325560 970160 120 30 999 NONE NONE 410
	FP_ROUTE KDFW..KATL

TRACK_TIME 1167737286
TRACK A20110117574936 F2TH 360600 1150900 120 30 999 NONE NONE 220
	FP_ROUTE KLAS..KVNY

TRACK_TIME 1167737286
TRACK A20110117574943 B737 445260 931600 120 30 999 NONE NONE 410
	FP_ROUTE KMSP..KMCO

TRACK_TIME 1167737286
TRACK A20110117574944 B737 275700 823300 120 30 999 NONE NONE 380
	FP_ROUTE KTPA..KIND

TRACK_TIME 1167737286
TRACK A20110117574949 CRJ2 453600 1223600 120 30 999 NONE NONE 350
	FP_ROUTE KPDX..KLAX

TRACK_TIME 1167737286
TRACK A20110117574958 CRJ9 334000 841960 120 30 999 NONE NONE 340
	FP_ROUTE KATL..KHOU

TRACK_TIME 1167737286
TRACK A20110117574959 CRJ2 350300 895860 120 30 999 NONE NONE 270
	FP_ROUTE KMEM..KPNS

TRACK_TIME 1167737286
TRACK A20110117574960 C560 390700 842400 120 30 999 NONE NONE 270
	FP_ROUTE KLUK..KCLT

TRACK_TIME 1167737286
TRACK A20110117574961 B712 333760 842400 120 30 999 NONE NONE 110
	FP_ROUTE KATL..KRDU

TRACK_TIME 1167737286
TRACK A20110117574962 B737 275800 823300 120 30 999 NONE NONE 380
	FP_ROUTE KTPA..KATL

TRACK_TIME 1167737286
TRACK A20110117574963 CRJ9 293760 951800 120 30 999 NONE NONE 350
	FP_ROUTE KHOU..KATL

TRACK_TIME 1167737286
TRACK A20110117574964 C560 351060 805560 120 30 999 NONE NONE 130
	FP_ROUTE KCLT..KTEB

TRACK_TIME 1167737286
TRACK A20110117574965 B737 333760 842260 120 30 999 NONE NONE 330
	FP_ROUTE KATL..KDCA

TRACK_TIME 1167737286
TRACK A20110117574969 B733 260460 800760 120 30 999 NONE NONE 220
	FP_ROUTE KFLL..KTPA

TRACK_TIME 1167737286
TRACK A20110117574975 B733 275800 823300 120 30 999 NONE NONE 340
	FP_ROUTE KTPA..KMKE

TRACK_TIME 1167737286
TRACK A20110117574979 BE20 354660 805500 120 30 999 NONE NONE 100
	FP_ROUTE KSVH..KBLF

TRACK_TIME 1167737286
TRACK A20110117574980 E135 394960 1044360 120 30 999 NONE NONE 360
	FP_ROUTE KDEN..KLAX

TRACK_TIME 1167737286
TRACK A20110117574981 MD83 320600 1105500 120 30 999 NONE NONE 330
	FP_ROUTE KTUS..KORD

TRACK_TIME 1167737286
TRACK A20110117574991 CRJ2 333900 842800 120 30 999 NONE NONE 168
	FP_ROUTE KATL..KTYS

TRACK_TIME 1167737286
TRACK A20110117574994 E170 445400 931360 120 30 999 NONE NONE 290
	FP_ROUTE KMSP..KORD

TRACK_TIME 1167737286
TRACK A20110117574995 CRJ2 333760 842860 120 30 999 NONE NONE 320
	FP_ROUTE KATL..KBTR

TRACK_TIME 1167737286
TRACK A20110117574996 B738 335500 1182800 120 30 999 NONE NONE 350
	FP_ROUTE KLAX..KIAH

TRACK_TIME 1167737286
TRACK A20110117575000 E170 385200 770300 120 30 999 NONE NONE 270
	FP_ROUTE KDCA..KBDL

TRACK_TIME 1167737286
TRACK A20110117575002 E135 354960 835860 120 30 999 NONE NONE 110
	FP_ROUTE KTYS..KORD

TRACK_TIME 1167737286
TRACK A20110117575004 B712 333700 842860 120 30 999 NONE NONE 290
	FP_ROUTE KATL..KRDU

TRACK_TIME 1167737286
TRACK A20110117575006 AT72 322560 934900 120 30 999 NONE NONE 60
	FP_ROUTE KSHV..KDFW

TRACK_TIME 1167737286
TRACK A20110117575007 A320 422200 710100 120 30 999 NONE NONE 360
	FP_ROUTE KBOS..KFLL

TRACK_TIME 1167737286
TRACK A20110117575008 E135 353460 1060700 120 30 999 NONE NONE 360
	FP_ROUTE KSAF..KLAX

TRACK_TIME 1167737286
TRACK A20110117575009 A319 394900 1043760 120 30 999 NONE NONE 310
	FP_ROUTE KDEN..KOMA

TRACK_TIME 1167737286
TRACK A20110117575017 AT72 321900 944200 120 30 999 NONE NONE 60
	FP_ROUTE KGGG..KDFW

TRACK_TIME 1167737286
TRACK A20110117575018 B737 404300 740760 120 30 999 NONE NONE 400
	FP_ROUTE KEWR..KSAT

TRACK_TIME 1167737286
TRACK A20110117575019 A319 394900 1043900 120 30 999 NONE NONE 370
	FP_ROUTE KDEN..KLGA

TRACK_TIME 1167737286
TRACK A20110117575030 MD83 420700 880760 120 30 999 NONE NONE 300
	FP_ROUTE KORD..KTUS

TRACK_TIME 1167737286
TRACK A20110117575034 B733 425560 875400 120 30 999 NONE NONE 360
	FP_ROUTE KMKE..KMCI

TRACK_TIME 1167737286
TRACK A20110117575036 B733 391660 944360 120 30 999 NONE NONE 360
	FP_ROUTE KMCI..KDAL

TRACK_TIME 1167737286
TRACK A20110117575037 B733 324800 964660 120 30 999 NONE NONE 360
	FP_ROUTE KDAL..KELP

TRACK_TIME 1167737286
TRACK A20110117575038 E190 410460 734360 120 30 999 NONE NONE 380
	FP_ROUTE KHPN..KMCO

TRACK_TIME 1167737286
TRACK A20110117575039 A320 421200 832100 120 30 999 NONE NONE 390
	FP_ROUTE KDTW..KPBI

TRACK_TIME 1167737286
TRACK A20110117575040 B737 324360 1171300 120 30 999 NONE NONE 370
	FP_ROUTE KSAN..KMDW

TRACK_TIME 1167737286
TRACK A20110117575042 B752 333700 843000 120 30 999 NONE NONE 120
	FP_ROUTE KATL..KJAX

TRACK_TIME 1167737286
TRACK A20110117575043 MU2 424660 843300 120 30 999 NONE NONE 189
	FP_ROUTE KLAN..KTEB

TRACK_TIME 1167737286
TRACK A20110117575045 C560 325100 965200 120 30 999 NONE NONE 279
	FP_ROUTE KDAL..KLBB

TRACK_TIME 1167737286
TRACK A20110117575046 C560 333900 1014960 120 30 999 NONE NONE 269
	FP_ROUTE KLBB..KDAL

TRACK_TIME 1167737286
TRACK A20110117575048 CRJ9 350300 895860 120 30 999 NONE NONE 360
	FP_ROUTE KMEM..KORD

TRACK_TIME 1167737286
TRACK A20110117575051 MU2 405260 740160 120 30 999 NONE NONE 70
	FP_ROUTE KTEB..KHFD

TRACK_TIME 1167737286
TRACK A20110117575052 B733 314800 1062400 120 30 999 NONE NONE 360
	FP_ROUTE KELP..KSAN

TRACK_TIME 1167737286
TRACK A20110117575057 B737 472560 1221900 120 30 999 NONE NONE 370
	FP_ROUTE KSEA..KSLC

TRACK_TIME 1167737286
TRACK A20110117575058 B737 404900 1115860 120 30 999 NONE NONE 390
	FP_ROUTE KSLC..KMDW

TRACK_TIME 1167737286
TRACK A20110117575059 E170 350160 1063300 120 30 999 NONE NONE 330
	FP_ROUTE KABQ..KDEN

TRACK_TIME 1167737286
TRACK A20110117575062 E145 404300 740760 120 30 999 NONE NONE 240
	FP_ROUTE KEWR..KCLT

TRACK_TIME 1167737286
TRACK A20110117575066 MD83 464000 1004000 120 30 999 NONE NONE 340
	FP_ROUTE KBIS..KIWA

TRACK_TIME 1167737286
TRACK A20110117575070 B735 332560 1120160 120 30 999 NONE NONE 340
	FP_ROUTE KPHX..KSMF

TRACK_TIME 1167737286
TRACK A20110117575075 MD83 441360 883160 120 30 999 NONE NONE 310
	FP_ROUTE KATW..KSFB

TRACK_TIME 1167737286
TRACK A20110117575076 B738 335700 1182800 120 30 999 NONE NONE 380
	FP_ROUTE KLAX..KPDX

TRACK_TIME 1167737286
TRACK A20110117575079 B752 335560 1182560 120 30 999 NONE NONE 360
	FP_ROUTE KLAX..KSFO

TRACK_TIME 1167737286
TRACK A20110117575080 E190 391360 944300 120 30 999 NONE NONE 370
	FP_ROUTE KMCI..KDCA

TRACK_TIME 1167737286
TRACK A20110117575088 E145 420000 875560 120 30 999 NONE NONE 340
	FP_ROUTE KORD..KOKC

TRACK_TIME 1167737286
TRACK A20110117575091 DH8D 472700 1221900 120 30 999 NONE NONE 230
	FP_ROUTE KSEA..KGEG

TRACK_TIME 1167737286
TRACK A20110117575092 DH8A 611360 1493760 120 30 999 NONE NONE 150
	FP_ROUTE KANC..KVDZ

TRACK_TIME 1167737286
TRACK A20110117575093 DH8A 610460 1463300 120 30 999 NONE NONE 100
	FP_ROUTE KVDZ..KCDV

TRACK_TIME 1167737286
TRACK A20110117575095 CRJ2 394800 1043700 120 30 999 NONE NONE 310
	FP_ROUTE KDEN..KLNK

TRACK_TIME 1167737286
TRACK A20110117575097 A319 390760 764060 120 30 999 NONE NONE 360
	FP_ROUTE KBWI..KLAX

TRACK_TIME 1167737286
TRACK A20110117575098 E145 400460 881360 120 30 999 NONE NONE 110
	FP_ROUTE KCMI..KORD

TRACK_TIME 1167737286
TRACK A20110117575099 E145 404360 740700 120 30 999 NONE NONE 220
	FP_ROUTE KEWR..KROC

TRACK_TIME 1167737286
TRACK A20110117575101 B739 282500 811900 120 30 999 NONE NONE 340
	FP_ROUTE KMCO..KIAH

TRACK_TIME 1167737286
TRACK A20110117575106 B739 404360 740760 120 30 999 NONE NONE 380
	FP_ROUTE KEWR..KFLL

TRACK_TIME 1167737286
TRACK A20110117575107 B738 355260 784600 120 30 999 NONE NONE 340
	FP_ROUTE KRDU..KIAH

TRACK_TIME 1167737286
TRACK A20110117575108 PAY2 422260 1225260 120 30 999 NONE NONE 120
	FP_ROUTE KMFR..KCEC

TRACK_TIME 1167737286
TRACK A20110117575111 B712 333700 843000 120 30 999 NONE NONE 290
	FP_ROUTE KATL..KRIC

TRACK_TIME 1167737286
TRACK A20110117575115 B737 414600 874600 120 30 999 NONE NONE 400
	FP_ROUTE KMDW..KSAT

TRACK_TIME 1167737286
TRACK A20110117575120 BE9L 374600 995800 120 30 999 NONE NONE 121
	FP_ROUTE KDDC..KGLD

TRACK_TIME 1167737286
TRACK A20110117575121 BE9L 392100 1014000 120 30 999 NONE NONE 170
	FP_ROUTE KGLD..KICT

TRACK_TIME 1167737286
TRACK A20110117575122 MD82 360600 1150900 120 30 999 NONE NONE 260
	FP_ROUTE KLAS..KLAX

TRACK_TIME 1167737286
TRACK A20110117575123 E145 293700 951660 120 30 999 NONE NONE 49
	FP_ROUTE KHOU..KDFW

TRACK_TIME 1167737286
TRACK A20110117575124 B752 404500 1115800 120 30 999 NONE NONE 400
	FP_ROUTE KSLC..KLAX

TRACK_TIME 1167737286
TRACK A20110117575125 E135 351960 942100 120 30 999 NONE NONE 110
	FP_ROUTE KFSM..KDFW

TRACK_TIME 1167737286
TRACK A20110117575126 E145 403000 801660 120 30 999 NONE NONE 260
	FP_ROUTE KPIT..KMKE

TRACK_TIME 1167737286
TRACK A20110117575127 E145 425500 875400 120 30 999 NONE NONE 109
	FP_ROUTE KMKE..KMSP

TRACK_TIME 1167737286
TRACK A20110117575129 A319 403900 735100 120 30 999 NONE NONE 380
	FP_ROUTE KJFK..KSFO

TRACK_TIME 1167737286
TRACK A20110117575130 E120 422260 1225260 120 30 999 NONE NONE 260
	FP_ROUTE KMFR..KPDX

TRACK_TIME 1167737286
TRACK A20110117575134 B738 394200 861900 120 30 999 NONE NONE 400
	FP_ROUTE KIND..KIAH

TRACK_TIME 1167737286
TRACK A20110117575135 CRJ2 333700 842260 120 30 999 NONE NONE 300
	FP_ROUTE KATL..KMLU

TRACK_TIME 1167737286
TRACK A20110117575138 CRJ2 322860 920160 120 30 999 NONE NONE 290
	FP_ROUTE KMLU..KATL

TRACK_TIME 1167737286
TRACK A20110117575140 B712 333900 843000 120 30 999 NONE NONE 320
	FP_ROUTE KATL..KHOU

TRACK_TIME 1167737286
TRACK A20110117575141 B738 421000 832260 120 30 999 NONE NONE 410
	FP_ROUTE KDTW..KLGA

TRACK_TIME 1167737286
TRACK A20110117575142 E135 335560 1182700 120 30 999 NONE NONE 360
	FP_ROUTE KLAX..KSJC

TRACK_TIME 1167737286
TRACK A20110117575144 E145 425560 875400 120 30 999 NONE NONE 320
	FP_ROUTE KMKE..KOMA

TRACK_TIME 1167737286
TRACK A20110117575146 B733 325200 965260 120 30 999 NONE NONE 110
	FP_ROUTE KDAL..KHOU

TRACK_TIME 1167737286
TRACK A20110117575148 SF34 295800 952100 120 30 999 NONE NONE 119
	FP_ROUTE KIAH..KTYR

TRACK_TIME 1167737286
TRACK A20110117575156 MD82 405800 812560 120 30 999 NONE NONE 320
	FP_ROUTE KCAK..KUTA

TRACK_TIME 1167737286
TRACK A20110117575157 A320 394800 1043760 120 30 999 NONE NONE 370
	FP_ROUTE KDEN..KMCO

TRACK_TIME 1167737286
TRACK A20110117575158 B737 414800 874600 120 30 999 NONE NONE 410
	FP_ROUTE KMDW..KORF

TRACK_TIME 1167737286
TRACK A20110117575164 CRJ9 445200 931060 120 30 999 NONE NONE 230
	FP_ROUTE KMSP..KDSM

TRACK_TIME 1167737286
TRACK A20110117575166 E120 373760 1205800 120 30 999 NONE NONE 210
	FP_ROUTE KMOD..KSBA

TRACK_TIME 1167737286
TRACK A20110117575167 B752 360600 1150900 120 30 999 NONE NONE 280
	FP_ROUTE KLAS..KLAX

TRACK_TIME 1167737286
TRACK A20110117575168 B737 332560 1120300 120 30 999 NONE NONE 280
	FP_ROUTE KPHX..KLAS

TRACK_TIME 1167737286
TRACK A20110117575169 B737 360700 1150900 120 30 999 NONE NONE 340
	FP_ROUTE KLAS..KSMF

TRACK_TIME 1167737286
TRACK A20110117575170 CRJ1 343100 824000 120 30 999 NONE NONE 150
	FP_ROUTE KAND..KRDU

TRACK_TIME 1167737286
TRACK A20110117575171 B752 335560 1182700 120 30 999 NONE NONE 360
	FP_ROUTE KLAX..KSFO

TRACK_TIME 1167737286
TRACK A20110117575173 CRJ2 343600 864600 120 30 999 NONE NONE 190
	FP_ROUTE KHSV..KATL

TRACK_TIME 1167737286
TRACK A20110117575174 B738 422200 705800 120 30 999 NONE NONE 360
	FP_ROUTE KBOS..KIAH

TRACK_TIME 1167737286
TRACK A20110117575176 E170 454800 1111060 120 30 999 NONE NONE 350
	FP_ROUTE KBZN..KMSP

TRACK_TIME 1167737286
TRACK A20110117575177 B752 332560 1115800 120 30 999 NONE NONE 370
	FP_ROUTE KPHX..KORD

TRACK_TIME 1167737286
TRACK A20110117575178 BE20 275700 982260 120 30 999 NONE NONE 190
	FP_ROUTE KT19..KSGR

TRACK_TIME 1167737286
TRACK A20110117575182 A319 415860 874960 120 30 999 NONE NONE 370
	FP_ROUTE KORD..KALB

TRACK_TIME 1167737286
TRACK A20110117575187 CRJ2 350900 805560 120 30 999 NONE NONE 240
	FP_ROUTE KCLT..KPHF

TRACK_TIME 1167737286
TRACK A20110117575188 CRJ2 394960 1044500 120 30 999 NONE NONE 340
	FP_ROUTE KDEN..KBFL

TRACK_TIME 1167737286
TRACK A20110117575189 E120 373760 1222200 120 30 999 NONE NONE 100
	FP_ROUTE KSFO..KCIC

TRACK_TIME 1167737286
TRACK A20110117575190 E120 394660 1215100 120 30 999 NONE NONE 110
	FP_ROUTE KCIC..KSFO

TRACK_TIME 1167737286
TRACK A20110117575198 E145 361300 955260 120 30 999 NONE NONE 260
	FP_ROUTE KTUL..KIAH

TRACK_TIME 1167737286
TRACK A20110117575199 DH8C 351300 805500 120 30 999 NONE NONE 190
	FP_ROUTE KCLT..KSBY

TRACK_TIME 1167737286
TRACK A20110117575202 E135 325500 970160 120 30 999 NONE NONE 370
	FP_ROUTE KDFW..KFAY

TRACK_TIME 1167737286
TRACK A20110117575203 E145 420000 875700 120 30 999 NONE NONE 360
	FP_ROUTE KORD..KMHK

TRACK_TIME 1167737286
TRACK A20110117575204 SF34 295700 951960 120 30 999 NONE NONE 40
	FP_ROUTE KIAH..KCLL

TRACK_TIME 1167737286
TRACK A20110117575207 CRJ9 334800 1181360 120 30 999 NONE NONE 290
	FP_ROUTE KLGB..KPHX

TRACK_TIME 1167737286
TRACK A20110117575209 SF34 421200 832200 120 30 999 NONE NONE 160
	FP_ROUTE KDTW..KCWA

TRACK_TIME 1167737286
TRACK A20110117575213 B732 405700 812560 120 30 999 NONE NONE 290
	FP_ROUTE KCAK..KACY

TRACK_TIME 1167737286
TRACK A20110117575214 CRJ1 350100 895800 120 30 999 NONE NONE 170
	FP_ROUTE KMEM..KBNA

TRACK_TIME 1167737286
TRACK A20110117575216 CRJ2 351060 805560 120 30 999 NONE NONE 300
	FP_ROUTE KCLT..KGNV

TRACK_TIME 1167737286
TRACK A20110117575218 E190 425700 784300 120 30 999 NONE NONE 210
	FP_ROUTE KBUF..KBOS

TRACK_TIME 1167737286
TRACK A20110117575219 E145 390300 844060 120 30 999 NONE NONE 220
	FP_ROUTE KCVG..KORD

TRACK_TIME 1167737286
TRACK A20110117575228 CRJ2 390300 844200 120 30 999 NONE NONE 140
	FP_ROUTE KCVG..KFWA

TRACK_TIME 1167737286
TRACK A20110117575229 E135 384360 901500 120 30 999 NONE NONE 270
	FP_ROUTE KSTL..KMKE

TRACK_TIME 1167737286
TRACK A20110117575230 A319 332560 1120160 120 30 999 NONE NONE 370
	FP_ROUTE KPHX..KMKE

TRACK_TIME 1167737286
TRACK A20110117575231 A319 324360 1171300 120 30 999 NONE NONE 370
	FP_ROUTE KSAN..KDEN

TRACK_TIME 1167737286
TRACK A20110117575234 SF34 385700 773000 120 30 999 NONE NONE 90
	FP_ROUTE KIAD..KUNV

TRACK_TIME 1167737286
TRACK A20110117575241 E145 425500 875500 120 30 999 NONE NONE 280
	FP_ROUTE KMKE..KDFW

TRACK_TIME 1167737286
TRACK A20110117575245 B739 295700 952100 120 30 999 NONE NONE 320
	FP_ROUTE KIAH..KSAN

TRACK_TIME 1167737286
TRACK A20110117575246 B738 360700 1150900 120 30 999 NONE NONE 390
	FP_ROUTE KLAS..KLAN

TRACK_TIME 1167737286
TRACK A20110117575253 B752 420000 875100 120 30 999 NONE NONE 370
	FP_ROUTE KORD..KIAD

TRACK_TIME 1167737286
TRACK A20110117575255 B733 374500 1221660 120 30 999 NONE NONE 370
	FP_ROUTE KOAK..KSLC

TRACK_TIME 1167737286
TRACK A20110117575257 B733 404500 1115800 120 30 999 NONE NONE 320
	FP_ROUTE KSLC..KLAS

TRACK_TIME 1167737286
TRACK A20110117575259 B738 260460 800760 120 30 999 NONE NONE 310
	FP_ROUTE KFLL..KEWR

TRACK_TIME 1167737286
TRACK A20110117575263 E145 420100 875560 120 30 999 NONE NONE 250
	FP_ROUTE KORD..KBUF

TRACK_TIME 1167737286
TRACK A20110117575264 B752 254800 801600 120 30 999 NONE NONE 290
	FP_ROUTE KMIA..KLGA

TRACK_TIME 1167737286
TRACK A20110117575269 B733 360700 1150900 120 30 999 NONE NONE 250
	FP_ROUTE KLAS..KPHX

TRACK_TIME 1167737286
TRACK A20110117575270 BE20 430300 881500 120 30 999 NONE NONE 49
	FP_ROUTE KUES..KARR

TRACK_TIME 1167737286
TRACK A20110117575271 CRJ9 334000 841900 120 30 999 NONE NONE 340
	FP_ROUTE KATL..KFNT

TRACK_TIME 1167737286
TRACK A20110117575272 CRJ2 371300 930900 120 30 999 NONE NONE 290
	FP_ROUTE KSGF..KATL

TRACK_TIME 1167737286
TRACK A20110117575276 B712 425560 834500 120 30 999 NONE NONE 340
	FP_ROUTE KFNT..KATL

TRACK_TIME 1167737286
TRACK A20110117575278 B722 182800 655800 120 30 999 NONE NONE 320
	FP_ROUTE KSJU..KMIA

TRACK_TIME 1167737286
TRACK A20110117575279 B737 453600 1223700 120 30 999 NONE NONE 370
	FP_ROUTE KPDX..KMDW

TRACK_TIME 1167737286
TRACK A20110117575282 B737 414600 874360 120 30 999 NONE NONE 390
	FP_ROUTE KMDW..KRDU

TRACK_TIME 1167737286
TRACK A20110117575283 B737 355260 784660 120 30 999 NONE NONE 400
	FP_ROUTE KRDU..KMCO

TRACK_TIME 1167737286
TRACK A20110117575290 CL60 421000 724300 120 30 999 NONE NONE 50
	FP_ROUTE KBAF..KGON

TRACK_TIME 1167737286
TRACK A20110117575291 B735 295700 952100 120 30 999 NONE NONE 360
	FP_ROUTE KIAH..KTUS

TRACK_TIME 1167737286
TRACK A20110117575295 B762 351500 805560 120 30 999 NONE NONE 290
	FP_ROUTE KCLT..KPHL

TRACK_TIME 1167737286
TRACK A20110117575299 BE20 350160 895860 120 30 999 NONE NONE 200
	FP_ROUTE KMEM..KCOU

TRACK_TIME 1167737286
TRACK A20110117575306 B752 403700 735260 120 30 999 NONE NONE 380
	FP_ROUTE KJFK..KSFO

TRACK_TIME 1167737286
TRACK A20110117575308 B738 415700 875500 120 30 999 NONE NONE 380
	FP_ROUTE KORD..KIAH

TRACK_TIME 1167737286
TRACK A20110117575322 CRJ9 430600 760760 120 30 999 NONE NONE 340
	FP_ROUTE KSYR..KATL

TRACK_TIME 1167737286
TRACK A20110117575326 B737 403100 801600 120 30 999 NONE NONE 230
	FP_ROUTE KPIT..KPHL

TRACK_TIME 1167737286
TRACK A20110117575333 MD83 415700 875860 120 30 999 NONE NONE 330
	FP_ROUTE KORD..KMCO

TRACK_TIME 1167737286
TRACK A20110117575337 B752 254800 801900 120 30 999 NONE NONE 390
	FP_ROUTE KMIA..KBOS

TRACK_TIME 1167737286
TRACK A20110117575338 A319 395500 1044000 120 30 999 NONE NONE 350
	FP_ROUTE KDEN..KMSP

TRACK_TIME 1167737286
TRACK A20110117575339 B738 254800 801600 120 30 999 NONE NONE 390
	FP_ROUTE KMIA..KDTW

TRACK_TIME 1167737286
TRACK A20110117575342 E170 295700 952100 120 30 999 NONE NONE 350
	FP_ROUTE KIAH..KPHL

TRACK_TIME 1167737286
TRACK A20110117575373 E145 420100 875560 120 30 999 NONE NONE 120
	FP_ROUTE KORD..KMSN

TRACK_TIME 1167737286
TRACK A20110117575375 E145 404300 740900 120 30 999 NONE NONE 260
	FP_ROUTE KEWR..KTYS

TRACK_TIME 1167737286
TRACK A20110117575383 E145 320760 810600 120 30 999 NONE NONE 310
	FP_ROUTE KSAV..KEWR

TRACK_TIME 1167737286
TRACK A20110117575387 CRJ2 350400 895860 120 30 999 NONE NONE 130
	FP_ROUTE KMEM..KBNA

TRACK_TIME 1167737286
TRACK A20110117575391 B763 375860 854500 120 30 999 NONE NONE 370
	FP_ROUTE KSDF..KPHL

TRACK_TIME 1167737286
TRACK A20110117575394 MD82 355400 784600 120 30 999 NONE NONE 320
	FP_ROUTE KRDU..KORD

TRACK_TIME 1167737286
TRACK A20110117575395 B752 404360 734960 120 30 999 NONE NONE 401
	FP_ROUTE KLGA..KDFW

TRACK_TIME 1167737286
TRACK A20110117575401 MD82 385200 1044000 120 30 999 NONE NONE 330
	FP_ROUTE KCOS..KDFW

TRACK_TIME 1167737286
TRACK A20110117575402 CRJ2 215860 1591900 120 30 999 NONE NONE 80
	FP_ROUTE KLIH..KHNL

TRACK_TIME 1167737286
TRACK A20110117575403 A306 380600 854200 120 30 999 NONE NONE 270
	FP_ROUTE KSDF..KEWR

TRACK_TIME 1167737286
TRACK A20110117575405 E120 364660 1194500 120 30 999 NONE NONE 230
	FP_ROUTE KFAT..KLAX

TRACK_TIME 1167737286
TRACK A20110117575410 B752 333700 843160 120 30 999 NONE NONE 390
	FP_ROUTE KATL..KBOS

TRACK_TIME 1167737286
TRACK A20110117575412 B737 394900 1043900 120 30 999 NONE NONE 390
	FP_ROUTE KDEN..KBWI

TRACK_TIME 1167737286
TRACK A20110117575415 A320 282500 811800 120 30 999 NONE NONE 350
	FP_ROUTE KMCO..KPSE

TRACK_TIME 1167737286
TRACK A20110117575416 B738 325560 970300 120 30 999 NONE NONE 340
	FP_ROUTE KDFW..KPHX

TRACK_TIME 1167737286
TRACK A20110117575417 CRJ2 333900 842860 120 30 999 NONE NONE 210
	FP_ROUTE KATL..KCAE

TRACK_TIME 1167737286
TRACK A20110117575418 A319 415700 875100 120 30 999 NONE NONE 380
	FP_ROUTE KORD..KDFW

TRACK_TIME 1167737286
TRACK A20110117575420 A319 335700 1182700 120 30 999 NONE NONE 390
	FP_ROUTE KLAX..KDFW

TRACK_TIME 1167737286
TRACK A20110117575421 CRJ1 333900 842860 120 30 999 NONE NONE 240
	FP_ROUTE KATL..KGSO

TRACK_TIME 1167737286
TRACK A20110117575425 MD82 325700 970160 120 30 999 NONE NONE 270
	FP_ROUTE KDFW..KORD

TRACK_TIME 1167737286
TRACK A20110117575426 B752 360760 1150760 120 30 999 NONE NONE 370
	FP_ROUTE KLAS..KDFW

TRACK_TIME 1167737286
TRACK A20110117575427 A319 422200 710100 120 30 999 NONE NONE 380
	FP_ROUTE KBOS..KSFO

TRACK_TIME 1167737286
TRACK A20110117575428 A319 333900 842700 120 30 999 NONE NONE 380
	FP_ROUTE KATL..KMDW

TRACK_TIME 1167737286
TRACK A20110117575429 B735 295800 901500 120 30 999 NONE NONE 350
	FP_ROUTE KMSY..KEWR

TRACK_TIME 1167737286
TRACK A20110117575441 A319 415860 875200 120 30 999 NONE NONE 370
	FP_ROUTE KORD..KLGA

TRACK_TIME 1167737286
TRACK A20110117575442 E145 295700 951960 120 30 999 NONE NONE 350
	FP_ROUTE KIAH..KCLT

TRACK_TIME 1167737286
TRACK A20110117575447 B734 372260 1215700 120 30 999 NONE NONE 340
	FP_ROUTE KSJC..KSEA

TRACK_TIME 1167737286
TRACK A20110117575448 E145 395100 1044600 120 30 999 NONE NONE 250
	FP_ROUTE KDEN..KRAP

TRACK_TIME 1167737286
TRACK A20110117575451 E145 295860 951800 120 30 999 NONE NONE 320
	FP_ROUTE KIAH..KOKC

TRACK_TIME 1167737286
TRACK A20110117575452 CRJ9 404500 734960 120 30 999 NONE NONE 340
	FP_ROUTE KLGA..KMSN

TRACK_TIME 1167737286
TRACK A20110117575455 E145 415860 875200 120 30 999 NONE NONE 310
	FP_ROUTE KORD..KROC

TRACK_TIME 1167737286
TRACK A20110117575457 B763 334000 841960 120 30 999 NONE NONE 390
	FP_ROUTE KATL..KPOB

TRACK_TIME 1167737286
TRACK A20110117575459 SF34 404960 775100 120 30 999 NONE NONE 90
	FP_ROUTE KUNV..KIAD

TRACK_TIME 1167737286
TRACK A20110117575461 A320 350400 900000 120 30 999 NONE NONE 380
	FP_ROUTE KMEM..KPHX

TRACK_TIME 1167737286
TRACK A20110117575465 DH8A 404500 735100 120 30 999 NONE NONE 50
	FP_ROUTE KLGA..KPHL

TRACK_TIME 1167737286
TRACK A20110117575473 B733 374000 1222200 120 30 999 NONE NONE 350
	FP_ROUTE KSFO..KLAX

TRACK_TIME 1167737286
TRACK A20110117575476 B733 335700 1182700 120 30 999 NONE NONE 350
	FP_ROUTE KLAX..KSLC

TRACK_TIME 1167737286
TRACK A20110117575480 E145 325100 970160 120 30 999 NONE NONE 310
	FP_ROUTE KDFW..KMKE

TRACK_TIME 1167737286
TRACK A20110117575483 E170 394900 1043900 120 30 999 NONE NONE 350
	FP_ROUTE KDEN..KBNA

TRACK_TIME 1167737286
TRACK A20110117575487 B737 374360 1221500 120 30 999 NONE NONE 50
	FP_ROUTE KOAK..KSNA

TRACK_TIME 1167737286
TRACK A20110117575488 B737 333900 1175260 120 30 999 NONE NONE 290
	FP_ROUTE KSNA..KPHX

TRACK_TIME 1167737286
TRACK A20110117575491 MD82 391300 944600 120 30 999 NONE NONE 320
	FP_ROUTE KMCI..KDFW

TRACK_TIME 1167737286
TRACK A20110117575495 MD82 404800 735200 120 30 999 NONE NONE 320
	FP_ROUTE KLGA..KORD

TRACK_TIME 1167737286
TRACK A20110117575498 DH8D 400000 825200 120 30 999 NONE NONE 170
	FP_ROUTE KCMH..KEWR

TRACK_TIME 1167737286
TRACK A20110117575500 E190 385200 770300 120 30 999 NONE NONE 230
	FP_ROUTE KDCA..KBOS

TRACK_TIME 1167737286
TRACK A20110117575501 MD82 415800 875700 120 30 999 NONE NONE 320
	FP_ROUTE KORD..KPHX

TRACK_TIME 1167737286
TRACK A20110117575508 A320 422200 705860 120 30 999 NONE NONE 360
	FP_ROUTE KBOS..KMCO

TRACK_TIME 1167737286
TRACK A20110117575514 E145 302200 842400 120 30 999 NONE NONE 330
	FP_ROUTE KTLH..KMIA

TRACK_TIME 1167737286
TRACK A20110117575515 CRJ2 211900 1575400 120 30 999 NONE NONE 160
	FP_ROUTE KHNL..KLIH

TRACK_TIME 1167737286
TRACK A20110117575520 A320 324360 1171300 120 30 999 NONE NONE 390
	FP_ROUTE KSAN..KDEN

TRACK_TIME 1167737286
TRACK A20110117575521 CRJ2 320760 811000 120 30 999 NONE NONE 340
	FP_ROUTE KSAV..KORD

TRACK_TIME 1167737286
TRACK A20110117575522 B734 425560 784500 120 30 999 NONE NONE 300
	FP_ROUTE KBUF..KCLT

TRACK_TIME 1167737286
TRACK A20110117575530 E145 403700 735260 120 30 999 NONE NONE 320
	FP_ROUTE KJFK..KCMH

TRACK_TIME 1167737286
TRACK A20110117575533 CRJ2 332400 815860 120 30 999 NONE NONE 50
	FP_ROUTE KAGS..KCLT

TRACK_TIME 1167737286
TRACK A20110117575534 E135 325200 970160 120 30 999 NONE NONE 350
	FP_ROUTE KDFW..KAGS

TRACK_TIME 1167737286
TRACK A20110117575535 CRJ2 351360 805560 120 30 999 NONE NONE 180
	FP_ROUTE KCLT..KAGS

TRACK_TIME 1167737286
TRACK A20110117575536 MD83 335100 1163160 120 30 999 NONE NONE 330
	FP_ROUTE KPSP..KDFW

TRACK_TIME 1167737286
TRACK A20110117575537 MD83 325260 970300 120 30 999 NONE NONE 260
	FP_ROUTE KDFW..KICT

TRACK_TIME 1167737286
TRACK A20110117575539 E145 360900 794800 120 30 999 NONE NONE 360
	FP_ROUTE KGSO..KMIA

TRACK_TIME 1167737286
TRACK A20110117575540 A320 373900 1221960 120 30 999 NONE NONE 390
	FP_ROUTE KSFO..KAUS

TRACK_TIME 1167737286
TRACK A20110117575541 E145 415860 875200 120 30 999 NONE NONE 370
	FP_ROUTE KORD..KCHS

TRACK_TIME 1167737286
TRACK A20110117575544 MD82 325200 970160 120 30 999 NONE NONE 330
	FP_ROUTE KDFW..KMEM

TRACK_TIME 1167737286
TRACK A20110117575545 B739 395200 1043300 120 30 999 NONE NONE 350
	FP_ROUTE KDEN..KEWR

TRACK_TIME 1167737286
TRACK A20110117575547 CRJ2 334000 843160 120 30 999 NONE NONE 99
	FP_ROUTE KATL..KCHA

TRACK_TIME 1167737286
TRACK A20110117575548 B752 333900 842860 120 30 999 NONE NONE 410
	FP_ROUTE KATL..KMCO

TRACK_TIME 1167737286
TRACK A20110117575559 BE9L 394500 861800 120 30 999 NONE NONE 200
	FP_ROUTE KIND..KMUT

TRACK_TIME 1167737286
TRACK A20110117575560 A320 415800 875200 120 30 999 NONE NONE 380
	FP_ROUTE KORD..KIAH

TRACK_TIME 1167737286
TRACK A20110117575563 CRJ1 333700 842860 120 30 999 NONE NONE 40
	FP_ROUTE KATL..KGSP

TRACK_TIME 1167737286
TRACK A20110117575568 E190 301960 974000 120 30 999 NONE NONE 370
	FP_ROUTE KAUS..KJFK

TRACK_TIME 1167737286
TRACK A20110117575573 E135 425500 875400 120 30 999 NONE NONE 190
	FP_ROUTE KMKE..KFNT

TRACK_TIME 1167737286
TRACK A20110117575576 CRJ2 340100 810160 120 30 999 NONE NONE 320
	FP_ROUTE KCAE..KORD

TRACK_TIME 1167737286
TRACK A20110117575577 A320 415860 875200 120 30 999 NONE NONE 330
	FP_ROUTE KORD..KPIT

TRACK_TIME 1167737286
TRACK A20110117575578 B737 391060 764300 120 30 999 NONE NONE 400
	FP_ROUTE KBWI..KJAX

TRACK_TIME 1167737286
TRACK A20110117575584 CRJ2 335500 1182860 120 30 999 NONE NONE 119
	FP_ROUTE KLAX..KCOS

TRACK_TIME 1167737286
TRACK A20110117575586 E190 282400 811800 120 30 999 NONE NONE 370
	FP_ROUTE KMCO..KBOS

TRACK_TIME 1167737286
TRACK A20110117575592 CRJ9 335560 1182560 120 30 999 NONE NONE 350
	FP_ROUTE KLAX..KSLC

TRACK_TIME 1167737286
TRACK A20110117575595 AT72 335860 982860 120 30 999 NONE NONE 59
	FP_ROUTE KSPS..KDFW

TRACK_TIME 1167737286
TRACK A20110117575599 B737 421200 832200 120 30 999 NONE NONE 400
	FP_ROUTE KDTW..KIAH

TRACK_TIME 1167737286
TRACK A20110117575603 B753 333900 842800 120 30 999 NONE NONE 329
	FP_ROUTE KATL..KDTW

TRACK_TIME 1167737286
TRACK A20110117575605 B735 333300 864660 120 30 999 NONE NONE 220
	FP_ROUTE KBHM..KMSY

TRACK_TIME 1167737286
TRACK A20110117575607 E190 282400 811800 120 30 999 NONE NONE 370
	FP_ROUTE KMCO..KHPN

TRACK_TIME 1167737286
TRACK A20110117575608 B737 360600 1150900 120 30 999 NONE NONE 380
	FP_ROUTE KLAS..KSFO

TRACK_TIME 1167737286
TRACK A20110117575610 B733 332560 1120160 120 30 999 NONE NONE 350
	FP_ROUTE KPHX..KIAH

TRACK_TIME 1167737286
TRACK A20110117575611 CRJ2 395100 751800 120 30 999 NONE NONE 300
	FP_ROUTE KPHL..KDAY

TRACK_TIME 1167737286
TRACK A20110117575617 E120 404800 1120000 120 30 999 NONE NONE 179
	FP_ROUTE KSLC..KSUN

TRACK_TIME 1167737286
TRACK A20110117575622 B712 211900 1575260 120 30 999 NONE NONE 190
	FP_ROUTE KHNL..KKOA

TRACK_TIME 1167737286
TRACK A20110117575623 B737 404200 741000 120 30 999 NONE NONE 380
	FP_ROUTE KEWR..KDFW

TRACK_TIME 1167737286
TRACK A20110117575624 E120 404800 1120000 120 30 999 NONE NONE 260
	FP_ROUTE KSLC..KSUN

TRACK_TIME 1167737286
TRACK A20110117575625 MD83 385200 770300 120 30 999 NONE NONE 360
	FP_ROUTE KDCA..KSTL

TRACK_TIME 1167737286
TRACK A20110117575628 CRJ2 333900 842200 120 30 999 NONE NONE 280
	FP_ROUTE KATL..KMOB

TRACK_TIME 1167737286
TRACK A20110117575629 CRJ2 304060 881060 120 30 999 NONE NONE 50
	FP_ROUTE KMOB..KATL

TRACK_TIME 1167737286
TRACK A20110117575631 E120 410000 1240900 120 30 999 NONE NONE 250
	FP_ROUTE KACV..KSFO

TRACK_TIME 1167737286
TRACK A20110117575633 SF34 385700 773160 120 30 999 NONE NONE 90
	FP_ROUTE KIAD..KHPN

TRACK_TIME 1167737286
TRACK A20110117575636 SF34 313600 971360 120 30 999 NONE NONE 60
	FP_ROUTE KACT..KIAH

TRACK_TIME 1167737286
TRACK A20110117575641 E120 373760 1222200 120 30 999 NONE NONE 100
	FP_ROUTE KSFO..KACV

TRACK_TIME 1167737286
TRACK A20110117575643 CRJ2 395200 1043400 120 30 999 NONE NONE 120
	FP_ROUTE KDEN..KCOS

TRACK_TIME 1167737286
TRACK A20110117575644 CRJ9 333400 864500 120 30 999 NONE NONE 390
	FP_ROUTE KBHM..KLGA

TRACK_TIME 1167737286
TRACK A20110117575647 CRJ2 350900 805560 120 30 999 NONE NONE 180
	FP_ROUTE KCLT..KAGS

TRACK_TIME 1167737286
TRACK A20110117575653 E145 412500 814960 120 30 999 NONE NONE 330
	FP_ROUTE KCLE..KBOS

TRACK_TIME 1167737286
TRACK A20110117575654 BE20 292400 1004900 120 30 999 NONE NONE 170
	FP_ROUTE KDRT..KSAT

TRACK_TIME 1167737286
TRACK A20110117575665 B752 333760 842800 120 30 999 NONE NONE 290
	FP_ROUTE KATL..KRDU

TRACK_TIME 1167737286
TRACK A20110117575666 B737 293760 951660 120 30 999 NONE NONE 240
	FP_ROUTE KHOU..KOKC

TRACK_TIME 1167737286
TRACK A20110117575667 BE9L 323460 914800 120 30 999 NONE NONE 179
	FP_ROUTE KM79..KLIT

TRACK_TIME 1167737286
TRACK A20110117575670 B737 340300 1173700 120 30 999 NONE NONE 380
	FP_ROUTE KONT..KSJC

TRACK_TIME 1167737286
TRACK A20110117575675 DH8D 472560 1221800 120 30 999 NONE NONE 230
	FP_ROUTE KSEA..KBOI

TRACK_TIME 1167737286
TRACK A20110117575684 B738 400100 1043460 120 30 999 NONE NONE 330
	FP_ROUTE KDEN..KATL

TRACK_TIME 1167737286
TRACK A20110117575692 B763 211800 1575260 120 30 999 NONE NONE 350
	FP_ROUTE KHNL..KSJC

TRACK_TIME 1167737286
TRACK A20110117575698 A320 420000 875200 120 30 999 NONE NONE 171
	FP_ROUTE KORD..KGRR

TRACK_TIME 1167737286
TRACK A20110117575702 B733 391000 764360 120 30 999 NONE NONE 330
	FP_ROUTE KBWI..KIND

TRACK_TIME 1167737286
TRACK A20110117575706 B737 411800 955400 120 30 999 NONE NONE 310
	FP_ROUTE KOMA..KMDW

TRACK_TIME 1167737286
TRACK A20110117575710 B733 395260 1043160 120 30 999 NONE NONE 350
	FP_ROUTE KDEN..KMCI

TRACK_TIME 1167737286
TRACK A20110117575722 A320 282260 811660 120 30 999 NONE NONE 370
	FP_ROUTE KMCO..KLGA

TRACK_TIME 1167737286
TRACK A20110117575726 CRJ9 413160 933760 120 30 999 NONE NONE 340
	FP_ROUTE KDSM..KPHX

TRACK_TIME 1167737286
TRACK A20110117575731 E190 395260 751300 120 30 999 NONE NONE 230
	FP_ROUTE KPHL..KBOS

TRACK_TIME 1167737286
TRACK A20110117575732 BE9L 281660 812560 120 30 999 NONE NONE 170
	FP_ROUTE KISM..KHXD

TRACK_TIME 1167737286
TRACK A20110117575741 A320 282560 811800 120 30 999 NONE NONE 350
	FP_ROUTE KMCO..KJFK

TRACK_TIME 1167737286
TRACK A20110117575749 B734 611660 1500160 120 30 999 NONE NONE 280
	FP_ROUTE KANC..KFAI

TRACK_TIME 1167737286
TRACK A20110117575750 B737 611800 1500000 120 30 999 NONE NONE 390
	FP_ROUTE KANC..KSEA

TRACK_TIME 1167737286
TRACK A20110117575751 B737 472560 1221900 120 30 999 NONE NONE 350
	FP_ROUTE KSEA..KIAH

TRACK_TIME 1167737286
TRACK A20110117575755 B733 355400 784600 120 30 999 NONE NONE 260
	FP_ROUTE KRDU..KBNA

TRACK_TIME 1167737286
TRACK A20110117575758 B737 414360 712500 120 30 999 NONE NONE 400
	FP_ROUTE KPVD..KMCO

TRACK_TIME 1167737286
TRACK A20110117575761 B734 645200 1474200 120 30 999 NONE NONE 320
	FP_ROUTE KFAI..KSCC

TRACK_TIME 1167737286
TRACK A20110117575763 B734 701060 1484500 120 30 999 NONE NONE 280
	FP_ROUTE KSCC..KBRW

TRACK_TIME 1167737286
TRACK A20110117575764 B752 421060 832400 120 30 999 NONE NONE 360
	FP_ROUTE KDTW..KSLC

TRACK_TIME 1167737286
TRACK A20110117575765 C560 292800 811200 120 30 999 NONE NONE 151
	FP_ROUTE KXFL..KPBI

TRACK_TIME 1167737286
TRACK A20110117575766 B733 360760 863900 120 30 999 NONE NONE 370
	FP_ROUTE KBNA..KMCO

TRACK_TIME 1167737286
TRACK A20110117575769 CRJ2 333760 842800 120 30 999 NONE NONE 270
	FP_ROUTE KATL..KILM

TRACK_TIME 1167737286
TRACK A20110117575786 C550 273300 992400 120 30 999 NONE NONE 350
	FP_ROUTE KLRD..KCTY

TRACK_TIME 1167737286
TRACK A20110117575790 SF34 551500 1625860 120 30 999 NONE NONE 140
	FP_ROUTE KCDB..KDUT

TRACK_TIME 1167737286
TRACK A20110117575792 B752 333760 842800 120 30 999 NONE NONE 350
	FP_ROUTE KATL..KRSW

TRACK_TIME 1167737286
TRACK A20110117575797 E145 344360 921200 120 30 999 NONE NONE 280
	FP_ROUTE KLIT..KIAH

TRACK_TIME 1167737286
TRACK A20110117575798 A320 394900 1043900 120 30 999 NONE NONE 350
	FP_ROUTE KDEN..KOKC

TRACK_TIME 1167737286
TRACK A20110117575811 E145 420100 874900 120 30 999 NONE NONE 370
	FP_ROUTE KORD..KBDL

TRACK_TIME 1167737286
TRACK A20110117575812 B738 360700 1150900 120 30 999 NONE NONE 330
	FP_ROUTE KLAS..KDFW

TRACK_TIME 1167737286
TRACK A20110117575817 A320 404300 740900 120 30 999 NONE NONE 380
	FP_ROUTE KEWR..KMCO

TRACK_TIME 1167737286
TRACK A20110117575818 E135 425560 875400 120 30 999 NONE NONE 230
	FP_ROUTE KMKE..KDAY

TRACK_TIME 1167737286
TRACK A20110117575824 A319 404900 735200 120 30 999 NONE NONE 380
	FP_ROUTE KLGA..KMSY

TRACK_TIME 1167737286
TRACK A20110117575825 MD82 325500 970160 120 30 999 NONE NONE 290
	FP_ROUTE KDFW..KDCA

TRACK_TIME 1167737286
TRACK A20110117575826 A320 404600 1120000 120 30 999 NONE NONE 360
	FP_ROUTE KSLC..KSMF

TRACK_TIME 1167737286
TRACK A20110117575827 B712 333760 842860 120 30 999 NONE NONE 120
	FP_ROUTE KATL..KCLT

TRACK_TIME 1167737286
TRACK A20110117575828 CRJ2 351200 805700 120 30 999 NONE NONE 180
	FP_ROUTE KCLT..KTRI

TRACK_TIME 1167737286
TRACK A20110117575830 E120 335100 1163160 120 30 999 NONE NONE 80
	FP_ROUTE KPSP..KLAX

TRACK_TIME 1167737286
TRACK A20110117575831 B737 282260 811800 120 30 999 NONE NONE 360
	FP_ROUTE KMCO..KFNT

TRACK_TIME 1167737286
TRACK A20110117575832 E190 403760 734900 120 30 999 NONE NONE 320
	FP_ROUTE KJFK..KRDU

TRACK_TIME 1167737286
TRACK A20110117575834 B738 395100 1044500 120 30 999 NONE NONE 340
	FP_ROUTE KDEN..KSEA

TRACK_TIME 1167737286
TRACK A20110117575835 B712 211900 1575700 120 30 999 NONE NONE 210
	FP_ROUTE KHNL..KKOA

TRACK_TIME 1167737286
TRACK A20110117575840 B738 295700 951960 120 30 999 NONE NONE 370
	FP_ROUTE KIAH..KDCA

TRACK_TIME 1167737286
TRACK A20110117575841 SF34 445260 930900 120 30 999 NONE NONE 121
	FP_ROUTE KMSP..KBRD

TRACK_TIME 1167737286
TRACK A20110117575842 DH8D 335700 1182800 120 30 999 NONE NONE 220
	FP_ROUTE KLAX..KSJC

TRACK_TIME 1167737286
TRACK A20110117575843 DH8D 453460 1223700 120 30 999 NONE NONE 158
	FP_ROUTE KPDX..KSEA

TRACK_TIME 1167737286
TRACK A20110117575844 A320 403900 734960 120 30 999 NONE NONE 360
	FP_ROUTE KJFK..KTPA

TRACK_TIME 1167737286
TRACK A20110117575845 B734 644600 1480100 120 30 999 NONE NONE 350
	FP_ROUTE KFAI..KANC

TRACK_TIME 1167737286
TRACK A20110117575847 MD82 325200 970300 120 30 999 NONE NONE 240
	FP_ROUTE KDFW..KICT

TRACK_TIME 1167737286
TRACK A20110117575848 E145 302400 842700 120 30 999 NONE NONE 360
	FP_ROUTE KTLH..KDFW

TRACK_TIME 1167737286
TRACK A20110117575849 B737 394800 1043700 120 30 999 NONE NONE 390
	FP_ROUTE KDEN..KATL

TRACK_TIME 1167737286
TRACK A20110117575851 E170 425560 875400 120 30 999 NONE NONE 360
	FP_ROUTE KMKE..KMCI

TRACK_TIME 1167737286
TRACK A20110117575853 A320 385700 773100 120 30 999 NONE NONE 340
	FP_ROUTE KIAD..KFLL

TRACK_TIME 1167737286
TRACK A20110117575857 B737 332500 1120400 120 30 999 NONE NONE 270
	FP_ROUTE KPHX..KHOU

TRACK_TIME 1167737286
TRACK A20110117575862 B712 404360 734900 120 30 999 NONE NONE 280
	FP_ROUTE KLGA..KATL

TRACK_TIME 1167737286
TRACK A20110117575866 B712 433900 701960 120 30 999 NONE NONE 300
	FP_ROUTE KPWM..KBWI

TRACK_TIME 1167737286
TRACK A20110117575870 CRJ2 385560 773100 120 30 999 NONE NONE 280
	FP_ROUTE KIAD..KCAE

TRACK_TIME 1167737286
TRACK A20110117575871 B737 332560 1120160 120 30 999 NONE NONE 370
	FP_ROUTE KPHX..KELP

TRACK_TIME 1167737286
TRACK A20110117575872 B737 314800 1062400 120 30 999 NONE NONE 370
	FP_ROUTE KELP..KSAT

TRACK_TIME 1167737286
TRACK A20110117575873 MD83 335500 1182800 120 30 999 NONE NONE 310
	FP_ROUTE KLAX..KDFW

TRACK_TIME 1167737286
TRACK A20110117575878 B738 295860 951800 120 30 999 NONE NONE 370
	FP_ROUTE KIAH..KLGA

TRACK_TIME 1167737286
TRACK A20110117575879 CRJ2 334000 843000 120 30 999 NONE NONE 320
	FP_ROUTE KATL..KSHV

TRACK_TIME 1167737286
TRACK A20110117575880 MD83 325500 970160 120 30 999 NONE NONE 280
	FP_ROUTE KDFW..KSAT

TRACK_TIME 1167737286
TRACK A20110117575882 A320 403900 734600 120 30 999 NONE NONE 220
	FP_ROUTE KJFK..KROC

TRACK_TIME 1167737286
TRACK A20110117575886 B752 333760 842860 120 30 999 NONE NONE 410
	FP_ROUTE KATL..KMIA

TRACK_TIME 1167737286
TRACK A20110117575888 CRJ2 421200 832200 120 30 999 NONE NONE 270
	FP_ROUTE KDTW..KBTV

TRACK_TIME 1167737286
TRACK A20110117575889 B738 445200 931060 120 30 999 NONE NONE 380
	FP_ROUTE KMSP..KSEA

TRACK_TIME 1167737286
TRACK A20110117575890 B737 393160 1194660 120 30 999 NONE NONE 390
	FP_ROUTE KRNO..KBOI

TRACK_TIME 1167737286
TRACK A20110117575891 B737 433300 1161060 120 30 999 NONE NONE 400
	FP_ROUTE KBOI..KGEG

TRACK_TIME 1167737286
TRACK A20110117575896 A320 415860 875200 120 30 999 NONE NONE 350
	FP_ROUTE KORD..KCLT

TRACK_TIME 1167737286
TRACK A20110117575901 CRJ9 350300 895860 120 30 999 NONE NONE 360
	FP_ROUTE KMEM..KAUS

TRACK_TIME 1167737286
TRACK A20110117575903 E145 384360 901800 120 30 999 NONE NONE 210
	FP_ROUTE KSTL..KORD

TRACK_TIME 1167737286
TRACK A20110117575904 E145 415500 875400 120 30 999 NONE NONE 370
	FP_ROUTE KORD..KRIC

TRACK_TIME 1167737286
TRACK A20110117575905 B738 445100 931360 120 30 999 NONE NONE 390
	FP_ROUTE KMSP..KFLL

TRACK_TIME 1167737286
TRACK A20110117575906 CRJ2 333900 842400 120 30 999 NONE NONE 210
	FP_ROUTE KATL..KAVL

TRACK_TIME 1167737286
TRACK A20110117575907 CRJ2 352860 823400 120 30 999 NONE NONE 180
	FP_ROUTE KAVL..KATL

TRACK_TIME 1167737286
TRACK A20110117575908 CRJ2 395500 1044060 120 30 999 NONE NONE 330
	FP_ROUTE KDEN..KTUL

TRACK_TIME 1167737286
TRACK A20110117575912 A320 403700 735260 120 30 999 NONE NONE 320
	FP_ROUTE KJFK..KRSW

TRACK_TIME 1167737286
TRACK A20110117575913 E145 295800 952100 120 30 999 NONE NONE 260
	FP_ROUTE KIAH..KLRD

TRACK_TIME 1167737286
TRACK A20110117575915 B738 472560 1221800 120 30 999 NONE NONE 370
	FP_ROUTE KSEA..KSAN

TRACK_TIME 1167737286
TRACK A20110117575917 A319 324500 1171360 120 30 999 NONE NONE 350
	FP_ROUTE KSAN..KSLC

TRACK_TIME 1167737286
TRACK A20110117575918 A319 404660 1115800 120 30 999 NONE NONE 330
	FP_ROUTE KSLC..KJAC

TRACK_TIME 1167737286
TRACK A20110117575920 CRJ2 421200 832200 120 30 999 NONE NONE 260
	FP_ROUTE KDTW..KGRB

TRACK_TIME 1167737286
TRACK A20110117575924 E170 395260 751300 120 30 999 NONE NONE 210
	FP_ROUTE KPHL..KBDL

TRACK_TIME 1167737286
TRACK A20110117575925 B733 391360 944360 120 30 999 NONE NONE 70
	FP_ROUTE KMCI..KSTL

TRACK_TIME 1167737286
TRACK A20110117575926 CRJ2 352100 973600 120 30 999 NONE NONE 330
	FP_ROUTE KOKC..KMSP

TRACK_TIME 1167737286
TRACK A20110117575928 CRJ2 444960 930900 120 30 999 NONE NONE 310
	FP_ROUTE KMSP..KPIT

TRACK_TIME 1167737286
TRACK A20110117575929 B733 384360 901660 120 30 999 NONE NONE 350
	FP_ROUTE KSTL..KRSW

TRACK_TIME 1167737286
TRACK A20110117575930 B733 263460 814000 120 30 999 NONE NONE 350
	FP_ROUTE KRSW..KBWI

TRACK_TIME 1167737286
TRACK A20110117575939 DH8D 335700 1182860 120 30 999 NONE NONE 220
	FP_ROUTE KLAX..KSTS

TRACK_TIME 1167737286
TRACK A20110117575946 A320 360600 1150900 120 30 999 NONE NONE 350
	FP_ROUTE KLAS..KDTW

TRACK_TIME 1167737286
TRACK A20110117575947 E170 394900 1043900 120 30 999 NONE NONE 310
	FP_ROUTE KDEN..KOKC

TRACK_TIME 1167737286
TRACK A20110117575961 B737 414800 874800 120 30 999 NONE NONE 320
	FP_ROUTE KMDW..KTUS

TRACK_TIME 1167737286
TRACK A20110117575962 A320 445200 931060 120 30 999 NONE NONE 360
	FP_ROUTE KMSP..KDEN

TRACK_TIME 1167737286
TRACK A20110117575971 CRJ2 445400 931660 120 30 999 NONE NONE 220
	FP_ROUTE KMSP..KFSD

TRACK_TIME 1167737286
TRACK A20110117575982 SF34 295700 952100 120 30 999 NONE NONE 40
	FP_ROUTE KIAH..KCLL

TRACK_TIME 1167737286
TRACK A20110117575983 E135 415860 875200 120 30 999 NONE NONE 230
	FP_ROUTE KORD..KTVC

TRACK_TIME 1167737286
TRACK A20110117575989 MD82 325800 970300 120 30 999 NONE NONE 250
	FP_ROUTE KDFW..KOMA

TRACK_TIME 1167737286
TRACK A20110117575998 DH8D 453600 1223900 120 30 999 NONE NONE 190
	FP_ROUTE KPDX..KMFR

TRACK_TIME 1167737286
TRACK A20110117576001 BE9L 211900 1575260 120 30 999 NONE NONE 100
	FP_ROUTE KHNL..KLIH

TRACK_TIME 1167737286
TRACK A20110117576008 CRJ2 350100 895860 120 30 999 NONE NONE 161
	FP_ROUTE KMEM..KXNA

TRACK_TIME 1167737286
TRACK A20110117576011 DH8D 422800 1225400 120 30 999 NONE NONE 220
	FP_ROUTE KMFR..KPDX

TRACK_TIME 1167737286
TRACK A20110117576014 B737 335700 1182560 120 30 999 NONE NONE 340
	FP_ROUTE KLAX..KOAK

TRACK_TIME 1167737286
TRACK A20110117576017 CRJ2 385200 770300 120 30 999 NONE NONE 170
	FP_ROUTE KDCA..KJFK

TRACK_TIME 1167737286
TRACK A20110117576025 E120 472700 1221900 120 30 999 NONE NONE 148
	FP_ROUTE KSEA..KPDX

TRACK_TIME 1167737286
TRACK A20110117576028 CRJ2 333900 842800 120 30 999 NONE NONE 280
	FP_ROUTE KATL..KSGF

TRACK_TIME 1167737286
TRACK A20110117576032 B712 282500 811800 120 30 999 NONE NONE 330
	FP_ROUTE KMCO..KATL

TRACK_TIME 1167737286
TRACK A20110117576033 CRJ2 373160 771900 120 30 999 NONE NONE 170
	FP_ROUTE KRIC..KPHL

TRACK_TIME 1167737286
TRACK A20110117576034 B733 282400 811800 120 30 999 NONE NONE 350
	FP_ROUTE KMCO..KPHL

TRACK_TIME 1167737286
TRACK A20110117576035 E135 395700 841360 120 30 999 NONE NONE 260
	FP_ROUTE KDAY..KMKE

TRACK_TIME 1167737286
TRACK A20110117576042 B712 333600 842100 120 30 999 NONE NONE 350
	FP_ROUTE KATL..KTPA

TRACK_TIME 1167737286
TRACK A20110117576045 B737 295700 952100 120 30 999 NONE NONE 380
	FP_ROUTE KIAH..KSMF

TRACK_TIME 1167737286
TRACK A20110117576048 B733 391060 764300 120 30 999 NONE NONE 360
	FP_ROUTE KBWI..KTPA

TRACK_TIME 1167737286
TRACK A20110117576049 B712 334000 841960 120 30 999 NONE NONE 270
	FP_ROUTE KATL..KDTW

TRACK_TIME 1167737286
TRACK A20110117576051 E145 405100 775100 120 30 999 NONE NONE 320
	FP_ROUTE KUNV..KCMI

TRACK_TIME 1167737286
TRACK A20110117576055 E145 404300 740760 120 30 999 NONE NONE 360
	FP_ROUTE KEWR..KDAY

TRACK_TIME 1167737286
TRACK A20110117576062 B737 425500 875400 120 30 999 NONE NONE 410
	FP_ROUTE KMKE..KLGA

TRACK_TIME 1167737286
TRACK A20110117576067 E135 332560 940160 120 30 999 NONE NONE 50
	FP_ROUTE KTXK..KDFW

TRACK_TIME 1167737286
TRACK A20110117576068 B763 254800 801600 120 30 999 NONE NONE 350
	FP_ROUTE KMIA..KJFK

TRACK_TIME 1167737286
TRACK A20110117576069 B737 405560 812560 120 30 999 NONE NONE 400
	FP_ROUTE KCAK..KATL

TRACK_TIME 1167737286
TRACK A20110117576070 E190 282400 811800 120 30 999 NONE NONE 370
	FP_ROUTE KMCO..KBOS

TRACK_TIME 1167737286
TRACK A20110117576073 A320 300000 901500 120 30 999 NONE NONE 370
	FP_ROUTE KMSY..KJFK

TRACK_TIME 1167737286
TRACK A20110117576074 E145 420100 875800 120 30 999 NONE NONE 360
	FP_ROUTE KORD..KICT

TRACK_TIME 1167737286
TRACK A20110117576079 CRJ2 421200 832100 120 30 999 NONE NONE 310
	FP_ROUTE KDTW..KBDL

TRACK_TIME 1167737286
TRACK A20110117576082 B712 333900 842860 120 30 999 NONE NONE 320
	FP_ROUTE KATL..KICT

TRACK_TIME 1167737286
TRACK A20110117576084 B739 295700 952100 120 30 999 NONE NONE 340
	FP_ROUTE KIAH..KSFO

TRACK_TIME 1167737286
TRACK A20110117576086 B712 333900 842800 120 30 999 NONE NONE 340
	FP_ROUTE KATL..KDAY

TRACK_TIME 1167737286
TRACK A20110117576088 A320 333760 842800 120 30 999 NONE NONE 290
	FP_ROUTE KATL..KDCA

TRACK_TIME 1167737286
TRACK A20110117576089 A320 264060 800000 120 30 999 NONE NONE 370
	FP_ROUTE KPBI..KJFK

TRACK_TIME 1167737286
TRACK A20110117576090 B734 351060 805560 120 30 999 NONE NONE 330
	FP_ROUTE KCLT..KBOS

TRACK_TIME 1167737286
TRACK A20110117576091 B752 335560 1182700 120 30 999 NONE NONE 370
	FP_ROUTE KLAX..KHNL

TRACK_TIME 1167737286
TRACK A20110117576092 MD83 325560 970160 120 30 999 NONE NONE 290
	FP_ROUTE KDFW..KMSY

TRACK_TIME 1167737286
TRACK A20110117576099 E120 335560 1182560 120 30 999 NONE NONE 209
	FP_ROUTE KLAX..KNYL

TRACK_TIME 1167737286
TRACK A20110117576101 CRJ2 335500 1182700 120 30 999 NONE NONE 300
	FP_ROUTE KLAX..KSMF

TRACK_TIME 1167737286
TRACK A20110117576105 E145 325500 970300 120 30 999 NONE NONE 340
	FP_ROUTE KDFW..KLRD

TRACK_TIME 1167737286
TRACK A20110117576107 B737 333760 1175260 120 30 999 NONE NONE 400
	FP_ROUTE KSNA..KSEA

TRACK_TIME 1167737286
TRACK A20110117576113 B752 385400 773400 120 30 999 NONE NONE 380
	FP_ROUTE KIAD..KMCO

TRACK_TIME 1167737286
TRACK A20110117576114 E135 420100 875700 120 30 999 NONE NONE 190
	FP_ROUTE KORD..KFNT

TRACK_TIME 1167737286
TRACK A20110117576116 BE20 360600 864060 120 30 999 NONE NONE 120
	FP_ROUTE KBNA..KHZD

TRACK_TIME 1167737286
TRACK A20110117576121 BE20 360300 882560 120 30 999 NONE NONE 110
	FP_ROUTE KHZD..KBNA

TRACK_TIME 1167737286
TRACK A20110117576125 B752 333760 842200 120 30 999 NONE NONE 370
	FP_ROUTE KATL..KRSW

TRACK_TIME 1167737286
TRACK A20110117576126 E145 315200 1021060 120 30 999 NONE NONE 310
	FP_ROUTE KMAF..KIAH

TRACK_TIME 1167737286
TRACK A20110117576127 E145 373160 772100 120 30 999 NONE NONE 360
	FP_ROUTE KRIC..KORD

TRACK_TIME 1167737286
TRACK A20110117576139 CRJ2 351500 805700 120 30 999 NONE NONE 300
	FP_ROUTE KCLT..KVPS

TRACK_TIME 1167737286
TRACK A20110117576141 A319 384000 1213600 120 30 999 NONE NONE 370
	FP_ROUTE KSMF..KORD

TRACK_TIME 1167737286
TRACK A20110117576143 CRJ2 384800 921360 120 30 999 NONE NONE 50
	FP_ROUTE KCOU..KMEM

TRACK_TIME 1167737286
TRACK A20110117576144 CRJ2 302800 863100 120 30 999 NONE NONE 290
	FP_ROUTE KVPS..KCLT

TRACK_TIME 1167737286
TRACK A20110117576145 B737 274600 973000 120 30 999 NONE NONE 270
	FP_ROUTE KCRP..KHOU

TRACK_TIME 1167737286
TRACK A20110117576149 B762 395260 751300 120 30 999 NONE NONE 390
	FP_ROUTE KPHL..KSJU

TRACK_TIME 1167737286
TRACK A20110117576150 E170 351200 805700 120 30 999 NONE NONE 340
	FP_ROUTE KCLT..KPNS

TRACK_TIME 1167737286
TRACK A20110117576155 B737 402860 801060 120 30 999 NONE NONE 230
	FP_ROUTE KPIT..KPHL

TRACK_TIME 1167737286
TRACK A20110117576158 B737 395260 751300 120 30 999 NONE NONE 380
	FP_ROUTE KPHL..KLAS

TRACK_TIME 1167737286
TRACK A20110117576159 B737 360700 1150900 120 30 999 NONE NONE 380
	FP_ROUTE KLAS..KOAK

TRACK_TIME 1167737286
TRACK A20110117576160 A319 453600 1223600 120 30 999 NONE NONE 370
	FP_ROUTE KPDX..KMSP

TRACK_TIME 1167737286
TRACK A20110117576164 A321 373760 1222200 120 30 999 NONE NONE 310
	FP_ROUTE KSFO..KCLT

TRACK_TIME 1167737286
TRACK A20110117576170 B734 570400 1352500 120 30 999 NONE NONE 250
	FP_ROUTE KSIT..KKTN

TRACK_TIME 1167737286
TRACK A20110117576173 CRJ2 371600 795800 120 30 999 NONE NONE 40
	FP_ROUTE KROA..KCLT

TRACK_TIME 1167737286
TRACK A20110117576180 DH8A 385860 773160 120 30 999 NONE NONE 79
	FP_ROUTE KIAD..KLGA

TRACK_TIME 1167737286
TRACK A20110117576181 DH8D 403000 801600 120 30 999 NONE NONE 230
	FP_ROUTE KPIT..KEWR

TRACK_TIME 1167737286
TRACK A20110117576183 CRJ2 335560 1182700 120 30 999 NONE NONE 260
	FP_ROUTE KLAX..KSJC

TRACK_TIME 1167737286
TRACK A20110117576186 DH8A 205400 1562500 120 30 999 NONE NONE 100
	FP_ROUTE KOGG..KHNL

TRACK_TIME 1167737286
TRACK A20110117576187 B737 333700 1175260 120 30 999 NONE NONE 400
	FP_ROUTE KSNA..KPDX

TRACK_TIME 1167737286
TRACK A20110117576190 E145 295800 952100 120 30 999 NONE NONE 260
	FP_ROUTE KIAH..KLBB

TRACK_TIME 1167737286
TRACK A20110117576191 CRJ2 372260 1215560 120 30 999 NONE NONE 270
	FP_ROUTE KSJC..KLAX

TRACK_TIME 1167737286
TRACK A20110117576194 FA50 273100 992800 120 30 999 NONE NONE 39
	FP_ROUTE KLRD..KDAL

TRACK_TIME 1167737286
TRACK A20110117576202 FA50 344360 921300 120 30 999 NONE NONE 40
	FP_ROUTE KFTW..KLRD

TRACK_TIME 1167737286
TRACK A20110117576203 B712 425560 875400 120 30 999 NONE NONE 350
	FP_ROUTE KMKE..KBWI

TRACK_TIME 1167737286
TRACK A20110117576205 B733 314900 1062200 120 30 999 NONE NONE 300
	FP_ROUTE KELP..KABQ

TRACK_TIME 1167737286
TRACK A20110117576206 B733 350160 1063460 120 30 999 NONE NONE 311
	FP_ROUTE KABQ..KDEN

TRACK_TIME 1167737286
TRACK A20110117576208 A320 280000 823300 120 30 999 NONE NONE 370
	FP_ROUTE KTPA..KJFK

TRACK_TIME 1167737286
TRACK A20110117576209 B752 333760 842800 120 30 999 NONE NONE 370
	FP_ROUTE KATL..KFLL

TRACK_TIME 1167737286
TRACK A20110117576211 B733 394900 1044000 120 30 999 NONE NONE 330
	FP_ROUTE KDEN..KOKC

TRACK_TIME 1167737286
TRACK A20110117576213 DH8D 394800 1045200 120 30 999 NONE NONE 240
	FP_ROUTE KDEN..KABQ

TRACK_TIME 1167737286
TRACK A20110117576215 B733 352200 973600 120 30 999 NONE NONE 191
	FP_ROUTE KOKC..KDAL

TRACK_TIME 1167737286
TRACK A20110117576216 DH8A 395100 751360 120 30 999 NONE NONE 60
	FP_ROUTE KPHL..KBWI

TRACK_TIME 1167737286
TRACK A20110117576219 A320 420000 875100 120 30 999 NONE NONE 390
	FP_ROUTE KORD..KBOS

TRACK_TIME 1167737286
TRACK A20110117576223 A320 404800 735200 120 30 999 NONE NONE 360
	FP_ROUTE KLGA..KFLL

TRACK_TIME 1167737286
TRACK A20110117576226 A320 385260 770400 120 30 999 NONE NONE 380
	FP_ROUTE KDCA..KORD

TRACK_TIME 1167737286
TRACK A20110117576229 A319 351060 805700 120 30 999 NONE NONE 290
	FP_ROUTE KCLT..KMDT

TRACK_TIME 1167737286
TRACK A20110117576236 CRJ2 424800 734800 120 30 999 NONE NONE 280
	FP_ROUTE KALB..KIAD

TRACK_TIME 1167737286
TRACK A20110117576240 CRJ2 404500 735100 120 30 999 NONE NONE 260
	FP_ROUTE KLGA..KCHS

TRACK_TIME 1167737286
TRACK A20110117576242 CRJ2 333900 842100 120 30 999 NONE NONE 260
	FP_ROUTE KATL..KLEX

TRACK_TIME 1167737286
TRACK A20110117576243 CRJ2 325500 800400 120 30 999 NONE NONE 280
	FP_ROUTE KCHS..KDTW

TRACK_TIME 1167737286
TRACK A20110117576244 CRJ2 380100 843760 120 30 999 NONE NONE 230
	FP_ROUTE KLEX..KATL

TRACK_TIME 1167737286
TRACK A20110117576245 DH8A 404500 734960 120 30 999 NONE NONE 81
	FP_ROUTE KLGA..KPHL

TRACK_TIME 1167737286
TRACK A20110117576246 CRJ2 385400 773700 120 30 999 NONE NONE 280
	FP_ROUTE KIAD..KDTW

TRACK_TIME 1167737286
TRACK A20110117576253 CRJ9 350400 900000 120 30 999 NONE NONE 360
	FP_ROUTE KMEM..KMSP

TRACK_TIME 1167737286
TRACK A20110117576255 B733 374360 1221600 120 30 999 NONE NONE 370
	FP_ROUTE KOAK..KMCI

TRACK_TIME 1167737286
TRACK A20110117576258 CRJ2 333900 842860 120 30 999 NONE NONE 250
	FP_ROUTE KATL..KLEX

TRACK_TIME 1167737286
TRACK A20110117576262 B722 345860 895860 120 30 999 NONE NONE 310
	FP_ROUTE KMEM..KORD

TRACK_TIME 1167737286
TRACK A20110117576266 CRJ9 421200 832100 120 30 999 NONE NONE 390
	FP_ROUTE KDTW..KEWR

TRACK_TIME 1167737286
TRACK A20110117576267 B737 395200 751600 120 30 999 NONE NONE 230
	FP_ROUTE KPHL..KBOS

TRACK_TIME 1167737286
TRACK A20110117576271 B722 415800 875700 120 30 999 NONE NONE 56
	FP_ROUTE KORD..KRFD

TRACK_TIME 1167737286
TRACK A20110117576278 B752 333900 842200 120 30 999 NONE NONE 380
	FP_ROUTE KATL..KLAX

TRACK_TIME 1167737286
TRACK A20110117576279 E170 380900 854360 120 30 999 NONE NONE 240
	FP_ROUTE KSDF..KORD

TRACK_TIME 1167737286
TRACK A20110117576282 E190 391060 943600 120 30 999 NONE NONE 390
	FP_ROUTE KMCI..KCMH

TRACK_TIME 1167737286
TRACK A20110117576285 B737 374300 1221500 120 30 999 NONE NONE 310
	FP_ROUTE KOAK..KLAS

TRACK_TIME 1167737286
TRACK A20110117576288 E170 415860 875100 120 30 999 NONE NONE 370
	FP_ROUTE KORD..KBOS

TRACK_TIME 1167737286
TRACK A20110117576293 A320 385700 773100 120 30 999 NONE NONE 380
	FP_ROUTE KIAD..KORD

TRACK_TIME 1167737286
TRACK A20110117576294 A319 453600 1223600 120 30 999 NONE NONE 370
	FP_ROUTE KPDX..KORD

TRACK_TIME 1167737286
TRACK A20110117576307 B737 414500 874800 120 30 999 NONE NONE 400
	FP_ROUTE KMDW..KLAS

TRACK_TIME 1167737286
TRACK A20110117576308 CRJ2 333900 842800 120 30 999 NONE NONE 240
	FP_ROUTE KATL..KLEX

TRACK_TIME 1167737286
TRACK A20110117576311 B737 360600 1150900 120 30 999 NONE NONE 200
	FP_ROUTE KLAS..KBUR

TRACK_TIME 1167737286
TRACK A20110117576312 B737 340900 1182400 120 30 999 NONE NONE 380
	FP_ROUTE KBUR..KSJC

TRACK_TIME 1167737286
TRACK A20110117576313 B712 302800 871000 120 30 999 NONE NONE 40
	FP_ROUTE KPNS..KATL

TRACK_TIME 1167737286
TRACK A20110117576316 LJ35 325700 964800 120 30 999 NONE NONE 400
	FP_ROUTE KADS..KEGE

TRACK_TIME 1167737286
TRACK A20110117576318 LJ35 393900 1065400 120 30 999 NONE NONE 410
	FP_ROUTE KEGE..KTUL

TRACK_TIME 1167737286
TRACK A20110117576321 A320 422100 710100 120 30 999 NONE NONE 380
	FP_ROUTE KBOS..KPBI

TRACK_TIME 1167737286
TRACK A20110117576323 CRJ9 404660 1120000 120 30 999 NONE NONE 360
	FP_ROUTE KSLC..KSFO

TRACK_TIME 1167737286
TRACK A20110117576324 A320 472560 1221800 120 30 999 NONE NONE 310
	FP_ROUTE KSEA..KSLC

TRACK_TIME 1167737286
TRACK A20110117576329 AT72 325200 970460 120 30 999 NONE NONE 40
	FP_ROUTE KDFW..KACT

TRACK_TIME 1167737286
TRACK A20110117576332 B733 360700 1150900 120 30 999 NONE NONE 360
	FP_ROUTE KLAS..KGEG

TRACK_TIME 1167737286
TRACK A20110117576334 AT72 254800 801660 120 30 999 NONE NONE 100
	FP_ROUTE KMIA..KEYW

TRACK_TIME 1167737286
TRACK A20110117576339 B737 282500 811900 120 30 999 NONE NONE 380
	FP_ROUTE KMCO..KDEN

TRACK_TIME 1167737286
TRACK A20110117576340 B737 395100 1044360 120 30 999 NONE NONE 400
	FP_ROUTE KDEN..KSLC

TRACK_TIME 1167737286
TRACK A20110117576345 E145 415860 875200 120 30 999 NONE NONE 250
	FP_ROUTE KORD..KBNA

TRACK_TIME 1167737286
TRACK A20110117576351 CRJ9 374000 1221900 120 30 999 NONE NONE 370
	FP_ROUTE KSFO..KSLC

TRACK_TIME 1167737286
TRACK A20110117576354 E145 443000 731060 120 30 999 NONE NONE 280
	FP_ROUTE KBTV..KIAD

TRACK_TIME 1167737286
TRACK A20110117576360 DH8D 472560 1221800 120 30 999 NONE NONE 250
	FP_ROUTE KSEA..KGTF

TRACK_TIME 1167737286
TRACK A20110117576361 CRJ9 403600 734800 120 30 999 NONE NONE 110
	FP_ROUTE KJFK..KBOS

TRACK_TIME 1167737286
TRACK A20110117576363 CRJ9 360760 863900 120 30 999 NONE NONE 210
	FP_ROUTE KBNA..KATL

TRACK_TIME 1167737286
TRACK A20110117576366 B739 404360 740760 120 30 999 NONE NONE 350
	FP_ROUTE KEWR..KBQN

TRACK_TIME 1167737286
TRACK A20110117576368 DH8A 404800 735200 120 30 999 NONE NONE 200
	FP_ROUTE KLGA..KROA

TRACK_TIME 1167737286
TRACK A20110117576370 A319 385260 770300 120 30 999 NONE NONE 380
	FP_ROUTE KDCA..KTPA

TRACK_TIME 1167737286
TRACK A20110117576371 A320 325500 970300 120 30 999 NONE NONE 360
	FP_ROUTE KDFW..KPHX

TRACK_TIME 1167737286
TRACK A20110117576373 DH8D 472800 1112260 120 30 999 NONE NONE 140
	FP_ROUTE KGTF..KHLN

TRACK_TIME 1167737286
TRACK A20110117576377 A319 421200 832100 120 30 999 NONE NONE 390
	FP_ROUTE KDTW..KDCA

TRACK_TIME 1167737286
TRACK A20110117576381 DH8D 464500 1120300 120 30 999 NONE NONE 240
	FP_ROUTE KHLN..KSEA

TRACK_TIME 1167737286
TRACK A20110117576384 DH8D 382700 1225200 120 30 999 NONE NONE 250
	FP_ROUTE KSTS..KLAX

TRACK_TIME 1167737286
TRACK A20110117576389 B733 391000 764300 120 30 999 NONE NONE 220
	FP_ROUTE KBWI..KRDU

TRACK_TIME 1167737286
TRACK A20110117576398 E145 325260 970300 120 30 999 NONE NONE 360
	FP_ROUTE KDFW..KFSD

TRACK_TIME 1167737286
TRACK A20110117576401 CRJ2 421200 832260 120 30 999 NONE NONE 280
	FP_ROUTE KDTW..KBMI

TRACK_TIME 1167737286
TRACK A20110117576403 A319 360700 1150900 120 30 999 NONE NONE 360
	FP_ROUTE KLAS..KSFO

TRACK_TIME 1167737286
TRACK A20110117576407 E170 415800 875200 120 30 999 NONE NONE 250
	FP_ROUTE KORD..KSDF

TRACK_TIME 1167737286
TRACK A20110117576410 B763 335560 1182700 120 30 999 NONE NONE 350
	FP_ROUTE KLAX..KATL

TRACK_TIME 1167737286
TRACK A20110117576418 D328 380760 854500 120 30 999 NONE NONE 270
	FP_ROUTE KSDF..KATL

TRACK_TIME 1167737286
TRACK A20110117576425 B738 333900 843000 120 30 999 NONE NONE 110
	FP_ROUTE KATL..KBHM

TRACK_TIME 1167737286
TRACK A20110117576426 A320 395260 751300 120 30 999 NONE NONE 360
	FP_ROUTE KPHL..KORD

TRACK_TIME 1167737286
TRACK A20110117576427 B734 254800 801600 120 30 999 NONE NONE 309
	FP_ROUTE KMIA..KPHL

TRACK_TIME 1167737286
TRACK A20110117576429 B752 282260 812100 120 30 999 NONE NONE 360
	FP_ROUTE KMCO..KLAX

TRACK_TIME 1167737286
TRACK A20110117576431 B734 412400 815260 120 30 999 NONE NONE 290
	FP_ROUTE KCLE..KCLT

TRACK_TIME 1167737286
TRACK A20110117576432 B752 325500 970300 120 30 999 NONE NONE 230
	FP_ROUTE KDFW..KTUL

TRACK_TIME 1167737286
TRACK A20110117576434 B752 333760 842700 120 30 999 NONE NONE 370
	FP_ROUTE KATL..KFLL

TRACK_TIME 1167737286
TRACK A20110117576439 B712 211900 1575260 120 30 999 NONE NONE 130
	FP_ROUTE KHNL..KOGG

TRACK_TIME 1167737286
TRACK A20110117576440 E170 395260 751060 120 30 999 NONE NONE 280
	FP_ROUTE KPHL..KCMH

TRACK_TIME 1167737286
TRACK A20110117576441 B738 254800 801600 120 30 999 NONE NONE 380
	FP_ROUTE KMIA..KBNA

TRACK_TIME 1167737286
TRACK A20110117576448 B738 300100 901500 120 30 999 NONE NONE 410
	FP_ROUTE KMSY..KMIA

TRACK_TIME 1167737286
TRACK A20110117576450 CRJ2 445100 931300 120 30 999 NONE NONE 310
	FP_ROUTE KMSP..KMBS

TRACK_TIME 1167737286
TRACK A20110117576451 B738 420100 874660 120 30 999 NONE NONE 370
	FP_ROUTE KORD..KEWR

TRACK_TIME 1167737286
TRACK A20110117576452 CRJ2 395100 751660 120 30 999 NONE NONE 120
	FP_ROUTE KPHL..KISP

TRACK_TIME 1167737286
TRACK A20110117576453 E145 412500 814960 120 30 999 NONE NONE 220
	FP_ROUTE KCLE..KSDF

TRACK_TIME 1167737286
TRACK A20110117576455 CL60 405260 740160 120 30 999 NONE NONE 71
	FP_ROUTE KTEB..KPHL

TRACK_TIME 1167737286
TRACK A20110117576457 CRJ2 404600 1120000 120 30 999 NONE NONE 270
	FP_ROUTE KSLC..KCPR

TRACK_TIME 1167737286
TRACK A20110117576461 MD82 325700 970300 120 30 999 NONE NONE 220
	FP_ROUTE KDFW..KAUS

TRACK_TIME 1167737286
TRACK A20110117576462 B737 341060 1182200 120 30 999 NONE NONE 270
	FP_ROUTE KBUR..KLAS

TRACK_TIME 1167737286
TRACK A20110117576464 B737 360600 1150900 120 30 999 NONE NONE 390
	FP_ROUTE KLAS..KAUS

TRACK_TIME 1167737286
TRACK A20110117576465 CRJ2 445260 931000 120 30 999 NONE NONE 250
	FP_ROUTE KMSP..KLAN

TRACK_TIME 1167737286
TRACK A20110117576467 E120 404660 732500 120 30 999 NONE NONE 60
	FP_ROUTE KFRG..KACY

TRACK_TIME 1167737286
TRACK A20110117576472 CRJ2 404500 1120100 120 30 999 NONE NONE 300
	FP_ROUTE KSLC..KGTF

TRACK_TIME 1167737286
TRACK A20110117576476 E170 301800 974800 120 30 999 NONE NONE 360
	FP_ROUTE KAUS..KDEN

TRACK_TIME 1167737286
TRACK A20110117576478 B752 350300 1063600 120 30 999 NONE NONE 340
	FP_ROUTE KABQ..KONT

TRACK_TIME 1167737286
TRACK A20110117576484 CRJ2 404900 734960 120 30 999 NONE NONE 250
	FP_ROUTE KLGA..KPWM

TRACK_TIME 1167737286
TRACK A20110117576487 B737 282400 811800 120 30 999 NONE NONE 380
	FP_ROUTE KMCO..KDFW

TRACK_TIME 1167737286
TRACK A20110117576492 B752 275800 823300 120 30 999 NONE NONE 340
	FP_ROUTE KTPA..KATL

TRACK_TIME 1167737286
TRACK A20110117576493 E170 400000 825560 120 30 999 NONE NONE 100
	FP_ROUTE KCMH..KCMH

TRACK_TIME 1167737286
TRACK A20110117576495 A319 394200 861900 120 30 999 NONE NONE 380
	FP_ROUTE KIND..KDEN

TRACK_TIME 1167737286
TRACK A20110117576496 MD83 325500 970300 120 30 999 NONE NONE 280
	FP_ROUTE KDFW..KLAS

TRACK_TIME 1167737286
TRACK A20110117576502 B712 205400 1562500 120 30 999 NONE NONE 120
	FP_ROUTE KOGG..KHNL

TRACK_TIME 1167737286
TRACK A20110117576513 B738 325500 970300 120 30 999 NONE NONE 270
	FP_ROUTE KDFW..KTUL

TRACK_TIME 1167737286
TRACK A20110117576515 CRJ2 421200 832200 120 30 999 NONE NONE 140
	FP_ROUTE KDTW..KAZO

TRACK_TIME 1167737286
TRACK A20110117576519 E145 404300 740900 120 30 999 NONE NONE 360
	FP_ROUTE KEWR..KJAX

TRACK_TIME 1167737286
TRACK A20110117576522 DH8A 351360 805500 120 30 999 NONE NONE 160
	FP_ROUTE KCLT..KHXD

TRACK_TIME 1167737286
TRACK A20110117576523 DH8A 321960 803760 120 30 999 NONE NONE 80
	FP_ROUTE KHXD..KCLT

TRACK_TIME 1167737286
TRACK A20110117576524 B752 422200 705860 120 30 999 NONE NONE 380
	FP_ROUTE KBOS..KDEN

TRACK_TIME 1167737286
TRACK A20110117576530 A318 394660 1043700 120 30 999 NONE NONE 390
	FP_ROUTE KDEN..KMDW

TRACK_TIME 1167737286
TRACK A20110117576531 B733 324960 964960 120 30 999 NONE NONE 350
	FP_ROUTE KDAL..KMSY

TRACK_TIME 1167737286
TRACK A20110117576541 FA50 324960 964960 120 30 999 NONE NONE 39
	FP_ROUTE KDAL..KFTW

TRACK_TIME 1167737286
TRACK A20110117576551 A319 445100 931300 120 30 999 NONE NONE 230
	FP_ROUTE KMSP..KMKE

TRACK_TIME 1167737286
TRACK A20110117576554 E145 295860 951800 120 30 999 NONE NONE 31
	FP_ROUTE KIAH..KSHV

TRACK_TIME 1167737286
TRACK A20110117576556 E145 325500 970300 120 30 999 NONE NONE 190
	FP_ROUTE KDFW..KIAH

TRACK_TIME 1167737286
TRACK A20110117576563 MD83 331900 1114060 120 30 999 NONE NONE 330
	FP_ROUTE KIWA..KGRI

TRACK_TIME 1167737286
TRACK A20110117576564 CRJ2 333900 842800 120 30 999 NONE NONE 180
	FP_ROUTE KATL..KMGM

TRACK_TIME 1167737286
TRACK A20110117576571 B737 384000 1213400 120 30 999 NONE NONE 330
	FP_ROUTE KSMF..KBUR

TRACK_TIME 1167737286
TRACK A20110117576572 A319 425560 875400 120 30 999 NONE NONE 90
	FP_ROUTE KMKE..KMSP

TRACK_TIME 1167737286
TRACK A20110117576578 B737 351200 1014000 120 30 999 NONE NONE 109
	FP_ROUTE KAMA..KDAL

TRACK_TIME 1167737286
TRACK A20110117576585 E170 394300 861800 120 30 999 NONE NONE 210
	FP_ROUTE KIND..KORD

TRACK_TIME 1167737286
TRACK A20110117576587 A319 334000 1175260 120 30 999 NONE NONE 390
	FP_ROUTE KSNA..KDEN

TRACK_TIME 1167737286
TRACK A20110117576588 CRJ2 320600 1105560 120 30 999 NONE NONE 340
	FP_ROUTE KTUS..KSLC

TRACK_TIME 1167737286
TRACK A20110117576592 FA20 475860 971060 120 30 999 NONE NONE 50
	FP_ROUTE KGFK..KTVF

TRACK_TIME 1167737286
TRACK A20110117576594 CRJ2 345560 821200 120 30 999 NONE NONE 110
	FP_ROUTE KGSP..KATL

TRACK_TIME 1167737286
TRACK A20110117576603 A319 404900 735200 120 30 999 NONE NONE 380
	FP_ROUTE KLGA..KFLL

TRACK_TIME 1167737286
TRACK A20110117576612 B737 422260 710100 120 30 999 NONE NONE 400
	FP_ROUTE KBOS..KMKE

TRACK_TIME 1167737286
TRACK A20110117576615 C560 384000 773160 120 30 999 NONE NONE 430
	FP_ROUTE KHEF..KTMB

TRACK_TIME 1167737286
TRACK A20110117576616 A319 351060 805700 120 30 999 NONE NONE 290
	FP_ROUTE KCLT..KROC

TRACK_TIME 1167737286
TRACK A20110117576621 FA20 415200 912860 120 30 999 NONE NONE 290
	FP_ROUTE KCID..KFWA

TRACK_TIME 1167737286
TRACK A20110117576631 BE20 461200 1065100 120 30 999 NONE NONE 140
	FP_ROUTE K1S3..KBIL

TRACK_TIME 1167737286
TRACK A20110117576642 B712 425560 875400 120 30 999 NONE NONE 370
	FP_ROUTE KMKE..KATL

TRACK_TIME 1167737286
TRACK A20110117576646 B737 391060 764360 120 30 999 NONE NONE 400
	FP_ROUTE KBWI..KMCO

TRACK_TIME 1167737286
TRACK A20110117576648 B712 350400 895800 120 30 999 NONE NONE 330
	FP_ROUTE KMEM..KATL

TRACK_TIME 1167737286
TRACK A20110117576649 B735 360700 1150900 120 30 999 NONE NONE 340
	FP_ROUTE KLAS..KRNO

TRACK_TIME 1167737286
TRACK A20110117576650 B738 300000 901500 120 30 999 NONE NONE 330
	FP_ROUTE KMSY..KATL

TRACK_TIME 1167737286
TRACK A20110117576653 B737 372260 1215700 120 30 999 NONE NONE 410
	FP_ROUTE KSJC..KSNA

TRACK_TIME 1167737286
TRACK A20110117576654 CRJ2 373900 1222200 120 30 999 NONE NONE 310
	FP_ROUTE KSFO..KONT

TRACK_TIME 1167737286
TRACK A20110117576656 B752 361200 955260 120 30 999 NONE NONE 220
	FP_ROUTE KTUL..KDFW

TRACK_TIME 1167737286
TRACK A20110117576658 B737 395260 751200 120 30 999 NONE NONE 400
	FP_ROUTE KPHL..KMCO

TRACK_TIME 1167737286
TRACK A20110117576659 B752 325260 970300 120 30 999 NONE NONE 400
	FP_ROUTE KDFW..KEGE

TRACK_TIME 1167737286
TRACK A20110117576660 E145 411800 955400 120 30 999 NONE NONE 90
	FP_ROUTE KOMA..KORD

TRACK_TIME 1167737286
TRACK A20110117576661 B734 711300 1564600 120 30 999 NONE NONE 350
	FP_ROUTE KBRW..KANC

TRACK_TIME 1167737286
TRACK A20110117576662 A319 332560 1120160 120 30 999 NONE NONE 350
	FP_ROUTE KPHX..KDCA

TRACK_TIME 1167737286
TRACK A20110117576664 A321 351500 805800 120 30 999 NONE NONE 320
	FP_ROUTE KCLT..KLAX

TRACK_TIME 1167737286
TRACK A20110117576669 B737 383900 1213160 120 30 999 NONE NONE 330
	FP_ROUTE KSMF..KBUR

TRACK_TIME 1167737286
TRACK A20110117576670 B739 332560 1120160 120 30 999 NONE NONE 350
	FP_ROUTE KPHX..KEWR

TRACK_TIME 1167737286
TRACK A20110117576671 B737 384000 1213300 120 30 999 NONE NONE 400
	FP_ROUTE KSMF..KPDX

TRACK_TIME 1167737286
TRACK A20110117576673 A319 335560 1182560 120 30 999 NONE NONE 340
	FP_ROUTE KLAX..KSFO

TRACK_TIME 1167737286
TRACK A20110117576675 C560 401660 792400 120 30 999 NONE NONE 150
	FP_ROUTE KLBE..KCXY

TRACK_TIME 1167737286
TRACK A20110117576676 C560 401360 764900 120 30 999 NONE NONE 140
	FP_ROUTE KCXY..KLBE

TRACK_TIME 1167737286
TRACK A20110117576679 CRJ2 332560 1120160 120 30 999 NONE NONE 280
	FP_ROUTE KPHX..KPSP

TRACK_TIME 1167737286
TRACK A20110117576681 B733 372200 1215560 120 30 999 NONE NONE 370
	FP_ROUTE KSJC..KSAN

TRACK_TIME 1167737286
TRACK A20110117576682 DH8D 472560 1221900 120 30 999 NONE NONE 250
	FP_ROUTE KSEA..KRNO

TRACK_TIME 1167737286
TRACK A20110117576685 B734 351500 805560 120 30 999 NONE NONE 280
	FP_ROUTE KCLT..KMCO

TRACK_TIME 1167737286
TRACK A20110117576687 CRJ2 333900 842800 120 30 999 NONE NONE 280
	FP_ROUTE KATL..KMOB

TRACK_TIME 1167737286
TRACK A20110117576693 B738 324500 1171300 120 30 999 NONE NONE 360
	FP_ROUTE KSAN..KPDX

TRACK_TIME 1167737286
TRACK A20110117576694 B733 360700 1150900 120 30 999 NONE NONE 290
	FP_ROUTE KLAS..KPHX

TRACK_TIME 1167737286
TRACK A20110117576696 B733 332560 1120300 120 30 999 NONE NONE 330
	FP_ROUTE KPHX..KMCI

TRACK_TIME 1167737286
TRACK A20110117576701 B733 391360 944300 120 30 999 NONE NONE 350
	FP_ROUTE KMCI..KIND

TRACK_TIME 1167737286
TRACK A20110117576714 F900 325800 803460 120 30 999 NONE NONE 290
	FP_ROUTE KRBW..KRIC

TRACK_TIME 1167737286
TRACK A20110117576720 F900 373300 771800 120 30 999 NONE NONE 230
	FP_ROUTE KRIC..KHPN

TRACK_TIME 1167737286
TRACK A20110117576721 CRJ2 395400 751060 120 30 999 NONE NONE 300
	FP_ROUTE KPHL..KMKE

TRACK_TIME 1167737286
TRACK A20110117576723 A319 335560 1182700 120 30 999 NONE NONE 350
	FP_ROUTE KLAX..KDTW

TRACK_TIME 1167737286
TRACK A20110117576724 B737 404660 1115860 120 30 999 NONE NONE 400
	FP_ROUTE KSLC..KLAX

TRACK_TIME 1167737286
TRACK A20110117576728 F900 410460 734360 120 30 999 NONE NONE 51
	FP_ROUTE KHPN..KOXC

TRACK_TIME 1167737286
TRACK A20110117576729 E145 415700 875700 120 30 999 NONE NONE 330
	FP_ROUTE KORD..KTYS

TRACK_TIME 1167737286
TRACK A20110117576736 MD82 293100 982800 120 30 999 NONE NONE 109
	FP_ROUTE KSAT..KDFW

TRACK_TIME 1167737286
TRACK A20110117576738 DH8D 461600 1190700 120 30 999 NONE NONE 140
	FP_ROUTE KPSC..KSEA

TRACK_TIME 1167737286
TRACK A20110117576740 E145 325200 965200 120 30 999 NONE NONE 190
	FP_ROUTE KDAL..KIAH

TRACK_TIME 1167737286
TRACK A20110117576742 CRJ9 445100 931360 120 30 999 NONE NONE 270
	FP_ROUTE KMSP..KDSM

TRACK_TIME 1167737286
TRACK A20110117576743 E145 445260 931060 120 30 999 NONE NONE 250
	FP_ROUTE KMSP..KMKE

TRACK_TIME 1167737286
TRACK A20110117576744 CRJ1 355260 784660 120 30 999 NONE NONE 330
	FP_ROUTE KRDU..KBOS

TRACK_TIME 1167737286
TRACK A20110117576745 CRJ9 333900 842260 120 30 999 NONE NONE 161
	FP_ROUTE KATL..KBHM

TRACK_TIME 1167737286
TRACK A20110117576746 CRJ9 324960 970160 120 30 999 NONE NONE 350
	FP_ROUTE KDFW..KMEM

TRACK_TIME 1167737286
TRACK A20110117576748 CRJ9 404300 740760 120 30 999 NONE NONE 400
	FP_ROUTE KEWR..KMEM

TRACK_TIME 1167737286
TRACK A20110117576749 B737 414600 874360 120 30 999 NONE NONE 410
	FP_ROUTE KMDW..KPHL

TRACK_TIME 1167737286
TRACK A20110117576750 B737 395200 751360 120 30 999 NONE NONE 230
	FP_ROUTE KPHL..KPVD

TRACK_TIME 1167737286
TRACK A20110117576752 A320 442860 731000 120 30 999 NONE NONE 280
	FP_ROUTE KBTV..KJFK

TRACK_TIME 1167737286
TRACK A20110117576754 E190 404600 1115860 120 30 999 NONE NONE 370
	FP_ROUTE KSLC..KDEN

TRACK_TIME 1167737286
TRACK A20110117576755 A320 360600 1150900 120 30 999 NONE NONE 350
	FP_ROUTE KLAS..KBOS

TRACK_TIME 1167737286
TRACK A20110117576756 CRJ2 421200 832260 120 30 999 NONE NONE 340
	FP_ROUTE KDTW..KDSM

TRACK_TIME 1167737286
TRACK A20110117576757 B752 324360 1171360 120 30 999 NONE NONE 380
	FP_ROUTE KSAN..KSFO

TRACK_TIME 1167737286
TRACK A20110117576759 CRJ2 422500 1225200 120 30 999 NONE NONE 310
	FP_ROUTE KMFR..KSLC

TRACK_TIME 1167737286
TRACK A20110117576763 SF34 421200 832260 120 30 999 NONE NONE 160
	FP_ROUTE KDTW..KCIU

TRACK_TIME 1167737286
TRACK A20110117576766 CRJ2 303400 910700 120 30 999 NONE NONE 120
	FP_ROUTE KBTR..KCLT

TRACK_TIME 1167737286
TRACK A20110117576769 E145 412260 815260 120 30 999 NONE NONE 360
	FP_ROUTE KCLE..KDFW

TRACK_TIME 1167737286
TRACK A20110117576774 E145 325200 970160 120 30 999 NONE NONE 190
	FP_ROUTE KDFW..KIAH

TRACK_TIME 1167737286
TRACK A20110117576776 CRJ2 421060 832100 120 30 999 NONE NONE 310
	FP_ROUTE KDTW..KGSO

TRACK_TIME 1167737286
TRACK A20110117576777 E170 421200 832100 120 30 999 NONE NONE 330
	FP_ROUTE KDTW..KPVD

TRACK_TIME 1167737286
TRACK A20110117576778 B735 300160 901500 120 30 999 NONE NONE 360
	FP_ROUTE KMSY..KHOU

TRACK_TIME 1167737286
TRACK A20110117576780 A319 373760 1222200 120 30 999 NONE NONE 360
	FP_ROUTE KSFO..KPDX

TRACK_TIME 1167737286
TRACK A20110117576781 E170 414360 712500 120 30 999 NONE NONE 360
	FP_ROUTE KPVD..KDTW

TRACK_TIME 1167737286
TRACK A20110117576782 A320 282400 811800 120 30 999 NONE NONE 350
	FP_ROUTE KMCO..KSYR

TRACK_TIME 1167737286
TRACK A20110117576783 B752 404660 735200 120 30 999 NONE NONE 380
	FP_ROUTE KLGA..KMIA

TRACK_TIME 1167737286
TRACK A20110117576784 E120 394900 1043900 120 30 999 NONE NONE 260
	FP_ROUTE KDEN..KBIL

TRACK_TIME 1167737286
TRACK A20110117576785 E120 454800 1083300 120 30 999 NONE NONE 170
	FP_ROUTE KBIL..KSDY

TRACK_TIME 1167737286
TRACK A20110117576787 CRJ2 333760 842860 120 30 999 NONE NONE 210
	FP_ROUTE KATL..KCAE

TRACK_TIME 1167737286
TRACK A20110117576792 C550 465700 964900 120 30 999 NONE NONE 170
	FP_ROUTE KFAR..KINL

TRACK_TIME 1167737286
TRACK A20110117576799 B712 194200 1560300 120 30 999 NONE NONE 115
	FP_ROUTE KKOA..KOGG

TRACK_TIME 1167737286
TRACK A20110117576806 C550 483400 932500 120 30 999 NONE NONE 250
	FP_ROUTE KINL..KEAU

TRACK_TIME 1167737286
TRACK A20110117576807 CRJ2 351360 805700 120 30 999 NONE NONE 320
	FP_ROUTE KCLT..KMOB

TRACK_TIME 1167737286
TRACK A20110117576808 C550 445200 912860 120 30 999 NONE NONE 260
	FP_ROUTE KEAU..KFAR

TRACK_TIME 1167737286
TRACK A20110117576811 C560 260400 800760 120 30 999 NONE NONE 50
	FP_ROUTE KFLL..KPBI

TRACK_TIME 1167737286
TRACK A20110117576817 CRJ9 333760 842260 120 30 999 NONE NONE 330
	FP_ROUTE KATL..KPHF

TRACK_TIME 1167737286
TRACK A20110117576822 CRJ9 370760 762860 120 30 999 NONE NONE 340
	FP_ROUTE KPHF..KATL

TRACK_TIME 1167737286
TRACK A20110117576830 A319 445260 931060 120 30 999 NONE NONE 370
	FP_ROUTE KMSP..KBOS

TRACK_TIME 1167737286
TRACK A20110117576832 FA20 325200 965200 120 30 999 NONE NONE 280
	FP_ROUTE KDAL..KLBB

TRACK_TIME 1167737286
TRACK A20110117576834 SF34 443700 732560 120 30 999 NONE NONE 100
	FP_ROUTE KPBG..KBOS

TRACK_TIME 1167737286
TRACK A20110117576835 A319 420000 875260 120 30 999 NONE NONE 370
	FP_ROUTE KORD..KBUF

TRACK_TIME 1167737286
TRACK A20110117576836 C560 333000 883460 120 30 999 NONE NONE 350
	FP_ROUTE KGTR..KELM

TRACK_TIME 1167737286
TRACK A20110117576837 A306 303000 814060 120 30 999 NONE NONE 330
	FP_ROUTE KJAX..KSJU

TRACK_TIME 1167737286
TRACK A20110117576838 E170 333760 842800 120 30 999 NONE NONE 290
	FP_ROUTE KATL..KIAD

TRACK_TIME 1167737286
TRACK A20110117576839 DH8C 395200 751360 120 30 999 NONE NONE 60
	FP_ROUTE KPHL..KEWR

TRACK_TIME 1167737286
TRACK A20110117576843 CRJ2 333900 842800 120 30 999 NONE NONE 300
	FP_ROUTE KATL..KFWA

TRACK_TIME 1167737286
TRACK A20110117576845 B735 324500 1171500 120 30 999 NONE NONE 350
	FP_ROUTE KSAN..KSAT

TRACK_TIME 1167737286
TRACK A20110117576849 CRJ2 333760 842860 120 30 999 NONE NONE 270
	FP_ROUTE KATL..KILM

TRACK_TIME 1167737286
TRACK A20110117576850 SF34 311900 923300 120 30 999 NONE NONE 60
	FP_ROUTE KAEX..KIAH

TRACK_TIME 1167737286
TRACK A20110117576853 DH8A 404500 735100 120 30 999 NONE NONE 120
	FP_ROUTE KLGA..KCHO

TRACK_TIME 1167737286
TRACK A20110117576856 B712 370760 762860 120 30 999 NONE NONE 360
	FP_ROUTE KPHF..KATL

TRACK_TIME 1167737286
TRACK A20110117576859 A320 260460 800760 120 30 999 NONE NONE 370
	FP_ROUTE KFLL..KSWF

TRACK_TIME 1167737286
TRACK A20110117576866 E170 415860 875100 120 30 999 NONE NONE 210
	FP_ROUTE KORD..KIND

TRACK_TIME 1167737286
TRACK A20110117576867 B733 374360 1221600 120 30 999 NONE NONE 370
	FP_ROUTE KOAK..KLAX

TRACK_TIME 1167737286
TRACK A20110117576869 B712 425560 875400 120 30 999 NONE NONE 330
	FP_ROUTE KMKE..KBOS

TRACK_TIME 1167737286
TRACK A20110117576870 B738 295700 951900 120 30 999 NONE NONE 390
	FP_ROUTE KIAH..KBWI

TRACK_TIME 1167737286
TRACK A20110117576876 CRJ2 394200 861900 120 30 999 NONE NONE 230
	FP_ROUTE KIND..KPHL

TRACK_TIME 1167737286
TRACK A20110117576878 MD82 333900 842260 120 30 999 NONE NONE 300
	FP_ROUTE KATL..KDFW

TRACK_TIME 1167737286
TRACK A20110117576881 B735 335560 1182860 120 30 999 NONE NONE 330
	FP_ROUTE KLAX..KPHX

TRACK_TIME 1167737286
TRACK A20110117576882 MD82 325200 970300 120 30 999 NONE NONE 340
	FP_ROUTE KDFW..KTUS

TRACK_TIME 1167737286
TRACK A20110117576883 E170 394300 861600 120 30 999 NONE NONE 350
	FP_ROUTE KIND..KPHL

TRACK_TIME 1167737286
TRACK A20110117576884 CRJ2 333900 842400 120 30 999 NONE NONE 220
	FP_ROUTE KATL..KBTR

TRACK_TIME 1167737286
TRACK A20110117576887 B737 341800 1183400 120 30 999 NONE NONE 370
	FP_ROUTE KVNY..KGPT

TRACK_TIME 1167737286
TRACK A20110117576888 B712 282400 811800 120 30 999 NONE NONE 300
	FP_ROUTE KMCO..KDAY

TRACK_TIME 1167737286
TRACK A20110117576893 B752 333760 842400 120 30 999 NONE NONE 390
	FP_ROUTE KATL..KPBI

TRACK_TIME 1167737286
TRACK A20110117576895 B712 282400 811800 120 30 999 NONE NONE 350
	FP_ROUTE KMCO..KDCA

TRACK_TIME 1167737286
TRACK A20110117576896 CRJ2 333900 842260 120 30 999 NONE NONE 280
	FP_ROUTE KATL..KSDF

TRACK_TIME 1167737286
TRACK A20110117576898 CRJ2 381200 854360 120 30 999 NONE NONE 210
	FP_ROUTE KSDF..KATL

TRACK_TIME 1167737286
TRACK A20110117576902 B733 384360 901800 120 30 999 NONE NONE 50
	FP_ROUTE KSTL..KMDW

TRACK_TIME 1167737286
TRACK A20110117576903 E170 404900 735260 120 30 999 NONE NONE 200
	FP_ROUTE KLGA..KIAD

TRACK_TIME 1167737286
TRACK A20110117576906 B732 711000 1563600 120 30 999 NONE NONE 370
	FP_ROUTE KBRW..KANC

TRACK_TIME 1167737286
TRACK A20110117576909 DH8D 472700 1221900 120 30 999 NONE NONE 190
	FP_ROUTE KSEA..KALW

TRACK_TIME 1167737286
TRACK A20110117576911 CRJ2 421200 832100 120 30 999 NONE NONE 310
	FP_ROUTE KDTW..KMHT

TRACK_TIME 1167737286
TRACK A20110117576915 A319 445400 931500 120 30 999 NONE NONE 360
	FP_ROUTE KMSP..KDFW

TRACK_TIME 1167737286
TRACK A20110117576917 B752 325500 970160 120 30 999 NONE NONE 410
	FP_ROUTE KDFW..KBOS

TRACK_TIME 1167737286
TRACK A20110117576922 B733 335700 1182860 120 30 999 NONE NONE 310
	FP_ROUTE KLAX..KSJC

TRACK_TIME 1167737286
TRACK A20110117576923 B733 372260 1215700 120 30 999 NONE NONE 230
	FP_ROUTE KSJC..KRNO

TRACK_TIME 1167737286
TRACK A20110117576935 E145 425560 875400 120 30 999 NONE NONE 270
	FP_ROUTE KMKE..KCMH

TRACK_TIME 1167737286
TRACK A20110117576936 CRJ9 404900 735200 120 30 999 NONE NONE 380
	FP_ROUTE KLGA..KBHM

TRACK_TIME 1167737286
TRACK A20110117576937 DH8D 473700 1173300 120 30 999 NONE NONE 240
	FP_ROUTE KGEG..KSEA

TRACK_TIME 1167737286
TRACK A20110117576940 E170 400000 825500 120 30 999 NONE NONE 290
	FP_ROUTE KCMH..KPHL

TRACK_TIME 1167737286
TRACK A20110117576942 MD83 385700 773100 120 30 999 NONE NONE 340
	FP_ROUTE KIAD..KDFW

TRACK_TIME 1167737286
TRACK A20110117576943 E145 420160 875560 120 30 999 NONE NONE 120
	FP_ROUTE KORD..KATW

TRACK_TIME 1167737286
TRACK A20110117576947 B738 333760 842860 120 30 999 NONE NONE 120
	FP_ROUTE KATL..KCLT

TRACK_TIME 1167737286
TRACK A20110117576949 E190 422200 705860 120 30 999 NONE NONE 160
	FP_ROUTE KBOS..KLGA

TRACK_TIME 1167737286
TRACK A20110117576953 MD82 404360 735100 120 30 999 NONE NONE 340
	FP_ROUTE KLGA..KDFW

TRACK_TIME 1167737286
TRACK A20110117576956 B737 282500 811800 120 30 999 NONE NONE 390
	FP_ROUTE KMCO..KSDF

TRACK_TIME 1167737286
TRACK A20110117576959 B712 333760 842700 120 30 999 NONE NONE 290
	FP_ROUTE KATL..KBOS

TRACK_TIME 1167737286
TRACK A20110117576965 B753 445100 931360 120 30 999 NONE NONE 370
	FP_ROUTE KMSP..KMCO

TRACK_TIME 1167737286
TRACK A20110117576968 E145 385260 770400 120 30 999 NONE NONE 300
	FP_ROUTE KDCA..KCAE

TRACK_TIME 1167737286
TRACK A20110117576972 B737 381300 854360 120 30 999 NONE NONE 280
	FP_ROUTE KSDF..KMDW

TRACK_TIME 1167737286
TRACK A20110117576973 B737 414600 874360 120 30 999 NONE NONE 380
	FP_ROUTE KMDW..KRNO

TRACK_TIME 1167737286
TRACK A20110117576975 B737 393300 1194660 120 30 999 NONE NONE 200
	FP_ROUTE KRNO..KSJC

TRACK_TIME 1167737286
TRACK A20110117576983 E170 325700 800460 120 30 999 NONE NONE 90
	FP_ROUTE KCHS..KCLT

TRACK_TIME 1167737286
TRACK A20110117576984 B712 280000 823300 120 30 999 NONE NONE 340
	FP_ROUTE KTPA..KDAY

TRACK_TIME 1167737286
TRACK A20110117576985 DH8D 453460 1223700 120 30 999 NONE NONE 230
	FP_ROUTE KPDX..KGEG

TRACK_TIME 1167737286
TRACK A20110117576989 E145 295860 951800 120 30 999 NONE NONE 180
	FP_ROUTE KIAH..KDFW

TRACK_TIME 1167737286
TRACK A20110117576991 B733 390700 764200 120 30 999 NONE NONE 340
	FP_ROUTE KBWI..KECP

TRACK_TIME 1167737286
TRACK A20110117576992 B733 301960 854660 120 30 999 NONE NONE 360
	FP_ROUTE KECP..KHOU

TRACK_TIME 1167737286
TRACK A20110117576995 B737 391000 764300 120 30 999 NONE NONE 400
	FP_ROUTE KBWI..KFLL

TRACK_TIME 1167737286
TRACK A20110117576996 A319 420000 875560 120 30 999 NONE NONE 370
	FP_ROUTE KORD..KALB

TRACK_TIME 1167737286
TRACK A20110117576998 B733 293760 951800 120 30 999 NONE NONE 49
	FP_ROUTE KHOU..KDAL

TRACK_TIME 1167737286
TRACK A20110117577001 B737 390900 764000 120 30 999 NONE NONE 360
	FP_ROUTE KBWI..KBHM

TRACK_TIME 1167737286
TRACK A20110117577002 B737 333300 864660 120 30 999 NONE NONE 380
	FP_ROUTE KBHM..KLAS

TRACK_TIME 1167737286
TRACK A20110117577004 B752 385560 773160 120 30 999 NONE NONE 360
	FP_ROUTE KIAD..KPHX

TRACK_TIME 1167737286
TRACK A20110117577015 BE20 404600 1115800 120 30 999 NONE NONE 240
	FP_ROUTE KSLC..KDXZ

TRACK_TIME 1167737286
TRACK A20110117577016 B738 412260 815500 120 30 999 NONE NONE 360
	FP_ROUTE KCLE..KLAS

TRACK_TIME 1167737286
TRACK A20110117577024 B738 395260 751300 120 30 999 NONE NONE 380
	FP_ROUTE KPHL..KMIA

TRACK_TIME 1167737286
TRACK A20110117577047 B737 393300 1194660 120 30 999 NONE NONE 390
	FP_ROUTE KRNO..KSAN

TRACK_TIME 1167737286
TRACK A20110117577048 B737 384360 901800 120 30 999 NONE NONE 410
	FP_ROUTE KSTL..KPHL

TRACK_TIME 1167737286
TRACK A20110117577050 B738 282500 811900 120 30 999 NONE NONE 360
	FP_ROUTE KMCO..KLAX

TRACK_TIME 1167737286
TRACK A20110117577056 B737 275860 823300 120 30 999 NONE NONE 390
	FP_ROUTE KTPA..KCMH

TRACK_TIME 1167737286
TRACK A20110117577057 MD82 325260 970160 120 30 999 NONE NONE 330
	FP_ROUTE KDFW..KDTW

TRACK_TIME 1167737286
TRACK A20110117577059 B763 254800 801900 120 30 999 NONE NONE 340
	FP_ROUTE KMIA..KLAX

TRACK_TIME 1167737286
TRACK A20110117577062 C560 401360 753100 120 30 999 NONE NONE 260
	FP_ROUTE KPTW..KRDU

TRACK_TIME 1167737286
TRACK A20110117577063 C560 355260 784660 120 30 999 NONE NONE 40
	FP_ROUTE KRDU..KPTW

TRACK_TIME 1167737286
TRACK A20110117577066 E135 302800 871000 120 30 999 NONE NONE 360
	FP_ROUTE KPNS..KDFW

TRACK_TIME 1167737286
TRACK A20110117577069 B737 333400 864500 120 30 999 NONE NONE 330
	FP_ROUTE KBHM..KJAX

TRACK_TIME 1167737286
TRACK A20110117577075 E135 335560 1182700 120 30 999 NONE NONE 360
	FP_ROUTE KLAX..KSJC

TRACK_TIME 1167737286
TRACK A20110117577079 C750 341360 1183000 120 30 999 NONE NONE 50
	FP_ROUTE KVNY..KLAX

TRACK_TIME 1167737286
TRACK A20110117577082 SF34 322560 934900 120 30 999 NONE NONE 99
	FP_ROUTE KSHV..KIAH

TRACK_TIME 1167737286
TRACK A20110117577087 B733 333400 864500 120 30 999 NONE NONE 370
	FP_ROUTE KBHM..KBWI

TRACK_TIME 1167737286
TRACK A20110117577090 B737 333760 1175260 120 30 999 NONE NONE 390
	FP_ROUTE KSNA..KDEN

TRACK_TIME 1167737286
TRACK A20110117577092 B737 414500 874500 120 30 999 NONE NONE 390
	FP_ROUTE KMDW..KALB

TRACK_TIME 1167737286
TRACK A20110117577103 CRJ2 421300 832200 120 30 999 NONE NONE 290
	FP_ROUTE KDTW..KBGM

TRACK_TIME 1167737286
TRACK A20110117577104 B737 295800 952100 120 30 999 NONE NONE 390
	FP_ROUTE KIAH..KDTW

TRACK_TIME 1167737286
TRACK A20110117577114 A319 404800 735200 120 30 999 NONE NONE 101
	FP_ROUTE KLGA..KDCA

TRACK_TIME 1167737286
TRACK A20110117577117 B733 295700 952100 120 30 999 NONE NONE 280
	FP_ROUTE KIAH..KPHX

TRACK_TIME 1167737286
TRACK A20110117577120 A320 335100 1181060 120 30 999 NONE NONE 300
	FP_ROUTE KLGB..KOAK

TRACK_TIME 1167737286
TRACK A20110117577123 SF34 295700 952100 120 30 999 NONE NONE 120
	FP_ROUTE KIAH..KTYR

TRACK_TIME 1167737286
TRACK A20110117577126 BE20 421200 711060 120 30 999 NONE NONE 86
	FP_ROUTE KOWD..KFRG

TRACK_TIME 1167737286
TRACK A20110117577129 B737 360600 1150900 120 30 999 NONE NONE 370
	FP_ROUTE KLAS..KTPA

TRACK_TIME 1167737286
TRACK A20110117577136 C750 332560 1120400 120 30 999 NONE NONE 370
	FP_ROUTE KPHX..KAPA

TRACK_TIME 1167737286
TRACK A20110117577138 B737 414660 874900 120 30 999 NONE NONE 410
	FP_ROUTE KMDW..KRDU

TRACK_TIME 1167737286
TRACK A20110117577147 B753 445100 931360 120 30 999 NONE NONE 230
	FP_ROUTE KMSP..KDTW

TRACK_TIME 1167737286
TRACK A20110117577148 B737 333700 843000 120 30 999 NONE NONE 390
	FP_ROUTE KATL..KPHL

TRACK_TIME 1167737286
TRACK A20110117577149 CRJ1 433100 840600 120 30 999 NONE NONE 120
	FP_ROUTE KMBS..KDTW

TRACK_TIME 1167737286
TRACK A20110117577151 C510 341000 1182260 120 30 999 NONE NONE 140
	FP_ROUTE KBUR..KSFO

TRACK_TIME 1167737286
TRACK A20110117577152 C510 373760 1222100 120 30 999 NONE NONE 50
	FP_ROUTE KSFO..KCCR

TRACK_TIME 1167737286
TRACK A20110117577153 C510 380000 1221000 120 30 999 NONE NONE 40
	FP_ROUTE KSUU..KOAK

TRACK_TIME 1167737286
TRACK A20110117577156 CRJ2 394500 1043760 120 30 999 NONE NONE 121
	FP_ROUTE KDEN..KCOS

TRACK_TIME 1167737286
TRACK A20110117577157 B737 350160 1063460 120 30 999 NONE NONE 250
	FP_ROUTE KABQ..KDEN

TRACK_TIME 1167737286
TRACK A20110117577158 B737 394900 1043760 120 30 999 NONE NONE 310
	FP_ROUTE KDEN..KMSY

TRACK_TIME 1167737286
TRACK A20110117577167 B738 415560 875500 120 30 999 NONE NONE 340
	FP_ROUTE KORD..KLAX

TRACK_TIME 1167737286
TRACK A20110117577170 SF34 385560 773300 120 30 999 NONE NONE 120
	FP_ROUTE KIAD..KCRW

TRACK_TIME 1167737286
TRACK A20110117577176 E135 444800 853100 120 30 999 NONE NONE 100
	FP_ROUTE KTVC..KORD

TRACK_TIME 1167737286
TRACK A20110117577177 B737 360700 1150900 120 30 999 NONE NONE 310
	FP_ROUTE KLAS..KDEN

TRACK_TIME 1167737286
TRACK A20110117577179 E145 401200 764660 120 30 999 NONE NONE 340
	FP_ROUTE KMDT..KORD

TRACK_TIME 1167737286
TRACK A20110117577184 CRJ2 402860 801060 120 30 999 NONE NONE 300
	FP_ROUTE KPIT..KMEM

TRACK_TIME 1167737286
TRACK A20110117577185 E170 293100 982800 120 30 999 NONE NONE 360
	FP_ROUTE KSAT..KDEN

TRACK_TIME 1167737286
TRACK A20110117577194 E145 404360 740700 120 30 999 NONE NONE 200
	FP_ROUTE KEWR..KROC

TRACK_TIME 1167737286
TRACK A20110117577198 B738 385260 770400 120 30 999 NONE NONE 400
	FP_ROUTE KDCA..KORD

TRACK_TIME 1167737286
TRACK A20110117577202 CRJ2 395400 751500 120 30 999 NONE NONE 300
	FP_ROUTE KPHL..KCAE

TRACK_TIME 1167737286
TRACK A20110117577203 B733 314900 1062200 120 30 999 NONE NONE 310
	FP_ROUTE KELP..KHOU

TRACK_TIME 1167737286
TRACK A20110117577205 C550 334200 1014960 120 30 999 NONE NONE 330
	FP_ROUTE KLBB..KSAT

TRACK_TIME 1167737286
TRACK A20110117577206 C550 293460 982500 120 30 999 NONE NONE 150
	FP_ROUTE KSAT..KSGR

TRACK_TIME 1167737286
TRACK A20110117577208 C550 293760 954000 120 30 999 NONE NONE 400
	FP_ROUTE KSGR..KLBB

TRACK_TIME 1167737286
TRACK A20110117577225 B712 211660 1575260 120 30 999 NONE NONE 130
	FP_ROUTE KHNL..KOGG

TRACK_TIME 1167737286
TRACK A20110117577228 LJ45 413460 812860 120 30 999 NONE NONE 300
	FP_ROUTE KCGF..KMKE

TRACK_TIME 1167737286
TRACK A20110117577229 CRJ2 415800 880100 120 30 999 NONE NONE 340
	FP_ROUTE KORD..KOMA

TRACK_TIME 1167737286
TRACK A20110117577230 A320 334960 1181060 120 30 999 NONE NONE 210
	FP_ROUTE KLGB..KLAS

TRACK_TIME 1167737286
TRACK A20110117577231 E145 385400 770460 120 30 999 NONE NONE 240
	FP_ROUTE KDCA..KSDF

TRACK_TIME 1167737286
TRACK A20110117577232 CRJ2 321500 900160 120 30 999 NONE NONE 310
	FP_ROUTE KJAN..KCLT

TRACK_TIME 1167737286
TRACK A20110117577239 LJ45 421300 832100 120 30 999 NONE NONE 110
	FP_ROUTE KDTW..KCGF

TRACK_TIME 1167737286
TRACK A20110117577242 E120 364660 1194360 120 30 999 NONE NONE 230
	FP_ROUTE KFAT..KLAX

TRACK_TIME 1167737286
TRACK A20110117577247 C560 371360 932400 120 30 999 NONE NONE 390
	FP_ROUTE KSGF..KLUK

TRACK_TIME 1167737286
TRACK A20110117577251 CRJ2 425560 875400 120 30 999 NONE NONE 330
	FP_ROUTE KMKE..KPHL

TRACK_TIME 1167737286
TRACK A20110117577255 A320 453600 1223700 120 30 999 NONE NONE 390
	FP_ROUTE KPDX..KPHX

TRACK_TIME 1167737286
TRACK A20110117577256 B744 403760 735200 120 30 999 NONE NONE 340
	FP_ROUTE KJFK..KSEA

TRACK_TIME 1167737286
TRACK A20110117577260 E190 422200 710100 120 30 999 NONE NONE 380
	FP_ROUTE KBOS..KMCO

TRACK_TIME 1167737286
TRACK A20110117577262 CRJ9 333900 842700 120 30 999 NONE NONE 320
	FP_ROUTE KATL..KDSM

TRACK_TIME 1167737286
TRACK A20110117577263 MD82 404500 735100 120 30 999 NONE NONE 360
	FP_ROUTE KLGA..KDFW

TRACK_TIME 1167737286
TRACK A20110117577267 CRJ2 341200 1114000 120 30 999 NONE NONE 310
	FP_ROUTE KPHX..KDRO

TRACK_TIME 1167737286
TRACK A20110117577272 MD82 360460 864300 120 30 999 NONE NONE 340
	FP_ROUTE KBNA..KDFW

TRACK_TIME 1167737286
TRACK A20110117577273 B738 394660 1043600 120 30 999 NONE NONE 390
	FP_ROUTE KDEN..KCLE

TRACK_TIME 1167737286
TRACK A20110117577289 A320 420000 874800 120 30 999 NONE NONE 390
	FP_ROUTE KORD..KIAD

TRACK_TIME 1167737286
TRACK A20110117577291 B737 400000 825400 120 30 999 NONE NONE 300
	FP_ROUTE KCMH..KMDW

TRACK_TIME 1167737286
TRACK A20110117577292 B737 414660 874900 120 30 999 NONE NONE 230
	FP_ROUTE KMDW..KSDF

TRACK_TIME 1167737286
TRACK A20110117577295 E145 295700 951960 120 30 999 NONE NONE 350
	FP_ROUTE KIAH..KBHM

TRACK_TIME 1167737286
TRACK A20110117577297 CRJ1 380000 844060 120 30 999 NONE NONE 120
	FP_ROUTE KLEX..KDTW

TRACK_TIME 1167737286
TRACK A20110117577298 CRJ9 421200 832100 120 30 999 NONE NONE 370
	FP_ROUTE KDTW..KEWR

TRACK_TIME 1167737286
TRACK A20110117577304 CRJ9 404300 740900 120 30 999 NONE NONE 380
	FP_ROUTE KEWR..KDTW

TRACK_TIME 1167737286
TRACK A20110117577308 DH8A 644600 1480000 120 30 999 NONE NONE 210
	FP_ROUTE KFAI..KANC

TRACK_TIME 1167737286
TRACK A20110117577314 E190 420100 875100 120 30 999 NONE NONE 370
	FP_ROUTE KORD..KBOS

TRACK_TIME 1167737286
TRACK A20110117577315 CRJ2 421200 832100 120 30 999 NONE NONE 230
	FP_ROUTE KDTW..KITH

TRACK_TIME 1167737286
TRACK A20110117577317 B738 295800 952100 120 30 999 NONE NONE 390
	FP_ROUTE KIAH..KMIA

TRACK_TIME 1167737286
TRACK A20110117577322 DH8A 612860 1500100 120 30 999 NONE NONE 200
	FP_ROUTE KANC..KFAI

TRACK_TIME 1167737286
TRACK A20110117577327 E145 295860 951800 120 30 999 NONE NONE 310
	FP_ROUTE KIAH..KCMH

TRACK_TIME 1167737286
TRACK A20110117577329 DH8D 473700 1173300 120 30 999 NONE NONE 240
	FP_ROUTE KGEG..KSEA

TRACK_TIME 1167737286
TRACK A20110117577333 A306 375560 854300 120 30 999 NONE NONE 330
	FP_ROUTE KSDF..KBDL

TRACK_TIME 1167737286
TRACK A20110117577335 E120 364660 1194500 120 30 999 NONE NONE 140
	FP_ROUTE KFAT..KSFO

TRACK_TIME 1167737286
TRACK A20110117577337 SF34 421200 832400 120 30 999 NONE NONE 170
	FP_ROUTE KDTW..KAPN

TRACK_TIME 1167737286
TRACK A20110117577338 CRJ2 404800 735200 120 30 999 NONE NONE 280
	FP_ROUTE KLGA..KRDU

TRACK_TIME 1167737286
TRACK A20110117577343 B712 205500 1562500 120 30 999 NONE NONE 140
	FP_ROUTE KOGG..KHNL

TRACK_TIME 1167737286
TRACK A20110117577346 DH8A 404800 735200 120 30 999 NONE NONE 120
	FP_ROUTE KLGA..KIAD

TRACK_TIME 1167737286
TRACK A20110117577352 CRJ9 351000 805560 120 30 999 NONE NONE 110
	FP_ROUTE KCLT..KFAY

TRACK_TIME 1167737286
TRACK A20110117577355 CRJ2 335560 1182700 120 30 999 NONE NONE 350
	FP_ROUTE KLAX..KSLC

TRACK_TIME 1167737286
TRACK A20110117577356 B737 425500 875400 120 30 999 NONE NONE 400
	FP_ROUTE KMKE..KLAS

TRACK_TIME 1167737286
TRACK A20110117577357 B738 421200 832100 120 30 999 NONE NONE 410
	FP_ROUTE KDTW..KMIA

TRACK_TIME 1167737286
TRACK A20110117577359 B737 332560 1120160 120 30 999 NONE NONE 330
	FP_ROUTE KPHX..KABQ

TRACK_TIME 1167737286
TRACK A20110117577360 B737 350160 1063460 120 30 999 NONE NONE 310
	FP_ROUTE KABQ..KLBB

TRACK_TIME 1167737286
TRACK A20110117577361 DH8D 404300 740760 120 30 999 NONE NONE 170
	FP_ROUTE KEWR..KPWM

TRACK_TIME 1167737286
TRACK A20110117577363 CRJ2 415860 875200 120 30 999 NONE NONE 290
	FP_ROUTE KORD..KCAE

TRACK_TIME 1167737286
TRACK A20110117577366 CRJ2 404900 1115860 120 30 999 NONE NONE 340
	FP_ROUTE KSLC..KLAX

TRACK_TIME 1167737286
TRACK A20110117577367 E145 415860 874960 120 30 999 NONE NONE 270
	FP_ROUTE KORD..KCMH

TRACK_TIME 1167737286
TRACK A20110117577368 B737 374500 1221660 120 30 999 NONE NONE 410
	FP_ROUTE KOAK..KSAN

TRACK_TIME 1167737286
TRACK A20110117577373 E145 421200 832200 120 30 999 NONE NONE 290
	FP_ROUTE KDTW..KEWR

TRACK_TIME 1167737286
TRACK A20110117577374 B737 404660 1115860 120 30 999 NONE NONE 380
	FP_ROUTE KSLC..KBOI

TRACK_TIME 1167737286
TRACK A20110117577376 B738 404300 740900 120 30 999 NONE NONE 360
	FP_ROUTE KEWR..KPHX

TRACK_TIME 1167737286
TRACK A20110117577377 A320 350300 895860 120 30 999 NONE NONE 350
	FP_ROUTE KMEM..KMCO

TRACK_TIME 1167737286
TRACK A20110117577379 B738 334000 843000 120 30 999 NONE NONE 340
	FP_ROUTE KATL..KCVG

TRACK_TIME 1167737286
TRACK A20110117577381 CRJ9 414900 874500 120 30 999 NONE NONE 320
	FP_ROUTE KMDW..KMSP

TRACK_TIME 1167737286
TRACK A20110117577382 E135 415800 875800 120 30 999 NONE NONE 100
	FP_ROUTE KORD..KSDF

TRACK_TIME 1167737286
TRACK A20110117577383 E135 404800 735200 120 30 999 NONE NONE 220
	FP_ROUTE KLGA..KRDU

TRACK_TIME 1167737286
TRACK A20110117577384 E145 404360 740700 120 30 999 NONE NONE 200
	FP_ROUTE KEWR..KDCA

TRACK_TIME 1167737286
TRACK A20110117577393 BE20 371300 932500 120 30 999 NONE NONE 280
	FP_ROUTE KSGF..KANE

TRACK_TIME 1167737286
TRACK A20110117577394 B734 351000 805560 120 30 999 NONE NONE 290
	FP_ROUTE KCLT..KBWI

TRACK_TIME 1167737286
TRACK A20110117577396 E145 303100 813900 120 30 999 NONE NONE 350
	FP_ROUTE KJAX..KEWR

TRACK_TIME 1167737286
TRACK A20110117577397 DH8A 385200 770100 120 30 999 NONE NONE 170
	FP_ROUTE KDCA..KHPN

TRACK_TIME 1167737286
TRACK A20110117577398 E145 385200 770300 120 30 999 NONE NONE 170
	FP_ROUTE KDCA..KEWR

TRACK_TIME 1167737286
TRACK A20110117577404 BE9L 445200 1230000 120 30 999 NONE NONE 50
	FP_ROUTE KSLE..KONP

TRACK_TIME 1167737286
TRACK A20110117577406 BE9L 443000 1240160 120 30 999 NONE NONE 40
	FP_ROUTE KONP..KSLE

TRACK_TIME 1167737286
TRACK A20110117577410 BE20 350700 1015100 120 30 999 NONE NONE 160
	FP_ROUTE KTDW..KMAF

TRACK_TIME 1167737286
TRACK A20110117577413 DH8A 211900 1575260 120 30 999 NONE NONE 90
	FP_ROUTE KHNL..KJHM

TRACK_TIME 1167737286
TRACK A20110117577424 CRJ2 351000 805700 120 30 999 NONE NONE 220
	FP_ROUTE KCLT..KTYS

TRACK_TIME 1167737286
TRACK A20110117577425 B737 302100 854800 120 30 999 NONE NONE 230
	FP_ROUTE KECP..KMCO

TRACK_TIME 1167737286
TRACK A20110117577426 CRJ2 413300 934000 120 30 999 NONE NONE 70
	FP_ROUTE KDSM..KMSP

TRACK_TIME 1167737286
TRACK A20110117577432 B737 314800 1062400 120 30 999 NONE NONE 280
	FP_ROUTE KELP..KPHX

TRACK_TIME 1167737286
TRACK A20110117577436 E145 350100 895800 120 30 999 NONE NONE 250
	FP_ROUTE KMEM..KSDF

TRACK_TIME 1167737286
TRACK A20110117577445 B737 360600 1150900 120 30 999 NONE NONE 330
	FP_ROUTE KLAS..KTUS

TRACK_TIME 1167737286
TRACK A20110117577446 CRJ2 445200 930900 120 30 999 NONE NONE 250
	FP_ROUTE KMSP..KATW

TRACK_TIME 1167737286
TRACK A20110117577453 B737 332560 1120160 120 30 999 NONE NONE 280
	FP_ROUTE KPHX..KLAS

TRACK_TIME 1167737286
TRACK A20110117577470 CRJ9 390160 844000 120 30 999 NONE NONE 320
	FP_ROUTE KCVG..KDFW

TRACK_TIME 1167737286
TRACK A20110117577475 DH8A 211900 1575400 120 30 999 NONE NONE 50
	FP_ROUTE KHNL..KMKK

TRACK_TIME 1167737286
TRACK A20110117577477 B735 341060 1182100 120 30 999 NONE NONE 230
	FP_ROUTE KBUR..KLAS

TRACK_TIME 1167737286
TRACK A20110117577478 B737 360760 1150700 120 30 999 NONE NONE 370
	FP_ROUTE KLAS..KAUS

TRACK_TIME 1167737286
TRACK A20110117577480 B738 325500 970300 120 30 999 NONE NONE 380
	FP_ROUTE KDFW..KSFO

TRACK_TIME 1167737286
TRACK A20110117577486 B739 295800 952100 120 30 999 NONE NONE 40
	FP_ROUTE KIAH..KAUS

TRACK_TIME 1167737286
TRACK A20110117577491 A319 361060 955260 120 30 999 NONE NONE 380
	FP_ROUTE KTUL..KDEN

TRACK_TIME 1167737286
TRACK A20110117577495 E145 420100 875700 120 30 999 NONE NONE 160
	FP_ROUTE KORD..KPIA

TRACK_TIME 1167737286
TRACK A20110117577502 CRJ2 425560 875400 120 30 999 NONE NONE 320
	FP_ROUTE KMKE..KDEN

TRACK_TIME 1167737286
TRACK A20110117577503 B737 453460 1223700 120 30 999 NONE NONE 370
	FP_ROUTE KPDX..KSNA

TRACK_TIME 1167737286
TRACK A20110117577504 SF34 483160 932560 120 30 999 NONE NONE 170
	FP_ROUTE KINL..KMSP

TRACK_TIME 1167737286
TRACK A20110117577507 E190 391000 943300 120 30 999 NONE NONE 350
	FP_ROUTE KMCI..KDCA

TRACK_TIME 1167737286
TRACK A20110117577508 E145 373160 772100 120 30 999 NONE NONE 360
	FP_ROUTE KRIC..KORD

TRACK_TIME 1167737286
TRACK A20110117577517 SF34 430900 931900 120 30 999 NONE NONE 90
	FP_ROUTE KMCW..KMSP

TRACK_TIME 1167737286
TRACK A20110117577518 SF34 444900 931600 120 30 999 NONE NONE 140
	FP_ROUTE KMSP..KFOD

TRACK_TIME 1167737286
TRACK A20110117577524 B712 215860 1591900 120 30 999 NONE NONE 130
	FP_ROUTE KLIH..KHNL

TRACK_TIME 1167737286
TRACK A20110117577530 B733 355500 784500 120 30 999 NONE NONE 230
	FP_ROUTE KRDU..KBWI

TRACK_TIME 1167737286
TRACK A20110117577531 B752 333700 843100 120 30 999 NONE NONE 370
	FP_ROUTE KATL..KMCO

TRACK_TIME 1167737286
TRACK A20110117577536 C560 371200 802260 120 30 999 NONE NONE 70
	FP_ROUTE KBCB..KLWB

TRACK_TIME 1167737286
TRACK A20110117577540 C560 375200 802400 120 30 999 NONE NONE 270
	FP_ROUTE KLWB..KTEB

TRACK_TIME 1167737286
TRACK A20110117577542 CRJ2 421060 832400 120 30 999 NONE NONE 320
	FP_ROUTE KDTW..KFSD

TRACK_TIME 1167737286
TRACK A20110117577543 B739 412260 815260 120 30 999 NONE NONE 380
	FP_ROUTE KCLE..KRSW

TRACK_TIME 1167737286
TRACK A20110117577546 CRJ2 361060 955260 120 30 999 NONE NONE 240
	FP_ROUTE KTUL..KMEM

TRACK_TIME 1167737286
TRACK A20110117577548 CRJ2 350000 895860 120 30 999 NONE NONE 280
	FP_ROUTE KMEM..KDSM

TRACK_TIME 1167737286
TRACK A20110117577549 CRJ2 333900 842800 120 30 999 NONE NONE 290
	FP_ROUTE KATL..KCHO

TRACK_TIME 1167737286
TRACK A20110117577551 CRJ2 393400 1194660 120 30 999 NONE NONE 110
	FP_ROUTE KRNO..KSFO

TRACK_TIME 1167737286
TRACK A20110117577554 CRJ2 363460 1214800 120 30 999 NONE NONE 270
	FP_ROUTE KMRY..KLAX

TRACK_TIME 1167737286
TRACK A20110117577556 CRJ2 394960 1044360 120 30 999 NONE NONE 240
	FP_ROUTE KDEN..KDRO

TRACK_TIME 1167737286
TRACK A20110117577559 B737 400000 825400 120 30 999 NONE NONE 290
	FP_ROUTE KCMH..KBWI

TRACK_TIME 1167737286
TRACK A20110117577560 B737 391000 764300 120 30 999 NONE NONE 250
	FP_ROUTE KBWI..KBDL

TRACK_TIME 1167737286
TRACK A20110117577562 E135 324800 1171960 120 30 999 NONE NONE 100
	FP_ROUTE KSAN..KLAX

TRACK_TIME 1167737286
TRACK A20110117577564 A318 414660 875200 120 30 999 NONE NONE 380
	FP_ROUTE KMDW..KDEN

TRACK_TIME 1167737286
TRACK A20110117577565 E170 395200 751600 120 30 999 NONE NONE 210
	FP_ROUTE KPHL..KPVD

TRACK_TIME 1167737286
TRACK A20110117577571 MD82 325200 970160 120 30 999 NONE NONE 330
	FP_ROUTE KDFW..KBWI

TRACK_TIME 1167737286
TRACK A20110117577575 A320 390160 844000 120 30 999 NONE NONE 270
	FP_ROUTE KCVG..KFLL

TRACK_TIME 1167737286
TRACK A20110117577576 E145 295700 951960 120 30 999 NONE NONE 290
	FP_ROUTE KIAH..KGPT

TRACK_TIME 1167737286
TRACK A20110117577577 B752 422100 710100 120 30 999 NONE NONE 360
	FP_ROUTE KBOS..KMIA

TRACK_TIME 1167737286
TRACK A20110117577584 B712 333900 842260 120 30 999 NONE NONE 360
	FP_ROUTE KATL..KICT

TRACK_TIME 1167737286
TRACK A20110117577585 CRJ1 390300 843900 120 30 999 NONE NONE 210
	FP_ROUTE KCVG..KPIT

TRACK_TIME 1167737286
TRACK A20110117577586 CRJ2 333760 842400 120 30 999 NONE NONE 100
	FP_ROUTE KATL..KAGS

TRACK_TIME 1167737286
TRACK A20110117577587 B712 410460 734300 120 30 999 NONE NONE 320
	FP_ROUTE KHPN..KATL

TRACK_TIME 1167737286
TRACK A20110117577588 MD83 360700 1150900 120 30 999 NONE NONE 310
	FP_ROUTE KLAS..KCPR

TRACK_TIME 1167737286
TRACK A20110117577590 B712 394300 861660 120 30 999 NONE NONE 330
	FP_ROUTE KIND..KLGA

TRACK_TIME 1167737286
TRACK A20110117577592 B737 282500 811800 120 30 999 NONE NONE 390
	FP_ROUTE KMCO..KBOS

TRACK_TIME 1167737286
TRACK A20110117577597 CRJ2 390160 843900 120 30 999 NONE NONE 310
	FP_ROUTE KCVG..KPHL

TRACK_TIME 1167737286
TRACK A20110117577604 A319 263000 814900 120 30 999 NONE NONE 370
	FP_ROUTE KRSW..KLGA

TRACK_TIME 1167737286
TRACK A20110117577608 B712 211900 1575260 120 30 999 NONE NONE 140
	FP_ROUTE KHNL..KLIH

TRACK_TIME 1167737286
TRACK A20110117577610 B737 425560 875400 120 30 999 NONE NONE 390
	FP_ROUTE KMKE..KLGA

TRACK_TIME 1167737286
TRACK A20110117577614 DH8D 394660 1043900 120 30 999 NONE NONE 101
	FP_ROUTE KDEN..KCOS

TRACK_TIME 1167737286
TRACK A20110117577617 B733 333400 864500 120 30 999 NONE NONE 350
	FP_ROUTE KBHM..KMCO

TRACK_TIME 1167737286
TRACK A20110117577622 B737 391060 764200 120 30 999 NONE NONE 230
	FP_ROUTE KBWI..KISP

TRACK_TIME 1167737286
TRACK A20110117577625 CRJ1 350460 895800 120 30 999 NONE NONE 270
	FP_ROUTE KMEM..KLEX

TRACK_TIME 1167737286
TRACK A20110117577626 E190 422200 710100 120 30 999 NONE NONE 380
	FP_ROUTE KBOS..KCLT

TRACK_TIME 1167737286
TRACK A20110117577631 CRJ2 350300 895860 120 30 999 NONE NONE 260
	FP_ROUTE KMEM..KXNA

TRACK_TIME 1167737286
TRACK A20110117577642 E145 351200 805560 120 30 999 NONE NONE 370
	FP_ROUTE KCLT..KEWR

TRACK_TIME 1167737286
TRACK A20110117577650 B737 384000 1213400 120 30 999 NONE NONE 330
	FP_ROUTE KSMF..KLAS

TRACK_TIME 1167737286
TRACK A20110117577651 B737 360700 1150900 120 30 999 NONE NONE 370
	FP_ROUTE KLAS..KCLE

TRACK_TIME 1167737286
TRACK A20110117577652 B737 412400 815200 120 30 999 NONE NONE 380
	FP_ROUTE KCLE..KBNA

TRACK_TIME 1167737286
TRACK A20110117577653 SF34 445260 931000 120 30 999 NONE NONE 190
	FP_ROUTE KMSP..KPIR

TRACK_TIME 1167737286
TRACK A20110117577661 E190 403760 735100 120 30 999 NONE NONE 380
	FP_ROUTE KJFK..KAUS

TRACK_TIME 1167737286
TRACK A20110117577669 E135 415560 875400 120 30 999 NONE NONE 99
	FP_ROUTE KORD..KSDF

TRACK_TIME 1167737286
TRACK A20110117577672 CRJ2 425260 853160 120 30 999 NONE NONE 120
	FP_ROUTE KGRR..KDTW

TRACK_TIME 1167737286
TRACK A20110117577678 E135 380760 854300 120 30 999 NONE NONE 110
	FP_ROUTE KSDF..KORD

TRACK_TIME 1167737286
TRACK A20110117577685 DH8A 425700 784300 120 30 999 NONE NONE 171
	FP_ROUTE KBUF..KLGA

TRACK_TIME 1167737286
TRACK A20110117577689 CRJ2 205500 1562500 120 30 999 NONE NONE 120
	FP_ROUTE KOGG..KHNL

TRACK_TIME 1167737286
TRACK A20110117577690 B737 321660 900400 120 30 999 NONE NONE 360
	FP_ROUTE KJAN..KHOU

TRACK_TIME 1167737286
TRACK A20110117577692 A319 361300 955260 120 30 999 NONE NONE 380
	FP_ROUTE KTUL..KDEN

TRACK_TIME 1167737286
TRACK A20110117577696 E190 324500 1171500 120 30 999 NONE NONE 410
	FP_ROUTE KSAN..KOMA

TRACK_TIME 1167737286
TRACK A20110117577699 E170 395100 1044600 120 30 999 NONE NONE 340
	FP_ROUTE KDEN..KSFO

TRACK_TIME 1167737286
TRACK A20110117577702 CRJ2 350400 900000 120 30 999 NONE NONE 310
	FP_ROUTE KMEM..KMKE

TRACK_TIME 1167737286
TRACK A20110117577706 A320 394960 1044360 120 30 999 NONE NONE 380
	FP_ROUTE KDEN..KSAN

TRACK_TIME 1167737286
TRACK A20110117577708 BE20 610760 1495560 120 30 999 NONE NONE 260
	FP_ROUTE KANC..KDUT

TRACK_TIME 1167737286
TRACK A20110117577709 E170 445100 931360 120 30 999 NONE NONE 370
	FP_ROUTE KMSP..KRIC

TRACK_TIME 1167737286
TRACK A20110117577710 BE20 610400 1471800 120 30 999 NONE NONE 160
	FP_ROUTE KVDZ..KANC

TRACK_TIME 1167737286
TRACK A20110117577711 A320 390300 843900 120 30 999 NONE NONE 370
	FP_ROUTE KCVG..KRSW

TRACK_TIME 1167737286
TRACK A20110117577716 E170 391600 945500 120 30 999 NONE NONE 220
	FP_ROUTE KMCI..KDEN

TRACK_TIME 1167737286
TRACK A20110117577717 E190 394300 1043600 120 30 999 NONE NONE 370
	FP_ROUTE KDEN..KSAT

TRACK_TIME 1167737286
TRACK A20110117577723 CRJ2 333760 841900 120 30 999 NONE NONE 190
	FP_ROUTE KATL..KAGS

TRACK_TIME 1167737286
TRACK A20110117577724 CRJ2 404900 735200 120 30 999 NONE NONE 280
	FP_ROUTE KLGA..KCLT

TRACK_TIME 1167737286
TRACK A20110117577725 CRJ9 390300 844060 120 30 999 NONE NONE 380
	FP_ROUTE KCVG..KDEN

TRACK_TIME 1167737286
TRACK A20110117577729 B737 453600 1223700 120 30 999 NONE NONE 410
	FP_ROUTE KPDX..KSNA

TRACK_TIME 1167737286
TRACK A20110117577731 A319 373760 1222200 120 30 999 NONE NONE 370
	FP_ROUTE KSFO..KSAN

TRACK_TIME 1167737286
TRACK A20110117577734 B737 260460 800760 120 30 999 NONE NONE 390
	FP_ROUTE KFLL..KPHL

TRACK_TIME 1167737286
TRACK A20110117577735 DH8D 433300 1161200 120 30 999 NONE NONE 240
	FP_ROUTE KBOI..KSEA

TRACK_TIME 1167737286
TRACK A20110117577736 B764 414360 712500 120 30 999 NONE NONE 161
	FP_ROUTE KPVD..KEWR

TRACK_TIME 1167737286
TRACK A20110117577737 DH8A 370760 762860 120 30 999 NONE NONE 40
	FP_ROUTE KPHF..KPHL

TRACK_TIME 1167737286
TRACK A20110117577738 B737 394900 1044300 120 30 999 NONE NONE 400
	FP_ROUTE KDEN..KSEA

TRACK_TIME 1167737286
TRACK A20110117577739 A320 332560 1120160 120 30 999 NONE NONE 280
	FP_ROUTE KPHX..KSAN

TRACK_TIME 1167737286
TRACK A20110117577740 B737 395260 751360 120 30 999 NONE NONE 230
	FP_ROUTE KPHL..KBOS

TRACK_TIME 1167737286
TRACK A20110117577741 B737 422200 705800 120 30 999 NONE NONE 340
	FP_ROUTE KBOS..KBWI

TRACK_TIME 1167737286
TRACK A20110117577742 CRJ2 194200 1560400 120 30 999 NONE NONE 40
	FP_ROUTE KKOA..KHNL

TRACK_TIME 1167737286
TRACK A20110117577744 A319 391060 764500 120 30 999 NONE NONE 379
	FP_ROUTE KBWI..KMSP

TRACK_TIME 1167737286
TRACK A20110117577745 A319 445260 931000 120 30 999 NONE NONE 240
	FP_ROUTE KMSP..KFAR

TRACK_TIME 1167737286
TRACK A20110117577748 BE20 444900 932560 120 30 999 NONE NONE 260
	FP_ROUTE KFCM..KMOT

TRACK_TIME 1167737286
TRACK A20110117577751 B752 333700 842860 120 30 999 NONE NONE 390
	FP_ROUTE KATL..KLGA

TRACK_TIME 1167737286
TRACK A20110117577752 A319 333900 842800 120 30 999 NONE NONE 340
	FP_ROUTE KATL..KIAH

TRACK_TIME 1167737286
TRACK A20110117577759 E190 360900 864000 120 30 999 NONE NONE 360
	FP_ROUTE KBNA..KDEN

TRACK_TIME 1167737286
TRACK A20110117577761 E170 404800 735200 120 30 999 NONE NONE 200
	FP_ROUTE KLGA..KIAD

TRACK_TIME 1167737286
TRACK A20110117577770 E145 295800 951960 120 30 999 NONE NONE 350
	FP_ROUTE KIAH..KHSV

TRACK_TIME 1167737286
TRACK A20110117577773 AT72 325260 970300 120 30 999 NONE NONE 99
	FP_ROUTE KDFW..KGRK

TRACK_TIME 1167737286
TRACK A20110117577777 B737 360760 864060 120 30 999 NONE NONE 120
	FP_ROUTE KBNA..KDTW

TRACK_TIME 1167737286
TRACK A20110117577779 B735 365400 761200 120 30 999 NONE NONE 160
	FP_ROUTE KORF..KBWI

TRACK_TIME 1167737286
TRACK A20110117577780 B712 404960 735200 120 30 999 NONE NONE 340
	FP_ROUTE KLGA..KCAK

TRACK_TIME 1167737286
TRACK A20110117577781 MD83 381660 1043460 120 30 999 NONE NONE 340
	FP_ROUTE KPUB..KLAS

TRACK_TIME 1167737286
TRACK A20110117577785 B735 391060 764360 120 30 999 NONE NONE 300
	FP_ROUTE KBWI..KCLE

TRACK_TIME 1167737286
TRACK A20110117577796 DH8A 210900 1570400 120 30 999 NONE NONE 35
	FP_ROUTE KMKK..KJHM

TRACK_TIME 1167737286
TRACK A20110117577809 E190 384360 901660 120 30 999 NONE NONE 360
	FP_ROUTE KSTL..KDEN

TRACK_TIME 1167737286
TRACK A20110117577811 E190 394960 1044660 120 30 999 NONE NONE 360
	FP_ROUTE KDEN..KPHX

TRACK_TIME 1167737286
TRACK A20110117577821 A319 350400 895800 120 30 999 NONE NONE 89
	FP_ROUTE KMEM..KSTL

TRACK_TIME 1167737286
TRACK A20110117577823 B737 360760 863900 120 30 999 NONE NONE 390
	FP_ROUTE KBNA..KFLL

TRACK_TIME 1167737286
TRACK A20110117577825 B738 295700 952100 120 30 999 NONE NONE 360
	FP_ROUTE KIAH..KLAX

TRACK_TIME 1167737286
TRACK A20110117577827 A320 404500 740700 120 30 999 NONE NONE 380
	FP_ROUTE KEWR..KORD

TRACK_TIME 1167737286
TRACK A20110117577828 A320 395100 1044500 120 30 999 NONE NONE 340
	FP_ROUTE KDEN..KPDX

TRACK_TIME 1167737286
TRACK A20110117577831 DH8D 472260 1201600 120 30 999 NONE NONE 140
	FP_ROUTE KEAT..KSEA

TRACK_TIME 1167737286
TRACK A20110117577832 E170 404300 740760 120 30 999 NONE NONE 360
	FP_ROUTE KEWR..KIND

TRACK_TIME 1167737286
TRACK A20110117577835 B763 280000 823300 120 30 999 NONE NONE 380
	FP_ROUTE KTPA..KORD

TRACK_TIME 1167737286
TRACK A20110117577837 MD83 325500 970160 120 30 999 NONE NONE 290
	FP_ROUTE KDFW..KBWI

TRACK_TIME 1167737286
TRACK A20110117577838 B752 445100 931300 120 30 999 NONE NONE 390
	FP_ROUTE KMSP..KDTW

TRACK_TIME 1167737286
TRACK A20110117577841 B733 325200 965200 120 30 999 NONE NONE 270
	FP_ROUTE KDAL..KLIT

TRACK_TIME 1167737286
TRACK A20110117577843 B733 394660 1043900 120 30 999 NONE NONE 350
	FP_ROUTE KDEN..KHOU

TRACK_TIME 1167737286
TRACK A20110117577849 CRJ9 355400 784600 120 30 999 NONE NONE 270
	FP_ROUTE KRDU..KLGA

TRACK_TIME 1167737286
TRACK A20110117577851 CRJ2 294060 821500 120 30 999 NONE NONE 121
	FP_ROUTE KGNV..KCLT

TRACK_TIME 1167737286
TRACK A20110117577886 E120 351500 1203900 120 30 999 NONE NONE 260
	FP_ROUTE KSBP..KACV

TRACK_TIME 1167737286
TRACK A20110117577887 CRJ2 333400 864500 120 30 999 NONE NONE 160
	FP_ROUTE KBHM..KMEM

TRACK_TIME 1167737286
TRACK A20110117577889 CRJ2 350100 895800 120 30 999 NONE NONE 290
	FP_ROUTE KMEM..KIND

TRACK_TIME 1167737286
TRACK A20110117577906 B738 293100 982800 120 30 999 NONE NONE 71
	FP_ROUTE KSAT..KIAH

TRACK_TIME 1167737286
TRACK A20110117577907 E145 390300 844200 120 30 999 NONE NONE 340
	FP_ROUTE KCVG..KDFW

TRACK_TIME 1167737286
TRACK A20110117577911 B737 301500 974300 120 30 999 NONE NONE 240
	FP_ROUTE KAUS..KELP

TRACK_TIME 1167737286
TRACK A20110117577912 B737 414600 874600 120 30 999 NONE NONE 260
	FP_ROUTE KMDW..KSTL

TRACK_TIME 1167737286
TRACK A20110117577913 E145 420000 875700 120 30 999 NONE NONE 280
	FP_ROUTE KORD..KDSM

TRACK_TIME 1167737286
TRACK A20110117577916 CRJ9 341800 775200 120 30 999 NONE NONE 110
	FP_ROUTE KILM..KCLT

TRACK_TIME 1167737286
TRACK A20110117577918 CRJ2 333900 842800 120 30 999 NONE NONE 180
	FP_ROUTE KATL..KHSV

TRACK_TIME 1167737286
TRACK A20110117577921 B737 325260 965260 120 30 999 NONE NONE 410
	FP_ROUTE KDAL..KMSY

TRACK_TIME 1167737286
TRACK A20110117577924 B738 420000 875560 120 30 999 NONE NONE 400
	FP_ROUTE KORD..KLAX

TRACK_TIME 1167737286
TRACK A20110117577925 B738 420100 875700 120 30 999 NONE NONE 340
	FP_ROUTE KORD..KLAS

TRACK_TIME 1167737286
TRACK A20110117577931 A321 395260 751300 120 30 999 NONE NONE 340
	FP_ROUTE KPHL..KTPA

TRACK_TIME 1167737286
TRACK A20110117577932 B752 335560 1182700 120 30 999 NONE NONE 299
	FP_ROUTE KLAX..KOGG

TRACK_TIME 1167737286
TRACK A20110117577935 BE9L 211900 1575260 120 30 999 NONE NONE 90
	FP_ROUTE KHNL..KOGG

TRACK_TIME 1167737286
TRACK A20110117577936 BE9L 205400 1562500 120 30 999 NONE NONE 100
	FP_ROUTE KOGG..KHNL

TRACK_TIME 1167737286
TRACK A20110117577938 MD83 361800 941900 120 30 999 NONE NONE 320
	FP_ROUTE KXNA..KIWA

TRACK_TIME 1167737286
TRACK A20110117577939 DH8A 404600 735100 120 30 999 NONE NONE 120
	FP_ROUTE KLGA..KSYR

TRACK_TIME 1167737286
TRACK A20110117577945 E135 425500 875400 120 30 999 NONE NONE 330
	FP_ROUTE KMKE..KBNA

TRACK_TIME 1167737286
TRACK A20110117577946 BE9L 211660 1575560 120 30 999 NONE NONE 90
	FP_ROUTE KHNL..KOGG

TRACK_TIME 1167737286
TRACK A20110117577949 B752 394360 1043460 120 30 999 NONE NONE 370
	FP_ROUTE KDEN..KEWR

TRACK_TIME 1167737286
TRACK A20110117577951 DH8A 351300 805560 120 30 999 NONE NONE 170
	FP_ROUTE KCLT..KEWN

TRACK_TIME 1167737286
TRACK A20110117577952 E145 412260 815400 120 30 999 NONE NONE 300
	FP_ROUTE KCLE..KSTL

TRACK_TIME 1167737286
TRACK A20110117577953 E145 384300 901500 120 30 999 NONE NONE 360
	FP_ROUTE KSTL..KIAH

TRACK_TIME 1167737286
TRACK A20110117577957 B735 404300 740900 120 30 999 NONE NONE 320
	FP_ROUTE KEWR..KMSY

TRACK_TIME 1167737286
TRACK A20110117577959 CRJ2 333900 842800 120 30 999 NONE NONE 230
	FP_ROUTE KATL..KTLH

TRACK_TIME 1167737286
TRACK A20110117577960 DH8D 472500 1221800 120 30 999 NONE NONE 170
	FP_ROUTE KSEA..KPDX

TRACK_TIME 1167737286
TRACK A20110117577963 B737 414660 874300 120 30 999 NONE NONE 410
	FP_ROUTE KMDW..KIAD

TRACK_TIME 1167737286
TRACK A20110117577964 BE9L 205560 1562500 120 30 999 NONE NONE 80
	FP_ROUTE KOGG..KHNL

TRACK_TIME 1167737286
TRACK A20110117577967 BE9L 205560 1562560 120 30 999 NONE NONE 100
	FP_ROUTE KOGG..KHNL

TRACK_TIME 1167737286
TRACK A20110117577968 B738 254800 801500 120 30 999 NONE NONE 370
	FP_ROUTE KMIA..KDCA

TRACK_TIME 1167737286
TRACK A20110117577981 A319 394960 1044360 120 30 999 NONE NONE 380
	FP_ROUTE KDEN..KSAN

TRACK_TIME 1167737286
TRACK A20110117577984 E190 410600 734500 120 30 999 NONE NONE 360
	FP_ROUTE KHPN..KFLL

TRACK_TIME 1167737286
TRACK A20110117577988 C550 350460 922200 120 30 999 NONE NONE 17
	FP_ROUTE KCWS..KLIT

TRACK_TIME 1167737286
TRACK A20110117577991 A320 263700 814360 120 30 999 NONE NONE 370
	FP_ROUTE KRSW..KCLE

TRACK_TIME 1167737286
TRACK A20110117577992 A319 394960 1044500 120 30 999 NONE NONE 380
	FP_ROUTE KDEN..KLAS

TRACK_TIME 1167737286
TRACK A20110117577997 B733 293760 951600 120 30 999 NONE NONE 330
	FP_ROUTE KHOU..KSTL

TRACK_TIME 1167737286
TRACK A20110117578004 CRJ2 421060 832260 120 30 999 NONE NONE 200
	FP_ROUTE KDTW..KIND

TRACK_TIME 1167737286
TRACK A20110117578005 B737 333760 842700 120 30 999 NONE NONE 230
	FP_ROUTE KATL..KSAV

TRACK_TIME 1167737286
TRACK A20110117578012 B712 194200 1560300 120 30 999 NONE NONE 220
	FP_ROUTE KKOA..KHNL

TRACK_TIME 1167737286
TRACK A20110117578033 B738 282700 811960 120 30 999 NONE NONE 359
	FP_ROUTE KMCO..KIAH

TRACK_TIME 1167737286
TRACK A20110117578035 MD82 325700 970300 120 30 999 NONE NONE 240
	FP_ROUTE KDFW..KCOS

TRACK_TIME 1167737286
TRACK A20110117578036 MD82 325500 970160 120 30 999 NONE NONE 350
	FP_ROUTE KDFW..KIAD

TRACK_TIME 1167737286
TRACK A20110117578038 E145 415800 875800 120 30 999 NONE NONE 330
	FP_ROUTE KORD..KBNA

TRACK_TIME 1167737286
TRACK A20110117578039 MD83 373760 972700 120 30 999 NONE NONE 280
	FP_ROUTE KICT..KDFW

TRACK_TIME 1167737286
TRACK A20110117578041 E190 282400 811800 120 30 999 NONE NONE 370
	FP_ROUTE KMCO..KEWR

TRACK_TIME 1167737286
TRACK A20110117578042 B752 333600 843160 120 30 999 NONE NONE 390
	FP_ROUTE KATL..KLGA

TRACK_TIME 1167737286
TRACK A20110117578046 A306 394800 1044300 120 30 999 NONE NONE 360
	FP_ROUTE KDEN..KBUR

TRACK_TIME 1167737286
TRACK A20110117578049 A321 332560 1120160 120 30 999 NONE NONE 280
	FP_ROUTE KPHX..KSAN

TRACK_TIME 1167737286
TRACK A20110117578050 E145 412500 814960 120 30 999 NONE NONE 290
	FP_ROUTE KCLE..KMHT

TRACK_TIME 1167737286
TRACK A20110117578051 B752 182800 655800 120 30 999 NONE NONE 360
	FP_ROUTE KSJU..KORD

TRACK_TIME 1167737286
TRACK A20110117578052 B734 303000 814000 120 30 999 NONE NONE 91
	FP_ROUTE KJAX..KCLT

TRACK_TIME 1167737286
TRACK A20110117578056 MD83 325260 970300 120 30 999 NONE NONE 340
	FP_ROUTE KDFW..KSAN

TRACK_TIME 1167737286
TRACK A20110117578065 A320 350460 895800 120 30 999 NONE NONE 330
	FP_ROUTE KMEM..KLGA

TRACK_TIME 1167737286
TRACK A20110117578071 E145 390300 844060 120 30 999 NONE NONE 110
	FP_ROUTE KCVG..KORD

TRACK_TIME 1167737286
TRACK A20110117578072 E120 404660 1120000 120 30 999 NONE NONE 250
	FP_ROUTE KSLC..KCOD

TRACK_TIME 1167737286
TRACK A20110117578075 B737 374360 1221660 120 30 999 NONE NONE 410
	FP_ROUTE KOAK..KPHX

TRACK_TIME 1167737286
TRACK A20110117578076 DH8D 462100 1170300 120 30 999 NONE NONE 210
	FP_ROUTE KLWS..KBOI

TRACK_TIME 1167737286
TRACK A20110117578078 B737 332560 1120160 120 30 999 NONE NONE 370
	FP_ROUTE KPHX..KBWI

TRACK_TIME 1167737286
TRACK A20110117578079 B734 642860 1651960 120 30 999 NONE NONE 350
	FP_ROUTE KOME..KANC

TRACK_TIME 1167737286
TRACK A20110117578080 B737 414900 874360 120 30 999 NONE NONE 330
	FP_ROUTE KMDW..KCLE

TRACK_TIME 1167737286
TRACK A20110117578084 E145 295700 952100 120 30 999 NONE NONE 260
	FP_ROUTE KIAH..KMAF

TRACK_TIME 1167737286
TRACK A20110117578088 B733 335700 1182700 120 30 999 NONE NONE 360
	FP_ROUTE KLAX..KSJC

TRACK_TIME 1167737286
TRACK A20110117578089 B737 390900 764000 120 30 999 NONE NONE 380
	FP_ROUTE KBWI..KMDW

TRACK_TIME 1167737286
TRACK A20110117578090 BE20 321200 1022800 120 30 999 NONE NONE 230
	FP_ROUTE KE11..KDRT

TRACK_TIME 1167737286
TRACK A20110117578091 BE20 292500 1005560 120 30 999 NONE NONE 271
	FP_ROUTE KDRT..KCXO

TRACK_TIME 1167737286
TRACK A20110117578092 BE20 301960 952400 120 30 999 NONE NONE 261
	FP_ROUTE KCXO..KDRT

TRACK_TIME 1167737286
TRACK A20110117578093 A321 282560 811800 120 30 999 NONE NONE 270
	FP_ROUTE KMCO..KPHL

TRACK_TIME 1167737286
TRACK A20110117578094 A319 351060 805560 120 30 999 NONE NONE 270
	FP_ROUTE KCLT..KDCA

TRACK_TIME 1167737286
TRACK A20110117578095 B737 333700 1175400 120 30 999 NONE NONE 380
	FP_ROUTE KSNA..KSJC

TRACK_TIME 1167737286
TRACK A20110117578096 E145 411800 955400 120 30 999 NONE NONE 360
	FP_ROUTE KOMA..KIAH

TRACK_TIME 1167737286
TRACK A20110117578101 LJ45 423400 922400 120 30 999 NONE NONE 130
	FP_ROUTE KALO..KMLI

TRACK_TIME 1167737286
TRACK A20110117578106 E145 295800 952100 120 30 999 NONE NONE 190
	FP_ROUTE KIAH..KLFT

TRACK_TIME 1167737286
TRACK A20110117578112 E145 420000 874660 120 30 999 NONE NONE 153
	FP_ROUTE KORD..KAZO

TRACK_TIME 1167737286
TRACK A20110117578116 DH8D 472560 1221900 120 30 999 NONE NONE 190
	FP_ROUTE KSEA..KRDM

TRACK_TIME 1167737286
TRACK A20110117578118 CRJ2 404960 735260 120 30 999 NONE NONE 300
	FP_ROUTE KLGA..KLEX

TRACK_TIME 1167737286
TRACK A20110117578119 E190 422200 710100 120 30 999 NONE NONE 161
	FP_ROUTE KBOS..KLGA

TRACK_TIME 1167737286
TRACK A20110117578121 A319 390160 844000 120 30 999 NONE NONE 310
	FP_ROUTE KCVG..KATL

TRACK_TIME 1167737286
TRACK A20110117578123 MD82 293100 982800 120 30 999 NONE NONE 190
	FP_ROUTE KSAT..KDFW

TRACK_TIME 1167737286
TRACK A20110117578125 MD82 324960 970100 120 30 999 NONE NONE 330
	FP_ROUTE KDFW..KSTL

TRACK_TIME 1167737286
TRACK A20110117578126 CRJ2 425500 852800 120 30 999 NONE NONE 280
	FP_ROUTE KGRR..KMSP

TRACK_TIME 1167737286
TRACK A20110117578127 CRJ2 354660 840160 120 30 999 NONE NONE 270
	FP_ROUTE KTYS..KDTW

TRACK_TIME 1167737286
TRACK A20110117578129 B712 391000 764500 120 30 999 NONE NONE 300
	FP_ROUTE KBWI..KHSV

TRACK_TIME 1167737286
TRACK A20110117578132 MD83 325200 970300 120 30 999 NONE NONE 300
	FP_ROUTE KDFW..KSMF

TRACK_TIME 1167737286
TRACK A20110117578135 CRJ2 333760 842860 120 30 999 NONE NONE 270
	FP_ROUTE KATL..KGNV

TRACK_TIME 1167737286
TRACK A20110117578137 CRJ2 421200 832100 120 30 999 NONE NONE 130
	FP_ROUTE KDTW..KCAK

TRACK_TIME 1167737286
TRACK A20110117578141 E170 385560 773160 120 30 999 NONE NONE 240
	FP_ROUTE KIAD..KCMH

TRACK_TIME 1167737286
TRACK A20110117578150 A320 351060 805700 120 30 999 NONE NONE 360
	FP_ROUTE KCLT..KMCI

TRACK_TIME 1167737286
TRACK A20110117578151 B738 334000 843000 120 30 999 NONE NONE 300
	FP_ROUTE KATL..KIND

TRACK_TIME 1167737286
TRACK A20110117578152 DH8C 395400 751360 120 30 999 NONE NONE 40
	FP_ROUTE KPHL..KABE

TRACK_TIME 1167737286
TRACK A20110117578153 C560 323460 1004960 120 30 999 NONE NONE 310
	FP_ROUTE KSNK..KHOU

TRACK_TIME 1167737286
TRACK A20110117578158 E170 404600 1115860 120 30 999 NONE NONE 330
	FP_ROUTE KSLC..KDEN

TRACK_TIME 1167737286
TRACK A20110117578160 SF34 445500 931060 120 30 999 NONE NONE 159
	FP_ROUTE KMSP..KJMS

TRACK_TIME 1167737286
TRACK A20110117578161 SF34 465560 983600 120 30 999 NONE NONE 80
	FP_ROUTE KJMS..KDVL

TRACK_TIME 1167737286
TRACK A20110117578163 F2TH 405500 740160 120 30 999 NONE NONE 100
	FP_ROUTE KTEB..KBDL

TRACK_TIME 1167737286
TRACK A20110117578165 CRJ2 351200 805560 120 30 999 NONE NONE 230
	FP_ROUTE KCLT..KPHF

TRACK_TIME 1167737286
TRACK A20110117578166 B752 394900 1044060 120 30 999 NONE NONE 380
	FP_ROUTE KDEN..KSAN

TRACK_TIME 1167737286
TRACK A20110117578168 F2TH 445500 930160 120 30 999 NONE NONE 410
	FP_ROUTE KSTP..KTEB

TRACK_TIME 1167737286
TRACK A20110117578170 B738 333900 842800 120 30 999 NONE NONE 359
	FP_ROUTE KATL..KMEM

TRACK_TIME 1167737286
TRACK A20110117578174 B752 415700 875100 120 30 999 NONE NONE 390
	FP_ROUTE KORD..KMCO

TRACK_TIME 1167737286
TRACK A20110117578179 DH8C 351200 805700 120 30 999 NONE NONE 220
	FP_ROUTE KCLT..KHTS

TRACK_TIME 1167737286
TRACK A20110117578180 A319 394360 751000 120 30 999 NONE NONE 290
	FP_ROUTE KCLT..KPHL

TRACK_TIME 1167737286
TRACK A20110117578181 E135 425560 875400 120 30 999 NONE NONE 280
	FP_ROUTE KMKE..KDSM

TRACK_TIME 1167737286
TRACK A20110117578183 B737 420900 935860 120 30 999 NONE NONE 390
	FP_ROUTE KDEN..KDTW

TRACK_TIME 1167737286
TRACK A20110117578188 A320 394960 1044660 120 30 999 NONE NONE 360
	FP_ROUTE KDEN..KRNO

TRACK_TIME 1167737286
TRACK A20110117578190 E135 293900 951800 120 30 999 NONE NONE 200
	FP_ROUTE KHOU..KDFW

TRACK_TIME 1167737286
TRACK A20110117578191 A319 373760 1222100 120 30 999 NONE NONE 350
	FP_ROUTE KSFO..KPHL

TRACK_TIME 1167737286
TRACK A20110117578194 B752 420000 875560 120 30 999 NONE NONE 380
	FP_ROUTE KORD..KSNA

TRACK_TIME 1167737286
TRACK A20110117578196 DH8A 215860 1591900 120 30 999 NONE NONE 130
	FP_ROUTE KLIH..KOGG

TRACK_TIME 1167737286
TRACK A20110117578197 B752 333600 843000 120 30 999 NONE NONE 390
	FP_ROUTE KATL..KPHL

TRACK_TIME 1167737286
TRACK A20110117578198 MD82 325260 970160 120 30 999 NONE NONE 350
	FP_ROUTE KDFW..KATL

TRACK_TIME 1167737286
TRACK A20110117578199 A319 350100 900000 120 30 999 NONE NONE 370
	FP_ROUTE KMEM..KTPA

TRACK_TIME 1167737286
TRACK A20110117578201 BE9L 360600 1094300 120 30 999 NONE NONE 140
	FP_ROUTE KE91..KT03

TRACK_TIME 1167737286
TRACK A20110117578205 B752 333600 843160 120 30 999 NONE NONE 280
	FP_ROUTE KATL..KJAX

TRACK_TIME 1167737286
TRACK A20110117578210 A320 394200 861960 120 30 999 NONE NONE 360
	FP_ROUTE KIND..KLAX

TRACK_TIME 1167737286
TRACK A20110117578213 DH8D 473700 1173160 120 30 999 NONE NONE 240
	FP_ROUTE KGEG..KSEA

TRACK_TIME 1167737286
TRACK A20110117578215 CRJ2 370760 762860 120 30 999 NONE NONE 240
	FP_ROUTE KPHF..KCLT

TRACK_TIME 1167737286
TRACK A20110117578217 CL60 410460 734500 120 30 999 NONE NONE 400
	FP_ROUTE KHPN..KLIT

TRACK_TIME 1167737286
TRACK A20110117578219 B742 415800 875200 120 30 999 NONE NONE 370
	FP_ROUTE KORD..KMIA

TRACK_TIME 1167737286
TRACK A20110117578222 DH8A 395500 751500 120 30 999 NONE NONE 41
	FP_ROUTE KPHL..KHPN

TRACK_TIME 1167737286
TRACK A20110117578223 C750 335500 1182860 120 30 999 NONE NONE 300
	FP_ROUTE KLAX..KSJC

TRACK_TIME 1167737286
TRACK A20110117578225 B737 360600 1150900 120 30 999 NONE NONE 320
	FP_ROUTE KLAS..KSJC

TRACK_TIME 1167737286
TRACK A20110117578228 B737 472560 1221900 120 30 999 NONE NONE 410
	FP_ROUTE KSEA..KSNA

TRACK_TIME 1167737286
TRACK A20110117578236 B737 453600 1223760 120 30 999 NONE NONE 350
	FP_ROUTE KPDX..KBOI

TRACK_TIME 1167737286
TRACK A20110117578242 E135 335560 1182700 120 30 999 NONE NONE 100
	FP_ROUTE KLAX..KSBA

TRACK_TIME 1167737286
TRACK A20110117578244 E190 403760 735100 120 30 999 NONE NONE 320
	FP_ROUTE KJFK..KCLT

TRACK_TIME 1167737286
TRACK A20110117578245 B733 395260 751300 120 30 999 NONE NONE 340
	FP_ROUTE KPHL..KTPA

TRACK_TIME 1167737286
TRACK A20110117578246 B752 333760 842100 120 30 999 NONE NONE 390
	FP_ROUTE KATL..KJFK

TRACK_TIME 1167737286
TRACK A20110117578247 C560 303400 910700 120 30 999 NONE NONE 240
	FP_ROUTE KBTR..KDAL

TRACK_TIME 1167737286
TRACK A20110117578248 B733 341060 1182100 120 30 999 NONE NONE 340
	FP_ROUTE KBUR..KOAK

TRACK_TIME 1167737286
TRACK A20110117578250 A319 260400 800900 120 30 999 NONE NONE 260
	FP_ROUTE KFLL..KTPA

TRACK_TIME 1167737286
TRACK A20110117578253 B712 194200 1560300 120 30 999 NONE NONE 180
	FP_ROUTE KKOA..KHNL

TRACK_TIME 1167737286
TRACK A20110117578261 SF34 551500 1625800 120 30 999 NONE NONE 159
	FP_ROUTE KCDB..KDUT

TRACK_TIME 1167737286
TRACK A20110117578262 A320 373900 1222100 120 30 999 NONE NONE 360
	FP_ROUTE KSFO..KSEA

TRACK_TIME 1167737286
TRACK A20110117578265 B737 275800 823300 120 30 999 NONE NONE 390
	FP_ROUTE KTPA..KBWI

TRACK_TIME 1167737286
TRACK A20110117578266 CRJ9 333900 842260 120 30 999 NONE NONE 320
	FP_ROUTE KATL..KELP

TRACK_TIME 1167737286
TRACK A20110117578267 B737 390900 764000 120 30 999 NONE NONE 260
	FP_ROUTE KBWI..KCLE

TRACK_TIME 1167737286
TRACK A20110117578268 CRJ9 314800 1062400 120 30 999 NONE NONE 350
	FP_ROUTE KELP..KATL

TRACK_TIME 1167737286
TRACK A20110117578271 B737 412400 815260 120 30 999 NONE NONE 300
	FP_ROUTE KCLE..KMDW

TRACK_TIME 1167737286
TRACK A20110117578277 B738 472560 1221900 120 30 999 NONE NONE 370
	FP_ROUTE KSEA..KSJC

TRACK_TIME 1167737286
TRACK A20110117578279 B733 360600 864060 120 30 999 NONE NONE 59
	FP_ROUTE KBNA..KMDW

TRACK_TIME 1167737286
TRACK A20110117578282 B733 414600 874200 120 30 999 NONE NONE 340
	FP_ROUTE KMDW..KOMA

TRACK_TIME 1167737286
TRACK A20110117578283 B733 411660 955260 120 30 999 NONE NONE 340
	FP_ROUTE KOMA..KDEN

TRACK_TIME 1167737286
TRACK A20110117578284 B735 324800 964800 120 30 999 NONE NONE 300
	FP_ROUTE KDAL..KSAT

TRACK_TIME 1167737286
TRACK A20110117578287 B738 360700 1150900 120 30 999 NONE NONE 370
	FP_ROUTE KLAS..KDFW

TRACK_TIME 1167737286
TRACK A20110117578288 B733 394960 1044500 120 30 999 NONE NONE 340
	FP_ROUTE KDEN..KPHX

TRACK_TIME 1167737286
TRACK A20110117578293 B735 293300 982700 120 30 999 NONE NONE 360
	FP_ROUTE KSAT..KPHX

TRACK_TIME 1167737286
TRACK A20110117578296 B735 332560 1120160 120 30 999 NONE NONE 310
	FP_ROUTE KPHX..KMSP

TRACK_TIME 1167737286
TRACK A20110117578299 B752 395100 1044660 120 30 999 NONE NONE 400
	FP_ROUTE KDEN..KSAN

TRACK_TIME 1167737286
TRACK A20110117578303 CRJ1 421300 832100 120 30 999 NONE NONE 100
	FP_ROUTE KDTW..KCLE

TRACK_TIME 1167737286
TRACK A20110117578304 E120 431800 1141300 120 30 999 NONE NONE 91
	FP_ROUTE KSUN..KSLC

TRACK_TIME 1167737286
TRACK A20110117578313 CRJ2 410460 734660 120 30 999 NONE NONE 220
	FP_ROUTE KHPN..KDCA

TRACK_TIME 1167737286
TRACK A20110117578314 CRJ2 345500 821200 120 30 999 NONE NONE 121
	FP_ROUTE KGSP..KCLT

TRACK_TIME 1167737286
TRACK A20110117578316 A319 332560 1120160 120 30 999 NONE NONE 310
	FP_ROUTE KPHX..KDEN

TRACK_TIME 1167737286
TRACK A20110117578319 DH8A 395400 751360 120 30 999 NONE NONE 100
	FP_ROUTE KPHL..KIPT

TRACK_TIME 1167737286
TRACK A20110117578320 A320 300000 901500 120 30 999 NONE NONE 370
	FP_ROUTE KMSY..KCLT

TRACK_TIME 1167737286
TRACK A20110117578321 B752 254800 801600 120 30 999 NONE NONE 371
	FP_ROUTE KMIA..KEWR

TRACK_TIME 1167737286
TRACK A20110117578325 CRJ9 301600 974200 120 30 999 NONE NONE 340
	FP_ROUTE KAUS..KPHX

TRACK_TIME 1167737286
TRACK A20110117578332 B738 373760 1222100 120 30 999 NONE NONE 370
	FP_ROUTE KSFO..KIAH

TRACK_TIME 1167737286
TRACK A20110117578333 E190 395200 751660 120 30 999 NONE NONE 310
	FP_ROUTE KPHL..KMHT

TRACK_TIME 1167737286
TRACK A20110117578334 B733 414660 874660 120 30 999 NONE NONE 120
	FP_ROUTE KMDW..KDTW

TRACK_TIME 1167737286
TRACK A20110117578335 PAY2 393100 1194600 120 30 999 NONE NONE 124
	FP_ROUTE KRNO..KSAC

TRACK_TIME 1167737286
TRACK A20110117578337 B733 360600 1150900 120 30 999 NONE NONE 330
	FP_ROUTE KLAS..KSAT

TRACK_TIME 1167737286
TRACK A20110117578342 B738 422260 710100 120 30 999 NONE NONE 360
	FP_ROUTE KBOS..KSLC

TRACK_TIME 1167737286
TRACK A20110117578343 E145 412400 815260 120 30 999 NONE NONE 270
	FP_ROUTE KCLE..KCLT

TRACK_TIME 1167737286
TRACK A20110117578344 CRJ9 420000 875200 120 30 999 NONE NONE 370
	FP_ROUTE KORD..KJFK

TRACK_TIME 1167737286
TRACK A20110117578345 B712 333900 842260 120 30 999 NONE NONE 360
	FP_ROUTE KATL..KMSY

TRACK_TIME 1167737286
TRACK A20110117578347 B738 404900 1120000 120 30 999 NONE NONE 320
	FP_ROUTE KSLC..KSEA

TRACK_TIME 1167737286
TRACK A20110117578348 A319 275800 823300 120 30 999 NONE NONE 370
	FP_ROUTE KTPA..KLGA

TRACK_TIME 1167737286
TRACK A20110117578349 B712 390760 764200 120 30 999 NONE NONE 340
	FP_ROUTE KBWI..KATL

TRACK_TIME 1167737286
TRACK A20110117578350 E145 295700 952100 120 30 999 NONE NONE 370
	FP_ROUTE KIAH..KCLT

TRACK_TIME 1167737286
TRACK A20110117578351 CRJ2 415800 875100 120 30 999 NONE NONE 350
	FP_ROUTE KORD..KSAV

TRACK_TIME 1167737286
TRACK A20110117578361 CRJ2 445200 931000 120 30 999 NONE NONE 30
	FP_ROUTE KMSP..KALO

TRACK_TIME 1167737286
TRACK A20110117578362 B738 295700 952100 120 30 999 NONE NONE 370
	FP_ROUTE KIAH..KRSW

TRACK_TIME 1167737286
TRACK A20110117578363 MD83 380300 843600 120 30 999 NONE NONE 310
	FP_ROUTE KLEX..KPIE

TRACK_TIME 1167737286
TRACK A20110117578364 B737 324500 1171300 120 30 999 NONE NONE 400
	FP_ROUTE KSAN..KOAK

TRACK_TIME 1167737286
TRACK A20110117578369 MD83 454900 1083460 120 30 999 NONE NONE 330
	FP_ROUTE KBIL..KIWA

TRACK_TIME 1167737286
TRACK A20110117578371 A320 355500 784600 120 30 999 NONE NONE 220
	FP_ROUTE KRDU..KIAD

TRACK_TIME 1167737286
TRACK A20110117578372 E170 351360 805560 120 30 999 NONE NONE 330
	FP_ROUTE KCLT..KALB

TRACK_TIME 1167737286
TRACK A20110117578373 E170 385400 770460 120 30 999 NONE NONE 290
	FP_ROUTE KDCA..KPVD

TRACK_TIME 1167737286
TRACK A20110117578380 B734 295800 951960 120 30 999 NONE NONE 331
	FP_ROUTE KIAH..KCLT

TRACK_TIME 1167737286
TRACK A20110117578381 AT72 325260 970100 120 30 999 NONE NONE 110
	FP_ROUTE KDFW..KFSM

TRACK_TIME 1167737286
TRACK A20110117578382 B734 325260 970160 120 30 999 NONE NONE 330
	FP_ROUTE KDFW..KCLT

TRACK_TIME 1167737286
TRACK A20110117578384 A319 394660 1043900 120 30 999 NONE NONE 390
	FP_ROUTE KDEN..KCAK

TRACK_TIME 1167737286
TRACK A20110117578385 CRJ9 300000 951900 120 30 999 NONE NONE 310
	FP_ROUTE KIAH..KMSP

TRACK_TIME 1167737286
TRACK A20110117578386 CRJ9 445260 930900 120 30 999 NONE NONE 380
	FP_ROUTE KMSP..KHLN

TRACK_TIME 1167737286
TRACK A20110117578387 CRJ2 421300 832100 120 30 999 NONE NONE 310
	FP_ROUTE KDTW..KSYR

TRACK_TIME 1167737286
TRACK A20110117578388 A320 324500 1171360 120 30 999 NONE NONE 350
	FP_ROUTE KSAN..KSLC

TRACK_TIME 1167737286
TRACK A20110117578389 A320 404600 1120000 120 30 999 NONE NONE 360
	FP_ROUTE KSLC..KGEG

TRACK_TIME 1167737286
TRACK A20110117578390 E145 404300 740900 120 30 999 NONE NONE 230
	FP_ROUTE KEWR..KMHT

TRACK_TIME 1167737286
TRACK A20110117578399 B752 333900 842800 120 30 999 NONE NONE 400
	FP_ROUTE KATL..KPHX

TRACK_TIME 1167737286
TRACK A20110117578414 CRJ9 293300 983000 120 30 999 NONE NONE 340
	FP_ROUTE KSAT..KPHX

TRACK_TIME 1167737286
TRACK A20110117578418 B738 333760 842860 120 30 999 NONE NONE 370
	FP_ROUTE KATL..KBOS

TRACK_TIME 1167737286
TRACK A20110117578425 B752 335560 1182560 120 30 999 NONE NONE 380
	FP_ROUTE KLAX..KHNL

TRACK_TIME 1167737286
TRACK A20110117578426 LJ45 481900 1011600 120 30 999 NONE NONE 450
	FP_ROUTE KMOT..KSBN

TRACK_TIME 1167737286
TRACK A20110117578430 B752 422200 710100 120 30 999 NONE NONE 380
	FP_ROUTE KBOS..KATL

TRACK_TIME 1167737286
TRACK A20110117578433 BE20 371800 971900 120 30 999 NONE NONE 170
	FP_ROUTE KEGT..KMKC

TRACK_TIME 1167737286
TRACK A20110117578438 B712 194060 1560300 120 30 999 NONE NONE 68
	FP_ROUTE KKOA..KHNL

TRACK_TIME 1167737286
TRACK A20110117578441 CRJ9 351360 805560 120 30 999 NONE NONE 360
	FP_ROUTE KCLT..KDAB

TRACK_TIME 1167737286
TRACK A20110117578442 CRJ9 335100 1163160 120 30 999 NONE NONE 250
	FP_ROUTE KPSP..KPHX

TRACK_TIME 1167737286
TRACK A20110117578443 B738 295700 952100 120 30 999 NONE NONE 360
	FP_ROUTE KIAH..KLAS

TRACK_TIME 1167737286
TRACK A20110117578446 B733 301900 974000 120 30 999 NONE NONE 110
	FP_ROUTE KAUS..KHOU

TRACK_TIME 1167737286
TRACK A20110117578447 B737 293760 951660 120 30 999 NONE NONE 330
	FP_ROUTE KHOU..KMSY

TRACK_TIME 1167737286
TRACK A20110117578448 A320 445200 931060 120 30 999 NONE NONE 230
	FP_ROUTE KMSP..KMSN

TRACK_TIME 1167737286
TRACK A20110117578449 BE9L 372400 1215700 120 30 999 NONE NONE 140
	FP_ROUTE KSJC..KMFR

TRACK_TIME 1167737286
TRACK A20110117578450 B738 282500 811900 120 30 999 NONE NONE 370
	FP_ROUTE KMCO..KEWR

TRACK_TIME 1167737286
TRACK A20110117578452 CRJ2 425700 784200 120 30 999 NONE NONE 250
	FP_ROUTE KBUF..KBOS

TRACK_TIME 1167737286
TRACK A20110117578456 CRJ2 350300 900000 120 30 999 NONE NONE 280
	FP_ROUTE KMEM..KDAL

TRACK_TIME 1167737286
TRACK A20110117578463 E120 335700 1182700 120 30 999 NONE NONE 110
	FP_ROUTE KLAX..KBFL

TRACK_TIME 1167737286
TRACK A20110117578470 C750 392200 843000 120 30 999 NONE NONE 210
	FP_ROUTE KHAO..KPIT

TRACK_TIME 1167737286
TRACK A20110117578479 E145 385860 773400 120 30 999 NONE NONE 270
	FP_ROUTE KIAD..KBOS

TRACK_TIME 1167737286
TRACK A20110117578482 E145 422200 705800 120 30 999 NONE NONE 280
	FP_ROUTE KBOS..KIAD

TRACK_TIME 1167737286
TRACK A20110117578484 B733 391000 764600 120 30 999 NONE NONE 340
	FP_ROUTE KBWI..KSTL

TRACK_TIME 1167737286
TRACK A20110117578485 E145 351060 805560 120 30 999 NONE NONE 110
	FP_ROUTE KCLT..KGSO

TRACK_TIME 1167737286
TRACK A20110117578487 B738 295700 952100 120 30 999 NONE NONE 360
	FP_ROUTE KIAH..KSMF

TRACK_TIME 1167737286
TRACK A20110117578488 CRJ2 415800 875700 120 30 999 NONE NONE 340
	FP_ROUTE KORD..KTUL

TRACK_TIME 1167737286
TRACK A20110117578491 CRJ9 421200 832260 120 30 999 NONE NONE 200
	FP_ROUTE KDTW..KCVG

TRACK_TIME 1167737286
TRACK A20110117578507 B733 414800 874660 120 30 999 NONE NONE 260
	FP_ROUTE KMDW..KSTL

TRACK_TIME 1167737286
TRACK A20110117578508 B733 384360 901660 120 30 999 NONE NONE 340
	FP_ROUTE KSTL..KOMA

TRACK_TIME 1167737286
TRACK A20110117578510 CL60 402560 885560 120 30 999 NONE NONE 390
	FP_ROUTE KBMI..KMIA

TRACK_TIME 1167737286
TRACK A20110117578514 B752 333900 842860 120 30 999 NONE NONE 399
	FP_ROUTE KATL..KDEN

TRACK_TIME 1167737286
TRACK A20110117578516 DH8D 453600 1223900 120 30 999 NONE NONE 250
	FP_ROUTE KPDX..KSJC

TRACK_TIME 1167737286
TRACK A20110117578521 A319 394960 1044800 120 30 999 NONE NONE 380
	FP_ROUTE KDEN..KSNA

TRACK_TIME 1167737286
TRACK A20110117578522 DH8D 372200 1215560 120 30 999 NONE NONE 230
	FP_ROUTE KSJC..KMMH

TRACK_TIME 1167737286
TRACK A20110117578523 B738 404300 740760 120 30 999 NONE NONE 300
	FP_ROUTE KEWR..KRSW

TRACK_TIME 1167737286
TRACK A20110117578524 DH8D 373760 1184660 120 30 999 NONE NONE 250
	FP_ROUTE KMMH..KLAX

TRACK_TIME 1167737286
TRACK A20110117578525 B712 425560 875400 120 30 999 NONE NONE 330
	FP_ROUTE KMKE..KDCA

TRACK_TIME 1167737286
TRACK A20110117578527 B737 372260 1215700 120 30 999 NONE NONE 410
	FP_ROUTE KSJC..KBUR

TRACK_TIME 1167737286
TRACK A20110117578530 B737 332560 1120300 120 30 999 NONE NONE 300
	FP_ROUTE KPHX..KONT

TRACK_TIME 1167737286
TRACK A20110117578531 B737 340300 1173700 120 30 999 NONE NONE 380
	FP_ROUTE KONT..KSMF

TRACK_TIME 1167737286
TRACK A20110117578534 B737 282500 811800 120 30 999 NONE NONE 390
	FP_ROUTE KMCO..KISP

TRACK_TIME 1167737286
TRACK A20110117578535 B738 325500 970160 120 30 999 NONE NONE 370
	FP_ROUTE KDFW..KBOS

TRACK_TIME 1167737286
TRACK A20110117578536 B737 294000 951500 120 30 999 NONE NONE 380
	FP_ROUTE KHOU..KDEN

TRACK_TIME 1167737286
TRACK A20110117578540 CRJ2 350160 895860 120 30 999 NONE NONE 230
	FP_ROUTE KMEM..KMGM

TRACK_TIME 1167737286
TRACK A20110117578541 CRJ1 390300 844200 120 30 999 NONE NONE 220
	FP_ROUTE KCVG..KORD

TRACK_TIME 1167737286
TRACK A20110117578543 PAY2 422800 711900 120 30 999 NONE NONE 180
	FP_ROUTE KBED..KERI

TRACK_TIME 1167737286
TRACK A20110117578546 LJ45 411800 955400 120 30 999 NONE NONE 350
	FP_ROUTE KOMA..KSUS

TRACK_TIME 1167737286
TRACK A20110117578547 B752 420000 875560 120 30 999 NONE NONE 360
	FP_ROUTE KORD..KLAS

TRACK_TIME 1167737286
TRACK A20110117578548 E145 430600 774060 120 30 999 NONE NONE 320
	FP_ROUTE KROC..KORD

TRACK_TIME 1167737286
TRACK A20110117578550 E170 365400 761060 120 30 999 NONE NONE 240
	FP_ROUTE KORF..KCLT

TRACK_TIME 1167737286
TRACK A20110117578551 BE9L 330300 801960 120 30 999 NONE NONE 200
	FP_ROUTE KDYB..KMLU

TRACK_TIME 1167737286
TRACK A20110117578552 E145 295800 952100 120 30 999 NONE NONE 200
	FP_ROUTE KIAH..KDAL

TRACK_TIME 1167737286
TRACK A20110117578557 BE9L 323100 915560 120 30 999 NONE NONE 210
	FP_ROUTE KMLU..KDYB

TRACK_TIME 1167737286
TRACK A20110117578562 B734 421600 715500 120 30 999 NONE NONE 280
	FP_ROUTE KORH..KPBI

TRACK_TIME 1167737286
TRACK A20110117578563 B734 373900 1222100 120 30 999 NONE NONE 320
	FP_ROUTE KSFO..KSEA

TRACK_TIME 1167737286
TRACK A20110117578565 DH8D 412500 814960 120 30 999 NONE NONE 230
	FP_ROUTE KCLE..KBWI

TRACK_TIME 1167737286
TRACK A20110117578570 B737 333760 1175400 120 30 999 NONE NONE 240
	FP_ROUTE KSNA..KLAS

TRACK_TIME 1167737286
TRACK A20110117578572 CRJ2 422200 710100 120 30 999 NONE NONE 260
	FP_ROUTE KBOS..KROC

TRACK_TIME 1167737286
TRACK A20110117578576 CRJ2 395100 1042860 120 30 999 NONE NONE 120
	FP_ROUTE KDEN..KCOS

TRACK_TIME 1167737286
TRACK A20110117578582 A320 394800 1043700 120 30 999 NONE NONE 370
	FP_ROUTE KDEN..KIAD

TRACK_TIME 1167737286
TRACK A20110117578583 B737 324500 1171300 120 30 999 NONE NONE 390
	FP_ROUTE KSAN..KMSP

TRACK_TIME 1167737286
TRACK A20110117578584 CRJ2 350900 805700 120 30 999 NONE NONE 300
	FP_ROUTE KCLT..KBTR

TRACK_TIME 1167737286
TRACK A20110117578585 A320 385560 773100 120 30 999 NONE NONE 380
	FP_ROUTE KIAD..KTPA

TRACK_TIME 1167737286
TRACK A20110117578591 B737 393300 1194660 120 30 999 NONE NONE 220
	FP_ROUTE KRNO..KOAK

TRACK_TIME 1167737286
TRACK A20110117578592 B737 374360 1221500 120 30 999 NONE NONE 410
	FP_ROUTE KOAK..KSNA

TRACK_TIME 1167737286
TRACK A20110117578593 B752 415700 875800 120 30 999 NONE NONE 370
	FP_ROUTE KORD..KSJU

TRACK_TIME 1167737286
TRACK A20110117578599 B752 335560 1182560 120 30 999 NONE NONE 350
	FP_ROUTE KLAX..KSLC

TRACK_TIME 1167737286
TRACK A20110117578602 B737 394800 1043760 120 30 999 NONE NONE 390
	FP_ROUTE KDEN..KMDW

TRACK_TIME 1167737286
TRACK A20110117578603 B735 295860 951800 120 30 999 NONE NONE 310
	FP_ROUTE KIAH..KPIT

TRACK_TIME 1167737286
TRACK A20110117578608 CRJ2 415860 863760 120 30 999 NONE NONE 41
	FP_ROUTE KSBN..KORD

TRACK_TIME 1167737286
TRACK A20110117578616 A319 351200 805560 120 30 999 NONE NONE 270
	FP_ROUTE KCLT..KIAD

TRACK_TIME 1167737286
TRACK A20110117578622 F2TH 352200 973600 120 30 999 NONE NONE 410
	FP_ROUTE KOKC..KPDK

TRACK_TIME 1167737286
TRACK A20110117578630 SF34 295800 952100 120 30 999 NONE NONE 130
	FP_ROUTE KIAH..KMLU

TRACK_TIME 1167737286
TRACK A20110117578645 CL60 294200 951600 120 30 999 NONE NONE 260
	FP_ROUTE KHOU..KTUS

TRACK_TIME 1167737286
TRACK A20110117578646 B752 403600 735400 120 30 999 NONE NONE 380
	FP_ROUTE KJFK..KLAX

TRACK_TIME 1167737286
TRACK A20110117578649 B735 295560 901600 120 30 999 NONE NONE 280
	FP_ROUTE KMSY..KIAH

TRACK_TIME 1167737286
TRACK A20110117578653 E145 254800 801600 120 30 999 NONE NONE 370
	FP_ROUTE KMIA..KCHS

TRACK_TIME 1167737286
TRACK A20110117578654 E135 335560 1182700 120 30 999 NONE NONE 360
	FP_ROUTE KLAX..KSJC

TRACK_TIME 1167737286
TRACK A20110117578655 MD82 325500 970160 120 30 999 NONE NONE 110
	FP_ROUTE KDFW..KOKC

TRACK_TIME 1167737286
TRACK A20110117578656 E135 404360 734960 120 30 999 NONE NONE 260
	FP_ROUTE KLGA..KRDU

TRACK_TIME 1167737286
TRACK A20110117578660 CRJ2 343700 864660 120 30 999 NONE NONE 31
	FP_ROUTE KHSV..KMEM

TRACK_TIME 1167737286
TRACK A20110117578662 B763 403900 735100 120 30 999 NONE NONE 380
	FP_ROUTE KJFK..KMIA

TRACK_TIME 1167737286
TRACK A20110117578663 E135 425560 875400 120 30 999 NONE NONE 50
	FP_ROUTE KMKE..KORD

TRACK_TIME 1167737286
TRACK A20110117578668 AT72 325260 970100 120 30 999 NONE NONE 111
	FP_ROUTE KDFW..KSHV

TRACK_TIME 1167737286
TRACK A20110117578671 B752 325260 970160 120 30 999 NONE NONE 410
	FP_ROUTE KDFW..KMIA

TRACK_TIME 1167737286
TRACK A20110117578672 CRJ2 405560 851000 120 30 999 NONE NONE 160
	FP_ROUTE KFWA..KORD

TRACK_TIME 1167737286
TRACK A20110117578682 E120 360600 1150900 120 30 999 NONE NONE 220
	FP_ROUTE KLAS..KFAT

TRACK_TIME 1167737286
TRACK A20110117578684 MD83 385260 1043900 120 30 999 NONE NONE 350
	FP_ROUTE KCOS..KDFW

TRACK_TIME 1167737286
TRACK A20110117578685 CRJ2 394900 1043900 120 30 999 NONE NONE 320
	FP_ROUTE KDEN..KHLN

TRACK_TIME 1167737286
TRACK A20110117578690 CRJ2 394960 1044600 120 30 999 NONE NONE 340
	FP_ROUTE KDEN..KFAT

TRACK_TIME 1167737286
TRACK A20110117578691 CRJ2 431000 892200 120 30 999 NONE NONE 280
	FP_ROUTE KMSN..KDEN

TRACK_TIME 1167737286
TRACK A20110117578699 CRJ2 421200 832260 120 30 999 NONE NONE 320
	FP_ROUTE KDTW..KOMA

TRACK_TIME 1167737286
TRACK A20110117578707 BE20 433460 964900 120 30 999 NONE NONE 200
	FP_ROUTE KFSD..KSUO

TRACK_TIME 1167737286
TRACK A20110117578708 CRJ2 411660 955260 120 30 999 NONE NONE 290
	FP_ROUTE KOMA..KDTW

TRACK_TIME 1167737286
TRACK A20110117578717 BE20 335400 841800 120 30 999 NONE NONE 190
	FP_ROUTE KPDK..KHXD

TRACK_TIME 1167737286
TRACK A20110117578719 E170 394800 1043700 120 30 999 NONE NONE 350
	FP_ROUTE KDEN..KGRR

TRACK_TIME 1167737286
TRACK A20110117578720 B739 301500 974060 120 30 999 NONE NONE 340
	FP_ROUTE KAUS..KSEA

TRACK_TIME 1167737286
TRACK A20110117578726 B752 394660 1043600 120 30 999 NONE NONE 370
	FP_ROUTE KDEN..KORD

TRACK_TIME 1167737286
TRACK A20110117578732 A320 260460 800700 120 30 999 NONE NONE 350
	FP_ROUTE KFLL..KHPN

TRACK_TIME 1167737286
TRACK A20110117578734 E145 295860 951800 120 30 999 NONE NONE 350
	FP_ROUTE KIAH..KMCI

TRACK_TIME 1167737286
TRACK A20110117578735 B737 333900 842700 120 30 999 NONE NONE 380
	FP_ROUTE KATL..KLAS

TRACK_TIME 1167737286
TRACK A20110117578737 C550 271060 801200 120 30 999 NONE NONE 380
	FP_ROUTE KSUA..KDPA

TRACK_TIME 1167737286
TRACK A20110117578742 B733 335700 1182800 120 30 999 NONE NONE 320
	FP_ROUTE KLAX..KOAK

TRACK_TIME 1167737286
TRACK A20110117578743 MD82 333900 842800 120 30 999 NONE NONE 260
	FP_ROUTE KATL..KDFW

TRACK_TIME 1167737286
TRACK A20110117578745 A320 390300 844360 120 30 999 NONE NONE 300
	FP_ROUTE KCVG..KLAS

TRACK_TIME 1167737286
TRACK A20110117578748 B733 374360 1221500 120 30 999 NONE NONE 360
	FP_ROUTE KOAK..KSEA

TRACK_TIME 1167737286
TRACK A20110117578749 A319 395500 1044060 120 30 999 NONE NONE 310
	FP_ROUTE KDEN..KFLL

TRACK_TIME 1167737286
TRACK A20110117578750 A319 394960 1044500 120 30 999 NONE NONE 380
	FP_ROUTE KDEN..KLAX

TRACK_TIME 1167737286
TRACK A20110117578751 MD82 325700 970300 120 30 999 NONE NONE 240
	FP_ROUTE KDFW..KELP

TRACK_TIME 1167737286
TRACK A20110117578753 B752 335560 1182700 120 30 999 NONE NONE 380
	FP_ROUTE KLAX..KLIH

TRACK_TIME 1167737286
TRACK A20110117578754 E120 394800 1043900 120 30 999 NONE NONE 190
	FP_ROUTE KDEN..KCDR

TRACK_TIME 1167737286
TRACK A20110117578755 E120 425560 1030300 120 30 999 NONE NONE 241
	FP_ROUTE KCDR..KISN

TRACK_TIME 1167737286
TRACK A20110117578756 B737 332560 1120000 120 30 999 NONE NONE 390
	FP_ROUTE KPHX..KDEN

TRACK_TIME 1167737286
TRACK A20110117578757 B738 260460 800760 120 30 999 NONE NONE 390
	FP_ROUTE KFLL..KJFK

TRACK_TIME 1167737286
TRACK A20110117578760 B737 394960 1043760 120 30 999 NONE NONE 370
	FP_ROUTE KDEN..KHOU

TRACK_TIME 1167737286
TRACK A20110117578762 B737 293760 951660 120 30 999 NONE NONE 260
	FP_ROUTE KHOU..KCRP

TRACK_TIME 1167737286
TRACK A20110117578766 A319 300000 901500 120 30 999 NONE NONE 390
	FP_ROUTE KMSY..KCLT

TRACK_TIME 1167737286
TRACK A20110117578767 CRJ2 333900 842200 120 30 999 NONE NONE 210
	FP_ROUTE KATL..KAVL

TRACK_TIME 1167737286
TRACK A20110117578768 CRJ2 352400 823160 120 30 999 NONE NONE 200
	FP_ROUTE KAVL..KATL

TRACK_TIME 1167737286
TRACK A20110117578771 B734 263100 814800 120 30 999 NONE NONE 330
	FP_ROUTE KRSW..KCLT

TRACK_TIME 1167737286
TRACK A20110117578775 CRJ2 211900 1575560 120 30 999 NONE NONE 230
	FP_ROUTE KHNL..KITO

TRACK_TIME 1167737286
TRACK A20110117578779 E145 385260 772560 120 30 999 NONE NONE 300
	FP_ROUTE KIAD..KCMH

TRACK_TIME 1167737286
TRACK A20110117578783 A320 372400 1215800 120 30 999 NONE NONE 370
	FP_ROUTE KSJC..KPHX

TRACK_TIME 1167737286
TRACK A20110117578784 A320 404300 740900 120 30 999 NONE NONE 380
	FP_ROUTE KEWR..KORD

TRACK_TIME 1167737286
TRACK A20110117578785 A320 332560 1115860 120 30 999 NONE NONE 350
	FP_ROUTE KPHX..KDTW

TRACK_TIME 1167737286
TRACK A20110117578786 MD82 384360 901600 120 30 999 NONE NONE 50
	FP_ROUTE KSTL..KORD

TRACK_TIME 1167737286
TRACK A20110117578791 BE20 335260 805860 120 30 999 NONE NONE 90
	FP_ROUTE KCUB..KARW

TRACK_TIME 1167737286
TRACK A20110117578792 B763 211660 1575260 120 30 999 NONE NONE 330
	FP_ROUTE KHNL..KPHX

TRACK_TIME 1167737286
TRACK A20110117578793 B738 472560 1221900 120 30 999 NONE NONE 360
	FP_ROUTE KSEA..KANC

TRACK_TIME 1167737286
TRACK A20110117578794 B733 394500 1043900 120 30 999 NONE NONE 360
	FP_ROUTE KDEN..KPHX

TRACK_TIME 1167737286
TRACK A20110117578795 B738 360700 1150900 120 30 999 NONE NONE 370
	FP_ROUTE KLAS..KORD

TRACK_TIME 1167737286
TRACK A20110117578796 B738 254800 801600 120 30 999 NONE NONE 380
	FP_ROUTE KMIA..KMSP

TRACK_TIME 1167737286
TRACK A20110117578797 CRJ2 194300 1550100 120 30 999 NONE NONE 240
	FP_ROUTE KITO..KHNL

TRACK_TIME 1167737286
TRACK A20110117578801 DH8A 205400 1562500 120 30 999 NONE NONE 79
	FP_ROUTE KOGG..KMKK

TRACK_TIME 1167737286
TRACK A20110117578802 DH8A 210460 1570600 120 30 999 NONE NONE 40
	FP_ROUTE KMKK..KHNL

TRACK_TIME 1167737286
TRACK A20110117578803 B733 453600 1223900 120 30 999 NONE NONE 370
	FP_ROUTE KPDX..KOAK

TRACK_TIME 1167737286
TRACK A20110117578804 B733 374360 1221600 120 30 999 NONE NONE 370
	FP_ROUTE KOAK..KLAX

TRACK_TIME 1167737286
TRACK A20110117578805 B738 333900 842860 120 30 999 NONE NONE 360
	FP_ROUTE KATL..KSEA

TRACK_TIME 1167737286
TRACK A20110117578806 DH8D 404360 740760 120 30 999 NONE NONE 240
	FP_ROUTE KEWR..KPIT

TRACK_TIME 1167737286
TRACK A20110117578807 DH8D 403000 800900 120 30 999 NONE NONE 170
	FP_ROUTE KPIT..KEWR

TRACK_TIME 1167737286
TRACK A20110117578812 MD83 461500 1190900 120 30 999 NONE NONE 350
	FP_ROUTE KPSC..KLAX

TRACK_TIME 1167737286
TRACK A20110117578818 B738 421200 832260 120 30 999 NONE NONE 380
	FP_ROUTE KDTW..KSLC

TRACK_TIME 1167737286
TRACK A20110117578819 B734 472560 1221900 120 30 999 NONE NONE 350
	FP_ROUTE KSEA..KSAN

TRACK_TIME 1167737286
TRACK A20110117578822 B752 385500 772560 120 30 999 NONE NONE 360
	FP_ROUTE KIAD..KLAX

TRACK_TIME 1167737286
TRACK A20110117578823 E145 360900 864000 120 30 999 NONE NONE 230
	FP_ROUTE KBNA..KORD

TRACK_TIME 1167737286
TRACK A20110117578824 B738 422260 710100 120 30 999 NONE NONE 400
	FP_ROUTE KBOS..KORD

TRACK_TIME 1167737286
TRACK A20110117578827 B712 211900 1575700 120 30 999 NONE NONE 130
	FP_ROUTE KHNL..KOGG

TRACK_TIME 1167737286
TRACK A20110117578828 E135 404960 735260 120 30 999 NONE NONE 360
	FP_ROUTE KLGA..KCMH

TRACK_TIME 1167737286
TRACK A20110117578832 E170 404900 735100 120 30 999 NONE NONE 340
	FP_ROUTE KLGA..KORD

TRACK_TIME 1167737286
TRACK A20110117578833 E170 421200 832200 120 30 999 NONE NONE 340
	FP_ROUTE KDTW..KBNA

TRACK_TIME 1167737286
TRACK A20110117578837 B732 211600 1575860 120 30 999 NONE NONE 160
	FP_ROUTE KHNL..KLIH

TRACK_TIME 1167737286
TRACK A20110117578848 DH8D 461660 1190900 120 30 999 NONE NONE 161
	FP_ROUTE KPSC..KSEA

TRACK_TIME 1167737286
TRACK A20110117578849 DH8D 473700 1173160 120 30 999 NONE NONE 220
	FP_ROUTE KGEG..KSEA

TRACK_TIME 1167737286
TRACK A20110117578850 CRJ2 354660 840160 120 30 999 NONE NONE 310
	FP_ROUTE KTYS..KPHL

TRACK_TIME 1167737286
TRACK A20110117578852 E145 415800 875200 120 30 999 NONE NONE 370
	FP_ROUTE KORD..KRDU

TRACK_TIME 1167737286
TRACK A20110117578853 E135 325500 970160 120 30 999 NONE NONE 370
	FP_ROUTE KDFW..KLEX

TRACK_TIME 1167737286
TRACK A20110117578854 B734 472560 1221800 120 30 999 NONE NONE 71
	FP_ROUTE KSEA..KGEG

TRACK_TIME 1167737286
TRACK A20110117578855 DH8D 472560 1221800 120 30 999 NONE NONE 250
	FP_ROUTE KSEA..KRNO

TRACK_TIME 1167737286
TRACK A20110117578857 E145 295860 951660 120 30 999 NONE NONE 109
	FP_ROUTE KIAH..KDFW

TRACK_TIME 1167737286
TRACK A20110117578861 AT72 254800 801660 120 30 999 NONE NONE 160
	FP_ROUTE KMIA..KGNV

TRACK_TIME 1167737286
TRACK A20110117578871 B733 324360 1171300 120 30 999 NONE NONE 270
	FP_ROUTE KSAN..KLAS

TRACK_TIME 1167737286
TRACK A20110117578872 E145 300000 952260 120 30 999 NONE NONE 89
	FP_ROUTE KIAH..KDAL

TRACK_TIME 1167737286
TRACK A20110117578873 B752 254800 801600 120 30 999 NONE NONE 360
	FP_ROUTE KMIA..KSFO

TRACK_TIME 1167737286
TRACK A20110117578880 CRJ2 194300 1545700 120 30 999 NONE NONE 240
	FP_ROUTE KITO..KHNL

TRACK_TIME 1167737286
TRACK A20110117578882 B737 404300 740760 120 30 999 NONE NONE 300
	FP_ROUTE KEWR..KCLE

TRACK_TIME 1167737286
TRACK A20110117578883 E120 335560 1182500 120 30 999 NONE NONE 250
	FP_ROUTE KLAX..KNYL

TRACK_TIME 1167737286
TRACK A20110117578884 E120 324300 1143760 120 30 999 NONE NONE 120
	FP_ROUTE KNYL..KLAX

TRACK_TIME 1167737286
TRACK A20110117578887 A319 404900 735200 120 30 999 NONE NONE 360
	FP_ROUTE KLGA..KFLL

TRACK_TIME 1167737286
TRACK A20110117578903 CRJ2 335100 1181200 120 30 999 NONE NONE 330
	FP_ROUTE KLGB..KSLC

TRACK_TIME 1167737286
TRACK A20110117578904 CRJ2 335560 1182800 120 30 999 NONE NONE 110
	FP_ROUTE KLAX..KSAN

TRACK_TIME 1167737286
TRACK A20110117578905 E145 415700 875800 120 30 999 NONE NONE 360
	FP_ROUTE KORD..KXNA

TRACK_TIME 1167737286
TRACK A20110117578913 CRJ2 384500 1044060 120 30 999 NONE NONE 320
	FP_ROUTE KCOS..KSLC

TRACK_TIME 1167737286
TRACK A20110117578933 E120 335560 1182560 120 30 999 NONE NONE 150
	FP_ROUTE KLAX..KPSP

TRACK_TIME 1167737286
TRACK A20110117578935 CRJ2 335560 1182700 120 30 999 NONE NONE 190
	FP_ROUTE KLAX..KPSP

TRACK_TIME 1167737286
TRACK A20110117578936 B742 612400 1495400 120 30 999 NONE NONE 350
	FP_ROUTE KANC..KLCK

TRACK_TIME 1167737286
TRACK A20110117578937 B742 394800 825560 120 30 999 NONE NONE 330
	FP_ROUTE KLCK..KJFK

TRACK_TIME 1167737286
TRACK A20110117578938 A320 351360 805560 120 30 999 NONE NONE 320
	FP_ROUTE KCLT..KTPA

TRACK_TIME 1167737286
TRACK A20110117578941 A319 394800 1043700 120 30 999 NONE NONE 390
	FP_ROUTE KDEN..KSTL

TRACK_TIME 1167737286
TRACK A20110117578942 CL60 461360 1191000 120 30 999 NONE NONE 152
	FP_ROUTE KPSC..KGEG

TRACK_TIME 1167737286
TRACK A20110117578951 CRJ9 333900 842200 120 30 999 NONE NONE 370
	FP_ROUTE KATL..KALB

TRACK_TIME 1167737286
TRACK A20110117578953 DH8D 403300 1221800 120 30 999 NONE NONE 170
	FP_ROUTE KRDD..KACV

TRACK_TIME 1167737286
TRACK A20110117578960 MD83 325500 970160 120 30 999 NONE NONE 350
	FP_ROUTE KDFW..KMSP

TRACK_TIME 1167737286
TRACK A20110117578961 E145 420100 875100 120 30 999 NONE NONE 320
	FP_ROUTE KORD..KFAR

TRACK_TIME 1167737286
TRACK A20110117578962 A319 444960 931360 120 30 999 NONE NONE 380
	FP_ROUTE KMSP..KDEN

TRACK_TIME 1167737286
TRACK A20110117578963 E190 425560 784500 120 30 999 NONE NONE 210
	FP_ROUTE KBUF..KJFK

TRACK_TIME 1167737286
TRACK A20110117578967 E145 465560 964900 120 30 999 NONE NONE 350
	FP_ROUTE KFAR..KORD

TRACK_TIME 1167737286
TRACK A20110117578972 E145 420000 875700 120 30 999 NONE NONE 320
	FP_ROUTE KORD..KICT

TRACK_TIME 1167737286
TRACK A20110117578973 A320 420000 875100 120 30 999 NONE NONE 330
	FP_ROUTE KORD..KROC

TRACK_TIME 1167737286
TRACK A20110117578979 B737 293760 951800 120 30 999 NONE NONE 260
	FP_ROUTE KHOU..KCRP

TRACK_TIME 1167737286
TRACK A20110117578980 B712 293700 951800 120 30 999 NONE NONE 350
	FP_ROUTE KHOU..KATL

TRACK_TIME 1167737286
TRACK A20110117578981 B712 333900 842700 120 30 999 NONE NONE 330
	FP_ROUTE KATL..KPHL

TRACK_TIME 1167737286
TRACK A20110117578987 A320 395260 751300 120 30 999 NONE NONE 340
	FP_ROUTE KPHL..KSLC

TRACK_TIME 1167737286
TRACK A20110117578989 B738 254800 801600 120 30 999 NONE NONE 380
	FP_ROUTE KMIA..KTUL

TRACK_TIME 1167737286
TRACK A20110117578999 E170 415800 875700 120 30 999 NONE NONE 340
	FP_ROUTE KORD..KSLC

TRACK_TIME 1167737286
TRACK A20110117579000 A320 404900 1120100 120 30 999 NONE NONE 320
	FP_ROUTE KSLC..KOAK

TRACK_TIME 1167737286
TRACK A20110117579001 E170 404960 1115860 120 30 999 NONE NONE 370
	FP_ROUTE KSLC..KORD

TRACK_TIME 1167737286
TRACK A20110117579007 B737 380900 854300 120 30 999 NONE NONE 380
	FP_ROUTE KSDF..KPHX

TRACK_TIME 1167737286
TRACK A20110117579008 E170 373900 1222100 120 30 999 NONE NONE 350
	FP_ROUTE KSFO..KDEN

TRACK_TIME 1167737286
TRACK A20110117579010 B762 373760 1222200 120 30 999 NONE NONE 390
	FP_ROUTE KSFO..KJFK

TRACK_TIME 1167737286
TRACK A20110117579013 B737 332560 1120000 120 30 999 NONE NONE 320
	FP_ROUTE KPHX..KSAN

TRACK_TIME 1167737286
TRACK A20110117579015 B737 324500 1171360 120 30 999 NONE NONE 380
	FP_ROUTE KSAN..KSJC

TRACK_TIME 1167737286
TRACK A20110117579017 B737 360700 1150900 120 30 999 NONE NONE 390
	FP_ROUTE KLAS..KAMA

TRACK_TIME 1167737286
TRACK A20110117579024 DH8A 404660 735200 120 30 999 NONE NONE 130
	FP_ROUTE KLGA..KALB

TRACK_TIME 1167737286
TRACK A20110117579025 CRJ1 350400 895860 120 30 999 NONE NONE 310
	FP_ROUTE KMEM..KIND

TRACK_TIME 1167737286
TRACK A20110117579028 A320 472500 1221900 120 30 999 NONE NONE 350
	FP_ROUTE KSEA..KSLC

TRACK_TIME 1167737286
TRACK A20110117579030 B735 295860 951800 120 30 999 NONE NONE 280
	FP_ROUTE KIAH..KOKC

TRACK_TIME 1167737286
TRACK A20110117579034 DH8D 463400 1203300 120 30 999 NONE NONE 99
	FP_ROUTE KYKM..KSEA

TRACK_TIME 1167737286
TRACK A20110117579035 B712 333900 842800 120 30 999 NONE NONE 320
	FP_ROUTE KATL..KMCI

TRACK_TIME 1167737286
TRACK A20110117579039 CRJ2 365400 761060 120 30 999 NONE NONE 60
	FP_ROUTE KORF..KPHL

TRACK_TIME 1167737286
TRACK A20110117579040 E170 385200 770000 120 30 999 NONE NONE 110
	FP_ROUTE KDCA..KPHL

TRACK_TIME 1167737286
TRACK A20110117579041 A320 374060 1222400 120 30 999 NONE NONE 330
	FP_ROUTE KSFO..KLAS

TRACK_TIME 1167737286
TRACK A20110117579044 CRJ9 334000 843100 120 30 999 NONE NONE 300
	FP_ROUTE KATL..KGRR

TRACK_TIME 1167737286
TRACK A20110117579047 B737 333900 1175260 120 30 999 NONE NONE 400
	FP_ROUTE KSNA..KSFO

TRACK_TIME 1167737286
TRACK A20110117579051 B734 373760 1222200 120 30 999 NONE NONE 340
	FP_ROUTE KSFO..KPDX

TRACK_TIME 1167737286
TRACK A20110117579052 A320 404600 1115800 120 30 999 NONE NONE 300
	FP_ROUTE KSLC..KLAS

TRACK_TIME 1167737286
TRACK A20110117579057 B752 295800 952100 120 30 999 NONE NONE 380
	FP_ROUTE KIAH..KPHX

TRACK_TIME 1167737286
TRACK A20110117579059 E170 293100 982700 120 30 999 NONE NONE 330
	FP_ROUTE KSAT..KMSP

TRACK_TIME 1167737286
TRACK A20110117579060 E145 344300 921500 120 30 999 NONE NONE 250
	FP_ROUTE KLIT..KORD

TRACK_TIME 1167737286
TRACK A20110117579061 E145 420160 874960 120 30 999 NONE NONE 320
	FP_ROUTE KORD..KFAR

TRACK_TIME 1167737286
TRACK A20110117579062 B752 333900 843000 120 30 999 NONE NONE 390
	FP_ROUTE KATL..KFLL

TRACK_TIME 1167737286
TRACK A20110117579072 B712 280000 823300 120 30 999 NONE NONE 320
	FP_ROUTE KTPA..KATL

TRACK_TIME 1167737286
TRACK A20110117579087 B738 335700 1183000 120 30 999 NONE NONE 380
	FP_ROUTE KLAX..KSEA

TRACK_TIME 1167737286
TRACK A20110117579091 MD83 384300 901600 120 30 999 NONE NONE 280
	FP_ROUTE KSTL..KDFW

TRACK_TIME 1167737286
TRACK A20110117579095 MD83 325500 970300 120 30 999 NONE NONE 260
	FP_ROUTE KDFW..KSEA

TRACK_TIME 1167737286
TRACK A20110117579104 C560 404600 1115800 120 30 999 NONE NONE 360
	FP_ROUTE KSLC..KSNA

TRACK_TIME 1167737286
TRACK A20110117579116 B737 360700 1150900 120 30 999 NONE NONE 390
	FP_ROUTE KLAS..KATL

TRACK_TIME 1167737286
TRACK A20110117579123 E145 325500 970160 120 30 999 NONE NONE 330
	FP_ROUTE KDFW..KGPT

TRACK_TIME 1167737286
TRACK A20110117579126 A319 385260 770400 120 30 999 NONE NONE 120
	FP_ROUTE KDCA..KDTW

TRACK_TIME 1167737286
TRACK A20110117579127 MD11 374360 1221600 120 30 999 NONE NONE 360
	FP_ROUTE KOAK..KHNL

TRACK_TIME 1167737286
TRACK A20110117579132 B744 611660 1501800 120 30 999 NONE NONE 315
	FP_ROUTE KANC..KZBAA

TRACK_TIME 1167737286
TRACK A20110117579137 B738 374360 1221500 120 30 999 NONE NONE 380
	FP_ROUTE KOAK..KSEA

TRACK_TIME 1167737286
TRACK A20110117579140 B733 303300 813600 120 30 999 NONE NONE 370
	FP_ROUTE KJAX..KBWI

TRACK_TIME 1167737286
TRACK A20110117579141 DH8D 453460 1223700 120 30 999 NONE NONE 210
	FP_ROUTE KPDX..KMFR

TRACK_TIME 1167737286
TRACK A20110117579154 E170 360600 864060 120 30 999 NONE NONE 110
	FP_ROUTE KBNA..KDTW

TRACK_TIME 1167737286
TRACK A20110117579156 E135 325500 970160 120 30 999 NONE NONE 290
	FP_ROUTE KDFW..KLFT

TRACK_TIME 1167737286
TRACK A20110117579158 BE20 374500 1221200 120 30 999 NONE NONE 70
	FP_ROUTE KOAK..KSAC

TRACK_TIME 1167737286
TRACK A20110117579160 A320 340300 1173460 120 30 999 NONE NONE 330
	FP_ROUTE KONT..KATL

TRACK_TIME 1167737286
TRACK A20110117579161 CRJ2 354960 835800 120 30 999 NONE NONE 310
	FP_ROUTE KTYS..KPHL

TRACK_TIME 1167737286
TRACK A20110117579165 E170 415700 724000 120 30 999 NONE NONE 340
	FP_ROUTE KBDL..KMSP

TRACK_TIME 1167737286
TRACK A20110117579166 E145 333760 1014960 120 30 999 NONE NONE 109
	FP_ROUTE KLBB..KDFW

TRACK_TIME 1167737286
TRACK A20110117579167 E170 445200 931060 120 30 999 NONE NONE 360
	FP_ROUTE KMSP..KBZN

TRACK_TIME 1167737286
TRACK A20110117579171 B738 404500 1120100 120 30 999 NONE NONE 380
	FP_ROUTE KSLC..KPDX

TRACK_TIME 1167737286
TRACK A20110117579174 B744 333700 843100 120 30 999 NONE NONE 360
	FP_ROUTE KATL..KORD

TRACK_TIME 1167737286
TRACK A20110117579186 B735 295700 952100 120 30 999 NONE NONE 360
	FP_ROUTE KIAH..KABQ

TRACK_TIME 1167737286
TRACK A20110117579188 E135 335560 1182800 120 30 999 NONE NONE 110
	FP_ROUTE KLAX..KSAN

TRACK_TIME 1167737286
TRACK A20110117579190 B752 194200 1560400 120 30 999 NONE NONE 350
	FP_ROUTE KKOA..KLAX

TRACK_TIME 1167737286
TRACK A20110117579194 LJ35 335200 810400 120 30 999 NONE NONE 280
	FP_ROUTE KCAE..KFXE

TRACK_TIME 1167737286
TRACK A20110117579196 E145 395560 841360 120 30 999 NONE NONE 110
	FP_ROUTE KDAY..KORD

TRACK_TIME 1167737286
TRACK A20110117579198 B738 453700 1223900 120 30 999 NONE NONE 350
	FP_ROUTE KPDX..KSAN

TRACK_TIME 1167737286
TRACK A20110117579199 E120 403900 894200 120 30 999 NONE NONE 220
	FP_ROUTE KPIA..KSGF

TRACK_TIME 1167737286
TRACK A20110117579205 DH8D 453600 1223760 120 30 999 NONE NONE 100
	FP_ROUTE KPDX..KSEA

TRACK_TIME 1167737286
TRACK A20110117579206 B737 372260 1215700 120 30 999 NONE NONE 290
	FP_ROUTE KSJC..KBUR

TRACK_TIME 1167737286
TRACK A20110117579211 E170 295800 901600 120 30 999 NONE NONE 360
	FP_ROUTE KMSY..KMSP

TRACK_TIME 1167737286
TRACK A20110117579214 A320 421200 832100 120 30 999 NONE NONE 350
	FP_ROUTE KDTW..KBOS

TRACK_TIME 1167737286
TRACK A20110117579219 B733 390760 764060 120 30 999 NONE NONE 340
	FP_ROUTE KBWI..KTPA

TRACK_TIME 1167737286
TRACK A20110117579229 B737 293760 951800 120 30 999 NONE NONE 340
	FP_ROUTE KHOU..KLAS

TRACK_TIME 1167737286
TRACK A20110117579230 B737 360600 1150900 120 30 999 NONE NONE 280
	FP_ROUTE KLAS..KSMF

TRACK_TIME 1167737286
TRACK A20110117579233 MD83 404360 740700 120 30 999 NONE NONE 300
	FP_ROUTE KEWR..KDFW

TRACK_TIME 1167737286
TRACK A20110117579235 B738 355400 784660 120 30 999 NONE NONE 400
	FP_ROUTE KRDU..KMIA

TRACK_TIME 1167737286
TRACK A20110117579236 CRJ9 404600 1115800 120 30 999 NONE NONE 350
	FP_ROUTE KSLC..KDFW

TRACK_TIME 1167737286
TRACK A20110117579237 B752 333900 842800 120 30 999 NONE NONE 380
	FP_ROUTE KATL..KSAN

TRACK_TIME 1167737286
TRACK A20110117579239 CRJ2 373900 1222100 120 30 999 NONE NONE 310
	FP_ROUTE KSFO..KBOI

TRACK_TIME 1167737286
TRACK A20110117579240 E145 302200 890400 120 30 999 NONE NONE 360
	FP_ROUTE KGPT..KDFW

TRACK_TIME 1167737286
TRACK A20110117579242 B733 301360 974060 120 30 999 NONE NONE 360
	FP_ROUTE KAUS..KLAS

TRACK_TIME 1167737286
TRACK A20110117579243 B733 360700 1150900 120 30 999 NONE NONE 340
	FP_ROUTE KLAS..KSFO

TRACK_TIME 1167737286
TRACK A20110117579246 DH8A 351360 805560 120 30 999 NONE NONE 90
	FP_ROUTE KCLT..KROA

TRACK_TIME 1167737286
TRACK A20110117579247 A319 445100 931360 120 30 999 NONE NONE 380
	FP_ROUTE KMSP..KDEN

TRACK_TIME 1167737286
TRACK A20110117579248 A319 395100 1044500 120 30 999 NONE NONE 380
	FP_ROUTE KDEN..KSLC

TRACK_TIME 1167737286
TRACK A20110117579249 E170 320760 811060 120 30 999 NONE NONE 40
	FP_ROUTE KSAV..KCLT

TRACK_TIME 1167737286
TRACK A20110117579251 A319 394800 1043760 120 30 999 NONE NONE 390
	FP_ROUTE KDEN..KIND

TRACK_TIME 1167737286
TRACK A20110117579252 E170 351360 805560 120 30 999 NONE NONE 90
	FP_ROUTE KCLT..KGSO

TRACK_TIME 1167737286
TRACK A20110117579254 F2TH 385560 773000 120 30 999 NONE NONE 170
	FP_ROUTE KIAD..KJFK

TRACK_TIME 1167737286
TRACK A20110117579257 CL60 475400 1221660 120 30 999 NONE NONE 170
	FP_ROUTE KGEG..KPSC

TRACK_TIME 1167737286
TRACK A20110117579259 CL60 473700 1173300 120 30 999 NONE NONE 139
	FP_ROUTE KGEG..KPSC

TRACK_TIME 1167737286
TRACK A20110117579263 A320 275800 823300 120 30 999 NONE NONE 350
	FP_ROUTE KTPA..KDTW

TRACK_TIME 1167737286
TRACK A20110117579268 E170 404300 740760 120 30 999 NONE NONE 360
	FP_ROUTE KEWR..KCMH

TRACK_TIME 1167737286
TRACK A20110117579271 MD82 325100 970160 120 30 999 NONE NONE 330
	FP_ROUTE KDFW..KDAY

TRACK_TIME 1167737286
TRACK A20110117579275 DH8D 472560 1221900 120 30 999 NONE NONE 250
	FP_ROUTE KSEA..KGTF

TRACK_TIME 1167737286
TRACK A20110117579276 DH8D 472800 1112260 120 30 999 NONE NONE 140
	FP_ROUTE KGTF..KHLN

TRACK_TIME 1167737286
TRACK A20110117579277 A319 425560 875400 120 30 999 NONE NONE 390
	FP_ROUTE KMKE..KLGA

TRACK_TIME 1167737286
TRACK A20110117579278 A320 335100 1181200 120 30 999 NONE NONE 380
	FP_ROUTE KLGB..KSEA

TRACK_TIME 1167737286
TRACK A20110117579279 E135 403760 735100 120 30 999 NONE NONE 280
	FP_ROUTE KJFK..KCMH

TRACK_TIME 1167737286
TRACK A20110117579280 E135 325500 970160 120 30 999 NONE NONE 230
	FP_ROUTE KDFW..KLCH

TRACK_TIME 1167737286
TRACK A20110117579281 B738 420160 875800 120 30 999 NONE NONE 360
	FP_ROUTE KORD..KSJC

TRACK_TIME 1167737286
TRACK A20110117579284 B739 264060 800100 120 30 999 NONE NONE 350
	FP_ROUTE KPBI..KEWR

TRACK_TIME 1167737286
TRACK A20110117579294 A319 415860 875260 120 30 999 NONE NONE 390
	FP_ROUTE KORD..KDCA

TRACK_TIME 1167737286
TRACK A20110117579300 CRJ2 445260 931500 120 30 999 NONE NONE 280
	FP_ROUTE KMSP..KXNA

TRACK_TIME 1167737286
TRACK A20110117579306 DH8D 472700 1221900 120 30 999 NONE NONE 121
	FP_ROUTE KSEA..KBLI

TRACK_TIME 1167737286
TRACK A20110117579309 E145 325560 970160 120 30 999 NONE NONE 370
	FP_ROUTE KDFW..KMLI

TRACK_TIME 1167737286
TRACK A20110117579314 MD83 324500 1171360 120 30 999 NONE NONE 310
	FP_ROUTE KSAN..KDFW

TRACK_TIME 1167737286
TRACK A20110117579320 A320 445200 931000 120 30 999 NONE NONE 360
	FP_ROUTE KMSP..KSFO

TRACK_TIME 1167737286
TRACK A20110117579331 A321 404800 735200 120 30 999 NONE NONE 340
	FP_ROUTE KLGA..KFLL

TRACK_TIME 1167737286
TRACK A20110117579332 A319 260460 800760 120 30 999 NONE NONE 370
	FP_ROUTE KFLL..KDCA

TRACK_TIME 1167737286
TRACK A20110117579333 A321 421200 832200 120 30 999 NONE NONE 320
	FP_ROUTE KDTW..KLAS

TRACK_TIME 1167737286
TRACK A20110117579341 B739 384200 901360 120 30 999 NONE NONE 360
	FP_ROUTE KSTL..KSEA

TRACK_TIME 1167737286
TRACK A20110117579343 B738 415800 875860 120 30 999 NONE NONE 380
	FP_ROUTE KORD..KLAX

TRACK_TIME 1167737286
TRACK A20110117579344 A319 282400 811800 120 30 999 NONE NONE 170
	FP_ROUTE KMCO..KFLL

TRACK_TIME 1167737286
TRACK A20110117579348 C560 433400 964600 120 30 999 NONE NONE 200
	FP_ROUTE KFSD..KHON

TRACK_TIME 1167737286
TRACK A20110117579349 LJ35 551300 1314000 120 30 999 NONE NONE 390
	FP_ROUTE KKTN..KBFI

TRACK_TIME 1167737286
TRACK A20110117579355 E135 325500 970300 120 30 999 NONE NONE 270
	FP_ROUTE KDFW..KSGF

TRACK_TIME 1167737286
TRACK A20110117579363 B735 415560 875400 120 30 999 NONE NONE 370
	FP_ROUTE KORD..KEWR

TRACK_TIME 1167737286
TRACK A20110117579371 DH8D 384900 1044300 120 30 999 NONE NONE 120
	FP_ROUTE KCOS..KDEN

TRACK_TIME 1167737286
TRACK A20110117579373 B735 295860 951800 120 30 999 NONE NONE 370
	FP_ROUTE KIAH..KTUL

TRACK_TIME 1167737286
TRACK A20110117579378 CRJ9 333900 843160 120 30 999 NONE NONE 100
	FP_ROUTE KATL..KMEM

TRACK_TIME 1167737286
TRACK A20110117579382 B737 360760 863900 120 30 999 NONE NONE 400
	FP_ROUTE KBNA..KECP

TRACK_TIME 1167737286
TRACK A20110117579384 C560 372260 1215700 120 30 999 NONE NONE 60
	FP_ROUTE KSJC..KMRY

TRACK_TIME 1167737286
TRACK A20110117579392 A320 404500 735100 120 30 999 NONE NONE 360
	FP_ROUTE KLGA..KPBI

TRACK_TIME 1167737286
TRACK A20110117579393 B738 333900 842200 120 30 999 NONE NONE 360
	FP_ROUTE KATL..KDEN

TRACK_TIME 1167737286
TRACK A20110117579394 DH8D 335700 1182800 120 30 999 NONE NONE 220
	FP_ROUTE KLAX..KMMH

TRACK_TIME 1167737286
TRACK A20110117579397 E145 295700 952100 120 30 999 NONE NONE 50
	FP_ROUTE KIAH..KCRP

TRACK_TIME 1167737286
TRACK A20110117579405 B737 282200 811900 120 30 999 NONE NONE 101
	FP_ROUTE KMCO..KRSW

TRACK_TIME 1167737286
TRACK A20110117579408 E145 295860 951800 120 30 999 NONE NONE 280
	FP_ROUTE KIAH..KICT

TRACK_TIME 1167737286
TRACK A20110117579409 SH36 295700 952100 120 30 999 NONE NONE 60
	FP_ROUTE KIAH..KAUS

TRACK_TIME 1167737286
TRACK A20110117579414 CRJ2 344500 921200 120 30 999 NONE NONE 290
	FP_ROUTE KLIT..KATL

TRACK_TIME 1167737286
TRACK A20110117579417 B737 293300 982700 120 30 999 NONE NONE 290
	FP_ROUTE KSAT..KDAL

TRACK_TIME 1167737286
TRACK A20110117579418 B738 373760 1222200 120 30 999 NONE NONE 370
	FP_ROUTE KSFO..KDTW

TRACK_TIME 1167737286
TRACK A20110117579419 B738 421200 832100 120 30 999 NONE NONE 370
	FP_ROUTE KDTW..KBDL

TRACK_TIME 1167737286
TRACK A20110117579423 CRJ2 403900 734900 120 30 999 NONE NONE 220
	FP_ROUTE KJFK..KSYR

TRACK_TIME 1167737286
TRACK A20110117579424 B752 415700 874960 120 30 999 NONE NONE 370
	FP_ROUTE KORD..KTPA

TRACK_TIME 1167737286
TRACK A20110117579425 DH8D 453460 1223700 120 30 999 NONE NONE 250
	FP_ROUTE KPDX..KSJC

TRACK_TIME 1167737286
TRACK A20110117579426 B737 324960 964900 120 30 999 NONE NONE 70
	FP_ROUTE KDAL..KHOU

TRACK_TIME 1167737286
TRACK A20110117579432 B737 293760 951660 120 30 999 NONE NONE 390
	FP_ROUTE KHOU..KMDW

TRACK_TIME 1167737286
TRACK A20110117579433 B737 414660 874300 120 30 999 NONE NONE 390
	FP_ROUTE KMDW..KIAD

TRACK_TIME 1167737286
TRACK A20110117579434 B735 295800 951960 120 30 999 NONE NONE 310
	FP_ROUTE KIAH..KIND

TRACK_TIME 1167737286
TRACK A20110117579435 B752 472560 1221800 120 30 999 NONE NONE 370
	FP_ROUTE KSEA..KORD

TRACK_TIME 1167737286
TRACK A20110117579437 B752 433400 1104600 120 30 999 NONE NONE 390
	FP_ROUTE KJAC..KORD

TRACK_TIME 1167737286
TRACK A20110117579439 B712 260400 801060 120 30 999 NONE NONE 330
	FP_ROUTE KFLL..KATL

TRACK_TIME 1167737286
TRACK A20110117579442 E170 272260 823160 120 30 999 NONE NONE 350
	FP_ROUTE KSRQ..KCLT

TRACK_TIME 1167737286
TRACK A20110117579443 E170 351060 805560 120 30 999 NONE NONE 110
	FP_ROUTE KCLT..KGSO

TRACK_TIME 1167737286
TRACK A20110117579444 B737 332560 1120160 120 30 999 NONE NONE 340
	FP_ROUTE KPHX..KBUR

TRACK_TIME 1167737286
TRACK A20110117579446 B737 341060 1182100 120 30 999 NONE NONE 380
	FP_ROUTE KBUR..KSMF

TRACK_TIME 1167737286
TRACK A20110117579447 CRJ2 351200 805700 120 30 999 NONE NONE 100
	FP_ROUTE KCLT..KAVL

TRACK_TIME 1167737286
TRACK A20110117579454 B734 254660 801900 120 30 999 NONE NONE 330
	FP_ROUTE KMIA..KCLT

TRACK_TIME 1167737286
TRACK A20110117579461 B744 415800 875800 120 30 999 NONE NONE 360
	FP_ROUTE KORD..KANC

TRACK_TIME 1167737286
TRACK A20110117579462 A319 394200 861800 120 30 999 NONE NONE 50
	FP_ROUTE KIND..KCLT

TRACK_TIME 1167737286
TRACK A20110117579470 B737 453600 1223700 120 30 999 NONE NONE 410
	FP_ROUTE KPDX..KSAN

TRACK_TIME 1167737286
TRACK A20110117579472 CRJ1 390300 844060 120 30 999 NONE NONE 340
	FP_ROUTE KCVG..KMSP

TRACK_TIME 1167737286
TRACK A20110117579480 B763 420000 875560 120 30 999 NONE NONE 360
	FP_ROUTE KORD..KSFO

TRACK_TIME 1167737286
TRACK A20110117579491 A319 425560 875400 120 30 999 NONE NONE 370
	FP_ROUTE KMKE..KDCA

TRACK_TIME 1167737286
TRACK A20110117579494 B752 205700 1562260 120 30 999 NONE NONE 300
	FP_ROUTE KOGG..KLAX

TRACK_TIME 1167737286
TRACK A20110117579496 CRJ2 333900 842400 120 30 999 NONE NONE 120
	FP_ROUTE KATL..KCHA

TRACK_TIME 1167737286
TRACK A20110117579497 E135 331960 1114060 120 30 999 NONE NONE 360
	FP_ROUTE KIWA..KHIO

TRACK_TIME 1167737286
TRACK A20110117579498 A319 395260 1043460 120 30 999 NONE NONE 370
	FP_ROUTE KDEN..KMKE

TRACK_TIME 1167737286
TRACK A20110117579499 B763 333760 842260 120 30 999 NONE NONE 330
	FP_ROUTE KATL..KPOB

TRACK_TIME 1167737286
TRACK A20110117579500 A319 395500 1044300 120 30 999 NONE NONE 380
	FP_ROUTE KDEN..KLAX

TRACK_TIME 1167737286
TRACK A20110117579501 CRJ9 404600 1115800 120 30 999 NONE NONE 350
	FP_ROUTE KSLC..KAUS

TRACK_TIME 1167737286
TRACK A20110117579502 B733 301600 974600 120 30 999 NONE NONE 360
	FP_ROUTE KAUS..KPHX

TRACK_TIME 1167737286
TRACK A20110117579503 B733 332560 1120160 120 30 999 NONE NONE 339
	FP_ROUTE KPHX..KBUR

TRACK_TIME 1167737286
TRACK A20110117579504 B737 293760 951600 120 30 999 NONE NONE 280
	FP_ROUTE KHOU..KDAL

TRACK_TIME 1167737286
TRACK A20110117579505 B737 325200 965260 120 30 999 NONE NONE 340
	FP_ROUTE KDAL..KABQ

TRACK_TIME 1167737286
TRACK A20110117579506 B737 350300 1063460 120 30 999 NONE NONE 400
	FP_ROUTE KABQ..KLAX

TRACK_TIME 1167737286
TRACK A20110117579508 B735 350160 1063460 120 30 999 NONE NONE 320
	FP_ROUTE KABQ..KTUS

TRACK_TIME 1167737286
TRACK A20110117579509 B735 320600 1105560 120 30 999 NONE NONE 340
	FP_ROUTE KTUS..KSAN

TRACK_TIME 1167737286
TRACK A20110117579511 CRJ2 345860 851300 120 30 999 NONE NONE 130
	FP_ROUTE KCHA..KATL

TRACK_TIME 1167737286
TRACK A20110117579513 B735 324500 1171300 120 30 999 NONE NONE 340
	FP_ROUTE KSAN..KOAK

TRACK_TIME 1167737286
TRACK A20110117579526 CRJ1 425700 784300 120 30 999 NONE NONE 220
	FP_ROUTE KBUF..KDTW

TRACK_TIME 1167737286
TRACK A20110117579528 A320 421200 832200 120 30 999 NONE NONE 220
	FP_ROUTE KDTW..KIND

TRACK_TIME 1167737286
TRACK A20110117579535 E145 302860 814060 120 30 999 NONE NONE 280
	FP_ROUTE KJAX..KMIA

TRACK_TIME 1167737286
TRACK A20110117579537 B735 374360 1221600 120 30 999 NONE NONE 230
	FP_ROUTE KOAK..KRNO

TRACK_TIME 1167737286
TRACK A20110117579538 A319 385400 770400 120 30 999 NONE NONE 360
	FP_ROUTE KDCA..KPHX

TRACK_TIME 1167737286
TRACK A20110117579541 A319 332560 1120160 120 30 999 NONE NONE 320
	FP_ROUTE KPHX..KRNO

TRACK_TIME 1167737286
TRACK A20110117579543 EA50 360700 1150900 120 30 999 NONE NONE 290
	FP_ROUTE KLAS..KSDL

TRACK_TIME 1167737286
TRACK A20110117579544 EA50 333760 1115400 120 30 999 NONE NONE 100
	FP_ROUTE KSDL..KLAS

TRACK_TIME 1167737286
TRACK A20110117579545 EA50 360600 1150900 120 30 999 NONE NONE 290
	FP_ROUTE KLAS..KSDL

TRACK_TIME 1167737286
TRACK A20110117579546 EA50 333760 1115400 120 30 999 NONE NONE 21
	FP_ROUTE KSDL..KDVT

TRACK_TIME 1167737286
TRACK A20110117579547 E135 360760 863900 120 30 999 NONE NONE 349
	FP_ROUTE KBNA..KDCA

TRACK_TIME 1167737286
TRACK A20110117579550 B738 325100 970300 120 30 999 NONE NONE 380
	FP_ROUTE KDFW..KLAS

TRACK_TIME 1167737286
TRACK A20110117579551 AT72 310300 974960 120 30 999 NONE NONE 100
	FP_ROUTE KGRK..KDFW

TRACK_TIME 1167737286
TRACK A20110117579554 E145 420000 874960 120 30 999 NONE NONE 370
	FP_ROUTE KORD..KBWI

TRACK_TIME 1167737286
TRACK A20110117579555 B733 324360 1171360 120 30 999 NONE NONE 230
	FP_ROUTE KSAN..KPHX

TRACK_TIME 1167737286
TRACK A20110117579556 B733 332560 1120160 120 30 999 NONE NONE 380
	FP_ROUTE KPHX..KPDX

TRACK_TIME 1167737286
TRACK A20110117579558 A320 372260 1215700 120 30 999 NONE NONE 370
	FP_ROUTE KSJC..KBOS

TRACK_TIME 1167737286
TRACK A20110117579559 B738 415860 875100 120 30 999 NONE NONE 290
	FP_ROUTE KORD..KCLE

TRACK_TIME 1167737286
TRACK A20110117579561 B738 472560 1221900 120 30 999 NONE NONE 340
	FP_ROUTE KSEA..KOGG

TRACK_TIME 1167737286
TRACK A20110117579562 DH8D 472560 1221800 120 30 999 NONE NONE 230
	FP_ROUTE KSEA..KBIL

TRACK_TIME 1167737286
TRACK A20110117579564 B737 384000 1213400 120 30 999 NONE NONE 390
	FP_ROUTE KSMF..KLAX

TRACK_TIME 1167737286
TRACK A20110117579565 B737 335700 1182800 120 30 999 NONE NONE 391
	FP_ROUTE KLAX..KHOU

TRACK_TIME 1167737286
TRACK A20110117579567 B752 420000 875700 120 30 999 NONE NONE 320
	FP_ROUTE KORD..KSNA

TRACK_TIME 1167737286
TRACK A20110117579570 CRJ2 445260 931000 120 30 999 NONE NONE 170
	FP_ROUTE KMSP..KDLH

TRACK_TIME 1167737286
TRACK A20110117579577 B732 211900 1575400 120 30 999 NONE NONE 160
	FP_ROUTE KHNL..KLIH

TRACK_TIME 1167737286
TRACK A20110117579583 CRJ9 395100 1044600 120 30 999 NONE NONE 340
	FP_ROUTE KDEN..KSLC

TRACK_TIME 1167737286
TRACK A20110117579585 CRJ2 373760 1222200 120 30 999 NONE NONE 270
	FP_ROUTE KSFO..KONT

TRACK_TIME 1167737286
TRACK A20110117579588 AT72 325200 970000 120 30 999 NONE NONE 89
	FP_ROUTE KDFW..KTXK

TRACK_TIME 1167737286
TRACK A20110117579590 A332 211800 1575260 120 30 999 NONE NONE 410
	FP_ROUTE KHNL..KLAS

TRACK_TIME 1167737286
TRACK A20110117579591 CRJ2 340300 1173700 120 30 999 NONE NONE 320
	FP_ROUTE KONT..KSFO

TRACK_TIME 1167737286
TRACK A20110117579596 CRJ2 211900 1575700 120 30 999 NONE NONE 230
	FP_ROUTE KHNL..KKOA

TRACK_TIME 1167737286
TRACK A20110117579597 E120 335700 1182700 120 30 999 NONE NONE 160
	FP_ROUTE KLAX..KSBP

TRACK_TIME 1167737286
TRACK A20110117579598 E120 351500 1204000 120 30 999 NONE NONE 170
	FP_ROUTE KSBP..KLAX

TRACK_TIME 1167737286
TRACK A20110117579599 CRJ2 415560 875200 120 30 999 NONE NONE 70
	FP_ROUTE KORD..KMKE

TRACK_TIME 1167737286
TRACK A20110117579600 DH8D 404300 740760 120 30 999 NONE NONE 150
	FP_ROUTE KEWR..KBTV

TRACK_TIME 1167737286
TRACK A20110117579602 DH8D 442560 730700 120 30 999 NONE NONE 160
	FP_ROUTE KBTV..KEWR

TRACK_TIME 1167737286
TRACK A20110117579603 E190 264060 800760 120 30 999 NONE NONE 290
	FP_ROUTE KPBI..KHPN

TRACK_TIME 1167737286
TRACK A20110117579605 C550 341300 1183000 120 30 999 NONE NONE 370
	FP_ROUTE KVNY..KCXO

TRACK_TIME 1167737286
TRACK A20110117579611 A318 395100 1044500 120 30 999 NONE NONE 380
	FP_ROUTE KDEN..KPDX

TRACK_TIME 1167737286
TRACK A20110117579615 SF34 391800 801360 120 30 999 NONE NONE 17
	FP_ROUTE KCKB..KMGW

TRACK_TIME 1167737286
TRACK A20110117579616 SF34 393760 795500 120 30 999 NONE NONE 60
	FP_ROUTE KMGW..KIAD

TRACK_TIME 1167737286
TRACK A20110117579623 DH8D 472700 1221800 120 30 999 NONE NONE 130
	FP_ROUTE KSEA..KEAT

TRACK_TIME 1167737286
TRACK A20110117579627 CRJ2 440300 1030400 120 30 999 NONE NONE 320
	FP_ROUTE KRAP..KSLC

TRACK_TIME 1167737286
TRACK A20110117579629 CRJ2 404960 1120160 120 30 999 NONE NONE 320
	FP_ROUTE KSLC..KSJC

TRACK_TIME 1167737286
TRACK A20110117579634 B732 215800 1591600 120 30 999 NONE NONE 91
	FP_ROUTE KLIH..KHNL

TRACK_TIME 1167737286
TRACK A20110117579635 B734 351500 805560 120 30 999 NONE NONE 290
	FP_ROUTE KCLT..KBDL

TRACK_TIME 1167737286
TRACK A20110117579636 CRJ2 425700 784300 120 30 999 NONE NONE 270
	FP_ROUTE KBUF..KBOS

TRACK_TIME 1167737286
TRACK A20110117579639 CRJ2 334800 1162860 120 30 999 NONE NONE 330
	FP_ROUTE KPSP..KSLC

TRACK_TIME 1167737286
TRACK A20110117579640 CRJ2 461500 1190760 120 30 999 NONE NONE 330
	FP_ROUTE KPSC..KSLC

TRACK_TIME 1167737286
TRACK A20110117579647 MD83 345500 821200 120 30 999 NONE NONE 320
	FP_ROUTE KGSP..KPGD

TRACK_TIME 1167737286
TRACK A20110117579650 MD82 421200 764900 120 30 999 NONE NONE 320
	FP_ROUTE KELM..KSFB

TRACK_TIME 1167737286
TRACK A20110117579657 AT72 325400 970160 120 30 999 NONE NONE 150
	FP_ROUTE KDFW..KMLU

TRACK_TIME 1167737286
TRACK A20110117579665 B737 404300 740900 120 30 999 NONE NONE 380
	FP_ROUTE KEWR..KSAT

TRACK_TIME 1167737286
TRACK A20110117579667 B753 211800 1575260 120 30 999 NONE NONE 329
	FP_ROUTE KHNL..KLAX

TRACK_TIME 1167737286
TRACK A20110117579668 MD82 404800 735200 120 30 999 NONE NONE 260
	FP_ROUTE KLGA..KSTL

TRACK_TIME 1167737286
TRACK A20110117579669 B737 360700 1150900 120 30 999 NONE NONE 290
	FP_ROUTE KLAS..KPHX

TRACK_TIME 1167737286
TRACK A20110117579670 E145 420000 875560 120 30 999 NONE NONE 210
	FP_ROUTE KORD..KTVC

TRACK_TIME 1167737286
TRACK A20110117579677 B753 472560 1221800 120 30 999 NONE NONE 300
	FP_ROUTE KSEA..KHNL

TRACK_TIME 1167737286
TRACK A20110117579678 MD83 325500 970160 120 30 999 NONE NONE 270
	FP_ROUTE KDFW..KPHL

TRACK_TIME 1167737286
TRACK A20110117579683 DH8A 404900 735100 120 30 999 NONE NONE 130
	FP_ROUTE KLGA..KALB

TRACK_TIME 1167737286
TRACK A20110117579686 B752 374000 1222200 120 30 999 NONE NONE 330
	FP_ROUTE KSFO..KLAX

TRACK_TIME 1167737286
TRACK A20110117579687 MD82 325560 970160 120 30 999 NONE NONE 270
	FP_ROUTE KDFW..KBNA

TRACK_TIME 1167737286
TRACK A20110117579696 E170 395260 751060 120 30 999 NONE NONE 230
	FP_ROUTE KPHL..KRDU

TRACK_TIME 1167737286
TRACK A20110117579699 DH8D 433400 1161360 120 30 999 NONE NONE 240
	FP_ROUTE KBOI..KSJC

TRACK_TIME 1167737286
TRACK A20110117579700 DH8D 372260 1215700 120 30 999 NONE NONE 100
	FP_ROUTE KSJC..KSMF

TRACK_TIME 1167737286
TRACK A20110117579701 DH8D 384000 1213600 120 30 999 NONE NONE 250
	FP_ROUTE KSMF..KBOI

TRACK_TIME 1167737286
TRACK A20110117579702 A319 351200 805700 120 30 999 NONE NONE 380
	FP_ROUTE KCLT..KMSP

TRACK_TIME 1167737286
TRACK A20110117579706 A320 335700 1182800 120 30 999 NONE NONE 350
	FP_ROUTE KLAX..KJFK

TRACK_TIME 1167737286
TRACK A20110117579711 DH8D 481800 1141600 120 30 999 NONE NONE 240
	FP_ROUTE KGPI..KSEA

TRACK_TIME 1167737286
TRACK A20110117579723 E120 395100 1044600 120 30 999 NONE NONE 240
	FP_ROUTE KDEN..KSHR

TRACK_TIME 1167737286
TRACK A20110117579724 E120 444900 1070300 120 30 999 NONE NONE 250
	FP_ROUTE KSHR..KISN

TRACK_TIME 1167737286
TRACK A20110117579725 E135 303600 911000 120 30 999 NONE NONE 260
	FP_ROUTE KBTR..KDFW

TRACK_TIME 1167737286
TRACK A20110117579726 CRJ2 351000 805700 120 30 999 NONE NONE 280
	FP_ROUTE KCLT..KCAK

TRACK_TIME 1167737286
TRACK A20110117579728 B752 335560 1182560 120 30 999 NONE NONE 350
	FP_ROUTE KLAX..KDFW

TRACK_TIME 1167737286
TRACK A20110117579735 A320 324360 1171360 120 30 999 NONE NONE 350
	FP_ROUTE KSAN..KMSP

TRACK_TIME 1167737286
TRACK A20110117579736 B738 275860 823300 120 30 999 NONE NONE 251
	FP_ROUTE KTPA..KMIA

TRACK_TIME 1167737286
TRACK A20110117579740 B733 444960 931360 120 30 999 NONE NONE 340
	FP_ROUTE KMSP..KDEN

TRACK_TIME 1167737286
TRACK A20110117579743 E145 344300 921500 120 30 999 NONE NONE 360
	FP_ROUTE KLIT..KDEN

TRACK_TIME 1167737286
TRACK A20110117579748 B739 472560 1221900 120 30 999 NONE NONE 360
	FP_ROUTE KSEA..KFAI

TRACK_TIME 1167737286
TRACK A20110117579756 B733 394800 1043900 120 30 999 NONE NONE 340
	FP_ROUTE KDEN..KTUS

TRACK_TIME 1167737286
TRACK A20110117579758 CRJ9 445260 931060 120 30 999 NONE NONE 340
	FP_ROUTE KMSP..KBOI

TRACK_TIME 1167737286
TRACK A20110117579759 B734 254800 801600 120 30 999 NONE NONE 330
	FP_ROUTE KMIA..KCLT

TRACK_TIME 1167737286
TRACK A20110117579761 B712 194300 1550100 120 30 999 NONE NONE 280
	FP_ROUTE KITO..KHNL

TRACK_TIME 1167737286
TRACK A20110117579770 BE20 444900 932560 120 30 999 NONE NONE 39
	FP_ROUTE KFCM..KSTP

TRACK_TIME 1167737286
TRACK A20110117579771 BE20 445500 930300 120 30 999 NONE NONE 150
	FP_ROUTE KSTP..KHIB

TRACK_TIME 1167737286
TRACK A20110117579775 E145 254800 801600 120 30 999 NONE NONE 370
	FP_ROUTE KMIA..KTYS

TRACK_TIME 1167737286
TRACK A20110117579781 B733 384360 901660 120 30 999 NONE NONE 230
	FP_ROUTE KSTL..KSDF

TRACK_TIME 1167737286
TRACK A20110117579789 E145 415700 724000 120 30 999 NONE NONE 280
	FP_ROUTE KBDL..KCVG

TRACK_TIME 1167737286
TRACK A20110117579797 E135 403760 734960 120 30 999 NONE NONE 160
	FP_ROUTE KJFK..KDCA

TRACK_TIME 1167737286
TRACK A20110117579806 A320 334960 1181060 120 30 999 NONE NONE 130
	FP_ROUTE KLGB..KLAS

TRACK_TIME 1167737286
TRACK A20110117579809 B737 332560 1120160 120 30 999 NONE NONE 400
	FP_ROUTE KPHX..KSJC

TRACK_TIME 1167737286
TRACK A20110117579810 CRJ9 333700 841960 120 30 999 NONE NONE 240
	FP_ROUTE KATL..KHOU

TRACK_TIME 1167737286
TRACK A20110117579813 CRJ9 293760 951800 120 30 999 NONE NONE 350
	FP_ROUTE KHOU..KATL

TRACK_TIME 1167737286
TRACK A20110117579814 MD83 394800 1043900 120 30 999 NONE NONE 290
	FP_ROUTE KDEN..KDFW

TRACK_TIME 1167737286
TRACK A20110117579819 CRJ2 333900 842700 120 30 999 NONE NONE 260
	FP_ROUTE KATL..KVPS

TRACK_TIME 1167737286
TRACK A20110117579821 A319 403000 801800 120 30 999 NONE NONE 380
	FP_ROUTE KPIT..KLAX

TRACK_TIME 1167737286
TRACK A20110117579826 B735 404300 740760 120 30 999 NONE NONE 360
	FP_ROUTE KEWR..KAUS

TRACK_TIME 1167737286
TRACK A20110117579827 CRJ9 433300 1161000 120 30 999 NONE NONE 350
	FP_ROUTE KBOI..KMSP

TRACK_TIME 1167737286
TRACK A20110117579830 B739 360700 1150900 120 30 999 NONE NONE 340
	FP_ROUTE KLAS..KSEA

TRACK_TIME 1167737286
TRACK A20110117579833 CRJ9 444960 931360 120 30 999 NONE NONE 310
	FP_ROUTE KMSP..KSTL

TRACK_TIME 1167737286
TRACK A20110117579835 B738 335500 1182800 120 30 999 NONE NONE 370
	FP_ROUTE KLAX..KIAH

TRACK_TIME 1167737286
TRACK A20110117579843 B752 394900 1044360 120 30 999 NONE NONE 380
	FP_ROUTE KDEN..KSFO

TRACK_TIME 1167737286
TRACK A20110117579845 CRJ2 385100 1044000 120 30 999 NONE NONE 340
	FP_ROUTE KCOS..KLAX

TRACK_TIME 1167737286
TRACK A20110117579846 CRJ2 445400 931500 120 30 999 NONE NONE 270
	FP_ROUTE KMSP..KBMI

TRACK_TIME 1167737286
TRACK A20110117579847 E145 371360 932260 120 30 999 NONE NONE 169
	FP_ROUTE KSGF..KSTL

TRACK_TIME 1167737286
TRACK A20110117579848 CRJ2 350160 1063160 120 30 999 NONE NONE 320
	FP_ROUTE KABQ..KLAX

TRACK_TIME 1167737286
TRACK A20110117579849 A319 403000 801660 120 30 999 NONE NONE 230
	FP_ROUTE KPIT..KPHL

TRACK_TIME 1167737286
TRACK A20110117579850 B737 360400 864060 120 30 999 NONE NONE 390
	FP_ROUTE KBNA..KTPA

TRACK_TIME 1167737286
TRACK A20110117579852 CRJ2 395100 1044660 120 30 999 NONE NONE 280
	FP_ROUTE KDEN..KCOD

TRACK_TIME 1167737286
TRACK A20110117579853 CRJ2 421360 760000 120 30 999 NONE NONE 100
	FP_ROUTE KBGM..KPHL

TRACK_TIME 1167737286
TRACK A20110117579854 AT72 262500 814300 120 30 999 NONE NONE 90
	FP_ROUTE KRSW..KMIA

TRACK_TIME 1167737286
TRACK A20110117579855 B737 300760 973900 120 30 999 NONE NONE 390
	FP_ROUTE KAUS..KBNA

TRACK_TIME 1167737286
TRACK A20110117579856 CRJ2 395100 1044500 120 30 999 NONE NONE 260
	FP_ROUTE KDEN..KDRO

TRACK_TIME 1167737286
TRACK A20110117579859 E120 373760 1222200 120 30 999 NONE NONE 260
	FP_ROUTE KSFO..KLMT

TRACK_TIME 1167737286
TRACK A20110117579861 E145 254800 801500 120 30 999 NONE NONE 370
	FP_ROUTE KMIA..KCVG

TRACK_TIME 1167737286
TRACK A20110117579864 A320 324500 1171500 120 30 999 NONE NONE 350
	FP_ROUTE KSAN..KJFK

TRACK_TIME 1167737286
TRACK A20110117579867 A320 445400 931600 120 30 999 NONE NONE 360
	FP_ROUTE KMSP..KLAS

TRACK_TIME 1167737286
TRACK A20110117579869 E120 373760 1222100 120 30 999 NONE NONE 190
	FP_ROUTE KSFO..KSBP

TRACK_TIME 1167737286
TRACK A20110117579877 CRJ2 385400 770400 120 30 999 NONE NONE 110
	FP_ROUTE KDCA..KPHL

TRACK_TIME 1167737286
TRACK A20110117579880 CRJ2 475800 971000 120 30 999 NONE NONE 330
	FP_ROUTE KGFK..KMKE

TRACK_TIME 1167737286
TRACK A20110117579881 FA10 303900 874360 120 30 999 NONE NONE 330
	FP_ROUTE KPQL..KSFB

TRACK_TIME 1167737286
TRACK A20110117579882 E170 465560 964800 120 30 999 NONE NONE 270
	FP_ROUTE KFAR..KMSP

TRACK_TIME 1167737286
TRACK A20110117579887 E170 445100 931300 120 30 999 NONE NONE 350
	FP_ROUTE KMSP..KBWI

TRACK_TIME 1167737286
TRACK A20110117579889 B752 373760 1222500 120 30 999 NONE NONE 370
	FP_ROUTE KSFO..KOGG

TRACK_TIME 1167737286
TRACK A20110117579893 E170 295800 901500 120 30 999 NONE NONE 330
	FP_ROUTE KMSY..KDCA

TRACK_TIME 1167737286
TRACK A20110117579901 A319 360700 1150900 120 30 999 NONE NONE 350
	FP_ROUTE KLAS..KORD

TRACK_TIME 1167737286
TRACK A20110117579917 B752 334000 843300 120 30 999 NONE NONE 380
	FP_ROUTE KATL..KSFO

TRACK_TIME 1167737286
TRACK A20110117579919 A319 335560 1182700 120 30 999 NONE NONE 370
	FP_ROUTE KLAX..KDEN

TRACK_TIME 1167737286
TRACK A20110117579922 B752 335700 1182700 120 30 999 NONE NONE 360
	FP_ROUTE KLAX..KSFO

TRACK_TIME 1167737286
TRACK A20110117579927 A319 293760 951800 120 30 999 NONE NONE 380
	FP_ROUTE KHOU..KDEN

TRACK_TIME 1167737286
TRACK A20110117579928 A320 335560 1182560 120 30 999 NONE NONE 330
	FP_ROUTE KLAX..KDTW

TRACK_TIME 1167737286
TRACK A20110117579929 A320 373760 1222100 120 30 999 NONE NONE 350
	FP_ROUTE KSFO..KBOS

TRACK_TIME 1167737286
TRACK A20110117579932 A319 380900 854300 120 30 999 NONE NONE 380
	FP_ROUTE KSDF..KDEN

TRACK_TIME 1167737286
TRACK A20110117579937 E145 411660 955260 120 30 999 NONE NONE 370
	FP_ROUTE KOMA..KIAH

TRACK_TIME 1167737286
TRACK A20110117579941 E145 335560 810600 120 30 999 NONE NONE 290
	FP_ROUTE KCAE..KDCA

TRACK_TIME 1167737286
TRACK A20110117579942 E145 421200 832260 120 30 999 NONE NONE 100
	FP_ROUTE KDTW..KORD

TRACK_TIME 1167737286
TRACK A20110117579947 E145 385260 770300 120 30 999 NONE NONE 250
	FP_ROUTE KDCA..KBDL

TRACK_TIME 1167737286
TRACK A20110117579949 B738 324360 1171300 120 30 999 NONE NONE 370
	FP_ROUTE KSAN..KORD

TRACK_TIME 1167737286
TRACK A20110117579950 E170 402860 801060 120 30 999 NONE NONE 230
	FP_ROUTE KPIT..KPHL

TRACK_TIME 1167737286
TRACK A20110117579953 A319 373760 1222200 120 30 999 NONE NONE 330
	FP_ROUTE KSFO..KLAX

TRACK_TIME 1167737286
TRACK A20110117579961 CRJ2 461500 1190900 120 30 999 NONE NONE 370
	FP_ROUTE KPSC..KSFO

TRACK_TIME 1167737286
TRACK A20110117579964 A319 394660 1043900 120 30 999 NONE NONE 370
	FP_ROUTE KDEN..KHOU

TRACK_TIME 1167737286
TRACK A20110117579969 CRJ2 205500 1562400 120 30 999 NONE NONE 120
	FP_ROUTE KOGG..KHNL

TRACK_TIME 1167737286
TRACK A20110117579971 CRJ2 211900 1575700 120 30 999 NONE NONE 30
	FP_ROUTE KHNL..KLIH

TRACK_TIME 1167737286
TRACK A20110117579972 B737 295860 951800 120 30 999 NONE NONE 380
	FP_ROUTE KIAH..KSEA

TRACK_TIME 1167737286
TRACK A20110117579976 CRJ2 373760 1222200 120 30 999 NONE NONE 270
	FP_ROUTE KSFO..KBUR

TRACK_TIME 1167737286
TRACK A20110117579977 B737 472560 1221800 120 30 999 NONE NONE 380
	FP_ROUTE KSEA..KANC

TRACK_TIME 1167737286
TRACK A20110117579979 A320 420160 875800 120 30 999 NONE NONE 380
	FP_ROUTE KORD..KPDX

TRACK_TIME 1167737286
TRACK A20110117579982 B752 254800 801600 120 30 999 NONE NONE 350
	FP_ROUTE KMIA..KLGA

TRACK_TIME 1167737286
TRACK A20110117579984 B737 293300 982700 120 30 999 NONE NONE 380
	FP_ROUTE KSAT..KDEN

TRACK_TIME 1167737286
TRACK A20110117579987 E145 444300 853760 120 30 999 NONE NONE 160
	FP_ROUTE KTVC..KSAW

TRACK_TIME 1167737286
TRACK A20110117579992 B737 395200 1043460 120 30 999 NONE NONE 390
	FP_ROUTE KDEN..KMCO

TRACK_TIME 1167737286
TRACK A20110117579996 B737 425500 875400 120 30 999 NONE NONE 400
	FP_ROUTE KMKE..KSEA

TRACK_TIME 1167737286
TRACK A20110117579998 E170 325200 970300 120 30 999 NONE NONE 370
	FP_ROUTE KDFW..KMSP

TRACK_TIME 1167737286
TRACK A20110117580002 A320 334960 1181000 120 30 999 NONE NONE 340
	FP_ROUTE KLGB..KSFO

TRACK_TIME 1167737286
TRACK A20110117580004 E170 384360 901600 120 30 999 NONE NONE 320
	FP_ROUTE KSTL..KMSP

TRACK_TIME 1167737286
TRACK A20110117580006 E145 273160 992800 120 30 999 NONE NONE 270
	FP_ROUTE KLRD..KIAH

TRACK_TIME 1167737286
TRACK A20110117580009 B737 384000 1213300 120 30 999 NONE NONE 330
	FP_ROUTE KSMF..KBUR

TRACK_TIME 1167737286
TRACK A20110117580010 B737 341060 1182100 120 30 999 NONE NONE 330
	FP_ROUTE KBUR..KPHX

TRACK_TIME 1167737286
TRACK A20110117580011 B737 332560 1120160 120 30 999 NONE NONE 400
	FP_ROUTE KPHX..KSEA

TRACK_TIME 1167737286
TRACK A20110117580015 A319 385200 770300 120 30 999 NONE NONE 360
	FP_ROUTE KDCA..KFLL

TRACK_TIME 1167737286
TRACK A20110117580016 CRJ2 421000 832100 120 30 999 NONE NONE 340
	FP_ROUTE KDTW..KBNA

TRACK_TIME 1167737286
TRACK A20110117580018 E135 425100 853100 120 30 999 NONE NONE 100
	FP_ROUTE KGRR..KORD

TRACK_TIME 1167737286
TRACK A20110117580019 E145 431000 891900 120 30 999 NONE NONE 110
	FP_ROUTE KMSN..KORD

TRACK_TIME 1167737286
TRACK A20110117580020 CRJ2 404600 1115800 120 30 999 NONE NONE 340
	FP_ROUTE KSLC..KLAX

TRACK_TIME 1167737286
TRACK A20110117580022 E135 363600 1215260 120 30 999 NONE NONE 270
	FP_ROUTE KMRY..KLAX

TRACK_TIME 1167737286
TRACK A20110117580023 E145 362100 942200 120 30 999 NONE NONE 109
	FP_ROUTE KXNA..KDFW

TRACK_TIME 1167737286
TRACK A20110117580026 CRJ2 404900 1120000 120 30 999 NONE NONE 340
	FP_ROUTE KSLC..KLGB

TRACK_TIME 1167737286
TRACK A20110117580027 A319 394960 1043600 120 30 999 NONE NONE 380
	FP_ROUTE KDEN..KGEG

TRACK_TIME 1167737286
TRACK A20110117580029 B733 293900 951800 120 30 999 NONE NONE 340
	FP_ROUTE KHOU..KLAS

TRACK_TIME 1167737286
TRACK A20110117580033 CRJ2 445200 931000 120 30 999 NONE NONE 260
	FP_ROUTE KMSP..KFAR

TRACK_TIME 1167737286
TRACK A20110117580038 A321 351360 805560 120 30 999 NONE NONE 281
	FP_ROUTE KCLT..KMCO

TRACK_TIME 1167737286
TRACK A20110117580039 CRJ2 440300 1030400 120 30 999 NONE NONE 260
	FP_ROUTE KRAP..KDEN

TRACK_TIME 1167737286
TRACK A20110117580040 BE9L 392200 1014660 120 30 999 NONE NONE 140
	FP_ROUTE KGLD..KAPA

TRACK_TIME 1167737286
TRACK A20110117580046 BE9L 393600 1044800 120 30 999 NONE NONE 169
	FP_ROUTE KAPA..KGLD

TRACK_TIME 1167737286
TRACK A20110117580056 DH8D 335700 1182700 120 30 999 NONE NONE 220
	FP_ROUTE KLAX..KMFR

TRACK_TIME 1167737286
TRACK A20110117580059 CRJ2 321660 900400 120 30 999 NONE NONE 220
	FP_ROUTE KJAN..KMEM

TRACK_TIME 1167737286
TRACK A20110117580060 E145 401000 764360 120 30 999 NONE NONE 100
	FP_ROUTE KMDT..KIAD

TRACK_TIME 1167737286
TRACK A20110117580063 E170 420100 875400 120 30 999 NONE NONE 330
	FP_ROUTE KORD..KEWR

TRACK_TIME 1167737286
TRACK A20110117580067 B734 404200 1140400 120 30 999 NONE NONE 330
	FP_ROUTE KENV..KCOS

TRACK_TIME 1167737286
TRACK A20110117580069 A320 394960 1043460 120 30 999 NONE NONE 390
	FP_ROUTE KDEN..KFSD

TRACK_TIME 1167737286
TRACK A20110117580070 B733 445200 931060 120 30 999 NONE NONE 370
	FP_ROUTE KMSP..KSTL

TRACK_TIME 1167737286
TRACK A20110117580071 B734 453600 1223760 120 30 999 NONE NONE 300
	FP_ROUTE KPDX..KANC

TRACK_TIME 1167737286
TRACK A20110117580073 MD11 472700 1221900 120 30 999 NONE NONE 380
	FP_ROUTE KSEA..KANC

TRACK_TIME 1167737286
TRACK A20110117580074 B737 404600 1120000 120 30 999 NONE NONE 400
	FP_ROUTE KSLC..KGEG

TRACK_TIME 1167737286
TRACK A20110117580075 CRJ2 364800 1194500 120 30 999 NONE NONE 350
	FP_ROUTE KFAT..KDEN

TRACK_TIME 1167737286
TRACK A20110117580077 E145 325200 970160 120 30 999 NONE NONE 370
	FP_ROUTE KDFW..KCVG

TRACK_TIME 1167737286
TRACK A20110117580078 B733 384360 901660 120 30 999 NONE NONE 360
	FP_ROUTE KSTL..KDAL

TRACK_TIME 1167737286
TRACK A20110117580080 BE9L 404600 990100 120 30 999 NONE NONE 80
	FP_ROUTE KEAR..KMCK

TRACK_TIME 1167737286
TRACK A20110117580089 B738 260400 801060 120 30 999 NONE NONE 380
	FP_ROUTE KFLL..KDFW

TRACK_TIME 1167737286
TRACK A20110117580099 CRJ2 351200 805700 120 30 999 NONE NONE 100
	FP_ROUTE KCLT..KGSP

TRACK_TIME 1167737286
TRACK A20110117580100 CRJ2 425560 875400 120 30 999 NONE NONE 79
	FP_ROUTE KMKE..KORD

TRACK_TIME 1167737286
TRACK A20110117580107 CRJ2 345500 821300 120 30 999 NONE NONE 110
	FP_ROUTE KGSP..KCLT

TRACK_TIME 1167737286
TRACK A20110117580110 BE20 445700 930100 120 30 999 NONE NONE 41
	FP_ROUTE KSTP..KFCM

TRACK_TIME 1167737286
TRACK A20110117580116 B752 360700 1150900 120 30 999 NONE NONE 370
	FP_ROUTE KLAS..KJFK

TRACK_TIME 1167737286
TRACK A20110117580123 B737 260460 800760 120 30 999 NONE NONE 380
	FP_ROUTE KFLL..KDEN

TRACK_TIME 1167737286
TRACK A20110117580124 A319 404360 735100 120 30 999 NONE NONE 210
	FP_ROUTE KLGA..KBOS

TRACK_TIME 1167737286
TRACK A20110117580128 E170 385200 770300 120 30 999 NONE NONE 210
	FP_ROUTE KDCA..KLGA

TRACK_TIME 1167737286
TRACK A20110117580130 A320 260460 800700 120 30 999 NONE NONE 370
	FP_ROUTE KFLL..KJFK

TRACK_TIME 1167737286
TRACK A20110117580132 B737 395100 1044500 120 30 999 NONE NONE 380
	FP_ROUTE KDEN..KSMF

TRACK_TIME 1167737286
TRACK A20110117580133 B737 383900 1213300 120 30 999 NONE NONE 390
	FP_ROUTE KSMF..KSNA

TRACK_TIME 1167737286
TRACK A20110117580134 B763 373760 1222400 120 30 999 NONE NONE 340
	FP_ROUTE KSFO..KHNL

TRACK_TIME 1167737286
TRACK A20110117580135 B712 211900 1575700 120 30 999 NONE NONE 270
	FP_ROUTE KHNL..KITO

TRACK_TIME 1167737286
TRACK A20110117580136 CRJ1 444960 931300 120 30 999 NONE NONE 330
	FP_ROUTE KMSP..KBNA

TRACK_TIME 1167737286
TRACK A20110117580137 CRJ2 351360 805700 120 30 999 NONE NONE 180
	FP_ROUTE KCLT..KAGS

TRACK_TIME 1167737286
TRACK A20110117580138 CRJ2 430600 760760 120 30 999 NONE NONE 119
	FP_ROUTE KSYR..KPHL

TRACK_TIME 1167737286
TRACK A20110117580139 CRJ2 425260 853100 120 30 999 NONE NONE 320
	FP_ROUTE KGRR..KMSP

TRACK_TIME 1167737286
TRACK A20110117580140 CRJ2 445100 930900 120 30 999 NONE NONE 240
	FP_ROUTE KMSP..KMSP

TRACK_TIME 1167737286
TRACK A20110117580142 CRJ1 385260 770400 120 30 999 NONE NONE 280
	FP_ROUTE KDCA..KCMH

TRACK_TIME 1167737286
TRACK A20110117580144 CRJ2 332500 815860 120 30 999 NONE NONE 110
	FP_ROUTE KAGS..KCLT

TRACK_TIME 1167737286
TRACK A20110117580145 B752 421200 832200 120 30 999 NONE NONE 400
	FP_ROUTE KDTW..KFLL

TRACK_TIME 1167737286
TRACK A20110117580146 B752 360700 1150900 120 30 999 NONE NONE 340
	FP_ROUTE KLAS..KSFO

TRACK_TIME 1167737286
TRACK A20110117580147 BE20 355200 903160 120 30 999 NONE NONE 250
	FP_ROUTE KJBR..KGSO

TRACK_TIME 1167737286
TRACK A20110117580148 BE20 360900 795560 120 30 999 NONE NONE 160
	FP_ROUTE KGSO..KTRI

TRACK_TIME 1167737286
TRACK A20110117580155 E190 425560 875400 120 30 999 NONE NONE 360
	FP_ROUTE KMKE..KSAT

TRACK_TIME 1167737286
TRACK A20110117580157 A319 373900 1222100 120 30 999 NONE NONE 350
	FP_ROUTE KSFO..KORD

TRACK_TIME 1167737286
TRACK A20110117580160 B737 341300 1182500 120 30 999 NONE NONE 400
	FP_ROUTE KBUR..KOAK

TRACK_TIME 1167737286
TRACK A20110117580161 MD83 360700 1150900 120 30 999 NONE NONE 330
	FP_ROUTE KLAS..KICT

TRACK_TIME 1167737286
TRACK A20110117580162 A321 351060 805700 120 30 999 NONE NONE 340
	FP_ROUTE KCLT..KPHX

TRACK_TIME 1167737286
TRACK A20110117580170 B752 421000 890460 120 30 999 NONE NONE 371
	FP_ROUTE KRFD..KSWF

TRACK_TIME 1167737286
TRACK A20110117580175 E135 385200 770300 120 30 999 NONE NONE 340
	FP_ROUTE KDCA..KBNA

TRACK_TIME 1167737286
TRACK A20110117580176 CRJ2 351060 805700 120 30 999 NONE NONE 300
	FP_ROUTE KCLT..KMOB

TRACK_TIME 1167737286
TRACK A20110117580177 B712 194200 1560300 120 30 999 NONE NONE 30
	FP_ROUTE KKOA..KHNL

TRACK_TIME 1167737286
TRACK A20110117580183 MD82 325500 970300 120 30 999 NONE NONE 260
	FP_ROUTE KDFW..KCOS

TRACK_TIME 1167737286
TRACK A20110117580185 B712 211900 1575700 120 30 999 NONE NONE 130
	FP_ROUTE KHNL..KOGG

TRACK_TIME 1167737286
TRACK A20110117580187 B734 351000 805560 120 30 999 NONE NONE 370
	FP_ROUTE KCLT..KMHT

TRACK_TIME 1167737286
TRACK A20110117580195 CRJ2 335560 1182800 120 30 999 NONE NONE 220
	FP_ROUTE KLAX..KFAT

TRACK_TIME 1167737286
TRACK A20110117580197 B738 194200 1560400 120 30 999 NONE NONE 360
	FP_ROUTE KKOA..KSEA

TRACK_TIME 1167737286
TRACK A20110117580198 B737 374500 1221800 120 30 999 NONE NONE 370
	FP_ROUTE KOAK..KLAX

TRACK_TIME 1167737286
TRACK A20110117580199 B737 335700 1182700 120 30 999 NONE NONE 370
	FP_ROUTE KLAX..KMDW

TRACK_TIME 1167737286
TRACK A20110117580201 B737 391600 944960 120 30 999 NONE NONE 360
	FP_ROUTE KMCI..KLAX

TRACK_TIME 1167737286
TRACK A20110117580202 B752 324360 1171300 120 30 999 NONE NONE 370
	FP_ROUTE KSAN..KATL

TRACK_TIME 1167737286
TRACK A20110117580203 LJ35 254800 801900 120 30 999 NONE NONE 400
	FP_ROUTE KMIA..KBNA

TRACK_TIME 1167737286
TRACK A20110117580208 CRJ2 373760 1222100 120 30 999 NONE NONE 320
	FP_ROUTE KSFO..KEUG

TRACK_TIME 1167737286
TRACK A20110117580209 A320 324500 1171300 120 30 999 NONE NONE 360
	FP_ROUTE KSAN..KSFO

TRACK_TIME 1167737286
TRACK A20110117580214 CRJ2 440600 1231300 120 30 999 NONE NONE 350
	FP_ROUTE KEUG..KSFO

TRACK_TIME 1167737286
TRACK A20110117580215 CRJ2 454900 1111360 120 30 999 NONE NONE 290
	FP_ROUTE KBZN..KSLC

TRACK_TIME 1167737286
TRACK A20110117580219 DH8C 395260 751200 120 30 999 NONE NONE 120
	FP_ROUTE KPHL..KIPT

TRACK_TIME 1167737286
TRACK A20110117580220 DH8C 411500 765200 120 30 999 NONE NONE 40
	FP_ROUTE KIPT..KPHL

TRACK_TIME 1167737286
TRACK A20110117580221 B738 282560 811800 120 30 999 NONE NONE 370
	FP_ROUTE KMCO..KEWR

TRACK_TIME 1167737286
TRACK A20110117580223 CRJ2 384000 1213600 120 30 999 NONE NONE 330
	FP_ROUTE KSMF..KLAX

TRACK_TIME 1167737286
TRACK A20110117580226 BE20 340600 1171200 120 30 999 NONE NONE 100
	FP_ROUTE KSBD..KLAS

TRACK_TIME 1167737286
TRACK A20110117580227 E170 445200 931000 120 30 999 NONE NONE 370
	FP_ROUTE KMSP..KBZN

TRACK_TIME 1167737286
TRACK A20110117580232 CRJ2 385400 770460 120 30 999 NONE NONE 110
	FP_ROUTE KDCA..KPHL

TRACK_TIME 1167737286
TRACK A20110117580233 B737 425500 875400 120 30 999 NONE NONE 380
	FP_ROUTE KMKE..KLAS

TRACK_TIME 1167737286
TRACK A20110117580237 CRJ2 335560 1182560 120 30 999 NONE NONE 111
	FP_ROUTE KLAX..KSAN

TRACK_TIME 1167737286
TRACK A20110117580240 E145 320700 811500 120 30 999 NONE NONE 360
	FP_ROUTE KSAV..KDFW

TRACK_TIME 1167737286
TRACK A20110117580243 E120 351600 1204060 120 30 999 NONE NONE 109
	FP_ROUTE KSBP..KLAX

TRACK_TIME 1167737286
TRACK A20110117580246 CRJ2 373900 1222200 120 30 999 NONE NONE 270
	FP_ROUTE KSFO..KBUR

TRACK_TIME 1167737286
TRACK A20110117580247 B737 333900 842400 120 30 999 NONE NONE 380
	FP_ROUTE KATL..KSNA

TRACK_TIME 1167737286
TRACK A20110117580251 DH8A 613160 1591960 120 30 999 NONE NONE 230
	FP_ROUTE KANI..KANC

TRACK_TIME 1167737286
TRACK A20110117580253 AT43 581960 1343460 120 30 999 NONE NONE 90
	FP_ROUTE KJNU..KSIT

TRACK_TIME 1167737286
TRACK A20110117580254 AT43 570160 1352400 120 30 999 NONE NONE 150
	FP_ROUTE KSIT..KKTN

TRACK_TIME 1167737286
TRACK A20110117580255 CRJ2 335560 1182700 120 30 999 NONE NONE 260
	FP_ROUTE KLAX..KMRY

TRACK_TIME 1167737286
TRACK A20110117580256 CRJ2 363460 1214900 120 30 999 NONE NONE 270
	FP_ROUTE KMRY..KLAX

TRACK_TIME 1167737286
TRACK A20110117580257 AT43 551360 1314000 120 30 999 NONE NONE 210
	FP_ROUTE KKTN..KSEA

TRACK_TIME 1167737286
TRACK A20110117580258 CRJ2 370900 1074500 120 30 999 NONE NONE 250
	FP_ROUTE KDRO..KDEN

TRACK_TIME 1167737286
TRACK A20110117580259 DH8C 351200 805700 120 30 999 NONE NONE 200
	FP_ROUTE KCLT..KHTS

TRACK_TIME 1167737286
TRACK A20110117580260 DH8C 381900 823160 120 30 999 NONE NONE 110
	FP_ROUTE KHTS..KCLT

TRACK_TIME 1167737286
TRACK A20110117580262 B737 360600 864060 120 30 999 NONE NONE 350
	FP_ROUTE KBNA..KJAX

TRACK_TIME 1167737286
TRACK A20110117580264 B737 303000 814000 120 30 999 NONE NONE 400
	FP_ROUTE KJAX..KHOU

TRACK_TIME 1167737286
TRACK A20110117580265 B737 293760 951660 120 30 999 NONE NONE 170
	FP_ROUTE KHOU..KAUS

TRACK_TIME 1167737286
TRACK A20110117580270 E120 335560 1182500 120 30 999 NONE NONE 110
	FP_ROUTE KLAX..KPSP

TRACK_TIME 1167737286
TRACK A20110117580273 E120 472700 1221800 120 30 999 NONE NONE 148
	FP_ROUTE KSEA..KPDX

TRACK_TIME 1167737286
TRACK A20110117580277 B738 420100 875560 120 30 999 NONE NONE 300
	FP_ROUTE KORD..KMSP

TRACK_TIME 1167737286
TRACK A20110117580278 B738 335560 1182700 120 30 999 NONE NONE 370
	FP_ROUTE KLAX..KAUS

TRACK_TIME 1167737286
TRACK A20110117580279 B737 332560 1120160 120 30 999 NONE NONE 370
	FP_ROUTE KPHX..KAUS

TRACK_TIME 1167737286
TRACK A20110117580280 A320 335560 1182700 120 30 999 NONE NONE 60
	FP_ROUTE KLAX..KSBD

TRACK_TIME 1167737286
TRACK A20110117580281 A319 373900 1222200 120 30 999 NONE NONE 390
	FP_ROUTE KSFO..KLAX

TRACK_TIME 1167737286
TRACK A20110117580283 E145 391500 944300 120 30 999 NONE NONE 330
	FP_ROUTE KMCI..KORD

TRACK_TIME 1167737286
TRACK A20110117580284 B738 254800 801300 120 30 999 NONE NONE 370
	FP_ROUTE KMIA..KBDL

TRACK_TIME 1167737286
TRACK A20110117580285 MD82 404900 735100 120 30 999 NONE NONE 340
	FP_ROUTE KLGA..KORD

TRACK_TIME 1167737286
TRACK A20110117580286 B752 420000 875200 120 30 999 NONE NONE 410
	FP_ROUTE KORD..KLGA

TRACK_TIME 1167737286
TRACK A20110117580289 A319 394900 1044060 120 30 999 NONE NONE 360
	FP_ROUTE KDEN..KSMF

TRACK_TIME 1167737286
TRACK A20110117580300 MD82 325560 970160 120 30 999 NONE NONE 100
	FP_ROUTE KDFW..KIAH

TRACK_TIME 1167737286
TRACK A20110117580303 MD83 325700 970160 120 30 999 NONE NONE 290
	FP_ROUTE KDFW..KBHM

TRACK_TIME 1167737286
TRACK A20110117580305 B752 254800 801600 120 30 999 NONE NONE 390
	FP_ROUTE KMIA..KSJU

TRACK_TIME 1167737286
TRACK A20110117580308 CRJ2 404600 1115800 120 30 999 NONE NONE 341
	FP_ROUTE KSLC..KPSP

TRACK_TIME 1167737286
TRACK A20110117580309 A319 385200 770300 120 30 999 NONE NONE 280
	FP_ROUTE KDCA..KCLT

TRACK_TIME 1167737286
TRACK A20110117580311 E170 395260 751300 120 30 999 NONE NONE 340
	FP_ROUTE KPHL..KMSP

TRACK_TIME 1167737286
TRACK A20110117580313 DH8C 351200 805700 120 30 999 NONE NONE 51
	FP_ROUTE KCLT..KGSP

TRACK_TIME 1167737286
TRACK A20110117580315 B752 182700 655800 120 30 999 NONE NONE 360
	FP_ROUTE KSJU..KTPA

TRACK_TIME 1167737286
TRACK A20110117580317 B738 420100 875700 120 30 999 NONE NONE 300
	FP_ROUTE KORD..KSFO

TRACK_TIME 1167737286
TRACK A20110117580318 SF34 300600 931300 120 30 999 NONE NONE 60
	FP_ROUTE KLCH..KIAH

TRACK_TIME 1167737286
TRACK A20110117580324 E145 404300 740900 120 30 999 NONE NONE 360
	FP_ROUTE KEWR..KMKE

TRACK_TIME 1167737286
TRACK A20110117580327 DH8A 404660 735200 120 30 999 NONE NONE 200
	FP_ROUTE KLGA..KROA

TRACK_TIME 1167737286
TRACK A20110117580328 MD83 420000 874960 120 30 999 NONE NONE 350
	FP_ROUTE KORD..KPHL

TRACK_TIME 1167737286
TRACK A20110117580329 C550 465560 1225200 120 30 999 NONE NONE 350
	FP_ROUTE KOLM..KSUN

TRACK_TIME 1167737286
TRACK A20110117580330 DH8C 422500 762200 120 30 999 NONE NONE 49
	FP_ROUTE KITH..KPHL

TRACK_TIME 1167737286
TRACK A20110117580331 B763 211800 1575400 120 30 999 NONE NONE 370
	FP_ROUTE KHNL..KPDX

TRACK_TIME 1167737286
TRACK A20110117580332 C550 431660 1141360 120 30 999 NONE NONE 350
	FP_ROUTE KSUN..KSDL

TRACK_TIME 1167737286
TRACK A20110117580336 E170 395200 1043600 120 30 999 NONE NONE 330
	FP_ROUTE KDEN..KOMA

TRACK_TIME 1167737286
TRACK A20110117580339 E170 411800 955400 120 30 999 NONE NONE 240
	FP_ROUTE KOMA..KMKE

TRACK_TIME 1167737286
TRACK A20110117580340 E190 260460 800760 120 30 999 NONE NONE 370
	FP_ROUTE KFLL..KRIC

TRACK_TIME 1167737286
TRACK A20110117580345 CRJ2 394360 861800 120 30 999 NONE NONE 260
	FP_ROUTE KIND..KMKE

TRACK_TIME 1167737286
TRACK A20110117580355 CRJ2 404600 1120000 120 30 999 NONE NONE 300
	FP_ROUTE KSLC..KLWS

TRACK_TIME 1167737286
TRACK A20110117580360 MD82 325500 970300 120 30 999 NONE NONE 340
	FP_ROUTE KDFW..KMFE

TRACK_TIME 1167737286
TRACK A20110117580362 F900 293100 982800 120 30 999 NONE NONE 60
	FP_ROUTE KSAT..KERV

TRACK_TIME 1167737286
TRACK A20110117580365 CRJ2 404660 1115860 120 30 999 NONE NONE 310
	FP_ROUTE KSLC..KTUS

TRACK_TIME 1167737286
TRACK A20110117580366 CRJ2 384000 1213460 120 30 999 NONE NONE 330
	FP_ROUTE KSMF..KSLC

TRACK_TIME 1167737286
TRACK A20110117580367 F900 295860 990460 120 30 999 NONE NONE 410
	FP_ROUTE KERV..KHPN

TRACK_TIME 1167737286
TRACK A20110117580368 F900 410460 734360 120 30 999 NONE NONE 51
	FP_ROUTE KHPN..KISP

TRACK_TIME 1167737286
TRACK A20110117580369 E145 260900 981300 120 30 999 NONE NONE 250
	FP_ROUTE KMFE..KIAH

TRACK_TIME 1167737286
TRACK A20110117580370 DH8C 371800 791300 120 30 999 NONE NONE 80
	FP_ROUTE KLYH..KCLT

TRACK_TIME 1167737286
TRACK A20110117580371 B734 472500 1221800 120 30 999 NONE NONE 331
	FP_ROUTE KSEA..KPSP

TRACK_TIME 1167737286
TRACK A20110117580374 DH8D 422260 1225260 120 30 999 NONE NONE 240
	FP_ROUTE KMFR..KSEA

TRACK_TIME 1167737286
TRACK A20110117580375 CRJ2 404600 1120000 120 30 999 NONE NONE 330
	FP_ROUTE KSLC..KBIS

TRACK_TIME 1167737286
TRACK A20110117580376 E120 413600 1090460 120 30 999 NONE NONE 250
	FP_ROUTE KRKS..KDEN

TRACK_TIME 1167737286
TRACK A20110117580381 B738 254800 801600 120 30 999 NONE NONE 290
	FP_ROUTE KMIA..KATL

TRACK_TIME 1167737286
TRACK A20110117580384 B772 325200 970160 120 30 999 NONE NONE 370
	FP_ROUTE KDFW..KORD

TRACK_TIME 1167737286
TRACK A20110117580388 E135 322260 994000 120 30 999 NONE NONE 110
	FP_ROUTE KABI..KDFW

TRACK_TIME 1167737286
TRACK A20110117580393 B752 403900 734960 120 30 999 NONE NONE 390
	FP_ROUTE KJFK..KSJU

TRACK_TIME 1167737286
TRACK A20110117580394 MD82 325560 970160 120 30 999 NONE NONE 290
	FP_ROUTE KDFW..KHSV

TRACK_TIME 1167737286
TRACK A20110117580396 B744 611360 1501500 120 30 999 NONE NONE 350
	FP_ROUTE KANC..KLAX

TRACK_TIME 1167737286
TRACK A20110117580397 E135 420000 875260 120 30 999 NONE NONE 230
	FP_ROUTE KORD..KCMH

TRACK_TIME 1167737286
TRACK A20110117580410 A319 420000 875560 120 30 999 NONE NONE 380
	FP_ROUTE KORD..KLAX

TRACK_TIME 1167737286
TRACK A20110117580414 B733 324900 964900 120 30 999 NONE NONE 330
	FP_ROUTE KDAL..KTUL

TRACK_TIME 1167737286
TRACK A20110117580417 B733 361060 955260 120 30 999 NONE NONE 340
	FP_ROUTE KTUL..KDEN

TRACK_TIME 1167737286
TRACK A20110117580419 B733 395400 1044600 120 30 999 NONE NONE 340
	FP_ROUTE KDEN..KTUS

TRACK_TIME 1167737286
TRACK A20110117580421 B733 320600 1105560 120 30 999 NONE NONE 340
	FP_ROUTE KTUS..KLAX

TRACK_TIME 1167737286
TRACK A20110117580428 B737 374360 1221600 120 30 999 NONE NONE 410
	FP_ROUTE KOAK..KSNA

TRACK_TIME 1167737286
TRACK A20110117580430 CRJ2 445260 931000 120 30 999 NONE NONE 320
	FP_ROUTE KMSP..KRAP

TRACK_TIME 1167737286
TRACK A20110117580435 CRJ9 453600 1223600 120 30 999 NONE NONE 370
	FP_ROUTE KPDX..KSLC

TRACK_TIME 1167737286
TRACK A20110117580438 A320 395100 1044660 120 30 999 NONE NONE 360
	FP_ROUTE KDEN..KSFO

TRACK_TIME 1167737286
TRACK A20110117580440 B737 360700 1150900 120 30 999 NONE NONE 390
	FP_ROUTE KLAS..KSTL

TRACK_TIME 1167737286
TRACK A20110117580443 B737 412400 815260 120 30 999 NONE NONE 380
	FP_ROUTE KCLE..KTPA

TRACK_TIME 1167737286
TRACK A20110117580444 MD83 325500 970160 120 30 999 NONE NONE 280
	FP_ROUTE KDFW..KDEN

TRACK_TIME 1167737286
TRACK A20110117580448 B752 373900 1222200 120 30 999 NONE NONE 330
	FP_ROUTE KSFO..KLAX

TRACK_TIME 1167737286
TRACK A20110117580450 E120 453600 1224000 120 30 999 NONE NONE 250
	FP_ROUTE KPDX..KMFR

TRACK_TIME 1167737286
TRACK A20110117580457 CRJ2 211900 1575700 120 30 999 NONE NONE 230
	FP_ROUTE KHNL..KKOA

TRACK_TIME 1167737286
TRACK A20110117580458 CRJ2 441600 1210700 120 30 999 NONE NONE 330
	FP_ROUTE KRDM..KSFO

TRACK_TIME 1167737286
TRACK A20110117580469 B752 404000 734360 120 30 999 NONE NONE 360
	FP_ROUTE KJFK..KSEA

TRACK_TIME 1167737286
TRACK A20110117580471 E145 403000 801800 120 30 999 NONE NONE 360
	FP_ROUTE KPIT..KORD

TRACK_TIME 1167737286
TRACK A20110117580472 MD82 325560 970300 120 30 999 NONE NONE 260
	FP_ROUTE KDFW..KSAN

TRACK_TIME 1167737286
TRACK A20110117580473 B737 333900 842800 120 30 999 NONE NONE 400
	FP_ROUTE KATL..KDEN

TRACK_TIME 1167737286
TRACK A20110117580474 B737 404660 1115800 120 30 999 NONE NONE 380
	FP_ROUTE KSLC..KPDX

TRACK_TIME 1167737286
TRACK A20110117580475 B752 404660 1120000 120 30 999 NONE NONE 360
	FP_ROUTE KSLC..KSEA

TRACK_TIME 1167737286
TRACK A20110117580483 A320 403600 734800 120 30 999 NONE NONE 360
	FP_ROUTE KJFK..KSMF

TRACK_TIME 1167737286
TRACK A20110117580484 E170 402860 801200 120 30 999 NONE NONE 70
	FP_ROUTE KPIT..KEWR

TRACK_TIME 1167737286
TRACK A20110117580486 A320 404000 734500 120 30 999 NONE NONE 360
	FP_ROUTE KJFK..KJAX

TRACK_TIME 1167737286
TRACK A20110117580487 A320 260460 801000 120 30 999 NONE NONE 370
	FP_ROUTE KFLL..KJFK

TRACK_TIME 1167737286
TRACK A20110117580488 B737 373760 1222200 120 30 999 NONE NONE 410
	FP_ROUTE KSFO..KLAX

TRACK_TIME 1167737286
TRACK A20110117580491 E145 351360 805700 120 30 999 NONE NONE 360
	FP_ROUTE KCLT..KORD

TRACK_TIME 1167737286
TRACK A20110117580494 CRJ9 333760 842800 120 30 999 NONE NONE 380
	FP_ROUTE KATL..KHOU

TRACK_TIME 1167737286
TRACK A20110117580500 B738 335260 1163300 120 30 999 NONE NONE 380
	FP_ROUTE KPSP..KSEA

TRACK_TIME 1167737286
TRACK A20110117580502 B753 295860 951800 120 30 999 NONE NONE 390
	FP_ROUTE KIAH..KORD

TRACK_TIME 1167737286
TRACK A20110117580503 B737 335100 1163160 120 30 999 NONE NONE 390
	FP_ROUTE KPSP..KMSP

TRACK_TIME 1167737286
TRACK A20110117580505 E135 420000 875560 120 30 999 NONE NONE 240
	FP_ROUTE KORD..KRST

TRACK_TIME 1167737286
TRACK A20110117580506 MD82 325260 970160 120 30 999 NONE NONE 330
	FP_ROUTE KDFW..KEWR

TRACK_TIME 1167737286
TRACK A20110117580508 B738 335560 1182860 120 30 999 NONE NONE 370
	FP_ROUTE KLAX..KDTW

TRACK_TIME 1167737286
TRACK A20110117580512 SF34 540900 1660300 120 30 999 NONE NONE 210
	FP_ROUTE KDUT..KANC

TRACK_TIME 1167737286
TRACK A20110117580522 E135 322400 934800 120 30 999 NONE NONE 200
	FP_ROUTE KSHV..KDFW

TRACK_TIME 1167737286
TRACK A20110117580525 CL60 271000 801200 120 30 999 NONE NONE 350
	FP_ROUTE KSUA..KMMU

TRACK_TIME 1167737286
TRACK A20110117580530 CRJ2 404900 735200 120 30 999 NONE NONE 260
	FP_ROUTE KLGA..KRDU

TRACK_TIME 1167737286
TRACK A20110117580541 DH8C 395260 751360 120 30 999 NONE NONE 120
	FP_ROUTE KPHL..KERI

TRACK_TIME 1167737286
TRACK A20110117580559 B737 361060 955260 120 30 999 NONE NONE 200
	FP_ROUTE KTUL..KDAL

TRACK_TIME 1167737286
TRACK A20110117580562 B738 422260 710100 120 30 999 NONE NONE 160
	FP_ROUTE KBOS..KEWR

TRACK_TIME 1167737286
TRACK A20110117580563 E145 295700 952100 120 30 999 NONE NONE 260
	FP_ROUTE KIAH..KMAF

TRACK_TIME 1167737286
TRACK A20110117580571 AT72 325260 970300 120 30 999 NONE NONE 59
	FP_ROUTE KDFW..KGRK

TRACK_TIME 1167737286
TRACK A20110117580572 B734 351000 805560 120 30 999 NONE NONE 370
	FP_ROUTE KCLT..KEWR

TRACK_TIME 1167737286
TRACK A20110117580577 E170 351200 805700 120 30 999 NONE NONE 240
	FP_ROUTE KCLT..KCMH

TRACK_TIME 1167737286
TRACK A20110117580582 E145 420160 874960 120 30 999 NONE NONE 250
	FP_ROUTE KORD..KSYR

TRACK_TIME 1167737286
TRACK A20110117580586 E145 373300 771800 120 30 999 NONE NONE 170
	FP_ROUTE KRIC..KJFK

TRACK_TIME 1167737286
TRACK A20110117580594 E145 444900 685100 120 30 999 NONE NONE 360
	FP_ROUTE KBGR..KDTW

TRACK_TIME 1167737286
TRACK A20110117580598 MD82 325500 970160 120 30 999 NONE NONE 270
	FP_ROUTE KDFW..KIND

TRACK_TIME 1167737286
TRACK A20110117580614 B734 472560 1221900 120 30 999 NONE NONE 340
	FP_ROUTE KSEA..KKTN

TRACK_TIME 1167737286
TRACK A20110117580615 B734 552800 1315400 120 30 999 NONE NONE 280
	FP_ROUTE KKTN..KJNU

TRACK_TIME 1167737286
TRACK A20110117580619 B737 394800 1043900 120 30 999 NONE NONE 380
	FP_ROUTE KDEN..KPHX

TRACK_TIME 1167737286
TRACK A20110117580620 MD82 325500 970300 120 30 999 NONE NONE 280
	FP_ROUTE KDFW..KLAS

TRACK_TIME 1167737286
TRACK A20110117580622 CRJ2 395260 751000 120 30 999 NONE NONE 150
	FP_ROUTE KPHL..KISP

TRACK_TIME 1167737286
TRACK A20110117580623 A320 395260 751300 120 30 999 NONE NONE 320
	FP_ROUTE KPHL..KORD

TRACK_TIME 1167737286
TRACK A20110117580627 E120 335700 1182800 120 30 999 NONE NONE 30
	FP_ROUTE KLAX..KSBA

TRACK_TIME 1167737286
TRACK A20110117580631 E120 342560 1195200 120 30 999 NONE NONE 110
	FP_ROUTE KSBA..KLAX

TRACK_TIME 1167737286
TRACK A20110117580633 CRJ2 404960 730400 120 30 999 NONE NONE 160
	FP_ROUTE KISP..KPHL

TRACK_TIME 1167737286
TRACK A20110117580639 LJ45 321300 1104900 120 30 999 NONE NONE 300
	FP_ROUTE KTUS..KTUS

TRACK_TIME 1167737286
TRACK A20110117580644 B738 335700 1182700 120 30 999 NONE NONE 380
	FP_ROUTE KLAX..KSEA

TRACK_TIME 1167737286
TRACK A20110117580653 CRJ2 335500 1182860 120 30 999 NONE NONE 110
	FP_ROUTE KLAX..KSAN

TRACK_TIME 1167737286
TRACK A20110117580654 CRJ2 324600 1171500 120 30 999 NONE NONE 100
	FP_ROUTE KSAN..KLAX

TRACK_TIME 1167737286
TRACK A20110117580656 E145 254800 801600 120 30 999 NONE NONE 370
	FP_ROUTE KMIA..KCLT

TRACK_TIME 1167737286
TRACK A20110117580665 BE9L 364360 970600 120 30 999 NONE NONE 80
	FP_ROUTE KPNC..KPWA

TRACK_TIME 1167737286
TRACK A20110117580666 E145 430600 760900 120 30 999 NONE NONE 360
	FP_ROUTE KSYR..KORD

TRACK_TIME 1167737286
TRACK A20110117580667 BE9L 353100 973900 120 30 999 NONE NONE 90
	FP_ROUTE KPWA..KICT

TRACK_TIME 1167737286
TRACK A20110117580670 B735 324900 964960 120 30 999 NONE NONE 300
	FP_ROUTE KDAL..KSAT

TRACK_TIME 1167737286
TRACK A20110117580680 B752 415400 875860 120 30 999 NONE NONE 360
	FP_ROUTE KORD..KLAX

TRACK_TIME 1167737286
TRACK A20110117580685 CRJ9 334000 843160 120 30 999 NONE NONE 360
	FP_ROUTE KATL..KOMA

TRACK_TIME 1167737286
TRACK A20110117580688 B735 324500 1171500 120 30 999 NONE NONE 360
	FP_ROUTE KSAN..KOAK

TRACK_TIME 1167737286
TRACK A20110117580689 B735 374360 1221500 120 30 999 NONE NONE 340
	FP_ROUTE KOAK..KPDX

TRACK_TIME 1167737286
TRACK A20110117580690 CRJ2 301800 974360 120 30 999 NONE NONE 340
	FP_ROUTE KAUS..KDEN

TRACK_TIME 1167737286
TRACK A20110117580695 MD82 374000 1222200 120 30 999 NONE NONE 250
	FP_ROUTE KSFO..KLAX

TRACK_TIME 1167737286
TRACK A20110117580704 MD83 325500 970160 120 30 999 NONE NONE 290
	FP_ROUTE KDFW..KDTW

TRACK_TIME 1167737286
TRACK A20110117580711 B752 325500 970300 120 30 999 NONE NONE 240
	FP_ROUTE KDFW..KLAX

TRACK_TIME 1167737286
TRACK A20110117580719 C560 405260 740300 120 30 999 NONE NONE 260
	FP_ROUTE KTEB..KBKW

TRACK_TIME 1167737286
TRACK A20110117580728 E145 300760 920460 120 30 999 NONE NONE 178
	FP_ROUTE KLFT..KIAH

TRACK_TIME 1167737286
TRACK A20110117580734 MD83 325500 970300 120 30 999 NONE NONE 280
	FP_ROUTE KDFW..KSAT

TRACK_TIME 1167737286
TRACK A20110117580737 E145 420000 875100 120 30 999 NONE NONE 370
	FP_ROUTE KORD..KBWI

TRACK_TIME 1167737286
TRACK A20110117580738 B737 324500 1171300 120 30 999 NONE NONE 400
	FP_ROUTE KSAN..KSMF

TRACK_TIME 1167737286
TRACK A20110117580741 CRJ2 420600 801060 120 30 999 NONE NONE 160
	FP_ROUTE KERI..KDTW

TRACK_TIME 1167737286
TRACK A20110117580745 SF34 295800 952100 120 30 999 NONE NONE 31
	FP_ROUTE KIAH..KBPT

TRACK_TIME 1167737286
TRACK A20110117580746 E135 404660 735200 120 30 999 NONE NONE 360
	FP_ROUTE KLGA..KDTW

TRACK_TIME 1167737286
TRACK A20110117580747 B737 472560 1221900 120 30 999 NONE NONE 390
	FP_ROUTE KSEA..KSFO

TRACK_TIME 1167737286
TRACK A20110117580753 E145 325260 970160 120 30 999 NONE NONE 370
	FP_ROUTE KDFW..KCAE

TRACK_TIME 1167737286
TRACK A20110117580764 MD82 384360 901360 120 30 999 NONE NONE 250
	FP_ROUTE KSTL..KDCA

TRACK_TIME 1167737286
TRACK A20110117580769 B738 295860 951660 120 30 999 NONE NONE 340
	FP_ROUTE KIAH..KPDX

TRACK_TIME 1167737286
TRACK A20110117580773 A320 350300 1064000 120 30 999 NONE NONE 350
	FP_ROUTE KABQ..KMSP

TRACK_TIME 1167737286
TRACK A20110117580774 B737 295860 901500 120 30 999 NONE NONE 380
	FP_ROUTE KMSY..KHOU

TRACK_TIME 1167737286
TRACK A20110117580776 B738 333900 1175260 120 30 999 NONE NONE 370
	FP_ROUTE KSNA..KDFW

TRACK_TIME 1167737286
TRACK A20110117580779 A319 373900 1222200 120 30 999 NONE NONE 370
	FP_ROUTE KSFO..KSAN

TRACK_TIME 1167737286
TRACK A20110117580780 A319 394900 1043700 120 30 999 NONE NONE 370
	FP_ROUTE KDEN..KORD

TRACK_TIME 1167737286
TRACK A20110117580781 B737 350160 1063460 120 30 999 NONE NONE 400
	FP_ROUTE KABQ..KLAS

TRACK_TIME 1167737286
TRACK A20110117580782 B737 360700 1150900 120 30 999 NONE NONE 380
	FP_ROUTE KLAS..KPDX

TRACK_TIME 1167737286
TRACK A20110117580788 CRJ2 404600 1115860 120 30 999 NONE NONE 300
	FP_ROUTE KSLC..KBZN

TRACK_TIME 1167737286
TRACK A20110117580790 CRJ9 404600 1115860 120 30 999 NONE NONE 350
	FP_ROUTE KSLC..KDEN

TRACK_TIME 1167737286
TRACK A20110117580795 B737 260460 800760 120 30 999 NONE NONE 390
	FP_ROUTE KFLL..KMDW

TRACK_TIME 1167737286
TRACK A20110117580799 A319 425560 875400 120 30 999 NONE NONE 370
	FP_ROUTE KMKE..KDCA

TRACK_TIME 1167737286
TRACK A20110117580801 CRJ2 324500 1171300 120 30 999 NONE NONE 100
	FP_ROUTE KSAN..KLAX

TRACK_TIME 1167737286
TRACK A20110117580802 CRJ9 404500 1115800 120 30 999 NONE NONE 370
	FP_ROUTE KSLC..KMSY

TRACK_TIME 1167737286
TRACK A20110117580809 E190 282400 811800 120 30 999 NONE NONE 370
	FP_ROUTE KMCO..KDCA

TRACK_TIME 1167737286
TRACK A20110117580818 E145 400000 825260 120 30 999 NONE NONE 280
	FP_ROUTE KCMH..KMEM

TRACK_TIME 1167737286
TRACK A20110117580820 B752 282400 811800 120 30 999 NONE NONE 380
	FP_ROUTE KMCO..KSLC

TRACK_TIME 1167737286
TRACK A20110117580821 E145 350160 895860 120 30 999 NONE NONE 250
	FP_ROUTE KMEM..KTYS

TRACK_TIME 1167737286
TRACK A20110117580822 A320 425700 784300 120 30 999 NONE NONE 360
	FP_ROUTE KBUF..KMCO

TRACK_TIME 1167737286
TRACK A20110117580826 A320 333900 842800 120 30 999 NONE NONE 320
	FP_ROUTE KATL..KDFW

TRACK_TIME 1167737286
TRACK A20110117580827 E145 412260 815260 120 30 999 NONE NONE 230
	FP_ROUTE KCLE..KDCA

TRACK_TIME 1167737286
TRACK A20110117580830 E135 420900 860400 120 30 999 NONE NONE 80
	FP_ROUTE KAZO..KORD

TRACK_TIME 1167737286
TRACK A20110117580832 A320 260460 800700 120 30 999 NONE NONE 370
	FP_ROUTE KFLL..KEWR

TRACK_TIME 1167737286
TRACK A20110117580833 E135 335560 1182800 120 30 999 NONE NONE 220
	FP_ROUTE KLAX..KFAT

TRACK_TIME 1167737286
TRACK A20110117580838 SF34 610100 1501000 120 30 999 NONE NONE 200
	FP_ROUTE KANC..KCDB

TRACK_TIME 1167737286
TRACK A20110117580840 B738 404300 740900 120 30 999 NONE NONE 380
	FP_ROUTE KEWR..KIAH

TRACK_TIME 1167737286
TRACK A20110117580845 SF34 551800 1623400 120 30 999 NONE NONE 110
	FP_ROUTE KCDB..KSDP

TRACK_TIME 1167737286
TRACK A20110117580846 SF34 554300 1595700 120 30 999 NONE NONE 190
	FP_ROUTE KSDP..KANC

TRACK_TIME 1167737286
TRACK A20110117580857 E145 274660 973100 120 30 999 NONE NONE 290
	FP_ROUTE KCRP..KDFW

TRACK_TIME 1167737286
TRACK A20110117580860 A319 260460 800760 120 30 999 NONE NONE 350
	FP_ROUTE KFLL..KMYR

TRACK_TIME 1167737286
TRACK A20110117580861 A319 333900 785500 120 30 999 NONE NONE 370
	FP_ROUTE KMYR..KBOS

TRACK_TIME 1167737286
TRACK A20110117580863 CRJ2 480000 971060 120 30 999 NONE NONE 39
	FP_ROUTE KGFK..KMSP

TRACK_TIME 1167737286
TRACK A20110117580871 CRJ9 350300 895860 120 30 999 NONE NONE 350
	FP_ROUTE KMEM..KEWR

TRACK_TIME 1167737286
TRACK A20110117580879 SF34 445100 931360 120 30 999 NONE NONE 60
	FP_ROUTE KMSP..KMCW

TRACK_TIME 1167737286
TRACK A20110117580886 B752 355400 784660 120 30 999 NONE NONE 300
	FP_ROUTE KRDU..KATL

TRACK_TIME 1167737286
TRACK A20110117580887 E190 385260 770300 120 30 999 NONE NONE 360
	FP_ROUTE KDCA..KFLL

TRACK_TIME 1167737286
TRACK A20110117580889 CRJ2 425560 875400 120 30 999 NONE NONE 270
	FP_ROUTE KMKE..KIND

TRACK_TIME 1167737286
TRACK A20110117580891 DH8A 644600 1475800 120 30 999 NONE NONE 210
	FP_ROUTE KFAI..KANC

TRACK_TIME 1167737286
TRACK A20110117580894 A320 404000 734200 120 30 999 NONE NONE 350
	FP_ROUTE KJFK..KBQN

TRACK_TIME 1167737286
TRACK A20110117580900 CRJ9 360700 1150900 120 30 999 NONE NONE 280
	FP_ROUTE KLAS..KLAX

TRACK_TIME 1167737286
TRACK A20110117580901 CRJ2 390300 844200 120 30 999 NONE NONE 260
	FP_ROUTE KCVG..KMKE

TRACK_TIME 1167737286
TRACK A20110117580902 CRJ9 395100 1044360 120 30 999 NONE NONE 340
	FP_ROUTE KDEN..KSLC

TRACK_TIME 1167737286
TRACK A20110117580903 B734 275800 823300 120 30 999 NONE NONE 90
	FP_ROUTE KTPA..KCLT

TRACK_TIME 1167737286
TRACK A20110117580905 B737 303000 814000 120 30 999 NONE NONE 270
	FP_ROUTE KJAX..KATL

TRACK_TIME 1167737286
TRACK A20110117580906 B737 333900 842700 120 30 999 NONE NONE 380
	FP_ROUTE KATL..KMDW

TRACK_TIME 1167737286
TRACK A20110117580907 B737 332560 1120160 120 30 999 NONE NONE 300
	FP_ROUTE KPHX..KSNA

TRACK_TIME 1167737286
TRACK A20110117580908 B734 351360 805560 120 30 999 NONE NONE 350
	FP_ROUTE KCLT..KEWR

TRACK_TIME 1167737286
TRACK A20110117580909 B763 335500 1182800 120 30 999 NONE NONE 390
	FP_ROUTE KLAX..KATL

TRACK_TIME 1167737286
TRACK A20110117580913 C560 422800 711800 120 30 999 NONE NONE 151
	FP_ROUTE KBED..KBGR

TRACK_TIME 1167737286
TRACK A20110117580914 DH8D 424600 734800 120 30 999 NONE NONE 60
	FP_ROUTE KALB..KEWR

TRACK_TIME 1167737286
TRACK A20110117580916 B733 425700 784300 120 30 999 NONE NONE 250
	FP_ROUTE KBUF..KBWI

TRACK_TIME 1167737286
TRACK A20110117580918 B733 335700 1182800 120 30 999 NONE NONE 260
	FP_ROUTE KLAX..KSFO

TRACK_TIME 1167737286
TRACK A20110117580920 B733 390900 764000 120 30 999 NONE NONE 280
	FP_ROUTE KBWI..KLIT

TRACK_TIME 1167737286
TRACK A20110117580921 B738 260460 800460 120 30 999 NONE NONE 390
	FP_ROUTE KFLL..KJFK

TRACK_TIME 1167737286
TRACK A20110117580922 A319 351360 805560 120 30 999 NONE NONE 170
	FP_ROUTE KCLT..KMYR

TRACK_TIME 1167737286
TRACK A20110117580942 AT72 325500 970460 120 30 999 NONE NONE 160
	FP_ROUTE KDFW..KSJT

TRACK_TIME 1167737286
TRACK A20110117580950 B738 335560 1182560 120 30 999 NONE NONE 350
	FP_ROUTE KLAX..KMCO

TRACK_TIME 1167737286
TRACK A20110117580958 DH8A 430600 774060 120 30 999 NONE NONE 40
	FP_ROUTE KROC..KLGA

TRACK_TIME 1167737286
TRACK A20110117580961 CRJ2 380400 843460 120 30 999 NONE NONE 230
	FP_ROUTE KLEX..KDCA

TRACK_TIME 1167737286
TRACK A20110117580965 B733 395500 1044000 120 30 999 NONE NONE 330
	FP_ROUTE KDEN..KMDW

TRACK_TIME 1167737286
TRACK A20110117580966 MD82 404900 1115860 120 30 999 NONE NONE 330
	FP_ROUTE KSLC..KDFW

TRACK_TIME 1167737286
TRACK A20110117580967 B737 324500 1171300 120 30 999 NONE NONE 350
	FP_ROUTE KSAN..KPHX

TRACK_TIME 1167737286
TRACK A20110117580968 E190 182800 655800 120 30 999 NONE NONE 360
	FP_ROUTE KSJU..KMCO

TRACK_TIME 1167737286
TRACK A20110117580970 MD82 325260 970300 120 30 999 NONE NONE 220
	FP_ROUTE KDFW..KAUS

TRACK_TIME 1167737286
TRACK A20110117580971 MD83 383900 1213460 120 30 999 NONE NONE 330
	FP_ROUTE KSMF..KDFW

TRACK_TIME 1167737286
TRACK A20110117580977 CRJ1 390300 844060 120 30 999 NONE NONE 220
	FP_ROUTE KCVG..KSBN

TRACK_TIME 1167737286
TRACK A20110117580987 LJ35 323460 1170160 120 30 999 NONE NONE 330
	FP_ROUTE KSDM..KPHX

TRACK_TIME 1167737286
TRACK A20110117580989 CRJ2 433400 964600 120 30 999 NONE NONE 360
	FP_ROUTE KFSD..KDEN

TRACK_TIME 1167737286
TRACK A20110117580992 E145 361200 942100 120 30 999 NONE NONE 260
	FP_ROUTE KXNA..KIAH

TRACK_TIME 1167737286
TRACK A20110117580996 LJ35 611660 1500460 120 30 999 NONE NONE 380
	FP_ROUTE KANC..KFAI

TRACK_TIME 1167737286
TRACK A20110117581002 B744 373760 1222400 120 30 999 NONE NONE 360
	FP_ROUTE KSFO..KANC

TRACK_TIME 1167737286
TRACK A20110117581004 CRJ2 313160 841200 120 30 999 NONE NONE 200
	FP_ROUTE KABY..KATL

TRACK_TIME 1167737286
TRACK A20110117581009 MD82 325560 970160 120 30 999 NONE NONE 350
	FP_ROUTE KDFW..KBWI

TRACK_TIME 1167737286
TRACK A20110117581016 E120 335700 1182860 120 30 999 NONE NONE 60
	FP_ROUTE KLAX..KSBA

TRACK_TIME 1167737286
TRACK A20110117581017 CL60 264060 800300 120 30 999 NONE NONE 390
	FP_ROUTE KPBI..KTEB

TRACK_TIME 1167737286
TRACK A20110117581025 B737 334000 1175260 120 30 999 NONE NONE 390
	FP_ROUTE KSNA..KIAH

TRACK_TIME 1167737286
TRACK A20110117581033 CRJ2 335400 1163400 120 30 999 NONE NONE 280
	FP_ROUTE KPSP..KSFO

TRACK_TIME 1167737286
TRACK A20110117581034 CRJ2 373760 1222200 120 30 999 NONE NONE 350
	FP_ROUTE KSFO..KBOI

TRACK_TIME 1167737286
TRACK A20110117581042 E120 335700 1182860 120 30 999 NONE NONE 140
	FP_ROUTE KLAX..KSBP

TRACK_TIME 1167737286
TRACK A20110117581045 A320 415860 875260 120 30 999 NONE NONE 390
	FP_ROUTE KORD..KEWR

TRACK_TIME 1167737286
TRACK A20110117581048 B737 332560 1120160 120 30 999 NONE NONE 370
	FP_ROUTE KPHX..KELP

TRACK_TIME 1167737286
TRACK A20110117581052 E120 335700 1182860 120 30 999 NONE NONE 120
	FP_ROUTE KLAX..KBFL

TRACK_TIME 1167737286
TRACK A20110117581057 CRJ2 420300 801600 120 30 999 NONE NONE 139
	FP_ROUTE KERI..KDTW

TRACK_TIME 1167737286
TRACK A20110117581058 CRJ9 360760 1151060 120 30 999 NONE NONE 280
	FP_ROUTE KLAS..KLAX

TRACK_TIME 1167737286
TRACK A20110117581059 E170 293760 951800 120 30 999 NONE NONE 280
	FP_ROUTE KHOU..KDEN

TRACK_TIME 1167737286
TRACK A20110117581060 E170 394900 1044000 120 30 999 NONE NONE 320
	FP_ROUTE KDEN..KABQ

TRACK_TIME 1167737286
TRACK A20110117581061 B737 320600 1105560 120 30 999 NONE NONE 400
	FP_ROUTE KTUS..KLAX

TRACK_TIME 1167737286
TRACK A20110117581062 B738 351000 1143400 120 30 999 NONE NONE 370
	FP_ROUTE KIFP..KCOS

TRACK_TIME 1167737286
TRACK A20110117581063 B738 385260 1043760 120 30 999 NONE NONE 410
	FP_ROUTE KCOS..KMSP

TRACK_TIME 1167737286
TRACK A20110117581065 B737 335700 1182700 120 30 999 NONE NONE 380
	FP_ROUTE KLAX..KSMF

TRACK_TIME 1167737286
TRACK A20110117581066 A319 395200 751660 120 30 999 NONE NONE 380
	FP_ROUTE KPHL..KSFO

TRACK_TIME 1167737286
TRACK A20110117581067 CRJ2 352860 823400 120 30 999 NONE NONE 120
	FP_ROUTE KAVL..KATL

TRACK_TIME 1167737286
TRACK A20110117581068 B752 263000 814900 120 30 999 NONE NONE 360
	FP_ROUTE KRSW..KATL

TRACK_TIME 1167737286
TRACK A20110117581070 CRJ2 404900 1120100 120 30 999 NONE NONE 340
	FP_ROUTE KSLC..KLGB

TRACK_TIME 1167737286
TRACK A20110117581082 CRJ2 422260 1225260 120 30 999 NONE NONE 350
	FP_ROUTE KMFR..KSLC

TRACK_TIME 1167737286
TRACK A20110117581083 B752 373760 1222200 120 30 999 NONE NONE 370
	FP_ROUTE KSFO..KPHX

TRACK_TIME 1167737286
TRACK A20110117581084 B737 385500 773400 120 30 999 NONE NONE 380
	FP_ROUTE KIAD..KGYY

TRACK_TIME 1167737286
TRACK A20110117581091 B737 393160 1194600 120 30 999 NONE NONE 330
	FP_ROUTE KRNO..KLAS

TRACK_TIME 1167737286
TRACK A20110117581107 MD82 351060 805700 120 30 999 NONE NONE 340
	FP_ROUTE KCLT..KDFW

TRACK_TIME 1167737286
TRACK A20110117581112 SF34 445260 930760 120 30 999 NONE NONE 129
	FP_ROUTE KMSP..KHIB

TRACK_TIME 1167737286
TRACK A20110117581114 A320 453600 1223700 120 30 999 NONE NONE 350
	FP_ROUTE KPDX..KORD

TRACK_TIME 1167737286
TRACK A20110117581117 B737 421200 832260 120 30 999 NONE NONE 400
	FP_ROUTE KDTW..KDEN

TRACK_TIME 1167737286
TRACK A20110117581119 A319 384360 901660 120 30 999 NONE NONE 380
	FP_ROUTE KSTL..KDEN

TRACK_TIME 1167737286
TRACK A20110117581120 A319 335560 1182560 120 30 999 NONE NONE 370
	FP_ROUTE KLAX..KDEN

TRACK_TIME 1167737286
TRACK A20110117581121 B752 385700 773100 120 30 999 NONE NONE 380
	FP_ROUTE KIAD..KDEN

TRACK_TIME 1167737286
TRACK A20110117581123 E135 425500 875500 120 30 999 NONE NONE 80
	FP_ROUTE KMKE..KORD

TRACK_TIME 1167737286
TRACK A20110117581128 B733 384360 901660 120 30 999 NONE NONE 360
	FP_ROUTE KSTL..KDEN

TRACK_TIME 1167737286
TRACK A20110117581130 B733 394960 1044500 120 30 999 NONE NONE 300
	FP_ROUTE KDEN..KABQ

TRACK_TIME 1167737286
TRACK A20110117581132 B733 350160 1063400 120 30 999 NONE NONE 300
	FP_ROUTE KABQ..KELP

TRACK_TIME 1167737286
TRACK A20110117581133 A320 404800 735200 120 30 999 NONE NONE 380
	FP_ROUTE KLGA..KCVG

TRACK_TIME 1167737286
TRACK A20110117581134 CRJ2 445200 931000 120 30 999 NONE NONE 250
	FP_ROUTE KMSP..KATW

TRACK_TIME 1167737286
TRACK A20110117581136 A320 390160 844000 120 30 999 NONE NONE 340
	FP_ROUTE KCVG..KLAS

TRACK_TIME 1167737286
TRACK A20110117581138 F2TH 334500 1161660 120 30 999 NONE NONE 410
	FP_ROUTE KUDD..KAPA

TRACK_TIME 1167737286
TRACK A20110117581146 B733 314800 1062400 120 30 999 NONE NONE 350
	FP_ROUTE KELP..KAUS

TRACK_TIME 1167737286
TRACK A20110117581147 B733 300700 974200 120 30 999 NONE NONE 350
	FP_ROUTE KAUS..KMDW

TRACK_TIME 1167737286
TRACK A20110117581149 B737 360700 1150900 120 30 999 NONE NONE 80
	FP_ROUTE KLAS..KSNA

TRACK_TIME 1167737286
TRACK A20110117581150 CRJ9 404660 1115860 120 30 999 NONE NONE 370
	FP_ROUTE KSLC..KOMA

TRACK_TIME 1167737286
TRACK A20110117581157 CRJ9 404600 1120000 120 30 999 NONE NONE 350
	FP_ROUTE KSLC..KORD

TRACK_TIME 1167737286
TRACK A20110117581158 SF34 541060 1660460 120 30 999 NONE NONE 210
	FP_ROUTE KDUT..KANC

TRACK_TIME 1167737286
TRACK A20110117581166 E120 422260 1225260 120 30 999 NONE NONE 270
	FP_ROUTE KMFR..KSFO

TRACK_TIME 1167737286
TRACK A20110117581172 DH8A 404800 735100 120 30 999 NONE NONE 130
	FP_ROUTE KLGA..KPVD

TRACK_TIME 1167737286
TRACK A20110117581174 CRJ2 350300 895860 120 30 999 NONE NONE 280
	FP_ROUTE KMEM..KOKC

TRACK_TIME 1167737286
TRACK A20110117581175 CRJ2 352400 973600 120 30 999 NONE NONE 260
	FP_ROUTE KOKC..KLBB

TRACK_TIME 1167737286
TRACK A20110117581179 CRJ2 395200 751600 120 30 999 NONE NONE 160
	FP_ROUTE KPHL..KRIC

TRACK_TIME 1167737286
TRACK A20110117581182 E190 422200 705800 120 30 999 NONE NONE 320
	FP_ROUTE KBOS..KDCA

TRACK_TIME 1167737286
TRACK A20110117581185 MD83 261000 981060 120 30 999 NONE NONE 300
	FP_ROUTE KMFE..KLAS

TRACK_TIME 1167737286
TRACK A20110117581188 MD83 325560 970160 120 30 999 NONE NONE 290
	FP_ROUTE KDFW..KPIT

TRACK_TIME 1167737286
TRACK A20110117581190 B712 215860 1591900 120 30 999 NONE NONE 130
	FP_ROUTE KLIH..KHNL

TRACK_TIME 1167737286
TRACK A20110117581192 CRJ2 395500 1044060 120 30 999 NONE NONE 320
	FP_ROUTE KDEN..KIDA

TRACK_TIME 1167737286
TRACK A20110117581194 B733 332560 1120160 120 30 999 NONE NONE 350
	FP_ROUTE KPHX..KIND

TRACK_TIME 1167737286
TRACK A20110117581197 CRJ2 395100 1044360 120 30 999 NONE NONE 280
	FP_ROUTE KDEN..KGPI

TRACK_TIME 1167737286
TRACK A20110117581199 B752 335560 1182560 120 30 999 NONE NONE 350
	FP_ROUTE KLAX..KSTL

TRACK_TIME 1167737286
TRACK A20110117581200 CRJ2 394800 1043900 120 30 999 NONE NONE 260
	FP_ROUTE KDEN..KDRO

TRACK_TIME 1167737286
TRACK A20110117581209 B733 335700 1182800 120 30 999 NONE NONE 360
	FP_ROUTE KLAX..KSFO

TRACK_TIME 1167737286
TRACK A20110117581211 B738 472560 1221800 120 30 999 NONE NONE 371
	FP_ROUTE KSEA..KATL

TRACK_TIME 1167737286
TRACK A20110117581217 B737 333760 1175260 120 30 999 NONE NONE 380
	FP_ROUTE KSNA..KSMF

TRACK_TIME 1167737286
TRACK A20110117581218 B737 383900 1213160 120 30 999 NONE NONE 330
	FP_ROUTE KSMF..KLAS

TRACK_TIME 1167737286
TRACK A20110117581224 E120 374600 1130460 120 30 999 NONE NONE 130
	FP_ROUTE KCDC..KSLC

TRACK_TIME 1167737286
TRACK A20110117581226 MD83 325500 970300 120 30 999 NONE NONE 300
	FP_ROUTE KDFW..KSAT

TRACK_TIME 1167737286
TRACK A20110117581227 MD83 320600 1105560 120 30 999 NONE NONE 230
	FP_ROUTE KTUS..KDFW

TRACK_TIME 1167737286
TRACK A20110117581229 DH8C 404360 751960 120 30 999 NONE NONE 39
	FP_ROUTE KABE..KPHL

TRACK_TIME 1167737286
TRACK A20110117581232 A319 394960 1044500 120 30 999 NONE NONE 360
	FP_ROUTE KDEN..KONT

TRACK_TIME 1167737286
TRACK A20110117581235 LJ35 391200 764060 120 30 999 NONE NONE 430
	FP_ROUTE KBWI..KPBI

TRACK_TIME 1167737286
TRACK A20110117581236 A320 282400 811800 120 30 999 NONE NONE 350
	FP_ROUTE KMCO..KBQN

TRACK_TIME 1167737286
TRACK A20110117581237 A319 395260 751060 120 30 999 NONE NONE 100
	FP_ROUTE KPHL..KCLT

TRACK_TIME 1167737286
TRACK A20110117581246 CRJ2 370160 1133100 120 30 999 NONE NONE 270
	FP_ROUTE KDXZ..KSLC

TRACK_TIME 1167737286
TRACK A20110117581255 CRJ2 421200 832200 120 30 999 NONE NONE 80
	FP_ROUTE KDTW..KLAN

TRACK_TIME 1167737286
TRACK A20110117581256 B712 385260 770400 120 30 999 NONE NONE 340
	FP_ROUTE KDCA..KMKE

TRACK_TIME 1167737286
TRACK A20110117581257 DH8D 472560 1221800 120 30 999 NONE NONE 169
	FP_ROUTE KSEA..KPSC

TRACK_TIME 1167737286
TRACK A20110117581261 B712 333760 842260 120 30 999 NONE NONE 350
	FP_ROUTE KATL..KBOS

TRACK_TIME 1167737286
TRACK A20110117581262 B712 351360 805700 120 30 999 NONE NONE 220
	FP_ROUTE KCLT..KATL

TRACK_TIME 1167737286
TRACK A20110117581263 B712 333760 842100 120 30 999 NONE NONE 330
	FP_ROUTE KATL..KBWI

TRACK_TIME 1167737286
TRACK A20110117581265 B712 390900 763900 120 30 999 NONE NONE 320
	FP_ROUTE KBWI..KCLT

TRACK_TIME 1167737286
TRACK A20110117581266 B712 282400 811800 120 30 999 NONE NONE 350
	FP_ROUTE KMCO..KBWI

TRACK_TIME 1167737286
TRACK A20110117581268 E145 415100 914000 120 30 999 NONE NONE 360
	FP_ROUTE KCID..KDFW

TRACK_TIME 1167737286
TRACK A20110117581271 A320 445200 931060 120 30 999 NONE NONE 379
	FP_ROUTE KMSP..KLAX

TRACK_TIME 1167737286
TRACK A20110117581275 B712 373760 972700 120 30 999 NONE NONE 350
	FP_ROUTE KICT..KATL

TRACK_TIME 1167737286
TRACK A20110117581289 CRJ2 440300 1030400 120 30 999 NONE NONE 280
	FP_ROUTE KRAP..KDEN

TRACK_TIME 1167737286
TRACK A20110117581296 MD82 325500 970300 120 30 999 NONE NONE 320
	FP_ROUTE KDFW..KFAT

TRACK_TIME 1167737286
TRACK A20110117581297 E145 295800 951960 120 30 999 NONE NONE 160
	FP_ROUTE KIAH..KCRP

TRACK_TIME 1167737286
TRACK A20110117581299 B737 360700 1150900 120 30 999 NONE NONE 370
	FP_ROUTE KLAS..KTPA

TRACK_TIME 1167737286
TRACK A20110117581300 B738 335560 1182700 120 30 999 NONE NONE 330
	FP_ROUTE KLAX..KDFW

TRACK_TIME 1167737286
TRACK A20110117581301 B737 340300 1173700 120 30 999 NONE NONE 290
	FP_ROUTE KONT..KLAS

TRACK_TIME 1167737286
TRACK A20110117581303 A320 403760 734960 120 30 999 NONE NONE 380
	FP_ROUTE KJFK..KMSY

TRACK_TIME 1167737286
TRACK A20110117581304 B737 275800 823300 120 30 999 NONE NONE 390
	FP_ROUTE KTPA..KBDL

TRACK_TIME 1167737286
TRACK A20110117581309 B733 332560 1120160 120 30 999 NONE NONE 330
	FP_ROUTE KPHX..KABQ

TRACK_TIME 1167737286
TRACK A20110117581311 B737 335560 1182800 120 30 999 NONE NONE 370
	FP_ROUTE KLAX..KHOU

TRACK_TIME 1167737286
TRACK A20110117581312 A320 275800 823300 120 30 999 NONE NONE 350
	FP_ROUTE KTPA..KPHL

TRACK_TIME 1167737286
TRACK A20110117581313 CRJ2 334960 1114300 120 30 999 NONE NONE 90
	FP_ROUTE KPHX..KPHX

TRACK_TIME 1167737286
TRACK A20110117581320 E190 394900 1043760 120 30 999 NONE NONE 370
	FP_ROUTE KDEN..KGRR

TRACK_TIME 1167737286
TRACK A20110117581326 A319 341060 1182100 120 30 999 NONE NONE 330
	FP_ROUTE KBUR..KPHX

TRACK_TIME 1167737286
TRACK A20110117581327 A319 332560 1115860 120 30 999 NONE NONE 350
	FP_ROUTE KPHX..KMKE

TRACK_TIME 1167737286
TRACK A20110117581335 CRJ2 353900 772260 120 30 999 NONE NONE 220
	FP_ROUTE KPGV..KCLT

TRACK_TIME 1167737286
TRACK A20110117581336 A320 360700 1150900 120 30 999 NONE NONE 370
	FP_ROUTE KLAS..KPHL

TRACK_TIME 1167737286
TRACK A20110117581343 C750 342560 1195200 120 30 999 NONE NONE 220
	FP_ROUTE KSBA..KSJC

TRACK_TIME 1167737286
TRACK A20110117581347 B737 404960 730400 120 30 999 NONE NONE 400
	FP_ROUTE KISP..KMCO

TRACK_TIME 1167737286
TRACK A20110117581363 B752 254800 801600 120 30 999 NONE NONE 370
	FP_ROUTE KMIA..KEWR

TRACK_TIME 1167737286
TRACK A20110117581372 E145 390160 844000 120 30 999 NONE NONE 360
	FP_ROUTE KCVG..KDFW

TRACK_TIME 1167737286
TRACK A20110117581380 CRJ2 211900 1575260 120 30 999 NONE NONE 30
	FP_ROUTE KHNL..KOGG

TRACK_TIME 1167737286
TRACK A20110117581393 C750 264500 800900 120 30 999 NONE NONE 430
	FP_ROUTE KPBI..KDPA

TRACK_TIME 1167737286
TRACK A20110117581402 CRJ1 382200 823300 120 30 999 NONE NONE 100
	FP_ROUTE KHTS..KCVG

TRACK_TIME 1167737286
TRACK A20110117581409 B738 335560 1182700 120 30 999 NONE NONE 330
	FP_ROUTE KLAX..KMIA

TRACK_TIME 1167737286
TRACK A20110117581411 B733 324960 964960 120 30 999 NONE NONE 110
	FP_ROUTE KDAL..KHOU

TRACK_TIME 1167737286
TRACK A20110117581417 B737 293760 951600 120 30 999 NONE NONE 390
	FP_ROUTE KHOU..KBWI

TRACK_TIME 1167737286
TRACK A20110117581418 B738 472560 1221800 120 30 999 NONE NONE 370
	FP_ROUTE KSEA..KSTL

TRACK_TIME 1167737286
TRACK A20110117581420 B737 390900 763900 120 30 999 NONE NONE 250
	FP_ROUTE KBWI..KBDL

TRACK_TIME 1167737286
TRACK A20110117581427 CRJ9 384360 901660 120 30 999 NONE NONE 110
	FP_ROUTE KSTL..KCVG

TRACK_TIME 1167737286
TRACK A20110117581428 B712 405560 812560 120 30 999 NONE NONE 100
	FP_ROUTE KCAK..KLGA

TRACK_TIME 1167737286
TRACK A20110117581434 B752 215860 1591900 120 30 999 NONE NONE 370
	FP_ROUTE KLIH..KSFO

TRACK_TIME 1167737286
TRACK A20110117581435 A320 373760 1222200 120 30 999 NONE NONE 360
	FP_ROUTE KSFO..KSEA

TRACK_TIME 1167737286
TRACK A20110117581436 A320 472560 1221900 120 30 999 NONE NONE 350
	FP_ROUTE KSEA..KLAX

TRACK_TIME 1167737286
TRACK A20110117581441 A320 335700 1182700 120 30 999 NONE NONE 370
	FP_ROUTE KLAX..KDFW

TRACK_TIME 1167737286
TRACK A20110117581452 MD82 445400 931600 120 30 999 NONE NONE 320
	FP_ROUTE KMSP..KDFW

TRACK_TIME 1167737286
TRACK A20110117581458 B752 282500 811900 120 30 999 NONE NONE 360
	FP_ROUTE KMCO..KDEN

TRACK_TIME 1167737286
TRACK A20110117581459 CRJ2 361060 955260 120 30 999 NONE NONE 310
	FP_ROUTE KTUL..KATL

TRACK_TIME 1167737286
TRACK A20110117581467 E135 415700 875400 120 30 999 NONE NONE 230
	FP_ROUTE KORD..KIND

TRACK_TIME 1167737286
TRACK A20110117581469 B712 445200 931000 120 30 999 NONE NONE 290
	FP_ROUTE KMSP..KMKE

TRACK_TIME 1167737286
TRACK A20110117581471 A320 394960 1044600 120 30 999 NONE NONE 360
	FP_ROUTE KDEN..KSAN

TRACK_TIME 1167737286
TRACK A20110117581475 A320 422100 710100 120 30 999 NONE NONE 380
	FP_ROUTE KBOS..KORD

TRACK_TIME 1167737286
TRACK A20110117581481 E135 435400 911060 120 30 999 NONE NONE 90
	FP_ROUTE KLSE..KORD

TRACK_TIME 1167737286
TRACK A20110117581486 B737 324500 1171300 120 30 999 NONE NONE 400
	FP_ROUTE KSAN..KSJC

TRACK_TIME 1167737286
TRACK A20110117581487 B752 333900 842800 120 30 999 NONE NONE 380
	FP_ROUTE KATL..KPHX

TRACK_TIME 1167737286
TRACK A20110117581495 CRJ2 334900 1162860 120 30 999 NONE NONE 250
	FP_ROUTE KPSP..KSLC

TRACK_TIME 1167737286
TRACK A20110117581504 E120 335560 1182560 120 30 999 NONE NONE 159
	FP_ROUTE KLAX..KSBP

TRACK_TIME 1167737286
TRACK A20110117581505 E120 472500 1221800 120 30 999 NONE NONE 150
	FP_ROUTE KSEA..KPDX

TRACK_TIME 1167737286
TRACK A20110117581507 CRJ2 335700 1182700 120 30 999 NONE NONE 260
	FP_ROUTE KLAX..KFAT

TRACK_TIME 1167737286
TRACK A20110117581508 CRJ2 444300 894200 120 30 999 NONE NONE 120
	FP_ROUTE KCWA..KEAU

TRACK_TIME 1167737286
TRACK A20110117581512 E170 325260 970160 120 30 999 NONE NONE 330
	FP_ROUTE KDFW..KDCA

TRACK_TIME 1167737286
TRACK A20110117581520 E170 394600 1043760 120 30 999 NONE NONE 120
	FP_ROUTE KDEN..KCOS

TRACK_TIME 1167737286
TRACK A20110117581528 CRJ2 335560 1182700 120 30 999 NONE NONE 330
	FP_ROUTE KLAX..KSLC

TRACK_TIME 1167737286
TRACK A20110117581529 E120 324660 1145200 120 30 999 NONE NONE 220
	FP_ROUTE KNYL..KLAX

TRACK_TIME 1167737286
TRACK A20110117581530 CRJ2 394660 1042500 120 30 999 NONE NONE 310
	FP_ROUTE KDEN..KICT

TRACK_TIME 1167737286
TRACK A20110117581532 CRJ2 350300 1063460 120 30 999 NONE NONE 330
	FP_ROUTE KABQ..KDEN

TRACK_TIME 1167737286
TRACK A20110117581533 A320 282500 811900 120 30 999 NONE NONE 360
	FP_ROUTE KMCO..KORD

TRACK_TIME 1167737286
TRACK A20110117581536 B733 282560 811800 120 30 999 NONE NONE 350
	FP_ROUTE KMCO..KPHL

TRACK_TIME 1167737286
TRACK A20110117581538 B733 293900 951800 120 30 999 NONE NONE 350
	FP_ROUTE KHOU..KMCO

TRACK_TIME 1167737286
TRACK A20110117581545 B752 373760 1222500 120 30 999 NONE NONE 370
	FP_ROUTE KSFO..KHNL

TRACK_TIME 1167737286
TRACK A20110117581551 B753 333900 842800 120 30 999 NONE NONE 320
	FP_ROUTE KATL..KLAX

TRACK_TIME 1167737286
TRACK A20110117581557 E135 335560 1182560 120 30 999 NONE NONE 110
	FP_ROUTE KLAX..KSAN

TRACK_TIME 1167737286
TRACK A20110117581558 E135 403700 735100 120 30 999 NONE NONE 110
	FP_ROUTE KJFK..KBOS

TRACK_TIME 1167737286
TRACK A20110117581560 E145 325500 970300 120 30 999 NONE NONE 340
	FP_ROUTE KDFW..KFSD

TRACK_TIME 1167737286
TRACK A20110117581562 A320 394900 1043700 120 30 999 NONE NONE 350
	FP_ROUTE KDEN..KPHL

TRACK_TIME 1167737286
TRACK A20110117581563 A320 394660 1043700 120 30 999 NONE NONE 390
	FP_ROUTE KDEN..KDTW

TRACK_TIME 1167737286
TRACK A20110117581564 SF34 295800 952100 120 30 999 NONE NONE 129
	FP_ROUTE KIAH..KSHV

TRACK_TIME 1167737286
TRACK A20110117581565 CRJ9 415860 875100 120 30 999 NONE NONE 330
	FP_ROUTE KORD..KJFK

TRACK_TIME 1167737286
TRACK A20110117581568 A319 351500 805560 120 30 999 NONE NONE 270
	FP_ROUTE KCLT..KDCA

TRACK_TIME 1167737286
TRACK A20110117581574 BE20 402200 1221060 120 30 999 NONE NONE 130
	FP_ROUTE KRDD..KMHR

TRACK_TIME 1167737286
TRACK A20110117581580 CRJ2 421200 832200 120 30 999 NONE NONE 290
	FP_ROUTE KDTW..KPWM

TRACK_TIME 1167737286
TRACK A20110117581583 A319 394900 1043900 120 30 999 NONE NONE 390
	FP_ROUTE KDEN..KMCO

TRACK_TIME 1167737286
TRACK A20110117581586 B738 373900 1221960 120 30 999 NONE NONE 330
	FP_ROUTE KSFO..KORD

TRACK_TIME 1167737286
TRACK A20110117581589 BE20 644360 1475700 120 30 999 NONE NONE 230
	FP_ROUTE KFAI..KANC

TRACK_TIME 1167737286
TRACK A20110117581590 BE20 612700 1495400 120 30 999 NONE NONE 220
	FP_ROUTE KANC..KFAI

TRACK_TIME 1167737286
TRACK A20110117581602 A320 263400 814300 120 30 999 NONE NONE 370
	FP_ROUTE KRSW..KEWR

TRACK_TIME 1167737286
TRACK A20110117581603 A320 335560 1182700 120 30 999 NONE NONE 330
	FP_ROUTE KLAX..KJFK

TRACK_TIME 1167737286
TRACK A20110117581604 SF34 444300 893100 120 30 999 NONE NONE 110
	FP_ROUTE KCWA..KDTW

TRACK_TIME 1167737286
TRACK A20110117581606 CRJ2 351360 805700 120 30 999 NONE NONE 290
	FP_ROUTE KCLT..KBUF

TRACK_TIME 1167737286
TRACK A20110117581608 E190 282560 811800 120 30 999 NONE NONE 370
	FP_ROUTE KMCO..KBOS

TRACK_TIME 1167737286
TRACK A20110117581609 B735 360700 1150900 120 30 999 NONE NONE 300
	FP_ROUTE KLAS..KLAX

TRACK_TIME 1167737286
TRACK A20110117581610 CRJ2 394800 1043900 120 30 999 NONE NONE 350
	FP_ROUTE KDEN..KMAF

TRACK_TIME 1167737286
TRACK A20110117581616 CRJ2 385200 770300 120 30 999 NONE NONE 310
	FP_ROUTE KDCA..KCVG

TRACK_TIME 1167737286
TRACK A20110117581618 B735 335700 1182800 120 30 999 NONE NONE 340
	FP_ROUTE KLAX..KSFO

TRACK_TIME 1167737286
TRACK A20110117581619 B735 390700 944600 120 30 999 NONE NONE 360
	FP_ROUTE KMCI..KIAH

TRACK_TIME 1167737286
TRACK A20110117581620 E120 343700 1182260 120 30 999 NONE NONE 70
	FP_ROUTE KIYK..KLAX

TRACK_TIME 1167737286
TRACK A20110117581621 B738 472560 1221900 120 30 999 NONE NONE 370
	FP_ROUTE KSEA..KSAN

TRACK_TIME 1167737286
TRACK A20110117581626 CRJ2 394800 1044500 120 30 999 NONE NONE 260
	FP_ROUTE KDEN..KGJT

TRACK_TIME 1167737286
TRACK A20110117581627 CRJ2 433400 1161200 120 30 999 NONE NONE 370
	FP_ROUTE KBOI..KDEN

TRACK_TIME 1167737286
TRACK A20110117581629 E120 373760 1222200 120 30 999 NONE NONE 230
	FP_ROUTE KSFO..KBFL

TRACK_TIME 1167737286
TRACK A20110117581631 A321 360700 1150900 120 30 999 NONE NONE 330
	FP_ROUTE KLAS..KDTW

TRACK_TIME 1167737286
TRACK A20110117581632 B737 360700 1150900 120 30 999 NONE NONE 390
	FP_ROUTE KLAS..KMDW

TRACK_TIME 1167737286
TRACK A20110117581633 CRJ1 333900 842260 120 30 999 NONE NONE 340
	FP_ROUTE KATL..KXNA

TRACK_TIME 1167737286
TRACK A20110117581638 B712 334000 843100 120 30 999 NONE NONE 320
	FP_ROUTE KATL..KMKE

TRACK_TIME 1167737286
TRACK A20110117581646 A321 351060 805560 120 30 999 NONE NONE 290
	FP_ROUTE KCLT..KPHL

TRACK_TIME 1167737286
TRACK A20110117581648 CRJ2 320600 1105560 120 30 999 NONE NONE 340
	FP_ROUTE KTUS..KSLC

TRACK_TIME 1167737286
TRACK A20110117581652 DH8D 472700 1221800 120 30 999 NONE NONE 130
	FP_ROUTE KSEA..KPDX

TRACK_TIME 1167737286
TRACK A20110117581670 E145 420000 875560 120 30 999 NONE NONE 309
	FP_ROUTE KORD..KBNA

TRACK_TIME 1167737286
TRACK A20110117581671 B732 211900 1575400 120 30 999 NONE NONE 230
	FP_ROUTE KHNL..KKOA

TRACK_TIME 1167737286
TRACK A20110117581676 A320 385560 773160 120 30 999 NONE NONE 380
	FP_ROUTE KIAD..KLAX

TRACK_TIME 1167737286
TRACK A20110117581681 CRJ2 404600 1120000 120 30 999 NONE NONE 330
	FP_ROUTE KSLC..KBIL

TRACK_TIME 1167737286
TRACK A20110117581682 CRJ2 384960 1043600 120 30 999 NONE NONE 121
	FP_ROUTE KCOS..KDEN

TRACK_TIME 1167737286
TRACK A20110117581683 E120 373900 1221960 120 30 999 NONE NONE 190
	FP_ROUTE KSFO..KFAT

TRACK_TIME 1167737286
TRACK A20110117581687 B737 403760 735100 120 30 999 NONE NONE 400
	FP_ROUTE KJFK..KSAT

TRACK_TIME 1167737286
TRACK A20110117581688 BE20 355860 1150760 120 30 999 NONE NONE 200
	FP_ROUTE KHND..KMYF

TRACK_TIME 1167737286
TRACK A20110117581697 B752 332560 1120300 120 30 999 NONE NONE 380
	FP_ROUTE KPHX..KKOA

TRACK_TIME 1167737286
TRACK A20110117581701 CRJ2 333900 842400 120 30 999 NONE NONE 40
	FP_ROUTE KATL..KHSV

TRACK_TIME 1167737286
TRACK A20110117581705 CRJ2 343700 864600 120 30 999 NONE NONE 90
	FP_ROUTE KHSV..KATL

TRACK_TIME 1167737286
TRACK A20110117581707 A319 260460 800760 120 30 999 NONE NONE 350
	FP_ROUTE KFLL..KDTW

TRACK_TIME 1167737286
TRACK A20110117581708 CRJ2 333760 842260 120 30 999 NONE NONE 290
	FP_ROUTE KATL..KGNV

TRACK_TIME 1167737286
TRACK A20110117581709 CRJ2 294060 821600 120 30 999 NONE NONE 140
	FP_ROUTE KGNV..KATL

TRACK_TIME 1167737286
TRACK A20110117581712 E145 325560 970160 120 30 999 NONE NONE 370
	FP_ROUTE KDFW..KPNS

TRACK_TIME 1167737286
TRACK A20110117581713 A320 394900 1043900 120 30 999 NONE NONE 370
	FP_ROUTE KDEN..KDFW

TRACK_TIME 1167737286
TRACK A20110117581715 B737 472560 1221900 120 30 999 NONE NONE 410
	FP_ROUTE KSEA..KSNA

TRACK_TIME 1167737286
TRACK A20110117581716 E135 420460 875400 120 30 999 NONE NONE 180
	FP_ROUTE KORD..KCWA

TRACK_TIME 1167737286
TRACK A20110117581720 B733 324500 1171360 120 30 999 NONE NONE 270
	FP_ROUTE KSAN..KLAS

TRACK_TIME 1167737286
TRACK A20110117581731 B733 295700 952100 120 30 999 NONE NONE 240
	FP_ROUTE KIAH..KPHX

TRACK_TIME 1167737286
TRACK A20110117581735 B752 254800 801500 120 30 999 NONE NONE 290
	FP_ROUTE KMIA..KJFK

TRACK_TIME 1167737286
TRACK A20110117581740 E135 324600 1171500 120 30 999 NONE NONE 100
	FP_ROUTE KSAN..KLAX

TRACK_TIME 1167737286
TRACK A20110117581741 B733 425700 712560 120 30 999 NONE NONE 320
	FP_ROUTE KMHT..KBWI

TRACK_TIME 1167737286
TRACK A20110117581746 B737 324500 1171360 120 30 999 NONE NONE 270
	FP_ROUTE KSAN..KLAS

TRACK_TIME 1167737286
TRACK A20110117581754 FA20 350000 895800 120 30 999 NONE NONE 280
	FP_ROUTE KMEM..KTVF

TRACK_TIME 1167737286
TRACK A20110117581758 E190 410600 734500 120 30 999 NONE NONE 320
	FP_ROUTE KHPN..KPBI

TRACK_TIME 1167737286
TRACK A20110117581760 A320 282500 811800 120 30 999 NONE NONE 350
	FP_ROUTE KMCO..KJFK

TRACK_TIME 1167737286
TRACK A20110117581761 CRJ2 355400 784600 120 30 999 NONE NONE 210
	FP_ROUTE KRDU..KDCA

TRACK_TIME 1167737286
TRACK A20110117581766 DH8A 395100 751600 120 30 999 NONE NONE 40
	FP_ROUTE KPHL..KSBY

TRACK_TIME 1167737286
TRACK A20110117581780 A319 421060 832100 120 30 999 NONE NONE 370
	FP_ROUTE KDTW..KLGA

TRACK_TIME 1167737286
TRACK A20110117581781 A320 303000 814060 120 30 999 NONE NONE 370
	FP_ROUTE KJAX..KJFK

TRACK_TIME 1167737286
TRACK A20110117581783 MD82 415700 875400 120 30 999 NONE NONE 280
	FP_ROUTE KORD..KSTL

TRACK_TIME 1167737286
TRACK A20110117581792 B738 254800 801360 120 30 999 NONE NONE 220
	FP_ROUTE KMIA..KTPA

TRACK_TIME 1167737286
TRACK A20110117581802 A320 360760 1150760 120 30 999 NONE NONE 350
	FP_ROUTE KLAS..KBOS

TRACK_TIME 1167737286
TRACK A20110117581806 LJ35 472200 1200900 120 30 999 NONE NONE 210
	FP_ROUTE KEAT..KGEG

TRACK_TIME 1167737286
TRACK A20110117581811 E145 325260 970160 120 30 999 NONE NONE 290
	FP_ROUTE KDFW..KXNA

TRACK_TIME 1167737286
TRACK A20110117581812 A320 472560 1221900 120 30 999 NONE NONE 370
	FP_ROUTE KSEA..KBOS

TRACK_TIME 1167737286
TRACK A20110117581819 CRJ2 333760 842260 120 30 999 NONE NONE 250
	FP_ROUTE KATL..KVLD

TRACK_TIME 1167737286
TRACK A20110117581820 CRJ2 304800 831660 120 30 999 NONE NONE 240
	FP_ROUTE KVLD..KATL

TRACK_TIME 1167737286
TRACK A20110117581821 B752 373900 1222100 120 30 999 NONE NONE 350
	FP_ROUTE KSFO..KATL

TRACK_TIME 1167737286
TRACK A20110117581822 B752 332560 1120300 120 30 999 NONE NONE 350
	FP_ROUTE KPHX..KDFW

TRACK_TIME 1167737286
TRACK A20110117581828 B752 404660 1120000 120 30 999 NONE NONE 370
	FP_ROUTE KSLC..KJFK

TRACK_TIME 1167737286
TRACK A20110117581832 A320 332560 1120160 120 30 999 NONE NONE 320
	FP_ROUTE KPHX..KONT

TRACK_TIME 1167737286
TRACK A20110117581833 CRJ2 415800 724300 120 30 999 NONE NONE 340
	FP_ROUTE KBDL..KCVG

TRACK_TIME 1167737286
TRACK A20110117581834 A319 384000 1213460 120 30 999 NONE NONE 370
	FP_ROUTE KSMF..KPHX

TRACK_TIME 1167737286
TRACK A20110117581835 B712 395100 751660 120 30 999 NONE NONE 320
	FP_ROUTE KPHL..KATL

TRACK_TIME 1167737286
TRACK A20110117581836 B712 405700 812400 120 30 999 NONE NONE 360
	FP_ROUTE KCAK..KMCO

TRACK_TIME 1167737286
TRACK A20110117581838 E170 395260 751060 120 30 999 NONE NONE 100
	FP_ROUTE KPHL..KCMH

TRACK_TIME 1167737286
TRACK A20110117581839 B733 293100 982800 120 30 999 NONE NONE 119
	FP_ROUTE KSAT..KDAL

TRACK_TIME 1167737286
TRACK A20110117581844 E190 422200 705800 120 30 999 NONE NONE 320
	FP_ROUTE KBOS..KPIT

TRACK_TIME 1167737286
TRACK A20110117581846 E145 430600 774200 120 30 999 NONE NONE 230
	FP_ROUTE KROC..KIAD

TRACK_TIME 1167737286
TRACK A20110117581849 E145 385400 772560 120 30 999 NONE NONE 320
	FP_ROUTE KIAD..KSAV

TRACK_TIME 1167737286
TRACK A20110117581851 E135 322200 952400 120 30 999 NONE NONE 100
	FP_ROUTE KTYR..KDFW

TRACK_TIME 1167737286
TRACK A20110117581852 MD83 325560 970160 120 30 999 NONE NONE 350
	FP_ROUTE KDFW..KTPA

TRACK_TIME 1167737286
TRACK A20110117581853 B752 421060 832400 120 30 999 NONE NONE 380
	FP_ROUTE KDTW..KLAS

TRACK_TIME 1167737286
TRACK A20110117581856 E145 325560 970160 120 30 999 NONE NONE 330
	FP_ROUTE KDFW..KMOB

TRACK_TIME 1167737286
TRACK A20110117581859 A321 373760 1222200 120 30 999 NONE NONE 330
	FP_ROUTE KSFO..KPHL

TRACK_TIME 1167737286
TRACK A20110117581860 CRJ2 394600 1043900 120 30 999 NONE NONE 280
	FP_ROUTE KDEN..KABQ

TRACK_TIME 1167737286
TRACK A20110117581862 B752 420100 875800 120 30 999 NONE NONE 360
	FP_ROUTE KORD..KSFO

TRACK_TIME 1167737286
TRACK A20110117581868 B752 404000 734300 120 30 999 NONE NONE 380
	FP_ROUTE KJFK..KLAX

TRACK_TIME 1167737286
TRACK A20110117581871 B752 420100 875560 120 30 999 NONE NONE 300
	FP_ROUTE KORD..KLAX

TRACK_TIME 1167737286
TRACK A20110117581877 E190 385800 773100 120 30 999 NONE NONE 310
	FP_ROUTE KIAD..KBOS

TRACK_TIME 1167737286
TRACK A20110117581878 B738 360700 864060 120 30 999 NONE NONE 240
	FP_ROUTE KBNA..KATL

TRACK_TIME 1167737286
TRACK A20110117581879 MD82 325700 970160 120 30 999 NONE NONE 290
	FP_ROUTE KDFW..KLGA

TRACK_TIME 1167737286
TRACK A20110117581880 CRJ2 385800 773160 120 30 999 NONE NONE 170
	FP_ROUTE KIAD..KJFK

TRACK_TIME 1167737286
TRACK A20110117581881 CRJ2 403900 734300 120 30 999 NONE NONE 180
	FP_ROUTE KJFK..KIAD

TRACK_TIME 1167737286
TRACK A20110117581882 B752 395260 751300 120 30 999 NONE NONE 300
	FP_ROUTE KPHL..KCLT

TRACK_TIME 1167737286
TRACK A20110117581887 CRJ2 415500 913900 120 30 999 NONE NONE 230
	FP_ROUTE KCID..KORD

TRACK_TIME 1167737286
TRACK A20110117581888 E170 442860 731060 120 30 999 NONE NONE 320
	FP_ROUTE KBTV..KDCA

TRACK_TIME 1167737286
TRACK A20110117581890 E120 373900 1222200 120 30 999 NONE NONE 70
	FP_ROUTE KSFO..KMRY

TRACK_TIME 1167737286
TRACK A20110117581894 CRJ2 415700 875100 120 30 999 NONE NONE 340
	FP_ROUTE KORD..KSGF

TRACK_TIME 1167737286
TRACK A20110117581898 E145 385200 770300 120 30 999 NONE NONE 170
	FP_ROUTE KDCA..KEWR

TRACK_TIME 1167737286
TRACK A20110117581899 E170 385200 770300 120 30 999 NONE NONE 300
	FP_ROUTE KDCA..KMSY

TRACK_TIME 1167737286
TRACK A20110117581903 E190 422200 705860 120 30 999 NONE NONE 240
	FP_ROUTE KBOS..KRDU

TRACK_TIME 1167737286
TRACK A20110117581905 B752 334000 842100 120 30 999 NONE NONE 359
	FP_ROUTE KATL..KPHX

TRACK_TIME 1167737286
TRACK A20110117581908 E170 355260 784660 120 30 999 NONE NONE 350
	FP_ROUTE KRDU..KEWR

TRACK_TIME 1167737286
TRACK A20110117581910 CRJ2 394960 1044360 120 30 999 NONE NONE 340
	FP_ROUTE KDEN..KSBA

TRACK_TIME 1167737286
TRACK A20110117581911 E120 373760 1222100 120 30 999 NONE NONE 71
	FP_ROUTE KSFO..KMOD

TRACK_TIME 1167737286
TRACK A20110117581915 B752 333900 842800 120 30 999 NONE NONE 380
	FP_ROUTE KATL..KSEA

TRACK_TIME 1167737286
TRACK A20110117581916 E120 351500 1204000 120 30 999 NONE NONE 99
	FP_ROUTE KSBP..KSFO

TRACK_TIME 1167737286
TRACK A20110117581918 MD83 325500 970160 120 30 999 NONE NONE 270
	FP_ROUTE KDFW..KSDF

TRACK_TIME 1167737286
TRACK A20110117581924 C550 293900 951360 120 30 999 NONE NONE 220
	FP_ROUTE KHOU..KFTW

TRACK_TIME 1167737286
TRACK A20110117581925 C550 324660 972100 120 30 999 NONE NONE 210
	FP_ROUTE KFTW..KHOU

TRACK_TIME 1167737286
TRACK A20110117581927 MD83 325500 970300 120 30 999 NONE NONE 240
	FP_ROUTE KDFW..KSMF

TRACK_TIME 1167737286
TRACK A20110117581929 E170 385260 770400 120 30 999 NONE NONE 210
	FP_ROUTE KDCA..KLGA

TRACK_TIME 1167737286
TRACK A20110117581944 CRJ2 433300 1161060 120 30 999 NONE NONE 340
	FP_ROUTE KBOI..KSFO

TRACK_TIME 1167737286
TRACK A20110117581972 A319 334000 1175260 120 30 999 NONE NONE 390
	FP_ROUTE KSNA..KDEN

TRACK_TIME 1167737286
TRACK A20110117581973 A319 425560 875400 120 30 999 NONE NONE 390
	FP_ROUTE KMKE..KBOS

TRACK_TIME 1167737286
TRACK A20110117581974 A319 394960 1044500 120 30 999 NONE NONE 380
	FP_ROUTE KDEN..KSNA

TRACK_TIME 1167737286
TRACK A20110117581977 B738 333900 842860 120 30 999 NONE NONE 320
	FP_ROUTE KATL..KSLC

TRACK_TIME 1167737286
TRACK A20110117581978 B737 425500 875400 120 30 999 NONE NONE 400
	FP_ROUTE KMKE..KLAX

TRACK_TIME 1167737286
TRACK A20110117581979 A318 394660 1043600 120 30 999 NONE NONE 390
	FP_ROUTE KDEN..KDAY

TRACK_TIME 1167737286
TRACK A20110117581980 A319 394900 1044000 120 30 999 NONE NONE 300
	FP_ROUTE KDEN..KPHX

TRACK_TIME 1167737286
TRACK A20110117581987 E120 431660 1141200 120 30 999 NONE NONE 119
	FP_ROUTE KSUN..KSLC

TRACK_TIME 1167737286
TRACK A20110117581991 CRJ2 372400 1215800 120 30 999 NONE NONE 330
	FP_ROUTE KSJC..KSLC

TRACK_TIME 1167737286
TRACK A20110117581995 B738 453600 1223900 120 30 999 NONE NONE 370
	FP_ROUTE KPDX..KLAX

TRACK_TIME 1167737286
TRACK A20110117581997 CRJ2 425560 875400 120 30 999 NONE NONE 300
	FP_ROUTE KMKE..KOMA

TRACK_TIME 1167737286
TRACK A20110117582007 B753 333700 842100 120 30 999 NONE NONE 370
	FP_ROUTE KATL..KFLL

TRACK_TIME 1167737286
TRACK A20110117582012 CRJ9 360700 1150900 120 30 999 NONE NONE 310
	FP_ROUTE KLAS..KSLC

TRACK_TIME 1167737286
TRACK A20110117582018 CRJ2 454900 1083400 120 30 999 NONE NONE 280
	FP_ROUTE KBIL..KSLC

TRACK_TIME 1167737286
TRACK A20110117582022 CRJ2 395700 841660 120 30 999 NONE NONE 320
	FP_ROUTE KDAY..KMSP

TRACK_TIME 1167737286
TRACK A20110117582028 CRJ2 404600 1115800 120 30 999 NONE NONE 340
	FP_ROUTE KSLC..KONT

TRACK_TIME 1167737286
TRACK A20110117582029 A320 404900 1115860 120 30 999 NONE NONE 360
	FP_ROUTE KSLC..KLGB

TRACK_TIME 1167737286
TRACK A20110117582031 SF34 295700 952100 120 30 999 NONE NONE 150
	FP_ROUTE KIAH..KMLU

TRACK_TIME 1167737286
TRACK A20110117582032 E135 335560 1182560 120 30 999 NONE NONE 340
	FP_ROUTE KLAX..KRNO

TRACK_TIME 1167737286
TRACK A20110117582033 A319 394960 1044360 120 30 999 NONE NONE 360
	FP_ROUTE KDEN..KPHX

TRACK_TIME 1167737286
TRACK A20110117582034 B712 205500 1562400 120 30 999 NONE NONE 160
	FP_ROUTE KOGG..KHNL

TRACK_TIME 1167737286
TRACK A20110117582038 A319 332560 1120000 120 30 999 NONE NONE 321
	FP_ROUTE KPHX..KSLC

TRACK_TIME 1167737286
TRACK A20110117582040 CRJ2 404800 735100 120 30 999 NONE NONE 260
	FP_ROUTE KLGA..KBUF

TRACK_TIME 1167737286
TRACK A20110117582041 B752 394960 1044600 120 30 999 NONE NONE 360
	FP_ROUTE KDEN..KSJC

TRACK_TIME 1167737286
TRACK A20110117582043 B712 205500 1562400 120 30 999 NONE NONE 120
	FP_ROUTE KOGG..KHNL

TRACK_TIME 1167737286
TRACK A20110117582045 MD82 415700 875800 120 30 999 NONE NONE 280
	FP_ROUTE KORD..KSTL

TRACK_TIME 1167737286
TRACK A20110117582047 B752 282400 811800 120 30 999 NONE NONE 130
	FP_ROUTE KMCO..KMIA

TRACK_TIME 1167737286
TRACK A20110117582049 E120 373760 1222200 120 30 999 NONE NONE 220
	FP_ROUTE KSFO..KRDD

TRACK_TIME 1167737286
TRACK A20110117582060 B738 325700 970300 120 30 999 NONE NONE 220
	FP_ROUTE KDFW..KSNA

TRACK_TIME 1167737286
TRACK A20110117582064 B737 333900 1175260 120 30 999 NONE NONE 400
	FP_ROUTE KSNA..KSJC

TRACK_TIME 1167737286
TRACK A20110117582067 E145 442560 881200 120 30 999 NONE NONE 130
	FP_ROUTE KGRB..KORD

TRACK_TIME 1167737286
TRACK A20110117582070 B737 260460 800760 120 30 999 NONE NONE 110
	FP_ROUTE KFLL..KTPA

TRACK_TIME 1167737286
TRACK A20110117582071 B738 472560 1221900 120 30 999 NONE NONE 390
	FP_ROUTE KSEA..KLAX

TRACK_TIME 1167737286
TRACK A20110117582075 E145 325500 970300 120 30 999 NONE NONE 290
	FP_ROUTE KDFW..KPIA

TRACK_TIME 1167737286
TRACK A20110117582076 B738 385260 770400 120 30 999 NONE NONE 380
	FP_ROUTE KDCA..KORD

TRACK_TIME 1167737286
TRACK A20110117582079 B737 333900 842800 120 30 999 NONE NONE 380
	FP_ROUTE KATL..KSFO

TRACK_TIME 1167737286
TRACK A20110117582085 B738 325560 970160 120 30 999 NONE NONE 410
	FP_ROUTE KDFW..KDCA

TRACK_TIME 1167737286
TRACK A20110117582086 B734 612100 1500460 120 30 999 NONE NONE 300
	FP_ROUTE KANC..KFAI

TRACK_TIME 1167737286
TRACK A20110117582089 A320 260460 800760 120 30 999 NONE NONE 370
	FP_ROUTE KFLL..KBOS

TRACK_TIME 1167737286
TRACK A20110117582090 B752 254660 801600 120 30 999 NONE NONE 390
	FP_ROUTE KMIA..KSJU

TRACK_TIME 1167737286
TRACK A20110117582091 E170 303000 814000 120 30 999 NONE NONE 340
	FP_ROUTE KJAX..KMSP

TRACK_TIME 1167737286
TRACK A20110117582095 DH8D 453600 1223760 120 30 999 NONE NONE 149
	FP_ROUTE KPDX..KEUG

TRACK_TIME 1167737286
TRACK A20110117582096 DH8C 351200 805560 120 30 999 NONE NONE 190
	FP_ROUTE KCLT..KSBY

TRACK_TIME 1167737286
TRACK A20110117582097 LJ35 603460 1511300 120 30 999 NONE NONE 24
	FP_ROUTE KENA..KANC

TRACK_TIME 1167737286
TRACK A20110117582104 DH8C 395260 751300 120 30 999 NONE NONE 61
	FP_ROUTE KPHL..KMDT

TRACK_TIME 1167737286
TRACK A20110117582105 DH8D 472560 1221900 120 30 999 NONE NONE 250
	FP_ROUTE KSEA..KBOI

TRACK_TIME 1167737286
TRACK A20110117582107 B712 395500 841060 120 30 999 NONE NONE 330
	FP_ROUTE KDAY..KATL

TRACK_TIME 1167737286
TRACK A20110117582111 DH8D 383000 1224900 120 30 999 NONE NONE 240
	FP_ROUTE KSTS..KPDX

TRACK_TIME 1167737286
TRACK A20110117582112 DH8D 453600 1223760 120 30 999 NONE NONE 100
	FP_ROUTE KPDX..KSEA

TRACK_TIME 1167737286
TRACK A20110117582113 A320 404960 735260 120 30 999 NONE NONE 380
	FP_ROUTE KLGA..KFLL

TRACK_TIME 1167737286
TRACK A20110117582123 MD83 464600 1004360 120 30 999 NONE NONE 300
	FP_ROUTE KBIS..KLAS

TRACK_TIME 1167737286
TRACK A20110117582125 B737 333900 1175260 120 30 999 NONE NONE 290
	FP_ROUTE KSNA..KLAS

TRACK_TIME 1167737286
TRACK A20110117582126 A319 404800 735200 120 30 999 NONE NONE 210
	FP_ROUTE KLGA..KBOS

TRACK_TIME 1167737286
TRACK A20110117582127 CRJ1 401200 764660 120 30 999 NONE NONE 280
	FP_ROUTE KMDT..KCVG

TRACK_TIME 1167737286
TRACK A20110117582128 B752 404600 1115800 120 30 999 NONE NONE 380
	FP_ROUTE KSLC..KLAX

TRACK_TIME 1167737286
TRACK A20110117582129 B752 325260 970160 120 30 999 NONE NONE 390
	FP_ROUTE KDFW..KATL

TRACK_TIME 1167737286
TRACK A20110117582130 E135 324500 1171360 120 30 999 NONE NONE 100
	FP_ROUTE KSAN..KLAX

TRACK_TIME 1167737286
TRACK A20110117582131 B737 372260 1215700 120 30 999 NONE NONE 330
	FP_ROUTE KSJC..KBUR

TRACK_TIME 1167737286
TRACK A20110117582132 B737 341060 1182200 120 30 999 NONE NONE 240
	FP_ROUTE KBUR..KLAS

TRACK_TIME 1167737286
TRACK A20110117582133 MD82 351060 805700 120 30 999 NONE NONE 260
	FP_ROUTE KCLT..KDFW

TRACK_TIME 1167737286
TRACK A20110117582137 B737 293760 951800 120 30 999 NONE NONE 380
	FP_ROUTE KHOU..KPHX

TRACK_TIME 1167737286
TRACK A20110117582138 B733 374300 1221500 120 30 999 NONE NONE 370
	FP_ROUTE KOAK..KLAX

TRACK_TIME 1167737286
TRACK A20110117582141 B733 335700 1182700 120 30 999 NONE NONE 130
	FP_ROUTE KLAX..KLAS

TRACK_TIME 1167737286
TRACK A20110117582142 E135 324500 1171300 120 30 999 NONE NONE 100
	FP_ROUTE KSAN..KLAX

TRACK_TIME 1167737286
TRACK A20110117582149 B752 254800 801600 120 30 999 NONE NONE 210
	FP_ROUTE KMIA..KMCO

TRACK_TIME 1167737286
TRACK A20110117582150 MD83 360600 1150900 120 30 999 NONE NONE 340
	FP_ROUTE KLAS..KBLI

TRACK_TIME 1167737286
TRACK A20110117582153 MD11 611800 1500700 120 30 999 NONE NONE 350
	FP_ROUTE KANC..KORD

TRACK_TIME 1167737286
TRACK A20110117582174 CRJ2 343600 864600 120 30 999 NONE NONE 130
	FP_ROUTE KHSV..KATL

TRACK_TIME 1167737286
TRACK A20110117582175 B737 360700 1150760 120 30 999 NONE NONE 390
	FP_ROUTE KLAS..KMKE

TRACK_TIME 1167737286
TRACK A20110117582177 B763 360700 1150900 120 30 999 NONE NONE 350
	FP_ROUTE KLAS..KATL

TRACK_TIME 1167737286
TRACK A20110117582178 B738 383900 1213400 120 30 999 NONE NONE 370
	FP_ROUTE KSMF..KATL

TRACK_TIME 1167737286
TRACK A20110117582183 CRJ2 425560 784360 120 30 999 NONE NONE 220
	FP_ROUTE KBUF..KDTW

TRACK_TIME 1167737286
TRACK A20110117582186 B737 373900 1222200 120 30 999 NONE NONE 410
	FP_ROUTE KSFO..KPSP

TRACK_TIME 1167737286
TRACK A20110117582195 DH8D 440900 1231300 120 30 999 NONE NONE 200
	FP_ROUTE KEUG..KSEA

TRACK_TIME 1167737286
TRACK A20110117582202 B733 385260 770400 120 30 999 NONE NONE 280
	FP_ROUTE KDCA..KCLT

TRACK_TIME 1167737286
TRACK A20110117582205 C750 282500 811960 120 30 999 NONE NONE 430
	FP_ROUTE KMCO..KLOT

TRACK_TIME 1167737286
TRACK A20110117582213 C550 294060 821360 120 30 999 NONE NONE 360
	FP_ROUTE KGNV..KOUN

TRACK_TIME 1167737286
TRACK A20110117582222 A319 394800 1043900 120 30 999 NONE NONE 370
	FP_ROUTE KDEN..KMKE

TRACK_TIME 1167737286
TRACK A20110117582224 C550 351360 972860 120 30 999 NONE NONE 340
	FP_ROUTE KOUN..KPSP

TRACK_TIME 1167737286
TRACK A20110117582230 CRJ2 333900 842260 120 30 999 NONE NONE 180
	FP_ROUTE KATL..KHSV

TRACK_TIME 1167737286
TRACK A20110117582239 CRJ2 385260 770300 120 30 999 NONE NONE 111
	FP_ROUTE KDCA..KPHL

TRACK_TIME 1167737286
TRACK A20110117582247 A320 472560 1221900 120 30 999 NONE NONE 370
	FP_ROUTE KSEA..KPHX

TRACK_TIME 1167737286
TRACK A20110117582254 B744 333760 842860 120 30 999 NONE NONE 340
	FP_ROUTE KATL..KORD

TRACK_TIME 1167737286
TRACK A20110117582257 E120 404660 1120000 120 30 999 NONE NONE 200
	FP_ROUTE KSLC..KTWF

TRACK_TIME 1167737286
TRACK A20110117582263 E145 334200 1014960 120 30 999 NONE NONE 29
	FP_ROUTE KLBB..KDFW

TRACK_TIME 1167737286
TRACK A20110117582265 A319 394900 1044200 120 30 999 NONE NONE 380
	FP_ROUTE KDEN..KPDX

TRACK_TIME 1167737286
TRACK A20110117582268 E120 423100 1142500 120 30 999 NONE NONE 210
	FP_ROUTE KTWF..KSLC

TRACK_TIME 1167737286
TRACK A20110117582269 B762 183760 660600 120 30 999 NONE NONE 360
	FP_ROUTE KSJU..KCLT

TRACK_TIME 1167737286
TRACK A20110117582271 B737 404960 730300 120 30 999 NONE NONE 380
	FP_ROUTE KISP..KTPA

TRACK_TIME 1167737286
TRACK A20110117582275 E145 402860 801200 120 30 999 NONE NONE 270
	FP_ROUTE KPIT..KJFK

TRACK_TIME 1167737286
TRACK A20110117582277 E120 324600 1171500 120 30 999 NONE NONE 80
	FP_ROUTE KSAN..KLAX

TRACK_TIME 1167737286
TRACK A20110117582278 A319 385260 770300 120 30 999 NONE NONE 360
	FP_ROUTE KDCA..KLAS

TRACK_TIME 1167737286
TRACK A20110117582280 E120 335500 1182700 120 30 999 NONE NONE 90
	FP_ROUTE KLAX..KSAN

TRACK_TIME 1167737286
TRACK A20110117582281 E120 324500 1171300 120 30 999 NONE NONE 80
	FP_ROUTE KSAN..KLAX

TRACK_TIME 1167737286
TRACK A20110117582282 A319 332560 1120160 120 30 999 NONE NONE 280
	FP_ROUTE KPHX..KLAS

TRACK_TIME 1167737286
TRACK A20110117582284 E120 440900 1231300 120 30 999 NONE NONE 140
	FP_ROUTE KEUG..KPDX

TRACK_TIME 1167737286
TRACK A20110117582289 E120 335500 1182700 120 30 999 NONE NONE 91
	FP_ROUTE KLAX..KCRQ

TRACK_TIME 1167737286
TRACK A20110117582290 E120 330700 1171900 120 30 999 NONE NONE 80
	FP_ROUTE KCRQ..KLAX

TRACK_TIME 1167737286
TRACK A20110117582291 B737 390760 763900 120 30 999 NONE NONE 380
	FP_ROUTE KBWI..KAUS

TRACK_TIME 1167737286
TRACK A20110117582294 E145 430600 774200 120 30 999 NONE NONE 320
	FP_ROUTE KROC..KORD

TRACK_TIME 1167737286
TRACK A20110117582296 C550 420900 801200 120 30 999 NONE NONE 260
	FP_ROUTE KERI..KGRR

TRACK_TIME 1167737286
TRACK A20110117582297 E120 335700 1182700 120 30 999 NONE NONE 140
	FP_ROUTE KLAX..KSMX

TRACK_TIME 1167737286
TRACK A20110117582298 E120 345500 1202860 120 30 999 NONE NONE 169
	FP_ROUTE KSMX..KLAX

TRACK_TIME 1167737286
TRACK A20110117582299 C550 425200 853100 120 30 999 NONE NONE 250
	FP_ROUTE KGRR..KLUK

TRACK_TIME 1167737286
TRACK A20110117582300 CRJ2 345860 895800 120 30 999 NONE NONE 290
	FP_ROUTE KMEM..KCMH

TRACK_TIME 1167737286
TRACK A20110117582301 B739 404300 740900 120 30 999 NONE NONE 360
	FP_ROUTE KEWR..KFLL

TRACK_TIME 1167737286
TRACK A20110117582302 B733 414600 874360 120 30 999 NONE NONE 260
	FP_ROUTE KMDW..KSTL

TRACK_TIME 1167737286
TRACK A20110117582303 B733 384360 901960 120 30 999 NONE NONE 340
	FP_ROUTE KSTL..KPHX

TRACK_TIME 1167737286
TRACK A20110117582304 E170 390300 844060 120 30 999 NONE NONE 340
	FP_ROUTE KCVG..KMSP

TRACK_TIME 1167737286
TRACK A20110117582305 CRJ2 383900 1213460 120 30 999 NONE NONE 330
	FP_ROUTE KSMF..KLAX

TRACK_TIME 1167737286
TRACK A20110117582307 E120 453600 1223700 120 30 999 NONE NONE 270
	FP_ROUTE KPDX..KLMT

TRACK_TIME 1167737286
TRACK A20110117582314 A319 414600 874600 120 30 999 NONE NONE 390
	FP_ROUTE KMDW..KATL

TRACK_TIME 1167737286
TRACK A20110117582319 MD82 335560 1182560 120 30 999 NONE NONE 240
	FP_ROUTE KLAX..KSFO

TRACK_TIME 1167737286
TRACK A20110117582320 B738 420160 875800 120 30 999 NONE NONE 340
	FP_ROUTE KORD..KSEA

TRACK_TIME 1167737286
TRACK A20110117582324 A319 395100 1044500 120 30 999 NONE NONE 380
	FP_ROUTE KDEN..KSNA

TRACK_TIME 1167737286
TRACK A20110117582325 B763 453600 1223760 120 30 999 NONE NONE 380
	FP_ROUTE KPDX..KOGG

TRACK_TIME 1167737286
TRACK A20110117582326 E145 415700 875800 120 30 999 NONE NONE 360
	FP_ROUTE KORD..KLIT

TRACK_TIME 1167737286
TRACK A20110117582327 A319 325500 970300 120 30 999 NONE NONE 380
	FP_ROUTE KDFW..KDEN

TRACK_TIME 1167737286
TRACK A20110117582328 A319 394800 1043900 120 30 999 NONE NONE 380
	FP_ROUTE KDEN..KTUS

TRACK_TIME 1167737286
TRACK A20110117582330 B752 403700 734660 120 30 999 NONE NONE 380
	FP_ROUTE KJFK..KMIA

TRACK_TIME 1167737286
TRACK A20110117582332 E145 404360 740700 120 30 999 NONE NONE 360
	FP_ROUTE KEWR..KMEM

TRACK_TIME 1167737286
TRACK A20110117582340 B752 420000 875560 120 30 999 NONE NONE 360
	FP_ROUTE KORD..KSEA

TRACK_TIME 1167737286
TRACK A20110117582344 MD83 372260 1215700 120 30 999 NONE NONE 350
	FP_ROUTE KSJC..KDFW

TRACK_TIME 1167737286
TRACK A20110117582346 SF34 473100 945560 120 30 999 NONE NONE 170
	FP_ROUTE KBJI..KMSP

TRACK_TIME 1167737286
TRACK A20110117582347 B739 295560 952200 120 30 999 NONE NONE 360
	FP_ROUTE KIAH..KPHX

TRACK_TIME 1167737286
TRACK A20110117582348 CRJ2 335560 1182700 120 30 999 NONE NONE 151
	FP_ROUTE KLAX..KPHX

TRACK_TIME 1167737286
TRACK A20110117582349 CRJ2 332560 1120300 120 30 999 NONE NONE 280
	FP_ROUTE KPHX..KLAX

TRACK_TIME 1167737286
TRACK A20110117582350 CRJ2 335560 1182700 120 30 999 NONE NONE 230
	FP_ROUTE KLAX..KSMF

TRACK_TIME 1167737286
TRACK A20110117582351 CRJ2 383900 1213400 120 30 999 NONE NONE 290
	FP_ROUTE KSMF..KLAX

TRACK_TIME 1167737286
TRACK A20110117582354 B744 612100 1500160 120 30 999 NONE NONE 350
	FP_ROUTE KANC..KORD

TRACK_TIME 1167737286
TRACK A20110117582357 E120 410000 1240900 120 30 999 NONE NONE 230
	FP_ROUTE KACV..KSMF

TRACK_TIME 1167737286
TRACK A20110117582360 B737 260460 800700 120 30 999 NONE NONE 390
	FP_ROUTE KFLL..KATL

TRACK_TIME 1167737286
TRACK A20110117582361 MD83 325500 970300 120 30 999 NONE NONE 279
	FP_ROUTE KDFW..KABQ

TRACK_TIME 1167737286
TRACK A20110117582368 DH8A 215860 1591900 120 30 999 NONE NONE 70
	FP_ROUTE KLIH..KHNL

TRACK_TIME 1167737286
TRACK A20110117582373 CRJ2 395100 1044600 120 30 999 NONE NONE 340
	FP_ROUTE KDEN..KRDM

TRACK_TIME 1167737286
TRACK A20110117582374 CRJ2 373900 1222100 120 30 999 NONE NONE 230
	FP_ROUTE KSFO..KRNO

TRACK_TIME 1167737286
TRACK A20110117582375 CRJ2 393460 1194660 120 30 999 NONE NONE 280
	FP_ROUTE KRNO..KSFO

TRACK_TIME 1167737286
TRACK A20110117582377 SF34 444900 931200 120 30 999 NONE NONE 129
	FP_ROUTE KMSP..KALO

TRACK_TIME 1167737286
TRACK A20110117582378 SF34 423300 922260 120 30 999 NONE NONE 90
	FP_ROUTE KALO..KMSP

TRACK_TIME 1167737286
TRACK A20110117582379 CRJ2 413400 934060 120 30 999 NONE NONE 330
	FP_ROUTE KDSM..KDTW

TRACK_TIME 1167737286
TRACK A20110117582383 MD82 325260 970300 120 30 999 NONE NONE 340
	FP_ROUTE KDFW..KMFE

TRACK_TIME 1167737286
TRACK A20110117582386 CRJ2 453600 1223600 120 30 999 NONE NONE 350
	FP_ROUTE KPDX..KSFO

TRACK_TIME 1167737286
TRACK A20110117582387 CRJ2 380600 1225260 120 30 999 NONE NONE 120
	FP_ROUTE KPDX..KSJC

TRACK_TIME 1167737286
TRACK A20110117582391 CRJ2 335100 1163160 120 30 999 NONE NONE 280
	FP_ROUTE KPSP..KSFO

TRACK_TIME 1167737286
TRACK A20110117582395 MD83 360700 1150900 120 30 999 NONE NONE 320
	FP_ROUTE KLAS..KEUG

TRACK_TIME 1167737286
TRACK A20110117582399 A319 332560 1115860 120 30 999 NONE NONE 360
	FP_ROUTE KPHX..KSMF

TRACK_TIME 1167737286
TRACK A20110117582404 CRJ2 440600 1231300 120 30 999 NONE NONE 330
	FP_ROUTE KEUG..KSFO

TRACK_TIME 1167737286
TRACK A20110117582405 DH8A 404660 735200 120 30 999 NONE NONE 80
	FP_ROUTE KLGA..KPHL

TRACK_TIME 1167737286
TRACK A20110117582406 CRJ2 335400 1183000 120 30 999 NONE NONE 330
	FP_ROUTE KLAX..KTUS

TRACK_TIME 1167737286
TRACK A20110117582407 E135 420160 875400 120 30 999 NONE NONE 70
	FP_ROUTE KORD..KMKE

TRACK_TIME 1167737286
TRACK A20110117582412 A320 263000 814960 120 30 999 NONE NONE 370
	FP_ROUTE KRSW..KJFK

TRACK_TIME 1167737286
TRACK A20110117582414 A319 325500 970300 120 30 999 NONE NONE 360
	FP_ROUTE KDFW..KDEN

TRACK_TIME 1167737286
TRACK A20110117582415 A319 394900 1043760 120 30 999 NONE NONE 380
	FP_ROUTE KDEN..KGEG

TRACK_TIME 1167737286
TRACK A20110117582422 B733 395260 751060 120 30 999 NONE NONE 220
	FP_ROUTE KPHL..KPIT

TRACK_TIME 1167737286
TRACK A20110117582424 A320 395400 1043160 120 30 999 NONE NONE 360
	FP_ROUTE KDEN..KSEA

TRACK_TIME 1167737286
TRACK A20110117582425 E135 415860 875100 120 30 999 NONE NONE 100
	FP_ROUTE KORD..KSDF

TRACK_TIME 1167737286
TRACK A20110117582428 DH8A 430600 774060 120 30 999 NONE NONE 171
	FP_ROUTE KROC..KLGA

TRACK_TIME 1167737286
TRACK A20110117582429 DH8C 395260 751200 120 30 999 NONE NONE 70
	FP_ROUTE KPHL..KEWR

TRACK_TIME 1167737286
TRACK A20110117582430 B737 333900 842800 120 30 999 NONE NONE 380
	FP_ROUTE KATL..KLAS

TRACK_TIME 1167737286
TRACK A20110117582434 CRJ2 294060 821500 120 30 999 NONE NONE 240
	FP_ROUTE KGNV..KATL

TRACK_TIME 1167737286
TRACK A20110117582444 B732 211900 1575260 120 30 999 NONE NONE 250
	FP_ROUTE KHNL..KITO

TRACK_TIME 1167737286
TRACK A20110117582446 B752 254800 801600 120 30 999 NONE NONE 390
	FP_ROUTE KMIA..KBOS

TRACK_TIME 1167737286
TRACK A20110117582449 A320 404000 734500 120 30 999 NONE NONE 350
	FP_ROUTE KJFK..KSJU

TRACK_TIME 1167737286
TRACK A20110117582451 B737 333900 842200 120 30 999 NONE NONE 390
	FP_ROUTE KATL..KPIT

TRACK_TIME 1167737286
TRACK A20110117582452 B752 295860 951800 120 30 999 NONE NONE 400
	FP_ROUTE KIAH..KEGE

TRACK_TIME 1167737286
TRACK A20110117582459 B738 325560 970300 120 30 999 NONE NONE 360
	FP_ROUTE KDFW..KSEA

TRACK_TIME 1167737286
TRACK A20110117582461 CRJ2 321800 862260 120 30 999 NONE NONE 280
	FP_ROUTE KMGM..KMEM

TRACK_TIME 1167737286
TRACK A20110117582466 CRJ9 350160 1063760 120 30 999 NONE NONE 340
	FP_ROUTE KABQ..KPHX

TRACK_TIME 1167737286
TRACK A20110117582469 B738 403600 734800 120 30 999 NONE NONE 380
	FP_ROUTE KJFK..KMCO

TRACK_TIME 1167737286
TRACK A20110117582471 A320 335560 1182800 120 30 999 NONE NONE 370
	FP_ROUTE KLAX..KIAD

TRACK_TIME 1167737286
TRACK A20110117582472 E135 325500 970160 120 30 999 NONE NONE 290
	FP_ROUTE KDFW..KTYS

TRACK_TIME 1167737286
TRACK A20110117582473 MD83 380760 854300 120 30 999 NONE NONE 260
	FP_ROUTE KSDF..KDFW

TRACK_TIME 1167737286
TRACK A20110117582477 B738 295700 952100 120 30 999 NONE NONE 320
	FP_ROUTE KIAH..KLAS

TRACK_TIME 1167737286
TRACK A20110117582478 BE20 353900 951800 120 30 999 NONE NONE 250
	FP_ROUTE KMKO..KPDK

TRACK_TIME 1167737286
TRACK A20110117582480 B734 604800 1612800 120 30 999 NONE NONE 370
	FP_ROUTE KBET..KANC

TRACK_TIME 1167737286
TRACK A20110117582481 MD83 384360 902100 120 30 999 NONE NONE 250
	FP_ROUTE KSTL..KORD

TRACK_TIME 1167737286
TRACK A20110117582486 CRJ9 295860 951800 120 30 999 NONE NONE 380
	FP_ROUTE KIAH..KSLC

TRACK_TIME 1167737286
TRACK A20110117582488 CRJ9 360700 1150900 120 30 999 NONE NONE 280
	FP_ROUTE KLAS..KLAX

TRACK_TIME 1167737286
TRACK A20110117582491 CRJ9 335560 1182800 120 30 999 NONE NONE 110
	FP_ROUTE KLAX..KSAN

TRACK_TIME 1167737286
TRACK A20110117582492 E135 420000 875260 120 30 999 NONE NONE 230
	FP_ROUTE KORD..KCMH

TRACK_TIME 1167737286
TRACK A20110117582497 B733 332560 1115860 120 30 999 NONE NONE 350
	FP_ROUTE KPHX..KOMA

TRACK_TIME 1167737286
TRACK A20110117582498 B738 350460 895860 120 30 999 NONE NONE 360
	FP_ROUTE KMEM..KSEA

TRACK_TIME 1167737286
TRACK A20110117582499 B737 394900 1043900 120 30 999 NONE NONE 400
	FP_ROUTE KDEN..KGEG

TRACK_TIME 1167737286
TRACK A20110117582500 E135 413160 934060 120 30 999 NONE NONE 270
	FP_ROUTE KDSM..KORD

TRACK_TIME 1167737286
TRACK A20110117582513 CRJ2 340300 1173900 120 30 999 NONE NONE 320
	FP_ROUTE KONT..KSFO

TRACK_TIME 1167737286
TRACK A20110117582520 MD82 325560 970300 120 30 999 NONE NONE 220
	FP_ROUTE KDFW..KAUS

TRACK_TIME 1167737286
TRACK A20110117582521 CRJ2 395560 840600 120 30 999 NONE NONE 270
	FP_ROUTE KDAY..KDCA

TRACK_TIME 1167737286
TRACK A20110117582522 B738 421200 832200 120 30 999 NONE NONE 340
	FP_ROUTE KDTW..KSEA

TRACK_TIME 1167737286
TRACK A20110117582523 B738 325500 970160 120 30 999 NONE NONE 380
	FP_ROUTE KDFW..KSEA

TRACK_TIME 1167737286
TRACK A20110117582527 E145 413160 934060 120 30 999 NONE NONE 340
	FP_ROUTE KDSM..KDFW

TRACK_TIME 1167737286
TRACK A20110117582532 E145 400000 825260 120 30 999 NONE NONE 260
	FP_ROUTE KCMH..KORD

TRACK_TIME 1167737286
TRACK A20110117582538 B737 373760 1222200 120 30 999 NONE NONE 410
	FP_ROUTE KSFO..KSAN

TRACK_TIME 1167737286
TRACK A20110117582544 B738 325500 970300 120 30 999 NONE NONE 340
	FP_ROUTE KDFW..KSNA

TRACK_TIME 1167737286
TRACK A20110117582549 MD83 412400 903000 120 30 999 NONE NONE 320
	FP_ROUTE KMLI..KLAS

TRACK_TIME 1167737286
TRACK A20110117582550 SF34 445260 931060 120 30 999 NONE NONE 129
	FP_ROUTE KMSP..KHIB

TRACK_TIME 1167737286
TRACK A20110117582551 SF34 472260 924960 120 30 999 NONE NONE 140
	FP_ROUTE KHIB..KTVF

TRACK_TIME 1167737286
TRACK A20110117582555 CRJ2 444960 931360 120 30 999 NONE NONE 300
	FP_ROUTE KMSP..KXNA

TRACK_TIME 1167737286
TRACK A20110117582564 B752 254800 801600 120 30 999 NONE NONE 380
	FP_ROUTE KMIA..KDFW

TRACK_TIME 1167737286
TRACK A20110117582567 B752 325260 970300 120 30 999 NONE NONE 400
	FP_ROUTE KDFW..KHDN

TRACK_TIME 1167737286
TRACK A20110117582570 CRJ2 373900 1222100 120 30 999 NONE NONE 230
	FP_ROUTE KSFO..KRNO

TRACK_TIME 1167737286
TRACK A20110117582576 A321 373900 1221960 120 30 999 NONE NONE 350
	FP_ROUTE KSFO..KCLT

TRACK_TIME 1167737286
TRACK A20110117582579 AT72 181960 645560 120 30 999 NONE NONE 80
	FP_ROUTE KSTT..KSJU

TRACK_TIME 1167737286
TRACK A20110117582587 B737 360760 863900 120 30 999 NONE NONE 330
	FP_ROUTE KBNA..KORF

TRACK_TIME 1167737286
TRACK A20110117582603 A319 390900 764000 120 30 999 NONE NONE 380
	FP_ROUTE KBWI..KPHX

TRACK_TIME 1167737286
TRACK A20110117582604 DH8A 365400 761200 120 30 999 NONE NONE 130
	FP_ROUTE KORF..KPHL

TRACK_TIME 1167737286
TRACK A20110117582605 CRJ2 350300 895860 120 30 999 NONE NONE 290
	FP_ROUTE KMEM..KGRR

TRACK_TIME 1167737286
TRACK A20110117582606 CRJ2 293300 982700 120 30 999 NONE NONE 270
	FP_ROUTE KSAT..KMEM

TRACK_TIME 1167737286
TRACK A20110117582610 CRJ2 341660 775260 120 30 999 NONE NONE 290
	FP_ROUTE KILM..KLGA

TRACK_TIME 1167737286
TRACK A20110117582611 E145 390160 843900 120 30 999 NONE NONE 190
	FP_ROUTE KCVG..KPIT

TRACK_TIME 1167737286
TRACK A20110117582612 CRJ2 371960 931500 120 30 999 NONE NONE 310
	FP_ROUTE KSGF..KORD

TRACK_TIME 1167737286
TRACK A20110117582615 DH8D 403000 801660 120 30 999 NONE NONE 210
	FP_ROUTE KPIT..KEWR

TRACK_TIME 1167737286
TRACK A20110117582616 B737 374360 1221500 120 30 999 NONE NONE 400
	FP_ROUTE KOAK..KSEA

TRACK_TIME 1167737286
TRACK A20110117582621 B737 384060 1213460 120 30 999 NONE NONE 330
	FP_ROUTE KSMF..KLAS

TRACK_TIME 1167737286
TRACK A20110117582623 CRJ2 400000 825200 120 30 999 NONE NONE 270
	FP_ROUTE KCMH..KDCA

TRACK_TIME 1167737286
TRACK A20110117582628 B712 211900 1575700 120 30 999 NONE NONE 130
	FP_ROUTE KHNL..KOGG

TRACK_TIME 1167737286
TRACK A20110117582631 B712 263600 814300 120 30 999 NONE NONE 330
	FP_ROUTE KRSW..KPIT

TRACK_TIME 1167737286
TRACK A20110117582633 A321 395100 751660 120 30 999 NONE NONE 340
	FP_ROUTE KPHL..KFLL

TRACK_TIME 1167737286
TRACK A20110117582639 B737 260400 800760 120 30 999 NONE NONE 390
	FP_ROUTE KFLL..KISP

TRACK_TIME 1167737286
TRACK A20110117582649 CRJ2 334000 843160 120 30 999 NONE NONE 190
	FP_ROUTE KATL..KAVL

TRACK_TIME 1167737286
TRACK A20110117582651 B738 360700 1150900 120 30 999 NONE NONE 390
	FP_ROUTE KLAS..KDFW

TRACK_TIME 1167737286
TRACK A20110117582654 B737 374360 1221600 120 30 999 NONE NONE 390
	FP_ROUTE KOAK..KSAN

TRACK_TIME 1167737286
TRACK A20110117582662 B737 335560 1183000 120 30 999 NONE NONE 370
	FP_ROUTE KLAX..KMDW

TRACK_TIME 1167737286
TRACK A20110117582665 B752 333700 843100 120 30 999 NONE NONE 390
	FP_ROUTE KATL..KLGA

TRACK_TIME 1167737286
TRACK A20110117582670 CRJ1 400000 825260 120 30 999 NONE NONE 119
	FP_ROUTE KCMH..KDTW

TRACK_TIME 1167737286
TRACK A20110117582672 CRJ2 344360 921300 120 30 999 NONE NONE 360
	FP_ROUTE KLIT..KDEN

TRACK_TIME 1167737286
TRACK A20110117582673 B752 373760 1222200 120 30 999 NONE NONE 330
	FP_ROUTE KSFO..KLAS

TRACK_TIME 1167737286
TRACK A20110117582674 CRJ2 444300 893460 120 30 999 NONE NONE 70
	FP_ROUTE KCWA..KORD

TRACK_TIME 1167737286
TRACK A20110117582679 E120 422260 1225260 120 30 999 NONE NONE 270
	FP_ROUTE KMFR..KSFO

TRACK_TIME 1167737286
TRACK A20110117582681 CRJ2 394960 1044500 120 30 999 NONE NONE 260
	FP_ROUTE KDEN..KGJT

TRACK_TIME 1167737286
TRACK A20110117582682 CRJ2 390600 1083000 120 30 999 NONE NONE 250
	FP_ROUTE KGJT..KDEN

TRACK_TIME 1167737286
TRACK A20110117582687 CRJ2 424600 734800 120 30 999 NONE NONE 280
	FP_ROUTE KALB..KIAD

TRACK_TIME 1167737286
TRACK A20110117582696 B738 415860 875100 120 30 999 NONE NONE 370
	FP_ROUTE KORD..KDCA

TRACK_TIME 1167737286
TRACK A20110117582698 CRJ2 395100 1044500 120 30 999 NONE NONE 320
	FP_ROUTE KDEN..KSLC

TRACK_TIME 1167737286
TRACK A20110117582699 CRJ2 412700 902860 120 30 999 NONE NONE 110
	FP_ROUTE KMLI..KORD

TRACK_TIME 1167737286
TRACK A20110117582703 CRJ9 300460 974300 120 30 999 NONE NONE 340
	FP_ROUTE KAUS..KSLC

TRACK_TIME 1167737286
TRACK A20110117582705 F900 344360 921300 120 30 999 NONE NONE 370
	FP_ROUTE KLIT..KAGS

TRACK_TIME 1167737286
TRACK A20110117582707 CRJ2 380900 854300 120 30 999 NONE NONE 340
	FP_ROUTE KSDF..KMSP

TRACK_TIME 1167737286
TRACK A20110117582709 A319 263600 814300 120 30 999 NONE NONE 360
	FP_ROUTE KRSW..KORD

TRACK_TIME 1167737286
TRACK A20110117582723 CRJ1 355260 784660 120 30 999 NONE NONE 300
	FP_ROUTE KRDU..KDTW

TRACK_TIME 1167737286
TRACK A20110117582727 E145 422200 710100 120 30 999 NONE NONE 340
	FP_ROUTE KBOS..KCLE

TRACK_TIME 1167737286
TRACK A20110117582728 A320 395500 1043760 120 30 999 NONE NONE 370
	FP_ROUTE KDEN..KORD

TRACK_TIME 1167737286
TRACK A20110117582740 DH8D 472560 1221800 120 30 999 NONE NONE 190
	FP_ROUTE KSEA..KEUG

TRACK_TIME 1167737286
TRACK A20110117582746 E120 420760 1214360 120 30 999 NONE NONE 270
	FP_ROUTE KLMT..KSFO

TRACK_TIME 1167737286
TRACK A20110117582747 B738 395560 1044000 120 30 999 NONE NONE 350
	FP_ROUTE KDEN..KDTW

TRACK_TIME 1167737286
TRACK A20110117582748 DH8D 473700 1173300 120 30 999 NONE NONE 160
	FP_ROUTE KGEG..KSEA

TRACK_TIME 1167737286
TRACK A20110117582749 C510 342860 930600 120 30 999 NONE NONE 360
	FP_ROUTE KHOT..KHOU

TRACK_TIME 1167737286
TRACK A20110117582750 C510 293760 951660 120 30 999 NONE NONE 350
	FP_ROUTE KHOU..KFSM

TRACK_TIME 1167737286
TRACK A20110117582752 E120 334900 1162860 120 30 999 NONE NONE 100
	FP_ROUTE KPSP..KLAS

TRACK_TIME 1167737286
TRACK A20110117582753 CRJ2 320460 1105400 120 30 999 NONE NONE 340
	FP_ROUTE KTUS..KLAX

TRACK_TIME 1167737286
TRACK A20110117582755 CRJ2 335560 1182700 120 30 999 NONE NONE 260
	FP_ROUTE KLAX..KSJC

TRACK_TIME 1167737286
TRACK A20110117582757 E120 335560 1182700 120 30 999 NONE NONE 150
	FP_ROUTE KLAX..KPSP

TRACK_TIME 1167737286
TRACK A20110117582763 E120 453600 1223600 120 30 999 NONE NONE 150
	FP_ROUTE KPDX..KRDM

TRACK_TIME 1167737286
TRACK A20110117582764 C560 364200 762400 120 30 999 NONE NONE 361
	FP_ROUTE KCPK..KNEW

TRACK_TIME 1167737286
TRACK A20110117582767 C560 300400 900000 120 30 999 NONE NONE 130
	FP_ROUTE KNEW..KBFM

TRACK_TIME 1167737286
TRACK A20110117582771 E120 373900 1221960 120 30 999 NONE NONE 110
	FP_ROUTE KSFO..KSMF

TRACK_TIME 1167737286
TRACK A20110117582772 B712 263000 814960 120 30 999 NONE NONE 340
	FP_ROUTE KRSW..KMDW

TRACK_TIME 1167737286
TRACK A20110117582773 CRJ9 404500 1115860 120 30 999 NONE NONE 350
	FP_ROUTE KSLC..KMEM

TRACK_TIME 1167737286
TRACK A20110117582774 E145 351500 805700 120 30 999 NONE NONE 360
	FP_ROUTE KCLT..KORD

TRACK_TIME 1167737286
TRACK A20110117582776 B712 404800 735200 120 30 999 NONE NONE 320
	FP_ROUTE KLGA..KATL

TRACK_TIME 1167737286
TRACK A20110117582778 CRJ2 454800 1111060 120 30 999 NONE NONE 290
	FP_ROUTE KBZN..KSLC

TRACK_TIME 1167737286
TRACK A20110117582780 MD82 415860 875200 120 30 999 NONE NONE 330
	FP_ROUTE KORD..KLGA

TRACK_TIME 1167737286
TRACK A20110117582781 CRJ2 404600 1120000 120 30 999 NONE NONE 300
	FP_ROUTE KSLC..KFAT

TRACK_TIME 1167737286
TRACK A20110117582782 B737 393900 1065500 120 30 999 NONE NONE 390
	FP_ROUTE KEGE..KEWR

TRACK_TIME 1167737286
TRACK A20110117582784 CRJ9 404600 1115800 120 30 999 NONE NONE 370
	FP_ROUTE KSLC..KMCI

TRACK_TIME 1167737286
TRACK A20110117582785 B712 425560 875400 120 30 999 NONE NONE 300
	FP_ROUTE KMKE..KMSP

TRACK_TIME 1167737286
TRACK A20110117582788 CRJ2 350300 1063460 120 30 999 NONE NONE 320
	FP_ROUTE KABQ..KSLC

TRACK_TIME 1167737286
TRACK A20110117582790 LJ45 344200 921500 120 30 999 NONE NONE 370
	FP_ROUTE KLIT..KTYS

TRACK_TIME 1167737286
TRACK A20110117582791 CRJ1 361500 941800 120 30 999 NONE NONE 310
	FP_ROUTE KXNA..KCVG

TRACK_TIME 1167737286
TRACK A20110117582793 B752 404900 1120000 120 30 999 NONE NONE 320
	FP_ROUTE KSLC..KLAS

TRACK_TIME 1167737286
TRACK A20110117582795 B738 422100 710100 120 30 999 NONE NONE 400
	FP_ROUTE KBOS..KORD

TRACK_TIME 1167737286
TRACK A20110117582796 B712 410600 734360 120 30 999 NONE NONE 340
	FP_ROUTE KHPN..KPBI

TRACK_TIME 1167737286
TRACK A20110117582798 CRJ2 404600 1115800 120 30 999 NONE NONE 250
	FP_ROUTE KSLC..KCOS

TRACK_TIME 1167737286
TRACK A20110117582800 CRJ2 393600 1194300 120 30 999 NONE NONE 330
	FP_ROUTE KRNO..KSLC

TRACK_TIME 1167737286
TRACK A20110117582802 B752 453600 1223600 120 30 999 NONE NONE 390
	FP_ROUTE KPDX..KATL

TRACK_TIME 1167737286
TRACK A20110117582803 B738 415800 875200 120 30 999 NONE NONE 360
	FP_ROUTE KORD..KSJC

TRACK_TIME 1167737286
TRACK A20110117582804 CRJ2 373900 1222200 120 30 999 NONE NONE 330
	FP_ROUTE KSFO..KONT

TRACK_TIME 1167737286
TRACK A20110117582813 CRJ2 361300 795500 120 30 999 NONE NONE 130
	FP_ROUTE KGSO..KCLT

TRACK_TIME 1167737286
TRACK A20110117582815 E145 254800 801600 120 30 999 NONE NONE 370
	FP_ROUTE KMIA..KRIC

TRACK_TIME 1167737286
TRACK A20110117582821 E145 325500 970160 120 30 999 NONE NONE 290
	FP_ROUTE KDFW..KMGM

TRACK_TIME 1167737286
TRACK A20110117582836 E135 421200 832200 120 30 999 NONE NONE 100
	FP_ROUTE KDTW..KORD

TRACK_TIME 1167737286
TRACK A20110117582845 A320 394900 1044060 120 30 999 NONE NONE 380
	FP_ROUTE KDEN..KSFO

TRACK_TIME 1167737286
TRACK A20110117582846 CRJ2 394900 1044060 120 30 999 NONE NONE 260
	FP_ROUTE KDEN..KDRO

TRACK_TIME 1167737286
TRACK A20110117582847 A320 183160 670700 120 30 999 NONE NONE 360
	FP_ROUTE KBQN..KFLL

TRACK_TIME 1167737286
TRACK A20110117582849 E145 412260 815260 120 30 999 NONE NONE 360
	FP_ROUTE KCLE..KDFW

TRACK_TIME 1167737286
TRACK A20110117582851 B738 333900 842200 120 30 999 NONE NONE 370
	FP_ROUTE KATL..KCMH

TRACK_TIME 1167737286
TRACK A20110117582852 B712 211900 1575400 120 30 999 NONE NONE 140
	FP_ROUTE KHNL..KLIH

TRACK_TIME 1167737286
TRACK A20110117582853 LJ45 373760 972700 120 30 999 NONE NONE 410
	FP_ROUTE KICT..KICT

TRACK_TIME 1167737286
TRACK A20110117582855 E120 395260 1045200 120 30 999 NONE NONE 260
	FP_ROUTE KDEN..KRKS

TRACK_TIME 1167737286
TRACK A20110117582856 CRJ2 373760 1222100 120 30 999 NONE NONE 330
	FP_ROUTE KSFO..KSLC

TRACK_TIME 1167737286
TRACK A20110117582859 E145 464800 1004360 120 30 999 NONE NONE 350
	FP_ROUTE KBIS..KORD

TRACK_TIME 1167737286
TRACK A20110117582860 CRJ2 335560 1182800 120 30 999 NONE NONE 330
	FP_ROUTE KLAX..KTUS

TRACK_TIME 1167737286
TRACK A20110117582866 AT72 325500 970100 120 30 999 NONE NONE 130
	FP_ROUTE KDFW..KFSM

TRACK_TIME 1167737286
TRACK A20110117582868 CRJ2 335560 1182700 120 30 999 NONE NONE 110
	FP_ROUTE KLAX..KSAN

TRACK_TIME 1167737286
TRACK A20110117582869 CRJ2 324600 1171600 120 30 999 NONE NONE 101
	FP_ROUTE KSAN..KLAX

TRACK_TIME 1167737286
TRACK A20110117582873 B752 394800 1044000 120 30 999 NONE NONE 400
	FP_ROUTE KDEN..KPHX

TRACK_TIME 1167737286
TRACK A20110117582874 B737 374360 1221500 120 30 999 NONE NONE 230
	FP_ROUTE KOAK..KRNO

TRACK_TIME 1167737286
TRACK A20110117582877 A320 335560 1182700 120 30 999 NONE NONE 350
	FP_ROUTE KLAX..KMSP

TRACK_TIME 1167737286
TRACK A20110117582880 B737 333900 1175260 120 30 999 NONE NONE 380
	FP_ROUTE KSNA..KOAK

TRACK_TIME 1167737286
TRACK A20110117582881 B737 393300 1194660 120 30 999 NONE NONE 330
	FP_ROUTE KRNO..KLAS

TRACK_TIME 1167737286
TRACK A20110117582882 B737 360600 1150900 120 30 999 NONE NONE 280
	FP_ROUTE KLAS..KLAX

TRACK_TIME 1167737286
TRACK A20110117582894 DH8D 472560 1221800 120 30 999 NONE NONE 170
	FP_ROUTE KSEA..KGEG

TRACK_TIME 1167737286
TRACK A20110117582901 A319 384360 901800 120 30 999 NONE NONE 380
	FP_ROUTE KSTL..KSFO

TRACK_TIME 1167737286
TRACK A20110117582902 CRJ9 404600 1120000 120 30 999 NONE NONE 360
	FP_ROUTE KSLC..KSFO

TRACK_TIME 1167737286
TRACK A20110117582903 CRJ9 404500 1115800 120 30 999 NONE NONE 350
	FP_ROUTE KSLC..KSAT

TRACK_TIME 1167737286
TRACK A20110117582905 SH36 174360 645560 120 30 999 NONE NONE 60
	FP_ROUTE KSTX..KSJU

TRACK_TIME 1167737286
TRACK A20110117582907 CRJ2 404600 1115800 120 30 999 NONE NONE 150
	FP_ROUTE KSLC..KGJT

TRACK_TIME 1167737286
TRACK A20110117582912 CRJ2 404900 1120000 120 30 999 NONE NONE 340
	FP_ROUTE KSLC..KSJC

TRACK_TIME 1167737286
TRACK A20110117582915 CRJ2 340300 1173900 120 30 999 NONE NONE 330
	FP_ROUTE KONT..KSLC

TRACK_TIME 1167737286
TRACK A20110117582916 CRJ2 404660 1120000 120 30 999 NONE NONE 280
	FP_ROUTE KSLC..KBZN

TRACK_TIME 1167737286
TRACK A20110117582918 CRJ9 413160 933900 120 30 999 NONE NONE 390
	FP_ROUTE KDSM..KDCA

TRACK_TIME 1167737286
TRACK A20110117582919 CRJ9 404600 1120000 120 30 999 NONE NONE 361
	FP_ROUTE KSLC..KPSC

TRACK_TIME 1167737286
TRACK A20110117582920 CRJ9 360700 1150900 120 30 999 NONE NONE 280
	FP_ROUTE KLAS..KLAX

TRACK_TIME 1167737286
TRACK A20110117582921 CRJ2 404500 1115860 120 30 999 NONE NONE 320
	FP_ROUTE KSLC..KSJC

TRACK_TIME 1167737286
TRACK A20110117582923 CRJ9 335560 1182700 120 30 999 NONE NONE 130
	FP_ROUTE KLAX..KLAS

TRACK_TIME 1167737286
TRACK A20110117582928 SH36 174360 644600 120 30 999 NONE NONE 40
	FP_ROUTE KSTX..KSJU

TRACK_TIME 1167737286
TRACK A20110117582935 E120 335560 1182700 120 30 999 NONE NONE 170
	FP_ROUTE KLAX..KIPL

TRACK_TIME 1167737286
TRACK A20110117582939 CRJ2 445100 931360 120 30 999 NONE NONE 130
	FP_ROUTE KMSP..KRST

TRACK_TIME 1167737286
TRACK A20110117582943 CRJ9 404500 1115800 120 30 999 NONE NONE 350
	FP_ROUTE KSLC..KIAH

TRACK_TIME 1167737286
TRACK A20110117582944 CRJ2 473700 1173300 120 30 999 NONE NONE 330
	FP_ROUTE KGEG..KSLC

TRACK_TIME 1167737286
TRACK A20110117582945 B737 415700 724000 120 30 999 NONE NONE 400
	FP_ROUTE KBDL..KFLL

TRACK_TIME 1167737286
TRACK A20110117582946 LJ45 353600 772860 120 30 999 NONE NONE 450
	FP_ROUTE KPGV..KDAL

TRACK_TIME 1167737286
TRACK A20110117582947 CRJ2 333400 864500 120 30 999 NONE NONE 310
	FP_ROUTE KBHM..KDTW

TRACK_TIME 1167737286
TRACK A20110117582950 DH8D 394960 1044660 120 30 999 NONE NONE 200
	FP_ROUTE KDEN..KASE

TRACK_TIME 1167737286
TRACK A20110117582956 DH8A 404500 735100 120 30 999 NONE NONE 120
	FP_ROUTE KLGA..KSYR

TRACK_TIME 1167737286
TRACK A20110117582958 B734 395260 751200 120 30 999 NONE NONE 340
	FP_ROUTE KPHL..KPBI

TRACK_TIME 1167737286
TRACK A20110117582959 BE9L 385100 1044060 120 30 999 NONE NONE 110
	FP_ROUTE KCOS..KGLD

TRACK_TIME 1167737286
TRACK A20110117582960 A320 394660 1043600 120 30 999 NONE NONE 370
	FP_ROUTE KDEN..KMSY

TRACK_TIME 1167737286
TRACK A20110117582969 MD83 360700 1150900 120 30 999 NONE NONE 310
	FP_ROUTE KLAS..KORD

TRACK_TIME 1167737286
TRACK A20110117582970 A319 373900 1221960 120 30 999 NONE NONE 350
	FP_ROUTE KSFO..KIAD

TRACK_TIME 1167737286
TRACK A20110117582971 B738 295700 952100 120 30 999 NONE NONE 360
	FP_ROUTE KIAH..KSFO

TRACK_TIME 1167737286
TRACK A20110117582972 B739 295860 951660 120 30 999 NONE NONE 320
	FP_ROUTE KIAH..KDEN

TRACK_TIME 1167737286
TRACK A20110117582975 E145 295700 952100 120 30 999 NONE NONE 300
	FP_ROUTE KIAH..KLBB

TRACK_TIME 1167737286
TRACK A20110117582978 E135 331800 1113900 120 30 999 NONE NONE 360
	FP_ROUTE KIWA..KHIO

TRACK_TIME 1167737286
TRACK A20110117582980 BE20 444900 932560 120 30 999 NONE NONE 119
	FP_ROUTE KFCM..KHIB

TRACK_TIME 1167737286
TRACK A20110117582983 BE20 472100 925400 120 30 999 NONE NONE 120
	FP_ROUTE KHIB..KFCM

TRACK_TIME 1167737286
TRACK A20110117582988 E170 404500 734960 120 30 999 NONE NONE 320
	FP_ROUTE KLGA..KORD

TRACK_TIME 1167737286
TRACK A20110117582994 CRJ2 294060 821500 120 30 999 NONE NONE 240
	FP_ROUTE KGNV..KCLT

TRACK_TIME 1167737286
TRACK A20110117582996 A320 360700 1151000 120 30 999 NONE NONE 360
	FP_ROUTE KLAS..KSFO

TRACK_TIME 1167737286
TRACK A20110117582999 E170 444960 931300 120 30 999 NONE NONE 310
	FP_ROUTE KMSP..KSTL

TRACK_TIME 1167737286
TRACK A20110117583002 B752 275800 823300 120 30 999 NONE NONE 361
	FP_ROUTE KTPA..KATL

TRACK_TIME 1167737286
TRACK A20110117583003 DH8A 205500 1564300 120 30 999 NONE NONE 60
	FP_ROUTE KJHM..KHNL

TRACK_TIME 1167737286
TRACK A20110117583007 B752 421200 832100 120 30 999 NONE NONE 400
	FP_ROUTE KDTW..KRSW

TRACK_TIME 1167737286
TRACK A20110117583011 CL60 454800 1111060 120 30 999 NONE NONE 370
	FP_ROUTE KBZN..KBED

TRACK_TIME 1167737286
TRACK A20110117583013 B735 360760 1150700 120 30 999 NONE NONE 330
	FP_ROUTE KLAS..KSLC

TRACK_TIME 1167737286
TRACK A20110117583014 E145 254800 801600 120 30 999 NONE NONE 370
	FP_ROUTE KMIA..KCMH

TRACK_TIME 1167737286
TRACK A20110117583016 B735 404600 1115800 120 30 999 NONE NONE 360
	FP_ROUTE KSLC..KOAK

TRACK_TIME 1167737286
TRACK A20110117583025 B737 414360 712500 120 30 999 NONE NONE 260
	FP_ROUTE KPVD..KPHL

TRACK_TIME 1167737286
TRACK A20110117583026 CRJ2 395500 841000 120 30 999 NONE NONE 290
	FP_ROUTE KDAY..KPHL

TRACK_TIME 1167737286
TRACK A20110117583027 CRJ2 395260 751300 120 30 999 NONE NONE 101
	FP_ROUTE KPHL..KBWI

TRACK_TIME 1167737286
TRACK A20110117583028 A320 282400 811800 120 30 999 NONE NONE 370
	FP_ROUTE KMCO..KIAD

TRACK_TIME 1167737286
TRACK A20110117583032 E145 404300 740760 120 30 999 NONE NONE 360
	FP_ROUTE KEWR..KSDF

TRACK_TIME 1167737286
TRACK A20110117583039 E145 381300 854360 120 30 999 NONE NONE 230
	FP_ROUTE KSDF..KCLE

TRACK_TIME 1167737286
TRACK A20110117583040 B738 333760 842860 120 30 999 NONE NONE 370
	FP_ROUTE KATL..KMIA

TRACK_TIME 1167737286
TRACK A20110117583041 CRJ2 445100 931300 120 30 999 NONE NONE 250
	FP_ROUTE KMSP..KSBN

TRACK_TIME 1167737286
TRACK A20110117583042 B737 275860 823300 120 30 999 NONE NONE 390
	FP_ROUTE KTPA..KBWI

TRACK_TIME 1167737286
TRACK A20110117583043 CRJ2 350400 900000 120 30 999 NONE NONE 240
	FP_ROUTE KMEM..KTUL

TRACK_TIME 1167737286
TRACK A20110117583057 CRJ2 335560 1182560 120 30 999 NONE NONE 110
	FP_ROUTE KLAX..KSAN

TRACK_TIME 1167737286
TRACK A20110117583058 DH8A 205400 1562500 120 30 999 NONE NONE 90
	FP_ROUTE KOGG..KKOA

TRACK_TIME 1167737286
TRACK A20110117583059 CRJ2 324500 1171360 120 30 999 NONE NONE 70
	FP_ROUTE KSAN..KLAX

TRACK_TIME 1167737286
TRACK A20110117583073 CRJ2 390760 1083400 120 30 999 NONE NONE 260
	FP_ROUTE KGJT..KSLC

TRACK_TIME 1167737286
TRACK A20110117583078 E120 384060 1213460 120 30 999 NONE NONE 89
	FP_ROUTE KSMF..KSFO

TRACK_TIME 1167737286
TRACK A20110117583079 CRJ2 394960 1044500 120 30 999 NONE NONE 260
	FP_ROUTE KDEN..KDRO

TRACK_TIME 1167737286
TRACK A20110117583080 CRJ2 370900 1074500 120 30 999 NONE NONE 270
	FP_ROUTE KDRO..KDEN

TRACK_TIME 1167737286
TRACK A20110117583090 B738 420160 875800 120 30 999 NONE NONE 380
	FP_ROUTE KORD..KDEN

TRACK_TIME 1167737286
TRACK A20110117583092 CL60 405560 812500 120 30 999 NONE NONE 360
	FP_ROUTE KCAK..KBNA

TRACK_TIME 1167737286
TRACK A20110117583093 F2TH 181960 645560 120 30 999 NONE NONE 430
	FP_ROUTE KSTT..KFLL

TRACK_TIME 1167737286
TRACK A20110117583094 FA50 323160 845500 120 30 999 NONE NONE 120
	FP_ROUTE KCSG..KAEX

TRACK_TIME 1167737286
TRACK A20110117583095 FA50 311960 923400 120 30 999 NONE NONE 350
	FP_ROUTE KAEX..KCSG

TRACK_TIME 1167737286
TRACK A20110117583098 DH8A 581300 1520300 120 30 999 NONE NONE 200
	FP_ROUTE KADQ..KANC

TRACK_TIME 1167737286
TRACK A20110117583100 C550 370400 884600 120 30 999 NONE NONE 110
	FP_ROUTE KPAH..KEVV

TRACK_TIME 1167737286
TRACK A20110117583103 B738 325700 970100 120 30 999 NONE NONE 390
	FP_ROUTE KDFW..KPBI

TRACK_TIME 1167737286
TRACK A20110117583108 C560 295860 812200 120 30 999 NONE NONE 410
	FP_ROUTE KSGJ..KBGM

TRACK_TIME 1167737286
TRACK A20110117583109 CRJ2 351360 805700 120 30 999 NONE NONE 220
	FP_ROUTE KCLT..KTYS

TRACK_TIME 1167737286
TRACK A20110117583113 A306 374360 1221500 120 30 999 NONE NONE 310
	FP_ROUTE KOAK..KSDF

TRACK_TIME 1167737286
TRACK A20110117583115 MD82 325500 970160 120 30 999 NONE NONE 290
	FP_ROUTE KDFW..KCLT

TRACK_TIME 1167737286
TRACK A20110117583117 CRJ2 354960 835700 120 30 999 NONE NONE 50
	FP_ROUTE KTYS..KCLT

TRACK_TIME 1167737286
TRACK A20110117583123 E145 361300 955260 120 30 999 NONE NONE 370
	FP_ROUTE KTUL..KORD

TRACK_TIME 1167737286
TRACK A20110117583124 E135 303460 910700 120 30 999 NONE NONE 220
	FP_ROUTE KBTR..KDFW

TRACK_TIME 1167737286
TRACK A20110117583125 B738 254800 801600 120 30 999 NONE NONE 350
	FP_ROUTE KMIA..KIAD

TRACK_TIME 1167737286
TRACK A20110117583129 DH8D 472700 1221900 120 30 999 NONE NONE 170
	FP_ROUTE KSEA..KPDX

TRACK_TIME 1167737286
TRACK A20110117583130 E190 404000 734200 120 30 999 NONE NONE 110
	FP_ROUTE KJFK..KPWM

TRACK_TIME 1167737286
TRACK A20110117583131 CRJ2 341060 1182100 120 30 999 NONE NONE 350
	FP_ROUTE KBUR..KSLC

TRACK_TIME 1167737286
TRACK A20110117583132 C560 422260 962260 120 30 999 NONE NONE 380
	FP_ROUTE KSUX..KGCK

TRACK_TIME 1167737286
TRACK A20110117583137 CRJ2 475800 971060 120 30 999 NONE NONE 250
	FP_ROUTE KGFK..KMSP

TRACK_TIME 1167737286
TRACK A20110117583138 C560 375700 1004360 120 30 999 NONE NONE 220
	FP_ROUTE KGCK..KAMA

TRACK_TIME 1167737286
TRACK A20110117583139 CRJ2 445500 931500 120 30 999 NONE NONE 260
	FP_ROUTE KMSP..KGFK

TRACK_TIME 1167737286
TRACK A20110117583141 C560 351600 1013900 120 30 999 NONE NONE 410
	FP_ROUTE KAMA..KALO

TRACK_TIME 1167737286
TRACK A20110117583142 CRJ2 404800 1115860 120 30 999 NONE NONE 300
	FP_ROUTE KSLC..KBZN

TRACK_TIME 1167737286
TRACK A20110117583144 B737 404300 740760 120 30 999 NONE NONE 339
	FP_ROUTE KEWR..KORD

TRACK_TIME 1167737286
TRACK A20110117583145 E120 373760 1222200 120 30 999 NONE NONE 190
	FP_ROUTE KSFO..KSBP

TRACK_TIME 1167737286
TRACK A20110117583147 CRJ2 335560 1182860 120 30 999 NONE NONE 340
	FP_ROUTE KLAX..KRNO

TRACK_TIME 1167737286
TRACK A20110117583148 CRJ2 393400 1194660 120 30 999 NONE NONE 310
	FP_ROUTE KRNO..KLAX

TRACK_TIME 1167737286
TRACK A20110117583149 CRJ2 433000 1120460 120 30 999 NONE NONE 330
	FP_ROUTE KIDA..KDEN

TRACK_TIME 1167737286
TRACK A20110117583154 DH8D 472700 1221900 120 30 999 NONE NONE 210
	FP_ROUTE KSEA..KGEG

TRACK_TIME 1167737286
TRACK A20110117583156 CRJ2 344200 921600 120 30 999 NONE NONE 250
	FP_ROUTE KLIT..KATL

TRACK_TIME 1167737286
TRACK A20110117583157 CRJ2 430900 861300 120 30 999 NONE NONE 160
	FP_ROUTE KMKG..KORD

TRACK_TIME 1167737286
TRACK A20110117583158 E190 300760 973100 120 30 999 NONE NONE 350
	FP_ROUTE KAUS..KBOS

TRACK_TIME 1167737286
TRACK A20110117583159 E145 325500 970300 120 30 999 NONE NONE 260
	FP_ROUTE KDFW..KMAF

TRACK_TIME 1167737286
TRACK A20110117583164 B733 344500 921300 120 30 999 NONE NONE 280
	FP_ROUTE KLIT..KDAL

TRACK_TIME 1167737286
TRACK A20110117583165 B733 325100 965200 120 30 999 NONE NONE 240
	FP_ROUTE KDAL..KELP

TRACK_TIME 1167737286
TRACK A20110117583166 B733 314900 1062260 120 30 999 NONE NONE 360
	FP_ROUTE KELP..KPHX

TRACK_TIME 1167737286
TRACK A20110117583167 B738 421200 832260 120 30 999 NONE NONE 360
	FP_ROUTE KDTW..KSAN

TRACK_TIME 1167737286
TRACK A20110117583170 E170 333900 842200 120 30 999 NONE NONE 340
	FP_ROUTE KATL..KGRR

TRACK_TIME 1167737286
TRACK A20110117583172 SF34 541960 1654060 120 30 999 NONE NONE 210
	FP_ROUTE KDUT..KANC

TRACK_TIME 1167737286
TRACK A20110117583179 E120 335560 1182500 120 30 999 NONE NONE 91
	FP_ROUTE KLAX..KSAN

TRACK_TIME 1167737286
TRACK A20110117583180 E120 324500 1171500 120 30 999 NONE NONE 79
	FP_ROUTE KSAN..KLAX

TRACK_TIME 1167737286
TRACK A20110117583181 E120 335560 1182560 120 30 999 NONE NONE 60
	FP_ROUTE KLAX..KSBA

TRACK_TIME 1167737286
TRACK A20110117583182 E120 342500 1195200 120 30 999 NONE NONE 111
	FP_ROUTE KSBA..KLAX

TRACK_TIME 1167737286
TRACK A20110117583185 E120 335560 1182560 120 30 999 NONE NONE 61
	FP_ROUTE KLAX..KSBA

TRACK_TIME 1167737286
TRACK A20110117583186 E120 342500 1195260 120 30 999 NONE NONE 111
	FP_ROUTE KSBA..KLAX

TRACK_TIME 1167737286
TRACK A20110117583188 B738 404900 735200 120 30 999 NONE NONE 400
	FP_ROUTE KLGA..KMIA

TRACK_TIME 1167737286
TRACK A20110117583189 E120 351500 1204000 120 30 999 NONE NONE 190
	FP_ROUTE KSBP..KLAX

TRACK_TIME 1167737286
TRACK A20110117583191 SF34 385400 772560 120 30 999 NONE NONE 119
	FP_ROUTE KIAD..KCRW

TRACK_TIME 1167737286
TRACK A20110117583192 SF34 382100 813700 120 30 999 NONE NONE 60
	FP_ROUTE KCRW..KIAD

TRACK_TIME 1167737286
TRACK A20110117583197 B752 335560 1182700 120 30 999 NONE NONE 270
	FP_ROUTE KLAX..KLAS

TRACK_TIME 1167737286
TRACK A20110117583198 E170 350100 895800 120 30 999 NONE NONE 350
	FP_ROUTE KMEM..KCLT

TRACK_TIME 1167737286
TRACK A20110117583200 A319 260460 800760 120 30 999 NONE NONE 370
	FP_ROUTE KFLL..KSJU

TRACK_TIME 1167737286
TRACK A20110117583201 E170 395200 1043460 120 30 999 NONE NONE 350
	FP_ROUTE KDEN..KOKC

TRACK_TIME 1167737286
TRACK A20110117583202 A319 385200 770160 120 30 999 NONE NONE 340
	FP_ROUTE KDCA..KPHX

TRACK_TIME 1167737286
TRACK A20110117583209 A319 260460 800760 120 30 999 NONE NONE 240
	FP_ROUTE KFLL..KTPA

TRACK_TIME 1167737286
TRACK A20110117583210 B739 374000 1221900 120 30 999 NONE NONE 330
	FP_ROUTE KSFO..KEWR

TRACK_TIME 1167737286
TRACK A20110117583228 E145 344300 921360 120 30 999 NONE NONE 109
	FP_ROUTE KLIT..KDFW

TRACK_TIME 1167737286
TRACK A20110117583232 CRJ2 445200 931000 120 30 999 NONE NONE 340
	FP_ROUTE KMSP..KOKC

TRACK_TIME 1167737286
TRACK A20110117583238 B752 205500 1562400 120 30 999 NONE NONE 390
	FP_ROUTE KOGG..KPHX

TRACK_TIME 1167737286
TRACK A20110117583242 A320 334960 1181000 120 30 999 NONE NONE 350
	FP_ROUTE KLGB..KSLC

TRACK_TIME 1167737286
TRACK A20110117583244 E170 385560 773000 120 30 999 NONE NONE 340
	FP_ROUTE KIAD..KMSY

TRACK_TIME 1167737286
TRACK A20110117583251 MD82 352400 973600 120 30 999 NONE NONE 109
	FP_ROUTE KOKC..KDFW

TRACK_TIME 1167737286
TRACK A20110117583255 CRJ9 412500 814960 120 30 999 NONE NONE 110
	FP_ROUTE KCLE..KCLT

TRACK_TIME 1167737286
TRACK A20110117583259 B738 404800 735100 120 30 999 NONE NONE 400
	FP_ROUTE KLGA..KDTW

TRACK_TIME 1167737286
TRACK A20110117583272 B738 340300 1173760 120 30 999 NONE NONE 380
	FP_ROUTE KONT..KSEA

TRACK_TIME 1167737286
TRACK A20110117583276 MD82 411800 955400 120 30 999 NONE NONE 300
	FP_ROUTE KOMA..KDFW

TRACK_TIME 1167737286
TRACK A20110117583277 A320 332560 1115860 120 30 999 NONE NONE 370
	FP_ROUTE KPHX..KCLT

TRACK_TIME 1167737286
TRACK A20110117583278 B733 372400 1215200 120 30 999 NONE NONE 370
	FP_ROUTE KSJC..KLAX

TRACK_TIME 1167737286
TRACK A20110117583279 B738 254800 801600 120 30 999 NONE NONE 390
	FP_ROUTE KMIA..KDCA

TRACK_TIME 1167737286
TRACK A20110117583290 A320 404600 1115800 120 30 999 NONE NONE 380
	FP_ROUTE KSLC..KOAK

TRACK_TIME 1167737286
TRACK A20110117583295 B733 314800 1062400 120 30 999 NONE NONE 260
	FP_ROUTE KELP..KLAS

TRACK_TIME 1167737286
TRACK A20110117583300 MD82 404600 1115860 120 30 999 NONE NONE 350
	FP_ROUTE KSLC..KDFW

TRACK_TIME 1167737286
TRACK A20110117583301 CRJ9 344300 921500 120 30 999 NONE NONE 310
	FP_ROUTE KLIT..KATL

TRACK_TIME 1167737286
TRACK A20110117583303 B738 325260 970160 120 30 999 NONE NONE 370
	FP_ROUTE KDFW..KRDU

TRACK_TIME 1167737286
TRACK A20110117583304 E120 335560 1182560 120 30 999 NONE NONE 230
	FP_ROUTE KLAX..KNYL

TRACK_TIME 1167737286
TRACK A20110117583305 E145 394300 861900 120 30 999 NONE NONE 110
	FP_ROUTE KIND..KORD

TRACK_TIME 1167737286
TRACK A20110117583308 B738 335700 1182800 120 30 999 NONE NONE 380
	FP_ROUTE KLAX..KPDX

TRACK_TIME 1167737286
TRACK A20110117583309 B733 360600 1150900 120 30 999 NONE NONE 280
	FP_ROUTE KLAS..KSAN

TRACK_TIME 1167737286
TRACK A20110117583310 DH8D 453600 1223760 120 30 999 NONE NONE 140
	FP_ROUTE KPDX..KSEA

TRACK_TIME 1167737286
TRACK A20110117583317 SF34 585500 1601300 120 30 999 NONE NONE 200
	FP_ROUTE KDLG..KSNP

TRACK_TIME 1167737286
TRACK A20110117583319 CRJ9 333900 842200 120 30 999 NONE NONE 360
	FP_ROUTE KATL..KLIT

TRACK_TIME 1167737286
TRACK A20110117583323 B752 182800 655860 120 30 999 NONE NONE 360
	FP_ROUTE KSJU..KMIA

TRACK_TIME 1167737286
TRACK A20110117583326 SF34 563460 1694000 120 30 999 NONE NONE 150
	FP_ROUTE KPBV..KANC

TRACK_TIME 1167737286
TRACK A20110117583327 A320 403700 734800 120 30 999 NONE NONE 340
	FP_ROUTE KJFK..KPDX

TRACK_TIME 1167737286
TRACK A20110117583331 SF34 295800 952100 120 30 999 NONE NONE 120
	FP_ROUTE KIAH..KTYR

TRACK_TIME 1167737286
TRACK A20110117583344 A320 403760 734960 120 30 999 NONE NONE 380
	FP_ROUTE KJFK..KHOU

TRACK_TIME 1167737286
TRACK A20110117583345 DH8D 472700 1221800 120 30 999 NONE NONE 250
	FP_ROUTE KSEA..KBZN

TRACK_TIME 1167737286
TRACK A20110117583346 A319 275860 823300 120 30 999 NONE NONE 230
	FP_ROUTE KTPA..KFLL

TRACK_TIME 1167737286
TRACK A20110117583347 A320 415860 875260 120 30 999 NONE NONE 370
	FP_ROUTE KORD..KFLL

TRACK_TIME 1167737286
TRACK A20110117583350 A320 335560 1182800 120 30 999 NONE NONE 340
	FP_ROUTE KLAX..KSFO

TRACK_TIME 1167737286
TRACK A20110117583354 E145 295860 951800 120 30 999 NONE NONE 350
	FP_ROUTE KIAH..KCVG

TRACK_TIME 1167737286
TRACK A20110117583359 SF34 385800 773100 120 30 999 NONE NONE 150
	FP_ROUTE KIAD..KABE

TRACK_TIME 1167737286
TRACK A20110117583361 B734 552800 1315560 120 30 999 NONE NONE 280
	FP_ROUTE KKTN..KSIT

TRACK_TIME 1167737286
TRACK A20110117583362 B734 570460 1352560 120 30 999 NONE NONE 160
	FP_ROUTE KSIT..KJNU

TRACK_TIME 1167737286
TRACK A20110117583363 B734 582100 1344060 120 30 999 NONE NONE 300
	FP_ROUTE KJNU..KANC

TRACK_TIME 1167737286
TRACK A20110117583372 DH8D 472700 1221900 120 30 999 NONE NONE 130
	FP_ROUTE KSEA..KPDX

TRACK_TIME 1167737286
TRACK A20110117583375 E135 325500 970300 120 30 999 NONE NONE 250
	FP_ROUTE KDFW..KJAN

TRACK_TIME 1167737286
TRACK A20110117583376 B738 295700 952100 120 30 999 NONE NONE 380
	FP_ROUTE KIAH..KSNA

TRACK_TIME 1167737286
TRACK A20110117583377 E135 404900 734960 120 30 999 NONE NONE 111
	FP_ROUTE KLGA..KBOS

TRACK_TIME 1167737286
TRACK A20110117583378 B737 391500 944800 120 30 999 NONE NONE 380
	FP_ROUTE KMCI..KDEN

TRACK_TIME 1167737286
TRACK A20110117583379 B737 395100 1044500 120 30 999 NONE NONE 380
	FP_ROUTE KDEN..KBOI

TRACK_TIME 1167737286
TRACK A20110117583380 A320 373760 1222200 120 30 999 NONE NONE 390
	FP_ROUTE KSFO..KSNA

TRACK_TIME 1167737286
TRACK A20110117583381 E145 325700 970300 120 30 999 NONE NONE 370
	FP_ROUTE KDFW..KMSN

TRACK_TIME 1167737286
TRACK A20110117583387 E145 412500 814960 120 30 999 NONE NONE 230
	FP_ROUTE KCLE..KPHL

TRACK_TIME 1167737286
TRACK A20110117583390 CRJ2 473700 1173300 120 30 999 NONE NONE 290
	FP_ROUTE KGEG..KSFO

TRACK_TIME 1167737286
TRACK A20110117583393 CRJ9 404900 1120000 120 30 999 NONE NONE 320
	FP_ROUTE KSLC..KLAS

TRACK_TIME 1167737286
TRACK A20110117583398 CRJ1 421200 832200 120 30 999 NONE NONE 120
	FP_ROUTE KDTW..KAZO

TRACK_TIME 1167737286
TRACK A20110117583400 CRJ9 335560 1182700 120 30 999 NONE NONE 290
	FP_ROUTE KLAX..KLAS

TRACK_TIME 1167737286
TRACK A20110117583403 CRJ2 345800 820900 120 30 999 NONE NONE 160
	FP_ROUTE KGSP..KATL

TRACK_TIME 1167737286
TRACK A20110117583404 B752 404900 1115860 120 30 999 NONE NONE 350
	FP_ROUTE KSLC..KMCO

TRACK_TIME 1167737286
TRACK A20110117583406 E190 373100 771960 120 30 999 NONE NONE 360
	FP_ROUTE KRIC..KFLL

TRACK_TIME 1167737286
TRACK A20110117583410 A320 182800 655860 120 30 999 NONE NONE 360
	FP_ROUTE KSJU..KIAD

TRACK_TIME 1167737286
TRACK A20110117583412 CRJ9 404360 1115800 120 30 999 NONE NONE 360
	FP_ROUTE KSLC..KLAX

TRACK_TIME 1167737286
TRACK A20110117583415 E170 391660 944300 120 30 999 NONE NONE 330
	FP_ROUTE KMCI..KMSP

TRACK_TIME 1167737286
TRACK A20110117583416 A320 415700 724000 120 30 999 NONE NONE 380
	FP_ROUTE KBDL..KMCO

TRACK_TIME 1167737286
TRACK A20110117583417 E170 445400 931500 120 30 999 NONE NONE 230
	FP_ROUTE KMSP..KMSN

TRACK_TIME 1167737286
TRACK A20110117583419 CRJ2 445400 931360 120 30 999 NONE NONE 350
	FP_ROUTE KMSP..KPIT

TRACK_TIME 1167737286
TRACK A20110117583420 B733 351360 805700 120 30 999 NONE NONE 300
	FP_ROUTE KCLT..KMSY

TRACK_TIME 1167737286
TRACK A20110117583422 CRJ9 335560 1182560 120 30 999 NONE NONE 240
	FP_ROUTE KLAX..KLAS

TRACK_TIME 1167737286
TRACK A20110117583425 B738 295700 952100 120 30 999 NONE NONE 220
	FP_ROUTE KIAH..KSAT

TRACK_TIME 1167737286
TRACK A20110117583429 C560 424000 832200 120 30 999 NONE NONE 310
	FP_ROUTE KPTK..KITH

TRACK_TIME 1167737286
TRACK A20110117583430 E145 403900 894000 120 30 999 NONE NONE 110
	FP_ROUTE KPIA..KORD

TRACK_TIME 1167737286
TRACK A20110117583431 C560 423400 763460 120 30 999 NONE NONE 320
	FP_ROUTE KITH..KPTK

TRACK_TIME 1167737286
TRACK A20110117583434 MD83 373760 972700 120 30 999 NONE NONE 280
	FP_ROUTE KICT..KDFW

TRACK_TIME 1167737286
TRACK A20110117583435 B752 260460 800700 120 30 999 NONE NONE 390
	FP_ROUTE KFLL..KATL

TRACK_TIME 1167737286
TRACK A20110117583436 B733 380700 854500 120 30 999 NONE NONE 280
	FP_ROUTE KSDF..KMDW

TRACK_TIME 1167737286
TRACK A20110117583438 A320 415700 724000 120 30 999 NONE NONE 380
	FP_ROUTE KBDL..KMCO

TRACK_TIME 1167737286
TRACK A20110117583441 MD83 325200 970300 120 30 999 NONE NONE 340
	FP_ROUTE KDFW..KTUS

TRACK_TIME 1167737286
TRACK A20110117583444 F2TH 264000 800000 120 30 999 NONE NONE 410
	FP_ROUTE KPBI..KHPN

TRACK_TIME 1167737286
TRACK A20110117583445 B752 333760 842400 120 30 999 NONE NONE 390
	FP_ROUTE KATL..KFLL

TRACK_TIME 1167737286
TRACK A20110117583447 E145 295700 951960 120 30 999 NONE NONE 130
	FP_ROUTE KIAH..KLCH

TRACK_TIME 1167737286
TRACK A20110117583448 B738 295700 952100 120 30 999 NONE NONE 350
	FP_ROUTE KIAH..KCLE

TRACK_TIME 1167737286
TRACK A20110117583453 B752 404000 734360 120 30 999 NONE NONE 360
	FP_ROUTE KJFK..KSFO

TRACK_TIME 1167737286
TRACK A20110117583460 B737 341060 1182200 120 30 999 NONE NONE 340
	FP_ROUTE KBUR..KOAK

TRACK_TIME 1167737286
TRACK A20110117583461 DH8A 581060 1520600 120 30 999 NONE NONE 200
	FP_ROUTE KADQ..KANC

TRACK_TIME 1167737286
TRACK A20110117583465 B738 295700 952100 120 30 999 NONE NONE 370
	FP_ROUTE KIAH..KDTW

TRACK_TIME 1167737286
TRACK A20110117583466 AT43 394300 861800 120 30 999 NONE NONE 160
	FP_ROUTE KIND..KPIA

TRACK_TIME 1167737286
TRACK A20110117583468 B737 384360 901660 120 30 999 NONE NONE 381
	FP_ROUTE KSTL..KDAL

TRACK_TIME 1167737286
TRACK A20110117583474 B712 194200 1560400 120 30 999 NONE NONE 200
	FP_ROUTE KKOA..KHNL

TRACK_TIME 1167737286
TRACK A20110117583475 A320 422200 710100 120 30 999 NONE NONE 300
	FP_ROUTE KBOS..KIAD

TRACK_TIME 1167737286
TRACK A20110117583480 E145 415860 875260 120 30 999 NONE NONE 370
	FP_ROUTE KORD..KGSP

TRACK_TIME 1167737286
TRACK A20110117583482 A306 395100 1044660 120 30 999 NONE NONE 340
	FP_ROUTE KDEN..KBOI

TRACK_TIME 1167737286
TRACK A20110117583485 E145 395260 751300 120 30 999 NONE NONE 240
	FP_ROUTE KPHL..KCLE

TRACK_TIME 1167737286
TRACK A20110117583486 B752 333900 842700 120 30 999 NONE NONE 340
	FP_ROUTE KATL..KMSY

TRACK_TIME 1167737286
TRACK A20110117583487 MD83 320400 1105260 120 30 999 NONE NONE 330
	FP_ROUTE KTUS..KDFW

TRACK_TIME 1167737286
TRACK A20110117583488 B752 333900 842800 120 30 999 NONE NONE 350
	FP_ROUTE KATL..KTPA

TRACK_TIME 1167737286
TRACK A20110117583490 B712 333900 842700 120 30 999 NONE NONE 320
	FP_ROUTE KATL..KSTL

TRACK_TIME 1167737286
TRACK A20110117583494 CRJ2 421200 832100 120 30 999 NONE NONE 170
	FP_ROUTE KDTW..KCAK

TRACK_TIME 1167737286
TRACK A20110117583500 B733 372260 1215700 120 30 999 NONE NONE 370
	FP_ROUTE KSJC..KDEN

TRACK_TIME 1167737286
TRACK A20110117583508 A319 415860 875260 120 30 999 NONE NONE 380
	FP_ROUTE KORD..KMSY

TRACK_TIME 1167737286
TRACK A20110117583512 B752 335560 1182700 120 30 999 NONE NONE 370
	FP_ROUTE KLAX..KJFK

TRACK_TIME 1167737286
TRACK A20110117583513 SF34 541500 1654800 120 30 999 NONE NONE 190
	FP_ROUTE KDUT..KANC

TRACK_TIME 1167737286
TRACK A20110117583514 B737 374360 1221600 120 30 999 NONE NONE 330
	FP_ROUTE KOAK..KBUR

TRACK_TIME 1167737286
TRACK A20110117583515 B737 341060 1182100 120 30 999 NONE NONE 270
	FP_ROUTE KBUR..KLAS

TRACK_TIME 1167737286
TRACK A20110117583517 E145 254800 801600 120 30 999 NONE NONE 360
	FP_ROUTE KMIA..KMEM

TRACK_TIME 1167737286
TRACK A20110117583519 B753 421060 832200 120 30 999 NONE NONE 350
	FP_ROUTE KDTW..KMCO

TRACK_TIME 1167737286
TRACK A20110117583527 BE9L 401060 1003100 120 30 999 NONE NONE 90
	FP_ROUTE KMCK..KEAR

TRACK_TIME 1167737286
TRACK A20110117583529 B738 205400 1562500 120 30 999 NONE NONE 350
	FP_ROUTE KOGG..KSMF

TRACK_TIME 1167737286
TRACK A20110117583552 DH8D 472560 1221900 120 30 999 NONE NONE 210
	FP_ROUTE KSEA..KGEG

TRACK_TIME 1167737286
TRACK A20110117583553 CRJ9 404600 1120000 120 30 999 NONE NONE 320
	FP_ROUTE KSLC..KBOI

TRACK_TIME 1167737286
TRACK A20110117583556 MD83 334000 841900 120 30 999 NONE NONE 320
	FP_ROUTE KATL..KDFW

TRACK_TIME 1167737286
TRACK A20110117583562 B733 300000 901500 120 30 999 NONE NONE 350
	FP_ROUTE KMSY..KBNA

TRACK_TIME 1167737286
TRACK A20110117583564 MD82 390900 763900 120 30 999 NONE NONE 320
	FP_ROUTE KBWI..KDFW

TRACK_TIME 1167737286
TRACK A20110117583568 B733 360600 864060 120 30 999 NONE NONE 219
	FP_ROUTE KBNA..KBHM

TRACK_TIME 1167737286
TRACK A20110117583579 B733 333400 864500 120 30 999 NONE NONE 320
	FP_ROUTE KBHM..KDAL

TRACK_TIME 1167737286
TRACK A20110117583581 B733 324900 964900 120 30 999 NONE NONE 200
	FP_ROUTE KDAL..KAUS

TRACK_TIME 1167737286
TRACK A20110117583582 B733 301000 974500 120 30 999 NONE NONE 340
	FP_ROUTE KAUS..KPHX

TRACK_TIME 1167737286
TRACK A20110117583585 B738 295700 952100 120 30 999 NONE NONE 370
	FP_ROUTE KIAH..KLGA

TRACK_TIME 1167737286
TRACK A20110117583586 E135 425560 875400 120 30 999 NONE NONE 101
	FP_ROUTE KMKE..KGRB

TRACK_TIME 1167737286
TRACK A20110117583588 AT72 254800 801660 120 30 999 NONE NONE 80
	FP_ROUTE KMIA..KRSW

TRACK_TIME 1167737286
TRACK A20110117583589 E135 325500 970300 120 30 999 NONE NONE 300
	FP_ROUTE KDFW..KROW

TRACK_TIME 1167737286
TRACK A20110117583590 B752 211800 1575560 120 30 999 NONE NONE 380
	FP_ROUTE KHNL..KLAX

TRACK_TIME 1167737286
TRACK A20110117583591 B752 254800 801600 120 30 999 NONE NONE 370
	FP_ROUTE KMIA..KJFK

TRACK_TIME 1167737286
TRACK A20110117583592 DH8D 472560 1221900 120 30 999 NONE NONE 230
	FP_ROUTE KSEA..KPUW

TRACK_TIME 1167737286
TRACK A20110117583593 DH8D 464360 1170760 120 30 999 NONE NONE 60
	FP_ROUTE KPUW..KLWS

TRACK_TIME 1167737286
TRACK A20110117583596 MD83 325700 970400 120 30 999 NONE NONE 300
	FP_ROUTE KDFW..KSJC

TRACK_TIME 1167737286
TRACK A20110117583597 B763 415800 875100 120 30 999 NONE NONE 390
	FP_ROUTE KORD..KTPA

TRACK_TIME 1167737286
TRACK A20110117583601 B733 335700 1182700 120 30 999 NONE NONE 330
	FP_ROUTE KLAX..KPHX

TRACK_TIME 1167737286
TRACK A20110117583604 E135 420000 875700 120 30 999 NONE NONE 40
	FP_ROUTE KORD..KDBQ

TRACK_TIME 1167737286
TRACK A20110117583605 E145 415860 875100 120 30 999 NONE NONE 370
	FP_ROUTE KORD..KCLT

TRACK_TIME 1167737286
TRACK A20110117583607 A320 282400 811800 120 30 999 NONE NONE 370
	FP_ROUTE KMCO..KIAD

TRACK_TIME 1167737286
TRACK A20110117583608 A320 360700 1150900 120 30 999 NONE NONE 350
	FP_ROUTE KLAS..KJFK

TRACK_TIME 1167737286
TRACK A20110117583611 B737 414600 874200 120 30 999 NONE NONE 410
	FP_ROUTE KMDW..KATL

TRACK_TIME 1167737286
TRACK A20110117583621 B712 205400 1562500 120 30 999 NONE NONE 120
	FP_ROUTE KOGG..KHNL

TRACK_TIME 1167737286
TRACK A20110117583624 B752 280000 823300 120 30 999 NONE NONE 410
	FP_ROUTE KTPA..KPHL

TRACK_TIME 1167737286
TRACK A20110117583627 B738 324500 1171360 120 30 999 NONE NONE 360
	FP_ROUTE KSAN..KSEA

TRACK_TIME 1167737286
TRACK A20110117583629 BE9L 350160 1063700 120 30 999 NONE NONE 149
	FP_ROUTE KABQ..KRTN

TRACK_TIME 1167737286
TRACK A20110117583630 BE9L 364360 1043000 120 30 999 NONE NONE 160
	FP_ROUTE KRTN..KABQ

TRACK_TIME 1167737286
TRACK A20110117583631 B752 300000 901500 120 30 999 NONE NONE 330
	FP_ROUTE KMSY..KATL

TRACK_TIME 1167737286
TRACK A20110117583638 BE20 362860 822400 120 30 999 NONE NONE 1271
	FP_ROUTE KTRI..KPBX

TRACK_TIME 1167737286
TRACK A20110117583648 CRJ2 350160 785200 120 30 999 NONE NONE 240
	FP_ROUTE KFAY..KATL

TRACK_TIME 1167737286
TRACK A20110117583650 B752 420000 875700 120 30 999 NONE NONE 380
	FP_ROUTE KORD..KSAN

TRACK_TIME 1167737286
TRACK A20110117583654 B738 422100 710300 120 30 999 NONE NONE 160
	FP_ROUTE KBOS..KEWR

TRACK_TIME 1167737286
TRACK A20110117583661 B737 414800 874600 120 30 999 NONE NONE 310
	FP_ROUTE KMDW..KFLL

TRACK_TIME 1167737286
TRACK A20110117583662 E145 415800 875200 120 30 999 NONE NONE 169
	FP_ROUTE KORD..KCMI

TRACK_TIME 1167737286
TRACK A20110117583664 A320 335700 1182700 120 30 999 NONE NONE 370
	FP_ROUTE KLAX..KIAD

TRACK_TIME 1167737286
TRACK A20110117583667 DH8A 610300 1500000 120 30 999 NONE NONE 210
	FP_ROUTE KANC..KADQ

TRACK_TIME 1167737286
TRACK A20110117583668 B737 473700 1173300 120 30 999 NONE NONE 350
	FP_ROUTE KGEG..KBOI

TRACK_TIME 1167737286
TRACK A20110117583669 B737 433300 1161200 120 30 999 NONE NONE 400
	FP_ROUTE KBOI..KOAK

TRACK_TIME 1167737286
TRACK A20110117583670 E145 402500 865400 120 30 999 NONE NONE 330
	FP_ROUTE KLAF..KIAD

TRACK_TIME 1167737286
TRACK A20110117583674 B733 360700 1150900 120 30 999 NONE NONE 350
	FP_ROUTE KLAS..KELP

TRACK_TIME 1167737286
TRACK A20110117583678 E135 321660 900400 120 30 999 NONE NONE 300
	FP_ROUTE KJAN..KDFW

TRACK_TIME 1167737286
TRACK A20110117583679 E145 325500 970300 120 30 999 NONE NONE 159
	FP_ROUTE KDFW..KGRK

TRACK_TIME 1167737286
TRACK A20110117583680 B738 254800 801600 120 30 999 NONE NONE 350
	FP_ROUTE KMIA..KORD

TRACK_TIME 1167737286
TRACK A20110117583681 B737 395100 1044660 120 30 999 NONE NONE 400
	FP_ROUTE KDEN..KSNA

TRACK_TIME 1167737286
TRACK A20110117583685 B734 424600 734900 120 30 999 NONE NONE 340
	FP_ROUTE KALB..KCLT

TRACK_TIME 1167737286
TRACK A20110117583686 CRJ2 445100 931360 120 30 999 NONE NONE 290
	FP_ROUTE KMSP..KPIA

TRACK_TIME 1167737286
TRACK A20110117583687 B738 335560 1182700 120 30 999 NONE NONE 300
	FP_ROUTE KLAX..KOGG

TRACK_TIME 1167737286
TRACK A20110117583690 B738 420100 875700 120 30 999 NONE NONE 340
	FP_ROUTE KORD..KSAN

TRACK_TIME 1167737286
TRACK A20110117583707 E145 390300 843900 120 30 999 NONE NONE 360
	FP_ROUTE KCVG..KMIA

TRACK_TIME 1167737286
TRACK A20110117583709 LJ45 273300 980160 120 30 999 NONE NONE 410
	FP_ROUTE KIKG..KBWG

TRACK_TIME 1167737286
TRACK A20110117583710 A319 395100 1044600 120 30 999 NONE NONE 280
	FP_ROUTE KDEN..KSNA

TRACK_TIME 1167737286
TRACK A20110117583726 BE9L 393300 1194500 120 30 999 NONE NONE 111
	FP_ROUTE KRNO..KFLX

TRACK_TIME 1167737286
TRACK A20110117583727 BE9L 383100 1212860 120 30 999 NONE NONE 149
	FP_ROUTE KSAC..KRNO

TRACK_TIME 1167737286
TRACK A20110117583734 B733 332560 1120160 120 30 999 NONE NONE 320
	FP_ROUTE KPHX..KSNA

TRACK_TIME 1167737286
TRACK A20110117583736 DH8D 453600 1223700 120 30 999 NONE NONE 150
	FP_ROUTE KPDX..KRDM

TRACK_TIME 1167737286
TRACK A20110117583737 B738 415500 875700 120 30 999 NONE NONE 380
	FP_ROUTE KORD..KIAH

TRACK_TIME 1167737286
TRACK A20110117583738 B737 383900 1213160 120 30 999 NONE NONE 330
	FP_ROUTE KSMF..KBUR

TRACK_TIME 1167737286
TRACK A20110117583739 B712 333900 842860 120 30 999 NONE NONE 320
	FP_ROUTE KATL..KDFW

TRACK_TIME 1167737286
TRACK A20110117583744 B739 611900 1500160 120 30 999 NONE NONE 370
	FP_ROUTE KANC..KSEA

TRACK_TIME 1167737286
TRACK A20110117583747 BE20 430900 951300 120 30 999 NONE NONE 260
	FP_ROUTE KSPW..KSDL

TRACK_TIME 1167737286
TRACK A20110117583761 B712 194200 1560400 120 30 999 NONE NONE 220
	FP_ROUTE KKOA..KHNL

TRACK_TIME 1167737286
TRACK A20110117583765 B734 644500 1480460 120 30 999 NONE NONE 330
	FP_ROUTE KFAI..KANC

TRACK_TIME 1167737286
TRACK A20110117583768 B738 611600 1494960 120 30 999 NONE NONE 410
	FP_ROUTE KANC..KSEA

TRACK_TIME 1167737286
TRACK A20110117583771 B763 211800 1575400 120 30 999 NONE NONE 350
	FP_ROUTE KHNL..KSFO

TRACK_TIME 1167737286
TRACK A20110117583776 CRJ2 211800 1575260 120 30 999 NONE NONE 230
	FP_ROUTE KHNL..KITO

TRACK_TIME 1167737286
TRACK A20110117583788 B737 372260 1215700 120 30 999 NONE NONE 390
	FP_ROUTE KSJC..KDEN

TRACK_TIME 1167737286
TRACK A20110117583789 B737 395260 1043700 120 30 999 NONE NONE 390
	FP_ROUTE KDEN..KPHL

TRACK_TIME 1167737286
TRACK A20110117583790 B737 395260 751360 120 30 999 NONE NONE 220
	FP_ROUTE KPHL..KPIT

TRACK_TIME 1167737286
TRACK A20110117583794 B737 402860 801060 120 30 999 NONE NONE 320
	FP_ROUTE KPIT..KMDW

TRACK_TIME 1167737286
TRACK A20110117583801 DH8A 610000 1500000 120 30 999 NONE NONE 210
	FP_ROUTE KANC..KADQ

TRACK_TIME 1167737286
TRACK A20110117583802 E145 325500 970160 120 30 999 NONE NONE 290
	FP_ROUTE KDFW..KCMI

TRACK_TIME 1167737286
TRACK A20110117583803 E145 415800 875100 120 30 999 NONE NONE 370
	FP_ROUTE KORD..KJAX

TRACK_TIME 1167737286
TRACK A20110117583804 B738 260460 800760 120 30 999 NONE NONE 370
	FP_ROUTE KFLL..KORD

TRACK_TIME 1167737286
TRACK A20110117583811 CRJ2 404800 735200 120 30 999 NONE NONE 280
	FP_ROUTE KLGA..KDAY

TRACK_TIME 1167737286
TRACK A20110117583819 A321 351060 805700 120 30 999 NONE NONE 260
	FP_ROUTE KCLT..KORD

TRACK_TIME 1167737286
TRACK A20110117583821 MD83 325260 970300 120 30 999 NONE NONE 340
	FP_ROUTE KDFW..KMFE

TRACK_TIME 1167737286
TRACK A20110117583836 A319 385400 770400 120 30 999 NONE NONE 210
	FP_ROUTE KDCA..KLGA

TRACK_TIME 1167737286
TRACK A20110117583837 A320 335700 1182700 120 30 999 NONE NONE 350
	FP_ROUTE KLAX..KJFK

TRACK_TIME 1167737286
TRACK A20110117583838 A320 421200 832260 120 30 999 NONE NONE 340
	FP_ROUTE KDTW..KMEM

TRACK_TIME 1167737286
TRACK A20110117583840 E190 404900 735100 120 30 999 NONE NONE 110
	FP_ROUTE KLGA..KBOS

TRACK_TIME 1167737286
TRACK A20110117583841 A319 445100 931300 120 30 999 NONE NONE 390
	FP_ROUTE KMSP..KEWR

TRACK_TIME 1167737286
TRACK A20110117583844 B712 334000 841900 120 30 999 NONE NONE 330
	FP_ROUTE KATL..KROC

TRACK_TIME 1167737286
TRACK A20110117583846 E145 445200 931000 120 30 999 NONE NONE 230
	FP_ROUTE KMSP..KCID

TRACK_TIME 1167737286
TRACK A20110117583847 BE20 344200 964360 120 30 999 NONE NONE 100
	FP_ROUTE KADH..KFTW

TRACK_TIME 1167737286
TRACK A20110117583852 BE20 324900 972200 120 30 999 NONE NONE 130
	FP_ROUTE KFTW..KADH

TRACK_TIME 1167737286
TRACK A20110117583857 SF34 422260 710000 120 30 999 NONE NONE 120
	FP_ROUTE KBOS..KPBG

TRACK_TIME 1167737286
TRACK A20110117583861 B712 333600 842100 120 30 999 NONE NONE 320
	FP_ROUTE KATL..KSAT

TRACK_TIME 1167737286
TRACK A20110117583864 B712 373760 972700 120 30 999 NONE NONE 370
	FP_ROUTE KICT..KATL

TRACK_TIME 1167737286
TRACK A20110117583865 MD83 300900 974300 120 30 999 NONE NONE 110
	FP_ROUTE KAUS..KDFW

TRACK_TIME 1167737286
TRACK A20110117583872 CRJ1 421200 832200 120 30 999 NONE NONE 60
	FP_ROUTE KDTW..KMBS

TRACK_TIME 1167737286
TRACK A20110117583873 B738 333900 842260 120 30 999 NONE NONE 360
	FP_ROUTE KATL..KSTL

TRACK_TIME 1167737286
TRACK A20110117583882 E145 395260 1043400 120 30 999 NONE NONE 290
	FP_ROUTE KDEN..KDSM

TRACK_TIME 1167737286
TRACK A20110117583885 B732 581500 1524060 120 30 999 NONE NONE 260
	FP_ROUTE KADQ..KANC

TRACK_TIME 1167737286
TRACK A20110117583887 E145 413300 934000 120 30 999 NONE NONE 230
	FP_ROUTE KDSM..KORD

TRACK_TIME 1167737286
TRACK A20110117583888 B737 303000 814060 120 30 999 NONE NONE 320
	FP_ROUTE KJAX..KFLL

TRACK_TIME 1167737286
TRACK A20110117583889 CL60 433460 1104500 120 30 999 NONE NONE 390
	FP_ROUTE KJAC..KPHX

TRACK_TIME 1167737286
TRACK A20110117583890 CRJ9 424600 734800 120 30 999 NONE NONE 340
	FP_ROUTE KALB..KMSP

TRACK_TIME 1167737286
TRACK A20110117583894 CRJ9 444960 931500 120 30 999 NONE NONE 340
	FP_ROUTE KMSP..KDFW

TRACK_TIME 1167737286
TRACK A20110117583897 A319 395200 751300 120 30 999 NONE NONE 230
	FP_ROUTE KPHL..KRDU

TRACK_TIME 1167737286
TRACK A20110117583900 A320 350300 895860 120 30 999 NONE NONE 120
	FP_ROUTE KMEM..KDTW

TRACK_TIME 1167737286
TRACK A20110117583910 E145 412500 814960 120 30 999 NONE NONE 289
	FP_ROUTE KCLE..KLGA

TRACK_TIME 1167737286
TRACK A20110117583912 B737 374300 1221360 120 30 999 NONE NONE 330
	FP_ROUTE KOAK..KBUR

TRACK_TIME 1167737286
TRACK A20110117583923 B737 280000 823300 120 30 999 NONE NONE 370
	FP_ROUTE KTPA..KCLE

TRACK_TIME 1167737286
TRACK A20110117583924 E145 360600 864200 120 30 999 NONE NONE 360
	FP_ROUTE KBNA..KIAH

TRACK_TIME 1167737286
TRACK A20110117583927 B733 394500 1043900 120 30 999 NONE NONE 360
	FP_ROUTE KDEN..KPHX

TRACK_TIME 1167737286
TRACK A20110117583932 B737 414960 874500 120 30 999 NONE NONE 410
	FP_ROUTE KMDW..KPVD

TRACK_TIME 1167737286
TRACK A20110117583936 E170 395200 751600 120 30 999 NONE NONE 280
	FP_ROUTE KPHL..KRDU

TRACK_TIME 1167737286
TRACK A20110117583941 B733 332560 1120300 120 30 999 NONE NONE 310
	FP_ROUTE KPHX..KDEN

TRACK_TIME 1167737286
TRACK A20110117583943 B737 414600 874960 120 30 999 NONE NONE 400
	FP_ROUTE KMDW..KHOU

TRACK_TIME 1167737286
TRACK A20110117583944 A332 211800 1575260 120 30 999 NONE NONE 410
	FP_ROUTE KHNL..KLAX

TRACK_TIME 1167737286
TRACK A20110117583948 CRJ2 390400 1082860 120 30 999 NONE NONE 250
	FP_ROUTE KGJT..KDEN

TRACK_TIME 1167737286
TRACK A20110117583949 B738 341000 1182200 120 30 999 NONE NONE 360
	FP_ROUTE KBUR..KSEA

TRACK_TIME 1167737286
TRACK A20110117583950 E145 351200 1014360 120 30 999 NONE NONE 350
	FP_ROUTE KAMA..KIAH

TRACK_TIME 1167737286
TRACK A20110117583955 MD83 360700 1150900 120 30 999 NONE NONE 260
	FP_ROUTE KLAS..KLAX

TRACK_TIME 1167737286
TRACK A20110117583956 E145 420000 875700 120 30 999 NONE NONE 320
	FP_ROUTE KORD..KOMA

TRACK_TIME 1167737286
TRACK A20110117583962 B733 453600 1223760 120 30 999 NONE NONE 370
	FP_ROUTE KPDX..KOAK

TRACK_TIME 1167737286
TRACK A20110117583963 A320 445200 931060 120 30 999 NONE NONE 360
	FP_ROUTE KMSP..KLAS

TRACK_TIME 1167737286
TRACK A20110117583976 B733 394960 1044660 120 30 999 NONE NONE 340
	FP_ROUTE KDEN..KLAS

TRACK_TIME 1167737286
TRACK A20110117583977 B733 360700 1150900 120 30 999 NONE NONE 330
	FP_ROUTE KLAS..KHOU

TRACK_TIME 1167737286
TRACK A20110117583988 E145 390300 844060 120 30 999 NONE NONE 360
	FP_ROUTE KCVG..KIAH

TRACK_TIME 1167737286
TRACK A20110117583989 B737 372200 1215560 120 30 999 NONE NONE 390
	FP_ROUTE KSJC..KSAN

TRACK_TIME 1167737286
TRACK A20110117583994 B734 533700 1681900 120 30 999 NONE NONE 370
	FP_ROUTE KADK..KANC

TRACK_TIME 1167737286
TRACK A20110117583996 B738 333900 842860 120 30 999 NONE NONE 360
	FP_ROUTE KATL..KSJC

TRACK_TIME 1167737286
TRACK A20110117583998 E145 394800 1043900 120 30 999 NONE NONE 330
	FP_ROUTE KDEN..KELP

TRACK_TIME 1167737286
TRACK A20110117584002 CRJ2 400000 825260 120 30 999 NONE NONE 150
	FP_ROUTE KCMH..KDCA

TRACK_TIME 1167737286
TRACK A20110117584003 CRJ9 360700 864060 120 30 999 NONE NONE 250
	FP_ROUTE KBNA..KCLT

TRACK_TIME 1167737286
TRACK A20110117584005 B712 211900 1575260 120 30 999 NONE NONE 130
	FP_ROUTE KHNL..KOGG

TRACK_TIME 1167737286
TRACK A20110117584008 B737 384360 901660 120 30 999 NONE NONE 380
	FP_ROUTE KSTL..KLIT

TRACK_TIME 1167737286
TRACK A20110117584012 DH8A 395260 751200 120 30 999 NONE NONE 40
	FP_ROUTE KPHL..KSBY

TRACK_TIME 1167737286
TRACK A20110117584024 B737 472560 1221800 120 30 999 NONE NONE 380
	FP_ROUTE KSEA..KANC

TRACK_TIME 1167737286
TRACK A20110117584025 B712 211900 1575700 120 30 999 NONE NONE 250
	FP_ROUTE KHNL..KITO

TRACK_TIME 1167737286
TRACK A20110117584026 B737 340400 1173900 120 30 999 NONE NONE 380
	FP_ROUTE KONT..KOAK

TRACK_TIME 1167737286
TRACK A20110117584027 B737 374300 1221500 120 30 999 NONE NONE 360
	FP_ROUTE KOAK..KGEG

TRACK_TIME 1167737286
TRACK A20110117584030 B737 414960 874500 120 30 999 NONE NONE 390
	FP_ROUTE KMDW..KBOS

TRACK_TIME 1167737286
TRACK A20110117584034 B738 295700 952100 120 30 999 NONE NONE 360
	FP_ROUTE KIAH..KONT

TRACK_TIME 1167737286
TRACK A20110117584035 B738 332560 1120160 120 30 999 NONE NONE 380
	FP_ROUTE KPHX..KSEA

TRACK_TIME 1167737286
TRACK A20110117584037 E145 295800 952100 120 30 999 NONE NONE 159
	FP_ROUTE KIAH..KSAT

TRACK_TIME 1167737286
TRACK A20110117584042 B737 374360 1221600 120 30 999 NONE NONE 410
	FP_ROUTE KOAK..KPHX

TRACK_TIME 1167737286
TRACK A20110117584049 B712 211900 1575700 120 30 999 NONE NONE 140
	FP_ROUTE KHNL..KLIH

TRACK_TIME 1167737286
TRACK A20110117584053 E120 335700 1182860 120 30 999 NONE NONE 104
	FP_ROUTE KLAX..KIYK

TRACK_TIME 1167737286
TRACK A20110117584055 B737 293760 951600 120 30 999 NONE NONE 400
	FP_ROUTE KHOU..KOAK

TRACK_TIME 1167737286
TRACK A20110117584060 DH8D 473700 1173160 120 30 999 NONE NONE 240
	FP_ROUTE KGEG..KSEA

TRACK_TIME 1167737286
TRACK A20110117584061 E190 404000 734300 120 30 999 NONE NONE 220
	FP_ROUTE KJFK..KSYR

TRACK_TIME 1167737286
TRACK A20110117584062 CRJ2 351300 805700 120 30 999 NONE NONE 280
	FP_ROUTE KCLT..KCVG

TRACK_TIME 1167737286
TRACK A20110117584064 MD83 325100 970100 120 30 999 NONE NONE 330
	FP_ROUTE KDFW..KIAD

TRACK_TIME 1167737286
TRACK A20110117584072 CRJ2 420000 875260 120 30 999 NONE NONE 190
	FP_ROUTE KORD..KLAN

TRACK_TIME 1167737286
TRACK A20110117584073 B737 374300 1221500 120 30 999 NONE NONE 390
	FP_ROUTE KOAK..KPHX

TRACK_TIME 1167737286
TRACK A20110117584074 B737 332560 1120160 120 30 999 NONE NONE 390
	FP_ROUTE KPHX..KMDW

TRACK_TIME 1167737286
TRACK A20110117584075 C130 645260 1474600 120 30 999 NONE NONE 200
	FP_ROUTE KFAI..KSCC

TRACK_TIME 1167737286
TRACK A20110117584076 C130 701000 1483400 120 30 999 NONE NONE 270
	FP_ROUTE KSCC..KANC

TRACK_TIME 1167737286
TRACK A20110117584077 MD83 282500 811900 120 30 999 NONE NONE 300
	FP_ROUTE KMCO..KDFW

TRACK_TIME 1167737286
TRACK A20110117584081 SF34 295800 952100 120 30 999 NONE NONE 140
	FP_ROUTE KIAH..KDRT

TRACK_TIME 1167737286
TRACK A20110117584087 E145 385700 773100 120 30 999 NONE NONE 130
	FP_ROUTE KIAD..KMDT

TRACK_TIME 1167737286
TRACK A20110117584088 E145 345700 821060 120 30 999 NONE NONE 290
	FP_ROUTE KGSP..KIAD

TRACK_TIME 1167737286
TRACK A20110117584093 MD82 325700 970160 120 30 999 NONE NONE 270
	FP_ROUTE KDFW..KCMH

TRACK_TIME 1167737286
TRACK A20110117584095 C750 414660 874300 120 30 999 NONE NONE 350
	FP_ROUTE KMDW..KPIT

TRACK_TIME 1167737286
TRACK A20110117584116 A319 404300 740760 120 30 999 NONE NONE 360
	FP_ROUTE KEWR..KPHX

TRACK_TIME 1167737286
TRACK A20110117584118 MD82 325560 970300 120 30 999 NONE NONE 240
	FP_ROUTE KDFW..KTUS

TRACK_TIME 1167737286
TRACK A20110117584123 C560 453600 1223600 120 30 999 NONE NONE 240
	FP_ROUTE KPDX..KBFI

TRACK_TIME 1167737286
TRACK A20110117584125 B733 275800 823300 120 30 999 NONE NONE 360
	FP_ROUTE KTPA..KBNA

TRACK_TIME 1167737286
TRACK A20110117584129 B752 373900 1221960 120 30 999 NONE NONE 370
	FP_ROUTE KSFO..KDEN

TRACK_TIME 1167737286
TRACK A20110117584132 B733 360600 864060 120 30 999 NONE NONE 340
	FP_ROUTE KBNA..KAUS

TRACK_TIME 1167737286
TRACK A20110117584143 B737 341060 1182200 120 30 999 NONE NONE 370
	FP_ROUTE KBUR..KPHX

TRACK_TIME 1167737286
TRACK A20110117584144 MD83 325700 970160 120 30 999 NONE NONE 200
	FP_ROUTE KDFW..KOKC

TRACK_TIME 1167737286
TRACK A20110117584146 B737 394960 1044500 120 30 999 NONE NONE 380
	FP_ROUTE KDEN..KLAS

TRACK_TIME 1167737286
TRACK A20110117584152 A319 182800 655800 120 30 999 NONE NONE 380
	FP_ROUTE KSJU..KFLL

TRACK_TIME 1167737286
TRACK A20110117584155 C560 473100 1221660 120 30 999 NONE NONE 430
	FP_ROUTE KBFI..KBIS

TRACK_TIME 1167737286
TRACK A20110117584157 MD83 385560 773300 120 30 999 NONE NONE 340
	FP_ROUTE KIAD..KDFW

TRACK_TIME 1167737286
TRACK A20110117584159 C560 465100 1004960 120 30 999 NONE NONE 430
	FP_ROUTE KBIS..KYIP

TRACK_TIME 1167737286
TRACK A20110117584162 A319 422200 710100 120 30 999 NONE NONE 300
	FP_ROUTE KBOS..KFLL

TRACK_TIME 1167737286
TRACK A20110117584164 A319 421200 832260 120 30 999 NONE NONE 360
	FP_ROUTE KDTW..KMSP

TRACK_TIME 1167737286
TRACK A20110117584167 B738 205500 1562400 120 30 999 NONE NONE 360
	FP_ROUTE KOGG..KSAN

TRACK_TIME 1167737286
TRACK A20110117584168 B738 295860 951800 120 30 999 NONE NONE 340
	FP_ROUTE KIAH..KSLC

TRACK_TIME 1167737286
TRACK A20110117584174 B738 472560 1221900 120 30 999 NONE NONE 360
	FP_ROUTE KSEA..KFAI

TRACK_TIME 1167737286
TRACK A20110117584175 CRJ2 304000 881360 120 30 999 NONE NONE 330
	FP_ROUTE KMOB..KCLT

TRACK_TIME 1167737286
TRACK A20110117584176 E135 420000 875100 120 30 999 NONE NONE 110
	FP_ROUTE KORD..KGRR

TRACK_TIME 1167737286
TRACK A20110117584182 CRJ2 333900 842200 120 30 999 NONE NONE 270
	FP_ROUTE KATL..KCAK

TRACK_TIME 1167737286
TRACK A20110117584187 E170 421300 832200 120 30 999 NONE NONE 310
	FP_ROUTE KDTW..KPHL

TRACK_TIME 1167737286
TRACK A20110117584188 AT72 325560 970400 120 30 999 NONE NONE 60
	FP_ROUTE KDFW..KLAW

TRACK_TIME 1167737286
TRACK A20110117584190 E170 395200 1043460 120 30 999 NONE NONE 350
	FP_ROUTE KDEN..KMCI

TRACK_TIME 1167737286
TRACK A20110117584199 B738 472560 1221900 120 30 999 NONE NONE 360
	FP_ROUTE KSEA..KANC

TRACK_TIME 1167737286
TRACK A20110117584206 B752 335560 1182700 120 30 999 NONE NONE 370
	FP_ROUTE KLAX..KJFK

TRACK_TIME 1167737286
TRACK A20110117584207 B738 472560 1221900 120 30 999 NONE NONE 390
	FP_ROUTE KSEA..KBUR

TRACK_TIME 1167737286
TRACK A20110117584208 A320 422260 710100 120 30 999 NONE NONE 380
	FP_ROUTE KBOS..KLAX

TRACK_TIME 1167737286
TRACK A20110117584216 B752 403460 734800 120 30 999 NONE NONE 380
	FP_ROUTE KJFK..KSFO

TRACK_TIME 1167737286
TRACK A20110117584217 E145 412400 815260 120 30 999 NONE NONE 250
	FP_ROUTE KCLE..KPHL

TRACK_TIME 1167737286
TRACK A20110117584221 E190 414360 712500 120 30 999 NONE NONE 200
	FP_ROUTE KPVD..KPHL

TRACK_TIME 1167737286
TRACK A20110117584223 B737 360700 1150900 120 30 999 NONE NONE 290
	FP_ROUTE KLAS..KPHX

TRACK_TIME 1167737286
TRACK A20110117584224 B737 341060 1182200 120 30 999 NONE NONE 330
	FP_ROUTE KBUR..KPHX

TRACK_TIME 1167737286
TRACK A20110117584226 B733 384360 901660 120 30 999 NONE NONE 350
	FP_ROUTE KSTL..KRDU

TRACK_TIME 1167737286
TRACK A20110117584227 B712 394300 861900 120 30 999 NONE NONE 360
	FP_ROUTE KIND..KATL

TRACK_TIME 1167737286
TRACK A20110117584237 BE20 360600 1150900 120 30 999 NONE NONE 250
	FP_ROUTE KLAS..KAVQ

TRACK_TIME 1167737286
TRACK A20110117584239 BE20 334660 843000 120 30 999 NONE NONE 250
	FP_ROUTE KFTY..KEYW

TRACK_TIME 1167737286
TRACK A20110117584248 B752 333760 842800 120 30 999 NONE NONE 280
	FP_ROUTE KATL..KJAX

TRACK_TIME 1167737286
TRACK A20110117584249 BE9L 273300 992800 120 30 999 NONE NONE 150
	FP_ROUTE KLRD..KSAT

TRACK_TIME 1167737286
TRACK A20110117584253 A320 360600 1150900 120 30 999 NONE NONE 350
	FP_ROUTE KLAS..KMSP

TRACK_TIME 1167737286
TRACK A20110117584260 BE20 244360 814600 120 30 999 NONE NONE 279
	FP_ROUTE KEYW..KFTY

TRACK_TIME 1167737286
TRACK A20110117584269 B733 274660 973100 120 30 999 NONE NONE 20
	FP_ROUTE KCRP..KHOU

TRACK_TIME 1167737286
TRACK A20110117584270 DH8C 395400 751360 120 30 999 NONE NONE 120
	FP_ROUTE KPHL..KITH

TRACK_TIME 1167737286
TRACK A20110117584275 B737 472560 1221800 120 30 999 NONE NONE 410
	FP_ROUTE KSEA..KPHX

TRACK_TIME 1167737286
TRACK A20110117584288 A320 385260 770300 120 30 999 NONE NONE 380
	FP_ROUTE KDCA..KMEM

TRACK_TIME 1167737286
TRACK A20110117584290 A320 350000 895860 120 30 999 NONE NONE 360
	FP_ROUTE KMEM..KLAS

TRACK_TIME 1167737286
TRACK A20110117584296 B733 325200 965260 120 30 999 NONE NONE 330
	FP_ROUTE KDAL..KTUL

TRACK_TIME 1167737286
TRACK A20110117584297 B733 361300 955260 120 30 999 NONE NONE 340
	FP_ROUTE KTUL..KDEN

TRACK_TIME 1167737286
TRACK A20110117584301 A321 422200 710100 120 30 999 NONE NONE 340
	FP_ROUTE KBOS..KCLT

TRACK_TIME 1167737286
TRACK A20110117584304 A320 420460 875400 120 30 999 NONE NONE 300
	FP_ROUTE KORD..KMSP

TRACK_TIME 1167737286
TRACK A20110117584306 B712 215860 1591900 120 30 999 NONE NONE 130
	FP_ROUTE KLIH..KHNL

TRACK_TIME 1167737286
TRACK A20110117584311 CRJ2 345860 895860 120 30 999 NONE NONE 320
	FP_ROUTE KMEM..KIAH

TRACK_TIME 1167737286
TRACK A20110117584314 A320 282400 811960 120 30 999 NONE NONE 360
	FP_ROUTE KMCO..KORD

TRACK_TIME 1167737286
TRACK A20110117584326 MD83 362260 822860 120 30 999 NONE NONE 240
	FP_ROUTE KTRI..KMCO

TRACK_TIME 1167737286
TRACK A20110117584328 E145 404300 740900 120 30 999 NONE NONE 180
	FP_ROUTE KEWR..KBWI

TRACK_TIME 1167737286
TRACK A20110117584335 E120 414500 1241660 120 30 999 NONE NONE 70
	FP_ROUTE KCEC..KACV

TRACK_TIME 1167737286
TRACK A20110117584341 DH8A 211900 1575700 120 30 999 NONE NONE 100
	FP_ROUTE KHNL..KLIH

TRACK_TIME 1167737286
TRACK A20110117584342 B752 325500 970300 120 30 999 NONE NONE 240
	FP_ROUTE KDFW..KEGE

TRACK_TIME 1167737286
TRACK A20110117584343 DH8D 332400 1041960 120 30 999 NONE NONE 250
	FP_ROUTE KROW..KORD

TRACK_TIME 1167737286
TRACK A20110117584346 B737 333900 1175260 120 30 999 NONE NONE 310
	FP_ROUTE KSNA..KPHX

TRACK_TIME 1167737286
TRACK A20110117584356 B734 611500 1500600 120 30 999 NONE NONE 310
	FP_ROUTE KANC..KJNU

TRACK_TIME 1167737286
TRACK A20110117584358 A319 334000 785560 120 30 999 NONE NONE 290
	FP_ROUTE KMYR..KACY

TRACK_TIME 1167737286
TRACK A20110117584359 A319 260460 800760 120 30 999 NONE NONE 370
	FP_ROUTE KFLL..KORD

TRACK_TIME 1167737286
TRACK A20110117584367 A319 260460 800700 120 30 999 NONE NONE 360
	FP_ROUTE KFLL..KLAX

TRACK_TIME 1167737286
TRACK A20110117584374 A319 260460 800760 120 30 999 NONE NONE 370
	FP_ROUTE KFLL..KLGA

TRACK_TIME 1167737286
TRACK A20110117584378 A319 421200 832260 120 30 999 NONE NONE 360
	FP_ROUTE KDTW..KLAX

TRACK_TIME 1167737286
TRACK A20110117584379 A319 260460 800700 120 30 999 NONE NONE 380
	FP_ROUTE KFLL..KLAS

TRACK_TIME 1167737286
TRACK A20110117584384 E120 645100 1474300 120 30 999 NONE NONE 280
	FP_ROUTE KFAI..KSCC

TRACK_TIME 1167737286
TRACK A20110117584385 E120 700760 1483600 120 30 999 NONE NONE 270
	FP_ROUTE KSCC..KFAI

TRACK_TIME 1167737286
TRACK A20110117584386 E120 644600 1475500 120 30 999 NONE NONE 270
	FP_ROUTE KFAI..KANC

TRACK_TIME 1167737286
TRACK A20110117584391 E135 360760 864060 120 30 999 NONE NONE 290
	FP_ROUTE KBNA..KORD

TRACK_TIME 1167737286
TRACK A20110117584392 E145 420100 874960 120 30 999 NONE NONE 370
	FP_ROUTE KORD..KABE

TRACK_TIME 1167737286
TRACK A20110117584393 AT72 325500 970400 120 30 999 NONE NONE 130
	FP_ROUTE KDFW..KCLL

TRACK_TIME 1167737286
TRACK A20110117584394 B733 395100 1044660 120 30 999 NONE NONE 339
	FP_ROUTE KDEN..KSLC

TRACK_TIME 1167737286
TRACK A20110117584397 E120 360600 1150900 120 30 999 NONE NONE 200
	FP_ROUTE KLAS..KPSP

TRACK_TIME 1167737286
TRACK A20110117584398 CRJ2 394900 1043900 120 30 999 NONE NONE 120
	FP_ROUTE KDEN..KCOS

TRACK_TIME 1167737286
TRACK A20110117584402 CRJ2 415800 875700 120 30 999 NONE NONE 320
	FP_ROUTE KORD..KOKC

TRACK_TIME 1167737286
TRACK A20110117584406 B734 611500 1501000 120 30 999 NONE NONE 340
	FP_ROUTE KANC..KOTZ

TRACK_TIME 1167737286
TRACK A20110117584410 E120 334960 1163100 120 30 999 NONE NONE 190
	FP_ROUTE KPSP..KLAS

TRACK_TIME 1167737286
TRACK A20110117584414 B734 664200 1624500 120 30 999 NONE NONE 280
	FP_ROUTE KOTZ..KOME

TRACK_TIME 1167737286
TRACK A20110117584417 CRJ2 352100 973600 120 30 999 NONE NONE 370
	FP_ROUTE KOKC..KORD

TRACK_TIME 1167737286
TRACK A20110117584418 CRJ2 415800 875100 120 30 999 NONE NONE 340
	FP_ROUTE KORD..KTUL

TRACK_TIME 1167737286
TRACK A20110117584419 CRJ1 303000 814000 120 30 999 NONE NONE 310
	FP_ROUTE KJAX..KDCA

TRACK_TIME 1167737286
TRACK A20110117584420 B734 642800 1650760 120 30 999 NONE NONE 350
	FP_ROUTE KOME..KANC

TRACK_TIME 1167737286
TRACK A20110117584431 CRJ2 394960 1044660 120 30 999 NONE NONE 340
	FP_ROUTE KDEN..KPSP

TRACK_TIME 1167737286
TRACK A20110117584434 A320 260460 800760 120 30 999 NONE NONE 210
	FP_ROUTE KFLL..KMCO

TRACK_TIME 1167737286
TRACK A20110117584435 A320 282400 811800 120 30 999 NONE NONE 350
	FP_ROUTE KMCO..KACY

TRACK_TIME 1167737286
TRACK A20110117584461 A320 421200 832200 120 30 999 NONE NONE 360
	FP_ROUTE KDTW..KMSP

TRACK_TIME 1167737286
TRACK A20110117584462 B737 404600 1115800 120 30 999 NONE NONE 390
	FP_ROUTE KSLC..KDEN

TRACK_TIME 1167737286
TRACK A20110117584471 E170 394800 1043900 120 30 999 NONE NONE 120
	FP_ROUTE KDEN..KCOS

TRACK_TIME 1167737286
TRACK A20110117584482 A320 403900 734900 120 30 999 NONE NONE 360
	FP_ROUTE KJFK..KFLL

TRACK_TIME 1167737286
TRACK A20110117584484 B733 320600 1105500 120 30 999 NONE NONE 320
	FP_ROUTE KTUS..KSAN

TRACK_TIME 1167737286
TRACK A20110117584503 CRJ9 374000 1222200 120 30 999 NONE NONE 370
	FP_ROUTE KSFO..KLAX

TRACK_TIME 1167737286
TRACK A20110117584507 B738 472500 1221900 120 30 999 NONE NONE 370
	FP_ROUTE KSEA..KDFW

TRACK_TIME 1167737286
TRACK A20110117584508 A320 373900 1222100 120 30 999 NONE NONE 380
	FP_ROUTE KSFO..KSEA

TRACK_TIME 1167737286
TRACK A20110117584511 CRJ2 415200 913760 120 30 999 NONE NONE 100
	FP_ROUTE KCID..KMSP

TRACK_TIME 1167737286
TRACK A20110117584514 B712 211900 1575700 120 30 999 NONE NONE 140
	FP_ROUTE KHNL..KLIH

TRACK_TIME 1167737286
TRACK A20110117584521 B739 373900 1222100 120 30 999 NONE NONE 350
	FP_ROUTE KSFO..KEWR

TRACK_TIME 1167737286
TRACK A20110117584524 B737 374300 1221360 120 30 999 NONE NONE 390
	FP_ROUTE KOAK..KSAN

TRACK_TIME 1167737286
TRACK A20110117584525 B737 324360 1171300 120 30 999 NONE NONE 410
	FP_ROUTE KSAN..KTUS

TRACK_TIME 1167737286
TRACK A20110117584526 B737 320600 1105560 120 30 999 NONE NONE 320
	FP_ROUTE KTUS..KLAS

TRACK_TIME 1167737286
TRACK A20110117584527 SF34 584500 1562700 120 30 999 NONE NONE 190
	FP_ROUTE KAKN..KANC

TRACK_TIME 1167737286
TRACK A20110117584529 B737 324500 1171360 120 30 999 NONE NONE 410
	FP_ROUTE KSAN..KDEN

TRACK_TIME 1167737286
TRACK A20110117584532 B737 324500 1171300 120 30 999 NONE NONE 400
	FP_ROUTE KSAN..KOAK

TRACK_TIME 1167737286
TRACK A20110117584533 BE20 364060 1012200 120 30 999 NONE NONE 230
	FP_ROUTE KGUY..KICT

TRACK_TIME 1167737286
TRACK A20110117584535 B738 333900 843000 120 30 999 NONE NONE 360
	FP_ROUTE KATL..KSMF

TRACK_TIME 1167737286
TRACK A20110117584541 E170 445260 931060 120 30 999 NONE NONE 360
	FP_ROUTE KMSP..KGTF

TRACK_TIME 1167737286
TRACK A20110117584542 B737 395100 1044360 120 30 999 NONE NONE 380
	FP_ROUTE KDEN..KSAN

TRACK_TIME 1167737286
TRACK A20110117584543 MD83 335560 1182800 120 30 999 NONE NONE 270
	FP_ROUTE KLAX..KLAS

TRACK_TIME 1167737286
TRACK A20110117584544 E145 325400 970300 120 30 999 NONE NONE 220
	FP_ROUTE KDFW..KABI

TRACK_TIME 1167737286
TRACK A20110117584546 MD82 415860 875200 120 30 999 NONE NONE 300
	FP_ROUTE KORD..KDFW

TRACK_TIME 1167737286
TRACK A20110117584551 B744 415800 875100 120 30 999 NONE NONE 340
	FP_ROUTE KORD..KDFW

TRACK_TIME 1167737286
TRACK A20110117584555 E170 433900 702100 120 30 999 NONE NONE 140
	FP_ROUTE KPWM..KPHL

TRACK_TIME 1167737286
TRACK A20110117584556 B737 374300 1221500 120 30 999 NONE NONE 410
	FP_ROUTE KOAK..KDEN

TRACK_TIME 1167737286
TRACK A20110117584557 B737 394900 1044500 120 30 999 NONE NONE 380
	FP_ROUTE KDEN..KLAS

TRACK_TIME 1167737286
TRACK A20110117584559 MD82 444960 931360 120 30 999 NONE NONE 260
	FP_ROUTE KMSP..KDFW

TRACK_TIME 1167737286
TRACK A20110117584560 B738 295560 952100 120 30 999 NONE NONE 340
	FP_ROUTE KIAH..KSMF

TRACK_TIME 1167737286
TRACK A20110117584562 B735 384060 1213460 120 30 999 NONE NONE 370
	FP_ROUTE KSMF..KSAN

TRACK_TIME 1167737286
TRACK A20110117584565 MD83 475560 971060 120 30 999 NONE NONE 320
	FP_ROUTE KGFK..KIWA

TRACK_TIME 1167737286
TRACK A20110117584566 E120 342560 1195200 120 30 999 NONE NONE 110
	FP_ROUTE KSBA..KLAX

TRACK_TIME 1167737286
TRACK A20110117584569 E145 325400 970300 120 30 999 NONE NONE 220
	FP_ROUTE KDFW..KABI

TRACK_TIME 1167737286
TRACK A20110117584579 B752 254800 801600 120 30 999 NONE NONE 360
	FP_ROUTE KMIA..KDFW

TRACK_TIME 1167737286
TRACK A20110117584580 B738 254800 801600 120 30 999 NONE NONE 380
	FP_ROUTE KMIA..KDEN

TRACK_TIME 1167737286
TRACK A20110117584595 B753 421200 832260 120 30 999 NONE NONE 340
	FP_ROUTE KDTW..KMSP

TRACK_TIME 1167737286
TRACK A20110117584596 FA50 331900 843300 120 30 999 NONE NONE 350
	FP_ROUTE KFFC..KESN

TRACK_TIME 1167737286
TRACK A20110117584598 B739 404300 740760 120 30 999 NONE NONE 340
	FP_ROUTE KEWR..KLAS

TRACK_TIME 1167737286
TRACK A20110117584605 B739 373760 1222100 120 30 999 NONE NONE 400
	FP_ROUTE KSFO..KSEA

TRACK_TIME 1167737286
TRACK A20110117584610 FA20 413700 871960 120 30 999 NONE NONE 170
	FP_ROUTE KGYY..KYIP

TRACK_TIME 1167737286
TRACK A20110117584611 FA20 421500 833100 120 30 999 NONE NONE 280
	FP_ROUTE KYIP..KMCW

TRACK_TIME 1167737286
TRACK A20110117584612 FA20 430700 932200 120 30 999 NONE NONE 280
	FP_ROUTE KMCW..KTUL

TRACK_TIME 1167737286
TRACK A20110117584614 A319 425500 875560 120 30 999 NONE NONE 380
	FP_ROUTE KMKE..KDEN

TRACK_TIME 1167737286
TRACK A20110117584615 E145 351200 1013700 120 30 999 NONE NONE 250
	FP_ROUTE KAMA..KDFW

TRACK_TIME 1167737286
TRACK A20110117584621 DH8A 211900 1575260 120 30 999 NONE NONE 70
	FP_ROUTE KHNL..KMKK

TRACK_TIME 1167737286
TRACK A20110117584623 B712 205500 1562400 120 30 999 NONE NONE 120
	FP_ROUTE KOGG..KHNL

TRACK_TIME 1167737286
TRACK A20110117584624 DH8A 204600 1565700 120 30 999 NONE NONE 80
	FP_ROUTE KLNY..KHNL

TRACK_TIME 1167737286
TRACK A20110117584625 SF34 332700 883700 120 30 999 NONE NONE 40
	FP_ROUTE KGTR..KMEM

TRACK_TIME 1167737286
TRACK A20110117584627 A319 444960 931000 120 30 999 NONE NONE 99
	FP_ROUTE KMSP..KORD

TRACK_TIME 1167737286
TRACK A20110117584631 B738 275560 823460 120 30 999 NONE NONE 360
	FP_ROUTE KTPA..KIAH

TRACK_TIME 1167737286
TRACK A20110117584635 B738 415860 875200 120 30 999 NONE NONE 370
	FP_ROUTE KORD..KFLL

TRACK_TIME 1167737286
TRACK A20110117584637 B752 183100 660000 120 30 999 NONE NONE 380
	FP_ROUTE KSJU..KJFK

TRACK_TIME 1167737286
TRACK A20110117584642 E145 412500 814800 120 30 999 NONE NONE 249
	FP_ROUTE KCLE..KIAD

TRACK_TIME 1167737286
TRACK A20110117584643 E145 402800 885260 120 30 999 NONE NONE 150
	FP_ROUTE KBMI..KSTL

TRACK_TIME 1167737286
TRACK A20110117584645 DH8A 594600 1512200 120 30 999 NONE NONE 100
	FP_ROUTE KHOM..KANC

TRACK_TIME 1167737286
TRACK A20110117584654 BE20 465400 964900 120 30 999 NONE NONE 230
	FP_ROUTE KFAR..KFSD

TRACK_TIME 1167737286
TRACK A20110117584667 B737 395100 1044500 120 30 999 NONE NONE 380
	FP_ROUTE KDEN..KOAK

TRACK_TIME 1167737286
TRACK A20110117584669 B737 414600 874500 120 30 999 NONE NONE 390
	FP_ROUTE KMDW..KBOS

TRACK_TIME 1167737286
TRACK A20110117584670 CRJ2 445260 931060 120 30 999 NONE NONE 210
	FP_ROUTE KMSP..KCWA

TRACK_TIME 1167737286
TRACK A20110117584675 C550 335500 841660 120 30 999 NONE NONE 250
	FP_ROUTE KPDK..KRDU

TRACK_TIME 1167737286
TRACK A20110117584678 C550 355400 784500 120 30 999 NONE NONE 40
	FP_ROUTE KRDU..KFAY

TRACK_TIME 1167737286
TRACK A20110117584681 E170 445500 931500 120 30 999 NONE NONE 270
	FP_ROUTE KMSP..KORD

TRACK_TIME 1167737286
TRACK A20110117584698 B737 391060 764300 120 30 999 NONE NONE 290
	FP_ROUTE KBWI..KALB

TRACK_TIME 1167737286
TRACK A20110117584699 B738 325500 970160 120 30 999 NONE NONE 390
	FP_ROUTE KDFW..KFLL

TRACK_TIME 1167737286
TRACK A20110117584702 A320 454960 1111900 120 30 999 NONE NONE 350
	FP_ROUTE KBZN..KDEN

TRACK_TIME 1167737286
TRACK A20110117584703 B733 293300 983000 120 30 999 NONE NONE 240
	FP_ROUTE KSAT..KELP

TRACK_TIME 1167737286
TRACK A20110117584706 B737 263000 814960 120 30 999 NONE NONE 410
	FP_ROUTE KRSW..KCMH

TRACK_TIME 1167737286
TRACK A20110117584709 B737 414800 874600 120 30 999 NONE NONE 409
	FP_ROUTE KMDW..KBWI

TRACK_TIME 1167737286
TRACK A20110117584711 MD82 362800 822560 120 30 999 NONE NONE 360
	FP_ROUTE KTRI..KPIE

TRACK_TIME 1167737286
TRACK A20110117584712 B752 360700 1150900 120 30 999 NONE NONE 350
	FP_ROUTE KLAS..KMSP

TRACK_TIME 1167737286
TRACK A20110117584719 A319 332560 1120160 120 30 999 NONE NONE 360
	FP_ROUTE KPHX..KSJC

TRACK_TIME 1167737286
TRACK A20110117584727 E170 320700 810900 120 30 999 NONE NONE 90
	FP_ROUTE KSAV..KCLT

TRACK_TIME 1167737286
TRACK A20110117584729 B737 394960 1044500 120 30 999 NONE NONE 400
	FP_ROUTE KDEN..KSAN

TRACK_TIME 1167737286
TRACK A20110117584730 CRJ2 350300 895860 120 30 999 NONE NONE 300
	FP_ROUTE KMEM..KSAT

TRACK_TIME 1167737286
TRACK A20110117584732 DH8A 420700 755700 120 30 999 NONE NONE 40
	FP_ROUTE KBGM..KPHL

TRACK_TIME 1167737286
TRACK A20110117584735 B712 205400 1562500 120 30 999 NONE NONE 120
	FP_ROUTE KOGG..KHNL

TRACK_TIME 1167737286
TRACK A20110117584740 CRJ9 404600 1120000 120 30 999 NONE NONE 350
	FP_ROUTE KSLC..KDFW

TRACK_TIME 1167737286
TRACK A20110117584742 CRJ2 394660 1043760 120 30 999 NONE NONE 320
	FP_ROUTE KDEN..KIDA

TRACK_TIME 1167737286
TRACK A20110117584744 B737 275860 823300 120 30 999 NONE NONE 390
	FP_ROUTE KTPA..KPVD

TRACK_TIME 1167737286
TRACK A20110117584745 A319 350300 895860 120 30 999 NONE NONE 390
	FP_ROUTE KMEM..KBWI

TRACK_TIME 1167737286
TRACK A20110117584746 CRJ2 394660 1043600 120 30 999 NONE NONE 350
	FP_ROUTE KDEN..KMKE

TRACK_TIME 1167737286
TRACK A20110117584751 B737 404500 730700 120 30 999 NONE NONE 380
	FP_ROUTE KISP..KTPA

TRACK_TIME 1167737286
TRACK A20110117584753 E190 394800 1043900 120 30 999 NONE NONE 380
	FP_ROUTE KDEN..KPHX

TRACK_TIME 1167737286
TRACK A20110117584754 CRJ2 351200 805700 120 30 999 NONE NONE 320
	FP_ROUTE KCLT..KXNA

TRACK_TIME 1167737286
TRACK A20110117584756 A320 395200 1043460 120 30 999 NONE NONE 350
	FP_ROUTE KDEN..KPHL

TRACK_TIME 1167737286
TRACK A20110117584757 C550 361360 1151300 120 30 999 NONE NONE 430
	FP_ROUTE KVGT..KPSC

TRACK_TIME 1167737286
TRACK A20110117584762 B737 390760 944200 120 30 999 NONE NONE 410
	FP_ROUTE KMCI..KTPA

TRACK_TIME 1167737286
TRACK A20110117584765 B752 325400 970160 120 30 999 NONE NONE 390
	FP_ROUTE KDFW..KMIA

TRACK_TIME 1167737286
TRACK A20110117584766 B738 445200 930700 120 30 999 NONE NONE 360
	FP_ROUTE KMSP..KLAS

TRACK_TIME 1167737286
TRACK A20110117584769 MD83 325500 970300 120 30 999 NONE NONE 180
	FP_ROUTE KDFW..KOKC

TRACK_TIME 1167737286
TRACK A20110117584770 B733 374300 1221500 120 30 999 NONE NONE 330
	FP_ROUTE KOAK..KONT

TRACK_TIME 1167737286
TRACK A20110117584771 E145 325500 970160 120 30 999 NONE NONE 310
	FP_ROUTE KDFW..KSGF

TRACK_TIME 1167737286
TRACK A20110117584773 B712 215860 1591900 120 30 999 NONE NONE 131
	FP_ROUTE KLIH..KHNL

TRACK_TIME 1167737286
TRACK A20110117584777 E190 395100 1044600 120 30 999 NONE NONE 380
	FP_ROUTE KDEN..KSBA

TRACK_TIME 1167737286
TRACK A20110117584779 B752 333760 842260 120 30 999 NONE NONE 410
	FP_ROUTE KATL..KRSW

TRACK_TIME 1167737286
TRACK A20110117584780 B733 453600 1223760 120 30 999 NONE NONE 370
	FP_ROUTE KPDX..KRNO

TRACK_TIME 1167737286
TRACK A20110117584781 B733 393400 1194660 120 30 999 NONE NONE 350
	FP_ROUTE KRNO..KLAX

TRACK_TIME 1167737286
TRACK A20110117584784 E145 325700 970160 120 30 999 NONE NONE 370
	FP_ROUTE KDFW..KGSP

TRACK_TIME 1167737286
TRACK A20110117584785 LJ35 360900 864200 120 30 999 NONE NONE 220
	FP_ROUTE KBNA..KMEM

TRACK_TIME 1167737286
TRACK A20110117584786 B712 445100 931360 120 30 999 NONE NONE 290
	FP_ROUTE KMSP..KMKE

TRACK_TIME 1167737286
TRACK A20110117584787 B712 333760 841960 120 30 999 NONE NONE 330
	FP_ROUTE KATL..KACY

TRACK_TIME 1167737286
TRACK A20110117584790 FA50 421500 715500 120 30 999 NONE NONE 340
	FP_ROUTE KORH..KPIE

TRACK_TIME 1167737286
TRACK A20110117584791 A332 211800 1575400 120 30 999 NONE NONE 400
	FP_ROUTE KHNL..KLAX

TRACK_TIME 1167737286
TRACK A20110117584793 MD82 332560 1120300 120 30 999 NONE NONE 270
	FP_ROUTE KPHX..KORD

TRACK_TIME 1167737286
TRACK A20110117584795 LJ45 354960 835800 120 30 999 NONE NONE 180
	FP_ROUTE KTYS..KCKV

TRACK_TIME 1167737286
TRACK A20110117584796 LJ45 363600 872500 120 30 999 NONE NONE 160
	FP_ROUTE KCKV..KJBR

TRACK_TIME 1167737286
TRACK A20110117584798 LJ45 354960 903900 120 30 999 NONE NONE 40
	FP_ROUTE KJBR..KLIT

TRACK_TIME 1167737286
TRACK A20110117584799 B712 275800 823300 120 30 999 NONE NONE 320
	FP_ROUTE KTPA..KATL

TRACK_TIME 1167737286
TRACK A20110117584802 LJ35 350400 895260 120 30 999 NONE NONE 230
	FP_ROUTE KMEM..KBNA

TRACK_TIME 1167737286
TRACK A20110117584803 A319 404500 735100 120 30 999 NONE NONE 220
	FP_ROUTE KLGA..KDCA

TRACK_TIME 1167737286
TRACK A20110117584807 B712 205400 1562500 120 30 999 NONE NONE 160
	FP_ROUTE KOGG..KHNL

TRACK_TIME 1167737286
TRACK A20110117584808 B738 254800 801900 120 30 999 NONE NONE 370
	FP_ROUTE KMIA..KRDU

TRACK_TIME 1167737286
TRACK A20110117584812 B737 472500 1221900 120 30 999 NONE NONE 390
	FP_ROUTE KSEA..KOAK

TRACK_TIME 1167737286
TRACK A20110117584816 CRJ2 443000 1090300 120 30 999 NONE NONE 310
	FP_ROUTE KCOD..KDEN

TRACK_TIME 1167737286
TRACK A20110117584818 B738 335560 1182560 120 30 999 NONE NONE 400
	FP_ROUTE KLAX..KSFO

TRACK_TIME 1167737286
TRACK A20110117584820 E145 420100 875560 120 30 999 NONE NONE 230
	FP_ROUTE KORD..KSAW

TRACK_TIME 1167737286
TRACK A20110117584821 B752 325400 970160 120 30 999 NONE NONE 410
	FP_ROUTE KDFW..KMCO

TRACK_TIME 1167737286
TRACK A20110117584824 CRJ2 351500 805560 120 30 999 NONE NONE 100
	FP_ROUTE KCLT..KCAE

TRACK_TIME 1167737286
TRACK A20110117584825 CRJ2 335560 810600 120 30 999 NONE NONE 110
	FP_ROUTE KCAE..KCLT

TRACK_TIME 1167737286
TRACK A20110117584834 CRJ2 404900 775400 120 30 999 NONE NONE 130
	FP_ROUTE KUNV..KPHL

TRACK_TIME 1167737286
TRACK A20110117584835 E135 415800 875200 120 30 999 NONE NONE 230
	FP_ROUTE KORD..KLEX

TRACK_TIME 1167737286
TRACK A20110117584840 MD82 325800 970400 120 30 999 NONE NONE 340
	FP_ROUTE KDFW..KBUR

TRACK_TIME 1167737286
TRACK A20110117584849 A319 445100 931300 120 30 999 NONE NONE 350
	FP_ROUTE KMSP..KTPA

TRACK_TIME 1167737286
TRACK A20110117584855 SF34 350100 895860 120 30 999 NONE NONE 80
	FP_ROUTE KMEM..KGLH

TRACK_TIME 1167737286
TRACK A20110117584857 MD82 325560 970300 120 30 999 NONE NONE 280
	FP_ROUTE KDFW..KRNO

TRACK_TIME 1167737286
TRACK A20110117584858 B738 295700 952100 120 30 999 NONE NONE 380
	FP_ROUTE KIAH..KLAX

TRACK_TIME 1167737286
TRACK A20110117584862 B752 445100 931360 120 30 999 NONE NONE 360
	FP_ROUTE KMSP..KLAS

TRACK_TIME 1167737286
TRACK A20110117584863 CRJ2 350300 895860 120 30 999 NONE NONE 300
	FP_ROUTE KMEM..KOKC

TRACK_TIME 1167737286
TRACK A20110117584865 E145 422200 705800 120 30 999 NONE NONE 320
	FP_ROUTE KBOS..KCLE

TRACK_TIME 1167737286
TRACK A20110117584868 CRJ2 394800 1043900 120 30 999 NONE NONE 120
	FP_ROUTE KDEN..KCOS

TRACK_TIME 1167737286
TRACK A20110117584870 MD82 422260 710100 120 30 999 NONE NONE 360
	FP_ROUTE KBOS..KDFW

TRACK_TIME 1167737286
TRACK A20110117584871 B752 325200 970300 120 30 999 NONE NONE 380
	FP_ROUTE KDFW..KSFO

TRACK_TIME 1167737286
TRACK A20110117584872 B735 293900 951800 120 30 999 NONE NONE 320
	FP_ROUTE KHOU..KHRL

TRACK_TIME 1167737286
TRACK A20110117584873 B772 373760 1222400 120 30 999 NONE NONE 360
	FP_ROUTE KSFO..KHNL

TRACK_TIME 1167737286
TRACK A20110117584874 E145 302100 842500 120 30 999 NONE NONE 350
	FP_ROUTE KTLH..KMIA

TRACK_TIME 1167737286
TRACK A20110117584876 E120 364660 1194500 120 30 999 NONE NONE 160
	FP_ROUTE KFAT..KFAT

TRACK_TIME 1167737286
TRACK A20110117584889 B738 472560 1221900 120 30 999 NONE NONE 350
	FP_ROUTE KSEA..KPHX

TRACK_TIME 1167737286
TRACK A20110117584895 E135 325500 970160 120 30 999 NONE NONE 290
	FP_ROUTE KDFW..KCSG

TRACK_TIME 1167737286
TRACK A20110117584900 CRJ9 332560 1120160 120 30 999 NONE NONE 280
	FP_ROUTE KPHX..KPSP

TRACK_TIME 1167737286
TRACK A20110117584902 E135 420160 874900 120 30 999 NONE NONE 370
	FP_ROUTE KORD..KAVP

TRACK_TIME 1167737286
TRACK A20110117584911 A319 394660 1043700 120 30 999 NONE NONE 390
	FP_ROUTE KDEN..KMCI

TRACK_TIME 1167737286
TRACK A20110117584914 E170 325800 800460 120 30 999 NONE NONE 310
	FP_ROUTE KCHS..KPHL

TRACK_TIME 1167737286
TRACK A20110117584915 E120 395100 1044660 120 30 999 NONE NONE 260
	FP_ROUTE KDEN..KRIW

TRACK_TIME 1167737286
TRACK A20110117584930 B733 360760 1150760 120 30 999 NONE NONE 290
	FP_ROUTE KLAS..KPHX

TRACK_TIME 1167737286
TRACK A20110117584932 E145 411900 955500 120 30 999 NONE NONE 250
	FP_ROUTE KOMA..KMKE

TRACK_TIME 1167737286
TRACK A20110117584936 B734 611300 1500900 120 30 999 NONE NONE 320
	FP_ROUTE KANC..KBET

TRACK_TIME 1167737286
TRACK A20110117584942 B752 335500 1182860 120 30 999 NONE NONE 370
	FP_ROUTE KLAX..KDEN

TRACK_TIME 1167737286
TRACK A20110117584944 B752 315200 1062200 120 30 999 NONE NONE 410
	FP_ROUTE KBIF..KJFK

TRACK_TIME 1167737286
TRACK A20110117584945 B712 194300 1550000 120 30 999 NONE NONE 160
	FP_ROUTE KITO..KHNL

TRACK_TIME 1167737286
TRACK A20110117584951 B737 360700 1150900 120 30 999 NONE NONE 370
	FP_ROUTE KLAS..KALB

TRACK_TIME 1167737286
TRACK A20110117584953 CRJ2 365560 761000 120 30 999 NONE NONE 190
	FP_ROUTE KORF..KPHL

TRACK_TIME 1167737286
TRACK A20110117584957 B738 254800 801360 120 30 999 NONE NONE 290
	FP_ROUTE KMIA..KBWI

TRACK_TIME 1167737286
TRACK A20110117584961 B737 335700 1182700 120 30 999 NONE NONE 410
	FP_ROUTE KLAX..KTUS

TRACK_TIME 1167737286
TRACK A20110117584963 CRJ2 335560 1182560 120 30 999 NONE NONE 330
	FP_ROUTE KLAX..KSLC

TRACK_TIME 1167737286
TRACK A20110117584968 BE9L 361360 862100 120 30 999 NONE NONE 159
	FP_ROUTE KM54..KLBL

TRACK_TIME 1167737286
TRACK A20110117584979 BE9L 370400 1010760 120 30 999 NONE NONE 190
	FP_ROUTE KLBL..KVGT

TRACK_TIME 1167737286
TRACK A20110117584980 E170 400000 825260 120 30 999 NONE NONE 310
	FP_ROUTE KCMH..KPHL

TRACK_TIME 1167737286
TRACK A20110117584985 CRJ2 324600 1171500 120 30 999 NONE NONE 100
	FP_ROUTE KSAN..KLAX

TRACK_TIME 1167737286
TRACK A20110117584987 CRJ9 374500 1221800 120 30 999 NONE NONE 370
	FP_ROUTE KOAK..KSLC

TRACK_TIME 1167737286
TRACK A20110117584994 B739 420000 875700 120 30 999 NONE NONE 340
	FP_ROUTE KORD..KSEA

TRACK_TIME 1167737286
TRACK A20110117584995 B752 254800 801600 120 30 999 NONE NONE 380
	FP_ROUTE KMIA..KDFW

TRACK_TIME 1167737286
TRACK A20110117584996 B737 360700 1150900 120 30 999 NONE NONE 340
	FP_ROUTE KLAS..KRNO

TRACK_TIME 1167737286
TRACK A20110117584997 E145 325560 970300 120 30 999 NONE NONE 270
	FP_ROUTE KDFW..KDSM

TRACK_TIME 1167737286
TRACK A20110117584998 MD83 332560 1120160 120 30 999 NONE NONE 330
	FP_ROUTE KPHX..KDFW

TRACK_TIME 1167737286
TRACK A20110117585008 B737 332560 1120160 120 30 999 NONE NONE 280
	FP_ROUTE KPHX..KLAS

TRACK_TIME 1167737286
TRACK A20110117585018 A320 260460 800760 120 30 999 NONE NONE 350
	FP_ROUTE KFLL..KACY

TRACK_TIME 1167737286
TRACK A20110117585025 MD82 325200 970300 120 30 999 NONE NONE 320
	FP_ROUTE KDFW..KLAS

TRACK_TIME 1167737286
TRACK A20110117585033 A319 394660 1043760 120 30 999 NONE NONE 370
	FP_ROUTE KDEN..KAUS

TRACK_TIME 1167737286
TRACK A20110117585043 C510 393600 1044960 120 30 999 NONE NONE 410
	FP_ROUTE KAPA..KAPA

TRACK_TIME 1167737286
TRACK A20110117585046 F2TH 424000 832100 120 30 999 NONE NONE 400
	FP_ROUTE KPTK..KSUA

TRACK_TIME 1167737286
TRACK A20110117585048 F2TH 271000 800900 120 30 999 NONE NONE 70
	FP_ROUTE KSUA..KMIA

TRACK_TIME 1167737286
TRACK A20110117585051 F2TH 254800 801900 120 30 999 NONE NONE 410
	FP_ROUTE KMIA..KAVL

TRACK_TIME 1167737286
TRACK A20110117585059 A320 445260 931000 120 30 999 NONE NONE 260
	FP_ROUTE KMSP..KORD

TRACK_TIME 1167737286
TRACK A20110117585062 B734 351500 805560 120 30 999 NONE NONE 290
	FP_ROUTE KCLT..KBWI

TRACK_TIME 1167737286
TRACK A20110117585066 E170 351360 805700 120 30 999 NONE NONE 280
	FP_ROUTE KCLT..KCMH

TRACK_TIME 1167737286
TRACK A20110117585069 CL60 295800 901600 120 30 999 NONE NONE 340
	FP_ROUTE KMSY..KSNA

TRACK_TIME 1167737286
TRACK A20110117585071 CL60 333760 1175260 120 30 999 NONE NONE 60
	FP_ROUTE KSNA..KONT

TRACK_TIME 1167737286
TRACK A20110117585072 B752 372260 1215800 120 30 999 NONE NONE 370
	FP_ROUTE KSJC..KDEN

TRACK_TIME 1167737286
TRACK A20110117585077 B738 415800 724360 120 30 999 NONE NONE 380
	FP_ROUTE KBDL..KDTW

TRACK_TIME 1167737286
TRACK A20110117585078 AT72 310300 974900 120 30 999 NONE NONE 60
	FP_ROUTE KGRK..KDFW

TRACK_TIME 1167737286
TRACK A20110117585079 B752 260460 800760 120 30 999 NONE NONE 390
	FP_ROUTE KFLL..KDTW

TRACK_TIME 1167737286
TRACK A20110117585089 B737 360700 1150900 120 30 999 NONE NONE 390
	FP_ROUTE KLAS..KABQ

TRACK_TIME 1167737286
TRACK A20110117585092 CRJ2 404600 1115800 120 30 999 NONE NONE 320
	FP_ROUTE KSLC..KSMF

TRACK_TIME 1167737286
TRACK A20110117585093 A320 373760 1222200 120 30 999 NONE NONE 310
	FP_ROUTE KSFO..KLAS

TRACK_TIME 1167737286
TRACK A20110117585097 B733 260460 800760 120 30 999 NONE NONE 370
	FP_ROUTE KFLL..KPVD

TRACK_TIME 1167737286
TRACK A20110117585099 MD83 314900 1062260 120 30 999 NONE NONE 250
	FP_ROUTE KELP..KDFW

TRACK_TIME 1167737286
TRACK A20110117585100 B712 220000 1591660 120 30 999 NONE NONE 130
	FP_ROUTE KLIH..KHNL

TRACK_TIME 1167737286
TRACK A20110117585101 B733 414500 712500 120 30 999 NONE NONE 240
	FP_ROUTE KPVD..KBWI

TRACK_TIME 1167737286
TRACK A20110117585104 E145 412500 815100 120 30 999 NONE NONE 240
	FP_ROUTE KCLE..KORD

TRACK_TIME 1167737286
TRACK A20110117585105 B733 390760 763760 120 30 999 NONE NONE 180
	FP_ROUTE KBWI..KRDU

TRACK_TIME 1167737286
TRACK A20110117585106 B733 384300 901600 120 30 999 NONE NONE 340
	FP_ROUTE KSTL..KDEN

TRACK_TIME 1167737286
TRACK A20110117585107 A320 333900 842860 120 30 999 NONE NONE 340
	FP_ROUTE KATL..KIND

TRACK_TIME 1167737286
TRACK A20110117585117 E135 403460 734900 120 30 999 NONE NONE 280
	FP_ROUTE KJFK..KRDU

TRACK_TIME 1167737286
TRACK A20110117585118 DH8D 472700 1221900 120 30 999 NONE NONE 190
	FP_ROUTE KSEA..KRDM

TRACK_TIME 1167737286
TRACK A20110117585121 DH8A 210700 1570600 120 30 999 NONE NONE 40
	FP_ROUTE KMKK..KHNL

TRACK_TIME 1167737286
TRACK A20110117585122 SF34 380900 782700 120 30 999 NONE NONE 70
	FP_ROUTE KCHO..KIAD

TRACK_TIME 1167737286
TRACK A20110117585123 CRJ2 421200 832260 120 30 999 NONE NONE 100
	FP_ROUTE KDTW..KMBS

TRACK_TIME 1167737286
TRACK A20110117585124 E145 360760 863900 120 30 999 NONE NONE 330
	FP_ROUTE KBNA..KEWR

TRACK_TIME 1167737286
TRACK A20110117585126 DH8A 401900 765100 120 30 999 NONE NONE 100
	FP_ROUTE KMDT..KLGA

TRACK_TIME 1167737286
TRACK A20110117585128 B737 360700 1150900 120 30 999 NONE NONE 370
	FP_ROUTE KLAS..KOMA

TRACK_TIME 1167737286
TRACK A20110117585129 E145 300760 920460 120 30 999 NONE NONE 200
	FP_ROUTE KLFT..KIAH

TRACK_TIME 1167737286
TRACK A20110117585131 E170 391300 944300 120 30 999 NONE NONE 350
	FP_ROUTE KMCI..KLGA

TRACK_TIME 1167737286
TRACK A20110117585137 DH8A 425560 712560 120 30 999 NONE NONE 100
	FP_ROUTE KMHT..KLGA

TRACK_TIME 1167737286
TRACK A20110117585140 A320 260460 800760 120 30 999 NONE NONE 370
	FP_ROUTE KFLL..KIAD

TRACK_TIME 1167737286
TRACK A20110117585144 B737 275700 823300 120 30 999 NONE NONE 410
	FP_ROUTE KTPA..KBWI

TRACK_TIME 1167737286
TRACK A20110117585151 DH8A 205500 1564300 120 30 999 NONE NONE 100
	FP_ROUTE KJHM..KHNL

TRACK_TIME 1167737286
TRACK A20110117585153 SF34 443900 732800 120 30 999 NONE NONE 110
	FP_ROUTE KPBG..KBOS

TRACK_TIME 1167737286
TRACK A20110117585161 SF34 295700 952200 120 30 999 NONE NONE 170
	FP_ROUTE KIAH..KMLU

TRACK_TIME 1167737286
TRACK A20110117585168 B733 333400 864500 120 30 999 NONE NONE 340
	FP_ROUTE KBHM..KDAL

TRACK_TIME 1167737286
TRACK A20110117585171 SF34 385260 770400 120 30 999 NONE NONE 120
	FP_ROUTE KDCA..KCRW

TRACK_TIME 1167737286
TRACK A20110117585173 CRJ2 334000 842100 120 30 999 NONE NONE 290
	FP_ROUTE KATL..KCLE

TRACK_TIME 1167737286
TRACK A20110117585175 B738 360700 1150900 120 30 999 NONE NONE 370
	FP_ROUTE KLAS..KDFW

TRACK_TIME 1167737286
TRACK A20110117585176 CRJ2 404960 735260 120 30 999 NONE NONE 320
	FP_ROUTE KLGA..KGSP

TRACK_TIME 1167737286
TRACK A20110117585181 CRJ9 403000 801800 120 30 999 NONE NONE 340
	FP_ROUTE KPIT..KATL

TRACK_TIME 1167737286
TRACK A20110117585187 B752 333900 843160 120 30 999 NONE NONE 360
	FP_ROUTE KATL..KLAS

TRACK_TIME 1167737286
TRACK A20110117585188 B733 425700 784300 120 30 999 NONE NONE 340
	FP_ROUTE KBUF..KTPA

TRACK_TIME 1167737286
TRACK A20110117585189 B733 275800 823300 120 30 999 NONE NONE 340
	FP_ROUTE KTPA..KMCI

TRACK_TIME 1167737286
TRACK A20110117585191 B737 293100 982800 120 30 999 NONE NONE 390
	FP_ROUTE KSAT..KEWR

TRACK_TIME 1167737286
TRACK A20110117585193 E190 351060 805860 120 30 999 NONE NONE 350
	FP_ROUTE KCLT..KJFK

TRACK_TIME 1167737286
TRACK A20110117585194 CRJ2 412100 815400 120 30 999 NONE NONE 300
	FP_ROUTE KCLE..KATL

TRACK_TIME 1167737286
TRACK A20110117585196 DH8D 441660 1210760 120 30 999 NONE NONE 140
	FP_ROUTE KRDM..KPDX

TRACK_TIME 1167737286
TRACK A20110117585198 E145 385800 773160 120 30 999 NONE NONE 210
	FP_ROUTE KIAD..KCLE

TRACK_TIME 1167737286
TRACK A20110117585202 E135 441600 880760 120 30 999 NONE NONE 110
	FP_ROUTE KGRB..KMKE

TRACK_TIME 1167737286
TRACK A20110117585203 E145 412100 815260 120 30 999 NONE NONE 270
	FP_ROUTE KCLE..KIAD

TRACK_TIME 1167737286
TRACK A20110117585206 E120 342560 1195200 120 30 999 NONE NONE 220
	FP_ROUTE KSBA..KSFO

TRACK_TIME 1167737286
TRACK A20110117585216 E120 363600 1215260 120 30 999 NONE NONE 60
	FP_ROUTE KMRY..KSFO

TRACK_TIME 1167737286
TRACK A20110117585223 E135 360700 864060 120 30 999 NONE NONE 320
	FP_ROUTE KBNA..KMKE

TRACK_TIME 1167737286
TRACK A20110117585224 E120 373900 1222200 120 30 999 NONE NONE 220
	FP_ROUTE KSFO..KRDD

TRACK_TIME 1167737286
TRACK A20110117585225 E120 403160 1221660 120 30 999 NONE NONE 210
	FP_ROUTE KRDD..KSFO

TRACK_TIME 1167737286
TRACK A20110117585230 F2TH 361060 801800 120 30 999 NONE NONE 400
	FP_ROUTE KINT..KFXE

TRACK_TIME 1167737286
TRACK A20110117585234 BE20 411060 1120160 120 30 999 NONE NONE 240
	FP_ROUTE KOGD..KHND

TRACK_TIME 1167737286
TRACK A20110117585239 A321 324500 1171360 120 30 999 NONE NONE 350
	FP_ROUTE KSAN..KCLT

TRACK_TIME 1167737286
TRACK A20110117585243 E120 335500 1182700 120 30 999 NONE NONE 32
	FP_ROUTE KLAX..KCRQ

TRACK_TIME 1167737286
TRACK A20110117585249 A319 421200 832100 120 30 999 NONE NONE 100
	FP_ROUTE KDTW..KLGA

TRACK_TIME 1167737286
TRACK A20110117585252 SW4 481000 1033700 120 30 999 NONE NONE 200
	FP_ROUTE KISN..KAPA

TRACK_TIME 1167737286
TRACK A20110117585265 B738 360700 1150900 120 30 999 NONE NONE 340
	FP_ROUTE KLAS..KSEA

TRACK_TIME 1167737286
TRACK A20110117585269 CRJ2 394960 894200 120 30 999 NONE NONE 149
	FP_ROUTE KSPI..KORD

TRACK_TIME 1167737286
TRACK A20110117585270 E190 403900 734960 120 30 999 NONE NONE 320
	FP_ROUTE KJFK..KCLT

TRACK_TIME 1167737286
TRACK A20110117585277 B762 390300 844060 120 30 999 NONE NONE 360
	FP_ROUTE KCVG..KDFW

TRACK_TIME 1167737286
TRACK A20110117585278 A320 415700 724200 120 30 999 NONE NONE 280
	FP_ROUTE KBDL..KIAD

TRACK_TIME 1167737286
TRACK A20110117585279 B762 325260 970300 120 30 999 NONE NONE 400
	FP_ROUTE KDFW..KELP

TRACK_TIME 1167737286
TRACK A20110117585281 B738 472560 1221800 120 30 999 NONE NONE 370
	FP_ROUTE KSEA..KEWR

TRACK_TIME 1167737286
TRACK A20110117585282 A320 385700 773000 120 30 999 NONE NONE 340
	FP_ROUTE KIAD..KSFO

TRACK_TIME 1167737286
TRACK A20110117585312 B738 293300 982700 120 30 999 NONE NONE 230
	FP_ROUTE KSAT..KIAH

TRACK_TIME 1167737286
TRACK A20110117585321 B752 373900 1222100 120 30 999 NONE NONE 350
	FP_ROUTE KSFO..KIAD

TRACK_TIME 1167737286
TRACK A20110117585324 A320 324500 1171300 120 30 999 NONE NONE 380
	FP_ROUTE KSAN..KSFO

TRACK_TIME 1167737286
TRACK A20110117585328 E145 425500 875400 120 30 999 NONE NONE 370
	FP_ROUTE KMKE..KBDL

TRACK_TIME 1167737286
TRACK A20110117585331 A320 415500 875500 120 30 999 NONE NONE 370
	FP_ROUTE KORD..KTPA

TRACK_TIME 1167737286
TRACK A20110117585332 CRJ2 362700 822560 120 30 999 NONE NONE 220
	FP_ROUTE KTRI..KATL

TRACK_TIME 1167737286
TRACK A20110117585335 A319 420000 874800 120 30 999 NONE NONE 390
	FP_ROUTE KORD..KLGA

TRACK_TIME 1167737286
TRACK A20110117585338 CRJ2 334000 842100 120 30 999 NONE NONE 280
	FP_ROUTE KATL..KJAN

TRACK_TIME 1167737286
TRACK A20110117585353 E145 371360 932260 120 30 999 NONE NONE 360
	FP_ROUTE KSGF..KDEN

TRACK_TIME 1167737286
TRACK A20110117585359 E135 355400 784660 120 30 999 NONE NONE 190
	FP_ROUTE KRDU..KDCA

TRACK_TIME 1167737286
TRACK A20110117585370 B752 404800 1115800 120 30 999 NONE NONE 350
	FP_ROUTE KSLC..KATL

TRACK_TIME 1167737286
TRACK A20110117585371 E135 335500 1183100 120 30 999 NONE NONE 100
	FP_ROUTE KLAX..KSBA

TRACK_TIME 1167737286
TRACK A20110117585373 E145 295560 951800 120 30 999 NONE NONE 250
	FP_ROUTE KIAH..KMOB

TRACK_TIME 1167737286
TRACK A20110117585374 CRJ2 361600 941800 120 30 999 NONE NONE 330
	FP_ROUTE KXNA..KCLT

TRACK_TIME 1167737286
TRACK A20110117585379 CRJ1 421060 832200 120 30 999 NONE NONE 310
	FP_ROUTE KDTW..KORF

TRACK_TIME 1167737286
TRACK A20110117585380 B738 412400 815260 120 30 999 NONE NONE 380
	FP_ROUTE KCLE..KIAH

TRACK_TIME 1167737286
TRACK A20110117585381 B738 404300 740900 120 30 999 NONE NONE 360
	FP_ROUTE KEWR..KFLL

TRACK_TIME 1167737286
TRACK A20110117585383 B735 332560 1115860 120 30 999 NONE NONE 260
	FP_ROUTE KPHX..KLAS

TRACK_TIME 1167737286
TRACK A20110117585386 E120 373900 1222200 120 30 999 NONE NONE 230
	FP_ROUTE KSFO..KSBP

TRACK_TIME 1167737286
TRACK A20110117585409 CRJ2 412200 815400 120 30 999 NONE NONE 300
	FP_ROUTE KCLE..KATL

TRACK_TIME 1167737286
TRACK A20110117585410 B737 360600 1150900 120 30 999 NONE NONE 280
	FP_ROUTE KLAS..KONT

TRACK_TIME 1167737286
TRACK A20110117585411 MD83 325200 970300 120 30 999 NONE NONE 280
	FP_ROUTE KDFW..KSFO

TRACK_TIME 1167737286
TRACK A20110117585412 CRJ1 384360 901500 120 30 999 NONE NONE 330
	FP_ROUTE KSTL..KRDU

TRACK_TIME 1167737286
TRACK A20110117585413 B735 332560 1120300 120 30 999 NONE NONE 350
	FP_ROUTE KPHX..KAUS

TRACK_TIME 1167737286
TRACK A20110117585414 B737 395400 1044360 120 30 999 NONE NONE 400
	FP_ROUTE KDEN..KLAS

TRACK_TIME 1167737286
TRACK A20110117585415 B735 300700 973700 120 30 999 NONE NONE 200
	FP_ROUTE KAUS..KDAL

TRACK_TIME 1167737286
TRACK A20110117585417 E145 402860 801200 120 30 999 NONE NONE 220
	FP_ROUTE KPIT..KCVG

TRACK_TIME 1167737286
TRACK A20110117585419 E145 325260 970160 120 30 999 NONE NONE 370
	FP_ROUTE KDFW..KEVV

TRACK_TIME 1167737286
TRACK A20110117585421 E145 295800 951960 120 30 999 NONE NONE 210
	FP_ROUTE KIAH..KBTR

TRACK_TIME 1167737286
TRACK A20110117585427 E170 421300 832200 120 30 999 NONE NONE 360
	FP_ROUTE KDTW..KDFW

TRACK_TIME 1167737286
TRACK A20110117585429 E145 295800 952100 120 30 999 NONE NONE 260
	FP_ROUTE KIAH..KOKC

TRACK_TIME 1167737286
TRACK A20110117585430 CRJ1 390300 844060 120 30 999 NONE NONE 220
	FP_ROUTE KCVG..KGRR

TRACK_TIME 1167737286
TRACK A20110117585437 F2TH 333900 1175260 120 30 999 NONE NONE 410
	FP_ROUTE KSNA..KTUL

TRACK_TIME 1167737286
TRACK A20110117585440 E145 394300 861660 120 30 999 NONE NONE 100
	FP_ROUTE KIND..KCLE

TRACK_TIME 1167737286
TRACK A20110117585445 E145 404300 740760 120 30 999 NONE NONE 180
	FP_ROUTE KEWR..KBWI

TRACK_TIME 1167737286
TRACK A20110117585450 E145 385260 772860 120 30 999 NONE NONE 240
	FP_ROUTE KIAD..KCVG

TRACK_TIME 1167737286
TRACK A20110117585451 B737 414660 874200 120 30 999 NONE NONE 410
	FP_ROUTE KMDW..KBWI

TRACK_TIME 1167737286
TRACK A20110117585452 A320 394500 861500 120 30 999 NONE NONE 350
	FP_ROUTE KIND..KATL

TRACK_TIME 1167737286
TRACK A20110117585453 A319 385200 770300 120 30 999 NONE NONE 210
	FP_ROUTE KDCA..KLGA

TRACK_TIME 1167737286
TRACK A20110117585454 CRJ2 395100 751960 120 30 999 NONE NONE 141
	FP_ROUTE KPHL..KUNV

TRACK_TIME 1167737286
TRACK A20110117585468 A320 373900 1222200 120 30 999 NONE NONE 370
	FP_ROUTE KSFO..KLAX

TRACK_TIME 1167737286
TRACK A20110117585470 A320 335700 1182800 120 30 999 NONE NONE 350
	FP_ROUTE KLAX..KFLL

TRACK_TIME 1167737286
TRACK A20110117585472 CRJ2 395200 751600 120 30 999 NONE NONE 200
	FP_ROUTE KPHL..KPHF

TRACK_TIME 1167737286
TRACK A20110117585474 B738 254800 801600 120 30 999 NONE NONE 360
	FP_ROUTE KMIA..KIAH

TRACK_TIME 1167737286
TRACK A20110117585501 E135 372400 1215800 120 30 999 NONE NONE 310
	FP_ROUTE KSJC..KLAX

TRACK_TIME 1167737286
TRACK A20110117585502 MD82 390760 944500 120 30 999 NONE NONE 109
	FP_ROUTE KMCI..KDFW

TRACK_TIME 1167737286
TRACK A20110117585515 B737 275800 823300 120 30 999 NONE NONE 380
	FP_ROUTE KTPA..KMDW

TRACK_TIME 1167737286
TRACK A20110117585518 A319 351060 805700 120 30 999 NONE NONE 300
	FP_ROUTE KCLT..KSYR

TRACK_TIME 1167737286
TRACK A20110117585520 CRJ2 351360 805560 120 30 999 NONE NONE 310
	FP_ROUTE KCLT..KLGA

TRACK_TIME 1167737286
TRACK A20110117585522 A320 324360 1171360 120 30 999 NONE NONE 249
	FP_ROUTE KSAN..KPHX

TRACK_TIME 1167737286
TRACK A20110117585527 E120 395100 1044500 120 30 999 NONE NONE 220
	FP_ROUTE KDEN..KRKS

TRACK_TIME 1167737286
TRACK A20110117585528 B732 215860 1591900 120 30 999 NONE NONE 150
	FP_ROUTE KLIH..KHNL

TRACK_TIME 1167737286
TRACK A20110117585529 SF34 461300 842700 120 30 999 NONE NONE 160
	FP_ROUTE KCIU..KDTW

TRACK_TIME 1167737286
TRACK A20110117585530 DH8C 430600 760600 120 30 999 NONE NONE 80
	FP_ROUTE KSYR..KPHL

TRACK_TIME 1167737286
TRACK A20110117585534 B737 414500 874660 120 30 999 NONE NONE 400
	FP_ROUTE KMDW..KDEN

TRACK_TIME 1167737286
TRACK A20110117585537 B735 404300 740900 120 30 999 NONE NONE 110
	FP_ROUTE KEWR..KBOS

TRACK_TIME 1167737286
TRACK A20110117585539 E145 425700 712500 120 30 999 NONE NONE 160
	FP_ROUTE KMHT..KEWR

TRACK_TIME 1167737286
TRACK A20110117585548 CRJ2 411660 955260 120 30 999 NONE NONE 330
	FP_ROUTE KOMA..KMKE

TRACK_TIME 1167737286
TRACK A20110117585549 A320 422100 710160 120 30 999 NONE NONE 160
	FP_ROUTE KBOS..KJFK

TRACK_TIME 1167737286
TRACK A20110117585552 B737 320760 811060 120 30 999 NONE NONE 220
	FP_ROUTE KSAV..KATL

TRACK_TIME 1167737286
TRACK A20110117585553 CRJ1 333900 842400 120 30 999 NONE NONE 140
	FP_ROUTE KATL..KCHA

TRACK_TIME 1167737286
TRACK A20110117585565 B752 422260 710100 120 30 999 NONE NONE 400
	FP_ROUTE KBOS..KDFW

TRACK_TIME 1167737286
TRACK A20110117585574 BE9L 374360 971360 120 30 999 NONE NONE 177
	FP_ROUTE KAAO..KLXN

TRACK_TIME 1167737286
TRACK A20110117585575 BE9L 404800 994660 120 30 999 NONE NONE 190
	FP_ROUTE KLXN..KOMA

TRACK_TIME 1167737286
TRACK A20110117585577 CRJ2 465100 921360 120 30 999 NONE NONE 160
	FP_ROUTE KDLH..KMSP

TRACK_TIME 1167737286
TRACK A20110117585580 A320 293100 982800 120 30 999 NONE NONE 380
	FP_ROUTE KSAT..KDEN

TRACK_TIME 1167737286
TRACK A20110117585583 A320 395100 1044600 120 30 999 NONE NONE 360
	FP_ROUTE KDEN..KPDX

TRACK_TIME 1167737286
TRACK A20110117585584 B735 412400 815260 120 30 999 NONE NONE 330
	FP_ROUTE KCLE..KEWR

TRACK_TIME 1167737286
TRACK A20110117585586 A320 175800 662700 120 30 999 NONE NONE 360
	FP_ROUTE KPSE..KMCO

TRACK_TIME 1167737286
TRACK A20110117585587 B733 275860 823300 120 30 999 NONE NONE 100
	FP_ROUTE KTPA..KPBI

TRACK_TIME 1167737286
TRACK A20110117585589 CRJ9 335100 1181060 120 30 999 NONE NONE 390
	FP_ROUTE KLGB..KSLC

TRACK_TIME 1167737286
TRACK A20110117585602 B712 205500 1562400 120 30 999 NONE NONE 120
	FP_ROUTE KOGG..KHNL

TRACK_TIME 1167737286
TRACK A20110117585609 B738 453600 1223760 120 30 999 NONE NONE 380
	FP_ROUTE KPDX..KANC

TRACK_TIME 1167737286
TRACK A20110117585619 CRJ2 385260 770400 120 30 999 NONE NONE 110
	FP_ROUTE KDCA..KPHL

TRACK_TIME 1167737286
TRACK A20110117585627 A320 263700 814200 120 30 999 NONE NONE 369
	FP_ROUTE KRSW..KPHL

TRACK_TIME 1167737286
TRACK A20110117585638 B752 373760 1222200 120 30 999 NONE NONE 370
	FP_ROUTE KSFO..KJFK

TRACK_TIME 1167737286
TRACK A20110117585639 E120 373760 1222200 120 30 999 NONE NONE 250
	FP_ROUTE KSFO..KSBA

TRACK_TIME 1167737286
TRACK A20110117585640 E120 342560 1195200 120 30 999 NONE NONE 239
	FP_ROUTE KSBA..KSFO

TRACK_TIME 1167737286
TRACK A20110117585644 B752 385560 773160 120 30 999 NONE NONE 400
	FP_ROUTE KIAD..KLAX

TRACK_TIME 1167737286
TRACK A20110117585646 E145 274500 973000 120 30 999 NONE NONE 170
	FP_ROUTE KCRP..KIAH

TRACK_TIME 1167737286
TRACK A20110117585647 B738 360600 1150900 120 30 999 NONE NONE 370
	FP_ROUTE KLAS..KIAH

TRACK_TIME 1167737286
TRACK A20110117585650 B737 352260 973600 120 30 999 NONE NONE 250
	FP_ROUTE KOKC..KHOU

TRACK_TIME 1167737286
TRACK A20110117585652 B737 332560 1120160 120 30 999 NONE NONE 390
	FP_ROUTE KPHX..KMSY

TRACK_TIME 1167737286
TRACK A20110117585657 MD83 415500 875200 120 30 999 NONE NONE 330
	FP_ROUTE KORD..KLGA

TRACK_TIME 1167737286
TRACK A20110117585658 E145 261500 974000 120 30 999 NONE NONE 250
	FP_ROUTE KHRL..KIAH

TRACK_TIME 1167737286
TRACK A20110117585661 B712 391000 764360 120 30 999 NONE NONE 340
	FP_ROUTE KBWI..KATL

TRACK_TIME 1167737286
TRACK A20110117585662 A319 373760 1222200 120 30 999 NONE NONE 330
	FP_ROUTE KSFO..KLAX

TRACK_TIME 1167737286
TRACK A20110117585663 E170 394300 861600 120 30 999 NONE NONE 330
	FP_ROUTE KIND..KEWR

TRACK_TIME 1167737286
TRACK A20110117585671 E145 274660 973100 120 30 999 NONE NONE 170
	FP_ROUTE KCRP..KIAH

TRACK_TIME 1167737286
TRACK A20110117585674 E145 315700 1021200 120 30 999 NONE NONE 310
	FP_ROUTE KMAF..KIAH

TRACK_TIME 1167737286
TRACK A20110117585675 CRJ2 342560 1195200 120 30 999 NONE NONE 310
	FP_ROUTE KSBA..KPHX

TRACK_TIME 1167737286
TRACK A20110117585678 C560 334060 1120300 120 30 999 NONE NONE 310
	FP_ROUTE KDVT..KAPA

TRACK_TIME 1167737286
TRACK A20110117585681 E120 330700 1171960 120 30 999 NONE NONE 81
	FP_ROUTE KCRQ..KLAX

TRACK_TIME 1167737286
TRACK A20110117585684 C550 194500 1560300 120 30 999 NONE NONE 100
	FP_ROUTE KKOA..KOGG

TRACK_TIME 1167737286
TRACK A20110117585687 E135 385200 770300 120 30 999 NONE NONE 220
	FP_ROUTE KDCA..KRDU

TRACK_TIME 1167737286
TRACK A20110117585689 B737 332560 1120300 120 30 999 NONE NONE 370
	FP_ROUTE KPHX..KTPA

TRACK_TIME 1167737286
TRACK A20110117585692 E135 355100 835800 120 30 999 NONE NONE 360
	FP_ROUTE KTYS..KDFW

TRACK_TIME 1167737286
TRACK A20110117585693 C750 332560 1120300 120 30 999 NONE NONE 450
	FP_ROUTE KPHX..KATL

TRACK_TIME 1167737286
TRACK A20110117585702 A320 403760 735200 120 30 999 NONE NONE 340
	FP_ROUTE KJFK..KLGB

TRACK_TIME 1167737286
TRACK A20110117585710 LJ45 373700 972800 120 30 999 NONE NONE 330
	FP_ROUTE KICT..KFOD

TRACK_TIME 1167737286
TRACK A20110117585711 LJ45 423300 941060 120 30 999 NONE NONE 400
	FP_ROUTE KFOD..KICT

TRACK_TIME 1167737286
TRACK A20110117585717 CRJ2 311800 852700 120 30 999 NONE NONE 170
	FP_ROUTE KDHN..KATL

TRACK_TIME 1167737286
TRACK A20110117585719 E170 395200 751360 120 30 999 NONE NONE 230
	FP_ROUTE KPHL..KPVD

TRACK_TIME 1167737286
TRACK A20110117585720 E190 395260 751200 120 30 999 NONE NONE 340
	FP_ROUTE KPHL..KDFW

TRACK_TIME 1167737286
TRACK A20110117585721 B752 333700 842100 120 30 999 NONE NONE 350
	FP_ROUTE KATL..KSJU

TRACK_TIME 1167737286
TRACK A20110117585731 CRJ9 411660 955260 120 30 999 NONE NONE 350
	FP_ROUTE KOMA..KATL

TRACK_TIME 1167737286
TRACK A20110117585737 E120 330700 1171800 120 30 999 NONE NONE 80
	FP_ROUTE KCRQ..KLAX

TRACK_TIME 1167737286
TRACK A20110117585740 E145 335800 811000 120 30 999 NONE NONE 310
	FP_ROUTE KCAE..KLGA

TRACK_TIME 1167737286
TRACK A20110117585746 B737 424600 734800 120 30 999 NONE NONE 280
	FP_ROUTE KALB..KBWI

TRACK_TIME 1167737286
TRACK A20110117585747 A320 282560 811800 120 30 999 NONE NONE 340
	FP_ROUTE KMCO..KMEM

TRACK_TIME 1167737286
TRACK A20110117585748 B712 392800 743600 120 30 999 NONE NONE 340
	FP_ROUTE KACY..KATL

TRACK_TIME 1167737286
TRACK A20110117585756 A320 421000 832200 120 30 999 NONE NONE 390
	FP_ROUTE KDTW..KCLT

TRACK_TIME 1167737286
TRACK A20110117585766 B734 611660 1500160 120 30 999 NONE NONE 310
	FP_ROUTE KANC..KSEA

TRACK_TIME 1167737286
TRACK A20110117585767 C550 390460 943700 120 30 999 NONE NONE 390
	FP_ROUTE KMKC..KMSY

TRACK_TIME 1167737286
TRACK A20110117585780 B737 395500 1044060 120 30 999 NONE NONE 400
	FP_ROUTE KDEN..KSEA

TRACK_TIME 1167737286
TRACK A20110117585787 A320 422200 705560 120 30 999 NONE NONE 160
	FP_ROUTE KBOS..KJFK

TRACK_TIME 1167737286
TRACK A20110117585788 B737 390760 763900 120 30 999 NONE NONE 380
	FP_ROUTE KBWI..KFLL

TRACK_TIME 1167737286
TRACK A20110117585789 E135 404000 734360 120 30 999 NONE NONE 110
	FP_ROUTE KJFK..KBOS

TRACK_TIME 1167737286
TRACK A20110117585793 B733 293900 951800 120 30 999 NONE NONE 370
	FP_ROUTE KHOU..KTUL

TRACK_TIME 1167737286
TRACK A20110117585798 CRJ2 425560 875560 120 30 999 NONE NONE 300
	FP_ROUTE KMKE..KOMA

TRACK_TIME 1167737286
TRACK A20110117585804 B733 404900 1115860 120 30 999 NONE NONE 330
	FP_ROUTE KSLC..KDEN

TRACK_TIME 1167737286
TRACK A20110117585805 B733 395500 1044060 120 30 999 NONE NONE 330
	FP_ROUTE KDEN..KMCO

TRACK_TIME 1167737286
TRACK A20110117585806 B733 332560 1120300 120 30 999 NONE NONE 340
	FP_ROUTE KPHX..KSLC

TRACK_TIME 1167737286
TRACK A20110117585808 B763 211800 1575400 120 30 999 NONE NONE 350
	FP_ROUTE KHNL..KDEN

TRACK_TIME 1167737286
TRACK A20110117585813 B738 385260 770400 120 30 999 NONE NONE 380
	FP_ROUTE KDCA..KIAH

TRACK_TIME 1167737286
TRACK A20110117585816 DH8C 370760 762860 120 30 999 NONE NONE 160
	FP_ROUTE KPHF..KCLT

TRACK_TIME 1167737286
TRACK A20110117585817 CRJ1 380100 873400 120 30 999 NONE NONE 230
	FP_ROUTE KEVV..KDTW

TRACK_TIME 1167737286
TRACK A20110117585819 B739 324360 1171360 120 30 999 NONE NONE 350
	FP_ROUTE KSAN..KIAH

TRACK_TIME 1167737286
TRACK A20110117585821 A320 280000 823300 120 30 999 NONE NONE 370
	FP_ROUTE KTPA..KDTW

TRACK_TIME 1167737286
TRACK A20110117585823 A320 403900 734960 120 30 999 NONE NONE 360
	FP_ROUTE KJFK..KMCO

TRACK_TIME 1167737286
TRACK A20110117585825 MD83 335100 1181300 120 30 999 NONE NONE 310
	FP_ROUTE KLGB..KIDA

TRACK_TIME 1167737286
TRACK A20110117585826 B712 425500 875400 120 30 999 NONE NONE 350
	FP_ROUTE KMKE..KATL

TRACK_TIME 1167737286
TRACK A20110117585829 E190 404960 1115860 120 30 999 NONE NONE 330
	FP_ROUTE KSLC..KDEN

TRACK_TIME 1167737286
TRACK A20110117585830 A319 404800 735100 120 30 999 NONE NONE 380
	FP_ROUTE KLGA..KMKE

TRACK_TIME 1167737286
TRACK A20110117585831 E170 385260 770400 120 30 999 NONE NONE 360
	FP_ROUTE KDCA..KCHS

TRACK_TIME 1167737286
TRACK A20110117585832 A320 332560 1115860 120 30 999 NONE NONE 350
	FP_ROUTE KPHX..KJFK

TRACK_TIME 1167737286
TRACK A20110117585833 B737 394800 1043460 120 30 999 NONE NONE 370
	FP_ROUTE KDEN..KSTL

TRACK_TIME 1167737286
TRACK A20110117585834 CRJ2 371300 932200 120 30 999 NONE NONE 60
	FP_ROUTE KSGF..KMEM

TRACK_TIME 1167737286
TRACK A20110117585837 B738 293100 982800 120 30 999 NONE NONE 230
	FP_ROUTE KSAT..KIAH

TRACK_TIME 1167737286
TRACK A20110117585840 CRJ2 302400 841300 120 30 999 NONE NONE 290
	FP_ROUTE KTLH..KCLT

TRACK_TIME 1167737286
TRACK A20110117585842 B752 415560 875500 120 30 999 NONE NONE 390
	FP_ROUTE KORD..KATL

TRACK_TIME 1167737286
TRACK A20110117585846 B752 333700 841960 120 30 999 NONE NONE 350
	FP_ROUTE KATL..KMCO

TRACK_TIME 1167737286
TRACK A20110117585848 CRJ9 334000 841960 120 30 999 NONE NONE 360
	FP_ROUTE KATL..KICT

TRACK_TIME 1167737286
TRACK A20110117585860 B735 404500 740700 120 30 999 NONE NONE 210
	FP_ROUTE KEWR..KBOS

TRACK_TIME 1167737286
TRACK A20110117585868 A320 384000 1213600 120 30 999 NONE NONE 370
	FP_ROUTE KSMF..KDEN

TRACK_TIME 1167737286
TRACK A20110117585871 CRJ2 333900 842400 120 30 999 NONE NONE 280
	FP_ROUTE KATL..KEVV

TRACK_TIME 1167737286
TRACK A20110117585872 CRJ2 375860 873160 120 30 999 NONE NONE 250
	FP_ROUTE KEVV..KATL

TRACK_TIME 1167737286
TRACK A20110117585873 B753 335500 1182860 120 30 999 NONE NONE 330
	FP_ROUTE KLAX..KIAH

TRACK_TIME 1167737286
TRACK A20110117585878 CRJ9 263160 814960 120 30 999 NONE NONE 360
	FP_ROUTE KRSW..KMEM

TRACK_TIME 1167737286
TRACK A20110117585879 A320 333900 842200 120 30 999 NONE NONE 370
	FP_ROUTE KATL..KPIT

TRACK_TIME 1167737286
TRACK A20110117585881 LJ35 371660 795700 120 30 999 NONE NONE 100
	FP_ROUTE KROA..KCHO

TRACK_TIME 1167737286
TRACK A20110117585882 LJ35 381060 782560 120 30 999 NONE NONE 70
	FP_ROUTE KCHO..KRIC

TRACK_TIME 1167737286
TRACK A20110117585884 C750 281660 812560 120 30 999 NONE NONE 410
	FP_ROUTE KISM..KMDW

TRACK_TIME 1167737286
TRACK A20110117585889 E145 255260 972400 120 30 999 NONE NONE 270
	FP_ROUTE KBRO..KIAH

TRACK_TIME 1167737286
TRACK A20110117585890 BE9L 411800 955400 120 30 999 NONE NONE 200
	FP_ROUTE KOMA..KAAO

TRACK_TIME 1167737286
TRACK A20110117585893 B732 211900 1575400 120 30 999 NONE NONE 150
	FP_ROUTE KHNL..KOGG

TRACK_TIME 1167737286
TRACK A20110117585897 B738 205500 1562400 120 30 999 NONE NONE 350
	FP_ROUTE KOGG..KLAX

TRACK_TIME 1167737286
TRACK A20110117585904 B763 333900 842200 120 30 999 NONE NONE 360
	FP_ROUTE KATL..KLAS

TRACK_TIME 1167737286
TRACK A20110117585918 MD82 261000 981360 120 30 999 NONE NONE 350
	FP_ROUTE KMFE..KDFW

TRACK_TIME 1167737286
TRACK A20110117585919 MD82 325500 970160 120 30 999 NONE NONE 350
	FP_ROUTE KDFW..KLGA

TRACK_TIME 1167737286
TRACK A20110117585920 CRJ2 350300 1063460 120 30 999 NONE NONE 290
	FP_ROUTE KABQ..KDEN

TRACK_TIME 1167737286
TRACK A20110117585921 B737 390900 763900 120 30 999 NONE NONE 190
	FP_ROUTE KBWI..KLGA

TRACK_TIME 1167737286
TRACK A20110117585922 E120 404900 1154900 120 30 999 NONE NONE 250
	FP_ROUTE KEKO..KSLC

TRACK_TIME 1167737286
TRACK A20110117585929 A320 351060 805700 120 30 999 NONE NONE 300
	FP_ROUTE KCLT..KLAS

TRACK_TIME 1167737286
TRACK A20110117585938 BE9L 352800 1084360 120 30 999 NONE NONE 170
	FP_ROUTE KGUP..KABQ

TRACK_TIME 1167737286
TRACK A20110117585939 B737 404800 735200 120 30 999 NONE NONE 380
	FP_ROUTE KLGA..KMDW

TRACK_TIME 1167737286
TRACK A20110117585940 CRJ2 335500 810460 120 30 999 NONE NONE 220
	FP_ROUTE KCAE..KATL

TRACK_TIME 1167737286
TRACK A20110117585941 B737 355260 784600 120 30 999 NONE NONE 230
	FP_ROUTE KRDU..KBWI

TRACK_TIME 1167737286
TRACK A20110117585949 CRJ2 394660 1043900 120 30 999 NONE NONE 350
	FP_ROUTE KDEN..KBIS

TRACK_TIME 1167737286
TRACK A20110117585952 CRJ2 394660 1043700 120 30 999 NONE NONE 340
	FP_ROUTE KDEN..KBOI

TRACK_TIME 1167737286
TRACK A20110117585957 MD83 350460 895860 120 30 999 NONE NONE 300
	FP_ROUTE KMEM..KDFW

TRACK_TIME 1167737286
TRACK A20110117585958 MD83 325560 970300 120 30 999 NONE NONE 300
	FP_ROUTE KDFW..KONT

TRACK_TIME 1167737286
TRACK A20110117585965 CRJ2 404600 1115800 120 30 999 NONE NONE 260
	FP_ROUTE KSLC..KDXZ

TRACK_TIME 1167737286
TRACK A20110117585971 CRJ2 341900 775200 120 30 999 NONE NONE 280
	FP_ROUTE KILM..KATL

TRACK_TIME 1167737286
TRACK A20110117585978 E120 373760 1222200 120 30 999 NONE NONE 261
	FP_ROUTE KSFO..KACV

TRACK_TIME 1167737286
TRACK A20110117585986 CRJ2 421060 832260 120 30 999 NONE NONE 200
	FP_ROUTE KDTW..KIND

TRACK_TIME 1167737286
TRACK A20110117585989 CRJ9 350000 895860 120 30 999 NONE NONE 330
	FP_ROUTE KMEM..KBWI

TRACK_TIME 1167737286
TRACK A20110117585992 B763 380300 854600 120 30 999 NONE NONE 360
	FP_ROUTE KSDF..KLAX

TRACK_TIME 1167737286
TRACK A20110117585996 CRJ2 465500 964900 120 30 999 NONE NONE 360
	FP_ROUTE KFAR..KDEN

TRACK_TIME 1167737286
TRACK A20110117586001 B744 612200 1494960 120 30 999 NONE NONE 370
	FP_ROUTE KANC..KORD

TRACK_TIME 1167737286
TRACK A20110117586004 CRJ2 333760 842260 120 30 999 NONE NONE 270
	FP_ROUTE KATL..KMYR

TRACK_TIME 1167737286
TRACK A20110117586014 CRJ2 334200 785560 120 30 999 NONE NONE 260
	FP_ROUTE KMYR..KATL

TRACK_TIME 1167737286
TRACK A20110117586016 BE9L 375700 1075400 120 30 999 NONE NONE 250
	FP_ROUTE KTEX..KADS

TRACK_TIME 1167737286
TRACK A20110117586017 E145 420160 875560 120 30 999 NONE NONE 120
	FP_ROUTE KORD..KMSN

TRACK_TIME 1167737286
TRACK A20110117586018 E145 325500 970300 120 30 999 NONE NONE 340
	FP_ROUTE KDFW..KMAF

TRACK_TIME 1167737286
TRACK A20110117586019 E145 315560 1020760 120 30 999 NONE NONE 180
	FP_ROUTE KMAF..KLBB

TRACK_TIME 1167737286
TRACK A20110117586039 DH8A 322800 804300 120 30 999 NONE NONE 101
	FP_ROUTE KHXD..KCLT

TRACK_TIME 1167737286
TRACK A20110117586040 A320 445100 931200 120 30 999 NONE NONE 290
	FP_ROUTE KMSP..KORD

TRACK_TIME 1167737286
TRACK A20110117586050 F2TH 342800 1164000 120 30 999 NONE NONE 200
	FP_ROUTE KLAS..KLAX

TRACK_TIME 1167737286
TRACK A20110117586054 B737 293760 951600 120 30 999 NONE NONE 390
	FP_ROUTE KHOU..KTUL

TRACK_TIME 1167737286
TRACK A20110117586055 DH8A 351200 805500 120 30 999 NONE NONE 90
	FP_ROUTE KCLT..KCHO

TRACK_TIME 1167737286
TRACK A20110117586068 A320 374300 1221500 120 30 999 NONE NONE 370
	FP_ROUTE KOAK..KIAD

TRACK_TIME 1167737286
TRACK A20110117586093 MD82 360900 864000 120 30 999 NONE NONE 260
	FP_ROUTE KBNA..KDFW

TRACK_TIME 1167737286
TRACK A20110117586094 MD82 325500 970160 120 30 999 NONE NONE 220
	FP_ROUTE KDFW..KAUS

TRACK_TIME 1167737286
TRACK A20110117586103 B752 395260 1043600 120 30 999 NONE NONE 370
	FP_ROUTE KDEN..KORD

TRACK_TIME 1167737286
TRACK A20110117586108 A320 360700 1150900 120 30 999 NONE NONE 350
	FP_ROUTE KLAS..KORD

TRACK_TIME 1167737286
TRACK A20110117586124 B737 333760 1175260 120 30 999 NONE NONE 370
	FP_ROUTE KSNA..KEWR

TRACK_TIME 1167737286
TRACK A20110117586127 E170 415560 875560 120 30 999 NONE NONE 330
	FP_ROUTE KORD..KMIA

TRACK_TIME 1167737286
TRACK A20110117586129 CRJ2 430600 774200 120 30 999 NONE NONE 130
	FP_ROUTE KROC..KIAD

TRACK_TIME 1167737286
TRACK A20110117586130 B752 385400 772800 120 30 999 NONE NONE 360
	FP_ROUTE KIAD..KSFO

TRACK_TIME 1167737286
TRACK A20110117586131 E170 254660 801900 120 30 999 NONE NONE 340
	FP_ROUTE KMIA..KORD

TRACK_TIME 1167737286
TRACK A20110117586134 MD83 481500 1012860 120 30 999 NONE NONE 320
	FP_ROUTE KMOT..KLAS

TRACK_TIME 1167737286
TRACK A20110117586137 B712 430600 774200 120 30 999 NONE NONE 320
	FP_ROUTE KROC..KATL

TRACK_TIME 1167737286
TRACK A20110117586138 SF34 421300 832200 120 30 999 NONE NONE 161
	FP_ROUTE KDTW..KCWA

TRACK_TIME 1167737286
TRACK A20110117586161 C750 282500 811900 120 30 999 NONE NONE 410
	FP_ROUTE KMCO..KHPN

TRACK_TIME 1167737286
TRACK A20110117586162 A320 390160 844000 120 30 999 NONE NONE 390
	FP_ROUTE KCVG..KATL

TRACK_TIME 1167737286
TRACK A20110117586170 MD82 335100 1163160 120 30 999 NONE NONE 330
	FP_ROUTE KPSP..KDFW

TRACK_TIME 1167737286
TRACK A20110117586171 CRJ2 332700 820000 120 30 999 NONE NONE 120
	FP_ROUTE KAGS..KATL

TRACK_TIME 1167737286
TRACK A20110117586172 E145 302700 871060 120 30 999 NONE NONE 360
	FP_ROUTE KPNS..KDFW

TRACK_TIME 1167737286
TRACK A20110117586174 B752 182800 655860 120 30 999 NONE NONE 340
	FP_ROUTE KSJU..KMIA

TRACK_TIME 1167737286
TRACK A20110117586178 SF34 385700 773100 120 30 999 NONE NONE 150
	FP_ROUTE KIAD..KABE

TRACK_TIME 1167737286
TRACK A20110117586179 E170 395200 751660 120 30 999 NONE NONE 320
	FP_ROUTE KPHL..KCMH

TRACK_TIME 1167737286
TRACK A20110117586180 B752 333900 842260 120 30 999 NONE NONE 380
	FP_ROUTE KATL..KLAX

TRACK_TIME 1167737286
TRACK A20110117586190 A320 373900 1222200 120 30 999 NONE NONE 350
	FP_ROUTE KSFO..KLAX

TRACK_TIME 1167737286
TRACK A20110117586198 B737 414600 874800 120 30 999 NONE NONE 340
	FP_ROUTE KMDW..KPHX

TRACK_TIME 1167737286
TRACK A20110117586199 B737 324900 964900 120 30 999 NONE NONE 110
	FP_ROUTE KDAL..KHOU

TRACK_TIME 1167737286
TRACK A20110117586200 B763 335560 1182560 120 30 999 NONE NONE 330
	FP_ROUTE KLAX..KATL

TRACK_TIME 1167737286
TRACK A20110117586202 C550 211800 1575500 120 30 999 NONE NONE 210
	FP_ROUTE KHNL..KKOA

TRACK_TIME 1167737286
TRACK A20110117586203 C550 205400 1562500 120 30 999 NONE NONE 140
	FP_ROUTE KOGG..KHNL

TRACK_TIME 1167737286
TRACK A20110117586204 B737 293760 951800 120 30 999 NONE NONE 390
	FP_ROUTE KHOU..KBNA

TRACK_TIME 1167737286
TRACK A20110117586205 B737 360600 864060 120 30 999 NONE NONE 380
	FP_ROUTE KBNA..KLAS

TRACK_TIME 1167737286
TRACK A20110117586210 B737 332560 1115860 120 30 999 NONE NONE 330
	FP_ROUTE KPHX..KABQ

TRACK_TIME 1167737286
TRACK A20110117586216 C750 271200 980700 120 30 999 NONE NONE 250
	FP_ROUTE KBKS..KAUS

TRACK_TIME 1167737286
TRACK A20110117586219 C750 300760 973400 120 30 999 NONE NONE 330
	FP_ROUTE KAUS..KMSY

TRACK_TIME 1167737286
TRACK A20110117586223 CRJ2 421200 832200 120 30 999 NONE NONE 270
	FP_ROUTE KDTW..KALB

TRACK_TIME 1167737286
TRACK A20110117586224 CRJ2 424600 734800 120 30 999 NONE NONE 300
	FP_ROUTE KALB..KDTW

TRACK_TIME 1167737286
TRACK A20110117586226 C750 295860 901500 120 30 999 NONE NONE 410
	FP_ROUTE KMSY..KPBI

TRACK_TIME 1167737286
TRACK A20110117586231 CRJ9 293900 951800 120 30 999 NONE NONE 370
	FP_ROUTE KHOU..KATL

TRACK_TIME 1167737286
TRACK A20110117586237 CRJ2 395100 1044600 120 30 999 NONE NONE 260
	FP_ROUTE KDEN..KCPR

TRACK_TIME 1167737286
TRACK A20110117586241 BE20 440300 970900 120 30 999 NONE NONE 220
	FP_ROUTE KMDS..KPIR

TRACK_TIME 1167737286
TRACK A20110117586242 A319 275800 823300 120 30 999 NONE NONE 360
	FP_ROUTE KTPA..KMSP

TRACK_TIME 1167737286
TRACK A20110117586244 CRJ2 424900 1063300 120 30 999 NONE NONE 250
	FP_ROUTE KCPR..KDEN

TRACK_TIME 1167737286
TRACK A20110117586246 E120 335700 1182700 120 30 999 NONE NONE 159
	FP_ROUTE KLAX..KSBP

TRACK_TIME 1167737286
TRACK A20110117586247 E120 351500 1204000 120 30 999 NONE NONE 189
	FP_ROUTE KSBP..KLAX

TRACK_TIME 1167737286
TRACK A20110117586251 CRJ2 425560 875400 120 30 999 NONE NONE 80
	FP_ROUTE KMKE..KORD

TRACK_TIME 1167737286
TRACK A20110117586252 BE20 442400 1001800 120 30 999 NONE NONE 210
	FP_ROUTE KPIR..KMDS

TRACK_TIME 1167737286
TRACK A20110117586259 FA10 260760 814200 120 30 999 NONE NONE 370
	FP_ROUTE KAPF..KESN

TRACK_TIME 1167737286
TRACK A20110117586263 A319 260460 800760 120 30 999 NONE NONE 370
	FP_ROUTE KFLL..KBOS

TRACK_TIME 1167737286
TRACK A20110117586264 CRJ2 302700 871060 120 30 999 NONE NONE 290
	FP_ROUTE KPNS..KCAE

TRACK_TIME 1167737286
TRACK A20110117586266 CRJ2 400000 825260 120 30 999 NONE NONE 290
	FP_ROUTE KCMH..KJFK

TRACK_TIME 1167737286
TRACK A20110117586267 A319 260460 800760 120 30 999 NONE NONE 370
	FP_ROUTE KFLL..KORD

TRACK_TIME 1167737286
TRACK A20110117586270 E190 395200 751600 120 30 999 NONE NONE 100
	FP_ROUTE KPHL..KBWI

TRACK_TIME 1167737286
TRACK A20110117586274 B738 335700 1182700 120 30 999 NONE NONE 400
	FP_ROUTE KLAX..KPDX

TRACK_TIME 1167737286
TRACK A20110117586275 E170 395200 751600 120 30 999 NONE NONE 340
	FP_ROUTE KPHL..KMCI

TRACK_TIME 1167737286
TRACK A20110117586279 BE20 465560 1225400 120 30 999 NONE NONE 151
	FP_ROUTE KOLM..KYKM

TRACK_TIME 1167737286
TRACK A20110117586282 FA50 413300 813000 120 30 999 NONE NONE 380
	FP_ROUTE KCGF..KOPF

TRACK_TIME 1167737286
TRACK A20110117586284 A319 332560 1120160 120 30 999 NONE NONE 360
	FP_ROUTE KPHX..KSMF

TRACK_TIME 1167737286
TRACK A20110117586290 E190 425860 784060 120 30 999 NONE NONE 360
	FP_ROUTE KBUF..KRSW

TRACK_TIME 1167737286
TRACK A20110117586292 BE20 463400 1203460 120 30 999 NONE NONE 40
	FP_ROUTE KYKM..KOLM

TRACK_TIME 1167737286
TRACK A20110117586298 E145 295700 951960 120 30 999 NONE NONE 270
	FP_ROUTE KIAH..KATL

TRACK_TIME 1167737286
TRACK A20110117586299 A321 351060 805560 120 30 999 NONE NONE 150
	FP_ROUTE KCLT..KRDU

TRACK_TIME 1167737286
TRACK A20110117586300 E170 384360 901660 120 30 999 NONE NONE 310
	FP_ROUTE KSTL..KPHL

TRACK_TIME 1167737286
TRACK A20110117586304 E145 333900 842200 120 30 999 NONE NONE 270
	FP_ROUTE KATL..KCLE

TRACK_TIME 1167737286
TRACK A20110117586307 CRJ2 470460 882700 120 30 999 NONE NONE 230
	FP_ROUTE KCMX..KORD

TRACK_TIME 1167737286
TRACK A20110117586321 E145 301660 920000 120 30 999 NONE NONE 200
	FP_ROUTE KLFT..KIAH

TRACK_TIME 1167737286
TRACK A20110117586324 CRJ2 394300 861600 120 30 999 NONE NONE 210
	FP_ROUTE KIND..KDTW

TRACK_TIME 1167737286
TRACK A20110117586337 CRJ2 341660 775260 120 30 999 NONE NONE 300
	FP_ROUTE KILM..KATL

TRACK_TIME 1167737286
TRACK A20110117586338 B712 430600 774200 120 30 999 NONE NONE 210
	FP_ROUTE KROC..KBWI

TRACK_TIME 1167737286
TRACK A20110117586342 BE9L 334060 1014960 120 30 999 NONE NONE 160
	FP_ROUTE KLBB..KMTJ

TRACK_TIME 1167737286
TRACK A20110117586344 BE9L 383100 1075400 120 30 999 NONE NONE 191
	FP_ROUTE KMTJ..KLBB

TRACK_TIME 1167737286
TRACK A20110117586346 B753 360700 1150900 120 30 999 NONE NONE 350
	FP_ROUTE KLAS..KIAH

TRACK_TIME 1167737286
TRACK A20110117586347 CRJ2 383900 1213600 120 30 999 NONE NONE 350
	FP_ROUTE KSMF..KDEN

TRACK_TIME 1167737286
TRACK A20110117586351 A319 332560 1120160 120 30 999 NONE NONE 320
	FP_ROUTE KPHX..KRNO

TRACK_TIME 1167737286
TRACK A20110117586356 E145 415860 875200 120 30 999 NONE NONE 31
	FP_ROUTE KORD..KGRR

TRACK_TIME 1167737286
TRACK A20110117586357 C550 255500 801600 120 30 999 NONE NONE 369
	FP_ROUTE KOPF..KHTS

TRACK_TIME 1167737286
TRACK A20110117586358 C550 381960 823300 120 30 999 NONE NONE 200
	FP_ROUTE KHTS..KJVY

TRACK_TIME 1167737286
TRACK A20110117586359 B738 295700 952100 120 30 999 NONE NONE 370
	FP_ROUTE KIAH..KORD

TRACK_TIME 1167737286
TRACK A20110117586366 DH8A 351200 805560 120 30 999 NONE NONE 160
	FP_ROUTE KCLT..KHXD

TRACK_TIME 1167737286
TRACK A20110117586368 A320 373900 1221960 120 30 999 NONE NONE 360
	FP_ROUTE KSFO..KSEA

TRACK_TIME 1167737286
TRACK A20110117586372 B737 332560 1115860 120 30 999 NONE NONE 390
	FP_ROUTE KPHX..KATL

TRACK_TIME 1167737286
TRACK A20110117586375 B733 391060 764200 120 30 999 NONE NONE 360
	FP_ROUTE KBWI..KMKE

TRACK_TIME 1167737286
TRACK A20110117586376 A320 420000 880460 120 30 999 NONE NONE 360
	FP_ROUTE KORD..KPHX

TRACK_TIME 1167737286
TRACK A20110117586385 LJ35 271200 801000 120 30 999 NONE NONE 270
	FP_ROUTE KSUA..KLEX

TRACK_TIME 1167737286
TRACK A20110117586386 B738 335560 1182700 120 30 999 NONE NONE 350
	FP_ROUTE KLAX..KEWR

TRACK_TIME 1167737286
TRACK A20110117586387 E145 400000 825260 120 30 999 NONE NONE 360
	FP_ROUTE KCMH..KIAH

TRACK_TIME 1167737286
TRACK A20110117586388 CRJ2 194200 1560400 120 30 999 NONE NONE 180
	FP_ROUTE KKOA..KHNL

TRACK_TIME 1167737286
TRACK A20110117586389 LJ35 380100 843760 120 30 999 NONE NONE 430
	FP_ROUTE KLEX..KSUA

TRACK_TIME 1167737286
TRACK A20110117586390 B738 254800 801600 120 30 999 NONE NONE 380
	FP_ROUTE KMIA..KMSY

TRACK_TIME 1167737286
TRACK A20110117586395 MD83 325500 970300 120 30 999 NONE NONE 260
	FP_ROUTE KDFW..KTUS

TRACK_TIME 1167737286
TRACK A20110117586402 DH8A 410460 734360 120 30 999 NONE NONE 140
	FP_ROUTE KHPN..KDCA

TRACK_TIME 1167737286
TRACK A20110117586403 B735 314900 1062200 120 30 999 NONE NONE 350
	FP_ROUTE KELP..KIAH

TRACK_TIME 1167737286
TRACK A20110117586406 B738 300000 901500 120 30 999 NONE NONE 60
	FP_ROUTE KMSY..KIAH

TRACK_TIME 1167737286
TRACK A20110117586416 CRJ2 400000 1044200 120 30 999 NONE NONE 340
	FP_ROUTE KDEN..KBIL

TRACK_TIME 1167737286
TRACK A20110117586417 CRJ2 454900 1083400 120 30 999 NONE NONE 330
	FP_ROUTE KBIL..KDEN

TRACK_TIME 1167737286
TRACK A20110117586422 A320 183160 670400 120 30 999 NONE NONE 320
	FP_ROUTE KBQN..KMCO

TRACK_TIME 1167737286
TRACK A20110117586424 CRJ2 350100 895860 120 30 999 NONE NONE 290
	FP_ROUTE KMEM..KMKE

TRACK_TIME 1167737286
TRACK A20110117586434 E145 412400 815200 120 30 999 NONE NONE 260
	FP_ROUTE KCLE..KTYS

TRACK_TIME 1167737286
TRACK A20110117586435 B737 453600 1223700 120 30 999 NONE NONE 390
	FP_ROUTE KPDX..KSLC

TRACK_TIME 1167737286
TRACK A20110117586439 B712 370900 762700 120 30 999 NONE NONE 340
	FP_ROUTE KPHF..KATL

TRACK_TIME 1167737286
TRACK A20110117586440 CRJ2 403760 752800 120 30 999 NONE NONE 300
	FP_ROUTE KABE..KDTW

TRACK_TIME 1167737286
TRACK A20110117586443 E135 425260 852860 120 30 999 NONE NONE 120
	FP_ROUTE KGRR..KMKE

TRACK_TIME 1167737286
TRACK A20110117586450 CRJ2 365400 761200 120 30 999 NONE NONE 320
	FP_ROUTE KORF..KDTW

TRACK_TIME 1167737286
TRACK A20110117586452 B712 400000 825100 120 30 999 NONE NONE 340
	FP_ROUTE KCMH..KATL

TRACK_TIME 1167737286
TRACK A20110117586455 E145 395560 841200 120 30 999 NONE NONE 200
	FP_ROUTE KDAY..KORD

TRACK_TIME 1167737286
TRACK A20110117586457 B733 334000 1014960 120 30 999 NONE NONE 360
	FP_ROUTE KLBB..KABQ

TRACK_TIME 1167737286
TRACK A20110117586459 E145 415560 875500 120 30 999 NONE NONE 220
	FP_ROUTE KORD..KSTL

TRACK_TIME 1167737286
TRACK A20110117586463 E145 412400 815260 120 30 999 NONE NONE 290
	FP_ROUTE KCLE..KLGA

TRACK_TIME 1167737286
TRACK A20110117586464 MD82 415800 875100 120 30 999 NONE NONE 360
	FP_ROUTE KORD..KSAT

TRACK_TIME 1167737286
TRACK A20110117586465 B737 404600 1115860 120 30 999 NONE NONE 370
	FP_ROUTE KSLC..KPHX

TRACK_TIME 1167737286
TRACK A20110117586467 E120 443100 1090300 120 30 999 NONE NONE 260
	FP_ROUTE KCOD..KSLC

TRACK_TIME 1167737286
TRACK A20110117586472 B744 335560 1182800 120 30 999 NONE NONE 340
	FP_ROUTE KLAX..KANC

TRACK_TIME 1167737286
TRACK A20110117586497 A320 351060 805700 120 30 999 NONE NONE 310
	FP_ROUTE KCLT..KPIT

TRACK_TIME 1167737286
TRACK A20110117586500 C550 294000 951660 120 30 999 NONE NONE 430
	FP_ROUTE KHOU..KHND

TRACK_TIME 1167737286
TRACK A20110117586508 CRJ1 333900 842260 120 30 999 NONE NONE 300
	FP_ROUTE KATL..KFWA

TRACK_TIME 1167737286
TRACK A20110117586513 CRJ2 394300 861660 120 30 999 NONE NONE 240
	FP_ROUTE KIND..KMEM

TRACK_TIME 1167737286
TRACK A20110117586514 B712 425560 875400 120 30 999 NONE NONE 330
	FP_ROUTE KMKE..KTPA

TRACK_TIME 1167737286
TRACK A20110117586515 DH8C 395260 751060 120 30 999 NONE NONE 50
	FP_ROUTE KPHL..KBWI

TRACK_TIME 1167737286
TRACK A20110117586517 MD82 325700 970300 120 30 999 NONE NONE 340
	FP_ROUTE KDFW..KLAX

TRACK_TIME 1167737286
TRACK A20110117586519 MD83 325560 970160 120 30 999 NONE NONE 290
	FP_ROUTE KDFW..KEWR

TRACK_TIME 1167737286
TRACK A20110117586526 E190 395260 751000 120 30 999 NONE NONE 250
	FP_ROUTE KPHL..KPVD

TRACK_TIME 1167737286
TRACK A20110117586530 B712 282560 811800 120 30 999 NONE NONE 280
	FP_ROUTE KMCO..KTYS

TRACK_TIME 1167737286
TRACK A20110117586531 A319 425560 875400 120 30 999 NONE NONE 370
	FP_ROUTE KMKE..KBOS

TRACK_TIME 1167737286
TRACK A20110117586533 CRJ2 344500 921300 120 30 999 NONE NONE 250
	FP_ROUTE KLIT..KATL

TRACK_TIME 1167737286
TRACK A20110117586541 DH8D 433900 702200 120 30 999 NONE NONE 140
	FP_ROUTE KPWM..KEWR

TRACK_TIME 1167737286
TRACK A20110117586546 CRJ2 354800 840100 120 30 999 NONE NONE 250
	FP_ROUTE KTYS..KLGA

TRACK_TIME 1167737286
TRACK A20110117586548 A320 282400 811800 120 30 999 NONE NONE 350
	FP_ROUTE KMCO..KJFK

TRACK_TIME 1167737286
TRACK A20110117586549 EA50 340300 1173460 120 30 999 NONE NONE 340
	FP_ROUTE KONT..KSMF

TRACK_TIME 1167737286
TRACK A20110117586552 E145 412400 815560 120 30 999 NONE NONE 290
	FP_ROUTE KCLE..KLGA

TRACK_TIME 1167737286
TRACK A20110117586558 B753 360600 1150900 120 30 999 NONE NONE 350
	FP_ROUTE KLAS..KEWR

TRACK_TIME 1167737286
TRACK A20110117586559 A320 373760 1222200 120 30 999 NONE NONE 350
	FP_ROUTE KSFO..KDTW

TRACK_TIME 1167737286
TRACK A20110117586574 A319 332560 1120160 120 30 999 NONE NONE 360
	FP_ROUTE KPHX..KOAK

TRACK_TIME 1167737286
TRACK A20110117586586 B738 372200 1215100 120 30 999 NONE NONE 350
	FP_ROUTE KSJC..KATL

TRACK_TIME 1167737286
TRACK A20110117586587 B752 360600 1150900 120 30 999 NONE NONE 390
	FP_ROUTE KLAS..KDTW

TRACK_TIME 1167737286
TRACK A20110117586589 E145 344300 921500 120 30 999 NONE NONE 70
	FP_ROUTE KLIT..KDFW

TRACK_TIME 1167737286
TRACK A20110117586590 E170 394360 861600 120 30 999 NONE NONE 310
	FP_ROUTE KIND..KDCA

TRACK_TIME 1167737286
TRACK A20110117586612 CRJ2 371660 800400 120 30 999 NONE NONE 140
	FP_ROUTE KROA..KATL

TRACK_TIME 1167737286
TRACK A20110117586616 CRJ2 373760 972700 120 30 999 NONE NONE 340
	FP_ROUTE KICT..KDEN

TRACK_TIME 1167737286
TRACK A20110117586620 MD11 211800 1575560 120 30 999 NONE NONE 370
	FP_ROUTE KHNL..KLAX

TRACK_TIME 1167737286
TRACK A20110117586629 CRJ2 335100 1163160 120 30 999 NONE NONE 250
	FP_ROUTE KPSP..KPHX

TRACK_TIME 1167737286
TRACK A20110117586637 CRJ9 365400 761060 120 30 999 NONE NONE 110
	FP_ROUTE KORF..KCLT

TRACK_TIME 1167737286
TRACK A20110117586638 MD83 275560 824200 120 30 999 NONE NONE 350
	FP_ROUTE KPIE..KBGR

TRACK_TIME 1167737286
TRACK A20110117586639 E170 395100 751800 120 30 999 NONE NONE 270
	FP_ROUTE KPHL..KBGR

TRACK_TIME 1167737286
TRACK A20110117586643 B737 260460 800760 120 30 999 NONE NONE 380
	FP_ROUTE KFLL..KMCI

TRACK_TIME 1167737286
TRACK A20110117586644 B738 174060 644600 120 30 999 NONE NONE 360
	FP_ROUTE KSTX..KMIA

TRACK_TIME 1167737286
TRACK A20110117586646 CRJ2 404800 735200 120 30 999 NONE NONE 100
	FP_ROUTE KLGA..KPIT

TRACK_TIME 1167737286
TRACK A20110117586651 A320 182700 655800 120 30 999 NONE NONE 360
	FP_ROUTE KSJU..KBOS

TRACK_TIME 1167737286
TRACK A20110117586652 CRJ2 385200 1043700 120 30 999 NONE NONE 240
	FP_ROUTE KCOS..KSLC

TRACK_TIME 1167737286
TRACK A20110117586658 E145 295700 952100 120 30 999 NONE NONE 270
	FP_ROUTE KIAH..KLIT

TRACK_TIME 1167737286
TRACK A20110117586660 B737 301060 974600 120 30 999 NONE NONE 380
	FP_ROUTE KAUS..KSJC

TRACK_TIME 1167737286
TRACK A20110117586661 CRJ2 421200 832260 120 30 999 NONE NONE 200
	FP_ROUTE KDTW..KMDW

TRACK_TIME 1167737286
TRACK A20110117586662 E145 324900 964900 120 30 999 NONE NONE 210
	FP_ROUTE KDAL..KIAH

TRACK_TIME 1167737286
TRACK A20110117586664 E170 425260 853100 120 30 999 NONE NONE 120
	FP_ROUTE KGRR..KDTW

TRACK_TIME 1167737286
TRACK A20110117586665 E135 373700 972800 120 30 999 NONE NONE 330
	FP_ROUTE KICT..KORD

TRACK_TIME 1167737286
TRACK A20110117586666 CRJ2 444960 931000 120 30 999 NONE NONE 330
	FP_ROUTE KMSP..KCLE

TRACK_TIME 1167737286
TRACK A20110117586667 B737 384000 1213400 120 30 999 NONE NONE 410
	FP_ROUTE KSMF..KSNA

TRACK_TIME 1167737286
TRACK A20110117586679 CRJ1 390300 844200 120 30 999 NONE NONE 220
	FP_ROUTE KCVG..KGRR

TRACK_TIME 1167737286
TRACK A20110117586689 B738 453600 1223600 120 30 999 NONE NONE 390
	FP_ROUTE KPDX..KSLC

TRACK_TIME 1167737286
TRACK A20110117586690 B763 385500 773400 120 30 999 NONE NONE 360
	FP_ROUTE KIAD..KORD

TRACK_TIME 1167737286
TRACK A20110117586703 E170 391500 944300 120 30 999 NONE NONE 350
	FP_ROUTE KMCI..KLGA

TRACK_TIME 1167737286
TRACK A20110117586705 B738 334060 841800 120 30 999 NONE NONE 370
	FP_ROUTE KATL..KCMH

TRACK_TIME 1167737286
TRACK A20110117586708 MD82 333900 842400 120 30 999 NONE NONE 340
	FP_ROUTE KATL..KDFW

TRACK_TIME 1167737286
TRACK A20110117586712 B737 324500 1171360 120 30 999 NONE NONE 400
	FP_ROUTE KSAN..KSMF

TRACK_TIME 1167737286
TRACK A20110117586714 CRJ2 370900 1074360 120 30 999 NONE NONE 250
	FP_ROUTE KDRO..KDEN

TRACK_TIME 1167737286
TRACK A20110117586719 A319 374300 1221500 120 30 999 NONE NONE 370
	FP_ROUTE KOAK..KDEN

TRACK_TIME 1167737286
TRACK A20110117586720 DH8A 395200 751600 120 30 999 NONE NONE 81
	FP_ROUTE KPHL..KLGA

TRACK_TIME 1167737286
TRACK A20110117586721 B734 280000 823300 120 30 999 NONE NONE 350
	FP_ROUTE KTPA..KCLT

TRACK_TIME 1167737286
TRACK A20110117586726 BE9L 305560 844060 120 30 999 NONE NONE 100
	FP_ROUTE KBGE..KPRN

TRACK_TIME 1167737286
TRACK A20110117586737 CRJ2 211900 1575260 120 30 999 NONE NONE 200
	FP_ROUTE KHNL..KKOA

TRACK_TIME 1167737286
TRACK A20110117586742 A320 404360 734960 120 30 999 NONE NONE 360
	FP_ROUTE KLGA..KDEN

TRACK_TIME 1167737286
TRACK A20110117586743 A319 394900 1043700 120 30 999 NONE NONE 370
	FP_ROUTE KDEN..KMCO

TRACK_TIME 1167737286
TRACK A20110117586744 E170 404800 735100 120 30 999 NONE NONE 340
	FP_ROUTE KLGA..KORD

TRACK_TIME 1167737286
TRACK A20110117586747 SW4 610000 1500400 120 30 999 NONE NONE 170
	FP_ROUTE KANC..KADQ

TRACK_TIME 1167737286
TRACK A20110117586748 SW4 581300 1520300 120 30 999 NONE NONE 200
	FP_ROUTE KADQ..KANC

TRACK_TIME 1167737286
TRACK A20110117586749 A320 415860 875100 120 30 999 NONE NONE 370
	FP_ROUTE KORD..KPHL

TRACK_TIME 1167737286
TRACK A20110117586750 E190 415860 874960 120 30 999 NONE NONE 370
	FP_ROUTE KORD..KBOS

TRACK_TIME 1167737286
TRACK A20110117586757 B738 254800 801600 120 30 999 NONE NONE 290
	FP_ROUTE KMIA..KPHL

TRACK_TIME 1167737286
TRACK A20110117586768 B734 425700 784200 120 30 999 NONE NONE 300
	FP_ROUTE KBUF..KCLT

TRACK_TIME 1167737286
TRACK A20110117586769 E145 415560 875500 120 30 999 NONE NONE 360
	FP_ROUTE KORD..KMEM

TRACK_TIME 1167737286
TRACK A20110117586773 C550 275800 823300 120 30 999 NONE NONE 360
	FP_ROUTE KTPA..KRBD

TRACK_TIME 1167737286
TRACK A20110117586774 DH8A 404900 735100 120 30 999 NONE NONE 120
	FP_ROUTE KLGA..KITH

TRACK_TIME 1167737286
TRACK A20110117586775 CRJ9 350400 895860 120 30 999 NONE NONE 380
	FP_ROUTE KMEM..KPHX

TRACK_TIME 1167737286
TRACK A20110117586785 MD82 300000 901500 120 30 999 NONE NONE 340
	FP_ROUTE KMSY..KDFW

TRACK_TIME 1167737286
TRACK A20110117586786 MD82 325560 970160 120 30 999 NONE NONE 270
	FP_ROUTE KDFW..KOMA

TRACK_TIME 1167737286
TRACK A20110117586796 CRJ2 445500 931360 120 30 999 NONE NONE 230
	FP_ROUTE KMSP..KGRR

TRACK_TIME 1167737286
TRACK A20110117586797 CRJ9 373760 972560 120 30 999 NONE NONE 330
	FP_ROUTE KICT..KATL

TRACK_TIME 1167737286
TRACK A20110117586811 A320 394300 861660 120 30 999 NONE NONE 210
	FP_ROUTE KIND..KDTW

TRACK_TIME 1167737286
TRACK A20110117586814 B737 472560 1221800 120 30 999 NONE NONE 350
	FP_ROUTE KSEA..KSNA

TRACK_TIME 1167737286
TRACK A20110117586824 CRJ1 401200 764800 120 30 999 NONE NONE 120
	FP_ROUTE KMDT..KDTW

TRACK_TIME 1167737286
TRACK A20110117586829 SF34 430700 760760 120 30 999 NONE NONE 150
	FP_ROUTE KSYR..KBOS

TRACK_TIME 1167737286
TRACK A20110117586832 MD82 373160 772200 120 30 999 NONE NONE 320
	FP_ROUTE KRIC..KDFW

TRACK_TIME 1167737286
TRACK A20110117586833 CRJ1 421200 832260 120 30 999 NONE NONE 220
	FP_ROUTE KDTW..KMKE

TRACK_TIME 1167737286
TRACK A20110117586846 B712 390760 763900 120 30 999 NONE NONE 360
	FP_ROUTE KBWI..KGRR

TRACK_TIME 1167737286
TRACK A20110117586849 B737 335700 1182800 120 30 999 NONE NONE 370
	FP_ROUTE KLAX..KMKE

TRACK_TIME 1167737286
TRACK A20110117586850 B739 324500 1171360 120 30 999 NONE NONE 350
	FP_ROUTE KSAN..KEWR

TRACK_TIME 1167737286
TRACK A20110117586852 A320 334960 1181060 120 30 999 NONE NONE 350
	FP_ROUTE KLGB..KBOS

TRACK_TIME 1167737286
TRACK A20110117586855 B737 282400 811800 120 30 999 NONE NONE 390
	FP_ROUTE KMCO..KIND

TRACK_TIME 1167737286
TRACK A20110117586857 CRJ2 333760 842200 120 30 999 NONE NONE 118
	FP_ROUTE KATL..KAGS

TRACK_TIME 1167737286
TRACK A20110117586866 CRJ2 332500 815860 120 30 999 NONE NONE 120
	FP_ROUTE KAGS..KCLT

TRACK_TIME 1167737286
TRACK A20110117586867 CRJ2 421200 832200 120 30 999 NONE NONE 280
	FP_ROUTE KDTW..KMSN

TRACK_TIME 1167737286
TRACK A20110117586871 B738 385500 773160 120 30 999 NONE NONE 400
	FP_ROUTE KIAD..KATL

TRACK_TIME 1167737286
TRACK A20110117586876 SF34 312800 891960 120 30 999 NONE NONE 160
	FP_ROUTE KPIB..KMEM

TRACK_TIME 1167737286
TRACK A20110117586882 CRJ2 352560 823300 120 30 999 NONE NONE 110
	FP_ROUTE KAVL..KCLT

TRACK_TIME 1167737286
TRACK A20110117586888 A319 422100 710100 120 30 999 NONE NONE 161
	FP_ROUTE KBOS..KLGA

TRACK_TIME 1167737286
TRACK A20110117586889 B738 280000 823300 120 30 999 NONE NONE 370
	FP_ROUTE KTPA..KDTW

TRACK_TIME 1167737286
TRACK A20110117586891 A320 360700 1150900 120 30 999 NONE NONE 360
	FP_ROUTE KLAS..KSFO

TRACK_TIME 1167737286
TRACK A20110117586894 CRJ2 354800 840100 120 30 999 NONE NONE 80
	FP_ROUTE KTYS..KCLT

TRACK_TIME 1167737286
TRACK A20110117586901 B738 472560 1221800 120 30 999 NONE NONE 310
	FP_ROUTE KSEA..KMIA

TRACK_TIME 1167737286
TRACK A20110117586902 E135 325500 970160 120 30 999 NONE NONE 270
	FP_ROUTE KDFW..KBTR

TRACK_TIME 1167737286
TRACK A20110117586909 C560 330900 1172200 120 30 999 NONE NONE 230
	FP_ROUTE KCRQ..KSDL

TRACK_TIME 1167737286
TRACK A20110117586914 E145 371360 932260 120 30 999 NONE NONE 50
	FP_ROUTE KSGF..KDFW

TRACK_TIME 1167737286
TRACK A20110117586915 E145 325260 970300 120 30 999 NONE NONE 150
	FP_ROUTE KDFW..KACT

TRACK_TIME 1167737286
TRACK A20110117586936 A319 445100 931360 120 30 999 NONE NONE 370
	FP_ROUTE KMSP..KDTW

TRACK_TIME 1167737286
TRACK A20110117586941 B735 453700 1223900 120 30 999 NONE NONE 329
	FP_ROUTE KPDX..KPHX

TRACK_TIME 1167737286
TRACK A20110117586942 B752 373760 1222200 120 30 999 NONE NONE 330
	FP_ROUTE KSFO..KLAS

TRACK_TIME 1167737286
TRACK A20110117586943 E145 360900 864000 120 30 999 NONE NONE 110
	FP_ROUTE KBNA..KORD

TRACK_TIME 1167737286
TRACK A20110117586944 E145 354660 840160 120 30 999 NONE NONE 290
	FP_ROUTE KTYS..KIAD

TRACK_TIME 1167737286
TRACK A20110117586959 SF34 322200 952400 120 30 999 NONE NONE 129
	FP_ROUTE KTYR..KIAH

TRACK_TIME 1167737286
TRACK A20110117586961 B738 395700 1043900 120 30 999 NONE NONE 370
	FP_ROUTE KDEN..KORD

TRACK_TIME 1167737286
TRACK A20110117586963 CRJ2 335700 811060 120 30 999 NONE NONE 200
	FP_ROUTE KCAE..KATL

TRACK_TIME 1167737286
TRACK A20110117586968 E135 325260 970300 120 30 999 NONE NONE 330
	FP_ROUTE KDFW..KCID

TRACK_TIME 1167737286
TRACK A20110117586974 CRJ9 404300 740700 120 30 999 NONE NONE 320
	FP_ROUTE KEWR..KDTW

TRACK_TIME 1167737286
TRACK A20110117586980 E145 395500 841200 120 30 999 NONE NONE 60
	FP_ROUTE KDAY..KIAD

TRACK_TIME 1167737286
TRACK A20110117586981 E170 420100 875700 120 30 999 NONE NONE 260
	FP_ROUTE KORD..KDSM

TRACK_TIME 1167737286
TRACK A20110117586982 E170 394360 861600 120 30 999 NONE NONE 330
	FP_ROUTE KIND..KIAD

TRACK_TIME 1167737286
TRACK A20110117586983 E190 404000 734300 120 30 999 NONE NONE 171
	FP_ROUTE KJFK..KBOS

TRACK_TIME 1167737286
TRACK A20110117586991 SF34 295800 952200 120 30 999 NONE NONE 70
	FP_ROUTE KIAH..KLCH

TRACK_TIME 1167737286
TRACK A20110117586995 CL60 385800 773100 120 30 999 NONE NONE 130
	FP_ROUTE KIAD..KMMU

TRACK_TIME 1167737286
TRACK A20110117586999 E145 405560 812560 120 30 999 NONE NONE 340
	FP_ROUTE KCAK..KORD

TRACK_TIME 1167737286
TRACK A20110117587008 F2TH 334000 1115260 120 30 999 NONE NONE 410
	FP_ROUTE KSDL..KAPF

TRACK_TIME 1167737286
TRACK A20110117587009 CRJ1 355400 784660 120 30 999 NONE NONE 260
	FP_ROUTE KRDU..KCVG

TRACK_TIME 1167737286
TRACK A20110117587010 CRJ2 303600 910900 120 30 999 NONE NONE 310
	FP_ROUTE KBTR..KMEM

TRACK_TIME 1167737286
TRACK A20110117587012 F2TH 261000 815100 120 30 999 NONE NONE 410
	FP_ROUTE KAPF..KHPN

TRACK_TIME 1167737286
TRACK A20110117587015 CRJ2 421300 832100 120 30 999 NONE NONE 131
	FP_ROUTE KDTW..KERI

TRACK_TIME 1167737286
TRACK A20110117587016 F2TH 410600 734660 120 30 999 NONE NONE 79
	FP_ROUTE KHPN..KILG

TRACK_TIME 1167737286
TRACK A20110117587019 B735 394360 861600 120 30 999 NONE NONE 360
	FP_ROUTE KIND..KIAH

TRACK_TIME 1167737286
TRACK A20110117587023 E135 360700 1150900 120 30 999 NONE NONE 220
	FP_ROUTE KLAS..KVNY

TRACK_TIME 1167737286
TRACK A20110117587024 E145 255260 972500 120 30 999 NONE NONE 270
	FP_ROUTE KBRO..KIAH

TRACK_TIME 1167737286
TRACK A20110117587032 E170 300000 901500 120 30 999 NONE NONE 330
	FP_ROUTE KMSY..KDCA

TRACK_TIME 1167737286
TRACK A20110117587033 CRJ2 390160 1044200 120 30 999 NONE NONE 110
	FP_ROUTE KCOS..KDEN

TRACK_TIME 1167737286
TRACK A20110117587034 CRJ2 395100 1044500 120 30 999 NONE NONE 320
	FP_ROUTE KDEN..KSLC

TRACK_TIME 1167737286
TRACK A20110117587036 C560 301000 920000 120 30 999 NONE NONE 390
	FP_ROUTE KLFT..KIAD

TRACK_TIME 1167737286
TRACK A20110117587037 B737 372400 1215800 120 30 999 NONE NONE 230
	FP_ROUTE KSJC..KRNO

TRACK_TIME 1167737286
TRACK A20110117587038 CRJ2 453600 1223600 120 30 999 NONE NONE 370
	FP_ROUTE KPDX..KLAX

TRACK_TIME 1167737286
TRACK A20110117587039 CRJ2 420160 874960 120 30 999 NONE NONE 169
	FP_ROUTE KORD..KGRB

TRACK_TIME 1167737286
TRACK A20110117587041 CRJ2 433160 840460 120 30 999 NONE NONE 100
	FP_ROUTE KMBS..KORD

TRACK_TIME 1167737286
TRACK A20110117587042 E190 400000 825260 120 30 999 NONE NONE 178
	FP_ROUTE KCMH..KCMH

TRACK_TIME 1167737286
TRACK A20110117587043 B733 404900 730460 120 30 999 NONE NONE 280
	FP_ROUTE KISP..KBWI

TRACK_TIME 1167737286
TRACK A20110117587044 B733 390900 763900 120 30 999 NONE NONE 360
	FP_ROUTE KBWI..KJAX

TRACK_TIME 1167737286
TRACK A20110117587046 E145 415800 875700 120 30 999 NONE NONE 370
	FP_ROUTE KORD..KRIC

TRACK_TIME 1167737286
TRACK A20110117587049 BE20 390760 944960 120 30 999 NONE NONE 160
	FP_ROUTE KMKC..KOMA

TRACK_TIME 1167737286
TRACK A20110117587056 CRJ1 360760 795500 120 30 999 NONE NONE 110
	FP_ROUTE KGSO..KCVG

TRACK_TIME 1167737286
TRACK A20110117587058 CRJ2 385400 770460 120 30 999 NONE NONE 140
	FP_ROUTE KDCA..KORF

TRACK_TIME 1167737286
TRACK A20110117587067 B737 332560 1120100 120 30 999 NONE NONE 320
	FP_ROUTE KPHX..KLAX

TRACK_TIME 1167737286
TRACK A20110117587071 CRJ2 321800 862100 120 30 999 NONE NONE 290
	FP_ROUTE KMGM..KCLT

TRACK_TIME 1167737286
TRACK A20110117587073 A320 264060 800100 120 30 999 NONE NONE 350
	FP_ROUTE KPBI..KJFK

TRACK_TIME 1167737286
TRACK A20110117587082 MD83 282500 811800 120 30 999 NONE NONE 310
	FP_ROUTE KMCO..KGSP

TRACK_TIME 1167737286
TRACK A20110117587084 A320 335700 1182800 120 30 999 NONE NONE 290
	FP_ROUTE KLAX..KPHX

TRACK_TIME 1167737286
TRACK A20110117587098 E145 300600 931300 120 30 999 NONE NONE 100
	FP_ROUTE KLCH..KIAH

TRACK_TIME 1167737286
TRACK A20110117587104 E190 355260 784600 120 30 999 NONE NONE 350
	FP_ROUTE KRDU..KJFK

TRACK_TIME 1167737286
TRACK A20110117587106 CRJ9 425200 852800 120 30 999 NONE NONE 330
	FP_ROUTE KGRR..KATL

TRACK_TIME 1167737286
TRACK A20110117587110 CRJ2 332400 815860 120 30 999 NONE NONE 180
	FP_ROUTE KAGS..KATL

TRACK_TIME 1167737286
TRACK A20110117587116 A318 384000 1213460 120 30 999 NONE NONE 390
	FP_ROUTE KSMF..KDEN

TRACK_TIME 1167737286
TRACK A20110117587119 E170 350160 1063460 120 30 999 NONE NONE 330
	FP_ROUTE KABQ..KDEN

TRACK_TIME 1167737286
TRACK A20110117587121 B752 275860 823300 120 30 999 NONE NONE 360
	FP_ROUTE KTPA..KATL

TRACK_TIME 1167737286
TRACK A20110117587123 E145 295700 952100 120 30 999 NONE NONE 350
	FP_ROUTE KIAH..KBNA

TRACK_TIME 1167737286
TRACK A20110117587129 E135 313460 971500 120 30 999 NONE NONE 109
	FP_ROUTE KACT..KDFW

TRACK_TIME 1167737286
TRACK A20110117587131 B737 395260 751300 120 30 999 NONE NONE 400
	FP_ROUTE KPHL..KTPA

TRACK_TIME 1167737286
TRACK A20110117587132 E190 260460 800760 120 30 999 NONE NONE 360
	FP_ROUTE KFLL..KMKE

TRACK_TIME 1167737286
TRACK A20110117587135 B738 254800 801600 120 30 999 NONE NONE 370
	FP_ROUTE KMIA..KDCA

TRACK_TIME 1167737286
TRACK A20110117587136 A320 293900 951800 120 30 999 NONE NONE 370
	FP_ROUTE KHOU..KJFK

TRACK_TIME 1167737286
TRACK A20110117587143 A320 415700 875800 120 30 999 NONE NONE 389
	FP_ROUTE KORD..KMCO

TRACK_TIME 1167737286
TRACK A20110117587145 CL60 405260 740160 120 30 999 NONE NONE 380
	FP_ROUTE KTEB..KPBI

TRACK_TIME 1167737286
TRACK A20110117587152 MD83 325100 970400 120 30 999 NONE NONE 240
	FP_ROUTE KDFW..KOKC

TRACK_TIME 1167737286
TRACK A20110117587159 A320 373760 1222200 120 30 999 NONE NONE 370
	FP_ROUTE KSFO..KSAN

TRACK_TIME 1167737286
TRACK A20110117587161 B737 374500 1221360 120 30 999 NONE NONE 390
	FP_ROUTE KOAK..KPHX

TRACK_TIME 1167737286
TRACK A20110117587162 B737 332560 1120160 120 30 999 NONE NONE 370
	FP_ROUTE KPHX..KMKE

TRACK_TIME 1167737286
TRACK A20110117587166 A319 414600 874300 120 30 999 NONE NONE 390
	FP_ROUTE KMDW..KATL

TRACK_TIME 1167737286
TRACK A20110117587167 E145 360900 795200 120 30 999 NONE NONE 300
	FP_ROUTE KGSO..KORD

TRACK_TIME 1167737286
TRACK A20110117587168 A319 333760 842100 120 30 999 NONE NONE 330
	FP_ROUTE KATL..KIAD

TRACK_TIME 1167737286
TRACK A20110117587169 E120 383900 1213600 120 30 999 NONE NONE 89
	FP_ROUTE KSMF..KSFO

TRACK_TIME 1167737286
TRACK A20110117587170 CRJ2 395100 1044600 120 30 999 NONE NONE 280
	FP_ROUTE KDEN..KSLC

TRACK_TIME 1167737286
TRACK A20110117587171 CRJ2 394900 1044500 120 30 999 NONE NONE 120
	FP_ROUTE KDEN..KCOS

TRACK_TIME 1167737286
TRACK A20110117587172 CRJ2 390000 1044000 120 30 999 NONE NONE 90
	FP_ROUTE KCOS..KDEN

TRACK_TIME 1167737286
TRACK A20110117587176 A320 422260 710100 120 30 999 NONE NONE 350
	FP_ROUTE KBOS..KSJU

TRACK_TIME 1167737286
TRACK A20110117587190 B733 333760 1175260 120 30 999 NONE NONE 250
	FP_ROUTE KSNA..KPHX

TRACK_TIME 1167737286
TRACK A20110117587197 CRJ1 415700 724200 120 30 999 NONE NONE 320
	FP_ROUTE KBDL..KRDU

TRACK_TIME 1167737286
TRACK A20110117587210 E190 422200 705860 120 30 999 NONE NONE 160
	FP_ROUTE KBOS..KLGA

TRACK_TIME 1167737286
TRACK A20110117587211 B737 395100 751660 120 30 999 NONE NONE 360
	FP_ROUTE KPHL..KMDW

TRACK_TIME 1167737286
TRACK A20110117587212 A321 351500 805800 120 30 999 NONE NONE 340
	FP_ROUTE KCLT..KFLL

TRACK_TIME 1167737286
TRACK A20110117587213 E170 422200 705800 120 30 999 NONE NONE 280
	FP_ROUTE KBOS..KPIT

TRACK_TIME 1167737286
TRACK A20110117587217 E170 394960 1044600 120 30 999 NONE NONE 320
	FP_ROUTE KDEN..KABQ

TRACK_TIME 1167737286
TRACK A20110117587220 CRJ2 405100 775500 120 30 999 NONE NONE 260
	FP_ROUTE KUNV..KDTW

TRACK_TIME 1167737286
TRACK A20110117587223 E135 303000 911300 120 30 999 NONE NONE 110
	FP_ROUTE KBTR..KDFW

TRACK_TIME 1167737286
TRACK A20110117587237 BE20 333900 1175260 120 30 999 NONE NONE 220
	FP_ROUTE KSNA..KRNO

TRACK_TIME 1167737286
TRACK A20110117587242 BE20 393000 1194600 120 30 999 NONE NONE 230
	FP_ROUTE KRNO..KSNA

TRACK_TIME 1167737286
TRACK A20110117587246 B752 263000 815100 120 30 999 NONE NONE 390
	FP_ROUTE KRSW..KDTW

TRACK_TIME 1167737286
TRACK A20110117587255 B752 194200 1560400 120 30 999 NONE NONE 350
	FP_ROUTE KKOA..KLAX

TRACK_TIME 1167737286
TRACK A20110117587256 B732 211900 1575260 120 30 999 NONE NONE 230
	FP_ROUTE KHNL..KKOA

TRACK_TIME 1167737286
TRACK A20110117587259 C560 291200 810400 120 30 999 NONE NONE 160
	FP_ROUTE KDAB..KAPF

TRACK_TIME 1167737286
TRACK A20110117587261 C560 260760 814200 120 30 999 NONE NONE 410
	FP_ROUTE KAPF..KIAD

TRACK_TIME 1167737286
TRACK A20110117587263 C560 385860 773700 120 30 999 NONE NONE 250
	FP_ROUTE KIAD..KHFD

TRACK_TIME 1167737286
TRACK A20110117587264 MD82 325500 970300 120 30 999 NONE NONE 240
	FP_ROUTE KDFW..KABQ

TRACK_TIME 1167737286
TRACK A20110117587267 SF34 341660 884960 120 30 999 NONE NONE 80
	FP_ROUTE KTUP..KMEM

TRACK_TIME 1167737286
TRACK A20110117587279 A320 335560 1182700 120 30 999 NONE NONE 350
	FP_ROUTE KLAX..KIND

TRACK_TIME 1167737286
TRACK A20110117587286 B722 390300 844060 120 30 999 NONE NONE 370
	FP_ROUTE KCVG..KBDL

TRACK_TIME 1167737286
TRACK A20110117587293 B738 420000 875700 120 30 999 NONE NONE 390
	FP_ROUTE KORD..KBOS

TRACK_TIME 1167737286
TRACK A20110117587295 BE20 401200 1114600 120 30 999 NONE NONE 110
	FP_ROUTE KPVU..KSLC

TRACK_TIME 1167737286
TRACK A20110117587300 CRJ2 344300 921500 120 30 999 NONE NONE 290
	FP_ROUTE KLIT..KATL

TRACK_TIME 1167737286
TRACK A20110117587302 CRJ9 351200 805700 120 30 999 NONE NONE 360
	FP_ROUTE KCLT..KMEM

TRACK_TIME 1167737286
TRACK A20110117587305 A319 404800 735200 120 30 999 NONE NONE 110
	FP_ROUTE KLGA..KBOS

TRACK_TIME 1167737286
TRACK A20110117587307 B752 335700 1182560 120 30 999 NONE NONE 390
	FP_ROUTE KLAX..KDEN

TRACK_TIME 1167737286
TRACK A20110117587308 B735 365400 761200 120 30 999 NONE NONE 320
	FP_ROUTE KORF..KTPA

TRACK_TIME 1167737286
TRACK A20110117587309 CRJ9 332560 1120160 120 30 999 NONE NONE 340
	FP_ROUTE KPHX..KSBA

TRACK_TIME 1167737286
TRACK A20110117587310 B737 275800 823300 120 30 999 NONE NONE 220
	FP_ROUTE KTPA..KJAX

TRACK_TIME 1167737286
TRACK A20110117587311 B735 275800 823300 120 30 999 NONE NONE 340
	FP_ROUTE KTPA..KHOU

TRACK_TIME 1167737286
TRACK A20110117587315 E170 333900 842260 120 30 999 NONE NONE 320
	FP_ROUTE KATL..KDEN

TRACK_TIME 1167737286
TRACK A20110117587323 B735 293760 951800 120 30 999 NONE NONE 340
	FP_ROUTE KHOU..KPHX

TRACK_TIME 1167737286
TRACK A20110117587329 E170 373160 771960 120 30 999 NONE NONE 240
	FP_ROUTE KRIC..KCLT

TRACK_TIME 1167737286
TRACK A20110117587336 E170 351200 805700 120 30 999 NONE NONE 340
	FP_ROUTE KCLT..KMCI

TRACK_TIME 1167737286
TRACK A20110117587342 B739 472400 1221800 120 30 999 NONE NONE 350
	FP_ROUTE KSEA..KIAH

TRACK_TIME 1167737286
TRACK A20110117587357 CRJ2 394960 1044600 120 30 999 NONE NONE 260
	FP_ROUTE KDEN..KGJT

TRACK_TIME 1167737286
TRACK A20110117587362 B733 395260 751300 120 30 999 NONE NONE 360
	FP_ROUTE KPHL..KMCO

TRACK_TIME 1167737286
TRACK A20110117587363 E190 411660 955260 120 30 999 NONE NONE 340
	FP_ROUTE KOMA..KDEN

TRACK_TIME 1167737286
TRACK A20110117587364 B752 360760 1151000 120 30 999 NONE NONE 340
	FP_ROUTE KLAS..KHNL

TRACK_TIME 1167737286
TRACK A20110117587366 E190 395560 1044200 120 30 999 NONE NONE 360
	FP_ROUTE KDEN..KGEG

TRACK_TIME 1167737286
TRACK A20110117587370 E190 282400 811800 120 30 999 NONE NONE 370
	FP_ROUTE KMCO..KRIC

TRACK_TIME 1167737286
TRACK A20110117587372 B737 351000 1013760 120 30 999 NONE NONE 39
	FP_ROUTE KAMA..KDAL

TRACK_TIME 1167737286
TRACK A20110117587384 MD82 325500 970160 120 30 999 NONE NONE 220
	FP_ROUTE KDFW..KAUS

TRACK_TIME 1167737286
TRACK A20110117587388 E145 325200 970160 120 30 999 NONE NONE 370
	FP_ROUTE KDFW..KMLI

TRACK_TIME 1167737286
TRACK A20110117587390 MD82 420000 875700 120 30 999 NONE NONE 340
	FP_ROUTE KORD..KPHX

TRACK_TIME 1167737286
TRACK A20110117587392 MD82 420000 875260 120 30 999 NONE NONE 370
	FP_ROUTE KORD..KEWR

TRACK_TIME 1167737286
TRACK A20110117587395 E145 394800 1043460 120 30 999 NONE NONE 350
	FP_ROUTE KDEN..KSGF

TRACK_TIME 1167737286
TRACK A20110117587397 E145 371200 932560 120 30 999 NONE NONE 360
	FP_ROUTE KSGF..KDEN

TRACK_TIME 1167737286
TRACK A20110117587402 CRJ2 395500 840760 120 30 999 NONE NONE 270
	FP_ROUTE KDAY..KDCA

TRACK_TIME 1167737286
TRACK A20110117587405 CRJ2 350160 770400 120 30 999 NONE NONE 280
	FP_ROUTE KEWN..KATL

TRACK_TIME 1167737286
TRACK A20110117587406 PAY2 350760 770460 120 30 999 NONE NONE 171
	FP_ROUTE KEWN..KPHL

TRACK_TIME 1167737286
TRACK A20110117587407 PAY2 395100 751800 120 30 999 NONE NONE 160
	FP_ROUTE KPHL..KCAK

TRACK_TIME 1167737286
TRACK A20110117587408 PAY2 405260 812700 120 30 999 NONE NONE 231
	FP_ROUTE KCAK..KEWN

TRACK_TIME 1167737286
TRACK A20110117587410 CRJ2 350000 851300 120 30 999 NONE NONE 130
	FP_ROUTE KCHA..KATL

TRACK_TIME 1167737286
TRACK A20110117587411 E145 385400 770460 120 30 999 NONE NONE 260
	FP_ROUTE KDCA..KCLE

TRACK_TIME 1167737286
TRACK A20110117587413 F2TH 341600 775400 120 30 999 NONE NONE 200
	FP_ROUTE KILM..KAGS

TRACK_TIME 1167737286
TRACK A20110117587415 A321 351360 805560 120 30 999 NONE NONE 270
	FP_ROUTE KCLT..KLGA

TRACK_TIME 1167737286
TRACK A20110117587424 A321 395200 1043400 120 30 999 NONE NONE 330
	FP_ROUTE KDEN..KCLT

TRACK_TIME 1167737286
TRACK A20110117587425 B712 422200 710100 120 30 999 NONE NONE 320
	FP_ROUTE KBOS..KBWI

TRACK_TIME 1167737286
TRACK A20110117587439 E145 325500 970300 120 30 999 NONE NONE 159
	FP_ROUTE KDFW..KGRK

TRACK_TIME 1167737286
TRACK A20110117587440 CRJ9 430760 774000 120 30 999 NONE NONE 360
	FP_ROUTE KROC..KMSP

TRACK_TIME 1167737286
TRACK A20110117587444 BE9L 350160 1063700 120 30 999 NONE NONE 200
	FP_ROUTE KABQ..KPHX

TRACK_TIME 1167737286
TRACK A20110117587445 E145 361660 943000 120 30 999 NONE NONE 370
	FP_ROUTE KXNA..KORD

TRACK_TIME 1167737286
TRACK A20110117587446 SF34 303400 962200 120 30 999 NONE NONE 50
	FP_ROUTE KCLL..KIAH

TRACK_TIME 1167737286
TRACK A20110117587447 BE9L 472200 1200700 120 30 999 NONE NONE 200
	FP_ROUTE KEAT..KPDX

TRACK_TIME 1167737286
TRACK A20110117587448 BE9L 453600 1223600 120 30 999 NONE NONE 210
	FP_ROUTE KPDX..KBOI

TRACK_TIME 1167737286
TRACK A20110117587449 BE9L 433160 1161200 120 30 999 NONE NONE 160
	FP_ROUTE KBOI..KPDX

TRACK_TIME 1167737286
TRACK A20110117587450 BE9L 453600 1223600 120 30 999 NONE NONE 190
	FP_ROUTE KPDX..KEAT

TRACK_TIME 1167737286
TRACK A20110117587456 B738 325500 970300 120 30 999 NONE NONE 260
	FP_ROUTE KDFW..KLAX

TRACK_TIME 1167737286
TRACK A20110117587461 SF34 301300 915860 120 30 999 NONE NONE 70
	FP_ROUTE KLFT..KIAH

TRACK_TIME 1167737286
TRACK A20110117587462 B733 360700 1150900 120 30 999 NONE NONE 320
	FP_ROUTE KLAS..KSJC

TRACK_TIME 1167737286
TRACK A20110117587463 E170 400000 825200 120 30 999 NONE NONE 300
	FP_ROUTE KCMH..KCLT

TRACK_TIME 1167737286
TRACK A20110117587466 A319 384300 901900 120 30 999 NONE NONE 240
	FP_ROUTE KSTL..KMEM

TRACK_TIME 1167737286
TRACK A20110117587467 AT72 325500 970160 120 30 999 NONE NONE 60
	FP_ROUTE KDFW..KTYR

TRACK_TIME 1167737286
TRACK A20110117587468 C510 253900 802700 120 30 999 NONE NONE 390
	FP_ROUTE KTMB..KILM

TRACK_TIME 1167737286
TRACK A20110117587469 C510 341800 775200 120 30 999 NONE NONE 390
	FP_ROUTE KILM..KASH

TRACK_TIME 1167737286
TRACK A20110117587481 E145 412400 815400 120 30 999 NONE NONE 350
	FP_ROUTE KCLE..KBOS

TRACK_TIME 1167737286
TRACK A20110117587492 A319 355400 784600 120 30 999 NONE NONE 130
	FP_ROUTE KRDU..KCLT

TRACK_TIME 1167737286
TRACK A20110117587494 E145 465400 964900 120 30 999 NONE NONE 330
	FP_ROUTE KFAR..KORD

TRACK_TIME 1167737286
TRACK A20110117587496 MD83 325260 970300 120 30 999 NONE NONE 200
	FP_ROUTE KDFW..KAUS

TRACK_TIME 1167737286
TRACK A20110117587498 MD82 415800 875800 120 30 999 NONE NONE 340
	FP_ROUTE KORD..KPHX

TRACK_TIME 1167737286
TRACK A20110117587502 CRJ9 355400 784660 120 30 999 NONE NONE 340
	FP_ROUTE KRDU..KMSP

TRACK_TIME 1167737286
TRACK A20110117587503 A320 264060 800000 120 30 999 NONE NONE 370
	FP_ROUTE KPBI..KJFK

TRACK_TIME 1167737286
TRACK A20110117587508 MD83 350160 895860 120 30 999 NONE NONE 340
	FP_ROUTE KMEM..KDFW

TRACK_TIME 1167737286
TRACK A20110117587509 CRJ9 445260 930900 120 30 999 NONE NONE 340
	FP_ROUTE KMSP..KSLC

TRACK_TIME 1167737286
TRACK A20110117587513 B735 395560 1044000 120 30 999 NONE NONE 350
	FP_ROUTE KDEN..KMCI

TRACK_TIME 1167737286
TRACK A20110117587520 B738 254800 801500 120 30 999 NONE NONE 370
	FP_ROUTE KMIA..KDTW

TRACK_TIME 1167737286
TRACK A20110117587522 CRJ9 404500 1115860 120 30 999 NONE NONE 330
	FP_ROUTE KSLC..KDEN

TRACK_TIME 1167737286
TRACK A20110117587525 CRJ2 394360 861800 120 30 999 NONE NONE 260
	FP_ROUTE KIND..KMKE

TRACK_TIME 1167737286
TRACK A20110117587528 E170 415500 875400 120 30 999 NONE NONE 230
	FP_ROUTE KORD..KCVG

TRACK_TIME 1167737286
TRACK A20110117587529 E145 380700 854300 120 30 999 NONE NONE 330
	FP_ROUTE KSDF..KPHL

TRACK_TIME 1167737286
TRACK A20110117587534 DH8A 415700 724060 120 30 999 NONE NONE 40
	FP_ROUTE KBDL..KLGA

TRACK_TIME 1167737286
TRACK A20110117587535 B738 350400 895800 120 30 999 NONE NONE 330
	FP_ROUTE KMEM..KATL

TRACK_TIME 1167737286
TRACK A20110117587541 B738 445400 931500 120 30 999 NONE NONE 380
	FP_ROUTE KMSP..KLAS

TRACK_TIME 1167737286
TRACK A20110117587542 A319 333900 1175260 120 30 999 NONE NONE 290
	FP_ROUTE KSNA..KPHX

TRACK_TIME 1167737286
TRACK A20110117587543 E170 403000 801660 120 30 999 NONE NONE 210
	FP_ROUTE KPIT..KDCA

TRACK_TIME 1167737286
TRACK A20110117587546 A319 395800 1043760 120 30 999 NONE NONE 370
	FP_ROUTE KDEN..KTPA

TRACK_TIME 1167737286
TRACK A20110117587549 CRJ2 304200 881600 120 30 999 NONE NONE 240
	FP_ROUTE KMOB..KATL

TRACK_TIME 1167737286
TRACK A20110117587550 DH8D 472560 1221800 120 30 999 NONE NONE 210
	FP_ROUTE KSEA..KPUW

TRACK_TIME 1167737286
TRACK A20110117587551 B737 390700 763760 120 30 999 NONE NONE 380
	FP_ROUTE KBWI..KFLL

TRACK_TIME 1167737286
TRACK A20110117587553 E170 404300 740760 120 30 999 NONE NONE 360
	FP_ROUTE KEWR..KORD

TRACK_TIME 1167737286
TRACK A20110117587554 DH8D 464360 1170700 120 30 999 NONE NONE 31
	FP_ROUTE KPUW..KLWS

TRACK_TIME 1167737286
TRACK A20110117587555 A319 351200 805700 120 30 999 NONE NONE 99
	FP_ROUTE KCLT..KMEM

TRACK_TIME 1167737286
TRACK A20110117587557 CRJ9 390760 944200 120 30 999 NONE NONE 330
	FP_ROUTE KMCI..KMEM

TRACK_TIME 1167737286
TRACK A20110117587558 AT72 174360 644600 120 30 999 NONE NONE 60
	FP_ROUTE KSTX..KSJU

TRACK_TIME 1167737286
TRACK A20110117587559 B734 385260 770400 120 30 999 NONE NONE 300
	FP_ROUTE KDCA..KFLL

TRACK_TIME 1167737286
TRACK A20110117587563 A319 333900 842260 120 30 999 NONE NONE 340
	FP_ROUTE KATL..KMDW

TRACK_TIME 1167737286
TRACK A20110117587565 E135 420100 875700 120 30 999 NONE NONE 111
	FP_ROUTE KORD..KCID

TRACK_TIME 1167737286
TRACK A20110117587576 DH8D 453600 1223700 120 30 999 NONE NONE 120
	FP_ROUTE KPDX..KSEA

TRACK_TIME 1167737286
TRACK A20110117587577 B734 612260 1500100 120 30 999 NONE NONE 340
	FP_ROUTE KANC..KFAI

TRACK_TIME 1167737286
TRACK A20110117587580 B744 611060 1501960 120 30 999 NONE NONE 330
	FP_ROUTE KANC..KLAX

TRACK_TIME 1167737286
TRACK A20110117587586 E145 303100 813900 120 30 999 NONE NONE 360
	FP_ROUTE KJAX..KIAH

TRACK_TIME 1167737286
TRACK A20110117587587 MD82 284660 811300 120 30 999 NONE NONE 350
	FP_ROUTE KSFB..KELM

TRACK_TIME 1167737286
TRACK A20110117587592 LJ35 341360 1183100 120 30 999 NONE NONE 390
	FP_ROUTE KVNY..KSAT

TRACK_TIME 1167737286
TRACK A20110117587596 B712 433900 701960 120 30 999 NONE NONE 320
	FP_ROUTE KPWM..KBWI

TRACK_TIME 1167737286
TRACK A20110117587597 BE20 472260 924960 120 30 999 NONE NONE 140
	FP_ROUTE KHIB..KSTP

TRACK_TIME 1167737286
TRACK A20110117587601 DH8D 425700 784300 120 30 999 NONE NONE 190
	FP_ROUTE KBUF..KEWR

TRACK_TIME 1167737286
TRACK A20110117587604 E135 335560 1182560 120 30 999 NONE NONE 110
	FP_ROUTE KLAX..KSAN

TRACK_TIME 1167737286
TRACK A20110117587605 A320 430600 774200 120 30 999 NONE NONE 210
	FP_ROUTE KROC..KJFK

TRACK_TIME 1167737286
TRACK A20110117587606 A320 412100 955500 120 30 999 NONE NONE 310
	FP_ROUTE KOMA..KORD

TRACK_TIME 1167737286
TRACK A20110117587609 B712 392560 743100 120 30 999 NONE NONE 320
	FP_ROUTE KACY..KATL

TRACK_TIME 1167737286
TRACK A20110117587610 B752 264060 800400 120 30 999 NONE NONE 350
	FP_ROUTE KPBI..KATL

TRACK_TIME 1167737286
TRACK A20110117587612 CRJ2 294060 821600 120 30 999 NONE NONE 240
	FP_ROUTE KGNV..KATL

TRACK_TIME 1167737286
TRACK A20110117587613 B737 314900 1062260 120 30 999 NONE NONE 410
	FP_ROUTE KELP..KSAT

TRACK_TIME 1167737286
TRACK A20110117587622 E145 373160 771900 120 30 999 NONE NONE 101
	FP_ROUTE KRIC..KIAD

TRACK_TIME 1167737286
TRACK A20110117587629 E145 400000 825260 120 30 999 NONE NONE 100
	FP_ROUTE KCMH..KCVG

TRACK_TIME 1167737286
TRACK A20110117587631 B712 282500 811900 120 30 999 NONE NONE 320
	FP_ROUTE KMCO..KLEX

TRACK_TIME 1167737286
TRACK A20110117587633 A320 332560 1120160 120 30 999 NONE NONE 350
	FP_ROUTE KPHX..KMSP

TRACK_TIME 1167737286
TRACK A20110117587634 LJ35 335860 1182860 120 30 999 NONE NONE 340
	FP_ROUTE KSMO..KSJC

TRACK_TIME 1167737286
TRACK A20110117587640 E145 385800 773100 120 30 999 NONE NONE 140
	FP_ROUTE KIAD..KMDT

TRACK_TIME 1167737286
TRACK A20110117587644 CRJ2 363600 1215400 120 30 999 NONE NONE 310
	FP_ROUTE KMRY..KPHX

TRACK_TIME 1167737286
TRACK A20110117587645 A320 334960 1181000 120 30 999 NONE NONE 350
	FP_ROUTE KLGB..KIAD

TRACK_TIME 1167737286
TRACK A20110117587651 CRJ2 395700 841300 120 30 999 NONE NONE 280
	FP_ROUTE KDAY..KMSP

TRACK_TIME 1167737286
TRACK A20110117587652 B733 361060 955260 120 30 999 NONE NONE 290
	FP_ROUTE KTUL..KHOU

TRACK_TIME 1167737286
TRACK A20110117587667 B762 404000 734360 120 30 999 NONE NONE 399
	FP_ROUTE KJFK..KLAX

TRACK_TIME 1167737286
TRACK A20110117587671 B737 324960 964960 120 30 999 NONE NONE 200
	FP_ROUTE KDAL..KAUS

TRACK_TIME 1167737286
TRACK A20110117587672 B737 301800 973460 120 30 999 NONE NONE 390
	FP_ROUTE KAUS..KBNA

TRACK_TIME 1167737286
TRACK A20110117587674 B737 360600 864000 120 30 999 NONE NONE 370
	FP_ROUTE KBNA..KPHL

TRACK_TIME 1167737286
TRACK A20110117587676 B737 395200 751300 120 30 999 NONE NONE 230
	FP_ROUTE KPHL..KBOS

TRACK_TIME 1167737286
TRACK A20110117587679 B738 421000 832200 120 30 999 NONE NONE 380
	FP_ROUTE KDTW..KATL

TRACK_TIME 1167737286
TRACK A20110117587685 CRJ2 354600 840300 120 30 999 NONE NONE 120
	FP_ROUTE KTYS..KATL

TRACK_TIME 1167737286
TRACK A20110117587687 B752 453600 1223600 120 30 999 NONE NONE 370
	FP_ROUTE KPDX..KSFO

TRACK_TIME 1167737286
TRACK A20110117587688 A320 373760 1222200 120 30 999 NONE NONE 350
	FP_ROUTE KSFO..KORD

TRACK_TIME 1167737286
TRACK A20110117587701 DH8A 380900 782700 120 30 999 NONE NONE 120
	FP_ROUTE KCHO..KLGA

TRACK_TIME 1167737286
TRACK A20110117587707 B712 385500 773300 120 30 999 NONE NONE 320
	FP_ROUTE KIAD..KATL

TRACK_TIME 1167737286
TRACK A20110117587708 B712 385400 770400 120 30 999 NONE NONE 340
	FP_ROUTE KDCA..KATL

TRACK_TIME 1167737286
TRACK A20110117587710 E145 415700 724200 120 30 999 NONE NONE 300
	FP_ROUTE KBDL..KCLE

TRACK_TIME 1167737286
TRACK A20110117587715 A319 385260 770400 120 30 999 NONE NONE 360
	FP_ROUTE KDCA..KATL

TRACK_TIME 1167737286
TRACK A20110117587719 B738 335560 1182700 120 30 999 NONE NONE 350
	FP_ROUTE KLAX..KIAD

TRACK_TIME 1167737286
TRACK A20110117587720 DH8A 404800 735100 120 30 999 NONE NONE 100
	FP_ROUTE KLGA..KBUF

TRACK_TIME 1167737286
TRACK A20110117587722 A320 404000 734300 120 30 999 NONE NONE 220
	FP_ROUTE KJFK..KBUF

TRACK_TIME 1167737286
TRACK A20110117587728 DH8D 391500 1065260 120 30 999 NONE NONE 220
	FP_ROUTE KASE..KDEN

TRACK_TIME 1167737286
TRACK A20110117587750 CRJ2 373760 1222200 120 30 999 NONE NONE 290
	FP_ROUTE KSFO..KTUS

TRACK_TIME 1167737286
TRACK A20110117587762 B735 391500 950160 120 30 999 NONE NONE 360
	FP_ROUTE KMCI..KPHX

TRACK_TIME 1167737286
TRACK A20110117587765 B735 300760 973900 120 30 999 NONE NONE 350
	FP_ROUTE KAUS..KEWR

TRACK_TIME 1167737286
TRACK A20110117587766 E135 404360 734960 120 30 999 NONE NONE 400
	FP_ROUTE KLGA..KAPF

TRACK_TIME 1167737286
TRACK A20110117587774 B752 335560 1182700 120 30 999 NONE NONE 370
	FP_ROUTE KLAX..KBOS

TRACK_TIME 1167737286
TRACK A20110117587775 MD11 325400 1171200 120 30 999 NONE NONE 350
	FP_ROUTE KNKX..KBIF

TRACK_TIME 1167737286
TRACK A20110117587776 B737 414500 874600 120 30 999 NONE NONE 380
	FP_ROUTE KMDW..KHOU

TRACK_TIME 1167737286
TRACK A20110117587785 B737 293900 951800 120 30 999 NONE NONE 380
	FP_ROUTE KHOU..KOAK

TRACK_TIME 1167737286
TRACK A20110117587789 CRJ2 403100 801800 120 30 999 NONE NONE 100
	FP_ROUTE KPIT..KLGA

TRACK_TIME 1167737286
TRACK A20110117587795 CRJ2 333900 842400 120 30 999 NONE NONE 280
	FP_ROUTE KATL..KMOB

TRACK_TIME 1167737286
TRACK A20110117587797 B737 374360 1221600 120 30 999 NONE NONE 330
	FP_ROUTE KOAK..KBUR

TRACK_TIME 1167737286
TRACK A20110117587799 B737 333900 1175260 120 30 999 NONE NONE 380
	FP_ROUTE KSNA..KSJC

TRACK_TIME 1167737286
TRACK A20110117587800 B737 372260 1215700 120 30 999 NONE NONE 400
	FP_ROUTE KSJC..KPDX

TRACK_TIME 1167737286
TRACK A20110117587801 B737 372200 1215560 120 30 999 NONE NONE 330
	FP_ROUTE KSJC..KBUR

TRACK_TIME 1167737286
TRACK A20110117587803 CRJ2 303900 881200 120 30 999 NONE NONE 240
	FP_ROUTE KMOB..KATL

TRACK_TIME 1167737286
TRACK A20110117587805 MD82 325200 970300 120 30 999 NONE NONE 340
	FP_ROUTE KDFW..KBUR

TRACK_TIME 1167737286
TRACK A20110117587810 E145 371800 795800 120 30 999 NONE NONE 60
	FP_ROUTE KROA..KIAD

TRACK_TIME 1167737286
TRACK A20110117587816 E120 373760 1222100 120 30 999 NONE NONE 70
	FP_ROUTE KSFO..KMOD

TRACK_TIME 1167737286
TRACK A20110117587817 E120 373700 1210000 120 30 999 NONE NONE 90
	FP_ROUTE KMOD..KSFO

TRACK_TIME 1167737286
TRACK A20110117587819 CL60 303000 911200 120 30 999 NONE NONE 370
	FP_ROUTE KBTR..KMDW

TRACK_TIME 1167737286
TRACK A20110117587820 B733 390460 944800 120 30 999 NONE NONE 300
	FP_ROUTE KMCI..KDAL

TRACK_TIME 1167737286
TRACK A20110117587821 B733 325200 965200 120 30 999 NONE NONE 220
	FP_ROUTE KDAL..KAUS

TRACK_TIME 1167737286
TRACK A20110117587824 CL60 414600 874360 120 30 999 NONE NONE 360
	FP_ROUTE KMDW..KBTR

TRACK_TIME 1167737286
TRACK A20110117587825 E120 453600 1223600 120 30 999 NONE NONE 99
	FP_ROUTE KPDX..KSEA

TRACK_TIME 1167737286
TRACK A20110117587828 B743 415800 875500 120 30 999 NONE NONE 380
	FP_ROUTE KORD..KLAX

TRACK_TIME 1167737286
TRACK A20110117587829 B734 395200 1044900 120 30 999 NONE NONE 340
	FP_ROUTE KDEN..KENV

TRACK_TIME 1167737286
TRACK A20110117587837 CRJ2 405200 812800 120 30 999 NONE NONE 110
	FP_ROUTE KCAK..KDTW

TRACK_TIME 1167737286
TRACK A20110117587838 E120 453600 1223600 120 30 999 NONE NONE 129
	FP_ROUTE KPDX..KEUG

TRACK_TIME 1167737286
TRACK A20110117587845 E135 393460 1194660 120 30 999 NONE NONE 370
	FP_ROUTE KRNO..KLAX

TRACK_TIME 1167737286
TRACK A20110117587855 B737 611360 1500400 120 30 999 NONE NONE 380
	FP_ROUTE KANC..KSCC

TRACK_TIME 1167737286
TRACK A20110117587874 CRJ1 345700 821060 120 30 999 NONE NONE 330
	FP_ROUTE KGSP..KDTW

TRACK_TIME 1167737286
TRACK A20110117587880 E170 390460 765800 120 30 999 NONE NONE 290
	FP_ROUTE KDCA..KMHT

TRACK_TIME 1167737286
TRACK A20110117587881 CRJ2 425400 1063000 120 30 999 NONE NONE 250
	FP_ROUTE KCPR..KDEN

TRACK_TIME 1167737286
TRACK A20110117587884 CRJ2 404600 1115800 120 30 999 NONE NONE 260
	FP_ROUTE KSLC..KDXZ

TRACK_TIME 1167737286
TRACK A20110117587889 CRJ2 370160 1133100 120 30 999 NONE NONE 270
	FP_ROUTE KDXZ..KSLC

TRACK_TIME 1167737286
TRACK A20110117587890 MD83 284660 811300 120 30 999 NONE NONE 340
	FP_ROUTE KSFB..KRFD

TRACK_TIME 1167737286
TRACK A20110117587892 A320 422200 705800 120 30 999 NONE NONE 360
	FP_ROUTE KBOS..KRSW

TRACK_TIME 1167737286
TRACK A20110117587897 A320 280160 823300 120 30 999 NONE NONE 390
	FP_ROUTE KTPA..KBOS

TRACK_TIME 1167737286
TRACK A20110117587901 CRJ2 342560 1195200 120 30 999 NONE NONE 270
	FP_ROUTE KSBA..KPHX

TRACK_TIME 1167737286
TRACK A20110117587904 B752 282500 811900 120 30 999 NONE NONE 290
	FP_ROUTE KMCO..KPHL

TRACK_TIME 1167737286
TRACK A20110117587905 B744 325700 970300 120 30 999 NONE NONE 400
	FP_ROUTE KDFW..KANC

TRACK_TIME 1167737286
TRACK A20110117587913 A320 394960 1044500 120 30 999 NONE NONE 380
	FP_ROUTE KDEN..KLAX

TRACK_TIME 1167737286
TRACK A20110117587918 B752 260460 800760 120 30 999 NONE NONE 370
	FP_ROUTE KFLL..KATL

TRACK_TIME 1167737286
TRACK A20110117587922 DH8A 430600 774060 120 30 999 NONE NONE 171
	FP_ROUTE KROC..KLGA

TRACK_TIME 1167737286
TRACK A20110117587936 C560 341060 1182200 120 30 999 NONE NONE 250
	FP_ROUTE KBUR..KLAS

TRACK_TIME 1167737286
TRACK A20110117587938 C560 360600 1151000 120 30 999 NONE NONE 220
	FP_ROUTE KLAS..KVNY

TRACK_TIME 1167737286
TRACK A20110117587946 CRJ1 421200 853160 120 30 999 NONE NONE 110
	FP_ROUTE KAZO..KDTW

TRACK_TIME 1167737286
TRACK A20110117587950 A320 282500 811800 120 30 999 NONE NONE 350
	FP_ROUTE KMCO..KSJU

TRACK_TIME 1167737286
TRACK A20110117587951 CRJ2 390460 1082860 120 30 999 NONE NONE 250
	FP_ROUTE KGJT..KDEN

TRACK_TIME 1167737286
TRACK A20110117587953 CRJ2 481660 1141660 120 30 999 NONE NONE 330
	FP_ROUTE KGPI..KSLC

TRACK_TIME 1167737286
TRACK A20110117587954 CRJ2 394360 861500 120 30 999 NONE NONE 220
	FP_ROUTE KIND..KMEM

TRACK_TIME 1167737286
TRACK A20110117587955 CRJ2 385500 773160 120 30 999 NONE NONE 300
	FP_ROUTE KIAD..KSAV

TRACK_TIME 1167737286
TRACK A20110117587965 B737 414600 874500 120 30 999 NONE NONE 350
	FP_ROUTE KMDW..KBUF

TRACK_TIME 1167737286
TRACK A20110117587967 MD82 415800 875700 120 30 999 NONE NONE 360
	FP_ROUTE KORD..KDFW

TRACK_TIME 1167737286
TRACK A20110117587969 A319 404900 735200 120 30 999 NONE NONE 360
	FP_ROUTE KLGA..KFLL

TRACK_TIME 1167737286
TRACK A20110117587970 C560 341300 1182860 120 30 999 NONE NONE 330
	FP_ROUTE KVNY..KSLC

TRACK_TIME 1167737286
TRACK A20110117587971 DH8A 612700 1500160 120 30 999 NONE NONE 200
	FP_ROUTE KANC..KFAI

TRACK_TIME 1167737286
TRACK A20110117587972 C560 404800 1115800 120 30 999 NONE NONE 320
	FP_ROUTE KSLC..KBUR

TRACK_TIME 1167737286
TRACK A20110117587976 A319 385260 770300 120 30 999 NONE NONE 210
	FP_ROUTE KDCA..KLGA

TRACK_TIME 1167737286
TRACK A20110117587980 A320 332560 1120160 120 30 999 NONE NONE 350
	FP_ROUTE KPHX..KJFK

TRACK_TIME 1167737286
TRACK A20110117587988 B738 385800 773100 120 30 999 NONE NONE 380
	FP_ROUTE KIAD..KMIA

TRACK_TIME 1167737286
TRACK A20110117587990 B744 611800 1501000 120 30 999 NONE NONE 350
	FP_ROUTE KANC..KJFK

TRACK_TIME 1167737286
TRACK A20110117587991 SF34 381000 782560 120 30 999 NONE NONE 40
	FP_ROUTE KCHO..KIAD

TRACK_TIME 1167737286
TRACK A20110117587995 CRJ2 380700 782800 120 30 999 NONE NONE 320
	FP_ROUTE KCHO..KATL

TRACK_TIME 1167737286
TRACK A20110117587996 B738 254800 801900 120 30 999 NONE NONE 340
	FP_ROUTE KMIA..KPHX

TRACK_TIME 1167737286
TRACK A20110117587997 B732 303000 814060 120 30 999 NONE NONE 270
	FP_ROUTE KJAX..KACY

TRACK_TIME 1167737286
TRACK A20110117588003 B735 261360 974000 120 30 999 NONE NONE 60
	FP_ROUTE KHRL..KHOU

TRACK_TIME 1167737286
TRACK A20110117588009 B712 280000 823300 120 30 999 NONE NONE 340
	FP_ROUTE KTPA..KATL

TRACK_TIME 1167737286
TRACK A20110117588015 CRJ2 345560 821300 120 30 999 NONE NONE 110
	FP_ROUTE KGSP..KATL

TRACK_TIME 1167737286
TRACK A20110117588021 CRJ2 475860 971060 120 30 999 NONE NONE 60
	FP_ROUTE KGFK..KMSP

TRACK_TIME 1167737286
TRACK A20110117588022 DH8D 441500 1211000 120 30 999 NONE NONE 220
	FP_ROUTE KRDM..KSEA

TRACK_TIME 1167737286
TRACK A20110117588026 CRJ2 333760 842100 120 30 999 NONE NONE 250
	FP_ROUTE KATL..KMYR

TRACK_TIME 1167737286
TRACK A20110117588029 SF34 301060 920760 120 30 999 NONE NONE 100
	FP_ROUTE KLFT..KIAH

TRACK_TIME 1167737286
TRACK A20110117588030 CRJ2 334200 785560 120 30 999 NONE NONE 280
	FP_ROUTE KMYR..KATL

TRACK_TIME 1167737286
TRACK A20110117588031 B737 414360 874800 120 30 999 NONE NONE 380
	FP_ROUTE KMDW..KSAN

TRACK_TIME 1167737286
TRACK A20110117588033 E135 335560 1182700 120 30 999 NONE NONE 220
	FP_ROUTE KLAX..KMRY

TRACK_TIME 1167737286
TRACK A20110117588034 CRJ2 475800 971060 120 30 999 NONE NONE 250
	FP_ROUTE KGFK..KMSP

TRACK_TIME 1167737286
TRACK A20110117588037 CRJ2 333760 842500 120 30 999 NONE NONE 40
	FP_ROUTE KATL..KGSP

TRACK_TIME 1167737286
TRACK A20110117588040 CRJ2 345560 821200 120 30 999 NONE NONE 110
	FP_ROUTE KGSP..KATL

TRACK_TIME 1167737286
TRACK A20110117588041 A319 420100 875700 120 30 999 NONE NONE 380
	FP_ROUTE KORD..KLAS

TRACK_TIME 1167737286
TRACK A20110117588050 E170 395500 1044060 120 30 999 NONE NONE 350
	FP_ROUTE KDEN..KMSP

TRACK_TIME 1167737286
TRACK A20110117588059 CRJ2 385260 770400 120 30 999 NONE NONE 170
	FP_ROUTE KDCA..KJFK

TRACK_TIME 1167737286
TRACK A20110117588071 E190 275800 823300 120 30 999 NONE NONE 370
	FP_ROUTE KTPA..KHPN

TRACK_TIME 1167737286
TRACK A20110117588075 B737 301600 974600 120 30 999 NONE NONE 360
	FP_ROUTE KAUS..KSAN

TRACK_TIME 1167737286
TRACK A20110117588076 E145 295800 952100 120 30 999 NONE NONE 230
	FP_ROUTE KIAH..KBTR

TRACK_TIME 1167737286
TRACK A20110117588080 B744 335700 1182400 120 30 999 NONE NONE 360
	FP_ROUTE KLAX..KZSPD

TRACK_TIME 1167737286
TRACK A20110117588081 B752 303100 813760 120 30 999 NONE NONE 270
	FP_ROUTE KJAX..KATL

TRACK_TIME 1167737286
TRACK A20110117588087 B738 404300 740900 120 30 999 NONE NONE 380
	FP_ROUTE KEWR..KIAH

TRACK_TIME 1167737286
TRACK A20110117588091 B738 472560 1221800 120 30 999 NONE NONE 370
	FP_ROUTE KSEA..KDTW

TRACK_TIME 1167737286
TRACK A20110117588092 B752 335560 1182700 120 30 999 NONE NONE 370
	FP_ROUTE KLAX..KDTW

TRACK_TIME 1167737286
TRACK A20110117588093 B739 472500 1221900 120 30 999 NONE NONE 350
	FP_ROUTE KSEA..KMSP

TRACK_TIME 1167737286
TRACK A20110117588098 E135 325500 970160 120 30 999 NONE NONE 290
	FP_ROUTE KDFW..KJAN

TRACK_TIME 1167737286
TRACK A20110117588099 E135 321900 900600 120 30 999 NONE NONE 300
	FP_ROUTE KJAN..KDFW

TRACK_TIME 1167737286
TRACK A20110117588101 E145 325500 970300 120 30 999 NONE NONE 360
	FP_ROUTE KDFW..KGJT

TRACK_TIME 1167737286
TRACK A20110117588104 B733 332500 1120400 120 30 999 NONE NONE 319
	FP_ROUTE KPHX..KSNA

TRACK_TIME 1167737286
TRACK A20110117588108 DH8A 430700 760700 120 30 999 NONE NONE 40
	FP_ROUTE KSYR..KLGA

TRACK_TIME 1167737286
TRACK A20110117588119 CRJ9 320460 1105400 120 30 999 NONE NONE 160
	FP_ROUTE KTUS..KPHX

TRACK_TIME 1167737286
TRACK A20110117588122 B737 453600 1223700 120 30 999 NONE NONE 330
	FP_ROUTE KPDX..KIAH

TRACK_TIME 1167737286
TRACK A20110117588130 B752 373760 1222200 120 30 999 NONE NONE 370
	FP_ROUTE KSFO..KJFK

TRACK_TIME 1167737286
TRACK A20110117588137 B737 425700 784300 120 30 999 NONE NONE 250
	FP_ROUTE KBUF..KBWI

TRACK_TIME 1167737286
TRACK A20110117588142 E170 425100 853160 120 30 999 NONE NONE 100
	FP_ROUTE KGRR..KORD

TRACK_TIME 1167737286
TRACK A20110117588143 B737 390760 763900 120 30 999 NONE NONE 360
	FP_ROUTE KBWI..KMSY

TRACK_TIME 1167737286
TRACK A20110117588144 C550 395560 841300 120 30 999 NONE NONE 220
	FP_ROUTE KDAY..KDPA

TRACK_TIME 1167737286
TRACK A20110117588145 B737 300000 901800 120 30 999 NONE NONE 380
	FP_ROUTE KMSY..KPHX

TRACK_TIME 1167737286
TRACK A20110117588146 DH8A 411600 770000 120 30 999 NONE NONE 49
	FP_ROUTE KIPT..KPHL

TRACK_TIME 1167737286
TRACK A20110117588148 SF34 405400 774900 120 30 999 NONE NONE 150
	FP_ROUTE KUNV..KIAD

TRACK_TIME 1167737286
TRACK A20110117588153 B752 360600 1150900 120 30 999 NONE NONE 360
	FP_ROUTE KLAS..KSFO

TRACK_TIME 1167737286
TRACK A20110117588154 B752 335560 1182560 120 30 999 NONE NONE 370
	FP_ROUTE KLAX..KJFK

TRACK_TIME 1167737286
TRACK A20110117588155 B737 352200 973600 120 30 999 NONE NONE 390
	FP_ROUTE KOKC..KSTL

TRACK_TIME 1167737286
TRACK A20110117588160 B737 384360 901600 120 30 999 NONE NONE 270
	FP_ROUTE KSTL..KMDW

TRACK_TIME 1167737286
TRACK A20110117588162 CRJ2 350160 895860 120 30 999 NONE NONE 310
	FP_ROUTE KMEM..KPIT

TRACK_TIME 1167737286
TRACK A20110117588163 B737 414360 874300 120 30 999 NONE NONE 380
	FP_ROUTE KMDW..KAUS

TRACK_TIME 1167737286
TRACK A20110117588164 B737 332560 1120300 120 30 999 NONE NONE 340
	FP_ROUTE KPHX..KSLC

TRACK_TIME 1167737286
TRACK A20110117588171 A320 404360 740700 120 30 999 NONE NONE 360
	FP_ROUTE KEWR..KCLT

TRACK_TIME 1167737286
TRACK A20110117588173 E170 404360 734960 120 30 999 NONE NONE 220
	FP_ROUTE KLGA..KDCA

TRACK_TIME 1167737286
TRACK A20110117588179 EA50 351900 941200 120 30 999 NONE NONE 330
	FP_ROUTE KFSM..KOSX

TRACK_TIME 1167737286
TRACK A20110117588187 CRJ9 351200 805700 120 30 999 NONE NONE 320
	FP_ROUTE KCLT..KCLE

TRACK_TIME 1167737286
TRACK A20110117588191 B737 360760 1150700 120 30 999 NONE NONE 370
	FP_ROUTE KLAS..KHOU

TRACK_TIME 1167737286
TRACK A20110117588199 B737 295700 952100 120 30 999 NONE NONE 390
	FP_ROUTE KIAH..KCLE

TRACK_TIME 1167737286
TRACK A20110117588203 CRJ2 351000 805560 120 30 999 NONE NONE 190
	FP_ROUTE KCLT..KEWN

TRACK_TIME 1167737286
TRACK A20110117588207 B738 394360 861600 120 30 999 NONE NONE 370
	FP_ROUTE KIND..KATL

TRACK_TIME 1167737286
TRACK A20110117588209 B734 275400 824060 120 30 999 NONE NONE 340
	FP_ROUTE KPIE..KGPT

TRACK_TIME 1167737286
TRACK A20110117588212 CRJ2 295800 952100 120 30 999 NONE NONE 250
	FP_ROUTE KIAH..KMEM

TRACK_TIME 1167737286
TRACK A20110117588213 E145 303100 911000 120 30 999 NONE NONE 200
	FP_ROUTE KBTR..KIAH

TRACK_TIME 1167737286
TRACK A20110117588214 CRJ2 390160 843900 120 30 999 NONE NONE 250
	FP_ROUTE KCVG..KCLT

TRACK_TIME 1167737286
TRACK A20110117588226 B737 303000 814000 120 30 999 NONE NONE 410
	FP_ROUTE KJAX..KBWI

TRACK_TIME 1167737286
TRACK A20110117588227 CRJ2 433400 964600 120 30 999 NONE NONE 290
	FP_ROUTE KFSD..KDTW

TRACK_TIME 1167737286
TRACK A20110117588237 B733 324960 964960 120 30 999 NONE NONE 340
	FP_ROUTE KDAL..KLBB

TRACK_TIME 1167737286
TRACK A20110117588249 B733 293300 982700 120 30 999 NONE NONE 360
	FP_ROUTE KSAT..KELP

TRACK_TIME 1167737286
TRACK A20110117588250 B733 314900 1062200 120 30 999 NONE NONE 340
	FP_ROUTE KELP..KPHX

TRACK_TIME 1167737286
TRACK A20110117588261 DH8A 610400 1501800 120 30 999 NONE NONE 40
	FP_ROUTE KANC..KENA

TRACK_TIME 1167737286
TRACK A20110117588264 B733 344300 921500 120 30 999 NONE NONE 340
	FP_ROUTE KLIT..KDAL

TRACK_TIME 1167737286
TRACK A20110117588265 B733 324960 964960 120 30 999 NONE NONE 360
	FP_ROUTE KDAL..KMAF

TRACK_TIME 1167737286
TRACK A20110117588267 B734 385500 770460 120 30 999 NONE NONE 310
	FP_ROUTE KDCA..KPVD

TRACK_TIME 1167737286
TRACK A20110117588268 B752 421060 832400 120 30 999 NONE NONE 360
	FP_ROUTE KDTW..KLAS

TRACK_TIME 1167737286
TRACK A20110117588271 CRJ2 394300 861660 120 30 999 NONE NONE 120
	FP_ROUTE KIND..KDTW

TRACK_TIME 1167737286
TRACK A20110117588281 CRJ2 421200 832100 120 30 999 NONE NONE 290
	FP_ROUTE KDTW..KPWM

TRACK_TIME 1167737286
TRACK A20110117588286 AT72 343300 982500 120 30 999 NONE NONE 89
	FP_ROUTE KLAW..KDFW

TRACK_TIME 1167737286
TRACK A20110117588287 PAY2 350460 895860 120 30 999 NONE NONE 210
	FP_ROUTE KMEM..KLAF

TRACK_TIME 1167737286
TRACK A20110117588290 A319 392800 743700 120 30 999 NONE NONE 360
	FP_ROUTE KACY..KMYR

TRACK_TIME 1167737286
TRACK A20110117588297 E135 371360 932260 120 30 999 NONE NONE 260
	FP_ROUTE KSGF..KDFW

TRACK_TIME 1167737286
TRACK A20110117588304 E170 394360 861500 120 30 999 NONE NONE 370
	FP_ROUTE KIND..KBOS

TRACK_TIME 1167737286
TRACK A20110117588309 B738 421200 832260 120 30 999 NONE NONE 360
	FP_ROUTE KDTW..KPHX

TRACK_TIME 1167737286
TRACK A20110117588312 B738 472500 1221800 120 30 999 NONE NONE 370
	FP_ROUTE KSEA..KDFW

TRACK_TIME 1167737286
TRACK A20110117588314 E170 385200 770300 120 30 999 NONE NONE 320
	FP_ROUTE KDCA..KMSY

TRACK_TIME 1167737286
TRACK A20110117588318 CRJ2 410460 734500 120 30 999 NONE NONE 340
	FP_ROUTE KHPN..KDTW

TRACK_TIME 1167737286
TRACK A20110117588319 B763 475400 1221660 120 30 999 NONE NONE 390
	FP_ROUTE KPAE..KDFW

TRACK_TIME 1167737286
TRACK A20110117588320 E145 343100 865200 120 30 999 NONE NONE 340
	FP_ROUTE KHSV..KIAH

TRACK_TIME 1167737286
TRACK A20110117588325 B737 360600 1150900 120 30 999 NONE NONE 390
	FP_ROUTE KLAS..KSAT

TRACK_TIME 1167737286
TRACK A20110117588327 A319 303000 814060 120 30 999 NONE NONE 390
	FP_ROUTE KJAX..KLGA

TRACK_TIME 1167737286
TRACK A20110117588329 E145 295700 952100 120 30 999 NONE NONE 290
	FP_ROUTE KIAH..KXNA

TRACK_TIME 1167737286
TRACK A20110117588332 CL60 393900 1065500 120 30 999 NONE NONE 350
	FP_ROUTE KEGE..KMGM

TRACK_TIME 1167737286
TRACK A20110117588334 CRJ2 335700 810460 120 30 999 NONE NONE 320
	FP_ROUTE KCAE..KORD

TRACK_TIME 1167737286
TRACK A20110117588339 E170 421060 832260 120 30 999 NONE NONE 340
	FP_ROUTE KDTW..KDFW

TRACK_TIME 1167737286
TRACK A20110117588343 B733 351060 805700 120 30 999 NONE NONE 100
	FP_ROUTE KCLT..KPIT

TRACK_TIME 1167737286
TRACK A20110117588345 A319 351060 805560 120 30 999 NONE NONE 170
	FP_ROUTE KCLT..KMYR

TRACK_TIME 1167737286
TRACK A20110117588346 DH8A 351200 805560 120 30 999 NONE NONE 170
	FP_ROUTE KCLT..KEWN

TRACK_TIME 1167737286
TRACK A20110117588347 CRJ9 351200 805700 120 30 999 NONE NONE 320
	FP_ROUTE KCLT..KCVG

TRACK_TIME 1167737286
TRACK A20110117588349 CRJ2 433100 840400 120 30 999 NONE NONE 110
	FP_ROUTE KMBS..KDTW

TRACK_TIME 1167737286
TRACK A20110117588350 DH8C 351200 805500 120 30 999 NONE NONE 90
	FP_ROUTE KCLT..KLYH

TRACK_TIME 1167737286
TRACK A20110117588354 CRJ2 391060 764300 120 30 999 NONE NONE 90
	FP_ROUTE KBWI..KPHL

TRACK_TIME 1167737286
TRACK A20110117588355 CRJ2 395260 751000 120 30 999 NONE NONE 100
	FP_ROUTE KPHL..KGSO

TRACK_TIME 1167737286
TRACK A20110117588356 A319 303000 814060 120 30 999 NONE NONE 90
	FP_ROUTE KJAX..KCLT

TRACK_TIME 1167737286
TRACK A20110117588361 B752 373760 1222100 120 30 999 NONE NONE 350
	FP_ROUTE KSFO..KORD

TRACK_TIME 1167737286
TRACK A20110117588362 CL60 404960 742260 120 30 999 NONE NONE 400
	FP_ROUTE KMMU..KVRB

TRACK_TIME 1167737286
TRACK A20110117588366 DH8D 440760 1231300 120 30 999 NONE NONE 100
	FP_ROUTE KEUG..KPDX

TRACK_TIME 1167737286
TRACK A20110117588367 CRJ2 361600 955200 120 30 999 NONE NONE 330
	FP_ROUTE KTUL..KORD

TRACK_TIME 1167737286
TRACK A20110117588369 SF34 422200 710100 120 30 999 NONE NONE 161
	FP_ROUTE KBOS..KPBG

TRACK_TIME 1167737286
TRACK A20110117588380 B737 325200 965260 120 30 999 NONE NONE 300
	FP_ROUTE KDAL..KSAT

TRACK_TIME 1167737286
TRACK A20110117588383 BE20 402100 795400 120 30 999 NONE NONE 100
	FP_ROUTE KAGC..KZZV

TRACK_TIME 1167737286
TRACK A20110117588384 B738 260460 800760 120 30 999 NONE NONE 360
	FP_ROUTE KFLL..KLAX

TRACK_TIME 1167737286
TRACK A20110117588388 B738 400000 825260 120 30 999 NONE NONE 360
	FP_ROUTE KCMH..KATL

TRACK_TIME 1167737286
TRACK A20110117588391 B733 351200 1014500 120 30 999 NONE NONE 320
	FP_ROUTE KAMA..KLAS

TRACK_TIME 1167737286
TRACK A20110117588392 B738 295700 952100 120 30 999 NONE NONE 390
	FP_ROUTE KIAH..KOMA

TRACK_TIME 1167737286
TRACK A20110117588394 E135 323160 845500 120 30 999 NONE NONE 340
	FP_ROUTE KCSG..KDFW

TRACK_TIME 1167737286
TRACK A20110117588402 A319 404900 1120000 120 30 999 NONE NONE 360
	FP_ROUTE KSLC..KSAN

TRACK_TIME 1167737286
TRACK A20110117588406 E190 422200 705860 120 30 999 NONE NONE 160
	FP_ROUTE KBOS..KLGA

TRACK_TIME 1167737286
TRACK A20110117588407 B738 333900 1175260 120 30 999 NONE NONE 370
	FP_ROUTE KSNA..KDFW

TRACK_TIME 1167737286
TRACK A20110117588409 B772 211800 1575560 120 30 999 NONE NONE 360
	FP_ROUTE KHNL..KSFO

TRACK_TIME 1167737286
TRACK A20110117588410 A319 421200 832100 120 30 999 NONE NONE 190
	FP_ROUTE KDTW..KDCA

TRACK_TIME 1167737286
TRACK A20110117588411 A319 351200 805560 120 30 999 NONE NONE 390
	FP_ROUTE KCLT..KPVD

TRACK_TIME 1167737286
TRACK A20110117588412 AT72 325400 970300 120 30 999 NONE NONE 80
	FP_ROUTE KDFW..KSPS

TRACK_TIME 1167737286
TRACK A20110117588413 MD83 472560 1221800 120 30 999 NONE NONE 350
	FP_ROUTE KSEA..KLAS

TRACK_TIME 1167737286
TRACK A20110117588415 A320 415800 880300 120 30 999 NONE NONE 360
	FP_ROUTE KORD..KPDX

TRACK_TIME 1167737286
TRACK A20110117588416 CRJ2 414960 861600 120 30 999 NONE NONE 69
	FP_ROUTE KSBN..KORD

TRACK_TIME 1167737286
TRACK A20110117588417 BE20 445260 931000 120 30 999 NONE NONE 200
	FP_ROUTE KMSP..KRRT

TRACK_TIME 1167737286
TRACK A20110117588419 BE20 322860 1111600 120 30 999 NONE NONE 240
	FP_ROUTE KAVQ..KLAS

TRACK_TIME 1167737286
TRACK A20110117588420 B734 453600 1223760 120 30 999 NONE NONE 250
	FP_ROUTE KPDX..KSFO

TRACK_TIME 1167737286
TRACK A20110117588426 A319 373760 1222200 120 30 999 NONE NONE 370
	FP_ROUTE KSFO..KJFK

TRACK_TIME 1167737286
TRACK A20110117588434 B762 390300 844060 120 30 999 NONE NONE 390
	FP_ROUTE KCVG..KBWI

TRACK_TIME 1167737286
TRACK A20110117588439 MD82 325700 970160 120 30 999 NONE NONE 270
	FP_ROUTE KDFW..KSTL

TRACK_TIME 1167737286
TRACK A20110117588443 E135 420000 875560 120 30 999 NONE NONE 120
	FP_ROUTE KORD..KMLI

TRACK_TIME 1167737286
TRACK A20110117588447 DH8D 404500 740700 120 30 999 NONE NONE 240
	FP_ROUTE KEWR..KCMH

TRACK_TIME 1167737286
TRACK A20110117588454 F2TH 405860 812560 120 30 999 NONE NONE 330
	FP_ROUTE KCAK..KTEB

TRACK_TIME 1167737286
TRACK A20110117588455 E145 360760 795200 120 30 999 NONE NONE 290
	FP_ROUTE KGSO..KLGA

TRACK_TIME 1167737286
TRACK A20110117588456 E145 430600 774200 120 30 999 NONE NONE 210
	FP_ROUTE KROC..KJFK

TRACK_TIME 1167737286
TRACK A20110117588458 E190 422200 705800 120 30 999 NONE NONE 160
	FP_ROUTE KBOS..KLGA

TRACK_TIME 1167737286
TRACK A20110117588459 F2TH 405260 740160 120 30 999 NONE NONE 70
	FP_ROUTE KTEB..KILG

TRACK_TIME 1167737286
TRACK A20110117588462 F2TH 394300 753700 120 30 999 NONE NONE 280
	FP_ROUTE KILG..KCAK

TRACK_TIME 1167737286
TRACK A20110117588466 A319 422200 705800 120 30 999 NONE NONE 320
	FP_ROUTE KBOS..KDCA

TRACK_TIME 1167737286
TRACK A20110117588470 B752 263460 814200 120 30 999 NONE NONE 360
	FP_ROUTE KRSW..KATL

TRACK_TIME 1167737286
TRACK A20110117588473 CRJ2 355260 784660 120 30 999 NONE NONE 210
	FP_ROUTE KRDU..KDCA

TRACK_TIME 1167737286
TRACK A20110117588474 B737 282400 811800 120 30 999 NONE NONE 350
	FP_ROUTE KMCO..KATL

TRACK_TIME 1167737286
TRACK A20110117588475 E145 302200 890300 120 30 999 NONE NONE 360
	FP_ROUTE KGPT..KDFW

TRACK_TIME 1167737286
TRACK A20110117588479 B752 385860 773300 120 30 999 NONE NONE 360
	FP_ROUTE KIAD..KPDX

TRACK_TIME 1167737286
TRACK A20110117588487 A319 335560 1182560 120 30 999 NONE NONE 350
	FP_ROUTE KLAX..KFLL

TRACK_TIME 1167737286
TRACK A20110117588493 E135 324500 1171360 120 30 999 NONE NONE 100
	FP_ROUTE KSAN..KLAX

TRACK_TIME 1167737286
TRACK A20110117588497 B734 472560 1221800 120 30 999 NONE NONE 320
	FP_ROUTE KSEA..KANC

TRACK_TIME 1167737286
TRACK A20110117588500 SF34 401800 781900 120 30 999 NONE NONE 50
	FP_ROUTE KAOO..KJST

TRACK_TIME 1167737286
TRACK A20110117588506 E145 412400 815260 120 30 999 NONE NONE 220
	FP_ROUTE KCLE..KMKE

TRACK_TIME 1167737286
TRACK A20110117588509 E145 304060 881500 120 30 999 NONE NONE 360
	FP_ROUTE KMOB..KDFW

TRACK_TIME 1167737286
TRACK A20110117588510 E135 415400 913760 120 30 999 NONE NONE 170
	FP_ROUTE KCID..KORD

TRACK_TIME 1167737286
TRACK A20110117588511 E145 425500 875400 120 30 999 NONE NONE 360
	FP_ROUTE KMKE..KIAH

TRACK_TIME 1167737286
TRACK A20110117588512 EA50 330760 893700 120 30 999 NONE NONE 320
	FP_ROUTE KOSX..KFSM

TRACK_TIME 1167737286
TRACK A20110117588514 MD82 301600 974200 120 30 999 NONE NONE 330
	FP_ROUTE KAUS..KORD

TRACK_TIME 1167737286
TRACK A20110117588519 B737 373900 1222200 120 30 999 NONE NONE 290
	FP_ROUTE KSFO..KLAS

TRACK_TIME 1167737286
TRACK A20110117588521 A319 385560 773100 120 30 999 NONE NONE 380
	FP_ROUTE KIAD..KORD

TRACK_TIME 1167737286
TRACK A20110117588531 B744 612100 1495400 120 30 999 NONE NONE 330
	FP_ROUTE KANC..KDFW

TRACK_TIME 1167737286
TRACK A20110117588534 A320 395200 751660 120 30 999 NONE NONE 380
	FP_ROUTE KPHL..KORD

TRACK_TIME 1167737286
TRACK A20110117588545 B737 333900 1175260 120 30 999 NONE NONE 390
	FP_ROUTE KSNA..KEWR

TRACK_TIME 1167737286
TRACK A20110117588570 B737 300900 974200 120 30 999 NONE NONE 380
	FP_ROUTE KAUS..KLAS

TRACK_TIME 1167737286
TRACK A20110117588587 B763 211800 1575560 120 30 999 NONE NONE 110
	FP_ROUTE KHNL..KOGG

TRACK_TIME 1167737286
TRACK A20110117588588 B763 205400 1562500 120 30 999 NONE NONE 110
	FP_ROUTE KOGG..KKOA

TRACK_TIME 1167737286
TRACK A20110117588595 A320 282400 811800 120 30 999 NONE NONE 360
	FP_ROUTE KMCO..KMEM

TRACK_TIME 1167737286
TRACK A20110117588598 BE20 402800 912560 120 30 999 NONE NONE 150
	FP_ROUTE KEOK..KDPA

TRACK_TIME 1167737286
TRACK A20110117588600 E145 404360 740700 120 30 999 NONE NONE 340
	FP_ROUTE KEWR..KSAV

TRACK_TIME 1167737286
TRACK A20110117588602 B738 254800 801900 120 30 999 NONE NONE 370
	FP_ROUTE KMIA..KEWR

TRACK_TIME 1167737286
TRACK A20110117588606 B762 335560 1182700 120 30 999 NONE NONE 370
	FP_ROUTE KLAX..KJFK

TRACK_TIME 1167737286
TRACK A20110117588617 E170 373760 972700 120 30 999 NONE NONE 360
	FP_ROUTE KICT..KDEN

TRACK_TIME 1167737286
TRACK A20110117588618 B737 395200 751360 120 30 999 NONE NONE 230
	FP_ROUTE KPHL..KBOS

TRACK_TIME 1167737286
TRACK A20110117588620 DH8A 404800 735100 120 30 999 NONE NONE 120
	FP_ROUTE KLGA..KSYR

TRACK_TIME 1167737286
TRACK A20110117588628 B733 332560 1115860 120 30 999 NONE NONE 350
	FP_ROUTE KPHX..KOKC

TRACK_TIME 1167737286
TRACK A20110117588636 CRJ2 465400 1140400 120 30 999 NONE NONE 310
	FP_ROUTE KMSO..KSLC

TRACK_TIME 1167737286
TRACK A20110117588641 B733 352200 973600 120 30 999 NONE NONE 350
	FP_ROUTE KOKC..KHOU

TRACK_TIME 1167737286
TRACK A20110117588644 LJ35 272400 823400 120 30 999 NONE NONE 170
	FP_ROUTE KSRQ..KFXE

TRACK_TIME 1167737286
TRACK A20110117588647 B737 372260 1215700 120 30 999 NONE NONE 330
	FP_ROUTE KSJC..KLAS

TRACK_TIME 1167737286
TRACK A20110117588648 B737 360600 1150900 120 30 999 NONE NONE 390
	FP_ROUTE KLAS..KMDW

TRACK_TIME 1167737286
TRACK A20110117588656 CRJ2 345200 773760 120 30 999 NONE NONE 160
	FP_ROUTE KOAJ..KCLT

TRACK_TIME 1167737286
TRACK A20110117588658 B737 472560 1221900 120 30 999 NONE NONE 290
	FP_ROUTE KSEA..KGEG

TRACK_TIME 1167737286
TRACK A20110117588661 LJ35 261200 801000 120 30 999 NONE NONE 50
	FP_ROUTE KFXE..KSRQ

TRACK_TIME 1167737286
TRACK A20110117588665 MD82 264060 800000 120 30 999 NONE NONE 320
	FP_ROUTE KPBI..KORD

TRACK_TIME 1167737286
TRACK A20110117588666 CRJ2 395260 751300 120 30 999 NONE NONE 100
	FP_ROUTE KPHL..KBWI

TRACK_TIME 1167737286
TRACK A20110117588667 CRJ9 403700 735260 120 30 999 NONE NONE 300
	FP_ROUTE KJFK..KCVG

TRACK_TIME 1167737286
TRACK A20110117588668 CRJ2 332400 815860 120 30 999 NONE NONE 161
	FP_ROUTE KAGS..KATL

TRACK_TIME 1167737286
TRACK A20110117588670 MD82 415800 875800 120 30 999 NONE NONE 320
	FP_ROUTE KORD..KPSP

TRACK_TIME 1167737286
TRACK A20110117588683 E145 385700 773100 120 30 999 NONE NONE 270
	FP_ROUTE KIAD..KPVD

TRACK_TIME 1167737286
TRACK A20110117588684 B752 333700 842100 120 30 999 NONE NONE 390
	FP_ROUTE KATL..KFLL

TRACK_TIME 1167737286
TRACK A20110117588685 B738 295700 952100 120 30 999 NONE NONE 360
	FP_ROUTE KIAH..KLAX

TRACK_TIME 1167737286
TRACK A20110117588688 A320 421060 832400 120 30 999 NONE NONE 340
	FP_ROUTE KDTW..KSLC

TRACK_TIME 1167737286
TRACK A20110117588689 B752 211900 1575400 120 30 999 NONE NONE 380
	FP_ROUTE KHNL..KLAX

TRACK_TIME 1167737286
TRACK A20110117588690 B752 391060 764200 120 30 999 NONE NONE 300
	FP_ROUTE KBWI..KATL

TRACK_TIME 1167737286
TRACK A20110117588691 B733 324900 964900 120 30 999 NONE NONE 350
	FP_ROUTE KDAL..KSTL

TRACK_TIME 1167737286
TRACK A20110117588695 CRJ2 404600 1115800 120 30 999 NONE NONE 350
	FP_ROUTE KSLC..KDEN

TRACK_TIME 1167737286
TRACK A20110117588701 E145 414360 712500 120 30 999 NONE NONE 260
	FP_ROUTE KPVD..KIAD

TRACK_TIME 1167737286
TRACK A20110117588702 B739 260460 800760 120 30 999 NONE NONE 350
	FP_ROUTE KFLL..KEWR

TRACK_TIME 1167737286
TRACK A20110117588706 E170 444960 685200 120 30 999 NONE NONE 360
	FP_ROUTE KBGR..KPHL

TRACK_TIME 1167737286
TRACK A20110117588707 B734 351200 805560 120 30 999 NONE NONE 280
	FP_ROUTE KCLT..KMIA

TRACK_TIME 1167737286
TRACK A20110117588716 E145 355260 784660 120 30 999 NONE NONE 280
	FP_ROUTE KRDU..KCMH

TRACK_TIME 1167737286
TRACK A20110117588718 A319 275800 823300 120 30 999 NONE NONE 390
	FP_ROUTE KTPA..KDCA

TRACK_TIME 1167737286
TRACK A20110117588720 A320 264060 800160 120 30 999 NONE NONE 350
	FP_ROUTE KPBI..KDTW

TRACK_TIME 1167737286
TRACK A20110117588723 CRJ2 424660 843400 120 30 999 NONE NONE 60
	FP_ROUTE KLAN..KDTW

TRACK_TIME 1167737286
TRACK A20110117588724 B712 425560 875400 120 30 999 NONE NONE 360
	FP_ROUTE KMKE..KMSY

TRACK_TIME 1167737286
TRACK A20110117588727 CRJ9 351060 805560 120 30 999 NONE NONE 210
	FP_ROUTE KCLT..KILM

TRACK_TIME 1167737286
TRACK A20110117588728 MD83 282400 811900 120 30 999 NONE NONE 310
	FP_ROUTE KMCO..KORD

TRACK_TIME 1167737286
TRACK A20110117588729 B737 282500 811900 120 30 999 NONE NONE 330
	FP_ROUTE KMCO..KATL

TRACK_TIME 1167737286
TRACK A20110117588733 B737 243400 814360 120 30 999 NONE NONE 220
	FP_ROUTE KEYW..KMCO

TRACK_TIME 1167737286
TRACK A20110117588742 CRJ2 345500 821200 120 30 999 NONE NONE 310
	FP_ROUTE KGSP..KDCA

TRACK_TIME 1167737286
TRACK A20110117588744 B712 390900 764000 120 30 999 NONE NONE 340
	FP_ROUTE KBWI..KATL

TRACK_TIME 1167737286
TRACK A20110117588745 C550 393460 1045260 120 30 999 NONE NONE 350
	FP_ROUTE KAPA..KGKY

TRACK_TIME 1167737286
TRACK A20110117588746 C550 323600 970600 120 30 999 NONE NONE 200
	FP_ROUTE KGKY..KAUS

TRACK_TIME 1167737286
TRACK A20110117588757 DH8A 404800 735200 120 30 999 NONE NONE 180
	FP_ROUTE KLGA..KROC

TRACK_TIME 1167737286
TRACK A20110117588775 E135 425560 875400 120 30 999 NONE NONE 148
	FP_ROUTE KMKE..KFNT

TRACK_TIME 1167737286
TRACK A20110117588779 B712 384360 901660 120 30 999 NONE NONE 330
	FP_ROUTE KSTL..KATL

TRACK_TIME 1167737286
TRACK A20110117588780 CRJ9 351060 805560 120 30 999 NONE NONE 240
	FP_ROUTE KCLT..KRIC

TRACK_TIME 1167737286
TRACK A20110117588783 B733 351060 805560 120 30 999 NONE NONE 250
	FP_ROUTE KCLT..KORF

TRACK_TIME 1167737286
TRACK A20110117588784 A320 332560 1120160 120 30 999 NONE NONE 320
	FP_ROUTE KPHX..KSLC

TRACK_TIME 1167737286
TRACK A20110117588785 CRJ2 385260 770300 120 30 999 NONE NONE 300
	FP_ROUTE KDCA..KDTW

TRACK_TIME 1167737286
TRACK A20110117588793 CRJ2 332560 815860 120 30 999 NONE NONE 90
	FP_ROUTE KAGS..KCLT

TRACK_TIME 1167737286
TRACK A20110117588795 CRJ2 401060 764500 120 30 999 NONE NONE 260
	FP_ROUTE KMDT..KATL

TRACK_TIME 1167737286
TRACK A20110117588797 B752 445100 930900 120 30 999 NONE NONE 370
	FP_ROUTE KMSP..KATL

TRACK_TIME 1167737286
TRACK A20110117588801 E135 331800 1113900 120 30 999 NONE NONE 360
	FP_ROUTE KIWA..KSJC

TRACK_TIME 1167737286
TRACK A20110117588802 CRJ2 395700 1044200 120 30 999 NONE NONE 260
	FP_ROUTE KDEN..KCPR

TRACK_TIME 1167737286
TRACK A20110117588805 BE9L 211800 1575560 120 30 999 NONE NONE 90
	FP_ROUTE KHNL..KOGG

TRACK_TIME 1167737286
TRACK A20110117588806 BE9L 211900 1575260 120 30 999 NONE NONE 90
	FP_ROUTE KHNL..KOGG

TRACK_TIME 1167737286
TRACK A20110117588810 CRJ2 333900 842260 120 30 999 NONE NONE 107
	FP_ROUTE KATL..KTYS

TRACK_TIME 1167737286
TRACK A20110117588811 CRJ2 354960 835860 120 30 999 NONE NONE 180
	FP_ROUTE KTYS..KATL

TRACK_TIME 1167737286
TRACK A20110117588813 A319 385260 770400 120 30 999 NONE NONE 210
	FP_ROUTE KDCA..KLGA

TRACK_TIME 1167737286
TRACK A20110117588814 A319 404960 735260 120 30 999 NONE NONE 220
	FP_ROUTE KLGA..KDCA

TRACK_TIME 1167737286
TRACK A20110117588816 SF34 401900 784960 120 30 999 NONE NONE 110
	FP_ROUTE KJST..KIAD

TRACK_TIME 1167737286
TRACK A20110117588835 C560 262200 800760 120 30 999 NONE NONE 200
	FP_ROUTE KBCT..KTPA

TRACK_TIME 1167737286
TRACK A20110117588851 E190 425700 784300 120 30 999 NONE NONE 210
	FP_ROUTE KBUF..KJFK

TRACK_TIME 1167737286
TRACK A20110117588857 E135 420160 875500 120 30 999 NONE NONE 220
	FP_ROUTE KORD..KLSE

TRACK_TIME 1167737286
TRACK A20110117588858 SF34 421300 760000 120 30 999 NONE NONE 160
	FP_ROUTE KBGM..KIAD

TRACK_TIME 1167737286
TRACK A20110117588870 B744 611600 1501360 120 30 999 NONE NONE 282
	FP_ROUTE KANC..KZSPD

TRACK_TIME 1167737286
TRACK A20110117588871 A320 421200 832100 120 30 999 NONE NONE 380
	FP_ROUTE KDTW..KMEM

TRACK_TIME 1167737286
TRACK A20110117588872 CRJ9 390160 843900 120 30 999 NONE NONE 390
	FP_ROUTE KCVG..KBOS

TRACK_TIME 1167737286
TRACK A20110117588877 CRJ2 421360 760000 120 30 999 NONE NONE 260
	FP_ROUTE KBGM..KDTW

TRACK_TIME 1167737286
TRACK A20110117588878 E145 400000 825200 120 30 999 NONE NONE 300
	FP_ROUTE KCMH..KMKE

TRACK_TIME 1167737286
TRACK A20110117588882 A319 385260 770400 120 30 999 NONE NONE 210
	FP_ROUTE KDCA..KLGA

TRACK_TIME 1167737286
TRACK A20110117588889 SF34 450000 833460 120 30 999 NONE NONE 110
	FP_ROUTE KAPN..KDTW

TRACK_TIME 1167737286
TRACK A20110117588893 CRJ2 350160 895860 120 30 999 NONE NONE 210
	FP_ROUTE KMEM..KJAN

TRACK_TIME 1167737286
TRACK A20110117588894 B732 194300 1550000 120 30 999 NONE NONE 260
	FP_ROUTE KITO..KHNL

TRACK_TIME 1167737286
TRACK A20110117588896 B737 422200 710000 120 30 999 NONE NONE 280
	FP_ROUTE KBOS..KBWI

TRACK_TIME 1167737286
TRACK A20110117588897 B737 390900 764000 120 30 999 NONE NONE 380
	FP_ROUTE KBWI..KAUS

TRACK_TIME 1167737286
TRACK A20110117588898 A319 263100 814660 120 30 999 NONE NONE 370
	FP_ROUTE KRSW..KACY

TRACK_TIME 1167737286
TRACK A20110117588899 MD82 325500 970300 120 30 999 NONE NONE 240
	FP_ROUTE KDFW..KPHX

TRACK_TIME 1167737286
TRACK A20110117588909 A320 453600 1223760 120 30 999 NONE NONE 350
	FP_ROUTE KPDX..KJFK

TRACK_TIME 1167737286
TRACK A20110117588913 B752 404500 740600 120 30 999 NONE NONE 320
	FP_ROUTE KEWR..KFLL

TRACK_TIME 1167737286
TRACK A20110117588925 CRJ2 360900 864200 120 30 999 NONE NONE 320
	FP_ROUTE KBNA..KMSP

TRACK_TIME 1167737286
TRACK A20110117588926 CRJ2 445100 931360 120 30 999 NONE NONE 260
	FP_ROUTE KMSP..KLNK

TRACK_TIME 1167737286
TRACK A20110117588928 B738 335560 1182800 120 30 999 NONE NONE 350
	FP_ROUTE KLAX..KIAH

TRACK_TIME 1167737286
TRACK A20110117588929 E170 395200 751360 120 30 999 NONE NONE 280
	FP_ROUTE KPHL..KRDU

TRACK_TIME 1167737286
TRACK A20110117588931 MD82 364660 1194500 120 30 999 NONE NONE 330
	FP_ROUTE KFAT..KDFW

TRACK_TIME 1167737286
TRACK A20110117588932 MD82 325100 970160 120 30 999 NONE NONE 200
	FP_ROUTE KDFW..KAUS

TRACK_TIME 1167737286
TRACK A20110117588935 CRJ2 321300 861960 120 30 999 NONE NONE 150
	FP_ROUTE KMGM..KATL

TRACK_TIME 1167737286
TRACK A20110117588937 A320 333900 842260 120 30 999 NONE NONE 350
	FP_ROUTE KATL..KDTW

TRACK_TIME 1167737286
TRACK A20110117588950 MU2 361000 955500 120 30 999 NONE NONE 60
	FP_ROUTE KTUL..KTUL

TRACK_TIME 1167737286
TRACK A20110117588952 B738 421060 832200 120 30 999 NONE NONE 390
	FP_ROUTE KDTW..KLGA

TRACK_TIME 1167737286
TRACK A20110117588953 DH8A 404900 735100 120 30 999 NONE NONE 50
	FP_ROUTE KLGA..KPHL

TRACK_TIME 1167737286
TRACK A20110117588955 CRJ2 333400 864360 120 30 999 NONE NONE 190
	FP_ROUTE KBHM..KATL

TRACK_TIME 1167737286
TRACK A20110117588956 B732 194600 1560400 120 30 999 NONE NONE 220
	FP_ROUTE KKOA..KHNL

TRACK_TIME 1167737286
TRACK A20110117588967 B752 404900 735200 120 30 999 NONE NONE 320
	FP_ROUTE KLGA..KMIA

TRACK_TIME 1167737286
TRACK A20110117588972 CRJ2 464660 1004600 120 30 999 NONE NONE 340
	FP_ROUTE KBIS..KSLC

TRACK_TIME 1167737286
TRACK A20110117588973 E145 400000 825260 120 30 999 NONE NONE 110
	FP_ROUTE KCMH..KORD

TRACK_TIME 1167737286
TRACK A20110117588978 CRJ2 352560 823300 120 30 999 NONE NONE 340
	FP_ROUTE KAVL..KORD

TRACK_TIME 1167737286
TRACK A20110117588983 CRJ2 345800 851200 120 30 999 NONE NONE 190
	FP_ROUTE KCHA..KCLT

TRACK_TIME 1167737286
TRACK A20110117588984 B753 282400 811800 120 30 999 NONE NONE 350
	FP_ROUTE KMCO..KATL

TRACK_TIME 1167737286
TRACK A20110117588986 E170 394300 861600 120 30 999 NONE NONE 50
	FP_ROUTE KIND..KCLT

TRACK_TIME 1167737286
TRACK A20110117588988 CRJ2 335700 811000 120 30 999 NONE NONE 300
	FP_ROUTE KCAE..KPHL

TRACK_TIME 1167737286
TRACK A20110117588995 E170 351500 805800 120 30 999 NONE NONE 200
	FP_ROUTE KCLT..KCHS

TRACK_TIME 1167737286
TRACK A20110117588997 F2TH 260900 793300 120 30 999 NONE NONE 410
	FP_ROUTE KMIA..KHPN

TRACK_TIME 1167737286
TRACK A20110117588999 E170 320760 811060 120 30 999 NONE NONE 170
	FP_ROUTE KSAV..KCLT

TRACK_TIME 1167737286
TRACK A20110117589004 B752 215860 1591900 120 30 999 NONE NONE 360
	FP_ROUTE KLIH..KLAX

TRACK_TIME 1167737286
TRACK A20110117589005 A320 333760 1175260 120 30 999 NONE NONE 270
	FP_ROUTE KSNA..KPHX

TRACK_TIME 1167737286
TRACK A20110117589007 MD11 340300 1173900 120 30 999 NONE NONE 360
	FP_ROUTE KONT..KHNL

TRACK_TIME 1167737286
TRACK A20110117589012 E145 325200 970300 120 30 999 NONE NONE 370
	FP_ROUTE KDFW..KDSM

TRACK_TIME 1167737286
TRACK A20110117589013 CRJ1 350100 895800 120 30 999 NONE NONE 170
	FP_ROUTE KMEM..KBNA

TRACK_TIME 1167737286
TRACK A20110117589016 B752 415860 875200 120 30 999 NONE NONE 390
	FP_ROUTE KORD..KJFK

TRACK_TIME 1167737286
TRACK A20110117589020 B744 611960 1495800 120 30 999 NONE NONE 370
	FP_ROUTE KANC..KJFK

TRACK_TIME 1167737286
TRACK A20110117589030 CRJ2 415560 875260 120 30 999 NONE NONE 190
	FP_ROUTE KORD..KFWA

TRACK_TIME 1167737286
TRACK A20110117589031 CRJ2 405700 851000 120 30 999 NONE NONE 161
	FP_ROUTE KFWA..KORD

TRACK_TIME 1167737286
TRACK A20110117589032 B737 335700 1182800 120 30 999 NONE NONE 400
	FP_ROUTE KLAX..KSMF

TRACK_TIME 1167737286
TRACK A20110117589034 A320 472560 1221900 120 30 999 NONE NONE 370
	FP_ROUTE KSEA..KSFO

TRACK_TIME 1167737286
TRACK A20110117589035 BE9L 475500 1221800 120 30 999 NONE NONE 230
	FP_ROUTE KPAE..KVGT

TRACK_TIME 1167737286
TRACK A20110117589040 A320 183160 670600 120 30 999 NONE NONE 360
	FP_ROUTE KBQN..KJFK

TRACK_TIME 1167737286
TRACK A20110117589041 CRJ2 430760 761360 120 30 999 NONE NONE 300
	FP_ROUTE KSYR..KDTW

TRACK_TIME 1167737286
TRACK A20110117589043 B734 263600 814300 120 30 999 NONE NONE 350
	FP_ROUTE KRSW..KCLT

TRACK_TIME 1167737286
TRACK A20110117589050 E145 295700 951960 120 30 999 NONE NONE 350
	FP_ROUTE KIAH..KCLT

TRACK_TIME 1167737286
TRACK A20110117589051 B737 404800 735200 120 30 999 NONE NONE 380
	FP_ROUTE KLGA..KMDW

TRACK_TIME 1167737286
TRACK A20110117589052 FA50 424000 832400 120 30 999 NONE NONE 320
	FP_ROUTE KPTK..KSPI

TRACK_TIME 1167737286
TRACK A20110117589053 CRJ2 320600 1105560 120 30 999 NONE NONE 160
	FP_ROUTE KTUS..KPHX

TRACK_TIME 1167737286
TRACK A20110117589056 CRJ1 412200 815400 120 30 999 NONE NONE 220
	FP_ROUTE KCLE..KCVG

TRACK_TIME 1167737286
TRACK A20110117589064 CRJ9 332560 1120300 120 30 999 NONE NONE 300
	FP_ROUTE KPHX..KBFL

TRACK_TIME 1167737286
TRACK A20110117589068 A319 395100 751660 120 30 999 NONE NONE 220
	FP_ROUTE KPHL..KPIT

TRACK_TIME 1167737286
TRACK A20110117589072 AT72 303400 962100 120 30 999 NONE NONE 59
	FP_ROUTE KCLL..KDFW

TRACK_TIME 1167737286
TRACK A20110117589076 A319 404660 735200 120 30 999 NONE NONE 380
	FP_ROUTE KLGA..KORD

TRACK_TIME 1167737286
TRACK A20110117589077 CRJ2 345400 821300 120 30 999 NONE NONE 160
	FP_ROUTE KGSP..KATL

TRACK_TIME 1167737286
TRACK A20110117589079 E145 384300 901660 120 30 999 NONE NONE 360
	FP_ROUTE KSTL..KIAH

TRACK_TIME 1167737286
TRACK A20110117589081 CRJ9 415860 874960 120 30 999 NONE NONE 39
	FP_ROUTE KORD..KMSP

TRACK_TIME 1167737286
TRACK A20110117589084 E145 345860 895860 120 30 999 NONE NONE 360
	FP_ROUTE KMEM..KORD

TRACK_TIME 1167737286
TRACK A20110117589091 B737 282560 811800 120 30 999 NONE NONE 390
	FP_ROUTE KMCO..KPIT

TRACK_TIME 1167737286
TRACK A20110117589093 B738 254800 801960 120 30 999 NONE NONE 390
	FP_ROUTE KMIA..KPHL

TRACK_TIME 1167737286
TRACK A20110117589098 B737 402860 801060 120 30 999 NONE NONE 230
	FP_ROUTE KPIT..KPHL

TRACK_TIME 1167737286
TRACK A20110117589101 E145 412200 815400 120 30 999 NONE NONE 290
	FP_ROUTE KCLE..KCLT

TRACK_TIME 1167737286
TRACK A20110117589102 B737 395260 751360 120 30 999 NONE NONE 230
	FP_ROUTE KPHL..KBOS

TRACK_TIME 1167737286
TRACK A20110117589103 B737 302200 854800 120 30 999 NONE NONE 410
	FP_ROUTE KECP..KBWI

TRACK_TIME 1167737286
TRACK A20110117589105 CRJ9 360600 864060 120 30 999 NONE NONE 380
	FP_ROUTE KBNA..KSLC

TRACK_TIME 1167737286
TRACK A20110117589106 A320 395260 1043600 120 30 999 NONE NONE 350
	FP_ROUTE KDEN..KBOS

TRACK_TIME 1167737286
TRACK A20110117589108 B737 390700 764060 120 30 999 NONE NONE 380
	FP_ROUTE KBWI..KSTL

TRACK_TIME 1167737286
TRACK A20110117589109 B737 384360 901660 120 30 999 NONE NONE 380
	FP_ROUTE KSTL..KLAX

TRACK_TIME 1167737286
TRACK A20110117589113 A319 351360 805560 120 30 999 NONE NONE 270
	FP_ROUTE KCLT..KDCA

TRACK_TIME 1167737286
TRACK A20110117589114 F900 260760 814360 120 30 999 NONE NONE 70
	FP_ROUTE KAPF..KPIE

TRACK_TIME 1167737286
TRACK A20110117589116 E145 400000 825260 120 30 999 NONE NONE 50
	FP_ROUTE KCMH..KORD

TRACK_TIME 1167737286
TRACK A20110117589117 EA50 411300 954060 120 30 999 NONE NONE 330
	FP_ROUTE KCBF..KMSN

TRACK_TIME 1167737286
TRACK A20110117589118 BE20 400900 1031800 120 30 999 NONE NONE 280
	FP_ROUTE KAKO..KVGT

TRACK_TIME 1167737286
TRACK A20110117589119 CRJ2 373400 771900 120 30 999 NONE NONE 210
	FP_ROUTE KRIC..KLGA

TRACK_TIME 1167737286
TRACK A20110117589123 CRJ2 421200 832200 120 30 999 NONE NONE 340
	FP_ROUTE KDTW..KDSM

TRACK_TIME 1167737286
TRACK A20110117589125 E145 425800 784200 120 30 999 NONE NONE 220
	FP_ROUTE KBUF..KCLE

TRACK_TIME 1167737286
TRACK A20110117589135 CRJ2 394300 861660 120 30 999 NONE NONE 310
	FP_ROUTE KIND..KDCA

TRACK_TIME 1167737286
TRACK A20110117589137 A320 395200 751660 120 30 999 NONE NONE 380
	FP_ROUTE KPHL..KORD

TRACK_TIME 1167737286
TRACK A20110117589142 E145 412260 815260 120 30 999 NONE NONE 360
	FP_ROUTE KCLE..KMIA

TRACK_TIME 1167737286
TRACK A20110117589145 CRJ2 410600 734800 120 30 999 NONE NONE 320
	FP_ROUTE KHPN..KCLT

TRACK_TIME 1167737286
TRACK A20110117589148 F900 411800 725700 120 30 999 NONE NONE 200
	FP_ROUTE KHVN..KJYO

TRACK_TIME 1167737286
TRACK A20110117589149 B738 335560 1182700 120 30 999 NONE NONE 370
	FP_ROUTE KLAX..KORD

TRACK_TIME 1167737286
TRACK A20110117589153 B752 391060 764200 120 30 999 NONE NONE 400
	FP_ROUTE KBWI..KATL

TRACK_TIME 1167737286
TRACK A20110117589158 E170 395200 751600 120 30 999 NONE NONE 340
	FP_ROUTE KPHL..KMKE

TRACK_TIME 1167737286
TRACK A20110117589166 B752 194200 1560400 120 30 999 NONE NONE 370
	FP_ROUTE KKOA..KSFO

TRACK_TIME 1167737286
TRACK A20110117589167 B738 394800 1043900 120 30 999 NONE NONE 370
	FP_ROUTE KDEN..KMIA

TRACK_TIME 1167737286
TRACK A20110117589168 A319 332560 1120160 120 30 999 NONE NONE 330
	FP_ROUTE KPHX..KSTL

TRACK_TIME 1167737286
TRACK A20110117589169 CL60 264060 800760 120 30 999 NONE NONE 380
	FP_ROUTE KPBI..KDAL

TRACK_TIME 1167737286
TRACK A20110117589171 CRJ2 370760 762800 120 30 999 NONE NONE 220
	FP_ROUTE KPHF..KCLT

TRACK_TIME 1167737286
TRACK A20110117589177 E135 322100 993460 120 30 999 NONE NONE 109
	FP_ROUTE KABI..KDFW

TRACK_TIME 1167737286
TRACK A20110117589178 A320 374000 1222200 120 30 999 NONE NONE 330
	FP_ROUTE KSFO..KLAS

TRACK_TIME 1167737286
TRACK A20110117589179 B737 391000 764360 120 30 999 NONE NONE 120
	FP_ROUTE KBWI..KRDU

TRACK_TIME 1167737286
TRACK A20110117589184 B737 351060 1013600 120 30 999 NONE NONE 40
	FP_ROUTE KAMA..KDAL

TRACK_TIME 1167737286
TRACK A20110117589186 E145 325200 970160 120 30 999 NONE NONE 370
	FP_ROUTE KDFW..KVPS

TRACK_TIME 1167737286
TRACK A20110117589189 A320 264060 800300 120 30 999 NONE NONE 370
	FP_ROUTE KPBI..KLGA

TRACK_TIME 1167737286
TRACK A20110117589191 CRJ2 421060 832200 120 30 999 NONE NONE 290
	FP_ROUTE KDTW..KDCA

TRACK_TIME 1167737286
TRACK A20110117589192 C750 410460 734360 120 30 999 NONE NONE 100
	FP_ROUTE KHPN..KBDL

TRACK_TIME 1167737286
TRACK A20110117589198 CRJ2 355400 784500 120 30 999 NONE NONE 290
	FP_ROUTE KRDU..KLGA

TRACK_TIME 1167737286
TRACK A20110117589200 B737 384000 1213400 120 30 999 NONE NONE 400
	FP_ROUTE KSMF..KPDX

TRACK_TIME 1167737286
TRACK A20110117589201 CRJ2 405860 851060 120 30 999 NONE NONE 100
	FP_ROUTE KFWA..KCVG

TRACK_TIME 1167737286
TRACK A20110117589214 E145 325500 970160 120 30 999 NONE NONE 210
	FP_ROUTE KDFW..KSHV

TRACK_TIME 1167737286
TRACK A20110117589217 A320 275700 823300 120 30 999 NONE NONE 310
	FP_ROUTE KTPA..KIAD

TRACK_TIME 1167737286
TRACK A20110117589220 A319 332560 1120160 120 30 999 NONE NONE 319
	FP_ROUTE KPHX..KLAX

TRACK_TIME 1167737286
TRACK A20110117589223 E135 411660 955260 120 30 999 NONE NONE 380
	FP_ROUTE KOMA..KBUR

TRACK_TIME 1167737286
TRACK A20110117589238 CRJ2 433300 1161000 120 30 999 NONE NONE 340
	FP_ROUTE KBOI..KSFO

TRACK_TIME 1167737286
TRACK A20110117589239 E170 403000 801800 120 30 999 NONE NONE 340
	FP_ROUTE KPIT..KORD

TRACK_TIME 1167737286
TRACK A20110117589240 SF34 410460 734360 120 30 999 NONE NONE 140
	FP_ROUTE KHPN..KIAD

TRACK_TIME 1167737286
TRACK A20110117589244 CRJ2 403100 801660 120 30 999 NONE NONE 250
	FP_ROUTE KPIT..KJFK

TRACK_TIME 1167737286
TRACK A20110117589249 B712 351200 805800 120 30 999 NONE NONE 220
	FP_ROUTE KCLT..KATL

TRACK_TIME 1167737286
TRACK A20110117589251 B737 414360 712500 120 30 999 NONE NONE 300
	FP_ROUTE KPVD..KBWI

TRACK_TIME 1167737286
TRACK A20110117589254 SF34 292200 1005560 120 30 999 NONE NONE 170
	FP_ROUTE KDRT..KIAH

TRACK_TIME 1167737286
TRACK A20110117589256 B737 390900 763900 120 30 999 NONE NONE 380
	FP_ROUTE KBWI..KSAN

TRACK_TIME 1167737286
TRACK A20110117589257 B733 383900 1213300 120 30 999 NONE NONE 370
	FP_ROUTE KSMF..KSAN

TRACK_TIME 1167737286
TRACK A20110117589259 A320 404900 735100 120 30 999 NONE NONE 380
	FP_ROUTE KLGA..KORD

TRACK_TIME 1167737286
TRACK A20110117589263 A319 422260 710300 120 30 999 NONE NONE 161
	FP_ROUTE KBOS..KLGA

TRACK_TIME 1167737286
TRACK A20110117589276 B739 183160 670460 120 30 999 NONE NONE 320
	FP_ROUTE KBQN..KEWR

TRACK_TIME 1167737286
TRACK A20110117589277 E135 404500 735100 120 30 999 NONE NONE 260
	FP_ROUTE KLGA..KRDU

TRACK_TIME 1167737286
TRACK A20110117589279 CRJ2 390160 843900 120 30 999 NONE NONE 270
	FP_ROUTE KCVG..KIAD

TRACK_TIME 1167737286
TRACK A20110117589307 CRJ2 385200 770300 120 30 999 NONE NONE 320
	FP_ROUTE KDCA..KHSV

TRACK_TIME 1167737286
TRACK A20110117589312 E170 391060 943600 120 30 999 NONE NONE 330
	FP_ROUTE KMCI..KMKE

TRACK_TIME 1167737286
TRACK A20110117589313 E170 425560 875400 120 30 999 NONE NONE 330
	FP_ROUTE KMKE..KPHL

TRACK_TIME 1167737286
TRACK A20110117589319 A320 472560 1221900 120 30 999 NONE NONE 390
	FP_ROUTE KSEA..KLAX

TRACK_TIME 1167737286
TRACK A20110117589320 CRJ2 352200 973600 120 30 999 NONE NONE 160
	FP_ROUTE KOKC..KAMA

TRACK_TIME 1167737286
TRACK A20110117589325 E145 441060 882800 120 30 999 NONE NONE 79
	FP_ROUTE KATW..KORD

TRACK_TIME 1167737286
TRACK A20110117589326 CRJ2 403760 752800 120 30 999 NONE NONE 40
	FP_ROUTE KABE..KPHL

TRACK_TIME 1167737286
TRACK A20110117589327 A319 400000 825260 120 30 999 NONE NONE 340
	FP_ROUTE KCMH..KPHX

TRACK_TIME 1167737286
TRACK A20110117589328 B737 374300 1221500 120 30 999 NONE NONE 390
	FP_ROUTE KOAK..KSNA

TRACK_TIME 1167737286
TRACK A20110117589330 B737 333760 842860 120 30 999 NONE NONE 390
	FP_ROUTE KATL..KEWR

TRACK_TIME 1167737286
TRACK A20110117589343 MD83 415700 724200 120 30 999 NONE NONE 60
	FP_ROUTE KBDL..KPHL

TRACK_TIME 1167737286
TRACK A20110117589349 E145 400000 825260 120 30 999 NONE NONE 330
	FP_ROUTE KCMH..KBOS

TRACK_TIME 1167737286
TRACK A20110117589351 BE20 470300 964000 120 30 999 NONE NONE 90
	FP_ROUTE KFAR..KTVF

TRACK_TIME 1167737286
TRACK A20110117589352 BE20 480600 961060 120 30 999 NONE NONE 80
	FP_ROUTE KTVF..KFAR

TRACK_TIME 1167737286
TRACK A20110117589354 C550 424960 853100 120 30 999 NONE NONE 250
	FP_ROUTE KGRR..KERI

TRACK_TIME 1167737286
TRACK A20110117589364 A320 282560 811800 120 30 999 NONE NONE 360
	FP_ROUTE KMCO..KCVG

TRACK_TIME 1167737286
TRACK A20110117589369 CRJ2 313160 841200 120 30 999 NONE NONE 200
	FP_ROUTE KABY..KATL

TRACK_TIME 1167737286
TRACK A20110117589370 B752 264060 800000 120 30 999 NONE NONE 370
	FP_ROUTE KPBI..KATL

TRACK_TIME 1167737286
TRACK A20110117589377 B752 282500 811800 120 30 999 NONE NONE 350
	FP_ROUTE KMCO..KATL

TRACK_TIME 1167737286
TRACK A20110117589384 E135 415500 875500 120 30 999 NONE NONE 360
	FP_ROUTE KORD..KXNA

TRACK_TIME 1167737286
TRACK A20110117589403 B737 374360 1221600 120 30 999 NONE NONE 330
	FP_ROUTE KOAK..KLAS

TRACK_TIME 1167737286
TRACK A20110117589404 B737 333900 1175260 120 30 999 NONE NONE 380
	FP_ROUTE KSNA..KOAK

TRACK_TIME 1167737286
TRACK A20110117589405 B737 360700 1150900 120 30 999 NONE NONE 370
	FP_ROUTE KLAS..KPHL

TRACK_TIME 1167737286
TRACK A20110117589406 B712 333900 842100 120 30 999 NONE NONE 320
	FP_ROUTE KATL..KMDW

TRACK_TIME 1167737286
TRACK A20110117589407 B712 333760 842260 120 30 999 NONE NONE 350
	FP_ROUTE KATL..KIAD

TRACK_TIME 1167737286
TRACK A20110117589410 CRJ9 390160 843900 120 30 999 NONE NONE 120
	FP_ROUTE KCVG..KDTW

TRACK_TIME 1167737286
TRACK A20110117589414 MD83 445100 685400 120 30 999 NONE NONE 320
	FP_ROUTE KBGR..KSFB

TRACK_TIME 1167737286
TRACK A20110117589416 E145 412260 815260 120 30 999 NONE NONE 250
	FP_ROUTE KCLE..KIAD

TRACK_TIME 1167737286
TRACK A20110117589424 CRJ2 390300 844060 120 30 999 NONE NONE 110
	FP_ROUTE KCVG..KORD

TRACK_TIME 1167737286
TRACK A20110117589427 E190 430600 760760 120 30 999 NONE NONE 210
	FP_ROUTE KSYR..KJFK

TRACK_TIME 1167737286
TRACK A20110117589433 LJ45 384000 903300 120 30 999 NONE NONE 340
	FP_ROUTE KSUS..KOMA

TRACK_TIME 1167737286
TRACK A20110117589436 E190 422200 710100 120 30 999 NONE NONE 160
	FP_ROUTE KBOS..KJFK

TRACK_TIME 1167737286
TRACK A20110117589437 A333 211800 1575260 120 30 999 NONE NONE 370
	FP_ROUTE KHNL..KATL

TRACK_TIME 1167737286
TRACK A20110117589443 A320 385400 772560 120 30 999 NONE NONE 340
	FP_ROUTE KIAD..KATL

TRACK_TIME 1167737286
TRACK A20110117589444 E120 453600 1223600 120 30 999 NONE NONE 229
	FP_ROUTE KPDX..KMFR

TRACK_TIME 1167737286
TRACK A20110117589453 BE20 420600 875200 120 30 999 NONE NONE 280
	FP_ROUTE KPWK..KAKO

TRACK_TIME 1167737286
TRACK A20110117589456 EA50 430600 892200 120 30 999 NONE NONE 320
	FP_ROUTE KMSN..KCBF

TRACK_TIME 1167737286
TRACK A20110117589461 E120 324900 1153400 120 30 999 NONE NONE 70
	FP_ROUTE KIPL..KLAX

TRACK_TIME 1167737286
TRACK A20110117589463 E145 352200 973700 120 30 999 NONE NONE 290
	FP_ROUTE KOKC..KIAH

TRACK_TIME 1167737286
TRACK A20110117589467 A320 335700 1182800 120 30 999 NONE NONE 350
	FP_ROUTE KLAX..KJFK

TRACK_TIME 1167737286
TRACK A20110117589468 CRJ2 425560 875400 120 30 999 NONE NONE 250
	FP_ROUTE KMKE..KCVG

TRACK_TIME 1167737286
TRACK A20110117589471 CRJ2 395560 1044060 120 30 999 NONE NONE 340
	FP_ROUTE KDEN..KPSC

TRACK_TIME 1167737286
TRACK A20110117589472 B752 333700 842100 120 30 999 NONE NONE 390
	FP_ROUTE KATL..KMIA

TRACK_TIME 1167737286
TRACK A20110117589473 A320 374300 1221360 120 30 999 NONE NONE 310
	FP_ROUTE KOAK..KLGB

TRACK_TIME 1167737286
TRACK A20110117589477 E135 415860 875200 120 30 999 NONE NONE 270
	FP_ROUTE KORD..KEVV

TRACK_TIME 1167737286
TRACK A20110117589481 CRJ2 370160 1133100 120 30 999 NONE NONE 270
	FP_ROUTE KDXZ..KSLC

TRACK_TIME 1167737286
TRACK A20110117589482 CRJ9 411800 955400 120 30 999 NONE NONE 79
	FP_ROUTE KOMA..KMSP

TRACK_TIME 1167737286
TRACK A20110117589490 SF34 480700 985500 120 30 999 NONE NONE 50
	FP_ROUTE KDVL..KJMS

TRACK_TIME 1167737286
TRACK A20110117589491 SF34 465100 984200 120 30 999 NONE NONE 170
	FP_ROUTE KJMS..KMSP

TRACK_TIME 1167737286
TRACK A20110117589492 B752 445100 931200 120 30 999 NONE NONE 390
	FP_ROUTE KMSP..KATL

TRACK_TIME 1167737286
TRACK A20110117589499 A320 420100 875100 120 30 999 NONE NONE 300
	FP_ROUTE KORD..KMSP

TRACK_TIME 1167737286
TRACK A20110117589501 B763 404300 740760 120 30 999 NONE NONE 380
	FP_ROUTE KEWR..KSDF

TRACK_TIME 1167737286
TRACK A20110117589510 CRJ2 421060 832500 120 30 999 NONE NONE 280
	FP_ROUTE KDTW..KTVC

TRACK_TIME 1167737286
TRACK A20110117589511 CRJ2 444360 853900 120 30 999 NONE NONE 171
	FP_ROUTE KTVC..KDTW

TRACK_TIME 1167737286
TRACK A20110117589513 CRJ2 345700 851360 120 30 999 NONE NONE 130
	FP_ROUTE KCHA..KATL

TRACK_TIME 1167737286
TRACK A20110117589520 E170 395200 751600 120 30 999 NONE NONE 200
	FP_ROUTE KPHL..KPIT

TRACK_TIME 1167737286
TRACK A20110117589521 E190 422200 710000 120 30 999 NONE NONE 280
	FP_ROUTE KBOS..KPHL

TRACK_TIME 1167737286
TRACK A20110117589523 F900 382560 1214300 120 30 999 NONE NONE 50
	FP_ROUTE KVCB..KMHR

TRACK_TIME 1167737286
TRACK A20110117589530 E190 333760 842800 120 30 999 NONE NONE 390
	FP_ROUTE KATL..KPHL

TRACK_TIME 1167737286
TRACK A20110117589532 B738 404300 740900 120 30 999 NONE NONE 360
	FP_ROUTE KEWR..KSAN

TRACK_TIME 1167737286
TRACK A20110117589535 B733 282400 811800 120 30 999 NONE NONE 340
	FP_ROUTE KMCO..KHOU

TRACK_TIME 1167737286
TRACK A20110117589540 B737 340300 1173760 120 30 999 NONE NONE 350
	FP_ROUTE KONT..KMDW

TRACK_TIME 1167737286
TRACK A20110117589542 BE20 344660 845700 120 30 999 NONE NONE 100
	FP_ROUTE KDNN..KBNA

TRACK_TIME 1167737286
TRACK A20110117589543 DH8A 351200 805560 120 30 999 NONE NONE 90
	FP_ROUTE KCLT..KROA

TRACK_TIME 1167737286
TRACK A20110117589545 B733 414500 874600 120 30 999 NONE NONE 210
	FP_ROUTE KMDW..KIND

TRACK_TIME 1167737286
TRACK A20110117589554 B738 254800 801900 120 30 999 NONE NONE 360
	FP_ROUTE KMIA..KIAH

TRACK_TIME 1167737286
TRACK A20110117589558 E135 335560 1182860 120 30 999 NONE NONE 140
	FP_ROUTE KLAX..KFAT

TRACK_TIME 1167737286
TRACK A20110117589570 B739 644360 1475500 120 30 999 NONE NONE 350
	FP_ROUTE KFAI..KSEA

TRACK_TIME 1167737286
TRACK A20110117589571 B733 332560 1120300 120 30 999 NONE NONE 330
	FP_ROUTE KPHX..KABQ

TRACK_TIME 1167737286
TRACK A20110117589577 CRJ2 445200 930900 120 30 999 NONE NONE 300
	FP_ROUTE KMSP..KBIS

TRACK_TIME 1167737286
TRACK A20110117589584 B752 332560 1115860 120 30 999 NONE NONE 350
	FP_ROUTE KPHX..KATL

TRACK_TIME 1167737286
TRACK A20110117589593 E145 303000 814000 120 30 999 NONE NONE 370
	FP_ROUTE KJAX..KEWR

TRACK_TIME 1167737286
TRACK A20110117589596 E190 395200 751660 120 30 999 NONE NONE 260
	FP_ROUTE KPHL..KRDU

TRACK_TIME 1167737286
TRACK A20110117589601 DH8D 443000 731200 120 30 999 NONE NONE 160
	FP_ROUTE KBTV..KEWR

TRACK_TIME 1167737286
TRACK A20110117589602 CRJ2 351500 805560 120 30 999 NONE NONE 300
	FP_ROUTE KCLT..KGNV

TRACK_TIME 1167737286
TRACK A20110117589605 C550 260700 814360 120 30 999 NONE NONE 380
	FP_ROUTE KAPF..KEYE

TRACK_TIME 1167737286
TRACK A20110117589606 DH8D 385800 773100 120 30 999 NONE NONE 110
	FP_ROUTE KIAD..KEWR

TRACK_TIME 1167737286
TRACK A20110117589608 A320 385260 770400 120 30 999 NONE NONE 360
	FP_ROUTE KDCA..KFLL

TRACK_TIME 1167737286
TRACK A20110117589609 A319 385200 770300 120 30 999 NONE NONE 380
	FP_ROUTE KDCA..KMKE

TRACK_TIME 1167737286
TRACK A20110117589614 A320 360600 1150900 120 30 999 NONE NONE 330
	FP_ROUTE KLAS..KDEN

TRACK_TIME 1167737286
TRACK A20110117589615 A320 395260 1043460 120 30 999 NONE NONE 370
	FP_ROUTE KDEN..KDSM

TRACK_TIME 1167737286
TRACK A20110117589616 B763 333900 842200 120 30 999 NONE NONE 360
	FP_ROUTE KATL..KLAX

TRACK_TIME 1167737286
TRACK A20110117589617 MD83 373160 772100 120 30 999 NONE NONE 320
	FP_ROUTE KRIC..KDFW

TRACK_TIME 1167737286
TRACK A20110117589620 B737 404660 1115860 120 30 999 NONE NONE 400
	FP_ROUTE KSLC..KRNO

TRACK_TIME 1167737286
TRACK A20110117589621 CRJ2 302860 870760 120 30 999 NONE NONE 310
	FP_ROUTE KPNS..KIAD

TRACK_TIME 1167737286
TRACK A20110117589624 CRJ9 374060 1222260 120 30 999 NONE NONE 330
	FP_ROUTE KSFO..KLAS

TRACK_TIME 1167737286
TRACK A20110117589625 CRJ2 395260 751300 120 30 999 NONE NONE 260
	FP_ROUTE KPHL..KGSP

TRACK_TIME 1167737286
TRACK A20110117589626 E170 413100 933700 120 30 999 NONE NONE 360
	FP_ROUTE KDSM..KDEN

TRACK_TIME 1167737286
TRACK A20110117589629 CRJ1 403900 734900 120 30 999 NONE NONE 150
	FP_ROUTE KJFK..KALB

TRACK_TIME 1167737286
TRACK A20110117589630 CRJ2 422200 710100 120 30 999 NONE NONE 220
	FP_ROUTE KBOS..KRIC

TRACK_TIME 1167737286
TRACK A20110117589652 CRJ2 344600 774200 120 30 999 NONE NONE 160
	FP_ROUTE KOAJ..KCLT

TRACK_TIME 1167737286
TRACK A20110117589656 A319 260460 800700 120 30 999 NONE NONE 370
	FP_ROUTE KFLL..KLGA

TRACK_TIME 1167737286
TRACK A20110117589660 E135 425560 875400 120 30 999 NONE NONE 110
	FP_ROUTE KMKE..KGRR

TRACK_TIME 1167737286
TRACK A20110117589664 E135 441300 883000 120 30 999 NONE NONE 30
	FP_ROUTE KATW..KMKE

TRACK_TIME 1167737286
TRACK A20110117589667 B752 385860 773300 120 30 999 NONE NONE 360
	FP_ROUTE KIAD..KSEA

TRACK_TIME 1167737286
TRACK A20110117589671 B733 393160 1194600 120 30 999 NONE NONE 310
	FP_ROUTE KRNO..KLAS

TRACK_TIME 1167737286
TRACK A20110117589672 MD82 325560 970160 120 30 999 NONE NONE 250
	FP_ROUTE KDFW..KMCI

TRACK_TIME 1167737286
TRACK A20110117589673 B752 260460 800760 120 30 999 NONE NONE 350
	FP_ROUTE KFLL..KATL

TRACK_TIME 1167737286
TRACK A20110117589674 A319 374000 1221900 120 30 999 NONE NONE 330
	FP_ROUTE KSFO..KMSP

TRACK_TIME 1167737286
TRACK A20110117589677 CRJ9 302700 871060 120 30 999 NONE NONE 310
	FP_ROUTE KPNS..KCLT

TRACK_TIME 1167737286
TRACK A20110117589678 E145 373700 972700 120 30 999 NONE NONE 330
	FP_ROUTE KICT..KIAH

TRACK_TIME 1167737286
TRACK A20110117589680 E120 395700 1050760 120 30 999 NONE NONE 270
	FP_ROUTE KBJC..KLNK

TRACK_TIME 1167737286
TRACK A20110117589698 E145 325560 970300 120 30 999 NONE NONE 240
	FP_ROUTE KDFW..KSGF

TRACK_TIME 1167737286
TRACK A20110117589706 A320 372260 1214960 120 30 999 NONE NONE 350
	FP_ROUTE KSJC..KJFK

TRACK_TIME 1167737286
TRACK A20110117589715 A320 373900 1222100 120 30 999 NONE NONE 350
	FP_ROUTE KSFO..KBOS

TRACK_TIME 1167737286
TRACK A20110117589722 E170 385200 770300 120 30 999 NONE NONE 110
	FP_ROUTE KDCA..KPHL

TRACK_TIME 1167737286
TRACK A20110117589733 B737 414900 874600 120 30 999 NONE NONE 230
	FP_ROUTE KMDW..KCMH

TRACK_TIME 1167737286
TRACK A20110117589735 B752 335560 1182700 120 30 999 NONE NONE 370
	FP_ROUTE KLAX..KJFK

TRACK_TIME 1167737286
TRACK A20110117589736 B738 611600 1494960 120 30 999 NONE NONE 370
	FP_ROUTE KANC..KSEA

TRACK_TIME 1167737286
TRACK A20110117589737 MD83 325260 970160 120 30 999 NONE NONE 330
	FP_ROUTE KDFW..KMCO

TRACK_TIME 1167737286
TRACK A20110117589738 B738 335560 1182560 120 30 999 NONE NONE 350
	FP_ROUTE KLAX..KORD

TRACK_TIME 1167737286
TRACK A20110117589739 B737 412400 815260 120 30 999 NONE NONE 330
	FP_ROUTE KCLE..KEWR

TRACK_TIME 1167737286
TRACK A20110117589740 B738 385400 770400 120 30 999 NONE NONE 400
	FP_ROUTE KDCA..KDFW

TRACK_TIME 1167737286
TRACK A20110117589745 B738 415860 875200 120 30 999 NONE NONE 350
	FP_ROUTE KORD..KBOS

TRACK_TIME 1167737286
TRACK A20110117589748 B735 404300 740760 120 30 999 NONE NONE 300
	FP_ROUTE KEWR..KCLE

TRACK_TIME 1167737286
TRACK A20110117589765 E135 415860 875200 120 30 999 NONE NONE 340
	FP_ROUTE KORD..KXNA

TRACK_TIME 1167737286
TRACK A20110117589767 E120 404660 1120160 120 30 999 NONE NONE 219
	FP_ROUTE KSLC..KSUN

TRACK_TIME 1167737286
TRACK A20110117589770 A319 420100 875100 120 30 999 NONE NONE 370
	FP_ROUTE KORD..KBOS

TRACK_TIME 1167737286
TRACK A20110117589771 E120 404660 1120000 120 30 999 NONE NONE 220
	FP_ROUTE KSLC..KPIH

TRACK_TIME 1167737286
TRACK A20110117589772 E120 425400 1123700 120 30 999 NONE NONE 110
	FP_ROUTE KPIH..KSLC

TRACK_TIME 1167737286
TRACK A20110117589774 B738 472560 1221900 120 30 999 NONE NONE 380
	FP_ROUTE KSEA..KANC

TRACK_TIME 1167737286
TRACK A20110117589781 E170 333900 842260 120 30 999 NONE NONE 350
	FP_ROUTE KATL..KEWR

TRACK_TIME 1167737286
TRACK A20110117589782 E145 322500 934900 120 30 999 NONE NONE 169
	FP_ROUTE KSHV..KIAH

TRACK_TIME 1167737286
TRACK A20110117589783 B712 421000 832260 120 30 999 NONE NONE 330
	FP_ROUTE KDTW..KATL

TRACK_TIME 1167737286
TRACK A20110117589786 CRJ2 425560 834500 120 30 999 NONE NONE 60
	FP_ROUTE KFNT..KDTW

TRACK_TIME 1167737286
TRACK A20110117589789 B737 394360 861660 120 30 999 NONE NONE 330
	FP_ROUTE KIND..KATL

TRACK_TIME 1167737286
TRACK A20110117589797 MD82 415560 875800 120 30 999 NONE NONE 330
	FP_ROUTE KORD..KMCO

TRACK_TIME 1167737286
TRACK A20110117589802 CRJ2 444300 853100 120 30 999 NONE NONE 150
	FP_ROUTE KTVC..KDTW

TRACK_TIME 1167737286
TRACK A20110117589804 A319 415560 875400 120 30 999 NONE NONE 390
	FP_ROUTE KORD..KRIC

TRACK_TIME 1167737286
TRACK A20110117589805 A319 332560 1120160 120 30 999 NONE NONE 110
	FP_ROUTE KPHX..KTUS

TRACK_TIME 1167737286
TRACK A20110117589811 A319 341060 1182200 120 30 999 NONE NONE 330
	FP_ROUTE KBUR..KPHX

TRACK_TIME 1167737286
TRACK A20110117589812 A320 404000 734500 120 30 999 NONE NONE 360
	FP_ROUTE KJFK..KFLL

TRACK_TIME 1167737286
TRACK A20110117589813 B737 293300 982700 120 30 999 NONE NONE 370
	FP_ROUTE KSAT..KBNA

TRACK_TIME 1167737286
TRACK A20110117589814 B737 360600 864060 120 30 999 NONE NONE 350
	FP_ROUTE KBNA..KMCO

TRACK_TIME 1167737286
TRACK A20110117589816 B737 260900 981360 120 30 999 NONE NONE 370
	FP_ROUTE KMFE..KIAH

TRACK_TIME 1167737286
TRACK A20110117589817 A320 275800 823300 120 30 999 NONE NONE 360
	FP_ROUTE KTPA..KORD

TRACK_TIME 1167737286
TRACK A20110117589818 B739 295700 952100 120 30 999 NONE NONE 340
	FP_ROUTE KIAH..KLAS

TRACK_TIME 1167737286
TRACK A20110117589819 B737 282400 811800 120 30 999 NONE NONE 370
	FP_ROUTE KMCO..KPHL

TRACK_TIME 1167737286
TRACK A20110117589820 A320 472560 1221900 120 30 999 NONE NONE 350
	FP_ROUTE KSEA..KORD

TRACK_TIME 1167737286
TRACK A20110117589821 B737 384200 901360 120 30 999 NONE NONE 380
	FP_ROUTE KSTL..KLAS

TRACK_TIME 1167737286
TRACK A20110117589823 B737 360600 1150900 120 30 999 NONE NONE 340
	FP_ROUTE KLAS..KSMF

TRACK_TIME 1167737286
TRACK A20110117589832 B752 324500 1171360 120 30 999 NONE NONE 370
	FP_ROUTE KSAN..KATL

TRACK_TIME 1167737286
TRACK A20110117589838 CRJ2 394200 861800 120 30 999 NONE NONE 290
	FP_ROUTE KIND..KRDU

TRACK_TIME 1167737286
TRACK A20110117589840 B752 395260 1043460 120 30 999 NONE NONE 370
	FP_ROUTE KDEN..KMIA

TRACK_TIME 1167737286
TRACK A20110117589849 E170 355260 784660 120 30 999 NONE NONE 360
	FP_ROUTE KRDU..KIND

TRACK_TIME 1167737286
TRACK A20110117589851 A346 403900 735100 120 30 999 NONE NONE 320
	FP_ROUTE KJFK..KZSPD

TRACK_TIME 1167737286
TRACK A20110117589853 DH8D 404200 741000 120 30 999 NONE NONE 160
	FP_ROUTE KEWR..KORF

TRACK_TIME 1167737286
TRACK A20110117589854 DH8D 365400 761200 120 30 999 NONE NONE 111
	FP_ROUTE KORF..KEWR

TRACK_TIME 1167737286
TRACK A20110117589857 A320 415800 875700 120 30 999 NONE NONE 360
	FP_ROUTE KORD..KSNA

TRACK_TIME 1167737286
TRACK A20110117589868 B733 324900 964960 120 30 999 NONE NONE 300
	FP_ROUTE KDAL..KAMA

TRACK_TIME 1167737286
TRACK A20110117589872 B737 414600 874660 120 30 999 NONE NONE 380
	FP_ROUTE KMDW..KMCI

TRACK_TIME 1167737286
TRACK A20110117589873 CRJ2 351060 805560 120 30 999 NONE NONE 250
	FP_ROUTE KCLT..KDCA

TRACK_TIME 1167737286
TRACK A20110117589883 A320 325260 970300 120 30 999 NONE NONE 380
	FP_ROUTE KDFW..KDEN

TRACK_TIME 1167737286
TRACK A20110117589884 CRJ1 421200 832200 120 30 999 NONE NONE 81
	FP_ROUTE KDTW..KSBN

TRACK_TIME 1167737286
TRACK A20110117589887 E135 325200 970160 120 30 999 NONE NONE 250
	FP_ROUTE KDFW..KBTR

TRACK_TIME 1167737286
TRACK A20110117589889 B738 254800 801600 120 30 999 NONE NONE 240
	FP_ROUTE KMIA..KTPA

TRACK_TIME 1167737286
TRACK A20110117589891 A319 333700 842100 120 30 999 NONE NONE 220
	FP_ROUTE KATL..KPNS

TRACK_TIME 1167737286
TRACK A20110117589893 B738 402860 1071300 120 30 999 NONE NONE 370
	FP_ROUTE KHDN..KORD

TRACK_TIME 1167737286
TRACK A20110117589894 CRJ2 421200 832200 120 30 999 NONE NONE 310
	FP_ROUTE KDTW..KBDL

TRACK_TIME 1167737286
TRACK A20110117589899 MD83 324960 970100 120 30 999 NONE NONE 350
	FP_ROUTE KDFW..KEWR

TRACK_TIME 1167737286
TRACK A20110117589901 E190 263600 814300 120 30 999 NONE NONE 390
	FP_ROUTE KRSW..KBOS

TRACK_TIME 1167737286
TRACK A20110117589908 A320 404000 734500 120 30 999 NONE NONE 370
	FP_ROUTE KJFK..KSJU

TRACK_TIME 1167737286
TRACK A20110117589909 CRJ2 421060 832400 120 30 999 NONE NONE 220
	FP_ROUTE KDTW..KMDW

TRACK_TIME 1167737286
TRACK A20110117589919 E145 334060 1014960 120 30 999 NONE NONE 290
	FP_ROUTE KLBB..KIAH

TRACK_TIME 1167737286
TRACK A20110117589920 DH8A 404800 735200 120 30 999 NONE NONE 140
	FP_ROUTE KLGA..KSBY

TRACK_TIME 1167737286
TRACK A20110117589922 B737 282500 811800 120 30 999 NONE NONE 390
	FP_ROUTE KMCO..KPVD

TRACK_TIME 1167737286
TRACK A20110117589928 B752 334000 841960 120 30 999 NONE NONE 340
	FP_ROUTE KATL..KMSP

TRACK_TIME 1167737286
TRACK A20110117589931 E170 300160 901500 120 30 999 NONE NONE 350
	FP_ROUTE KMSY..KORD

TRACK_TIME 1167737286
TRACK A20110117589932 DH8D 404360 740700 120 30 999 NONE NONE 240
	FP_ROUTE KEWR..KCMH

TRACK_TIME 1167737286
TRACK A20110117589933 DH8D 400000 825260 120 30 999 NONE NONE 190
	FP_ROUTE KCMH..KEWR

TRACK_TIME 1167737286
TRACK A20110117589947 E145 303600 910460 120 30 999 NONE NONE 220
	FP_ROUTE KBTR..KIAH

TRACK_TIME 1167737286
TRACK A20110117589952 E145 274500 973000 120 30 999 NONE NONE 170
	FP_ROUTE KCRP..KIAH

TRACK_TIME 1167737286
TRACK A20110117589957 SW4 404660 1115800 120 30 999 NONE NONE 160
	FP_ROUTE KSLC..KCDC

TRACK_TIME 1167737286
TRACK A20110117589959 E135 425700 834500 120 30 999 NONE NONE 161
	FP_ROUTE KFNT..KMKE

TRACK_TIME 1167737286
TRACK A20110117589960 E135 425560 875400 120 30 999 NONE NONE 260
	FP_ROUTE KMKE..KSTL

TRACK_TIME 1167737286
TRACK A20110117589969 DH8A 391060 764200 120 30 999 NONE NONE 120
	FP_ROUTE KBWI..KLGA

TRACK_TIME 1167737286
TRACK A20110117589972 E170 394360 861660 120 30 999 NONE NONE 40
	FP_ROUTE KIND..KORD

TRACK_TIME 1167737286
TRACK A20110117589976 B734 711060 1563160 120 30 999 NONE NONE 370
	FP_ROUTE KBRW..KFAI

TRACK_TIME 1167737286
TRACK A20110117589978 B734 644600 1480400 120 30 999 NONE NONE 350
	FP_ROUTE KFAI..KANC

TRACK_TIME 1167737286
TRACK A20110117589981 CL60 393900 1065500 120 30 999 NONE NONE 210
	FP_ROUTE KEGE..KBJC

TRACK_TIME 1167737286
TRACK A20110117589988 A320 373900 1222100 120 30 999 NONE NONE 360
	FP_ROUTE KSFO..KSEA

TRACK_TIME 1167737286
TRACK A20110117589989 C560 350100 895800 120 30 999 NONE NONE 170
	FP_ROUTE KMEM..KBNA

TRACK_TIME 1167737286
TRACK A20110117589990 C560 360400 864200 120 30 999 NONE NONE 390
	FP_ROUTE KBNA..KTEB

TRACK_TIME 1167737286
TRACK A20110117589999 SF34 295800 952100 120 30 999 NONE NONE 89
	FP_ROUTE KIAH..KAEX

TRACK_TIME 1167737286
TRACK A20110117590004 A320 335560 1182560 120 30 999 NONE NONE 350
	FP_ROUTE KLAX..KORD

TRACK_TIME 1167737286
TRACK A20110117590007 B734 425700 712500 120 30 999 NONE NONE 340
	FP_ROUTE KMHT..KCLT

TRACK_TIME 1167737286
TRACK A20110117590008 CRJ2 464600 1004800 120 30 999 NONE NONE 360
	FP_ROUTE KBIS..KDEN

TRACK_TIME 1167737286
TRACK A20110117590009 A320 324500 1171300 120 30 999 NONE NONE 350
	FP_ROUTE KSAN..KIAD

TRACK_TIME 1167737286
TRACK A20110117590015 CRJ2 350100 895860 120 30 999 NONE NONE 300
	FP_ROUTE KMEM..KDSM

TRACK_TIME 1167737286
TRACK A20110117590016 E145 325260 970160 120 30 999 NONE NONE 370
	FP_ROUTE KDFW..KMKE

TRACK_TIME 1167737286
TRACK A20110117590017 CRJ2 430600 892100 120 30 999 NONE NONE 280
	FP_ROUTE KMSN..KMEM

TRACK_TIME 1167737286
TRACK A20110117590018 B738 335500 1182800 120 30 999 NONE NONE 370
	FP_ROUTE KLAX..KMSP

TRACK_TIME 1167737286
TRACK A20110117590030 CRJ2 404800 1115860 120 30 999 NONE NONE 300
	FP_ROUTE KSLC..KHLN

TRACK_TIME 1167737286
TRACK A20110117590040 CRJ2 333900 842260 120 30 999 NONE NONE 142
	FP_ROUTE KATL..KCHA

TRACK_TIME 1167737286
TRACK A20110117590042 BE9L 324000 1141360 120 30 999 NONE NONE 129
	FP_ROUTE KNYL..KTUS

TRACK_TIME 1167737286
TRACK A20110117590043 CRJ2 351500 1013300 120 30 999 NONE NONE 330
	FP_ROUTE KAMA..KMEM

TRACK_TIME 1167737286
TRACK A20110117590046 CRJ2 311960 852800 120 30 999 NONE NONE 210
	FP_ROUTE KDHN..KATL

TRACK_TIME 1167737286
TRACK A20110117590047 B763 211800 1575560 120 30 999 NONE NONE 350
	FP_ROUTE KHNL..KDFW

TRACK_TIME 1167737286
TRACK A20110117590050 CRJ2 345800 851300 120 30 999 NONE NONE 120
	FP_ROUTE KCHA..KATL

TRACK_TIME 1167737286
TRACK A20110117590051 CRJ2 333760 842400 120 30 999 NONE NONE 200
	FP_ROUTE KATL..KDHN

TRACK_TIME 1167737286
TRACK A20110117590052 A320 335700 1182800 120 30 999 NONE NONE 360
	FP_ROUTE KLAX..KSFO

TRACK_TIME 1167737286
TRACK A20110117590059 A319 422200 705500 120 30 999 NONE NONE 380
	FP_ROUTE KBOS..KCLT

TRACK_TIME 1167737286
TRACK A20110117590060 B738 360600 1150900 120 30 999 NONE NONE 380
	FP_ROUTE KLAS..KSEA

TRACK_TIME 1167737286
TRACK A20110117590067 CRJ2 345800 851300 120 30 999 NONE NONE 190
	FP_ROUTE KCHA..KCLT

TRACK_TIME 1167737286
TRACK A20110117590075 B752 360700 1150900 120 30 999 NONE NONE 350
	FP_ROUTE KLAS..KJFK

TRACK_TIME 1167737286
TRACK A20110117590087 E145 325500 970300 120 30 999 NONE NONE 340
	FP_ROUTE KDFW..KCRP

TRACK_TIME 1167737286
TRACK A20110117590090 B738 404500 735100 120 30 999 NONE NONE 400
	FP_ROUTE KLGA..KMCO

TRACK_TIME 1167737286
TRACK A20110117590091 B737 282500 811900 120 30 999 NONE NONE 370
	FP_ROUTE KMCO..KMKE

TRACK_TIME 1167737286
TRACK A20110117590096 E190 260460 801000 120 30 999 NONE NONE 310
	FP_ROUTE KFLL..KHPN

TRACK_TIME 1167737286
TRACK A20110117590102 B712 394500 861600 120 30 999 NONE NONE 310
	FP_ROUTE KIND..KATL

TRACK_TIME 1167737286
TRACK A20110117590105 E170 385200 770300 120 30 999 NONE NONE 320
	FP_ROUTE KDCA..KDFW

TRACK_TIME 1167737286
TRACK A20110117590112 A321 332560 1115860 120 30 999 NONE NONE 350
	FP_ROUTE KPHX..KCLT

TRACK_TIME 1167737286
TRACK A20110117590119 CRJ2 390300 843900 120 30 999 NONE NONE 230
	FP_ROUTE KCVG..KPHL

TRACK_TIME 1167737286
TRACK A20110117590120 B752 373900 1222100 120 30 999 NONE NONE 370
	FP_ROUTE KSFO..KJFK

TRACK_TIME 1167737286
TRACK A20110117590121 E145 274500 972860 120 30 999 NONE NONE 170
	FP_ROUTE KCRP..KIAH

TRACK_TIME 1167737286
TRACK A20110117590122 A320 430600 774060 120 30 999 NONE NONE 210
	FP_ROUTE KROC..KJFK

TRACK_TIME 1167737286
TRACK A20110117590125 BE20 454900 1083100 120 30 999 NONE NONE 230
	FP_ROUTE KBIL..KGGW

TRACK_TIME 1167737286
TRACK A20110117590128 CRJ9 425700 834500 120 30 999 NONE NONE 360
	FP_ROUTE KFNT..KATL

TRACK_TIME 1167737286
TRACK A20110117590130 E145 355400 784660 120 30 999 NONE NONE 260
	FP_ROUTE KRDU..KCVG

TRACK_TIME 1167737286
TRACK A20110117590131 B737 391060 764660 120 30 999 NONE NONE 400
	FP_ROUTE KBWI..KMKE

TRACK_TIME 1167737286
TRACK A20110117590132 A319 404360 734960 120 30 999 NONE NONE 380
	FP_ROUTE KLGA..KORD

TRACK_TIME 1167737286
TRACK A20110117590134 E145 424600 734800 120 30 999 NONE NONE 280
	FP_ROUTE KALB..KCLE

TRACK_TIME 1167737286
TRACK A20110117590138 B712 373300 772100 120 30 999 NONE NONE 340
	FP_ROUTE KRIC..KATL

TRACK_TIME 1167737286
TRACK A20110117590143 E145 404960 735260 120 30 999 NONE NONE 279
	FP_ROUTE KLGA..KCLE

TRACK_TIME 1167737286
TRACK A20110117590155 B752 263300 814360 120 30 999 NONE NONE 380
	FP_ROUTE KRSW..KATL

TRACK_TIME 1167737286
TRACK A20110117590157 DH8A 401200 764600 120 30 999 NONE NONE 49
	FP_ROUTE KMDT..KPHL

TRACK_TIME 1167737286
TRACK A20110117590164 C510 295400 974500 120 30 999 NONE NONE 370
	FP_ROUTE KHYI..KLUL

TRACK_TIME 1167737286
TRACK A20110117590168 LJ35 381060 764900 120 30 999 NONE NONE 380
	FP_ROUTE KBWI..KFPR

TRACK_TIME 1167737286
TRACK A20110117590171 DH8C 351360 805560 120 30 999 NONE NONE 91
	FP_ROUTE KCLT..KFLO

TRACK_TIME 1167737286
TRACK A20110117590180 A319 360760 1150760 120 30 999 NONE NONE 350
	FP_ROUTE KLAS..KFLL

TRACK_TIME 1167737286
TRACK A20110117590190 CRJ9 373760 1222200 120 30 999 NONE NONE 370
	FP_ROUTE KSFO..KSLC

TRACK_TIME 1167737286
TRACK A20110117590193 CRJ9 424600 734800 120 30 999 NONE NONE 320
	FP_ROUTE KALB..KDTW

TRACK_TIME 1167737286
TRACK A20110117590207 CRJ2 445400 931500 120 30 999 NONE NONE 260
	FP_ROUTE KMSP..KFAR

TRACK_TIME 1167737286
TRACK A20110117590208 CRJ2 473700 1173300 120 30 999 NONE NONE 310
	FP_ROUTE KGEG..KSLC

TRACK_TIME 1167737286
TRACK A20110117590209 B739 332560 1120160 120 30 999 NONE NONE 350
	FP_ROUTE KPHX..KIAH

TRACK_TIME 1167737286
TRACK A20110117590214 CRJ9 404900 1120000 120 30 999 NONE NONE 360
	FP_ROUTE KSLC..KSEA

TRACK_TIME 1167737286
TRACK A20110117590215 CRJ2 335100 1181060 120 30 999 NONE NONE 350
	FP_ROUTE KLGB..KSLC

TRACK_TIME 1167737286
TRACK A20110117590217 A319 422200 710100 120 30 999 NONE NONE 320
	FP_ROUTE KBOS..KDCA

TRACK_TIME 1167737286
TRACK A20110117590218 CRJ2 334960 1181060 120 30 999 NONE NONE 350
	FP_ROUTE KLGB..KSLC

TRACK_TIME 1167737286
TRACK A20110117590219 A321 355260 784660 120 30 999 NONE NONE 141
	FP_ROUTE KRDU..KCLT

TRACK_TIME 1167737286
TRACK A20110117590224 B739 301300 974000 120 30 999 NONE NONE 120
	FP_ROUTE KAUS..KIAH

TRACK_TIME 1167737286
TRACK A20110117590225 C510 384000 903300 120 30 999 NONE NONE 140
	FP_ROUTE KSUS..KI63

TRACK_TIME 1167737286
TRACK A20110117590228 CRJ2 413000 741000 120 30 999 NONE NONE 300
	FP_ROUTE KSWF..KDTW

TRACK_TIME 1167737286
TRACK A20110117590229 E145 394660 1043600 120 30 999 NONE NONE 350
	FP_ROUTE KDEN..KPIA

TRACK_TIME 1167737286
TRACK A20110117590230 E145 400000 825200 120 30 999 NONE NONE 110
	FP_ROUTE KCMH..KORD

TRACK_TIME 1167737286
TRACK A20110117590233 E145 425560 875400 120 30 999 NONE NONE 260
	FP_ROUTE KMKE..KMSP

TRACK_TIME 1167737286
TRACK A20110117590245 SF34 295560 940000 120 30 999 NONE NONE 80
	FP_ROUTE KBPT..KIAH

TRACK_TIME 1167737286
TRACK A20110117590249 B752 384360 901960 120 30 999 NONE NONE 410
	FP_ROUTE KSTL..KMIA

TRACK_TIME 1167737286
TRACK A20110117590256 E170 295860 901500 120 30 999 NONE NONE 330
	FP_ROUTE KMSY..KMEM

TRACK_TIME 1167737286
TRACK A20110117590265 E170 350000 895800 120 30 999 NONE NONE 370
	FP_ROUTE KMEM..KBOS

TRACK_TIME 1167737286
TRACK A20110117590266 CRJ2 302800 871000 120 30 999 NONE NONE 300
	FP_ROUTE KPNS..KMEM

TRACK_TIME 1167737286
TRACK A20110117590274 B744 612400 1494800 120 30 999 NONE NONE 350
	FP_ROUTE KANC..KJFK

TRACK_TIME 1167737286
TRACK A20110117590275 E145 415200 875400 120 30 999 NONE NONE 110
	FP_ROUTE KORD..KCMI

TRACK_TIME 1167737286
TRACK A20110117590279 B735 404300 740760 120 30 999 NONE NONE 360
	FP_ROUTE KEWR..KMSY

TRACK_TIME 1167737286
TRACK A20110117590280 B752 333700 841960 120 30 999 NONE NONE 280
	FP_ROUTE KATL..KJAX

TRACK_TIME 1167737286
TRACK A20110117590286 A319 332560 1120000 120 30 999 NONE NONE 380
	FP_ROUTE KPHX..KSJC

TRACK_TIME 1167737286
TRACK A20110117590288 B737 415700 724200 120 30 999 NONE NONE 380
	FP_ROUTE KBDL..KDEN

TRACK_TIME 1167737286
TRACK A20110117590289 B737 395100 1044500 120 30 999 NONE NONE 380
	FP_ROUTE KDEN..KOAK

TRACK_TIME 1167737286
TRACK A20110117590292 B733 293760 951800 120 30 999 NONE NONE 280
	FP_ROUTE KHOU..KSAT

TRACK_TIME 1167737286
TRACK A20110117590295 CRJ9 421200 832100 120 30 999 NONE NONE 370
	FP_ROUTE KDTW..KBOS

TRACK_TIME 1167737286
TRACK A20110117590303 B737 374360 1221600 120 30 999 NONE NONE 410
	FP_ROUTE KOAK..KLAX

TRACK_TIME 1167737286
TRACK A20110117590305 CRJ2 404900 734960 120 30 999 NONE NONE 60
	FP_ROUTE KLGA..KPHL

TRACK_TIME 1167737286
TRACK A20110117590307 B737 335700 1182800 120 30 999 NONE NONE 290
	FP_ROUTE KLAX..KLAS

TRACK_TIME 1167737286
TRACK A20110117590316 CRJ9 404900 1120000 120 30 999 NONE NONE 340
	FP_ROUTE KSLC..KSFO

TRACK_TIME 1167737286
TRACK A20110117590317 CRJ9 404500 1115800 120 30 999 NONE NONE 350
	FP_ROUTE KSLC..KIAH

TRACK_TIME 1167737286
TRACK A20110117590318 B735 361060 955260 120 30 999 NONE NONE 340
	FP_ROUTE KTUL..KIAH

TRACK_TIME 1167737286
TRACK A20110117590321 B753 333900 842260 120 30 999 NONE NONE 320
	FP_ROUTE KATL..KMSP

TRACK_TIME 1167737286
TRACK A20110117590322 CRJ2 332100 815800 120 30 999 NONE NONE 120
	FP_ROUTE KAGS..KCLT

TRACK_TIME 1167737286
TRACK A20110117590323 CRJ9 405100 1115800 120 30 999 NONE NONE 350
	FP_ROUTE KSLC..KDEN

TRACK_TIME 1167737286
TRACK A20110117590327 CRJ2 421200 832100 120 30 999 NONE NONE 300
	FP_ROUTE KDTW..KBHM

TRACK_TIME 1167737286
TRACK A20110117590334 CRJ2 404800 1115860 120 30 999 NONE NONE 330
	FP_ROUTE KSLC..KABQ

TRACK_TIME 1167737286
TRACK A20110117590338 A319 385260 770400 120 30 999 NONE NONE 380
	FP_ROUTE KDCA..KORD

TRACK_TIME 1167737286
TRACK A20110117590339 CRJ2 404900 1120100 120 30 999 NONE NONE 350
	FP_ROUTE KSLC..KTUS

TRACK_TIME 1167737286
TRACK A20110117590341 A319 351200 805700 120 30 999 NONE NONE 360
	FP_ROUTE KCLT..KSTL

TRACK_TIME 1167737286
TRACK A20110117590342 CRJ9 404900 1120000 120 30 999 NONE NONE 360
	FP_ROUTE KSLC..KLAX

TRACK_TIME 1167737286
TRACK A20110117590345 A319 275700 823300 120 30 999 NONE NONE 370
	FP_ROUTE KTPA..KLGA

TRACK_TIME 1167737286
TRACK A20110117590350 DH8C 371900 791300 120 30 999 NONE NONE 120
	FP_ROUTE KLYH..KCLT

TRACK_TIME 1167737286
TRACK A20110117590351 CRJ2 402860 800900 120 30 999 NONE NONE 300
	FP_ROUTE KPIT..KMEM

TRACK_TIME 1167737286
TRACK A20110117590353 B733 260460 800700 120 30 999 NONE NONE 270
	FP_ROUTE KFLL..KJAX

TRACK_TIME 1167737286
TRACK A20110117590354 B733 303000 814000 120 30 999 NONE NONE 350
	FP_ROUTE KJAX..KORF

TRACK_TIME 1167737286
TRACK A20110117590355 B738 282700 811960 120 30 999 NONE NONE 360
	FP_ROUTE KMCO..KMSP

TRACK_TIME 1167737286
TRACK A20110117590357 A320 335700 1182700 120 30 999 NONE NONE 350
	FP_ROUTE KLAX..KBOS

TRACK_TIME 1167737286
TRACK A20110117590358 B733 365400 761200 120 30 999 NONE NONE 160
	FP_ROUTE KORF..KBWI

TRACK_TIME 1167737286
TRACK A20110117590362 CRJ2 425860 712400 120 30 999 NONE NONE 320
	FP_ROUTE KMHT..KDTW

TRACK_TIME 1167737286
TRACK A20110117590363 CRJ2 350100 895800 120 30 999 NONE NONE 310
	FP_ROUTE KMEM..KCMH

TRACK_TIME 1167737286
TRACK A20110117590364 E170 394360 861660 120 30 999 NONE NONE 120
	FP_ROUTE KIND..KORD

TRACK_TIME 1167737286
TRACK A20110117590365 E170 415500 875800 120 30 999 NONE NONE 370
	FP_ROUTE KORD..KMIA

TRACK_TIME 1167737286
TRACK A20110117590369 A319 395100 1044660 120 30 999 NONE NONE 380
	FP_ROUTE KDEN..KPDX

TRACK_TIME 1167737286
TRACK A20110117590372 B752 332560 1115860 120 30 999 NONE NONE 390
	FP_ROUTE KPHX..KDEN

TRACK_TIME 1167737286
TRACK A20110117590374 B733 390900 763900 120 30 999 NONE NONE 260
	FP_ROUTE KBWI..KBUF

TRACK_TIME 1167737286
TRACK A20110117590376 CRJ2 360760 795400 120 30 999 NONE NONE 230
	FP_ROUTE KGSO..KIAD

TRACK_TIME 1167737286
TRACK A20110117590379 CL60 211800 1575560 120 30 999 NONE NONE 350
	FP_ROUTE KHNL..KPSP

TRACK_TIME 1167737286
TRACK A20110117590380 CL60 334060 1160760 120 30 999 NONE NONE 270
	FP_ROUTE KPSP..KSDL

TRACK_TIME 1167737286
TRACK A20110117590387 CRJ2 345560 821200 120 30 999 NONE NONE 200
	FP_ROUTE KGSP..KCVG

TRACK_TIME 1167737286
TRACK A20110117590391 B738 644300 1475400 120 30 999 NONE NONE 370
	FP_ROUTE KFAI..KSEA

TRACK_TIME 1167737286
TRACK A20110117590393 CRJ2 365400 761200 120 30 999 NONE NONE 160
	FP_ROUTE KORF..KDCA

TRACK_TIME 1167737286
TRACK A20110117590394 C550 301960 952400 120 30 999 NONE NONE 350
	FP_ROUTE KCXO..KBCT

TRACK_TIME 1167737286
TRACK A20110117590406 E120 342560 1195200 120 30 999 NONE NONE 260
	FP_ROUTE KSBA..KMRY

TRACK_TIME 1167737286
TRACK A20110117590407 A319 372260 1215700 120 30 999 NONE NONE 390
	FP_ROUTE KSJC..KPHX

TRACK_TIME 1167737286
TRACK A20110117590416 B738 404200 741000 120 30 999 NONE NONE 320
	FP_ROUTE KEWR..KPBI

TRACK_TIME 1167737286
TRACK A20110117590418 A319 260460 800760 120 30 999 NONE NONE 370
	FP_ROUTE KFLL..KLGA

TRACK_TIME 1167737286
TRACK A20110117590421 A319 421200 832100 120 30 999 NONE NONE 390
	FP_ROUTE KDTW..KRSW

TRACK_TIME 1167737286
TRACK A20110117590423 B752 335500 1182800 120 30 999 NONE NONE 370
	FP_ROUTE KLAX..KJFK

TRACK_TIME 1167737286
TRACK A20110117590431 CRJ2 420100 875800 120 30 999 NONE NONE 300
	FP_ROUTE KORD..KDLH

TRACK_TIME 1167737286
TRACK A20110117590448 B712 260400 801060 120 30 999 NONE NONE 310
	FP_ROUTE KFLL..KATL

TRACK_TIME 1167737286
TRACK A20110117590452 E170 411900 955500 120 30 999 NONE NONE 70
	FP_ROUTE KOMA..KMSP

TRACK_TIME 1167737286
TRACK A20110117590476 B738 415800 875700 120 30 999 NONE NONE 380
	FP_ROUTE KORD..KDEN

TRACK_TIME 1167737286
TRACK A20110117590477 E120 373900 1222200 120 30 999 NONE NONE 70
	FP_ROUTE KSFO..KMRY

TRACK_TIME 1167737286
TRACK A20110117590478 E120 363600 1215200 120 30 999 NONE NONE 60
	FP_ROUTE KMRY..KSFO

TRACK_TIME 1167737286
TRACK A20110117590479 B737 282700 811660 120 30 999 NONE NONE 390
	FP_ROUTE KMCO..KRDU

TRACK_TIME 1167737286
TRACK A20110117590485 C510 313000 892200 120 30 999 NONE NONE 360
	FP_ROUTE KLUL..KHYI

TRACK_TIME 1167737286
TRACK A20110117590487 LJ35 324800 972100 120 30 999 NONE NONE 410
	FP_ROUTE KFTW..KIND

TRACK_TIME 1167737286
TRACK A20110117590501 B752 335500 1182860 120 30 999 NONE NONE 350
	FP_ROUTE KLAX..KJFK

TRACK_TIME 1167737286
TRACK A20110117590507 A320 280000 823300 120 30 999 NONE NONE 360
	FP_ROUTE KTPA..KMSP

TRACK_TIME 1167737286
TRACK A20110117590510 A319 260400 800760 120 30 999 NONE NONE 210
	FP_ROUTE KFLL..KMCO

TRACK_TIME 1167737286
TRACK A20110117590511 A319 282400 811800 120 30 999 NONE NONE 370
	FP_ROUTE KMCO..KACY

TRACK_TIME 1167737286
TRACK A20110117590512 LJ45 321000 811200 120 30 999 NONE NONE 160
	FP_ROUTE KSAV..KAGS

TRACK_TIME 1167737286
TRACK A20110117590518 CRJ2 423100 763160 120 30 999 NONE NONE 260
	FP_ROUTE KITH..KDTW

TRACK_TIME 1167737286
TRACK A20110117590528 CL60 332560 940160 120 30 999 NONE NONE 40
	FP_ROUTE KTXK..KDAL

TRACK_TIME 1167737286
TRACK A20110117590530 CL60 324960 964960 120 30 999 NONE NONE 190
	FP_ROUTE KDAL..KSHV

TRACK_TIME 1167737286
TRACK A20110117590532 B733 391000 764200 120 30 999 NONE NONE 330
	FP_ROUTE KBWI..KPVD

TRACK_TIME 1167737286
TRACK A20110117590538 CL60 322560 934900 120 30 999 NONE NONE 100
	FP_ROUTE KSHV..KTXK

TRACK_TIME 1167737286
TRACK A20110117590539 E145 361300 955260 120 30 999 NONE NONE 250
	FP_ROUTE KTUL..KORD

TRACK_TIME 1167737286
TRACK A20110117590540 E145 345400 821300 120 30 999 NONE NONE 360
	FP_ROUTE KGSP..KORD

TRACK_TIME 1167737286
TRACK A20110117590541 CRJ2 430600 760760 120 30 999 NONE NONE 200
	FP_ROUTE KSYR..KJFK

TRACK_TIME 1167737286
TRACK A20110117590542 CL60 332700 935860 120 30 999 NONE NONE 200
	FP_ROUTE KTXK..KDAL

TRACK_TIME 1167737286
TRACK A20110117590543 B738 420100 875100 120 30 999 NONE NONE 370
	FP_ROUTE KORD..KEWR

TRACK_TIME 1167737286
TRACK A20110117590553 MD82 373900 1222200 120 30 999 NONE NONE 290
	FP_ROUTE KSFO..KLAX

TRACK_TIME 1167737286
TRACK A20110117590554 CRJ2 334000 842100 120 30 999 NONE NONE 250
	FP_ROUTE KATL..KLEX

TRACK_TIME 1167737286
TRACK A20110117590555 CRJ2 380000 844000 120 30 999 NONE NONE 230
	FP_ROUTE KLEX..KATL

TRACK_TIME 1167737286
TRACK A20110117590570 E190 395260 1043700 120 30 999 NONE NONE 370
	FP_ROUTE KDEN..KDTW

TRACK_TIME 1167737286
TRACK A20110117590571 CRJ2 365400 761200 120 30 999 NONE NONE 160
	FP_ROUTE KORF..KDCA

TRACK_TIME 1167737286
TRACK A20110117590596 CRJ2 374000 1222200 120 30 999 NONE NONE 270
	FP_ROUTE KSFO..KBUR

TRACK_TIME 1167737286
TRACK A20110117590604 A319 385700 773000 120 30 999 NONE NONE 230
	FP_ROUTE KIAD..KEWR

TRACK_TIME 1167737286
TRACK A20110117590607 CRJ9 351060 805560 120 30 999 NONE NONE 210
	FP_ROUTE KCLT..KILM

TRACK_TIME 1167737286
TRACK A20110117590612 MD82 325500 970300 120 30 999 NONE NONE 270
	FP_ROUTE KDFW..KMCI

TRACK_TIME 1167737286
TRACK A20110117590613 B738 390900 763900 120 30 999 NONE NONE 361
	FP_ROUTE KBWI..KATL

TRACK_TIME 1167737286
TRACK A20110117590617 CRJ2 433400 964360 120 30 999 NONE NONE 310
	FP_ROUTE KFSD..KORD

TRACK_TIME 1167737286
TRACK A20110117590619 E120 352800 1190700 120 30 999 NONE NONE 160
	FP_ROUTE KBFL..KSFO

TRACK_TIME 1167737286
TRACK A20110117590622 E120 404660 1120000 120 30 999 NONE NONE 230
	FP_ROUTE KSLC..KRKS

TRACK_TIME 1167737286
TRACK A20110117590623 B752 335560 1182700 120 30 999 NONE NONE 370
	FP_ROUTE KLAX..KHNL

TRACK_TIME 1167737286
TRACK A20110117590625 A320 282400 811800 120 30 999 NONE NONE 380
	FP_ROUTE KMCO..KLAX

TRACK_TIME 1167737286
TRACK A20110117590626 A320 334960 1181060 120 30 999 NONE NONE 330
	FP_ROUTE KLGB..KJFK

TRACK_TIME 1167737286
TRACK A20110117590629 BE9L 353300 1190460 120 30 999 NONE NONE 101
	FP_ROUTE KBFL..KFAT

TRACK_TIME 1167737286
TRACK A20110117590630 BE9L 364360 1194360 120 30 999 NONE NONE 70
	FP_ROUTE KFAT..KBFL

TRACK_TIME 1167737286
TRACK A20110117590632 SF34 295860 951900 120 30 999 NONE NONE 90
	FP_ROUTE KIAH..KLCH

TRACK_TIME 1167737286
TRACK A20110117590647 B752 333900 842100 120 30 999 NONE NONE 340
	FP_ROUTE KATL..KSFO

TRACK_TIME 1167737286
TRACK A20110117590648 DH8D 422200 710100 120 30 999 NONE NONE 140
	FP_ROUTE KBOS..KEWR

TRACK_TIME 1167737286
TRACK A20110117590650 B763 335560 1182700 120 30 999 NONE NONE 330
	FP_ROUTE KLAX..KATL

TRACK_TIME 1167737286
TRACK A20110117590651 E135 420000 875200 120 30 999 NONE NONE 159
	FP_ROUTE KORD..KMSN

TRACK_TIME 1167737286
TRACK A20110117590654 B752 373760 1220460 120 30 999 NONE NONE 370
	FP_ROUTE KSFO..KMSP

TRACK_TIME 1167737286
TRACK A20110117590655 SF34 382100 813700 120 30 999 NONE NONE 60
	FP_ROUTE KCRW..KIAD

TRACK_TIME 1167737286
TRACK A20110117590656 CRJ2 425860 784060 120 30 999 NONE NONE 250
	FP_ROUTE KBUF..KDCA

TRACK_TIME 1167737286
TRACK A20110117590659 B752 415800 875860 120 30 999 NONE NONE 360
	FP_ROUTE KORD..KLAX

TRACK_TIME 1167737286
TRACK A20110117590674 A320 324500 1171360 120 30 999 NONE NONE 350
	FP_ROUTE KSAN..KORD

TRACK_TIME 1167737286
TRACK A20110117590688 CL60 413000 731200 120 30 999 NONE NONE 41
	FP_ROUTE KOXC..KTEB

TRACK_TIME 1167737286
TRACK A20110117590693 CRJ2 421060 832100 120 30 999 NONE NONE 230
	FP_ROUTE KDTW..KROC

TRACK_TIME 1167737286
TRACK A20110117590707 C750 420760 875500 120 30 999 NONE NONE 190
	FP_ROUTE KPWK..KIND

TRACK_TIME 1167737286
TRACK A20110117590708 B763 374000 1221900 120 30 999 NONE NONE 370
	FP_ROUTE KSFO..KORD

TRACK_TIME 1167737286
TRACK A20110117590709 CRJ9 293300 982700 120 30 999 NONE NONE 360
	FP_ROUTE KSAT..KSLC

TRACK_TIME 1167737286
TRACK A20110117590710 MD11 611360 1500400 120 30 999 NONE NONE 300
	FP_ROUTE KANC..KZSPD

TRACK_TIME 1167737286
TRACK A20110117590714 CRJ9 395260 751300 120 30 999 NONE NONE 320
	FP_ROUTE KPHL..KMEM

TRACK_TIME 1167737286
TRACK A20110117590716 A320 275860 823300 120 30 999 NONE NONE 370
	FP_ROUTE KTPA..KBOS

TRACK_TIME 1167737286
TRACK A20110117590718 CRJ2 385400 772800 120 30 999 NONE NONE 280
	FP_ROUTE KIAD..KDTW

TRACK_TIME 1167737286
TRACK A20110117590723 CRJ1 421200 832100 120 30 999 NONE NONE 300
	FP_ROUTE KDTW..KHSV

TRACK_TIME 1167737286
TRACK A20110117590724 CL60 394000 754000 120 30 999 NONE NONE 380
	FP_ROUTE KILG..KLGB

TRACK_TIME 1167737286
TRACK A20110117590725 A319 385260 770300 120 30 999 NONE NONE 270
	FP_ROUTE KDCA..KSYR

TRACK_TIME 1167737286
TRACK A20110117590739 CRJ2 345800 851000 120 30 999 NONE NONE 110
	FP_ROUTE KCHA..KCLT

TRACK_TIME 1167737286
TRACK A20110117590741 A318 395200 1043160 120 30 999 NONE NONE 390
	FP_ROUTE KDEN..KMDW

TRACK_TIME 1167737286
TRACK A20110117590742 A319 421200 832200 120 30 999 NONE NONE 360
	FP_ROUTE KDTW..KDEN

TRACK_TIME 1167737286
TRACK A20110117590745 A320 472400 1221900 120 30 999 NONE NONE 350
	FP_ROUTE KSEA..KDEN

TRACK_TIME 1167737286
TRACK A20110117590746 MD83 332560 1115800 120 30 999 NONE NONE 330
	FP_ROUTE KPHX..KDFW

TRACK_TIME 1167737286
TRACK A20110117590753 A319 301900 974660 120 30 999 NONE NONE 380
	FP_ROUTE KAUS..KDEN

TRACK_TIME 1167737286
TRACK A20110117590760 LJ35 391000 763900 120 30 999 NONE NONE 125
	FP_ROUTE KBWI..KFPR

TRACK_TIME 1167737286
TRACK A20110117590761 B752 395260 751360 120 30 999 NONE NONE 400
	FP_ROUTE KPHL..KATL

TRACK_TIME 1167737286
TRACK A20110117590764 CRJ9 444960 931360 120 30 999 NONE NONE 280
	FP_ROUTE KMSP..KOMA

TRACK_TIME 1167737286
TRACK A20110117590765 CRJ2 444960 931300 120 30 999 NONE NONE 230
	FP_ROUTE KMSP..KCID

TRACK_TIME 1167737286
TRACK A20110117590766 E145 404360 740760 120 30 999 NONE NONE 300
	FP_ROUTE KEWR..KJAX

TRACK_TIME 1167737286
TRACK A20110117590767 CRJ2 421300 832260 120 30 999 NONE NONE 40
	FP_ROUTE KDTW..KFNT

TRACK_TIME 1167737286
TRACK A20110117590768 CRJ2 441500 883160 120 30 999 NONE NONE 110
	FP_ROUTE KATW..KMSP

TRACK_TIME 1167737286
TRACK A20110117590770 CRJ9 411800 955400 120 30 999 NONE NONE 79
	FP_ROUTE KOMA..KMSP

TRACK_TIME 1167737286
TRACK A20110117590772 DH8D 441000 1231300 120 30 999 NONE NONE 200
	FP_ROUTE KEUG..KSEA

TRACK_TIME 1167737286
TRACK A20110117590773 A319 385200 770300 120 30 999 NONE NONE 40
	FP_ROUTE KDCA..KCLT

TRACK_TIME 1167737286
TRACK A20110117590778 B739 373900 1222100 120 30 999 NONE NONE 350
	FP_ROUTE KSFO..KIAH

TRACK_TIME 1167737286
TRACK A20110117590788 C560 360700 1151000 120 30 999 NONE NONE 200
	FP_ROUTE KLAS..KSNA

TRACK_TIME 1167737286
TRACK A20110117590791 C550 354360 812400 120 30 999 NONE NONE 280
	FP_ROUTE KHKY..KTUP

TRACK_TIME 1167737286
TRACK A20110117590792 C560 333900 1175260 120 30 999 NONE NONE 210
	FP_ROUTE KSNA..KLAS

TRACK_TIME 1167737286
TRACK A20110117590793 E120 453600 1223600 120 30 999 NONE NONE 88
	FP_ROUTE KPDX..KSEA

TRACK_TIME 1167737286
TRACK A20110117590794 CRJ2 335560 1182800 120 30 999 NONE NONE 320
	FP_ROUTE KLAX..KBOI

TRACK_TIME 1167737286
TRACK A20110117590795 CRJ2 433400 1161200 120 30 999 NONE NONE 350
	FP_ROUTE KBOI..KLAX

TRACK_TIME 1167737286
TRACK A20110117590796 B737 355260 784660 120 30 999 NONE NONE 270
	FP_ROUTE KRDU..KPHL

TRACK_TIME 1167737286
TRACK A20110117590799 CRJ2 335560 1182560 120 30 999 NONE NONE 350
	FP_ROUTE KLAX..KELP

TRACK_TIME 1167737286
TRACK A20110117590800 B752 360700 1150900 120 30 999 NONE NONE 350
	FP_ROUTE KLAS..KORD

TRACK_TIME 1167737286
TRACK A20110117590801 B737 395260 751300 120 30 999 NONE NONE 360
	FP_ROUTE KPHL..KMDW

TRACK_TIME 1167737286
TRACK A20110117590813 E120 404660 1120000 120 30 999 NONE NONE 219
	FP_ROUTE KSLC..KPIH

TRACK_TIME 1167737286
TRACK A20110117590814 E120 413600 1090460 120 30 999 NONE NONE 250
	FP_ROUTE KRKS..KGCC

TRACK_TIME 1167737286
TRACK A20110117590819 E120 335500 1182700 120 30 999 NONE NONE 90
	FP_ROUTE KLAX..KCRQ

TRACK_TIME 1167737286
TRACK A20110117590823 E145 415860 875200 120 30 999 NONE NONE 330
	FP_ROUTE KORD..KBUF

TRACK_TIME 1167737286
TRACK A20110117590825 AT72 322560 934900 120 30 999 NONE NONE 120
	FP_ROUTE KSHV..KDFW

TRACK_TIME 1167737286
TRACK A20110117590832 B764 404300 740760 120 30 999 NONE NONE 320
	FP_ROUTE KEWR..KHNL

TRACK_TIME 1167737286
TRACK A20110117590834 CL60 333760 1115400 120 30 999 NONE NONE 370
	FP_ROUTE KSDL..KFLL

TRACK_TIME 1167737286
TRACK A20110117590836 CRJ2 385260 770400 120 30 999 NONE NONE 280
	FP_ROUTE KDCA..KDAY

TRACK_TIME 1167737286
TRACK A20110117590837 B738 295700 952100 120 30 999 NONE NONE 220
	FP_ROUTE KIAH..KSAT

TRACK_TIME 1167737286
TRACK A20110117590839 E145 411660 955260 120 30 999 NONE NONE 330
	FP_ROUTE KOMA..KMKE

TRACK_TIME 1167737286
TRACK A20110117590852 E145 400000 825200 120 30 999 NONE NONE 109
	FP_ROUTE KCMH..KCLE

TRACK_TIME 1167737286
TRACK A20110117590856 E145 395200 751660 120 30 999 NONE NONE 140
	FP_ROUTE KPHL..KIAD

TRACK_TIME 1167737286
TRACK A20110117590866 B752 263600 814300 120 30 999 NONE NONE 380
	FP_ROUTE KRSW..KATL

TRACK_TIME 1167737286
TRACK A20110117590869 DH8A 404800 735100 120 30 999 NONE NONE 170
	FP_ROUTE KLGA..KBGR

TRACK_TIME 1167737286
TRACK A20110117590873 CRJ2 425800 784200 120 30 999 NONE NONE 200
	FP_ROUTE KBUF..KDTW

TRACK_TIME 1167737286
TRACK A20110117590874 CRJ2 421200 832200 120 30 999 NONE NONE 320
	FP_ROUTE KDTW..KDSM

TRACK_TIME 1167737286
TRACK A20110117590879 CRJ2 385200 770300 120 30 999 NONE NONE 240
	FP_ROUTE KDCA..KCHS

TRACK_TIME 1167737286
TRACK A20110117590880 E135 380160 873160 120 30 999 NONE NONE 260
	FP_ROUTE KEVV..KORD

TRACK_TIME 1167737286
TRACK A20110117590882 CRJ2 362200 941960 120 30 999 NONE NONE 290
	FP_ROUTE KXNA..KATL

TRACK_TIME 1167737286
TRACK A20110117590883 CRJ2 322100 884660 120 30 999 NONE NONE 240
	FP_ROUTE KMEI..KATL

TRACK_TIME 1167737286
TRACK A20110117590891 E145 384360 901600 120 30 999 NONE NONE 230
	FP_ROUTE KSTL..KORD

TRACK_TIME 1167737286
TRACK A20110117590893 CRJ2 322500 934800 120 30 999 NONE NONE 330
	FP_ROUTE KSHV..KATL

TRACK_TIME 1167737286
TRACK A20110117590899 A321 404500 734960 120 30 999 NONE NONE 340
	FP_ROUTE KLGA..KCLT

TRACK_TIME 1167737286
TRACK A20110117590900 E145 295860 951800 120 30 999 NONE NONE 320
	FP_ROUTE KIAH..KAMA

TRACK_TIME 1167737286
TRACK A20110117590904 E120 384060 1213600 120 30 999 NONE NONE 230
	FP_ROUTE KSMF..KACV

TRACK_TIME 1167737286
TRACK A20110117590908 CRJ2 395100 894000 120 30 999 NONE NONE 109
	FP_ROUTE KSPI..KORD

TRACK_TIME 1167737286
TRACK A20110117590909 B734 351360 805700 120 30 999 NONE NONE 280
	FP_ROUTE KCLT..KDFW

TRACK_TIME 1167737286
TRACK A20110117590912 E120 373760 1222200 120 30 999 NONE NONE 250
	FP_ROUTE KSFO..KSBA

TRACK_TIME 1167737286
TRACK A20110117590913 E120 342500 1195200 120 30 999 NONE NONE 241
	FP_ROUTE KSBA..KSFO

TRACK_TIME 1167737286
TRACK A20110117590915 CRJ2 404900 964600 120 30 999 NONE NONE 340
	FP_ROUTE KLNK..KDEN

TRACK_TIME 1167737286
TRACK A20110117590916 CRJ2 404500 1120160 120 30 999 NONE NONE 310
	FP_ROUTE KSLC..KDEN

TRACK_TIME 1167737286
TRACK A20110117590921 A319 325260 970300 120 30 999 NONE NONE 380
	FP_ROUTE KDFW..KDEN

TRACK_TIME 1167737286
TRACK A20110117590922 A319 394960 1044600 120 30 999 NONE NONE 380
	FP_ROUTE KDEN..KSNA

TRACK_TIME 1167737286
TRACK A20110117590924 A320 415800 875800 120 30 999 NONE NONE 360
	FP_ROUTE KORD..KSMF

TRACK_TIME 1167737286
TRACK A20110117590925 E170 415200 913460 120 30 999 NONE NONE 360
	FP_ROUTE KCID..KDEN

TRACK_TIME 1167737286
TRACK A20110117590935 B732 211900 1575400 120 30 999 NONE NONE 150
	FP_ROUTE KHNL..KOGG

TRACK_TIME 1167737286
TRACK A20110117590939 MD82 415860 875200 120 30 999 NONE NONE 330
	FP_ROUTE KORD..KLGA

TRACK_TIME 1167737286
TRACK A20110117590959 E135 324500 1171360 120 30 999 NONE NONE 100
	FP_ROUTE KSAN..KLAX

TRACK_TIME 1167737286
TRACK A20110117590971 B752 254800 801960 120 30 999 NONE NONE 360
	FP_ROUTE KMIA..KORD

TRACK_TIME 1167737286
TRACK A20110117590981 C750 400900 764600 120 30 999 NONE NONE 101
	FP_ROUTE KMDT..KPIT

TRACK_TIME 1167737286
TRACK A20110117590982 C750 402860 801060 120 30 999 NONE NONE 168
	FP_ROUTE KPIT..KMDT

TRACK_TIME 1167737286
TRACK A20110117590983 B734 581900 1342860 120 30 999 NONE NONE 160
	FP_ROUTE KJNU..KSIT

TRACK_TIME 1167737286
TRACK A20110117590988 SF34 472200 925560 120 30 999 NONE NONE 90
	FP_ROUTE KHIB..KMSP

TRACK_TIME 1167737286
TRACK A20110117590989 MD83 325560 970300 120 30 999 NONE NONE 280
	FP_ROUTE KDFW..KPDX

TRACK_TIME 1167737286
TRACK A20110117590990 CRJ9 342560 1195200 120 30 999 NONE NONE 390
	FP_ROUTE KSBA..KPHX

TRACK_TIME 1167737286
TRACK A20110117590996 A320 453600 1223900 120 30 999 NONE NONE 370
	FP_ROUTE KPDX..KLGB

TRACK_TIME 1167737286
TRACK A20110117590997 A320 403900 734360 120 30 999 NONE NONE 360
	FP_ROUTE KJFK..KMCO

TRACK_TIME 1167737286
TRACK A20110117591000 B738 374300 1221500 120 30 999 NONE NONE 320
	FP_ROUTE KOAK..KSEA

TRACK_TIME 1167737286
TRACK A20110117591002 E190 282560 811800 120 30 999 NONE NONE 370
	FP_ROUTE KMCO..KBOS

TRACK_TIME 1167737286
TRACK A20110117591003 MD83 260460 800760 120 30 999 NONE NONE 330
	FP_ROUTE KFLL..KPBG

TRACK_TIME 1167737286
TRACK A20110117591004 E145 412400 815560 120 30 999 NONE NONE 40
	FP_ROUTE KCLE..KORD

TRACK_TIME 1167737286
TRACK A20110117591013 B763 472560 1221900 120 30 999 NONE NONE 390
	FP_ROUTE KSEA..KLAX

TRACK_TIME 1167737286
TRACK A20110117591014 CRJ9 445260 931060 120 30 999 NONE NONE 360
	FP_ROUTE KMSP..KPSC

TRACK_TIME 1167737286
TRACK A20110117591016 A319 373760 1222100 120 30 999 NONE NONE 370
	FP_ROUTE KSFO..KORD

TRACK_TIME 1167737286
TRACK A20110117591025 B738 384000 1213600 120 30 999 NONE NONE 330
	FP_ROUTE KSMF..KIAH

TRACK_TIME 1167737286
TRACK A20110117591037 MD82 275560 824200 120 30 999 NONE NONE 330
	FP_ROUTE KPIE..KROA

TRACK_TIME 1167737286
TRACK A20110117591038 CRJ9 332560 1120160 120 30 999 NONE NONE 350
	FP_ROUTE KPHX..KSAT

TRACK_TIME 1167737286
TRACK A20110117591041 B752 404300 740760 120 30 999 NONE NONE 400
	FP_ROUTE KEWR..KMCO

TRACK_TIME 1167737286
TRACK A20110117591046 B752 360700 1150900 120 30 999 NONE NONE 350
	FP_ROUTE KLAS..KJFK

TRACK_TIME 1167737286
TRACK A20110117591059 CRJ2 404500 735100 120 30 999 NONE NONE 200
	FP_ROUTE KLGA..KIAD

TRACK_TIME 1167737286
TRACK A20110117591064 MD82 325700 970300 120 30 999 NONE NONE 280
	FP_ROUTE KDFW..KSAT

TRACK_TIME 1167737286
TRACK A20110117591066 CL60 264060 800160 120 30 999 NONE NONE 390
	FP_ROUTE KPBI..KOXC

TRACK_TIME 1167737286
TRACK A20110117591068 B733 361060 955260 120 30 999 NONE NONE 360
	FP_ROUTE KTUL..KDEN

TRACK_TIME 1167737286
TRACK A20110117591071 B733 300000 901500 120 30 999 NONE NONE 370
	FP_ROUTE KMSY..KMCO

TRACK_TIME 1167737286
TRACK A20110117591074 E120 324360 1143900 120 30 999 NONE NONE 80
	FP_ROUTE KNYL..KIPL

TRACK_TIME 1167737286
TRACK A20110117591075 MD82 295800 951960 120 30 999 NONE NONE 49
	FP_ROUTE KIAH..KDFW

TRACK_TIME 1167737286
TRACK A20110117591076 MD82 325500 970300 120 30 999 NONE NONE 360
	FP_ROUTE KDFW..KSAN

TRACK_TIME 1167737286
TRACK A20110117591084 B733 352500 973760 120 30 999 NONE NONE 310
	FP_ROUTE KOKC..KMCI

TRACK_TIME 1167737286
TRACK A20110117591085 B733 391900 943460 120 30 999 NONE NONE 370
	FP_ROUTE KMCI..KMKE

TRACK_TIME 1167737286
TRACK A20110117591094 B733 293760 951800 120 30 999 NONE NONE 350
	FP_ROUTE KHOU..KMSY

TRACK_TIME 1167737286
TRACK A20110117591097 E145 325500 970300 120 30 999 NONE NONE 270
	FP_ROUTE KDFW..KHOU

TRACK_TIME 1167737286
TRACK A20110117591100 B733 335700 1182700 120 30 999 NONE NONE 350
	FP_ROUTE KLAX..KTUS

TRACK_TIME 1167737286
TRACK A20110117591105 CRJ2 430760 760300 120 30 999 NONE NONE 280
	FP_ROUTE KSYR..KCVG

TRACK_TIME 1167737286
TRACK A20110117591106 CRJ2 390160 844000 120 30 999 NONE NONE 80
	FP_ROUTE KCVG..KMEM

TRACK_TIME 1167737286
TRACK A20110117591108 CRJ2 445260 931000 120 30 999 NONE NONE 200
	FP_ROUTE KMSP..KGFK

TRACK_TIME 1167737286
TRACK A20110117591114 B737 324360 1171300 120 30 999 NONE NONE 390
	FP_ROUTE KSAN..KABQ

TRACK_TIME 1167737286
TRACK A20110117591119 B752 360700 1150900 120 30 999 NONE NONE 360
	FP_ROUTE KLAS..KSFO

TRACK_TIME 1167737286
TRACK A20110117591127 E145 361200 942200 120 30 999 NONE NONE 360
	FP_ROUTE KXNA..KDEN

TRACK_TIME 1167737286
TRACK A20110117591130 SW4 373700 1221900 120 30 999 NONE NONE 130
	FP_ROUTE KSFO..KRNO

TRACK_TIME 1167737286
TRACK A20110117591135 SF34 480400 961060 120 30 999 NONE NONE 170
	FP_ROUTE KTVF..KHIB

TRACK_TIME 1167737286
TRACK A20110117591136 SF34 472100 924900 120 30 999 NONE NONE 39
	FP_ROUTE KHIB..KMSP

TRACK_TIME 1167737286
TRACK A20110117591137 SF34 303600 962200 120 30 999 NONE NONE 70
	FP_ROUTE KCLL..KIAH

TRACK_TIME 1167737286
TRACK A20110117591139 B733 340300 1173760 120 30 999 NONE NONE 360
	FP_ROUTE KONT..KSMF

TRACK_TIME 1167737286
TRACK A20110117591141 E145 390900 964000 120 30 999 NONE NONE 320
	FP_ROUTE KMHK..KDFW

TRACK_TIME 1167737286
TRACK A20110117591152 B752 404900 735260 120 30 999 NONE NONE 400
	FP_ROUTE KLGA..KATL

TRACK_TIME 1167737286
TRACK A20110117591158 LJ35 255500 801600 120 30 999 NONE NONE 390
	FP_ROUTE KOPF..KHEF

TRACK_TIME 1167737286
TRACK A20110117591159 CRJ9 413000 741000 120 30 999 NONE NONE 360
	FP_ROUTE KSWF..KATL

TRACK_TIME 1167737286
TRACK A20110117591161 A318 395700 841600 120 30 999 NONE NONE 380
	FP_ROUTE KDAY..KDEN

TRACK_TIME 1167737286
TRACK A20110117591163 B737 393100 1194600 120 30 999 NONE NONE 310
	FP_ROUTE KRNO..KLAS

TRACK_TIME 1167737286
TRACK A20110117591165 B737 282500 811900 120 30 999 NONE NONE 370
	FP_ROUTE KMCO..KCMH

TRACK_TIME 1167737286
TRACK A20110117591179 CRJ2 341900 775200 120 30 999 NONE NONE 160
	FP_ROUTE KILM..KCLT

TRACK_TIME 1167737286
TRACK A20110117591181 B734 351060 805560 120 30 999 NONE NONE 110
	FP_ROUTE KCLT..KRDU

TRACK_TIME 1167737286
TRACK A20110117591185 E145 415700 724200 120 30 999 NONE NONE 240
	FP_ROUTE KBDL..KPIT

TRACK_TIME 1167737286
TRACK A20110117591186 E145 402860 801200 120 30 999 NONE NONE 240
	FP_ROUTE KPIT..KSTL

TRACK_TIME 1167737286
TRACK A20110117591187 C560 334000 842100 120 30 999 NONE NONE 449
	FP_ROUTE KATL..KOWD

TRACK_TIME 1167737286
TRACK A20110117591189 E170 415400 875800 120 30 999 NONE NONE 330
	FP_ROUTE KORD..KATL

TRACK_TIME 1167737286
TRACK A20110117591190 BE9L 372260 831600 120 30 999 NONE NONE 160
	FP_ROUTE KK20..KIND

TRACK_TIME 1167737286
TRACK A20110117591191 BE9L 394300 861600 120 30 999 NONE NONE 200
	FP_ROUTE KIND..KBNA

TRACK_TIME 1167737286
TRACK A20110117591192 B712 334000 842100 120 30 999 NONE NONE 320
	FP_ROUTE KATL..KHOU

TRACK_TIME 1167737286
TRACK A20110117591193 BE9L 360600 864060 120 30 999 NONE NONE 110
	FP_ROUTE KBNA..KCLT

TRACK_TIME 1167737286
TRACK A20110117591194 CRJ2 395260 751200 120 30 999 NONE NONE 160
	FP_ROUTE KPHL..KRIC

TRACK_TIME 1167737286
TRACK A20110117591197 E170 333900 842200 120 30 999 NONE NONE 340
	FP_ROUTE KATL..KORD

TRACK_TIME 1167737286
TRACK A20110117591199 DH8D 461960 1170300 120 30 999 NONE NONE 170
	FP_ROUTE KLWS..KBOI

TRACK_TIME 1167737286
TRACK A20110117591202 CRJ2 395700 1044200 120 30 999 NONE NONE 320
	FP_ROUTE KDEN..KBOI

TRACK_TIME 1167737286
TRACK A20110117591204 CRJ2 421060 832100 120 30 999 NONE NONE 290
	FP_ROUTE KDTW..KROA

TRACK_TIME 1167737286
TRACK A20110117591206 CRJ2 391200 944300 120 30 999 NONE NONE 61
	FP_ROUTE KMCI..KMEM

TRACK_TIME 1167737286
TRACK A20110117591210 B737 395100 751900 120 30 999 NONE NONE 220
	FP_ROUTE KPHL..KPIT

TRACK_TIME 1167737286
TRACK A20110117591226 E170 385400 772560 120 30 999 NONE NONE 300
	FP_ROUTE KIAD..KMIA

TRACK_TIME 1167737286
TRACK A20110117591227 CL60 341360 1183100 120 30 999 NONE NONE 260
	FP_ROUTE KVNY..KMMH

TRACK_TIME 1167737286
TRACK A20110117591228 E145 381000 854300 120 30 999 NONE NONE 230
	FP_ROUTE KSDF..KCLE

TRACK_TIME 1167737286
TRACK A20110117591230 CL60 374060 1181800 120 30 999 NONE NONE 330
	FP_ROUTE KMMH..KSLC

TRACK_TIME 1167737286
TRACK A20110117591236 A319 333900 1175260 120 30 999 NONE NONE 360
	FP_ROUTE KSNA..KSFO

TRACK_TIME 1167737286
TRACK A20110117591237 B752 373900 1222100 120 30 999 NONE NONE 350
	FP_ROUTE KSFO..KBOS

TRACK_TIME 1167737286
TRACK A20110117591240 CL60 404960 1115860 120 30 999 NONE NONE 360
	FP_ROUTE KSLC..KSMO

TRACK_TIME 1167737286
TRACK A20110117591252 CRJ9 345400 821300 120 30 999 NONE NONE 160
	FP_ROUTE KGSP..KATL

TRACK_TIME 1167737286
TRACK A20110117591254 CRJ2 380300 843600 120 30 999 NONE NONE 110
	FP_ROUTE KLEX..KORD

TRACK_TIME 1167737286
TRACK A20110117591257 E190 385400 770400 120 30 999 NONE NONE 360
	FP_ROUTE KDCA..KMCI

TRACK_TIME 1167737286
TRACK A20110117591260 CRJ2 294200 821800 120 30 999 NONE NONE 270
	FP_ROUTE KGNV..KCLT

TRACK_TIME 1167737286
TRACK A20110117591276 E135 364660 1194360 120 30 999 NONE NONE 230
	FP_ROUTE KFAT..KLAX

TRACK_TIME 1167737286
TRACK A20110117591283 B738 325560 970300 120 30 999 NONE NONE 400
	FP_ROUTE KDFW..KSNA

TRACK_TIME 1167737286
TRACK A20110117591294 CRJ2 425560 875400 120 30 999 NONE NONE 260
	FP_ROUTE KMKE..KSTL

TRACK_TIME 1167737286
TRACK A20110117591296 B752 420000 875100 120 30 999 NONE NONE 330
	FP_ROUTE KORD..KPIT

TRACK_TIME 1167737286
TRACK A20110117591306 CRJ2 403760 734900 120 30 999 NONE NONE 200
	FP_ROUTE KJFK..KRIC

TRACK_TIME 1167737286
TRACK A20110117591307 B737 263000 814800 120 30 999 NONE NONE 170
	FP_ROUTE KRSW..KMCO

TRACK_TIME 1167737286
TRACK A20110117591308 B737 282400 811800 120 30 999 NONE NONE 380
	FP_ROUTE KMCO..KMKE

TRACK_TIME 1167737286
TRACK A20110117591311 E170 395200 751600 120 30 999 NONE NONE 300
	FP_ROUTE KPHL..KILM

TRACK_TIME 1167737286
TRACK A20110117591312 B738 360400 1151200 120 30 999 NONE NONE 350
	FP_ROUTE KLAS..KMSP

TRACK_TIME 1167737286
TRACK A20110117591313 A320 335700 1183000 120 30 999 NONE NONE 380
	FP_ROUTE KLAX..KSEA

TRACK_TIME 1167737286
TRACK A20110117591327 B737 335560 1182700 120 30 999 NONE NONE 370
	FP_ROUTE KLAX..KATL

TRACK_TIME 1167737286
TRACK A20110117591330 DH8D 391500 1065260 120 30 999 NONE NONE 210
	FP_ROUTE KASE..KDEN

TRACK_TIME 1167737286
TRACK A20110117591331 DH8A 401360 764500 120 30 999 NONE NONE 49
	FP_ROUTE KMDT..KPHL

TRACK_TIME 1167737286
TRACK A20110117591341 B763 335500 1182700 120 30 999 NONE NONE 300
	FP_ROUTE KLAX..KOGG

TRACK_TIME 1167737286
TRACK A20110117591342 A320 403760 734900 120 30 999 NONE NONE 360
	FP_ROUTE KJFK..KMCO

TRACK_TIME 1167737286
TRACK A20110117591349 E120 404660 1120000 120 30 999 NONE NONE 200
	FP_ROUTE KSLC..KEKO

TRACK_TIME 1167737286
TRACK A20110117591350 MD82 420160 875800 120 30 999 NONE NONE 340
	FP_ROUTE KORD..KMCI

TRACK_TIME 1167737286
TRACK A20110117591360 CRJ2 425700 834500 120 30 999 NONE NONE 60
	FP_ROUTE KFNT..KDTW

TRACK_TIME 1167737286
TRACK A20110117591363 A320 393700 1065800 120 30 999 NONE NONE 210
	FP_ROUTE KEGE..KDEN

TRACK_TIME 1167737286
TRACK A20110117591369 CRJ2 334000 841960 120 30 999 NONE NONE 220
	FP_ROUTE KATL..KHSV

TRACK_TIME 1167737286
TRACK A20110117591372 E145 325500 970300 120 30 999 NONE NONE 270
	FP_ROUTE KDFW..KXNA

TRACK_TIME 1167737286
TRACK A20110117591374 A319 395260 1043600 120 30 999 NONE NONE 390
	FP_ROUTE KDEN..KMSP

TRACK_TIME 1167737286
TRACK A20110117591382 A320 420000 875260 120 30 999 NONE NONE 60
	FP_ROUTE KORD..KPHL

TRACK_TIME 1167737286
TRACK A20110117591386 A320 385500 772700 120 30 999 NONE NONE 360
	FP_ROUTE KIAD..KDFW

TRACK_TIME 1167737286
TRACK A20110117591394 B733 384360 901660 120 30 999 NONE NONE 330
	FP_ROUTE KSTL..KBOS

TRACK_TIME 1167737286
TRACK A20110117591395 B733 422200 705860 120 30 999 NONE NONE 319
	FP_ROUTE KBOS..KBWI

TRACK_TIME 1167737286
TRACK A20110117591397 B733 390900 763900 120 30 999 NONE NONE 260
	FP_ROUTE KBWI..KJAN

TRACK_TIME 1167737286
TRACK A20110117591423 CRJ2 400100 841600 120 30 999 NONE NONE 120
	FP_ROUTE KDAY..KDTW

TRACK_TIME 1167737286
TRACK A20110117591424 B738 404360 740700 120 30 999 NONE NONE 380
	FP_ROUTE KEWR..KPBI

TRACK_TIME 1167737286
TRACK A20110117591425 CRJ2 321800 862260 120 30 999 NONE NONE 120
	FP_ROUTE KMGM..KATL

TRACK_TIME 1167737286
TRACK A20110117591433 A320 415700 724060 120 30 999 NONE NONE 300
	FP_ROUTE KBDL..KIAD

TRACK_TIME 1167737286
TRACK A20110117591452 A333 211800 1575700 120 30 999 NONE NONE 370
	FP_ROUTE KHNL..KMSP

TRACK_TIME 1167737286
TRACK A20110117591455 E190 260400 801060 120 30 999 NONE NONE 370
	FP_ROUTE KFLL..KEWR

TRACK_TIME 1167737286
TRACK A20110117591456 CRJ2 420000 875560 120 30 999 NONE NONE 70
	FP_ROUTE KORD..KMKE

TRACK_TIME 1167737286
TRACK A20110117591457 CRJ2 425560 875400 120 30 999 NONE NONE 80
	FP_ROUTE KMKE..KORD

TRACK_TIME 1167737286
TRACK A20110117591460 CRJ2 332700 820000 120 30 999 NONE NONE 160
	FP_ROUTE KAGS..KATL

TRACK_TIME 1167737286
TRACK A20110117591461 B738 453600 1223700 120 30 999 NONE NONE 370
	FP_ROUTE KPDX..KBOS

TRACK_TIME 1167737286
TRACK A20110117591462 CRJ2 440400 1030400 120 30 999 NONE NONE 350
	FP_ROUTE KRAP..KMSP

TRACK_TIME 1167737286
TRACK A20110117591465 B753 404300 740900 120 30 999 NONE NONE 340
	FP_ROUTE KEWR..KLAS

TRACK_TIME 1167737286
TRACK A20110117591472 CRJ9 351500 805800 120 30 999 NONE NONE 340
	FP_ROUTE KCLT..KSTL

TRACK_TIME 1167737286
TRACK A20110117591473 CRJ9 472500 1221900 120 30 999 NONE NONE 370
	FP_ROUTE KSEA..KSLC

TRACK_TIME 1167737286
TRACK A20110117591478 SF34 295800 952100 120 30 999 NONE NONE 150
	FP_ROUTE KIAH..KLFT

TRACK_TIME 1167737286
TRACK A20110117591481 B753 445400 931660 120 30 999 NONE NONE 340
	FP_ROUTE KMSP..KSFO

TRACK_TIME 1167737286
TRACK A20110117591496 E145 415860 874900 120 30 999 NONE NONE 330
	FP_ROUTE KORD..KMDT

TRACK_TIME 1167737286
TRACK A20110117591498 E145 371800 795800 120 30 999 NONE NONE 340
	FP_ROUTE KROA..KORD

TRACK_TIME 1167737286
TRACK A20110117591512 CRJ2 464600 1004500 120 30 999 NONE NONE 330
	FP_ROUTE KBIS..KMSP

TRACK_TIME 1167737286
TRACK A20110117591524 CRJ1 345700 821000 120 30 999 NONE NONE 310
	FP_ROUTE KGSP..KDTW

TRACK_TIME 1167737286
TRACK A20110117591530 B712 385400 770460 120 30 999 NONE NONE 320
	FP_ROUTE KDCA..KMKE

TRACK_TIME 1167737286
TRACK A20110117591531 B712 333760 842260 120 30 999 NONE NONE 330
	FP_ROUTE KATL..KLGA

TRACK_TIME 1167737286
TRACK A20110117591536 B712 390700 764200 120 30 999 NONE NONE 340
	FP_ROUTE KBWI..KTPA

TRACK_TIME 1167737286
TRACK A20110117591537 B712 275800 823300 120 30 999 NONE NONE 340
	FP_ROUTE KTPA..KATL

TRACK_TIME 1167737286
TRACK A20110117591542 CRJ2 333760 842260 120 30 999 NONE NONE 99
	FP_ROUTE KATL..KGSP

TRACK_TIME 1167737286
TRACK A20110117591545 CRJ2 351060 805560 120 30 999 NONE NONE 170
	FP_ROUTE KCLT..KOAJ

TRACK_TIME 1167737286
TRACK A20110117591546 C560 262260 801300 120 30 999 NONE NONE 140
	FP_ROUTE KBCT..KMTH

TRACK_TIME 1167737286
TRACK A20110117591551 A319 472560 1221900 120 30 999 NONE NONE 370
	FP_ROUTE KSEA..KSFO

TRACK_TIME 1167737286
TRACK A20110117591554 DH8D 453460 1223700 120 30 999 NONE NONE 110
	FP_ROUTE KPDX..KMFR

TRACK_TIME 1167737286
TRACK A20110117591557 B752 324960 970100 120 30 999 NONE NONE 390
	FP_ROUTE KDFW..KBOS

TRACK_TIME 1167737286
TRACK A20110117591561 CRJ2 421300 853300 120 30 999 NONE NONE 39
	FP_ROUTE KAZO..KMSP

TRACK_TIME 1167737286
TRACK A20110117591564 CRJ2 404000 734500 120 30 999 NONE NONE 240
	FP_ROUTE KJFK..KORF

TRACK_TIME 1167737286
TRACK A20110117591574 E190 293300 982700 120 30 999 NONE NONE 360
	FP_ROUTE KSAT..KDEN

TRACK_TIME 1167737286
TRACK A20110117591580 E190 355260 784660 120 30 999 NONE NONE 270
	FP_ROUTE KRDU..KPHL

TRACK_TIME 1167737286
TRACK A20110117591582 B737 384360 901660 120 30 999 NONE NONE 390
	FP_ROUTE KSTL..KCMH

TRACK_TIME 1167737286
TRACK A20110117591585 B737 414660 874060 120 30 999 NONE NONE 410
	FP_ROUTE KMDW..KPHL

TRACK_TIME 1167737286
TRACK A20110117591588 CRJ2 390160 843900 120 30 999 NONE NONE 170
	FP_ROUTE KCVG..KPIT

TRACK_TIME 1167737286
TRACK A20110117591593 CRJ2 364800 1194600 120 30 999 NONE NONE 310
	FP_ROUTE KFAT..KPHX

TRACK_TIME 1167737286
TRACK A20110117591598 B752 333760 842200 120 30 999 NONE NONE 270
	FP_ROUTE KATL..KMCO

TRACK_TIME 1167737286
TRACK A20110117591599 B752 394960 1043760 120 30 999 NONE NONE 390
	FP_ROUTE KDEN..KBWI

TRACK_TIME 1167737286
TRACK A20110117591603 CRJ1 425700 784300 120 30 999 NONE NONE 220
	FP_ROUTE KBUF..KDTW

TRACK_TIME 1167737286
TRACK A20110117591605 MD82 411800 955400 120 30 999 NONE NONE 320
	FP_ROUTE KOMA..KDFW

TRACK_TIME 1167737286
TRACK A20110117591608 MD82 325200 970160 120 30 999 NONE NONE 370
	FP_ROUTE KDFW..KHSV

TRACK_TIME 1167737286
TRACK A20110117591609 B738 325260 970160 120 30 999 NONE NONE 390
	FP_ROUTE KDFW..KFLL

TRACK_TIME 1167737286
TRACK A20110117591611 B712 385400 770400 120 30 999 NONE NONE 340
	FP_ROUTE KDCA..KMKE

TRACK_TIME 1167737286
TRACK A20110117591612 SF34 422260 710000 120 30 999 NONE NONE 149
	FP_ROUTE KBOS..KBHB

TRACK_TIME 1167737286
TRACK A20110117591613 CRJ2 303900 881300 120 30 999 NONE NONE 310
	FP_ROUTE KMOB..KCLT

TRACK_TIME 1167737286
TRACK A20110117591626 B738 421200 832200 120 30 999 NONE NONE 70
	FP_ROUTE KDTW..KORD

TRACK_TIME 1167737286
TRACK A20110117591627 E120 364660 1194500 120 30 999 NONE NONE 250
	FP_ROUTE KFAT..KLAS

TRACK_TIME 1167737286
TRACK A20110117591630 FA20 261360 814500 120 30 999 NONE NONE 360
	FP_ROUTE KAPF..KCMI

TRACK_TIME 1167737286
TRACK A20110117591631 EA50 321600 811300 120 30 999 NONE NONE 40
	FP_ROUTE KSAV..KSAV

TRACK_TIME 1167737286
TRACK A20110117591632 B734 351000 805560 120 30 999 NONE NONE 311
	FP_ROUTE KCLT..KEWR

TRACK_TIME 1167737286
TRACK A20110117591644 E145 425560 875400 120 30 999 NONE NONE 360
	FP_ROUTE KMKE..KDFW

TRACK_TIME 1167737286
TRACK A20110117591653 AT72 325400 970300 120 30 999 NONE NONE 99
	FP_ROUTE KDFW..KGRK

TRACK_TIME 1167737286
TRACK A20110117591655 A321 351060 805560 120 30 999 NONE NONE 270
	FP_ROUTE KCLT..KLGA

TRACK_TIME 1167737286
TRACK A20110117591660 CRJ2 421300 832100 120 30 999 NONE NONE 120
	FP_ROUTE KDTW..KCLE

TRACK_TIME 1167737286
TRACK A20110117591665 B752 254800 801600 120 30 999 NONE NONE 370
	FP_ROUTE KMIA..KATL

TRACK_TIME 1167737286
TRACK A20110117591666 E190 422200 710100 120 30 999 NONE NONE 160
	FP_ROUTE KBOS..KLGA

TRACK_TIME 1167737286
TRACK A20110117591667 CRJ2 323100 914800 120 30 999 NONE NONE 290
	FP_ROUTE KMLU..KATL

TRACK_TIME 1167737286
TRACK A20110117591673 B752 333900 842260 120 30 999 NONE NONE 380
	FP_ROUTE KATL..KSEA

TRACK_TIME 1167737286
TRACK A20110117591674 B737 333700 1175260 120 30 999 NONE NONE 360
	FP_ROUTE KSNA..KSEA

TRACK_TIME 1167737286
TRACK A20110117591675 E145 365400 761200 120 30 999 NONE NONE 210
	FP_ROUTE KORF..KJFK

TRACK_TIME 1167737286
TRACK A20110117591677 E145 395200 751800 120 30 999 NONE NONE 260
	FP_ROUTE KPHL..KCLE

TRACK_TIME 1167737286
TRACK A20110117591678 MD83 410000 850700 120 30 999 NONE NONE 310
	FP_ROUTE KFWA..KSFB

TRACK_TIME 1167737286
TRACK A20110117591679 B738 335560 1182700 120 30 999 NONE NONE 330
	FP_ROUTE KLAX..KORD

TRACK_TIME 1167737286
TRACK A20110117591689 CRJ2 354660 840160 120 30 999 NONE NONE 110
	FP_ROUTE KTYS..KCLT

TRACK_TIME 1167737286
TRACK A20110117591697 E135 415800 875700 120 30 999 NONE NONE 120
	FP_ROUTE KORD..KMLI

TRACK_TIME 1167737286
TRACK A20110117591699 E135 412700 903100 120 30 999 NONE NONE 110
	FP_ROUTE KMLI..KORD

TRACK_TIME 1167737286
TRACK A20110117591700 B734 385200 770300 120 30 999 NONE NONE 270
	FP_ROUTE KDCA..KBDL

TRACK_TIME 1167737286
TRACK A20110117591707 CRJ2 384960 1044060 120 30 999 NONE NONE 119
	FP_ROUTE KCOS..KDEN

TRACK_TIME 1167737286
TRACK A20110117591719 CRJ2 424660 843300 120 30 999 NONE NONE 300
	FP_ROUTE KLAN..KMSP

TRACK_TIME 1167737286
TRACK A20110117591724 CRJ1 380300 843600 120 30 999 NONE NONE 120
	FP_ROUTE KLEX..KDTW

TRACK_TIME 1167737286
TRACK A20110117591726 CRJ2 351200 805700 120 30 999 NONE NONE 260
	FP_ROUTE KCLT..KDCA

TRACK_TIME 1167737286
TRACK A20110117591727 CRJ2 381960 813760 120 30 999 NONE NONE 280
	FP_ROUTE KCRW..KATL

TRACK_TIME 1167737286
TRACK A20110117591737 B733 414660 874060 120 30 999 NONE NONE 350
	FP_ROUTE KMDW..KPIT

TRACK_TIME 1167737286
TRACK A20110117591738 B737 332560 1120160 120 30 999 NONE NONE 370
	FP_ROUTE KPHX..KSTL

TRACK_TIME 1167737286
TRACK A20110117591739 E145 325200 970160 120 30 999 NONE NONE 370
	FP_ROUTE KDFW..KFWA

TRACK_TIME 1167737286
TRACK A20110117591742 A320 325200 970300 120 30 999 NONE NONE 360
	FP_ROUTE KDFW..KDEN

TRACK_TIME 1167737286
TRACK A20110117591748 CRJ9 441200 883100 120 30 999 NONE NONE 370
	FP_ROUTE KATW..KATL

TRACK_TIME 1167737286
TRACK A20110117591752 B737 404300 740900 120 30 999 NONE NONE 299
	FP_ROUTE KEWR..KCLT

TRACK_TIME 1167737286
TRACK A20110117591756 A319 394960 1044360 120 30 999 NONE NONE 360
	FP_ROUTE KDEN..KSMF

TRACK_TIME 1167737286
TRACK A20110117591757 BE20 411800 725560 120 30 999 NONE NONE 60
	FP_ROUTE KHVN..KBGM

TRACK_TIME 1167737286
TRACK A20110117591758 BE20 421060 755800 120 30 999 NONE NONE 220
	FP_ROUTE KBGM..KROA

TRACK_TIME 1167737286
TRACK A20110117591759 E145 414960 913760 120 30 999 NONE NONE 360
	FP_ROUTE KCID..KDFW

TRACK_TIME 1167737286
TRACK A20110117591760 C750 424000 831960 120 30 999 NONE NONE 389
	FP_ROUTE KPTK..KHPN

TRACK_TIME 1167737286
TRACK A20110117591761 CRJ2 351360 805560 120 30 999 NONE NONE 150
	FP_ROUTE KCLT..KOAJ

TRACK_TIME 1167737286
TRACK A20110117591763 EA50 405100 775100 120 30 999 NONE NONE 120
	FP_ROUTE KUNV..KAFJ

TRACK_TIME 1167737286
TRACK A20110117591768 B712 211900 1575400 120 30 999 NONE NONE 210
	FP_ROUTE KHNL..KITO

TRACK_TIME 1167737286
TRACK A20110117591772 B737 333900 842260 120 30 999 NONE NONE 320
	FP_ROUTE KATL..KSTL

TRACK_TIME 1167737286
TRACK A20110117591773 CRJ2 385200 770300 120 30 999 NONE NONE 230
	FP_ROUTE KDCA..KPVD

TRACK_TIME 1167737286
TRACK A20110117591774 CRJ2 345200 773600 120 30 999 NONE NONE 80
	FP_ROUTE KOAJ..KCLT

TRACK_TIME 1167737286
TRACK A20110117591775 MD83 325260 970300 120 30 999 NONE NONE 320
	FP_ROUTE KDFW..KPDX

TRACK_TIME 1167737286
TRACK A20110117591778 CRJ2 394300 861660 120 30 999 NONE NONE 290
	FP_ROUTE KIND..KRDU

TRACK_TIME 1167737286
TRACK A20110117591779 CRJ2 361200 941800 120 30 999 NONE NONE 40
	FP_ROUTE KXNA..KMEM

TRACK_TIME 1167737286
TRACK A20110117591780 E145 254800 801900 120 30 999 NONE NONE 370
	FP_ROUTE KMIA..KORF

TRACK_TIME 1167737286
TRACK A20110117591783 EA50 400760 801600 120 30 999 NONE NONE 340
	FP_ROUTE KAFJ..KIXD

TRACK_TIME 1167737286
TRACK A20110117591786 EA50 384600 944800 120 30 999 NONE NONE 350
	FP_ROUTE KIXD..KUNV

TRACK_TIME 1167737286
TRACK A20110117591787 CRJ9 350160 1063460 120 30 999 NONE NONE 340
	FP_ROUTE KABQ..KPHX

TRACK_TIME 1167737286
TRACK A20110117591788 B738 295700 952100 120 30 999 NONE NONE 320
	FP_ROUTE KIAH..KDEN

TRACK_TIME 1167737286
TRACK A20110117591793 E170 404300 740900 120 30 999 NONE NONE 360
	FP_ROUTE KEWR..KSTL

TRACK_TIME 1167737286
TRACK A20110117591794 CRJ2 413160 933900 120 30 999 NONE NONE 290
	FP_ROUTE KDSM..KMKE

TRACK_TIME 1167737286
TRACK A20110117591795 CRJ2 384360 901600 120 30 999 NONE NONE 270
	FP_ROUTE KSTL..KMKE

TRACK_TIME 1167737286
TRACK A20110117591799 CRJ9 401360 765200 120 30 999 NONE NONE 300
	FP_ROUTE KMDT..KCLT

TRACK_TIME 1167737286
TRACK A20110117591801 CRJ2 421300 832200 120 30 999 NONE NONE 310
	FP_ROUTE KDTW..KGSP

TRACK_TIME 1167737286
TRACK A20110117591802 E145 333300 864660 120 30 999 NONE NONE 340
	FP_ROUTE KBHM..KIAH

TRACK_TIME 1167737286
TRACK A20110117591804 E190 385860 773300 120 30 999 NONE NONE 310
	FP_ROUTE KIAD..KBOS

TRACK_TIME 1167737286
TRACK A20110117591805 E190 422200 710100 120 30 999 NONE NONE 280
	FP_ROUTE KBOS..KIAD

TRACK_TIME 1167737286
TRACK A20110117591806 B752 404800 735200 120 30 999 NONE NONE 400
	FP_ROUTE KLGA..KATL

TRACK_TIME 1167737286
TRACK A20110117591808 CRJ2 351200 805700 120 30 999 NONE NONE 100
	FP_ROUTE KCLT..KAVL

TRACK_TIME 1167737286
TRACK A20110117591811 E190 391300 944360 120 30 999 NONE NONE 350
	FP_ROUTE KMCI..KMSY

TRACK_TIME 1167737286
TRACK A20110117591818 MD82 415500 874900 120 30 999 NONE NONE 260
	FP_ROUTE KORD..KDFW

TRACK_TIME 1167737286
TRACK A20110117591827 A320 334960 1181060 120 30 999 NONE NONE 360
	FP_ROUTE KLGB..KSFO

TRACK_TIME 1167737286
TRACK A20110117591830 E190 385260 770300 120 30 999 NONE NONE 360
	FP_ROUTE KDCA..KMCI

TRACK_TIME 1167737286
TRACK A20110117591831 B734 351000 805560 120 30 999 NONE NONE 300
	FP_ROUTE KCLT..KPBI

TRACK_TIME 1167737286
TRACK A20110117591832 A320 260460 800760 120 30 999 NONE NONE 370
	FP_ROUTE KFLL..KSJU

TRACK_TIME 1167737286
TRACK A20110117591833 E145 325260 970160 120 30 999 NONE NONE 370
	FP_ROUTE KDFW..KVPS

TRACK_TIME 1167737286
TRACK A20110117591834 B738 301900 973300 120 30 999 NONE NONE 210
	FP_ROUTE KAUS..KIAH

TRACK_TIME 1167737286
TRACK A20110117591836 DH8D 335700 1182560 120 30 999 NONE NONE 220
	FP_ROUTE KLAX..KMMH

TRACK_TIME 1167737286
TRACK A20110117591837 A319 385400 772800 120 30 999 NONE NONE 360
	FP_ROUTE KIAD..KSAT

TRACK_TIME 1167737286
TRACK A20110117591838 E135 422260 710100 120 30 999 NONE NONE 120
	FP_ROUTE KBOS..KLGA

TRACK_TIME 1167737286
TRACK A20110117591841 B752 472560 1221800 120 30 999 NONE NONE 350
	FP_ROUTE KSEA..KORD

TRACK_TIME 1167737286
TRACK A20110117591844 DH8D 373700 1184960 120 30 999 NONE NONE 220
	FP_ROUTE KMMH..KSJC

TRACK_TIME 1167737286
TRACK A20110117591847 B737 335700 1182800 120 30 999 NONE NONE 360
	FP_ROUTE KLAX..KSFO

TRACK_TIME 1167737286
TRACK A20110117591854 CRJ2 404600 735100 120 30 999 NONE NONE 240
	FP_ROUTE KLGA..KBUF

TRACK_TIME 1167737286
TRACK A20110117591856 B763 472560 1221900 120 30 999 NONE NONE 370
	FP_ROUTE KSEA..KRIV

TRACK_TIME 1167737286
TRACK A20110117591865 MD83 432860 1120600 120 30 999 NONE NONE 330
	FP_ROUTE KIDA..KIWA

TRACK_TIME 1167737286
TRACK A20110117591866 DH8D 372400 1215800 120 30 999 NONE NONE 240
	FP_ROUTE KSJC..KPDX

TRACK_TIME 1167737286
TRACK A20110117591867 B738 472560 1221800 120 30 999 NONE NONE 350
	FP_ROUTE KSEA..KATL

TRACK_TIME 1167737286
TRACK A20110117591869 BE9L 333300 821600 120 30 999 NONE NONE 99
	FP_ROUTE KDNL..KPDK

TRACK_TIME 1167737286
TRACK A20110117591870 BE9L 335400 841660 120 30 999 NONE NONE 110
	FP_ROUTE KPDK..KDNL

TRACK_TIME 1167737286
TRACK A20110117591871 CRJ2 421200 832100 120 30 999 NONE NONE 230
	FP_ROUTE KDTW..KBUF

TRACK_TIME 1167737286
TRACK A20110117591872 A320 422200 705860 120 30 999 NONE NONE 280
	FP_ROUTE KBOS..KCLT

TRACK_TIME 1167737286
TRACK A20110117591876 CRJ2 373760 1222200 120 30 999 NONE NONE 320
	FP_ROUTE KSFO..KPSC

TRACK_TIME 1167737286
TRACK A20110117591878 B734 351060 805700 120 30 999 NONE NONE 320
	FP_ROUTE KCLT..KORD

TRACK_TIME 1167737286
TRACK A20110117591879 B738 445100 931300 120 30 999 NONE NONE 90
	FP_ROUTE KMSP..KORD

TRACK_TIME 1167737286
TRACK A20110117591880 E135 364660 1194360 120 30 999 NONE NONE 230
	FP_ROUTE KFAT..KLAX

TRACK_TIME 1167737286
TRACK A20110117591883 MD83 324960 970300 120 30 999 NONE NONE 320
	FP_ROUTE KDFW..KSFO

TRACK_TIME 1167737286
TRACK A20110117591884 E145 415860 874960 120 30 999 NONE NONE 370
	FP_ROUTE KORD..KCLT

TRACK_TIME 1167737286
TRACK A20110117591888 B738 445260 931900 120 30 999 NONE NONE 380
	FP_ROUTE KMSP..KLAX

TRACK_TIME 1167737286
TRACK A20110117591892 B738 415500 875260 120 30 999 NONE NONE 320
	FP_ROUTE KORD..KSEA

TRACK_TIME 1167737286
TRACK A20110117591893 B738 395100 1043000 120 30 999 NONE NONE 370
	FP_ROUTE KDEN..KIAH

TRACK_TIME 1167737286
TRACK A20110117591896 B712 405560 812500 120 30 999 NONE NONE 360
	FP_ROUTE KCAK..KATL

TRACK_TIME 1167737286
TRACK A20110117591900 B752 373900 1221800 120 30 999 NONE NONE 370
	FP_ROUTE KSFO..KDEN

TRACK_TIME 1167737286
TRACK A20110117591901 CRJ2 421200 832260 120 30 999 NONE NONE 300
	FP_ROUTE KDTW..KDLH

TRACK_TIME 1167737286
TRACK A20110117591902 B752 422100 710100 120 30 999 NONE NONE 380
	FP_ROUTE KBOS..KDFW

TRACK_TIME 1167737286
TRACK A20110117591903 BE9L 325700 964900 120 30 999 NONE NONE 58
	FP_ROUTE KADS..KTKI

TRACK_TIME 1167737286
TRACK A20110117591906 E190 402860 801200 120 30 999 NONE NONE 370
	FP_ROUTE KPIT..KJFK

TRACK_TIME 1167737286
TRACK A20110117591914 E145 390300 844060 120 30 999 NONE NONE 220
	FP_ROUTE KCVG..KORD

TRACK_TIME 1167737286
TRACK A20110117591917 CRJ1 390160 844000 120 30 999 NONE NONE 300
	FP_ROUTE KCVG..KMSY

TRACK_TIME 1167737286
TRACK A20110117591921 B737 341000 1182200 120 30 999 NONE NONE 380
	FP_ROUTE KBUR..KOAK

TRACK_TIME 1167737286
TRACK A20110117591922 B737 374360 1221600 120 30 999 NONE NONE 350
	FP_ROUTE KOAK..KDEN

TRACK_TIME 1167737286
TRACK A20110117591923 B737 395500 1044000 120 30 999 NONE NONE 390
	FP_ROUTE KDEN..KBDL

TRACK_TIME 1167737286
TRACK A20110117591924 B739 295500 952200 120 30 999 NONE NONE 350
	FP_ROUTE KIAH..KORD

TRACK_TIME 1167737286
TRACK A20110117591926 B733 394360 861600 120 30 999 NONE NONE 330
	FP_ROUTE KIND..KTPA

TRACK_TIME 1167737286
TRACK A20110117591927 CRJ2 333760 842260 120 30 999 NONE NONE 230
	FP_ROUTE KATL..KGSO

TRACK_TIME 1167737286
TRACK A20110117591932 FA50 333900 1175260 120 30 999 NONE NONE 390
	FP_ROUTE KSNA..KTEB

TRACK_TIME 1167737286
TRACK A20110117591933 CRJ2 395260 751200 120 30 999 NONE NONE 100
	FP_ROUTE KPHL..KRIC

TRACK_TIME 1167737286
TRACK A20110117591936 AT72 334300 1014900 120 30 999 NONE NONE 130
	FP_ROUTE KLBB..KDFW

TRACK_TIME 1167737286
TRACK A20110117591937 A319 360760 1150700 120 30 999 NONE NONE 290
	FP_ROUTE KLAS..KPHX

TRACK_TIME 1167737286
TRACK A20110117591939 CRJ2 351200 805800 120 30 999 NONE NONE 101
	FP_ROUTE KCLT..KGSP

TRACK_TIME 1167737286
TRACK A20110117591940 AT72 325200 970460 120 30 999 NONE NONE 100
	FP_ROUTE KDFW..KMAF

TRACK_TIME 1167737286
TRACK A20110117591943 B738 421060 832400 120 30 999 NONE NONE 380
	FP_ROUTE KDTW..KDEN

TRACK_TIME 1167737286
TRACK A20110117591944 B733 300100 901500 120 30 999 NONE NONE 340
	FP_ROUTE KMSY..KHOU

TRACK_TIME 1167737286
TRACK A20110117591945 B733 293900 951800 120 30 999 NONE NONE 25
	FP_ROUTE KHOU..KAUS

TRACK_TIME 1167737286
TRACK A20110117591949 E145 352200 973700 120 30 999 NONE NONE 370
	FP_ROUTE KOKC..KORD

TRACK_TIME 1167737286
TRACK A20110117591950 MD82 384360 901660 120 30 999 NONE NONE 330
	FP_ROUTE KSTL..KDCA

TRACK_TIME 1167737286
TRACK A20110117591951 B712 282560 811800 120 30 999 NONE NONE 330
	FP_ROUTE KMCO..KATL

TRACK_TIME 1167737286
TRACK A20110117591952 B712 282500 811800 120 30 999 NONE NONE 330
	FP_ROUTE KMCO..KATL

TRACK_TIME 1167737286
TRACK A20110117591956 B737 425560 875400 120 30 999 NONE NONE 380
	FP_ROUTE KMKE..KSFO

TRACK_TIME 1167737286
TRACK A20110117591960 B735 422200 705700 120 30 999 NONE NONE 160
	FP_ROUTE KBOS..KEWR

TRACK_TIME 1167737286
TRACK A20110117591962 B752 404000 734500 120 30 999 NONE NONE 320
	FP_ROUTE KJFK..KMIA

TRACK_TIME 1167737286
TRACK A20110117591966 B738 444960 931360 120 30 999 NONE NONE 380
	FP_ROUTE KMSP..KPHX

TRACK_TIME 1167737286
TRACK A20110117591967 B733 414600 874300 120 30 999 NONE NONE 330
	FP_ROUTE KMDW..KBNA

TRACK_TIME 1167737286
TRACK A20110117591968 B733 360700 864000 120 30 999 NONE NONE 350
	FP_ROUTE KBNA..KECP

TRACK_TIME 1167737286
TRACK A20110117591970 DH8A 404800 735200 120 30 999 NONE NONE 150
	FP_ROUTE KLGA..KBTV

TRACK_TIME 1167737286
TRACK A20110117591973 E145 385700 773000 120 30 999 NONE NONE 110
	FP_ROUTE KIAD..KPHL

TRACK_TIME 1167737286
TRACK A20110117591974 E145 395260 751300 120 30 999 NONE NONE 140
	FP_ROUTE KPHL..KIAD

TRACK_TIME 1167737286
TRACK A20110117591976 DH8A 611000 1503100 120 30 999 NONE NONE 240
	FP_ROUTE KANC..KBET

TRACK_TIME 1167737286
TRACK A20110117591978 E145 400000 825260 120 30 999 NONE NONE 330
	FP_ROUTE KCMH..KBOS

TRACK_TIME 1167737286
TRACK A20110117591979 E145 422100 710100 120 30 999 NONE NONE 340
	FP_ROUTE KBOS..KCMH

TRACK_TIME 1167737286
TRACK A20110117591987 E145 321600 861960 120 30 999 NONE NONE 360
	FP_ROUTE KMGM..KDFW

TRACK_TIME 1167737286
TRACK A20110117591995 E170 415860 874960 120 30 999 NONE NONE 210
	FP_ROUTE KORD..KIND

TRACK_TIME 1167737286
TRACK A20110117591996 E170 394500 861500 120 30 999 NONE NONE 330
	FP_ROUTE KIND..KIAD

TRACK_TIME 1167737286
TRACK A20110117591997 B737 282500 811800 120 30 999 NONE NONE 390
	FP_ROUTE KMCO..KPVD

TRACK_TIME 1167737286
TRACK A20110117591998 B734 351060 805560 120 30 999 NONE NONE 300
	FP_ROUTE KCLT..KJAX

TRACK_TIME 1167737286
TRACK A20110117592003 B738 300000 952260 120 30 999 NONE NONE 370
	FP_ROUTE KIAH..KLGA

TRACK_TIME 1167737286
TRACK A20110117592004 A319 395260 1043300 120 30 999 NONE NONE 390
	FP_ROUTE KDEN..KCMH

TRACK_TIME 1167737286
TRACK A20110117592006 A320 260400 801060 120 30 999 NONE NONE 370
	FP_ROUTE KFLL..KLGA

TRACK_TIME 1167737286
TRACK A20110117592010 A319 445400 931360 120 30 999 NONE NONE 370
	FP_ROUTE KMSP..KLGA

TRACK_TIME 1167737286
TRACK A20110117592012 DH8D 350160 1063460 120 30 999 NONE NONE 250
	FP_ROUTE KABQ..KDEN

TRACK_TIME 1167737286
TRACK A20110117592017 E145 404500 734960 120 30 999 NONE NONE 340
	FP_ROUTE KLGA..KSAV

TRACK_TIME 1167737286
TRACK A20110117592018 B752 385400 772700 120 30 999 NONE NONE 340
	FP_ROUTE KIAD..KMCO

TRACK_TIME 1167737286
TRACK A20110117592019 B752 445200 931060 120 30 999 NONE NONE 390
	FP_ROUTE KMSP..KMCO

TRACK_TIME 1167737286
TRACK A20110117592026 A320 410460 734360 120 30 999 NONE NONE 340
	FP_ROUTE KHPN..KFLL

TRACK_TIME 1167737286
TRACK A20110117592030 A320 421060 832100 120 30 999 NONE NONE 390
	FP_ROUTE KDTW..KPBI

TRACK_TIME 1167737286
TRACK A20110117592032 E135 425560 834500 120 30 999 NONE NONE 180
	FP_ROUTE KFNT..KORD

TRACK_TIME 1167737286
TRACK A20110117592033 B752 391060 764600 120 30 999 NONE NONE 360
	FP_ROUTE KBWI..KSLC

TRACK_TIME 1167737286
TRACK A20110117592039 MD83 334960 1181000 120 30 999 NONE NONE 270
	FP_ROUTE KLGB..KLAS

TRACK_TIME 1167737286
TRACK A20110117592041 E145 404300 740900 120 30 999 NONE NONE 240
	FP_ROUTE KEWR..KCHS

TRACK_TIME 1167737286
TRACK A20110117592043 E145 395500 841000 120 30 999 NONE NONE 360
	FP_ROUTE KDAY..KIAH

TRACK_TIME 1167737286
TRACK A20110117592044 A320 332560 1120160 120 30 999 NONE NONE 380
	FP_ROUTE KPHX..KSFO

TRACK_TIME 1167737286
TRACK A20110117592049 A319 263700 814300 120 30 999 NONE NONE 370
	FP_ROUTE KRSW..KDTW

TRACK_TIME 1167737286
TRACK A20110117592055 E145 390460 944660 120 30 999 NONE NONE 360
	FP_ROUTE KMCI..KIAH

TRACK_TIME 1167737286
TRACK A20110117592057 B737 260460 800600 120 30 999 NONE NONE 410
	FP_ROUTE KFLL..KATL

TRACK_TIME 1167737286
TRACK A20110117592062 E145 420100 874900 120 30 999 NONE NONE 370
	FP_ROUTE KORD..KMDT

TRACK_TIME 1167737286
TRACK A20110117592077 MU2 393600 1045100 120 30 999 NONE NONE 200
	FP_ROUTE KAPA..KSLC

TRACK_TIME 1167737286
TRACK A20110117592078 B712 394300 861600 120 30 999 NONE NONE 330
	FP_ROUTE KIND..KMCO

TRACK_TIME 1167737286
TRACK A20110117592079 B737 404300 740900 120 30 999 NONE NONE 380
	FP_ROUTE KEWR..KSAT

TRACK_TIME 1167737286
TRACK A20110117592080 B762 335560 1182700 120 30 999 NONE NONE 371
	FP_ROUTE KLAX..KJFK

TRACK_TIME 1167737286
TRACK A20110117592081 CRJ2 380300 843460 120 30 999 NONE NONE 230
	FP_ROUTE KLEX..KATL

TRACK_TIME 1167737286
TRACK A20110117592082 B738 355400 784660 120 30 999 NONE NONE 280
	FP_ROUTE KRDU..KATL

TRACK_TIME 1167737286
TRACK A20110117592084 E135 325260 970300 120 30 999 NONE NONE 220
	FP_ROUTE KDFW..KABI

TRACK_TIME 1167737286
TRACK A20110117592086 B738 295700 952100 120 30 999 NONE NONE 360
	FP_ROUTE KIAH..KSJC

TRACK_TIME 1167737286
TRACK A20110117592088 A319 335560 1182800 120 30 999 NONE NONE 340
	FP_ROUTE KLAX..KSFO

TRACK_TIME 1167737286
TRACK A20110117592093 E170 394200 861800 120 30 999 NONE NONE 110
	FP_ROUTE KIND..KCLT

TRACK_TIME 1167737286
TRACK A20110117592096 B738 333900 842260 120 30 999 NONE NONE 380
	FP_ROUTE KATL..KMSY

TRACK_TIME 1167737286
TRACK A20110117592097 E135 425260 852860 120 30 999 NONE NONE 119
	FP_ROUTE KGRR..KMKE

TRACK_TIME 1167737286
TRACK A20110117592100 A319 360700 1150900 120 30 999 NONE NONE 290
	FP_ROUTE KLAS..KPHX

TRACK_TIME 1167737286
TRACK A20110117592101 CRJ2 415860 874900 120 30 999 NONE NONE 230
	FP_ROUTE KORD..KMBS

TRACK_TIME 1167737286
TRACK A20110117592102 CRJ2 433000 840900 120 30 999 NONE NONE 200
	FP_ROUTE KMBS..KORD

TRACK_TIME 1167737286
TRACK A20110117592103 CRJ2 424660 843100 120 30 999 NONE NONE 60
	FP_ROUTE KLAN..KDTW

TRACK_TIME 1167737286
TRACK A20110117592105 A321 351060 805560 120 30 999 NONE NONE 270
	FP_ROUTE KCLT..KPVD

TRACK_TIME 1167737286
TRACK A20110117592109 B734 264300 800000 120 30 999 NONE NONE 290
	FP_ROUTE KPBI..KCLT

TRACK_TIME 1167737286
TRACK A20110117592118 B752 264500 800000 120 30 999 NONE NONE 370
	FP_ROUTE KPBI..KATL

TRACK_TIME 1167737286
TRACK A20110117592126 CRJ2 435260 911500 120 30 999 NONE NONE 39
	FP_ROUTE KLSE..KMSP

TRACK_TIME 1167737286
TRACK A20110117592127 BE20 322200 804200 120 30 999 NONE NONE 180
	FP_ROUTE KARW..KSFB

TRACK_TIME 1167737286
TRACK A20110117592128 B737 373760 1222200 120 30 999 NONE NONE 410
	FP_ROUTE KSFO..KPHX

TRACK_TIME 1167737286
TRACK A20110117592130 DH8D 374300 1221360 120 30 999 NONE NONE 250
	FP_ROUTE KOAK..KLAX

TRACK_TIME 1167737286
TRACK A20110117592131 B737 332560 1115860 120 30 999 NONE NONE 280
	FP_ROUTE KPHX..KLAS

TRACK_TIME 1167737286
TRACK A20110117592132 B712 370760 762860 120 30 999 NONE NONE 340
	FP_ROUTE KPHF..KATL

TRACK_TIME 1167737286
TRACK A20110117592135 B712 430760 774000 120 30 999 NONE NONE 230
	FP_ROUTE KROC..KBWI

TRACK_TIME 1167737286
TRACK A20110117592137 E145 314900 1062260 120 30 999 NONE NONE 350
	FP_ROUTE KELP..KDEN

TRACK_TIME 1167737286
TRACK A20110117592143 A320 472560 1221900 120 30 999 NONE NONE 390
	FP_ROUTE KSEA..KLAX

TRACK_TIME 1167737286
TRACK A20110117592148 CRJ2 333760 842260 120 30 999 NONE NONE 230
	FP_ROUTE KATL..KTLH

TRACK_TIME 1167737286
TRACK A20110117592149 E170 385260 770300 120 30 999 NONE NONE 210
	FP_ROUTE KDCA..KLGA

TRACK_TIME 1167737286
TRACK A20110117592152 CRJ2 302560 842560 120 30 999 NONE NONE 220
	FP_ROUTE KTLH..KATL

TRACK_TIME 1167737286
TRACK A20110117592154 A319 404660 735200 120 30 999 NONE NONE 380
	FP_ROUTE KLGA..KMSP

TRACK_TIME 1167737286
TRACK A20110117592155 B738 263160 814060 120 30 999 NONE NONE 380
	FP_ROUTE KRSW..KIAH

TRACK_TIME 1167737286
TRACK A20110117592158 CRJ9 300100 901500 120 30 999 NONE NONE 340
	FP_ROUTE KMSY..KSLC

TRACK_TIME 1167737286
TRACK A20110117592159 CRJ2 360900 864300 120 30 999 NONE NONE 310
	FP_ROUTE KBNA..KDCA

TRACK_TIME 1167737286
TRACK A20110117592160 CRJ2 405200 964600 120 30 999 NONE NONE 109
	FP_ROUTE KLNK..KMSP

TRACK_TIME 1167737286
TRACK A20110117592161 E145 350300 895860 120 30 999 NONE NONE 340
	FP_ROUTE KMEM..KIAH

TRACK_TIME 1167737286
TRACK A20110117592163 E145 430600 774200 120 30 999 NONE NONE 70
	FP_ROUTE KROC..KEWR

TRACK_TIME 1167737286
TRACK A20110117592164 E170 351060 805700 120 30 999 NONE NONE 340
	FP_ROUTE KCLT..KIND

TRACK_TIME 1167737286
TRACK A20110117592172 C550 333700 1115560 120 30 999 NONE NONE 330
	FP_ROUTE KSDL..KEGE

TRACK_TIME 1167737286
TRACK A20110117592173 C550 393900 1065500 120 30 999 NONE NONE 340
	FP_ROUTE KEGE..KSDL

TRACK_TIME 1167737286
TRACK A20110117592174 E120 481060 1034000 120 30 999 NONE NONE 230
	FP_ROUTE KISN..KDEN

TRACK_TIME 1167737286
TRACK A20110117592178 E170 394360 861800 120 30 999 NONE NONE 210
	FP_ROUTE KIND..KORD

TRACK_TIME 1167737286
TRACK A20110117592186 E145 394360 861500 120 30 999 NONE NONE 100
	FP_ROUTE KIND..KCLE

TRACK_TIME 1167737286
TRACK A20110117592187 B737 372200 1215560 120 30 999 NONE NONE 410
	FP_ROUTE KSJC..KSNA

TRACK_TIME 1167737286
TRACK A20110117592190 B737 333900 1175260 120 30 999 NONE NONE 270
	FP_ROUTE KSNA..KLAS

TRACK_TIME 1167737286
TRACK A20110117592191 FA50 251660 801660 120 30 999 NONE NONE 430
	FP_ROUTE K07FA..KAZO

TRACK_TIME 1167737286
TRACK A20110117592193 B737 360700 1150900 120 30 999 NONE NONE 370
	FP_ROUTE KLAS..KRDU

TRACK_TIME 1167737286
TRACK A20110117592194 B737 355260 784600 120 30 999 NONE NONE 380
	FP_ROUTE KRDU..KSTL

TRACK_TIME 1167737286
TRACK A20110117592195 E145 415860 875200 120 30 999 NONE NONE 330
	FP_ROUTE KORD..KSYR

TRACK_TIME 1167737286
TRACK A20110117592206 B733 293900 951360 120 30 999 NONE NONE 300
	FP_ROUTE KHOU..KDAL

TRACK_TIME 1167737286
TRACK A20110117592207 B733 324960 964960 120 30 999 NONE NONE 360
	FP_ROUTE KDAL..KLBB

TRACK_TIME 1167737286
TRACK A20110117592208 E145 430600 760600 120 30 999 NONE NONE 130
	FP_ROUTE KSYR..KIAD

TRACK_TIME 1167737286
TRACK A20110117592212 MD82 325100 970160 120 30 999 NONE NONE 330
	FP_ROUTE KDFW..KCLT

TRACK_TIME 1167737286
TRACK A20110117592213 CRJ2 302560 842700 120 30 999 NONE NONE 220
	FP_ROUTE KTLH..KATL

TRACK_TIME 1167737286
TRACK A20110117592215 LJ35 380400 783000 120 30 999 NONE NONE 79
	FP_ROUTE KCHO..KROA

TRACK_TIME 1167737286
TRACK A20110117592217 B737 391000 764360 120 30 999 NONE NONE 250
	FP_ROUTE KBWI..KBDL

TRACK_TIME 1167737286
TRACK A20110117592222 B712 333900 842200 120 30 999 NONE NONE 320
	FP_ROUTE KATL..KSTL

TRACK_TIME 1167737286
TRACK A20110117592223 B737 472560 1221900 120 30 999 NONE NONE 390
	FP_ROUTE KSEA..KDEN

TRACK_TIME 1167737286
TRACK A20110117592224 CRJ2 425700 712560 120 30 999 NONE NONE 320
	FP_ROUTE KMHT..KDTW

TRACK_TIME 1167737286
TRACK A20110117592225 E135 413160 933900 120 30 999 NONE NONE 270
	FP_ROUTE KDSM..KMKE

TRACK_TIME 1167737286
TRACK A20110117592229 CRJ2 323100 920100 120 30 999 NONE NONE 40
	FP_ROUTE KMLU..KMEM

TRACK_TIME 1167737286
TRACK A20110117592231 B733 352260 973700 120 30 999 NONE NONE 370
	FP_ROUTE KOKC..KHOU

TRACK_TIME 1167737286
TRACK A20110117592232 B737 395560 1043900 120 30 999 NONE NONE 390
	FP_ROUTE KDEN..KMSP

TRACK_TIME 1167737286
TRACK A20110117592235 A319 333760 842400 120 30 999 NONE NONE 370
	FP_ROUTE KATL..KEYW

TRACK_TIME 1167737286
TRACK A20110117592239 A319 332560 1120160 120 30 999 NONE NONE 360
	FP_ROUTE KPHX..KANC

TRACK_TIME 1167737286
TRACK A20110117592240 CRJ2 373160 771900 120 30 999 NONE NONE 131
	FP_ROUTE KRIC..KPHL

TRACK_TIME 1167737286
TRACK A20110117592257 CRJ2 405700 812560 120 30 999 NONE NONE 300
	FP_ROUTE KCAK..KMKE

TRACK_TIME 1167737286
TRACK A20110117592260 E145 295560 951960 120 30 999 NONE NONE 350
	FP_ROUTE KIAH..KAVL

TRACK_TIME 1167737286
TRACK A20110117592261 B712 384300 901900 120 30 999 NONE NONE 330
	FP_ROUTE KSTL..KATL

TRACK_TIME 1167737286
TRACK A20110117592264 A319 453600 1223760 120 30 999 NONE NONE 390
	FP_ROUTE KPDX..KDEN

TRACK_TIME 1167737286
TRACK A20110117592265 MD82 334000 842100 120 30 999 NONE NONE 340
	FP_ROUTE KATL..KDFW

TRACK_TIME 1167737286
TRACK A20110117592267 CRJ2 350100 895860 120 30 999 NONE NONE 220
	FP_ROUTE KMEM..KFSM

TRACK_TIME 1167737286
TRACK A20110117592268 CRJ2 445100 931360 120 30 999 NONE NONE 310
	FP_ROUTE KMSP..KDAY

TRACK_TIME 1167737286
TRACK A20110117592272 B737 414600 874660 120 30 999 NONE NONE 380
	FP_ROUTE KMDW..KOAK

TRACK_TIME 1167737286
TRACK A20110117592275 A319 404900 735200 120 30 999 NONE NONE 360
	FP_ROUTE KLGA..KMSY

TRACK_TIME 1167737286
TRACK A20110117592278 B737 414600 874600 120 30 999 NONE NONE 380
	FP_ROUTE KMDW..KSFO

TRACK_TIME 1167737286
TRACK A20110117592283 B737 374000 1222200 120 30 999 NONE NONE 390
	FP_ROUTE KSFO..KSNA

TRACK_TIME 1167737286
TRACK A20110117592284 E145 403760 735200 120 30 999 NONE NONE 220
	FP_ROUTE KJFK..KSYR

TRACK_TIME 1167737286
TRACK A20110117592287 B737 333760 842400 120 30 999 NONE NONE 410
	FP_ROUTE KATL..KMCO

TRACK_TIME 1167737286
TRACK A20110117592288 E145 361060 955260 120 30 999 NONE NONE 340
	FP_ROUTE KTUL..KIAH

TRACK_TIME 1167737286
TRACK A20110117592292 BE9L 365400 1200160 120 30 999 NONE NONE 29
	FP_ROUTE KMAE..KFAT

TRACK_TIME 1167737286
TRACK A20110117592298 MD83 360700 1150900 120 30 999 NONE NONE 330
	FP_ROUTE KLAS..KGRI

TRACK_TIME 1167737286
TRACK A20110117592300 B752 333760 842260 120 30 999 NONE NONE 390
	FP_ROUTE KATL..KFLL

TRACK_TIME 1167737286
TRACK A20110117592302 E145 373100 771960 120 30 999 NONE NONE 360
	FP_ROUTE KRIC..KORD

TRACK_TIME 1167737286
TRACK A20110117592303 B738 415700 724000 120 30 999 NONE NONE 380
	FP_ROUTE KBDL..KDFW

TRACK_TIME 1167737286
TRACK A20110117592304 CL60 412800 740300 120 30 999 NONE NONE 70
	FP_ROUTE KSWF..KALB

TRACK_TIME 1167737286
TRACK A20110117592306 B738 404600 735100 120 30 999 NONE NONE 380
	FP_ROUTE KLGA..KDTW

TRACK_TIME 1167737286
TRACK A20110117592309 B737 372500 1215860 120 30 999 NONE NONE 410
	FP_ROUTE KSJC..KSAN

TRACK_TIME 1167737286
TRACK A20110117592316 B752 333760 842260 120 30 999 NONE NONE 380
	FP_ROUTE KATL..KSAT

TRACK_TIME 1167737286
TRACK A20110117592318 CRJ2 390160 843900 120 30 999 NONE NONE 230
	FP_ROUTE KCVG..KCLE

TRACK_TIME 1167737286
TRACK A20110117592319 CRJ2 421060 832260 120 30 999 NONE NONE 330
	FP_ROUTE KDTW..KSAV

TRACK_TIME 1167737286
TRACK A20110117592323 E135 332560 815560 120 30 999 NONE NONE 360
	FP_ROUTE KAGS..KDFW

TRACK_TIME 1167737286
TRACK A20110117592327 DH8D 415860 875200 120 30 999 NONE NONE 250
	FP_ROUTE KORD..KEWR

TRACK_TIME 1167737286
TRACK A20110117592329 CRJ2 404900 1120000 120 30 999 NONE NONE 340
	FP_ROUTE KSLC..KSMF

TRACK_TIME 1167737286
TRACK A20110117592332 E170 445200 931000 120 30 999 NONE NONE 340
	FP_ROUTE KMSP..KBIL

TRACK_TIME 1167737286
TRACK A20110117592337 LJ35 385260 772560 120 30 999 NONE NONE 380
	FP_ROUTE KIAD..KFLL

TRACK_TIME 1167737286
TRACK A20110117592339 A320 415700 724000 120 30 999 NONE NONE 360
	FP_ROUTE KBDL..KFLL

TRACK_TIME 1167737286
TRACK A20110117592342 B738 472560 1221900 120 30 999 NONE NONE 350
	FP_ROUTE KSEA..KDTW

TRACK_TIME 1167737286
TRACK A20110117592354 B734 415700 724000 120 30 999 NONE NONE 300
	FP_ROUTE KBDL..KDCA

TRACK_TIME 1167737286
TRACK A20110117592355 B737 324900 964960 120 30 999 NONE NONE 110
	FP_ROUTE KDAL..KHOU

TRACK_TIME 1167737286
TRACK A20110117592356 E145 295860 951800 120 30 999 NONE NONE 110
	FP_ROUTE KIAH..KDFW

TRACK_TIME 1167737286
TRACK A20110117592360 A320 445100 931360 120 30 999 NONE NONE 360
	FP_ROUTE KMSP..KPHX

TRACK_TIME 1167737286
TRACK A20110117592364 A320 415500 875100 120 30 999 NONE NONE 310
	FP_ROUTE KORD..KPIT

TRACK_TIME 1167737286
TRACK A20110117592366 B737 275860 823300 120 30 999 NONE NONE 380
	FP_ROUTE KTPA..KHOU

TRACK_TIME 1167737286
TRACK A20110117592368 E135 325100 970160 120 30 999 NONE NONE 370
	FP_ROUTE KDFW..KPNS

TRACK_TIME 1167737286
TRACK A20110117592369 MD82 411600 955100 120 30 999 NONE NONE 260
	FP_ROUTE KOMA..KDFW

TRACK_TIME 1167737286
TRACK A20110117592370 A319 333900 842260 120 30 999 NONE NONE 360
	FP_ROUTE KATL..KMDW

TRACK_TIME 1167737286
TRACK A20110117592374 B737 293900 951800 120 30 999 NONE NONE 390
	FP_ROUTE KHOU..KECP

TRACK_TIME 1167737286
TRACK A20110117592378 A320 350100 895800 120 30 999 NONE NONE 350
	FP_ROUTE KMEM..KDTW

TRACK_TIME 1167737286
TRACK A20110117592380 A319 351060 805560 120 30 999 NONE NONE 270
	FP_ROUTE KCLT..KRIC

TRACK_TIME 1167737286
TRACK A20110117592390 B737 384300 901600 120 30 999 NONE NONE 400
	FP_ROUTE KSTL..KHOU

TRACK_TIME 1167737286
TRACK A20110117592393 A319 373760 1222200 120 30 999 NONE NONE 370
	FP_ROUTE KSFO..KBOS

TRACK_TIME 1167737286
TRACK A20110117592394 CRJ9 301500 973900 120 30 999 NONE NONE 310
	FP_ROUTE KAUS..KCLT

TRACK_TIME 1167737286
TRACK A20110117592395 B737 325200 965200 120 30 999 NONE NONE 270
	FP_ROUTE KDAL..KOKC

TRACK_TIME 1167737286
TRACK A20110117592396 B737 293900 951800 120 30 999 NONE NONE 380
	FP_ROUTE KHOU..KSAN

TRACK_TIME 1167737286
TRACK A20110117592402 B712 295860 901500 120 30 999 NONE NONE 330
	FP_ROUTE KMSY..KBWI

TRACK_TIME 1167737286
TRACK A20110117592403 E145 295700 952200 120 30 999 NONE NONE 350
	FP_ROUTE KIAH..KTUL

TRACK_TIME 1167737286
TRACK A20110117592411 CRJ9 301360 974060 120 30 999 NONE NONE 350
	FP_ROUTE KAUS..KMSP

TRACK_TIME 1167737286
TRACK A20110117592416 LJ35 442500 880900 120 30 999 NONE NONE 380
	FP_ROUTE KGRB..KJLN

TRACK_TIME 1167737286
TRACK A20110117592420 CRJ2 393400 1194660 120 30 999 NONE NONE 330
	FP_ROUTE KRNO..KLAX

TRACK_TIME 1167737286
TRACK A20110117592422 BE9L 284660 811300 120 30 999 NONE NONE 139
	FP_ROUTE KSFB..KFXE

TRACK_TIME 1167737286
TRACK A20110117592428 CRJ2 421200 832260 120 30 999 NONE NONE 300
	FP_ROUTE KDTW..KGSP

TRACK_TIME 1167737286
TRACK A20110117592438 A319 260460 800760 120 30 999 NONE NONE 370
	FP_ROUTE KFLL..KACY

TRACK_TIME 1167737286
TRACK A20110117592439 B712 404600 735100 120 30 999 NONE NONE 320
	FP_ROUTE KLGA..KATL

TRACK_TIME 1167737286
TRACK A20110117592442 B712 404960 735260 120 30 999 NONE NONE 280
	FP_ROUTE KLGA..KCAK

TRACK_TIME 1167737286
TRACK A20110117592443 B712 405560 812400 120 30 999 NONE NONE 320
	FP_ROUTE KCAK..KMCO

TRACK_TIME 1167737286
TRACK A20110117592446 B737 280100 823300 120 30 999 NONE NONE 250
	FP_ROUTE KTPA..KFLL

TRACK_TIME 1167737286
TRACK A20110117592447 B737 360700 1150900 120 30 999 NONE NONE 320
	FP_ROUTE KLAS..KOAK

TRACK_TIME 1167737286
TRACK A20110117592448 B737 390900 763900 120 30 999 NONE NONE 380
	FP_ROUTE KBWI..KFLL

TRACK_TIME 1167737286
TRACK A20110117592449 CRJ2 433400 841300 120 30 999 NONE NONE 200
	FP_ROUTE KMBS..KMSP

TRACK_TIME 1167737286
TRACK A20110117592450 B712 390900 763900 120 30 999 NONE NONE 320
	FP_ROUTE KBWI..KFLL

TRACK_TIME 1167737286
TRACK A20110117592451 E170 415860 875100 120 30 999 NONE NONE 230
	FP_ROUTE KORD..KDTW

TRACK_TIME 1167737286
TRACK A20110117592458 A320 333900 842260 120 30 999 NONE NONE 340
	FP_ROUTE KATL..KORD

TRACK_TIME 1167737286
TRACK A20110117592459 SF34 423300 941060 120 30 999 NONE NONE 79
	FP_ROUTE KFOD..KMSP

TRACK_TIME 1167737286
TRACK A20110117592460 B735 380900 854360 120 30 999 NONE NONE 280
	FP_ROUTE KSDF..KSTL

TRACK_TIME 1167737286
TRACK A20110117592462 DH8D 472560 1221800 120 30 999 NONE NONE 230
	FP_ROUTE KSEA..KRDM

TRACK_TIME 1167737286
TRACK A20110117592469 A320 300100 901500 120 30 999 NONE NONE 60
	FP_ROUTE KMSY..KMEM

TRACK_TIME 1167737286
TRACK A20110117592480 CRJ1 421200 832100 120 30 999 NONE NONE 210
	FP_ROUTE KDTW..KBUF

TRACK_TIME 1167737286
TRACK A20110117592481 B737 282260 811660 120 30 999 NONE NONE 390
	FP_ROUTE KMCO..KALB

TRACK_TIME 1167737286
TRACK A20110117592485 E190 403900 734200 120 30 999 NONE NONE 220
	FP_ROUTE KJFK..KSYR

TRACK_TIME 1167737286
TRACK A20110117592495 E170 385200 1044300 120 30 999 NONE NONE 119
	FP_ROUTE KCOS..KDEN

TRACK_TIME 1167737286
TRACK A20110117592500 A320 360700 1150900 120 30 999 NONE NONE 240
	FP_ROUTE KLAS..KLAX

TRACK_TIME 1167737286
TRACK A20110117592501 CRJ1 355260 784660 120 30 999 NONE NONE 360
	FP_ROUTE KRDU..KMCO

TRACK_TIME 1167737286
TRACK A20110117592502 SF34 295800 952100 120 30 999 NONE NONE 40
	FP_ROUTE KIAH..KCLL

TRACK_TIME 1167737286
TRACK A20110117592504 CRJ2 332500 815860 120 30 999 NONE NONE 200
	FP_ROUTE KAGS..KATL

TRACK_TIME 1167737286
TRACK A20110117592506 B712 260460 800760 120 30 999 NONE NONE 330
	FP_ROUTE KFLL..KABE

TRACK_TIME 1167737286
TRACK A20110117592510 B752 472560 1221800 120 30 999 NONE NONE 330
	FP_ROUTE KSEA..KSFO

TRACK_TIME 1167737286
TRACK A20110117592520 E190 404800 735100 120 30 999 NONE NONE 110
	FP_ROUTE KLGA..KBOS

TRACK_TIME 1167737286
TRACK A20110117592521 E170 395200 751600 120 30 999 NONE NONE 300
	FP_ROUTE KPHL..KCHS

TRACK_TIME 1167737286
TRACK A20110117592523 CRJ2 404600 1115800 120 30 999 NONE NONE 330
	FP_ROUTE KSLC..KDEN

TRACK_TIME 1167737286
TRACK A20110117592528 F900 290300 981900 120 30 999 NONE NONE 40
	FP_ROUTE KSAT..KSAT

TRACK_TIME 1167737286
TRACK A20110117592531 CRJ2 345560 821200 120 30 999 NONE NONE 180
	FP_ROUTE KGSP..KATL

TRACK_TIME 1167737286
TRACK A20110117592534 CRJ2 380160 873160 120 30 999 NONE NONE 120
	FP_ROUTE KEVV..KDTW

TRACK_TIME 1167737286
TRACK A20110117592539 DH8D 412400 815260 120 30 999 NONE NONE 230
	FP_ROUTE KCLE..KALB

TRACK_TIME 1167737286
TRACK A20110117592542 CRJ2 443000 731060 120 30 999 NONE NONE 240
	FP_ROUTE KBTV..KJFK

TRACK_TIME 1167737286
TRACK A20110117592544 B762 282500 811900 120 30 999 NONE NONE 410
	FP_ROUTE KMCO..KPHL

TRACK_TIME 1167737286
TRACK A20110117592545 A320 403900 734200 120 30 999 NONE NONE 340
	FP_ROUTE KJFK..KPHX

TRACK_TIME 1167737286
TRACK A20110117592550 B737 263000 814960 120 30 999 NONE NONE 360
	FP_ROUTE KRSW..KMDW

TRACK_TIME 1167737286
TRACK A20110117592551 B712 282400 811800 120 30 999 NONE NONE 330
	FP_ROUTE KMCO..KPHL

TRACK_TIME 1167737286
TRACK A20110117592553 B762 390300 844060 120 30 999 NONE NONE 360
	FP_ROUTE KCVG..KPHX

TRACK_TIME 1167737286
TRACK A20110117592554 B762 332560 1115860 120 30 999 NONE NONE 280
	FP_ROUTE KPHX..KSAN

TRACK_TIME 1167737286
TRACK A20110117592556 A319 275800 823300 120 30 999 NONE NONE 370
	FP_ROUTE KTPA..KLGA

TRACK_TIME 1167737286
TRACK A20110117592562 DH8D 404300 740760 120 30 999 NONE NONE 240
	FP_ROUTE KEWR..KPIT

TRACK_TIME 1167737286
TRACK A20110117592563 DH8D 402860 801200 120 30 999 NONE NONE 171
	FP_ROUTE KPIT..KEWR

TRACK_TIME 1167737286
TRACK A20110117592568 B738 254800 801600 120 30 999 NONE NONE 370
	FP_ROUTE KMIA..KATL

TRACK_TIME 1167737286
TRACK A20110117592569 B738 421000 832200 120 30 999 NONE NONE 310
	FP_ROUTE KDTW..KBWI

TRACK_TIME 1167737286
TRACK A20110117592572 E145 360600 795560 120 30 999 NONE NONE 290
	FP_ROUTE KGSO..KLGA

TRACK_TIME 1167737286
TRACK A20110117592573 CRJ9 351200 805560 120 30 999 NONE NONE 90
	FP_ROUTE KCLT..KGSO

TRACK_TIME 1167737286
TRACK A20110117592578 B734 351060 805700 120 30 999 NONE NONE 280
	FP_ROUTE KCLT..KORD

TRACK_TIME 1167737286
TRACK A20110117592579 E170 395260 751300 120 30 999 NONE NONE 320
	FP_ROUTE KPHL..KCHS

TRACK_TIME 1167737286
TRACK A20110117592580 A320 404000 734200 120 30 999 NONE NONE 190
	FP_ROUTE KJFK..KBOS

TRACK_TIME 1167737286
TRACK A20110117592583 E135 325200 970160 120 30 999 NONE NONE 350
	FP_ROUTE KDFW..KLEX

TRACK_TIME 1167737286
TRACK A20110117592585 BE9L 413160 854300 120 30 999 NONE NONE 80
	FP_ROUTE KGSH..KTYQ

TRACK_TIME 1167737286
TRACK A20110117592586 BE9L 400160 861060 120 30 999 NONE NONE 89
	FP_ROUTE KTYQ..KASW

TRACK_TIME 1167737286
TRACK A20110117592587 B752 355260 784660 120 30 999 NONE NONE 280
	FP_ROUTE KRDU..KATL

TRACK_TIME 1167737286
TRACK A20110117592588 CRJ2 385200 770100 120 30 999 NONE NONE 100
	FP_ROUTE KDCA..KORF

TRACK_TIME 1167737286
TRACK A20110117592591 B752 384360 901600 120 30 999 NONE NONE 400
	FP_ROUTE KSTL..KDFW

TRACK_TIME 1167737286
TRACK A20110117592593 A319 332560 1120160 120 30 999 NONE NONE 310
	FP_ROUTE KPHX..KMCI

TRACK_TIME 1167737286
TRACK A20110117592596 B734 395260 751200 120 30 999 NONE NONE 261
	FP_ROUTE KPHL..KTPA

TRACK_TIME 1167737286
TRACK A20110117592599 B738 404360 734960 120 30 999 NONE NONE 360
	FP_ROUTE KLGA..KIAH

TRACK_TIME 1167737286
TRACK A20110117592607 B752 325200 970300 120 30 999 NONE NONE 360
	FP_ROUTE KDFW..KSFO

TRACK_TIME 1167737286
TRACK A20110117592610 A319 393400 1194660 120 30 999 NONE NONE 350
	FP_ROUTE KRNO..KPHX

TRACK_TIME 1167737286
TRACK A20110117592615 B738 205500 1562400 120 30 999 NONE NONE 370
	FP_ROUTE KOGG..KOAK

TRACK_TIME 1167737286
TRACK A20110117592617 CRJ2 361600 941800 120 30 999 NONE NONE 310
	FP_ROUTE KXNA..KATL

TRACK_TIME 1167737286
TRACK A20110117592618 A319 395260 751300 120 30 999 NONE NONE 320
	FP_ROUTE KPHL..KCLT

TRACK_TIME 1167737286
TRACK A20110117592619 B732 194660 1560300 120 30 999 NONE NONE 110
	FP_ROUTE KKOA..KITO

TRACK_TIME 1167737286
TRACK A20110117592621 E170 415700 875400 120 30 999 NONE NONE 260
	FP_ROUTE KORD..KDSM

TRACK_TIME 1167737286
TRACK A20110117592622 CRJ2 464300 1120160 120 30 999 NONE NONE 290
	FP_ROUTE KHLN..KSLC

TRACK_TIME 1167737286
TRACK A20110117592623 DH8D 472560 1221800 120 30 999 NONE NONE 170
	FP_ROUTE KSEA..KGEG

TRACK_TIME 1167737286
TRACK A20110117592629 A319 415560 875560 120 30 999 NONE NONE 350
	FP_ROUTE KORD..KFLL

TRACK_TIME 1167737286
TRACK A20110117592630 E170 351200 805700 120 30 999 NONE NONE 300
	FP_ROUTE KCLT..KCMH

TRACK_TIME 1167737286
TRACK A20110117592632 CRJ2 415260 875700 120 30 999 NONE NONE 300
	FP_ROUTE KORD..KMEM

TRACK_TIME 1167737286
TRACK A20110117592633 CRJ2 333760 842200 120 30 999 NONE NONE 250
	FP_ROUTE KATL..KGSO

TRACK_TIME 1167737286
TRACK A20110117592634 CRJ2 361000 794900 120 30 999 NONE NONE 260
	FP_ROUTE KGSO..KATL

TRACK_TIME 1167737286
TRACK A20110117592638 E145 402860 801200 120 30 999 NONE NONE 230
	FP_ROUTE KPIT..KRDU

TRACK_TIME 1167737286
TRACK A20110117592642 E145 413160 933760 120 30 999 NONE NONE 360
	FP_ROUTE KDSM..KIAH

TRACK_TIME 1167737286
TRACK A20110117592643 A332 211800 1575260 120 30 999 NONE NONE 410
	FP_ROUTE KHNL..KLAS

TRACK_TIME 1167737286
TRACK A20110117592645 CRJ2 404800 735200 120 30 999 NONE NONE 300
	FP_ROUTE KLGA..KAVL

TRACK_TIME 1167737286
TRACK A20110117592652 CRJ2 395860 841500 120 30 999 NONE NONE 290
	FP_ROUTE KDAY..KCLT

TRACK_TIME 1167737286
TRACK A20110117592653 SF34 350100 900000 120 30 999 NONE NONE 170
	FP_ROUTE KMEM..KPIB

TRACK_TIME 1167737286
TRACK A20110117592655 B735 332560 1120160 120 30 999 NONE NONE 340
	FP_ROUTE KPHX..KSJC

TRACK_TIME 1167737286
TRACK A20110117592657 CRJ2 351360 805700 120 30 999 NONE NONE 280
	FP_ROUTE KCLT..KCVG

TRACK_TIME 1167737286
TRACK A20110117592674 CRJ2 351060 805700 120 30 999 NONE NONE 300
	FP_ROUTE KCLT..KDAY

TRACK_TIME 1167737286
TRACK A20110117592675 CRJ9 350300 895860 120 30 999 NONE NONE 360
	FP_ROUTE KMEM..KSLC

TRACK_TIME 1167737286
TRACK A20110117592683 B738 260460 800760 120 30 999 NONE NONE 370
	FP_ROUTE KFLL..KEWR

TRACK_TIME 1167737286
TRACK A20110117592690 A320 332560 1120300 120 30 999 NONE NONE 310
	FP_ROUTE KPHX..KIND

TRACK_TIME 1167737286
TRACK A20110117592692 A319 300000 901500 120 30 999 NONE NONE 390
	FP_ROUTE KMSY..KLGA

TRACK_TIME 1167737286
TRACK A20110117592698 DH8A 442700 730900 120 30 999 NONE NONE 161
	FP_ROUTE KBTV..KLGA

TRACK_TIME 1167737286
TRACK A20110117592701 CRJ9 301900 974660 120 30 999 NONE NONE 340
	FP_ROUTE KAUS..KPHX

TRACK_TIME 1167737286
TRACK A20110117592712 DH8A 404800 735200 120 30 999 NONE NONE 170
	FP_ROUTE KLGA..KBTV

TRACK_TIME 1167737286
TRACK A20110117592724 CRJ1 433160 840460 120 30 999 NONE NONE 110
	FP_ROUTE KMBS..KDTW

TRACK_TIME 1167737286
TRACK A20110117592727 E120 335560 1182500 120 30 999 NONE NONE 91
	FP_ROUTE KLAX..KSAN

TRACK_TIME 1167737286
TRACK A20110117592728 E120 324500 1171360 120 30 999 NONE NONE 80
	FP_ROUTE KSAN..KLAX

TRACK_TIME 1167737286
TRACK A20110117592730 E170 411800 955400 120 30 999 NONE NONE 370
	FP_ROUTE KOMA..KDCA

TRACK_TIME 1167737286
TRACK A20110117592731 B752 404600 1115800 120 30 999 NONE NONE 320
	FP_ROUTE KSLC..KLAS

TRACK_TIME 1167737286
TRACK A20110117592734 E170 351200 805560 120 30 999 NONE NONE 190
	FP_ROUTE KCLT..KILM

TRACK_TIME 1167737286
TRACK A20110117592739 MD82 314660 1062400 120 30 999 NONE NONE 370
	FP_ROUTE KELP..KDFW

TRACK_TIME 1167737286
TRACK A20110117592741 CRJ2 413160 933760 120 30 999 NONE NONE 310
	FP_ROUTE KDSM..KDTW

TRACK_TIME 1167737286
TRACK A20110117592742 CRJ2 421200 832100 120 30 999 NONE NONE 330
	FP_ROUTE KDTW..KHPN

TRACK_TIME 1167737286
TRACK A20110117592745 MU2 404600 1115800 120 30 999 NONE NONE 190
	FP_ROUTE KSLC..KFTG

TRACK_TIME 1167737286
TRACK A20110117592758 A320 403900 735100 120 30 999 NONE NONE 380
	FP_ROUTE KJFK..KSRQ

TRACK_TIME 1167737286
TRACK A20110117592759 E145 425260 852800 120 30 999 NONE NONE 210
	FP_ROUTE KGRR..KCVG

TRACK_TIME 1167737286
TRACK A20110117592760 E145 390100 843700 120 30 999 NONE NONE 301
	FP_ROUTE KCVG..KBWI

TRACK_TIME 1167737286
TRACK A20110117592762 B737 390760 764000 120 30 999 NONE NONE 400
	FP_ROUTE KBWI..KIND

TRACK_TIME 1167737286
TRACK A20110117592766 B735 260400 800900 120 30 999 NONE NONE 220
	FP_ROUTE KFLL..KTPA

TRACK_TIME 1167737286
TRACK A20110117592769 A320 404000 734500 120 30 999 NONE NONE 220
	FP_ROUTE KJFK..KBUF

TRACK_TIME 1167737286
TRACK A20110117592770 E145 360700 864060 120 30 999 NONE NONE 110
	FP_ROUTE KBNA..KORD

TRACK_TIME 1167737286
TRACK A20110117592781 B712 333760 842400 120 30 999 NONE NONE 330
	FP_ROUTE KATL..KMCO

TRACK_TIME 1167737286
TRACK A20110117592782 LJ45 272100 823100 120 30 999 NONE NONE 210
	FP_ROUTE KSRQ..K07FA

TRACK_TIME 1167737286
TRACK A20110117592789 LJ45 251800 801900 120 30 999 NONE NONE 230
	FP_ROUTE K07FA..KMCO

TRACK_TIME 1167737286
TRACK A20110117592790 LJ45 282800 811960 120 30 999 NONE NONE 470
	FP_ROUTE KMCO..KRIL

TRACK_TIME 1167737286
TRACK A20110117592795 FA20 451300 1224600 120 30 999 NONE NONE 350
	FP_ROUTE KUAO..KGPI

TRACK_TIME 1167737286
TRACK A20110117592798 CRJ2 345800 851060 120 30 999 NONE NONE 50
	FP_ROUTE KCHA..KCLT

TRACK_TIME 1167737286
TRACK A20110117592806 CRJ2 351500 805800 120 30 999 NONE NONE 220
	FP_ROUTE KCLT..KCHA

TRACK_TIME 1167737286
TRACK A20110117592807 B752 373900 1222200 120 30 999 NONE NONE 330
	FP_ROUTE KSFO..KLAX

TRACK_TIME 1167737286
TRACK A20110117592813 CRJ2 415860 874960 120 30 999 NONE NONE 100
	FP_ROUTE KORD..KSBN

TRACK_TIME 1167737286
TRACK A20110117592814 CRJ2 414660 861660 120 30 999 NONE NONE 79
	FP_ROUTE KSBN..KORD

TRACK_TIME 1167737286
TRACK A20110117592817 BE20 273000 802200 120 30 999 NONE NONE 170
	FP_ROUTE KFPR..KCRG

TRACK_TIME 1167737286
TRACK A20110117592819 B737 335700 1182700 120 30 999 NONE NONE 250
	FP_ROUTE KLAX..KLAS

TRACK_TIME 1167737286
TRACK A20110117592825 B733 332560 1120160 120 30 999 NONE NONE 350
	FP_ROUTE KPHX..KDFW

TRACK_TIME 1167737286
TRACK A20110117592827 B737 404800 735200 120 30 999 NONE NONE 180
	FP_ROUTE KLGA..KBWI

TRACK_TIME 1167737286
TRACK A20110117592830 B738 385700 773100 120 30 999 NONE NONE 380
	FP_ROUTE KIAD..KLAX

TRACK_TIME 1167737286
TRACK A20110117592839 CRJ2 430600 774200 120 30 999 NONE NONE 260
	FP_ROUTE KROC..KDTW

TRACK_TIME 1167737286
TRACK A20110117592849 A319 300000 901500 120 30 999 NONE NONE 370
	FP_ROUTE KMSY..KIAD

TRACK_TIME 1167737286
TRACK A20110117592851 CRJ1 430600 774200 120 30 999 NONE NONE 220
	FP_ROUTE KROC..KDTW

TRACK_TIME 1167737286
TRACK A20110117592852 CL60 391600 1065400 120 30 999 NONE NONE 140
	FP_ROUTE KASE..KRIL

TRACK_TIME 1167737286
TRACK A20110117592854 E145 394500 861660 120 30 999 NONE NONE 360
	FP_ROUTE KIND..KMIA

TRACK_TIME 1167737286
TRACK A20110117592855 E145 310460 974960 120 30 999 NONE NONE 110
	FP_ROUTE KGRK..KDFW

TRACK_TIME 1167737286
TRACK A20110117592856 CRJ2 395200 751300 120 30 999 NONE NONE 160
	FP_ROUTE KPHL..KRIC

TRACK_TIME 1167737286
TRACK A20110117592860 SF34 480460 985400 120 30 999 NONE NONE 170
	FP_ROUTE KDVL..KMSP

TRACK_TIME 1167737286
TRACK A20110117592861 CRJ2 404600 1120000 120 30 999 NONE NONE 310
	FP_ROUTE KSLC..KDEN

TRACK_TIME 1167737286
TRACK A20110117592865 E145 322500 934900 120 30 999 NONE NONE 170
	FP_ROUTE KSHV..KIAH

TRACK_TIME 1167737286
TRACK A20110117592866 B712 355260 784660 120 30 999 NONE NONE 340
	FP_ROUTE KRDU..KATL

TRACK_TIME 1167737286
TRACK A20110117592867 A319 415860 875200 120 30 999 NONE NONE 370
	FP_ROUTE KORD..KCLT

TRACK_TIME 1167737286
TRACK A20110117592868 LJ35 453600 1223600 120 30 999 NONE NONE 280
	FP_ROUTE KPDX..KBFI

TRACK_TIME 1167737286
TRACK A20110117592869 B712 390760 763760 120 30 999 NONE NONE 320
	FP_ROUTE KBWI..KJAX

TRACK_TIME 1167737286
TRACK A20110117592870 CRJ2 381000 782560 120 30 999 NONE NONE 31
	FP_ROUTE KCHO..KPHL

TRACK_TIME 1167737286
TRACK A20110117592874 CRJ1 390300 844060 120 30 999 NONE NONE 220
	FP_ROUTE KCVG..KMKE

TRACK_TIME 1167737286
TRACK A20110117592883 CRJ1 365400 761060 120 30 999 NONE NONE 260
	FP_ROUTE KORF..KCVG

TRACK_TIME 1167737286
TRACK A20110117592886 A319 421200 832100 120 30 999 NONE NONE 390
	FP_ROUTE KDTW..KEWR

TRACK_TIME 1167737286
TRACK A20110117592887 MD82 345560 821200 120 30 999 NONE NONE 340
	FP_ROUTE KGSP..KPIE

TRACK_TIME 1167737286
TRACK A20110117592892 BE9L 205400 1562500 120 30 999 NONE NONE 100
	FP_ROUTE KOGG..KHNL

TRACK_TIME 1167737286
TRACK A20110117592893 BE9L 211800 1575560 120 30 999 NONE NONE 110
	FP_ROUTE KHNL..KOGG

TRACK_TIME 1167737286
TRACK A20110117592894 BE9L 205400 1562500 120 30 999 NONE NONE 100
	FP_ROUTE KOGG..KHNL

TRACK_TIME 1167737286
TRACK A20110117592895 E190 385200 770300 120 30 999 NONE NONE 340
	FP_ROUTE KDCA..KMCI

TRACK_TIME 1167737286
TRACK A20110117592899 E135 365200 1194800 120 30 999 NONE NONE 230
	FP_ROUTE KFAT..KLAX

TRACK_TIME 1167737286
TRACK A20110117592901 MD82 300900 974060 120 30 999 NONE NONE 110
	FP_ROUTE KAUS..KDFW

TRACK_TIME 1167737286
TRACK A20110117592902 E145 324960 964960 120 30 999 NONE NONE 70
	FP_ROUTE KDAL..KIAH

TRACK_TIME 1167737286
TRACK A20110117592904 B739 280000 823300 120 30 999 NONE NONE 350
	FP_ROUTE KTPA..KEWR

TRACK_TIME 1167737286
TRACK A20110117592905 MD82 324960 970300 120 30 999 NONE NONE 280
	FP_ROUTE KDFW..KDEN

TRACK_TIME 1167737286
TRACK A20110117592919 A321 351200 805560 120 30 999 NONE NONE 360
	FP_ROUTE KCLT..KFLL

TRACK_TIME 1167737286
TRACK A20110117592930 B737 324500 1171360 120 30 999 NONE NONE 400
	FP_ROUTE KSAN..KSFO

TRACK_TIME 1167737286
TRACK A20110117592931 A319 264200 800000 120 30 999 NONE NONE 370
	FP_ROUTE KPBI..KLGA

TRACK_TIME 1167737286
TRACK A20110117592932 E145 295800 951960 120 30 999 NONE NONE 270
	FP_ROUTE KIAH..KGPT

TRACK_TIME 1167737286
TRACK A20110117592937 E135 300600 931300 120 30 999 NONE NONE 260
	FP_ROUTE KLCH..KDFW

TRACK_TIME 1167737286
TRACK A20110117592938 B752 260460 800760 120 30 999 NONE NONE 370
	FP_ROUTE KFLL..KATL

TRACK_TIME 1167737286
TRACK A20110117592940 B734 404300 740760 120 30 999 NONE NONE 319
	FP_ROUTE KEWR..KCLT

TRACK_TIME 1167737286
TRACK A20110117592945 A319 415560 875560 120 30 999 NONE NONE 390
	FP_ROUTE KORD..KEWR

TRACK_TIME 1167737286
TRACK A20110117592946 B734 391060 764660 120 30 999 NONE NONE 280
	FP_ROUTE KBWI..KCLT

TRACK_TIME 1167737286
TRACK A20110117592948 B734 264300 800000 120 30 999 NONE NONE 290
	FP_ROUTE KPBI..KCLT

TRACK_TIME 1167737286
TRACK A20110117592957 B738 420100 875100 120 30 999 NONE NONE 370
	FP_ROUTE KORD..KDCA

TRACK_TIME 1167737286
TRACK A20110117592959 A320 332560 1120160 120 30 999 NONE NONE 340
	FP_ROUTE KPHX..KPDX

TRACK_TIME 1167737286
TRACK A20110117592971 B712 404800 735200 120 30 999 NONE NONE 320
	FP_ROUTE KLGA..KATL

TRACK_TIME 1167737286
TRACK A20110117592972 CRJ2 415800 875700 120 30 999 NONE NONE 330
	FP_ROUTE KORD..KORF

TRACK_TIME 1167737286
TRACK A20110117592976 E120 422800 1143100 120 30 999 NONE NONE 210
	FP_ROUTE KTWF..KSLC

TRACK_TIME 1167737286
TRACK A20110117592979 LJ35 372560 794900 120 30 999 NONE NONE 100
	FP_ROUTE KROA..KCHO

TRACK_TIME 1167737286
TRACK A20110117592989 B733 314900 1062260 120 30 999 NONE NONE 370
	FP_ROUTE KELP..KAUS

TRACK_TIME 1167737286
TRACK A20110117592990 B733 300700 974360 120 30 999 NONE NONE 360
	FP_ROUTE KAUS..KLBB

TRACK_TIME 1167737286
TRACK A20110117592994 B737 404060 752260 120 30 999 NONE NONE 400
	FP_ROUTE KABE..KMCO

TRACK_TIME 1167737286
TRACK A20110117593001 CRJ2 365400 761060 120 30 999 NONE NONE 100
	FP_ROUTE KORF..KIAD

TRACK_TIME 1167737286
TRACK A20110117593004 E145 394960 893900 120 30 999 NONE NONE 190
	FP_ROUTE KSPI..KORD

TRACK_TIME 1167737286
TRACK A20110117593006 E135 380900 854300 120 30 999 NONE NONE 110
	FP_ROUTE KSDF..KORD

TRACK_TIME 1167737286
TRACK A20110117593007 E145 390900 963900 120 30 999 NONE NONE 110
	FP_ROUTE KMHK..KORD

TRACK_TIME 1167737286
TRACK A20110117593016 E170 422200 705860 120 30 999 NONE NONE 380
	FP_ROUTE KBOS..KIND

TRACK_TIME 1167737286
TRACK A20110117593024 E170 394200 861800 120 30 999 NONE NONE 350
	FP_ROUTE KIND..KBOS

TRACK_TIME 1167737286
TRACK A20110117593026 CRJ2 351060 805560 120 30 999 NONE NONE 121
	FP_ROUTE KCLT..KCHS

TRACK_TIME 1167737286
TRACK A20110117593027 BE20 300460 931060 120 30 999 NONE NONE 270
	FP_ROUTE KLCH..KPDK

TRACK_TIME 1167737286
TRACK A20110117593032 E190 391360 943000 120 30 999 NONE NONE 390
	FP_ROUTE KMCI..KDCA

TRACK_TIME 1167737286
TRACK A20110117593033 BE9L 334000 1175260 120 30 999 NONE NONE 190
	FP_ROUTE KSNA..KDVT

TRACK_TIME 1167737286
TRACK A20110117593034 SF34 295800 951900 120 30 999 NONE NONE 119
	FP_ROUTE KIAH..KACT

TRACK_TIME 1167737286
TRACK A20110117593035 B737 333600 1175400 120 30 999 NONE NONE 370
	FP_ROUTE KSNA..KATL

TRACK_TIME 1167737286
TRACK A20110117593037 A320 472500 1221800 120 30 999 NONE NONE 350
	FP_ROUTE KSEA..KIAD

TRACK_TIME 1167737286
TRACK A20110117593038 A320 385400 772700 120 30 999 NONE NONE 240
	FP_ROUTE KIAD..KRDU

TRACK_TIME 1167737286
TRACK A20110117593040 E135 415800 874960 120 30 999 NONE NONE 230
	FP_ROUTE KORD..KTOL

TRACK_TIME 1167737286
TRACK A20110117593041 E145 415700 875800 120 30 999 NONE NONE 360
	FP_ROUTE KORD..KXNA

TRACK_TIME 1167737286
TRACK A20110117593043 B738 415700 723900 120 30 999 NONE NONE 350
	FP_ROUTE KBDL..KSJU

TRACK_TIME 1167737286
TRACK A20110117593046 E145 334000 842100 120 30 999 NONE NONE 340
	FP_ROUTE KATL..KIAH

TRACK_TIME 1167737286
TRACK A20110117593049 CRJ9 332560 1120160 120 30 999 NONE NONE 320
	FP_ROUTE KPHX..KBUR

TRACK_TIME 1167737286
TRACK A20110117593053 E145 385260 770300 120 30 999 NONE NONE 200
	FP_ROUTE KDCA..KGSO

TRACK_TIME 1167737286
TRACK A20110117593054 CRJ2 373760 1222200 120 30 999 NONE NONE 350
	FP_ROUTE KSFO..KCOS

TRACK_TIME 1167737286
TRACK A20110117593056 B733 444900 931060 120 30 999 NONE NONE 79
	FP_ROUTE KMSP..KMDW

TRACK_TIME 1167737286
TRACK A20110117593058 B733 414600 874360 120 30 999 NONE NONE 130
	FP_ROUTE KMDW..KIND

TRACK_TIME 1167737286
TRACK A20110117593059 C560 321500 1041360 120 30 999 NONE NONE 380
	FP_ROUTE KCNM..KAPA

TRACK_TIME 1167737286
TRACK A20110117593060 B733 394500 861600 120 30 999 NONE NONE 350
	FP_ROUTE KIND..KMCO

TRACK_TIME 1167737286
TRACK A20110117593062 CRJ2 340300 1173760 120 30 999 NONE NONE 100
	FP_ROUTE KONT..KSFO

TRACK_TIME 1167737286
TRACK A20110117593064 E190 430700 760460 120 30 999 NONE NONE 210
	FP_ROUTE KSYR..KJFK

TRACK_TIME 1167737286
TRACK A20110117593065 A319 404800 735100 120 30 999 NONE NONE 380
	FP_ROUTE KLGA..KORD

TRACK_TIME 1167737286
TRACK A20110117593067 A319 415800 875560 120 30 999 NONE NONE 280
	FP_ROUTE KORD..KDSM

TRACK_TIME 1167737286
TRACK A20110117593069 CRJ2 425560 834500 120 30 999 NONE NONE 60
	FP_ROUTE KFNT..KDTW

TRACK_TIME 1167737286
TRACK A20110117593070 B738 472560 1221900 120 30 999 NONE NONE 390
	FP_ROUTE KSEA..KSJC

TRACK_TIME 1167737286
TRACK A20110117593083 E135 382200 813700 120 30 999 NONE NONE 110
	FP_ROUTE KCRW..KORD

TRACK_TIME 1167737286
TRACK A20110117593093 E120 364800 1194600 120 30 999 NONE NONE 210
	FP_ROUTE KFAT..KLAX

TRACK_TIME 1167737286
TRACK A20110117593094 E145 274500 972860 120 30 999 NONE NONE 60
	FP_ROUTE KCRP..KIAH

TRACK_TIME 1167737286
TRACK A20110117593096 CRJ2 365200 1194900 120 30 999 NONE NONE 140
	FP_ROUTE KFAT..KSFO

TRACK_TIME 1167737286
TRACK A20110117593097 E120 472700 1221800 120 30 999 NONE NONE 150
	FP_ROUTE KSEA..KPDX

TRACK_TIME 1167737286
TRACK A20110117593099 B735 350160 1063460 120 30 999 NONE NONE 340
	FP_ROUTE KABQ..KOAK

TRACK_TIME 1167737286
TRACK A20110117593106 CRJ2 412400 815260 120 30 999 NONE NONE 300
	FP_ROUTE KCLE..KMEM

TRACK_TIME 1167737286
TRACK A20110117593113 BE20 475400 971060 120 30 999 NONE NONE 230
	FP_ROUTE KGFK..KSTP

TRACK_TIME 1167737286
TRACK A20110117593116 B738 295800 951960 120 30 999 NONE NONE 390
	FP_ROUTE KIAH..KLGA

TRACK_TIME 1167737286
TRACK A20110117593119 A319 360600 864060 120 30 999 NONE NONE 240
	FP_ROUTE KBNA..KATL

TRACK_TIME 1167737286
TRACK A20110117593120 A319 333900 842260 120 30 999 NONE NONE 370
	FP_ROUTE KATL..KALB

TRACK_TIME 1167737286
TRACK A20110117593122 B739 404360 740700 120 30 999 NONE NONE 300
	FP_ROUTE KEWR..KIAH

TRACK_TIME 1167737286
TRACK A20110117593123 B737 360700 1150900 120 30 999 NONE NONE 390
	FP_ROUTE KLAS..KBWI

TRACK_TIME 1167737286
TRACK A20110117593125 B752 333760 842260 120 30 999 NONE NONE 390
	FP_ROUTE KATL..KLGA

TRACK_TIME 1167737286
TRACK A20110117593126 B738 295700 952100 120 30 999 NONE NONE 390
	FP_ROUTE KIAH..KCLE

TRACK_TIME 1167737286
TRACK A20110117593129 B733 404600 1115800 120 30 999 NONE NONE 340
	FP_ROUTE KSLC..KSEA

TRACK_TIME 1167737286
TRACK A20110117593130 B733 472560 1221900 120 30 999 NONE NONE 350
	FP_ROUTE KSEA..KSMF

TRACK_TIME 1167737286
TRACK A20110117593131 B733 390760 763760 120 30 999 NONE NONE 290
	FP_ROUTE KBWI..KBOS

TRACK_TIME 1167737286
TRACK A20110117593133 B738 404800 735200 120 30 999 NONE NONE 410
	FP_ROUTE KLGA..KIAH

TRACK_TIME 1167737286
TRACK A20110117593136 B737 335700 1182700 120 30 999 NONE NONE 100
	FP_ROUTE KLAX..KSFO

TRACK_TIME 1167737286
TRACK A20110117593137 E145 442860 731000 120 30 999 NONE NONE 320
	FP_ROUTE KBTV..KDTW

TRACK_TIME 1167737286
TRACK A20110117593138 E145 421200 832200 120 30 999 NONE NONE 260
	FP_ROUTE KDTW..KSDF

TRACK_TIME 1167737286
TRACK A20110117593139 C550 293300 982700 120 30 999 NONE NONE 39
	FP_ROUTE KSAT..KDAL

TRACK_TIME 1167737286
TRACK A20110117593140 DH8A 211900 1575400 120 30 999 NONE NONE 50
	FP_ROUTE KHNL..KMKK

TRACK_TIME 1167737286
TRACK A20110117593141 C550 324800 964900 120 30 999 NONE NONE 260
	FP_ROUTE KDAL..KSAT

TRACK_TIME 1167737286
TRACK A20110117593144 B738 324500 1171500 120 30 999 NONE NONE 360
	FP_ROUTE KSAN..KSEA

TRACK_TIME 1167737286
TRACK A20110117593145 CRJ9 351200 805700 120 30 999 NONE NONE 380
	FP_ROUTE KCLT..KPNS

TRACK_TIME 1167737286
TRACK A20110117593147 B737 335560 1182800 120 30 999 NONE NONE 370
	FP_ROUTE KLAX..KAUS

TRACK_TIME 1167737286
TRACK A20110117593148 B737 301000 973460 120 30 999 NONE NONE 200
	FP_ROUTE KAUS..KDAL

TRACK_TIME 1167737286
TRACK A20110117593150 B737 374300 1221500 120 30 999 NONE NONE 330
	FP_ROUTE KOAK..KLAS

TRACK_TIME 1167737286
TRACK A20110117593152 B737 324960 964960 120 30 999 NONE NONE 230
	FP_ROUTE KDAL..KOKC

TRACK_TIME 1167737286
TRACK A20110117593156 B737 352500 973760 120 30 999 NONE NONE 380
	FP_ROUTE KOKC..KDEN

TRACK_TIME 1167737286
TRACK A20110117593160 B735 282500 811800 120 30 999 NONE NONE 350
	FP_ROUTE KMCO..KORF

TRACK_TIME 1167737286
TRACK A20110117593162 CRJ2 345700 851360 120 30 999 NONE NONE 130
	FP_ROUTE KCHA..KATL

TRACK_TIME 1167737286
TRACK A20110117593165 E190 395260 751000 120 30 999 NONE NONE 230
	FP_ROUTE KPHL..KBOS

TRACK_TIME 1167737286
TRACK A20110117593166 CRJ9 351360 805700 120 30 999 NONE NONE 90
	FP_ROUTE KCLT..KCVG

TRACK_TIME 1167737286
TRACK A20110117593167 CRJ2 481800 1141660 120 30 999 NONE NONE 290
	FP_ROUTE KGPI..KDEN

TRACK_TIME 1167737286
TRACK A20110117593171 A320 403760 735200 120 30 999 NONE NONE 380
	FP_ROUTE KJFK..KRSW

TRACK_TIME 1167737286
TRACK A20110117593173 B737 404360 740700 120 30 999 NONE NONE 380
	FP_ROUTE KEWR..KDFW

TRACK_TIME 1167737286
TRACK A20110117593175 B738 404300 740900 120 30 999 NONE NONE 380
	FP_ROUTE KEWR..KRSW

TRACK_TIME 1167737286
TRACK A20110117593178 B752 335560 1182700 120 30 999 NONE NONE 350
	FP_ROUTE KLAX..KJFK

TRACK_TIME 1167737286
TRACK A20110117593182 CRJ2 333760 842260 120 30 999 NONE NONE 250
	FP_ROUTE KATL..KROA

TRACK_TIME 1167737286
TRACK A20110117593183 CRJ2 371900 800000 120 30 999 NONE NONE 220
	FP_ROUTE KROA..KATL

TRACK_TIME 1167737286
TRACK A20110117593186 B737 372200 1215560 120 30 999 NONE NONE 330
	FP_ROUTE KSJC..KBUR

TRACK_TIME 1167737286
TRACK A20110117593187 E145 295860 951800 120 30 999 NONE NONE 90
	FP_ROUTE KIAH..KDAL

TRACK_TIME 1167737286
TRACK A20110117593188 CRJ2 293300 982700 120 30 999 NONE NONE 310
	FP_ROUTE KSAT..KMEM

TRACK_TIME 1167737286
TRACK A20110117593191 CRJ2 385100 1043900 120 30 999 NONE NONE 340
	FP_ROUTE KCOS..KLAX

TRACK_TIME 1167737286
TRACK A20110117593196 CRJ1 350100 851300 120 30 999 NONE NONE 90
	FP_ROUTE KCHA..KATL

TRACK_TIME 1167737286
TRACK A20110117593206 DH8A 401200 764660 120 30 999 NONE NONE 170
	FP_ROUTE KMDT..KBOS

TRACK_TIME 1167737286
TRACK A20110117593209 E145 430600 774200 120 30 999 NONE NONE 50
	FP_ROUTE KROC..KEWR

TRACK_TIME 1167737286
TRACK A20110117593211 E145 403760 893900 120 30 999 NONE NONE 340
	FP_ROUTE KPIA..KDFW

TRACK_TIME 1167737286
TRACK A20110117593212 B744 612100 1495100 120 30 999 NONE NONE 350
	FP_ROUTE KANC..KATL

TRACK_TIME 1167737286
TRACK A20110117593213 B733 414900 874660 120 30 999 NONE NONE 350
	FP_ROUTE KMDW..KPIT

TRACK_TIME 1167737286
TRACK A20110117593214 B737 282560 811800 120 30 999 NONE NONE 370
	FP_ROUTE KMCO..KPIT

TRACK_TIME 1167737286
TRACK A20110117593218 B744 333760 842200 120 30 999 NONE NONE 390
	FP_ROUTE KATL..KJFK

TRACK_TIME 1167737286
TRACK A20110117593219 CRJ2 440400 1030460 120 30 999 NONE NONE 310
	FP_ROUTE KRAP..KMSP

TRACK_TIME 1167737286
TRACK A20110117593228 A319 325100 970300 120 30 999 NONE NONE 370
	FP_ROUTE KDFW..KMSP

TRACK_TIME 1167737286
TRACK A20110117593229 E170 360700 864000 120 30 999 NONE NONE 350
	FP_ROUTE KBNA..KLGA

TRACK_TIME 1167737286
TRACK A20110117593231 A319 293300 982700 120 30 999 NONE NONE 350
	FP_ROUTE KSAT..KDTW

TRACK_TIME 1167737286
TRACK A20110117593242 E120 324360 1144000 120 30 999 NONE NONE 121
	FP_ROUTE KNYL..KLAX

TRACK_TIME 1167737286
TRACK A20110117593244 E145 404360 734900 120 30 999 NONE NONE 320
	FP_ROUTE KLGA..KSDF

TRACK_TIME 1167737286
TRACK A20110117593245 CRJ2 335100 1163160 120 30 999 NONE NONE 330
	FP_ROUTE KPSP..KSLC

TRACK_TIME 1167737286
TRACK A20110117593255 CRJ2 333300 864660 120 30 999 NONE NONE 190
	FP_ROUTE KBHM..KATL

TRACK_TIME 1167737286
TRACK A20110117593260 C560 423300 922260 120 30 999 NONE NONE 220
	FP_ROUTE KALO..KSUX

TRACK_TIME 1167737286
TRACK A20110117593264 CRJ2 445260 931060 120 30 999 NONE NONE 320
	FP_ROUTE KMSP..KRAP

TRACK_TIME 1167737286
TRACK A20110117593265 E170 395200 1043600 120 30 999 NONE NONE 350
	FP_ROUTE KDEN..KAUS

TRACK_TIME 1167737286
TRACK A20110117593273 B733 314800 1062400 120 30 999 NONE NONE 360
	FP_ROUTE KELP..KLAX

TRACK_TIME 1167737286
TRACK A20110117593276 B712 402560 885560 120 30 999 NONE NONE 330
	FP_ROUTE KBMI..KATL

TRACK_TIME 1167737286
TRACK A20110117593277 E135 415800 875100 120 30 999 NONE NONE 370
	FP_ROUTE KORD..KTRI

TRACK_TIME 1167737286
TRACK A20110117593297 B737 405800 812700 120 30 999 NONE NONE 400
	FP_ROUTE KCAK..KRSW

TRACK_TIME 1167737286
TRACK A20110117593301 CRJ2 320600 1105560 120 30 999 NONE NONE 340
	FP_ROUTE KTUS..KLAX

TRACK_TIME 1167737286
TRACK A20110117593302 SF34 301300 915800 120 30 999 NONE NONE 100
	FP_ROUTE KLFT..KIAH

TRACK_TIME 1167737286
TRACK A20110117593303 A319 404300 740900 120 30 999 NONE NONE 380
	FP_ROUTE KEWR..KSFO

TRACK_TIME 1167737286
TRACK A20110117593308 E170 410460 734300 120 30 999 NONE NONE 300
	FP_ROUTE KHPN..KORD

TRACK_TIME 1167737286
TRACK A20110117593320 BE9L 205400 1562500 120 30 999 NONE NONE 100
	FP_ROUTE KOGG..KHNL

TRACK_TIME 1167737286
TRACK A20110117593323 CRJ2 322560 934900 120 30 999 NONE NONE 40
	FP_ROUTE KSHV..KMEM

TRACK_TIME 1167737286
TRACK A20110117593324 E170 384300 901600 120 30 999 NONE NONE 310
	FP_ROUTE KSTL..KCLT

TRACK_TIME 1167737286
TRACK A20110117593325 B737 282800 811900 120 30 999 NONE NONE 380
	FP_ROUTE KMCO..KLAS

TRACK_TIME 1167737286
TRACK A20110117593327 CRJ2 420600 770000 120 30 999 NONE NONE 100
	FP_ROUTE KELM..KPHL

TRACK_TIME 1167737286
TRACK A20110117593329 A320 395260 751300 120 30 999 NONE NONE 340
	FP_ROUTE KPHL..KFLL

TRACK_TIME 1167737286
TRACK A20110117593332 A320 400000 825260 120 30 999 NONE NONE 300
	FP_ROUTE KCMH..KORD

TRACK_TIME 1167737286
TRACK A20110117593333 CRJ2 312200 923400 120 30 999 NONE NONE 290
	FP_ROUTE KAEX..KATL

TRACK_TIME 1167737286
TRACK A20110117593337 E145 303300 910760 120 30 999 NONE NONE 220
	FP_ROUTE KBTR..KIAH

TRACK_TIME 1167737286
TRACK A20110117593338 B737 472560 1221800 120 30 999 NONE NONE 370
	FP_ROUTE KSEA..KBOI

TRACK_TIME 1167737286
TRACK A20110117593339 DH8C 351500 805800 120 30 999 NONE NONE 80
	FP_ROUTE KCLT..KAVL

TRACK_TIME 1167737286
TRACK A20110117593340 B734 324600 1171600 120 30 999 NONE NONE 320
	FP_ROUTE KSAN..KPDX

TRACK_TIME 1167737286
TRACK A20110117593345 CRJ2 352700 1190900 120 30 999 NONE NONE 310
	FP_ROUTE KBFL..KPHX

TRACK_TIME 1167737286
TRACK A20110117593346 B733 340300 1173760 120 30 999 NONE NONE 270
	FP_ROUTE KONT..KPHX

TRACK_TIME 1167737286
TRACK A20110117593354 DH8C 345500 820760 120 30 999 NONE NONE 90
	FP_ROUTE KGSP..KCLT

TRACK_TIME 1167737286
TRACK A20110117593359 CRJ2 333900 842260 120 30 999 NONE NONE 270
	FP_ROUTE KATL..KGSO

TRACK_TIME 1167737286
TRACK A20110117593360 CRJ9 411800 955400 120 30 999 NONE NONE 350
	FP_ROUTE KOMA..KATL

TRACK_TIME 1167737286
TRACK A20110117593361 B752 335560 1182700 120 30 999 NONE NONE 370
	FP_ROUTE KLAX..KSLC

TRACK_TIME 1167737286
TRACK A20110117593365 B712 385260 770400 120 30 999 NONE NONE 320
	FP_ROUTE KDCA..KATL

TRACK_TIME 1167737286
TRACK A20110117593371 CRJ2 335560 810460 120 30 999 NONE NONE 200
	FP_ROUTE KCAE..KATL

TRACK_TIME 1167737286
TRACK A20110117593375 CRJ1 360600 864200 120 30 999 NONE NONE 210
	FP_ROUTE KBNA..KCVG

TRACK_TIME 1167737286
TRACK A20110117593380 CRJ2 385100 1043600 120 30 999 NONE NONE 340
	FP_ROUTE KCOS..KSFO

TRACK_TIME 1167737286
TRACK A20110117593384 B738 472560 1221900 120 30 999 NONE NONE 360
	FP_ROUTE KSEA..KJNU

TRACK_TIME 1167737286
TRACK A20110117593389 DH8D 424600 734900 120 30 999 NONE NONE 240
	FP_ROUTE KALB..KCLE

TRACK_TIME 1167737286
TRACK A20110117593390 E170 351200 805560 120 30 999 NONE NONE 340
	FP_ROUTE KCLT..KSRQ

TRACK_TIME 1167737286
TRACK A20110117593419 A319 334000 1175260 120 30 999 NONE NONE 370
	FP_ROUTE KSNA..KDEN

TRACK_TIME 1167737286
TRACK A20110117593420 B737 333700 841900 120 30 999 NONE NONE 390
	FP_ROUTE KATL..KSJU

TRACK_TIME 1167737286
TRACK A20110117593421 A320 403000 801800 120 30 999 NONE NONE 360
	FP_ROUTE KPIT..KSFO

TRACK_TIME 1167737286
TRACK A20110117593425 B733 383900 1213300 120 30 999 NONE NONE 370
	FP_ROUTE KSMF..KONT

TRACK_TIME 1167737286
TRACK A20110117593431 CRJ2 384800 921360 120 30 999 NONE NONE 250
	FP_ROUTE KCOU..KMEM

TRACK_TIME 1167737286
TRACK A20110117593435 A319 293760 951600 120 30 999 NONE NONE 380
	FP_ROUTE KHOU..KDEN

TRACK_TIME 1167737286
TRACK A20110117593437 MD82 335500 1182800 120 30 999 NONE NONE 310
	FP_ROUTE KLAX..KDFW

TRACK_TIME 1167737286
TRACK A20110117593440 B752 215860 1591900 120 30 999 NONE NONE 390
	FP_ROUTE KLIH..KPHX

TRACK_TIME 1167737286
TRACK A20110117593441 E145 273300 992800 120 30 999 NONE NONE 270
	FP_ROUTE KLRD..KIAH

TRACK_TIME 1167737286
TRACK A20110117593448 CRJ2 350000 895800 120 30 999 NONE NONE 330
	FP_ROUTE KMEM..KRDU

TRACK_TIME 1167737286
TRACK A20110117593449 E145 333760 842260 120 30 999 NONE NONE 370
	FP_ROUTE KATL..KEWR

TRACK_TIME 1167737286
TRACK A20110117593450 CRJ2 303300 910760 120 30 999 NONE NONE 330
	FP_ROUTE KBTR..KCLT

TRACK_TIME 1167737286
TRACK A20110117593451 C750 404600 735100 120 30 999 NONE NONE 60
	FP_ROUTE KLGA..KACY

TRACK_TIME 1167737286
TRACK A20110117593452 CRJ9 325100 970160 120 30 999 NONE NONE 390
	FP_ROUTE KDFW..KCVG

TRACK_TIME 1167737286
TRACK A20110117593453 CRJ2 444960 931060 120 30 999 NONE NONE 330
	FP_ROUTE KMSP..KPIT

TRACK_TIME 1167737286
TRACK A20110117593454 B737 301600 974200 120 30 999 NONE NONE 400
	FP_ROUTE KAUS..KPHX

TRACK_TIME 1167737286
TRACK A20110117593455 CRJ2 355400 784660 120 30 999 NONE NONE 280
	FP_ROUTE KRDU..KMEM

TRACK_TIME 1167737286
TRACK A20110117593456 CRJ9 300700 973900 120 30 999 NONE NONE 370
	FP_ROUTE KAUS..KCLT

TRACK_TIME 1167737286
TRACK A20110117593459 CL60 293100 982800 120 30 999 NONE NONE 49
	FP_ROUTE KSAT..KDAL

TRACK_TIME 1167737286
TRACK A20110117593460 E135 325260 970160 120 30 999 NONE NONE 370
	FP_ROUTE KDFW..KGSO

TRACK_TIME 1167737286
TRACK A20110117593477 E170 403100 801600 120 30 999 NONE NONE 210
	FP_ROUTE KPIT..KPHL

TRACK_TIME 1167737286
TRACK A20110117593478 B733 332560 1120400 120 30 999 NONE NONE 320
	FP_ROUTE KPHX..KSLC

TRACK_TIME 1167737286
TRACK A20110117593479 E190 422200 705860 120 30 999 NONE NONE 160
	FP_ROUTE KBOS..KLGA

TRACK_TIME 1167737286
TRACK A20110117593481 CRJ1 282560 811800 120 30 999 NONE NONE 270
	FP_ROUTE KMCO..KRDU

TRACK_TIME 1167737286
TRACK A20110117593482 CRJ2 373160 771900 120 30 999 NONE NONE 210
	FP_ROUTE KRIC..KLGA

TRACK_TIME 1167737286
TRACK A20110117593483 A320 373760 1222200 120 30 999 NONE NONE 390
	FP_ROUTE KSFO..KPHX

TRACK_TIME 1167737286
TRACK A20110117593488 B738 391060 764300 120 30 999 NONE NONE 300
	FP_ROUTE KBWI..KIAH

TRACK_TIME 1167737286
TRACK A20110117593493 DH8D 453460 1223700 120 30 999 NONE NONE 210
	FP_ROUTE KPDX..KGEG

TRACK_TIME 1167737286
TRACK A20110117593494 B738 275800 823300 120 30 999 NONE NONE 400
	FP_ROUTE KTPA..KDFW

TRACK_TIME 1167737286
TRACK A20110117593496 B752 335560 1182700 120 30 999 NONE NONE 370
	FP_ROUTE KLAX..KJFK

TRACK_TIME 1167737286
TRACK A20110117593500 B738 404300 740760 120 30 999 NONE NONE 401
	FP_ROUTE KEWR..KDEN

TRACK_TIME 1167737286
TRACK A20110117593505 CRJ2 333900 842400 120 30 999 NONE NONE 27
	FP_ROUTE KATL..KCHA

TRACK_TIME 1167737286
TRACK A20110117593510 CRJ2 405700 850900 120 30 999 NONE NONE 120
	FP_ROUTE KFWA..KDTW

TRACK_TIME 1167737286
TRACK A20110117593513 LJ45 373760 972560 120 30 999 NONE NONE 220
	FP_ROUTE KICT..KOKC

TRACK_TIME 1167737286
TRACK A20110117593514 LJ45 352260 973700 120 30 999 NONE NONE 210
	FP_ROUTE KOKC..KICT

TRACK_TIME 1167737286
TRACK A20110117593520 CL60 260460 800760 120 30 999 NONE NONE 360
	FP_ROUTE KFLL..KMDW

TRACK_TIME 1167737286
TRACK A20110117593524 B739 472560 1221800 120 30 999 NONE NONE 330
	FP_ROUTE KSEA..KDFW

TRACK_TIME 1167737286
TRACK A20110117593526 LJ45 350100 895860 120 30 999 NONE NONE 410
	FP_ROUTE KMEM..KIAD

TRACK_TIME 1167737286
TRACK A20110117593527 CRJ2 445200 930700 120 30 999 NONE NONE 260
	FP_ROUTE KMSP..KFAR

TRACK_TIME 1167737286
TRACK A20110117593529 CRJ2 384960 1044300 120 30 999 NONE NONE 100
	FP_ROUTE KCOS..KDEN

TRACK_TIME 1167737286
TRACK A20110117593531 B738 384000 1213600 120 30 999 NONE NONE 400
	FP_ROUTE KSMF..KSEA

TRACK_TIME 1167737286
TRACK A20110117593535 BE20 345260 821960 120 30 999 NONE NONE 190
	FP_ROUTE KGMU..KHRJ

TRACK_TIME 1167737286
TRACK A20110117593536 CRJ2 333900 842260 120 30 999 NONE NONE 300
	FP_ROUTE KATL..KBTR

TRACK_TIME 1167737286
TRACK A20110117593537 CRJ2 303700 910760 120 30 999 NONE NONE 290
	FP_ROUTE KBTR..KATL

TRACK_TIME 1167737286
TRACK A20110117593542 CRJ2 421200 832100 120 30 999 NONE NONE 310
	FP_ROUTE KDTW..KBTV

TRACK_TIME 1167737286
TRACK A20110117593543 BE20 612800 1495400 120 30 999 NONE NONE 279
	FP_ROUTE KANC..KFAI

TRACK_TIME 1167737286
TRACK A20110117593544 BE20 644800 1474360 120 30 999 NONE NONE 230
	FP_ROUTE KFAI..KMRI

TRACK_TIME 1167737286
TRACK A20110117593552 C550 324660 972100 120 30 999 NONE NONE 150
	FP_ROUTE KFTW..KGGG

TRACK_TIME 1167737286
TRACK A20110117593557 DH8D 404360 740760 120 30 999 NONE NONE 240
	FP_ROUTE KEWR..KCMH

TRACK_TIME 1167737286
TRACK A20110117593558 B738 385400 770400 120 30 999 NONE NONE 400
	FP_ROUTE KDCA..KDFW

TRACK_TIME 1167737286
TRACK A20110117593566 BE20 390760 864300 120 30 999 NONE NONE 240
	FP_ROUTE KBMG..KEGE

TRACK_TIME 1167737286
TRACK A20110117593572 A320 403760 735100 120 30 999 NONE NONE 340
	FP_ROUTE KJFK..KMCO

TRACK_TIME 1167737286
TRACK A20110117593574 B744 612400 1500700 120 30 999 NONE NONE 350
	FP_ROUTE KANC..KORD

TRACK_TIME 1167737286
TRACK A20110117593581 B737 384060 1213460 120 30 999 NONE NONE 410
	FP_ROUTE KSMF..KDEN

TRACK_TIME 1167737286
TRACK A20110117593582 A320 351000 805560 120 30 999 NONE NONE 280
	FP_ROUTE KCLT..KMCO

TRACK_TIME 1167737286
TRACK A20110117593587 B737 335560 1182700 120 30 999 NONE NONE 330
	FP_ROUTE KLAX..KPHX

TRACK_TIME 1167737286
TRACK A20110117593589 C560 385500 895560 120 30 999 NONE NONE 150
	FP_ROUTE KALN..KALN

TRACK_TIME 1167737286
TRACK A20110117593591 B737 332560 1115860 120 30 999 NONE NONE 370
	FP_ROUTE KPHX..KPHL

TRACK_TIME 1167737286
TRACK A20110117593592 A320 264060 800400 120 30 999 NONE NONE 370
	FP_ROUTE KPBI..KJFK

TRACK_TIME 1167737286
TRACK A20110117593596 B732 611360 1500460 120 30 999 NONE NONE 300
	FP_ROUTE KANC..KKSM

TRACK_TIME 1167737286
TRACK A20110117593599 CRJ9 333900 842200 120 30 999 NONE NONE 240
	FP_ROUTE KATL..KMEM

TRACK_TIME 1167737286
TRACK A20110117593601 E145 371000 932400 120 30 999 NONE NONE 50
	FP_ROUTE KSGF..KDFW

TRACK_TIME 1167737286
TRACK A20110117593605 MD82 295700 952100 120 30 999 NONE NONE 110
	FP_ROUTE KIAH..KDFW

TRACK_TIME 1167737286
TRACK A20110117593606 CRJ9 351200 805560 120 30 999 NONE NONE 270
	FP_ROUTE KCLT..KORF

TRACK_TIME 1167737286
TRACK A20110117593607 A321 351060 805700 120 30 999 NONE NONE 320
	FP_ROUTE KCLT..KPHX

TRACK_TIME 1167737286
TRACK A20110117593616 BE9L 363700 1215260 120 30 999 NONE NONE 210
	FP_ROUTE KMRY..KCRQ

TRACK_TIME 1167737286
TRACK A20110117593617 E120 453600 1223700 120 30 999 NONE NONE 100
	FP_ROUTE KPDX..KSEA

TRACK_TIME 1167737286
TRACK A20110117593623 B712 293760 951800 120 30 999 NONE NONE 331
	FP_ROUTE KHOU..KATL

TRACK_TIME 1167737286
TRACK A20110117593627 CRJ2 404900 735200 120 30 999 NONE NONE 300
	FP_ROUTE KLGA..KCHS

TRACK_TIME 1167737286
TRACK A20110117593637 CRJ2 403000 801800 120 30 999 NONE NONE 120
	FP_ROUTE KPIT..KDTW

TRACK_TIME 1167737286
TRACK A20110117593641 A319 430600 760900 120 30 999 NONE NONE 180
	FP_ROUTE KSYR..KDCA

TRACK_TIME 1167737286
TRACK A20110117593645 A319 334360 785800 120 30 999 NONE NONE 110
	FP_ROUTE KMYR..KCLT

TRACK_TIME 1167737286
TRACK A20110117593649 CRJ2 380000 843900 120 30 999 NONE NONE 120
	FP_ROUTE KLEX..KCLT

TRACK_TIME 1167737286
TRACK A20110117593650 B734 424600 734900 120 30 999 NONE NONE 300
	FP_ROUTE KALB..KCLT

TRACK_TIME 1167737286
TRACK A20110117593651 B734 351500 805560 120 30 999 NONE NONE 240
	FP_ROUTE KCLT..KJAX

TRACK_TIME 1167737286
TRACK A20110117593652 E170 395260 751300 120 30 999 NONE NONE 340
	FP_ROUTE KPHL..KIAH

TRACK_TIME 1167737286
TRACK A20110117593654 CRJ2 350160 895860 120 30 999 NONE NONE 290
	FP_ROUTE KMEM..KPNS

TRACK_TIME 1167737286
TRACK A20110117593655 CRJ2 302800 871060 120 30 999 NONE NONE 280
	FP_ROUTE KPNS..KMEM

TRACK_TIME 1167737286
TRACK A20110117593656 A320 395260 751300 120 30 999 NONE NONE 320
	FP_ROUTE KPHL..KSEA

TRACK_TIME 1167737286
TRACK A20110117593657 BE20 264360 800300 120 30 999 NONE NONE 260
	FP_ROUTE KPBI..KJKA

TRACK_TIME 1167737286
TRACK A20110117593658 BE20 301800 873760 120 30 999 NONE NONE 260
	FP_ROUTE KJKA..KGGG

TRACK_TIME 1167737286
TRACK A20110117593663 B744 325260 970300 120 30 999 NONE NONE 400
	FP_ROUTE KDFW..KANC

TRACK_TIME 1167737286
TRACK A20110117593668 E135 325100 970300 120 30 999 NONE NONE 370
	FP_ROUTE KDFW..KMHK

TRACK_TIME 1167737286
TRACK A20110117593671 B737 295860 901500 120 30 999 NONE NONE 390
	FP_ROUTE KMSY..KBWI

TRACK_TIME 1167737286
TRACK A20110117593674 CRJ2 365400 761060 120 30 999 NONE NONE 250
	FP_ROUTE KORF..KJFK

TRACK_TIME 1167737286
TRACK A20110117593676 B737 411800 955400 120 30 999 NONE NONE 350
	FP_ROUTE KOMA..KMDW

TRACK_TIME 1167737286
TRACK A20110117593677 E190 404060 733900 120 30 999 NONE NONE 360
	FP_ROUTE KJFK..KORD

TRACK_TIME 1167737286
TRACK A20110117593680 CRJ2 421000 832500 120 30 999 NONE NONE 300
	FP_ROUTE KDTW..KCID

TRACK_TIME 1167737286
TRACK A20110117593682 A320 391300 944500 120 30 999 NONE NONE 360
	FP_ROUTE KMCI..KDEN

TRACK_TIME 1167737286
TRACK A20110117593683 B737 324960 970160 120 30 999 NONE NONE 410
	FP_ROUTE KDFW..KMCO

TRACK_TIME 1167737286
TRACK A20110117593688 E170 395200 751600 120 30 999 NONE NONE 290
	FP_ROUTE KPHL..KPWM

TRACK_TIME 1167737286
TRACK A20110117593689 B712 333900 842260 120 30 999 NONE NONE 330
	FP_ROUTE KATL..KCAK

TRACK_TIME 1167737286
TRACK A20110117593690 B737 333760 1175260 120 30 999 NONE NONE 400
	FP_ROUTE KSNA..KPDX

TRACK_TIME 1167737286
TRACK A20110117593695 B738 403900 734960 120 30 999 NONE NONE 380
	FP_ROUTE KJFK..KDFW

TRACK_TIME 1167737286
TRACK A20110117593697 CRJ2 364660 1194500 120 30 999 NONE NONE 370
	FP_ROUTE KFAT..KBOI

TRACK_TIME 1167737286
TRACK A20110117593699 B752 403900 734900 120 30 999 NONE NONE 380
	FP_ROUTE KJFK..KEGE

TRACK_TIME 1167737286
TRACK A20110117593705 B712 422100 710100 120 30 999 NONE NONE 300
	FP_ROUTE KBOS..KATL

TRACK_TIME 1167737286
TRACK A20110117593707 B712 293900 951800 120 30 999 NONE NONE 330
	FP_ROUTE KHOU..KATL

TRACK_TIME 1167737286
TRACK A20110117593712 DH8D 472260 1201500 120 30 999 NONE NONE 141
	FP_ROUTE KEAT..KSEA

TRACK_TIME 1167737286
TRACK A20110117593713 A320 395100 751660 120 30 999 NONE NONE 340
	FP_ROUTE KPHL..KLAS

TRACK_TIME 1167737286
TRACK A20110117593714 CRJ2 335260 1163300 120 30 999 NONE NONE 120
	FP_ROUTE KPSP..KLAX

TRACK_TIME 1167737286
TRACK A20110117593717 E145 415700 724000 120 30 999 NONE NONE 340
	FP_ROUTE KBDL..KDTW

TRACK_TIME 1167737286
TRACK A20110117593724 B738 264200 800000 120 30 999 NONE NONE 379
	FP_ROUTE KPBI..KIAH

TRACK_TIME 1167737286
TRACK A20110117593734 E170 415800 723760 120 30 999 NONE NONE 340
	FP_ROUTE KBDL..KORD

TRACK_TIME 1167737286
TRACK A20110117593735 B752 351060 805560 120 30 999 NONE NONE 360
	FP_ROUTE KCLT..KMCO

TRACK_TIME 1167737286
TRACK A20110117593736 B734 351200 805560 120 30 999 NONE NONE 260
	FP_ROUTE KCLT..KTPA

TRACK_TIME 1167737286
TRACK A20110117593741 E145 295700 952100 120 30 999 NONE NONE 310
	FP_ROUTE KIAH..KMEM

TRACK_TIME 1167737286
TRACK A20110117593743 B733 280000 823300 120 30 999 NONE NONE 360
	FP_ROUTE KTPA..KMDW

TRACK_TIME 1167737286
TRACK A20110117593744 A319 260460 800760 120 30 999 NONE NONE 370
	FP_ROUTE KFLL..KDTW

TRACK_TIME 1167737286
TRACK A20110117593745 E170 415860 875200 120 30 999 NONE NONE 350
	FP_ROUTE KORD..KBDL

TRACK_TIME 1167737286
TRACK A20110117593749 CRJ2 360700 795400 120 30 999 NONE NONE 240
	FP_ROUTE KGSO..KATL

TRACK_TIME 1167737286
TRACK A20110117593750 CRJ9 333900 842400 120 30 999 NONE NONE 250
	FP_ROUTE KATL..KCMH

TRACK_TIME 1167737286
TRACK A20110117593752 B752 335560 1182560 120 30 999 NONE NONE 390
	FP_ROUTE KLAX..KDTW

TRACK_TIME 1167737286
TRACK A20110117593758 E145 334060 1014960 120 30 999 NONE NONE 270
	FP_ROUTE KLBB..KDFW

TRACK_TIME 1167737286
TRACK A20110117593759 MD82 360700 1150900 120 30 999 NONE NONE 330
	FP_ROUTE KLAS..KDFW

TRACK_TIME 1167737286
TRACK A20110117593762 B752 282400 811800 120 30 999 NONE NONE 370
	FP_ROUTE KMCO..KATL

TRACK_TIME 1167737286
TRACK A20110117593764 B712 325260 970160 120 30 999 NONE NONE 330
	FP_ROUTE KDFW..KATL

TRACK_TIME 1167737286
TRACK A20110117593766 SF34 295700 952100 120 30 999 NONE NONE 130
	FP_ROUTE KIAH..KMLU

TRACK_TIME 1167737286
TRACK A20110117593768 A319 425700 784300 120 30 999 NONE NONE 320
	FP_ROUTE KBUF..KORD

TRACK_TIME 1167737286
TRACK A20110117593769 B712 303000 814200 120 30 999 NONE NONE 350
	FP_ROUTE KJAX..KBWI

TRACK_TIME 1167737286
TRACK A20110117593770 CRJ2 421200 832260 120 30 999 NONE NONE 200
	FP_ROUTE KDTW..KIND

TRACK_TIME 1167737286
TRACK A20110117593772 B712 275800 823300 120 30 999 NONE NONE 330
	FP_ROUTE KTPA..KBWI

TRACK_TIME 1167737286
TRACK A20110117593773 B737 333900 842260 120 30 999 NONE NONE 390
	FP_ROUTE KATL..KCAK

TRACK_TIME 1167737286
TRACK A20110117593775 B712 260460 800760 120 30 999 NONE NONE 340
	FP_ROUTE KFLL..KMKE

TRACK_TIME 1167737286
TRACK A20110117593776 DH8D 472560 1221900 120 30 999 NONE NONE 150
	FP_ROUTE KSEA..KPDX

TRACK_TIME 1167737286
TRACK A20110117593778 B712 422200 705700 120 30 999 NONE NONE 320
	FP_ROUTE KBOS..KATL

TRACK_TIME 1167737286
TRACK A20110117593780 B712 333760 842260 120 30 999 NONE NONE 330
	FP_ROUTE KATL..KLGA

TRACK_TIME 1167737286
TRACK A20110117593781 E170 360400 864060 120 30 999 NONE NONE 330
	FP_ROUTE KBNA..KPHL

TRACK_TIME 1167737286
TRACK A20110117593783 B737 334000 841960 120 30 999 NONE NONE 280
	FP_ROUTE KATL..KBNA

TRACK_TIME 1167737286
TRACK A20110117593784 B737 395260 751300 120 30 999 NONE NONE 400
	FP_ROUTE KPHL..KATL

TRACK_TIME 1167737286
TRACK A20110117593786 A320 334000 841900 120 30 999 NONE NONE 320
	FP_ROUTE KATL..KDAY

TRACK_TIME 1167737286
TRACK A20110117593789 B712 422100 710100 120 30 999 NONE NONE 360
	FP_ROUTE KBOS..KBWI

TRACK_TIME 1167737286
TRACK A20110117593794 B752 333760 842260 120 30 999 NONE NONE 390
	FP_ROUTE KATL..KFLL

TRACK_TIME 1167737286
TRACK A20110117593796 E120 404900 1154900 120 30 999 NONE NONE 110
	FP_ROUTE KEKO..KSLC

TRACK_TIME 1167737286
TRACK A20110117593801 SF34 344500 873600 120 30 999 NONE NONE 90
	FP_ROUTE KMSL..KATL

TRACK_TIME 1167737286
TRACK A20110117593807 A320 404300 740900 120 30 999 NONE NONE 360
	FP_ROUTE KEWR..KMCO

TRACK_TIME 1167737286
TRACK A20110117593808 CRJ2 385260 770300 120 30 999 NONE NONE 200
	FP_ROUTE KDCA..KPIT

TRACK_TIME 1167737286
TRACK A20110117593809 E145 295700 951960 120 30 999 NONE NONE 290
	FP_ROUTE KIAH..KTUL

TRACK_TIME 1167737286
TRACK A20110117593811 B738 391000 764200 120 30 999 NONE NONE 370
	FP_ROUTE KBWI..KSJU

TRACK_TIME 1167737286
TRACK A20110117593812 E145 295860 951800 120 30 999 NONE NONE 360
	FP_ROUTE KIAH..KOKC

TRACK_TIME 1167737286
TRACK A20110117593813 B737 472260 1221800 120 30 999 NONE NONE 390
	FP_ROUTE KSEA..KMKE

TRACK_TIME 1167737286
TRACK A20110117593814 A319 444960 931360 120 30 999 NONE NONE 320
	FP_ROUTE KMSP..KDEN

TRACK_TIME 1167737286
TRACK A20110117593815 B737 425560 875400 120 30 999 NONE NONE 410
	FP_ROUTE KMKE..KATL

TRACK_TIME 1167737286
TRACK A20110117593816 B712 394300 861600 120 30 999 NONE NONE 330
	FP_ROUTE KIND..KLGA

TRACK_TIME 1167737286
TRACK A20110117593817 B737 333900 842200 120 30 999 NONE NONE 380
	FP_ROUTE KATL..KLAS

TRACK_TIME 1167737286
TRACK A20110117593819 CL60 260760 814960 120 30 999 NONE NONE 310
	FP_ROUTE KAPF..KMMU

TRACK_TIME 1167737286
TRACK A20110117593826 B752 333900 842260 120 30 999 NONE NONE 340
	FP_ROUTE KATL..KSEA

TRACK_TIME 1167737286
TRACK A20110117593836 SF34 300600 931300 120 30 999 NONE NONE 80
	FP_ROUTE KLCH..KIAH

TRACK_TIME 1167737286
TRACK A20110117593848 BE20 303400 902500 120 30 999 NONE NONE 250
	FP_ROUTE KHDC..KPDK

TRACK_TIME 1167737286
TRACK A20110117593849 BE20 335560 841800 120 30 999 NONE NONE 180
	FP_ROUTE KPDK..KHDC

TRACK_TIME 1167737286
TRACK A20110117593853 CRJ2 372400 1215800 120 30 999 NONE NONE 270
	FP_ROUTE KSJC..KLAX

TRACK_TIME 1167737286
TRACK A20110117593855 E135 385260 770300 120 30 999 NONE NONE 360
	FP_ROUTE KDCA..KBNA

TRACK_TIME 1167737286
TRACK A20110117593870 CRJ2 403000 801900 120 30 999 NONE NONE 340
	FP_ROUTE KPIT..KMSP

TRACK_TIME 1167737286
TRACK A20110117593877 DH8A 395260 751200 120 30 999 NONE NONE 121
	FP_ROUTE KPHL..KIPT

TRACK_TIME 1167737286
TRACK A20110117593879 B733 400000 825200 120 30 999 NONE NONE 370
	FP_ROUTE KCMH..KMCO

TRACK_TIME 1167737286
TRACK A20110117593885 A320 332560 1120400 120 30 999 NONE NONE 340
	FP_ROUTE KPHX..KSFO

TRACK_TIME 1167737286
TRACK A20110117593887 CRJ2 390160 843900 120 30 999 NONE NONE 250
	FP_ROUTE KCVG..KPHL

TRACK_TIME 1167737286
TRACK A20110117593894 A320 395200 1043300 120 30 999 NONE NONE 350
	FP_ROUTE KDEN..KMCI

TRACK_TIME 1167737286
TRACK A20110117593897 CRJ2 373300 771800 120 30 999 NONE NONE 131
	FP_ROUTE KRIC..KPHL

TRACK_TIME 1167737286
TRACK A20110117593899 B733 384300 901500 120 30 999 NONE NONE 320
	FP_ROUTE KSTL..KMCI

TRACK_TIME 1167737286
TRACK A20110117593900 B752 404300 740900 120 30 999 NONE NONE 380
	FP_ROUTE KEWR..KPBI

TRACK_TIME 1167737286
TRACK A20110117593903 A319 351360 805560 120 30 999 NONE NONE 170
	FP_ROUTE KCLT..KMYR

TRACK_TIME 1167737286
TRACK A20110117593904 A320 422100 710100 120 30 999 NONE NONE 360
	FP_ROUTE KBOS..KRSW

TRACK_TIME 1167737286
TRACK A20110117593905 A320 335700 1182800 120 30 999 NONE NONE 350
	FP_ROUTE KLAX..KJFK

TRACK_TIME 1167737286
TRACK A20110117593908 CRJ2 334000 842100 120 30 999 NONE NONE 270
	FP_ROUTE KATL..KLEX

TRACK_TIME 1167737286
TRACK A20110117593909 CRJ2 380100 843760 120 30 999 NONE NONE 230
	FP_ROUTE KLEX..KATL

TRACK_TIME 1167737286
TRACK A20110117593910 E145 325260 970300 120 30 999 NONE NONE 320
	FP_ROUTE KDFW..KLRD

TRACK_TIME 1167737286
TRACK A20110117593912 E135 325200 970160 120 30 999 NONE NONE 270
	FP_ROUTE KDFW..KAEX

TRACK_TIME 1167737286
TRACK A20110117593917 SF34 610160 1500900 120 30 999 NONE NONE 200
	FP_ROUTE KANC..KAKN

TRACK_TIME 1167737286
TRACK A20110117593922 E120 373900 1222200 120 30 999 NONE NONE 220
	FP_ROUTE KSFO..KACV

TRACK_TIME 1167737286
TRACK A20110117593923 E120 410000 1240700 120 30 999 NONE NONE 229
	FP_ROUTE KACV..KSFO

TRACK_TIME 1167737286
TRACK A20110117593928 E145 404800 735200 120 30 999 NONE NONE 280
	FP_ROUTE KLGA..KCLE

TRACK_TIME 1167737286
TRACK A20110117593933 SF34 584500 1565400 120 30 999 NONE NONE 60
	FP_ROUTE KAKN..KDLG

TRACK_TIME 1167737286
TRACK A20110117593937 CRJ2 334000 841960 120 30 999 NONE NONE 200
	FP_ROUTE KATL..KMGM

TRACK_TIME 1167737286
TRACK A20110117593945 A320 324500 1171360 120 30 999 NONE NONE 370
	FP_ROUTE KSAN..KSLC

TRACK_TIME 1167737286
TRACK A20110117593947 CRJ9 421060 832100 120 30 999 NONE NONE 340
	FP_ROUTE KDTW..KIAH

TRACK_TIME 1167737286
TRACK A20110117593948 A320 404900 1115860 120 30 999 NONE NONE 350
	FP_ROUTE KSLC..KIAD

TRACK_TIME 1167737286
TRACK A20110117593950 E145 295700 952100 120 30 999 NONE NONE 310
	FP_ROUTE KIAH..KBHM

TRACK_TIME 1167737286
TRACK A20110117593956 A320 404900 1115800 120 30 999 NONE NONE 330
	FP_ROUTE KSLC..KCVG

TRACK_TIME 1167737286
TRACK A20110117593960 B752 333760 842400 120 30 999 NONE NONE 390
	FP_ROUTE KATL..KRSW

TRACK_TIME 1167737286
TRACK A20110117593961 B753 282400 811800 120 30 999 NONE NONE 360
	FP_ROUTE KMCO..KMSP

TRACK_TIME 1167737286
TRACK A20110117593962 B734 351060 805560 120 30 999 NONE NONE 300
	FP_ROUTE KCLT..KFLL

TRACK_TIME 1167737286
TRACK A20110117593964 E145 412400 815260 120 30 999 NONE NONE 270
	FP_ROUTE KCLE..KJFK

TRACK_TIME 1167737286
TRACK A20110117593965 E145 403900 734500 120 30 999 NONE NONE 300
	FP_ROUTE KJFK..KRDU

TRACK_TIME 1167737286
TRACK A20110117593966 B738 372400 1215800 120 30 999 NONE NONE 370
	FP_ROUTE KSJC..KORD

TRACK_TIME 1167737286
TRACK A20110117593968 CRJ2 333760 842400 120 30 999 NONE NONE 310
	FP_ROUTE KATL..KEWN

TRACK_TIME 1167737286
TRACK A20110117593972 B752 333760 842400 120 30 999 NONE NONE 370
	FP_ROUTE KATL..KBOS

TRACK_TIME 1167737286
TRACK A20110117593978 B733 332560 1115560 120 30 999 NONE NONE 360
	FP_ROUTE KPHX..KSMF

TRACK_TIME 1167737286
TRACK A20110117593981 C550 322260 944200 120 30 999 NONE NONE 370
	FP_ROUTE KGGG..KAFJ

TRACK_TIME 1167737286
TRACK A20110117593983 AT72 174200 644600 120 30 999 NONE NONE 80
	FP_ROUTE KSTX..KSJU

TRACK_TIME 1167737286
TRACK A20110117593984 A320 403900 734900 120 30 999 NONE NONE 360
	FP_ROUTE KJFK..KSAN

TRACK_TIME 1167737286
TRACK A20110117593985 B712 333900 842260 120 30 999 NONE NONE 320
	FP_ROUTE KATL..KMSP

TRACK_TIME 1167737286
TRACK A20110117593987 CRJ2 321800 862100 120 30 999 NONE NONE 40
	FP_ROUTE KMGM..KATL

TRACK_TIME 1167737286
TRACK A20110117593988 MD82 395200 1043400 120 30 999 NONE NONE 330
	FP_ROUTE KDEN..KDFW

TRACK_TIME 1167737286
TRACK A20110117593992 E190 395100 1044660 120 30 999 NONE NONE 340
	FP_ROUTE KDEN..KSLC

TRACK_TIME 1167737286
TRACK A20110117593999 CRJ9 422200 705860 120 30 999 NONE NONE 220
	FP_ROUTE KBOS..KJFK

TRACK_TIME 1167737286
TRACK A20110117594001 C560 260760 814060 120 30 999 NONE NONE 390
	FP_ROUTE KAPF..KGFL

TRACK_TIME 1167737286
TRACK A20110117594006 E170 412260 815260 120 30 999 NONE NONE 60
	FP_ROUTE KCLE..KPHL

TRACK_TIME 1167737286
TRACK A20110117594011 CRJ9 351060 805700 120 30 999 NONE NONE 270
	FP_ROUTE KCLT..KMDT

TRACK_TIME 1167737286
TRACK A20110117594012 B733 394900 1044800 120 30 999 NONE NONE 360
	FP_ROUTE KDEN..KLAS

TRACK_TIME 1167737286
TRACK A20110117594013 B739 404360 740700 120 30 999 NONE NONE 340
	FP_ROUTE KEWR..KSAN

TRACK_TIME 1167737286
TRACK A20110117594014 E120 335560 1182560 120 30 999 NONE NONE 110
	FP_ROUTE KLAX..KPSP

TRACK_TIME 1167737286
TRACK A20110117594015 CRJ2 405800 851000 120 30 999 NONE NONE 120
	FP_ROUTE KFWA..KDTW

TRACK_TIME 1167737286
TRACK A20110117594017 A319 430700 760760 120 30 999 NONE NONE 341
	FP_ROUTE KSYR..KCLT

TRACK_TIME 1167737286
TRACK A20110117594018 A319 351060 805700 120 30 999 NONE NONE 280
	FP_ROUTE KCLT..KBNA

TRACK_TIME 1167737286
TRACK A20110117594019 B733 360700 1150900 120 30 999 NONE NONE 330
	FP_ROUTE KLAS..KSAT

TRACK_TIME 1167737286
TRACK A20110117594021 E120 334660 1162500 120 30 999 NONE NONE 79
	FP_ROUTE KPSP..KLAX

TRACK_TIME 1167737286
TRACK A20110117594029 B734 430700 785560 120 30 999 NONE NONE 280
	FP_ROUTE KIAG..KPGD

TRACK_TIME 1167737286
TRACK A20110117594032 A320 404800 735200 120 30 999 NONE NONE 360
	FP_ROUTE KLGA..KPBI

TRACK_TIME 1167737286
TRACK A20110117594034 BE20 372560 831900 120 30 999 NONE NONE 80
	FP_ROUTE KK20..KLEX

TRACK_TIME 1167737286
TRACK A20110117594035 BE20 380000 843760 120 30 999 NONE NONE 190
	FP_ROUTE KLEX..KPHD

TRACK_TIME 1167737286
TRACK A20110117594036 BE20 402800 812860 120 30 999 NONE NONE 120
	FP_ROUTE KPHD..KLEX

TRACK_TIME 1167737286
TRACK A20110117594042 B752 333900 842100 120 30 999 NONE NONE 360
	FP_ROUTE KATL..KDEN

TRACK_TIME 1167737286
TRACK A20110117594051 B752 295700 951960 120 30 999 NONE NONE 370
	FP_ROUTE KIAH..KEWR

TRACK_TIME 1167737286
TRACK A20110117594053 A320 182800 655860 120 30 999 NONE NONE 340
	FP_ROUTE KSJU..KMCO

TRACK_TIME 1167737286
TRACK A20110117594054 B753 282500 811800 120 30 999 NONE NONE 310
	FP_ROUTE KMCO..KDTW

TRACK_TIME 1167737286
TRACK A20110117594055 CRJ2 333760 842260 120 30 999 NONE NONE 220
	FP_ROUTE KATL..KECP

TRACK_TIME 1167737286
TRACK A20110117594059 F900 324960 965100 120 30 999 NONE NONE 370
	FP_ROUTE KDAL..KFTY

TRACK_TIME 1167737286
TRACK A20110117594062 A320 334960 1181000 120 30 999 NONE NONE 380
	FP_ROUTE KLGB..KSEA

TRACK_TIME 1167737286
TRACK A20110117594063 CRJ2 303300 854500 120 30 999 NONE NONE 230
	FP_ROUTE KECP..KATL

TRACK_TIME 1167737286
TRACK A20110117594065 B712 422100 710100 120 30 999 NONE NONE 300
	FP_ROUTE KBOS..KATL

TRACK_TIME 1167737286
TRACK A20110117594066 CRJ2 350100 895800 120 30 999 NONE NONE 290
	FP_ROUTE KMEM..KRDU

TRACK_TIME 1167737286
TRACK A20110117594070 B737 385260 770400 120 30 999 NONE NONE 380
	FP_ROUTE KDCA..KATL

TRACK_TIME 1167737286
TRACK A20110117594071 E145 415800 875700 120 30 999 NONE NONE 200
	FP_ROUTE KORD..KDSM

TRACK_TIME 1167737286
TRACK A20110117594076 CRJ2 454900 1111300 120 30 999 NONE NONE 290
	FP_ROUTE KBZN..KSLC

TRACK_TIME 1167737286
TRACK A20110117594077 A320 335700 1182800 120 30 999 NONE NONE 350
	FP_ROUTE KLAX..KBOS

TRACK_TIME 1167737286
TRACK A20110117594078 CRJ9 404660 735200 120 30 999 NONE NONE 380
	FP_ROUTE KLGA..KIND

TRACK_TIME 1167737286
TRACK A20110117594080 B737 335700 1182800 120 30 999 NONE NONE 370
	FP_ROUTE KLAX..KATL

TRACK_TIME 1167737286
TRACK A20110117594083 B735 421200 832200 120 30 999 NONE NONE 340
	FP_ROUTE KDTW..KIAH

TRACK_TIME 1167737286
TRACK A20110117594091 B763 205500 1562400 120 30 999 NONE NONE 380
	FP_ROUTE KOGG..KLAX

TRACK_TIME 1167737286
TRACK A20110117594092 B712 385200 770300 120 30 999 NONE NONE 340
	FP_ROUTE KDCA..KATL

TRACK_TIME 1167737286
TRACK A20110117594094 E170 420000 875700 120 30 999 NONE NONE 220
	FP_ROUTE KORD..KCID

TRACK_TIME 1167737286
TRACK A20110117594101 B737 422100 710100 120 30 999 NONE NONE 400
	FP_ROUTE KBOS..KDEN

TRACK_TIME 1167737286
TRACK A20110117594103 E170 395100 751900 120 30 999 NONE NONE 340
	FP_ROUTE KPHL..KSTL

TRACK_TIME 1167737286
TRACK A20110117594115 A320 260460 800760 120 30 999 NONE NONE 340
	FP_ROUTE KFLL..KORD

TRACK_TIME 1167737286
TRACK A20110117594120 MD11 611960 1500300 120 30 999 NONE NONE 350
	FP_ROUTE KANC..KIND

TRACK_TIME 1167737286
TRACK A20110117594123 B738 211800 1575400 120 30 999 NONE NONE 380
	FP_ROUTE KHNL..KANC

TRACK_TIME 1167737286
TRACK A20110117594124 CRJ2 385260 770400 120 30 999 NONE NONE 220
	FP_ROUTE KDCA..KRDU

TRACK_TIME 1167737286
TRACK A20110117594125 DH8A 404900 735100 120 30 999 NONE NONE 81
	FP_ROUTE KLGA..KPHL

TRACK_TIME 1167737286
TRACK A20110117594128 A320 373760 1222200 120 30 999 NONE NONE 390
	FP_ROUTE KSFO..KSAN

TRACK_TIME 1167737286
TRACK A20110117594133 JS32 335400 841800 120 30 999 NONE NONE 170
	FP_ROUTE KPDK..KROA

TRACK_TIME 1167737286
TRACK A20110117594135 CRJ9 385700 773000 120 30 999 NONE NONE 280
	FP_ROUTE KIAD..KCLT

TRACK_TIME 1167737286
TRACK A20110117594142 E145 420000 875700 120 30 999 NONE NONE 330
	FP_ROUTE KORD..KROC

TRACK_TIME 1167737286
TRACK A20110117594143 CRJ2 441360 881960 120 30 999 NONE NONE 250
	FP_ROUTE KATW..KDTW

TRACK_TIME 1167737286
TRACK A20110117594147 A320 453700 1223900 120 30 999 NONE NONE 350
	FP_ROUTE KPDX..KLGB

TRACK_TIME 1167737286
TRACK A20110117594151 CRJ2 333760 842100 120 30 999 NONE NONE 250
	FP_ROUTE KATL..KGSO

TRACK_TIME 1167737286
TRACK A20110117594159 CRJ2 360700 794600 120 30 999 NONE NONE 240
	FP_ROUTE KGSO..KATL

TRACK_TIME 1167737286
TRACK A20110117594160 B712 205400 1562500 120 30 999 NONE NONE 160
	FP_ROUTE KOGG..KHNL

TRACK_TIME 1167737286
TRACK A20110117594161 SF34 421300 832200 120 30 999 NONE NONE 160
	FP_ROUTE KDTW..KCWA

TRACK_TIME 1167737286
TRACK A20110117594162 SF34 444660 894060 120 30 999 NONE NONE 170
	FP_ROUTE KCWA..KDTW

TRACK_TIME 1167737286
TRACK A20110117594166 B752 420160 875800 120 30 999 NONE NONE 380
	FP_ROUTE KORD..KLAX

TRACK_TIME 1167737286
TRACK A20110117594168 E170 395700 1043900 120 30 999 NONE NONE 350
	FP_ROUTE KDEN..KATL

TRACK_TIME 1167737286
TRACK A20110117594177 B738 254800 801800 120 30 999 NONE NONE 410
	FP_ROUTE KMIA..KSJU

TRACK_TIME 1167737286
TRACK A20110117594179 E170 333900 842400 120 30 999 NONE NONE 340
	FP_ROUTE KATL..KDEN

TRACK_TIME 1167737286
TRACK A20110117594180 B737 391000 764500 120 30 999 NONE NONE 370
	FP_ROUTE KBWI..KMHT

TRACK_TIME 1167737286
TRACK A20110117594181 B733 391660 943700 120 30 999 NONE NONE 290
	FP_ROUTE KMCI..KMDW

TRACK_TIME 1167737286
TRACK A20110117594197 CRJ2 421200 832200 120 30 999 NONE NONE 290
	FP_ROUTE KDTW..KDCA

TRACK_TIME 1167737286
TRACK A20110117594205 A319 415860 875200 120 30 999 NONE NONE 390
	FP_ROUTE KORD..KDCA

TRACK_TIME 1167737286
TRACK A20110117594206 CRJ1 355400 784600 120 30 999 NONE NONE 320
	FP_ROUTE KRDU..KMEM

TRACK_TIME 1167737286
TRACK A20110117594207 C550 311600 812800 120 30 999 NONE NONE 340
	FP_ROUTE KBQK..KLIT

TRACK_TIME 1167737286
TRACK A20110117594209 SF34 381960 813700 120 30 999 NONE NONE 89
	FP_ROUTE KCRW..KDCA

TRACK_TIME 1167737286
TRACK A20110117594217 B737 275800 823300 120 30 999 NONE NONE 230
	FP_ROUTE KTPA..KPBI

TRACK_TIME 1167737286
TRACK A20110117594218 E170 384360 901660 120 30 999 NONE NONE 350
	FP_ROUTE KSTL..KLGA

TRACK_TIME 1167737286
TRACK A20110117594219 DH8A 395260 751360 120 30 999 NONE NONE 60
	FP_ROUTE KPHL..KMDT

TRACK_TIME 1167737286
TRACK A20110117594220 B737 264060 800100 120 30 999 NONE NONE 390
	FP_ROUTE KPBI..KISP

TRACK_TIME 1167737286
TRACK A20110117594224 B737 404960 730600 120 30 999 NONE NONE 380
	FP_ROUTE KISP..KMDW

TRACK_TIME 1167737286
TRACK A20110117594238 B737 260460 800700 120 30 999 NONE NONE 270
	FP_ROUTE KFLL..KJAX

TRACK_TIME 1167737286
TRACK A20110117594239 B737 384360 901660 120 30 999 NONE NONE 400
	FP_ROUTE KSTL..KDAL

TRACK_TIME 1167737286
TRACK A20110117594240 B737 324900 964960 120 30 999 NONE NONE 100
	FP_ROUTE KDAL..KHOU

TRACK_TIME 1167737286
TRACK A20110117594245 B737 303000 814000 120 30 999 NONE NONE 390
	FP_ROUTE KJAX..KPHL

TRACK_TIME 1167737286
TRACK A20110117594252 CRJ2 390300 844060 120 30 999 NONE NONE 280
	FP_ROUTE KCVG..KMCI

TRACK_TIME 1167737286
TRACK A20110117594254 B737 395260 751300 120 30 999 NONE NONE 270
	FP_ROUTE KPHL..KMHT

TRACK_TIME 1167737286
TRACK A20110117594259 B733 402860 800760 120 30 999 NONE NONE 320
	FP_ROUTE KPIT..KMCO

TRACK_TIME 1167737286
TRACK A20110117594260 B737 425700 712560 120 30 999 NONE NONE 380
	FP_ROUTE KMHT..KMDW

TRACK_TIME 1167737286
TRACK A20110117594261 E145 442200 880760 120 30 999 NONE NONE 120
	FP_ROUTE KGRB..KORD

TRACK_TIME 1167737286
TRACK A20110117594262 E145 415860 875100 120 30 999 NONE NONE 230
	FP_ROUTE KORD..KCLE

TRACK_TIME 1167737286
TRACK A20110117594268 E170 350300 1063460 120 30 999 NONE NONE 330
	FP_ROUTE KABQ..KDEN

TRACK_TIME 1167737286
TRACK A20110117594270 CRJ2 415700 875260 120 30 999 NONE NONE 190
	FP_ROUTE KORD..KLAN

TRACK_TIME 1167737286
TRACK A20110117594271 CRJ2 424660 843300 120 30 999 NONE NONE 100
	FP_ROUTE KLAN..KORD

TRACK_TIME 1167737286
TRACK A20110117594273 B735 295860 951800 120 30 999 NONE NONE 350
	FP_ROUTE KIAH..KCLE

TRACK_TIME 1167737286
TRACK A20110117594275 MD82 415800 875560 120 30 999 NONE NONE 99
	FP_ROUTE KORD..KMSP

TRACK_TIME 1167737286
TRACK A20110117594276 MD82 361000 955260 120 30 999 NONE NONE 350
	FP_ROUTE KTUL..KORD

TRACK_TIME 1167737286
TRACK A20110117594281 C560 404600 1115800 120 30 999 NONE NONE 390
	FP_ROUTE KSLC..KBJC

TRACK_TIME 1167737286
TRACK A20110117594282 MD83 385200 770300 120 30 999 NONE NONE 320
	FP_ROUTE KDCA..KSTL

TRACK_TIME 1167737286
TRACK A20110117594283 MD83 384360 901500 120 30 999 NONE NONE 340
	FP_ROUTE KSTL..KLAX

TRACK_TIME 1167737286
TRACK A20110117594284 E170 445100 931200 120 30 999 NONE NONE 350
	FP_ROUTE KMSP..KPHL

TRACK_TIME 1167737286
TRACK A20110117594285 A320 394900 1043900 120 30 999 NONE NONE 350
	FP_ROUTE KDEN..KDFW

TRACK_TIME 1167737286
TRACK A20110117594286 B752 421200 832200 120 30 999 NONE NONE 360
	FP_ROUTE KDTW..KLAS

TRACK_TIME 1167737286
TRACK A20110117594294 CRJ2 335560 810600 120 30 999 NONE NONE 320
	FP_ROUTE KCAE..KDTW

TRACK_TIME 1167737286
TRACK A20110117594295 CRJ2 404000 734500 120 30 999 NONE NONE 200
	FP_ROUTE KJFK..KSYR

TRACK_TIME 1167737286
TRACK A20110117594299 DH8A 425700 784300 120 30 999 NONE NONE 170
	FP_ROUTE KBUF..KPHL

TRACK_TIME 1167737286
TRACK A20110117594302 DH8A 351200 805560 120 30 999 NONE NONE 90
	FP_ROUTE KCLT..KFLO

TRACK_TIME 1167737286
TRACK A20110117594303 CRJ9 333760 842260 120 30 999 NONE NONE 310
	FP_ROUTE KATL..KIAD

TRACK_TIME 1167737286
TRACK A20110117594304 CRJ9 385500 773160 120 30 999 NONE NONE 260
	FP_ROUTE KIAD..KATL

TRACK_TIME 1167737286
TRACK A20110117594305 DH8A 211900 1575260 120 30 999 NONE NONE 50
	FP_ROUTE KHNL..KMKK

TRACK_TIME 1167737286
TRACK A20110117594307 MD11 334000 841900 120 30 999 NONE NONE 400
	FP_ROUTE KATL..KNKX

TRACK_TIME 1167737286
TRACK A20110117594309 B712 404800 735200 120 30 999 NONE NONE 340
	FP_ROUTE KLGA..KIND

TRACK_TIME 1167737286
TRACK A20110117594310 A319 445400 931360 120 30 999 NONE NONE 370
	FP_ROUTE KMSP..KPHL

TRACK_TIME 1167737286
TRACK A20110117594314 CRJ2 395500 841000 120 30 999 NONE NONE 310
	FP_ROUTE KDAY..KPHL

TRACK_TIME 1167737286
TRACK A20110117594316 E120 474300 1041060 120 30 999 NONE NONE 220
	FP_ROUTE KSDY..KBIL

TRACK_TIME 1167737286
TRACK A20110117594317 E120 454800 1083100 120 30 999 NONE NONE 250
	FP_ROUTE KBIL..KDEN

TRACK_TIME 1167737286
TRACK A20110117594321 CRJ2 413000 902560 120 30 999 NONE NONE 200
	FP_ROUTE KMLI..KMSP

TRACK_TIME 1167737286
TRACK A20110117594323 B738 611800 1500900 120 30 999 NONE NONE 320
	FP_ROUTE KANC..KFAI

TRACK_TIME 1167737286
TRACK A20110117594328 CRJ2 354900 835860 120 30 999 NONE NONE 90
	FP_ROUTE KTYS..KCLT

TRACK_TIME 1167737286
TRACK A20110117594330 E190 402860 801060 120 30 999 NONE NONE 60
	FP_ROUTE KPIT..KPHL

TRACK_TIME 1167737286
TRACK A20110117594331 E170 415700 875860 120 30 999 NONE NONE 310
	FP_ROUTE KORD..KATL

TRACK_TIME 1167737286
TRACK A20110117594334 E190 404000 734200 120 30 999 NONE NONE 210
	FP_ROUTE KJFK..KBTV

TRACK_TIME 1167737286
TRACK A20110117594335 CRJ9 433300 1161000 120 30 999 NONE NONE 270
	FP_ROUTE KBOI..KSLC

TRACK_TIME 1167737286
TRACK A20110117594340 CRJ2 403900 734500 120 30 999 NONE NONE 160
	FP_ROUTE KJFK..KDCA

TRACK_TIME 1167737286
TRACK A20110117594346 B737 324360 1171360 120 30 999 NONE NONE 370
	FP_ROUTE KSAN..KMDW

TRACK_TIME 1167737286
TRACK A20110117594354 C550 333000 861060 120 30 999 NONE NONE 280
	FP_ROUTE KASN..KHEZ

TRACK_TIME 1167737286
TRACK A20110117594355 E145 404360 740700 120 30 999 NONE NONE 300
	FP_ROUTE KEWR..KGSO

TRACK_TIME 1167737286
TRACK A20110117594356 B737 355260 784660 120 30 999 NONE NONE 400
	FP_ROUTE KRDU..KMDW

TRACK_TIME 1167737286
TRACK A20110117594357 B737 414600 874600 120 30 999 NONE NONE 380
	FP_ROUTE KMDW..KSAT

TRACK_TIME 1167737286
TRACK A20110117594361 B733 314900 1062200 120 30 999 NONE NONE 230
	FP_ROUTE KELP..KDAL

TRACK_TIME 1167737286
TRACK A20110117594383 BE20 323000 1111300 120 30 999 NONE NONE 270
	FP_ROUTE KAVQ..KCPR

TRACK_TIME 1167737286
TRACK A20110117594384 BE20 425200 1063700 120 30 999 NONE NONE 280
	FP_ROUTE KCPR..KAVQ

TRACK_TIME 1167737286
TRACK A20110117594385 CRJ2 414200 861660 120 30 999 NONE NONE 300
	FP_ROUTE KSBN..KATL

TRACK_TIME 1167737286
TRACK A20110117594386 BE20 322860 1111300 120 30 999 NONE NONE 270
	FP_ROUTE KAVQ..KCPR

TRACK_TIME 1167737286
TRACK A20110117594387 CRJ2 311800 923160 120 30 999 NONE NONE 290
	FP_ROUTE KAEX..KATL

TRACK_TIME 1167737286
TRACK A20110117594393 CRJ2 404800 735200 120 30 999 NONE NONE 240
	FP_ROUTE KLGA..KORF

TRACK_TIME 1167737286
TRACK A20110117594399 B737 373760 1222200 120 30 999 NONE NONE 410
	FP_ROUTE KSFO..KLAX

TRACK_TIME 1167737286
TRACK A20110117594410 CRJ2 403000 801060 120 30 999 NONE NONE 120
	FP_ROUTE KPIT..KDTW

TRACK_TIME 1167737286
TRACK A20110117594412 B752 333900 842100 120 30 999 NONE NONE 360
	FP_ROUTE KATL..KMSP

TRACK_TIME 1167737286
TRACK A20110117594416 DH8D 404300 740760 120 30 999 NONE NONE 220
	FP_ROUTE KEWR..KRDU

TRACK_TIME 1167737286
TRACK A20110117594427 DH8A 391300 764000 120 30 999 NONE NONE 50
	FP_ROUTE KBWI..KPHL

TRACK_TIME 1167737286
TRACK A20110117594428 DH8A 395400 751600 120 30 999 NONE NONE 120
	FP_ROUTE KPHL..KELM

TRACK_TIME 1167737286
TRACK A20110117594431 A320 404300 740900 120 30 999 NONE NONE 340
	FP_ROUTE KEWR..KRSW

TRACK_TIME 1167737286
TRACK A20110117594439 B737 293100 982800 120 30 999 NONE NONE 410
	FP_ROUTE KSAT..KJFK

TRACK_TIME 1167737286
TRACK A20110117594440 A320 415700 724000 120 30 999 NONE NONE 380
	FP_ROUTE KBDL..KMCO

TRACK_TIME 1167737286
TRACK A20110117594442 B737 301800 973700 120 30 999 NONE NONE 220
	FP_ROUTE KAUS..KDAL

TRACK_TIME 1167737286
TRACK A20110117594452 CRJ9 421200 832200 120 30 999 NONE NONE 360
	FP_ROUTE KDTW..KAUS

TRACK_TIME 1167737286
TRACK A20110117594460 B744 612100 1495260 120 30 999 NONE NONE 350
	FP_ROUTE KANC..KMIA

TRACK_TIME 1167737286
TRACK A20110117594462 B737 295700 952100 120 30 999 NONE NONE 391
	FP_ROUTE KIAH..KIAD

TRACK_TIME 1167737286
TRACK A20110117594463 CRJ2 421200 832100 120 30 999 NONE NONE 290
	FP_ROUTE KDTW..KABE

TRACK_TIME 1167737286
TRACK A20110117594464 CRJ2 404060 752200 120 30 999 NONE NONE 280
	FP_ROUTE KABE..KDTW

TRACK_TIME 1167737286
TRACK A20110117594467 E145 415860 874960 120 30 999 NONE NONE 330
	FP_ROUTE KORD..KPIT

TRACK_TIME 1167737286
TRACK A20110117594468 B752 335560 1182700 120 30 999 NONE NONE 390
	FP_ROUTE KLAX..KDFW

TRACK_TIME 1167737286
TRACK A20110117594470 MD83 325100 970160 120 30 999 NONE NONE 330
	FP_ROUTE KDFW..KPHL

TRACK_TIME 1167737286
TRACK A20110117594476 CRJ2 421200 832100 120 30 999 NONE NONE 250
	FP_ROUTE KDTW..KBGM

TRACK_TIME 1167737286
TRACK A20110117594479 LJ45 264060 800100 120 30 999 NONE NONE 350
	FP_ROUTE KPBI..KSAV

TRACK_TIME 1167737286
TRACK A20110117594481 C750 361060 955400 120 30 999 NONE NONE 450
	FP_ROUTE KTUL..KHPN

TRACK_TIME 1167737286
TRACK A20110117594482 C750 410600 734660 120 30 999 NONE NONE 430
	FP_ROUTE KHPN..KTUL

TRACK_TIME 1167737286
TRACK A20110117594483 LJ45 320900 811200 120 30 999 NONE NONE 390
	FP_ROUTE KSAV..KMQS

TRACK_TIME 1167737286
TRACK A20110117594490 LJ45 395800 754960 120 30 999 NONE NONE 300
	FP_ROUTE KMQS..KRST

TRACK_TIME 1167737286
TRACK A20110117594491 B735 293760 951800 120 30 999 NONE NONE 320
	FP_ROUTE KHOU..KLAS

TRACK_TIME 1167737286
TRACK A20110117594497 C550 465560 964900 120 30 999 NONE NONE 359
	FP_ROUTE KFAR..KSAF

TRACK_TIME 1167737286
TRACK A20110117594498 A319 404900 1120000 120 30 999 NONE NONE 360
	FP_ROUTE KSLC..KSNA

TRACK_TIME 1167737286
TRACK A20110117594499 C550 353900 1060600 120 30 999 NONE NONE 339
	FP_ROUTE KSAF..KNYL

TRACK_TIME 1167737286
TRACK A20110117594502 CL60 360900 1151060 120 30 999 NONE NONE 110
	FP_ROUTE KLAS..KPSP

TRACK_TIME 1167737286
TRACK A20110117594503 B752 360700 1150900 120 30 999 NONE NONE 370
	FP_ROUTE KLAS..KDEN

TRACK_TIME 1167737286
TRACK A20110117594507 E145 355400 784660 120 30 999 NONE NONE 360
	FP_ROUTE KRDU..KORD

TRACK_TIME 1167737286
TRACK A20110117594513 CRJ2 385260 770300 120 30 999 NONE NONE 230
	FP_ROUTE KDCA..KSYR

TRACK_TIME 1167737286
TRACK A20110117594514 E145 302800 871000 120 30 999 NONE NONE 360
	FP_ROUTE KPNS..KDFW

TRACK_TIME 1167737286
TRACK A20110117594517 LJ35 405260 740300 120 30 999 NONE NONE 380
	FP_ROUTE KTEB..KLNK

TRACK_TIME 1167737286
TRACK A20110117594518 A306 375500 854300 120 30 999 NONE NONE 330
	FP_ROUTE KSDF..KMHT

TRACK_TIME 1167737286
TRACK A20110117594522 A306 375800 854360 120 30 999 NONE NONE 320
	FP_ROUTE KSDF..KDEN

TRACK_TIME 1167737286
TRACK A20110117594526 A306 375400 854500 120 30 999 NONE NONE 320
	FP_ROUTE KSDF..KABQ

TRACK_TIME 1167737286
TRACK A20110117594527 A319 325100 970160 120 30 999 NONE NONE 370
	FP_ROUTE KDFW..KPHL

TRACK_TIME 1167737286
TRACK A20110117594529 E170 385200 770160 120 30 999 NONE NONE 320
	FP_ROUTE KDCA..KHSV

TRACK_TIME 1167737286
TRACK A20110117594535 B712 333760 842260 120 30 999 NONE NONE 330
	FP_ROUTE KATL..KTPA

TRACK_TIME 1167737286
TRACK A20110117594539 CRJ2 425560 875400 120 30 999 NONE NONE 340
	FP_ROUTE KMKE..KMEM

TRACK_TIME 1167737286
TRACK A20110117594544 A320 403760 735200 120 30 999 NONE NONE 360
	FP_ROUTE KJFK..KMSY

TRACK_TIME 1167737286
TRACK A20110117594547 C550 473000 1221660 120 30 999 NONE NONE 330
	FP_ROUTE KBFI..KBUR

TRACK_TIME 1167737286
TRACK A20110117594551 C560 404000 734200 120 30 999 NONE NONE 310
	FP_ROUTE KJFK..KBTV

TRACK_TIME 1167737286
TRACK A20110117594560 B737 335700 1182700 120 30 999 NONE NONE 270
	FP_ROUTE KLAX..KLAS

TRACK_TIME 1167737286
TRACK A20110117594561 B737 360600 1150900 120 30 999 NONE NONE 330
	FP_ROUTE KLAS..KSLC

TRACK_TIME 1167737286
TRACK A20110117594572 CRJ9 335560 1182560 120 30 999 NONE NONE 340
	FP_ROUTE KLAX..KSFO

TRACK_TIME 1167737286
TRACK A20110117594586 E170 380900 854300 120 30 999 NONE NONE 310
	FP_ROUTE KSDF..KATL

TRACK_TIME 1167737286
TRACK A20110117594587 B738 421060 832200 120 30 999 NONE NONE 370
	FP_ROUTE KDTW..KRDU

TRACK_TIME 1167737286
TRACK A20110117594592 B752 373160 772200 120 30 999 NONE NONE 300
	FP_ROUTE KRIC..KATL

TRACK_TIME 1167737286
TRACK A20110117594598 B712 395500 841200 120 30 999 NONE NONE 330
	FP_ROUTE KDAY..KMCO

TRACK_TIME 1167737286
TRACK A20110117594603 A320 421060 832260 120 30 999 NONE NONE 360
	FP_ROUTE KDTW..KSTL

TRACK_TIME 1167737286
TRACK A20110117594604 B738 211900 1575400 120 30 999 NONE NONE 370
	FP_ROUTE KHNL..KBLI

TRACK_TIME 1167737286
TRACK A20110117594607 E170 422200 710100 120 30 999 NONE NONE 300
	FP_ROUTE KBOS..KPIT

TRACK_TIME 1167737286
TRACK A20110117594608 E135 372260 1215700 120 30 999 NONE NONE 360
	FP_ROUTE KSJC..KHIO

TRACK_TIME 1167737286
TRACK A20110117594612 DH8A 610760 1501060 120 30 999 NONE NONE 240
	FP_ROUTE KANC..KANI

TRACK_TIME 1167737286
TRACK A20110117594613 B735 264060 800760 120 30 999 NONE NONE 110
	FP_ROUTE KPBI..KTPA

TRACK_TIME 1167737286
TRACK A20110117594616 E145 415800 875700 120 30 999 NONE NONE 350
	FP_ROUTE KORD..KTYS

TRACK_TIME 1167737286
TRACK A20110117594617 B752 282500 811800 120 30 999 NONE NONE 390
	FP_ROUTE KMCO..KEWR

TRACK_TIME 1167737286
TRACK A20110117594621 F900 400000 825260 120 30 999 NONE NONE 250
	FP_ROUTE KCMH..KIAD

TRACK_TIME 1167737286
TRACK A20110117594623 CRJ9 350300 895860 120 30 999 NONE NONE 250
	FP_ROUTE KMEM..KATL

TRACK_TIME 1167737286
TRACK A20110117594624 A320 394600 1043760 120 30 999 NONE NONE 350
	FP_ROUTE KDEN..KBOS

TRACK_TIME 1167737286
TRACK A20110117594625 B752 404500 735100 120 30 999 NONE NONE 380
	FP_ROUTE KLGA..KDFW

TRACK_TIME 1167737286
TRACK A20110117594626 F900 385260 772860 120 30 999 NONE NONE 260
	FP_ROUTE KIAD..KCMH

TRACK_TIME 1167737286
TRACK A20110117594629 DH8A 395260 751200 120 30 999 NONE NONE 162
	FP_ROUTE KPHL..KBUF

TRACK_TIME 1167737286
TRACK A20110117594630 B752 325260 970300 120 30 999 NONE NONE 380
	FP_ROUTE KDFW..KLAX

TRACK_TIME 1167737286
TRACK A20110117594631 DH8A 391000 763760 120 30 999 NONE NONE 80
	FP_ROUTE KBWI..KLGA

TRACK_TIME 1167737286
TRACK A20110117594636 B737 332560 1120160 120 30 999 NONE NONE 320
	FP_ROUTE KPHX..KLAX

TRACK_TIME 1167737286
TRACK A20110117594641 PAY2 374660 852800 120 30 999 NONE NONE 210
	FP_ROUTE KBRY..KRWI

TRACK_TIME 1167737286
TRACK A20110117594642 PAY2 355400 775700 120 30 999 NONE NONE 221
	FP_ROUTE KRWI..KBRY

TRACK_TIME 1167737286
TRACK A20110117594647 CRJ2 335560 810460 120 30 999 NONE NONE 120
	FP_ROUTE KCAE..KCLT

TRACK_TIME 1167737286
TRACK A20110117594657 FA20 264060 800100 120 30 999 NONE NONE 370
	FP_ROUTE KPBI..KALB

TRACK_TIME 1167737286
TRACK A20110117594661 B737 375800 854500 120 30 999 NONE NONE 280
	FP_ROUTE KSDF..KMDW

TRACK_TIME 1167737286
TRACK A20110117594663 E170 395100 751900 120 30 999 NONE NONE 220
	FP_ROUTE KPHL..KROC

TRACK_TIME 1167737286
TRACK A20110117594664 E145 412400 815260 120 30 999 NONE NONE 300
	FP_ROUTE KCLE..KORD

TRACK_TIME 1167737286
TRACK A20110117594669 B752 373760 1222200 120 30 999 NONE NONE 410
	FP_ROUTE KSFO..KLAX

TRACK_TIME 1167737286
TRACK A20110117594670 B752 321960 1161500 120 30 999 NONE NONE 370
	FP_ROUTE KSAN..KIAD

TRACK_TIME 1167737286
TRACK A20110117594671 CRJ1 373160 771900 120 30 999 NONE NONE 220
	FP_ROUTE KRIC..KCVG

TRACK_TIME 1167737286
TRACK A20110117594672 B737 341000 1182200 120 30 999 NONE NONE 360
	FP_ROUTE KBUR..KOAK

TRACK_TIME 1167737286
TRACK A20110117594673 AT72 243900 814360 120 30 999 NONE NONE 50
	FP_ROUTE KEYW..KMIA

TRACK_TIME 1167737286
TRACK A20110117594676 A320 403000 801660 120 30 999 NONE NONE 340
	FP_ROUTE KPIT..KORD

TRACK_TIME 1167737286
TRACK A20110117594681 E145 325260 970160 120 30 999 NONE NONE 370
	FP_ROUTE KDFW..KSAV

TRACK_TIME 1167737286
TRACK A20110117594685 DH8A 395200 751660 120 30 999 NONE NONE 40
	FP_ROUTE KPHL..KMDT

TRACK_TIME 1167737286
TRACK A20110117594687 CRJ2 395700 840900 120 30 999 NONE NONE 310
	FP_ROUTE KDAY..KLGA

TRACK_TIME 1167737286
TRACK A20110117594689 CRJ2 385260 770300 120 30 999 NONE NONE 260
	FP_ROUTE KDCA..KCMH

TRACK_TIME 1167737286
TRACK A20110117594692 CRJ2 351200 805700 120 30 999 NONE NONE 220
	FP_ROUTE KCLT..KTYS

TRACK_TIME 1167737286
TRACK A20110117594693 CRJ2 354900 835860 120 30 999 NONE NONE 110
	FP_ROUTE KTYS..KCLT

TRACK_TIME 1167737286
TRACK A20110117594697 A320 260460 800760 120 30 999 NONE NONE 350
	FP_ROUTE KFLL..KDCA

TRACK_TIME 1167737286
TRACK A20110117594700 E170 395200 751660 120 30 999 NONE NONE 280
	FP_ROUTE KPHL..KCLE

TRACK_TIME 1167737286
TRACK A20110117594712 B737 472560 1221800 120 30 999 NONE NONE 390
	FP_ROUTE KSEA..KSNA

TRACK_TIME 1167737286
TRACK A20110117594713 CRJ2 425700 784300 120 30 999 NONE NONE 270
	FP_ROUTE KBUF..KBOS

TRACK_TIME 1167737286
TRACK A20110117594718 B737 335700 1182800 120 30 999 NONE NONE 390
	FP_ROUTE KLAX..KMCI

TRACK_TIME 1167737286
TRACK A20110117594724 BE20 421200 711060 120 30 999 NONE NONE 79
	FP_ROUTE KOWD..KHVN

TRACK_TIME 1167737286
TRACK A20110117594725 B753 295700 952100 120 30 999 NONE NONE 340
	FP_ROUTE KIAH..KLAS

TRACK_TIME 1167737286
TRACK A20110117594732 B737 374360 1221500 120 30 999 NONE NONE 329
	FP_ROUTE KOAK..KBUR

TRACK_TIME 1167737286
TRACK A20110117594733 B737 341300 1182400 120 30 999 NONE NONE 330
	FP_ROUTE KBUR..KPHX

TRACK_TIME 1167737286
TRACK A20110117594736 B737 395260 1043460 120 30 999 NONE NONE 390
	FP_ROUTE KDEN..KMSP

TRACK_TIME 1167737286
TRACK A20110117594751 CRJ2 351500 805800 120 30 999 NONE NONE 260
	FP_ROUTE KCLT..KDAY

TRACK_TIME 1167737286
TRACK A20110117594754 B738 295560 951900 120 30 999 NONE NONE 370
	FP_ROUTE KIAH..KMIA

TRACK_TIME 1167737286
TRACK A20110117594755 CRJ9 373760 1222200 120 30 999 NONE NONE 390
	FP_ROUTE KSFO..KSLC

TRACK_TIME 1167737286
TRACK A20110117594762 CRJ9 390160 843900 120 30 999 NONE NONE 390
	FP_ROUTE KCVG..KLGA

TRACK_TIME 1167737286
TRACK A20110117594770 E190 342560 1195200 120 30 999 NONE NONE 350
	FP_ROUTE KSBA..KDEN

TRACK_TIME 1167737286
TRACK A20110117594773 B737 415700 724200 120 30 999 NONE NONE 260
	FP_ROUTE KBDL..KBWI

TRACK_TIME 1167737286
TRACK A20110117594777 E190 394900 1043460 120 30 999 NONE NONE 350
	FP_ROUTE KDEN..KSTL

TRACK_TIME 1167737286
TRACK A20110117594779 E145 425500 875400 120 30 999 NONE NONE 310
	FP_ROUTE KMKE..KCMH

TRACK_TIME 1167737286
TRACK A20110117594781 B738 415800 880100 120 30 999 NONE NONE 380
	FP_ROUTE KORD..KLAX

TRACK_TIME 1167737286
TRACK A20110117594790 B738 385200 770300 120 30 999 NONE NONE 240
	FP_ROUTE KDCA..KIAH

TRACK_TIME 1167737286
TRACK A20110117594794 E170 395200 751360 120 30 999 NONE NONE 161
	FP_ROUTE KPHL..KRIC

TRACK_TIME 1167737286
TRACK A20110117594805 BE20 385400 944600 120 30 999 NONE NONE 280
	FP_ROUTE KMKC..KFTW

TRACK_TIME 1167737286
TRACK A20110117594810 B735 360700 864000 120 30 999 NONE NONE 370
	FP_ROUTE KBNA..KBWI

TRACK_TIME 1167737286
TRACK A20110117594811 B735 390900 763900 120 30 999 NONE NONE 230
	FP_ROUTE KBWI..KISP

TRACK_TIME 1167737286
TRACK A20110117594816 B733 373760 1222200 120 30 999 NONE NONE 370
	FP_ROUTE KSFO..KSAN

TRACK_TIME 1167737286
TRACK A20110117594818 B737 335700 1182800 120 30 999 NONE NONE 410
	FP_ROUTE KLAX..KTUS

TRACK_TIME 1167737286
TRACK A20110117594819 CRJ9 360700 1150760 120 30 999 NONE NONE 290
	FP_ROUTE KLAS..KPHX

TRACK_TIME 1167737286
TRACK A20110117594825 B738 453600 1223700 120 30 999 NONE NONE 410
	FP_ROUTE KPDX..KLAX

TRACK_TIME 1167737286
TRACK A20110117594826 MD82 394200 861900 120 30 999 NONE NONE 260
	FP_ROUTE KIND..KDFW

TRACK_TIME 1167737286
TRACK A20110117594830 MD83 360600 1150900 120 30 999 NONE NONE 80
	FP_ROUTE KLAS..KLGB

TRACK_TIME 1167737286
TRACK A20110117594831 MD83 360600 1150900 120 30 999 NONE NONE 280
	FP_ROUTE KLAS..KLGB

TRACK_TIME 1167737286
TRACK A20110117594835 B737 341060 1182200 120 30 999 NONE NONE 340
	FP_ROUTE KBUR..KSJC

TRACK_TIME 1167737286
TRACK A20110117594841 DH8D 424960 1231060 120 30 999 NONE NONE 220
	FP_ROUTE KMFR..KPDX

TRACK_TIME 1167737286
TRACK A20110117594842 A319 404000 734360 120 30 999 NONE NONE 380
	FP_ROUTE KJFK..KSFO

TRACK_TIME 1167737286
TRACK A20110117594850 B734 453600 1223700 120 30 999 NONE NONE 330
	FP_ROUTE KPDX..KLAX

TRACK_TIME 1167737286
TRACK A20110117594854 CRJ2 333760 842260 120 30 999 NONE NONE 170
	FP_ROUTE KATL..KGSP

TRACK_TIME 1167737286
TRACK A20110117594856 B733 282260 811800 120 30 999 NONE NONE 320
	FP_ROUTE KMCO..KMCI

TRACK_TIME 1167737286
TRACK A20110117594858 A320 445260 931060 120 30 999 NONE NONE 320
	FP_ROUTE KMSP..KSEA

TRACK_TIME 1167737286
TRACK A20110117594859 B738 611800 1495100 120 30 999 NONE NONE 370
	FP_ROUTE KANC..KSEA

TRACK_TIME 1167737286
TRACK A20110117594860 A321 351000 805560 120 30 999 NONE NONE 370
	FP_ROUTE KCLT..KLGA

TRACK_TIME 1167737286
TRACK A20110117594861 B712 211900 1575400 120 30 999 NONE NONE 113
	FP_ROUTE KHNL..KLIH

TRACK_TIME 1167737286
TRACK A20110117594862 CRJ9 404600 1115800 120 30 999 NONE NONE 370
	FP_ROUTE KSLC..KAUS

TRACK_TIME 1167737286
TRACK A20110117594863 E145 415700 724200 120 30 999 NONE NONE 320
	FP_ROUTE KBDL..KCLE

TRACK_TIME 1167737286
TRACK A20110117594864 A321 351200 805560 120 30 999 NONE NONE 340
	FP_ROUTE KCLT..KRSW

TRACK_TIME 1167737286
TRACK A20110117594865 CRJ9 295700 952100 120 30 999 NONE NONE 360
	FP_ROUTE KIAH..KSLC

TRACK_TIME 1167737286
TRACK A20110117594867 A321 395260 751300 120 30 999 NONE NONE 260
	FP_ROUTE KPHL..KMCO

TRACK_TIME 1167737286
TRACK A20110117594868 DH8A 401300 763460 120 30 999 NONE NONE 50
	FP_ROUTE KMDT..KPHL

TRACK_TIME 1167737286
TRACK A20110117594869 CRJ9 325260 970300 120 30 999 NONE NONE 360
	FP_ROUTE KDFW..KSLC

TRACK_TIME 1167737286
TRACK A20110117594871 B737 700760 1483100 120 30 999 NONE NONE 390
	FP_ROUTE KSCC..KANC

TRACK_TIME 1167737286
TRACK A20110117594873 A320 454800 1083000 120 30 999 NONE NONE 350
	FP_ROUTE KBIL..KDEN

TRACK_TIME 1167737286
TRACK A20110117594874 B752 395260 1043600 120 30 999 NONE NONE 370
	FP_ROUTE KDEN..KBWI

TRACK_TIME 1167737286
TRACK A20110117594876 A319 333760 842260 120 30 999 NONE NONE 330
	FP_ROUTE KATL..KIAD

TRACK_TIME 1167737286
TRACK A20110117594877 CRJ2 445560 931360 120 30 999 NONE NONE 350
	FP_ROUTE KMSP..KDAY

TRACK_TIME 1167737286
TRACK A20110117594879 A320 445100 931300 120 30 999 NONE NONE 330
	FP_ROUTE KMSP..KDTW

TRACK_TIME 1167737286
TRACK A20110117594880 CRJ2 465100 921060 120 30 999 NONE NONE 190
	FP_ROUTE KDLH..KMSP

TRACK_TIME 1167737286
TRACK A20110117594890 CRJ2 454500 1110700 120 30 999 NONE NONE 310
	FP_ROUTE KBZN..KSLC

TRACK_TIME 1167737286
TRACK A20110117594894 BE20 360700 1150900 120 30 999 NONE NONE 200
	FP_ROUTE KLAS..KSBD

TRACK_TIME 1167737286
TRACK A20110117594898 SF34 472200 924960 120 30 999 NONE NONE 150
	FP_ROUTE KHIB..KMSP

TRACK_TIME 1167737286
TRACK A20110117594909 B737 373900 1222200 120 30 999 NONE NONE 410
	FP_ROUTE KSFO..KSNA

TRACK_TIME 1167737286
TRACK A20110117594911 A319 395260 1043600 120 30 999 NONE NONE 310
	FP_ROUTE KDEN..KDFW

TRACK_TIME 1167737286
TRACK A20110117594912 B737 404960 735260 120 30 999 NONE NONE 400
	FP_ROUTE KLGA..KMDW

TRACK_TIME 1167737286
TRACK A20110117594917 E145 352400 823160 120 30 999 NONE NONE 360
	FP_ROUTE KAVL..KIAH

TRACK_TIME 1167737286
TRACK A20110117594922 E145 385560 773460 120 30 999 NONE NONE 280
	FP_ROUTE KIAD..KDAY

TRACK_TIME 1167737286
TRACK A20110117594923 E145 412260 815560 120 30 999 NONE NONE 100
	FP_ROUTE KCLE..KORD

TRACK_TIME 1167737286
TRACK A20110117594924 DH8D 453460 1223700 120 30 999 NONE NONE 250
	FP_ROUTE KPDX..KBOI

TRACK_TIME 1167737286
TRACK A20110117594928 BE9L 381800 984660 120 30 999 NONE NONE 33
	FP_ROUTE KGBD..KEWK

TRACK_TIME 1167737286
TRACK A20110117594929 DH8D 422700 1225400 120 30 999 NONE NONE 220
	FP_ROUTE KMFR..KPDX

TRACK_TIME 1167737286
TRACK A20110117594930 B733 351200 1014360 120 30 999 NONE NONE 370
	FP_ROUTE KAMA..KDAL

TRACK_TIME 1167737286
TRACK A20110117594932 A320 415860 874800 120 30 999 NONE NONE 390
	FP_ROUTE KORD..KDCA

TRACK_TIME 1167737286
TRACK A20110117594933 CL60 405260 740160 120 30 999 NONE NONE 300
	FP_ROUTE KTEB..KGSO

TRACK_TIME 1167737286
TRACK A20110117594937 CL60 360900 794960 120 30 999 NONE NONE 110
	FP_ROUTE KGSO..KTEB

TRACK_TIME 1167737286
TRACK A20110117594942 A320 275800 823300 120 30 999 NONE NONE 350
	FP_ROUTE KTPA..KDTW

TRACK_TIME 1167737286
TRACK A20110117594944 B752 404900 1115860 120 30 999 NONE NONE 370
	FP_ROUTE KSLC..KDTW

TRACK_TIME 1167737286
TRACK A20110117594946 E190 422260 710100 120 30 999 NONE NONE 380
	FP_ROUTE KBOS..KORD

TRACK_TIME 1167737286
TRACK A20110117594951 E145 404800 735200 120 30 999 NONE NONE 250
	FP_ROUTE KLGA..KPWM

TRACK_TIME 1167737286
TRACK A20110117594952 E145 433900 702400 120 30 999 NONE NONE 200
	FP_ROUTE KPWM..KLGA

TRACK_TIME 1167737286
TRACK A20110117594960 SW4 404660 1115800 120 30 999 NONE NONE 161
	FP_ROUTE KSLC..KIDA

TRACK_TIME 1167737286
TRACK A20110117594964 CRJ9 351200 805560 120 30 999 NONE NONE 370
	FP_ROUTE KCLT..KEWR

TRACK_TIME 1167737286
TRACK A20110117594965 E190 403900 734200 120 30 999 NONE NONE 260
	FP_ROUTE KJFK..KPIT

TRACK_TIME 1167737286
TRACK A20110117594973 E145 295700 951960 120 30 999 NONE NONE 350
	FP_ROUTE KIAH..KCLT

TRACK_TIME 1167737286
TRACK A20110117594975 CRJ2 260460 800760 120 30 999 NONE NONE 180
	FP_ROUTE KFLL..KTLH

TRACK_TIME 1167737286
TRACK A20110117594976 CRJ2 403900 894060 120 30 999 NONE NONE 110
	FP_ROUTE KPIA..KORD

TRACK_TIME 1167737286
TRACK A20110117594978 A320 275800 823300 120 30 999 NONE NONE 370
	FP_ROUTE KTPA..KJFK

TRACK_TIME 1167737286
TRACK A20110117594983 B733 391000 764500 120 30 999 NONE NONE 290
	FP_ROUTE KBWI..KBOS

TRACK_TIME 1167737286
TRACK A20110117594987 E170 445100 931360 120 30 999 NONE NONE 90
	FP_ROUTE KMSP..KMDW

TRACK_TIME 1167737286
TRACK A20110117594988 E120 453460 1223460 120 30 999 NONE NONE 120
	FP_ROUTE KPDX..KSEA

TRACK_TIME 1167737286
TRACK A20110117594990 B737 414800 874660 120 30 999 NONE NONE 360
	FP_ROUTE KMDW..KSAN

TRACK_TIME 1167737286
TRACK A20110117594992 CRJ9 351060 805700 120 30 999 NONE NONE 360
	FP_ROUTE KCLT..KAUS

TRACK_TIME 1167737286
TRACK A20110117594993 CRJ2 395260 1043600 120 30 999 NONE NONE 330
	FP_ROUTE KDEN..KMKE

TRACK_TIME 1167737286
TRACK A20110117594995 B712 205400 1562500 120 30 999 NONE NONE 150
	FP_ROUTE KOGG..KITO

TRACK_TIME 1167737286
TRACK A20110117594996 SF34 295800 952100 120 30 999 NONE NONE 130
	FP_ROUTE KIAH..KSHV

TRACK_TIME 1167737286
TRACK A20110117595003 E145 404360 740600 120 30 999 NONE NONE 180
	FP_ROUTE KEWR..KIAD

TRACK_TIME 1167737286
TRACK A20110117595005 CRJ9 351200 805560 120 30 999 NONE NONE 220
	FP_ROUTE KCLT..KSAV

TRACK_TIME 1167737286
TRACK A20110117595012 A320 401200 764800 120 30 999 NONE NONE 380
	FP_ROUTE KMDT..KORD

TRACK_TIME 1167737286
TRACK A20110117595016 B738 415700 875400 120 30 999 NONE NONE 410
	FP_ROUTE KORD..KDCA

TRACK_TIME 1167737286
TRACK A20110117595017 B733 293760 951600 120 30 999 NONE NONE 360
	FP_ROUTE KHOU..KABQ

TRACK_TIME 1167737286
TRACK A20110117595026 A319 385200 770300 120 30 999 NONE NONE 340
	FP_ROUTE KDCA..KMIA

TRACK_TIME 1167737286
TRACK A20110117595031 CRJ2 333760 842260 120 30 999 NONE NONE 270
	FP_ROUTE KATL..KROA

TRACK_TIME 1167737286
TRACK A20110117595032 CRJ2 384360 901660 120 30 999 NONE NONE 270
	FP_ROUTE KSTL..KMKE

TRACK_TIME 1167737286
TRACK A20110117595035 CRJ2 371900 795800 120 30 999 NONE NONE 120
	FP_ROUTE KROA..KATL

TRACK_TIME 1167737286
TRACK A20110117595037 E145 400000 882200 120 30 999 NONE NONE 280
	FP_ROUTE KCMI..KDFW

TRACK_TIME 1167737286
TRACK A20110117595038 DH8D 453600 1223700 120 30 999 NONE NONE 140
	FP_ROUTE KPDX..KSEA

TRACK_TIME 1167737286
TRACK A20110117595042 B738 404000 734500 120 30 999 NONE NONE 280
	FP_ROUTE KJFK..KATL

TRACK_TIME 1167737286
TRACK A20110117595043 B752 395200 751600 120 30 999 NONE NONE 380
	FP_ROUTE KPHL..KATL

TRACK_TIME 1167737286
TRACK A20110117595046 MD82 333900 842400 120 30 999 NONE NONE 320
	FP_ROUTE KATL..KDFW

TRACK_TIME 1167737286
TRACK A20110117595047 B737 360600 1150900 120 30 999 NONE NONE 330
	FP_ROUTE KLAS..KDEN

TRACK_TIME 1167737286
TRACK A20110117595052 LJ45 361800 940700 120 30 999 NONE NONE 330
	FP_ROUTE KROG..KEVV

TRACK_TIME 1167737286
TRACK A20110117595062 CRJ2 385200 770300 120 30 999 NONE NONE 100
	FP_ROUTE KDCA..KORF

TRACK_TIME 1167737286
TRACK A20110117595063 A320 175800 662700 120 30 999 NONE NONE 360
	FP_ROUTE KPSE..KJFK

TRACK_TIME 1167737286
TRACK A20110117595065 A319 351060 805700 120 30 999 NONE NONE 290
	FP_ROUTE KCLT..KMDT

TRACK_TIME 1167737286
TRACK A20110117595066 CRJ2 332500 1120400 120 30 999 NONE NONE 59
	FP_ROUTE KPHX..KTUS

TRACK_TIME 1167737286
TRACK A20110117595069 CRJ2 351000 805700 120 30 999 NONE NONE 300
	FP_ROUTE KCLT..KMKE

TRACK_TIME 1167737286
TRACK A20110117595074 A319 182700 655800 120 30 999 NONE NONE 360
	FP_ROUTE KSJU..KFLL

TRACK_TIME 1167737286
TRACK A20110117595078 B737 264060 800100 120 30 999 NONE NONE 390
	FP_ROUTE KPBI..KISP

TRACK_TIME 1167737286
TRACK A20110117595079 B737 404800 735200 120 30 999 NONE NONE 360
	FP_ROUTE KLGA..KMKE

TRACK_TIME 1167737286
TRACK A20110117595090 B752 422200 705800 120 30 999 NONE NONE 380
	FP_ROUTE KBOS..KORD

TRACK_TIME 1167737286
TRACK A20110117595092 MD83 415560 874900 120 30 999 NONE NONE 370
	FP_ROUTE KORD..KMCO

TRACK_TIME 1167737286
TRACK A20110117595093 B738 385260 770300 120 30 999 NONE NONE 380
	FP_ROUTE KDCA..KMIA

TRACK_TIME 1167737286
TRACK A20110117595094 B752 333760 842260 120 30 999 NONE NONE 370
	FP_ROUTE KATL..KTPA

TRACK_TIME 1167737286
TRACK A20110117595096 AT72 174200 644600 120 30 999 NONE NONE 80
	FP_ROUTE KSTX..KSJU

TRACK_TIME 1167737286
TRACK A20110117595097 CRJ2 333400 864500 120 30 999 NONE NONE 310
	FP_ROUTE KBHM..KDTW

TRACK_TIME 1167737286
TRACK A20110117595100 MU2 423460 1000000 120 30 999 NONE NONE 270
	FP_ROUTE KANW..KENW

TRACK_TIME 1167737286
TRACK A20110117595102 E145 403760 734960 120 30 999 NONE NONE 220
	FP_ROUTE KJFK..KPIT

TRACK_TIME 1167737286
TRACK A20110117595103 B739 280000 823300 120 30 999 NONE NONE 370
	FP_ROUTE KTPA..KEWR

TRACK_TIME 1167737286
TRACK A20110117595104 E190 264060 800400 120 30 999 NONE NONE 350
	FP_ROUTE KPBI..KHPN

TRACK_TIME 1167737286
TRACK A20110117595107 E145 402860 801200 120 30 999 NONE NONE 290
	FP_ROUTE KPIT..KJFK

TRACK_TIME 1167737286
TRACK A20110117595109 E145 413160 933760 120 30 999 NONE NONE 360
	FP_ROUTE KDSM..KDFW

TRACK_TIME 1167737286
TRACK A20110117595110 E170 351060 805700 120 30 999 NONE NONE 280
	FP_ROUTE KCLT..KCMH

TRACK_TIME 1167737286
TRACK A20110117595112 B733 325200 970300 120 30 999 NONE NONE 340
	FP_ROUTE KDFW..KPHX

TRACK_TIME 1167737286
TRACK A20110117595123 CRJ2 380160 873160 120 30 999 NONE NONE 240
	FP_ROUTE KEVV..KATL

TRACK_TIME 1167737286
TRACK A20110117595126 E145 395560 841300 120 30 999 NONE NONE 270
	FP_ROUTE KDAY..KEWR

TRACK_TIME 1167737286
TRACK A20110117595131 SF34 381600 781960 120 30 999 NONE NONE 50
	FP_ROUTE KCHO..KIAD

TRACK_TIME 1167737286
TRACK A20110117595132 LJ45 315200 1020760 120 30 999 NONE NONE 40
	FP_ROUTE KMAF..KDAL

TRACK_TIME 1167737286
TRACK A20110117595133 LJ45 324900 964900 120 30 999 NONE NONE 320
	FP_ROUTE KDAL..KMAF

TRACK_TIME 1167737286
TRACK A20110117595138 CRJ1 390100 843900 120 30 999 NONE NONE 290
	FP_ROUTE KCVG..KIAD

TRACK_TIME 1167737286
TRACK A20110117595145 A320 404900 1120000 120 30 999 NONE NONE 280
	FP_ROUTE KSLC..KLAS

TRACK_TIME 1167737286
TRACK A20110117595147 E190 404000 734500 120 30 999 NONE NONE 220
	FP_ROUTE KJFK..KSYR

TRACK_TIME 1167737286
TRACK A20110117595148 CRJ9 364900 1194660 120 30 999 NONE NONE 290
	FP_ROUTE KFAT..KLAS

TRACK_TIME 1167737286
TRACK A20110117595151 SH36 181960 645700 120 30 999 NONE NONE 40
	FP_ROUTE KSTT..KSJU

TRACK_TIME 1167737286
TRACK A20110117595160 E145 394900 1043760 120 30 999 NONE NONE 370
	FP_ROUTE KDEN..KLIT

TRACK_TIME 1167737286
TRACK A20110117595174 CRJ2 404600 1115800 120 30 999 NONE NONE 340
	FP_ROUTE KSLC..KLAX

TRACK_TIME 1167737286
TRACK A20110117595178 E145 261500 974000 120 30 999 NONE NONE 270
	FP_ROUTE KHRL..KIAH

TRACK_TIME 1167737286
TRACK A20110117595182 B739 404660 740460 120 30 999 NONE NONE 340
	FP_ROUTE KEWR..KORD

TRACK_TIME 1167737286
TRACK A20110117595194 B733 350160 1063460 120 30 999 NONE NONE 340
	FP_ROUTE KABQ..KPHX

TRACK_TIME 1167737286
TRACK A20110117595195 CRJ2 373760 972700 120 30 999 NONE NONE 330
	FP_ROUTE KICT..KORD

TRACK_TIME 1167737286
TRACK A20110117595201 B737 293300 982700 120 30 999 NONE NONE 400
	FP_ROUTE KSAT..KLAS

TRACK_TIME 1167737286
TRACK A20110117595202 B737 360600 1150900 120 30 999 NONE NONE 280
	FP_ROUTE KLAS..KONT

TRACK_TIME 1167737286
TRACK A20110117595203 MD82 360600 864060 120 30 999 NONE NONE 340
	FP_ROUTE KBNA..KDFW

TRACK_TIME 1167737286
TRACK A20110117595205 CRJ2 350000 900000 120 30 999 NONE NONE 220
	FP_ROUTE KMEM..KSGF

TRACK_TIME 1167737286
TRACK A20110117595211 B738 260460 800760 120 30 999 NONE NONE 360
	FP_ROUTE KFLL..KDFW

TRACK_TIME 1167737286
TRACK A20110117595213 B733 332560 1115860 120 30 999 NONE NONE 340
	FP_ROUTE KPHX..KSFO

TRACK_TIME 1167737286
TRACK A20110117595218 B763 254800 801600 120 30 999 NONE NONE 340
	FP_ROUTE KMIA..KDFW

TRACK_TIME 1167737286
TRACK A20110117595219 B737 333460 864360 120 30 999 NONE NONE 390
	FP_ROUTE KBHM..KBWI

TRACK_TIME 1167737286
TRACK A20110117595228 CRJ2 333760 842260 120 30 999 NONE NONE 200
	FP_ROUTE KATL..KMGM

TRACK_TIME 1167737286
TRACK A20110117595229 CRJ2 321800 862200 120 30 999 NONE NONE 100
	FP_ROUTE KMGM..KATL

TRACK_TIME 1167737286
TRACK A20110117595242 E170 442860 731060 120 30 999 NONE NONE 100
	FP_ROUTE KBTV..KPHL

TRACK_TIME 1167737286
TRACK A20110117595243 B733 395260 1043700 120 30 999 NONE NONE 350
	FP_ROUTE KDEN..KTUL

TRACK_TIME 1167737286
TRACK A20110117595252 A319 473700 1173300 120 30 999 NONE NONE 330
	FP_ROUTE KGEG..KDEN

TRACK_TIME 1167737286
TRACK A20110117595261 B752 335560 1182700 120 30 999 NONE NONE 370
	FP_ROUTE KLAX..KBOS

TRACK_TIME 1167737286
TRACK A20110117595264 A320 422100 710100 120 30 999 NONE NONE 320
	FP_ROUTE KBOS..KATL

TRACK_TIME 1167737286
TRACK A20110117595273 A320 404000 734360 120 30 999 NONE NONE 380
	FP_ROUTE KJFK..KFLL

TRACK_TIME 1167737286
TRACK A20110117595274 CRJ2 385860 773300 120 30 999 NONE NONE 290
	FP_ROUTE KIAD..KBTV

TRACK_TIME 1167737286
TRACK A20110117595276 E190 403900 734600 120 30 999 NONE NONE 170
	FP_ROUTE KJFK..KPWM

TRACK_TIME 1167737286
TRACK A20110117595278 A319 445100 931200 120 30 999 NONE NONE 390
	FP_ROUTE KMSP..KCLT

TRACK_TIME 1167737286
TRACK A20110117595279 DH8A 404800 735200 120 30 999 NONE NONE 80
	FP_ROUTE KLGA..KMDT

TRACK_TIME 1167737286
TRACK A20110117595280 CRJ9 332560 1120300 120 30 999 NONE NONE 370
	FP_ROUTE KPHX..KMEM

TRACK_TIME 1167737286
TRACK A20110117595285 A319 335700 1182700 120 30 999 NONE NONE 360
	FP_ROUTE KLAX..KSFO

TRACK_TIME 1167737286
TRACK A20110117595296 BE20 324960 965100 120 30 999 NONE NONE 100
	FP_ROUTE KDAL..KIWS

TRACK_TIME 1167737286
TRACK A20110117595308 B712 282500 811900 120 30 999 NONE NONE 350
	FP_ROUTE KMCO..KGRR

TRACK_TIME 1167737286
TRACK A20110117595314 B737 403760 735100 120 30 999 NONE NONE 400
	FP_ROUTE KJFK..KDTW

TRACK_TIME 1167737286
TRACK A20110117595318 B712 414500 874500 120 30 999 NONE NONE 350
	FP_ROUTE KMDW..KMCO

TRACK_TIME 1167737286
TRACK A20110117595320 B752 254800 801600 120 30 999 NONE NONE 380
	FP_ROUTE KMIA..KEGE

TRACK_TIME 1167737286
TRACK A20110117595324 C560 363460 1214800 120 30 999 NONE NONE 210
	FP_ROUTE KMRY..KBUR

TRACK_TIME 1167737286
TRACK A20110117595326 B712 414600 874600 120 30 999 NONE NONE 350
	FP_ROUTE KMDW..KMCO

TRACK_TIME 1167737286
TRACK A20110117595328 B737 333900 842200 120 30 999 NONE NONE 400
	FP_ROUTE KATL..KMKE

TRACK_TIME 1167737286
TRACK A20110117595330 B712 282560 811800 120 30 999 NONE NONE 330
	FP_ROUTE KMCO..KDTW

TRACK_TIME 1167737286
TRACK A20110117595343 E145 412260 815260 120 30 999 NONE NONE 290
	FP_ROUTE KCLE..KORF

TRACK_TIME 1167737286
TRACK A20110117595348 A319 404900 735260 120 30 999 NONE NONE 220
	FP_ROUTE KLGA..KDCA

TRACK_TIME 1167737286
TRACK A20110117595351 CRJ2 410460 734300 120 30 999 NONE NONE 200
	FP_ROUTE KHPN..KDCA

TRACK_TIME 1167737286
TRACK A20110117595352 CRJ2 385260 770300 120 30 999 NONE NONE 320
	FP_ROUTE KDCA..KBNA

TRACK_TIME 1167737286
TRACK A20110117595357 CL60 390600 763600 120 30 999 NONE NONE 170
	FP_ROUTE KBWI..KEWR

TRACK_TIME 1167737286
TRACK A20110117595363 B744 612200 1500100 120 30 999 NONE NONE 350
	FP_ROUTE KANC..KORD

TRACK_TIME 1167737286
TRACK A20110117595365 E145 425560 875400 120 30 999 NONE NONE 330
	FP_ROUTE KMKE..KPIT

TRACK_TIME 1167737286
TRACK A20110117595368 B739 260460 800760 120 30 999 NONE NONE 360
	FP_ROUTE KFLL..KIAH

TRACK_TIME 1167737286
TRACK A20110117595369 B712 422200 705800 120 30 999 NONE NONE 300
	FP_ROUTE KBOS..KBWI

TRACK_TIME 1167737286
TRACK A20110117595370 CRJ2 420000 875200 120 30 999 NONE NONE 70
	FP_ROUTE KORD..KMKE

TRACK_TIME 1167737286
TRACK A20110117595372 B737 282400 811800 120 30 999 NONE NONE 330
	FP_ROUTE KMCO..KATL

TRACK_TIME 1167737286
TRACK A20110117595378 B738 385400 770400 120 30 999 NONE NONE 380
	FP_ROUTE KDCA..KMSP

TRACK_TIME 1167737286
TRACK A20110117595380 B737 425560 875400 120 30 999 NONE NONE 380
	FP_ROUTE KMKE..KLAX

TRACK_TIME 1167737286
TRACK A20110117595383 A319 445400 931600 120 30 999 NONE NONE 380
	FP_ROUTE KMSP..KSNA

TRACK_TIME 1167737286
TRACK A20110117595386 B712 444960 931300 120 30 999 NONE NONE 330
	FP_ROUTE KMSP..KATL

TRACK_TIME 1167737286
TRACK A20110117595387 CRJ2 412260 815400 120 30 999 NONE NONE 340
	FP_ROUTE KCLE..KMSP

TRACK_TIME 1167737286
TRACK A20110117595391 CRJ2 383100 1075200 120 30 999 NONE NONE 250
	FP_ROUTE KMTJ..KDEN

TRACK_TIME 1167737286
TRACK A20110117595393 A320 404000 734300 120 30 999 NONE NONE 360
	FP_ROUTE KJFK..KTPA

TRACK_TIME 1167737286
TRACK A20110117595395 CRJ2 481360 1011960 120 30 999 NONE NONE 290
	FP_ROUTE KMOT..KMSP

TRACK_TIME 1167737286
TRACK A20110117595396 CRJ2 343700 864660 120 30 999 NONE NONE 180
	FP_ROUTE KHSV..KMEM

TRACK_TIME 1167737286
TRACK A20110117595401 MD83 380700 854300 120 30 999 NONE NONE 340
	FP_ROUTE KSDF..KDFW

TRACK_TIME 1167737286
TRACK A20110117595403 E170 445100 931360 120 30 999 NONE NONE 310
	FP_ROUTE KMSP..KMDW

TRACK_TIME 1167737286
TRACK A20110117595404 MD83 325200 970300 120 30 999 NONE NONE 360
	FP_ROUTE KDFW..KTUS

TRACK_TIME 1167737286
TRACK A20110117595406 E190 394960 751800 120 30 999 NONE NONE 160
	FP_ROUTE KPHL..KPVD

TRACK_TIME 1167737286
TRACK A20110117595407 MD82 415800 875560 120 30 999 NONE NONE 340
	FP_ROUTE KORD..KTUS

TRACK_TIME 1167737286
TRACK A20110117595410 B733 380460 854300 120 30 999 NONE NONE 370
	FP_ROUTE KSDF..KBWI

TRACK_TIME 1167737286
TRACK A20110117595411 B733 391000 763760 120 30 999 NONE NONE 300
	FP_ROUTE KBWI..KCLE

TRACK_TIME 1167737286
TRACK A20110117595412 E170 400000 825260 120 30 999 NONE NONE 330
	FP_ROUTE KCMH..KLGA

TRACK_TIME 1167737286
TRACK A20110117595416 DH8D 391060 764360 120 30 999 NONE NONE 240
	FP_ROUTE KBWI..KCLE

TRACK_TIME 1167737286
TRACK A20110117595421 B737 404200 741000 120 30 999 NONE NONE 360
	FP_ROUTE KEWR..KORD

TRACK_TIME 1167737286
TRACK A20110117595423 B739 254800 801300 120 30 999 NONE NONE 350
	FP_ROUTE KMIA..KEWR

TRACK_TIME 1167737286
TRACK A20110117595432 B744 375800 854360 120 30 999 NONE NONE 360
	FP_ROUTE KSDF..KANC

TRACK_TIME 1167737286
TRACK A20110117595434 CRJ2 440300 1030400 120 30 999 NONE NONE 360
	FP_ROUTE KRAP..KSLC

TRACK_TIME 1167737286
TRACK A20110117595435 CRJ2 334200 785560 120 30 999 NONE NONE 240
	FP_ROUTE KMYR..KATL

TRACK_TIME 1167737286
TRACK A20110117595436 B752 194800 1560160 120 30 999 NONE NONE 380
	FP_ROUTE KKOA..KLAX

TRACK_TIME 1167737286
TRACK A20110117595437 E170 380900 854300 120 30 999 NONE NONE 120
	FP_ROUTE KSDF..KDTW

TRACK_TIME 1167737286
TRACK A20110117595439 E145 314900 1020400 120 30 999 NONE NONE 290
	FP_ROUTE KMAF..KIAH

TRACK_TIME 1167737286
TRACK A20110117595440 A320 415500 875700 120 30 999 NONE NONE 360
	FP_ROUTE KORD..KPHX

TRACK_TIME 1167737286
TRACK A20110117595452 CRJ2 370400 884600 120 30 999 NONE NONE 290
	FP_ROUTE KPAH..KORD

TRACK_TIME 1167737286
TRACK A20110117595454 CRJ2 335560 810600 120 30 999 NONE NONE 200
	FP_ROUTE KCAE..KATL

TRACK_TIME 1167737286
TRACK A20110117595464 CRJ9 333760 842200 120 30 999 NONE NONE 230
	FP_ROUTE KATL..KCLT

TRACK_TIME 1167737286
TRACK A20110117595465 CRJ9 351000 805700 120 30 999 NONE NONE 260
	FP_ROUTE KCLT..KATL

TRACK_TIME 1167737286
TRACK A20110117595466 E145 360600 864060 120 30 999 NONE NONE 290
	FP_ROUTE KBNA..KEWR

TRACK_TIME 1167737286
TRACK A20110117595471 CRJ2 410460 734900 120 30 999 NONE NONE 340
	FP_ROUTE KHPN..KORD

TRACK_TIME 1167737286
TRACK A20110117595472 B737 351060 805560 120 30 999 NONE NONE 390
	FP_ROUTE KCLT..KEWR

TRACK_TIME 1167737286
TRACK A20110117595477 E120 480760 1034060 120 30 999 NONE NONE 250
	FP_ROUTE KISN..KDEN

TRACK_TIME 1167737286
TRACK A20110117595481 A319 453600 1223600 120 30 999 NONE NONE 370
	FP_ROUTE KPDX..KSFO

TRACK_TIME 1167737286
TRACK A20110117595483 E135 415700 875860 120 30 999 NONE NONE 36
	FP_ROUTE KORD..KIND

TRACK_TIME 1167737286
TRACK A20110117595484 MD82 361060 955260 120 30 999 NONE NONE 200
	FP_ROUTE KTUL..KDFW

TRACK_TIME 1167737286
TRACK A20110117595487 MD82 325260 970160 120 30 999 NONE NONE 330
	FP_ROUTE KDFW..KSTL

TRACK_TIME 1167737286
TRACK A20110117595489 A320 332560 1115860 120 30 999 NONE NONE 360
	FP_ROUTE KPHX..KSFO

TRACK_TIME 1167737286
TRACK A20110117595495 B738 260900 981360 120 30 999 NONE NONE 370
	FP_ROUTE KMFE..KIAH

TRACK_TIME 1167737286
TRACK A20110117595496 B737 404500 740600 120 30 999 NONE NONE 380
	FP_ROUTE KEWR..KSNA

TRACK_TIME 1167737286
TRACK A20110117595499 B738 472560 1221900 120 30 999 NONE NONE 350
	FP_ROUTE KSEA..KORD

TRACK_TIME 1167737286
TRACK A20110117595512 C550 312400 832860 120 30 999 NONE NONE 291
	FP_ROUTE KTMA..KINT

TRACK_TIME 1167737286
TRACK A20110117595516 E145 395200 751660 120 30 999 NONE NONE 320
	FP_ROUTE KPHL..KSDF

TRACK_TIME 1167737286
TRACK A20110117595521 B712 425700 784300 120 30 999 NONE NONE 340
	FP_ROUTE KBUF..KATL

TRACK_TIME 1167737286
TRACK A20110117595526 E135 383160 1211960 120 30 999 NONE NONE 360
	FP_ROUTE KMHR..KHIO

TRACK_TIME 1167737286
TRACK A20110117595535 E170 385200 770300 120 30 999 NONE NONE 210
	FP_ROUTE KDCA..KLGA

TRACK_TIME 1167737286
TRACK A20110117595541 B738 412400 815260 120 30 999 NONE NONE 370
	FP_ROUTE KCLE..KFLL

TRACK_TIME 1167737286
TRACK A20110117595544 B738 295700 951960 120 30 999 NONE NONE 390
	FP_ROUTE KIAH..KMIA

TRACK_TIME 1167737286
TRACK A20110117595545 E190 433900 702100 120 30 999 NONE NONE 260
	FP_ROUTE KPWM..KJFK

TRACK_TIME 1167737286
TRACK A20110117595546 B712 333700 842260 120 30 999 NONE NONE 240
	FP_ROUTE KATL..KPNS

TRACK_TIME 1167737286
TRACK A20110117595547 CRJ2 395200 751600 120 30 999 NONE NONE 180
	FP_ROUTE KPHL..KCHO

TRACK_TIME 1167737286
TRACK A20110117595553 B712 333760 842260 120 30 999 NONE NONE 330
	FP_ROUTE KATL..KBWI

TRACK_TIME 1167737286
TRACK A20110117595555 B737 395260 751060 120 30 999 NONE NONE 400
	FP_ROUTE KPHL..KATL

TRACK_TIME 1167737286
TRACK A20110117595556 B712 282260 811660 120 30 999 NONE NONE 330
	FP_ROUTE KMCO..KBWI

TRACK_TIME 1167737286
TRACK A20110117595558 E170 325200 970160 120 30 999 NONE NONE 370
	FP_ROUTE KDFW..KMKE

TRACK_TIME 1167737286
TRACK A20110117595559 B737 360600 1150900 120 30 999 NONE NONE 280
	FP_ROUTE KLAS..KONT

TRACK_TIME 1167737286
TRACK A20110117595560 CRJ2 300760 973460 120 30 999 NONE NONE 330
	FP_ROUTE KAUS..KMEM

TRACK_TIME 1167737286
TRACK A20110117595561 CRJ9 325260 970160 120 30 999 NONE NONE 350
	FP_ROUTE KDFW..KJFK

TRACK_TIME 1167737286
TRACK A20110117595562 B737 385400 772560 120 30 999 NONE NONE 380
	FP_ROUTE KIAD..KATL

TRACK_TIME 1167737286
TRACK A20110117595564 B712 263000 815200 120 30 999 NONE NONE 330
	FP_ROUTE KRSW..KBWI

TRACK_TIME 1167737286
TRACK A20110117595565 B712 395500 841060 120 30 999 NONE NONE 330
	FP_ROUTE KDAY..KATL

TRACK_TIME 1167737286
TRACK A20110117595566 E145 425560 875400 120 30 999 NONE NONE 190
	FP_ROUTE KMKE..KIND

TRACK_TIME 1167737286
TRACK A20110117595568 B738 411660 955260 120 30 999 NONE NONE 390
	FP_ROUTE KOMA..KIAH

TRACK_TIME 1167737286
TRACK A20110117595586 E145 384360 901660 120 30 999 NONE NONE 360
	FP_ROUTE KSTL..KIAH

TRACK_TIME 1167737286
TRACK A20110117595587 SW4 332560 1115860 120 30 999 NONE NONE 130
	FP_ROUTE KPHX..KABQ

TRACK_TIME 1167737286
TRACK A20110117595592 SF34 322560 934900 120 30 999 NONE NONE 99
	FP_ROUTE KSHV..KIAH

TRACK_TIME 1167737286
TRACK A20110117595596 B737 403760 735100 120 30 999 NONE NONE 400
	FP_ROUTE KJFK..KATL

TRACK_TIME 1167737286
TRACK A20110117595598 CRJ9 332560 1120160 120 30 999 NONE NONE 170
	FP_ROUTE KPHX..KTUS

TRACK_TIME 1167737286
TRACK A20110117595599 DH8A 395400 751360 120 30 999 NONE NONE 60
	FP_ROUTE KPHL..KMDT

TRACK_TIME 1167737286
TRACK A20110117595611 DH8D 462100 1170400 120 30 999 NONE NONE 28
	FP_ROUTE KLWS..KPUW

TRACK_TIME 1167737286
TRACK A20110117595612 DH8D 464360 1170760 120 30 999 NONE NONE 230
	FP_ROUTE KPUW..KSEA

TRACK_TIME 1167737286
TRACK A20110117595613 CRJ2 351360 805700 120 30 999 NONE NONE 155
	FP_ROUTE KCLT..KTRI

TRACK_TIME 1167737286
TRACK A20110117595614 A320 351200 805700 120 30 999 NONE NONE 380
	FP_ROUTE KCLT..KMSP

TRACK_TIME 1167737286
TRACK A20110117595617 A320 444900 931360 120 30 999 NONE NONE 360
	FP_ROUTE KMSP..KABQ

TRACK_TIME 1167737286
TRACK A20110117595628 SF34 421200 853160 120 30 999 NONE NONE 110
	FP_ROUTE KAZO..KDTW

TRACK_TIME 1167737286
TRACK A20110117595630 B737 394600 1043700 120 30 999 NONE NONE 370
	FP_ROUTE KDEN..KBNA

TRACK_TIME 1167737286
TRACK A20110117595635 A320 263760 814200 120 30 999 NONE NONE 370
	FP_ROUTE KRSW..KJFK

TRACK_TIME 1167737286
TRACK A20110117595636 B753 404360 740700 120 30 999 NONE NONE 340
	FP_ROUTE KEWR..KLAS

TRACK_TIME 1167737286
TRACK A20110117595638 B744 612200 1500300 120 30 999 NONE NONE 390
	FP_ROUTE KANC..KHSV

TRACK_TIME 1167737286
TRACK A20110117595642 A320 350100 900000 120 30 999 NONE NONE 340
	FP_ROUTE KMEM..KLAX

TRACK_TIME 1167737286
TRACK A20110117595646 A319 404800 735100 120 30 999 NONE NONE 380
	FP_ROUTE KLGA..KDTW

TRACK_TIME 1167737286
TRACK A20110117595649 B734 351200 805560 120 30 999 NONE NONE 290
	FP_ROUTE KCLT..KEWR

TRACK_TIME 1167737286
TRACK A20110117595659 CRJ2 371200 931800 120 30 999 NONE NONE 330
	FP_ROUTE KSGF..KATL

TRACK_TIME 1167737286
TRACK A20110117595660 CRJ2 404500 735100 120 30 999 NONE NONE 60
	FP_ROUTE KLGA..KPIT

TRACK_TIME 1167737286
TRACK A20110117595663 E145 404300 740760 120 30 999 NONE NONE 340
	FP_ROUTE KEWR..KDAY

TRACK_TIME 1167737286
TRACK A20110117595664 E145 395860 841360 120 30 999 NONE NONE 310
	FP_ROUTE KDAY..KEWR

TRACK_TIME 1167737286
TRACK A20110117595668 E145 420100 875560 120 30 999 NONE NONE 360
	FP_ROUTE KORD..KFAR

TRACK_TIME 1167737286
TRACK A20110117595669 SF34 442260 1001800 120 30 999 NONE NONE 171
	FP_ROUTE KPIR..KMSP

TRACK_TIME 1167737286
TRACK A20110117595677 CRJ2 410460 734300 120 30 999 NONE NONE 300
	FP_ROUTE KHPN..KCLT

TRACK_TIME 1167737286
TRACK A20110117595680 E170 380900 854300 120 30 999 NONE NONE 360
	FP_ROUTE KSDF..KMSP

TRACK_TIME 1167737286
TRACK A20110117595682 B738 415560 875500 120 30 999 NONE NONE 380
	FP_ROUTE KORD..KSAN

TRACK_TIME 1167737286
TRACK A20110117595683 MD83 395200 1043300 120 30 999 NONE NONE 330
	FP_ROUTE KDEN..KDFW

TRACK_TIME 1167737286
TRACK A20110117595687 CRJ2 430600 891960 120 30 999 NONE NONE 290
	FP_ROUTE KMSN..KATL

TRACK_TIME 1167737286
TRACK A20110117595688 B733 384360 901660 120 30 999 NONE NONE 290
	FP_ROUTE KSTL..KDTW

TRACK_TIME 1167737286
TRACK A20110117595694 B737 394360 861800 120 30 999 NONE NONE 370
	FP_ROUTE KIND..KBWI

TRACK_TIME 1167737286
TRACK A20110117595695 B737 390900 763900 120 30 999 NONE NONE 290
	FP_ROUTE KBWI..KBOS

TRACK_TIME 1167737286
TRACK A20110117595700 CRJ1 421200 832260 120 30 999 NONE NONE 280
	FP_ROUTE KDTW..KEVV

TRACK_TIME 1167737286
TRACK A20110117595706 C560 325700 964900 120 30 999 NONE NONE 380
	FP_ROUTE KADS..KBJC

TRACK_TIME 1167737286
TRACK A20110117595711 B712 344000 902100 120 30 999 NONE NONE 270
	FP_ROUTE KUTA..KATL

TRACK_TIME 1167737286
TRACK A20110117595712 CRJ9 365400 761200 120 30 999 NONE NONE 100
	FP_ROUTE KORF..KCLT

TRACK_TIME 1167737286
TRACK A20110117595717 C560 415260 881660 120 30 999 NONE NONE 400
	FP_ROUTE KDPA..KPUB

TRACK_TIME 1167737286
TRACK A20110117595720 E170 421200 832200 120 30 999 NONE NONE 350
	FP_ROUTE KDTW..KEWR

TRACK_TIME 1167737286
TRACK A20110117595722 C560 381660 1043160 120 30 999 NONE NONE 380
	FP_ROUTE KPUB..KHND

TRACK_TIME 1167737286
TRACK A20110117595728 CRJ2 395100 751800 120 30 999 NONE NONE 280
	FP_ROUTE KPHL..KGSP

TRACK_TIME 1167737286
TRACK A20110117595729 B752 395260 751300 120 30 999 NONE NONE 380
	FP_ROUTE KPHL..KPHX

TRACK_TIME 1167737286
TRACK A20110117595733 E135 433600 964300 120 30 999 NONE NONE 330
	FP_ROUTE KFSD..KORD

TRACK_TIME 1167737286
TRACK A20110117595736 CRJ2 351200 805560 120 30 999 NONE NONE 101
	FP_ROUTE KCLT..KCAE

TRACK_TIME 1167737286
TRACK A20110117595739 A320 415800 875860 120 30 999 NONE NONE 300
	FP_ROUTE KORD..KMSP

TRACK_TIME 1167737286
TRACK A20110117595744 A320 445100 931360 120 30 999 NONE NONE 380
	FP_ROUTE KMSP..KDEN

TRACK_TIME 1167737286
TRACK A20110117595745 A320 394960 1044660 120 30 999 NONE NONE 380
	FP_ROUTE KDEN..KLAS

TRACK_TIME 1167737286
TRACK A20110117595746 CRJ2 351000 805560 120 30 999 NONE NONE 90
	FP_ROUTE KCLT..KGSO

TRACK_TIME 1167737286
TRACK A20110117595756 CRJ1 421200 832200 120 30 999 NONE NONE 122
	FP_ROUTE KDTW..KGRR

TRACK_TIME 1167737286
TRACK A20110117595757 E145 401200 764800 120 30 999 NONE NONE 40
	FP_ROUTE KMDT..KIAD

TRACK_TIME 1167737286
TRACK A20110117595758 E145 385260 772700 120 30 999 NONE NONE 280
	FP_ROUTE KIAD..KDAY

TRACK_TIME 1167737286
TRACK A20110117595762 C560 420600 875100 120 30 999 NONE NONE 170
	FP_ROUTE KPWK..KLAN

TRACK_TIME 1167737286
TRACK A20110117595768 C560 424660 843400 120 30 999 NONE NONE 200
	FP_ROUTE KLAN..KDAY

TRACK_TIME 1167737286
TRACK A20110117595769 E170 445400 931800 120 30 999 NONE NONE 350
	FP_ROUTE KMSP..KMSY

TRACK_TIME 1167737286
TRACK A20110117595770 A319 424600 734900 120 30 999 NONE NONE 380
	FP_ROUTE KALB..KORD

TRACK_TIME 1167737286
TRACK A20110117595774 E145 380900 854300 120 30 999 NONE NONE 90
	FP_ROUTE KSDF..KMEM

TRACK_TIME 1167737286
TRACK A20110117595775 B738 300100 901500 120 30 999 NONE NONE 340
	FP_ROUTE KMSY..KDFW

TRACK_TIME 1167737286
TRACK A20110117595776 B738 325200 970160 120 30 999 NONE NONE 370
	FP_ROUTE KDFW..KBOS

TRACK_TIME 1167737286
TRACK A20110117595784 C560 395260 841300 120 30 999 NONE NONE 40
	FP_ROUTE KDAY..KSUS

TRACK_TIME 1167737286
TRACK A20110117595789 B752 205500 1562400 120 30 999 NONE NONE 330
	FP_ROUTE KOGG..KLAX

TRACK_TIME 1167737286
TRACK A20110117595792 B732 211900 1575260 120 30 999 NONE NONE 150
	FP_ROUTE KHNL..KOGG

TRACK_TIME 1167737286
TRACK A20110117595793 C560 384000 903400 120 30 999 NONE NONE 270
	FP_ROUTE KSUS..KPWK

TRACK_TIME 1167737286
TRACK A20110117595802 CRJ2 425560 875400 120 30 999 NONE NONE 310
	FP_ROUTE KMKE..KCAK

TRACK_TIME 1167737286
TRACK A20110117595808 DH8A 210100 1563760 120 30 999 NONE NONE 80
	FP_ROUTE KJHM..KHNL

TRACK_TIME 1167737286
TRACK A20110117595811 SF34 310300 974900 120 30 999 NONE NONE 110
	FP_ROUTE KGRK..KIAH

TRACK_TIME 1167737286
TRACK A20110117595815 MD83 284660 811300 120 30 999 NONE NONE 320
	FP_ROUTE KSFB..KFWA

TRACK_TIME 1167737286
TRACK A20110117595821 B733 404900 730100 120 30 999 NONE NONE 360
	FP_ROUTE KISP..KPBI

TRACK_TIME 1167737286
TRACK A20110117595825 E170 395100 751660 120 30 999 NONE NONE 180
	FP_ROUTE KPHL..KALB

TRACK_TIME 1167737286
TRACK A20110117595828 B712 194300 1550000 120 30 999 NONE NONE 220
	FP_ROUTE KITO..KHNL

TRACK_TIME 1167737286
TRACK A20110117595841 E145 301660 915860 120 30 999 NONE NONE 59
	FP_ROUTE KLFT..KIAH

TRACK_TIME 1167737286
TRACK A20110117595842 CRJ2 394960 1044500 120 30 999 NONE NONE 340
	FP_ROUTE KDEN..KPSP

TRACK_TIME 1167737286
TRACK A20110117595844 MD11 380600 854200 120 30 999 NONE NONE 350
	FP_ROUTE KSDF..KEWR

TRACK_TIME 1167737286
TRACK A20110117595849 A319 404900 735100 120 30 999 NONE NONE 380
	FP_ROUTE KLGA..KDTW

TRACK_TIME 1167737286
TRACK A20110117595852 E145 343700 864660 120 30 999 NONE NONE 340
	FP_ROUTE KHSV..KORD

TRACK_TIME 1167737286
TRACK A20110117595856 A320 403900 734500 120 30 999 NONE NONE 370
	FP_ROUTE KJFK..KBQN

TRACK_TIME 1167737286
TRACK A20110117595865 E120 404600 732500 120 30 999 NONE NONE 61
	FP_ROUTE KFRG..KACY

TRACK_TIME 1167737286
TRACK A20110117595871 E120 392560 743160 120 30 999 NONE NONE 160
	FP_ROUTE KACY..KORF

TRACK_TIME 1167737286
TRACK A20110117595872 B738 421200 832200 120 30 999 NONE NONE 340
	FP_ROUTE KDTW..KSFO

TRACK_TIME 1167737286
TRACK A20110117595874 B738 404360 740700 120 30 999 NONE NONE 380
	FP_ROUTE KEWR..KMIA

TRACK_TIME 1167737286
TRACK A20110117595876 E120 365500 761060 120 30 999 NONE NONE 60
	FP_ROUTE KORF..KRIC

TRACK_TIME 1167737286
TRACK A20110117595884 E145 404360 740700 120 30 999 NONE NONE 200
	FP_ROUTE KEWR..KIAD

TRACK_TIME 1167737286
TRACK A20110117595885 B733 334000 1175260 120 30 999 NONE NONE 289
	FP_ROUTE KSNA..KPHX

TRACK_TIME 1167737286
TRACK A20110117595886 CRJ2 351200 805700 120 30 999 NONE NONE 340
	FP_ROUTE KCLT..KJAN

TRACK_TIME 1167737286
TRACK A20110117595887 E145 385800 773300 120 30 999 NONE NONE 170
	FP_ROUTE KIAD..KEWR

TRACK_TIME 1167737286
TRACK A20110117595893 B738 445200 931000 120 30 999 NONE NONE 360
	FP_ROUTE KMSP..KSLC

TRACK_TIME 1167737286
TRACK A20110117595894 A320 351200 805700 120 30 999 NONE NONE 330
	FP_ROUTE KCLT..KSYR

TRACK_TIME 1167737286
TRACK A20110117595901 BE20 334900 1161900 120 30 999 NONE NONE 200
	FP_ROUTE KUDD..KSJC

TRACK_TIME 1167737286
TRACK A20110117595914 B737 324500 1171360 120 30 999 NONE NONE 390
	FP_ROUTE KSAN..KDEN

TRACK_TIME 1167737286
TRACK A20110117595917 SF34 295800 951900 120 30 999 NONE NONE 41
	FP_ROUTE KIAH..KBPT

TRACK_TIME 1167737286
TRACK A20110117595930 B734 611500 1501300 120 30 999 NONE NONE 100
	FP_ROUTE KANC..KOME

TRACK_TIME 1167737286
TRACK A20110117595934 B734 643300 1651200 120 30 999 NONE NONE 270
	FP_ROUTE KOME..KOTZ

TRACK_TIME 1167737286
TRACK A20110117595935 B734 664660 1621500 120 30 999 NONE NONE 370
	FP_ROUTE KOTZ..KANC

TRACK_TIME 1167737286
TRACK A20110117595938 B752 324500 1171500 120 30 999 NONE NONE 350
	FP_ROUTE KSAN..KATL

TRACK_TIME 1167737286
TRACK A20110117595939 B733 391060 764300 120 30 999 NONE NONE 340
	FP_ROUTE KBWI..KTPA

TRACK_TIME 1167737286
TRACK A20110117595942 CRJ2 395260 751200 120 30 999 NONE NONE 280
	FP_ROUTE KPHL..KDTW

TRACK_TIME 1167737286
TRACK A20110117595946 A319 422100 710100 120 30 999 NONE NONE 160
	FP_ROUTE KBOS..KLGA

TRACK_TIME 1167737286
TRACK A20110117595950 CRJ2 421000 832200 120 30 999 NONE NONE 270
	FP_ROUTE KDTW..KPHL

TRACK_TIME 1167737286
TRACK A20110117595953 B733 412400 815260 120 30 999 NONE NONE 330
	FP_ROUTE KCLE..KBNA

TRACK_TIME 1167737286
TRACK A20110117595954 B733 360600 864000 120 30 999 NONE NONE 230
	FP_ROUTE KBNA..KJAX

TRACK_TIME 1167737286
TRACK A20110117595955 B738 260460 800760 120 30 999 NONE NONE 370
	FP_ROUTE KFLL..KORD

TRACK_TIME 1167737286
TRACK A20110117595957 C560 413300 933900 120 30 999 NONE NONE 390
	FP_ROUTE KDSM..KAPF

TRACK_TIME 1167737286
TRACK A20110117595958 C560 260700 814600 120 30 999 NONE NONE 400
	FP_ROUTE KAPF..KDSM

TRACK_TIME 1167737286
TRACK A20110117595961 CRJ9 422200 705860 120 30 999 NONE NONE 220
	FP_ROUTE KBOS..KJFK

TRACK_TIME 1167737286
TRACK A20110117595962 A319 404360 740700 120 30 999 NONE NONE 340
	FP_ROUTE KEWR..KATL

TRACK_TIME 1167737286
TRACK A20110117595970 CRJ2 333760 842260 120 30 999 NONE NONE 230
	FP_ROUTE KATL..KTLH

TRACK_TIME 1167737286
TRACK A20110117595971 E135 321900 900600 120 30 999 NONE NONE 240
	FP_ROUTE KJAN..KDFW

TRACK_TIME 1167737286
TRACK A20110117595972 B737 391060 764360 120 30 999 NONE NONE 220
	FP_ROUTE KBWI..KRDU

TRACK_TIME 1167737286
TRACK A20110117595977 MD83 325500 970160 120 30 999 NONE NONE 250
	FP_ROUTE KDFW..KBNA

TRACK_TIME 1167737286
TRACK A20110117595978 B737 360700 1150900 120 30 999 NONE NONE 220
	FP_ROUTE KLAS..KBUR

TRACK_TIME 1167737286
TRACK A20110117595980 B737 350160 1063400 120 30 999 NONE NONE 410
	FP_ROUTE KABQ..KHOU

TRACK_TIME 1167737286
TRACK A20110117595983 B712 425100 853100 120 30 999 NONE NONE 330
	FP_ROUTE KGRR..KTPA

TRACK_TIME 1167737286
TRACK A20110117595986 E120 405860 1240700 120 30 999 NONE NONE 270
	FP_ROUTE KACV..KSBP

TRACK_TIME 1167737286
TRACK A20110117595988 B737 295700 951960 120 30 999 NONE NONE 390
	FP_ROUTE KIAH..KTPA

TRACK_TIME 1167737286
TRACK A20110117595991 CRJ2 385500 770600 120 30 999 NONE NONE 220
	FP_ROUTE KDCA..KRDU

TRACK_TIME 1167737286
TRACK A20110117595992 CRJ1 421060 832100 120 30 999 NONE NONE 350
	FP_ROUTE KDTW..KIAD

TRACK_TIME 1167737286
TRACK A20110117595993 B733 335560 1182860 120 30 999 NONE NONE 330
	FP_ROUTE KLAX..KPHX

TRACK_TIME 1167737286
TRACK A20110117595996 CRJ2 351360 805700 120 30 999 NONE NONE 320
	FP_ROUTE KCLT..KVPS

TRACK_TIME 1167737286
TRACK A20110117595998 B733 332560 1120160 120 30 999 NONE NONE 330
	FP_ROUTE KPHX..KHOU

TRACK_TIME 1167737286
TRACK A20110117595999 SF34 385560 773100 120 30 999 NONE NONE 170
	FP_ROUTE KIAD..KBGM

TRACK_TIME 1167737286
TRACK A20110117596000 SF34 421060 760000 120 30 999 NONE NONE 160
	FP_ROUTE KBGM..KIAD

TRACK_TIME 1167737286
TRACK A20110117596001 B737 320400 1105260 120 30 999 NONE NONE 270
	FP_ROUTE KTUS..KABQ

TRACK_TIME 1167737286
TRACK A20110117596003 B733 293760 951600 120 30 999 NONE NONE 280
	FP_ROUTE KHOU..KCRP

TRACK_TIME 1167737286
TRACK A20110117596011 B733 350160 1063460 120 30 999 NONE NONE 260
	FP_ROUTE KABQ..KPHX

TRACK_TIME 1167737286
TRACK A20110117596012 B733 332500 1120460 120 30 999 NONE NONE 320
	FP_ROUTE KPHX..KSAN

TRACK_TIME 1167737286
TRACK A20110117596018 A319 425500 875400 120 30 999 NONE NONE 390
	FP_ROUTE KMKE..KRSW

TRACK_TIME 1167737286
TRACK A20110117596021 CRJ2 364800 1194500 120 30 999 NONE NONE 330
	FP_ROUTE KFAT..KSLC

TRACK_TIME 1167737286
TRACK A20110117596022 B737 394360 861800 120 30 999 NONE NONE 380
	FP_ROUTE KIND..KPHX

TRACK_TIME 1167737286
TRACK A20110117596023 CRJ9 445100 931360 120 30 999 NONE NONE 330
	FP_ROUTE KMSP..KJFK

TRACK_TIME 1167737286
TRACK A20110117596027 CRJ2 333760 842400 120 30 999 NONE NONE 290
	FP_ROUTE KATL..KOAJ

TRACK_TIME 1167737286
TRACK A20110117596030 CRJ2 345100 774000 120 30 999 NONE NONE 280
	FP_ROUTE KOAJ..KATL

TRACK_TIME 1167737286
TRACK A20110117596037 A320 404000 734500 120 30 999 NONE NONE 350
	FP_ROUTE KJFK..KSJU

TRACK_TIME 1167737286
TRACK A20110117596039 A320 472560 1221900 120 30 999 NONE NONE 370
	FP_ROUTE KSEA..KSFO

TRACK_TIME 1167737286
TRACK A20110117596045 B738 472560 1221900 120 30 999 NONE NONE 350
	FP_ROUTE KSEA..KSMF

TRACK_TIME 1167737286
TRACK A20110117596048 CRJ2 404000 752400 120 30 999 NONE NONE 70
	FP_ROUTE KABE..KPHL

TRACK_TIME 1167737286
TRACK A20110117596049 MD83 325260 970160 120 30 999 NONE NONE 370
	FP_ROUTE KDFW..KIND

TRACK_TIME 1167737286
TRACK A20110117596051 B712 333900 842200 120 30 999 NONE NONE 340
	FP_ROUTE KATL..KMCI

TRACK_TIME 1167737286
TRACK A20110117596052 B712 333760 842100 120 30 999 NONE NONE 370
	FP_ROUTE KATL..KMCO

TRACK_TIME 1167737286
TRACK A20110117596055 CRJ2 421060 755860 120 30 999 NONE NONE 260
	FP_ROUTE KBGM..KDTW

TRACK_TIME 1167737286
TRACK A20110117596056 A320 335560 1182560 120 30 999 NONE NONE 340
	FP_ROUTE KLAX..KSFO

TRACK_TIME 1167737286
TRACK A20110117596057 DH8D 465700 1140760 120 30 999 NONE NONE 240
	FP_ROUTE KMSO..KSEA

TRACK_TIME 1167737286
TRACK A20110117596063 E135 325200 970160 120 30 999 NONE NONE 350
	FP_ROUTE KDFW..KGSP

TRACK_TIME 1167737286
TRACK A20110117596066 A320 260460 800760 120 30 999 NONE NONE 350
	FP_ROUTE KFLL..KJFK

TRACK_TIME 1167737286
TRACK A20110117596067 B712 370760 762860 120 30 999 NONE NONE 250
	FP_ROUTE KPHF..KLGA

TRACK_TIME 1167737286
TRACK A20110117596070 CRJ2 395260 751200 120 30 999 NONE NONE 270
	FP_ROUTE KPHL..KMHT

TRACK_TIME 1167737286
TRACK A20110117596079 DH8D 404200 740900 120 30 999 NONE NONE 170
	FP_ROUTE KEWR..KBTV

TRACK_TIME 1167737286
TRACK A20110117596090 A320 260460 800760 120 30 999 NONE NONE 350
	FP_ROUTE KFLL..KBOS

TRACK_TIME 1167737286
TRACK A20110117596096 DH8A 211000 1570400 120 30 999 NONE NONE 40
	FP_ROUTE KMKK..KHNL

TRACK_TIME 1167737286
TRACK A20110117596097 B737 373760 1222200 120 30 999 NONE NONE 390
	FP_ROUTE KSFO..KMDW

TRACK_TIME 1167737286
TRACK A20110117596099 B737 414660 874060 120 30 999 NONE NONE 390
	FP_ROUTE KMDW..KISP

TRACK_TIME 1167737286
TRACK A20110117596105 B737 404900 730460 120 30 999 NONE NONE 400
	FP_ROUTE KISP..KFLL

TRACK_TIME 1167737286
TRACK A20110117596111 B733 414500 874360 120 30 999 NONE NONE 120
	FP_ROUTE KMDW..KDTW

TRACK_TIME 1167737286
TRACK A20110117596117 E145 352200 973700 120 30 999 NONE NONE 330
	FP_ROUTE KOKC..KORD

TRACK_TIME 1167737286
TRACK A20110117596118 D328 380760 854600 120 30 999 NONE NONE 270
	FP_ROUTE KSDF..KATL

TRACK_TIME 1167737286
TRACK A20110117596120 B738 611800 1495700 120 30 999 NONE NONE 370
	FP_ROUTE KANC..KORD

TRACK_TIME 1167737286
TRACK A20110117596123 B733 411660 955260 120 30 999 NONE NONE 360
	FP_ROUTE KOMA..KPHX

TRACK_TIME 1167737286
TRACK A20110117596126 MD82 371900 800000 120 30 999 NONE NONE 320
	FP_ROUTE KROA..KSFB

TRACK_TIME 1167737286
TRACK A20110117596127 A319 425560 875400 120 30 999 NONE NONE 390
	FP_ROUTE KMKE..KLGA

TRACK_TIME 1167737286
TRACK A20110117596130 DH8A 395100 751600 120 30 999 NONE NONE 81
	FP_ROUTE KPHL..KLGA

TRACK_TIME 1167737286
TRACK A20110117596131 A319 385260 770300 120 30 999 NONE NONE 210
	FP_ROUTE KDCA..KLGA

TRACK_TIME 1167737286
TRACK A20110117596132 B733 365400 761060 120 30 999 NONE NONE 219
	FP_ROUTE KORF..KCLT

TRACK_TIME 1167737286
TRACK A20110117596136 B733 332560 1115700 120 30 999 NONE NONE 360
	FP_ROUTE KPHX..KPDX

TRACK_TIME 1167737286
TRACK A20110117596139 CRJ2 362700 822700 120 30 999 NONE NONE 120
	FP_ROUTE KTRI..KDTW

TRACK_TIME 1167737286
TRACK A20110117596141 B734 415700 875400 120 30 999 NONE NONE 350
	FP_ROUTE KORD..KCLT

TRACK_TIME 1167737286
TRACK A20110117596142 B738 404300 740900 120 30 999 NONE NONE 340
	FP_ROUTE KEWR..KIAH

TRACK_TIME 1167737286
TRACK A20110117596143 A319 415700 724000 120 30 999 NONE NONE 340
	FP_ROUTE KBDL..KTPA

TRACK_TIME 1167737286
TRACK A20110117596145 E145 325260 970160 120 30 999 NONE NONE 370
	FP_ROUTE KDFW..KMOB

TRACK_TIME 1167737286
TRACK A20110117596158 B737 385200 770300 120 30 999 NONE NONE 340
	FP_ROUTE KDCA..KIAH

TRACK_TIME 1167737286
TRACK A20110117596159 B738 295700 952100 120 30 999 NONE NONE 340
	FP_ROUTE KIAH..KSNA

TRACK_TIME 1167737286
TRACK A20110117596173 B738 325260 970160 120 30 999 NONE NONE 390
	FP_ROUTE KDFW..KLGA

TRACK_TIME 1167737286
TRACK A20110117596175 CRJ2 385260 770400 120 30 999 NONE NONE 90
	FP_ROUTE KDCA..KPHL

TRACK_TIME 1167737286
TRACK A20110117596180 A319 332560 1120300 120 30 999 NONE NONE 280
	FP_ROUTE KPHX..KLAS

TRACK_TIME 1167737286
TRACK A20110117596181 E170 254800 801600 120 30 999 NONE NONE 360
	FP_ROUTE KMIA..KORD

TRACK_TIME 1167737286
TRACK A20110117596185 A319 374300 1221360 120 30 999 NONE NONE 370
	FP_ROUTE KOAK..KPHX

TRACK_TIME 1167737286
TRACK A20110117596186 CRJ9 351360 805800 120 30 999 NONE NONE 280
	FP_ROUTE KCLT..KBNA

TRACK_TIME 1167737286
TRACK A20110117596190 CRJ9 391360 944800 120 30 999 NONE NONE 360
	FP_ROUTE KMCI..KSLC

TRACK_TIME 1167737286
TRACK A20110117596191 B733 414660 874300 120 30 999 NONE NONE 370
	FP_ROUTE KMDW..KIAD

TRACK_TIME 1167737286
TRACK A20110117596192 DH8D 422260 710100 120 30 999 NONE NONE 120
	FP_ROUTE KBOS..KEWR

TRACK_TIME 1167737286
TRACK A20110117596199 A320 332560 1120160 120 30 999 NONE NONE 350
	FP_ROUTE KPHX..KORD

TRACK_TIME 1167737286
TRACK A20110117596200 B735 295700 951960 120 30 999 NONE NONE 320
	FP_ROUTE KIAH..KMFE

TRACK_TIME 1167737286
TRACK A20110117596201 A319 404200 740900 120 30 999 NONE NONE 380
	FP_ROUTE KEWR..KMSP

TRACK_TIME 1167737286
TRACK A20110117596202 C560 393900 1065500 120 30 999 NONE NONE 410
	FP_ROUTE KEGE..KTUL

TRACK_TIME 1167737286
TRACK A20110117596203 C560 361060 955400 120 30 999 NONE NONE 390
	FP_ROUTE KTUL..KRSW

TRACK_TIME 1167737286
TRACK A20110117596204 C560 263000 814900 120 30 999 NONE NONE 310
	FP_ROUTE KRSW..KCRG

TRACK_TIME 1167737286
TRACK A20110117596205 A319 395200 751600 120 30 999 NONE NONE 320
	FP_ROUTE KPHL..KCLT

TRACK_TIME 1167737286
TRACK A20110117596206 DH8A 644600 1475800 120 30 999 NONE NONE 230
	FP_ROUTE KFAI..KANC

TRACK_TIME 1167737286
TRACK A20110117596207 E145 351060 805700 120 30 999 NONE NONE 360
	FP_ROUTE KCLT..KIAH

TRACK_TIME 1167737286
TRACK A20110117596208 A319 395200 751660 120 30 999 NONE NONE 169
	FP_ROUTE KPHL..KSYR

TRACK_TIME 1167737286
TRACK A20110117596209 E170 395100 751900 120 30 999 NONE NONE 300
	FP_ROUTE KPHL..KGSO

TRACK_TIME 1167737286
TRACK A20110117596210 A320 332560 1120160 120 30 999 NONE NONE 350
	FP_ROUTE KPHX..KTPA

TRACK_TIME 1167737286
TRACK A20110117596215 E190 422100 710100 120 30 999 NONE NONE 160
	FP_ROUTE KBOS..KJFK

TRACK_TIME 1167737286
TRACK A20110117596217 E135 355400 784660 120 30 999 NONE NONE 270
	FP_ROUTE KRDU..KJFK

TRACK_TIME 1167737286
TRACK A20110117596218 B738 404500 740700 120 30 999 NONE NONE 320
	FP_ROUTE KEWR..KMCO

TRACK_TIME 1167737286
TRACK A20110117596221 B734 472560 1221900 120 30 999 NONE NONE 330
	FP_ROUTE KSEA..KONT

TRACK_TIME 1167737286
TRACK A20110117596225 A319 421200 832260 120 30 999 NONE NONE 360
	FP_ROUTE KDTW..KPHX

TRACK_TIME 1167737286
TRACK A20110117596235 CRJ2 303000 814060 120 30 999 NONE NONE 280
	FP_ROUTE KJAX..KMEM

TRACK_TIME 1167737286
TRACK A20110117596237 E170 352200 973700 120 30 999 NONE NONE 360
	FP_ROUTE KOKC..KDEN

TRACK_TIME 1167737286
TRACK A20110117596239 B752 422200 705860 120 30 999 NONE NONE 360
	FP_ROUTE KBOS..KLAX

TRACK_TIME 1167737286
TRACK A20110117596240 B763 360700 1150900 120 30 999 NONE NONE 370
	FP_ROUTE KLAS..KATL

TRACK_TIME 1167737286
TRACK A20110117596242 CRJ2 412500 814960 120 30 999 NONE NONE 250
	FP_ROUTE KCLE..KPHL

TRACK_TIME 1167737286
TRACK A20110117596248 B737 282400 811800 120 30 999 NONE NONE 370
	FP_ROUTE KMCO..KBOS

TRACK_TIME 1167737286
TRACK A20110117596255 CRJ2 445260 931500 120 30 999 NONE NONE 210
	FP_ROUTE KMSP..KCID

TRACK_TIME 1167737286
TRACK A20110117596257 B737 333760 1175400 120 30 999 NONE NONE 400
	FP_ROUTE KSNA..KSMF

TRACK_TIME 1167737286
TRACK A20110117596258 B737 453600 1223760 120 30 999 NONE NONE 330
	FP_ROUTE KPDX..KGEG

TRACK_TIME 1167737286
TRACK A20110117596267 DH8A 395260 751200 120 30 999 NONE NONE 41
	FP_ROUTE KPHL..KHPN

TRACK_TIME 1167737286
TRACK A20110117596272 B733 404900 730400 120 30 999 NONE NONE 140
	FP_ROUTE KISP..KBWI

TRACK_TIME 1167737286
TRACK A20110117596273 B733 390900 763900 120 30 999 NONE NONE 220
	FP_ROUTE KBWI..KRDU

TRACK_TIME 1167737286
TRACK A20110117596278 DH8D 461600 1190760 120 30 999 NONE NONE 120
	FP_ROUTE KPSC..KSEA

TRACK_TIME 1167737286
TRACK A20110117596280 CL60 273900 802500 120 30 999 NONE NONE 340
	FP_ROUTE KVRB..KBNA

TRACK_TIME 1167737286
TRACK A20110117596284 A319 404800 735100 120 30 999 NONE NONE 380
	FP_ROUTE KLGA..KDTW

TRACK_TIME 1167737286
TRACK A20110117596290 B737 293760 951600 120 30 999 NONE NONE 400
	FP_ROUTE KHOU..KLAX

TRACK_TIME 1167737286
TRACK A20110117596291 B712 333900 842200 120 30 999 NONE NONE 350
	FP_ROUTE KATL..KBUF

TRACK_TIME 1167737286
TRACK A20110117596301 EA50 344300 921500 120 30 999 NONE NONE 320
	FP_ROUTE KLIT..KBGD

TRACK_TIME 1167737286
TRACK A20110117596304 B739 360700 1150760 120 30 999 NONE NONE 350
	FP_ROUTE KLAS..KEWR

TRACK_TIME 1167737286
TRACK A20110117596305 A320 422200 705800 120 30 999 NONE NONE 340
	FP_ROUTE KBOS..KFLL

TRACK_TIME 1167737286
TRACK A20110117596306 EA50 354300 1013000 120 30 999 NONE NONE 340
	FP_ROUTE KBGD..KHND

TRACK_TIME 1167737286
TRACK A20110117596307 A320 385700 773100 120 30 999 NONE NONE 150
	FP_ROUTE KIAD..KJFK

TRACK_TIME 1167737286
TRACK A20110117596308 E190 390900 763900 120 30 999 NONE NONE 110
	FP_ROUTE KBWI..KBOS

TRACK_TIME 1167737286
TRACK A20110117596309 E190 422100 710100 120 30 999 NONE NONE 300
	FP_ROUTE KBOS..KDCA

TRACK_TIME 1167737286
TRACK A20110117596311 C560 401300 764900 120 30 999 NONE NONE 430
	FP_ROUTE KCXY..KRSW

TRACK_TIME 1167737286
TRACK A20110117596312 C560 263460 814300 120 30 999 NONE NONE 410
	FP_ROUTE KRSW..KCXY

TRACK_TIME 1167737286
TRACK A20110117596313 A319 333900 1175260 120 30 999 NONE NONE 390
	FP_ROUTE KSNA..KSLC

TRACK_TIME 1167737286
TRACK A20110117596314 A319 421200 832200 120 30 999 NONE NONE 350
	FP_ROUTE KDTW..KPBI

TRACK_TIME 1167737286
TRACK A20110117596319 A320 335100 1181200 120 30 999 NONE NONE 360
	FP_ROUTE KLGB..KPDX

TRACK_TIME 1167737286
TRACK A20110117596321 B752 333900 842260 120 30 999 NONE NONE 340
	FP_ROUTE KATL..KSLC

TRACK_TIME 1167737286
TRACK A20110117596326 B737 433400 1161500 120 30 999 NONE NONE 360
	FP_ROUTE KBOI..KPDX

TRACK_TIME 1167737286
TRACK A20110117596327 B737 453600 1223700 120 30 999 NONE NONE 410
	FP_ROUTE KPDX..KPHX

TRACK_TIME 1167737286
TRACK A20110117596331 E190 422200 705800 120 30 999 NONE NONE 360
	FP_ROUTE KBOS..KMCO

TRACK_TIME 1167737286
TRACK A20110117596333 CRJ9 404000 734500 120 30 999 NONE NONE 120
	FP_ROUTE KJFK..KDTW

TRACK_TIME 1167737286
TRACK A20110117596334 C560 424200 710760 120 30 999 NONE NONE 120
	FP_ROUTE KLWM..KMPV

TRACK_TIME 1167737286
TRACK A20110117596335 CRJ2 345500 821300 120 30 999 NONE NONE 280
	FP_ROUTE KGSP..KDTW

TRACK_TIME 1167737286
TRACK A20110117596336 A320 332560 1120160 120 30 999 NONE NONE 320
	FP_ROUTE KPHX..KSNA

TRACK_TIME 1167737286
TRACK A20110117596337 A320 430600 760760 120 30 999 NONE NONE 340
	FP_ROUTE KSYR..KMCO

TRACK_TIME 1167737286
TRACK A20110117596338 DH8D 472560 1221800 120 30 999 NONE NONE 149
	FP_ROUTE KSEA..KPDX

TRACK_TIME 1167737286
TRACK A20110117596339 A320 373760 1222200 120 30 999 NONE NONE 330
	FP_ROUTE KSFO..KLAS

TRACK_TIME 1167737286
TRACK A20110117596340 A320 360700 1150900 120 30 999 NONE NONE 350
	FP_ROUTE KLAS..KJFK

TRACK_TIME 1167737286
TRACK A20110117596343 C560 441200 723400 120 30 999 NONE NONE 220
	FP_ROUTE KMPV..KMMU

TRACK_TIME 1167737286
TRACK A20110117596345 C560 405100 742200 120 30 999 NONE NONE 110
	FP_ROUTE KMMU..KLWM

TRACK_TIME 1167737286
TRACK A20110117596352 B738 295700 952100 120 30 999 NONE NONE 370
	FP_ROUTE KIAH..KFLL

TRACK_TIME 1167737286
TRACK A20110117596356 E170 395260 751060 120 30 999 NONE NONE 320
	FP_ROUTE KPHL..KCHS

TRACK_TIME 1167737286
TRACK A20110117596361 E170 395200 751300 120 30 999 NONE NONE 210
	FP_ROUTE KPHL..KBDL

TRACK_TIME 1167737286
TRACK A20110117596365 B737 332560 1120300 120 30 999 NONE NONE 390
	FP_ROUTE KPHX..KSAT

TRACK_TIME 1167737286
TRACK A20110117596370 DH8A 411360 725100 120 30 999 NONE NONE 120
	FP_ROUTE KHVN..KPHL

TRACK_TIME 1167737286
TRACK A20110117596372 BE9L 265800 991500 120 30 999 NONE NONE 80
	FP_ROUTE KAPY..KFST

TRACK_TIME 1167737286
TRACK A20110117596378 B737 453600 1223760 120 30 999 NONE NONE 390
	FP_ROUTE KPDX..KSMF

TRACK_TIME 1167737286
TRACK A20110117596381 CRJ9 324960 970100 120 30 999 NONE NONE 350
	FP_ROUTE KDFW..KDTW

TRACK_TIME 1167737286
TRACK A20110117596382 MD83 335560 1182700 120 30 999 NONE NONE 310
	FP_ROUTE KLAX..KSTL

TRACK_TIME 1167737286
TRACK A20110117596387 DH8A 395260 751200 120 30 999 NONE NONE 90
	FP_ROUTE KPHL..KHVN

TRACK_TIME 1167737286
TRACK A20110117596391 B738 404300 740760 120 30 999 NONE NONE 380
	FP_ROUTE KEWR..KPBI

TRACK_TIME 1167737286
TRACK A20110117596392 B737 332560 1120300 120 30 999 NONE NONE 370
	FP_ROUTE KPHX..KMSP

TRACK_TIME 1167737286
TRACK A20110117596395 B733 332560 1120160 120 30 999 NONE NONE 240
	FP_ROUTE KPHX..KSAN

TRACK_TIME 1167737286
TRACK A20110117596396 B733 324600 1171600 120 30 999 NONE NONE 260
	FP_ROUTE KSAN..KOAK

TRACK_TIME 1167737286
TRACK A20110117596404 A320 351200 805700 120 30 999 NONE NONE 340
	FP_ROUTE KCLT..KDTW

TRACK_TIME 1167737286
TRACK A20110117596406 CRJ1 380100 843760 120 30 999 NONE NONE 230
	FP_ROUTE KLEX..KATL

TRACK_TIME 1167737286
TRACK A20110117596408 A319 374000 1221960 120 30 999 NONE NONE 370
	FP_ROUTE KSFO..KBOS

TRACK_TIME 1167737286
TRACK A20110117596410 CRJ2 390160 843900 120 30 999 NONE NONE 290
	FP_ROUTE KCVG..KPHL

TRACK_TIME 1167737286
TRACK A20110117596412 A321 351060 805560 120 30 999 NONE NONE 280
	FP_ROUTE KCLT..KMCO

TRACK_TIME 1167737286
TRACK A20110117596414 SF34 421200 832500 120 30 999 NONE NONE 160
	FP_ROUTE KDTW..KPLN

TRACK_TIME 1167737286
TRACK A20110117596415 B752 391060 764300 120 30 999 NONE NONE 280
	FP_ROUTE KBWI..KCLT

TRACK_TIME 1167737286
TRACK A20110117596421 CRJ2 395500 1044060 120 30 999 NONE NONE 340
	FP_ROUTE KDEN..KBIL

TRACK_TIME 1167737286
TRACK A20110117596422 CRJ2 445200 931000 120 30 999 NONE NONE 300
	FP_ROUTE KMSP..KBIS

TRACK_TIME 1167737286
TRACK A20110117596423 CRJ2 404600 1115860 120 30 999 NONE NONE 290
	FP_ROUTE KSLC..KRAP

TRACK_TIME 1167737286
TRACK A20110117596428 B737 325100 970160 120 30 999 NONE NONE 390
	FP_ROUTE KDFW..KEWR

TRACK_TIME 1167737286
TRACK A20110117596431 B763 211800 1575400 120 30 999 NONE NONE 370
	FP_ROUTE KHNL..KDFW

TRACK_TIME 1167737286
TRACK A20110117596434 A319 351000 805560 120 30 999 NONE NONE 390
	FP_ROUTE KCLT..KLGA

TRACK_TIME 1167737286
TRACK A20110117596437 E170 433900 702100 120 30 999 NONE NONE 340
	FP_ROUTE KPWM..KDCA

TRACK_TIME 1167737286
TRACK A20110117596449 B737 404800 735200 120 30 999 NONE NONE 380
	FP_ROUTE KLGA..KMKE

TRACK_TIME 1167737286
TRACK A20110117596453 E170 385200 770300 120 30 999 NONE NONE 290
	FP_ROUTE KDCA..KBTV

TRACK_TIME 1167737286
TRACK A20110117596456 B738 325560 970160 120 30 999 NONE NONE 410
	FP_ROUTE KDFW..KMIA

TRACK_TIME 1167737286
TRACK A20110117596463 E170 395260 751200 120 30 999 NONE NONE 340
	FP_ROUTE KPHL..KIAH

TRACK_TIME 1167737286
TRACK A20110117596467 B737 394960 1044600 120 30 999 NONE NONE 400
	FP_ROUTE KDEN..KLAX

TRACK_TIME 1167737286
TRACK A20110117596469 B733 302800 814060 120 30 999 NONE NONE 350
	FP_ROUTE KJAX..KBWI

TRACK_TIME 1167737286
TRACK A20110117596470 E145 412400 815260 120 30 999 NONE NONE 290
	FP_ROUTE KCLE..KMHT

TRACK_TIME 1167737286
TRACK A20110117596471 B712 280000 823300 120 30 999 NONE NONE 330
	FP_ROUTE KTPA..KBWI

TRACK_TIME 1167737286
TRACK A20110117596475 CRJ2 370900 762800 120 30 999 NONE NONE 220
	FP_ROUTE KPHF..KCLT

TRACK_TIME 1167737286
TRACK A20110117596478 B744 333760 842800 120 30 999 NONE NONE 380
	FP_ROUTE KATL..KORD

TRACK_TIME 1167737286
TRACK A20110117596479 B744 415800 875800 120 30 999 NONE NONE 380
	FP_ROUTE KORD..KSEA

TRACK_TIME 1167737286
TRACK A20110117596483 E145 373760 972700 120 30 999 NONE NONE 270
	FP_ROUTE KICT..KIAH

TRACK_TIME 1167737286
TRACK A20110117596493 B737 394300 861900 120 30 999 NONE NONE 400
	FP_ROUTE KIND..KDEN

TRACK_TIME 1167737286
TRACK A20110117596495 CL60 260760 815200 120 30 999 NONE NONE 390
	FP_ROUTE KAPF..KBED

TRACK_TIME 1167737286
TRACK A20110117596500 BE20 335800 962500 120 30 999 NONE NONE 40
	FP_ROUTE KDUA..KTKI

TRACK_TIME 1167737286
TRACK A20110117596501 A320 275800 823300 120 30 999 NONE NONE 350
	FP_ROUTE KTPA..KCLT

TRACK_TIME 1167737286
TRACK A20110117596502 BE20 330700 963600 120 30 999 NONE NONE 230
	FP_ROUTE KTKI..KNEW

TRACK_TIME 1167737286
TRACK A20110117596503 A320 404900 735200 120 30 999 NONE NONE 380
	FP_ROUTE KLGA..KMCO

TRACK_TIME 1167737286
TRACK A20110117596504 A319 351360 805700 120 30 999 NONE NONE 340
	FP_ROUTE KCLT..KMSY

TRACK_TIME 1167737286
TRACK A20110117596505 DH8A 404360 735100 120 30 999 NONE NONE 141
	FP_ROUTE KLGA..KBWI

TRACK_TIME 1167737286
TRACK A20110117596509 B738 260460 800700 120 30 999 NONE NONE 360
	FP_ROUTE KFLL..KMSP

TRACK_TIME 1167737286
TRACK A20110117596515 B712 211900 1575260 120 30 999 NONE NONE 210
	FP_ROUTE KHNL..KKOA

TRACK_TIME 1167737286
TRACK A20110117596518 E145 254800 801600 120 30 999 NONE NONE 360
	FP_ROUTE KMIA..KBNA

TRACK_TIME 1167737286
TRACK A20110117596521 E145 293760 951600 120 30 999 NONE NONE 110
	FP_ROUTE KHOU..KDFW

TRACK_TIME 1167737286
TRACK A20110117596524 SF34 431000 931960 120 30 999 NONE NONE 80
	FP_ROUTE KMCW..KMSP

TRACK_TIME 1167737286
TRACK A20110117596525 CRJ2 395260 751200 120 30 999 NONE NONE 160
	FP_ROUTE KPHL..KBGM

TRACK_TIME 1167737286
TRACK A20110117596528 BE9L 320600 1105560 120 30 999 NONE NONE 120
	FP_ROUTE KTUS..KNYL

TRACK_TIME 1167737286
TRACK A20110117596531 CRJ9 350300 895860 120 30 999 NONE NONE 330
	FP_ROUTE KMEM..KCLT

TRACK_TIME 1167737286
TRACK A20110117596532 DH8A 404800 735200 120 30 999 NONE NONE 150
	FP_ROUTE KLGA..KMHT

TRACK_TIME 1167737286
TRACK A20110117596533 B733 351200 805700 120 30 999 NONE NONE 320
	FP_ROUTE KCLT..KCLE

TRACK_TIME 1167737286
TRACK A20110117596535 F2TH 413100 740400 120 30 999 NONE NONE 40
	FP_ROUTE KSWF..KTEB

TRACK_TIME 1167737286
TRACK A20110117596536 A320 395200 751660 120 30 999 NONE NONE 120
	FP_ROUTE KPHL..KDTW

TRACK_TIME 1167737286
TRACK A20110117596539 B738 325260 970160 120 30 999 NONE NONE 350
	FP_ROUTE KDFW..KPBI

TRACK_TIME 1167737286
TRACK A20110117596542 CRJ2 350300 1063400 120 30 999 NONE NONE 320
	FP_ROUTE KABQ..KSLC

TRACK_TIME 1167737286
TRACK A20110117596546 B752 395200 751360 120 30 999 NONE NONE 320
	FP_ROUTE KPHL..KATL

TRACK_TIME 1167737286
TRACK A20110117596548 B733 404660 1115860 120 30 999 NONE NONE 330
	FP_ROUTE KSLC..KPHX

TRACK_TIME 1167737286
TRACK A20110117596549 B733 282400 811800 120 30 999 NONE NONE 350
	FP_ROUTE KMCO..KRDU

TRACK_TIME 1167737286
TRACK A20110117596554 E145 333400 864360 120 30 999 NONE NONE 360
	FP_ROUTE KBHM..KIAH

TRACK_TIME 1167737286
TRACK A20110117596557 A320 335700 1182700 120 30 999 NONE NONE 350
	FP_ROUTE KLAX..KFLL

TRACK_TIME 1167737286
TRACK A20110117596561 E120 351500 1204000 120 30 999 NONE NONE 170
	FP_ROUTE KSBP..KLAX

TRACK_TIME 1167737286
TRACK A20110117596570 FA50 333760 952700 120 30 999 NONE NONE 100
	FP_ROUTE KPRX..KGLE

TRACK_TIME 1167737286
TRACK A20110117596573 A320 332560 1120160 120 30 999 NONE NONE 320
	FP_ROUTE KPHX..KSLC

TRACK_TIME 1167737286
TRACK A20110117596577 E145 272700 992700 120 30 999 NONE NONE 270
	FP_ROUTE KLRD..KIAH

TRACK_TIME 1167737286
TRACK A20110117596579 C550 373400 844200 120 30 999 NONE NONE 370
	FP_ROUTE KDVK..KMLB

TRACK_TIME 1167737286
TRACK A20110117596584 CRJ2 395100 751660 120 30 999 NONE NONE 320
	FP_ROUTE KPHL..KBHM

TRACK_TIME 1167737286
TRACK A20110117596585 BE20 465400 964900 120 30 999 NONE NONE 60
	FP_ROUTE KFAR..KGFK

TRACK_TIME 1167737286
TRACK A20110117596587 CRJ2 345100 773700 120 30 999 NONE NONE 270
	FP_ROUTE KOAJ..KPHL

TRACK_TIME 1167737286
TRACK A20110117596598 B733 373760 1222200 120 30 999 NONE NONE 350
	FP_ROUTE KSFO..KLAX

TRACK_TIME 1167737286
TRACK A20110117596604 B735 414600 874300 120 30 999 NONE NONE 320
	FP_ROUTE KMDW..KMSP

TRACK_TIME 1167737286
TRACK A20110117596610 CRJ2 404900 735100 120 30 999 NONE NONE 250
	FP_ROUTE KLGA..KPWM

TRACK_TIME 1167737286
TRACK A20110117596612 A320 404600 1115800 120 30 999 NONE NONE 370
	FP_ROUTE KSLC..KPHX

TRACK_TIME 1167737286
TRACK A20110117596613 CRJ2 433760 701500 120 30 999 NONE NONE 260
	FP_ROUTE KPWM..KLGA

TRACK_TIME 1167737286
TRACK A20110117596623 E145 385400 772560 120 30 999 NONE NONE 200
	FP_ROUTE KIAD..KGSP

TRACK_TIME 1167737286
TRACK A20110117596624 E170 385260 770400 120 30 999 NONE NONE 300
	FP_ROUTE KDCA..KIND

TRACK_TIME 1167737286
TRACK A20110117596627 B737 453460 1223700 120 30 999 NONE NONE 390
	FP_ROUTE KPDX..KOAK

TRACK_TIME 1167737286
TRACK A20110117596630 A320 373760 1222100 120 30 999 NONE NONE 360
	FP_ROUTE KSFO..KSEA

TRACK_TIME 1167737286
TRACK A20110117596631 CRJ2 425260 1062860 120 30 999 NONE NONE 320
	FP_ROUTE KCPR..KSLC

TRACK_TIME 1167737286
TRACK A20110117596632 E145 415700 875400 120 30 999 NONE NONE 340
	FP_ROUTE KORD..KRAP

TRACK_TIME 1167737286
TRACK A20110117596633 E145 440400 1030460 120 30 999 NONE NONE 350
	FP_ROUTE KRAP..KORD

TRACK_TIME 1167737286
TRACK A20110117596635 E145 402860 801060 120 30 999 NONE NONE 180
	FP_ROUTE KPIT..KRDU

TRACK_TIME 1167737286
TRACK A20110117596639 A319 454660 1083000 120 30 999 NONE NONE 390
	FP_ROUTE KBIL..KDEN

TRACK_TIME 1167737286
TRACK A20110117596640 A319 260460 800760 120 30 999 NONE NONE 350
	FP_ROUTE KFLL..KATL

TRACK_TIME 1167737286
TRACK A20110117596641 E145 254800 801600 120 30 999 NONE NONE 360
	FP_ROUTE KMIA..KCVG

TRACK_TIME 1167737286
TRACK A20110117596643 B735 404500 740700 120 30 999 NONE NONE 210
	FP_ROUTE KEWR..KBOS

TRACK_TIME 1167737286
TRACK A20110117596653 A319 383900 1213460 120 30 999 NONE NONE 370
	FP_ROUTE KSMF..KORD

TRACK_TIME 1167737286
TRACK A20110117596654 B738 472560 1221900 120 30 999 NONE NONE 390
	FP_ROUTE KSEA..KOAK

TRACK_TIME 1167737286
TRACK A20110117596659 SF34 312800 892200 120 30 999 NONE NONE 81
	FP_ROUTE KPIB..KMEM

TRACK_TIME 1167737286
TRACK A20110117596663 BE9L 393900 1065500 120 30 999 NONE NONE 210
	FP_ROUTE KEGE..KCYS

TRACK_TIME 1167737286
TRACK A20110117596664 CRJ2 390300 844000 120 30 999 NONE NONE 300
	FP_ROUTE KCVG..KMSY

TRACK_TIME 1167737286
TRACK A20110117596672 CRJ2 435400 922800 120 30 999 NONE NONE 99
	FP_ROUTE KRST..KMSP

TRACK_TIME 1167737286
TRACK A20110117596682 C550 344300 921500 120 30 999 NONE NONE 300
	FP_ROUTE KLIT..KMKC

TRACK_TIME 1167737286
TRACK A20110117596699 B712 333760 842400 120 30 999 NONE NONE 141
	FP_ROUTE KATL..KATL

TRACK_TIME 1167737286
TRACK A20110117596703 E145 404000 734500 120 30 999 NONE NONE 180
	FP_ROUTE KJFK..KRIC

TRACK_TIME 1167737286
TRACK A20110117596704 E145 373300 771900 120 30 999 NONE NONE 150
	FP_ROUTE KRIC..KJFK

TRACK_TIME 1167737286
TRACK A20110117596706 CRJ2 402860 801060 120 30 999 NONE NONE 280
	FP_ROUTE KPIT..KMSP

TRACK_TIME 1167737286
TRACK A20110117596707 A319 324500 1171300 120 30 999 NONE NONE 360
	FP_ROUTE KSAN..KSFO

TRACK_TIME 1167737286
TRACK A20110117596709 C550 390300 944060 120 30 999 NONE NONE 290
	FP_ROUTE KMKC..KLIT

TRACK_TIME 1167737286
TRACK A20110117596710 B735 260900 981360 120 30 999 NONE NONE 350
	FP_ROUTE KMFE..KIAH

TRACK_TIME 1167737286
TRACK A20110117596715 A320 422200 705860 120 30 999 NONE NONE 360
	FP_ROUTE KBOS..KRSW

TRACK_TIME 1167737286
TRACK A20110117596716 B737 260460 800760 120 30 999 NONE NONE 220
	FP_ROUTE KFLL..KTPA

TRACK_TIME 1167737286
TRACK A20110117596718 B737 293100 982800 120 30 999 NONE NONE 370
	FP_ROUTE KSAT..KEWR

TRACK_TIME 1167737286
TRACK A20110117596723 B712 410460 734300 120 30 999 NONE NONE 320
	FP_ROUTE KHPN..KPBI

TRACK_TIME 1167737286
TRACK A20110117596725 B712 395260 751300 120 30 999 NONE NONE 360
	FP_ROUTE KPHL..KMCO

TRACK_TIME 1167737286
TRACK A20110117596726 B737 421060 832260 120 30 999 NONE NONE 410
	FP_ROUTE KDTW..KMCO

TRACK_TIME 1167737286
TRACK A20110117596727 B737 333900 842260 120 30 999 NONE NONE 380
	FP_ROUTE KATL..KDFW

TRACK_TIME 1167737286
TRACK A20110117596728 B712 373160 771900 120 30 999 NONE NONE 340
	FP_ROUTE KRIC..KATL

TRACK_TIME 1167737286
TRACK A20110117596732 E170 420000 875100 120 30 999 NONE NONE 280
	FP_ROUTE KORD..KMSP

TRACK_TIME 1167737286
TRACK A20110117596733 E170 445400 931500 120 30 999 NONE NONE 290
	FP_ROUTE KMSP..KORD

TRACK_TIME 1167737286
TRACK A20110117596740 A306 350000 895800 120 30 999 NONE NONE 350
	FP_ROUTE KMEM..KMIA

TRACK_TIME 1167737286
TRACK A20110117596745 SF34 311960 923400 120 30 999 NONE NONE 59
	FP_ROUTE KAEX..KIAH

TRACK_TIME 1167737286
TRACK A20110117596749 B712 333760 842200 120 30 999 NONE NONE 320
	FP_ROUTE KATL..KHOU

TRACK_TIME 1167737286
TRACK A20110117596750 B752 260460 800760 120 30 999 NONE NONE 390
	FP_ROUTE KFLL..KDTW

TRACK_TIME 1167737286
TRACK A20110117596754 B737 275560 823300 120 30 999 NONE NONE 400
	FP_ROUTE KTPA..KBNA

TRACK_TIME 1167737286
TRACK A20110117596755 B737 395700 1043900 120 30 999 NONE NONE 390
	FP_ROUTE KDEN..KATL

TRACK_TIME 1167737286
TRACK A20110117596758 CRJ2 465560 1140760 120 30 999 NONE NONE 310
	FP_ROUTE KMSO..KDEN

TRACK_TIME 1167737286
TRACK A20110117596759 CRJ2 351360 805700 120 30 999 NONE NONE 260
	FP_ROUTE KCLT..KLEX

TRACK_TIME 1167737286
TRACK A20110117596762 A320 402860 801200 120 30 999 NONE NONE 110
	FP_ROUTE KPIT..KORD

TRACK_TIME 1167737286
TRACK A20110117596764 B733 324800 964800 120 30 999 NONE NONE 200
	FP_ROUTE KDAL..KAUS

TRACK_TIME 1167737286
TRACK A20110117596766 B737 360600 1150900 120 30 999 NONE NONE 371
	FP_ROUTE KLAS..KPIT

TRACK_TIME 1167737286
TRACK A20110117596767 B752 403900 735200 120 30 999 NONE NONE 380
	FP_ROUTE KJFK..KMIA

TRACK_TIME 1167737286
TRACK A20110117596768 CRJ2 380100 843760 120 30 999 NONE NONE 90
	FP_ROUTE KLEX..KCLT

TRACK_TIME 1167737286
TRACK A20110117596769 A319 360600 1150900 120 30 999 NONE NONE 290
	FP_ROUTE KLAS..KPHX

TRACK_TIME 1167737286
TRACK A20110117596773 B752 333900 1175260 120 30 999 NONE NONE 370
	FP_ROUTE KSNA..KORD

TRACK_TIME 1167737286
TRACK A20110117596776 SF34 385200 770460 120 30 999 NONE NONE 80
	FP_ROUTE KDCA..KCRW

TRACK_TIME 1167737286
TRACK A20110117596777 B737 395260 1043400 120 30 999 NONE NONE 390
	FP_ROUTE KDEN..KSTL

TRACK_TIME 1167737286
TRACK A20110117596778 BE9L 355860 855700 120 30 999 NONE NONE 40
	FP_ROUTE K0A3..KBNA

TRACK_TIME 1167737286
TRACK A20110117596786 CRJ1 421060 832260 120 30 999 NONE NONE 260
	FP_ROUTE KDTW..KLEX

TRACK_TIME 1167737286
TRACK A20110117596789 E145 350000 895860 120 30 999 NONE NONE 320
	FP_ROUTE KMEM..KIAH

TRACK_TIME 1167737286
TRACK A20110117596796 B738 385200 770300 120 30 999 NONE NONE 320
	FP_ROUTE KDCA..KIAH

TRACK_TIME 1167737286
TRACK A20110117596799 B737 414660 874360 120 30 999 NONE NONE 410
	FP_ROUTE KMDW..KBOS

TRACK_TIME 1167737286
TRACK A20110117596800 E145 351060 1014500 120 30 999 NONE NONE 330
	FP_ROUTE KAMA..KIAH

TRACK_TIME 1167737286
TRACK A20110117596802 FA50 261500 814360 120 30 999 NONE NONE 410
	FP_ROUTE KAPF..KTEB

TRACK_TIME 1167737286
TRACK A20110117596803 B737 360760 863900 120 30 999 NONE NONE 330
	FP_ROUTE KBNA..KJAX

TRACK_TIME 1167737286
TRACK A20110117596804 B752 404360 734960 120 30 999 NONE NONE 380
	FP_ROUTE KLGA..KATL

TRACK_TIME 1167737286
TRACK A20110117596807 C560 361000 865260 120 30 999 NONE NONE 380
	FP_ROUTE KJWN..KAMA

TRACK_TIME 1167737286
TRACK A20110117596808 LJ35 443900 853600 120 30 999 NONE NONE 350
	FP_ROUTE KTVC..KBAK

TRACK_TIME 1167737286
TRACK A20110117596811 C560 351900 1014600 120 30 999 NONE NONE 400
	FP_ROUTE KAMA..KSFO

TRACK_TIME 1167737286
TRACK A20110117596814 BE20 335700 841800 120 30 999 NONE NONE 110
	FP_ROUTE KPDK..KVLD

TRACK_TIME 1167737286
TRACK A20110117596816 E135 400000 825260 120 30 999 NONE NONE 330
	FP_ROUTE KCMH..KLGA

TRACK_TIME 1167737286
TRACK A20110117596821 B733 325260 970300 120 30 999 NONE NONE 340
	FP_ROUTE KDFW..KLAS

TRACK_TIME 1167737286
TRACK A20110117596830 E145 415800 875560 120 30 999 NONE NONE 360
	FP_ROUTE KORD..KMEM

TRACK_TIME 1167737286
TRACK A20110117596834 B712 211900 1575400 120 30 999 NONE NONE 130
	FP_ROUTE KHNL..KOGG

TRACK_TIME 1167737286
TRACK A20110117596835 DH8A 365400 761200 120 30 999 NONE NONE 40
	FP_ROUTE KORF..KPHL

TRACK_TIME 1167737286
TRACK A20110117596836 B772 404000 734500 120 30 999 NONE NONE 320
	FP_ROUTE KJFK..KMIA

TRACK_TIME 1167737286
TRACK A20110117596852 B737 395200 1043400 120 30 999 NONE NONE 390
	FP_ROUTE KDEN..KHOU

TRACK_TIME 1167737286
TRACK A20110117596857 E170 385200 770300 120 30 999 NONE NONE 290
	FP_ROUTE KDCA..KBTV

TRACK_TIME 1167737286
TRACK A20110117596863 B733 351060 805560 120 30 999 NONE NONE 290
	FP_ROUTE KCLT..KPVD

TRACK_TIME 1167737286
TRACK A20110117596864 A321 350900 805700 120 30 999 NONE NONE 290
	FP_ROUTE KCLT..KPIT

TRACK_TIME 1167737286
TRACK A20110117596866 DH8D 404360 740760 120 30 999 NONE NONE 220
	FP_ROUTE KEWR..KRDU

TRACK_TIME 1167737286
TRACK A20110117596870 E120 404660 1115860 120 30 999 NONE NONE 139
	FP_ROUTE KSLC..KCDC

TRACK_TIME 1167737286
TRACK A20110117596878 E120 374300 1130460 120 30 999 NONE NONE 270
	FP_ROUTE KCDC..KSLC

TRACK_TIME 1167737286
TRACK A20110117596879 DH8D 355260 784660 120 30 999 NONE NONE 240
	FP_ROUTE KRDU..KCLE

TRACK_TIME 1167737286
TRACK A20110117596881 CRJ2 395260 751200 120 30 999 NONE NONE 250
	FP_ROUTE KPHL..KBTV

TRACK_TIME 1167737286
TRACK A20110117596883 A320 392860 743760 120 30 999 NONE NONE 320
	FP_ROUTE KACY..KFLL

TRACK_TIME 1167737286
TRACK A20110117596884 CRJ2 423300 922200 120 30 999 NONE NONE 99
	FP_ROUTE KALO..KMSP

TRACK_TIME 1167737286
TRACK A20110117596892 B733 321360 900300 120 30 999 NONE NONE 340
	FP_ROUTE KJAN..KHOU

TRACK_TIME 1167737286
TRACK A20110117596893 E190 395100 751900 120 30 999 NONE NONE 80
	FP_ROUTE KPHL..KLGA

TRACK_TIME 1167737286
TRACK A20110117596896 B737 335700 1182560 120 30 999 NONE NONE 330
	FP_ROUTE KLAX..KPHX

TRACK_TIME 1167737286
TRACK A20110117596899 A319 421060 832100 120 30 999 NONE NONE 390
	FP_ROUTE KDTW..KLGA

TRACK_TIME 1167737286
TRACK A20110117596900 E135 324500 1171360 120 30 999 NONE NONE 100
	FP_ROUTE KSAN..KLAX

TRACK_TIME 1167737286
TRACK A20110117596904 A320 385700 773000 120 30 999 NONE NONE 380
	FP_ROUTE KIAD..KMCO

TRACK_TIME 1167737286
TRACK A20110117596912 B733 293760 951800 120 30 999 NONE NONE 340
	FP_ROUTE KHOU..KABQ

TRACK_TIME 1167737286
TRACK A20110117596914 CRJ2 370760 1074360 120 30 999 NONE NONE 250
	FP_ROUTE KDRO..KDEN

TRACK_TIME 1167737286
TRACK A20110117596915 B738 301900 973700 120 30 999 NONE NONE 50
	FP_ROUTE KAUS..KIAH

TRACK_TIME 1167737286
TRACK A20110117596919 B735 445100 931360 120 30 999 NONE NONE 340
	FP_ROUTE KMSP..KPHX

TRACK_TIME 1167737286
TRACK A20110117596922 CRJ1 355260 784660 120 30 999 NONE NONE 340
	FP_ROUTE KRDU..KMCO

TRACK_TIME 1167737286
TRACK A20110117596933 CRJ2 361000 794800 120 30 999 NONE NONE 260
	FP_ROUTE KGSO..KATL

TRACK_TIME 1167737286
TRACK A20110117596934 CRJ2 435400 922860 120 30 999 NONE NONE 99
	FP_ROUTE KRST..KMSP

TRACK_TIME 1167737286
TRACK A20110117596942 C560 425400 1123600 120 30 999 NONE NONE 190
	FP_ROUTE KPIH..KJAC

TRACK_TIME 1167737286
TRACK A20110117596947 B752 333760 842200 120 30 999 NONE NONE 390
	FP_ROUTE KATL..KSJU

TRACK_TIME 1167737286
TRACK A20110117596948 A319 275860 823300 120 30 999 NONE NONE 230
	FP_ROUTE KTPA..KFLL

TRACK_TIME 1167737286
TRACK A20110117596950 C560 393460 1045100 120 30 999 NONE NONE 370
	FP_ROUTE KAPA..KCNM

TRACK_TIME 1167737286
TRACK A20110117596953 MD82 282400 811900 120 30 999 NONE NONE 320
	FP_ROUTE KMCO..KORD

TRACK_TIME 1167737286
TRACK A20110117596954 A320 260460 800760 120 30 999 NONE NONE 350
	FP_ROUTE KFLL..KCVG

TRACK_TIME 1167737286
TRACK A20110117596956 B763 444900 685100 120 30 999 NONE NONE 380
	FP_ROUTE KBGR..KGRK

TRACK_TIME 1167737286
TRACK A20110117596959 MD83 325200 970300 120 30 999 NONE NONE 320
	FP_ROUTE KDFW..KMCI

TRACK_TIME 1167737286
TRACK A20110117596970 A319 395260 1044600 120 30 999 NONE NONE 380
	FP_ROUTE KDEN..KPHX

TRACK_TIME 1167737286
TRACK A20110117596978 B712 333900 842260 120 30 999 NONE NONE 340
	FP_ROUTE KATL..KICT

TRACK_TIME 1167737286
TRACK A20110117596985 B735 412500 814960 120 30 999 NONE NONE 310
	FP_ROUTE KCLE..KEWR

TRACK_TIME 1167737286
TRACK A20110117596999 B737 393100 1194600 120 30 999 NONE NONE 390
	FP_ROUTE KRNO..KSAN

TRACK_TIME 1167737286
TRACK A20110117597000 CRJ2 351200 805560 120 30 999 NONE NONE 170
	FP_ROUTE KCLT..KILM

TRACK_TIME 1167737286
TRACK A20110117597004 E135 400000 825260 120 30 999 NONE NONE 100
	FP_ROUTE KCMH..KLGA

TRACK_TIME 1167737286
TRACK A20110117597005 B753 211900 1575260 120 30 999 NONE NONE 340
	FP_ROUTE KHNL..KSFO

TRACK_TIME 1167737286
TRACK A20110117597006 MD82 295700 952100 120 30 999 NONE NONE 110
	FP_ROUTE KIAH..KDFW

TRACK_TIME 1167737286
TRACK A20110117597007 CRJ2 370300 1133460 120 30 999 NONE NONE 250
	FP_ROUTE KDXZ..KSLC

TRACK_TIME 1167737286
TRACK A20110117597010 B752 282500 811900 120 30 999 NONE NONE 350
	FP_ROUTE KMCO..KATL

TRACK_TIME 1167737286
TRACK A20110117597012 E145 295700 952100 120 30 999 NONE NONE 200
	FP_ROUTE KIAH..KSAT

TRACK_TIME 1167737286
TRACK A20110117597013 E170 385260 770400 120 30 999 NONE NONE 210
	FP_ROUTE KDCA..KLGA

TRACK_TIME 1167737286
TRACK A20110117597016 CRJ2 385860 1044060 120 30 999 NONE NONE 120
	FP_ROUTE KCOS..KDEN

TRACK_TIME 1167737286
TRACK A20110117597021 E120 404800 1120000 120 30 999 NONE NONE 261
	FP_ROUTE KSLC..KCDC

TRACK_TIME 1167737286
TRACK A20110117597022 B763 385260 772860 120 30 999 NONE NONE 360
	FP_ROUTE KIAD..KORD

TRACK_TIME 1167737286
TRACK A20110117597023 E145 415700 875800 120 30 999 NONE NONE 340
	FP_ROUTE KORD..KTUL

TRACK_TIME 1167737286
TRACK A20110117597035 SF34 292200 1004900 120 30 999 NONE NONE 150
	FP_ROUTE KDRT..KIAH

TRACK_TIME 1167737286
TRACK A20110117597036 B733 414500 874600 120 30 999 NONE NONE 330
	FP_ROUTE KMDW..KBNA

TRACK_TIME 1167737286
TRACK A20110117597037 B733 360600 864060 120 30 999 NONE NONE 350
	FP_ROUTE KBNA..KTPA

TRACK_TIME 1167737286
TRACK A20110117597040 A320 260460 800760 120 30 999 NONE NONE 350
	FP_ROUTE KFLL..KEWR

TRACK_TIME 1167737286
TRACK A20110117597041 B733 425560 875400 120 30 999 NONE NONE 370
	FP_ROUTE KMKE..KBWI

TRACK_TIME 1167737286
TRACK A20110117597042 E170 404600 735100 120 30 999 NONE NONE 340
	FP_ROUTE KLGA..KORD

TRACK_TIME 1167737286
TRACK A20110117597047 E170 300000 901500 120 30 999 NONE NONE 350
	FP_ROUTE KMSY..KCLT

TRACK_TIME 1167737286
TRACK A20110117597051 B738 412260 815260 120 30 999 NONE NONE 360
	FP_ROUTE KCLE..KIAH

TRACK_TIME 1167737286
TRACK A20110117597056 E170 385200 770300 120 30 999 NONE NONE 290
	FP_ROUTE KDCA..KPWM

TRACK_TIME 1167737286
TRACK A20110117597060 CRJ2 425560 875400 120 30 999 NONE NONE 270
	FP_ROUTE KMKE..KIND

TRACK_TIME 1167737286
TRACK A20110117597061 B735 293300 982700 120 30 999 NONE NONE 230
	FP_ROUTE KSAT..KDAL

TRACK_TIME 1167737286
TRACK A20110117597075 B737 300000 901500 120 30 999 NONE NONE 380
	FP_ROUTE KMSY..KDAL

TRACK_TIME 1167737286
TRACK A20110117597077 CRJ2 421300 832200 120 30 999 NONE NONE 160
	FP_ROUTE KDTW..KTVC

TRACK_TIME 1167737286
TRACK A20110117597081 CRJ9 301800 973600 120 30 999 NONE NONE 350
	FP_ROUTE KAUS..KMEM

TRACK_TIME 1167737286
TRACK A20110117597084 CRJ9 332500 1120300 120 30 999 NONE NONE 320
	FP_ROUTE KPHX..KLGB

TRACK_TIME 1167737286
TRACK A20110117597087 A319 374000 1222200 120 30 999 NONE NONE 330
	FP_ROUTE KSFO..KLAX

TRACK_TIME 1167737286
TRACK A20110117597090 A319 404600 735100 120 30 999 NONE NONE 220
	FP_ROUTE KLGA..KDCA

TRACK_TIME 1167737286
TRACK A20110117597091 B733 360600 1150900 120 30 999 NONE NONE 290
	FP_ROUTE KLAS..KPHX

TRACK_TIME 1167737286
TRACK A20110117597098 B738 472560 1221900 120 30 999 NONE NONE 360
	FP_ROUTE KSEA..KANC

TRACK_TIME 1167737286
TRACK A20110117597106 E145 295860 951800 120 30 999 NONE NONE 350
	FP_ROUTE KIAH..KMCI

TRACK_TIME 1167737286
TRACK A20110117597113 CRJ2 384900 1044060 120 30 999 NONE NONE 340
	FP_ROUTE KCOS..KLAX

TRACK_TIME 1167737286
TRACK A20110117597125 B752 373900 1222100 120 30 999 NONE NONE 370
	FP_ROUTE KSFO..KORD

TRACK_TIME 1167737286
TRACK A20110117597128 LJ35 404000 752500 120 30 999 NONE NONE 175
	FP_ROUTE KABE..KACK

TRACK_TIME 1167737286
TRACK A20110117597129 LJ35 411660 700100 120 30 999 NONE NONE 200
	FP_ROUTE KACK..KMMU

TRACK_TIME 1167737286
TRACK A20110117597131 CRJ2 445200 931000 120 30 999 NONE NONE 40
	FP_ROUTE KMSP..KATW

TRACK_TIME 1167737286
TRACK A20110117597132 CRJ2 395260 1043400 120 30 999 NONE NONE 270
	FP_ROUTE KDEN..KRAP

TRACK_TIME 1167737286
TRACK A20110117597136 LJ35 404900 742400 120 30 999 NONE NONE 36
	FP_ROUTE KMMU..KABE

TRACK_TIME 1167737286
TRACK A20110117597137 CRJ2 404900 964500 120 30 999 NONE NONE 330
	FP_ROUTE KLNK..KORD

TRACK_TIME 1167737286
TRACK A20110117597138 CRJ2 464660 1004600 120 30 999 NONE NONE 340
	FP_ROUTE KBIS..KDEN

TRACK_TIME 1167737286
TRACK A20110117597139 SF34 385700 773100 120 30 999 NONE NONE 90
	FP_ROUTE KIAD..KHPN

TRACK_TIME 1167737286
TRACK A20110117597140 SF34 410460 734600 120 30 999 NONE NONE 140
	FP_ROUTE KHPN..KIAD

TRACK_TIME 1167737286
TRACK A20110117597141 A320 373760 1222200 120 30 999 NONE NONE 370
	FP_ROUTE KSFO..KIAD

TRACK_TIME 1167737286
TRACK A20110117597144 CRJ2 395800 1043900 120 30 999 NONE NONE 330
	FP_ROUTE KDEN..KCID

TRACK_TIME 1167737286
TRACK A20110117597145 SF34 385400 772800 120 30 999 NONE NONE 120
	FP_ROUTE KIAD..KCKB

TRACK_TIME 1167737286
TRACK A20110117597146 SF34 392560 800100 120 30 999 NONE NONE 40
	FP_ROUTE KCKB..KMGW

TRACK_TIME 1167737286
TRACK A20110117597147 SF34 393700 795560 120 30 999 NONE NONE 109
	FP_ROUTE KMGW..KIAD

TRACK_TIME 1167737286
TRACK A20110117597150 CRJ1 415800 875560 120 30 999 NONE NONE 230
	FP_ROUTE KORD..KCVG

TRACK_TIME 1167737286
TRACK A20110117597152 B738 644600 1480100 120 30 999 NONE NONE 330
	FP_ROUTE KFAI..KANC

TRACK_TIME 1167737286
TRACK A20110117597164 CRJ9 351060 805700 120 30 999 NONE NONE 240
	FP_ROUTE KCLT..KBNA

TRACK_TIME 1167737286
TRACK A20110117597165 B712 333760 841960 120 30 999 NONE NONE 330
	FP_ROUTE KATL..KFLL

TRACK_TIME 1167737286
TRACK A20110117597169 C510 404900 1120000 120 30 999 NONE NONE 360
	FP_ROUTE KSLC..KMYF

TRACK_TIME 1167737286
TRACK A20110117597173 MD83 275560 824200 120 30 999 NONE NONE 320
	FP_ROUTE KPIE..KPIA

TRACK_TIME 1167737286
TRACK A20110117597175 A320 373900 1222100 120 30 999 NONE NONE 330
	FP_ROUTE KSFO..KMSP

TRACK_TIME 1167737286
TRACK A20110117597176 E145 295860 951800 120 30 999 NONE NONE 280
	FP_ROUTE KIAH..KICT

TRACK_TIME 1167737286
TRACK A20110117597180 A320 445100 931360 120 30 999 NONE NONE 350
	FP_ROUTE KMSP..KMIA

TRACK_TIME 1167737286
TRACK A20110117597181 B712 414600 874300 120 30 999 NONE NONE 330
	FP_ROUTE KMDW..KATL

TRACK_TIME 1167737286
TRACK A20110117597184 B712 425560 875400 120 30 999 NONE NONE 370
	FP_ROUTE KMKE..KDCA

TRACK_TIME 1167737286
TRACK A20110117597189 CRJ2 415700 875400 120 30 999 NONE NONE 340
	FP_ROUTE KORD..KOMA

TRACK_TIME 1167737286
TRACK A20110117597191 B737 360700 1150900 120 30 999 NONE NONE 390
	FP_ROUTE KLAS..KMDW

TRACK_TIME 1167737286
TRACK A20110117597194 B733 315260 1020460 120 30 999 NONE NONE 110
	FP_ROUTE KMAF..KDAL

TRACK_TIME 1167737286
TRACK A20110117597195 E145 333400 864500 120 30 999 NONE NONE 320
	FP_ROUTE KBHM..KIAH

TRACK_TIME 1167737286
TRACK A20110117597196 E170 351200 805700 120 30 999 NONE NONE 320
	FP_ROUTE KCLT..KIND

TRACK_TIME 1167737286
TRACK A20110117597198 CRJ2 442500 730760 120 30 999 NONE NONE 100
	FP_ROUTE KBTV..KPHL

TRACK_TIME 1167737286
TRACK A20110117597201 B733 324900 964900 120 30 999 NONE NONE 110
	FP_ROUTE KDAL..KHOU

TRACK_TIME 1167737286
TRACK A20110117597203 E135 425560 875400 120 30 999 NONE NONE 100
	FP_ROUTE KMKE..KATW

TRACK_TIME 1167737286
TRACK A20110117597204 E145 371360 932260 120 30 999 NONE NONE 330
	FP_ROUTE KSGF..KORD

TRACK_TIME 1167737286
TRACK A20110117597205 E170 385200 770300 120 30 999 NONE NONE 111
	FP_ROUTE KDCA..KPHL

TRACK_TIME 1167737286
TRACK A20110117597206 A319 385260 772560 120 30 999 NONE NONE 340
	FP_ROUTE KIAD..KTPA

TRACK_TIME 1167737286
TRACK A20110117597207 DH8D 453460 1223700 120 30 999 NONE NONE 140
	FP_ROUTE KPDX..KSEA

TRACK_TIME 1167737286
TRACK A20110117597208 A321 351200 805560 120 30 999 NONE NONE 300
	FP_ROUTE KCLT..KTPA

TRACK_TIME 1167737286
TRACK A20110117597214 A320 351060 805700 120 30 999 NONE NONE 380
	FP_ROUTE KCLT..KMSP

TRACK_TIME 1167737286
TRACK A20110117597215 A321 351360 805800 120 30 999 NONE NONE 280
	FP_ROUTE KCLT..KORD

TRACK_TIME 1167737286
TRACK A20110117597216 E170 395260 751300 120 30 999 NONE NONE 100
	FP_ROUTE KPHL..KDCA

TRACK_TIME 1167737286
TRACK A20110117597217 E145 404500 740700 120 30 999 NONE NONE 180
	FP_ROUTE KEWR..KROC

TRACK_TIME 1167737286
TRACK A20110117597220 B772 385400 772700 120 30 999 NONE NONE 380
	FP_ROUTE KIAD..KDEN

TRACK_TIME 1167737286
TRACK A20110117597221 CRJ1 355400 784660 120 30 999 NONE NONE 320
	FP_ROUTE KRDU..KSTL

TRACK_TIME 1167737286
TRACK A20110117597223 E145 430760 774000 120 30 999 NONE NONE 200
	FP_ROUTE KROC..KCLE

TRACK_TIME 1167737286
TRACK A20110117597225 DH8A 404500 735100 120 30 999 NONE NONE 80
	FP_ROUTE KLGA..KPHL

TRACK_TIME 1167737286
TRACK A20110117597227 B737 282400 811800 120 30 999 NONE NONE 390
	FP_ROUTE KMCO..KPIT

TRACK_TIME 1167737286
TRACK A20110117597230 C550 294060 821500 120 30 999 NONE NONE 41
	FP_ROUTE KGNV..KSGJ

TRACK_TIME 1167737286
TRACK A20110117597238 B752 404800 735200 120 30 999 NONE NONE 380
	FP_ROUTE KLGA..KATL

TRACK_TIME 1167737286
TRACK A20110117597240 CRJ2 351360 805560 120 30 999 NONE NONE 111
	FP_ROUTE KCLT..KFLO

TRACK_TIME 1167737286
TRACK A20110117597241 BE9L 433100 1142800 120 30 999 NONE NONE 180
	FP_ROUTE KSUN..KPDX

TRACK_TIME 1167737286
TRACK A20110117597242 B733 422100 710100 120 30 999 NONE NONE 280
	FP_ROUTE KBOS..KPHL

TRACK_TIME 1167737286
TRACK A20110117597243 C550 295800 812200 120 30 999 NONE NONE 360
	FP_ROUTE KSGJ..KSBN

TRACK_TIME 1167737286
TRACK A20110117597245 A320 384360 901660 120 30 999 NONE NONE 120
	FP_ROUTE KSTL..KDTW

TRACK_TIME 1167737286
TRACK A20110117597246 B737 372500 1215860 120 30 999 NONE NONE 310
	FP_ROUTE KSJC..KLAS

TRACK_TIME 1167737286
TRACK A20110117597247 B737 360600 1150900 120 30 999 NONE NONE 390
	FP_ROUTE KLAS..KABQ

TRACK_TIME 1167737286
TRACK A20110117597251 C550 414200 861600 120 30 999 NONE NONE 370
	FP_ROUTE KSBN..KSGJ

TRACK_TIME 1167737286
TRACK A20110117597252 C550 295800 812200 120 30 999 NONE NONE 40
	FP_ROUTE KSGJ..KGNV

TRACK_TIME 1167737286
TRACK A20110117597253 CRJ2 341200 794060 120 30 999 NONE NONE 40
	FP_ROUTE KFLO..KCLT

TRACK_TIME 1167737286
TRACK A20110117597254 B737 414360 712500 120 30 999 NONE NONE 400
	FP_ROUTE KPVD..KMCO

TRACK_TIME 1167737286
TRACK A20110117597261 E170 333760 842100 120 30 999 NONE NONE 350
	FP_ROUTE KATL..KIAD

TRACK_TIME 1167737286
TRACK A20110117597262 E170 394660 1043900 120 30 999 NONE NONE 370
	FP_ROUTE KDEN..KSDF

TRACK_TIME 1167737286
TRACK A20110117597263 E145 254660 801900 120 30 999 NONE NONE 270
	FP_ROUTE KMIA..KJAX

TRACK_TIME 1167737286
TRACK A20110117597264 C750 335500 1182860 120 30 999 NONE NONE 410
	FP_ROUTE KLAX..KCOU

TRACK_TIME 1167737286
TRACK A20110117597265 C750 384800 921360 120 30 999 NONE NONE 430
	FP_ROUTE KCOU..KMTJ

TRACK_TIME 1167737286
TRACK A20110117597267 E145 352200 973700 120 30 999 NONE NONE 290
	FP_ROUTE KOKC..KIAH

TRACK_TIME 1167737286
TRACK A20110117597272 C560 351360 805560 120 30 999 NONE NONE 230
	FP_ROUTE KCLT..KRIC

TRACK_TIME 1167737286
TRACK A20110117597275 A319 295700 952100 120 30 999 NONE NONE 370
	FP_ROUTE KIAH..KATL

TRACK_TIME 1167737286
TRACK A20110117597276 A319 333900 842260 120 30 999 NONE NONE 340
	FP_ROUTE KATL..KMDW

TRACK_TIME 1167737286
TRACK A20110117597278 C560 373300 771960 120 30 999 NONE NONE 380
	FP_ROUTE KRIC..KTPA

TRACK_TIME 1167737286
TRACK A20110117597279 E170 403000 801660 120 30 999 NONE NONE 210
	FP_ROUTE KPIT..KDCA

TRACK_TIME 1167737286
TRACK A20110117597286 B738 295700 951960 120 30 999 NONE NONE 370
	FP_ROUTE KIAH..KPHL

TRACK_TIME 1167737286
TRACK A20110117597288 E145 415560 875400 120 30 999 NONE NONE 110
	FP_ROUTE KORD..KCVG

TRACK_TIME 1167737286
TRACK A20110117597289 A319 404500 735100 120 30 999 NONE NONE 360
	FP_ROUTE KLGA..KJAX

TRACK_TIME 1167737286
TRACK A20110117597290 E145 415700 874960 120 30 999 NONE NONE 350
	FP_ROUTE KORD..KTYS

TRACK_TIME 1167737286
TRACK A20110117597294 CRJ2 371960 795800 120 30 999 NONE NONE 130
	FP_ROUTE KROA..KCLT

TRACK_TIME 1167737286
TRACK A20110117597300 BE9L 243900 814200 120 30 999 NONE NONE 41
	FP_ROUTE KEYW..KFMY

TRACK_TIME 1167737286
TRACK A20110117597301 CRJ2 413160 933900 120 30 999 NONE NONE 290
	FP_ROUTE KDSM..KMKE

TRACK_TIME 1167737286
TRACK A20110117597303 CRJ2 465100 921360 120 30 999 NONE NONE 190
	FP_ROUTE KDLH..KMSP

TRACK_TIME 1167737286
TRACK A20110117597308 B737 333760 1175400 120 30 999 NONE NONE 250
	FP_ROUTE KSNA..KLAS

TRACK_TIME 1167737286
TRACK A20110117597309 B733 332560 1120160 120 30 999 NONE NONE 319
	FP_ROUTE KPHX..KONT

TRACK_TIME 1167737286
TRACK A20110117597310 B737 360700 1150900 120 30 999 NONE NONE 370
	FP_ROUTE KLAS..KMDW

TRACK_TIME 1167737286
TRACK A20110117597311 E145 321600 900400 120 30 999 NONE NONE 340
	FP_ROUTE KJAN..KDFW

TRACK_TIME 1167737286
TRACK A20110117597317 E145 295700 952100 120 30 999 NONE NONE 300
	FP_ROUTE KIAH..KMAF

TRACK_TIME 1167737286
TRACK A20110117597325 E145 254800 801600 120 30 999 NONE NONE 360
	FP_ROUTE KMIA..KMEM

TRACK_TIME 1167737286
TRACK A20110117597333 BE9L 353460 1091600 120 30 999 NONE NONE 201
	FP_ROUTE KRQE..KPHX

TRACK_TIME 1167737286
TRACK A20110117597337 BE9L 332560 1120400 120 30 999 NONE NONE 231
	FP_ROUTE KPHX..KRQE

TRACK_TIME 1167737286
TRACK A20110117597338 BE9L 393600 1045200 120 30 999 NONE NONE 220
	FP_ROUTE KAPA..KEGE

TRACK_TIME 1167737286
TRACK A20110117597340 CRJ2 421200 832100 120 30 999 NONE NONE 240
	FP_ROUTE KDTW..KLEX

TRACK_TIME 1167737286
TRACK A20110117597343 E135 410600 734500 120 30 999 NONE NONE 320
	FP_ROUTE KHPN..KORD

TRACK_TIME 1167737286
TRACK A20110117597344 E170 400000 825200 120 30 999 NONE NONE 290
	FP_ROUTE KCMH..KIAD

TRACK_TIME 1167737286
TRACK A20110117597350 E135 412200 754200 120 30 999 NONE NONE 360
	FP_ROUTE KAVP..KORD

TRACK_TIME 1167737286
TRACK A20110117597356 CRJ2 405700 812400 120 30 999 NONE NONE 250
	FP_ROUTE KCAK..KPHL

TRACK_TIME 1167737286
TRACK A20110117597359 E190 422200 705860 120 30 999 NONE NONE 280
	FP_ROUTE KBOS..KIAD

TRACK_TIME 1167737286
TRACK A20110117597364 CRJ2 341660 775260 120 30 999 NONE NONE 280
	FP_ROUTE KILM..KATL

TRACK_TIME 1167737286
TRACK A20110117597365 B752 421200 832100 120 30 999 NONE NONE 380
	FP_ROUTE KDTW..KFLL

TRACK_TIME 1167737286
TRACK A20110117597366 CRJ2 443900 931060 120 30 999 NONE NONE 360
	FP_ROUTE KLEX..KMSP

TRACK_TIME 1167737286
TRACK A20110117597367 DH8D 433400 1161500 120 30 999 NONE NONE 180
	FP_ROUTE KBOI..KSEA

TRACK_TIME 1167737286
TRACK A20110117597369 B712 205400 1562500 120 30 999 NONE NONE 160
	FP_ROUTE KOGG..KHNL

TRACK_TIME 1167737286
TRACK A20110117597372 B737 332560 1115860 120 30 999 NONE NONE 380
	FP_ROUTE KPHX..KSEA

TRACK_TIME 1167737286
TRACK A20110117597379 A321 351060 805560 120 30 999 NONE NONE 240
	FP_ROUTE KCLT..KJAX

TRACK_TIME 1167737286
TRACK A20110117597380 A320 374000 1222200 120 30 999 NONE NONE 370
	FP_ROUTE KSFO..KPHX

TRACK_TIME 1167737286
TRACK A20110117597382 A319 472560 1221800 120 30 999 NONE NONE 350
	FP_ROUTE KSEA..KSLC

TRACK_TIME 1167737286
TRACK A20110117597387 B733 360700 1150900 120 30 999 NONE NONE 100
	FP_ROUTE KLAS..KLAX

TRACK_TIME 1167737286
TRACK A20110117597392 BE9L 350300 1063600 120 30 999 NONE NONE 160
	FP_ROUTE KABQ..KGUP

TRACK_TIME 1167737286
TRACK A20110117597396 SW4 404600 1115860 120 30 999 NONE NONE 110
	FP_ROUTE KSLC..KPIH

TRACK_TIME 1167737286
TRACK A20110117597397 CRJ1 401000 764360 120 30 999 NONE NONE 120
	FP_ROUTE KMDT..KDTW

TRACK_TIME 1167737286
TRACK A20110117597400 B738 422200 705860 120 30 999 NONE NONE 380
	FP_ROUTE KBOS..KORD

TRACK_TIME 1167737286
TRACK A20110117597401 MD83 303000 814000 120 30 999 NONE NONE 320
	FP_ROUTE KJAX..KDFW

TRACK_TIME 1167737286
TRACK A20110117597404 A320 445200 931000 120 30 999 NONE NONE 350
	FP_ROUTE KMSP..KATL

TRACK_TIME 1167737286
TRACK A20110117597406 A319 351200 805560 120 30 999 NONE NONE 250
	FP_ROUTE KCLT..KRIC

TRACK_TIME 1167737286
TRACK A20110117597407 A320 394660 1043900 120 30 999 NONE NONE 240
	FP_ROUTE KDEN..KPHX

TRACK_TIME 1167737286
TRACK A20110117597414 CRJ9 433300 1161060 120 30 999 NONE NONE 270
	FP_ROUTE KBOI..KSLC

TRACK_TIME 1167737286
TRACK A20110117597417 B733 300600 973460 120 30 999 NONE NONE 350
	FP_ROUTE KAUS..KTPA

TRACK_TIME 1167737286
TRACK A20110117597418 CRJ2 301300 915800 120 30 999 NONE NONE 270
	FP_ROUTE KLFT..KMEM

TRACK_TIME 1167737286
TRACK A20110117597422 A320 422200 705800 120 30 999 NONE NONE 360
	FP_ROUTE KBOS..KORD

TRACK_TIME 1167737286
TRACK A20110117597424 CRJ2 304300 861000 120 30 999 NONE NONE 230
	FP_ROUTE KVPS..KATL

TRACK_TIME 1167737286
TRACK A20110117597425 CRJ2 373300 771800 120 30 999 NONE NONE 210
	FP_ROUTE KRIC..KLGA

TRACK_TIME 1167737286
TRACK A20110117597435 CRJ2 433600 964500 120 30 999 NONE NONE 110
	FP_ROUTE KFSD..KMSP

TRACK_TIME 1167737286
TRACK A20110117597443 CRJ2 333760 842260 120 30 999 NONE NONE 220
	FP_ROUTE KATL..KVPS

TRACK_TIME 1167737286
TRACK A20110117597444 E145 304300 881660 120 30 999 NONE NONE 300
	FP_ROUTE KMOB..KIAH

TRACK_TIME 1167737286
TRACK A20110117597458 E170 421200 832100 120 30 999 NONE NONE 330
	FP_ROUTE KDTW..KEWR

TRACK_TIME 1167737286
TRACK A20110117597459 E145 325260 800160 120 30 999 NONE NONE 360
	FP_ROUTE KCHS..KDFW

TRACK_TIME 1167737286
TRACK A20110117597462 E145 433600 964300 120 30 999 NONE NONE 370
	FP_ROUTE KFSD..KDFW

TRACK_TIME 1167737286
TRACK A20110117597463 SF34 333900 842400 120 30 999 NONE NONE 160
	FP_ROUTE KATL..KMSL

TRACK_TIME 1167737286
TRACK A20110117597464 A319 404960 735260 120 30 999 NONE NONE 220
	FP_ROUTE KLGA..KDCA

TRACK_TIME 1167737286
TRACK A20110117597465 A319 332560 1120160 120 30 999 NONE NONE 360
	FP_ROUTE KPHX..KOAK

TRACK_TIME 1167737286
TRACK A20110117597466 A332 335560 1182560 120 30 999 NONE NONE 390
	FP_ROUTE KLAX..KATL

TRACK_TIME 1167737286
TRACK A20110117597467 A319 415560 875200 120 30 999 NONE NONE 390
	FP_ROUTE KORD..KPHL

TRACK_TIME 1167737286
TRACK A20110117597468 CRJ2 385260 770400 120 30 999 NONE NONE 320
	FP_ROUTE KDCA..KCLT

TRACK_TIME 1167737286
TRACK A20110117597469 B763 335560 1182560 120 30 999 NONE NONE 350
	FP_ROUTE KLAX..KMIA

TRACK_TIME 1167737286
TRACK A20110117597479 B737 404900 1120000 120 30 999 NONE NONE 370
	FP_ROUTE KSLC..KPHX

TRACK_TIME 1167737286
TRACK A20110117597481 B733 350160 1063400 120 30 999 NONE NONE 330
	FP_ROUTE KABQ..KHOU

TRACK_TIME 1167737286
TRACK A20110117597482 B733 294000 951800 120 30 999 NONE NONE 350
	FP_ROUTE KHOU..KTPA

TRACK_TIME 1167737286
TRACK A20110117597489 E170 415860 875200 120 30 999 NONE NONE 350
	FP_ROUTE KORD..KLGA

TRACK_TIME 1167737286
TRACK A20110117597491 CRJ2 411800 955400 120 30 999 NONE NONE 89
	FP_ROUTE KOMA..KORD

TRACK_TIME 1167737286
TRACK A20110117597493 E170 444960 931300 120 30 999 NONE NONE 330
	FP_ROUTE KMSP..KRDU

TRACK_TIME 1167737286
TRACK A20110117597494 E145 254800 801600 120 30 999 NONE NONE 370
	FP_ROUTE KMIA..KGSO

TRACK_TIME 1167737286
TRACK A20110117597498 B737 400000 825260 120 30 999 NONE NONE 40
	FP_ROUTE KCMH..KMDW

TRACK_TIME 1167737286
TRACK A20110117597500 CRJ9 295700 952100 120 30 999 NONE NONE 360
	FP_ROUTE KIAH..KSLC

TRACK_TIME 1167737286
TRACK A20110117597502 A319 351200 805560 120 30 999 NONE NONE 270
	FP_ROUTE KCLT..KDCA

TRACK_TIME 1167737286
TRACK A20110117597504 B737 360760 864060 120 30 999 NONE NONE 400
	FP_ROUTE KBNA..KMSY

TRACK_TIME 1167737286
TRACK A20110117597505 B737 300000 901660 120 30 999 NONE NONE 400
	FP_ROUTE KMSY..KHOU

TRACK_TIME 1167737286
TRACK A20110117597507 B735 404200 741000 120 30 999 NONE NONE 360
	FP_ROUTE KEWR..KAUS

TRACK_TIME 1167737286
TRACK A20110117597508 B762 373900 1221960 120 30 999 NONE NONE 370
	FP_ROUTE KSFO..KJFK

TRACK_TIME 1167737286
TRACK A20110117597512 DH8D 404200 740900 120 30 999 NONE NONE 160
	FP_ROUTE KEWR..KORF

TRACK_TIME 1167737286
TRACK A20110117597513 B737 414600 874200 120 30 999 NONE NONE 380
	FP_ROUTE KMDW..KDEN

TRACK_TIME 1167737286
TRACK A20110117597516 CRJ2 350100 895860 120 30 999 NONE NONE 100
	FP_ROUTE KMEM..KLIT

TRACK_TIME 1167737286
TRACK A20110117597517 B737 395100 1044500 120 30 999 NONE NONE 380
	FP_ROUTE KDEN..KSFO

TRACK_TIME 1167737286
TRACK A20110117597519 B737 422100 710000 120 30 999 NONE NONE 140
	FP_ROUTE KBOS..KPHL

TRACK_TIME 1167737286
TRACK A20110117597520 E135 274500 972860 120 30 999 NONE NONE 330
	FP_ROUTE KCRP..KDFW

TRACK_TIME 1167737286
TRACK A20110117597521 B737 374000 1222200 120 30 999 NONE NONE 390
	FP_ROUTE KSFO..KLAX

TRACK_TIME 1167737286
TRACK A20110117597523 CRJ9 332560 1115860 120 30 999 NONE NONE 320
	FP_ROUTE KPHX..KSNA

TRACK_TIME 1167737286
TRACK A20110117597525 CRJ9 333900 842200 120 30 999 NONE NONE 340
	FP_ROUTE KATL..KOMA

TRACK_TIME 1167737286
TRACK A20110117597527 CRJ9 411660 955260 120 30 999 NONE NONE 350
	FP_ROUTE KOMA..KATL

TRACK_TIME 1167737286
TRACK A20110117597529 B752 333760 842260 120 30 999 NONE NONE 390
	FP_ROUTE KATL..KPBI

TRACK_TIME 1167737286
TRACK A20110117597533 CRJ2 333900 842260 120 30 999 NONE NONE 300
	FP_ROUTE KATL..KXNA

TRACK_TIME 1167737286
TRACK A20110117597537 CRJ2 361300 941300 120 30 999 NONE NONE 310
	FP_ROUTE KXNA..KATL

TRACK_TIME 1167737286
TRACK A20110117597539 A319 335700 1182700 120 30 999 NONE NONE 130
	FP_ROUTE KLAX..KLAS

TRACK_TIME 1167737286
TRACK A20110117597542 E145 344300 921360 120 30 999 NONE NONE 280
	FP_ROUTE KLIT..KIAH

TRACK_TIME 1167737286
TRACK A20110117597545 E120 404660 1120000 120 30 999 NONE NONE 260
	FP_ROUTE KSLC..KEKO

TRACK_TIME 1167737286
TRACK A20110117597546 E120 404900 1154900 120 30 999 NONE NONE 250
	FP_ROUTE KEKO..KSLC

TRACK_TIME 1167737286
TRACK A20110117597549 MD83 324360 1171360 120 30 999 NONE NONE 330
	FP_ROUTE KSAN..KDFW

TRACK_TIME 1167737286
TRACK A20110117597551 CRJ2 421200 832100 120 30 999 NONE NONE 250
	FP_ROUTE KDTW..KUNV

TRACK_TIME 1167737286
TRACK A20110117597557 DH8D 422260 1225260 120 30 999 NONE NONE 250
	FP_ROUTE KMFR..KLAX

TRACK_TIME 1167737286
TRACK A20110117597560 B738 333900 842200 120 30 999 NONE NONE 360
	FP_ROUTE KATL..KSEA

TRACK_TIME 1167737286
TRACK A20110117597561 MD82 325260 970300 120 30 999 NONE NONE 260
	FP_ROUTE KDFW..KSAT

TRACK_TIME 1167737286
TRACK A20110117597566 MD82 355500 784600 120 30 999 NONE NONE 320
	FP_ROUTE KRDU..KDFW

TRACK_TIME 1167737286
TRACK A20110117597567 B752 333700 842200 120 30 999 NONE NONE 350
	FP_ROUTE KATL..KMCO

TRACK_TIME 1167737286
TRACK A20110117597577 CRJ9 404900 1115860 120 30 999 NONE NONE 370
	FP_ROUTE KSLC..KORD

TRACK_TIME 1167737286
TRACK A20110117597581 E145 333900 842200 120 30 999 NONE NONE 330
	FP_ROUTE KATL..KCLE

TRACK_TIME 1167737286
TRACK A20110117597582 CRJ2 464660 1004600 120 30 999 NONE NONE 110
	FP_ROUTE KBIS..KMSP

TRACK_TIME 1167737286
TRACK A20110117597585 B752 403900 735100 120 30 999 NONE NONE 380
	FP_ROUTE KJFK..KLAX

TRACK_TIME 1167737286
TRACK A20110117597590 E170 391600 944300 120 30 999 NONE NONE 350
	FP_ROUTE KMCI..KLGA

TRACK_TIME 1167737286
TRACK A20110117597591 CRJ2 404900 1115860 120 30 999 NONE NONE 270
	FP_ROUTE KSLC..KCPR

TRACK_TIME 1167737286
TRACK A20110117597592 A320 301300 974060 120 30 999 NONE NONE 380
	FP_ROUTE KAUS..KDEN

TRACK_TIME 1167737286
TRACK A20110117597594 A319 360700 1151000 120 30 999 NONE NONE 280
	FP_ROUTE KLAS..KLAX

TRACK_TIME 1167737286
TRACK A20110117597600 E145 390100 843700 120 30 999 NONE NONE 330
	FP_ROUTE KCVG..KBDL

TRACK_TIME 1167737286
TRACK A20110117597602 B737 360700 1150900 120 30 999 NONE NONE 390
	FP_ROUTE KLAS..KDEN

TRACK_TIME 1167737286
TRACK A20110117597605 A320 373900 1222200 120 30 999 NONE NONE 370
	FP_ROUTE KSFO..KLAX

TRACK_TIME 1167737286
TRACK A20110117597616 CRJ2 362560 822700 120 30 999 NONE NONE 220
	FP_ROUTE KTRI..KATL

TRACK_TIME 1167737286
TRACK A20110117597629 DH8A 395260 751200 120 30 999 NONE NONE 60
	FP_ROUTE KPHL..KMDT

TRACK_TIME 1167737286
TRACK A20110117597633 LJ45 435260 911500 120 30 999 NONE NONE 430
	FP_ROUTE KLSE..KSBD

TRACK_TIME 1167737286
TRACK A20110117597634 LJ45 340460 1171600 120 30 999 NONE NONE 350
	FP_ROUTE KSBD..KTUS

TRACK_TIME 1167737286
TRACK A20110117597637 E135 384360 901800 120 30 999 NONE NONE 250
	FP_ROUTE KSTL..KMKE

TRACK_TIME 1167737286
TRACK A20110117597640 B737 374300 1221500 120 30 999 NONE NONE 410
	FP_ROUTE KOAK..KLAX

TRACK_TIME 1167737286
TRACK A20110117597641 B737 335700 1182700 120 30 999 NONE NONE 370
	FP_ROUTE KLAX..KMDW

TRACK_TIME 1167737286
TRACK A20110117597644 B737 414600 874600 120 30 999 NONE NONE 290
	FP_ROUTE KMDW..KCMH

TRACK_TIME 1167737286
TRACK A20110117597646 B733 335560 1182700 120 30 999 NONE NONE 350
	FP_ROUTE KLAX..KABQ

TRACK_TIME 1167737286
TRACK A20110117597649 E145 325260 970160 120 30 999 NONE NONE 240
	FP_ROUTE KDFW..KLIT

TRACK_TIME 1167737286
TRACK A20110117597659 B752 333600 841660 120 30 999 NONE NONE 350
	FP_ROUTE KATL..KSJU

TRACK_TIME 1167737286
TRACK A20110117597663 CRJ9 320600 1105560 120 30 999 NONE NONE 160
	FP_ROUTE KTUS..KPHX

TRACK_TIME 1167737286
TRACK A20110117597664 B738 390160 844000 120 30 999 NONE NONE 410
	FP_ROUTE KCVG..KMIA

TRACK_TIME 1167737286
TRACK A20110117597665 E145 351200 805700 120 30 999 NONE NONE 320
	FP_ROUTE KCLT..KORD

TRACK_TIME 1167737286
TRACK A20110117597672 CRJ2 335560 1182700 120 30 999 NONE NONE 330
	FP_ROUTE KLAX..KSLC

TRACK_TIME 1167737286
TRACK A20110117597681 B737 384360 901660 120 30 999 NONE NONE 380
	FP_ROUTE KSTL..KLAS

TRACK_TIME 1167737286
TRACK A20110117597682 CRJ2 441500 883460 120 30 999 NONE NONE 39
	FP_ROUTE KATW..KMSP

TRACK_TIME 1167737286
TRACK A20110117597685 E120 422260 1225260 120 30 999 NONE NONE 160
	FP_ROUTE KMFR..KCEC

TRACK_TIME 1167737286
TRACK A20110117597688 E190 355400 784600 120 30 999 NONE NONE 350
	FP_ROUTE KRDU..KJFK

TRACK_TIME 1167737286
TRACK A20110117597690 B752 351000 805560 120 30 999 NONE NONE 290
	FP_ROUTE KCLT..KBWI

TRACK_TIME 1167737286
TRACK A20110117597691 B733 335700 1182800 120 30 999 NONE NONE 290
	FP_ROUTE KLAX..KLAS

TRACK_TIME 1167737286
TRACK A20110117597692 B733 360400 1151060 120 30 999 NONE NONE 330
	FP_ROUTE KLAS..KDFW

TRACK_TIME 1167737286
TRACK A20110117597693 A319 445100 931360 120 30 999 NONE NONE 360
	FP_ROUTE KMSP..KDEN

TRACK_TIME 1167737286
TRACK A20110117597696 A319 404800 1115860 120 30 999 NONE NONE 320
	FP_ROUTE KSLC..KJAC

TRACK_TIME 1167737286
TRACK A20110117597706 DH8A 442500 730900 120 30 999 NONE NONE 160
	FP_ROUTE KBTV..KLGA

TRACK_TIME 1167737286
TRACK A20110117597712 E170 325500 800300 120 30 999 NONE NONE 220
	FP_ROUTE KCHS..KDCA

TRACK_TIME 1167737286
TRACK A20110117597713 CRJ9 351000 805700 120 30 999 NONE NONE 59
	FP_ROUTE KCLT..KSDF

TRACK_TIME 1167737286
TRACK A20110117597718 E135 335560 1182800 120 30 999 NONE NONE 110
	FP_ROUTE KLAX..KSAN

TRACK_TIME 1167737286
TRACK A20110117597719 B737 360700 1150900 120 30 999 NONE NONE 370
	FP_ROUTE KLAS..KFLL

TRACK_TIME 1167737286
TRACK A20110117597722 B752 254800 801600 120 30 999 NONE NONE 370
	FP_ROUTE KMIA..KATL

TRACK_TIME 1167737286
TRACK A20110117597723 CRJ2 351200 805560 120 30 999 NONE NONE 330
	FP_ROUTE KCLT..KHPN

TRACK_TIME 1167737286
TRACK A20110117597728 C510 381900 865260 120 30 999 NONE NONE 220
	FP_ROUTE KHNB..KMDW

TRACK_TIME 1167737286
TRACK A20110117597729 C510 414360 874600 120 30 999 NONE NONE 210
	FP_ROUTE KMDW..KHNB

TRACK_TIME 1167737286
TRACK A20110117597731 CRJ2 390700 763700 120 30 999 NONE NONE 91
	FP_ROUTE KBWI..KPHL

TRACK_TIME 1167737286
TRACK A20110117597732 CRJ2 395260 751200 120 30 999 NONE NONE 340
	FP_ROUTE KPHL..KCAE

TRACK_TIME 1167737286
TRACK A20110117597733 B752 282560 811900 120 30 999 NONE NONE 380
	FP_ROUTE KMCO..KIAH

TRACK_TIME 1167737286
TRACK A20110117597734 B752 421060 832200 120 30 999 NONE NONE 379
	FP_ROUTE KDTW..KATL

TRACK_TIME 1167737286
TRACK A20110117597737 E170 395200 1043600 120 30 999 NONE NONE 100
	FP_ROUTE KDEN..KCOS

TRACK_TIME 1167737286
TRACK A20110117597738 B737 263600 814300 120 30 999 NONE NONE 390
	FP_ROUTE KRSW..KBWI

TRACK_TIME 1167737286
TRACK A20110117597739 CRJ2 373160 771900 120 30 999 NONE NONE 210
	FP_ROUTE KRIC..KLGA

TRACK_TIME 1167737286
TRACK A20110117597740 SF34 430700 760600 120 30 999 NONE NONE 150
	FP_ROUTE KSYR..KBOS

TRACK_TIME 1167737286
TRACK A20110117597742 B712 333760 842260 120 30 999 NONE NONE 220
	FP_ROUTE KATL..KDCA

TRACK_TIME 1167737286
TRACK A20110117597748 CRJ9 360760 863900 120 30 999 NONE NONE 270
	FP_ROUTE KBNA..KCLT

TRACK_TIME 1167737286
TRACK A20110117597749 LJ45 335400 872500 120 30 999 NONE NONE 450
	FP_ROUTE KJFX..KLBB

TRACK_TIME 1167737286
TRACK A20110117597759 B737 445260 931500 120 30 999 NONE NONE 380
	FP_ROUTE KMSP..KSAN

TRACK_TIME 1167737286
TRACK A20110117597761 SF34 444900 893000 120 30 999 NONE NONE 210
	FP_ROUTE KCWA..KDTW

TRACK_TIME 1167737286
TRACK A20110117597762 B738 394960 751960 120 30 999 NONE NONE 320
	FP_ROUTE KPHL..KIAH

TRACK_TIME 1167737286
TRACK A20110117597763 A320 282400 811800 120 30 999 NONE NONE 370
	FP_ROUTE KMCO..KLGA

TRACK_TIME 1167737286
TRACK A20110117597771 SF34 323100 920100 120 30 999 NONE NONE 159
	FP_ROUTE KMLU..KIAH

TRACK_TIME 1167737286
TRACK A20110117597776 A320 373900 1222200 120 30 999 NONE NONE 330
	FP_ROUTE KSFO..KLGB

TRACK_TIME 1167737286
TRACK A20110117597778 A320 260460 800760 120 30 999 NONE NONE 370
	FP_ROUTE KFLL..KSJU

TRACK_TIME 1167737286
TRACK A20110117597784 B738 395560 1043760 120 30 999 NONE NONE 370
	FP_ROUTE KDEN..KMSP

TRACK_TIME 1167737286
TRACK A20110117597785 E170 351060 805560 120 30 999 NONE NONE 350
	FP_ROUTE KCLT..KBDL

TRACK_TIME 1167737286
TRACK A20110117597786 DH8A 395260 751200 120 30 999 NONE NONE 120
	FP_ROUTE KPHL..KELM

TRACK_TIME 1167737286
TRACK A20110117597787 C560 340300 843460 120 30 999 NONE NONE 110
	FP_ROUTE KRYY..KAUO

TRACK_TIME 1167737286
TRACK A20110117597788 C560 323300 852400 120 30 999 NONE NONE 390
	FP_ROUTE KAUO..KSUA

TRACK_TIME 1167737286
TRACK A20110117597789 DH8A 420700 765860 120 30 999 NONE NONE 90
	FP_ROUTE KELM..KPHL

TRACK_TIME 1167737286
TRACK A20110117597792 CRJ2 314960 1062100 120 30 999 NONE NONE 340
	FP_ROUTE KELP..KLAX

TRACK_TIME 1167737286
TRACK A20110117597794 C560 271000 801200 120 30 999 NONE NONE 370
	FP_ROUTE KSUA..KRYY

TRACK_TIME 1167737286
TRACK A20110117597800 CRJ2 381960 813700 120 30 999 NONE NONE 210
	FP_ROUTE KCRW..KCLT

TRACK_TIME 1167737286
TRACK A20110117597805 B738 335700 1183000 120 30 999 NONE NONE 380
	FP_ROUTE KLAX..KPDX

TRACK_TIME 1167737286
TRACK A20110117597806 C560 341060 1182200 120 30 999 NONE NONE 310
	FP_ROUTE KBUR..KGEU

TRACK_TIME 1167737286
TRACK A20110117597807 C560 333300 1121660 120 30 999 NONE NONE 300
	FP_ROUTE KGEU..KBUR

TRACK_TIME 1167737286
TRACK A20110117597808 CRJ2 425260 1062860 120 30 999 NONE NONE 250
	FP_ROUTE KCPR..KDEN

TRACK_TIME 1167737286
TRACK A20110117597815 B744 404000 734360 120 30 999 NONE NONE 340
	FP_ROUTE KJFK..KANC

TRACK_TIME 1167737286
TRACK A20110117597817 E120 324600 1152860 120 30 999 NONE NONE 70
	FP_ROUTE KIPL..KNYL

TRACK_TIME 1167737286
TRACK A20110117597820 A319 351000 805700 120 30 999 NONE NONE 220
	FP_ROUTE KCLT..KATL

TRACK_TIME 1167737286
TRACK A20110117597822 CRJ2 425560 875400 120 30 999 NONE NONE 300
	FP_ROUTE KMKE..KOMA

TRACK_TIME 1167737286
TRACK A20110117597824 CRJ2 405260 812700 120 30 999 NONE NONE 320
	FP_ROUTE KCAK..KMKE

TRACK_TIME 1167737286
TRACK A20110117597826 E135 325260 970160 120 30 999 NONE NONE 250
	FP_ROUTE KDFW..KJAN

TRACK_TIME 1167737286
TRACK A20110117597829 A320 282400 811800 120 30 999 NONE NONE 370
	FP_ROUTE KMCO..KHPN

TRACK_TIME 1167737286
TRACK A20110117597832 DH8C 395400 751500 120 30 999 NONE NONE 180
	FP_ROUTE KPHL..KROA

TRACK_TIME 1167737286
TRACK A20110117597834 CRJ9 404360 1115800 120 30 999 NONE NONE 350
	FP_ROUTE KSLC..KDFW

TRACK_TIME 1167737286
TRACK A20110117597839 B737 404360 740700 120 30 999 NONE NONE 380
	FP_ROUTE KEWR..KEGE

TRACK_TIME 1167737286
TRACK A20110117597847 CRJ2 351060 805700 120 30 999 NONE NONE 101
	FP_ROUTE KCLT..KGSP

TRACK_TIME 1167737286
TRACK A20110117597849 CRJ2 345260 821360 120 30 999 NONE NONE 120
	FP_ROUTE KGSP..KCLT

TRACK_TIME 1167737286
TRACK A20110117597850 CRJ2 404900 1115860 120 30 999 NONE NONE 250
	FP_ROUTE KSLC..KABQ

TRACK_TIME 1167737286
TRACK A20110117597853 CRJ9 411660 955260 120 30 999 NONE NONE 360
	FP_ROUTE KOMA..KPHX

TRACK_TIME 1167737286
TRACK A20110117597854 B737 373760 1222200 120 30 999 NONE NONE 290
	FP_ROUTE KSFO..KLAS

TRACK_TIME 1167737286
TRACK A20110117597855 CRJ2 404900 1115860 120 30 999 NONE NONE 260
	FP_ROUTE KSLC..KHLN

TRACK_TIME 1167737286
TRACK A20110117597857 B737 360700 1150900 120 30 999 NONE NONE 370
	FP_ROUTE KLAS..KPIT

TRACK_TIME 1167737286
TRACK A20110117597858 B737 403000 800460 120 30 999 NONE NONE 230
	FP_ROUTE KPIT..KPHL

TRACK_TIME 1167737286
TRACK A20110117597861 MD82 325560 970160 120 30 999 NONE NONE 270
	FP_ROUTE KDFW..KMSY

TRACK_TIME 1167737286
TRACK A20110117597863 DH8A 422200 710100 120 30 999 NONE NONE 120
	FP_ROUTE KBOS..KMDT

TRACK_TIME 1167737286
TRACK A20110117597865 DH8D 433400 1161360 120 30 999 NONE NONE 180
	FP_ROUTE KBOI..KSEA

TRACK_TIME 1167737286
TRACK A20110117597867 CRJ2 445200 930600 120 30 999 NONE NONE 300
	FP_ROUTE KMSP..KMOT

TRACK_TIME 1167737286
TRACK A20110117597871 A320 260460 800760 120 30 999 NONE NONE 330
	FP_ROUTE KFLL..KLGA

TRACK_TIME 1167737286
TRACK A20110117597874 BE9L 463700 1115100 120 30 999 NONE NONE 210
	FP_ROUTE KHLN..KBIL

TRACK_TIME 1167737286
TRACK A20110117597875 A319 395200 751660 120 30 999 NONE NONE 320
	FP_ROUTE KPHL..KATL

TRACK_TIME 1167737286
TRACK A20110117597876 BE9L 454800 1083100 120 30 999 NONE NONE 160
	FP_ROUTE KBIL..KHLN

TRACK_TIME 1167737286
TRACK A20110117597879 B752 385560 773100 120 30 999 NONE NONE 360
	FP_ROUTE KIAD..KLAS

TRACK_TIME 1167737286
TRACK A20110117597880 E145 390160 843900 120 30 999 NONE NONE 150
	FP_ROUTE KCVG..KCMH

TRACK_TIME 1167737286
TRACK A20110117597881 CRJ2 445260 931600 120 30 999 NONE NONE 330
	FP_ROUTE KMSP..KSDF

TRACK_TIME 1167737286
TRACK A20110117597886 B752 182700 655860 120 30 999 NONE NONE 380
	FP_ROUTE KSJU..KATL

TRACK_TIME 1167737286
TRACK A20110117597887 B733 334200 1014900 120 30 999 NONE NONE 39
	FP_ROUTE KLBB..KDAL

TRACK_TIME 1167737286
TRACK A20110117597888 B733 324900 964960 120 30 999 NONE NONE 350
	FP_ROUTE KDAL..KSTL

TRACK_TIME 1167737286
TRACK A20110117597895 DH8A 395260 751060 120 30 999 NONE NONE 81
	FP_ROUTE KPHL..KLGA

TRACK_TIME 1167737286
TRACK A20110117597896 CRJ1 421300 832200 120 30 999 NONE NONE 330
	FP_ROUTE KDTW..KRDU

TRACK_TIME 1167737286
TRACK A20110117597901 CRJ2 425400 1063000 120 30 999 NONE NONE 320
	FP_ROUTE KCPR..KSLC

TRACK_TIME 1167737286
TRACK A20110117597902 CRJ2 404900 1120000 120 30 999 NONE NONE 340
	FP_ROUTE KSLC..KLGB

TRACK_TIME 1167737286
TRACK A20110117597905 CRJ9 404960 1120000 120 30 999 NONE NONE 320
	FP_ROUTE KSLC..KSMF

TRACK_TIME 1167737286
TRACK A20110117597907 CRJ2 333900 842260 120 30 999 NONE NONE 300
	FP_ROUTE KATL..KSBN

TRACK_TIME 1167737286
TRACK A20110117597908 B752 333760 842260 120 30 999 NONE NONE 410
	FP_ROUTE KATL..KLGA

TRACK_TIME 1167737286
TRACK A20110117597910 E145 295860 951800 120 30 999 NONE NONE 290
	FP_ROUTE KIAH..KTUL

TRACK_TIME 1167737286
TRACK A20110117597911 A319 385200 770300 120 30 999 NONE NONE 380
	FP_ROUTE KDCA..KTPA

TRACK_TIME 1167737286
TRACK A20110117597912 A320 415700 723760 120 30 999 NONE NONE 380
	FP_ROUTE KBDL..KMCO

TRACK_TIME 1167737286
TRACK A20110117597913 B738 295700 951960 120 30 999 NONE NONE 390
	FP_ROUTE KIAH..KDCA

TRACK_TIME 1167737286
TRACK A20110117597918 E170 442700 881000 120 30 999 NONE NONE 260
	FP_ROUTE KGRB..KMSP

TRACK_TIME 1167737286
TRACK A20110117597919 CRJ2 350000 895800 120 30 999 NONE NONE 310
	FP_ROUTE KMEM..KJAX

TRACK_TIME 1167737286
TRACK A20110117597925 B738 260460 800700 120 30 999 NONE NONE 340
	FP_ROUTE KFLL..KIAH

TRACK_TIME 1167737286
TRACK A20110117597926 E145 360600 795100 120 30 999 NONE NONE 360
	FP_ROUTE KGSO..KMIA

TRACK_TIME 1167737286
TRACK A20110117597927 A320 425260 852860 120 30 999 NONE NONE 100
	FP_ROUTE KGRR..KORD

TRACK_TIME 1167737286
TRACK A20110117597928 CRJ2 404360 734960 120 30 999 NONE NONE 240
	FP_ROUTE KLGA..KCAE

TRACK_TIME 1167737286
TRACK A20110117597929 MD82 404600 735100 120 30 999 NONE NONE 320
	FP_ROUTE KLGA..KORD

TRACK_TIME 1167737286
TRACK A20110117597931 A320 254800 801600 120 30 999 NONE NONE 360
	FP_ROUTE KMIA..KCVG

TRACK_TIME 1167737286
TRACK A20110117597932 B712 194200 1560300 120 30 999 NONE NONE 160
	FP_ROUTE KKOA..KHNL

TRACK_TIME 1167737286
TRACK A20110117597933 B737 473700 1173300 120 30 999 NONE NONE 410
	FP_ROUTE KGEG..KSLC

TRACK_TIME 1167737286
TRACK A20110117597936 CRJ2 323000 845860 120 30 999 NONE NONE 100
	FP_ROUTE KCSG..KATL

TRACK_TIME 1167737286
TRACK A20110117597938 E120 324500 1144800 120 30 999 NONE NONE 220
	FP_ROUTE KNYL..KLAX

TRACK_TIME 1167737286
TRACK A20110117597940 B738 385500 772560 120 30 999 NONE NONE 320
	FP_ROUTE KIAD..KIAH

TRACK_TIME 1167737286
TRACK A20110117597941 A320 385200 770300 120 30 999 NONE NONE 380
	FP_ROUTE KDCA..KFLL

TRACK_TIME 1167737286
TRACK A20110117597942 B737 404900 1115860 120 30 999 NONE NONE 390
	FP_ROUTE KSLC..KDEN

TRACK_TIME 1167737286
TRACK A20110117597943 B737 395400 1044200 120 30 999 NONE NONE 390
	FP_ROUTE KDEN..KMSP

TRACK_TIME 1167737286
TRACK A20110117597947 B738 611660 1500460 120 30 999 NONE NONE 260
	FP_ROUTE KANC..KFAI

TRACK_TIME 1167737286
TRACK A20110117597950 CRJ2 445100 931360 120 30 999 NONE NONE 340
	FP_ROUTE KMSP..KCOS

TRACK_TIME 1167737286
TRACK A20110117597953 B737 445400 931500 120 30 999 NONE NONE 390
	FP_ROUTE KMSP..KSTL

TRACK_TIME 1167737286
TRACK A20110117597954 B744 375800 854360 120 30 999 NONE NONE 360
	FP_ROUTE KSDF..KANC

TRACK_TIME 1167737286
TRACK A20110117597959 BE20 440460 914360 120 30 999 NONE NONE 40
	FP_ROUTE KONA..KLSE

TRACK_TIME 1167737286
TRACK A20110117597963 A319 332560 1120160 120 30 999 NONE NONE 340
	FP_ROUTE KPHX..KSJC

TRACK_TIME 1167737286
TRACK A20110117597966 CRJ1 424660 843300 120 30 999 NONE NONE 60
	FP_ROUTE KLAN..KDTW

TRACK_TIME 1167737286
TRACK A20110117597971 B752 333760 842200 120 30 999 NONE NONE 390
	FP_ROUTE KATL..KMCO

TRACK_TIME 1167737286
TRACK A20110117597973 B712 263000 814900 120 30 999 NONE NONE 340
	FP_ROUTE KRSW..KATL

TRACK_TIME 1167737286
TRACK A20110117597976 B712 343700 864660 120 30 999 NONE NONE 350
	FP_ROUTE KHSV..KMCO

TRACK_TIME 1167737286
TRACK A20110117597980 B712 282560 811800 120 30 999 NONE NONE 330
	FP_ROUTE KMCO..KBWI

TRACK_TIME 1167737286
TRACK A20110117597982 B712 390900 943160 120 30 999 NONE NONE 370
	FP_ROUTE KMCI..KATL

TRACK_TIME 1167737286
TRACK A20110117597987 B762 351060 805560 120 30 999 NONE NONE 400
	FP_ROUTE KCLT..KMCO

TRACK_TIME 1167737286
TRACK A20110117598003 A320 385560 773300 120 30 999 NONE NONE 340
	FP_ROUTE KIAD..KLAX

TRACK_TIME 1167737286
TRACK A20110117598004 B735 350400 1063400 120 30 999 NONE NONE 360
	FP_ROUTE KABQ..KOAK

TRACK_TIME 1167737286
TRACK A20110117598007 FA50 410600 734600 120 30 999 NONE NONE 320
	FP_ROUTE KHPN..KFLO

TRACK_TIME 1167737286
TRACK A20110117598010 B738 403900 734500 120 30 999 NONE NONE 280
	FP_ROUTE KJFK..KPBI

TRACK_TIME 1167737286
TRACK A20110117598011 B738 264200 800100 120 30 999 NONE NONE 80
	FP_ROUTE KPBI..KMCO

TRACK_TIME 1167737286
TRACK A20110117598014 B738 404900 735200 120 30 999 NONE NONE 380
	FP_ROUTE KLGA..KMIA

TRACK_TIME 1167737286
TRACK A20110117598019 E135 394360 861800 120 30 999 NONE NONE 170
	FP_ROUTE KIND..KORD

TRACK_TIME 1167737286
TRACK A20110117598020 E135 380300 843600 120 30 999 NONE NONE 260
	FP_ROUTE KLEX..KORD

TRACK_TIME 1167737286
TRACK A20110117598025 E120 473700 1173300 120 30 999 NONE NONE 180
	FP_ROUTE KGEG..KSEA

TRACK_TIME 1167737286
TRACK A20110117598026 E145 385200 770300 120 30 999 NONE NONE 170
	FP_ROUTE KDCA..KEWR

TRACK_TIME 1167737286
TRACK A20110117598029 CRJ2 421200 832100 120 30 999 NONE NONE 250
	FP_ROUTE KDTW..KAVP

TRACK_TIME 1167737286
TRACK A20110117598030 B738 415800 875860 120 30 999 NONE NONE 390
	FP_ROUTE KORD..KATL

TRACK_TIME 1167737286
TRACK A20110117598031 E120 472560 1221800 120 30 999 NONE NONE 210
	FP_ROUTE KSEA..KGEG

TRACK_TIME 1167737286
TRACK A20110117598032 MD82 333400 864500 120 30 999 NONE NONE 340
	FP_ROUTE KBHM..KDFW

TRACK_TIME 1167737286
TRACK A20110117598035 MD82 325100 970300 120 30 999 NONE NONE 300
	FP_ROUTE KDFW..KSLC

TRACK_TIME 1167737286
TRACK A20110117598037 CRJ2 395260 751200 120 30 999 NONE NONE 240
	FP_ROUTE KPHL..KGSO

TRACK_TIME 1167737286
TRACK A20110117598045 MD83 325100 970160 120 30 999 NONE NONE 330
	FP_ROUTE KDFW..KPHL

TRACK_TIME 1167737286
TRACK A20110117598049 E135 402800 885700 120 30 999 NONE NONE 109
	FP_ROUTE KBMI..KORD

TRACK_TIME 1167737286
TRACK A20110117598050 A320 334960 1181000 120 30 999 NONE NONE 330
	FP_ROUTE KLGB..KJFK

TRACK_TIME 1167737286
TRACK A20110117598051 B738 254800 801600 120 30 999 NONE NONE 370
	FP_ROUTE KMIA..KATL

TRACK_TIME 1167737286
TRACK A20110117598054 B734 385200 770300 120 30 999 NONE NONE 300
	FP_ROUTE KDCA..KFLL

TRACK_TIME 1167737286
TRACK A20110117598058 E190 403900 735100 120 30 999 NONE NONE 360
	FP_ROUTE KJFK..KAUS

TRACK_TIME 1167737286
TRACK A20110117598059 E145 415500 875400 120 30 999 NONE NONE 230
	FP_ROUTE KORD..KDTW

TRACK_TIME 1167737286
TRACK A20110117598061 SW4 325260 970300 120 30 999 NONE NONE 160
	FP_ROUTE KDFW..KICT

TRACK_TIME 1167737286
TRACK A20110117598062 SW4 373700 972800 120 30 999 NONE NONE 120
	FP_ROUTE KICT..KOKC

TRACK_TIME 1167737286
TRACK A20110117598063 SW4 352260 973700 120 30 999 NONE NONE 141
	FP_ROUTE KOKC..KICT

TRACK_TIME 1167737286
TRACK A20110117598066 E170 404200 740900 120 30 999 NONE NONE 380
	FP_ROUTE KEWR..KDTW

TRACK_TIME 1167737286
TRACK A20110117598069 B737 394360 861660 120 30 999 NONE NONE 400
	FP_ROUTE KIND..KPHX

TRACK_TIME 1167737286
TRACK A20110117598070 E170 421200 832100 120 30 999 NONE NONE 330
	FP_ROUTE KDTW..KEWR

TRACK_TIME 1167737286
TRACK A20110117598071 B752 333760 842200 120 30 999 NONE NONE 410
	FP_ROUTE KATL..KPBI

TRACK_TIME 1167737286
TRACK A20110117598076 A320 415500 875700 120 30 999 NONE NONE 360
	FP_ROUTE KORD..KSFO

TRACK_TIME 1167737286
TRACK A20110117598081 B733 391600 944800 120 30 999 NONE NONE 340
	FP_ROUTE KMCI..KLAS

TRACK_TIME 1167737286
TRACK A20110117598082 B733 360700 1150900 120 30 999 NONE NONE 270
	FP_ROUTE KLAS..KLAX

TRACK_TIME 1167737286
TRACK A20110117598083 B733 335700 1182700 120 30 999 NONE NONE 280
	FP_ROUTE KLAX..KOAK

TRACK_TIME 1167737286
TRACK A20110117598084 BE9L 351500 972800 120 30 999 NONE NONE 170
	FP_ROUTE KOUN..KADS

TRACK_TIME 1167737286
TRACK A20110117598085 E170 415860 875200 120 30 999 NONE NONE 350
	FP_ROUTE KORD..KLGA

TRACK_TIME 1167737286
TRACK A20110117598094 BE9L 325800 964960 120 30 999 NONE NONE 190
	FP_ROUTE KADS..KOUN

TRACK_TIME 1167737286
TRACK A20110117598102 B712 333760 842200 120 30 999 NONE NONE 330
	FP_ROUTE KATL..KBOS

TRACK_TIME 1167737286
TRACK A20110117598106 MD83 331660 1113760 120 30 999 NONE NONE 320
	FP_ROUTE KIWA..KIDA

TRACK_TIME 1167737286
TRACK A20110117598109 B737 275800 823300 120 30 999 NONE NONE 380
	FP_ROUTE KTPA..KMDW

TRACK_TIME 1167737286
TRACK A20110117598110 C510 415200 881600 120 30 999 NONE NONE 80
	FP_ROUTE K06C..KMFI

TRACK_TIME 1167737286
TRACK A20110117598112 C510 443760 901200 120 30 999 NONE NONE 190
	FP_ROUTE KMFI..KPWK

TRACK_TIME 1167737286
TRACK A20110117598118 DH8D 453460 1223700 120 30 999 NONE NONE 158
	FP_ROUTE KPDX..KSEA

TRACK_TIME 1167737286
TRACK A20110117598120 E135 415800 880100 120 30 999 NONE NONE 200
	FP_ROUTE KORD..KCID

TRACK_TIME 1167737286
TRACK A20110117598130 CRJ2 403900 894060 120 30 999 NONE NONE 320
	FP_ROUTE KPIA..KMSP

TRACK_TIME 1167737286
TRACK A20110117598136 DH8C 371960 791200 120 30 999 NONE NONE 40
	FP_ROUTE KLYH..KCLT

TRACK_TIME 1167737286
TRACK A20110117598140 CRJ1 361200 795800 120 30 999 NONE NONE 320
	FP_ROUTE KGSO..KDTW

TRACK_TIME 1167737286
TRACK A20110117598141 A320 340100 1173700 120 30 999 NONE NONE 310
	FP_ROUTE KONT..KPHX

TRACK_TIME 1167737286
TRACK A20110117598143 CRJ9 345860 895800 120 30 999 NONE NONE 50
	FP_ROUTE KMEM..KCLT

TRACK_TIME 1167737286
TRACK A20110117598150 CRJ9 351600 805560 120 30 999 NONE NONE 220
	FP_ROUTE KCLT..KIAD

TRACK_TIME 1167737286
TRACK A20110117598151 E145 433400 964600 120 30 999 NONE NONE 330
	FP_ROUTE KFSD..KORD

TRACK_TIME 1167737286
TRACK A20110117598176 CRJ9 421200 832200 120 30 999 NONE NONE 200
	FP_ROUTE KDTW..KCVG

TRACK_TIME 1167737286
TRACK A20110117598179 CRJ2 324960 964900 120 30 999 NONE NONE 270
	FP_ROUTE KDAL..KMEM

TRACK_TIME 1167737286
TRACK A20110117598183 A319 395200 751600 120 30 999 NONE NONE 230
	FP_ROUTE KPHL..KBOS

TRACK_TIME 1167737286
TRACK A20110117598189 A319 422200 710100 120 30 999 NONE NONE 380
	FP_ROUTE KBOS..KMYR

TRACK_TIME 1167737286
TRACK A20110117598192 A319 334360 785800 120 30 999 NONE NONE 380
	FP_ROUTE KMYR..KFLL

TRACK_TIME 1167737286
TRACK A20110117598203 B733 324900 964900 120 30 999 NONE NONE 100
	FP_ROUTE KDAL..KHOU

TRACK_TIME 1167737286
TRACK A20110117598210 BE9L 353100 973900 120 30 999 NONE NONE 100
	FP_ROUTE KPWA..KWDG

TRACK_TIME 1167737286
TRACK A20110117598213 B712 391000 764360 120 30 999 NONE NONE 360
	FP_ROUTE KBWI..KMCO

TRACK_TIME 1167737286
TRACK A20110117598214 E170 391500 944660 120 30 999 NONE NONE 360
	FP_ROUTE KMCI..KDEN

TRACK_TIME 1167737286
TRACK A20110117598224 A321 282260 811800 120 30 999 NONE NONE 330
	FP_ROUTE KMCO..KPHL

TRACK_TIME 1167737286
TRACK A20110117598225 A319 404600 1115800 120 30 999 NONE NONE 380
	FP_ROUTE KSLC..KSNA

TRACK_TIME 1167737286
TRACK A20110117598228 B737 340300 1173460 120 30 999 NONE NONE 130
	FP_ROUTE KONT..KLAS

TRACK_TIME 1167737286
TRACK A20110117598229 CRJ2 351600 805560 120 30 999 NONE NONE 190
	FP_ROUTE KCLT..KPGV

TRACK_TIME 1167737286
TRACK A20110117598230 CRJ2 354200 772260 120 30 999 NONE NONE 80
	FP_ROUTE KPGV..KCLT

TRACK_TIME 1167737286
TRACK A20110117598237 CRJ2 351360 805700 120 30 999 NONE NONE 220
	FP_ROUTE KCLT..KHSV

TRACK_TIME 1167737286
TRACK A20110117598238 E135 342560 1195200 120 30 999 NONE NONE 110
	FP_ROUTE KSBA..KLAX

TRACK_TIME 1167737286
TRACK A20110117598240 B738 324500 1171300 120 30 999 NONE NONE 370
	FP_ROUTE KSAN..KIAH

TRACK_TIME 1167737286
TRACK A20110117598244 B752 254800 801500 120 30 999 NONE NONE 350
	FP_ROUTE KMIA..KBOS

TRACK_TIME 1167737286
TRACK A20110117598248 E120 335560 1182560 120 30 999 NONE NONE 150
	FP_ROUTE KLAX..KPSP

TRACK_TIME 1167737286
TRACK A20110117598263 B738 395260 1043460 120 30 999 NONE NONE 370
	FP_ROUTE KDEN..KDTW

TRACK_TIME 1167737286
TRACK A20110117598264 E135 412200 754200 120 30 999 NONE NONE 360
	FP_ROUTE KAVP..KORD

TRACK_TIME 1167737286
TRACK A20110117598267 CRJ2 453760 893160 120 30 999 NONE NONE 110
	FP_ROUTE KRHI..KMSP

TRACK_TIME 1167737286
TRACK A20110117598268 CRJ2 444960 931360 120 30 999 NONE NONE 330
	FP_ROUTE KMSP..KBNA

TRACK_TIME 1167737286
TRACK A20110117598269 B737 425700 784300 120 30 999 NONE NONE 400
	FP_ROUTE KBUF..KFLL

TRACK_TIME 1167737286
TRACK A20110117598271 CRJ2 350000 851300 120 30 999 NONE NONE 120
	FP_ROUTE KCHA..KATL

TRACK_TIME 1167737286
TRACK A20110117598272 E145 295700 952100 120 30 999 NONE NONE 270
	FP_ROUTE KIAH..KTUL

TRACK_TIME 1167737286
TRACK A20110117598275 E145 361060 955260 120 30 999 NONE NONE 360
	FP_ROUTE KTUL..KIAH

TRACK_TIME 1167737286
TRACK A20110117598276 B738 295860 901500 120 30 999 NONE NONE 360
	FP_ROUTE KMSY..KDFW

TRACK_TIME 1167737286
TRACK A20110117598288 E145 295700 952100 120 30 999 NONE NONE 350
	FP_ROUTE KIAH..KGSP

TRACK_TIME 1167737286
TRACK A20110117598293 E145 345500 821200 120 30 999 NONE NONE 270
	FP_ROUTE KGSP..KCLE

TRACK_TIME 1167737286
TRACK A20110117598297 MD82 301000 974060 120 30 999 NONE NONE 110
	FP_ROUTE KAUS..KDFW

TRACK_TIME 1167737286
TRACK A20110117598299 MD82 325260 970160 120 30 999 NONE NONE 330
	FP_ROUTE KDFW..KTPA

TRACK_TIME 1167737286
TRACK A20110117598304 CRJ2 333900 842260 120 30 999 NONE NONE 160
	FP_ROUTE KATL..KCHA

TRACK_TIME 1167737286
TRACK A20110117598309 E145 415800 875560 120 30 999 NONE NONE 330
	FP_ROUTE KORD..KROA

TRACK_TIME 1167737286
TRACK A20110117598315 B752 445100 931300 120 30 999 NONE NONE 370
	FP_ROUTE KMSP..KATL

TRACK_TIME 1167737286
TRACK A20110117598317 B738 472560 1221900 120 30 999 NONE NONE 410
	FP_ROUTE KSEA..KSAN

TRACK_TIME 1167737286
TRACK A20110117598318 A320 390160 844000 120 30 999 NONE NONE 390
	FP_ROUTE KCVG..KTPA

TRACK_TIME 1167737286
TRACK A20110117598324 B752 360700 1150900 120 30 999 NONE NONE 280
	FP_ROUTE KLAS..KLAX

TRACK_TIME 1167737286
TRACK A20110117598333 CRJ2 320900 810600 120 30 999 NONE NONE 290
	FP_ROUTE KSAV..KIAD

TRACK_TIME 1167737286
TRACK A20110117598334 CRJ2 385700 773000 120 30 999 NONE NONE 190
	FP_ROUTE KIAD..KORF

TRACK_TIME 1167737286
TRACK A20110117598339 B739 415700 875700 120 30 999 NONE NONE 360
	FP_ROUTE KORD..KIAH

TRACK_TIME 1167737286
TRACK A20110117598342 B738 282700 811800 120 30 999 NONE NONE 350
	FP_ROUTE KMCO..KEWR

TRACK_TIME 1167737286
TRACK A20110117598350 C750 333760 1115400 120 30 999 NONE NONE 280
	FP_ROUTE KSDL..KSNA

TRACK_TIME 1167737286
TRACK A20110117598353 CRJ2 433400 1161500 120 30 999 NONE NONE 340
	FP_ROUTE KBOI..KLAX

TRACK_TIME 1167737286
TRACK A20110117598356 CRJ2 394800 1044000 120 30 999 NONE NONE 260
	FP_ROUTE KDEN..KABQ

TRACK_TIME 1167737286
TRACK A20110117598366 A320 421200 832100 120 30 999 NONE NONE 390
	FP_ROUTE KDTW..KSRQ

TRACK_TIME 1167737286
TRACK A20110117598369 CRJ2 414800 861900 120 30 999 NONE NONE 80
	FP_ROUTE KSBN..KORD

TRACK_TIME 1167737286
TRACK A20110117598373 A320 351360 805700 120 30 999 NONE NONE 340
	FP_ROUTE KCLT..KDFW

TRACK_TIME 1167737286
TRACK A20110117598375 CRJ2 320460 1105500 120 30 999 NONE NONE 340
	FP_ROUTE KTUS..KLAX

TRACK_TIME 1167737286
TRACK A20110117598378 CRJ1 421200 832100 120 30 999 NONE NONE 290
	FP_ROUTE KDTW..KRIC

TRACK_TIME 1167737286
TRACK A20110117598379 E145 361500 941800 120 30 999 NONE NONE 240
	FP_ROUTE KXNA..KDFW

TRACK_TIME 1167737286
TRACK A20110117598381 AT72 325260 970300 120 30 999 NONE NONE 100
	FP_ROUTE KDFW..KLAW

TRACK_TIME 1167737286
TRACK A20110117598389 CRJ2 461360 1191060 120 30 999 NONE NONE 80
	FP_ROUTE KPSC..KSFO

TRACK_TIME 1167737286
TRACK A20110117598392 CRJ2 440400 1030460 120 30 999 NONE NONE 310
	FP_ROUTE KRAP..KDEN

TRACK_TIME 1167737286
TRACK A20110117598397 CRJ9 404600 1115800 120 30 999 NONE NONE 350
	FP_ROUTE KSLC..KIAH

TRACK_TIME 1167737286
TRACK A20110117598405 B737 350300 1063600 120 30 999 NONE NONE 280
	FP_ROUTE KABQ..KTUS

TRACK_TIME 1167737286
TRACK A20110117598407 B752 335560 1182700 120 30 999 NONE NONE 380
	FP_ROUTE KLAX..KHNL

TRACK_TIME 1167737286
TRACK A20110117598414 E135 420000 875100 120 30 999 NONE NONE 70
	FP_ROUTE KORD..KMKE

TRACK_TIME 1167737286
TRACK A20110117598415 A319 394960 1044660 120 30 999 NONE NONE 380
	FP_ROUTE KDEN..KSAN

TRACK_TIME 1167737286
TRACK A20110117598426 B752 254800 801600 120 30 999 NONE NONE 360
	FP_ROUTE KMIA..KDFW

TRACK_TIME 1167737286
TRACK A20110117598428 B737 391060 764360 120 30 999 NONE NONE 380
	FP_ROUTE KBWI..KLAS

TRACK_TIME 1167737286
TRACK A20110117598429 DH8A 395260 751200 120 30 999 NONE NONE 90
	FP_ROUTE KPHL..KPHF

TRACK_TIME 1167737286
TRACK A20110117598436 F2TH 301200 893160 120 30 999 NONE NONE 400
	FP_ROUTE KHSA..KSGR

TRACK_TIME 1167737286
TRACK A20110117598440 A321 351360 805560 120 30 999 NONE NONE 340
	FP_ROUTE KCLT..KMCO

TRACK_TIME 1167737286
TRACK A20110117598442 E170 341900 775100 120 30 999 NONE NONE 270
	FP_ROUTE KILM..KPHL

TRACK_TIME 1167737286
TRACK A20110117598443 CRJ2 403900 734200 120 30 999 NONE NONE 200
	FP_ROUTE KJFK..KBUF

TRACK_TIME 1167737286
TRACK A20110117598445 CRJ2 350000 895860 120 30 999 NONE NONE 220
	FP_ROUTE KMEM..KCOU

TRACK_TIME 1167737286
TRACK A20110117598447 E145 404360 734900 120 30 999 NONE NONE 300
	FP_ROUTE KLGA..KCLE

TRACK_TIME 1167737286
TRACK A20110117598448 F2TH 300300 900160 120 30 999 NONE NONE 50
	FP_ROUTE KNEW..KHSA

TRACK_TIME 1167737286
TRACK A20110117598449 B752 404800 735200 120 30 999 NONE NONE 380
	FP_ROUTE KLGA..KATL

TRACK_TIME 1167737286
TRACK A20110117598451 B737 424500 734800 120 30 999 NONE NONE 280
	FP_ROUTE KALB..KBWI

TRACK_TIME 1167737286
TRACK A20110117598452 B737 390900 764200 120 30 999 NONE NONE 410
	FP_ROUTE KBWI..KBHM

TRACK_TIME 1167737286
TRACK A20110117598456 E135 403900 893900 120 30 999 NONE NONE 109
	FP_ROUTE KPIA..KORD

TRACK_TIME 1167737286
TRACK A20110117598457 B712 194300 1550100 120 30 999 NONE NONE 240
	FP_ROUTE KITO..KHNL

TRACK_TIME 1167737286
TRACK A20110117598458 C550 393300 1194500 120 30 999 NONE NONE 310
	FP_ROUTE KRNO..KSEE

TRACK_TIME 1167737286
TRACK A20110117598459 B738 360900 864200 120 30 999 NONE NONE 400
	FP_ROUTE KBNA..KMIA

TRACK_TIME 1167737286
TRACK A20110117598460 E145 430700 891960 120 30 999 NONE NONE 129
	FP_ROUTE KMSN..KORD

TRACK_TIME 1167737286
TRACK A20110117598461 E145 350460 895860 120 30 999 NONE NONE 340
	FP_ROUTE KMEM..KORD

TRACK_TIME 1167737286
TRACK A20110117598462 E190 260400 800760 120 30 999 NONE NONE 370
	FP_ROUTE KFLL..KRDU

TRACK_TIME 1167737286
TRACK A20110117598467 B735 293700 951500 120 30 999 NONE NONE 340
	FP_ROUTE KHOU..KLAS

TRACK_TIME 1167737286
TRACK A20110117598468 B735 360700 1150900 120 30 999 NONE NONE 280
	FP_ROUTE KLAS..KRNO

TRACK_TIME 1167737286
TRACK A20110117598469 CRJ2 421200 832100 120 30 999 NONE NONE 130
	FP_ROUTE KDTW..KERI

TRACK_TIME 1167737286
TRACK A20110117598472 CRJ9 315200 1062200 120 30 999 NONE NONE 320
	FP_ROUTE KELP..KPHX

TRACK_TIME 1167737286
TRACK A20110117598473 B733 333400 864500 120 30 999 NONE NONE 370
	FP_ROUTE KBHM..KBWI

TRACK_TIME 1167737286
TRACK A20110117598474 B733 390700 764000 120 30 999 NONE NONE 340
	FP_ROUTE KBWI..KMDW

TRACK_TIME 1167737286
TRACK A20110117598476 CRJ9 332560 1120160 120 30 999 NONE NONE 280
	FP_ROUTE KPHX..KSNA

TRACK_TIME 1167737286
TRACK A20110117598479 MD83 325200 970300 120 30 999 NONE NONE 310
	FP_ROUTE KDFW..KMCI

TRACK_TIME 1167737286
TRACK A20110117598485 E145 255260 972400 120 30 999 NONE NONE 270
	FP_ROUTE KBRO..KIAH

TRACK_TIME 1167737286
TRACK A20110117598487 E170 464800 1004200 120 30 999 NONE NONE 220
	FP_ROUTE KBIS..KMSP

TRACK_TIME 1167737286
TRACK A20110117598488 E170 445100 931360 120 30 999 NONE NONE 320
	FP_ROUTE KMSP..KMCI

TRACK_TIME 1167737286
TRACK A20110117598493 B737 333760 842200 120 30 999 NONE NONE 390
	FP_ROUTE KATL..KPHL

TRACK_TIME 1167737286
TRACK A20110117598497 E145 295700 952100 120 30 999 NONE NONE 200
	FP_ROUTE KIAH..KCRP

TRACK_TIME 1167737286
TRACK A20110117598498 B712 211900 1575400 120 30 999 NONE NONE 130
	FP_ROUTE KHNL..KOGG

TRACK_TIME 1167737286
TRACK A20110117598504 B738 335560 1182700 120 30 999 NONE NONE 350
	FP_ROUTE KLAX..KCVG

TRACK_TIME 1167737286
TRACK A20110117598507 AT72 313700 971960 120 30 999 NONE NONE 59
	FP_ROUTE KACT..KDFW

TRACK_TIME 1167737286
TRACK A20110117598508 E170 360760 864060 120 30 999 NONE NONE 360
	FP_ROUTE KBNA..KDEN

TRACK_TIME 1167737286
TRACK A20110117598509 E170 395860 1044200 120 30 999 NONE NONE 360
	FP_ROUTE KDEN..KBZN

TRACK_TIME 1167737286
TRACK A20110117598510 E190 404000 734200 120 30 999 NONE NONE 220
	FP_ROUTE KJFK..KROC

TRACK_TIME 1167737286
TRACK A20110117598513 AT72 320300 1014960 120 30 999 NONE NONE 130
	FP_ROUTE KMAF..KDFW

TRACK_TIME 1167737286
TRACK A20110117598514 AT72 254660 801800 120 30 999 NONE NONE 101
	FP_ROUTE KMIA..KEYW

TRACK_TIME 1167737286
TRACK A20110117598515 E145 412260 815260 120 30 999 NONE NONE 230
	FP_ROUTE KCLE..KDCA

TRACK_TIME 1167737286
TRACK A20110117598516 C750 301960 952400 120 30 999 NONE NONE 260
	FP_ROUTE KCXO..KSAT

TRACK_TIME 1167737286
TRACK A20110117598518 E120 351500 1204000 120 30 999 NONE NONE 170
	FP_ROUTE KSBP..KLAX

TRACK_TIME 1167737286
TRACK A20110117598521 CRJ2 343460 864660 120 30 999 NONE NONE 270
	FP_ROUTE KHSV..KCLT

TRACK_TIME 1167737286
TRACK A20110117598525 A319 373900 1222100 120 30 999 NONE NONE 370
	FP_ROUTE KSFO..KFLL

TRACK_TIME 1167737286
TRACK A20110117598526 B712 425700 784300 120 30 999 NONE NONE 360
	FP_ROUTE KBUF..KMCO

TRACK_TIME 1167737286
TRACK A20110117598528 B737 360700 1150900 120 30 999 NONE NONE 370
	FP_ROUTE KLAS..KBUF

TRACK_TIME 1167737286
TRACK A20110117598533 CRJ1 295800 901500 120 30 999 NONE NONE 330
	FP_ROUTE KMSY..KCVG

TRACK_TIME 1167737286
TRACK A20110117598535 B737 282400 811800 120 30 999 NONE NONE 360
	FP_ROUTE KMCO..KLAS

TRACK_TIME 1167737286
TRACK A20110117598536 B737 282560 811800 120 30 999 NONE NONE 390
	FP_ROUTE KMCO..KPHL

TRACK_TIME 1167737286
TRACK A20110117598537 CRJ2 350000 900000 120 30 999 NONE NONE 260
	FP_ROUTE KMEM..KSHV

TRACK_TIME 1167737286
TRACK A20110117598538 A320 350000 895860 120 30 999 NONE NONE 370
	FP_ROUTE KMEM..KMCO

TRACK_TIME 1167737286
TRACK A20110117598539 CRJ1 414060 861300 120 30 999 NONE NONE 330
	FP_ROUTE KSBN..KATL

TRACK_TIME 1167737286
TRACK A20110117598540 CRJ2 322560 934900 120 30 999 NONE NONE 250
	FP_ROUTE KSHV..KMEM

TRACK_TIME 1167737286
TRACK A20110117598541 CRJ2 381900 813760 120 30 999 NONE NONE 50
	FP_ROUTE KCRW..KCLT

TRACK_TIME 1167737286
TRACK A20110117598542 CRJ2 395260 751300 120 30 999 NONE NONE 160
	FP_ROUTE KPHL..KORF

TRACK_TIME 1167737286
TRACK A20110117598543 CRJ2 335560 1182800 120 30 999 NONE NONE 110
	FP_ROUTE KLAX..KSAN

TRACK_TIME 1167737286
TRACK A20110117598548 A320 403760 735100 120 30 999 NONE NONE 340
	FP_ROUTE KJFK..KFLL

TRACK_TIME 1167737286
TRACK A20110117598549 FA50 335700 841900 120 30 999 NONE NONE 400
	FP_ROUTE KPDK..KBJC

TRACK_TIME 1167737286
TRACK A20110117598550 E190 422200 705860 120 30 999 NONE NONE 360
	FP_ROUTE KBOS..KORD

TRACK_TIME 1167737286
TRACK A20110117598554 CRJ2 395560 840900 120 30 999 NONE NONE 270
	FP_ROUTE KDAY..KDCA

TRACK_TIME 1167737286
TRACK A20110117598567 E145 394500 861600 120 30 999 NONE NONE 160
	FP_ROUTE KIND..KMKE

TRACK_TIME 1167737286
TRACK A20110117598571 B737 243900 814360 120 30 999 NONE NONE 400
	FP_ROUTE KEYW..KATL

TRACK_TIME 1167737286
TRACK A20110117598580 E145 403000 801900 120 30 999 NONE NONE 340
	FP_ROUTE KPIT..KORD

TRACK_TIME 1167737286
TRACK A20110117598585 B772 420160 875560 120 30 999 NONE NONE 330
	FP_ROUTE KORD..KZBAA

TRACK_TIME 1167737286
TRACK A20110117598593 B762 390160 843900 120 30 999 NONE NONE 50
	FP_ROUTE KCVG..KILN

TRACK_TIME 1167737286
TRACK A20110117598595 B737 340300 1173460 120 30 999 NONE NONE 400
	FP_ROUTE KONT..KSMF

TRACK_TIME 1167737286
TRACK A20110117598605 B712 390760 763900 120 30 999 NONE NONE 320
	FP_ROUTE KBWI..KDAY

TRACK_TIME 1167737286
TRACK A20110117598611 B739 404300 740900 120 30 999 NONE NONE 300
	FP_ROUTE KEWR..KMIA

TRACK_TIME 1167737286
TRACK A20110117598615 CRJ2 351500 805560 120 30 999 NONE NONE 310
	FP_ROUTE KCLT..KJFK

TRACK_TIME 1167737286
TRACK A20110117598616 B737 320600 1105560 120 30 999 NONE NONE 300
	FP_ROUTE KTUS..KLAS

TRACK_TIME 1167737286
TRACK A20110117598617 B737 360700 1150900 120 30 999 NONE NONE 280
	FP_ROUTE KLAS..KLAX

TRACK_TIME 1167737286
TRACK A20110117598618 B737 335700 1182860 120 30 999 NONE NONE 360
	FP_ROUTE KLAX..KOAK

TRACK_TIME 1167737286
TRACK A20110117598624 B733 411660 955260 120 30 999 NONE NONE 310
	FP_ROUTE KOMA..KSTL

TRACK_TIME 1167737286
TRACK A20110117598648 B752 260460 800760 120 30 999 NONE NONE 370
	FP_ROUTE KFLL..KATL

TRACK_TIME 1167737286
TRACK A20110117598652 A320 394960 1044600 120 30 999 NONE NONE 379
	FP_ROUTE KDEN..KLAX

TRACK_TIME 1167737286
TRACK A20110117598656 B737 422100 710100 120 30 999 NONE NONE 380
	FP_ROUTE KBOS..KMDW

TRACK_TIME 1167737286
TRACK A20110117598657 B737 414600 874660 120 30 999 NONE NONE 380
	FP_ROUTE KMDW..KTUS

TRACK_TIME 1167737286
TRACK A20110117598660 E145 375800 844200 120 30 999 NONE NONE 360
	FP_ROUTE KLEX..KIAH

TRACK_TIME 1167737286
TRACK A20110117598661 B737 453460 1223700 120 30 999 NONE NONE 350
	FP_ROUTE KPDX..KABQ

TRACK_TIME 1167737286
TRACK A20110117598668 B737 320600 1105500 120 30 999 NONE NONE 320
	FP_ROUTE KTUS..KSAN

TRACK_TIME 1167737286
TRACK A20110117598670 B737 391060 764300 120 30 999 NONE NONE 290
	FP_ROUTE KBWI..KBOS

TRACK_TIME 1167737286
TRACK A20110117598671 B737 350300 1063700 120 30 999 NONE NONE 360
	FP_ROUTE KABQ..KPHX

TRACK_TIME 1167737286
TRACK A20110117598673 B737 332560 1120160 120 30 999 NONE NONE 300
	FP_ROUTE KPHX..KSNA

TRACK_TIME 1167737286
TRACK A20110117598696 CRJ1 390160 843900 120 30 999 NONE NONE 270
	FP_ROUTE KCVG..KDCA

TRACK_TIME 1167737286
TRACK A20110117598697 CRJ2 383900 1213460 120 30 999 NONE NONE 330
	FP_ROUTE KSMF..KLAX

TRACK_TIME 1167737286
TRACK A20110117598702 F900 414500 874360 120 30 999 NONE NONE 400
	FP_ROUTE KMDW..KPSP

TRACK_TIME 1167737286
TRACK A20110117598703 MD82 335500 1182800 120 30 999 NONE NONE 330
	FP_ROUTE KLAX..KDFW

TRACK_TIME 1167737286
TRACK A20110117598704 CRJ2 442200 880760 120 30 999 NONE NONE 130
	FP_ROUTE KGRB..KORD

TRACK_TIME 1167737286
TRACK A20110117598709 BE9L 435800 1230100 120 30 999 NONE NONE 100
	FP_ROUTE K77S..KPDX

TRACK_TIME 1167737286
TRACK A20110117598711 F900 421960 874600 120 30 999 NONE NONE 40
	FP_ROUTE KUGN..KMDW

TRACK_TIME 1167737286
TRACK A20110117598712 E145 385700 773000 120 30 999 NONE NONE 280
	FP_ROUTE KIAD..KDTW

TRACK_TIME 1167737286
TRACK A20110117598713 CRJ2 415560 880000 120 30 999 NONE NONE 320
	FP_ROUTE KORD..KSGF

TRACK_TIME 1167737286
TRACK A20110117598715 CRJ2 371900 931800 120 30 999 NONE NONE 310
	FP_ROUTE KSGF..KORD

TRACK_TIME 1167737286
TRACK A20110117598716 B733 275800 823300 120 30 999 NONE NONE 340
	FP_ROUTE KTPA..KBHM

TRACK_TIME 1167737286
TRACK A20110117598723 E145 404300 740760 120 30 999 NONE NONE 240
	FP_ROUTE KEWR..KBUF

TRACK_TIME 1167737286
TRACK A20110117598734 B737 325260 970160 120 30 999 NONE NONE 390
	FP_ROUTE KDFW..KEWR

TRACK_TIME 1167737286
TRACK A20110117598735 E190 403760 735100 120 30 999 NONE NONE 210
	FP_ROUTE KJFK..KBTV

TRACK_TIME 1167737286
TRACK A20110117598738 SF34 421300 832200 120 30 999 NONE NONE 50
	FP_ROUTE KDTW..KAPN

TRACK_TIME 1167737286
TRACK A20110117598741 A320 332560 1120160 120 30 999 NONE NONE 280
	FP_ROUTE KPHX..KLAS

TRACK_TIME 1167737286
TRACK A20110117598744 DH8D 453600 1223700 120 30 999 NONE NONE 100
	FP_ROUTE KPDX..KSEA

TRACK_TIME 1167737286
TRACK A20110117598745 B737 374360 1221600 120 30 999 NONE NONE 410
	FP_ROUTE KOAK..KABQ

TRACK_TIME 1167737286
TRACK A20110117598747 E190 403760 734960 120 30 999 NONE NONE 190
	FP_ROUTE KJFK..KPWM

TRACK_TIME 1167737286
TRACK A20110117598750 SF34 295700 940160 120 30 999 NONE NONE 70
	FP_ROUTE KBPT..KIAH

TRACK_TIME 1167737286
TRACK A20110117598751 C750 341660 775200 120 30 999 NONE NONE 350
	FP_ROUTE KILM..KHPN

TRACK_TIME 1167737286
TRACK A20110117598754 B737 350160 1063460 120 30 999 NONE NONE 390
	FP_ROUTE KABQ..KDAL

TRACK_TIME 1167737286
TRACK A20110117598755 C750 410460 734360 120 30 999 NONE NONE 430
	FP_ROUTE KHPN..KOPF

TRACK_TIME 1167737286
TRACK A20110117598756 C750 255500 801600 120 30 999 NONE NONE 50
	FP_ROUTE KOPF..KPBI

TRACK_TIME 1167737286
TRACK A20110117598757 C750 264060 800100 120 30 999 NONE NONE 450
	FP_ROUTE KPBI..KHPN

TRACK_TIME 1167737286
TRACK A20110117598758 C750 410700 734500 120 30 999 NONE NONE 250
	FP_ROUTE KHPN..KPBG

TRACK_TIME 1167737286
TRACK A20110117598759 B737 324960 964960 120 30 999 NONE NONE 240
	FP_ROUTE KDAL..KSAT

TRACK_TIME 1167737286
TRACK A20110117598761 B737 293460 982500 120 30 999 NONE NONE 380
	FP_ROUTE KSAT..KDEN

TRACK_TIME 1167737286
TRACK A20110117598767 A320 402860 801060 120 30 999 NONE NONE 360
	FP_ROUTE KPIT..KATL

TRACK_TIME 1167737286
TRACK A20110117598785 B733 472560 1221800 120 30 999 NONE NONE 370
	FP_ROUTE KSEA..KLAS

TRACK_TIME 1167737286
TRACK A20110117598792 E170 385200 770300 120 30 999 NONE NONE 210
	FP_ROUTE KDCA..KLGA

TRACK_TIME 1167737286
TRACK A20110117598796 C750 394300 861660 120 30 999 NONE NONE 400
	FP_ROUTE KIND..KICT

TRACK_TIME 1167737286
TRACK A20110117598818 B737 303000 814060 120 30 999 NONE NONE 380
	FP_ROUTE KJAX..KBHM

TRACK_TIME 1167737286
TRACK A20110117598819 B737 333400 864500 120 30 999 NONE NONE 390
	FP_ROUTE KBHM..KMDW

TRACK_TIME 1167737286
TRACK A20110117598820 B737 414660 874300 120 30 999 NONE NONE 190
	FP_ROUTE KMDW..KDTW

TRACK_TIME 1167737286
TRACK A20110117598822 B772 373760 1222400 120 30 999 NONE NONE 390
	FP_ROUTE KSFO..KHNL

TRACK_TIME 1167737286
TRACK A20110117598824 CRJ2 333900 842260 120 30 999 NONE NONE 270
	FP_ROUTE KATL..KCRW

TRACK_TIME 1167737286
TRACK A20110117598825 CRJ2 381960 813760 120 30 999 NONE NONE 260
	FP_ROUTE KCRW..KATL

TRACK_TIME 1167737286
TRACK A20110117598835 B737 360760 864060 120 30 999 NONE NONE 380
	FP_ROUTE KBNA..KDEN

TRACK_TIME 1167737286
TRACK A20110117598836 B737 394960 1044800 120 30 999 NONE NONE 400
	FP_ROUTE KDEN..KSNA

TRACK_TIME 1167737286
TRACK A20110117598839 B752 263100 814660 120 30 999 NONE NONE 350
	FP_ROUTE KRSW..KATL

TRACK_TIME 1167737286
TRACK A20110117598840 B738 293100 982800 120 30 999 NONE NONE 230
	FP_ROUTE KSAT..KIAH

TRACK_TIME 1167737286
TRACK A20110117598841 B739 295700 952100 120 30 999 NONE NONE 350
	FP_ROUTE KIAH..KEWR

TRACK_TIME 1167737286
TRACK A20110117598842 MD83 265260 820000 120 30 999 NONE NONE 310
	FP_ROUTE KPGD..KGSP

TRACK_TIME 1167737286
TRACK A20110117598844 MD83 415560 875560 120 30 999 NONE NONE 340
	FP_ROUTE KORD..KDFW

TRACK_TIME 1167737286
TRACK A20110117598847 B737 422200 705860 120 30 999 NONE NONE 380
	FP_ROUTE KBOS..KMCO

TRACK_TIME 1167737286
TRACK A20110117598848 B737 324500 1171300 120 30 999 NONE NONE 380
	FP_ROUTE KSAN..KPDX

TRACK_TIME 1167737286
TRACK A20110117598850 CRJ2 395500 841000 120 30 999 NONE NONE 290
	FP_ROUTE KDAY..KCLT

TRACK_TIME 1167737286
TRACK A20110117598855 FA7X 390400 773460 120 30 999 NONE NONE 430
	FP_ROUTE KJYO..KCRQ

TRACK_TIME 1167737286
TRACK A20110117598865 FA50 421000 832260 120 30 999 NONE NONE 220
	FP_ROUTE KDTW..KIND

TRACK_TIME 1167737286
TRACK A20110117598866 MD82 415560 875500 120 30 999 NONE NONE 310
	FP_ROUTE KORD..KRSW

TRACK_TIME 1167737286
TRACK A20110117598868 C550 410700 730760 120 30 999 NONE NONE 140
	FP_ROUTE KBDR..KMQS

TRACK_TIME 1167737286
TRACK A20110117598876 C550 401900 760460 120 30 999 NONE NONE 140
	FP_ROUTE KMQS..KELM

TRACK_TIME 1167737286
TRACK A20110117598883 BE9L 360600 864060 120 30 999 NONE NONE 240
	FP_ROUTE KBNA..KADS

TRACK_TIME 1167737286
TRACK A20110117598885 DH8A 395260 751060 120 30 999 NONE NONE 80
	FP_ROUTE KPHL..KLGA

TRACK_TIME 1167737286
TRACK A20110117598891 B752 335560 1182500 120 30 999 NONE NONE 370
	FP_ROUTE KLAX..KMIA

TRACK_TIME 1167737286
TRACK A20110117598897 B738 295700 952100 120 30 999 NONE NONE 380
	FP_ROUTE KIAH..KSAN

TRACK_TIME 1167737286
TRACK A20110117598900 MD82 325260 970300 120 30 999 NONE NONE 300
	FP_ROUTE KDFW..KABQ

TRACK_TIME 1167737286
TRACK A20110117598917 E145 355100 835800 120 30 999 NONE NONE 360
	FP_ROUTE KTYS..KDFW

TRACK_TIME 1167737286
TRACK A20110117598921 B752 395260 751300 120 30 999 NONE NONE 380
	FP_ROUTE KPHL..KORD

TRACK_TIME 1167737286
TRACK A20110117598922 A319 415800 875800 120 30 999 NONE NONE 380
	FP_ROUTE KORD..KOMA

TRACK_TIME 1167737286
TRACK A20110117598924 B737 393160 1194600 120 30 999 NONE NONE 230
	FP_ROUTE KRNO..KSJC

TRACK_TIME 1167737286
TRACK A20110117598926 E145 295700 952100 120 30 999 NONE NONE 290
	FP_ROUTE KIAH..KLIT

TRACK_TIME 1167737286
TRACK A20110117598927 B737 473700 1173300 120 30 999 NONE NONE 370
	FP_ROUTE KGEG..KOAK

TRACK_TIME 1167737286
TRACK A20110117598934 CRJ2 351500 805560 120 30 999 NONE NONE 190
	FP_ROUTE KCLT..KEWN

TRACK_TIME 1167737286
TRACK A20110117598936 B737 374360 1221600 120 30 999 NONE NONE 330
	FP_ROUTE KOAK..KBUR

TRACK_TIME 1167737286
TRACK A20110117598938 A320 385560 773100 120 30 999 NONE NONE 200
	FP_ROUTE KIAD..KRDU

TRACK_TIME 1167737286
TRACK A20110117598939 A320 404000 734300 120 30 999 NONE NONE 340
	FP_ROUTE KJFK..KFLL

TRACK_TIME 1167737286
TRACK A20110117598940 B734 351200 805560 120 30 999 NONE NONE 290
	FP_ROUTE KCLT..KBDL

TRACK_TIME 1167737286
TRACK A20110117598941 B737 332560 1120000 120 30 999 NONE NONE 340
	FP_ROUTE KPHX..KBUR

TRACK_TIME 1167737286
TRACK A20110117598942 B737 341000 1182260 120 30 999 NONE NONE 380
	FP_ROUTE KBUR..KSMF

TRACK_TIME 1167737286
TRACK A20110117598951 B753 404300 740760 120 30 999 NONE NONE 320
	FP_ROUTE KEWR..KMCO

TRACK_TIME 1167737286
TRACK A20110117598957 B738 295700 952100 120 30 999 NONE NONE 360
	FP_ROUTE KIAH..KPDX

TRACK_TIME 1167737286
TRACK A20110117598963 CRJ2 421300 832100 120 30 999 NONE NONE 250
	FP_ROUTE KDTW..KELM

TRACK_TIME 1167737286
TRACK A20110117598965 B753 264060 800100 120 30 999 NONE NONE 190
	FP_ROUTE KPBI..KMCO

TRACK_TIME 1167737286
TRACK A20110117598969 B735 355260 784660 120 30 999 NONE NONE 360
	FP_ROUTE KRDU..KIAH

TRACK_TIME 1167737286
TRACK A20110117598970 B738 445100 931360 120 30 999 NONE NONE 390
	FP_ROUTE KMSP..KRSW

TRACK_TIME 1167737286
TRACK A20110117598971 E120 404660 1120000 120 30 999 NONE NONE 260
	FP_ROUTE KSLC..KSUN

TRACK_TIME 1167737286
TRACK A20110117598972 SF34 332860 905860 120 30 999 NONE NONE 80
	FP_ROUTE KGLH..KMEM

TRACK_TIME 1167737286
TRACK A20110117598974 CRJ2 353000 823600 120 30 999 NONE NONE 180
	FP_ROUTE KAVL..KATL

TRACK_TIME 1167737286
TRACK A20110117598978 BE9L 425560 784300 120 30 999 NONE NONE 200
	FP_ROUTE KBUF..KCMH

TRACK_TIME 1167737286
TRACK A20110117598980 CRJ2 421200 832100 120 30 999 NONE NONE 280
	FP_ROUTE KDTW..KSDF

TRACK_TIME 1167737286
TRACK A20110117598981 A319 392800 743700 120 30 999 NONE NONE 360
	FP_ROUTE KACY..KRSW

TRACK_TIME 1167737286
TRACK A20110117598982 CRJ9 332560 1120160 120 30 999 NONE NONE 350
	FP_ROUTE KPHX..KAUS

TRACK_TIME 1167737286
TRACK A20110117598986 E145 395260 751300 120 30 999 NONE NONE 260
	FP_ROUTE KPHL..KCLE

TRACK_TIME 1167737286
TRACK A20110117598988 BE9L 400000 825400 120 30 999 NONE NONE 210
	FP_ROUTE KCMH..KTEB

TRACK_TIME 1167737286
TRACK A20110117598991 CRJ2 380900 854300 120 30 999 NONE NONE 120
	FP_ROUTE KSDF..KDTW

TRACK_TIME 1167737286
TRACK A20110117598993 A320 415860 875200 120 30 999 NONE NONE 390
	FP_ROUTE KORD..KLGA

TRACK_TIME 1167737286
TRACK A20110117598994 B737 360700 1150900 120 30 999 NONE NONE 380
	FP_ROUTE KLAS..KSFO

TRACK_TIME 1167737286
TRACK A20110117598997 BE9L 411000 733460 120 30 999 NONE NONE 65
	FP_ROUTE KACY..KFRG

TRACK_TIME 1167737286
TRACK A20110117599001 E145 295700 952100 120 30 999 NONE NONE 350
	FP_ROUTE KIAH..KBNA

TRACK_TIME 1167737286
TRACK A20110117599002 E145 360700 864060 120 30 999 NONE NONE 350
	FP_ROUTE KBNA..KEWR

TRACK_TIME 1167737286
TRACK A20110117599012 B737 414600 874600 120 30 999 NONE NONE 380
	FP_ROUTE KMDW..KLAS

TRACK_TIME 1167737286
TRACK A20110117599013 A320 325260 970300 120 30 999 NONE NONE 360
	FP_ROUTE KDFW..KSFO

TRACK_TIME 1167737286
TRACK A20110117599014 FA10 333900 1115260 120 30 999 NONE NONE 330
	FP_ROUTE KSDL..KSLN

TRACK_TIME 1167737286
TRACK A20110117599017 CRJ9 390160 844000 120 30 999 NONE NONE 300
	FP_ROUTE KCVG..KSTL

TRACK_TIME 1167737286
TRACK A20110117599018 B738 295800 952100 120 30 999 NONE NONE 250
	FP_ROUTE KIAH..KMSY

TRACK_TIME 1167737286
TRACK A20110117599023 B738 264060 801000 120 30 999 NONE NONE 380
	FP_ROUTE KPBI..KDFW

TRACK_TIME 1167737286
TRACK A20110117599025 A320 445100 931360 120 30 999 NONE NONE 390
	FP_ROUTE KMSP..KDCA

TRACK_TIME 1167737286
TRACK A20110117599028 BE9L 334200 1175100 120 30 999 NONE NONE 80
	FP_ROUTE KSNA..KSBA

TRACK_TIME 1167737286
TRACK A20110117599030 B737 433300 1161060 120 30 999 NONE NONE 400
	FP_ROUTE KBOI..KRNO

TRACK_TIME 1167737286
TRACK A20110117599035 B737 341060 1182200 120 30 999 NONE NONE 270
	FP_ROUTE KBUR..KLAS

TRACK_TIME 1167737286
TRACK A20110117599036 DH8D 472700 1221800 120 30 999 NONE NONE 170
	FP_ROUTE KSEA..KPSC

TRACK_TIME 1167737286
TRACK A20110117599037 BE9L 342560 1195200 120 30 999 NONE NONE 90
	FP_ROUTE KSBA..KSNA

TRACK_TIME 1167737286
TRACK A20110117599038 CRJ2 333900 842260 120 30 999 NONE NONE 280
	FP_ROUTE KATL..KGPT

TRACK_TIME 1167737286
TRACK A20110117599039 CRJ2 302100 890000 120 30 999 NONE NONE 270
	FP_ROUTE KGPT..KATL

TRACK_TIME 1167737286
TRACK A20110117599051 CRJ2 404600 735100 120 30 999 NONE NONE 100
	FP_ROUTE KLGA..KPIT

TRACK_TIME 1167737286
TRACK A20110117599053 B753 360700 1150900 120 30 999 NONE NONE 350
	FP_ROUTE KLAS..KEWR

TRACK_TIME 1167737286
TRACK A20110117599056 F2TH 394960 1045100 120 30 999 NONE NONE 200
	FP_ROUTE KDEN..KRIL

TRACK_TIME 1167737286
TRACK A20110117599057 F2TH 393160 1074500 120 30 999 NONE NONE 430
	FP_ROUTE KRIL..KCRQ

TRACK_TIME 1167737286
TRACK A20110117599062 LJ35 394900 825560 120 30 999 NONE NONE 410
	FP_ROUTE KLCK..KBED

TRACK_TIME 1167737286
TRACK A20110117599063 B735 393300 1194600 120 30 999 NONE NONE 330
	FP_ROUTE KRNO..KLAS

TRACK_TIME 1167737286
TRACK A20110117599068 B735 360760 1150700 120 30 999 NONE NONE 351
	FP_ROUTE KLAS..KTUL

TRACK_TIME 1167737286
TRACK A20110117599069 B735 361060 955200 120 30 999 NONE NONE 360
	FP_ROUTE KTUL..KHOU

TRACK_TIME 1167737286
TRACK A20110117599071 MD82 404960 735200 120 30 999 NONE NONE 320
	FP_ROUTE KLGA..KDFW

TRACK_TIME 1167737286
TRACK A20110117599073 A319 404360 741060 120 30 999 NONE NONE 380
	FP_ROUTE KEWR..KORD

TRACK_TIME 1167737286
TRACK A20110117599077 E135 433400 964500 120 30 999 NONE NONE 330
	FP_ROUTE KFSD..KORD

TRACK_TIME 1167737286
TRACK A20110117599081 E145 430600 892100 120 30 999 NONE NONE 360
	FP_ROUTE KMSN..KDFW

TRACK_TIME 1167737286
TRACK A20110117599082 MD83 404360 740700 120 30 999 NONE NONE 320
	FP_ROUTE KEWR..KDFW

TRACK_TIME 1167737286
TRACK A20110117599092 CRJ2 421300 832200 120 30 999 NONE NONE 81
	FP_ROUTE KDTW..KLAN

TRACK_TIME 1167737286
TRACK A20110117599098 DH8D 473700 1173300 120 30 999 NONE NONE 240
	FP_ROUTE KGEG..KPDX

TRACK_TIME 1167737286
TRACK A20110117599104 CRJ2 404900 735100 120 30 999 NONE NONE 260
	FP_ROUTE KLGA..KBUF

TRACK_TIME 1167737286
TRACK A20110117599106 B737 333900 1175260 120 30 999 NONE NONE 360
	FP_ROUTE KSNA..KSEA

TRACK_TIME 1167737286
TRACK A20110117599109 E145 400000 825200 120 30 999 NONE NONE 360
	FP_ROUTE KCMH..KIAH

TRACK_TIME 1167737286
TRACK A20110117599114 A320 422200 705800 120 30 999 NONE NONE 340
	FP_ROUTE KBOS..KSAN

TRACK_TIME 1167737286
TRACK A20110117599116 E135 370760 932500 120 30 999 NONE NONE 280
	FP_ROUTE KSGF..KDFW

TRACK_TIME 1167737286
TRACK A20110117599118 CRJ2 445100 931060 120 30 999 NONE NONE 330
	FP_ROUTE KMSP..KFNT

TRACK_TIME 1167737286
TRACK A20110117599119 CRJ2 414360 861360 120 30 999 NONE NONE 151
	FP_ROUTE KSBN..KDTW

TRACK_TIME 1167737286
TRACK A20110117599123 MD83 300000 901800 120 30 999 NONE NONE 320
	FP_ROUTE KMSY..KORD

TRACK_TIME 1167737286
TRACK A20110117599126 B733 391060 944500 120 30 999 NONE NONE 360
	FP_ROUTE KMCI..KDAL

TRACK_TIME 1167737286
TRACK A20110117599131 E145 412260 815260 120 30 999 NONE NONE 320
	FP_ROUTE KCLE..KATL

TRACK_TIME 1167737286
TRACK A20110117599134 B735 275700 823300 120 30 999 NONE NONE 350
	FP_ROUTE KTPA..KBWI

TRACK_TIME 1167737286
TRACK A20110117599135 B733 332560 1120400 120 30 999 NONE NONE 360
	FP_ROUTE KPHX..KOAK

TRACK_TIME 1167737286
TRACK A20110117599138 MD83 325200 970300 120 30 999 NONE NONE 300
	FP_ROUTE KDFW..KSEA

TRACK_TIME 1167737286
TRACK A20110117599140 A321 332560 1115860 120 30 999 NONE NONE 330
	FP_ROUTE KPHX..KPHL

TRACK_TIME 1167737286
TRACK A20110117599144 B712 215860 1591900 120 30 999 NONE NONE 110
	FP_ROUTE KLIH..KHNL

TRACK_TIME 1167737286
TRACK A20110117599153 CRJ2 350300 1063460 120 30 999 NONE NONE 320
	FP_ROUTE KABQ..KDEN

TRACK_TIME 1167737286
TRACK A20110117599154 CRJ2 335560 1182800 120 30 999 NONE NONE 320
	FP_ROUTE KLAX..KSMF

TRACK_TIME 1167737286
TRACK A20110117599164 A321 324360 1171360 120 30 999 NONE NONE 250
	FP_ROUTE KSAN..KPHX

TRACK_TIME 1167737286
TRACK A20110117599166 E145 355100 835800 120 30 999 NONE NONE 340
	FP_ROUTE KTYS..KIAH

TRACK_TIME 1167737286
TRACK A20110117599169 MD83 335560 1182560 120 30 999 NONE NONE 310
	FP_ROUTE KLAX..KICT

TRACK_TIME 1167737286
TRACK A20110117599173 CRJ2 411800 955400 120 30 999 NONE NONE 290
	FP_ROUTE KOMA..KORD

TRACK_TIME 1167737286
TRACK A20110117599178 B712 211900 1575260 120 30 999 NONE NONE 169
	FP_ROUTE KHNL..KKOA

TRACK_TIME 1167737286
TRACK A20110117599181 E135 444500 893300 120 30 999 NONE NONE 80
	FP_ROUTE KCWA..KORD

TRACK_TIME 1167737286
TRACK A20110117599184 BE20 415100 913900 120 30 999 NONE NONE 110
	FP_ROUTE KCID..KLSE

TRACK_TIME 1167737286
TRACK A20110117599195 E190 430700 760600 120 30 999 NONE NONE 210
	FP_ROUTE KSYR..KJFK

TRACK_TIME 1167737286
TRACK A20110117599196 A320 403900 734200 120 30 999 NONE NONE 360
	FP_ROUTE KJFK..KSFO

TRACK_TIME 1167737286
TRACK A20110117599200 B737 412400 815200 120 30 999 NONE NONE 300
	FP_ROUTE KCLE..KMDW

TRACK_TIME 1167737286
TRACK A20110117599201 B737 414360 874600 120 30 999 NONE NONE 380
	FP_ROUTE KMDW..KHOU

TRACK_TIME 1167737286
TRACK A20110117599202 B733 394800 1043700 120 30 999 NONE NONE 330
	FP_ROUTE KDEN..KOKC

TRACK_TIME 1167737286
TRACK A20110117599204 B733 314800 1062400 120 30 999 NONE NONE 230
	FP_ROUTE KELP..KAUS

TRACK_TIME 1167737286
TRACK A20110117599209 SF34 385260 772800 120 30 999 NONE NONE 200
	FP_ROUTE KIAD..KBKW

TRACK_TIME 1167737286
TRACK A20110117599211 SF34 374660 810700 120 30 999 NONE NONE 190
	FP_ROUTE KBKW..KIAD

TRACK_TIME 1167737286
TRACK A20110117599217 A320 334960 1181000 120 30 999 NONE NONE 370
	FP_ROUTE KLGB..KSLC

TRACK_TIME 1167737286
TRACK A20110117599220 B737 395400 1043760 120 30 999 NONE NONE 390
	FP_ROUTE KDEN..KSTL

TRACK_TIME 1167737286
TRACK A20110117599221 B737 384300 901500 120 30 999 NONE NONE 390
	FP_ROUTE KSTL..KTPA

TRACK_TIME 1167737286
TRACK A20110117599223 B752 421000 832260 120 30 999 NONE NONE 400
	FP_ROUTE KDTW..KRSW

TRACK_TIME 1167737286
TRACK A20110117599224 CRJ2 332560 1115860 120 30 999 NONE NONE 110
	FP_ROUTE KPHX..KDRO

TRACK_TIME 1167737286
TRACK A20110117599230 A319 264060 800300 120 30 999 NONE NONE 390
	FP_ROUTE KPBI..KDCA

TRACK_TIME 1167737286
TRACK A20110117599233 CRJ1 425400 852800 120 30 999 NONE NONE 121
	FP_ROUTE KGRR..KDTW

TRACK_TIME 1167737286
TRACK A20110117599235 CRJ9 384300 901500 120 30 999 NONE NONE 340
	FP_ROUTE KSTL..KSLC

TRACK_TIME 1167737286
TRACK A20110117599237 A319 332560 1115860 120 30 999 NONE NONE 390
	FP_ROUTE KPHX..KIAH

TRACK_TIME 1167737286
TRACK A20110117599238 B752 332560 1115860 120 30 999 NONE NONE 370
	FP_ROUTE KPHX..KDTW

TRACK_TIME 1167737286
TRACK A20110117599239 A320 395260 751300 120 30 999 NONE NONE 340
	FP_ROUTE KPHL..KTPA

TRACK_TIME 1167737286
TRACK A20110117599240 E145 333900 1014960 120 30 999 NONE NONE 270
	FP_ROUTE KLBB..KDFW

TRACK_TIME 1167737286
TRACK A20110117599256 E145 415800 880100 120 30 999 NONE NONE 60
	FP_ROUTE KORD..KMLI

TRACK_TIME 1167737286
TRACK A20110117599257 E145 412500 903600 120 30 999 NONE NONE 110
	FP_ROUTE KMLI..KORD

TRACK_TIME 1167737286
TRACK A20110117599262 E120 360600 1151000 120 30 999 NONE NONE 240
	FP_ROUTE KLAS..KFAT

TRACK_TIME 1167737286
TRACK A20110117599263 CRJ1 354960 835800 120 30 999 NONE NONE 310
	FP_ROUTE KTYS..KDTW

TRACK_TIME 1167737286
TRACK A20110117599265 CRJ2 395260 1043300 120 30 999 NONE NONE 350
	FP_ROUTE KDEN..KMSN

TRACK_TIME 1167737286
TRACK A20110117599273 B737 395400 1044500 120 30 999 NONE NONE 400
	FP_ROUTE KDEN..KLAX

TRACK_TIME 1167737286
TRACK A20110117599274 B737 335700 1183000 120 30 999 NONE NONE 360
	FP_ROUTE KLAX..KOAK

TRACK_TIME 1167737286
TRACK A20110117599290 B737 390760 763760 120 30 999 NONE NONE 390
	FP_ROUTE KBWI..KSJU

TRACK_TIME 1167737286
TRACK A20110117599295 B752 282560 811800 120 30 999 NONE NONE 350
	FP_ROUTE KMCO..KATL

TRACK_TIME 1167737286
TRACK A20110117599303 B752 333900 842400 120 30 999 NONE NONE 360
	FP_ROUTE KATL..KPHX

TRACK_TIME 1167737286
TRACK A20110117599316 CRJ9 461500 1190760 120 30 999 NONE NONE 350
	FP_ROUTE KPSC..KMSP

TRACK_TIME 1167737286
TRACK A20110117599317 CRJ1 421000 832100 120 30 999 NONE NONE 230
	FP_ROUTE KDTW..KROC

TRACK_TIME 1167737286
TRACK A20110117599321 CRJ2 445100 931360 120 30 999 NONE NONE 330
	FP_ROUTE KMSP..KSDF

TRACK_TIME 1167737286
TRACK A20110117599323 CRJ2 422200 705800 120 30 999 NONE NONE 260
	FP_ROUTE KBOS..KROC

TRACK_TIME 1167737286
TRACK A20110117599324 BE20 330700 1171900 120 30 999 NONE NONE 219
	FP_ROUTE KCRQ..KMMH

TRACK_TIME 1167737286
TRACK A20110117599325 BE20 373900 1184960 120 30 999 NONE NONE 210
	FP_ROUTE KMMH..KCRQ

TRACK_TIME 1167737286
TRACK A20110117599326 CRJ2 390160 843900 120 30 999 NONE NONE 270
	FP_ROUTE KCVG..KORF

TRACK_TIME 1167737286
TRACK A20110117599328 CRJ2 422500 762800 120 30 999 NONE NONE 260
	FP_ROUTE KITH..KDTW

TRACK_TIME 1167737286
TRACK A20110117599329 F900 261200 801000 120 30 999 NONE NONE 400
	FP_ROUTE KFXE..KUGN

TRACK_TIME 1167737286
TRACK A20110117599332 LJ45 350100 895800 120 30 999 NONE NONE 230
	FP_ROUTE KMEM..KMQY

TRACK_TIME 1167737286
TRACK A20110117599345 E190 422200 705860 120 30 999 NONE NONE 320
	FP_ROUTE KBOS..KBUF

TRACK_TIME 1167737286
TRACK A20110117599359 BE9L 333760 1175260 120 30 999 NONE NONE 80
	FP_ROUTE KSNA..KSBA

TRACK_TIME 1167737286
TRACK A20110117599360 B733 394360 861800 120 30 999 NONE NONE 340
	FP_ROUTE KIND..KDEN

TRACK_TIME 1167737286
TRACK A20110117599361 B733 394960 1044660 120 30 999 NONE NONE 340
	FP_ROUTE KDEN..KLAS

TRACK_TIME 1167737286
TRACK A20110117599362 B737 360600 1150900 120 30 999 NONE NONE 370
	FP_ROUTE KLAS..KMDW

TRACK_TIME 1167737286
TRACK A20110117599366 DH8D 453600 1223900 120 30 999 NONE NONE 230
	FP_ROUTE KPDX..KBOI

TRACK_TIME 1167737286
TRACK A20110117599367 B737 404900 730400 120 30 999 NONE NONE 260
	FP_ROUTE KISP..KBWI

TRACK_TIME 1167737286
TRACK A20110117599369 MD83 360700 1150900 120 30 999 NONE NONE 320
	FP_ROUTE KLAS..KMFR

TRACK_TIME 1167737286
TRACK A20110117599380 A319 404900 735100 120 30 999 NONE NONE 210
	FP_ROUTE KLGA..KBOS

TRACK_TIME 1167737286
TRACK A20110117599387 A319 385400 770460 120 30 999 NONE NONE 380
	FP_ROUTE KDCA..KORD

TRACK_TIME 1167737286
TRACK A20110117599388 B737 425700 712560 120 30 999 NONE NONE 120
	FP_ROUTE KMHT..KPHL

TRACK_TIME 1167737286
TRACK A20110117599391 C750 275860 823300 120 30 999 NONE NONE 169
	FP_ROUTE KTPA..KPBI

TRACK_TIME 1167737286
TRACK A20110117599394 CL60 393460 1045100 120 30 999 NONE NONE 340
	FP_ROUTE KAPA..KABQ

TRACK_TIME 1167737286
TRACK A20110117599395 C750 264060 801000 120 30 999 NONE NONE 410
	FP_ROUTE KPBI..KHPN

TRACK_TIME 1167737286
TRACK A20110117599398 CL60 350300 1063760 120 30 999 NONE NONE 370
	FP_ROUTE KABQ..KAPA

TRACK_TIME 1167737286
TRACK A20110117599401 F2TH 422800 711900 120 30 999 NONE NONE 160
	FP_ROUTE KBED..KTEB

TRACK_TIME 1167737286
TRACK A20110117599404 CRJ2 433000 1120600 120 30 999 NONE NONE 91
	FP_ROUTE KIDA..KSLC

TRACK_TIME 1167737286
TRACK A20110117599406 CRJ2 404900 1120000 120 30 999 NONE NONE 320
	FP_ROUTE KSLC..KGEG

TRACK_TIME 1167737286
TRACK A20110117599412 E145 325200 970160 120 30 999 NONE NONE 190
	FP_ROUTE KDFW..KIAH

TRACK_TIME 1167737286
TRACK A20110117599414 CRJ2 425560 875400 120 30 999 NONE NONE 260
	FP_ROUTE KMKE..KSTL

TRACK_TIME 1167737286
TRACK A20110117599421 CRJ9 324360 1171300 120 30 999 NONE NONE 370
	FP_ROUTE KSAN..KSLC

TRACK_TIME 1167737286
TRACK A20110117599422 CRJ2 351060 805560 120 30 999 NONE NONE 310
	FP_ROUTE KCLT..KHPN

TRACK_TIME 1167737286
TRACK A20110117599427 CRJ2 350100 900000 120 30 999 NONE NONE 300
	FP_ROUTE KMEM..KMCI

TRACK_TIME 1167737286
TRACK A20110117599430 C560 352200 895200 120 30 999 NONE NONE 370
	FP_ROUTE KNQA..KTMB

TRACK_TIME 1167737286
TRACK A20110117599435 B712 211900 1575260 120 30 999 NONE NONE 230
	FP_ROUTE KHNL..KITO

TRACK_TIME 1167737286
TRACK A20110117599439 E145 425500 875400 120 30 999 NONE NONE 360
	FP_ROUTE KMKE..KIAH

TRACK_TIME 1167737286
TRACK A20110117599443 E170 385260 770400 120 30 999 NONE NONE 360
	FP_ROUTE KDCA..KJAX

TRACK_TIME 1167737286
TRACK A20110117599449 CRJ2 421200 832100 120 30 999 NONE NONE 220
	FP_ROUTE KDTW..KLEX

TRACK_TIME 1167737286
TRACK A20110117599451 F900 264060 800300 120 30 999 NONE NONE 410
	FP_ROUTE KPBI..KMMU

TRACK_TIME 1167737286
TRACK A20110117599454 A320 420100 874800 120 30 999 NONE NONE 370
	FP_ROUTE KORD..KBDL

TRACK_TIME 1167737286
TRACK A20110117599470 E120 364960 1194900 120 30 999 NONE NONE 140
	FP_ROUTE KFAT..KSFO

TRACK_TIME 1167737286
TRACK A20110117599473 SF34 611300 1500400 120 30 999 NONE NONE 200
	FP_ROUTE KANC..KMCG

TRACK_TIME 1167737286
TRACK A20110117599477 E145 415800 875800 120 30 999 NONE NONE 240
	FP_ROUTE KORD..KFSD

TRACK_TIME 1167737286
TRACK A20110117599480 E120 414600 1241600 120 30 999 NONE NONE 270
	FP_ROUTE KCEC..KSFO

TRACK_TIME 1167737286
TRACK A20110117599481 CRJ2 335500 1182860 120 30 999 NONE NONE 110
	FP_ROUTE KLAX..KSAN

TRACK_TIME 1167737286
TRACK A20110117599482 CRJ2 324600 1171600 120 30 999 NONE NONE 100
	FP_ROUTE KSAN..KLAX

TRACK_TIME 1167737286
TRACK A20110117599483 CRJ2 400000 825260 120 30 999 NONE NONE 320
	FP_ROUTE KCMH..KMSP

TRACK_TIME 1167737286
TRACK A20110117599484 CRJ2 445100 931300 120 30 999 NONE NONE 109
	FP_ROUTE KMSP..KLSE

TRACK_TIME 1167737286
TRACK A20110117599487 B752 254800 801900 120 30 999 NONE NONE 210
	FP_ROUTE KMIA..KMCO

TRACK_TIME 1167737286
TRACK A20110117599488 CRJ1 405700 850760 120 30 999 NONE NONE 120
	FP_ROUTE KFWA..KDTW

TRACK_TIME 1167737286
TRACK A20110117599490 CL60 393160 1074360 120 30 999 NONE NONE 390
	FP_ROUTE KRIL..KUGN

TRACK_TIME 1167737286
TRACK A20110117599492 E145 404200 740900 120 30 999 NONE NONE 220
	FP_ROUTE KEWR..KDCA

TRACK_TIME 1167737286
TRACK A20110117599494 B737 360700 1150900 120 30 999 NONE NONE 280
	FP_ROUTE KLAS..KSNA

TRACK_TIME 1167737286
TRACK A20110117599495 B737 333900 1175400 120 30 999 NONE NONE 380
	FP_ROUTE KSNA..KSJC

TRACK_TIME 1167737286
TRACK A20110117599497 E135 335500 1182800 120 30 999 NONE NONE 110
	FP_ROUTE KLAX..KSAN

TRACK_TIME 1167737286
TRACK A20110117599498 MD82 325200 970160 120 30 999 NONE NONE 330
	FP_ROUTE KDFW..KDCA

TRACK_TIME 1167737286
TRACK A20110117599502 B737 411660 955200 120 30 999 NONE NONE 310
	FP_ROUTE KOMA..KMDW

TRACK_TIME 1167737286
TRACK A20110117599503 B737 414500 874360 120 30 999 NONE NONE 400
	FP_ROUTE KMDW..KLGA

TRACK_TIME 1167737286
TRACK A20110117599504 B737 404960 735260 120 30 999 NONE NONE 180
	FP_ROUTE KLGA..KBWI

TRACK_TIME 1167737286
TRACK A20110117599507 B752 403900 734960 120 30 999 NONE NONE 400
	FP_ROUTE KJFK..KSAN

TRACK_TIME 1167737286
TRACK A20110117599508 E170 421200 832100 120 30 999 NONE NONE 370
	FP_ROUTE KDTW..KCLT

TRACK_TIME 1167737286
TRACK A20110117599512 DH8C 395260 751060 120 30 999 NONE NONE 71
	FP_ROUTE KPHL..KEWR

TRACK_TIME 1167737286
TRACK A20110117599519 B737 472560 1221900 120 30 999 NONE NONE 350
	FP_ROUTE KSEA..KSAN

TRACK_TIME 1167737286
TRACK A20110117599520 CRJ2 333760 842200 120 30 999 NONE NONE 180
	FP_ROUTE KATL..KDHN

TRACK_TIME 1167737286
TRACK A20110117599524 AT72 254800 801660 120 30 999 NONE NONE 210
	FP_ROUTE KMIA..KJAX

TRACK_TIME 1167737286
TRACK A20110117599543 CL60 374200 1205800 120 30 999 NONE NONE 390
	FP_ROUTE KMOD..KDHT

TRACK_TIME 1167737286
TRACK A20110117599545 CL60 355400 1022700 120 30 999 NONE NONE 103
	FP_ROUTE KDHT..KAMA

TRACK_TIME 1167737286
TRACK A20110117599565 B735 301600 973760 120 30 999 NONE NONE 330
	FP_ROUTE KAUS..KEWR

TRACK_TIME 1167737286
TRACK A20110117599566 DH8D 415860 875260 120 30 999 NONE NONE 250
	FP_ROUTE KORD..KEWR

TRACK_TIME 1167737286
TRACK A20110117599569 E190 410600 734500 120 30 999 NONE NONE 360
	FP_ROUTE KHPN..KPBI

TRACK_TIME 1167737286
TRACK A20110117599570 CRJ2 321800 862200 120 30 999 NONE NONE 220
	FP_ROUTE KMGM..KMEM

TRACK_TIME 1167737286
TRACK A20110117599576 CRJ2 394960 1044500 120 30 999 NONE NONE 260
	FP_ROUTE KDEN..KABQ

TRACK_TIME 1167737286
TRACK A20110117599577 CRJ2 350160 1063460 120 30 999 NONE NONE 330
	FP_ROUTE KABQ..KDEN

TRACK_TIME 1167737286
TRACK A20110117599580 CL60 341300 1190600 120 30 999 NONE NONE 140
	FP_ROUTE KCMA..KSMX

TRACK_TIME 1167737286
TRACK A20110117599582 CRJ2 421200 832200 120 30 999 NONE NONE 260
	FP_ROUTE KDTW..KATW

TRACK_TIME 1167737286
TRACK A20110117599584 E190 260460 800760 120 30 999 NONE NONE 370
	FP_ROUTE KFLL..KDCA

TRACK_TIME 1167737286
TRACK A20110117599588 B738 295700 952100 120 30 999 NONE NONE 380
	FP_ROUTE KIAH..KLAX

TRACK_TIME 1167737286
TRACK A20110117599608 C560 373760 972560 120 30 999 NONE NONE 41
	FP_ROUTE KICT..KAAO

TRACK_TIME 1167737286
TRACK A20110117599610 B737 414360 712500 120 30 999 NONE NONE 380
	FP_ROUTE KPVD..KLAS

TRACK_TIME 1167737286
TRACK A20110117599611 B753 404300 740900 120 30 999 NONE NONE 380
	FP_ROUTE KEWR..KFLL

TRACK_TIME 1167737286
TRACK A20110117599614 B712 211900 1575400 120 30 999 NONE NONE 230
	FP_ROUTE KHNL..KITO

TRACK_TIME 1167737286
TRACK A20110117599616 B734 404360 740760 120 30 999 NONE NONE 320
	FP_ROUTE KEWR..KCLT

TRACK_TIME 1167737286
TRACK A20110117599622 A320 422200 710100 120 30 999 NONE NONE 280
	FP_ROUTE KBOS..KPHL

TRACK_TIME 1167737286
TRACK A20110117599626 C560 374360 971300 120 30 999 NONE NONE 430
	FP_ROUTE KAAO..KPSP

TRACK_TIME 1167737286
TRACK A20110117599627 CRJ9 385560 773100 120 30 999 NONE NONE 260
	FP_ROUTE KIAD..KCLT

TRACK_TIME 1167737286
TRACK A20110117599632 FA50 335100 1181200 120 30 999 NONE NONE 239
	FP_ROUTE KLGB..KMRY

TRACK_TIME 1167737286
TRACK A20110117599633 B734 351060 805560 120 30 999 NONE NONE 300
	FP_ROUTE KCLT..KPBI

TRACK_TIME 1167737286
TRACK A20110117599637 B737 425500 875400 120 30 999 NONE NONE 410
	FP_ROUTE KMKE..KMCO

TRACK_TIME 1167737286
TRACK A20110117599638 B737 282560 811800 120 30 999 NONE NONE 170
	FP_ROUTE KMCO..KRSW

TRACK_TIME 1167737286
TRACK A20110117599641 CRJ2 403760 734800 120 30 999 NONE NONE 200
	FP_ROUTE KJFK..KSYR

TRACK_TIME 1167737286
TRACK A20110117599643 CRJ2 333900 842260 120 30 999 NONE NONE 280
	FP_ROUTE KATL..KMOB

TRACK_TIME 1167737286
TRACK A20110117599644 CRJ2 304000 881300 120 30 999 NONE NONE 240
	FP_ROUTE KMOB..KATL

TRACK_TIME 1167737286
TRACK A20110117599658 B712 390900 763900 120 30 999 NONE NONE 360
	FP_ROUTE KBWI..KPBI

TRACK_TIME 1167737286
TRACK A20110117599661 A319 333760 842500 120 30 999 NONE NONE 380
	FP_ROUTE KATL..KFLL

TRACK_TIME 1167737286
TRACK A20110117599672 B737 293760 951800 120 30 999 NONE NONE 400
	FP_ROUTE KHOU..KOKC

TRACK_TIME 1167737286
TRACK A20110117599677 E190 404000 734060 120 30 999 NONE NONE 220
	FP_ROUTE KJFK..KROC

TRACK_TIME 1167737286
TRACK A20110117599680 LJ35 384000 903300 120 30 999 NONE NONE 390
	FP_ROUTE KSUS..KHPN

TRACK_TIME 1167737286
TRACK A20110117599685 B738 444960 931060 120 30 999 NONE NONE 370
	FP_ROUTE KMSP..KMCO

TRACK_TIME 1167737286
TRACK A20110117599686 CRJ9 332560 1120160 120 30 999 NONE NONE 170
	FP_ROUTE KPHX..KTUS

TRACK_TIME 1167737286
TRACK A20110117599694 CRJ2 350100 895860 120 30 999 NONE NONE 340
	FP_ROUTE KMEM..KLBB

TRACK_TIME 1167737286
TRACK A20110117599697 E135 350160 785200 120 30 999 NONE NONE 340
	FP_ROUTE KFAY..KDFW

TRACK_TIME 1167737286
TRACK A20110117599698 B737 324960 964960 120 30 999 NONE NONE 410
	FP_ROUTE KDAL..KBHM

TRACK_TIME 1167737286
TRACK A20110117599705 B737 333400 864500 120 30 999 NONE NONE 220
	FP_ROUTE KBHM..KBNA

TRACK_TIME 1167737286
TRACK A20110117599707 B737 360600 864000 120 30 999 NONE NONE 370
	FP_ROUTE KBNA..KBWI

TRACK_TIME 1167737286
TRACK A20110117599708 C560 354660 840160 120 30 999 NONE NONE 210
	FP_ROUTE KTYS..KBKW

TRACK_TIME 1167737286
TRACK A20110117599709 B752 404960 735260 120 30 999 NONE NONE 360
	FP_ROUTE KLGA..KDEN

TRACK_TIME 1167737286
TRACK A20110117599710 A320 394900 1043900 120 30 999 NONE NONE 390
	FP_ROUTE KDEN..KDFW

TRACK_TIME 1167737286
TRACK A20110117599712 SF34 295860 951900 120 30 999 NONE NONE 40
	FP_ROUTE KIAH..KCLL

TRACK_TIME 1167737286
TRACK A20110117599713 E145 405800 851300 120 30 999 NONE NONE 360
	FP_ROUTE KFWA..KDFW

TRACK_TIME 1167737286
TRACK A20110117599716 CL60 300760 853160 120 30 999 NONE NONE 350
	FP_ROUTE KECP..KBCT

TRACK_TIME 1167737286
TRACK A20110117599717 MD82 325100 970300 120 30 999 NONE NONE 280
	FP_ROUTE KDFW..KSAT

TRACK_TIME 1167737286
TRACK A20110117599718 A319 373760 1222200 120 30 999 NONE NONE 330
	FP_ROUTE KSFO..KLAX

TRACK_TIME 1167737286
TRACK A20110117599720 B737 424660 734900 120 30 999 NONE NONE 380
	FP_ROUTE KALB..KTPA

TRACK_TIME 1167737286
TRACK A20110117599722 B763 325100 970300 120 30 999 NONE NONE 320
	FP_ROUTE KDFW..KHNL

TRACK_TIME 1167737286
TRACK A20110117599727 CRJ2 421300 832200 120 30 999 NONE NONE 40
	FP_ROUTE KDTW..KFNT

TRACK_TIME 1167737286
TRACK A20110117599728 MD82 314960 1062200 120 30 999 NONE NONE 110
	FP_ROUTE KELP..KDFW

TRACK_TIME 1167737286
TRACK A20110117599734 B763 333900 842400 120 30 999 NONE NONE 340
	FP_ROUTE KATL..KLAS

TRACK_TIME 1167737286
TRACK A20110117599736 DH8A 395260 751200 120 30 999 NONE NONE 150
	FP_ROUTE KPHL..KHVN

TRACK_TIME 1167737286
TRACK A20110117599737 DH8A 411660 725200 120 30 999 NONE NONE 40
	FP_ROUTE KHVN..KPHL

TRACK_TIME 1167737286
TRACK A20110117599738 B737 275800 823300 120 30 999 NONE NONE 210
	FP_ROUTE KTPA..KPBI

TRACK_TIME 1167737286
TRACK A20110117599739 E145 351360 805700 120 30 999 NONE NONE 360
	FP_ROUTE KCLT..KIAH

TRACK_TIME 1167737286
TRACK A20110117599742 B737 264200 801060 120 30 999 NONE NONE 390
	FP_ROUTE KPBI..KBWI

TRACK_TIME 1167737286
TRACK A20110117599748 B733 391200 944200 120 30 999 NONE NONE 290
	FP_ROUTE KMCI..KMDW

TRACK_TIME 1167737286
TRACK A20110117599749 B737 333900 1175260 120 30 999 NONE NONE 60
	FP_ROUTE KSNA..KBUR

TRACK_TIME 1167737286
TRACK A20110117599753 C750 255860 813600 120 30 999 NONE NONE 430
	FP_ROUTE KMKY..KIAD

TRACK_TIME 1167737286
TRACK A20110117599754 C750 385700 773000 120 30 999 NONE NONE 180
	FP_ROUTE KIAD..KPIT

TRACK_TIME 1167737286
TRACK A20110117599758 CRJ2 350000 784960 120 30 999 NONE NONE 120
	FP_ROUTE KFAY..KCLT

TRACK_TIME 1167737286
TRACK A20110117599760 CRJ2 333900 842400 120 30 999 NONE NONE 210
	FP_ROUTE KATL..KTYS

TRACK_TIME 1167737286
TRACK A20110117599761 B734 282500 811800 120 30 999 NONE NONE 310
	FP_ROUTE KMCO..KDCA

TRACK_TIME 1167737286
TRACK A20110117599762 A319 403700 753000 120 30 999 NONE NONE 320
	FP_ROUTE KABE..KCLT

TRACK_TIME 1167737286
TRACK A20110117599763 A321 351600 805860 120 30 999 NONE NONE 320
	FP_ROUTE KCLT..KSEA

TRACK_TIME 1167737286
TRACK A20110117599766 CRJ2 351200 805560 120 30 999 NONE NONE 110
	FP_ROUTE KCLT..KFAY

TRACK_TIME 1167737286
TRACK A20110117599767 CRJ2 333900 842260 120 30 999 NONE NONE 180
	FP_ROUTE KATL..KHSV

TRACK_TIME 1167737286
TRACK A20110117599773 B712 194200 1560300 120 30 999 NONE NONE 161
	FP_ROUTE KKOA..KHNL

TRACK_TIME 1167737286
TRACK A20110117599775 CRJ2 333760 842400 120 30 999 NONE NONE 270
	FP_ROUTE KATL..KGNV

TRACK_TIME 1167737286
TRACK A20110117599776 CRJ2 294060 821600 120 30 999 NONE NONE 240
	FP_ROUTE KGNV..KATL

TRACK_TIME 1167737286
TRACK A20110117599777 E120 335100 1163160 120 30 999 NONE NONE 80
	FP_ROUTE KPSP..KLAX

TRACK_TIME 1167737286
TRACK A20110117599782 B712 211900 1575260 120 30 999 NONE NONE 140
	FP_ROUTE KHNL..KLIH

TRACK_TIME 1167737286
TRACK A20110117599783 CRJ2 390000 773400 120 30 999 NONE NONE 120
	FP_ROUTE KIAD..KDTW

TRACK_TIME 1167737286
TRACK A20110117599784 SF34 350160 895800 120 30 999 NONE NONE 70
	FP_ROUTE KMEM..KTUP

TRACK_TIME 1167737286
TRACK A20110117599786 A320 395260 751300 120 30 999 NONE NONE 380
	FP_ROUTE KPHL..KORD

TRACK_TIME 1167737286
TRACK A20110117599788 B734 351060 805700 120 30 999 NONE NONE 300
	FP_ROUTE KCLT..KIAH

TRACK_TIME 1167737286
TRACK A20110117599794 E170 404800 735200 120 30 999 NONE NONE 220
	FP_ROUTE KLGA..KDCA

TRACK_TIME 1167737286
TRACK A20110117599796 BE20 434660 911660 120 30 999 NONE NONE 121
	FP_ROUTE KLSE..KCID

TRACK_TIME 1167737286
TRACK A20110117599798 CRJ9 404360 740760 120 30 999 NONE NONE 340
	FP_ROUTE KEWR..KMSP

TRACK_TIME 1167737286
TRACK A20110117599803 B737 391360 944660 120 30 999 NONE NONE 380
	FP_ROUTE KMCI..KDEN

TRACK_TIME 1167737286
TRACK A20110117599804 B752 264300 800000 120 30 999 NONE NONE 350
	FP_ROUTE KPBI..KATL

TRACK_TIME 1167737286
TRACK A20110117599806 B737 394960 1044800 120 30 999 NONE NONE 380
	FP_ROUTE KDEN..KLAX

TRACK_TIME 1167737286
TRACK A20110117599807 B738 335560 1182700 120 30 999 NONE NONE 350
	FP_ROUTE KLAX..KEWR

TRACK_TIME 1167737286
TRACK A20110117599814 CRJ2 421060 832400 120 30 999 NONE NONE 310
	FP_ROUTE KDTW..KCAE

TRACK_TIME 1167737286
TRACK A20110117599834 B752 404200 740900 120 30 999 NONE NONE 320
	FP_ROUTE KEWR..KMIA

TRACK_TIME 1167737286
TRACK A20110117599844 CRJ2 350100 895800 120 30 999 NONE NONE 230
	FP_ROUTE KMEM..KCVG

TRACK_TIME 1167737286
TRACK A20110117599845 B712 263000 814960 120 30 999 NONE NONE 320
	FP_ROUTE KRSW..KATL

TRACK_TIME 1167737286
TRACK A20110117599846 B712 333900 842260 120 30 999 NONE NONE 270
	FP_ROUTE KATL..KCAK

TRACK_TIME 1167737286
TRACK A20110117599849 F2TH 405260 740160 120 30 999 NONE NONE 230
	FP_ROUTE KTEB..KSLK

TRACK_TIME 1167737286
TRACK A20110117599850 CRJ2 404900 735200 120 30 999 NONE NONE 300
	FP_ROUTE KLGA..KGSO

TRACK_TIME 1167737286
TRACK A20110117599851 F2TH 442260 741200 120 30 999 NONE NONE 400
	FP_ROUTE KSLK..KALB

TRACK_TIME 1167737286
TRACK A20110117599852 B752 404900 1120000 120 30 999 NONE NONE 300
	FP_ROUTE KSLC..KLAX

TRACK_TIME 1167737286
TRACK A20110117599855 B752 335560 1182700 120 30 999 NONE NONE 200
	FP_ROUTE KLAX..KKOA

TRACK_TIME 1167737286
TRACK A20110117599856 B712 333760 842260 120 30 999 NONE NONE 131
	FP_ROUTE KATL..KTPA

TRACK_TIME 1167737286
TRACK A20110117599857 B712 282400 811800 120 30 999 NONE NONE 330
	FP_ROUTE KMCO..KBWI

TRACK_TIME 1167737286
TRACK A20110117599858 B712 400000 825260 120 30 999 NONE NONE 340
	FP_ROUTE KCMH..KATL

TRACK_TIME 1167737286
TRACK A20110117599867 B733 395260 751000 120 30 999 NONE NONE 340
	FP_ROUTE KPHL..KMDW

TRACK_TIME 1167737286
TRACK A20110117599868 B733 414600 874060 120 30 999 NONE NONE 350
	FP_ROUTE KMDW..KPIT

TRACK_TIME 1167737286
TRACK A20110117599879 DH8C 395260 751200 120 30 999 NONE NONE 160
	FP_ROUTE KPHL..KSYR

TRACK_TIME 1167737286
TRACK A20110117599885 CRJ9 421000 832200 120 30 999 NONE NONE 340
	FP_ROUTE KDTW..KIAH

TRACK_TIME 1167737286
TRACK A20110117599886 E145 390760 944300 120 30 999 NONE NONE 350
	FP_ROUTE KMCI..KCLE

TRACK_TIME 1167737286
TRACK A20110117599889 CRJ2 425700 784300 120 30 999 NONE NONE 230
	FP_ROUTE KBUF..KJFK

TRACK_TIME 1167737286
TRACK A20110117599895 CRJ9 332560 1120300 120 30 999 NONE NONE 340
	FP_ROUTE KPHX..KFAT

TRACK_TIME 1167737286
TRACK A20110117599906 E135 355500 784600 120 30 999 NONE NONE 270
	FP_ROUTE KRDU..KJFK

TRACK_TIME 1167737286
TRACK A20110117599912 AT72 325200 970000 120 30 999 NONE NONE 109
	FP_ROUTE KDFW..KSHV

TRACK_TIME 1167737286
TRACK A20110117599914 B752 444960 931060 120 30 999 NONE NONE 410
	FP_ROUTE KMSP..KRSW

TRACK_TIME 1167737286
TRACK A20110117599921 MD82 325260 970160 120 30 999 NONE NONE 150
	FP_ROUTE KDFW..KTUL

TRACK_TIME 1167737286
TRACK A20110117599923 MD83 331960 1114060 120 30 999 NONE NONE 330
	FP_ROUTE KIWA..KRAP

TRACK_TIME 1167737286
TRACK A20110117599924 E145 365400 761060 120 30 999 NONE NONE 360
	FP_ROUTE KORF..KMIA

TRACK_TIME 1167737286
TRACK A20110117599931 E145 295700 952100 120 30 999 NONE NONE 310
	FP_ROUTE KIAH..KBNA

TRACK_TIME 1167737286
TRACK A20110117599934 B712 215860 1591900 120 30 999 NONE NONE 110
	FP_ROUTE KLIH..KHNL

TRACK_TIME 1167737286
TRACK A20110117599937 CRJ1 350000 851300 120 30 999 NONE NONE 310
	FP_ROUTE KCHA..KDTW

TRACK_TIME 1167737286
TRACK A20110117599938 LJ45 371800 795800 120 30 999 NONE NONE 430
	FP_ROUTE KROA..KMSP

TRACK_TIME 1167737286
TRACK A20110117599939 LJ45 445100 931360 120 30 999 NONE NONE 410
	FP_ROUTE KMSP..KROA

TRACK_TIME 1167737286
TRACK A20110117599945 CRJ2 465400 1140400 120 30 999 NONE NONE 310
	FP_ROUTE KMSO..KSLC

TRACK_TIME 1167737286
TRACK A20110117599955 E190 403900 734360 120 30 999 NONE NONE 220
	FP_ROUTE KJFK..KBUF

TRACK_TIME 1167737286
TRACK A20110117599957 E135 385260 770300 120 30 999 NONE NONE 220
	FP_ROUTE KDCA..KRDU

TRACK_TIME 1167737286
TRACK A20110117599961 BE9L 373760 972560 120 30 999 NONE NONE 200
	FP_ROUTE KICT..KITR

TRACK_TIME 1167737286
TRACK A20110117599962 BE9L 391500 1021660 120 30 999 NONE NONE 70
	FP_ROUTE KITR..KHYS

TRACK_TIME 1167737286
TRACK A20110117599968 CRJ2 445100 931300 120 30 999 NONE NONE 270
	FP_ROUTE KMSP..KGRR

TRACK_TIME 1167737286
TRACK A20110117599971 C550 345260 1202560 120 30 999 NONE NONE 350
	FP_ROUTE KSMX..KNYL

TRACK_TIME 1167737286
TRACK A20110117599972 C550 324500 1144060 120 30 999 NONE NONE 300
	FP_ROUTE KNYL..KSMX

TRACK_TIME 1167737286
TRACK A20110117599973 B733 351360 805560 120 30 999 NONE NONE 150
	FP_ROUTE KCLT..KRDU

TRACK_TIME 1167737286
TRACK A20110117599975 E170 360700 795500 120 30 999 NONE NONE 130
	FP_ROUTE KGSO..KCLT

TRACK_TIME 1167737286
TRACK A20110117599977 BE20 314800 1061960 120 30 999 NONE NONE 150
	FP_ROUTE KELP..KALM

TRACK_TIME 1167737286
TRACK A20110117599991 A319 325260 970160 120 30 999 NONE NONE 370
	FP_ROUTE KDFW..KIAD

TRACK_TIME 1167737286
TRACK A20110117599992 CRJ2 445100 931360 120 30 999 NONE NONE 290
	FP_ROUTE KMSP..KCMH

TRACK_TIME 1167737286
TRACK A20110117599993 E190 404300 740760 120 30 999 NONE NONE 380
	FP_ROUTE KEWR..KMCO

TRACK_TIME 1167737286
TRACK A20110117599994 E190 410460 734300 120 30 999 NONE NONE 300
	FP_ROUTE KHPN..KRSW

TRACK_TIME 1167737286
TRACK A20110117599997 A319 332560 1120160 120 30 999 NONE NONE 320
	FP_ROUTE KPHX..KRNO

TRACK_TIME 1167737286
TRACK A20110117600001 CRJ2 333760 842200 120 30 999 NONE NONE 260
	FP_ROUTE KATL..KVPS

TRACK_TIME 1167737286
TRACK A20110117600002 CRJ2 302700 862560 120 30 999 NONE NONE 230
	FP_ROUTE KVPS..KATL

TRACK_TIME 1167737286
TRACK A20110117600003 B737 301360 974060 120 30 999 NONE NONE 390
	FP_ROUTE KAUS..KMDW

TRACK_TIME 1167737286
TRACK A20110117600004 B737 414600 874500 120 30 999 NONE NONE 330
	FP_ROUTE KMDW..KCLE

TRACK_TIME 1167737286
TRACK A20110117600005 A319 333760 842260 120 30 999 NONE NONE 370
	FP_ROUTE KATL..KFLL

TRACK_TIME 1167737286
TRACK A20110117600006 B733 282400 811800 120 30 999 NONE NONE 350
	FP_ROUTE KMCO..KBWI

TRACK_TIME 1167737286
TRACK A20110117600007 B733 390900 763900 120 30 999 NONE NONE 119
	FP_ROUTE KBWI..KDTW

TRACK_TIME 1167737286
TRACK A20110117600012 B737 445100 931300 120 30 999 NONE NONE 390
	FP_ROUTE KMSP..KMIA

TRACK_TIME 1167737286
TRACK A20110117600013 A320 332560 1120300 120 30 999 NONE NONE 340
	FP_ROUTE KPHX..KSJC

TRACK_TIME 1167737286
TRACK A20110117600021 AT72 294000 821600 120 30 999 NONE NONE 130
	FP_ROUTE KGNV..KMIA

TRACK_TIME 1167737286
TRACK A20110117600034 E145 373600 972700 120 30 999 NONE NONE 350
	FP_ROUTE KICT..KIAH

TRACK_TIME 1167737286
TRACK A20110117600036 B764 295800 952100 120 30 999 NONE NONE 390
	FP_ROUTE KIAH..KEWR

TRACK_TIME 1167737286
TRACK A20110117600037 A320 332560 1120160 120 30 999 NONE NONE 360
	FP_ROUTE KPHX..KPDX

TRACK_TIME 1167737286
TRACK A20110117600038 BE20 433400 964300 120 30 999 NONE NONE 250
	FP_ROUTE KFSD..KARB

TRACK_TIME 1167737286
TRACK A20110117600039 B753 415800 875700 120 30 999 NONE NONE 360
	FP_ROUTE KORD..KIAH

TRACK_TIME 1167737286
TRACK A20110117600040 B753 282560 811800 120 30 999 NONE NONE 370
	FP_ROUTE KMCO..KDTW

TRACK_TIME 1167737286
TRACK A20110117600042 DH8A 442700 730760 120 30 999 NONE NONE 160
	FP_ROUTE KBTV..KLGA

TRACK_TIME 1167737286
TRACK A20110117600043 B737 293300 982700 120 30 999 NONE NONE 230
	FP_ROUTE KSAT..KHOU

TRACK_TIME 1167737286
TRACK A20110117600044 B737 293760 951600 120 30 999 NONE NONE 330
	FP_ROUTE KHOU..KMSY

TRACK_TIME 1167737286
TRACK A20110117600045 B737 300100 901500 120 30 999 NONE NONE 390
	FP_ROUTE KMSY..KFLL

TRACK_TIME 1167737286
TRACK A20110117600048 CRJ9 395500 1044500 120 30 999 NONE NONE 320
	FP_ROUTE KDEN..KSLC

TRACK_TIME 1167737286
TRACK A20110117600049 CRJ2 335560 810600 120 30 999 NONE NONE 220
	FP_ROUTE KCAE..KATL

TRACK_TIME 1167737286
TRACK A20110117600050 CRJ2 333760 842260 120 30 999 NONE NONE 210
	FP_ROUTE KATL..KCAE

TRACK_TIME 1167737286
TRACK A20110117600052 E145 390100 843900 120 30 999 NONE NONE 290
	FP_ROUTE KCVG..KRDU

TRACK_TIME 1167737286
TRACK A20110117600053 B737 414600 874360 120 30 999 NONE NONE 210
	FP_ROUTE KMDW..KIND

TRACK_TIME 1167737286
TRACK A20110117600058 E135 335560 1182700 120 30 999 NONE NONE 370
	FP_ROUTE KLAX..KDEN

TRACK_TIME 1167737286
TRACK A20110117600062 MD82 325200 970160 120 30 999 NONE NONE 330
	FP_ROUTE KDFW..KORD

TRACK_TIME 1167737286
TRACK A20110117600066 E170 400000 825260 120 30 999 NONE NONE 340
	FP_ROUTE KCMH..KDEN

TRACK_TIME 1167737286
TRACK A20110117600072 B738 333900 1175260 120 30 999 NONE NONE 370
	FP_ROUTE KSNA..KDFW

TRACK_TIME 1167737286
TRACK A20110117600074 B738 325260 970160 120 30 999 NONE NONE 370
	FP_ROUTE KDFW..KFLL

TRACK_TIME 1167737286
TRACK A20110117600077 E145 421060 832100 120 30 999 NONE NONE 350
	FP_ROUTE KDTW..KBGR

TRACK_TIME 1167737286
TRACK A20110117600078 CRJ2 343600 864600 120 30 999 NONE NONE 131
	FP_ROUTE KHSV..KATL

TRACK_TIME 1167737286
TRACK A20110117600079 B733 324360 1171300 120 30 999 NONE NONE 310
	FP_ROUTE KSAN..KPHX

TRACK_TIME 1167737286
TRACK A20110117600080 B733 294000 951660 120 30 999 NONE NONE 350
	FP_ROUTE KHOU..KJAN

TRACK_TIME 1167737286
TRACK A20110117600086 A318 414500 874200 120 30 999 NONE NONE 380
	FP_ROUTE KMDW..KDEN

TRACK_TIME 1167737286
TRACK A20110117600087 B734 295700 951960 120 30 999 NONE NONE 330
	FP_ROUTE KIAH..KCLT

TRACK_TIME 1167737286
TRACK A20110117600092 B733 321660 900400 120 30 999 NONE NONE 350
	FP_ROUTE KJAN..KBWI

TRACK_TIME 1167737286
TRACK A20110117600093 B738 280000 823300 120 30 999 NONE NONE 370
	FP_ROUTE KTPA..KEWR

TRACK_TIME 1167737286
TRACK A20110117600101 E135 404800 735200 120 30 999 NONE NONE 190
	FP_ROUTE KLGA..KBOS

TRACK_TIME 1167737286
TRACK A20110117600102 B733 390900 763900 120 30 999 NONE NONE 260
	FP_ROUTE KBWI..KBUF

TRACK_TIME 1167737286
TRACK A20110117600103 CRJ2 415700 724200 120 30 999 NONE NONE 340
	FP_ROUTE KBDL..KCVG

TRACK_TIME 1167737286
TRACK A20110117600109 E145 345700 821060 120 30 999 NONE NONE 360
	FP_ROUTE KGSP..KDFW

TRACK_TIME 1167737286
TRACK A20110117600111 B735 360600 1150900 120 30 999 NONE NONE 290
	FP_ROUTE KLAS..KPHX

TRACK_TIME 1167737286
TRACK A20110117600112 B735 332560 1115860 120 30 999 NONE NONE 350
	FP_ROUTE KPHX..KOMA

TRACK_TIME 1167737286
TRACK A20110117600113 A319 332560 1120160 120 30 999 NONE NONE 350
	FP_ROUTE KPHX..KDCA

TRACK_TIME 1167737286
TRACK A20110117600115 B735 412400 815260 120 30 999 NONE NONE 330
	FP_ROUTE KCLE..KEWR

TRACK_TIME 1167737286
TRACK A20110117600117 E170 385260 770400 120 30 999 NONE NONE 310
	FP_ROUTE KDCA..KMHT

TRACK_TIME 1167737286
TRACK A20110117600119 CRJ2 355260 784600 120 30 999 NONE NONE 190
	FP_ROUTE KRDU..KDCA

TRACK_TIME 1167737286
TRACK A20110117600128 BE20 324800 972100 120 30 999 NONE NONE 260
	FP_ROUTE KFTW..KTDW

TRACK_TIME 1167737286
TRACK A20110117600132 MD82 325100 970300 120 30 999 NONE NONE 240
	FP_ROUTE KDFW..KELP

TRACK_TIME 1167737286
TRACK A20110117600134 E145 394360 740760 120 30 999 NONE NONE 260
	FP_ROUTE KLGA..KRDU

TRACK_TIME 1167737286
TRACK A20110117600148 SF34 295800 952100 120 30 999 NONE NONE 129
	FP_ROUTE KIAH..KSHV

TRACK_TIME 1167737286
TRACK A20110117600153 E145 430600 891960 120 30 999 NONE NONE 270
	FP_ROUTE KMSN..KCVG

TRACK_TIME 1167737286
TRACK A20110117600154 E145 390160 843900 120 30 999 NONE NONE 270
	FP_ROUTE KCVG..KBWI

TRACK_TIME 1167737286
TRACK A20110117600155 B752 182800 655800 120 30 999 NONE NONE 360
	FP_ROUTE KSJU..KATL

TRACK_TIME 1167737286
TRACK A20110117600167 E170 444900 931060 120 30 999 NONE NONE 270
	FP_ROUTE KMSP..KMKE

TRACK_TIME 1167737286
TRACK A20110117600177 CRJ2 445100 931360 120 30 999 NONE NONE 320
	FP_ROUTE KMSP..KTUL

TRACK_TIME 1167737286
TRACK A20110117600191 CRJ2 404900 735260 120 30 999 NONE NONE 320
	FP_ROUTE KLGA..KDAY

TRACK_TIME 1167737286
TRACK A20110117600196 A320 351060 805700 120 30 999 NONE NONE 360
	FP_ROUTE KCLT..KDTW

TRACK_TIME 1167737286
TRACK A20110117600200 B737 334000 1175260 120 30 999 NONE NONE 400
	FP_ROUTE KSNA..KSMF

TRACK_TIME 1167737286
TRACK A20110117600206 E145 445100 931300 120 30 999 NONE NONE 350
	FP_ROUTE KMSP..KCLE

TRACK_TIME 1167737286
TRACK A20110117600207 MU2 425700 712560 120 30 999 NONE NONE 17
	FP_ROUTE KMHT..KPSM

TRACK_TIME 1167737286
TRACK A20110117600213 E190 425560 875400 120 30 999 NONE NONE 350
	FP_ROUTE KMKE..KFLL

TRACK_TIME 1167737286
TRACK A20110117600218 MD83 384360 901960 120 30 999 NONE NONE 350
	FP_ROUTE KSTL..KDCA

TRACK_TIME 1167737286
TRACK A20110117600219 B738 335560 1182860 120 30 999 NONE NONE 370
	FP_ROUTE KLAX..KBOS

TRACK_TIME 1167737286
TRACK A20110117600225 CRJ2 394500 861600 120 30 999 NONE NONE 260
	FP_ROUTE KIND..KMKE

TRACK_TIME 1167737286
TRACK A20110117600231 CRJ1 390160 843900 120 30 999 NONE NONE 61
	FP_ROUTE KCVG..KPHL

TRACK_TIME 1167737286
TRACK A20110117600233 LJ45 393300 1045100 120 30 999 NONE NONE 410
	FP_ROUTE KAPA..KSTP

TRACK_TIME 1167737286
TRACK A20110117600237 B737 414800 874660 120 30 999 NONE NONE 380
	FP_ROUTE KMDW..KLAS

TRACK_TIME 1167737286
TRACK A20110117600244 E170 414360 712500 120 30 999 NONE NONE 340
	FP_ROUTE KPVD..KMSP

TRACK_TIME 1167737286
TRACK A20110117600245 A320 351000 805700 120 30 999 NONE NONE 300
	FP_ROUTE KCLT..KDFW

TRACK_TIME 1167737286
TRACK A20110117600246 E145 425500 875400 120 30 999 NONE NONE 370
	FP_ROUTE KMKE..KEWR

TRACK_TIME 1167737286
TRACK A20110117600248 E190 385700 773000 120 30 999 NONE NONE 310
	FP_ROUTE KIAD..KBOS

TRACK_TIME 1167737286
TRACK A20110117600250 E170 394300 861660 120 30 999 NONE NONE 330
	FP_ROUTE KIND..KIAD

TRACK_TIME 1167737286
TRACK A20110117600252 B735 295700 952100 120 30 999 NONE NONE 350
	FP_ROUTE KIAH..KBWI

TRACK_TIME 1167737286
TRACK A20110117600253 CRJ2 402700 885500 120 30 999 NONE NONE 310
	FP_ROUTE KBMI..KATL

TRACK_TIME 1167737286
TRACK A20110117600262 E145 400000 825260 120 30 999 NONE NONE 310
	FP_ROUTE KCMH..KJFK

TRACK_TIME 1167737286
TRACK A20110117600265 E170 385400 772560 120 30 999 NONE NONE 340
	FP_ROUTE KIAD..KMIA

TRACK_TIME 1167737286
TRACK A20110117600266 E170 414200 712560 120 30 999 NONE NONE 260
	FP_ROUTE KPVD..KPHL

TRACK_TIME 1167737286
TRACK A20110117600267 B752 205500 1562400 120 30 999 NONE NONE 370
	FP_ROUTE KOGG..KSFO

TRACK_TIME 1167737286
TRACK A20110117600268 A320 373760 1222200 120 30 999 NONE NONE 370
	FP_ROUTE KSFO..KSAN

TRACK_TIME 1167737286
TRACK A20110117600269 CRJ2 333900 842400 120 30 999 NONE NONE 340
	FP_ROUTE KATL..KBMI

TRACK_TIME 1167737286
TRACK A20110117600270 CRJ2 342560 1195260 120 30 999 NONE NONE 330
	FP_ROUTE KSBA..KDEN

TRACK_TIME 1167737286
TRACK A20110117600273 C560 374600 810700 120 30 999 NONE NONE 260
	FP_ROUTE KBKW..KSMS

TRACK_TIME 1167737286
TRACK A20110117600276 C560 340160 802100 120 30 999 NONE NONE 250
	FP_ROUTE KSMS..KBKW

TRACK_TIME 1167737286
TRACK A20110117600277 E170 300760 974200 120 30 999 NONE NONE 330
	FP_ROUTE KAUS..KDTW

TRACK_TIME 1167737286
TRACK A20110117600278 B737 303000 814300 120 30 999 NONE NONE 390
	FP_ROUTE KJAX..KBWI

TRACK_TIME 1167737286
TRACK A20110117600281 B737 390700 763700 120 30 999 NONE NONE 230
	FP_ROUTE KBWI..KISP

TRACK_TIME 1167737286
TRACK A20110117600282 A319 394960 1044600 120 30 999 NONE NONE 380
	FP_ROUTE KDEN..KSAN

TRACK_TIME 1167737286
TRACK A20110117600283 E145 415860 875200 120 30 999 NONE NONE 270
	FP_ROUTE KORD..KCMH

TRACK_TIME 1167737286
TRACK A20110117600284 B737 473700 1173300 120 30 999 NONE NONE 390
	FP_ROUTE KGEG..KOAK

TRACK_TIME 1167737286
TRACK A20110117600285 B737 374360 1221600 120 30 999 NONE NONE 410
	FP_ROUTE KOAK..KONT

TRACK_TIME 1167737286
TRACK A20110117600291 B752 394960 1044360 120 30 999 NONE NONE 360
	FP_ROUTE KDEN..KLAS

TRACK_TIME 1167737286
TRACK A20110117600293 MD83 420900 891000 120 30 999 NONE NONE 320
	FP_ROUTE KRFD..KIWA

TRACK_TIME 1167737286
TRACK A20110117600294 E145 415860 874960 120 30 999 NONE NONE 190
	FP_ROUTE KORD..KFWA

TRACK_TIME 1167737286
TRACK A20110117600295 E170 351360 805560 120 30 999 NONE NONE 200
	FP_ROUTE KCLT..KSAV

TRACK_TIME 1167737286
TRACK A20110117600296 CRJ2 402860 800900 120 30 999 NONE NONE 100
	FP_ROUTE KPIT..KLGA

TRACK_TIME 1167737286
TRACK A20110117600297 CRJ2 351360 805700 120 30 999 NONE NONE 190
	FP_ROUTE KCLT..KCHA

TRACK_TIME 1167737286
TRACK A20110117600299 E135 404900 735200 120 30 999 NONE NONE 360
	FP_ROUTE KLGA..KXNA

TRACK_TIME 1167737286
TRACK A20110117600302 LJ35 260760 815100 120 30 999 NONE NONE 410
	FP_ROUTE KAPF..KSAV

TRACK_TIME 1167737286
TRACK A20110117600305 B712 402860 800900 120 30 999 NONE NONE 340
	FP_ROUTE KPIT..KRSW

TRACK_TIME 1167737286
TRACK A20110117600310 CRJ2 402860 801200 120 30 999 NONE NONE 340
	FP_ROUTE KPIT..KMKE

TRACK_TIME 1167737286
TRACK A20110117600311 E135 425560 875400 120 30 999 NONE NONE 110
	FP_ROUTE KMKE..KGRR

TRACK_TIME 1167737286
TRACK A20110117600323 BE9L 333000 900460 120 30 999 NONE NONE 40
	FP_ROUTE KGWO..KM79

TRACK_TIME 1167737286
TRACK A20110117600324 B712 414600 874600 120 30 999 NONE NONE 370
	FP_ROUTE KMDW..KRSW

TRACK_TIME 1167737286
TRACK A20110117600325 B737 395200 751660 120 30 999 NONE NONE 400
	FP_ROUTE KPHL..KMCO

TRACK_TIME 1167737286
TRACK A20110117600332 B712 385400 772560 120 30 999 NONE NONE 320
	FP_ROUTE KIAD..KATL

TRACK_TIME 1167737286
TRACK A20110117600333 E145 295700 952100 120 30 999 NONE NONE 170
	FP_ROUTE KIAH..KLFT

TRACK_TIME 1167737286
TRACK A20110117600334 B737 282560 811800 120 30 999 NONE NONE 390
	FP_ROUTE KMCO..KSJU

TRACK_TIME 1167737286
TRACK A20110117600337 BE9L 323760 914000 120 30 999 NONE NONE 190
	FP_ROUTE KM79..KCGI

TRACK_TIME 1167737286
TRACK A20110117600338 E135 415500 875400 120 30 999 NONE NONE 370
	FP_ROUTE KORD..KTRI

TRACK_TIME 1167737286
TRACK A20110117600339 MD82 333900 842100 120 30 999 NONE NONE 340
	FP_ROUTE KATL..KDFW

TRACK_TIME 1167737286
TRACK A20110117600340 B752 403900 734960 120 30 999 NONE NONE 380
	FP_ROUTE KJFK..KLAX

TRACK_TIME 1167737286
TRACK A20110117600344 E145 412400 815260 120 30 999 NONE NONE 220
	FP_ROUTE KCLE..KMKE

TRACK_TIME 1167737286
TRACK A20110117600345 E145 425560 875400 120 30 999 NONE NONE 370
	FP_ROUTE KMKE..KEWR

TRACK_TIME 1167737286
TRACK A20110117600346 BE9L 371300 893460 120 30 999 NONE NONE 71
	FP_ROUTE KCGI..KMKL

TRACK_TIME 1167737286
TRACK A20110117600348 E145 302700 871060 120 30 999 NONE NONE 360
	FP_ROUTE KPNS..KDFW

TRACK_TIME 1167737286
TRACK A20110117600349 B737 333760 842260 120 30 999 NONE NONE 390
	FP_ROUTE KATL..KFLL

TRACK_TIME 1167737286
TRACK A20110117600358 B737 333900 1175260 120 30 999 NONE NONE 390
	FP_ROUTE KSNA..KATL

TRACK_TIME 1167737286
TRACK A20110117600361 E170 404360 734960 120 30 999 NONE NONE 220
	FP_ROUTE KLGA..KPIT

TRACK_TIME 1167737286
TRACK A20110117600363 CRJ9 335100 1163160 120 30 999 NONE NONE 250
	FP_ROUTE KPSP..KPHX

TRACK_TIME 1167737286
TRACK A20110117600370 CRJ9 332560 1120160 120 30 999 NONE NONE 320
	FP_ROUTE KPHX..KLGB

TRACK_TIME 1167737286
TRACK A20110117600378 A321 332560 1120160 120 30 999 NONE NONE 260
	FP_ROUTE KPHX..KLAS

TRACK_TIME 1167737286
TRACK A20110117600383 E145 420000 875700 120 30 999 NONE NONE 360
	FP_ROUTE KORD..KXNA

TRACK_TIME 1167737286
TRACK A20110117600385 C560 333700 1115500 120 30 999 NONE NONE 420
	FP_ROUTE KSDL..KMWA

TRACK_TIME 1167737286
TRACK A20110117600386 CRJ2 445200 930760 120 30 999 NONE NONE 290
	FP_ROUTE KMSP..KTVC

TRACK_TIME 1167737286
TRACK A20110117600387 CRJ2 345560 821200 120 30 999 NONE NONE 320
	FP_ROUTE KGSP..KDTW

TRACK_TIME 1167737286
TRACK A20110117600388 CRJ2 421200 832260 120 30 999 NONE NONE 120
	FP_ROUTE KDTW..KMBS

TRACK_TIME 1167737286
TRACK A20110117600390 B733 325200 965260 120 30 999 NONE NONE 350
	FP_ROUTE KDAL..KMCI

TRACK_TIME 1167737286
TRACK A20110117600400 LJ35 321300 811300 120 30 999 NONE NONE 380
	FP_ROUTE KSAV..KPWK

TRACK_TIME 1167737286
TRACK A20110117600406 B752 404300 740760 120 30 999 NONE NONE 400
	FP_ROUTE KEWR..KMIA

TRACK_TIME 1167737286
TRACK A20110117600412 E170 404800 735200 120 30 999 NONE NONE 340
	FP_ROUTE KLGA..KORD

TRACK_TIME 1167737286
TRACK A20110117600416 C750 410460 734300 120 30 999 NONE NONE 430
	FP_ROUTE KHPN..KTRM

TRACK_TIME 1167737286
TRACK A20110117600418 C750 334000 1160760 120 30 999 NONE NONE 139
	FP_ROUTE KTRM..KVNY

TRACK_TIME 1167737286
TRACK A20110117600426 E145 403000 801660 120 30 999 NONE NONE 300
	FP_ROUTE KPIT..KMIA

TRACK_TIME 1167737286
TRACK A20110117600427 C550 321800 861800 120 30 999 NONE NONE 330
	FP_ROUTE KMGM..KLEX

TRACK_TIME 1167737286
TRACK A20110117600428 B752 333760 842200 120 30 999 NONE NONE 390
	FP_ROUTE KATL..KMIA

TRACK_TIME 1167737286
TRACK A20110117600430 MD83 360760 1150760 120 30 999 NONE NONE 330
	FP_ROUTE KLAS..KMOT

TRACK_TIME 1167737286
TRACK A20110117600435 DH8A 611600 1500460 120 30 999 NONE NONE 150
	FP_ROUTE KANC..KVDZ

TRACK_TIME 1167737286
TRACK A20110117600456 B738 350900 1143400 120 30 999 NONE NONE 370
	FP_ROUTE KIFP..KDFW

TRACK_TIME 1167737286
TRACK A20110117600462 CRJ2 442800 880760 120 30 999 NONE NONE 230
	FP_ROUTE KGRB..KDTW

TRACK_TIME 1167737286
TRACK A20110117600463 B738 325200 970160 120 30 999 NONE NONE 290
	FP_ROUTE KDFW..KXNA

TRACK_TIME 1167737286
TRACK A20110117600464 B738 404300 740760 120 30 999 NONE NONE 360
	FP_ROUTE KEWR..KTPA

TRACK_TIME 1167737286
TRACK A20110117600470 B739 182700 655800 120 30 999 NONE NONE 320
	FP_ROUTE KSJU..KIAH

TRACK_TIME 1167737286
TRACK A20110117600476 CL60 325700 964900 120 30 999 NONE NONE 340
	FP_ROUTE KADS..KAAO

TRACK_TIME 1167737286
TRACK A20110117600494 FA50 294060 821500 120 30 999 NONE NONE 110
	FP_ROUTE KGNV..KTPA

TRACK_TIME 1167737286
TRACK A20110117600503 B737 325260 970160 120 30 999 NONE NONE 390
	FP_ROUTE KDFW..KEWR

TRACK_TIME 1167737286
TRACK A20110117600508 E145 351500 805700 120 30 999 NONE NONE 360
	FP_ROUTE KCLT..KMIA

TRACK_TIME 1167737286
TRACK A20110117600509 E145 401060 764360 120 30 999 NONE NONE 360
	FP_ROUTE KMDT..KORD

TRACK_TIME 1167737286
TRACK A20110117600510 B738 260460 800760 120 30 999 NONE NONE 370
	FP_ROUTE KFLL..KORD

TRACK_TIME 1167737286
TRACK A20110117600512 E190 355260 784600 120 30 999 NONE NONE 360
	FP_ROUTE KRDU..KFLL

TRACK_TIME 1167737286
TRACK A20110117600516 FA20 314800 1062400 120 30 999 NONE NONE 370
	FP_ROUTE KELP..KOMA

TRACK_TIME 1167737286
TRACK A20110117600521 CRJ9 373160 772100 120 30 999 NONE NONE 240
	FP_ROUTE KRIC..KCLT

TRACK_TIME 1167737286
TRACK A20110117600522 B737 282500 811800 120 30 999 NONE NONE 380
	FP_ROUTE KMCO..KIND

TRACK_TIME 1167737286
TRACK A20110117600524 A321 263760 814000 120 30 999 NONE NONE 270
	FP_ROUTE KRSW..KCLT

TRACK_TIME 1167737286
TRACK A20110117600525 B737 394300 861800 120 30 999 NONE NONE 380
	FP_ROUTE KIND..KDEN

TRACK_TIME 1167737286
TRACK A20110117600540 DH8A 404800 735100 120 30 999 NONE NONE 200
	FP_ROUTE KLGA..KORF

TRACK_TIME 1167737286
TRACK A20110117600544 DH8A 382100 753000 120 30 999 NONE NONE 80
	FP_ROUTE KSBY..KLGA

TRACK_TIME 1167737286
TRACK A20110117600545 E170 444960 931200 120 30 999 NONE NONE 350
	FP_ROUTE KMSP..KCMH

TRACK_TIME 1167737286
TRACK A20110117600549 CRJ2 333760 842260 120 30 999 NONE NONE 270
	FP_ROUTE KATL..KFAY

TRACK_TIME 1167737286
TRACK A20110117600550 CRJ2 350000 784960 120 30 999 NONE NONE 180
	FP_ROUTE KFAY..KATL

TRACK_TIME 1167737286
TRACK A20110117600559 B738 324500 1171360 120 30 999 NONE NONE 370
	FP_ROUTE KSAN..KIAH

TRACK_TIME 1167737286
TRACK A20110117600562 B738 325260 970300 120 30 999 NONE NONE 380
	FP_ROUTE KDFW..KSNA

TRACK_TIME 1167737286
TRACK A20110117600563 E145 354960 835800 120 30 999 NONE NONE 360
	FP_ROUTE KTYS..KMIA

TRACK_TIME 1167737286
TRACK A20110117600574 E135 363700 1215260 120 30 999 NONE NONE 290
	FP_ROUTE KMRY..KLAX

TRACK_TIME 1167737286
TRACK A20110117600580 BE20 321360 811360 120 30 999 NONE NONE 260
	FP_ROUTE KSAV..KDPA

TRACK_TIME 1167737286
TRACK A20110117600584 CRJ2 421200 832100 120 30 999 NONE NONE 240
	FP_ROUTE KDTW..KBUF

TRACK_TIME 1167737286
TRACK A20110117600585 CRJ2 425700 784300 120 30 999 NONE NONE 200
	FP_ROUTE KBUF..KDTW

TRACK_TIME 1167737286
TRACK A20110117600589 B738 295700 951960 120 30 999 NONE NONE 390
	FP_ROUTE KIAH..KMIA

TRACK_TIME 1167737286
TRACK A20110117600594 B738 254800 801900 120 30 999 NONE NONE 350
	FP_ROUTE KMIA..KSJU

TRACK_TIME 1167737286
TRACK A20110117600601 B752 404800 735200 120 30 999 NONE NONE 400
	FP_ROUTE KLGA..KATL

TRACK_TIME 1167737286
TRACK A20110117600602 LJ35 604900 1612860 120 30 999 NONE NONE 350
	FP_ROUTE KBET..KANC

TRACK_TIME 1167737286
TRACK A20110117600604 B737 341060 1182100 120 30 999 NONE NONE 330
	FP_ROUTE KBUR..KPHX

TRACK_TIME 1167737286
TRACK A20110117600612 CRJ2 350100 900000 120 30 999 NONE NONE 240
	FP_ROUTE KMEM..KTUL

TRACK_TIME 1167737286
TRACK A20110117600615 CRJ2 350000 895860 120 30 999 NONE NONE 300
	FP_ROUTE KMEM..KSAT

TRACK_TIME 1167737286
TRACK A20110117600616 A320 415800 874900 120 30 999 NONE NONE 390
	FP_ROUTE KORD..KLGA

TRACK_TIME 1167737286
TRACK A20110117600617 MD82 282560 811900 120 30 999 NONE NONE 340
	FP_ROUTE KMCO..KSGF

TRACK_TIME 1167737286
TRACK A20110117600622 CRJ9 333900 842260 120 30 999 NONE NONE 360
	FP_ROUTE KATL..KOKC

TRACK_TIME 1167737286
TRACK A20110117600629 DH8D 394960 1044360 120 30 999 NONE NONE 169
	FP_ROUTE KDEN..KDEN

TRACK_TIME 1167737286
TRACK A20110117600630 B737 394660 1043760 120 30 999 NONE NONE 370
	FP_ROUTE KDEN..KSAT

TRACK_TIME 1167737286
TRACK A20110117600632 B734 351360 805560 120 30 999 NONE NONE 290
	FP_ROUTE KCLT..KEWR

TRACK_TIME 1167737286
TRACK A20110117600634 B752 360600 1150900 120 30 999 NONE NONE 380
	FP_ROUTE KLAS..KSFO

TRACK_TIME 1167737286
TRACK A20110117600635 DH8D 405860 1241000 120 30 999 NONE NONE 250
	FP_ROUTE KACV..KLAX

TRACK_TIME 1167737286
TRACK A20110117600637 CRJ1 421200 832200 120 30 999 NONE NONE 320
	FP_ROUTE KDTW..KXNA

TRACK_TIME 1167737286
TRACK A20110117600638 E145 420000 874900 120 30 999 NONE NONE 250
	FP_ROUTE KORD..KCLE

TRACK_TIME 1167737286
TRACK A20110117600639 A320 422260 710000 120 30 999 NONE NONE 320
	FP_ROUTE KBOS..KSEA

TRACK_TIME 1167737286
TRACK A20110117600640 E145 385260 772860 120 30 999 NONE NONE 280
	FP_ROUTE KIAD..KBNA

TRACK_TIME 1167737286
TRACK A20110117600651 B734 264060 800760 120 30 999 NONE NONE 330
	FP_ROUTE KPBI..KCLT

TRACK_TIME 1167737286
TRACK A20110117600652 B734 351200 805700 120 30 999 NONE NONE 349
	FP_ROUTE KCLT..KBUF

TRACK_TIME 1167737286
TRACK A20110117600653 CRJ2 420300 875560 120 30 999 NONE NONE 70
	FP_ROUTE KORD..KMKE

TRACK_TIME 1167737286
TRACK A20110117600657 E120 442100 1053300 120 30 999 NONE NONE 260
	FP_ROUTE KGCC..KSLC

TRACK_TIME 1167737286
TRACK A20110117600660 CRJ2 473000 1111960 120 30 999 NONE NONE 290
	FP_ROUTE KGTF..KDEN

TRACK_TIME 1167737286
TRACK A20110117600661 B737 390760 763900 120 30 999 NONE NONE 260
	FP_ROUTE KBWI..KBUF

TRACK_TIME 1167737286
TRACK A20110117600663 SF34 385560 773400 120 30 999 NONE NONE 150
	FP_ROUTE KIAD..KABE

TRACK_TIME 1167737286
TRACK A20110117600664 SF34 403760 752860 120 30 999 NONE NONE 120
	FP_ROUTE KABE..KIAD

TRACK_TIME 1167737286
TRACK A20110117600666 B737 425700 784300 120 30 999 NONE NONE 380
	FP_ROUTE KBUF..KMCO

TRACK_TIME 1167737286
TRACK A20110117600673 A319 332560 1120160 120 30 999 NONE NONE 340
	FP_ROUTE KPHX..KSMF

TRACK_TIME 1167737286
TRACK A20110117600675 DH8D 472560 1221800 120 30 999 NONE NONE 130
	FP_ROUTE KSEA..KPDX

TRACK_TIME 1167737286
TRACK A20110117600683 CRJ2 350700 770300 120 30 999 NONE NONE 200
	FP_ROUTE KEWN..KCLT

TRACK_TIME 1167737286
TRACK A20110117600684 B752 385700 773100 120 30 999 NONE NONE 380
	FP_ROUTE KIAD..KDEN

TRACK_TIME 1167737286
TRACK A20110117600687 B738 254800 801600 120 30 999 NONE NONE 360
	FP_ROUTE KMIA..KIAH

TRACK_TIME 1167737286
TRACK A20110117600688 CRJ9 360760 795400 120 30 999 NONE NONE 90
	FP_ROUTE KGSO..KCLT

TRACK_TIME 1167737286
TRACK A20110117600689 E170 385200 770300 120 30 999 NONE NONE 210
	FP_ROUTE KDCA..KLGA

TRACK_TIME 1167737286
TRACK A20110117600690 CRJ1 421200 832100 120 30 999 NONE NONE 310
	FP_ROUTE KDTW..KGSO

TRACK_TIME 1167737286
TRACK A20110117600696 B762 373160 1221800 120 30 999 NONE NONE 370
	FP_ROUTE KSFO..KLAX

TRACK_TIME 1167737286
TRACK A20110117600700 B712 205400 1562500 120 30 999 NONE NONE 160
	FP_ROUTE KOGG..KHNL

TRACK_TIME 1167737286
TRACK A20110117600701 DH8D 394960 1044360 120 30 999 NONE NONE 240
	FP_ROUTE KDEN..KDRO

TRACK_TIME 1167737286
TRACK A20110117600702 B762 335560 1182700 120 30 999 NONE NONE 360
	FP_ROUTE KLAX..KSFO

TRACK_TIME 1167737286
TRACK A20110117600703 B737 355400 784600 120 30 999 NONE NONE 380
	FP_ROUTE KRDU..KMDW

TRACK_TIME 1167737286
TRACK A20110117600704 BE20 433160 725700 120 30 999 NONE NONE 240
	FP_ROUTE KRUT..KBTP

TRACK_TIME 1167737286
TRACK A20110117600715 BE9L 385100 991600 120 30 999 NONE NONE 170
	FP_ROUTE KHYS..KMCI

TRACK_TIME 1167737286
TRACK A20110117600719 E145 462100 872260 120 30 999 NONE NONE 160
	FP_ROUTE KSAW..KGRB

TRACK_TIME 1167737286
TRACK A20110117600720 E145 442100 880760 120 30 999 NONE NONE 130
	FP_ROUTE KGRB..KORD

TRACK_TIME 1167737286
TRACK A20110117600721 B752 373900 1221960 120 30 999 NONE NONE 330
	FP_ROUTE KSFO..KDEN

TRACK_TIME 1167737286
TRACK A20110117600722 B737 453600 1223700 120 30 999 NONE NONE 390
	FP_ROUTE KPDX..KSMF

TRACK_TIME 1167737286
TRACK A20110117600723 B737 384060 1213460 120 30 999 NONE NONE 410
	FP_ROUTE KSMF..KSAN

TRACK_TIME 1167737286
TRACK A20110117600728 E145 325260 970160 120 30 999 NONE NONE 370
	FP_ROUTE KDFW..KMSN

TRACK_TIME 1167737286
TRACK A20110117600729 E145 343460 864660 120 30 999 NONE NONE 310
	FP_ROUTE KHSV..KORD

TRACK_TIME 1167737286
TRACK A20110117600730 B737 384000 1213400 120 30 999 NONE NONE 380
	FP_ROUTE KSMF..KSEA

TRACK_TIME 1167737286
TRACK A20110117600734 B737 333900 1175260 120 30 999 NONE NONE 380
	FP_ROUTE KSNA..KSMF

TRACK_TIME 1167737286
TRACK A20110117600739 CRJ1 303000 814060 120 30 999 NONE NONE 300
	FP_ROUTE KJAX..KCVG

TRACK_TIME 1167737286
TRACK A20110117600741 B752 404800 735200 120 30 999 NONE NONE 380
	FP_ROUTE KLGA..KORD

TRACK_TIME 1167737286
TRACK A20110117600744 B739 404300 740900 120 30 999 NONE NONE 340
	FP_ROUTE KEWR..KSEA

TRACK_TIME 1167737286
TRACK A20110117600746 B737 425700 784300 120 30 999 NONE NONE 250
	FP_ROUTE KBUF..KBWI

TRACK_TIME 1167737286
TRACK A20110117600747 E135 422400 904300 120 30 999 NONE NONE 70
	FP_ROUTE KDBQ..KORD

TRACK_TIME 1167737286
TRACK A20110117600753 SF34 350160 895860 120 30 999 NONE NONE 90
	FP_ROUTE KMEM..KGLH

TRACK_TIME 1167737286
TRACK A20110117600754 BE9L 324300 1021200 120 30 999 NONE NONE 230
	FP_ROUTE KGNC..KDZB

TRACK_TIME 1167737286
TRACK A20110117600760 E135 324500 1171500 120 30 999 NONE NONE 370
	FP_ROUTE KSAN..KAPA

TRACK_TIME 1167737286
TRACK A20110117600761 E135 393700 1045260 120 30 999 NONE NONE 390
	FP_ROUTE KAPA..KHOU

TRACK_TIME 1167737286
TRACK A20110117600762 B733 472560 1221900 120 30 999 NONE NONE 350
	FP_ROUTE KSEA..KSJC

TRACK_TIME 1167737286
TRACK A20110117600766 CRJ9 333900 842400 120 30 999 NONE NONE 340
	FP_ROUTE KATL..KTUL

TRACK_TIME 1167737286
TRACK A20110117600767 CRJ9 361060 955260 120 30 999 NONE NONE 350
	FP_ROUTE KTUL..KATL

TRACK_TIME 1167737286
TRACK A20110117600772 DH8D 433760 701660 120 30 999 NONE NONE 140
	FP_ROUTE KPWM..KEWR

TRACK_TIME 1167737286
TRACK A20110117600773 C560 405400 740100 120 30 999 NONE NONE 380
	FP_ROUTE KTEB..KCLT

TRACK_TIME 1167737286
TRACK A20110117600781 E145 430700 760600 120 30 999 NONE NONE 200
	FP_ROUTE KSYR..KJFK

TRACK_TIME 1167737286
TRACK A20110117600782 A319 422200 705800 120 30 999 NONE NONE 45
	FP_ROUTE KBOS..KDCA

TRACK_TIME 1167737286
TRACK A20110117600791 CRJ2 354960 835800 120 30 999 NONE NONE 310
	FP_ROUTE KTYS..KDCA

TRACK_TIME 1167737286
TRACK A20110117600792 CRJ2 385200 770300 120 30 999 NONE NONE 230
	FP_ROUTE KDCA..KHPN

TRACK_TIME 1167737286
TRACK A20110117600793 DH8D 404300 740900 120 30 999 NONE NONE 150
	FP_ROUTE KEWR..KPWM

TRACK_TIME 1167737286
TRACK A20110117600794 B738 300760 974660 120 30 999 NONE NONE 360
	FP_ROUTE KAUS..KSJC

TRACK_TIME 1167737286
TRACK A20110117600796 E120 373760 1222200 120 30 999 NONE NONE 260
	FP_ROUTE KSFO..KCEC

TRACK_TIME 1167737286
TRACK A20110117600799 CRJ2 395500 1044060 120 30 999 NONE NONE 330
	FP_ROUTE KDEN..KBIS

TRACK_TIME 1167737286
TRACK A20110117600800 DH8A 430700 760460 120 30 999 NONE NONE 151
	FP_ROUTE KSYR..KLGA

TRACK_TIME 1167737286
TRACK A20110117600803 B712 282560 811800 120 30 999 NONE NONE 350
	FP_ROUTE KMCO..KHPN

TRACK_TIME 1167737286
TRACK A20110117600809 E170 373160 771900 120 30 999 NONE NONE 131
	FP_ROUTE KRIC..KPHL

TRACK_TIME 1167737286
TRACK A20110117600812 B737 260400 801000 120 30 999 NONE NONE 220
	FP_ROUTE KFLL..KTPA

TRACK_TIME 1167737286
TRACK A20110117600814 FA50 321060 811200 120 30 999 NONE NONE 280
	FP_ROUTE KSAV..KGNV

TRACK_TIME 1167737286
TRACK A20110117600828 E145 370760 932260 120 30 999 NONE NONE 50
	FP_ROUTE KSGF..KDFW

TRACK_TIME 1167737286
TRACK A20110117600834 CRJ2 355260 784660 120 30 999 NONE NONE 200
	FP_ROUTE KRDU..KDCA

TRACK_TIME 1167737286
TRACK A20110117600836 A320 410460 734660 120 30 999 NONE NONE 360
	FP_ROUTE KHPN..KMCO

TRACK_TIME 1167737286
TRACK A20110117600840 B734 351000 805560 120 30 999 NONE NONE 300
	FP_ROUTE KCLT..KFLL

TRACK_TIME 1167737286
TRACK A20110117600847 B737 360600 1150900 120 30 999 NONE NONE 340
	FP_ROUTE KLAS..KSMF

TRACK_TIME 1167737286
TRACK A20110117600848 B733 383900 1213400 120 30 999 NONE NONE 370
	FP_ROUTE KSMF..KSAN

TRACK_TIME 1167737286
TRACK A20110117600849 B737 332560 1115860 120 30 999 NONE NONE 370
	FP_ROUTE KPHX..KBWI

TRACK_TIME 1167737286
TRACK A20110117600854 A319 422200 710100 120 30 999 NONE NONE 380
	FP_ROUTE KBOS..KCLT

TRACK_TIME 1167737286
TRACK A20110117600865 E145 360900 864200 120 30 999 NONE NONE 300
	FP_ROUTE KBNA..KORD

TRACK_TIME 1167737286
TRACK A20110117600867 CRJ2 395260 751300 120 30 999 NONE NONE 260
	FP_ROUTE KPHL..KILM

TRACK_TIME 1167737286
TRACK A20110117600872 CL60 383300 900400 120 30 999 NONE NONE 49
	FP_ROUTE KCPS..KCPS

TRACK_TIME 1167737286
TRACK A20110117600875 CRJ2 341800 775200 120 30 999 NONE NONE 250
	FP_ROUTE KILM..KPHL

TRACK_TIME 1167737286
TRACK A20110117600877 CRJ2 350100 895860 120 30 999 NONE NONE 300
	FP_ROUTE KMEM..KDFW

TRACK_TIME 1167737286
TRACK A20110117600881 A321 404360 734800 120 30 999 NONE NONE 360
	FP_ROUTE KLGA..KCLT

TRACK_TIME 1167737286
TRACK A20110117600886 E170 404800 735200 120 30 999 NONE NONE 360
	FP_ROUTE KLGA..KCMH

TRACK_TIME 1167737286
TRACK A20110117600891 E120 335560 1182560 120 30 999 NONE NONE 90
	FP_ROUTE KLAX..KSAN

TRACK_TIME 1167737286
TRACK A20110117600892 E120 324500 1171300 120 30 999 NONE NONE 80
	FP_ROUTE KSAN..KLAX

TRACK_TIME 1167737286
TRACK A20110117600893 CRJ2 420000 874660 120 30 999 NONE NONE 176
	FP_ROUTE KORD..KGRR

TRACK_TIME 1167737286
TRACK A20110117600894 B737 332560 1120160 120 30 999 NONE NONE 380
	FP_ROUTE KPHX..KOAK

TRACK_TIME 1167737286
TRACK A20110117600896 CRJ2 361060 955260 120 30 999 NONE NONE 370
	FP_ROUTE KTUL..KORD

TRACK_TIME 1167737286
TRACK A20110117600903 E145 273160 993300 120 30 999 NONE NONE 330
	FP_ROUTE KLRD..KDFW

TRACK_TIME 1167737286
TRACK A20110117600909 CRJ9 374000 1222200 120 30 999 NONE NONE 350
	FP_ROUTE KSFO..KLAX

TRACK_TIME 1167737286
TRACK A20110117600910 B737 335700 1182700 120 30 999 NONE NONE 290
	FP_ROUTE KLAX..KLAS

TRACK_TIME 1167737286
TRACK A20110117600911 B737 360700 1150900 120 30 999 NONE NONE 330
	FP_ROUTE KLAS..KSLC

TRACK_TIME 1167737286
TRACK A20110117600916 E190 395260 751300 120 30 999 NONE NONE 230
	FP_ROUTE KPHL..KBOS

TRACK_TIME 1167737286
TRACK A20110117600917 B737 414360 874360 120 30 999 NONE NONE 260
	FP_ROUTE KMDW..KSTL

TRACK_TIME 1167737286
TRACK A20110117600919 B737 384360 901660 120 30 999 NONE NONE 370
	FP_ROUTE KSTL..KBHM

TRACK_TIME 1167737286
TRACK A20110117600920 B737 293100 982700 120 30 999 NONE NONE 390
	FP_ROUTE KSAT..KBWI

TRACK_TIME 1167737286
TRACK A20110117600921 CRJ2 373160 771900 120 30 999 NONE NONE 290
	FP_ROUTE KRIC..KBOS

TRACK_TIME 1167737286
TRACK A20110117600922 B737 390900 763900 120 30 999 NONE NONE 270
	FP_ROUTE KBWI..KPVD

TRACK_TIME 1167737286
TRACK A20110117600928 B753 295860 951800 120 30 999 NONE NONE 340
	FP_ROUTE KIAH..KDEN

TRACK_TIME 1167737286
TRACK A20110117600936 CRJ2 334000 841960 120 30 999 NONE NONE 270
	FP_ROUTE KATL..KCRW

TRACK_TIME 1167737286
TRACK A20110117600940 CRJ2 304000 881000 120 30 999 NONE NONE 270
	FP_ROUTE KMOB..KATL

TRACK_TIME 1167737286
TRACK A20110117600945 E145 254800 801600 120 30 999 NONE NONE 370
	FP_ROUTE KMIA..KCLT

TRACK_TIME 1167737286
TRACK A20110117600948 B752 405100 734900 120 30 999 NONE NONE 400
	FP_ROUTE KLGA..KORD

TRACK_TIME 1167737286
TRACK A20110117600950 CRJ2 351360 805700 120 30 999 NONE NONE 220
	FP_ROUTE KCLT..KCRW

TRACK_TIME 1167737286
TRACK A20110117600959 B752 333700 842500 120 30 999 NONE NONE 390
	FP_ROUTE KATL..KSJU

TRACK_TIME 1167737286
TRACK A20110117600962 B744 403760 735200 120 30 999 NONE NONE 399
	FP_ROUTE KJFK..KIAH

TRACK_TIME 1167737286
TRACK A20110117600967 B735 384000 1213400 120 30 999 NONE NONE 370
	FP_ROUTE KSMF..KPHX

TRACK_TIME 1167737286
TRACK A20110117600968 E135 453100 1225500 120 30 999 NONE NONE 370
	FP_ROUTE KHIO..KMHR

TRACK_TIME 1167737286
TRACK A20110117600969 DH8D 484500 1223160 120 30 999 NONE NONE 120
	FP_ROUTE KBLI..KSEA

TRACK_TIME 1167737286
TRACK A20110117600974 CRJ2 334000 841960 120 30 999 NONE NONE 300
	FP_ROUTE KATL..KSHV

TRACK_TIME 1167737286
TRACK A20110117600975 CRJ2 322500 934900 120 30 999 NONE NONE 290
	FP_ROUTE KSHV..KATL

TRACK_TIME 1167737286
TRACK A20110117600977 B737 414600 874800 120 30 999 NONE NONE 380
	FP_ROUTE KMDW..KSEA

TRACK_TIME 1167737286
TRACK A20110117600979 CRJ2 385560 773100 120 30 999 NONE NONE 170
	FP_ROUTE KIAD..KJFK

TRACK_TIME 1167737286
TRACK A20110117600983 B737 340300 1173760 120 30 999 NONE NONE 250
	FP_ROUTE KONT..KLAS

TRACK_TIME 1167737286
TRACK A20110117600988 B737 360700 1150900 120 30 999 NONE NONE 390
	FP_ROUTE KLAS..KBHM

TRACK_TIME 1167737286
TRACK A20110117600989 B737 333300 864660 120 30 999 NONE NONE 410
	FP_ROUTE KBHM..KMDW

TRACK_TIME 1167737286
TRACK A20110117600993 PAY2 372860 1181300 120 30 999 NONE NONE 200
	FP_ROUTE KBIH..KRNO

TRACK_TIME 1167737286
TRACK A20110117600997 B737 414360 874300 120 30 999 NONE NONE 380
	FP_ROUTE KMDW..KHOU

TRACK_TIME 1167737286
TRACK A20110117601004 B735 404900 740300 120 30 999 NONE NONE 210
	FP_ROUTE KEWR..KBOS

TRACK_TIME 1167737286
TRACK A20110117601013 B762 373760 1222200 120 30 999 NONE NONE 400
	FP_ROUTE KSFO..KBFI

TRACK_TIME 1167737286
TRACK A20110117601014 B762 473100 1221660 120 30 999 NONE NONE 210
	FP_ROUTE KBFI..KPDX

TRACK_TIME 1167737286
TRACK A20110117601018 A320 360700 1150900 120 30 999 NONE NONE 350
	FP_ROUTE KLAS..KPHL

TRACK_TIME 1167737286
TRACK A20110117601032 B737 414600 874200 120 30 999 NONE NONE 390
	FP_ROUTE KMDW..KRSW

TRACK_TIME 1167737286
TRACK A20110117601036 DH8A 385700 773000 120 30 999 NONE NONE 110
	FP_ROUTE KIAD..KLGA

TRACK_TIME 1167737286
TRACK A20110117601037 CRJ1 390100 843760 120 30 999 NONE NONE 290
	FP_ROUTE KCVG..KRDU

TRACK_TIME 1167737286
TRACK A20110117601042 CRJ2 404800 735200 120 30 999 NONE NONE 200
	FP_ROUTE KLGA..KIAD

TRACK_TIME 1167737286
TRACK A20110117601047 CRJ2 385800 773160 120 30 999 NONE NONE 210
	FP_ROUTE KIAD..KLGA

TRACK_TIME 1167737286
TRACK A20110117601058 CRJ2 425560 875400 120 30 999 NONE NONE 80
	FP_ROUTE KMKE..KORD

TRACK_TIME 1167737286
TRACK A20110117601065 B752 275860 823300 120 30 999 NONE NONE 390
	FP_ROUTE KTPA..KSJU

TRACK_TIME 1167737286
TRACK A20110117601067 A320 403900 734500 120 30 999 NONE NONE 360
	FP_ROUTE KJFK..KPBI

TRACK_TIME 1167737286
TRACK A20110117601068 CRJ2 394960 1044360 120 30 999 NONE NONE 120
	FP_ROUTE KDEN..KCOS

TRACK_TIME 1167737286
TRACK A20110117601075 B738 372260 1215700 120 30 999 NONE NONE 380
	FP_ROUTE KSJC..KSEA

TRACK_TIME 1167737286
TRACK A20110117601078 B764 404300 740900 120 30 999 NONE NONE 360
	FP_ROUTE KEWR..KIAH

TRACK_TIME 1167737286
TRACK A20110117601084 C560 261000 815200 120 30 999 NONE NONE 430
	FP_ROUTE KAPF..KMQS

TRACK_TIME 1167737286
TRACK A20110117601086 B762 335560 1182700 120 30 999 NONE NONE 390
	FP_ROUTE KLAX..KJFK

TRACK_TIME 1167737286
TRACK A20110117601089 CRJ2 425500 875500 120 30 999 NONE NONE 80
	FP_ROUTE KMKE..KORD

TRACK_TIME 1167737286
TRACK A20110117601091 A319 404800 735200 120 30 999 NONE NONE 360
	FP_ROUTE KLGA..KFLL

TRACK_TIME 1167737286
TRACK A20110117601092 E170 445400 931360 120 30 999 NONE NONE 340
	FP_ROUTE KMSP..KMSO

TRACK_TIME 1167737286
TRACK A20110117601094 DH8D 412400 815260 120 30 999 NONE NONE 220
	FP_ROUTE KCLE..KORD

TRACK_TIME 1167737286
TRACK A20110117601095 DH8D 420100 875200 120 30 999 NONE NONE 210
	FP_ROUTE KORD..KCLE

TRACK_TIME 1167737286
TRACK A20110117601096 E120 404800 1115860 120 30 999 NONE NONE 230
	FP_ROUTE KSLC..KRKS

TRACK_TIME 1167737286
TRACK A20110117601098 CRJ9 335560 1182700 120 30 999 NONE NONE 130
	FP_ROUTE KLAX..KLAS

TRACK_TIME 1167737286
TRACK A20110117601103 DH8A 211900 1575260 120 30 999 NONE NONE 70
	FP_ROUTE KHNL..KLNY

TRACK_TIME 1167737286
TRACK A20110117601106 CRJ9 333700 841900 120 30 999 NONE NONE 300
	FP_ROUTE KATL..KIAH

TRACK_TIME 1167737286
TRACK A20110117601107 CRJ2 333760 842400 120 30 999 NONE NONE 220
	FP_ROUTE KATL..KECP

TRACK_TIME 1167737286
TRACK A20110117601108 CRJ2 302100 854060 120 30 999 NONE NONE 230
	FP_ROUTE KECP..KATL

TRACK_TIME 1167737286
TRACK A20110117601111 B752 333760 842400 120 30 999 NONE NONE 90
	FP_ROUTE KATL..KMCO

TRACK_TIME 1167737286
TRACK A20110117601125 CRJ9 394300 861600 120 30 999 NONE NONE 350
	FP_ROUTE KIND..KLGA

TRACK_TIME 1167737286
TRACK A20110117601136 B738 385200 770160 120 30 999 NONE NONE 380
	FP_ROUTE KDCA..KSEA

TRACK_TIME 1167737286
TRACK A20110117601137 DH8D 472500 1221800 120 30 999 NONE NONE 210
	FP_ROUTE KSEA..KBOI

TRACK_TIME 1167737286
TRACK A20110117601139 E135 435200 911500 120 30 999 NONE NONE 250
	FP_ROUTE KLSE..KIND

TRACK_TIME 1167737286
TRACK A20110117601155 B733 320600 1105560 120 30 999 NONE NONE 160
	FP_ROUTE KTUS..KPHX

TRACK_TIME 1167737286
TRACK A20110117601156 A320 280000 823300 120 30 999 NONE NONE 380
	FP_ROUTE KTPA..KDEN

TRACK_TIME 1167737286
TRACK A20110117601159 DH8A 401000 763600 120 30 999 NONE NONE 51
	FP_ROUTE KMDT..KPHL

TRACK_TIME 1167737286
TRACK A20110117601161 E120 335560 1182560 120 30 999 NONE NONE 91
	FP_ROUTE KLAX..KCRQ

TRACK_TIME 1167737286
TRACK A20110117601162 E120 330700 1171800 120 30 999 NONE NONE 81
	FP_ROUTE KCRQ..KLAX

TRACK_TIME 1167737286
TRACK A20110117601163 A319 395260 751300 120 30 999 NONE NONE 340
	FP_ROUTE KPHL..KORD

TRACK_TIME 1167737286
TRACK A20110117601164 B712 211900 1575400 120 30 999 NONE NONE 130
	FP_ROUTE KHNL..KOGG

TRACK_TIME 1167737286
TRACK A20110117601165 B737 425700 712560 120 30 999 NONE NONE 400
	FP_ROUTE KMHT..KMCO

TRACK_TIME 1167737286
TRACK A20110117601173 E145 415800 723900 120 30 999 NONE NONE 360
	FP_ROUTE KBDL..KORD

TRACK_TIME 1167737286
TRACK A20110117601182 B737 414900 874360 120 30 999 NONE NONE 410
	FP_ROUTE KMDW..KMHT

TRACK_TIME 1167737286
TRACK A20110117601187 BE9L 303100 982200 120 30 999 NONE NONE 240
	FP_ROUTE KDZB..KGNC

TRACK_TIME 1167737286
TRACK A20110117601194 DH8A 404900 735260 120 30 999 NONE NONE 140
	FP_ROUTE KLGA..KBWI

TRACK_TIME 1167737286
TRACK A20110117601198 CL60 393160 1074360 120 30 999 NONE NONE 370
	FP_ROUTE KRIL..KAFW

TRACK_TIME 1167737286
TRACK A20110117601201 CRJ2 333760 842200 120 30 999 NONE NONE 210
	FP_ROUTE KATL..KCAE

TRACK_TIME 1167737286
TRACK A20110117601202 CRJ2 335560 810460 120 30 999 NONE NONE 200
	FP_ROUTE KCAE..KATL

TRACK_TIME 1167737286
TRACK A20110117601207 EA50 473700 1173300 120 30 999 NONE NONE 350
	FP_ROUTE KGEG..KO89

TRACK_TIME 1167737286
TRACK A20110117601208 B752 332560 1115860 120 30 999 NONE NONE 350
	FP_ROUTE KPHX..KATL

TRACK_TIME 1167737286
TRACK A20110117601210 CRJ9 350160 895860 120 30 999 NONE NONE 370
	FP_ROUTE KMEM..KBOS

TRACK_TIME 1167737286
TRACK A20110117601211 BE20 394200 861360 120 30 999 NONE NONE 80
	FP_ROUTE KIND..KHNB

TRACK_TIME 1167737286
TRACK A20110117601212 EA50 403400 1221800 120 30 999 NONE NONE 250
	FP_ROUTE KRDD..KFCH

TRACK_TIME 1167737286
TRACK A20110117601214 B733 414600 874300 120 30 999 NONE NONE 350
	FP_ROUTE KMDW..KORF

TRACK_TIME 1167737286
TRACK A20110117601217 E145 295700 952100 120 30 999 NONE NONE 210
	FP_ROUTE KIAH..KBTR

TRACK_TIME 1167737286
TRACK A20110117601218 B733 365400 761200 120 30 999 NONE NONE 340
	FP_ROUTE KORF..KMCO

TRACK_TIME 1167737286
TRACK A20110117601221 B737 395500 1044060 120 30 999 NONE NONE 400
	FP_ROUTE KDEN..KSAN

TRACK_TIME 1167737286
TRACK A20110117601226 B712 425560 875400 120 30 999 NONE NONE 350
	FP_ROUTE KMKE..KRSW

TRACK_TIME 1167737286
TRACK A20110117601228 B738 404600 1120000 120 30 999 NONE NONE 370
	FP_ROUTE KSLC..KDTW

TRACK_TIME 1167737286
TRACK A20110117601232 B733 391000 764300 120 30 999 NONE NONE 300
	FP_ROUTE KBWI..KCMH

TRACK_TIME 1167737286
TRACK A20110117601233 B737 324500 1171300 120 30 999 NONE NONE 290
	FP_ROUTE KSAN..KLAS

TRACK_TIME 1167737286
TRACK A20110117601234 E170 425560 875400 120 30 999 NONE NONE 380
	FP_ROUTE KMKE..KDEN

TRACK_TIME 1167737286
TRACK A20110117601236 B733 400000 825260 120 30 999 NONE NONE 360
	FP_ROUTE KCMH..KSTL

TRACK_TIME 1167737286
TRACK A20110117601237 B733 384300 901600 120 30 999 NONE NONE 360
	FP_ROUTE KSTL..KHOU

TRACK_TIME 1167737286
TRACK A20110117601238 B733 293760 951800 120 30 999 NONE NONE 360
	FP_ROUTE KHOU..KELP

TRACK_TIME 1167737286
TRACK A20110117601239 CRJ2 404600 1115800 120 30 999 NONE NONE 320
	FP_ROUTE KSLC..KLGB

TRACK_TIME 1167737286
TRACK A20110117601241 CRJ2 410000 813000 120 30 999 NONE NONE 120
	FP_ROUTE KCAK..KDTW

TRACK_TIME 1167737286
TRACK A20110117601243 B737 360700 1150760 120 30 999 NONE NONE 390
	FP_ROUTE KLAS..KMSY

TRACK_TIME 1167737286
TRACK A20110117601245 CRJ2 395260 751060 120 30 999 NONE NONE 240
	FP_ROUTE KPHL..KCVG

TRACK_TIME 1167737286
TRACK A20110117601248 E145 295800 952100 120 30 999 NONE NONE 270
	FP_ROUTE KIAH..KGPT

TRACK_TIME 1167737286
TRACK A20110117601250 B737 300000 901660 120 30 999 NONE NONE 400
	FP_ROUTE KMSY..KDAL

TRACK_TIME 1167737286
TRACK A20110117601251 DH8A 603460 1511200 120 30 999 NONE NONE 50
	FP_ROUTE KENA..KANC

TRACK_TIME 1167737286
TRACK A20110117601256 BE20 442100 880600 120 30 999 NONE NONE 350
	FP_ROUTE KGRB..KVNC

TRACK_TIME 1167737286
TRACK A20110117601257 A321 351060 805700 120 30 999 NONE NONE 320
	FP_ROUTE KCLT..KLAS

TRACK_TIME 1167737286
TRACK A20110117601259 MD83 263760 814300 120 30 999 NONE NONE 340
	FP_ROUTE KRSW..KORD

TRACK_TIME 1167737286
TRACK A20110117601260 B737 324960 964960 120 30 999 NONE NONE 300
	FP_ROUTE KDAL..KSAT

TRACK_TIME 1167737286
TRACK A20110117601265 A320 295700 901600 120 30 999 NONE NONE 350
	FP_ROUTE KMSY..KJFK

TRACK_TIME 1167737286
TRACK A20110117601267 E145 412260 815400 120 30 999 NONE NONE 280
	FP_ROUTE KCLE..KSTL

TRACK_TIME 1167737286
TRACK A20110117601268 E145 384300 901600 120 30 999 NONE NONE 360
	FP_ROUTE KSTL..KIAH

TRACK_TIME 1167737286
TRACK A20110117601272 A319 404900 735100 120 30 999 NONE NONE 210
	FP_ROUTE KLGA..KBOS

TRACK_TIME 1167737286
TRACK A20110117601278 CRJ2 350000 895860 120 30 999 NONE NONE 250
	FP_ROUTE KMEM..KGPT

TRACK_TIME 1167737286
TRACK A20110117601281 B738 325200 970300 120 30 999 NONE NONE 380
	FP_ROUTE KDFW..KSNA

TRACK_TIME 1167737286
TRACK A20110117601283 C560 395800 1050760 120 30 999 NONE NONE 400
	FP_ROUTE KBJC..KSMO

TRACK_TIME 1167737286
TRACK A20110117601284 C560 340000 1182800 120 30 999 NONE NONE 430
	FP_ROUTE KSMO..KBJC

TRACK_TIME 1167737286
TRACK A20110117601286 BE20 360900 795700 120 30 999 NONE NONE 80
	FP_ROUTE KGSO..KSVH

TRACK_TIME 1167737286
TRACK A20110117601294 MD82 261000 981360 120 30 999 NONE NONE 330
	FP_ROUTE KMFE..KDFW

TRACK_TIME 1167737286
TRACK A20110117601299 B734 302200 890160 120 30 999 NONE NONE 329
	FP_ROUTE KGPT..KPIE

TRACK_TIME 1167737286
TRACK A20110117601300 E120 431660 1141300 120 30 999 NONE NONE 140
	FP_ROUTE KSUN..KSLC

TRACK_TIME 1167737286
TRACK A20110117601302 CRJ2 404900 1115860 120 30 999 NONE NONE 260
	FP_ROUTE KSLC..KMSO

TRACK_TIME 1167737286
TRACK A20110117601305 CRJ2 404960 1120000 120 30 999 NONE NONE 320
	FP_ROUTE KSLC..KPSP

TRACK_TIME 1167737286
TRACK A20110117601308 CRJ2 404900 1120000 120 30 999 NONE NONE 320
	FP_ROUTE KSLC..KRNO

TRACK_TIME 1167737286
TRACK A20110117601309 B738 445200 931000 120 30 999 NONE NONE 109
	FP_ROUTE KMSP..KLSE

TRACK_TIME 1167737286
TRACK A20110117601310 B738 435200 911500 120 30 999 NONE NONE 360
	FP_ROUTE KLSE..KIFP

TRACK_TIME 1167737286
TRACK A20110117601311 CRJ2 404900 1115860 120 30 999 NONE NONE 260
	FP_ROUTE KSLC..KIDA

TRACK_TIME 1167737286
TRACK A20110117601317 CRJ2 394600 1043900 120 30 999 NONE NONE 320
	FP_ROUTE KDEN..KTUS

TRACK_TIME 1167737286
TRACK A20110117601324 A319 334300 785700 120 30 999 NONE NONE 110
	FP_ROUTE KMYR..KCLT

TRACK_TIME 1167737286
TRACK A20110117601326 E145 390160 843900 120 30 999 NONE NONE 320
	FP_ROUTE KCVG..KMIA

TRACK_TIME 1167737286
TRACK A20110117601327 CRJ2 404600 1115860 120 30 999 NONE NONE 280
	FP_ROUTE KSLC..KBOI

TRACK_TIME 1167737286
TRACK A20110117601336 B738 333900 1175260 120 30 999 NONE NONE 370
	FP_ROUTE KSNA..KIAH

TRACK_TIME 1167737286
TRACK A20110117601337 E145 334200 785560 120 30 999 NONE NONE 290
	FP_ROUTE KMYR..KEWR

TRACK_TIME 1167737286
TRACK A20110117601338 CRJ2 421360 764800 120 30 999 NONE NONE 260
	FP_ROUTE KELM..KDTW

TRACK_TIME 1167737286
TRACK A20110117601341 BE9L 331600 844360 120 30 999 NONE NONE 79
	FP_ROUTE KCCO..KCEW

TRACK_TIME 1167737286
TRACK A20110117601343 BE9L 305400 863400 120 30 999 NONE NONE 90
	FP_ROUTE KCEW..KCCO

TRACK_TIME 1167737286
TRACK A20110117601344 B738 282400 811800 120 30 999 NONE NONE 360
	FP_ROUTE KMCO..KSEA

TRACK_TIME 1167737286
TRACK A20110117601346 DH8D 453600 1223900 120 30 999 NONE NONE 140
	FP_ROUTE KPDX..KSEA

TRACK_TIME 1167737286
TRACK A20110117601348 B752 275860 823300 120 30 999 NONE NONE 370
	FP_ROUTE KTPA..KDTW

TRACK_TIME 1167737286
TRACK A20110117601351 A320 445100 931360 120 30 999 NONE NONE 370
	FP_ROUTE KMSP..KDTW

TRACK_TIME 1167737286
TRACK A20110117601352 A320 335560 1182700 120 30 999 NONE NONE 340
	FP_ROUTE KLAX..KSFO

TRACK_TIME 1167737286
TRACK A20110117601353 CRJ2 413160 933760 120 30 999 NONE NONE 290
	FP_ROUTE KDSM..KMEM

TRACK_TIME 1167737286
TRACK A20110117601354 CRJ2 350100 895860 120 30 999 NONE NONE 240
	FP_ROUTE KMEM..KTUL

TRACK_TIME 1167737286
TRACK A20110117601359 B737 292200 983460 120 30 999 NONE NONE 390
	FP_ROUTE KSKF..KBIX

TRACK_TIME 1167737286
TRACK A20110117601364 B752 303000 814060 120 30 999 NONE NONE 270
	FP_ROUTE KJAX..KATL

TRACK_TIME 1167737286
TRACK A20110117601365 B752 333760 842260 120 30 999 NONE NONE 370
	FP_ROUTE KATL..KBOS

TRACK_TIME 1167737286
TRACK A20110117601371 B733 293300 982700 120 30 999 NONE NONE 110
	FP_ROUTE KSAT..KDAL

TRACK_TIME 1167737286
TRACK A20110117601372 A306 375560 854500 120 30 999 NONE NONE 320
	FP_ROUTE KSDF..KSLC

TRACK_TIME 1167737286
TRACK A20110117601373 B737 390760 763760 120 30 999 NONE NONE 370
	FP_ROUTE KBWI..KMHT

TRACK_TIME 1167737286
TRACK A20110117601374 B737 333760 1175260 120 30 999 NONE NONE 390
	FP_ROUTE KSNA..KIAH

TRACK_TIME 1167737286
TRACK A20110117601375 B738 404900 1120000 120 30 999 NONE NONE 360
	FP_ROUTE KSLC..KLAX

TRACK_TIME 1167737286
TRACK A20110117601376 B752 395260 751300 120 30 999 NONE NONE 400
	FP_ROUTE KPHL..KMCO

TRACK_TIME 1167737286
TRACK A20110117601380 CRJ1 421200 832200 120 30 999 NONE NONE 100
	FP_ROUTE KDTW..KFWA

TRACK_TIME 1167737286
TRACK A20110117601381 A319 395100 1044500 120 30 999 NONE NONE 380
	FP_ROUTE KDEN..KSLC

TRACK_TIME 1167737286
TRACK A20110117601386 E170 395260 751060 120 30 999 NONE NONE 320
	FP_ROUTE KPHL..KCLE

TRACK_TIME 1167737286
TRACK A20110117601389 A319 391600 944600 120 30 999 NONE NONE 380
	FP_ROUTE KMCI..KPHX

TRACK_TIME 1167737286
TRACK A20110117601390 E190 411660 955260 120 30 999 NONE NONE 350
	FP_ROUTE KOMA..KMCO

TRACK_TIME 1167737286
TRACK A20110117601395 DH8C 370760 762860 120 30 999 NONE NONE 40
	FP_ROUTE KPHF..KPHL

TRACK_TIME 1167737286
TRACK A20110117601401 E145 325100 970160 120 30 999 NONE NONE 370
	FP_ROUTE KDFW..KVPS

TRACK_TIME 1167737286
TRACK A20110117601406 A319 320600 1105560 120 30 999 NONE NONE 390
	FP_ROUTE KTUS..KDEN

TRACK_TIME 1167737286
TRACK A20110117601407 A319 394300 861660 120 30 999 NONE NONE 330
	FP_ROUTE KIND..KCLT

TRACK_TIME 1167737286
TRACK A20110117601414 B753 335560 1182800 120 30 999 NONE NONE 370
	FP_ROUTE KLAX..KATL

TRACK_TIME 1167737286
TRACK A20110117601421 CRJ9 385200 770300 120 30 999 NONE NONE 110
	FP_ROUTE KDCA..KBOS

TRACK_TIME 1167737286
TRACK A20110117601426 BE20 302100 913700 120 30 999 NONE NONE 17
	FP_ROUTE KLFT..KBTR

TRACK_TIME 1167737286
TRACK A20110117601427 B752 351060 805560 120 30 999 NONE NONE 290
	FP_ROUTE KCLT..KBWI

TRACK_TIME 1167737286
TRACK A20110117601429 B737 335500 1182800 120 30 999 NONE NONE 270
	FP_ROUTE KLAX..KLAS

TRACK_TIME 1167737286
TRACK A20110117601430 BE20 303400 910460 120 30 999 NONE NONE 250
	FP_ROUTE KBTR..KDCU

TRACK_TIME 1167737286
TRACK A20110117601435 LJ45 393460 1070000 120 30 999 NONE NONE 360
	FP_ROUTE KEGE..KVGT

TRACK_TIME 1167737286
TRACK A20110117601436 LJ45 361300 1151300 120 30 999 NONE NONE 390
	FP_ROUTE KVGT..KEGE

TRACK_TIME 1167737286
TRACK A20110117601437 BE20 343600 865860 120 30 999 NONE NONE 141
	FP_ROUTE KDCU..KMPE

TRACK_TIME 1167737286
TRACK A20110117601438 LJ45 393900 1065500 120 30 999 NONE NONE 450
	FP_ROUTE KEGE..KGGG

TRACK_TIME 1167737286
TRACK A20110117601441 E170 355400 784660 120 30 999 NONE NONE 340
	FP_ROUTE KRDU..KORD

TRACK_TIME 1167737286
TRACK A20110117601442 E135 364600 960000 120 30 999 NONE NONE 340
	FP_ROUTE KBVO..KIAH

TRACK_TIME 1167737286
TRACK A20110117601443 E135 295700 951960 120 30 999 NONE NONE 280
	FP_ROUTE KIAH..KBVO

TRACK_TIME 1167737286
TRACK A20110117601445 CRJ9 334000 841960 120 30 999 NONE NONE 360
	FP_ROUTE KATL..KICT

TRACK_TIME 1167737286
TRACK A20110117601447 MD83 325200 970300 120 30 999 NONE NONE 340
	FP_ROUTE KDFW..KOMA

TRACK_TIME 1167737286
TRACK A20110117601450 A319 445100 931360 120 30 999 NONE NONE 370
	FP_ROUTE KMSP..KBWI

TRACK_TIME 1167737286
TRACK A20110117601453 A319 373760 1222200 120 30 999 NONE NONE 390
	FP_ROUTE KSFO..KFLL

TRACK_TIME 1167737286
TRACK A20110117601460 E170 391500 944360 120 30 999 NONE NONE 330
	FP_ROUTE KMCI..KCLT

TRACK_TIME 1167737286
TRACK A20110117601462 B752 293300 982700 120 30 999 NONE NONE 390
	FP_ROUTE KSAT..KATL

TRACK_TIME 1167737286
TRACK A20110117601463 B752 333700 841960 120 30 999 NONE NONE 280
	FP_ROUTE KATL..KJAX

TRACK_TIME 1167737286
TRACK A20110117601467 A319 351060 805700 120 30 999 NONE NONE 360
	FP_ROUTE KCLT..KMSY

TRACK_TIME 1167737286
TRACK A20110117601471 SF34 422260 710100 120 30 999 NONE NONE 150
	FP_ROUTE KBOS..KBHB

TRACK_TIME 1167737286
TRACK A20110117601473 A320 394600 1043700 120 30 999 NONE NONE 350
	FP_ROUTE KDEN..KPHL

TRACK_TIME 1167737286
TRACK A20110117601474 DH8A 401300 764300 120 30 999 NONE NONE 100
	FP_ROUTE KMDT..KLGA

TRACK_TIME 1167737286
TRACK A20110117601478 E145 415860 875200 120 30 999 NONE NONE 200
	FP_ROUTE KORD..KSPI

TRACK_TIME 1167737286
TRACK A20110117601483 CRJ9 333900 842200 120 30 999 NONE NONE 340
	FP_ROUTE KATL..KMLI

TRACK_TIME 1167737286
TRACK A20110117601488 DH8D 454800 1111060 120 30 999 NONE NONE 240
	FP_ROUTE KBZN..KSEA

TRACK_TIME 1167737286
TRACK A20110117601490 DH8D 472560 1221800 120 30 999 NONE NONE 230
	FP_ROUTE KSEA..KGEG

TRACK_TIME 1167737286
TRACK A20110117601491 E135 395800 841200 120 30 999 NONE NONE 260
	FP_ROUTE KDAY..KMKE

TRACK_TIME 1167737286
TRACK A20110117601495 CRJ2 302560 841800 120 30 999 NONE NONE 240
	FP_ROUTE KTLH..KATL

TRACK_TIME 1167737286
TRACK A20110117601496 CRJ1 395200 751660 120 30 999 NONE NONE 300
	FP_ROUTE KPHL..KCVG

TRACK_TIME 1167737286
TRACK A20110117601506 CRJ2 350160 895860 120 30 999 NONE NONE 280
	FP_ROUTE KMEM..KMLI

TRACK_TIME 1167737286
TRACK A20110117601507 B737 360700 1150900 120 30 999 NONE NONE 390
	FP_ROUTE KLAS..KABQ

TRACK_TIME 1167737286
TRACK A20110117601510 B733 391060 944500 120 30 999 NONE NONE 360
	FP_ROUTE KMCI..KDAL

TRACK_TIME 1167737286
TRACK A20110117601512 B733 324960 964960 120 30 999 NONE NONE 360
	FP_ROUTE KDAL..KELP

TRACK_TIME 1167737286
TRACK A20110117601514 E170 380900 854500 120 30 999 NONE NONE 240
	FP_ROUTE KSDF..KORD

TRACK_TIME 1167737286
TRACK A20110117601515 B733 314800 1062400 120 30 999 NONE NONE 360
	FP_ROUTE KELP..KLAX

TRACK_TIME 1167737286
TRACK A20110117601525 MD11 315200 1062200 120 30 999 NONE NONE 350
	FP_ROUTE KBIF..KBGR

TRACK_TIME 1167737286
TRACK A20110117601528 F900 283300 811900 120 30 999 NONE NONE 380
	FP_ROUTE KORL..KTEB

TRACK_TIME 1167737286
TRACK A20110117601544 CRJ9 390300 844060 120 30 999 NONE NONE 380
	FP_ROUTE KCVG..KMSP

TRACK_TIME 1167737286
TRACK A20110117601547 B733 282260 811900 120 30 999 NONE NONE 340
	FP_ROUTE KMCO..KHOU

TRACK_TIME 1167737286
TRACK A20110117601549 E145 322400 934660 120 30 999 NONE NONE 109
	FP_ROUTE KSHV..KDFW

TRACK_TIME 1167737286
TRACK A20110117601550 CRJ2 333900 842200 120 30 999 NONE NONE 200
	FP_ROUTE KATL..KMGM

TRACK_TIME 1167737286
TRACK A20110117601556 B733 372400 1215800 120 30 999 NONE NONE 350
	FP_ROUTE KSJC..KSAN

TRACK_TIME 1167737286
TRACK A20110117601570 MD83 415560 875260 120 30 999 NONE NONE 370
	FP_ROUTE KORD..KLGA

TRACK_TIME 1167737286
TRACK A20110117601571 B752 404000 734200 120 30 999 NONE NONE 380
	FP_ROUTE KJFK..KATL

TRACK_TIME 1167737286
TRACK A20110117601572 E145 333400 864500 120 30 999 NONE NONE 370
	FP_ROUTE KBHM..KMIA

TRACK_TIME 1167737286
TRACK A20110117601574 CRJ1 421300 832200 120 30 999 NONE NONE 81
	FP_ROUTE KDTW..KLAN

TRACK_TIME 1167737286
TRACK A20110117601575 B752 264200 800000 120 30 999 NONE NONE 310
	FP_ROUTE KPBI..KATL

TRACK_TIME 1167737286
TRACK A20110117601579 E145 362800 822500 120 30 999 NONE NONE 320
	FP_ROUTE KTRI..KORD

TRACK_TIME 1167737286
TRACK A20110117601585 B734 612100 1500460 120 30 999 NONE NONE 320
	FP_ROUTE KANC..KSCC

TRACK_TIME 1167737286
TRACK A20110117601599 E120 610600 1502260 120 30 999 NONE NONE 240
	FP_ROUTE KANC..KDLG

TRACK_TIME 1167737286
TRACK A20110117601606 E120 584800 1563400 120 30 999 NONE NONE 270
	FP_ROUTE KAKN..KANC

TRACK_TIME 1167737286
TRACK A20110117601608 E145 412860 880100 120 30 999 NONE NONE 141
	FP_ROUTE KORD..KXNA

TRACK_TIME 1167737286
TRACK A20110117601617 CRJ2 350100 895860 120 30 999 NONE NONE 300
	FP_ROUTE KMEM..KICT

TRACK_TIME 1167737286
TRACK A20110117601619 A319 260460 800760 120 30 999 NONE NONE 360
	FP_ROUTE KFLL..KDEN

TRACK_TIME 1167737286
TRACK A20110117601623 B752 334000 841960 120 30 999 NONE NONE 320
	FP_ROUTE KATL..KMSP

TRACK_TIME 1167737286
TRACK A20110117601627 CRJ2 433000 1120460 120 30 999 NONE NONE 200
	FP_ROUTE KIDA..KSLC

TRACK_TIME 1167737286
TRACK A20110117601629 CRJ2 320460 1105400 120 30 999 NONE NONE 330
	FP_ROUTE KTUS..KDEN

TRACK_TIME 1167737286
TRACK A20110117601630 E145 295700 952100 120 30 999 NONE NONE 200
	FP_ROUTE KIAH..KDAL

TRACK_TIME 1167737286
TRACK A20110117601631 B737 293760 951600 120 30 999 NONE NONE 370
	FP_ROUTE KHOU..KMDW

TRACK_TIME 1167737286
TRACK A20110117601632 B737 414600 874600 120 30 999 NONE NONE 390
	FP_ROUTE KMDW..KLGA

TRACK_TIME 1167737286
TRACK A20110117601633 SW4 424660 843700 120 30 999 NONE NONE 141
	FP_ROUTE KLAN..KTVC

TRACK_TIME 1167737286
TRACK A20110117601634 E120 334900 1162860 120 30 999 NONE NONE 230
	FP_ROUTE KPSP..KLAS

TRACK_TIME 1167737286
TRACK A20110117601635 A320 445400 931360 120 30 999 NONE NONE 350
	FP_ROUTE KMSP..KDCA

TRACK_TIME 1167737286
TRACK A20110117601639 SW4 444360 853460 120 30 999 NONE NONE 120
	FP_ROUTE KTVC..KESC

TRACK_TIME 1167737286
TRACK A20110117601641 B752 324360 1171300 120 30 999 NONE NONE 350
	FP_ROUTE KSAN..KIAD

TRACK_TIME 1167737286
TRACK A20110117601645 B737 324360 1171300 120 30 999 NONE NONE 390
	FP_ROUTE KSAN..KSTL

TRACK_TIME 1167737286
TRACK A20110117601646 A321 335700 1182700 120 30 999 NONE NONE 310
	FP_ROUTE KLAX..KPHX

TRACK_TIME 1167737286
TRACK A20110117601650 CRJ9 350100 895860 120 30 999 NONE NONE 370
	FP_ROUTE KMEM..KRSW

TRACK_TIME 1167737286
TRACK A20110117601652 CRJ2 394360 861600 120 30 999 NONE NONE 280
	FP_ROUTE KIND..KMSP

TRACK_TIME 1167737286
TRACK A20110117601661 E145 320760 811000 120 30 999 NONE NONE 360
	FP_ROUTE KSAV..KDFW

TRACK_TIME 1167737286
TRACK A20110117601668 B738 412400 815800 120 30 999 NONE NONE 360
	FP_ROUTE KCLE..KDEN

TRACK_TIME 1167737286
TRACK A20110117601690 B737 335700 1182700 120 30 999 NONE NONE 360
	FP_ROUTE KLAX..KSMF

TRACK_TIME 1167737286
TRACK A20110117601691 B737 383900 1213300 120 30 999 NONE NONE 320
	FP_ROUTE KSMF..KSEA

TRACK_TIME 1167737286
TRACK A20110117601697 E145 325200 970300 120 30 999 NONE NONE 280
	FP_ROUTE KDFW..KROW

TRACK_TIME 1167737286
TRACK A20110117601698 C560 332560 1120000 120 30 999 NONE NONE 430
	FP_ROUTE KPHX..KFAR

TRACK_TIME 1167737286
TRACK A20110117601699 A320 282560 811800 120 30 999 NONE NONE 370
	FP_ROUTE KMCO..KSJU

TRACK_TIME 1167737286
TRACK A20110117601707 FA50 280600 803760 120 30 999 NONE NONE 190
	FP_ROUTE KMLB..KFXE

TRACK_TIME 1167737286
TRACK A20110117601708 FA50 261200 801000 120 30 999 NONE NONE 380
	FP_ROUTE KFXE..KBHM

TRACK_TIME 1167737286
TRACK A20110117601711 B752 325260 970160 120 30 999 NONE NONE 370
	FP_ROUTE KDFW..KSJU

TRACK_TIME 1167737286
TRACK A20110117601719 CRJ2 334000 1014960 120 30 999 NONE NONE 310
	FP_ROUTE KLBB..KMEM

TRACK_TIME 1167737286
TRACK A20110117601723 B735 404300 740760 120 30 999 NONE NONE 340
	FP_ROUTE KEWR..KDFW

TRACK_TIME 1167737286
TRACK A20110117601729 MD83 335560 1182700 120 30 999 NONE NONE 310
	FP_ROUTE KLAX..KSGF

TRACK_TIME 1167737286
TRACK A20110117601732 LJ35 473000 1221660 120 30 999 NONE NONE 380
	FP_ROUTE KBFI..KFAI

TRACK_TIME 1167737286
TRACK A20110117601740 B737 445260 931660 120 30 999 NONE NONE 380
	FP_ROUTE KMSP..KPSP

TRACK_TIME 1167737286
TRACK A20110117601749 E170 385260 770300 120 30 999 NONE NONE 380
	FP_ROUTE KDCA..KMCO

TRACK_TIME 1167737286
TRACK A20110117601750 B737 293300 982700 120 30 999 NONE NONE 400
	FP_ROUTE KSAT..KLAX

TRACK_TIME 1167737286
TRACK A20110117601751 B734 395200 751300 120 30 999 NONE NONE 300
	FP_ROUTE KPHL..KMIA

TRACK_TIME 1167737286
TRACK A20110117601752 B763 472560 1221900 120 30 999 NONE NONE 350
	FP_ROUTE KSEA..KATL

TRACK_TIME 1167737286
TRACK A20110117601755 B712 194300 1550100 120 30 999 NONE NONE 220
	FP_ROUTE KITO..KHNL

TRACK_TIME 1167737286
TRACK A20110117601758 CRJ2 333900 842400 120 30 999 NONE NONE 230
	FP_ROUTE KATL..KTRI

TRACK_TIME 1167737286
TRACK A20110117601759 CRJ2 362700 822560 120 30 999 NONE NONE 240
	FP_ROUTE KTRI..KATL

TRACK_TIME 1167737286
TRACK A20110117601762 CRJ1 343700 864600 120 30 999 NONE NONE 300
	FP_ROUTE KHSV..KDTW

TRACK_TIME 1167737286
TRACK A20110117601765 B733 453600 1223700 120 30 999 NONE NONE 351
	FP_ROUTE KPDX..KPHX

TRACK_TIME 1167737286
TRACK A20110117601768 A320 351500 805800 120 30 999 NONE NONE 340
	FP_ROUTE KCLT..KORD

TRACK_TIME 1167737286
TRACK A20110117601777 CRJ2 425500 875400 120 30 999 NONE NONE 270
	FP_ROUTE KMKE..KIND

TRACK_TIME 1167737286
TRACK A20110117601779 B752 404800 735200 120 30 999 NONE NONE 380
	FP_ROUTE KLGA..KATL

TRACK_TIME 1167737286
TRACK A20110117601780 E145 295860 951800 120 30 999 NONE NONE 49
	FP_ROUTE KIAH..KDAL

TRACK_TIME 1167737286
TRACK A20110117601781 B752 332560 1115860 120 30 999 NONE NONE 350
	FP_ROUTE KPHX..KATL

TRACK_TIME 1167737286
TRACK A20110117601786 CRJ2 413160 933900 120 30 999 NONE NONE 70
	FP_ROUTE KDSM..KMSP

TRACK_TIME 1167737286
TRACK A20110117601787 CRJ2 404800 1115860 120 30 999 NONE NONE 270
	FP_ROUTE KSLC..KGJT

TRACK_TIME 1167737286
TRACK A20110117601791 E120 360700 1151000 120 30 999 NONE NONE 220
	FP_ROUTE KLAS..KPSP

TRACK_TIME 1167737286
TRACK A20110117601801 CRJ2 412500 903300 120 30 999 NONE NONE 280
	FP_ROUTE KMLI..KMEM

TRACK_TIME 1167737286
TRACK A20110117601803 B738 333760 842260 120 30 999 NONE NONE 109
	FP_ROUTE KATL..KCLT

TRACK_TIME 1167737286
TRACK A20110117601807 BE20 384200 1212400 120 30 999 NONE NONE 260
	FP_ROUTE KMCC..KBFI

TRACK_TIME 1167737286
TRACK A20110117601808 BE20 473000 1221600 120 30 999 NONE NONE 230
	FP_ROUTE KBFI..KMCC

TRACK_TIME 1167737286
TRACK A20110117601811 E170 384360 901600 120 30 999 NONE NONE 350
	FP_ROUTE KSTL..KPHL

TRACK_TIME 1167737286
TRACK A20110117601812 B734 351360 805700 120 30 999 NONE NONE 281
	FP_ROUTE KCLT..KCLE

TRACK_TIME 1167737286
TRACK A20110117601821 B737 395260 751300 120 30 999 NONE NONE 380
	FP_ROUTE KPHL..KDEN

TRACK_TIME 1167737286
TRACK A20110117601824 A320 421200 832100 120 30 999 NONE NONE 370
	FP_ROUTE KDTW..KCLT

TRACK_TIME 1167737286
TRACK A20110117601825 A320 394900 1043900 120 30 999 NONE NONE 330
	FP_ROUTE KDEN..KCLT

TRACK_TIME 1167737286
TRACK A20110117601826 B737 395100 1044600 120 30 999 NONE NONE 380
	FP_ROUTE KDEN..KLAX

TRACK_TIME 1167737286
TRACK A20110117601828 B739 295700 952100 120 30 999 NONE NONE 340
	FP_ROUTE KIAH..KPHX

TRACK_TIME 1167737286
TRACK A20110117601829 B712 282560 811800 120 30 999 NONE NONE 320
	FP_ROUTE KMCO..KMKE

TRACK_TIME 1167737286
TRACK A20110117601830 A319 415800 880000 120 30 999 NONE NONE 360
	FP_ROUTE KORD..KLAX

TRACK_TIME 1167737286
TRACK A20110117601836 B712 350100 895860 120 30 999 NONE NONE 330
	FP_ROUTE KMEM..KATL

TRACK_TIME 1167737286
TRACK A20110117601839 CRJ2 351200 805560 120 30 999 NONE NONE 170
	FP_ROUTE KCLT..KOAJ

TRACK_TIME 1167737286
TRACK A20110117601840 CRJ2 345200 773600 120 30 999 NONE NONE 180
	FP_ROUTE KOAJ..KCLT

TRACK_TIME 1167737286
TRACK A20110117601844 B737 384000 1213400 120 30 999 NONE NONE 410
	FP_ROUTE KSMF..KBUR

TRACK_TIME 1167737286
TRACK A20110117601846 B733 332560 1120400 120 30 999 NONE NONE 340
	FP_ROUTE KPHX..KGEG

TRACK_TIME 1167737286
TRACK A20110117601858 CRJ2 421200 832200 120 30 999 NONE NONE 280
	FP_ROUTE KDTW..KEVV

TRACK_TIME 1167737286
TRACK A20110117601859 CRJ2 380160 873400 120 30 999 NONE NONE 119
	FP_ROUTE KEVV..KDTW

TRACK_TIME 1167737286
TRACK A20110117601861 B772 475500 1221800 120 30 999 NONE NONE 390
	FP_ROUTE KPAE..KPAE

TRACK_TIME 1167737286
TRACK A20110117601866 B712 351200 805560 120 30 999 NONE NONE 320
	FP_ROUTE KCLT..KMCO

TRACK_TIME 1167737286
TRACK A20110117601881 B712 211900 1575260 120 30 999 NONE NONE 130
	FP_ROUTE KHNL..KOGG

TRACK_TIME 1167737286
TRACK A20110117601882 A320 393160 1194600 120 30 999 NONE NONE 370
	FP_ROUTE KRNO..KDEN

TRACK_TIME 1167737286
TRACK A20110117601883 B739 332560 1115860 120 30 999 NONE NONE 350
	FP_ROUTE KPHX..KIAH

TRACK_TIME 1167737286
TRACK A20110117601886 E145 295800 952100 120 30 999 NONE NONE 270
	FP_ROUTE KIAH..KJAN

TRACK_TIME 1167737286
TRACK A20110117601887 B739 395500 1043760 120 30 999 NONE NONE 370
	FP_ROUTE KDEN..KIAH

TRACK_TIME 1167737286
TRACK A20110117601891 B752 395100 1044500 120 30 999 NONE NONE 360
	FP_ROUTE KDEN..KSFO

TRACK_TIME 1167737286
TRACK A20110117601892 E190 260460 800760 120 30 999 NONE NONE 350
	FP_ROUTE KFLL..KHPN

TRACK_TIME 1167737286
TRACK A20110117601895 DH8A 422200 710100 120 30 999 NONE NONE 160
	FP_ROUTE KBOS..KMDT

TRACK_TIME 1167737286
TRACK A20110117601896 A319 395500 1044500 120 30 999 NONE NONE 380
	FP_ROUTE KDEN..KLAS

TRACK_TIME 1167737286
TRACK A20110117601898 B737 360600 1150900 120 30 999 NONE NONE 220
	FP_ROUTE KLAS..KBUR

TRACK_TIME 1167737286
TRACK A20110117601899 B737 341300 1182500 120 30 999 NONE NONE 280
	FP_ROUTE KBUR..KOAK

TRACK_TIME 1167737286
TRACK A20110117601902 B733 391500 944900 120 30 999 NONE NONE 340
	FP_ROUTE KMCI..KLAS

TRACK_TIME 1167737286
TRACK A20110117601903 B733 360700 1151000 120 30 999 NONE NONE 320
	FP_ROUTE KLAS..KOAK

TRACK_TIME 1167737286
TRACK A20110117601912 CRJ1 390300 844300 120 30 999 NONE NONE 220
	FP_ROUTE KCVG..KMKE

TRACK_TIME 1167737286
TRACK A20110117601914 A320 374300 1221600 120 30 999 NONE NONE 390
	FP_ROUTE KOAK..KSLC

TRACK_TIME 1167737286
TRACK A20110117601915 E190 403700 735260 120 30 999 NONE NONE 300
	FP_ROUTE KJFK..KCLT

TRACK_TIME 1167737286
TRACK A20110117601918 B752 391000 945100 120 30 999 NONE NONE 400
	FP_ROUTE KMCI..KDEN

TRACK_TIME 1167737286
TRACK A20110117601923 DH8D 472700 1221900 120 30 999 NONE NONE 120
	FP_ROUTE KSEA..KBLI

TRACK_TIME 1167737286
TRACK A20110117601924 CRJ9 325260 970160 120 30 999 NONE NONE 340
	FP_ROUTE KDFW..KSLC

TRACK_TIME 1167737286
TRACK A20110117601925 CRJ9 404600 1115860 120 30 999 NONE NONE 300
	FP_ROUTE KSLC..KBOI

TRACK_TIME 1167737286
TRACK A20110117601926 CRJ2 333760 842260 120 30 999 NONE NONE 220
	FP_ROUTE KATL..KDHN

TRACK_TIME 1167737286
TRACK A20110117601927 CRJ2 311960 852800 120 30 999 NONE NONE 210
	FP_ROUTE KDHN..KATL

TRACK_TIME 1167737286
TRACK A20110117601928 CRJ2 445100 931360 120 30 999 NONE NONE 220
	FP_ROUTE KMSP..KFSD

TRACK_TIME 1167737286
TRACK A20110117601931 B738 374300 1221500 120 30 999 NONE NONE 380
	FP_ROUTE KOAK..KSEA

TRACK_TIME 1167737286
TRACK A20110117601938 B738 325200 970160 120 30 999 NONE NONE 410
	FP_ROUTE KDFW..KMSY

TRACK_TIME 1167737286
TRACK A20110117601939 CRJ2 333900 842260 120 30 999 NONE NONE 260
	FP_ROUTE KATL..KMEI

TRACK_TIME 1167737286
TRACK A20110117601942 CRJ2 321800 884500 120 30 999 NONE NONE 250
	FP_ROUTE KMEI..KATL

TRACK_TIME 1167737286
TRACK A20110117601943 E145 325500 800300 120 30 999 NONE NONE 360
	FP_ROUTE KCHS..KMIA

TRACK_TIME 1167737286
TRACK A20110117601946 MD82 390900 763900 120 30 999 NONE NONE 340
	FP_ROUTE KBWI..KDFW

TRACK_TIME 1167737286
TRACK A20110117601949 B737 320600 1105560 120 30 999 NONE NONE 320
	FP_ROUTE KTUS..KLAS

TRACK_TIME 1167737286
TRACK A20110117601950 B737 360700 1151000 120 30 999 NONE NONE 260
	FP_ROUTE KLAS..KSNA

TRACK_TIME 1167737286
TRACK A20110117601956 MD82 325200 970300 120 30 999 NONE NONE 340
	FP_ROUTE KDFW..KBUR

TRACK_TIME 1167737286
TRACK A20110117601963 AT72 332700 935860 120 30 999 NONE NONE 50
	FP_ROUTE KTXK..KDFW

TRACK_TIME 1167737286
TRACK A20110117601965 CRJ2 385260 1044300 120 30 999 NONE NONE 120
	FP_ROUTE KCOS..KDEN

TRACK_TIME 1167737286
TRACK A20110117601970 E170 413000 933600 120 30 999 NONE NONE 360
	FP_ROUTE KDSM..KDEN

TRACK_TIME 1167737286
TRACK A20110117601971 B738 360700 1150900 120 30 999 NONE NONE 390
	FP_ROUTE KLAS..KIAH

TRACK_TIME 1167737286
TRACK A20110117601972 DH8D 404660 740700 120 30 999 NONE NONE 150
	FP_ROUTE KEWR..KPWM

TRACK_TIME 1167737286
TRACK A20110117601973 DH8D 433900 702100 120 30 999 NONE NONE 160
	FP_ROUTE KPWM..KEWR

TRACK_TIME 1167737286
TRACK A20110117601978 CRJ2 415800 875700 120 30 999 NONE NONE 240
	FP_ROUTE KORD..KCVG

TRACK_TIME 1167737286
TRACK A20110117601991 CRJ2 390300 844060 120 30 999 NONE NONE 220
	FP_ROUTE KCVG..KORD

TRACK_TIME 1167737286
TRACK A20110117601992 A319 385560 773300 120 30 999 NONE NONE 380
	FP_ROUTE KIAD..KSFO

TRACK_TIME 1167737286
TRACK A20110117601993 CRJ1 390160 843900 120 30 999 NONE NONE 290
	FP_ROUTE KCVG..KJAX

TRACK_TIME 1167737286
TRACK A20110117601997 B763 403900 734900 120 30 999 NONE NONE 340
	FP_ROUTE KJFK..KSFO

TRACK_TIME 1167737286
TRACK A20110117602000 E145 295700 952100 120 30 999 NONE NONE 310
	FP_ROUTE KIAH..KHSV

TRACK_TIME 1167737286
TRACK A20110117602001 E170 335100 1181060 120 30 999 NONE NONE 370
	FP_ROUTE KLGB..KDEN

TRACK_TIME 1167737286
TRACK A20110117602009 LJ45 373160 771960 120 30 999 NONE NONE 430
	FP_ROUTE KRIC..KPIE

TRACK_TIME 1167737286
TRACK A20110117602012 D328 473100 1221800 120 30 999 NONE NONE 310
	FP_ROUTE KBFI..KSBD

TRACK_TIME 1167737286
TRACK A20110117602014 BE9L 340160 983100 120 30 999 NONE NONE 69
	FP_ROUTE KCWC..KOKC

TRACK_TIME 1167737286
TRACK A20110117602019 BE9L 351960 973700 120 30 999 NONE NONE 80
	FP_ROUTE KOKC..KCWC

TRACK_TIME 1167737286
TRACK A20110117602023 LJ45 422200 705860 120 30 999 NONE NONE 400
	FP_ROUTE KBOS..KRIC

TRACK_TIME 1167737286
TRACK A20110117602030 E145 325260 970300 120 30 999 NONE NONE 160
	FP_ROUTE KDFW..KGRK

TRACK_TIME 1167737286
TRACK A20110117602035 E120 445200 912860 120 30 999 NONE NONE 171
	FP_ROUTE KEAU..KDPA

TRACK_TIME 1167737286
TRACK A20110117602036 E120 415200 881600 120 30 999 NONE NONE 170
	FP_ROUTE KDPA..KDAY

TRACK_TIME 1167737286
TRACK A20110117602049 DH8D 472560 1221900 120 30 999 NONE NONE 250
	FP_ROUTE KSEA..KBIL

TRACK_TIME 1167737286
TRACK A20110117602050 CRJ2 355400 784660 120 30 999 NONE NONE 300
	FP_ROUTE KRDU..KTPA

TRACK_TIME 1167737286
TRACK A20110117602053 B738 385500 773600 120 30 999 NONE NONE 400
	FP_ROUTE KIAD..KDFW

TRACK_TIME 1167737286
TRACK A20110117602055 A321 334000 1175260 120 30 999 NONE NONE 310
	FP_ROUTE KSNA..KPHX

TRACK_TIME 1167737286
TRACK A20110117602056 A321 332560 1115560 120 30 999 NONE NONE 350
	FP_ROUTE KPHX..KATL

TRACK_TIME 1167737286
TRACK A20110117602058 B738 415700 875800 120 30 999 NONE NONE 380
	FP_ROUTE KORD..KIAH

TRACK_TIME 1167737286
TRACK A20110117602060 MD82 415700 875400 120 30 999 NONE NONE 350
	FP_ROUTE KORD..KRDU

TRACK_TIME 1167737286
TRACK A20110117602073 B737 422200 710100 120 30 999 NONE NONE 400
	FP_ROUTE KBOS..KMDW

TRACK_TIME 1167737286
TRACK A20110117602074 B737 414500 874660 120 30 999 NONE NONE 400
	FP_ROUTE KMDW..KDEN

TRACK_TIME 1167737286
TRACK A20110117602075 B752 360600 1150900 120 30 999 NONE NONE 370
	FP_ROUTE KLAS..KDTW

TRACK_TIME 1167737286
TRACK A20110117602078 LJ35 360160 863100 120 30 999 NONE NONE 29
	FP_ROUTE KMQY..KJWN

TRACK_TIME 1167737286
TRACK A20110117602079 LJ35 361000 865260 120 30 999 NONE NONE 220
	FP_ROUTE KJWN..KUTA

TRACK_TIME 1167737286
TRACK A20110117602080 LJ35 344000 901960 120 30 999 NONE NONE 190
	FP_ROUTE KUTA..KJWN

TRACK_TIME 1167737286
TRACK A20110117602081 LJ35 344000 901960 120 30 999 NONE NONE 107
	FP_ROUTE KJWN..KMQY

TRACK_TIME 1167737286
TRACK A20110117602083 B738 422500 705800 120 30 999 NONE NONE 340
	FP_ROUTE KBOS..KPDX

TRACK_TIME 1167737286
TRACK A20110117602087 B738 355400 784660 120 30 999 NONE NONE 340
	FP_ROUTE KRDU..KMIA

TRACK_TIME 1167737286
TRACK A20110117602093 B737 373760 1222200 120 30 999 NONE NONE 410
	FP_ROUTE KSFO..KSNA

TRACK_TIME 1167737286
TRACK A20110117602094 B737 333900 1175260 120 30 999 NONE NONE 330
	FP_ROUTE KSNA..KPHX

TRACK_TIME 1167737286
TRACK A20110117602102 B737 332560 1120160 120 30 999 NONE NONE 370
	FP_ROUTE KPHX..KDEN

TRACK_TIME 1167737286
TRACK A20110117602109 B762 403900 733700 120 30 999 NONE NONE 400
	FP_ROUTE KJFK..KMIA

TRACK_TIME 1167737286
TRACK A20110117602111 B752 333760 842260 120 30 999 NONE NONE 390
	FP_ROUTE KATL..KFLL

TRACK_TIME 1167737286
TRACK A20110117602112 B737 395200 1043400 120 30 999 NONE NONE 370
	FP_ROUTE KDEN..KIND

TRACK_TIME 1167737286
TRACK A20110117602113 B737 394060 862100 120 30 999 NONE NONE 39
	FP_ROUTE KIND..KMDW

TRACK_TIME 1167737286
TRACK A20110117602119 E170 254800 801600 120 30 999 NONE NONE 340
	FP_ROUTE KMIA..KORD

TRACK_TIME 1167737286
TRACK A20110117602120 B733 355260 784660 120 30 999 NONE NONE 50
	FP_ROUTE KRDU..KCLT

TRACK_TIME 1167737286
TRACK A20110117602122 B733 351360 805700 120 30 999 NONE NONE 270
	FP_ROUTE KCLT..KPIT

TRACK_TIME 1167737286
TRACK A20110117602123 A320 263000 814960 120 30 999 NONE NONE 370
	FP_ROUTE KRSW..KEWR

TRACK_TIME 1167737286
TRACK A20110117602124 E170 385260 770300 120 30 999 NONE NONE 400
	FP_ROUTE KDCA..KORD

TRACK_TIME 1167737286
TRACK A20110117602125 E170 415700 875860 120 30 999 NONE NONE 360
	FP_ROUTE KORD..KSAT

TRACK_TIME 1167737286
TRACK A20110117602129 DH8D 404300 740900 120 30 999 NONE NONE 70
	FP_ROUTE KEWR..KBOS

TRACK_TIME 1167737286
TRACK A20110117602130 DH8D 422260 710000 120 30 999 NONE NONE 160
	FP_ROUTE KBOS..KEWR

TRACK_TIME 1167737286
TRACK A20110117602136 CRJ2 324600 1141600 120 30 999 NONE NONE 150
	FP_ROUTE KNYL..KPHX

TRACK_TIME 1167737286
TRACK A20110117602137 A319 351500 805800 120 30 999 NONE NONE 340
	FP_ROUTE KCLT..KIND

TRACK_TIME 1167737286
TRACK A20110117602139 E145 321600 900400 120 30 999 NONE NONE 280
	FP_ROUTE KJAN..KIAH

TRACK_TIME 1167737286
TRACK A20110117602145 CRJ2 372260 1215700 120 30 999 NONE NONE 370
	FP_ROUTE KSJC..KSLC

TRACK_TIME 1167737286
TRACK A20110117602147 E145 385200 772860 120 30 999 NONE NONE 360
	FP_ROUTE KIAD..KSTL

TRACK_TIME 1167737286
TRACK A20110117602148 BE9L 481060 1034000 120 30 999 NONE NONE 66
	FP_ROUTE KISN..KGDV

TRACK_TIME 1167737286
TRACK A20110117602149 BE9L 470700 1044360 120 30 999 NONE NONE 110
	FP_ROUTE KGDV..KRST

TRACK_TIME 1167737286
TRACK A20110117602150 B738 403900 734900 120 30 999 NONE NONE 340
	FP_ROUTE KJFK..KMCO

TRACK_TIME 1167737286
TRACK A20110117602154 E145 402860 801200 120 30 999 NONE NONE 340
	FP_ROUTE KPIT..KORD

TRACK_TIME 1167737286
TRACK A20110117602161 BE9L 393900 1065500 120 30 999 NONE NONE 231
	FP_ROUTE KEGE..KPWA

TRACK_TIME 1167737286
TRACK A20110117602165 CRJ2 385260 770400 120 30 999 NONE NONE 320
	FP_ROUTE KDCA..KBNA

TRACK_TIME 1167737286
TRACK A20110117602171 CRJ2 385200 770300 120 30 999 NONE NONE 280
	FP_ROUTE KDCA..KDTW

TRACK_TIME 1167737286
TRACK A20110117602174 E145 295700 951960 120 30 999 NONE NONE 350
	FP_ROUTE KIAH..KJAX

TRACK_TIME 1167737286
TRACK A20110117602179 CRJ9 360700 1150900 120 30 999 NONE NONE 300
	FP_ROUTE KLAS..KFAT

TRACK_TIME 1167737286
TRACK A20110117602183 B734 385260 770300 120 30 999 NONE NONE 341
	FP_ROUTE KDCA..KFLL

TRACK_TIME 1167737286
TRACK A20110117602185 B737 424600 734800 120 30 999 NONE NONE 280
	FP_ROUTE KALB..KBWI

TRACK_TIME 1167737286
TRACK A20110117602195 A319 333900 842260 120 30 999 NONE NONE 110
	FP_ROUTE KATL..KCVG

TRACK_TIME 1167737286
TRACK A20110117602201 DH8A 395260 751200 120 30 999 NONE NONE 140
	FP_ROUTE KPHL..KBGM

TRACK_TIME 1167737286
TRACK A20110117602208 LJ35 395400 751360 120 30 999 NONE NONE 40
	FP_ROUTE KPHL..KABE

TRACK_TIME 1167737286
TRACK A20110117602210 B752 282700 811900 120 30 999 NONE NONE 360
	FP_ROUTE KMCO..KORD

TRACK_TIME 1167737286
TRACK A20110117602215 A320 332560 1115860 120 30 999 NONE NONE 340
	FP_ROUTE KPHX..KSEA

TRACK_TIME 1167737286
TRACK A20110117602216 B752 325260 970160 120 30 999 NONE NONE 370
	FP_ROUTE KDFW..KMCO

TRACK_TIME 1167737286
TRACK A20110117602227 A319 404800 735100 120 30 999 NONE NONE 380
	FP_ROUTE KLGA..KDTW

TRACK_TIME 1167737286
TRACK A20110117602228 E170 400000 825400 120 30 999 NONE NONE 270
	FP_ROUTE KCMH..KCLT

TRACK_TIME 1167737286
TRACK A20110117602229 E170 351200 805800 120 30 999 NONE NONE 230
	FP_ROUTE KCLT..KORF

TRACK_TIME 1167737286
TRACK A20110117602237 CRJ2 405560 812400 120 30 999 NONE NONE 280
	FP_ROUTE KCAK..KATL

TRACK_TIME 1167737286
TRACK A20110117602251 E135 442800 880760 120 30 999 NONE NONE 110
	FP_ROUTE KGRB..KMKE

TRACK_TIME 1167737286
TRACK A20110117602253 E135 425560 875400 120 30 999 NONE NONE 260
	FP_ROUTE KMKE..KDSM

TRACK_TIME 1167737286
TRACK A20110117602258 CRJ9 301900 974360 120 30 999 NONE NONE 340
	FP_ROUTE KAUS..KSLC

TRACK_TIME 1167737286
TRACK A20110117602264 E190 395200 751660 120 30 999 NONE NONE 230
	FP_ROUTE KPHL..KBOS

TRACK_TIME 1167737286
TRACK A20110117602269 E145 254800 801600 120 30 999 NONE NONE 290
	FP_ROUTE KMIA..KORF

TRACK_TIME 1167737286
TRACK A20110117602270 CRJ2 440600 1231300 120 30 999 NONE NONE 330
	FP_ROUTE KEUG..KSLC

TRACK_TIME 1167737286
TRACK A20110117602275 B737 374300 1221360 120 30 999 NONE NONE 400
	FP_ROUTE KOAK..KPDX

TRACK_TIME 1167737286
TRACK A20110117602279 CRJ2 433000 1120600 120 30 999 NONE NONE 310
	FP_ROUTE KIDA..KDEN

TRACK_TIME 1167737286
TRACK A20110117602280 CRJ2 340160 1173300 120 30 999 NONE NONE 330
	FP_ROUTE KONT..KSLC

TRACK_TIME 1167737286
TRACK A20110117602281 B752 263700 814300 120 30 999 NONE NONE 390
	FP_ROUTE KRSW..KDTW

TRACK_TIME 1167737286
TRACK A20110117602284 B752 325100 970160 120 30 999 NONE NONE 390
	FP_ROUTE KDFW..KLGA

TRACK_TIME 1167737286
TRACK A20110117602285 CRJ2 404960 735260 120 30 999 NONE NONE 240
	FP_ROUTE KLGA..KRIC

TRACK_TIME 1167737286
TRACK A20110117602286 CRJ2 395200 751600 120 30 999 NONE NONE 320
	FP_ROUTE KPHL..KCVG

TRACK_TIME 1167737286
TRACK A20110117602289 MD83 404800 735200 120 30 999 NONE NONE 320
	FP_ROUTE KLGA..KORD

TRACK_TIME 1167737286
TRACK A20110117602290 B738 360700 1150900 120 30 999 NONE NONE 370
	FP_ROUTE KLAS..KJFK

TRACK_TIME 1167737286
TRACK A20110117602295 MD82 335560 1182800 120 30 999 NONE NONE 270
	FP_ROUTE KLAX..KLAS

TRACK_TIME 1167737286
TRACK A20110117602304 E170 400000 825260 120 30 999 NONE NONE 310
	FP_ROUTE KCMH..KPHL

TRACK_TIME 1167737286
TRACK A20110117602305 DH8A 385700 773100 120 30 999 NONE NONE 79
	FP_ROUTE KIAD..KLGA

TRACK_TIME 1167737286
TRACK A20110117602306 A320 422100 710100 120 30 999 NONE NONE 340
	FP_ROUTE KBOS..KCLT

TRACK_TIME 1167737286
TRACK A20110117602308 A320 421060 832400 120 30 999 NONE NONE 260
	FP_ROUTE KDTW..KORD

TRACK_TIME 1167737286
TRACK A20110117602309 A320 395100 751660 120 30 999 NONE NONE 380
	FP_ROUTE KPHL..KORD

TRACK_TIME 1167737286
TRACK A20110117602311 B733 391000 943400 120 30 999 NONE NONE 290
	FP_ROUTE KMCI..KSTL

TRACK_TIME 1167737286
TRACK A20110117602314 B739 453600 1223760 120 30 999 NONE NONE 330
	FP_ROUTE KPDX..KIAH

TRACK_TIME 1167737286
TRACK A20110117602319 B733 395260 751300 120 30 999 NONE NONE 100
	FP_ROUTE KPHL..KPIT

TRACK_TIME 1167737286
TRACK A20110117602320 CRJ2 351200 805560 120 30 999 NONE NONE 240
	FP_ROUTE KCLT..KGNV

TRACK_TIME 1167737286
TRACK A20110117602323 SF34 285700 970600 120 30 999 NONE NONE 90
	FP_ROUTE KVCT..KIAH

TRACK_TIME 1167737286
TRACK A20110117602325 E190 400000 825100 120 30 999 NONE NONE 360
	FP_ROUTE KCMH..KMCI

TRACK_TIME 1167737286
TRACK A20110117602330 CRJ2 332560 1120460 120 30 999 NONE NONE 290
	FP_ROUTE KPHX..KABQ

TRACK_TIME 1167737286
TRACK A20110117602337 DH8A 603460 1511300 120 30 999 NONE NONE 50
	FP_ROUTE KENA..KANC

TRACK_TIME 1167737286
TRACK A20110117602344 B735 350160 1063460 120 30 999 NONE NONE 370
	FP_ROUTE KABQ..KIAH

TRACK_TIME 1167737286
TRACK A20110117602345 CRJ2 404960 1120100 120 30 999 NONE NONE 340
	FP_ROUTE KSLC..KEUG

TRACK_TIME 1167737286
TRACK A20110117602348 BE9L 351300 972860 120 30 999 NONE NONE 130
	FP_ROUTE KOUN..KPLK

TRACK_TIME 1167737286
TRACK A20110117602349 B737 341000 1182200 120 30 999 NONE NONE 270
	FP_ROUTE KBUR..KLAS

TRACK_TIME 1167737286
TRACK A20110117602355 A320 254900 801300 120 30 999 NONE NONE 170
	FP_ROUTE KMIA..KMIA

TRACK_TIME 1167737286
TRACK A20110117602358 A320 472500 1221900 120 30 999 NONE NONE 350
	FP_ROUTE KSEA..KSFO

TRACK_TIME 1167737286
TRACK A20110117602360 DH8D 370900 1074500 120 30 999 NONE NONE 250
	FP_ROUTE KDRO..KDEN

TRACK_TIME 1167737286
TRACK A20110117602365 E145 404300 740760 120 30 999 NONE NONE 360
	FP_ROUTE KEWR..KSAV

TRACK_TIME 1167737286
TRACK A20110117602366 BE9L 363160 935800 120 30 999 NONE NONE 119
	FP_ROUTE KFWB..KOUN

TRACK_TIME 1167737286
TRACK A20110117602367 B752 404500 734960 120 30 999 NONE NONE 400
	FP_ROUTE KLGA..KATL

TRACK_TIME 1167737286
TRACK A20110117602372 B737 373760 1222100 120 30 999 NONE NONE 370
	FP_ROUTE KSFO..KDEN

TRACK_TIME 1167737286
TRACK A20110117602376 B712 333760 842260 120 30 999 NONE NONE 330
	FP_ROUTE KATL..KRIC

TRACK_TIME 1167737286
TRACK A20110117602379 E145 354660 840160 120 30 999 NONE NONE 110
	FP_ROUTE KTYS..KORD

TRACK_TIME 1167737286
TRACK A20110117602383 CRJ2 350100 785100 120 30 999 NONE NONE 280
	FP_ROUTE KFAY..KATL

TRACK_TIME 1167737286
TRACK A20110117602389 CRJ2 395700 1043760 120 30 999 NONE NONE 270
	FP_ROUTE KDEN..KRAP

TRACK_TIME 1167737286
TRACK A20110117602390 B737 404300 740900 120 30 999 NONE NONE 360
	FP_ROUTE KEWR..KPDX

TRACK_TIME 1167737286
TRACK A20110117602391 A320 374300 1221500 120 30 999 NONE NONE 310
	FP_ROUTE KOAK..KLGB

TRACK_TIME 1167737286
TRACK A20110117602394 B733 384360 901660 120 30 999 NONE NONE 340
	FP_ROUTE KSTL..KOMA

TRACK_TIME 1167737286
TRACK A20110117602397 B737 264300 800100 120 30 999 NONE NONE 110
	FP_ROUTE KPBI..KTPA

TRACK_TIME 1167737286
TRACK A20110117602398 B737 275560 823300 120 30 999 NONE NONE 390
	FP_ROUTE KTPA..KALB

TRACK_TIME 1167737286
TRACK A20110117602399 B738 295700 951960 120 30 999 NONE NONE 370
	FP_ROUTE KIAH..KBOS

TRACK_TIME 1167737286
TRACK A20110117602406 AT72 243300 814600 120 30 999 NONE NONE 90
	FP_ROUTE KEYW..KMIA

TRACK_TIME 1167737286
TRACK A20110117602413 BE9L 375500 1211500 120 30 999 NONE NONE 150
	FP_ROUTE KSCK..KCNO

TRACK_TIME 1167737286
TRACK A20110117602425 CRJ2 395260 751300 120 30 999 NONE NONE 240
	FP_ROUTE KPHL..KGSO

TRACK_TIME 1167737286
TRACK A20110117602427 CRJ2 444300 930000 120 30 999 NONE NONE 310
	FP_ROUTE KMSP..KCVG

TRACK_TIME 1167737286
TRACK A20110117602431 CRJ2 445260 931000 120 30 999 NONE NONE 130
	FP_ROUTE KMSP..KDLH

TRACK_TIME 1167737286
TRACK A20110117602436 A320 390760 764200 120 30 999 NONE NONE 380
	FP_ROUTE KBWI..KDEN

TRACK_TIME 1167737286
TRACK A20110117602445 E190 442500 730760 120 30 999 NONE NONE 280
	FP_ROUTE KBTV..KJFK

TRACK_TIME 1167737286
TRACK A20110117602449 B738 295700 951960 120 30 999 NONE NONE 370
	FP_ROUTE KIAH..KMCO

TRACK_TIME 1167737286
TRACK A20110117602451 A320 335700 1182800 120 30 999 NONE NONE 329
	FP_ROUTE KLAX..KPHX

TRACK_TIME 1167737286
TRACK A20110117602456 B734 472560 1221800 120 30 999 NONE NONE 370
	FP_ROUTE KSEA..KPSP

TRACK_TIME 1167737286
TRACK A20110117602458 E135 441200 882860 120 30 999 NONE NONE 101
	FP_ROUTE KATW..KMKE

TRACK_TIME 1167737286
TRACK A20110117602460 A321 444660 931360 120 30 999 NONE NONE 320
	FP_ROUTE KMSP..KPHX

TRACK_TIME 1167737286
TRACK A20110117602469 E145 404200 741000 120 30 999 NONE NONE 300
	FP_ROUTE KEWR..KCMH

TRACK_TIME 1167737286
TRACK A20110117602471 CRJ2 361500 941660 120 30 999 NONE NONE 270
	FP_ROUTE KXNA..KMEM

TRACK_TIME 1167737286
TRACK A20110117602472 CRJ9 300760 973000 120 30 999 NONE NONE 350
	FP_ROUTE KAUS..KDTW

TRACK_TIME 1167737286
TRACK A20110117602475 B737 453600 1223700 120 30 999 NONE NONE 390
	FP_ROUTE KPDX..KPHX

TRACK_TIME 1167737286
TRACK A20110117602483 B737 350160 1063460 120 30 999 NONE NONE 400
	FP_ROUTE KABQ..KSAN

TRACK_TIME 1167737286
TRACK A20110117602485 DH8D 335700 1182800 120 30 999 NONE NONE 220
	FP_ROUTE KLAX..KSJC

TRACK_TIME 1167737286
TRACK A20110117602486 CRJ2 415260 914060 120 30 999 NONE NONE 290
	FP_ROUTE KCID..KDTW

TRACK_TIME 1167737286
TRACK A20110117602490 E170 445100 931300 120 30 999 NONE NONE 310
	FP_ROUTE KMSP..KMDW

TRACK_TIME 1167737286
TRACK A20110117602493 B739 472500 1221800 120 30 999 NONE NONE 350
	FP_ROUTE KSEA..KPHX

TRACK_TIME 1167737286
TRACK A20110117602497 B752 335560 1182700 120 30 999 NONE NONE 360
	FP_ROUTE KLAX..KLIH

TRACK_TIME 1167737286
TRACK A20110117602504 A320 433400 964600 120 30 999 NONE NONE 380
	FP_ROUTE KFSD..KDEN

TRACK_TIME 1167737286
TRACK A20110117602507 A320 394960 1044500 120 30 999 NONE NONE 360
	FP_ROUTE KDEN..KPHX

TRACK_TIME 1167737286
TRACK A20110117602514 MD82 325260 970160 120 30 999 NONE NONE 31
	FP_ROUTE KDFW..KSAT

TRACK_TIME 1167737286
TRACK A20110117602515 B712 333760 842260 120 30 999 NONE NONE 330
	FP_ROUTE KATL..KLGA

TRACK_TIME 1167737286
TRACK A20110117602518 B737 325260 970160 120 30 999 NONE NONE 390
	FP_ROUTE KDFW..KATL

TRACK_TIME 1167737286
TRACK A20110117602519 E145 351060 805560 120 30 999 NONE NONE 360
	FP_ROUTE KCLT..KMIA

TRACK_TIME 1167737286
TRACK A20110117602520 E145 325260 970160 120 30 999 NONE NONE 370
	FP_ROUTE KDFW..KSDF

TRACK_TIME 1167737286
TRACK A20110117602521 A320 385560 773400 120 30 999 NONE NONE 379
	FP_ROUTE KIAD..KORD

TRACK_TIME 1167737286
TRACK A20110117602522 B712 263000 814960 120 30 999 NONE NONE 340
	FP_ROUTE KRSW..KIND

TRACK_TIME 1167737286
TRACK A20110117602524 SF34 312700 971000 120 30 999 NONE NONE 60
	FP_ROUTE KACT..KIAH

TRACK_TIME 1167737286
TRACK A20110117602529 A320 403900 734060 120 30 999 NONE NONE 360
	FP_ROUTE KJFK..KLAS

TRACK_TIME 1167737286
TRACK A20110117602530 B712 333900 842260 120 30 999 NONE NONE 310
	FP_ROUTE KATL..KDAY

TRACK_TIME 1167737286
TRACK A20110117602531 CRJ2 395200 751360 120 30 999 NONE NONE 120
	FP_ROUTE KPHL..KJFK

TRACK_TIME 1167737286
TRACK A20110117602532 B752 360700 1150900 120 30 999 NONE NONE 350
	FP_ROUTE KLAS..KATL

TRACK_TIME 1167737286
TRACK A20110117602533 A319 422200 705860 120 30 999 NONE NONE 160
	FP_ROUTE KBOS..KLGA

TRACK_TIME 1167737286
TRACK A20110117602534 E120 351600 1204000 120 30 999 NONE NONE 260
	FP_ROUTE KSBP..KCIC

TRACK_TIME 1167737286
TRACK A20110117602536 CRJ2 373900 1222200 120 30 999 NONE NONE 270
	FP_ROUTE KSFO..KPSP

TRACK_TIME 1167737286
TRACK A20110117602537 CRJ2 394960 1044600 120 30 999 NONE NONE 260
	FP_ROUTE KDEN..KDRO

TRACK_TIME 1167737286
TRACK A20110117602538 CRJ2 370900 1074500 120 30 999 NONE NONE 250
	FP_ROUTE KDRO..KDEN

TRACK_TIME 1167737286
TRACK A20110117602541 B752 403760 735200 120 30 999 NONE NONE 360
	FP_ROUTE KJFK..KLAS

TRACK_TIME 1167737286
TRACK A20110117602546 E135 325260 970300 120 30 999 NONE NONE 190
	FP_ROUTE KDFW..KBRO

TRACK_TIME 1167737286
TRACK A20110117602553 B734 260460 800760 120 30 999 NONE NONE 330
	FP_ROUTE KFLL..KDCA

TRACK_TIME 1167737286
TRACK A20110117602554 E145 351500 805500 120 30 999 NONE NONE 310
	FP_ROUTE KCLT..KJFK

TRACK_TIME 1167737286
TRACK A20110117602563 E145 415860 875260 120 30 999 NONE NONE 330
	FP_ROUTE KORD..KMDT

TRACK_TIME 1167737286
TRACK A20110117602564 E145 361060 794600 120 30 999 NONE NONE 310
	FP_ROUTE KGSO..KEWR

TRACK_TIME 1167737286
TRACK A20110117602565 MD83 284660 811300 120 30 999 NONE NONE 330
	FP_ROUTE KSFB..KBGR

TRACK_TIME 1167737286
TRACK A20110117602566 BE9L 253900 802500 120 30 999 NONE NONE 251
	FP_ROUTE KTMB..KJYO

TRACK_TIME 1167737286
TRACK A20110117602568 E135 325200 970160 120 30 999 NONE NONE 230
	FP_ROUTE KDFW..KAEX

TRACK_TIME 1167737286
TRACK A20110117602573 B737 360600 1150900 120 30 999 NONE NONE 340
	FP_ROUTE KLAS..KSMF

TRACK_TIME 1167737286
TRACK A20110117602574 B737 384000 1213400 120 30 999 NONE NONE 410
	FP_ROUTE KSMF..KLAX

TRACK_TIME 1167737286
TRACK A20110117602579 E170 414600 874600 120 30 999 NONE NONE 280
	FP_ROUTE KMDW..KMSP

TRACK_TIME 1167737286
TRACK A20110117602582 E170 395700 1044060 120 30 999 NONE NONE 360
	FP_ROUTE KDEN..KBIL

TRACK_TIME 1167737286
TRACK A20110117602585 B752 403760 735100 120 30 999 NONE NONE 380
	FP_ROUTE KJFK..KLAX

TRACK_TIME 1167737286
TRACK A20110117602588 A320 374360 1221500 120 30 999 NONE NONE 310
	FP_ROUTE KOAK..KLGB

TRACK_TIME 1167737286
TRACK A20110117602594 E145 325100 970160 120 30 999 NONE NONE 370
	FP_ROUTE KDFW..KGSP

TRACK_TIME 1167737286
TRACK A20110117602595 CRJ2 425560 875400 120 30 999 NONE NONE 330
	FP_ROUTE KMKE..KPIT

TRACK_TIME 1167737286
TRACK A20110117602599 CL60 254800 801600 120 30 999 NONE NONE 390
	FP_ROUTE KMIA..KTEB

TRACK_TIME 1167737286
TRACK A20110117602601 A319 385200 770300 120 30 999 NONE NONE 210
	FP_ROUTE KDCA..KLGA

TRACK_TIME 1167737286
TRACK A20110117602604 E135 382800 1211600 120 30 999 NONE NONE 110
	FP_ROUTE KMHR..KSJC

TRACK_TIME 1167737286
TRACK A20110117602605 CRJ2 395260 751200 120 30 999 NONE NONE 220
	FP_ROUTE KPHL..KROC

TRACK_TIME 1167737286
TRACK A20110117602607 CRJ2 430600 774060 120 30 999 NONE NONE 230
	FP_ROUTE KROC..KPHL

TRACK_TIME 1167737286
TRACK A20110117602616 A319 404300 740760 120 30 999 NONE NONE 380
	FP_ROUTE KEWR..KDTW

TRACK_TIME 1167737286
TRACK A20110117602617 SF34 443760 732700 120 30 999 NONE NONE 110
	FP_ROUTE KPBG..KBOS

TRACK_TIME 1167737286
TRACK A20110117602619 CRJ2 351360 805560 120 30 999 NONE NONE 230
	FP_ROUTE KCLT..KPHF

TRACK_TIME 1167737286
TRACK A20110117602627 DH8D 473700 1173160 120 30 999 NONE NONE 240
	FP_ROUTE KGEG..KSEA

TRACK_TIME 1167737286
TRACK A20110117602629 A320 404800 735100 120 30 999 NONE NONE 380
	FP_ROUTE KLGA..KORD

TRACK_TIME 1167737286
TRACK A20110117602636 CRJ9 355400 784660 120 30 999 NONE NONE 340
	FP_ROUTE KRDU..KMSP

TRACK_TIME 1167737286
TRACK A20110117602640 B734 604800 1614000 120 30 999 NONE NONE 330
	FP_ROUTE KBET..KANC

TRACK_TIME 1167737286
TRACK A20110117602643 E190 301600 973760 120 30 999 NONE NONE 350
	FP_ROUTE KAUS..KJFK

TRACK_TIME 1167737286
TRACK A20110117602647 CRJ9 404360 740760 120 30 999 NONE NONE 360
	FP_ROUTE KEWR..KMSP

TRACK_TIME 1167737286
TRACK A20110117602650 E145 351060 805700 120 30 999 NONE NONE 220
	FP_ROUTE KCLT..KCVG

TRACK_TIME 1167737286
TRACK A20110117602651 E145 390160 843900 120 30 999 NONE NONE 310
	FP_ROUTE KCVG..KSYR

TRACK_TIME 1167737286
TRACK A20110117602653 B733 324900 964960 120 30 999 NONE NONE 360
	FP_ROUTE KDAL..KELP

TRACK_TIME 1167737286
TRACK A20110117602654 B733 314960 1062200 120 30 999 NONE NONE 360
	FP_ROUTE KELP..KLAS

TRACK_TIME 1167737286
TRACK A20110117602655 A319 275800 823300 120 30 999 NONE NONE 360
	FP_ROUTE KTPA..KDEN

TRACK_TIME 1167737286
TRACK A20110117602656 B738 472560 1221800 120 30 999 NONE NONE 350
	FP_ROUTE KSEA..KSMF

TRACK_TIME 1167737286
TRACK A20110117602658 DH8C 352400 822800 120 30 999 NONE NONE 90
	FP_ROUTE KAVL..KCLT

TRACK_TIME 1167737286
TRACK A20110117602660 B737 332560 1120160 120 30 999 NONE NONE 360
	FP_ROUTE KPHX..KSMF

TRACK_TIME 1167737286
TRACK A20110117602665 B739 332560 1115800 120 30 999 NONE NONE 350
	FP_ROUTE KPHX..KIAH

TRACK_TIME 1167737286
TRACK A20110117602666 CRJ2 404900 1120000 120 30 999 NONE NONE 320
	FP_ROUTE KSLC..KONT

TRACK_TIME 1167737286
TRACK A20110117602668 E145 295700 951960 120 30 999 NONE NONE 250
	FP_ROUTE KIAH..KMOB

TRACK_TIME 1167737286
TRACK A20110117602671 A332 360700 1150900 120 30 999 NONE NONE 380
	FP_ROUTE KLAS..KHNL

TRACK_TIME 1167737286
TRACK A20110117602672 B738 385260 770400 120 30 999 NONE NONE 360
	FP_ROUTE KDCA..KMIA

TRACK_TIME 1167737286
TRACK A20110117602675 BE20 324500 1171300 120 30 999 NONE NONE 220
	FP_ROUTE KSAN..KCXP

TRACK_TIME 1167737286
TRACK A20110117602678 CRJ2 404900 1120000 120 30 999 NONE NONE 340
	FP_ROUTE KSLC..KSMF

TRACK_TIME 1167737286
TRACK A20110117602685 CRJ2 373700 972700 120 30 999 NONE NONE 350
	FP_ROUTE KICT..KMSP

TRACK_TIME 1167737286
TRACK A20110117602686 B737 384360 901600 120 30 999 NONE NONE 50
	FP_ROUTE KSTL..KMDW

TRACK_TIME 1167737286
TRACK A20110117602688 CRJ2 404900 1120000 120 30 999 NONE NONE 320
	FP_ROUTE KSLC..KPSC

TRACK_TIME 1167737286
TRACK A20110117602689 B739 282860 811800 120 30 999 NONE NONE 350
	FP_ROUTE KMCO..KCLE

TRACK_TIME 1167737286
TRACK A20110117602690 B712 333900 842260 120 30 999 NONE NONE 320
	FP_ROUTE KATL..KBMI

TRACK_TIME 1167737286
TRACK A20110117602707 B737 275860 823300 120 30 999 NONE NONE 310
	FP_ROUTE KTPA..KPVD

TRACK_TIME 1167737286
TRACK A20110117602711 B737 414360 712500 120 30 999 NONE NONE 301
	FP_ROUTE KPVD..KMDW

TRACK_TIME 1167737286
TRACK A20110117602715 CRJ2 351360 805700 120 30 999 NONE NONE 300
	FP_ROUTE KCLT..KMGM

TRACK_TIME 1167737286
TRACK A20110117602716 A320 332560 1120160 120 30 999 NONE NONE 380
	FP_ROUTE KPHX..KSEA

TRACK_TIME 1167737286
TRACK A20110117602720 CRJ1 414060 861360 120 30 999 NONE NONE 190
	FP_ROUTE KSBN..KCVG

TRACK_TIME 1167737286
TRACK A20110117602721 A320 394300 861600 120 30 999 NONE NONE 340
	FP_ROUTE KIND..KSLC

TRACK_TIME 1167737286
TRACK A20110117602724 CRJ2 425800 784200 120 30 999 NONE NONE 270
	FP_ROUTE KBUF..KBOS

TRACK_TIME 1167737286
TRACK A20110117602725 E120 352700 1190760 120 30 999 NONE NONE 130
	FP_ROUTE KBFL..KLAX

TRACK_TIME 1167737286
TRACK A20110117602732 SH36 211800 1575560 120 30 999 NONE NONE 70
	FP_ROUTE KHNL..KOGG

TRACK_TIME 1167737286
TRACK A20110117602734 SH36 205400 1562500 120 30 999 NONE NONE 80
	FP_ROUTE KOGG..KHNL

TRACK_TIME 1167737286
TRACK A20110117602735 SH36 211900 1575560 120 30 999 NONE NONE 90
	FP_ROUTE KHNL..KKOA

TRACK_TIME 1167737286
TRACK A20110117602736 SH36 194200 1560300 120 30 999 NONE NONE 100
	FP_ROUTE KKOA..KHNL

TRACK_TIME 1167737286
TRACK A20110117602737 B737 324960 964960 120 30 999 NONE NONE 330
	FP_ROUTE KDAL..KLIT

TRACK_TIME 1167737286
TRACK A20110117602739 E145 385800 773100 120 30 999 NONE NONE 170
	FP_ROUTE KIAD..KJFK

TRACK_TIME 1167737286
TRACK A20110117602741 E145 421300 853300 120 30 999 NONE NONE 100
	FP_ROUTE KAZO..KORD

TRACK_TIME 1167737286
TRACK A20110117602746 CRJ2 333900 842200 120 30 999 NONE NONE 300
	FP_ROUTE KATL..KJAN

TRACK_TIME 1167737286
TRACK A20110117602748 A320 422100 710100 120 30 999 NONE NONE 340
	FP_ROUTE KBOS..KTPA

TRACK_TIME 1167737286
TRACK A20110117602752 E145 325200 970300 120 30 999 NONE NONE 370
	FP_ROUTE KDFW..KDSM

TRACK_TIME 1167737286
TRACK A20110117602761 DH8A 381000 782560 120 30 999 NONE NONE 100
	FP_ROUTE KCHO..KCLT

TRACK_TIME 1167737286
TRACK A20110117602763 E190 422200 705800 120 30 999 NONE NONE 320
	FP_ROUTE KBOS..KDCA

TRACK_TIME 1167737286
TRACK A20110117602766 E135 400000 824960 120 30 999 NONE NONE 310
	FP_ROUTE KCMH..KJFK

TRACK_TIME 1167737286
TRACK A20110117602775 B733 360700 1150900 120 30 999 NONE NONE 350
	FP_ROUTE KLAS..KSAT

TRACK_TIME 1167737286
TRACK A20110117602778 F900 372500 1215860 120 30 999 NONE NONE 370
	FP_ROUTE KSJC..KSDL

TRACK_TIME 1167737286
TRACK A20110117602779 CRJ1 384960 773100 120 30 999 NONE NONE 300
	FP_ROUTE KIAD..KCVG

TRACK_TIME 1167737286
TRACK A20110117602789 CRJ2 350100 895860 120 30 999 NONE NONE 280
	FP_ROUTE KMEM..KAUS

TRACK_TIME 1167737286
TRACK A20110117602791 CRJ2 395260 751000 120 30 999 NONE NONE 161
	FP_ROUTE KPHL..KORF

TRACK_TIME 1167737286
TRACK A20110117602794 F2TH 384360 901600 120 30 999 NONE NONE 430
	FP_ROUTE KSTL..KLGB

TRACK_TIME 1167737286
TRACK A20110117602800 CRJ9 395260 751060 120 30 999 NONE NONE 340
	FP_ROUTE KPHL..KMEM

TRACK_TIME 1167737286
TRACK A20110117602801 C550 394360 861800 120 30 999 NONE NONE 270
	FP_ROUTE KIND..KPDK

TRACK_TIME 1167737286
TRACK A20110117602802 C550 335500 841660 120 30 999 NONE NONE 280
	FP_ROUTE KPDK..KIND

TRACK_TIME 1167737286
TRACK A20110117602804 B734 293100 982800 120 30 999 NONE NONE 340
	FP_ROUTE KSAT..KDEN

TRACK_TIME 1167737286
TRACK A20110117602805 E135 415400 913460 120 30 999 NONE NONE 150
	FP_ROUTE KCID..KORD

TRACK_TIME 1167737286
TRACK A20110117602807 AT72 325400 970160 120 30 999 NONE NONE 130
	FP_ROUTE KDFW..KMLU

TRACK_TIME 1167737286
TRACK A20110117602817 E145 415860 875260 120 30 999 NONE NONE 250
	FP_ROUTE KORD..KCLE

TRACK_TIME 1167737286
TRACK A20110117602818 A319 444900 931360 120 30 999 NONE NONE 380
	FP_ROUTE KMSP..KDEN

TRACK_TIME 1167737286
TRACK A20110117602819 CRJ2 194300 1560300 120 30 999 NONE NONE 180
	FP_ROUTE KKOA..KHNL

TRACK_TIME 1167737286
TRACK A20110117602821 CRJ9 334000 841900 120 30 999 NONE NONE 340
	FP_ROUTE KATL..KORD

TRACK_TIME 1167737286
TRACK A20110117602824 B752 385500 772560 120 30 999 NONE NONE 380
	FP_ROUTE KIAD..KTPA

TRACK_TIME 1167737286
TRACK A20110117602827 E120 352800 1190700 120 30 999 NONE NONE 180
	FP_ROUTE KBFL..KSBA

TRACK_TIME 1167737286
TRACK A20110117602841 E190 425260 853100 120 30 999 NONE NONE 360
	FP_ROUTE KGRR..KDEN

TRACK_TIME 1167737286
TRACK A20110117602849 B733 332560 1115860 120 30 999 NONE NONE 300
	FP_ROUTE KPHX..KONT

TRACK_TIME 1167737286
TRACK A20110117602850 B733 340300 1173760 120 30 999 NONE NONE 360
	FP_ROUTE KONT..KSMF

TRACK_TIME 1167737286
TRACK A20110117602853 B737 335700 1182860 120 30 999 NONE NONE 370
	FP_ROUTE KLAX..KMKE

TRACK_TIME 1167737286
TRACK A20110117602854 B753 295700 952100 120 30 999 NONE NONE 350
	FP_ROUTE KIAH..KORD

TRACK_TIME 1167737286
TRACK A20110117602859 CRJ9 360700 1150760 120 30 999 NONE NONE 310
	FP_ROUTE KLAS..KSLC

TRACK_TIME 1167737286
TRACK A20110117602863 A320 404300 740760 120 30 999 NONE NONE 360
	FP_ROUTE KEWR..KFLL

TRACK_TIME 1167737286
TRACK A20110117602866 B738 404360 740760 120 30 999 NONE NONE 360
	FP_ROUTE KEWR..KSEA

TRACK_TIME 1167737286
TRACK A20110117602868 E145 404000 734200 120 30 999 NONE NONE 300
	FP_ROUTE KJFK..KCLT

TRACK_TIME 1167737286
TRACK A20110117602870 CRJ2 351360 805700 120 30 999 NONE NONE 101
	FP_ROUTE KCLT..KAVL

TRACK_TIME 1167737286
TRACK A20110117602871 CRJ2 352260 823100 120 30 999 NONE NONE 120
	FP_ROUTE KAVL..KCLT

TRACK_TIME 1167737286
TRACK A20110117602872 E170 445260 931300 120 30 999 NONE NONE 114
	FP_ROUTE KMSP..KMSP

TRACK_TIME 1167737286
TRACK A20110117602874 E170 445100 931360 120 30 999 NONE NONE 230
	FP_ROUTE KMSP..KORD

TRACK_TIME 1167737286
TRACK A20110117602876 A320 373900 1222200 120 30 999 NONE NONE 390
	FP_ROUTE KSFO..KSNA

TRACK_TIME 1167737286
TRACK A20110117602880 B737 395100 1044360 120 30 999 NONE NONE 380
	FP_ROUTE KDEN..KSMF

TRACK_TIME 1167737286
TRACK A20110117602883 CRJ2 433900 701960 120 30 999 NONE NONE 280
	FP_ROUTE KPWM..KDTW

TRACK_TIME 1167737286
TRACK A20110117602884 CRJ2 421060 832100 120 30 999 NONE NONE 280
	FP_ROUTE KDTW..KSDF

TRACK_TIME 1167737286
TRACK A20110117602886 E170 394900 1043700 120 30 999 NONE NONE 350
	FP_ROUTE KDEN..KICT

TRACK_TIME 1167737286
TRACK A20110117602888 DH8D 394600 1043900 120 30 999 NONE NONE 240
	FP_ROUTE KDEN..KABQ

TRACK_TIME 1167737286
TRACK A20110117602890 E190 422200 705860 120 30 999 NONE NONE 140
	FP_ROUTE KBOS..KLGA

TRACK_TIME 1167737286
TRACK A20110117602900 A318 333900 1175260 120 30 999 NONE NONE 370
	FP_ROUTE KSNA..KDEN

TRACK_TIME 1167737286
TRACK A20110117602909 EA50 421360 834300 120 30 999 NONE NONE 101
	FP_ROUTE KARB..KARB

TRACK_TIME 1167737286
TRACK A20110117602914 B752 333760 842260 120 30 999 NONE NONE 390
	FP_ROUTE KATL..KLGA

TRACK_TIME 1167737286
TRACK A20110117602915 A319 425560 875400 120 30 999 NONE NONE 370
	FP_ROUTE KMKE..KBOS

TRACK_TIME 1167737286
TRACK A20110117602916 A320 395260 1043460 120 30 999 NONE NONE 370
	FP_ROUTE KDEN..KDCA

TRACK_TIME 1167737286
TRACK A20110117602931 E120 473700 1173160 120 30 999 NONE NONE 240
	FP_ROUTE KGEG..KSEA

TRACK_TIME 1167737286
TRACK A20110117602933 CRJ2 415500 875260 120 30 999 NONE NONE 330
	FP_ROUTE KORD..KBHM

TRACK_TIME 1167737286
TRACK A20110117602934 CRJ2 333400 864500 120 30 999 NONE NONE 340
	FP_ROUTE KBHM..KORD

TRACK_TIME 1167737286
TRACK A20110117602935 E170 445100 931360 120 30 999 NONE NONE 370
	FP_ROUTE KMSP..KLGA

TRACK_TIME 1167737286
TRACK A20110117602936 E170 404500 735100 120 30 999 NONE NONE 360
	FP_ROUTE KLGA..KMSP

TRACK_TIME 1167737286
TRACK A20110117602940 CRJ2 333760 841960 120 30 999 NONE NONE 210
	FP_ROUTE KATL..KSAV

TRACK_TIME 1167737286
TRACK A20110117602941 CRJ2 321060 811200 120 30 999 NONE NONE 240
	FP_ROUTE KSAV..KATL

TRACK_TIME 1167737286
TRACK A20110117602946 B738 373760 1222100 120 30 999 NONE NONE 370
	FP_ROUTE KSFO..KIAH

TRACK_TIME 1167737286
TRACK A20110117602953 E135 325200 970160 120 30 999 NONE NONE 270
	FP_ROUTE KDFW..KBTR

TRACK_TIME 1167737286
TRACK A20110117602962 A320 373760 1222200 120 30 999 NONE NONE 350
	FP_ROUTE KSFO..KJFK

TRACK_TIME 1167737286
TRACK A20110117602968 A319 335560 1182700 120 30 999 NONE NONE 371
	FP_ROUTE KLAX..KDEN

TRACK_TIME 1167737286
TRACK A20110117602969 DH8D 464300 1120160 120 30 999 NONE NONE 130
	FP_ROUTE KHLN..KGTF

TRACK_TIME 1167737286
TRACK A20110117602970 DH8D 472860 1112200 120 30 999 NONE NONE 240
	FP_ROUTE KGTF..KSEA

TRACK_TIME 1167737286
TRACK A20110117602971 E170 385260 770400 120 30 999 NONE NONE 210
	FP_ROUTE KDCA..KLGA

TRACK_TIME 1167737286
TRACK A20110117602975 B738 332560 1115860 120 30 999 NONE NONE 350
	FP_ROUTE KPHX..KMIA

TRACK_TIME 1167737286
TRACK A20110117602981 E170 351200 805560 120 30 999 NONE NONE 200
	FP_ROUTE KCLT..KSAV

TRACK_TIME 1167737286
TRACK A20110117602982 A320 360700 1150900 120 30 999 NONE NONE 360
	FP_ROUTE KLAS..KSFO

TRACK_TIME 1167737286
TRACK A20110117602983 CRJ2 351060 805700 120 30 999 NONE NONE 340
	FP_ROUTE KCLT..KMKE

TRACK_TIME 1167737286
TRACK A20110117602984 E170 351000 805700 120 30 999 NONE NONE 300
	FP_ROUTE KCLT..KMSY

TRACK_TIME 1167737286
TRACK A20110117602985 B737 414660 874800 120 30 999 NONE NONE 410
	FP_ROUTE KMDW..KFLL

TRACK_TIME 1167737286
TRACK A20110117602989 A320 403900 735100 120 30 999 NONE NONE 340
	FP_ROUTE KJFK..KTPA

TRACK_TIME 1167737286
TRACK A20110117602991 B737 275560 823300 120 30 999 NONE NONE 240
	FP_ROUTE KTPA..KJAX

TRACK_TIME 1167737286
TRACK A20110117602992 B762 404300 740900 120 30 999 NONE NONE 400
	FP_ROUTE KEWR..KIAH

TRACK_TIME 1167737286
TRACK A20110117602996 C560 392800 743700 120 30 999 NONE NONE 430
	FP_ROUTE KACY..KXFL

TRACK_TIME 1167737286
TRACK A20110117603001 B752 384360 901660 120 30 999 NONE NONE 410
	FP_ROUTE KSTL..KMIA

TRACK_TIME 1167737286
TRACK A20110117603003 CRJ9 350900 805700 120 30 999 NONE NONE 320
	FP_ROUTE KCLT..KMEM

TRACK_TIME 1167737286
TRACK A20110117603004 B738 335700 1182800 120 30 999 NONE NONE 360
	FP_ROUTE KLAX..KSEA

TRACK_TIME 1167737286
TRACK A20110117603014 CRJ2 421000 832100 120 30 999 NONE NONE 290
	FP_ROUTE KDTW..KSWF

TRACK_TIME 1167737286
TRACK A20110117603017 C560 383100 1075400 120 30 999 NONE NONE 350
	FP_ROUTE KMTJ..KAUS

TRACK_TIME 1167737286
TRACK A20110117603022 B752 335560 1182700 120 30 999 NONE NONE 360
	FP_ROUTE KLAX..KSFO

TRACK_TIME 1167737286
TRACK A20110117603023 A320 385500 772700 120 30 999 NONE NONE 360
	FP_ROUTE KIAD..KAUS

TRACK_TIME 1167737286
TRACK A20110117603036 B738 403900 735100 120 30 999 NONE NONE 360
	FP_ROUTE KJFK..KSLC

TRACK_TIME 1167737286
TRACK A20110117603038 CRJ2 333900 842200 120 30 999 NONE NONE 240
	FP_ROUTE KATL..KGTR

TRACK_TIME 1167737286
TRACK A20110117603042 CRJ2 332700 883600 120 30 999 NONE NONE 230
	FP_ROUTE KGTR..KATL

TRACK_TIME 1167737286
TRACK A20110117603043 CRJ1 421200 832200 120 30 999 NONE NONE 310
	FP_ROUTE KDTW..KTYS

TRACK_TIME 1167737286
TRACK A20110117603057 B752 373760 1222100 120 30 999 NONE NONE 370
	FP_ROUTE KSFO..KDEN

TRACK_TIME 1167737286
TRACK A20110117603062 DH8A 395200 751360 120 30 999 NONE NONE 40
	FP_ROUTE KPHL..KSBY

TRACK_TIME 1167737286
TRACK A20110117603063 MD11 350300 895700 120 30 999 NONE NONE 370
	FP_ROUTE KMEM..KEWR

TRACK_TIME 1167737286
TRACK A20110117603065 CRJ2 395200 751600 120 30 999 NONE NONE 130
	FP_ROUTE KPHL..KSWF

TRACK_TIME 1167737286
TRACK A20110117603066 E170 385500 770600 120 30 999 NONE NONE 310
	FP_ROUTE KDCA..KALB

TRACK_TIME 1167737286
TRACK A20110117603070 B737 404600 1115860 120 30 999 NONE NONE 390
	FP_ROUTE KSLC..KDEN

TRACK_TIME 1167737286
TRACK A20110117603071 B737 395500 1044600 120 30 999 NONE NONE 390
	FP_ROUTE KDEN..KSMF

TRACK_TIME 1167737286
TRACK A20110117603076 B739 472400 1221900 120 30 999 NONE NONE 370
	FP_ROUTE KSEA..KSFO

TRACK_TIME 1167737286
TRACK A20110117603090 B737 414600 874360 120 30 999 NONE NONE 390
	FP_ROUTE KMDW..KIAD

TRACK_TIME 1167737286
TRACK A20110117603097 A320 404800 735100 120 30 999 NONE NONE 340
	FP_ROUTE KLGA..KORD

TRACK_TIME 1167737286
TRACK A20110117603098 DH8D 404300 740760 120 30 999 NONE NONE 160
	FP_ROUTE KEWR..KORF

TRACK_TIME 1167737286
TRACK A20110117603099 DH8D 365400 761200 120 30 999 NONE NONE 110
	FP_ROUTE KORF..KEWR

TRACK_TIME 1167737286
TRACK A20110117603106 E135 412400 815260 120 30 999 NONE NONE 300
	FP_ROUTE KCLE..KMKE

TRACK_TIME 1167737286
TRACK A20110117603110 B737 360600 1150900 120 30 999 NONE NONE 370
	FP_ROUTE KLAS..KMSY

TRACK_TIME 1167737286
TRACK A20110117603112 C560 400300 745860 120 30 999 NONE NONE 270
	FP_ROUTE KPNE..KBTV

TRACK_TIME 1167737286
TRACK A20110117603118 C560 442700 730760 120 30 999 NONE NONE 51
	FP_ROUTE KBTV..KPNE

TRACK_TIME 1167737286
TRACK A20110117603119 CRJ2 395100 1044660 120 30 999 NONE NONE 320
	FP_ROUTE KDEN..KFAT

TRACK_TIME 1167737286
TRACK A20110117603123 AT72 320700 811060 120 30 999 NONE NONE 101
	FP_ROUTE KSAV..KMIA

TRACK_TIME 1167737286
TRACK A20110117603131 A320 332700 1120160 120 30 999 NONE NONE 360
	FP_ROUTE KPHX..KSFO

TRACK_TIME 1167737286
TRACK A20110117603135 CRJ1 355400 784660 120 30 999 NONE NONE 300
	FP_ROUTE KRDU..KCVG

TRACK_TIME 1167737286
TRACK A20110117603141 B738 404600 1115800 120 30 999 NONE NONE 380
	FP_ROUTE KSLC..KLAX

TRACK_TIME 1167737286
TRACK A20110117603142 B737 414600 874600 120 30 999 NONE NONE 380
	FP_ROUTE KMDW..KSMF

TRACK_TIME 1167737286
TRACK A20110117603149 B733 324960 964960 120 30 999 NONE NONE 60
	FP_ROUTE KDAL..KHOU

TRACK_TIME 1167737286
TRACK A20110117603150 B737 293900 951800 120 30 999 NONE NONE 240
	FP_ROUTE KHOU..KCRP

TRACK_TIME 1167737286
TRACK A20110117603153 B737 274500 973000 120 30 999 NONE NONE 20
	FP_ROUTE KCRP..KHOU

TRACK_TIME 1167737286
TRACK A20110117603169 MD82 325200 970160 120 30 999 NONE NONE 330
	FP_ROUTE KDFW..KORD

TRACK_TIME 1167737286
TRACK A20110117603171 B737 344300 921500 120 30 999 NONE NONE 350
	FP_ROUTE KLIT..KMDW

TRACK_TIME 1167737286
TRACK A20110117603178 E135 404500 735100 120 30 999 NONE NONE 190
	FP_ROUTE KLGA..KBOS

TRACK_TIME 1167737286
TRACK A20110117603180 CRJ2 334000 842100 120 30 999 NONE NONE 170
	FP_ROUTE KATL..KTYS

TRACK_TIME 1167737286
TRACK A20110117603181 B738 282500 811900 120 30 999 NONE NONE 360
	FP_ROUTE KMCO..KDFW

TRACK_TIME 1167737286
TRACK A20110117603187 CRJ2 354900 835700 120 30 999 NONE NONE 110
	FP_ROUTE KTYS..KATL

TRACK_TIME 1167737286
TRACK A20110117603188 B737 300000 901500 120 30 999 NONE NONE 410
	FP_ROUTE KMSY..KBWI

TRACK_TIME 1167737286
TRACK A20110117603195 B738 325260 970300 120 30 999 NONE NONE 360
	FP_ROUTE KDFW..KSNA

TRACK_TIME 1167737286
TRACK A20110117603198 CRJ2 385260 770400 120 30 999 NONE NONE 170
	FP_ROUTE KDCA..KJFK

TRACK_TIME 1167737286
TRACK A20110117603204 CL60 401360 764900 120 30 999 NONE NONE 290
	FP_ROUTE KMQS..KLEB

TRACK_TIME 1167737286
TRACK A20110117603208 A320 263700 814000 120 30 999 NONE NONE 370
	FP_ROUTE KRSW..KCVG

TRACK_TIME 1167737286
TRACK A20110117603210 CL60 432700 723000 120 30 999 NONE NONE 60
	FP_ROUTE KLEB..KMQS

TRACK_TIME 1167737286
TRACK A20110117603211 E145 300100 901500 120 30 999 NONE NONE 350
	FP_ROUTE KMSY..KCLE

TRACK_TIME 1167737286
TRACK A20110117603212 B739 404300 740900 120 30 999 NONE NONE 340
	FP_ROUTE KEWR..KPHX

TRACK_TIME 1167737286
TRACK A20110117603214 B737 394360 1043460 120 30 999 NONE NONE 390
	FP_ROUTE KDEN..KPHL

TRACK_TIME 1167737286
TRACK A20110117603216 C550 434500 875260 120 30 999 NONE NONE 139
	FP_ROUTE KSBM..KBCK

TRACK_TIME 1167737286
TRACK A20110117603217 B753 404300 740900 120 30 999 NONE NONE 330
	FP_ROUTE KEWR..KSJU

TRACK_TIME 1167737286
TRACK A20110117603218 CRJ2 385260 772700 120 30 999 NONE NONE 280
	FP_ROUTE KIAD..KHSV

TRACK_TIME 1167737286
TRACK A20110117603219 CRJ2 343700 864660 120 30 999 NONE NONE 290
	FP_ROUTE KHSV..KIAD

TRACK_TIME 1167737286
TRACK A20110117603222 A320 373760 1222200 120 30 999 NONE NONE 390
	FP_ROUTE KSFO..KPHX

TRACK_TIME 1167737286
TRACK A20110117603224 C560 404360 740700 120 30 999 NONE NONE 180
	FP_ROUTE KEWR..KIAD

TRACK_TIME 1167737286
TRACK A20110117603230 C550 441500 904960 120 30 999 NONE NONE 129
	FP_ROUTE KBCK..KSBM

TRACK_TIME 1167737286
TRACK A20110117603231 B737 453700 1224000 120 30 999 NONE NONE 410
	FP_ROUTE KPDX..KDEN

TRACK_TIME 1167737286
TRACK A20110117603232 C550 434500 875860 120 30 999 NONE NONE 160
	FP_ROUTE KSBM..KBCK

TRACK_TIME 1167737286
TRACK A20110117603233 C550 441500 905100 120 30 999 NONE NONE 149
	FP_ROUTE KBCK..KSBM

TRACK_TIME 1167737286
TRACK A20110117603244 A320 472560 1221900 120 30 999 NONE NONE 350
	FP_ROUTE KSEA..KIAD

TRACK_TIME 1167737286
TRACK A20110117603260 B712 293300 982700 120 30 999 NONE NONE 350
	FP_ROUTE KSAT..KATL

TRACK_TIME 1167737286
TRACK A20110117603266 E135 360900 795500 120 30 999 NONE NONE 360
	FP_ROUTE KGSO..KDFW

TRACK_TIME 1167737286
TRACK A20110117603273 MD82 415700 880300 120 30 999 NONE NONE 320
	FP_ROUTE KORD..KPHX

TRACK_TIME 1167737286
TRACK A20110117603275 B744 415800 874960 120 30 999 NONE NONE 340
	FP_ROUTE KORD..KANC

TRACK_TIME 1167737286
TRACK A20110117603276 E145 400000 825100 120 30 999 NONE NONE 300
	FP_ROUTE KCMH..KMKE

TRACK_TIME 1167737286
TRACK A20110117603279 B738 205500 1562400 120 30 999 NONE NONE 380
	FP_ROUTE KOGG..KSEA

TRACK_TIME 1167737286
TRACK A20110117603281 E145 385200 770300 120 30 999 NONE NONE 170
	FP_ROUTE KDCA..KEWR

TRACK_TIME 1167737286
TRACK A20110117603282 B712 410460 734300 120 30 999 NONE NONE 360
	FP_ROUTE KHPN..KATL

TRACK_TIME 1167737286
TRACK A20110117603286 B737 293760 951800 120 30 999 NONE NONE 340
	FP_ROUTE KHOU..KLAX

TRACK_TIME 1167737286
TRACK A20110117603287 B738 333900 842100 120 30 999 NONE NONE 360
	FP_ROUTE KATL..KMCI

TRACK_TIME 1167737286
TRACK A20110117603288 E145 425700 784300 120 30 999 NONE NONE 70
	FP_ROUTE KBUF..KEWR

TRACK_TIME 1167737286
TRACK A20110117603289 E145 404360 740700 120 30 999 NONE NONE 280
	FP_ROUTE KEWR..KGSO

TRACK_TIME 1167737286
TRACK A20110117603292 E145 355260 784600 120 30 999 NONE NONE 270
	FP_ROUTE KRDU..KLGA

TRACK_TIME 1167737286
TRACK A20110117603296 B752 422200 710000 120 30 999 NONE NONE 360
	FP_ROUTE KBOS..KDFW

TRACK_TIME 1167737286
TRACK A20110117603297 BE20 293100 982800 120 30 999 NONE NONE 160
	FP_ROUTE KSAT..KDRT

TRACK_TIME 1167737286
TRACK A20110117603302 B735 445260 931600 120 30 999 NONE NONE 340
	FP_ROUTE KMSP..KPHX

TRACK_TIME 1167737286
TRACK A20110117603303 CRJ2 394800 1043900 120 30 999 NONE NONE 100
	FP_ROUTE KDEN..KCOS

TRACK_TIME 1167737286
TRACK A20110117603304 B737 414360 874500 120 30 999 NONE NONE 230
	FP_ROUTE KMDW..KSDF

TRACK_TIME 1167737286
TRACK A20110117603307 B737 383760 1213300 120 30 999 NONE NONE 390
	FP_ROUTE KSMF..KSAN

TRACK_TIME 1167737286
TRACK A20110117603310 CRJ2 324500 1171360 120 30 999 NONE NONE 100
	FP_ROUTE KSAN..KLAX

TRACK_TIME 1167737286
TRACK A20110117603329 B737 395560 1043900 120 30 999 NONE NONE 390
	FP_ROUTE KDEN..KMCI

TRACK_TIME 1167737286
TRACK A20110117603330 SH36 211900 1575260 120 30 999 NONE NONE 90
	FP_ROUTE KHNL..KITO

TRACK_TIME 1167737286
TRACK A20110117603334 B735 332560 1115860 120 30 999 NONE NONE 280
	FP_ROUTE KPHX..KLAS

TRACK_TIME 1167737286
TRACK A20110117603335 B735 360700 1150900 120 30 999 NONE NONE 330
	FP_ROUTE KLAS..KSLC

TRACK_TIME 1167737286
TRACK A20110117603337 B752 394900 1044600 120 30 999 NONE NONE 360
	FP_ROUTE KDEN..KSAN

TRACK_TIME 1167737286
TRACK A20110117603338 B737 414360 712500 120 30 999 NONE NONE 380
	FP_ROUTE KPVD..KTPA

TRACK_TIME 1167737286
TRACK A20110117603344 B737 275800 823300 120 30 999 NONE NONE 250
	FP_ROUTE KTPA..KFLL

TRACK_TIME 1167737286
TRACK A20110117603345 B738 254800 801900 120 30 999 NONE NONE 370
	FP_ROUTE KMIA..KATL

TRACK_TIME 1167737286
TRACK A20110117603357 EA50 273000 802200 120 30 999 NONE NONE 120
	FP_ROUTE KFPR..KAPF

TRACK_TIME 1167737286
TRACK A20110117603358 A321 395260 751000 120 30 999 NONE NONE 340
	FP_ROUTE KPHL..KPHX

TRACK_TIME 1167737286
TRACK A20110117603363 E145 415500 875400 120 30 999 NONE NONE 210
	FP_ROUTE KORD..KCVG

TRACK_TIME 1167737286
TRACK A20110117603376 B752 254800 801660 120 30 999 NONE NONE 210
	FP_ROUTE KMIA..KMCO

TRACK_TIME 1167737286
TRACK A20110117603380 A320 403900 734960 120 30 999 NONE NONE 360
	FP_ROUTE KJFK..KPBI

TRACK_TIME 1167737286
TRACK A20110117603381 E170 404900 735260 120 30 999 NONE NONE 220
	FP_ROUTE KLGA..KDCA

TRACK_TIME 1167737286
TRACK A20110117603391 B737 340300 1174060 120 30 999 NONE NONE 66
	FP_ROUTE KONT..KOAK

TRACK_TIME 1167737286
TRACK A20110117603406 A320 334960 1181000 120 30 999 NONE NONE 280
	FP_ROUTE KLGB..KOAK

TRACK_TIME 1167737286
TRACK A20110117603414 B737 324960 964960 120 30 999 NONE NONE 400
	FP_ROUTE KDAL..KAMA

TRACK_TIME 1167737286
TRACK A20110117603416 E145 395560 840400 120 30 999 NONE NONE 270
	FP_ROUTE KDAY..KIAD

TRACK_TIME 1167737286
TRACK A20110117603424 E135 404000 734500 120 30 999 NONE NONE 30
	FP_ROUTE KJFK..KBOS

TRACK_TIME 1167737286
TRACK A20110117603427 CRJ2 395260 751300 120 30 999 NONE NONE 280
	FP_ROUTE KPHL..KDAY

TRACK_TIME 1167737286
TRACK A20110117603429 B737 365500 761060 120 30 999 NONE NONE 400
	FP_ROUTE KORF..KMDW

TRACK_TIME 1167737286
TRACK A20110117603432 F900 405260 740160 120 30 999 NONE NONE 50
	FP_ROUTE KTEB..KBDR

TRACK_TIME 1167737286
TRACK A20110117603435 B737 414600 874600 120 30 999 NONE NONE 320
	FP_ROUTE KMDW..KMSP

TRACK_TIME 1167737286
TRACK A20110117603437 E145 404360 740600 120 30 999 NONE NONE 360
	FP_ROUTE KEWR..KCVG

TRACK_TIME 1167737286
TRACK A20110117603438 E145 390160 844000 120 30 999 NONE NONE 360
	FP_ROUTE KCVG..KIAH

TRACK_TIME 1167737286
TRACK A20110117603439 B752 415800 875800 120 30 999 NONE NONE 380
	FP_ROUTE KORD..KDEN

TRACK_TIME 1167737286
TRACK A20110117603441 B737 350300 1063460 120 30 999 NONE NONE 380
	FP_ROUTE KABQ..KPHX

TRACK_TIME 1167737286
TRACK A20110117603442 B752 332560 1120160 120 30 999 NONE NONE 360
	FP_ROUTE KPHX..KHNL

TRACK_TIME 1167737286
TRACK A20110117603455 E120 453600 1223600 120 30 999 NONE NONE 210
	FP_ROUTE KPDX..KOTH

TRACK_TIME 1167737286
TRACK A20110117603457 SF34 590600 1581900 120 30 999 NONE NONE 190
	FP_ROUTE KDLG..KANC

TRACK_TIME 1167737286
TRACK A20110117603458 B712 390760 764060 120 30 999 NONE NONE 320
	FP_ROUTE KBWI..KATL

TRACK_TIME 1167737286
TRACK A20110117603460 CRJ2 421200 832400 120 30 999 NONE NONE 260
	FP_ROUTE KDTW..KSTL

TRACK_TIME 1167737286
TRACK A20110117603462 B735 333760 842260 120 30 999 NONE NONE 360
	FP_ROUTE KATL..KIAH

TRACK_TIME 1167737286
TRACK A20110117603471 C550 302560 890700 120 30 999 NONE NONE 230
	FP_ROUTE KGPT..KTLH

TRACK_TIME 1167737286
TRACK A20110117603472 C550 284660 811300 120 30 999 NONE NONE 400
	FP_ROUTE KSFB..KMEM

TRACK_TIME 1167737286
TRACK A20110117603473 E170 351360 805700 120 30 999 NONE NONE 280
	FP_ROUTE KCLT..KCMH

TRACK_TIME 1167737286
TRACK A20110117603477 DH8A 404500 735100 120 30 999 NONE NONE 122
	FP_ROUTE KLGA..KSYR

TRACK_TIME 1167737286
TRACK A20110117603480 B712 295860 901500 120 30 999 NONE NONE 330
	FP_ROUTE KMSY..KMKE

TRACK_TIME 1167737286
TRACK A20110117603485 B737 373900 1221960 120 30 999 NONE NONE 370
	FP_ROUTE KSFO..KMKE

TRACK_TIME 1167737286
TRACK A20110117603487 CRJ2 370760 762800 120 30 999 NONE NONE 200
	FP_ROUTE KPHF..KCLT

TRACK_TIME 1167737286
TRACK A20110117603488 BE9L 434300 1110760 120 30 999 NONE NONE 200
	FP_ROUTE KDIJ..KRDM

TRACK_TIME 1167737286
TRACK A20110117603496 B737 355400 784660 120 30 999 NONE NONE 380
	FP_ROUTE KRDU..KDEN

TRACK_TIME 1167737286
TRACK A20110117603499 A319 373900 1221960 120 30 999 NONE NONE 390
	FP_ROUTE KSFO..KDEN

TRACK_TIME 1167737286
TRACK A20110117603500 E190 351500 805560 120 30 999 NONE NONE 350
	FP_ROUTE KCLT..KJFK

TRACK_TIME 1167737286
TRACK A20110117603501 DH8D 453460 1223700 120 30 999 NONE NONE 150
	FP_ROUTE KPDX..KRDM

TRACK_TIME 1167737286
TRACK A20110117603514 B737 374360 1221500 120 30 999 NONE NONE 390
	FP_ROUTE KOAK..KBOI

TRACK_TIME 1167737286
TRACK A20110117603515 BE9L 215800 1591960 120 30 999 NONE NONE 110
	FP_ROUTE KLIH..KHNL

TRACK_TIME 1167737286
TRACK A20110117603516 B739 295700 952100 120 30 999 NONE NONE 350
	FP_ROUTE KIAH..KORD

TRACK_TIME 1167737286
TRACK A20110117603518 B752 390760 764000 120 30 999 NONE NONE 380
	FP_ROUTE KBWI..KORD

TRACK_TIME 1167737286
TRACK A20110117603519 E145 295860 951800 120 30 999 NONE NONE 190
	FP_ROUTE KIAH..KLIT

TRACK_TIME 1167737286
TRACK A20110117603520 B744 335560 1182700 120 30 999 NONE NONE 280
	FP_ROUTE KLAX..KSFO

TRACK_TIME 1167737286
TRACK A20110117603524 CRJ2 373160 771900 120 30 999 NONE NONE 170
	FP_ROUTE KRIC..KPHL

TRACK_TIME 1167737286
TRACK A20110117603525 A319 360600 864000 120 30 999 NONE NONE 290
	FP_ROUTE KBNA..KCLT

TRACK_TIME 1167737286
TRACK A20110117603529 DH8D 442200 730760 120 30 999 NONE NONE 161
	FP_ROUTE KBTV..KEWR

TRACK_TIME 1167737286
TRACK A20110117603530 E135 412400 815260 120 30 999 NONE NONE 250
	FP_ROUTE KCLE..KLGA

TRACK_TIME 1167737286
TRACK A20110117603531 B738 422260 710160 120 30 999 NONE NONE 400
	FP_ROUTE KBOS..KORD

TRACK_TIME 1167737286
TRACK A20110117603533 B763 335560 1182500 120 30 999 NONE NONE 370
	FP_ROUTE KLAX..KDFW

TRACK_TIME 1167737286
TRACK A20110117603539 B738 415860 875200 120 30 999 NONE NONE 380
	FP_ROUTE KORD..KSEA

TRACK_TIME 1167737286
TRACK A20110117603544 CRJ2 404660 1115860 120 30 999 NONE NONE 260
	FP_ROUTE KSLC..KBZN

TRACK_TIME 1167737286
TRACK A20110117603546 B737 282500 811800 120 30 999 NONE NONE 220
	FP_ROUTE KMCO..KECP

TRACK_TIME 1167737286
TRACK A20110117603549 B737 302200 854800 120 30 999 NONE NONE 380
	FP_ROUTE KECP..KBNA

TRACK_TIME 1167737286
TRACK A20110117603553 A320 384000 1213460 120 30 999 NONE NONE 350
	FP_ROUTE KSMF..KLGB

TRACK_TIME 1167737286
TRACK A20110117603558 B737 390900 944060 120 30 999 NONE NONE 290
	FP_ROUTE KMCI..KMDW

TRACK_TIME 1167737286
TRACK A20110117603563 B738 395260 1043600 120 30 999 NONE NONE 370
	FP_ROUTE KDEN..KCLE

TRACK_TIME 1167737286
TRACK A20110117603565 A319 260460 800760 120 30 999 NONE NONE 370
	FP_ROUTE KFLL..KLGA

TRACK_TIME 1167737286
TRACK A20110117603573 A319 453460 1223700 120 30 999 NONE NONE 310
	FP_ROUTE KPDX..KDEN

TRACK_TIME 1167737286
TRACK A20110117603575 CRJ2 334000 841960 120 30 999 NONE NONE 280
	FP_ROUTE KATL..KLIT

TRACK_TIME 1167737286
TRACK A20110117603577 E145 403900 734960 120 30 999 NONE NONE 200
	FP_ROUTE KJFK..KIAD

TRACK_TIME 1167737286
TRACK A20110117603580 A320 333600 841960 120 30 999 NONE NONE 350
	FP_ROUTE KATL..KMIA

TRACK_TIME 1167737286
TRACK A20110117603588 A320 324500 1171300 120 30 999 NONE NONE 360
	FP_ROUTE KSAN..KSFO

TRACK_TIME 1167737286
TRACK A20110117603589 LJ35 644960 1474360 120 30 999 NONE NONE 350
	FP_ROUTE KFAI..KBFI

TRACK_TIME 1167737286
TRACK A20110117603590 CRJ2 293300 982700 120 30 999 NONE NONE 310
	FP_ROUTE KSAT..KMEM

TRACK_TIME 1167737286
TRACK A20110117603591 CRJ2 413160 933760 120 30 999 NONE NONE 330
	FP_ROUTE KDSM..KDTW

TRACK_TIME 1167737286
TRACK A20110117603592 B737 384360 901660 120 30 999 NONE NONE 410
	FP_ROUTE KSTL..KATL

TRACK_TIME 1167737286
TRACK A20110117603593 B737 293300 982700 120 30 999 NONE NONE 400
	FP_ROUTE KSAT..KLAS

TRACK_TIME 1167737286
TRACK A20110117603594 B737 295800 952100 120 30 999 NONE NONE 410
	FP_ROUTE KIAH..KDCA

TRACK_TIME 1167737286
TRACK A20110117603596 B733 414360 712400 120 30 999 NONE NONE 140
	FP_ROUTE KPVD..KPHL

TRACK_TIME 1167737286
TRACK A20110117603602 E145 395260 751200 120 30 999 NONE NONE 260
	FP_ROUTE KPHL..KCLE

TRACK_TIME 1167737286
TRACK A20110117603604 E120 395800 841000 120 30 999 NONE NONE 160
	FP_ROUTE KDAY..KGYY

TRACK_TIME 1167737286
TRACK A20110117603605 E120 413760 872200 120 30 999 NONE NONE 160
	FP_ROUTE KGYY..KEAU

TRACK_TIME 1167737286
TRACK A20110117603608 E145 404000 734300 120 30 999 NONE NONE 230
	FP_ROUTE KJFK..KBTV

TRACK_TIME 1167737286
TRACK A20110117603609 E145 442560 730700 120 30 999 NONE NONE 240
	FP_ROUTE KBTV..KJFK

TRACK_TIME 1167737286
TRACK A20110117603616 CRJ2 404900 1120000 120 30 999 NONE NONE 340
	FP_ROUTE KSLC..KMFR

TRACK_TIME 1167737286
TRACK A20110117603620 E145 295700 951800 120 30 999 NONE NONE 310
	FP_ROUTE KIAH..KPNS

TRACK_TIME 1167737286
TRACK A20110117603621 CRJ9 404900 1120000 120 30 999 NONE NONE 340
	FP_ROUTE KSLC..KOAK

TRACK_TIME 1167737286
TRACK A20110117603622 CRJ9 404000 734300 120 30 999 NONE NONE 170
	FP_ROUTE KJFK..KBOS

TRACK_TIME 1167737286
TRACK A20110117603623 B738 384000 1213460 120 30 999 NONE NONE 360
	FP_ROUTE KSMF..KSEA

TRACK_TIME 1167737286
TRACK A20110117603626 CRJ2 412400 815200 120 30 999 NONE NONE 220
	FP_ROUTE KCLE..KCVG

TRACK_TIME 1167737286
TRACK A20110117603639 A320 300000 901500 120 30 999 NONE NONE 360
	FP_ROUTE KMSY..KLAX

TRACK_TIME 1167737286
TRACK A20110117603640 B738 404000 734200 120 30 999 NONE NONE 380
	FP_ROUTE KJFK..KSEA

TRACK_TIME 1167737286
TRACK A20110117603651 B733 324900 964960 120 30 999 NONE NONE 110
	FP_ROUTE KDAL..KHOU

TRACK_TIME 1167737286
TRACK A20110117603652 B735 295700 952100 120 30 999 NONE NONE 249
	FP_ROUTE KIAH..KMSY

TRACK_TIME 1167737286
TRACK A20110117603659 BE20 335560 841660 120 30 999 NONE NONE 189
	FP_ROUTE KPDK..KVLD

TRACK_TIME 1167737286
TRACK A20110117603666 BE20 304600 831600 120 30 999 NONE NONE 199
	FP_ROUTE KVLD..KPDK

TRACK_TIME 1167737286
TRACK A20110117603673 B733 334060 1014960 120 30 999 NONE NONE 39
	FP_ROUTE KLBB..KDAL

TRACK_TIME 1167737286
TRACK A20110117603675 E135 325200 970160 120 30 999 NONE NONE 350
	FP_ROUTE KDFW..KLEX

TRACK_TIME 1167737286
TRACK A20110117603677 DH8A 211900 1575260 120 30 999 NONE NONE 90
	FP_ROUTE KHNL..KOGG

TRACK_TIME 1167737286
TRACK A20110117603678 MD82 301300 974060 120 30 999 NONE NONE 109
	FP_ROUTE KAUS..KDFW

TRACK_TIME 1167737286
TRACK A20110117603679 MD83 324960 970400 120 30 999 NONE NONE 200
	FP_ROUTE KDFW..KOKC

TRACK_TIME 1167737286
TRACK A20110117603687 B737 263000 815100 120 30 999 NONE NONE 370
	FP_ROUTE KRSW..KBOS

TRACK_TIME 1167737286
TRACK A20110117603688 E145 373760 972700 120 30 999 NONE NONE 310
	FP_ROUTE KICT..KORD

TRACK_TIME 1167737286
TRACK A20110117603689 E135 410460 734360 120 30 999 NONE NONE 340
	FP_ROUTE KHPN..KORD

TRACK_TIME 1167737286
TRACK A20110117603690 CRJ2 351500 805800 120 30 999 NONE NONE 220
	FP_ROUTE KCLT..KTYS

TRACK_TIME 1167737286
TRACK A20110117603694 BE20 352700 1190460 120 30 999 NONE NONE 130
	FP_ROUTE KBFL..KTOA

TRACK_TIME 1167737286
TRACK A20110117603695 BE20 334900 1182200 120 30 999 NONE NONE 120
	FP_ROUTE KTOA..KBFL

TRACK_TIME 1167737286
TRACK A20110117603697 E120 342560 1195200 120 30 999 NONE NONE 111
	FP_ROUTE KSBA..KLAX

TRACK_TIME 1167737286
TRACK A20110117603698 A319 324360 1171360 120 30 999 NONE NONE 370
	FP_ROUTE KSAN..KDEN

TRACK_TIME 1167737286
TRACK A20110117603705 B738 472560 1221900 120 30 999 NONE NONE 360
	FP_ROUTE KSEA..KANC

TRACK_TIME 1167737286
TRACK A20110117603712 A319 385260 770300 120 30 999 NONE NONE 120
	FP_ROUTE KDCA..KDTW

TRACK_TIME 1167737286
TRACK A20110117603713 B712 425560 875400 120 30 999 NONE NONE 330
	FP_ROUTE KMKE..KFLL

TRACK_TIME 1167737286
TRACK A20110117603720 CRJ2 445260 931060 120 30 999 NONE NONE 139
	FP_ROUTE KMSP..KGRB

TRACK_TIME 1167737286
TRACK A20110117603723 CRJ2 360600 795500 120 30 999 NONE NONE 220
	FP_ROUTE KGSO..KDCA

TRACK_TIME 1167737286
TRACK A20110117603724 E190 422200 705800 120 30 999 NONE NONE 220
	FP_ROUTE KBOS..KDCA

TRACK_TIME 1167737286
TRACK A20110117603727 C550 445200 912860 120 30 999 NONE NONE 90
	FP_ROUTE KEAU..KCWA

TRACK_TIME 1167737286
TRACK A20110117603730 A320 395260 1043400 120 30 999 NONE NONE 370
	FP_ROUTE KDEN..KIAD

TRACK_TIME 1167737286
TRACK A20110117603731 C550 444660 894000 120 30 999 NONE NONE 320
	FP_ROUTE KCWA..KPIA

TRACK_TIME 1167737286
TRACK A20110117603735 B738 340160 1173760 120 30 999 NONE NONE 370
	FP_ROUTE KONT..KIAH

TRACK_TIME 1167737286
TRACK A20110117603736 B753 421200 832200 120 30 999 NONE NONE 350
	FP_ROUTE KDTW..KMCO

TRACK_TIME 1167737286
TRACK A20110117603737 CRJ2 385260 770400 120 30 999 NONE NONE 260
	FP_ROUTE KDCA..KROC

TRACK_TIME 1167737286
TRACK A20110117603739 CRJ2 430600 774200 120 30 999 NONE NONE 120
	FP_ROUTE KROC..KDCA

TRACK_TIME 1167737286
TRACK A20110117603742 CRJ9 422200 705800 120 30 999 NONE NONE 360
	FP_ROUTE KBOS..KMEM

TRACK_TIME 1167737286
TRACK A20110117603745 B734 415700 724000 120 30 999 NONE NONE 241
	FP_ROUTE KBDL..KCLT

TRACK_TIME 1167737286
TRACK A20110117603746 A320 332560 1115860 120 30 999 NONE NONE 350
	FP_ROUTE KPHX..KFLL

TRACK_TIME 1167737286
TRACK A20110117603747 SF34 421300 832200 120 30 999 NONE NONE 160
	FP_ROUTE KDTW..KCIU

TRACK_TIME 1167737286
TRACK A20110117603749 B738 300900 973900 120 30 999 NONE NONE 60
	FP_ROUTE KAUS..KIAH

TRACK_TIME 1167737286
TRACK A20110117603752 E145 412400 815260 120 30 999 NONE NONE 310
	FP_ROUTE KCLE..KBDL

TRACK_TIME 1167737286
TRACK A20110117603755 E135 264060 800460 120 30 999 NONE NONE 390
	FP_ROUTE KPBI..KHGR

TRACK_TIME 1167737286
TRACK A20110117603758 B738 295700 951960 120 30 999 NONE NONE 310
	FP_ROUTE KIAH..KMIA

TRACK_TIME 1167737286
TRACK A20110117603759 E145 274660 973100 120 30 999 NONE NONE 310
	FP_ROUTE KCRP..KDFW

TRACK_TIME 1167737286
TRACK A20110117603760 E135 413460 834800 120 30 999 NONE NONE 180
	FP_ROUTE KTOL..KORD

TRACK_TIME 1167737286
TRACK A20110117603763 B737 302860 814060 120 30 999 NONE NONE 230
	FP_ROUTE KJAX..KTPA

TRACK_TIME 1167737286
TRACK A20110117603765 BE20 404360 1115700 120 30 999 NONE NONE 100
	FP_ROUTE KSLC..KPVU

TRACK_TIME 1167737286
TRACK A20110117603766 BE20 401060 1114600 120 30 999 NONE NONE 150
	FP_ROUTE KPVU..KPUC

TRACK_TIME 1167737286
TRACK A20110117603767 BE20 393600 1104600 120 30 999 NONE NONE 159
	FP_ROUTE KPUC..KPVU

TRACK_TIME 1167737286
TRACK A20110117603769 BE20 404600 1115800 120 30 999 NONE NONE 200
	FP_ROUTE KSLC..KBAM

TRACK_TIME 1167737286
TRACK A20110117603770 BE20 433460 964600 120 30 999 NONE NONE 160
	FP_ROUTE KFSD..KABR

TRACK_TIME 1167737286
TRACK A20110117603775 CRJ1 390160 843900 120 30 999 NONE NONE 101
	FP_ROUTE KCVG..KCLE

TRACK_TIME 1167737286
TRACK A20110117603776 BE20 452560 982500 120 30 999 NONE NONE 170
	FP_ROUTE KABR..KFSD

TRACK_TIME 1167737286
TRACK A20110117603780 B733 324500 1171360 120 30 999 NONE NONE 360
	FP_ROUTE KSAN..KOAK

TRACK_TIME 1167737286
TRACK A20110117603781 A320 341060 1182200 120 30 999 NONE NONE 350
	FP_ROUTE KBUR..KJFK

TRACK_TIME 1167737286
TRACK A20110117603782 CRJ2 403760 893900 120 30 999 NONE NONE 100
	FP_ROUTE KPIA..KMSP

TRACK_TIME 1167737286
TRACK A20110117603783 B733 374600 1221800 120 30 999 NONE NONE 320
	FP_ROUTE KOAK..KSEA

TRACK_TIME 1167737286
TRACK A20110117603785 F2TH 395200 751300 120 30 999 NONE NONE 380
	FP_ROUTE KPHL..KJZI

TRACK_TIME 1167737286
TRACK A20110117603786 F2TH 324200 795700 120 30 999 NONE NONE 330
	FP_ROUTE KJZI..KPHL

TRACK_TIME 1167737286
TRACK A20110117603791 B737 391000 764360 120 30 999 NONE NONE 380
	FP_ROUTE KBWI..KLAS

TRACK_TIME 1167737286
TRACK A20110117603795 BE9L 441600 1211000 120 30 999 NONE NONE 130
	FP_ROUTE KRDM..KUAO

TRACK_TIME 1167737286
TRACK A20110117603797 SH36 211900 1575260 120 30 999 NONE NONE 79
	FP_ROUTE KHNL..KLIH

TRACK_TIME 1167737286
TRACK A20110117603798 E135 420400 880000 120 30 999 NONE NONE 360
	FP_ROUTE KORD..KFSD

TRACK_TIME 1167737286
TRACK A20110117603809 E135 385260 770400 120 30 999 NONE NONE 220
	FP_ROUTE KDCA..KRDU

TRACK_TIME 1167737286
TRACK A20110117603811 MU2 370900 933400 120 30 999 NONE NONE 149
	FP_ROUTE KSGF..KTUL

TRACK_TIME 1167737286
TRACK A20110117603817 FA10 405560 740300 120 30 999 NONE NONE 380
	FP_ROUTE KTEB..KSLN

TRACK_TIME 1167737286
TRACK A20110117603821 CRJ2 355260 784660 120 30 999 NONE NONE 290
	FP_ROUTE KRDU..KLGA

TRACK_TIME 1167737286
TRACK A20110117603826 E145 415700 875700 120 30 999 NONE NONE 360
	FP_ROUTE KORD..KICT

TRACK_TIME 1167737286
TRACK A20110117603827 CRJ2 385260 770400 120 30 999 NONE NONE 280
	FP_ROUTE KDCA..KDAY

TRACK_TIME 1167737286
TRACK A20110117603831 E145 384360 901500 120 30 999 NONE NONE 250
	FP_ROUTE KSTL..KPIT

TRACK_TIME 1167737286
TRACK A20110117603832 E145 402860 801200 120 30 999 NONE NONE 250
	FP_ROUTE KPIT..KBDL

TRACK_TIME 1167737286
TRACK A20110117603836 A319 425560 875400 120 30 999 NONE NONE 390
	FP_ROUTE KMKE..KMCO

TRACK_TIME 1167737286
TRACK A20110117603839 CRJ2 404800 735200 120 30 999 NONE NONE 260
	FP_ROUTE KLGA..KRDU

TRACK_TIME 1167737286
TRACK A20110117603850 A320 355400 784660 120 30 999 NONE NONE 220
	FP_ROUTE KRDU..KIAD

TRACK_TIME 1167737286
TRACK A20110117603851 B733 384360 901660 120 30 999 NONE NONE 340
	FP_ROUTE KSTL..KMCI

TRACK_TIME 1167737286
TRACK A20110117603852 B733 390700 943600 120 30 999 NONE NONE 370
	FP_ROUTE KMCI..KMKE

TRACK_TIME 1167737286
TRACK A20110117603861 C560 282560 811960 120 30 999 NONE NONE 150
	FP_ROUTE KMCO..KOPF

TRACK_TIME 1167737286
TRACK A20110117603866 B739 395260 751200 120 30 999 NONE NONE 320
	FP_ROUTE KPHL..KIAH

TRACK_TIME 1167737286
TRACK A20110117603867 B733 425560 875400 120 30 999 NONE NONE 350
	FP_ROUTE KMKE..KBWI

TRACK_TIME 1167737286
TRACK A20110117603869 A320 260460 800760 120 30 999 NONE NONE 390
	FP_ROUTE KFLL..KBDL

TRACK_TIME 1167737286
TRACK A20110117603876 B738 415800 875700 120 30 999 NONE NONE 360
	FP_ROUTE KORD..KLAS

TRACK_TIME 1167737286
TRACK A20110117603883 E145 325260 970160 120 30 999 NONE NONE 370
	FP_ROUTE KDFW..KGPT

TRACK_TIME 1167737286
TRACK A20110117603886 CRJ2 351060 805560 120 30 999 NONE NONE 190
	FP_ROUTE KCLT..KPGV

TRACK_TIME 1167737286
TRACK A20110117603887 CRJ2 353760 772260 120 30 999 NONE NONE 220
	FP_ROUTE KPGV..KCLT

TRACK_TIME 1167737286
TRACK A20110117603890 MD83 372260 1215700 120 30 999 NONE NONE 330
	FP_ROUTE KSJC..KDFW

TRACK_TIME 1167737286
TRACK A20110117603892 E190 332560 1115800 120 30 999 NONE NONE 350
	FP_ROUTE KPHX..KDEN

TRACK_TIME 1167737286
TRACK A20110117603895 B762 295860 951900 120 30 999 NONE NONE 430
	FP_ROUTE KIAH..KEWR

TRACK_TIME 1167737286
TRACK A20110117603899 A319 332560 1120160 120 30 999 NONE NONE 370
	FP_ROUTE KPHX..KDEN

TRACK_TIME 1167737286
TRACK A20110117603901 A319 394360 861660 120 30 999 NONE NONE 380
	FP_ROUTE KIND..KDEN

TRACK_TIME 1167737286
TRACK A20110117603903 E145 385560 773160 120 30 999 NONE NONE 320
	FP_ROUTE KIAD..KSTL

TRACK_TIME 1167737286
TRACK A20110117603904 A320 422100 710100 120 30 999 NONE NONE 350
	FP_ROUTE KBOS..KSJU

TRACK_TIME 1167737286
TRACK A20110117603905 E120 404660 1120000 120 30 999 NONE NONE 230
	FP_ROUTE KSLC..KPIH

TRACK_TIME 1167737286
TRACK A20110117603906 E120 425400 1123600 120 30 999 NONE NONE 100
	FP_ROUTE KPIH..KSLC

TRACK_TIME 1167737286
TRACK A20110117603907 B752 404000 734360 120 30 999 NONE NONE 370
	FP_ROUTE KJFK..KSJU

TRACK_TIME 1167737286
TRACK A20110117603908 B733 390900 763900 120 30 999 NONE NONE 300
	FP_ROUTE KBWI..KBNA

TRACK_TIME 1167737286
TRACK A20110117603918 B762 373760 1222100 120 30 999 NONE NONE 370
	FP_ROUTE KSFO..KJFK

TRACK_TIME 1167737286
TRACK A20110117603920 E145 360900 795400 120 30 999 NONE NONE 360
	FP_ROUTE KGSO..KDFW

TRACK_TIME 1167737286
TRACK A20110117603922 CRJ9 300900 974060 120 30 999 NONE NONE 370
	FP_ROUTE KAUS..KMSP

TRACK_TIME 1167737286
TRACK A20110117603924 B739 404300 740900 120 30 999 NONE NONE 360
	FP_ROUTE KEWR..KTPA

TRACK_TIME 1167737286
TRACK A20110117603926 E145 404300 740900 120 30 999 NONE NONE 220
	FP_ROUTE KEWR..KRIC

TRACK_TIME 1167737286
TRACK A20110117603927 BE9L 291500 994200 120 30 999 NONE NONE 230
	FP_ROUTE KUVA..KFTW

TRACK_TIME 1167737286
TRACK A20110117603928 BE9L 324660 972100 120 30 999 NONE NONE 200
	FP_ROUTE KFTW..KCRP

TRACK_TIME 1167737286
TRACK A20110117603933 CRJ9 445400 931500 120 30 999 NONE NONE 350
	FP_ROUTE KMSP..KROC

TRACK_TIME 1167737286
TRACK A20110117603942 B753 395200 1043400 120 30 999 NONE NONE 370
	FP_ROUTE KDEN..KIAH

TRACK_TIME 1167737286
TRACK A20110117603948 SF34 445200 931060 120 30 999 NONE NONE 110
	FP_ROUTE KMSP..KCWA

TRACK_TIME 1167737286
TRACK A20110117603951 CRJ9 415800 875800 120 30 999 NONE NONE 340
	FP_ROUTE KORD..KSLC

TRACK_TIME 1167737286
TRACK A20110117603959 B737 400000 825260 120 30 999 NONE NONE 380
	FP_ROUTE KCMH..KTPA

TRACK_TIME 1167737286
TRACK A20110117603961 B737 275800 823300 120 30 999 NONE NONE 60
	FP_ROUTE KTPA..KFLL

TRACK_TIME 1167737286
TRACK A20110117603962 CRJ2 380100 843760 120 30 999 NONE NONE 120
	FP_ROUTE KLEX..KDTW

TRACK_TIME 1167737286
TRACK A20110117603965 CRJ2 385260 770400 120 30 999 NONE NONE 320
	FP_ROUTE KDCA..KIND

TRACK_TIME 1167737286
TRACK A20110117603968 CRJ2 351360 805560 120 30 999 NONE NONE 101
	FP_ROUTE KCLT..KCAE

TRACK_TIME 1167737286
TRACK A20110117603972 CRJ1 414600 874300 120 30 999 NONE NONE 121
	FP_ROUTE KMDW..KDTW

TRACK_TIME 1167737286
TRACK A20110117603973 B737 391300 944200 120 30 999 NONE NONE 290
	FP_ROUTE KMCI..KMDW

TRACK_TIME 1167737286
TRACK A20110117603975 F2TH 305500 835200 120 30 999 NONE NONE 450
	FP_ROUTE KTVI..KROC

TRACK_TIME 1167737286
TRACK A20110117603976 F2TH 430600 774060 120 30 999 NONE NONE 180
	FP_ROUTE KROC..KMQS

TRACK_TIME 1167737286
TRACK A20110117603977 F2TH 395860 754900 120 30 999 NONE NONE 61
	FP_ROUTE KMQS..KPTK

TRACK_TIME 1167737286
TRACK A20110117603978 A320 260460 800760 120 30 999 NONE NONE 370
	FP_ROUTE KFLL..KLGA

TRACK_TIME 1167737286
TRACK A20110117603979 B752 335560 1182800 120 30 999 NONE NONE 390
	FP_ROUTE KLAX..KDEN

TRACK_TIME 1167737286
TRACK A20110117603982 B737 260460 801000 120 30 999 NONE NONE 210
	FP_ROUTE KFLL..KMCO

TRACK_TIME 1167737286
TRACK A20110117603984 B737 414600 874360 120 30 999 NONE NONE 410
	FP_ROUTE KMDW..KBDL

TRACK_TIME 1167737286
TRACK A20110117603986 B737 445100 931360 120 30 999 NONE NONE 380
	FP_ROUTE KMSP..KLAS

TRACK_TIME 1167737286
TRACK A20110117603990 B737 415700 724200 120 30 999 NONE NONE 360
	FP_ROUTE KBDL..KTPA

TRACK_TIME 1167737286
TRACK A20110117603991 CRJ2 335500 1183100 120 30 999 NONE NONE 330
	FP_ROUTE KLAX..KCOS

TRACK_TIME 1167737286
TRACK A20110117603992 CRJ2 404960 1120160 120 30 999 NONE NONE 320
	FP_ROUTE KSLC..KPSC

TRACK_TIME 1167737286
TRACK A20110117603997 CRJ2 354900 835800 120 30 999 NONE NONE 50
	FP_ROUTE KTYS..KCLT

TRACK_TIME 1167737286
TRACK A20110117604005 A319 422200 705860 120 30 999 NONE NONE 300
	FP_ROUTE KBOS..KDCA

TRACK_TIME 1167737286
TRACK A20110117604012 A319 404500 734960 120 30 999 NONE NONE 320
	FP_ROUTE KLGA..KFLL

TRACK_TIME 1167737286
TRACK A20110117604019 CRJ1 404300 740760 120 30 999 NONE NONE 320
	FP_ROUTE KEWR..KCVG

TRACK_TIME 1167737286
TRACK A20110117604020 CRJ2 442560 730760 120 30 999 NONE NONE 40
	FP_ROUTE KBTV..KPHL

TRACK_TIME 1167737286
TRACK A20110117604021 A321 394900 1043760 120 30 999 NONE NONE 350
	FP_ROUTE KDEN..KCLT

TRACK_TIME 1167737286
TRACK A20110117604022 A321 351600 805800 120 30 999 NONE NONE 350
	FP_ROUTE KCLT..KLGA

TRACK_TIME 1167737286
TRACK A20110117604029 B733 282560 811800 120 30 999 NONE NONE 350
	FP_ROUTE KMCO..KBUF

TRACK_TIME 1167737286
TRACK A20110117604033 A319 421060 832200 120 30 999 NONE NONE 380
	FP_ROUTE KDTW..KRSW

TRACK_TIME 1167737286
TRACK A20110117604043 B733 425700 712500 120 30 999 NONE NONE 340
	FP_ROUTE KMHT..KBWI

TRACK_TIME 1167737286
TRACK A20110117604044 B733 390900 763900 120 30 999 NONE NONE 320
	FP_ROUTE KBWI..KRSW

TRACK_TIME 1167737286
TRACK A20110117604051 CRJ9 404960 1120000 120 30 999 NONE NONE 340
	FP_ROUTE KSLC..KRNO

TRACK_TIME 1167737286
TRACK A20110117604057 CRJ2 333900 842400 120 30 999 NONE NONE 290
	FP_ROUTE KATL..KCAK

TRACK_TIME 1167737286
TRACK A20110117604058 CRJ2 405700 812560 120 30 999 NONE NONE 300
	FP_ROUTE KCAK..KATL

TRACK_TIME 1167737286
TRACK A20110117604060 DH8A 610100 1500600 120 30 999 NONE NONE 40
	FP_ROUTE KANC..KENA

TRACK_TIME 1167737286
TRACK A20110117604061 E120 335700 1183160 120 30 999 NONE NONE 60
	FP_ROUTE KLAX..KSBA

TRACK_TIME 1167737286
TRACK A20110117604064 A319 332560 1120160 120 30 999 NONE NONE 340
	FP_ROUTE KPHX..KBOI

TRACK_TIME 1167737286
TRACK A20110117604071 B752 333900 842200 120 30 999 NONE NONE 360
	FP_ROUTE KATL..KLAX

TRACK_TIME 1167737286
TRACK A20110117604074 A320 404800 735200 120 30 999 NONE NONE 380
	FP_ROUTE KLGA..KMEM

TRACK_TIME 1167737286
TRACK A20110117604076 B733 274500 973000 120 30 999 NONE NONE 60
	FP_ROUTE KCRP..KHOU

TRACK_TIME 1167737286
TRACK A20110117604078 CRJ2 385200 770300 120 30 999 NONE NONE 260
	FP_ROUTE KDCA..KDAY

TRACK_TIME 1167737286
TRACK A20110117604079 B763 325200 970300 120 30 999 NONE NONE 379
	FP_ROUTE KDFW..KLAX

TRACK_TIME 1167737286
TRACK A20110117604085 A320 395260 1043600 120 30 999 NONE NONE 350
	FP_ROUTE KDEN..KATL

TRACK_TIME 1167737286
TRACK A20110117604086 B752 395200 1043400 120 30 999 NONE NONE 350
	FP_ROUTE KDEN..KATL

TRACK_TIME 1167737286
TRACK A20110117604090 E145 302200 890160 120 30 999 NONE NONE 280
	FP_ROUTE KGPT..KIAH

TRACK_TIME 1167737286
TRACK A20110117604096 B733 293760 951800 120 30 999 NONE NONE 280
	FP_ROUTE KHOU..KDAL

TRACK_TIME 1167737286
TRACK A20110117604097 B738 445100 931360 120 30 999 NONE NONE 380
	FP_ROUTE KMSP..KHRL

TRACK_TIME 1167737286
TRACK A20110117604099 MD82 361060 955260 120 30 999 NONE NONE 50
	FP_ROUTE KTUL..KDFW

TRACK_TIME 1167737286
TRACK A20110117604101 BE20 472800 1112260 120 30 999 NONE NONE 150
	FP_ROUTE KGTF..KBIL

TRACK_TIME 1167737286
TRACK A20110117604107 E145 412500 902400 120 30 999 NONE NONE 340
	FP_ROUTE KMLI..KDFW

TRACK_TIME 1167737286
TRACK A20110117604118 E145 373300 771960 120 30 999 NONE NONE 101
	FP_ROUTE KRIC..KIAD

TRACK_TIME 1167737286
TRACK A20110117604122 E170 404300 740900 120 30 999 NONE NONE 320
	FP_ROUTE KEWR..KCLT

TRACK_TIME 1167737286
TRACK A20110117604123 E170 351360 805560 120 30 999 NONE NONE 350
	FP_ROUTE KCLT..KEWR

TRACK_TIME 1167737286
TRACK A20110117604124 E145 385500 772560 120 30 999 NONE NONE 240
	FP_ROUTE KIAD..KSTL

TRACK_TIME 1167737286
TRACK A20110117604129 CRJ2 395400 1044500 120 30 999 NONE NONE 320
	FP_ROUTE KDEN..KTUS

TRACK_TIME 1167737286
TRACK A20110117604134 B737 333900 1175260 120 30 999 NONE NONE 330
	FP_ROUTE KSNA..KPHX

TRACK_TIME 1167737286
TRACK A20110117604135 B737 332560 1120160 120 30 999 NONE NONE 390
	FP_ROUTE KPHX..KPVD

TRACK_TIME 1167737286
TRACK A20110117604139 B735 300160 901360 120 30 999 NONE NONE 350
	FP_ROUTE KMSY..KEWR

TRACK_TIME 1167737286
TRACK A20110117604141 B739 472500 1221900 120 30 999 NONE NONE 350
	FP_ROUTE KSEA..KMSP

TRACK_TIME 1167737286
TRACK A20110117604142 E190 300760 973600 120 30 999 NONE NONE 370
	FP_ROUTE KAUS..KMCO

TRACK_TIME 1167737286
TRACK A20110117604143 B737 394300 861900 120 30 999 NONE NONE 370
	FP_ROUTE KIND..KBWI

TRACK_TIME 1167737286
TRACK A20110117604149 B738 350000 895860 120 30 999 NONE NONE 390
	FP_ROUTE KMEM..KFLL

TRACK_TIME 1167737286
TRACK A20110117604154 CRJ2 421200 832260 120 30 999 NONE NONE 220
	FP_ROUTE KDTW..KMDW

TRACK_TIME 1167737286
TRACK A20110117604161 CRJ1 303000 814000 120 30 999 NONE NONE 330
	FP_ROUTE KJAX..KCVG

TRACK_TIME 1167737286
TRACK A20110117604165 B752 333760 842260 120 30 999 NONE NONE 410
	FP_ROUTE KATL..KRSW

TRACK_TIME 1167737286
TRACK A20110117604167 CRJ9 404500 1115800 120 30 999 NONE NONE 340
	FP_ROUTE KSLC..KSAN

TRACK_TIME 1167737286
TRACK A20110117604168 B738 383760 1213400 120 30 999 NONE NONE 370
	FP_ROUTE KSMF..KIAH

TRACK_TIME 1167737286
TRACK A20110117604169 B738 611500 1494360 120 30 999 NONE NONE 370
	FP_ROUTE KANC..KSEA

TRACK_TIME 1167737286
TRACK A20110117604179 B753 373900 1222100 120 30 999 NONE NONE 330
	FP_ROUTE KSFO..KMSP

TRACK_TIME 1167737286
TRACK A20110117604186 B732 320600 1105560 120 30 999 NONE NONE 370
	FP_ROUTE KTUS..KSKF

TRACK_TIME 1167737286
TRACK A20110117604190 B753 332560 1115860 120 30 999 NONE NONE 330
	FP_ROUTE KPHX..KMSP

TRACK_TIME 1167737286
TRACK A20110117604194 B732 292200 983460 120 30 999 NONE NONE 350
	FP_ROUTE KSKF..KBIX

TRACK_TIME 1167737286
TRACK A20110117604195 MD83 331800 1113900 120 30 999 NONE NONE 320
	FP_ROUTE KIWA..KRDM

TRACK_TIME 1167737286
TRACK A20110117604203 B737 360600 1150900 120 30 999 NONE NONE 290
	FP_ROUTE KLAS..KPHX

TRACK_TIME 1167737286
TRACK A20110117604204 B737 332560 1115800 120 30 999 NONE NONE 370
	FP_ROUTE KPHX..KHOU

TRACK_TIME 1167737286
TRACK A20110117604211 B733 384000 1213460 120 30 999 NONE NONE 360
	FP_ROUTE KSMF..KSEA

TRACK_TIME 1167737286
TRACK A20110117604219 A319 414600 874600 120 30 999 NONE NONE 390
	FP_ROUTE KMDW..KATL

TRACK_TIME 1167737286
TRACK A20110117604220 E145 322260 994060 120 30 999 NONE NONE 110
	FP_ROUTE KABI..KDFW

TRACK_TIME 1167737286
TRACK A20110117604221 B737 360600 1150900 120 30 999 NONE NONE 320
	FP_ROUTE KLAS..KOAK

TRACK_TIME 1167737286
TRACK A20110117604226 B737 374360 1221600 120 30 999 NONE NONE 330
	FP_ROUTE KOAK..KBUR

TRACK_TIME 1167737286
TRACK A20110117604241 A321 351360 805560 120 30 999 NONE NONE 290
	FP_ROUTE KCLT..KPHL

TRACK_TIME 1167737286
TRACK A20110117604250 B738 395260 751300 120 30 999 NONE NONE 340
	FP_ROUTE KPHL..KIAH

TRACK_TIME 1167737286
TRACK A20110117604253 B737 383900 1213300 120 30 999 NONE NONE 390
	FP_ROUTE KSMF..KPHX

TRACK_TIME 1167737286
TRACK A20110117604255 E145 404300 740760 120 30 999 NONE NONE 320
	FP_ROUTE KEWR..KMYR

TRACK_TIME 1167737286
TRACK A20110117604257 A321 395260 751300 120 30 999 NONE NONE 340
	FP_ROUTE KPHL..KLAS

TRACK_TIME 1167737286
TRACK A20110117604260 E120 425800 1081600 120 30 999 NONE NONE 250
	FP_ROUTE KRIW..KDEN

TRACK_TIME 1167737286
TRACK A20110117604261 B712 211900 1575400 120 30 999 NONE NONE 140
	FP_ROUTE KHNL..KLIH

TRACK_TIME 1167737286
TRACK A20110117604266 B738 412260 815260 120 30 999 NONE NONE 360
	FP_ROUTE KCLE..KMCO

TRACK_TIME 1167737286
TRACK A20110117604268 E120 335700 1182800 120 30 999 NONE NONE 160
	FP_ROUTE KLAX..KSBP

TRACK_TIME 1167737286
TRACK A20110117604272 CRJ2 395100 751660 120 30 999 NONE NONE 100
	FP_ROUTE KPHL..KDCA

TRACK_TIME 1167737286
TRACK A20110117604276 E135 361600 942100 120 30 999 NONE NONE 370
	FP_ROUTE KXNA..KLGA

TRACK_TIME 1167737286
TRACK A20110117604279 MD82 415800 875560 120 30 999 NONE NONE 330
	FP_ROUTE KORD..KPBI

TRACK_TIME 1167737286
TRACK A20110117604282 B733 390700 763700 120 30 999 NONE NONE 220
	FP_ROUTE KBWI..KRDU

TRACK_TIME 1167737286
TRACK A20110117604295 A320 280000 823300 120 30 999 NONE NONE 370
	FP_ROUTE KTPA..KJFK

TRACK_TIME 1167737286
TRACK A20110117604296 B737 374300 1221500 120 30 999 NONE NONE 410
	FP_ROUTE KOAK..KLAX

TRACK_TIME 1167737286
TRACK A20110117604297 B737 335700 1182700 120 30 999 NONE NONE 390
	FP_ROUTE KLAX..KDEN

TRACK_TIME 1167737286
TRACK A20110117604298 E170 394360 861600 120 30 999 NONE NONE 270
	FP_ROUTE KIND..KCLT

TRACK_TIME 1167737286
TRACK A20110117604303 B712 395200 840900 120 30 999 NONE NONE 350
	FP_ROUTE KDAY..KTPA

TRACK_TIME 1167737286
TRACK A20110117604306 B733 293760 951600 120 30 999 NONE NONE 370
	FP_ROUTE KHOU..KMCO

TRACK_TIME 1167737286
TRACK A20110117604308 E170 395260 751300 120 30 999 NONE NONE 100
	FP_ROUTE KPHL..KPIT

TRACK_TIME 1167737286
TRACK A20110117604312 B737 275860 823300 120 30 999 NONE NONE 250
	FP_ROUTE KTPA..KFLL

TRACK_TIME 1167737286
TRACK A20110117604313 B737 260460 800760 120 30 999 NONE NONE 380
	FP_ROUTE KFLL..KMDW

TRACK_TIME 1167737286
TRACK A20110117604315 B738 332560 1115860 120 30 999 NONE NONE 370
	FP_ROUTE KPHX..KDFW

TRACK_TIME 1167737286
TRACK A20110117604316 E145 365400 761060 120 30 999 NONE NONE 280
	FP_ROUTE KORF..KMIA

TRACK_TIME 1167737286
TRACK A20110117604322 B752 282500 811900 120 30 999 NONE NONE 381
	FP_ROUTE KMCO..KDFW

TRACK_TIME 1167737286
TRACK A20110117604330 CRJ2 444900 931500 120 30 999 NONE NONE 230
	FP_ROUTE KMSP..KDSM

TRACK_TIME 1167737286
TRACK A20110117604334 B737 404960 730900 120 30 999 NONE NONE 380
	FP_ROUTE KISP..KFLL

TRACK_TIME 1167737286
TRACK A20110117604339 B752 325260 970300 120 30 999 NONE NONE 360
	FP_ROUTE KDFW..KSFO

TRACK_TIME 1167737286
TRACK A20110117604343 CRJ9 360700 1150900 120 30 999 NONE NONE 280
	FP_ROUTE KLAS..KLAX

TRACK_TIME 1167737286
TRACK A20110117604344 CRJ2 405100 1115800 120 30 999 NONE NONE 330
	FP_ROUTE KSLC..KCOS

TRACK_TIME 1167737286
TRACK A20110117604350 B752 445100 931360 120 30 999 NONE NONE 360
	FP_ROUTE KMSP..KLAS

TRACK_TIME 1167737286
TRACK A20110117604360 CRJ9 391300 944300 120 30 999 NONE NONE 350
	FP_ROUTE KMCI..KLGA

TRACK_TIME 1167737286
TRACK A20110117604366 B737 414600 874300 120 30 999 NONE NONE 390
	FP_ROUTE KMDW..KBHM

TRACK_TIME 1167737286
TRACK A20110117604368 B737 333300 864660 120 30 999 NONE NONE 380
	FP_ROUTE KBHM..KSTL

TRACK_TIME 1167737286
TRACK A20110117604369 B752 333760 842260 120 30 999 NONE NONE 280
	FP_ROUTE KATL..KJAX

TRACK_TIME 1167737286
TRACK A20110117604376 A319 415700 875500 120 30 999 NONE NONE 300
	FP_ROUTE KORD..KMSP

TRACK_TIME 1167737286
TRACK A20110117604378 CRJ2 400000 825260 120 30 999 NONE NONE 290
	FP_ROUTE KCMH..KMEM

TRACK_TIME 1167737286
TRACK A20110117604384 B737 425560 875400 120 30 999 NONE NONE 410
	FP_ROUTE KMKE..KATL

TRACK_TIME 1167737286
TRACK A20110117604388 B712 194200 1560400 120 30 999 NONE NONE 220
	FP_ROUTE KKOA..KHNL

TRACK_TIME 1167737286
TRACK A20110117604395 SW4 335400 1182200 120 30 999 NONE NONE 175
	FP_ROUTE KHHR..KGCN

TRACK_TIME 1167737286
TRACK A20110117604397 A320 422100 710160 120 30 999 NONE NONE 360
	FP_ROUTE KBOS..KDEN

TRACK_TIME 1167737286
TRACK A20110117604403 B712 302800 871060 120 30 999 NONE NONE 240
	FP_ROUTE KPNS..KATL

TRACK_TIME 1167737286
TRACK A20110117604404 B737 360700 1151000 120 30 999 NONE NONE 320
	FP_ROUTE KLAS..KOAK

TRACK_TIME 1167737286
TRACK A20110117604405 B737 374300 1221500 120 30 999 NONE NONE 330
	FP_ROUTE KOAK..KBUR

TRACK_TIME 1167737286
TRACK A20110117604406 CRJ2 333900 842260 120 30 999 NONE NONE 210
	FP_ROUTE KATL..KTYS

TRACK_TIME 1167737286
TRACK A20110117604407 CRJ2 354960 835800 120 30 999 NONE NONE 110
	FP_ROUTE KTYS..KATL

TRACK_TIME 1167737286
TRACK A20110117604408 CRJ9 384360 901600 120 30 999 NONE NONE 390
	FP_ROUTE KSTL..KJFK

TRACK_TIME 1167737286
TRACK A20110117604413 CRJ2 445100 931360 120 30 999 NONE NONE 230
	FP_ROUTE KMSP..KDSM

TRACK_TIME 1167737286
TRACK A20110117604414 B712 300000 901500 120 30 999 NONE NONE 250
	FP_ROUTE KMSY..KATL

TRACK_TIME 1167737286
TRACK A20110117604419 E145 404300 740900 120 30 999 NONE NONE 360
	FP_ROUTE KEWR..KJAX

TRACK_TIME 1167737286
TRACK A20110117604425 B738 254800 801500 120 30 999 NONE NONE 360
	FP_ROUTE KMIA..KSEA

TRACK_TIME 1167737286
TRACK A20110117604439 E145 295700 952100 120 30 999 NONE NONE 169
	FP_ROUTE KIAH..KLFT

TRACK_TIME 1167737286
TRACK A20110117604441 AT72 351960 942400 120 30 999 NONE NONE 79
	FP_ROUTE KFSM..KDFW

TRACK_TIME 1167737286
TRACK A20110117604442 E145 414960 914000 120 30 999 NONE NONE 340
	FP_ROUTE KCID..KDFW

TRACK_TIME 1167737286
TRACK A20110117604446 E135 435400 922860 120 30 999 NONE NONE 230
	FP_ROUTE KRST..KORD

TRACK_TIME 1167737286
TRACK A20110117604448 E190 385200 770160 120 30 999 NONE NONE 320
	FP_ROUTE KDCA..KMCO

TRACK_TIME 1167737286
TRACK A20110117604450 E145 254800 801600 120 30 999 NONE NONE 340
	FP_ROUTE KMIA..KTLH

TRACK_TIME 1167737286
TRACK A20110117604454 CRJ2 425100 852860 120 30 999 NONE NONE 110
	FP_ROUTE KGRR..KMSP

TRACK_TIME 1167737286
TRACK A20110117604455 C750 445100 931360 120 30 999 NONE NONE 410
	FP_ROUTE KMSP..KHPN

TRACK_TIME 1167737286
TRACK A20110117604456 MD82 400000 825200 120 30 999 NONE NONE 320
	FP_ROUTE KCMH..KDFW

TRACK_TIME 1167737286
TRACK A20110117604457 E170 385500 772700 120 30 999 NONE NONE 360
	FP_ROUTE KIAD..KIND

TRACK_TIME 1167737286
TRACK A20110117604460 A321 360700 1150900 120 30 999 NONE NONE 350
	FP_ROUTE KLAS..KPHL

TRACK_TIME 1167737286
TRACK A20110117604461 A319 394960 1044660 120 30 999 NONE NONE 360
	FP_ROUTE KDEN..KOAK

TRACK_TIME 1167737286
TRACK A20110117604462 A319 465560 964900 120 30 999 NONE NONE 39
	FP_ROUTE KFAR..KMSP

TRACK_TIME 1167737286
TRACK A20110117604465 B739 335560 1182700 120 30 999 NONE NONE 330
	FP_ROUTE KLAX..KIAH

TRACK_TIME 1167737286
TRACK A20110117604467 DH8D 472560 1221800 120 30 999 NONE NONE 250
	FP_ROUTE KSEA..KBOI

TRACK_TIME 1167737286
TRACK A20110117604468 A319 445100 931300 120 30 999 NONE NONE 370
	FP_ROUTE KMSP..KLGA

TRACK_TIME 1167737286
TRACK A20110117604475 CRJ2 360600 864060 120 30 999 NONE NONE 290
	FP_ROUTE KBNA..KDCA

TRACK_TIME 1167737286
TRACK A20110117604485 MD83 331800 1113900 120 30 999 NONE NONE 330
	FP_ROUTE KIWA..KRFD

TRACK_TIME 1167737286
TRACK A20110117604487 DH8D 472700 1221900 120 30 999 NONE NONE 230
	FP_ROUTE KSEA..KSUN

TRACK_TIME 1167737286
TRACK A20110117604488 B737 332560 1120160 120 30 999 NONE NONE 350
	FP_ROUTE KPHX..KMDW

TRACK_TIME 1167737286
TRACK A20110117604489 B752 415800 875560 120 30 999 NONE NONE 400
	FP_ROUTE KORD..KJAC

TRACK_TIME 1167737286
TRACK A20110117604504 DH8D 472700 1221800 120 30 999 NONE NONE 210
	FP_ROUTE KSEA..KGPI

TRACK_TIME 1167737286
TRACK A20110117604510 FA50 331360 873600 120 30 999 NONE NONE 370
	FP_ROUTE KTCL..KHAO

TRACK_TIME 1167737286
TRACK A20110117604511 FA50 392200 843160 120 30 999 NONE NONE 380
	FP_ROUTE KHAO..KLIT

TRACK_TIME 1167737286
TRACK A20110117604512 FA50 344300 921500 120 30 999 NONE NONE 290
	FP_ROUTE KLIT..KTCL

TRACK_TIME 1167737286
TRACK A20110117604515 B737 335700 1182800 120 30 999 NONE NONE 390
	FP_ROUTE KLAX..KDEN

TRACK_TIME 1167737286
TRACK A20110117604516 C550 260700 814200 120 30 999 NONE NONE 410
	FP_ROUTE KAPF..KVJI

TRACK_TIME 1167737286
TRACK A20110117604524 A321 395260 751300 120 30 999 NONE NONE 320
	FP_ROUTE KPHL..KLAS

TRACK_TIME 1167737286
TRACK A20110117604535 B732 302200 885700 120 30 999 NONE NONE 230
	FP_ROUTE KBIX..KMEI

TRACK_TIME 1167737286
TRACK A20110117604544 E145 405560 851800 120 30 999 NONE NONE 120
	FP_ROUTE KFWA..KORD

TRACK_TIME 1167737286
TRACK A20110117604548 CRJ2 333900 842200 120 30 999 NONE NONE 320
	FP_ROUTE KATL..KXNA

TRACK_TIME 1167737286
TRACK A20110117604549 CRJ2 302860 911000 120 30 999 NONE NONE 290
	FP_ROUTE KBTR..KATL

TRACK_TIME 1167737286
TRACK A20110117604562 CRJ2 333900 842200 120 30 999 NONE NONE 300
	FP_ROUTE KATL..KBTR

TRACK_TIME 1167737286
TRACK A20110117604570 B737 324500 1171360 120 30 999 NONE NONE 390
	FP_ROUTE KSAN..KMCI

TRACK_TIME 1167737286
TRACK A20110117604571 B737 390760 944200 120 30 999 NONE NONE 390
	FP_ROUTE KMCI..KTPA

TRACK_TIME 1167737286
TRACK A20110117604572 B737 275800 823300 120 30 999 NONE NONE 60
	FP_ROUTE KTPA..KFLL

TRACK_TIME 1167737286
TRACK A20110117604575 B712 211900 1575400 120 30 999 NONE NONE 130
	FP_ROUTE KHNL..KOGG

TRACK_TIME 1167737286
TRACK A20110117604587 MD82 391200 943760 120 30 999 NONE NONE 70
	FP_ROUTE KMCI..KORD

TRACK_TIME 1167737286
TRACK A20110117604588 B734 335100 1163160 120 30 999 NONE NONE 320
	FP_ROUTE KPSP..KSEA

TRACK_TIME 1167737286
TRACK A20110117604592 BE20 351060 770160 120 30 999 NONE NONE 170
	FP_ROUTE KEWN..KRIC

TRACK_TIME 1167737286
TRACK A20110117604596 BE20 373160 771900 120 30 999 NONE NONE 190
	FP_ROUTE KRIC..KEWN

TRACK_TIME 1167737286
TRACK A20110117604608 MD83 293100 982800 120 30 999 NONE NONE 110
	FP_ROUTE KSAT..KDFW

TRACK_TIME 1167737286
TRACK A20110117604612 E145 254800 801600 120 30 999 NONE NONE 370
	FP_ROUTE KMIA..KATL

TRACK_TIME 1167737286
TRACK A20110117604614 B753 472500 1221900 120 30 999 NONE NONE 350
	FP_ROUTE KSEA..KMSP

TRACK_TIME 1167737286
TRACK A20110117604625 E145 325260 970160 120 30 999 NONE NONE 250
	FP_ROUTE KDFW..KPIA

TRACK_TIME 1167737286
TRACK A20110117604627 E135 425200 853100 120 30 999 NONE NONE 90
	FP_ROUTE KGRR..KORD

TRACK_TIME 1167737286
TRACK A20110117604630 B752 295700 952100 120 30 999 NONE NONE 350
	FP_ROUTE KIAH..KMCO

TRACK_TIME 1167737286
TRACK A20110117604631 B752 324360 1171360 120 30 999 NONE NONE 350
	FP_ROUTE KSAN..KATL

TRACK_TIME 1167737286
TRACK A20110117604635 B734 473700 1173300 120 30 999 NONE NONE 299
	FP_ROUTE KGEG..KSEA

TRACK_TIME 1167737286
TRACK A20110117604640 A321 351200 805560 120 30 999 NONE NONE 310
	FP_ROUTE KCLT..KBOS

TRACK_TIME 1167737286
TRACK A20110117604658 E145 385500 772560 120 30 999 NONE NONE 100
	FP_ROUTE KIAD..KROA

TRACK_TIME 1167737286
TRACK A20110117604659 A320 335560 1182700 120 30 999 NONE NONE 350
	FP_ROUTE KLAX..KORD

TRACK_TIME 1167737286
TRACK A20110117604666 A319 411800 955400 120 30 999 NONE NONE 380
	FP_ROUTE KOMA..KDEN

TRACK_TIME 1167737286
TRACK A20110117604668 E145 414360 712500 120 30 999 NONE NONE 160
	FP_ROUTE KPVD..KEWR

TRACK_TIME 1167737286
TRACK A20110117604670 B752 333760 842260 120 30 999 NONE NONE 350
	FP_ROUTE KATL..KMCO

TRACK_TIME 1167737286
TRACK A20110117604677 A320 360700 1150900 120 30 999 NONE NONE 350
	FP_ROUTE KLAS..KMEM

TRACK_TIME 1167737286
TRACK A20110117604682 CRJ2 333900 842200 120 30 999 NONE NONE 100
	FP_ROUTE KATL..KBHM

TRACK_TIME 1167737286
TRACK A20110117604683 CRJ2 333460 864360 120 30 999 NONE NONE 150
	FP_ROUTE KBHM..KATL

TRACK_TIME 1167737286
TRACK A20110117604693 B733 324800 964800 120 30 999 NONE NONE 350
	FP_ROUTE KDAL..KMCI

TRACK_TIME 1167737286
TRACK A20110117604694 B733 391000 943600 120 30 999 NONE NONE 350
	FP_ROUTE KMCI..KBWI

TRACK_TIME 1167737286
TRACK A20110117604708 B763 373900 1222100 120 30 999 NONE NONE 370
	FP_ROUTE KSFO..KORD

TRACK_TIME 1167737286
TRACK A20110117604709 A319 425560 875400 120 30 999 NONE NONE 390
	FP_ROUTE KMKE..KPIE

TRACK_TIME 1167737286
TRACK A20110117604713 CRJ2 420400 874900 120 30 999 NONE NONE 210
	FP_ROUTE KORD..KTVC

TRACK_TIME 1167737286
TRACK A20110117604714 A321 263000 814960 120 30 999 NONE NONE 350
	FP_ROUTE KRSW..KCLT

TRACK_TIME 1167737286
TRACK A20110117604715 B733 282500 811800 120 30 999 NONE NONE 370
	FP_ROUTE KMCO..KBDL

TRACK_TIME 1167737286
TRACK A20110117604721 A320 425700 784300 120 30 999 NONE NONE 210
	FP_ROUTE KBUF..KJFK

TRACK_TIME 1167737286
TRACK A20110117604722 E120 335560 1182560 120 30 999 NONE NONE 91
	FP_ROUTE KLAX..KCRQ

TRACK_TIME 1167737286
TRACK A20110117604724 A319 335560 1182560 120 30 999 NONE NONE 350
	FP_ROUTE KLAX..KORD

TRACK_TIME 1167737286
TRACK A20110117604725 E120 330700 1172100 120 30 999 NONE NONE 80
	FP_ROUTE KCRQ..KLAX

TRACK_TIME 1167737286
TRACK A20110117604728 E145 390700 944060 120 30 999 NONE NONE 350
	FP_ROUTE KMCI..KCLE

TRACK_TIME 1167737286
TRACK A20110117604733 B733 411800 955400 120 30 999 NONE NONE 340
	FP_ROUTE KOMA..KPHX

TRACK_TIME 1167737286
TRACK A20110117604734 B733 332560 1115860 120 30 999 NONE NONE 300
	FP_ROUTE KPHX..KONT

TRACK_TIME 1167737286
TRACK A20110117604735 E135 415860 875200 120 30 999 NONE NONE 150
	FP_ROUTE KORD..KGRR

TRACK_TIME 1167737286
TRACK A20110117604741 CRJ2 351000 770400 120 30 999 NONE NONE 200
	FP_ROUTE KEWN..KCLT

TRACK_TIME 1167737286
TRACK A20110117604756 CRJ2 405560 812500 120 30 999 NONE NONE 90
	FP_ROUTE KCAK..KCLT

TRACK_TIME 1167737286
TRACK A20110117604761 B734 604800 1613100 120 30 999 NONE NONE 310
	FP_ROUTE KBET..KANC

TRACK_TIME 1167737286
TRACK A20110117604763 A320 182800 655800 120 30 999 NONE NONE 360
	FP_ROUTE KSJU..KJFK

TRACK_TIME 1167737286
TRACK A20110117604765 E170 390760 764000 120 30 999 NONE NONE 340
	FP_ROUTE KBWI..KMSP

TRACK_TIME 1167737286
TRACK A20110117604774 B712 211900 1575260 120 30 999 NONE NONE 140
	FP_ROUTE KHNL..KLIH

TRACK_TIME 1167737286
TRACK A20110117604778 B738 254660 801960 120 30 999 NONE NONE 360
	FP_ROUTE KMIA..KIAH

TRACK_TIME 1167737286
TRACK A20110117604779 A320 395260 751300 120 30 999 NONE NONE 340
	FP_ROUTE KPHL..KSLC

TRACK_TIME 1167737286
TRACK A20110117604780 E170 385200 770300 120 30 999 NONE NONE 230
	FP_ROUTE KDCA..KLGA

TRACK_TIME 1167737286
TRACK A20110117604781 A320 422260 710100 120 30 999 NONE NONE 360
	FP_ROUTE KBOS..KMCO

TRACK_TIME 1167737286
TRACK A20110117604784 C550 405260 982260 120 30 999 NONE NONE 370
	FP_ROUTE KGRI..KAGC

TRACK_TIME 1167737286
TRACK A20110117604785 C550 402100 795400 120 30 999 NONE NONE 340
	FP_ROUTE KAGC..KHXD

TRACK_TIME 1167737286
TRACK A20110117604790 E145 404360 740760 120 30 999 NONE NONE 360
	FP_ROUTE KEWR..KBNA

TRACK_TIME 1167737286
TRACK A20110117604791 CRJ2 303460 910400 120 30 999 NONE NONE 350
	FP_ROUTE KBTR..KCLT

TRACK_TIME 1167737286
TRACK A20110117604794 CL60 473000 1221660 120 30 999 NONE NONE 370
	FP_ROUTE KBFI..KSDL

TRACK_TIME 1167737286
TRACK A20110117604796 E170 394300 861600 120 30 999 NONE NONE 350
	FP_ROUTE KIND..KDCA

TRACK_TIME 1167737286
TRACK A20110117604806 E145 360700 864060 120 30 999 NONE NONE 340
	FP_ROUTE KBNA..KIAH

TRACK_TIME 1167737286
TRACK A20110117604812 B734 472560 1221800 120 30 999 NONE NONE 310
	FP_ROUTE KSEA..KGEG

TRACK_TIME 1167737286
TRACK A20110117604814 BE9L 383100 1075400 120 30 999 NONE NONE 180
	FP_ROUTE KMTJ..KJER

TRACK_TIME 1167737286
TRACK A20110117604815 BE20 340160 1173700 120 30 999 NONE NONE 100
	FP_ROUTE KONT..KHND

TRACK_TIME 1167737286
TRACK A20110117604819 BE9L 424360 1143100 120 30 999 NONE NONE 140
	FP_ROUTE KJER..KBFI

TRACK_TIME 1167737286
TRACK A20110117604822 B762 335560 1182800 120 30 999 NONE NONE 370
	FP_ROUTE KLAX..KJFK

TRACK_TIME 1167737286
TRACK A20110117604823 B752 254800 801600 120 30 999 NONE NONE 350
	FP_ROUTE KMIA..KLGA

TRACK_TIME 1167737286
TRACK A20110117604824 B752 275800 823300 120 30 999 NONE NONE 380
	FP_ROUTE KTPA..KORD

TRACK_TIME 1167737286
TRACK A20110117604830 CRJ2 404200 752200 120 30 999 NONE NONE 280
	FP_ROUTE KABE..KCLT

TRACK_TIME 1167737286
TRACK A20110117604831 MD82 384360 901660 120 30 999 NONE NONE 330
	FP_ROUTE KSTL..KLGA

TRACK_TIME 1167737286
TRACK A20110117604832 AT72 612700 1500300 120 30 999 NONE NONE 200
	FP_ROUTE KANC..KFAI

TRACK_TIME 1167737286
TRACK A20110117604836 MD83 360700 1150900 120 30 999 NONE NONE 330
	FP_ROUTE KLAS..KFNL

TRACK_TIME 1167737286
TRACK A20110117604839 A320 395100 1044660 120 30 999 NONE NONE 360
	FP_ROUTE KDEN..KSNA

TRACK_TIME 1167737286
TRACK A20110117604842 DH8D 453460 1223700 120 30 999 NONE NONE 250
	FP_ROUTE KPDX..KOAK

TRACK_TIME 1167737286
TRACK A20110117604847 A320 350000 895860 120 30 999 NONE NONE 320
	FP_ROUTE KMEM..KMSY

TRACK_TIME 1167737286
TRACK A20110117604849 DH8D 461500 1190760 120 30 999 NONE NONE 160
	FP_ROUTE KPSC..KSEA

TRACK_TIME 1167737286
TRACK A20110117604852 CRJ9 332560 1120160 120 30 999 NONE NONE 340
	FP_ROUTE KPHX..KSBP

TRACK_TIME 1167737286
TRACK A20110117604853 CRJ2 421200 832100 120 30 999 NONE NONE 230
	FP_ROUTE KDTW..KBUF

TRACK_TIME 1167737286
TRACK A20110117604854 A320 422200 705560 120 30 999 NONE NONE 360
	FP_ROUTE KBOS..KORD

TRACK_TIME 1167737286
TRACK A20110117604855 B752 254660 801900 120 30 999 NONE NONE 380
	FP_ROUTE KMIA..KDEN

TRACK_TIME 1167737286
TRACK A20110117604859 B752 404960 1115860 120 30 999 NONE NONE 370
	FP_ROUTE KSLC..KDCA

TRACK_TIME 1167737286
TRACK A20110117604861 A320 332700 1120160 120 30 999 NONE NONE 340
	FP_ROUTE KPHX..KSEA

TRACK_TIME 1167737286
TRACK A20110117604865 A319 421060 890460 120 30 999 NONE NONE 70
	FP_ROUTE KRFD..KORD

TRACK_TIME 1167737286
TRACK A20110117604870 B737 295700 952100 120 30 999 NONE NONE 340
	FP_ROUTE KIAH..KMFE

TRACK_TIME 1167737286
TRACK A20110117604876 F2TH 414060 861360 120 30 999 NONE NONE 410
	FP_ROUTE KSBN..KFMY

TRACK_TIME 1167737286
TRACK A20110117604877 F2TH 263400 815860 120 30 999 NONE NONE 430
	FP_ROUTE KFMY..KSBN

TRACK_TIME 1167737286
TRACK A20110117604882 A320 360700 1150900 120 30 999 NONE NONE 310
	FP_ROUTE KLAS..KSLC

TRACK_TIME 1167737286
TRACK A20110117604883 E170 415800 724300 120 30 999 NONE NONE 100
	FP_ROUTE KBDL..KDCA

TRACK_TIME 1167737286
TRACK A20110117604884 B712 215860 1591900 120 30 999 NONE NONE 110
	FP_ROUTE KLIH..KHNL

TRACK_TIME 1167737286
TRACK A20110117604885 CRJ2 395260 1043300 120 30 999 NONE NONE 330
	FP_ROUTE KDEN..KLNK

TRACK_TIME 1167737286
TRACK A20110117604889 B737 404900 730400 120 30 999 NONE NONE 380
	FP_ROUTE KISP..KPBI

TRACK_TIME 1167737286
TRACK A20110117604901 A319 385400 770400 120 30 999 NONE NONE 230
	FP_ROUTE KDCA..KBOS

TRACK_TIME 1167737286
TRACK A20110117604904 CRJ2 395260 751200 120 30 999 NONE NONE 220
	FP_ROUTE KPHL..KROA

TRACK_TIME 1167737286
TRACK A20110117604906 CRJ2 371600 795560 120 30 999 NONE NONE 250
	FP_ROUTE KROA..KPHL

TRACK_TIME 1167737286
TRACK A20110117604910 E170 351360 805700 120 30 999 NONE NONE 340
	FP_ROUTE KCLT..KORD

TRACK_TIME 1167737286
TRACK A20110117604915 A320 404300 740900 120 30 999 NONE NONE 300
	FP_ROUTE KEWR..KPBI

TRACK_TIME 1167737286
TRACK A20110117604916 A319 445260 931000 120 30 999 NONE NONE 391
	FP_ROUTE KMSP..KBOS

TRACK_TIME 1167737286
TRACK A20110117604918 A319 385260 770400 120 30 999 NONE NONE 380
	FP_ROUTE KDCA..KORD

TRACK_TIME 1167737286
TRACK A20110117604921 B752 182800 655800 120 30 999 NONE NONE 380
	FP_ROUTE KSJU..KBOS

TRACK_TIME 1167737286
TRACK A20110117604927 A321 332560 1120300 120 30 999 NONE NONE 350
	FP_ROUTE KPHX..KMCO

TRACK_TIME 1167737286
TRACK A20110117604931 A319 392560 743160 120 30 999 NONE NONE 360
	FP_ROUTE KACY..KRSW

TRACK_TIME 1167737286
TRACK A20110117604932 MD83 360700 1150900 120 30 999 NONE NONE 310
	FP_ROUTE KLAS..KDLH

TRACK_TIME 1167737286
TRACK A20110117604941 CRJ2 404900 1120000 120 30 999 NONE NONE 260
	FP_ROUTE KSLC..KDXZ

TRACK_TIME 1167737286
TRACK A20110117604942 E120 431800 1141300 120 30 999 NONE NONE 110
	FP_ROUTE KSUN..KSLC

TRACK_TIME 1167737286
TRACK A20110117604944 B738 295860 951800 120 30 999 NONE NONE 390
	FP_ROUTE KIAH..KIAD

TRACK_TIME 1167737286
TRACK A20110117604946 A320 413300 934000 120 30 999 NONE NONE 380
	FP_ROUTE KDSM..KDEN

TRACK_TIME 1167737286
TRACK A20110117604948 A320 332560 1120160 120 30 999 NONE NONE 350
	FP_ROUTE KPHX..KATL

TRACK_TIME 1167737286
TRACK A20110117604949 E120 432560 1241900 120 30 999 NONE NONE 230
	FP_ROUTE KOTH..KSFO

TRACK_TIME 1167737286
TRACK A20110117604950 DH8D 453460 1223600 120 30 999 NONE NONE 169
	FP_ROUTE KPDX..KPDX

TRACK_TIME 1167737286
TRACK A20110117604953 CRJ2 385260 770300 120 30 999 NONE NONE 220
	FP_ROUTE KDCA..KRDU

TRACK_TIME 1167737286
TRACK A20110117604956 CRJ2 360760 795200 120 30 999 NONE NONE 280
	FP_ROUTE KGSO..KLGA

TRACK_TIME 1167737286
TRACK A20110117604958 B752 275800 823300 120 30 999 NONE NONE 340
	FP_ROUTE KTPA..KATL

TRACK_TIME 1167737286
TRACK A20110117604965 CRJ2 333760 842200 120 30 999 NONE NONE 190
	FP_ROUTE KATL..KCAE

TRACK_TIME 1167737286
TRACK A20110117604966 CRJ2 335560 810460 120 30 999 NONE NONE 140
	FP_ROUTE KCAE..KATL

TRACK_TIME 1167737286
TRACK A20110117604969 C560 405700 850760 120 30 999 NONE NONE 400
	FP_ROUTE KFWA..KPNS

TRACK_TIME 1167737286
TRACK A20110117604970 C560 302800 871000 120 30 999 NONE NONE 390
	FP_ROUTE KPNS..KFWA

TRACK_TIME 1167737286
TRACK A20110117604973 B752 374000 1221900 120 30 999 NONE NONE 370
	FP_ROUTE KSFO..KJFK

TRACK_TIME 1167737286
TRACK A20110117604978 B738 333760 1175260 120 30 999 NONE NONE 370
	FP_ROUTE KSNA..KDFW

TRACK_TIME 1167737286
TRACK A20110117604979 CRJ2 435100 911800 120 30 999 NONE NONE 40
	FP_ROUTE KLSE..KMSP

TRACK_TIME 1167737286
TRACK A20110117604983 BE9L 404960 964500 120 30 999 NONE NONE 80
	FP_ROUTE KLNK..KRPB

TRACK_TIME 1167737286
TRACK A20110117604984 BE9L 394900 973900 120 30 999 NONE NONE 70
	FP_ROUTE KRPB..KMYZ

TRACK_TIME 1167737286
TRACK A20110117604985 BE9L 395400 963900 120 30 999 NONE NONE 80
	FP_ROUTE KMYZ..KLNK

TRACK_TIME 1167737286
TRACK A20110117604989 B733 341000 1182200 120 30 999 NONE NONE 360
	FP_ROUTE KBUR..KSMF

TRACK_TIME 1167737286
TRACK A20110117604991 B739 295700 952100 120 30 999 NONE NONE 320
	FP_ROUTE KIAH..KSEA

TRACK_TIME 1167737286
TRACK A20110117604994 MD83 293300 982700 120 30 999 NONE NONE 110
	FP_ROUTE KSAT..KDFW

TRACK_TIME 1167737286
TRACK A20110117604996 B763 333900 842260 120 30 999 NONE NONE 340
	FP_ROUTE KATL..KSEA

TRACK_TIME 1167737286
TRACK A20110117604997 CRJ2 395260 751200 120 30 999 NONE NONE 100
	FP_ROUTE KPHL..KRIC

TRACK_TIME 1167737286
TRACK A20110117604998 MD82 384360 901660 120 30 999 NONE NONE 270
	FP_ROUTE KSTL..KORD

TRACK_TIME 1167737286
TRACK A20110117604999 MD82 415860 875200 120 30 999 NONE NONE 350
	FP_ROUTE KORD..KLGA

TRACK_TIME 1167737286
TRACK A20110117605000 AT72 174200 644600 120 30 999 NONE NONE 60
	FP_ROUTE KSTX..KSJU

TRACK_TIME 1167737286
TRACK A20110117605002 MD83 325100 970160 120 30 999 NONE NONE 330
	FP_ROUTE KDFW..KSTL

TRACK_TIME 1167737286
TRACK A20110117605004 E145 391500 944360 120 30 999 NONE NONE 330
	FP_ROUTE KMCI..KORD

TRACK_TIME 1167737286
TRACK A20110117605009 B752 415500 875700 120 30 999 NONE NONE 380
	FP_ROUTE KORD..KDEN

TRACK_TIME 1167737286
TRACK A20110117605014 CRJ2 333900 842260 120 30 999 NONE NONE 280
	FP_ROUTE KATL..KGPT

TRACK_TIME 1167737286
TRACK A20110117605015 CRJ2 302200 890100 120 30 999 NONE NONE 290
	FP_ROUTE KGPT..KATL

TRACK_TIME 1167737286
TRACK A20110117605017 CRJ2 380900 854300 120 30 999 NONE NONE 50
	FP_ROUTE KSDF..KCLT

TRACK_TIME 1167737286
TRACK A20110117605019 B738 372260 1215700 120 30 999 NONE NONE 340
	FP_ROUTE KSJC..KSEA

TRACK_TIME 1167737286
TRACK A20110117605027 CRJ9 333900 1175260 120 30 999 NONE NONE 330
	FP_ROUTE KSNA..KPHX

TRACK_TIME 1167737286
TRACK A20110117605030 B752 293100 982800 120 30 999 NONE NONE 350
	FP_ROUTE KSAT..KATL

TRACK_TIME 1167737286
TRACK A20110117605031 B738 324360 1171360 120 30 999 NONE NONE 350
	FP_ROUTE KSAN..KEWR

TRACK_TIME 1167737286
TRACK A20110117605034 A319 445400 931500 120 30 999 NONE NONE 360
	FP_ROUTE KMSP..KSFO

TRACK_TIME 1167737286
TRACK A20110117605037 B753 295700 951960 120 30 999 NONE NONE 370
	FP_ROUTE KIAH..KMCO

TRACK_TIME 1167737286
TRACK A20110117605045 E190 404500 735100 120 30 999 NONE NONE 210
	FP_ROUTE KLGA..KBOS

TRACK_TIME 1167737286
TRACK A20110117605050 E170 282560 811800 120 30 999 NONE NONE 350
	FP_ROUTE KMCO..KDCA

TRACK_TIME 1167737286
TRACK A20110117605058 DH8A 371900 800000 120 30 999 NONE NONE 120
	FP_ROUTE KROA..KLGA

TRACK_TIME 1167737286
TRACK A20110117605062 E135 422200 705800 120 30 999 NONE NONE 160
	FP_ROUTE KBOS..KLGA

TRACK_TIME 1167737286
TRACK A20110117605063 CRJ2 333760 842400 120 30 999 NONE NONE 230
	FP_ROUTE KATL..KTLH

TRACK_TIME 1167737286
TRACK A20110117605064 CRJ2 302260 842400 120 30 999 NONE NONE 220
	FP_ROUTE KTLH..KATL

TRACK_TIME 1167737286
TRACK A20110117605070 E135 413300 934000 120 30 999 NONE NONE 360
	FP_ROUTE KDSM..KDFW

TRACK_TIME 1167737286
TRACK A20110117605071 B712 194060 1560300 120 30 999 NONE NONE 160
	FP_ROUTE KKOA..KHNL

TRACK_TIME 1167737286
TRACK A20110117605072 E145 420000 874800 120 30 999 NONE NONE 350
	FP_ROUTE KORD..KMDT

TRACK_TIME 1167737286
TRACK A20110117605077 B752 472560 1221800 120 30 999 NONE NONE 350
	FP_ROUTE KSEA..KATL

TRACK_TIME 1167737286
TRACK A20110117605080 B735 332560 1115860 120 30 999 NONE NONE 320
	FP_ROUTE KPHX..KLAX

TRACK_TIME 1167737286
TRACK A20110117605081 B735 335700 1182800 120 30 999 NONE NONE 360
	FP_ROUTE KLAX..KOAK

TRACK_TIME 1167737286
TRACK A20110117605084 E145 404600 734900 120 30 999 NONE NONE 300
	FP_ROUTE KLGA..KGSO

TRACK_TIME 1167737286
TRACK A20110117605086 E120 335700 1182860 120 30 999 NONE NONE 70
	FP_ROUTE KLAX..KIYK

TRACK_TIME 1167737286
TRACK A20110117605088 E135 335560 1182700 120 30 999 NONE NONE 350
	FP_ROUTE KLAX..KDEN

TRACK_TIME 1167737286
TRACK A20110117605095 E120 342560 1182100 120 30 999 NONE NONE 59
	FP_ROUTE KIYK..KLAX

TRACK_TIME 1167737286
TRACK A20110117605097 E120 335560 1182700 120 30 999 NONE NONE 91
	FP_ROUTE KLAX..KSAN

TRACK_TIME 1167737286
TRACK A20110117605099 E190 303000 814060 120 30 999 NONE NONE 370
	FP_ROUTE KJAX..KJFK

TRACK_TIME 1167737286
TRACK A20110117605103 LJ35 260760 815200 120 30 999 NONE NONE 410
	FP_ROUTE KAPF..KPWK

TRACK_TIME 1167737286
TRACK A20110117605105 CRJ2 335560 1182700 120 30 999 NONE NONE 330
	FP_ROUTE KLAX..KABQ

TRACK_TIME 1167737286
TRACK A20110117605108 E145 360600 795560 120 30 999 NONE NONE 290
	FP_ROUTE KGSO..KEWR

TRACK_TIME 1167737286
TRACK A20110117605109 B737 414600 874360 120 30 999 NONE NONE 380
	FP_ROUTE KMDW..KLAS

TRACK_TIME 1167737286
TRACK A20110117605112 B737 390760 763900 120 30 999 NONE NONE 380
	FP_ROUTE KBWI..KLAX

TRACK_TIME 1167737286
TRACK A20110117605113 B738 301660 974900 120 30 999 NONE NONE 380
	FP_ROUTE KAUS..KLAX

TRACK_TIME 1167737286
TRACK A20110117605117 B738 415800 880400 120 30 999 NONE NONE 360
	FP_ROUTE KORD..KSNA

TRACK_TIME 1167737286
TRACK A20110117605119 AT72 312800 1001360 120 30 999 NONE NONE 110
	FP_ROUTE KSJT..KDFW

TRACK_TIME 1167737286
TRACK A20110117605122 B752 211800 1575400 120 30 999 NONE NONE 370
	FP_ROUTE KHNL..KSFO

TRACK_TIME 1167737286
TRACK A20110117605123 E145 390900 763900 120 30 999 NONE NONE 170
	FP_ROUTE KBWI..KJFK

TRACK_TIME 1167737286
TRACK A20110117605126 A319 445100 931360 120 30 999 NONE NONE 370
	FP_ROUTE KMSP..KMEM

TRACK_TIME 1167737286
TRACK A20110117605130 CRJ2 395200 1043460 120 30 999 NONE NONE 330
	FP_ROUTE KDEN..KICT

TRACK_TIME 1167737286
TRACK A20110117605134 CRJ2 333900 842200 120 30 999 NONE NONE 210
	FP_ROUTE KATL..KTYS

TRACK_TIME 1167737286
TRACK A20110117605138 CRJ2 354960 835700 120 30 999 NONE NONE 110
	FP_ROUTE KTYS..KATL

TRACK_TIME 1167737286
TRACK A20110117605142 CRJ2 421200 832100 120 30 999 NONE NONE 250
	FP_ROUTE KDTW..KAVP

TRACK_TIME 1167737286
TRACK A20110117605144 B752 333760 842200 120 30 999 NONE NONE 290
	FP_ROUTE KATL..KRDU

TRACK_TIME 1167737286
TRACK A20110117605146 E145 404000 734200 120 30 999 NONE NONE 320
	FP_ROUTE KJFK..KCLE

TRACK_TIME 1167737286
TRACK A20110117605147 E145 412400 815260 120 30 999 NONE NONE 290
	FP_ROUTE KCLE..KJFK

TRACK_TIME 1167737286
TRACK A20110117605148 E120 394660 1215100 120 30 999 NONE NONE 240
	FP_ROUTE KCIC..KACV

TRACK_TIME 1167737286
TRACK A20110117605152 MD83 325100 970160 120 30 999 NONE NONE 310
	FP_ROUTE KDFW..KRDU

TRACK_TIME 1167737286
TRACK A20110117605153 E145 321800 861960 120 30 999 NONE NONE 320
	FP_ROUTE KMGM..KDFW

TRACK_TIME 1167737286
TRACK A20110117605160 A321 260400 801060 120 30 999 NONE NONE 350
	FP_ROUTE KFLL..KDTW

TRACK_TIME 1167737286
TRACK A20110117605163 AT72 644600 1475500 120 30 999 NONE NONE 210
	FP_ROUTE KFAI..KANC

TRACK_TIME 1167737286
TRACK A20110117605171 E135 405200 740300 120 30 999 NONE NONE 240
	FP_ROUTE KTEB..KCLE

TRACK_TIME 1167737286
TRACK A20110117605173 E145 380900 854300 120 30 999 NONE NONE 360
	FP_ROUTE KSDF..KDFW

TRACK_TIME 1167737286
TRACK A20110117605175 B734 282500 811900 120 30 999 NONE NONE 110
	FP_ROUTE KMCO..KCLT

TRACK_TIME 1167737286
TRACK A20110117605178 CRJ2 442800 881000 120 30 999 NONE NONE 50
	FP_ROUTE KGRB..KMSP

TRACK_TIME 1167737286
TRACK A20110117605188 FA10 303300 910760 120 30 999 NONE NONE 100
	FP_ROUTE KBTR..KAEX

TRACK_TIME 1167737286
TRACK A20110117605190 FA10 311800 923160 120 30 999 NONE NONE 360
	FP_ROUTE KAEX..KROW

TRACK_TIME 1167737286
TRACK A20110117605191 FA10 332500 1044800 120 30 999 NONE NONE 360
	FP_ROUTE KROW..KLAS

TRACK_TIME 1167737286
TRACK A20110117605197 B733 293900 951800 120 30 999 NONE NONE 350
	FP_ROUTE KHOU..KFLL

TRACK_TIME 1167737286
TRACK A20110117605207 DH8D 404300 740760 120 30 999 NONE NONE 160
	FP_ROUTE KEWR..KBUF

TRACK_TIME 1167737286
TRACK A20110117605208 B737 395860 824960 120 30 999 NONE NONE 410
	FP_ROUTE KCMH..KTPA

TRACK_TIME 1167737286
TRACK A20110117605210 B737 263400 815260 120 30 999 NONE NONE 130
	FP_ROUTE KRSW..KTPA

TRACK_TIME 1167737286
TRACK A20110117605214 B735 295860 951800 120 30 999 NONE NONE 350
	FP_ROUTE KIAH..KDTW

TRACK_TIME 1167737286
TRACK A20110117605215 CRJ2 333760 842260 120 30 999 NONE NONE 230
	FP_ROUTE KATL..KTLH

TRACK_TIME 1167737286
TRACK A20110117605220 CRJ2 302700 842560 120 30 999 NONE NONE 220
	FP_ROUTE KTLH..KATL

TRACK_TIME 1167737286
TRACK A20110117605221 E145 412260 815560 120 30 999 NONE NONE 360
	FP_ROUTE KCLE..KMSP

TRACK_TIME 1167737286
TRACK A20110117605222 B752 472500 1221900 120 30 999 NONE NONE 350
	FP_ROUTE KSEA..KJFK

TRACK_TIME 1167737286
TRACK A20110117605223 CRJ2 334000 841900 120 30 999 NONE NONE 39
	FP_ROUTE KATL..KSDF

TRACK_TIME 1167737286
TRACK A20110117605224 CRJ2 381000 854300 120 30 999 NONE NONE 270
	FP_ROUTE KSDF..KATL

TRACK_TIME 1167737286
TRACK A20110117605230 B737 352200 973700 120 30 999 NONE NONE 400
	FP_ROUTE KOKC..KDEN

TRACK_TIME 1167737286
TRACK A20110117605231 B737 394960 1044500 120 30 999 NONE NONE 400
	FP_ROUTE KDEN..KLAX

TRACK_TIME 1167737286
TRACK A20110117605232 B737 335700 1182700 120 30 999 NONE NONE 360
	FP_ROUTE KLAX..KSJC

TRACK_TIME 1167737286
TRACK A20110117605234 B752 325260 970160 120 30 999 NONE NONE 330
	FP_ROUTE KDFW..KSTL

TRACK_TIME 1167737286
TRACK A20110117605235 CRJ2 333900 842260 120 30 999 NONE NONE 280
	FP_ROUTE KATL..KSGF

TRACK_TIME 1167737286
TRACK A20110117605237 A320 421200 832260 120 30 999 NONE NONE 340
	FP_ROUTE KDTW..KSLC

TRACK_TIME 1167737286
TRACK A20110117605238 E145 355100 835800 120 30 999 NONE NONE 360
	FP_ROUTE KTYS..KIAH

TRACK_TIME 1167737286
TRACK A20110117605239 B733 324500 1171360 120 30 999 NONE NONE 360
	FP_ROUTE KSAN..KSJC

TRACK_TIME 1167737286
TRACK A20110117605248 F900 425560 784300 120 30 999 NONE NONE 430
	FP_ROUTE KBUF..KMTH

TRACK_TIME 1167737286
TRACK A20110117605249 F900 244200 810460 120 30 999 NONE NONE 410
	FP_ROUTE KMTH..KTEB

TRACK_TIME 1167737286
TRACK A20110117605263 B738 320600 1105500 120 30 999 NONE NONE 360
	FP_ROUTE KTUS..KSEA

TRACK_TIME 1167737286
TRACK A20110117605264 C750 302560 890760 120 30 999 NONE NONE 400
	FP_ROUTE KGPT..KPWA

TRACK_TIME 1167737286
TRACK A20110117605266 C750 353100 973900 120 30 999 NONE NONE 430
	FP_ROUTE KPWA..KSUN

TRACK_TIME 1167737286
TRACK A20110117605268 E170 395260 751300 120 30 999 NONE NONE 340
	FP_ROUTE KPHL..KMKE

TRACK_TIME 1167737286
TRACK A20110117605272 B737 275700 823300 120 30 999 NONE NONE 380
	FP_ROUTE KTPA..KIAH

TRACK_TIME 1167737286
TRACK A20110117605275 DH8C 381900 752860 120 30 999 NONE NONE 160
	FP_ROUTE KSBY..KCLT

TRACK_TIME 1167737286
TRACK A20110117605276 E170 355260 784600 120 30 999 NONE NONE 270
	FP_ROUTE KRDU..KPHL

TRACK_TIME 1167737286
TRACK A20110117605280 E170 395260 751300 120 30 999 NONE NONE 280
	FP_ROUTE KPHL..KCLE

TRACK_TIME 1167737286
TRACK A20110117605281 A320 335560 1182800 120 30 999 NONE NONE 370
	FP_ROUTE KLAX..KDEN

TRACK_TIME 1167737286
TRACK A20110117605284 MD82 384300 901500 120 30 999 NONE NONE 50
	FP_ROUTE KSTL..KDFW

TRACK_TIME 1167737286
TRACK A20110117605285 B733 275800 823300 120 30 999 NONE NONE 340
	FP_ROUTE KTPA..KHOU

TRACK_TIME 1167737286
TRACK A20110117605289 E170 425560 875400 120 30 999 NONE NONE 340
	FP_ROUTE KMKE..KDFW

TRACK_TIME 1167737286
TRACK A20110117605291 E135 324360 1171300 120 30 999 NONE NONE 100
	FP_ROUTE KSAN..KLAX

TRACK_TIME 1167737286
TRACK A20110117605292 MU2 380900 1223300 120 30 999 NONE NONE 250
	FP_ROUTE KDVO..KVNY

TRACK_TIME 1167737286
TRACK A20110117605304 DH8D 412400 815200 120 30 999 NONE NONE 230
	FP_ROUTE KCLE..KBWI

TRACK_TIME 1167737286
TRACK A20110117605305 DH8D 390900 763760 120 30 999 NONE NONE 111
	FP_ROUTE KBWI..KEWR

TRACK_TIME 1167737286
TRACK A20110117605308 B737 390760 764200 120 30 999 NONE NONE 380
	FP_ROUTE KBWI..KLAS

TRACK_TIME 1167737286
TRACK A20110117605309 B737 384300 901600 120 30 999 NONE NONE 380
	FP_ROUTE KSTL..KSEA

TRACK_TIME 1167737286
TRACK A20110117605311 A319 415800 875800 120 30 999 NONE NONE 360
	FP_ROUTE KORD..KSFO

TRACK_TIME 1167737286
TRACK A20110117605312 E135 453100 1225560 120 30 999 NONE NONE 370
	FP_ROUTE KHIO..KSJC

TRACK_TIME 1167737286
TRACK A20110117605325 B737 404900 730460 120 30 999 NONE NONE 400
	FP_ROUTE KISP..KMDW

TRACK_TIME 1167737286
TRACK A20110117605335 A319 275800 823300 120 30 999 NONE NONE 360
	FP_ROUTE KTPA..KORD

TRACK_TIME 1167737286
TRACK A20110117605338 B737 414600 874660 120 30 999 NONE NONE 380
	FP_ROUTE KMDW..KSNA

TRACK_TIME 1167737286
TRACK A20110117605339 C750 341800 775200 120 30 999 NONE NONE 430
	FP_ROUTE KILM..KMSP

TRACK_TIME 1167737286
TRACK A20110117605340 B737 333760 1175260 120 30 999 NONE NONE 380
	FP_ROUTE KSNA..KSFO

TRACK_TIME 1167737286
TRACK A20110117605341 B733 355260 784660 120 30 999 NONE NONE 360
	FP_ROUTE KRDU..KTPA

TRACK_TIME 1167737286
TRACK A20110117605357 CRJ2 413160 933900 120 30 999 NONE NONE 310
	FP_ROUTE KDSM..KATL

TRACK_TIME 1167737286
TRACK A20110117605358 MD11 211800 1575400 120 30 999 NONE NONE 390
	FP_ROUTE KHNL..KONT

TRACK_TIME 1167737286
TRACK A20110117605360 B752 391060 764360 120 30 999 NONE NONE 400
	FP_ROUTE KBWI..KORD

TRACK_TIME 1167737286
TRACK A20110117605362 B737 360700 1150900 120 30 999 NONE NONE 370
	FP_ROUTE KLAS..KMSP

TRACK_TIME 1167737286
TRACK A20110117605364 A320 332560 1120160 120 30 999 NONE NONE 350
	FP_ROUTE KPHX..KDEN

TRACK_TIME 1167737286
TRACK A20110117605365 B733 360600 864060 120 30 999 NONE NONE 340
	FP_ROUTE KBNA..KSAT

TRACK_TIME 1167737286
TRACK A20110117605366 E170 404300 740900 120 30 999 NONE NONE 320
	FP_ROUTE KEWR..KDTW

TRACK_TIME 1167737286
TRACK A20110117605367 B752 335560 1182700 120 30 999 NONE NONE 370
	FP_ROUTE KLAX..KORD

TRACK_TIME 1167737286
TRACK A20110117605368 B733 282500 811800 120 30 999 NONE NONE 360
	FP_ROUTE KMCO..KMSY

TRACK_TIME 1167737286
TRACK A20110117605369 A320 393160 1194600 120 30 999 NONE NONE 350
	FP_ROUTE KRNO..KSLC

TRACK_TIME 1167737286
TRACK A20110117605370 A320 404600 1115800 120 30 999 NONE NONE 330
	FP_ROUTE KSLC..KPHL

TRACK_TIME 1167737286
TRACK A20110117605371 C560 383900 903600 120 30 999 NONE NONE 410
	FP_ROUTE KSUS..KTRI

TRACK_TIME 1167737286
TRACK A20110117605374 C560 362700 822560 120 30 999 NONE NONE 400
	FP_ROUTE KTRI..KCPS

TRACK_TIME 1167737286
TRACK A20110117605377 B752 254800 801600 120 30 999 NONE NONE 391
	FP_ROUTE KMIA..KSJU

TRACK_TIME 1167737286
TRACK A20110117605378 BE20 373300 771660 120 30 999 NONE NONE 31
	FP_ROUTE KRIC..KRIC

TRACK_TIME 1167737286
TRACK A20110117605391 B739 404500 740760 120 30 999 NONE NONE 360
	FP_ROUTE KEWR..KMIA

TRACK_TIME 1167737286
TRACK A20110117605394 BE20 320600 1105560 120 30 999 NONE NONE 200
	FP_ROUTE KTUS..KNYL

TRACK_TIME 1167737286
TRACK A20110117605395 BE20 324360 1141060 120 30 999 NONE NONE 310
	FP_ROUTE KNYL..KLXT

TRACK_TIME 1167737286
TRACK A20110117605415 B737 372400 1215800 120 30 999 NONE NONE 390
	FP_ROUTE KSJC..KONT

TRACK_TIME 1167737286
TRACK A20110117605416 CRJ9 325200 970160 120 30 999 NONE NONE 350
	FP_ROUTE KDFW..KDTW

TRACK_TIME 1167737286
TRACK A20110117605419 B737 293900 951800 120 30 999 NONE NONE 390
	FP_ROUTE KHOU..KMDW

TRACK_TIME 1167737286
TRACK A20110117605422 B737 414660 874000 120 30 999 NONE NONE 390
	FP_ROUTE KMDW..KBOS

TRACK_TIME 1167737286
TRACK A20110117605423 DH8C 404300 740760 120 30 999 NONE NONE 41
	FP_ROUTE KEWR..KPHL

TRACK_TIME 1167737286
TRACK A20110117605434 CRJ2 402860 801060 120 30 999 NONE NONE 100
	FP_ROUTE KPIT..KLGA

TRACK_TIME 1167737286
TRACK A20110117605436 C550 353900 1191000 120 30 999 NONE NONE 159
	FP_ROUTE KMIT..KMMH

TRACK_TIME 1167737286
TRACK A20110117605437 E170 385200 770300 120 30 999 NONE NONE 250
	FP_ROUTE KDCA..KPVD

TRACK_TIME 1167737286
TRACK A20110117605438 A319 385200 770300 120 30 999 NONE NONE 360
	FP_ROUTE KDCA..KRSW

TRACK_TIME 1167737286
TRACK A20110117605439 B737 333760 842260 120 30 999 NONE NONE 390
	FP_ROUTE KATL..KTPA

TRACK_TIME 1167737286
TRACK A20110117605449 B752 415560 875400 120 30 999 NONE NONE 370
	FP_ROUTE KORD..KBWI

TRACK_TIME 1167737286
TRACK A20110117605450 A320 444900 931200 120 30 999 NONE NONE 390
	FP_ROUTE KMSP..KMEM

TRACK_TIME 1167737286
TRACK A20110117605453 A320 282500 811800 120 30 999 NONE NONE 370
	FP_ROUTE KMCO..KSJU

TRACK_TIME 1167737286
TRACK A20110117605473 A320 385560 773100 120 30 999 NONE NONE 380
	FP_ROUTE KIAD..KORD

TRACK_TIME 1167737286
TRACK A20110117605474 B738 182700 655800 120 30 999 NONE NONE 340
	FP_ROUTE KSJU..KMIA

TRACK_TIME 1167737286
TRACK A20110117605477 B712 205500 1562400 120 30 999 NONE NONE 160
	FP_ROUTE KOGG..KHNL

TRACK_TIME 1167737286
TRACK A20110117605482 B733 300700 974200 120 30 999 NONE NONE 340
	FP_ROUTE KAUS..KPHX

TRACK_TIME 1167737286
TRACK A20110117605485 CRJ2 481660 1011000 120 30 999 NONE NONE 270
	FP_ROUTE KMOT..KMSP

TRACK_TIME 1167737286
TRACK A20110117605486 E190 473600 1173400 120 30 999 NONE NONE 350
	FP_ROUTE KGEG..KDEN

TRACK_TIME 1167737286
TRACK A20110117605487 B733 332560 1120160 120 30 999 NONE NONE 320
	FP_ROUTE KPHX..KSAN

TRACK_TIME 1167737286
TRACK A20110117605490 E145 325200 970160 120 30 999 NONE NONE 370
	FP_ROUTE KDFW..KTYS

TRACK_TIME 1167737286
TRACK A20110117605498 A321 395100 751800 120 30 999 NONE NONE 320
	FP_ROUTE KPHL..KPHX

TRACK_TIME 1167737286
TRACK A20110117605501 C750 464360 1170900 120 30 999 NONE NONE 410
	FP_ROUTE KPUW..KDAY

TRACK_TIME 1167737286
TRACK A20110117605502 FA20 281800 812700 120 30 999 NONE NONE 360
	FP_ROUTE KISM..KAUS

TRACK_TIME 1167737286
TRACK A20110117605511 B738 254800 801900 120 30 999 NONE NONE 360
	FP_ROUTE KMIA..KDFW

TRACK_TIME 1167737286
TRACK A20110117605512 A321 332560 1120160 120 30 999 NONE NONE 319
	FP_ROUTE KPHX..KLAX

TRACK_TIME 1167737286
TRACK A20110117605515 A321 445100 931360 120 30 999 NONE NONE 340
	FP_ROUTE KMSP..KPHX

TRACK_TIME 1167737286
TRACK A20110117605516 A321 332560 1120160 120 30 999 NONE NONE 280
	FP_ROUTE KPHX..KLAS

TRACK_TIME 1167737286
TRACK A20110117605517 CRJ1 373160 771960 120 30 999 NONE NONE 300
	FP_ROUTE KRIC..KDTW

TRACK_TIME 1167737286
TRACK A20110117605536 B738 404360 740700 120 30 999 NONE NONE 380
	FP_ROUTE KEWR..KMCO

TRACK_TIME 1167737286
TRACK A20110117605537 A319 395260 1043700 120 30 999 NONE NONE 370
	FP_ROUTE KDEN..KMKE

TRACK_TIME 1167737286
TRACK A20110117605541 E135 355260 784660 120 30 999 NONE NONE 220
	FP_ROUTE KRDU..KDCA

TRACK_TIME 1167737286
TRACK A20110117605543 AT43 472700 1221900 120 30 999 NONE NONE 220
	FP_ROUTE KSEA..KKTN

TRACK_TIME 1167737286
TRACK A20110117605544 AT43 552800 1315560 120 30 999 NONE NONE 140
	FP_ROUTE KKTN..KSIT

TRACK_TIME 1167737286
TRACK A20110117605545 AT43 570160 1352100 120 30 999 NONE NONE 120
	FP_ROUTE KSIT..KJNU

TRACK_TIME 1167737286
TRACK A20110117605546 A320 403900 735100 120 30 999 NONE NONE 340
	FP_ROUTE KJFK..KSAN

TRACK_TIME 1167737286
TRACK A20110117605551 B752 445100 931360 120 30 999 NONE NONE 390
	FP_ROUTE KMSP..KATL

TRACK_TIME 1167737286
TRACK A20110117605560 B737 275800 823300 120 30 999 NONE NONE 380
	FP_ROUTE KTPA..KIND

TRACK_TIME 1167737286
TRACK A20110117605563 B763 333900 842200 120 30 999 NONE NONE 360
	FP_ROUTE KATL..KLAS

TRACK_TIME 1167737286
TRACK A20110117605567 B737 333900 842200 120 30 999 NONE NONE 380
	FP_ROUTE KATL..KMDW

TRACK_TIME 1167737286
TRACK A20110117605569 B737 332560 1120000 120 30 999 NONE NONE 320
	FP_ROUTE KPHX..KSNA

TRACK_TIME 1167737286
TRACK A20110117605570 B737 333700 1175400 120 30 999 NONE NONE 380
	FP_ROUTE KSNA..KSFO

TRACK_TIME 1167737286
TRACK A20110117605573 CRJ2 333760 842100 120 30 999 NONE NONE 240
	FP_ROUTE KATL..KILM

TRACK_TIME 1167737286
TRACK A20110117605574 CRJ2 341900 775200 120 30 999 NONE NONE 280
	FP_ROUTE KILM..KATL

TRACK_TIME 1167737286
TRACK A20110117605576 C560 374600 811000 120 30 999 NONE NONE 150
	FP_ROUTE KBKW..KMGW

TRACK_TIME 1167737286
TRACK A20110117605578 E170 394800 1044000 120 30 999 NONE NONE 350
	FP_ROUTE KDEN..KAUS

TRACK_TIME 1167737286
TRACK A20110117605588 MD82 385260 770400 120 30 999 NONE NONE 340
	FP_ROUTE KDCA..KSTL

TRACK_TIME 1167737286
TRACK A20110117605589 CRJ1 355400 784660 120 30 999 NONE NONE 310
	FP_ROUTE KRDU..KBOS

TRACK_TIME 1167737286
TRACK A20110117605590 B738 403900 734960 120 30 999 NONE NONE 360
	FP_ROUTE KJFK..KPHX

TRACK_TIME 1167737286
TRACK A20110117605591 B752 404000 734500 120 30 999 NONE NONE 360
	FP_ROUTE KJFK..KSLC

TRACK_TIME 1167737286
TRACK A20110117605594 DH8D 335700 1183000 120 30 999 NONE NONE 220
	FP_ROUTE KLAX..KACV

TRACK_TIME 1167737286
TRACK A20110117605597 CL60 405200 1115800 120 30 999 NONE NONE 370
	FP_ROUTE KSLC..KHEF

TRACK_TIME 1167737286
TRACK A20110117605602 BE20 360700 1150760 120 30 999 NONE NONE 270
	FP_ROUTE KLAS..KCYS

TRACK_TIME 1167737286
TRACK A20110117605608 CRJ2 441360 1211060 120 30 999 NONE NONE 370
	FP_ROUTE KRDM..KDEN

TRACK_TIME 1167737286
TRACK A20110117605614 B737 260400 801000 120 30 999 NONE NONE 210
	FP_ROUTE KFLL..KMCO

TRACK_TIME 1167737286
TRACK A20110117605616 CRJ2 465560 1140760 120 30 999 NONE NONE 330
	FP_ROUTE KMSO..KDEN

TRACK_TIME 1167737286
TRACK A20110117605619 CRJ2 415860 875260 120 30 999 NONE NONE 240
	FP_ROUTE KORD..KEAU

TRACK_TIME 1167737286
TRACK A20110117605622 B738 390160 844000 120 30 999 NONE NONE 360
	FP_ROUTE KCVG..KLAX

TRACK_TIME 1167737286
TRACK A20110117605623 CRJ2 445200 912860 120 30 999 NONE NONE 270
	FP_ROUTE KEAU..KORD

TRACK_TIME 1167737286
TRACK A20110117605631 E170 445560 931360 120 30 999 NONE NONE 330
	FP_ROUTE KMSP..KPHL

TRACK_TIME 1167737286
TRACK A20110117605633 E170 395200 751200 120 30 999 NONE NONE 100
	FP_ROUTE KPHL..KDCA

TRACK_TIME 1167737286
TRACK A20110117605640 B712 205500 1562500 120 30 999 NONE NONE 160
	FP_ROUTE KOGG..KHNL

TRACK_TIME 1167737286
TRACK A20110117605643 B738 612100 1500300 120 30 999 NONE NONE 350
	FP_ROUTE KANC..KSLC

TRACK_TIME 1167737286
TRACK A20110117605644 B738 404600 1115800 120 30 999 NONE NONE 350
	FP_ROUTE KSLC..KDTW

TRACK_TIME 1167737286
TRACK A20110117605645 CRJ2 351360 805700 120 30 999 NONE NONE 300
	FP_ROUTE KCLT..KBTR

TRACK_TIME 1167737286
TRACK A20110117605647 CRJ9 384360 901800 120 30 999 NONE NONE 330
	FP_ROUTE KSTL..KATL

TRACK_TIME 1167737286
TRACK A20110117605648 CRJ2 404900 964600 120 30 999 NONE NONE 320
	FP_ROUTE KLNK..KDEN

TRACK_TIME 1167737286
TRACK A20110117605654 CRJ1 421200 832100 120 30 999 NONE NONE 290
	FP_ROUTE KDTW..KPHL

TRACK_TIME 1167737286
TRACK A20110117605664 B744 403900 734360 120 30 999 NONE NONE 380
	FP_ROUTE KJFK..KORD

TRACK_TIME 1167737286
TRACK A20110117605669 B737 395100 1044660 120 30 999 NONE NONE 400
	FP_ROUTE KDEN..KLAX

TRACK_TIME 1167737286
TRACK A20110117605670 B737 395260 1043700 120 30 999 NONE NONE 390
	FP_ROUTE KDEN..KIAD

TRACK_TIME 1167737286
TRACK A20110117605673 B764 211800 1575700 120 30 999 NONE NONE 330
	FP_ROUTE KHNL..KIAH

TRACK_TIME 1167737286
TRACK A20110117605674 E135 415500 875700 120 30 999 NONE NONE 220
	FP_ROUTE KORD..KCID

TRACK_TIME 1167737286
TRACK A20110117605675 E135 415560 875400 120 30 999 NONE NONE 330
	FP_ROUTE KORD..KBNA

TRACK_TIME 1167737286
TRACK A20110117605681 CRJ1 390300 844060 120 30 999 NONE NONE 140
	FP_ROUTE KCVG..KFWA

TRACK_TIME 1167737286
TRACK A20110117605687 B737 453460 1223700 120 30 999 NONE NONE 390
	FP_ROUTE KPDX..KDEN

TRACK_TIME 1167737286
TRACK A20110117605689 B712 282560 811800 120 30 999 NONE NONE 330
	FP_ROUTE KMCO..KCMH

TRACK_TIME 1167737286
TRACK A20110117605692 CRJ2 333700 841900 120 30 999 NONE NONE 240
	FP_ROUTE KATL..KVPS

TRACK_TIME 1167737286
TRACK A20110117605693 CRJ2 302860 862560 120 30 999 NONE NONE 230
	FP_ROUTE KVPS..KATL

TRACK_TIME 1167737286
TRACK A20110117605700 B738 334000 842100 120 30 999 NONE NONE 400
	FP_ROUTE KATL..KHDN

TRACK_TIME 1167737286
TRACK A20110117605703 E170 425700 712700 120 30 999 NONE NONE 100
	FP_ROUTE KMHT..KPHL

TRACK_TIME 1167737286
TRACK A20110117605705 A319 404500 735100 120 30 999 NONE NONE 380
	FP_ROUTE KLGA..KORD

TRACK_TIME 1167737286
TRACK A20110117605706 CRJ2 351500 805800 120 30 999 NONE NONE 150
	FP_ROUTE KCLT..KROA

TRACK_TIME 1167737286
TRACK A20110117605710 SF34 295800 952100 120 30 999 NONE NONE 100
	FP_ROUTE KIAH..KGRK

TRACK_TIME 1167737286
TRACK A20110117605714 CRJ2 415800 875700 120 30 999 NONE NONE 160
	FP_ROUTE KORD..KMLI

TRACK_TIME 1167737286
TRACK A20110117605716 B737 383900 1213300 120 30 999 NONE NONE 410
	FP_ROUTE KSMF..KSAN

TRACK_TIME 1167737286
TRACK A20110117605719 CRJ9 404900 1115860 120 30 999 NONE NONE 350
	FP_ROUTE KSLC..KDEN

TRACK_TIME 1167737286
TRACK A20110117605720 FA50 381960 961000 120 30 999 NONE NONE 450
	FP_ROUTE KEMP..KTEB

TRACK_TIME 1167737286
TRACK A20110117605721 CRJ9 333900 842260 120 30 999 NONE NONE 340
	FP_ROUTE KATL..KDSM

TRACK_TIME 1167737286
TRACK A20110117605722 CRJ9 413160 933760 120 30 999 NONE NONE 350
	FP_ROUTE KDSM..KATL

TRACK_TIME 1167737286
TRACK A20110117605725 B737 472560 1221900 120 30 999 NONE NONE 370
	FP_ROUTE KSEA..KPHX

TRACK_TIME 1167737286
TRACK A20110117605729 E145 425700 712560 120 30 999 NONE NONE 160
	FP_ROUTE KMHT..KEWR

TRACK_TIME 1167737286
TRACK A20110117605730 MD83 421300 890400 120 30 999 NONE NONE 330
	FP_ROUTE KRFD..KSFB

TRACK_TIME 1167737286
TRACK A20110117605731 B737 384000 1213400 120 30 999 NONE NONE 410
	FP_ROUTE KSMF..KLAX

TRACK_TIME 1167737286
TRACK A20110117605736 E145 295700 951960 120 30 999 NONE NONE 260
	FP_ROUTE KIAH..KBRO

TRACK_TIME 1167737286
TRACK A20110117605739 B737 373760 1222200 120 30 999 NONE NONE 370
	FP_ROUTE KSFO..KMDW

TRACK_TIME 1167737286
TRACK A20110117605743 A320 404000 734500 120 30 999 NONE NONE 350
	FP_ROUTE KJFK..KSJU

TRACK_TIME 1167737286
TRACK A20110117605753 B772 373760 1222400 120 30 999 NONE NONE 310
	FP_ROUTE KSFO..KLAX

TRACK_TIME 1167737286
TRACK A20110117605776 B737 472560 1221800 120 30 999 NONE NONE 370
	FP_ROUTE KSEA..KMDW

TRACK_TIME 1167737286
TRACK A20110117605777 E190 282400 811800 120 30 999 NONE NONE 370
	FP_ROUTE KMCO..KHPN

TRACK_TIME 1167737286
TRACK A20110117605778 A320 182800 655860 120 30 999 NONE NONE 360
	FP_ROUTE KSJU..KIAD

TRACK_TIME 1167737286
TRACK A20110117605781 B737 275800 823300 120 30 999 NONE NONE 380
	FP_ROUTE KTPA..KLAS

TRACK_TIME 1167737286
TRACK A20110117605783 B737 394960 1044360 120 30 999 NONE NONE 380
	FP_ROUTE KDEN..KSNA

TRACK_TIME 1167737286
TRACK A20110117605788 E135 391360 1065260 120 30 999 NONE NONE 410
	FP_ROUTE KASE..KTEB

TRACK_TIME 1167737286
TRACK A20110117605802 CRJ2 350160 895860 120 30 999 NONE NONE 320
	FP_ROUTE KMEM..KAMA

TRACK_TIME 1167737286
TRACK A20110117605803 CRJ2 421200 832100 120 30 999 NONE NONE 140
	FP_ROUTE KDTW..KCMH

TRACK_TIME 1167737286
TRACK A20110117605810 CRJ1 355400 784660 120 30 999 NONE NONE 310
	FP_ROUTE KRDU..KBOS

TRACK_TIME 1167737286
TRACK A20110117605811 B744 415860 880000 120 30 999 NONE NONE 360
	FP_ROUTE KORD..KANC

TRACK_TIME 1167737286
TRACK A20110117605816 BE20 404600 911660 120 30 999 NONE NONE 40
	FP_ROUTE KFSW..KIOW

TRACK_TIME 1167737286
TRACK A20110117605817 BE20 413760 913160 120 30 999 NONE NONE 162
	FP_ROUTE KIOW..KIKV

TRACK_TIME 1167737286
TRACK A20110117605818 BE20 414060 933300 120 30 999 NONE NONE 160
	FP_ROUTE KIKV..KFSD

TRACK_TIME 1167737286
TRACK A20110117605819 BE20 433760 964300 120 30 999 NONE NONE 270
	FP_ROUTE KFSD..KIOW

TRACK_TIME 1167737286
TRACK A20110117605820 BE20 413760 913400 120 30 999 NONE NONE 50
	FP_ROUTE KIOW..KFSW

TRACK_TIME 1167737286
TRACK A20110117605830 E145 402860 801000 120 30 999 NONE NONE 360
	FP_ROUTE KPIT..KORD

TRACK_TIME 1167737286
TRACK A20110117605831 CRJ9 334000 841900 120 30 999 NONE NONE 360
	FP_ROUTE KATL..KMTJ

TRACK_TIME 1167737286
TRACK A20110117605832 CRJ9 383100 1075400 120 30 999 NONE NONE 390
	FP_ROUTE KMTJ..KATL

TRACK_TIME 1167737286
TRACK A20110117605839 B753 282560 811800 120 30 999 NONE NONE 350
	FP_ROUTE KMCO..KEWR

TRACK_TIME 1167737286
TRACK A20110117605840 A320 260460 800760 120 30 999 NONE NONE 370
	FP_ROUTE KFLL..KBOS

TRACK_TIME 1167737286
TRACK A20110117605841 CRJ9 350000 895860 120 30 999 NONE NONE 360
	FP_ROUTE KMEM..KSLC

TRACK_TIME 1167737286
TRACK A20110117605842 CRJ2 433460 1161600 120 30 999 NONE NONE 110
	FP_ROUTE KBOI..KSLC

TRACK_TIME 1167737286
TRACK A20110117605843 C550 341660 775200 120 30 999 NONE NONE 330
	FP_ROUTE KILM..KOXC

TRACK_TIME 1167737286
TRACK A20110117605844 C550 412800 731060 120 30 999 NONE NONE 320
	FP_ROUTE KOXC..KILM

TRACK_TIME 1167737286
TRACK A20110117605849 CRJ2 313700 845400 120 30 999 NONE NONE 210
	FP_ROUTE KDHN..KATL

TRACK_TIME 1167737286
TRACK A20110117605850 CRJ2 404900 1115860 120 30 999 NONE NONE 310
	FP_ROUTE KSLC..KGTF

TRACK_TIME 1167737286
TRACK A20110117605851 A319 404360 734900 120 30 999 NONE NONE 360
	FP_ROUTE KLGA..KMSY

TRACK_TIME 1167737286
TRACK A20110117605852 CRJ2 472700 1112400 120 30 999 NONE NONE 310
	FP_ROUTE KGTF..KSLC

TRACK_TIME 1167737286
TRACK A20110117605854 B738 472560 1221800 120 30 999 NONE NONE 350
	FP_ROUTE KSEA..KLAS

TRACK_TIME 1167737286
TRACK A20110117605871 E145 395260 1043460 120 30 999 NONE NONE 350
	FP_ROUTE KDEN..KMCI

TRACK_TIME 1167737286
TRACK A20110117605872 E145 391600 945100 120 30 999 NONE NONE 360
	FP_ROUTE KMCI..KDEN

TRACK_TIME 1167737286
TRACK A20110117605874 A319 472560 1221800 120 30 999 NONE NONE 370
	FP_ROUTE KSEA..KMSP

TRACK_TIME 1167737286
TRACK A20110117605883 B738 385260 770300 120 30 999 NONE NONE 360
	FP_ROUTE KDCA..KLAX

TRACK_TIME 1167737286
TRACK A20110117605895 B737 360700 1150900 120 30 999 NONE NONE 280
	FP_ROUTE KLAS..KSNA

TRACK_TIME 1167737286
TRACK A20110117605896 CRJ2 442560 880700 120 30 999 NONE NONE 230
	FP_ROUTE KGRB..KDTW

TRACK_TIME 1167737286
TRACK A20110117605906 B737 415700 724000 120 30 999 NONE NONE 300
	FP_ROUTE KBDL..KBWI

TRACK_TIME 1167737286
TRACK A20110117605923 A320 430700 892100 120 30 999 NONE NONE 99
	FP_ROUTE KMSN..KMSP

TRACK_TIME 1167737286
TRACK A20110117605924 A320 444960 931300 120 30 999 NONE NONE 350
	FP_ROUTE KMSP..KFLL

TRACK_TIME 1167737286
TRACK A20110117605928 B712 254800 801600 120 30 999 NONE NONE 330
	FP_ROUTE KMIA..KBWI

TRACK_TIME 1167737286
TRACK A20110117605947 CRJ1 395800 841360 120 30 999 NONE NONE 120
	FP_ROUTE KDAY..KDTW

TRACK_TIME 1167737286
TRACK A20110117605953 B737 332560 1115860 120 30 999 NONE NONE 390
	FP_ROUTE KPHX..KTUL

TRACK_TIME 1167737286
TRACK A20110117605957 A319 392560 743160 120 30 999 NONE NONE 380
	FP_ROUTE KACY..KPBI

TRACK_TIME 1167737286
TRACK A20110117605959 B737 611300 1500300 120 30 999 NONE NONE 340
	FP_ROUTE KANC..KFAI

TRACK_TIME 1167737286
TRACK A20110117605960 B737 645400 1474300 120 30 999 NONE NONE 380
	FP_ROUTE KFAI..KSCC

TRACK_TIME 1167737286
TRACK A20110117605961 A320 390300 844200 120 30 999 NONE NONE 340
	FP_ROUTE KCVG..KSFO

TRACK_TIME 1167737286
TRACK A20110117605966 B733 391660 944360 120 30 999 NONE NONE 360
	FP_ROUTE KMCI..KDEN

TRACK_TIME 1167737286
TRACK A20110117605969 CRJ1 390160 843900 120 30 999 NONE NONE 290
	FP_ROUTE KCVG..KMDT

TRACK_TIME 1167737286
TRACK A20110117605970 E145 404200 740900 120 30 999 NONE NONE 360
	FP_ROUTE KEWR..KGRR

TRACK_TIME 1167737286
TRACK A20110117605971 E145 425260 852800 120 30 999 NONE NONE 190
	FP_ROUTE KGRR..KCLE

TRACK_TIME 1167737286
TRACK A20110117605975 A319 473600 1173300 120 30 999 NONE NONE 330
	FP_ROUTE KGEG..KDEN

TRACK_TIME 1167737286
TRACK A20110117605978 DC10 315200 1062200 120 30 999 NONE NONE 350
	FP_ROUTE KBIF..KLFI

TRACK_TIME 1167737286
TRACK A20110117605982 B752 373900 1222100 120 30 999 NONE NONE 370
	FP_ROUTE KSFO..KJFK

TRACK_TIME 1167737286
TRACK A20110117605983 B742 403900 734600 120 30 999 NONE NONE 160
	FP_ROUTE KJFK..KNGU

TRACK_TIME 1167737286
TRACK A20110117605990 B742 365560 761660 120 30 999 NONE NONE 150
	FP_ROUTE KNGU..KJFK

TRACK_TIME 1167737286
TRACK A20110117606005 E145 295860 951800 120 30 999 NONE NONE 370
	FP_ROUTE KIAH..KCMH

TRACK_TIME 1167737286
TRACK A20110117606006 B737 324500 1171360 120 30 999 NONE NONE 410
	FP_ROUTE KSAN..KDEN

TRACK_TIME 1167737286
TRACK A20110117606007 B737 374300 1221500 120 30 999 NONE NONE 410
	FP_ROUTE KOAK..KSNA

TRACK_TIME 1167737286
TRACK A20110117606010 CRJ2 421200 832200 120 30 999 NONE NONE 280
	FP_ROUTE KDTW..KATW

TRACK_TIME 1167737286
TRACK A20110117606011 C550 264300 801200 120 30 999 NONE NONE 410
	FP_ROUTE KPBI..KTEB

TRACK_TIME 1167737286
TRACK A20110117606012 B737 333900 1175260 120 30 999 NONE NONE 290
	FP_ROUTE KSNA..KLAS

TRACK_TIME 1167737286
TRACK A20110117606013 B737 360700 1150900 120 30 999 NONE NONE 400
	FP_ROUTE KLAS..KSEA

TRACK_TIME 1167737286
TRACK A20110117606014 AT72 321960 952560 120 30 999 NONE NONE 69
	FP_ROUTE KTYR..KDFW

TRACK_TIME 1167737286
TRACK A20110117606018 B737 472500 1221800 120 30 999 NONE NONE 370
	FP_ROUTE KSEA..KDEN

TRACK_TIME 1167737286
TRACK A20110117606028 B739 295700 952100 120 30 999 NONE NONE 330
	FP_ROUTE KIAH..KPIT

TRACK_TIME 1167737286
TRACK A20110117606029 B733 324960 964960 120 30 999 NONE NONE 60
	FP_ROUTE KDAL..KHOU

TRACK_TIME 1167737286
TRACK A20110117606030 B733 293760 951600 120 30 999 NONE NONE 330
	FP_ROUTE KHOU..KTPA

TRACK_TIME 1167737286
TRACK A20110117606031 B733 275800 823300 120 30 999 NONE NONE 350
	FP_ROUTE KTPA..KRDU

TRACK_TIME 1167737286
TRACK A20110117606034 B763 333900 842260 120 30 999 NONE NONE 340
	FP_ROUTE KATL..KSFO

TRACK_TIME 1167737286
TRACK A20110117606037 CRJ9 414600 874360 120 30 999 NONE NONE 340
	FP_ROUTE KMDW..KMSP

TRACK_TIME 1167737286
TRACK A20110117606041 E145 415560 875400 120 30 999 NONE NONE 240
	FP_ROUTE KORD..KBNA

TRACK_TIME 1167737286
TRACK A20110117606044 CRJ2 333760 842260 120 30 999 NONE NONE 210
	FP_ROUTE KATL..KGSO

TRACK_TIME 1167737286
TRACK A20110117606045 CRJ2 360700 795400 120 30 999 NONE NONE 260
	FP_ROUTE KGSO..KATL

TRACK_TIME 1167737286
TRACK A20110117606046 A320 425560 875400 120 30 999 NONE NONE 39
	FP_ROUTE KMKE..KMSP

TRACK_TIME 1167737286
TRACK A20110117606050 E145 390000 1082700 120 30 999 NONE NONE 370
	FP_ROUTE KGJT..KDFW

TRACK_TIME 1167737286
TRACK A20110117606051 E145 325200 970160 120 30 999 NONE NONE 260
	FP_ROUTE KDFW..KTUL

TRACK_TIME 1167737286
TRACK A20110117606052 BE9L 351000 1014200 120 30 999 NONE NONE 170
	FP_ROUTE KAMA..KADS

TRACK_TIME 1167737286
TRACK A20110117606055 BE9L 304360 953300 120 30 999 NONE NONE 200
	FP_ROUTE KUTS..KAMA

TRACK_TIME 1167737286
TRACK A20110117606058 CL60 404900 1115800 120 30 999 NONE NONE 380
	FP_ROUTE KSLC..KHWD

TRACK_TIME 1167737286
TRACK A20110117606059 CL60 374200 1215100 120 30 999 NONE NONE 40
	FP_ROUTE KLVK..KHWD

TRACK_TIME 1167737286
TRACK A20110117606060 C560 261200 801000 120 30 999 NONE NONE 410
	FP_ROUTE KFXE..KRDG

TRACK_TIME 1167737286
TRACK A20110117606061 CRJ9 422200 705800 120 30 999 NONE NONE 380
	FP_ROUTE KBOS..KCVG

TRACK_TIME 1167737286
TRACK A20110117606063 CL60 360600 1150900 120 30 999 NONE NONE 410
	FP_ROUTE KLAS..KHPN

TRACK_TIME 1167737286
TRACK A20110117606064 CL60 410460 734500 120 30 999 NONE NONE 400
	FP_ROUTE KHPN..KBCT

TRACK_TIME 1167737286
TRACK A20110117606065 E145 302800 871000 120 30 999 NONE NONE 360
	FP_ROUTE KPNS..KIAH

TRACK_TIME 1167737286
TRACK A20110117606071 E190 422200 705800 120 30 999 NONE NONE 380
	FP_ROUTE KBOS..KMSY

TRACK_TIME 1167737286
TRACK A20110117606074 E135 385200 770300 120 30 999 NONE NONE 170
	FP_ROUTE KDCA..KJFK

TRACK_TIME 1167737286
TRACK A20110117606078 E135 325260 970160 120 30 999 NONE NONE 250
	FP_ROUTE KDFW..KFSM

TRACK_TIME 1167737286
TRACK A20110117606081 CRJ1 421200 832100 120 30 999 NONE NONE 210
	FP_ROUTE KDTW..KBUF

TRACK_TIME 1167737286
TRACK A20110117606082 A319 415860 875200 120 30 999 NONE NONE 370
	FP_ROUTE KORD..KPHL

TRACK_TIME 1167737286
TRACK A20110117606086 A320 264060 800100 120 30 999 NONE NONE 370
	FP_ROUTE KPBI..KJFK

TRACK_TIME 1167737286
TRACK A20110117606088 C550 421300 711060 120 30 999 NONE NONE 140
	FP_ROUTE KOWD..KBTV

TRACK_TIME 1167737286
TRACK A20110117606090 E145 425560 875400 120 30 999 NONE NONE 350
	FP_ROUTE KMKE..KEWR

TRACK_TIME 1167737286
TRACK A20110117606096 A320 332560 1120160 120 30 999 NONE NONE 360
	FP_ROUTE KPHX..KSJC

TRACK_TIME 1167737286
TRACK A20110117606098 B733 335700 1183000 120 30 999 NONE NONE 300
	FP_ROUTE KLAX..KOAK

TRACK_TIME 1167737286
TRACK A20110117606099 B733 374300 1221500 120 30 999 NONE NONE 340
	FP_ROUTE KOAK..KPDX

TRACK_TIME 1167737286
TRACK A20110117606104 C560 422200 705860 120 30 999 NONE NONE 380
	FP_ROUTE KBOS..KORF

TRACK_TIME 1167737286
TRACK A20110117606120 A320 422200 710100 120 30 999 NONE NONE 280
	FP_ROUTE KBOS..KIAD

TRACK_TIME 1167737286
TRACK A20110117606121 A320 385800 773300 120 30 999 NONE NONE 340
	FP_ROUTE KIAD..KSEA

TRACK_TIME 1167737286
TRACK A20110117606122 B733 300600 973600 120 30 999 NONE NONE 190
	FP_ROUTE KAUS..KDAL

TRACK_TIME 1167737286
TRACK A20110117606123 B733 324960 964960 120 30 999 NONE NONE 360
	FP_ROUTE KDAL..KABQ

TRACK_TIME 1167737286
TRACK A20110117606126 A318 453600 1223760 120 30 999 NONE NONE 350
	FP_ROUTE KPDX..KDEN

TRACK_TIME 1167737286
TRACK A20110117606129 B738 295700 952100 120 30 999 NONE NONE 390
	FP_ROUTE KIAH..KTPA

TRACK_TIME 1167737286
TRACK A20110117606131 SF34 445700 970700 120 30 999 NONE NONE 90
	FP_ROUTE KATY..KMSP

TRACK_TIME 1167737286
TRACK A20110117606132 E145 415800 875700 120 30 999 NONE NONE 370
	FP_ROUTE KORD..KRIC

TRACK_TIME 1167737286
TRACK A20110117606135 E135 324500 1171360 120 30 999 NONE NONE 100
	FP_ROUTE KSAN..KLAX

TRACK_TIME 1167737286
TRACK A20110117606136 E145 373300 771960 120 30 999 NONE NONE 240
	FP_ROUTE KRIC..KORD

TRACK_TIME 1167737286
TRACK A20110117606137 DH8D 425860 784000 120 30 999 NONE NONE 190
	FP_ROUTE KBUF..KEWR

TRACK_TIME 1167737286
TRACK A20110117606142 AT72 325260 970100 120 30 999 NONE NONE 69
	FP_ROUTE KDFW..KTYR

TRACK_TIME 1167737286
TRACK A20110117606144 B735 374300 1221360 120 30 999 NONE NONE 370
	FP_ROUTE KOAK..KPHX

TRACK_TIME 1167737286
TRACK A20110117606145 B737 332560 1115860 120 30 999 NONE NONE 370
	FP_ROUTE KPHX..KFLL

TRACK_TIME 1167737286
TRACK A20110117606150 B737 424600 734900 120 30 999 NONE NONE 400
	FP_ROUTE KALB..KMCO

TRACK_TIME 1167737286
TRACK A20110117606151 B738 415700 724000 120 30 999 NONE NONE 320
	FP_ROUTE KBDL..KDFW

TRACK_TIME 1167737286
TRACK A20110117606153 E145 390160 844000 120 30 999 NONE NONE 360
	FP_ROUTE KCVG..KDFW

TRACK_TIME 1167737286
TRACK A20110117606154 MD82 350300 1063600 120 30 999 NONE NONE 330
	FP_ROUTE KABQ..KDFW

TRACK_TIME 1167737286
TRACK A20110117606157 B738 333900 842200 120 30 999 NONE NONE 380
	FP_ROUTE KATL..KDFW

TRACK_TIME 1167737286
TRACK A20110117606158 MD82 332560 1115860 120 30 999 NONE NONE 330
	FP_ROUTE KPHX..KORD

TRACK_TIME 1167737286
TRACK A20110117606159 MD82 415700 875400 120 30 999 NONE NONE 330
	FP_ROUTE KORD..KEWR

TRACK_TIME 1167737286
TRACK A20110117606165 MD82 325200 970160 120 30 999 NONE NONE 330
	FP_ROUTE KDFW..KATL

TRACK_TIME 1167737286
TRACK A20110117606170 CRJ2 333760 841960 120 30 999 NONE NONE 250
	FP_ROUTE KATL..KILM

TRACK_TIME 1167737286
TRACK A20110117606177 B735 391360 945100 120 30 999 NONE NONE 340
	FP_ROUTE KMCI..KDEN

TRACK_TIME 1167737286
TRACK A20110117606185 B739 472500 1221800 120 30 999 NONE NONE 330
	FP_ROUTE KSEA..KIAH

TRACK_TIME 1167737286
TRACK A20110117606186 B733 332560 1120160 120 30 999 NONE NONE 280
	FP_ROUTE KPHX..KLAS

TRACK_TIME 1167737286
TRACK A20110117606206 B738 301000 974500 120 30 999 NONE NONE 380
	FP_ROUTE KAUS..KLAX

TRACK_TIME 1167737286
TRACK A20110117606207 MD83 391200 944300 120 30 999 NONE NONE 340
	FP_ROUTE KMCI..KDFW

TRACK_TIME 1167737286
TRACK A20110117606208 MD83 325100 970300 120 30 999 NONE NONE 320
	FP_ROUTE KDFW..KSLC

TRACK_TIME 1167737286
TRACK A20110117606210 B752 421060 832500 120 30 999 NONE NONE 360
	FP_ROUTE KDTW..KLAS

TRACK_TIME 1167737286
TRACK A20110117606212 A320 385260 772860 120 30 999 NONE NONE 340
	FP_ROUTE KIAD..KDEN

TRACK_TIME 1167737286
TRACK A20110117606213 B737 333900 842200 120 30 999 NONE NONE 360
	FP_ROUTE KATL..KSNA

TRACK_TIME 1167737286
TRACK A20110117606220 B744 611960 1495860 120 30 999 NONE NONE 370
	FP_ROUTE KANC..KSDF

TRACK_TIME 1167737286
TRACK A20110117606222 E145 295700 952100 120 30 999 NONE NONE 330
	FP_ROUTE KIAH..KJAN

TRACK_TIME 1167737286
TRACK A20110117606233 A319 425700 784300 120 30 999 NONE NONE 110
	FP_ROUTE KBUF..KPHL

TRACK_TIME 1167737286
TRACK A20110117606235 E190 425700 712500 120 30 999 NONE NONE 100
	FP_ROUTE KMHT..KPHL

TRACK_TIME 1167737286
TRACK A20110117606238 E145 415800 875800 120 30 999 NONE NONE 110
	FP_ROUTE KORD..KMLI

TRACK_TIME 1167737286
TRACK A20110117606240 B737 332560 1120300 120 30 999 NONE NONE 340
	FP_ROUTE KPHX..KRNO

TRACK_TIME 1167737286
TRACK A20110117606244 MD82 415700 875800 120 30 999 NONE NONE 149
	FP_ROUTE KORD..KSTL

TRACK_TIME 1167737286
TRACK A20110117606245 B738 472560 1221900 120 30 999 NONE NONE 370
	FP_ROUTE KSEA..KORD

TRACK_TIME 1167737286
TRACK A20110117606246 CRJ2 395260 751200 120 30 999 NONE NONE 300
	FP_ROUTE KPHL..KSTL

TRACK_TIME 1167737286
TRACK A20110117606247 CRJ9 351500 805560 120 30 999 NONE NONE 50
	FP_ROUTE KCLT..KCLT

TRACK_TIME 1167737286
TRACK A20110117606249 CRJ2 395260 751300 120 30 999 NONE NONE 100
	FP_ROUTE KAVP..KPHL

TRACK_TIME 1167737286
TRACK A20110117606256 B737 282500 811900 120 30 999 NONE NONE 380
	FP_ROUTE KMCO..KDEN

TRACK_TIME 1167737286
TRACK A20110117606257 E170 442500 730600 120 30 999 NONE NONE 240
	FP_ROUTE KBTV..KPHL

TRACK_TIME 1167737286
TRACK A20110117606268 E145 415700 875500 120 30 999 NONE NONE 280
	FP_ROUTE KORD..KSGF

TRACK_TIME 1167737286
TRACK A20110117606287 E135 325100 970160 120 30 999 NONE NONE 370
	FP_ROUTE KDFW..KCAE

TRACK_TIME 1167737286
TRACK A20110117606296 AT72 325260 970400 120 30 999 NONE NONE 80
	FP_ROUTE KDFW..KSPS

TRACK_TIME 1167737286
TRACK A20110117606298 CRJ2 332560 1120160 120 30 999 NONE NONE 290
	FP_ROUTE KPHX..KELP

TRACK_TIME 1167737286
TRACK A20110117606299 A319 351200 805700 120 30 999 NONE NONE 350
	FP_ROUTE KCLT..KLGA

TRACK_TIME 1167737286
TRACK A20110117606311 A320 403900 734500 120 30 999 NONE NONE 360
	FP_ROUTE KJFK..KFLL

TRACK_TIME 1167737286
TRACK A20110117606312 C550 394960 855560 120 30 999 NONE NONE 170
	FP_ROUTE KMQJ..KGSH

TRACK_TIME 1167737286
TRACK A20110117606313 C550 412800 854500 120 30 999 NONE NONE 94
	FP_ROUTE KGSH..KMQJ

TRACK_TIME 1167737286
TRACK A20110117606316 B712 211900 1575400 120 30 999 NONE NONE 170
	FP_ROUTE KHNL..KKOA

TRACK_TIME 1167737286
TRACK A20110117606318 E170 272260 823160 120 30 999 NONE NONE 350
	FP_ROUTE KSRQ..KCLT

TRACK_TIME 1167737286
TRACK A20110117606319 DH8A 390900 763760 120 30 999 NONE NONE 81
	FP_ROUTE KBWI..KLGA

TRACK_TIME 1167737286
TRACK A20110117606320 CRJ9 320760 810900 120 30 999 NONE NONE 111
	FP_ROUTE KSAV..KCLT

TRACK_TIME 1167737286
TRACK A20110117606329 CRJ2 373760 972560 120 30 999 NONE NONE 290
	FP_ROUTE KICT..KMEM

TRACK_TIME 1167737286
TRACK A20110117606333 A319 373160 772200 120 30 999 NONE NONE 260
	FP_ROUTE KRIC..KCLT

TRACK_TIME 1167737286
TRACK A20110117606335 B762 403600 734800 120 30 999 NONE NONE 400
	FP_ROUTE KJFK..KSFO

TRACK_TIME 1167737286
TRACK A20110117606337 B734 453700 1223900 120 30 999 NONE NONE 310
	FP_ROUTE KPDX..KPHX

TRACK_TIME 1167737286
TRACK A20110117606350 LJ45 445700 930460 120 30 999 NONE NONE 400
	FP_ROUTE KSTP..KAPA

TRACK_TIME 1167737286
TRACK A20110117606352 E145 295800 952100 120 30 999 NONE NONE 160
	FP_ROUTE KIAH..KCRP

TRACK_TIME 1167737286
TRACK A20110117606353 CRJ2 384360 901800 120 30 999 NONE NONE 270
	FP_ROUTE KSTL..KDTW

TRACK_TIME 1167737286
TRACK A20110117606362 B737 391000 764000 120 30 999 NONE NONE 290
	FP_ROUTE KBWI..KALB

TRACK_TIME 1167737286
TRACK A20110117606364 E145 433300 964600 120 30 999 NONE NONE 370
	FP_ROUTE KFSD..KDFW

TRACK_TIME 1167737286
TRACK A20110117606365 E145 254800 801600 120 30 999 NONE NONE 370
	FP_ROUTE KMIA..KIND

TRACK_TIME 1167737286
TRACK A20110117606366 B739 324500 1171360 120 30 999 NONE NONE 350
	FP_ROUTE KSAN..KIAH

TRACK_TIME 1167737286
TRACK A20110117606367 CRJ2 421200 832200 120 30 999 NONE NONE 330
	FP_ROUTE KDTW..KCHS

TRACK_TIME 1167737286
TRACK A20110117606368 CRJ2 325500 800400 120 30 999 NONE NONE 121
	FP_ROUTE KCHS..KDTW

TRACK_TIME 1167737286
TRACK A20110117606369 LJ35 314800 1062400 120 30 999 NONE NONE 400
	FP_ROUTE KELP..KLAX

TRACK_TIME 1167737286
TRACK A20110117606372 LJ35 335500 1182860 120 30 999 NONE NONE 410
	FP_ROUTE KLAX..KBAZ

TRACK_TIME 1167737286
TRACK A20110117606374 B712 400000 825260 120 30 999 NONE NONE 340
	FP_ROUTE KCMH..KMCO

TRACK_TIME 1167737286
TRACK A20110117606377 B737 301500 973900 120 30 999 NONE NONE 350
	FP_ROUTE KAUS..KBWI

TRACK_TIME 1167737286
TRACK A20110117606380 LJ45 372560 1055200 120 30 999 NONE NONE 270
	FP_ROUTE KALS..KMAF

TRACK_TIME 1167737286
TRACK A20110117606381 A319 422200 705800 120 30 999 NONE NONE 160
	FP_ROUTE KBOS..KLGA

TRACK_TIME 1167737286
TRACK A20110117606382 E135 380160 873160 120 30 999 NONE NONE 260
	FP_ROUTE KEVV..KORD

TRACK_TIME 1167737286
TRACK A20110117606385 E145 404300 740900 120 30 999 NONE NONE 340
	FP_ROUTE KEWR..KMKE

TRACK_TIME 1167737286
TRACK A20110117606394 MD83 395260 751200 120 30 999 NONE NONE 360
	FP_ROUTE KPHL..KDFW

TRACK_TIME 1167737286
TRACK A20110117606395 B738 260460 800760 120 30 999 NONE NONE 360
	FP_ROUTE KFLL..KIAH

TRACK_TIME 1167737286
TRACK A20110117606400 E135 401800 740400 120 30 999 NONE NONE 190
	FP_ROUTE KLGA..KBOS

TRACK_TIME 1167737286
TRACK A20110117606405 E145 315260 1020300 120 30 999 NONE NONE 110
	FP_ROUTE KMAF..KDFW

TRACK_TIME 1167737286
TRACK A20110117606407 B738 325100 970300 120 30 999 NONE NONE 200
	FP_ROUTE KDFW..KAUS

TRACK_TIME 1167737286
TRACK A20110117606413 B738 335100 1163160 120 30 999 NONE NONE 340
	FP_ROUTE KPSP..KPDX

TRACK_TIME 1167737286
TRACK A20110117606414 B733 334200 1014960 120 30 999 NONE NONE 40
	FP_ROUTE KLBB..KDAL

TRACK_TIME 1167737286
TRACK A20110117606417 SF34 610760 1501660 120 30 999 NONE NONE 160
	FP_ROUTE KANC..KAKN

TRACK_TIME 1167737286
TRACK A20110117606418 SF34 583600 1564800 120 30 999 NONE NONE 200
	FP_ROUTE KAKN..KDUT

TRACK_TIME 1167737286
TRACK A20110117606420 SF34 445400 931500 120 30 999 NONE NONE 120
	FP_ROUTE KMSP..KABR

TRACK_TIME 1167737286
TRACK A20110117606427 AT72 262400 814200 120 30 999 NONE NONE 80
	FP_ROUTE KRSW..KMIA

TRACK_TIME 1167737286
TRACK A20110117606430 AT72 322260 952400 120 30 999 NONE NONE 60
	FP_ROUTE KTYR..KDFW

TRACK_TIME 1167737286
TRACK A20110117606438 E135 354660 840300 120 30 999 NONE NONE 360
	FP_ROUTE KTYS..KDFW

TRACK_TIME 1167737286
TRACK A20110117606439 SF34 610400 1502500 120 30 999 NONE NONE 200
	FP_ROUTE KANC..KAKN

TRACK_TIME 1167737286
TRACK A20110117606440 SF34 583600 1564900 120 30 999 NONE NONE 200
	FP_ROUTE KAKN..KDUT

TRACK_TIME 1167737286
TRACK A20110117606442 PAY2 443760 901060 120 30 999 NONE NONE 190
	FP_ROUTE KMFI..KMKL

TRACK_TIME 1167737286
TRACK A20110117606452 B737 333760 1175260 120 30 999 NONE NONE 360
	FP_ROUTE KSNA..KSEA

TRACK_TIME 1167737286
TRACK A20110117606453 MD83 280000 823300 120 30 999 NONE NONE 280
	FP_ROUTE KTPA..KORD

TRACK_TIME 1167737286
TRACK A20110117606463 CRJ2 404500 1115800 120 30 999 NONE NONE 330
	FP_ROUTE KSLC..KTUS

TRACK_TIME 1167737286
TRACK A20110117606464 DH8C 351360 805400 120 30 999 NONE NONE 90
	FP_ROUTE KCLT..KLYH

TRACK_TIME 1167737286
TRACK A20110117606467 E145 404300 740900 120 30 999 NONE NONE 100
	FP_ROUTE KEWR..KPIT

TRACK_TIME 1167737286
TRACK A20110117606468 A319 385260 770300 120 30 999 NONE NONE 210
	FP_ROUTE KDCA..KLGA

TRACK_TIME 1167737286
TRACK A20110117606469 B733 282400 811800 120 30 999 NONE NONE 340
	FP_ROUTE KMCO..KSTL

TRACK_TIME 1167737286
TRACK A20110117606470 B733 384360 901660 120 30 999 NONE NONE 60
	FP_ROUTE KSTL..KMDW

TRACK_TIME 1167737286
TRACK A20110117606471 B733 414660 874200 120 30 999 NONE NONE 100
	FP_ROUTE KMDW..KCLE

TRACK_TIME 1167737286
TRACK A20110117606472 E170 385860 773300 120 30 999 NONE NONE 340
	FP_ROUTE KIAD..KMSP

TRACK_TIME 1167737286
TRACK A20110117606473 B737 360700 1151000 120 30 999 NONE NONE 280
	FP_ROUTE KLAS..KSNA

TRACK_TIME 1167737286
TRACK A20110117606474 B739 300000 951660 120 30 999 NONE NONE 260
	FP_ROUTE KIAH..KSLC

TRACK_TIME 1167737286
TRACK A20110117606483 B712 404200 752200 120 30 999 NONE NONE 340
	FP_ROUTE KABE..KFLL

TRACK_TIME 1167737286
TRACK A20110117606484 CRJ2 325260 970160 120 30 999 NONE NONE 310
	FP_ROUTE KDFW..KMEM

TRACK_TIME 1167737286
TRACK A20110117606485 MD82 293100 982700 120 30 999 NONE NONE 330
	FP_ROUTE KSAT..KORD

TRACK_TIME 1167737286
TRACK A20110117606486 B752 325200 970160 120 30 999 NONE NONE 410
	FP_ROUTE KDFW..KLGA

TRACK_TIME 1167737286
TRACK A20110117606494 B735 394600 1043900 120 30 999 NONE NONE 350
	FP_ROUTE KDEN..KSAT

TRACK_TIME 1167737286
TRACK A20110117606495 B735 293100 982800 120 30 999 NONE NONE 350
	FP_ROUTE KSAT..KTPA

TRACK_TIME 1167737286
TRACK A20110117606496 B735 275800 823300 120 30 999 NONE NONE 360
	FP_ROUTE KTPA..KMSY

TRACK_TIME 1167737286
TRACK A20110117606498 B737 373760 1222200 120 30 999 NONE NONE 410
	FP_ROUTE KSFO..KLAX

TRACK_TIME 1167737286
TRACK A20110117606499 B737 335700 1182700 120 30 999 NONE NONE 390
	FP_ROUTE KLAX..KMCI

TRACK_TIME 1167737286
TRACK A20110117606500 CRJ2 321600 900300 120 30 999 NONE NONE 40
	FP_ROUTE KJAN..KMEM

TRACK_TIME 1167737286
TRACK A20110117606517 CRJ2 373160 771900 120 30 999 NONE NONE 170
	FP_ROUTE KRIC..KJFK

TRACK_TIME 1167737286
TRACK A20110117606521 B737 374360 1221500 120 30 999 NONE NONE 330
	FP_ROUTE KOAK..KBUR

TRACK_TIME 1167737286
TRACK A20110117606522 B737 274660 973000 120 30 999 NONE NONE 230
	FP_ROUTE KCRP..KHOU

TRACK_TIME 1167737286
TRACK A20110117606528 B712 333900 842260 120 30 999 NONE NONE 330
	FP_ROUTE KATL..KRIC

TRACK_TIME 1167737286
TRACK A20110117606529 E135 335560 1182700 120 30 999 NONE NONE 220
	FP_ROUTE KLAX..KFAT

TRACK_TIME 1167737286
TRACK A20110117606530 E145 344300 921500 120 30 999 NONE NONE 280
	FP_ROUTE KLIT..KDFW

TRACK_TIME 1167737286
TRACK A20110117606532 B737 293900 951800 120 30 999 NONE NONE 50
	FP_ROUTE KHOU..KDAL

TRACK_TIME 1167737286
TRACK A20110117606533 B737 324900 964900 120 30 999 NONE NONE 390
	FP_ROUTE KDAL..KMCI

TRACK_TIME 1167737286
TRACK A20110117606535 B737 391200 944300 120 30 999 NONE NONE 330
	FP_ROUTE KMCI..KMDW

TRACK_TIME 1167737286
TRACK A20110117606536 B712 333760 842260 120 30 999 NONE NONE 330
	FP_ROUTE KATL..KBOS

TRACK_TIME 1167737286
TRACK A20110117606543 B739 404300 740760 120 30 999 NONE NONE 340
	FP_ROUTE KEWR..KSFO

TRACK_TIME 1167737286
TRACK A20110117606544 B737 414500 874360 120 30 999 NONE NONE 390
	FP_ROUTE KMDW..KTPA

TRACK_TIME 1167737286
TRACK A20110117606545 B733 414500 874600 120 30 999 NONE NONE 340
	FP_ROUTE KMDW..KMCI

TRACK_TIME 1167737286
TRACK A20110117606548 B733 391600 944800 120 30 999 NONE NONE 340
	FP_ROUTE KMCI..KPHX

TRACK_TIME 1167737286
TRACK A20110117606552 B733 332560 1120160 120 30 999 NONE NONE 320
	FP_ROUTE KPHX..KSAN

TRACK_TIME 1167737286
TRACK A20110117606553 CRJ2 361060 955260 120 30 999 NONE NONE 330
	FP_ROUTE KTUL..KMSP

TRACK_TIME 1167737286
TRACK A20110117606554 E135 325200 970160 120 30 999 NONE NONE 370
	FP_ROUTE KDFW..KTYS

TRACK_TIME 1167737286
TRACK A20110117606556 B733 324360 1171360 120 30 999 NONE NONE 290
	FP_ROUTE KSAN..KLAS

TRACK_TIME 1167737286
TRACK A20110117606559 FA50 410600 734500 120 30 999 NONE NONE 380
	FP_ROUTE KHPN..KCRQ

TRACK_TIME 1167737286
TRACK A20110117606562 E120 373760 1222200 120 30 999 NONE NONE 190
	FP_ROUTE KSFO..KSBP

TRACK_TIME 1167737286
TRACK A20110117606576 B712 354960 835700 120 30 999 NONE NONE 340
	FP_ROUTE KTYS..KMCO

TRACK_TIME 1167737286
TRACK A20110117606579 E135 394300 861900 120 30 999 NONE NONE 190
	FP_ROUTE KIND..KORD

TRACK_TIME 1167737286
TRACK A20110117606584 E145 371360 932260 120 30 999 NONE NONE 330
	FP_ROUTE KSGF..KORD

TRACK_TIME 1167737286
TRACK A20110117606597 B737 350160 1063300 120 30 999 NONE NONE 390
	FP_ROUTE KABQ..KBWI

TRACK_TIME 1167737286
TRACK A20110117606608 B737 332560 1115860 120 30 999 NONE NONE 330
	FP_ROUTE KPHX..KABQ

TRACK_TIME 1167737286
TRACK A20110117606609 B738 453600 1223760 120 30 999 NONE NONE 340
	FP_ROUTE KPDX..KOGG

TRACK_TIME 1167737286
TRACK A20110117606614 E145 325100 970100 120 30 999 NONE NONE 250
	FP_ROUTE KDFW..KLIT

TRACK_TIME 1167737286
TRACK A20110117606615 B738 335560 1182700 120 30 999 NONE NONE 350
	FP_ROUTE KLAX..KIAD

TRACK_TIME 1167737286
TRACK A20110117606620 E135 403760 735200 120 30 999 NONE NONE 280
	FP_ROUTE KJFK..KCMH

TRACK_TIME 1167737286
TRACK A20110117606622 A320 403900 734960 120 30 999 NONE NONE 340
	FP_ROUTE KJFK..KBUR

TRACK_TIME 1167737286
TRACK A20110117606623 E170 385260 770400 120 30 999 NONE NONE 210
	FP_ROUTE KDCA..KLGA

TRACK_TIME 1167737286
TRACK A20110117606627 DH8D 391360 1065260 120 30 999 NONE NONE 210
	FP_ROUTE KASE..KDEN

TRACK_TIME 1167737286
TRACK A20110117606630 A319 433400 1104600 120 30 999 NONE NONE 300
	FP_ROUTE KJAC..KSLC

TRACK_TIME 1167737286
TRACK A20110117606633 B737 360600 1150900 120 30 999 NONE NONE 390
	FP_ROUTE KLAS..KIND

TRACK_TIME 1167737286
TRACK A20110117606635 B737 341060 1182200 120 30 999 NONE NONE 330
	FP_ROUTE KBUR..KPHX

TRACK_TIME 1167737286
TRACK A20110117606636 B737 332560 1120160 120 30 999 NONE NONE 390
	FP_ROUTE KPHX..KBUF

TRACK_TIME 1167737286
TRACK A20110117606637 E145 295800 952100 120 30 999 NONE NONE 310
	FP_ROUTE KIAH..KPNS

TRACK_TIME 1167737286
TRACK A20110117606638 B738 295700 952100 120 30 999 NONE NONE 370
	FP_ROUTE KIAH..KDCA

TRACK_TIME 1167737286
TRACK A20110117606639 B737 293760 951800 120 30 999 NONE NONE 390
	FP_ROUTE KHOU..KBWI

TRACK_TIME 1167737286
TRACK A20110117606648 A320 320900 811060 120 30 999 NONE NONE 220
	FP_ROUTE KSAV..KATL

TRACK_TIME 1167737286
TRACK A20110117606653 CRJ2 351600 805560 120 30 999 NONE NONE 310
	FP_ROUTE KCLT..KHPN

TRACK_TIME 1167737286
TRACK A20110117606655 E145 424960 853100 120 30 999 NONE NONE 90
	FP_ROUTE KGRR..KORD

TRACK_TIME 1167737286
TRACK A20110117606658 B733 414360 712500 120 30 999 NONE NONE 300
	FP_ROUTE KPVD..KBWI

TRACK_TIME 1167737286
TRACK A20110117606659 B733 390900 763900 120 30 999 NONE NONE 360
	FP_ROUTE KBWI..KJAX

TRACK_TIME 1167737286
TRACK A20110117606661 CRJ2 425100 853100 120 30 999 NONE NONE 300
	FP_ROUTE KGRR..KMEM

TRACK_TIME 1167737286
TRACK A20110117606664 B733 302860 814200 120 30 999 NONE NONE 210
	FP_ROUTE KJAX..KTPA

TRACK_TIME 1167737286
TRACK A20110117606665 B733 380900 854360 120 30 999 NONE NONE 300
	FP_ROUTE KSDF..KBHM

TRACK_TIME 1167737286
TRACK A20110117606666 B733 275800 823300 120 30 999 NONE NONE 340
	FP_ROUTE KTPA..KSDF

TRACK_TIME 1167737286
TRACK A20110117606670 BE20 384060 903300 120 30 999 NONE NONE 200
	FP_ROUTE KSUS..KMKC

TRACK_TIME 1167737286
TRACK A20110117606676 B752 380700 854360 120 30 999 NONE NONE 330
	FP_ROUTE KSDF..KORF

TRACK_TIME 1167737286
TRACK A20110117606678 B737 332560 1120160 120 30 999 NONE NONE 280
	FP_ROUTE KPHX..KLAS

TRACK_TIME 1167737286
TRACK A20110117606680 DH8C 363000 822260 120 30 999 NONE NONE 50
	FP_ROUTE KTRI..KCLT

TRACK_TIME 1167737286
TRACK A20110117606683 B737 332560 1115860 120 30 999 NONE NONE 360
	FP_ROUTE KPHX..KSLC

TRACK_TIME 1167737286
TRACK A20110117606685 B737 404600 1115800 120 30 999 NONE NONE 390
	FP_ROUTE KSLC..KDEN

TRACK_TIME 1167737286
TRACK A20110117606688 DH8D 335700 1182800 120 30 999 NONE NONE 240
	FP_ROUTE KLAX..KOAK

TRACK_TIME 1167737286
TRACK A20110117606689 B737 293760 951800 120 30 999 NONE NONE 380
	FP_ROUTE KHOU..KPHX

TRACK_TIME 1167737286
TRACK A20110117606693 CRJ2 334060 841800 120 30 999 NONE NONE 240
	FP_ROUTE KATL..KLEX

TRACK_TIME 1167737286
TRACK A20110117606694 CRJ2 375860 843700 120 30 999 NONE NONE 230
	FP_ROUTE KLEX..KATL

TRACK_TIME 1167737286
TRACK A20110117606699 A320 415860 875100 120 30 999 NONE NONE 370
	FP_ROUTE KORD..KSJU

TRACK_TIME 1167737286
TRACK A20110117606712 LJ45 373760 972560 120 30 999 NONE NONE 410
	FP_ROUTE KICT..KIAD

TRACK_TIME 1167737286
TRACK A20110117606715 B752 360600 1150900 120 30 999 NONE NONE 370
	FP_ROUTE KLAS..KDEN

TRACK_TIME 1167737286
TRACK A20110117606717 B738 404360 740760 120 30 999 NONE NONE 300
	FP_ROUTE KEWR..KCLT

TRACK_TIME 1167737286
TRACK A20110117606720 CRJ2 333760 842260 120 30 999 NONE NONE 190
	FP_ROUTE KATL..KAGS

TRACK_TIME 1167737286
TRACK A20110117606721 CRJ2 332400 815860 120 30 999 NONE NONE 180
	FP_ROUTE KAGS..KATL

TRACK_TIME 1167737286
TRACK A20110117606722 BE9L 373760 972560 120 30 999 NONE NONE 71
	FP_ROUTE KICT..KPNC

TRACK_TIME 1167737286
TRACK A20110117606723 E145 413760 802260 120 30 999 NONE NONE 330
	FP_ROUTE KCMH..KBOS

TRACK_TIME 1167737286
TRACK A20110117606724 E145 421360 705800 120 30 999 NONE NONE 340
	FP_ROUTE KBOS..KCMH

TRACK_TIME 1167737286
TRACK A20110117606726 C550 291300 994500 120 30 999 NONE NONE 270
	FP_ROUTE KUVA..KBHM

TRACK_TIME 1167737286
TRACK A20110117606736 CL60 364300 1140900 120 30 999 NONE NONE 280
	FP_ROUTE KSLC..KLAS

TRACK_TIME 1167737286
TRACK A20110117606738 B763 374360 1221500 120 30 999 NONE NONE 380
	FP_ROUTE KOAK..KHNL

TRACK_TIME 1167737286
TRACK A20110117606739 CRJ2 395260 751200 120 30 999 NONE NONE 300
	FP_ROUTE KPHL..KCAE

TRACK_TIME 1167737286
TRACK A20110117606742 B738 404360 734900 120 30 999 NONE NONE 380
	FP_ROUTE KLGA..KDTW

TRACK_TIME 1167737286
TRACK A20110117606745 E135 390760 964000 120 30 999 NONE NONE 360
	FP_ROUTE KMHK..KDFW

TRACK_TIME 1167737286
TRACK A20110117606749 CRJ2 335560 810600 120 30 999 NONE NONE 310
	FP_ROUTE KCAE..KPHL

TRACK_TIME 1167737286
TRACK A20110117606756 B712 333760 842200 120 30 999 NONE NONE 350
	FP_ROUTE KATL..KPHF

TRACK_TIME 1167737286
TRACK A20110117606758 B733 324960 970300 120 30 999 NONE NONE 340
	FP_ROUTE KDFW..KPHX

TRACK_TIME 1167737286
TRACK A20110117606759 C550 363400 791960 120 30 999 NONE NONE 200
	FP_ROUTE KDAN..KCUB

TRACK_TIME 1167737286
TRACK A20110117606760 A319 392800 743760 120 30 999 NONE NONE 360
	FP_ROUTE KACY..KFLL

TRACK_TIME 1167737286
TRACK A20110117606761 A320 385560 772860 120 30 999 NONE NONE 230
	FP_ROUTE KIAD..KBOS

TRACK_TIME 1167737286
TRACK A20110117606762 A319 385200 770300 120 30 999 NONE NONE 280
	FP_ROUTE KDCA..KCLT

TRACK_TIME 1167737286
TRACK A20110117606767 B737 700700 1483300 120 30 999 NONE NONE 390
	FP_ROUTE KSCC..KFAI

TRACK_TIME 1167737286
TRACK A20110117606768 C560 453100 1225560 120 30 999 NONE NONE 390
	FP_ROUTE KHIO..KUDD

TRACK_TIME 1167737286
TRACK A20110117606773 B763 385260 772860 120 30 999 NONE NONE 380
	FP_ROUTE KIAD..KSFO

TRACK_TIME 1167737286
TRACK A20110117606782 CRJ9 444960 931360 120 30 999 NONE NONE 360
	FP_ROUTE KMSP..KIAH

TRACK_TIME 1167737286
TRACK A20110117606783 CRJ9 295700 952100 120 30 999 NONE NONE 350
	FP_ROUTE KIAH..KMSP

TRACK_TIME 1167737286
TRACK A20110117606787 B752 373760 1222100 120 30 999 NONE NONE 370
	FP_ROUTE KSFO..KORD

TRACK_TIME 1167737286
TRACK A20110117606788 A319 473700 1173300 120 30 999 NONE NONE 370
	FP_ROUTE KGEG..KMSP

TRACK_TIME 1167737286
TRACK A20110117606789 SF34 385200 770400 120 30 999 NONE NONE 80
	FP_ROUTE KDCA..KCRW

TRACK_TIME 1167737286
TRACK A20110117606799 E145 295700 952100 120 30 999 NONE NONE 350
	FP_ROUTE KIAH..KIND

TRACK_TIME 1167737286
TRACK A20110117606800 E145 394300 861600 120 30 999 NONE NONE 350
	FP_ROUTE KIND..KEWR

TRACK_TIME 1167737286
TRACK A20110117606801 CRJ2 351600 805560 120 30 999 NONE NONE 280
	FP_ROUTE KCLT..KGNV

TRACK_TIME 1167737286
TRACK A20110117606813 B738 335560 1182700 120 30 999 NONE NONE 370
	FP_ROUTE KLAX..KCLE

TRACK_TIME 1167737286
TRACK A20110117606814 B733 395400 751000 120 30 999 NONE NONE 340
	FP_ROUTE KPHL..KBNA

TRACK_TIME 1167737286
TRACK A20110117606815 B733 360600 864060 120 30 999 NONE NONE 340
	FP_ROUTE KBNA..KHOU

TRACK_TIME 1167737286
TRACK A20110117606819 A320 404200 740900 120 30 999 NONE NONE 380
	FP_ROUTE KEWR..KRSW

TRACK_TIME 1167737286
TRACK A20110117606820 BE9L 372860 1221200 120 30 999 NONE NONE 209
	FP_ROUTE KSQL..KSBA

TRACK_TIME 1167737286
TRACK A20110117606825 B738 404300 740760 120 30 999 NONE NONE 360
	FP_ROUTE KEWR..KSFO

TRACK_TIME 1167737286
TRACK A20110117606827 BE9L 391000 1201960 120 30 999 NONE NONE 180
	FP_ROUTE KTRK..KSJC

TRACK_TIME 1167737286
TRACK A20110117606834 SF34 285200 965560 120 30 999 NONE NONE 90
	FP_ROUTE KVCT..KIAH

TRACK_TIME 1167737286
TRACK A20110117606837 C550 404960 741960 120 30 999 NONE NONE 380
	FP_ROUTE KMMU..KDYR

TRACK_TIME 1167737286
TRACK A20110117606838 B733 404300 740760 120 30 999 NONE NONE 280
	FP_ROUTE KEWR..KCLT

TRACK_TIME 1167737286
TRACK A20110117606840 B752 403900 735200 120 30 999 NONE NONE 360
	FP_ROUTE KJFK..KSFO

TRACK_TIME 1167737286
TRACK A20110117606843 B752 415800 875700 120 30 999 NONE NONE 380
	FP_ROUTE KORD..KDEN

TRACK_TIME 1167737286
TRACK A20110117606847 MD82 371660 800300 120 30 999 NONE NONE 320
	FP_ROUTE KROA..KPIE

TRACK_TIME 1167737286
TRACK A20110117606851 C550 355860 892860 120 30 999 NONE NONE 31
	FP_ROUTE KDYR..KOLV

TRACK_TIME 1167737286
TRACK A20110117606865 SF34 323100 920100 120 30 999 NONE NONE 160
	FP_ROUTE KMLU..KIAH

TRACK_TIME 1167737286
TRACK A20110117606868 CRJ1 421300 853300 120 30 999 NONE NONE 111
	FP_ROUTE KAZO..KDTW

TRACK_TIME 1167737286
TRACK A20110117606873 BE9L 364200 1194600 120 30 999 NONE NONE 49
	FP_ROUTE KFAT..KPTV

TRACK_TIME 1167737286
TRACK A20110117606878 E170 385700 773000 120 30 999 NONE NONE 300
	FP_ROUTE KIAD..KMIA

TRACK_TIME 1167737286
TRACK A20110117606879 CRJ2 445400 931500 120 30 999 NONE NONE 260
	FP_ROUTE KMSP..KBIS

TRACK_TIME 1167737286
TRACK A20110117606882 DH8D 472700 1221800 120 30 999 NONE NONE 152
	FP_ROUTE KSEA..KYKM

TRACK_TIME 1167737286
TRACK A20110117606887 BE9L 355500 1190300 120 30 999 NONE NONE 100
	FP_ROUTE KPTV..KFAT

TRACK_TIME 1167737286
TRACK A20110117606891 E170 254660 801900 120 30 999 NONE NONE 310
	FP_ROUTE KMIA..KIAD

TRACK_TIME 1167737286
TRACK A20110117606898 B737 293760 951600 120 30 999 NONE NONE 300
	FP_ROUTE KHOU..KDAL

TRACK_TIME 1167737286
TRACK A20110117606899 B737 324960 964960 120 30 999 NONE NONE 410
	FP_ROUTE KDAL..KMCI

TRACK_TIME 1167737286
TRACK A20110117606900 A319 391660 944360 120 30 999 NONE NONE 370
	FP_ROUTE KMCI..KCLT

TRACK_TIME 1167737286
TRACK A20110117606910 FA10 384960 760400 120 30 999 NONE NONE 120
	FP_ROUTE KESN..KIAD

TRACK_TIME 1167737286
TRACK A20110117606911 B738 403900 734300 120 30 999 NONE NONE 400
	FP_ROUTE KJFK..KFLL

TRACK_TIME 1167737286
TRACK A20110117606922 FA10 385700 773000 120 30 999 NONE NONE 340
	FP_ROUTE KIAD..KFPR

TRACK_TIME 1167737286
TRACK A20110117606925 B738 254800 801900 120 30 999 NONE NONE 370
	FP_ROUTE KMIA..KORD

TRACK_TIME 1167737286
TRACK A20110117606929 A320 390900 764360 120 30 999 NONE NONE 300
	FP_ROUTE KBWI..KDEN

TRACK_TIME 1167737286
TRACK A20110117606937 B733 260460 800760 120 30 999 NONE NONE 340
	FP_ROUTE KFLL..KAUS

TRACK_TIME 1167737286
TRACK A20110117606938 B733 300460 973600 120 30 999 NONE NONE 59
	FP_ROUTE KAUS..KHOU

TRACK_TIME 1167737286
TRACK A20110117606940 B738 421060 832400 120 30 999 NONE NONE 360
	FP_ROUTE KDTW..KLAX

TRACK_TIME 1167737286
TRACK A20110117606942 A321 332560 1120160 120 30 999 NONE NONE 350
	FP_ROUTE KPHX..KCLT

TRACK_TIME 1167737286
TRACK A20110117606944 A320 332560 1115860 120 30 999 NONE NONE 350
	FP_ROUTE KPHX..KMSP

TRACK_TIME 1167737286
TRACK A20110117606945 E170 385260 770300 120 30 999 NONE NONE 380
	FP_ROUTE KDCA..KOMA

TRACK_TIME 1167737286
TRACK A20110117606948 MD82 280000 823300 120 30 999 NONE NONE 320
	FP_ROUTE KTPA..KDFW

TRACK_TIME 1167737286
TRACK A20110117606955 B763 254800 801600 120 30 999 NONE NONE 359
	FP_ROUTE KMIA..KSFO

TRACK_TIME 1167737286
TRACK A20110117606964 E190 385260 770300 120 30 999 NONE NONE 230
	FP_ROUTE KDCA..KBOS

TRACK_TIME 1167737286
TRACK A20110117606966 CRJ2 320600 1105500 120 30 999 NONE NONE 330
	FP_ROUTE KTUS..KDEN

TRACK_TIME 1167737286
TRACK A20110117606967 A320 333900 842200 120 30 999 NONE NONE 360
	FP_ROUTE KATL..KORD

TRACK_TIME 1167737286
TRACK A20110117606968 B737 293100 982800 120 30 999 NONE NONE 390
	FP_ROUTE KSAT..KMDW

TRACK_TIME 1167737286
TRACK A20110117606969 B737 414600 874600 120 30 999 NONE NONE 390
	FP_ROUTE KMDW..KISP

TRACK_TIME 1167737286
TRACK A20110117606976 E190 422200 705800 120 30 999 NONE NONE 160
	FP_ROUTE KBOS..KLGA

TRACK_TIME 1167737286
TRACK A20110117606978 E190 425700 784300 120 30 999 NONE NONE 210
	FP_ROUTE KBUF..KJFK

TRACK_TIME 1167737286
TRACK A20110117606982 FA20 421360 833400 120 30 999 NONE NONE 31
	FP_ROUTE KYIP..KFNT

TRACK_TIME 1167737286
TRACK A20110117606985 CRJ2 380100 843760 120 30 999 NONE NONE 120
	FP_ROUTE KLEX..KDTW

TRACK_TIME 1167737286
TRACK A20110117606993 A320 373760 1222200 120 30 999 NONE NONE 290
	FP_ROUTE KSFO..KLAS

TRACK_TIME 1167737286
TRACK A20110117606994 B763 372400 1215700 120 30 999 NONE NONE 380
	FP_ROUTE KSJC..KHNL

TRACK_TIME 1167737286
TRACK A20110117606996 A319 335560 1182700 120 30 999 NONE NONE 350
	FP_ROUTE KLAX..KORD

TRACK_TIME 1167737286
TRACK A20110117606997 BE9L 404960 964500 120 30 999 NONE NONE 101
	FP_ROUTE KLNK..KBVN

TRACK_TIME 1167737286
TRACK A20110117606999 FA50 384000 903400 120 30 999 NONE NONE 400
	FP_ROUTE KSUS..KMFE

TRACK_TIME 1167737286
TRACK A20110117607002 E135 311900 923300 120 30 999 NONE NONE 110
	FP_ROUTE KAEX..KDFW

TRACK_TIME 1167737286
TRACK A20110117607007 CRJ2 350100 895860 120 30 999 NONE NONE 270
	FP_ROUTE KMEM..KVPS

TRACK_TIME 1167737286
TRACK A20110117607013 A320 472560 1221900 120 30 999 NONE NONE 290
	FP_ROUTE KSEA..KPHX

TRACK_TIME 1167737286
TRACK A20110117607017 C560 410600 922700 120 30 999 NONE NONE 230
	FP_ROUTE KOTM..KRST

TRACK_TIME 1167737286
TRACK A20110117607021 C750 341800 775200 120 30 999 NONE NONE 131
	FP_ROUTE KILM..KTEB

TRACK_TIME 1167737286
TRACK A20110117607022 C560 435260 923100 120 30 999 NONE NONE 220
	FP_ROUTE KRST..KDSM

TRACK_TIME 1167737286
TRACK A20110117607023 MD82 275260 824060 120 30 999 NONE NONE 330
	FP_ROUTE KPIE..KGSP

TRACK_TIME 1167737286
TRACK A20110117607025 A321 260460 800760 120 30 999 NONE NONE 331
	FP_ROUTE KFLL..KLGA

TRACK_TIME 1167737286
TRACK A20110117607032 B738 295700 951960 120 30 999 NONE NONE 370
	FP_ROUTE KIAH..KBWI

TRACK_TIME 1167737286
TRACK A20110117607034 CRJ2 412800 903460 120 30 999 NONE NONE 270
	FP_ROUTE KMLI..KDTW

TRACK_TIME 1167737286
TRACK A20110117607035 E190 403900 734960 120 30 999 NONE NONE 360
	FP_ROUTE KJFK..KAUS

TRACK_TIME 1167737286
TRACK A20110117607041 AT72 325200 970400 120 30 999 NONE NONE 39
	FP_ROUTE KDFW..KACT

TRACK_TIME 1167737286
TRACK A20110117607044 BE20 385260 760600 120 30 999 NONE NONE 121
	FP_ROUTE KESN..KMMU

TRACK_TIME 1167737286
TRACK A20110117607045 CRJ2 464360 1120000 120 30 999 NONE NONE 350
	FP_ROUTE KHLN..KDEN

TRACK_TIME 1167737286
TRACK A20110117607061 E145 295700 952100 120 30 999 NONE NONE 300
	FP_ROUTE KIAH..KLBB

TRACK_TIME 1167737286
TRACK A20110117607063 BE20 403100 1221800 120 30 999 NONE NONE 190
	FP_ROUTE KRDD..KWVI

TRACK_TIME 1167737286
TRACK A20110117607067 E135 435500 923100 120 30 999 NONE NONE 40
	FP_ROUTE KRST..KORD

TRACK_TIME 1167737286
TRACK A20110117607068 E135 353760 1060160 120 30 999 NONE NONE 350
	FP_ROUTE KSAF..KDFW

TRACK_TIME 1167737286
TRACK A20110117607069 A320 373760 1222200 120 30 999 NONE NONE 370
	FP_ROUTE KSFO..KPHX

TRACK_TIME 1167737286
TRACK A20110117607073 B739 420000 880100 120 30 999 NONE NONE 350
	FP_ROUTE KORD..KEWR

TRACK_TIME 1167737286
TRACK A20110117607074 B737 332560 1115860 120 30 999 NONE NONE 390
	FP_ROUTE KPHX..KSTL

TRACK_TIME 1167737286
TRACK A20110117607075 LJ45 341060 1182100 120 30 999 NONE NONE 280
	FP_ROUTE KBUR..KSFO

TRACK_TIME 1167737286
TRACK A20110117607076 LJ45 373760 1222200 120 30 999 NONE NONE 410
	FP_ROUTE KSFO..KAPA

TRACK_TIME 1167737286
TRACK A20110117607078 B737 384360 901360 120 30 999 NONE NONE 390
	FP_ROUTE KSTL..KPHL

TRACK_TIME 1167737286
TRACK A20110117607079 B737 395260 751060 120 30 999 NONE NONE 220
	FP_ROUTE KPHL..KPIT

TRACK_TIME 1167737286
TRACK A20110117607083 A320 402860 801060 120 30 999 NONE NONE 360
	FP_ROUTE KPIT..KDEN

TRACK_TIME 1167737286
TRACK A20110117607087 CRJ2 405560 812560 120 30 999 NONE NONE 120
	FP_ROUTE KCAK..KDTW

TRACK_TIME 1167737286
TRACK A20110117607088 CRJ2 422100 710100 120 30 999 NONE NONE 220
	FP_ROUTE KBOS..KRIC

TRACK_TIME 1167737286
TRACK A20110117607090 CRJ9 403760 735100 120 30 999 NONE NONE 220
	FP_ROUTE KJFK..KPIT

TRACK_TIME 1167737286
TRACK A20110117607094 A320 373760 1222200 120 30 999 NONE NONE 370
	FP_ROUTE KSFO..KSAN

TRACK_TIME 1167737286
TRACK A20110117607096 A319 411800 955400 120 30 999 NONE NONE 380
	FP_ROUTE KOMA..KDEN

TRACK_TIME 1167737286
TRACK A20110117607097 DH8A 395260 751200 120 30 999 NONE NONE 89
	FP_ROUTE KPHL..KPHF

TRACK_TIME 1167737286
TRACK A20110117607098 DH8A 370760 762860 120 30 999 NONE NONE 40
	FP_ROUTE KPHF..KPHL

TRACK_TIME 1167737286
TRACK A20110117607100 B737 260460 800760 120 30 999 NONE NONE 390
	FP_ROUTE KFLL..KPVD

TRACK_TIME 1167737286
TRACK A20110117607102 SF34 295800 952100 120 30 999 NONE NONE 80
	FP_ROUTE KIAH..KACT

TRACK_TIME 1167737286
TRACK A20110117607111 E190 422200 705860 120 30 999 NONE NONE 60
	FP_ROUTE KBOS..KPHL

TRACK_TIME 1167737286
TRACK A20110117607112 F2TH 404800 1115800 120 30 999 NONE NONE 400
	FP_ROUTE KSLC..KSJC

TRACK_TIME 1167737286
TRACK A20110117607115 MD83 331800 1113900 120 30 999 NONE NONE 320
	FP_ROUTE KIWA..KBLI

TRACK_TIME 1167737286
TRACK A20110117607124 CRJ9 380600 854300 120 30 999 NONE NONE 270
	FP_ROUTE KSDF..KCLT

TRACK_TIME 1167737286
TRACK A20110117607125 B738 295700 952100 120 30 999 NONE NONE 370
	FP_ROUTE KIAH..KRSW

TRACK_TIME 1167737286
TRACK A20110117607127 DH8A 404500 735100 120 30 999 NONE NONE 40
	FP_ROUTE KLGA..KPHL

TRACK_TIME 1167737286
TRACK A20110117607130 CRJ1 385200 770300 120 30 999 NONE NONE 320
	FP_ROUTE KDCA..KJAX

TRACK_TIME 1167737286
TRACK A20110117607131 C550 335860 1022400 120 30 999 NONE NONE 360
	FP_ROUTE KLIU..KGUP

TRACK_TIME 1167737286
TRACK A20110117607132 C550 353400 1084960 120 30 999 NONE NONE 360
	FP_ROUTE KGUP..KEGE

TRACK_TIME 1167737286
TRACK A20110117607133 C550 393700 1065800 120 30 999 NONE NONE 360
	FP_ROUTE KEGE..KGUP

TRACK_TIME 1167737286
TRACK A20110117607135 B737 395500 1044000 120 30 999 NONE NONE 390
	FP_ROUTE KDEN..KBWI

TRACK_TIME 1167737286
TRACK A20110117607138 CRJ2 395260 751300 120 30 999 NONE NONE 280
	FP_ROUTE KPHL..KGSO

TRACK_TIME 1167737286
TRACK A20110117607139 B738 182700 655800 120 30 999 NONE NONE 360
	FP_ROUTE KSJU..KPHL

TRACK_TIME 1167737286
TRACK A20110117607140 DH8A 205400 1562500 120 30 999 NONE NONE 140
	FP_ROUTE KOGG..KLIH

TRACK_TIME 1167737286
TRACK A20110117607142 DH8D 395100 1044600 120 30 999 NONE NONE 240
	FP_ROUTE KDEN..KASE

TRACK_TIME 1167737286
TRACK A20110117607143 B737 390900 764200 120 30 999 NONE NONE 400
	FP_ROUTE KBWI..KMCO

TRACK_TIME 1167737286
TRACK A20110117607145 B752 205500 1562400 120 30 999 NONE NONE 350
	FP_ROUTE KOGG..KLAX

TRACK_TIME 1167737286
TRACK A20110117607148 B737 282500 811900 120 30 999 NONE NONE 380
	FP_ROUTE KMCO..KMSY

TRACK_TIME 1167737286
TRACK A20110117607151 C550 352700 1084800 120 30 999 NONE NONE 350
	FP_ROUTE KGUP..KLIU

TRACK_TIME 1167737286
TRACK A20110117607184 B733 472560 1221900 120 30 999 NONE NONE 330
	FP_ROUTE KSEA..KOAK

TRACK_TIME 1167737286
TRACK A20110117607185 B733 374360 1221500 120 30 999 NONE NONE 350
	FP_ROUTE KOAK..KONT

TRACK_TIME 1167737286
TRACK A20110117607186 E170 465400 1140400 120 30 999 NONE NONE 330
	FP_ROUTE KMSO..KMSP

TRACK_TIME 1167737286
TRACK A20110117607187 B737 414360 712500 120 30 999 NONE NONE 400
	FP_ROUTE KPVD..KMCO

TRACK_TIME 1167737286
TRACK A20110117607191 A321 404360 734960 120 30 999 NONE NONE 40
	FP_ROUTE KLGA..KCLT

TRACK_TIME 1167737286
TRACK A20110117607192 B733 391060 944000 120 30 999 NONE NONE 270
	FP_ROUTE KMCI..KSTL

TRACK_TIME 1167737286
TRACK A20110117607194 B733 380900 854300 120 30 999 NONE NONE 340
	FP_ROUTE KSDF..KMCO

TRACK_TIME 1167737286
TRACK A20110117607196 CRJ1 360700 795400 120 30 999 NONE NONE 140
	FP_ROUTE KGSO..KATL

TRACK_TIME 1167737286
TRACK A20110117607197 CRJ1 421200 832200 120 30 999 NONE NONE 121
	FP_ROUTE KDTW..KAZO

TRACK_TIME 1167737286
TRACK A20110117607198 A319 395260 1043600 120 30 999 NONE NONE 390
	FP_ROUTE KDEN..KFSD

TRACK_TIME 1167737286
TRACK A20110117607200 B738 374000 1221900 120 30 999 NONE NONE 370
	FP_ROUTE KSFO..KIAH

TRACK_TIME 1167737286
TRACK A20110117607202 B753 335560 1182560 120 30 999 NONE NONE 330
	FP_ROUTE KLAX..KMSP

TRACK_TIME 1167737286
TRACK A20110117607205 B763 373900 1221960 120 30 999 NONE NONE 390
	FP_ROUTE KSFO..KJFK

TRACK_TIME 1167737286
TRACK A20110117607209 CRJ2 341000 1182200 120 30 999 NONE NONE 350
	FP_ROUTE KBUR..KDEN

TRACK_TIME 1167737286
TRACK A20110117607210 B737 391800 944360 120 30 999 NONE NONE 390
	FP_ROUTE KMCI..KIND

TRACK_TIME 1167737286
TRACK A20110117607213 CRJ2 373760 1222200 120 30 999 NONE NONE 350
	FP_ROUTE KSFO..KABQ

TRACK_TIME 1167737286
TRACK A20110117607215 DH8A 211900 1575260 120 30 999 NONE NONE 90
	FP_ROUTE KHNL..KJHM

TRACK_TIME 1167737286
TRACK A20110117607218 B762 403760 734960 120 30 999 NONE NONE 380
	FP_ROUTE KJFK..KLAX

TRACK_TIME 1167737286
TRACK A20110117607219 B737 394500 861660 120 30 999 NONE NONE 370
	FP_ROUTE KIND..KBWI

TRACK_TIME 1167737286
TRACK A20110117607220 B737 390900 763760 120 30 999 NONE NONE 290
	FP_ROUTE KBWI..KBOS

TRACK_TIME 1167737286
TRACK A20110117607224 E190 430600 774200 120 30 999 NONE NONE 210
	FP_ROUTE KROC..KJFK

TRACK_TIME 1167737286
TRACK A20110117607225 B752 404600 1115800 120 30 999 NONE NONE 350
	FP_ROUTE KSLC..KATL

TRACK_TIME 1167737286
TRACK A20110117607235 E135 434900 911060 120 30 999 NONE NONE 190
	FP_ROUTE KLSE..KORD

TRACK_TIME 1167737286
TRACK A20110117607236 B738 254800 801600 120 30 999 NONE NONE 360
	FP_ROUTE KMIA..KLAS

TRACK_TIME 1167737286
TRACK A20110117607246 B735 295700 952100 120 30 999 NONE NONE 21
	FP_ROUTE KIAH..KAUS

TRACK_TIME 1167737286
TRACK A20110117607249 CRJ2 404500 735100 120 30 999 NONE NONE 240
	FP_ROUTE KLGA..KRIC

TRACK_TIME 1167737286
TRACK A20110117607251 A319 404500 734900 120 30 999 NONE NONE 220
	FP_ROUTE KLGA..KDCA

TRACK_TIME 1167737286
TRACK A20110117607255 DH8A 381000 782560 120 30 999 NONE NONE 100
	FP_ROUTE KCHO..KCLT

TRACK_TIME 1167737286
TRACK A20110117607259 CL60 393900 1065500 120 30 999 NONE NONE 350
	FP_ROUTE KEGE..KFXE

TRACK_TIME 1167737286
TRACK A20110117607261 E120 421000 1214360 120 30 999 NONE NONE 240
	FP_ROUTE KLMT..KPDX

TRACK_TIME 1167737286
TRACK A20110117607262 DH8D 372200 1215560 120 30 999 NONE NONE 210
	FP_ROUTE KSJC..KLAX

TRACK_TIME 1167737286
TRACK A20110117607265 A319 421200 832100 120 30 999 NONE NONE 370
	FP_ROUTE KDTW..KPHL

TRACK_TIME 1167737286
TRACK A20110117607269 B737 355260 784660 120 30 999 NONE NONE 230
	FP_ROUTE KRDU..KBWI

TRACK_TIME 1167737286
TRACK A20110117607271 B737 390600 763700 120 30 999 NONE NONE 370
	FP_ROUTE KBWI..KMHT

TRACK_TIME 1167737286
TRACK A20110117607272 B737 425700 712560 120 30 999 NONE NONE 380
	FP_ROUTE KMHT..KMCO

TRACK_TIME 1167737286
TRACK A20110117607277 A320 403900 734960 120 30 999 NONE NONE 360
	FP_ROUTE KJFK..KMCO

TRACK_TIME 1167737286
TRACK A20110117607278 E135 325260 970160 120 30 999 NONE NONE 270
	FP_ROUTE KDFW..KJAN

TRACK_TIME 1167737286
TRACK A20110117607283 A319 333900 1175260 120 30 999 NONE NONE 360
	FP_ROUTE KSNA..KSFO

TRACK_TIME 1167737286
TRACK A20110117607286 CRJ2 333760 842400 120 30 999 NONE NONE 330
	FP_ROUTE KATL..KLWB

TRACK_TIME 1167737286
TRACK A20110117607287 CRJ2 375200 802400 120 30 999 NONE NONE 260
	FP_ROUTE KLWB..KATL

TRACK_TIME 1167737286
TRACK A20110117607289 A320 372260 1215700 120 30 999 NONE NONE 370
	FP_ROUTE KSJC..KPHX

TRACK_TIME 1167737286
TRACK A20110117607290 E170 395260 1043460 120 30 999 NONE NONE 350
	FP_ROUTE KDEN..KMCI

TRACK_TIME 1167737286
TRACK A20110117607291 A320 282560 811800 120 30 999 NONE NONE 370
	FP_ROUTE KMCO..KLGA

TRACK_TIME 1167737286
TRACK A20110117607299 B712 211900 1575260 120 30 999 NONE NONE 130
	FP_ROUTE KHNL..KOGG

TRACK_TIME 1167737286
TRACK A20110117607306 B737 293100 982800 120 30 999 NONE NONE 390
	FP_ROUTE KSAT..KBWI

TRACK_TIME 1167737286
TRACK A20110117607309 MD83 383900 1213460 120 30 999 NONE NONE 330
	FP_ROUTE KSMF..KDFW

TRACK_TIME 1167737286
TRACK A20110117607310 MD83 325200 970160 120 30 999 NONE NONE 330
	FP_ROUTE KDFW..KTPA

TRACK_TIME 1167737286
TRACK A20110117607311 E145 351200 805700 120 30 999 NONE NONE 280
	FP_ROUTE KCLT..KCLE

TRACK_TIME 1167737286
TRACK A20110117607313 E135 415860 875200 120 30 999 NONE NONE 100
	FP_ROUTE KORD..KGRR

TRACK_TIME 1167737286
TRACK A20110117607316 B737 325260 970160 120 30 999 NONE NONE 390
	FP_ROUTE KDFW..KATL

TRACK_TIME 1167737286
TRACK A20110117607317 E190 404360 734900 120 30 999 NONE NONE 190
	FP_ROUTE KLGA..KBOS

TRACK_TIME 1167737286
TRACK A20110117607319 BE9L 414200 980900 120 30 999 NONE NONE 100
	FP_ROUTE KBVN..KBBW

TRACK_TIME 1167737286
TRACK A20110117607327 BE9L 412500 993160 120 30 999 NONE NONE 151
	FP_ROUTE KBBW..KLNK

TRACK_TIME 1167737286
TRACK A20110117607333 C510 462100 872400 120 30 999 NONE NONE 171
	FP_ROUTE KSAW..K5LL8

TRACK_TIME 1167737286
TRACK A20110117607336 MD83 325100 970160 120 30 999 NONE NONE 350
	FP_ROUTE KDFW..KDTW

TRACK_TIME 1167737286
TRACK A20110117607340 A319 360700 864060 120 30 999 NONE NONE 360
	FP_ROUTE KBNA..KDEN

TRACK_TIME 1167737286
TRACK A20110117607342 C750 260400 814660 120 30 999 NONE NONE 430
	FP_ROUTE KAPF..KLEX

TRACK_TIME 1167737286
TRACK A20110117607347 CRJ2 351360 805700 120 30 999 NONE NONE 300
	FP_ROUTE KCLT..KMKE

TRACK_TIME 1167737286
TRACK A20110117607348 E145 412400 815260 120 30 999 NONE NONE 290
	FP_ROUTE KCLE..KLGA

TRACK_TIME 1167737286
TRACK A20110117607349 B733 350100 1063900 120 30 999 NONE NONE 340
	FP_ROUTE KABQ..KLAS

TRACK_TIME 1167737286
TRACK A20110117607350 CRJ9 350100 895860 120 30 999 NONE NONE 210
	FP_ROUTE KMEM..KATL

TRACK_TIME 1167737286
TRACK A20110117607352 B733 360600 1150900 120 30 999 NONE NONE 340
	FP_ROUTE KLAS..KBOI

TRACK_TIME 1167737286
TRACK A20110117607369 AT72 254660 801600 120 30 999 NONE NONE 80
	FP_ROUTE KMIA..KEYW

TRACK_TIME 1167737286
TRACK A20110117607378 CRJ2 333700 842100 120 30 999 NONE NONE 230
	FP_ROUTE KATL..KTLH

TRACK_TIME 1167737286
TRACK A20110117607380 SW4 404660 1115800 120 30 999 NONE NONE 159
	FP_ROUTE KSLC..KTWF

TRACK_TIME 1167737286
TRACK A20110117607382 B737 373760 1222200 120 30 999 NONE NONE 290
	FP_ROUTE KSFO..KLAS

TRACK_TIME 1167737286
TRACK A20110117607383 CRJ2 302400 842400 120 30 999 NONE NONE 220
	FP_ROUTE KTLH..KATL

TRACK_TIME 1167737286
TRACK A20110117607389 B738 395260 1043400 120 30 999 NONE NONE 370
	FP_ROUTE KDEN..KEWR

TRACK_TIME 1167737286
TRACK A20110117607390 E170 402860 801300 120 30 999 NONE NONE 210
	FP_ROUTE KPIT..KPHL

TRACK_TIME 1167737286
TRACK A20110117607397 E145 325260 970160 120 30 999 NONE NONE 290
	FP_ROUTE KDFW..KSGF

TRACK_TIME 1167737286
TRACK A20110117607401 MD82 324960 970400 120 30 999 NONE NONE 330
	FP_ROUTE KDFW..KMCI

TRACK_TIME 1167737286
TRACK A20110117607418 F2TH 404500 732500 120 30 999 NONE NONE 430
	FP_ROUTE KFRG..KPBI

TRACK_TIME 1167737286
TRACK A20110117607420 B738 295800 952100 120 30 999 NONE NONE 220
	FP_ROUTE KIAH..KSAT

TRACK_TIME 1167737286
TRACK A20110117607421 B733 352200 973600 120 30 999 NONE NONE 350
	FP_ROUTE KOKC..KSTL

TRACK_TIME 1167737286
TRACK A20110117607422 C560 263000 814900 120 30 999 NONE NONE 390
	FP_ROUTE KRSW..KAFJ

TRACK_TIME 1167737286
TRACK A20110117607424 LJ35 335860 1182860 120 30 999 NONE NONE 380
	FP_ROUTE KSMO..KBFI

TRACK_TIME 1167737286
TRACK A20110117607429 B737 360700 1150900 120 30 999 NONE NONE 220
	FP_ROUTE KLAS..KBUR

TRACK_TIME 1167737286
TRACK A20110117607433 CRJ2 373760 1222100 120 30 999 NONE NONE 350
	FP_ROUTE KSFO..KSLC

TRACK_TIME 1167737286
TRACK A20110117607436 B772 415800 875700 120 30 999 NONE NONE 310
	FP_ROUTE KORD..KZSPD

TRACK_TIME 1167737286
TRACK A20110117607439 B738 393300 1194660 120 30 999 NONE NONE 390
	FP_ROUTE KRNO..KSLC

TRACK_TIME 1167737286
TRACK A20110117607441 CRJ9 332560 1115860 120 30 999 NONE NONE 330
	FP_ROUTE KPHX..KABQ

TRACK_TIME 1167737286
TRACK A20110117607442 E135 325700 964900 120 30 999 NONE NONE 410
	FP_ROUTE KADS..KMMU

TRACK_TIME 1167737286
TRACK A20110117607443 B737 400000 825260 120 30 999 NONE NONE 380
	FP_ROUTE KCMH..KLAS

TRACK_TIME 1167737286
TRACK A20110117607444 B737 360600 1150900 120 30 999 NONE NONE 280
	FP_ROUTE KLAS..KLAX

TRACK_TIME 1167737286
TRACK A20110117607445 B737 335560 1182860 120 30 999 NONE NONE 360
	FP_ROUTE KLAX..KSFO

TRACK_TIME 1167737286
TRACK A20110117607456 B734 275800 823300 120 30 999 NONE NONE 310
	FP_ROUTE KTPA..KDCA

TRACK_TIME 1167737286
TRACK A20110117607457 CRJ9 351500 1204060 120 30 999 NONE NONE 310
	FP_ROUTE KSBP..KPHX

TRACK_TIME 1167737286
TRACK A20110117607458 A320 332560 1115860 120 30 999 NONE NONE 350
	FP_ROUTE KPHX..KJFK

TRACK_TIME 1167737286
TRACK A20110117607460 A320 360700 1150900 120 30 999 NONE NONE 270
	FP_ROUTE KLAS..KPHX

TRACK_TIME 1167737286
TRACK A20110117607464 A320 332560 1115860 120 30 999 NONE NONE 350
	FP_ROUTE KPHX..KIND

TRACK_TIME 1167737286
TRACK A20110117607470 SF34 605860 1501300 120 30 999 NONE NONE 200
	FP_ROUTE KANC..KDUT

TRACK_TIME 1167737286
TRACK A20110117607473 B752 333760 842400 120 30 999 NONE NONE 250
	FP_ROUTE KATL..KDCA

TRACK_TIME 1167737286
TRACK A20110117607475 CRJ2 354960 835700 120 30 999 NONE NONE 140
	FP_ROUTE KTYS..KATL

TRACK_TIME 1167737286
TRACK A20110117607476 SF34 295700 952100 120 30 999 NONE NONE 160
	FP_ROUTE KIAH..KDRT

TRACK_TIME 1167737286
TRACK A20110117607479 A319 414500 874200 120 30 999 NONE NONE 370
	FP_ROUTE KMDW..KATL

TRACK_TIME 1167737286
TRACK A20110117607481 CRJ2 413000 740900 120 30 999 NONE NONE 290
	FP_ROUTE KSWF..KDTW

TRACK_TIME 1167737286
TRACK A20110117607482 CRJ2 421060 832260 120 30 999 NONE NONE 141
	FP_ROUTE KDTW..KSBN

TRACK_TIME 1167737286
TRACK A20110117607487 B737 374300 1221500 120 30 999 NONE NONE 230
	FP_ROUTE KOAK..KRNO

TRACK_TIME 1167737286
TRACK A20110117607488 B737 393600 1194660 120 30 999 NONE NONE 350
	FP_ROUTE KRNO..KPHX

TRACK_TIME 1167737286
TRACK A20110117607489 B733 390760 763900 120 30 999 NONE NONE 360
	FP_ROUTE KBWI..KMCO

TRACK_TIME 1167737286
TRACK A20110117607491 C560 335400 841800 120 30 999 NONE NONE 380
	FP_ROUTE KPDK..KYIP

TRACK_TIME 1167737286
TRACK A20110117607496 E170 404300 740900 120 30 999 NONE NONE 380
	FP_ROUTE KEWR..KIND

TRACK_TIME 1167737286
TRACK A20110117607501 E135 321660 900400 120 30 999 NONE NONE 241
	FP_ROUTE KJAN..KDFW

TRACK_TIME 1167737286
TRACK A20110117607503 E145 303000 814000 120 30 999 NONE NONE 340
	FP_ROUTE KJAX..KORD

TRACK_TIME 1167737286
TRACK A20110117607504 MD82 343600 865260 120 30 999 NONE NONE 360
	FP_ROUTE KHSV..KDFW

TRACK_TIME 1167737286
TRACK A20110117607505 MD82 325260 970300 120 30 999 NONE NONE 280
	FP_ROUTE KDFW..KCOS

TRACK_TIME 1167737286
TRACK A20110117607507 A319 385260 770300 120 30 999 NONE NONE 330
	FP_ROUTE KDCA..KBOS

TRACK_TIME 1167737286
TRACK A20110117607508 B738 404900 735200 120 30 999 NONE NONE 380
	FP_ROUTE KLGA..KMIA

TRACK_TIME 1167737286
TRACK A20110117607509 A320 404360 740700 120 30 999 NONE NONE 340
	FP_ROUTE KEWR..KTPA

TRACK_TIME 1167737286
TRACK A20110117607511 MD82 264360 795800 120 30 999 NONE NONE 310
	FP_ROUTE KPBI..KORD

TRACK_TIME 1167737286
TRACK A20110117607512 E190 422200 705860 120 30 999 NONE NONE 260
	FP_ROUTE KBOS..KPHL

TRACK_TIME 1167737286
TRACK A20110117607515 C550 422800 711900 120 30 999 NONE NONE 300
	FP_ROUTE KBED..KILM

TRACK_TIME 1167737286
TRACK A20110117607517 B735 300460 973700 120 30 999 NONE NONE 350
	FP_ROUTE KAUS..KEWR

TRACK_TIME 1167737286
TRACK A20110117607525 B737 453600 1223760 120 30 999 NONE NONE 370
	FP_ROUTE KPDX..KLAS

TRACK_TIME 1167737286
TRACK A20110117607529 B752 182800 655800 120 30 999 NONE NONE 360
	FP_ROUTE KSJU..KMIA

TRACK_TIME 1167737286
TRACK A20110117607531 B737 320160 1021060 120 30 999 NONE NONE 109
	FP_ROUTE KMAF..KDAL

TRACK_TIME 1167737286
TRACK A20110117607532 A320 415800 875700 120 30 999 NONE NONE 340
	FP_ROUTE KORD..KSFO

TRACK_TIME 1167737286
TRACK A20110117607536 B737 324800 964800 120 30 999 NONE NONE 300
	FP_ROUTE KDAL..KSAT

TRACK_TIME 1167737286
TRACK A20110117607538 B737 315200 1021500 120 30 999 NONE NONE 400
	FP_ROUTE KMAF..KABQ

TRACK_TIME 1167737286
TRACK A20110117607539 B737 350300 1063460 120 30 999 NONE NONE 400
	FP_ROUTE KABQ..KLAX

TRACK_TIME 1167737286
TRACK A20110117607540 B737 335700 1182700 120 30 999 NONE NONE 360
	FP_ROUTE KLAX..KSFO

TRACK_TIME 1167737286
TRACK A20110117607543 BE20 610400 1463300 120 30 999 NONE NONE 160
	FP_ROUTE KVDZ..KANC

TRACK_TIME 1167737286
TRACK A20110117607548 CRJ2 334000 841960 120 30 999 NONE NONE 230
	FP_ROUTE KATL..KTRI

TRACK_TIME 1167737286
TRACK A20110117607549 CRJ2 362700 822700 120 30 999 NONE NONE 140
	FP_ROUTE KTRI..KATL

TRACK_TIME 1167737286
TRACK A20110117607552 E170 395260 1043700 120 30 999 NONE NONE 350
	FP_ROUTE KDEN..KOMA

TRACK_TIME 1167737286
TRACK A20110117607553 CRJ2 421200 832200 120 30 999 NONE NONE 280
	FP_ROUTE KDTW..KCID

TRACK_TIME 1167737286
TRACK A20110117607554 E145 412400 815260 120 30 999 NONE NONE 310
	FP_ROUTE KCLE..KPVD

TRACK_TIME 1167737286
TRACK A20110117607555 E145 414360 712500 120 30 999 NONE NONE 160
	FP_ROUTE KPVD..KEWR

TRACK_TIME 1167737286
TRACK A20110117607564 CRJ1 390160 843900 120 30 999 NONE NONE 110
	FP_ROUTE KCVG..KHTS

TRACK_TIME 1167737286
TRACK A20110117607565 E145 303700 881300 120 30 999 NONE NONE 360
	FP_ROUTE KMOB..KDFW

TRACK_TIME 1167737286
TRACK A20110117607566 E135 351200 1013400 120 30 999 NONE NONE 290
	FP_ROUTE KAMA..KDFW

TRACK_TIME 1167737286
TRACK A20110117607568 E145 440300 1030400 120 30 999 NONE NONE 370
	FP_ROUTE KRAP..KDFW

TRACK_TIME 1167737286
TRACK A20110117607569 B738 295700 952100 120 30 999 NONE NONE 370
	FP_ROUTE KIAH..KORD

TRACK_TIME 1167737286
TRACK A20110117607570 MD83 472500 1221800 120 30 999 NONE NONE 270
	FP_ROUTE KSEA..KDFW

TRACK_TIME 1167737286
TRACK A20110117607592 E170 445260 931060 120 30 999 NONE NONE 370
	FP_ROUTE KMSP..KBDL

TRACK_TIME 1167737286
TRACK A20110117607593 E170 415700 724200 120 30 999 NONE NONE 340
	FP_ROUTE KBDL..KMSP

TRACK_TIME 1167737286
TRACK A20110117607594 A319 422200 705860 120 30 999 NONE NONE 220
	FP_ROUTE KBOS..KDCA

TRACK_TIME 1167737286
TRACK A20110117607599 DH8D 400000 825100 120 30 999 NONE NONE 210
	FP_ROUTE KCMH..KEWR

TRACK_TIME 1167737286
TRACK A20110117607600 CRJ2 404960 735260 120 30 999 NONE NONE 100
	FP_ROUTE KLGA..KPIT

TRACK_TIME 1167737286
TRACK A20110117607604 E145 295700 951960 120 30 999 NONE NONE 330
	FP_ROUTE KIAH..KRDU

TRACK_TIME 1167737286
TRACK A20110117607605 BE20 401660 792500 120 30 999 NONE NONE 50
	FP_ROUTE KLBE..KMGW

TRACK_TIME 1167737286
TRACK A20110117607606 BE20 394200 795560 120 30 999 NONE NONE 90
	FP_ROUTE KMGW..KIAD

TRACK_TIME 1167737286
TRACK A20110117607609 CRJ9 444900 931360 120 30 999 NONE NONE 340
	FP_ROUTE KMSP..KDFW

TRACK_TIME 1167737286
TRACK A20110117607612 E145 254800 801600 120 30 999 NONE NONE 370
	FP_ROUTE KMIA..KPIT

TRACK_TIME 1167737286
TRACK A20110117607615 CRJ9 350100 895860 120 30 999 NONE NONE 340
	FP_ROUTE KMEM..KDEN

TRACK_TIME 1167737286
TRACK A20110117607616 CRJ9 394800 1043600 120 30 999 NONE NONE 350
	FP_ROUTE KDEN..KMEM

TRACK_TIME 1167737286
TRACK A20110117607618 A319 404900 735260 120 30 999 NONE NONE 340
	FP_ROUTE KLGA..KTPA

TRACK_TIME 1167737286
TRACK A20110117607619 BE20 385860 773300 120 30 999 NONE NONE 141
	FP_ROUTE KIAD..KLBE

TRACK_TIME 1167737286
TRACK A20110117607620 MD82 325260 970160 120 30 999 NONE NONE 310
	FP_ROUTE KDFW..KBNA

TRACK_TIME 1167737286
TRACK A20110117607625 B738 295800 951960 120 30 999 NONE NONE 370
	FP_ROUTE KIAH..KMIA

TRACK_TIME 1167737286
TRACK A20110117607627 A319 422200 705860 120 30 999 NONE NONE 320
	FP_ROUTE KBOS..KDCA

TRACK_TIME 1167737286
TRACK A20110117607628 E190 395260 751300 120 30 999 NONE NONE 260
	FP_ROUTE KPHL..KRDU

TRACK_TIME 1167737286
TRACK A20110117607630 E145 425800 784200 120 30 999 NONE NONE 240
	FP_ROUTE KBUF..KORD

TRACK_TIME 1167737286
TRACK A20110117607631 A320 350300 1063400 120 30 999 NONE NONE 370
	FP_ROUTE KABQ..KIAD

TRACK_TIME 1167737286
TRACK A20110117607632 MD83 360700 1150900 120 30 999 NONE NONE 330
	FP_ROUTE KLAS..KDFW

TRACK_TIME 1167737286
TRACK A20110117607633 MD83 325200 970160 120 30 999 NONE NONE 310
	FP_ROUTE KDFW..KJAX

TRACK_TIME 1167737286
TRACK A20110117607634 DH8C 352500 823160 120 30 999 NONE NONE 90
	FP_ROUTE KAVL..KCLT

TRACK_TIME 1167737286
TRACK A20110117607642 B752 472560 1221900 120 30 999 NONE NONE 390
	FP_ROUTE KSEA..KDEN

TRACK_TIME 1167737286
TRACK A20110117607643 A319 394800 1043760 120 30 999 NONE NONE 330
	FP_ROUTE KDEN..KOKC

TRACK_TIME 1167737286
TRACK A20110117607645 B752 325200 970160 120 30 999 NONE NONE 390
	FP_ROUTE KDFW..KATL

TRACK_TIME 1167737286
TRACK A20110117607646 B752 333760 842260 120 30 999 NONE NONE 390
	FP_ROUTE KATL..KPBI

TRACK_TIME 1167737286
TRACK A20110117607647 B734 325200 970160 120 30 999 NONE NONE 310
	FP_ROUTE KDFW..KCLT

TRACK_TIME 1167737286
TRACK A20110117607649 BE9L 461600 1190760 120 30 999 NONE NONE 200
	FP_ROUTE KPSC..KSLE

TRACK_TIME 1167737286
TRACK A20110117607655 E145 394200 861800 120 30 999 NONE NONE 360
	FP_ROUTE KIND..KMIA

TRACK_TIME 1167737286
TRACK A20110117607659 CRJ2 333760 842260 120 30 999 NONE NONE 270
	FP_ROUTE KATL..KFAY

TRACK_TIME 1167737286
TRACK A20110117607660 CRJ2 350100 785200 120 30 999 NONE NONE 280
	FP_ROUTE KFAY..KATL

TRACK_TIME 1167737286
TRACK A20110117607670 B737 394800 1043700 120 30 999 NONE NONE 380
	FP_ROUTE KDEN..KSEA

TRACK_TIME 1167737286
TRACK A20110117607677 B737 300000 901500 120 30 999 NONE NONE 400
	FP_ROUTE KMSY..KDEN

TRACK_TIME 1167737286
TRACK A20110117607678 B737 395500 1044200 120 30 999 NONE NONE 380
	FP_ROUTE KDEN..KSEA

TRACK_TIME 1167737286
TRACK A20110117607686 LJ45 404900 1115800 120 30 999 NONE NONE 430
	FP_ROUTE KSLC..KVNY

TRACK_TIME 1167737286
TRACK A20110117607690 B738 282400 811800 120 30 999 NONE NONE 310
	FP_ROUTE KMCO..KJFK

TRACK_TIME 1167737286
TRACK A20110117607691 A320 403900 735100 120 30 999 NONE NONE 360
	FP_ROUTE KJFK..KPHX

TRACK_TIME 1167737286
TRACK A20110117607694 E170 454800 1082860 120 30 999 NONE NONE 330
	FP_ROUTE KBIL..KMSP

TRACK_TIME 1167737286
TRACK A20110117607698 B738 333900 842260 120 30 999 NONE NONE 340
	FP_ROUTE KATL..KSMF

TRACK_TIME 1167737286
TRACK A20110117607702 CRJ9 295800 951960 120 30 999 NONE NONE 370
	FP_ROUTE KIAH..KATL

TRACK_TIME 1167737286
TRACK A20110117607703 B737 282560 811800 120 30 999 NONE NONE 400
	FP_ROUTE KMCO..KMCI

TRACK_TIME 1167737286
TRACK A20110117607711 E145 303100 814000 120 30 999 NONE NONE 360
	FP_ROUTE KJAX..KIAH

TRACK_TIME 1167737286
TRACK A20110117607713 CRJ2 332560 1120300 120 30 999 NONE NONE 290
	FP_ROUTE KPHX..KABQ

TRACK_TIME 1167737286
TRACK A20110117607721 B752 403700 735260 120 30 999 NONE NONE 380
	FP_ROUTE KJFK..KSFO

TRACK_TIME 1167737286
TRACK A20110117607723 E145 295700 952100 120 30 999 NONE NONE 120
	FP_ROUTE KIAH..KDAL

TRACK_TIME 1167737286
TRACK A20110117607725 CRJ9 445100 931360 120 30 999 NONE NONE 340
	FP_ROUTE KMSP..KIAH

TRACK_TIME 1167737286
TRACK A20110117607726 CRJ9 295860 951800 120 30 999 NONE NONE 350
	FP_ROUTE KIAH..KMSP

TRACK_TIME 1167737286
TRACK A20110117607729 CRJ2 412400 815260 120 30 999 NONE NONE 120
	FP_ROUTE KCLE..KDTW

TRACK_TIME 1167737286
TRACK A20110117607739 CRJ9 341000 1182200 120 30 999 NONE NONE 330
	FP_ROUTE KBUR..KPHX

TRACK_TIME 1167737286
TRACK A20110117607742 C550 341800 775200 120 30 999 NONE NONE 120
	FP_ROUTE KILM..KLHZ

TRACK_TIME 1167737286
TRACK A20110117607743 CRJ9 332560 1120300 120 30 999 NONE NONE 350
	FP_ROUTE KPHX..KAUS

TRACK_TIME 1167737286
TRACK A20110117607744 A319 324360 1171300 120 30 999 NONE NONE 289
	FP_ROUTE KSAN..KPHX

TRACK_TIME 1167737286
TRACK A20110117607745 A320 332560 1120160 120 30 999 NONE NONE 350
	FP_ROUTE KPHX..KORD

TRACK_TIME 1167737286
TRACK A20110117607746 CRJ2 395800 841600 120 30 999 NONE NONE 121
	FP_ROUTE KDAY..KDTW

TRACK_TIME 1167737286
TRACK A20110117607747 CRJ2 325500 800400 120 30 999 NONE NONE 310
	FP_ROUTE KCHS..KLGA

TRACK_TIME 1167737286
TRACK A20110117607751 BE20 373760 972700 120 30 999 NONE NONE 170
	FP_ROUTE KICT..KLBL

TRACK_TIME 1167737286
TRACK A20110117607753 A320 422200 705800 120 30 999 NONE NONE 340
	FP_ROUTE KBOS..KPBI

TRACK_TIME 1167737286
TRACK A20110117607754 E145 395260 751360 120 30 999 NONE NONE 101
	FP_ROUTE KPHL..KBWI

TRACK_TIME 1167737286
TRACK A20110117607755 DH8A 442700 730760 120 30 999 NONE NONE 160
	FP_ROUTE KBTV..KLGA

TRACK_TIME 1167737286
TRACK A20110117607756 C750 174060 644500 120 30 999 NONE NONE 430
	FP_ROUTE KSTX..KHOU

TRACK_TIME 1167737286
TRACK A20110117607761 A320 301000 974800 120 30 999 NONE NONE 360
	FP_ROUTE KAUS..KLGB

TRACK_TIME 1167737286
TRACK A20110117607764 E170 412400 815260 120 30 999 NONE NONE 60
	FP_ROUTE KCLE..KPHL

TRACK_TIME 1167737286
TRACK A20110117607768 CRJ9 404600 735100 120 30 999 NONE NONE 340
	FP_ROUTE KLGA..KBHM

TRACK_TIME 1167737286
TRACK A20110117607770 A320 444000 930460 120 30 999 NONE NONE 330
	FP_ROUTE KMSP..KRSW

TRACK_TIME 1167737286
TRACK A20110117607773 A318 324360 1171360 120 30 999 NONE NONE 390
	FP_ROUTE KSAN..KDEN

TRACK_TIME 1167737286
TRACK A20110117607774 E170 395260 751200 120 30 999 NONE NONE 310
	FP_ROUTE KPHL..KBGR

TRACK_TIME 1167737286
TRACK A20110117607775 DH8A 340900 794500 120 30 999 NONE NONE 100
	FP_ROUTE KFLO..KCLT

TRACK_TIME 1167737286
TRACK A20110117607778 CRJ9 350000 895860 120 30 999 NONE NONE 370
	FP_ROUTE KMEM..KBWI

TRACK_TIME 1167737286
TRACK A20110117607779 CRJ9 390900 763900 120 30 999 NONE NONE 360
	FP_ROUTE KBWI..KMEM

TRACK_TIME 1167737286
TRACK A20110117607780 LJ35 333760 1175260 120 30 999 NONE NONE 80
	FP_ROUTE KSNA..KSMO

TRACK_TIME 1167737286
TRACK A20110117607782 A319 385200 770300 120 30 999 NONE NONE 210
	FP_ROUTE KDCA..KLGA

TRACK_TIME 1167737286
TRACK A20110117607788 B737 275800 823300 120 30 999 NONE NONE 340
	FP_ROUTE KTPA..KSTL

TRACK_TIME 1167737286
TRACK A20110117607790 CRJ2 421200 832200 120 30 999 NONE NONE 340
	FP_ROUTE KDTW..KDSM

TRACK_TIME 1167737286
TRACK A20110117607792 B733 360600 864000 120 30 999 NONE NONE 330
	FP_ROUTE KBNA..KRDU

TRACK_TIME 1167737286
TRACK A20110117607793 B733 355260 784600 120 30 999 NONE NONE 340
	FP_ROUTE KRDU..KMCO

TRACK_TIME 1167737286
TRACK A20110117607794 B733 282700 811600 120 30 999 NONE NONE 230
	FP_ROUTE KMCO..KFLL

TRACK_TIME 1167737286
TRACK A20110117607795 E190 282560 811960 120 30 999 NONE NONE 360
	FP_ROUTE KMCO..KAUS

TRACK_TIME 1167737286
TRACK A20110117607796 E190 422100 710100 120 30 999 NONE NONE 320
	FP_ROUTE KBOS..KPIT

TRACK_TIME 1167737286
TRACK A20110117607798 E120 404800 1120000 120 30 999 NONE NONE 260
	FP_ROUTE KSLC..KEKO

TRACK_TIME 1167737286
TRACK A20110117607799 E190 422200 705800 120 30 999 NONE NONE 340
	FP_ROUTE KBOS..KJAX

TRACK_TIME 1167737286
TRACK A20110117607800 E120 404900 1154900 120 30 999 NONE NONE 210
	FP_ROUTE KEKO..KSLC

TRACK_TIME 1167737286
TRACK A20110117607801 B734 385200 770300 120 30 999 NONE NONE 300
	FP_ROUTE KDCA..KTPA

TRACK_TIME 1167737286
TRACK A20110117607803 E190 402860 1071300 120 30 999 NONE NONE 250
	FP_ROUTE KHDN..KDEN

TRACK_TIME 1167737286
TRACK A20110117607806 E170 404900 735200 120 30 999 NONE NONE 360
	FP_ROUTE KLGA..KMCI

TRACK_TIME 1167737286
TRACK A20110117607807 E170 404300 740760 120 30 999 NONE NONE 360
	FP_ROUTE KEWR..KSTL

TRACK_TIME 1167737286
TRACK A20110117607808 E170 384360 901660 120 30 999 NONE NONE 350
	FP_ROUTE KSTL..KEWR

TRACK_TIME 1167737286
TRACK A20110117607817 A319 385400 773100 120 30 999 NONE NONE 280
	FP_ROUTE KIAD..KCLT

TRACK_TIME 1167737286
TRACK A20110117607818 BE9L 353700 1091200 120 30 999 NONE NONE 200
	FP_ROUTE KRQE..KFLG

TRACK_TIME 1167737286
TRACK A20110117607821 B752 324500 1171500 120 30 999 NONE NONE 370
	FP_ROUTE KSAN..KJFK

TRACK_TIME 1167737286
TRACK A20110117607823 B737 395200 1043300 120 30 999 NONE NONE 370
	FP_ROUTE KDEN..KTPA

TRACK_TIME 1167737286
TRACK A20110117607826 B732 611360 1500760 120 30 999 NONE NONE 280
	FP_ROUTE KANC..KBET

TRACK_TIME 1167737286
TRACK A20110117607827 B732 604300 1613700 120 30 999 NONE NONE 370
	FP_ROUTE KBET..KADQ

TRACK_TIME 1167737286
TRACK A20110117607828 B732 581200 1520900 120 30 999 NONE NONE 260
	FP_ROUTE KADQ..KANC

TRACK_TIME 1167737286
TRACK A20110117607832 C560 421300 711060 120 30 999 NONE NONE 430
	FP_ROUTE KOWD..KAPF

TRACK_TIME 1167737286
TRACK A20110117607833 DH8A 414360 712560 120 30 999 NONE NONE 40
	FP_ROUTE KPVD..KLGA

TRACK_TIME 1167737286
TRACK A20110117607834 C550 293900 951660 120 30 999 NONE NONE 400
	FP_ROUTE KHOU..KSDL

TRACK_TIME 1167737286
TRACK A20110117607835 C550 333700 1115560 120 30 999 NONE NONE 390
	FP_ROUTE KSDL..KHOU

TRACK_TIME 1167737286
TRACK A20110117607838 B712 373160 772260 120 30 999 NONE NONE 340
	FP_ROUTE KRIC..KATL

TRACK_TIME 1167737286
TRACK A20110117607839 E145 351360 805560 120 30 999 NONE NONE 190
	FP_ROUTE KCLT..KEWN

TRACK_TIME 1167737286
TRACK A20110117607842 E190 395260 751300 120 30 999 NONE NONE 360
	FP_ROUTE KPHL..KATL

TRACK_TIME 1167737286
TRACK A20110117607845 BE9L 334660 983100 120 30 999 NONE NONE 170
	FP_ROUTE KCWC..KHBV

TRACK_TIME 1167737286
TRACK A20110117607846 BE9L 272200 984200 120 30 999 NONE NONE 80
	FP_ROUTE KHBV..KLRD

TRACK_TIME 1167737286
TRACK A20110117607847 BE9L 272700 992700 120 30 999 NONE NONE 171
	FP_ROUTE KLRD..KCWC

TRACK_TIME 1167737286
TRACK A20110117607848 CRJ2 385800 773100 120 30 999 NONE NONE 210
	FP_ROUTE KIAD..KLGA

TRACK_TIME 1167737286
TRACK A20110117607849 CRJ2 404500 735100 120 30 999 NONE NONE 160
	FP_ROUTE KLGA..KIAD

TRACK_TIME 1167737286
TRACK A20110117607856 B734 302100 890160 120 30 999 NONE NONE 340
	FP_ROUTE KGPT..KDFW

TRACK_TIME 1167737286
TRACK A20110117607859 C550 394900 861800 120 30 999 NONE NONE 369
	FP_ROUTE KEYE..KTEB

TRACK_TIME 1167737286
TRACK A20110117607867 B752 404200 741000 120 30 999 NONE NONE 400
	FP_ROUTE KEWR..KIAH

TRACK_TIME 1167737286
TRACK A20110117607875 E145 373400 772100 120 30 999 NONE NONE 360
	FP_ROUTE KRIC..KORD

TRACK_TIME 1167737286
TRACK A20110117607877 E135 325260 970300 120 30 999 NONE NONE 320
	FP_ROUTE KDFW..KMAF

TRACK_TIME 1167737286
TRACK A20110117607882 C560 442700 730760 120 30 999 NONE NONE 400
	FP_ROUTE KBTV..KORL

TRACK_TIME 1167737286
TRACK A20110117607885 B752 404500 734660 120 30 999 NONE NONE 380
	FP_ROUTE KLGA..KMIA

TRACK_TIME 1167737286
TRACK A20110117607888 E170 351060 805700 120 30 999 NONE NONE 300
	FP_ROUTE KCLT..KCLE

TRACK_TIME 1167737286
TRACK A20110117607889 A319 351200 805560 120 30 999 NONE NONE 370
	FP_ROUTE KCLT..KBOS

TRACK_TIME 1167737286
TRACK A20110117607895 B762 403900 734500 120 30 999 NONE NONE 380
	FP_ROUTE KJFK..KSFO

TRACK_TIME 1167737286
TRACK A20110117607897 B733 414360 712500 120 30 999 NONE NONE 300
	FP_ROUTE KPVD..KBWI

TRACK_TIME 1167737286
TRACK A20110117607898 B738 333900 842100 120 30 999 NONE NONE 390
	FP_ROUTE KATL..KADW

TRACK_TIME 1167737286
TRACK A20110117607900 BE9L 353000 974000 120 30 999 NONE NONE 160
	FP_ROUTE KPWA..KLBL

TRACK_TIME 1167737286
TRACK A20110117607903 B733 390900 763900 120 30 999 NONE NONE 340
	FP_ROUTE KBWI..KPBI

TRACK_TIME 1167737286
TRACK A20110117607908 B737 414500 874600 120 30 999 NONE NONE 410
	FP_ROUTE KMDW..KMCO

TRACK_TIME 1167737286
TRACK A20110117607909 B737 282560 811800 120 30 999 NONE NONE 390
	FP_ROUTE KMCO..KPVD

TRACK_TIME 1167737286
TRACK A20110117607910 A320 350160 895860 120 30 999 NONE NONE 130
	FP_ROUTE KMEM..KATL

TRACK_TIME 1167737286
TRACK A20110117607911 B735 293760 951660 120 30 999 NONE NONE 330
	FP_ROUTE KHOU..KMSY

TRACK_TIME 1167737286
TRACK A20110117607912 CRJ9 293300 982700 120 30 999 NONE NONE 350
	FP_ROUTE KSAT..KDTW

TRACK_TIME 1167737286
TRACK A20110117607915 CRJ2 421200 832200 120 30 999 NONE NONE 260
	FP_ROUTE KDTW..KGRB

TRACK_TIME 1167737286
TRACK A20110117607922 B737 325200 970160 120 30 999 NONE NONE 410
	FP_ROUTE KDFW..KATL

TRACK_TIME 1167737286
TRACK A20110117607929 C550 424000 832200 120 30 999 NONE NONE 259
	FP_ROUTE KPTK..KCMI

TRACK_TIME 1167737286
TRACK A20110117607930 C550 400400 881060 120 30 999 NONE NONE 91
	FP_ROUTE KCMI..KPTK

TRACK_TIME 1167737286
TRACK A20110117607931 CRJ2 421060 832100 120 30 999 NONE NONE 250
	FP_ROUTE KDTW..KCRW

TRACK_TIME 1167737286
TRACK A20110117607935 CRJ2 341000 1182200 120 30 999 NONE NONE 320
	FP_ROUTE KBUR..KSFO

TRACK_TIME 1167737286
TRACK A20110117607941 DH8A 444900 684960 120 30 999 NONE NONE 160
	FP_ROUTE KBGR..KLGA

TRACK_TIME 1167737286
TRACK A20110117607942 C560 335400 841660 120 30 999 NONE NONE 390
	FP_ROUTE KPDK..KISP

TRACK_TIME 1167737286
TRACK A20110117607944 CRJ1 355260 784660 120 30 999 NONE NONE 300
	FP_ROUTE KRDU..KMCO

TRACK_TIME 1167737286
TRACK A20110117607946 E190 301000 974000 120 30 999 NONE NONE 370
	FP_ROUTE KAUS..KJFK

TRACK_TIME 1167737286
TRACK A20110117607950 B752 254800 801600 120 30 999 NONE NONE 370
	FP_ROUTE KMIA..KSJU

TRACK_TIME 1167737286
TRACK A20110117607951 C560 404960 730160 120 30 999 NONE NONE 400
	FP_ROUTE KISP..KPDK

TRACK_TIME 1167737286
TRACK A20110117607952 CRJ2 333760 842200 120 30 999 NONE NONE 270
	FP_ROUTE KATL..KGNV

TRACK_TIME 1167737286
TRACK A20110117607953 CRJ2 294060 821300 120 30 999 NONE NONE 270
	FP_ROUTE KGNV..KATL

TRACK_TIME 1167737286
TRACK A20110117607958 E120 335700 1182700 120 30 999 NONE NONE 141
	FP_ROUTE KLAX..KSMX

TRACK_TIME 1167737286
TRACK A20110117607960 E120 345500 1202860 120 30 999 NONE NONE 111
	FP_ROUTE KSMX..KLAX

TRACK_TIME 1167737286
TRACK A20110117607971 E170 445100 931300 120 30 999 NONE NONE 350
	FP_ROUTE KMSP..KMSY

TRACK_TIME 1167737286
TRACK A20110117607972 CRJ2 333900 842260 120 30 999 NONE NONE 60
	FP_ROUTE KATL..KBNA

TRACK_TIME 1167737286
TRACK A20110117607976 A319 404600 735100 120 30 999 NONE NONE 380
	FP_ROUTE KLGA..KDTW

TRACK_TIME 1167737286
TRACK A20110117607977 B752 415400 874960 120 30 999 NONE NONE 390
	FP_ROUTE KORD..KIAD

TRACK_TIME 1167737286
TRACK A20110117607983 CRJ2 394300 861660 120 30 999 NONE NONE 330
	FP_ROUTE KIND..KDCA

TRACK_TIME 1167737286
TRACK A20110117607992 E135 302200 890300 120 30 999 NONE NONE 340
	FP_ROUTE KGPT..KDFW

TRACK_TIME 1167737286
TRACK A20110117607995 B735 341000 1184900 120 30 999 NONE NONE 100
	FP_ROUTE KABQ..KLAX

TRACK_TIME 1167737286
TRACK A20110117607997 DH8D 473700 1173160 120 30 999 NONE NONE 220
	FP_ROUTE KGEG..KSEA

TRACK_TIME 1167737286
TRACK A20110117607998 CRJ9 333700 841900 120 30 999 NONE NONE 360
	FP_ROUTE KATL..KIAH

TRACK_TIME 1167737286
TRACK A20110117607999 CRJ9 295700 951960 120 30 999 NONE NONE 330
	FP_ROUTE KIAH..KATL

TRACK_TIME 1167737286
TRACK A20110117608005 E145 303100 862700 120 30 999 NONE NONE 360
	FP_ROUTE KVPS..KDFW

TRACK_TIME 1167737286
TRACK A20110117608015 E145 421200 832100 120 30 999 NONE NONE 290
	FP_ROUTE KDTW..KEWR

TRACK_TIME 1167737286
TRACK A20110117608026 B738 361060 955260 120 30 999 NONE NONE 110
	FP_ROUTE KTUL..KDFW

TRACK_TIME 1167737286
TRACK A20110117608034 A320 324500 1171300 120 30 999 NONE NONE 360
	FP_ROUTE KSAN..KSFO

TRACK_TIME 1167737286
TRACK A20110117608039 B738 325200 970160 120 30 999 NONE NONE 350
	FP_ROUTE KDFW..KMIA

TRACK_TIME 1167737286
TRACK A20110117608048 A320 394600 1043760 120 30 999 NONE NONE 370
	FP_ROUTE KDEN..KSAT

TRACK_TIME 1167737286
TRACK A20110117608049 B752 415800 875860 120 30 999 NONE NONE 360
	FP_ROUTE KORD..KSEA

TRACK_TIME 1167737286
TRACK A20110117608058 MD82 325100 970160 120 30 999 NONE NONE 330
	FP_ROUTE KDFW..KATL

TRACK_TIME 1167737286
TRACK A20110117608060 B738 404300 740900 120 30 999 NONE NONE 360
	FP_ROUTE KEWR..KIAH

TRACK_TIME 1167737286
TRACK A20110117608068 SF34 385700 773160 120 30 999 NONE NONE 90
	FP_ROUTE KIAD..KUNV

TRACK_TIME 1167737286
TRACK A20110117608069 SF34 405200 774800 120 30 999 NONE NONE 131
	FP_ROUTE KUNV..KIAD

TRACK_TIME 1167737286
TRACK A20110117608072 A319 425560 875400 120 30 999 NONE NONE 390
	FP_ROUTE KMKE..KLGA

TRACK_TIME 1167737286
TRACK A20110117608077 A318 394800 1043760 120 30 999 NONE NONE 370
	FP_ROUTE KDEN..KATL

TRACK_TIME 1167737286
TRACK A20110117608082 A320 385400 772560 120 30 999 NONE NONE 360
	FP_ROUTE KIAD..KLAX

TRACK_TIME 1167737286
TRACK A20110117608084 B737 425700 712560 120 30 999 NONE NONE 400
	FP_ROUTE KMHT..KMCO

TRACK_TIME 1167737286
TRACK A20110117608086 A319 395400 1044060 120 30 999 NONE NONE 370
	FP_ROUTE KDEN..KMSP

TRACK_TIME 1167737286
TRACK A20110117608087 B738 295860 901500 120 30 999 NONE NONE 280
	FP_ROUTE KMSY..KIAH

TRACK_TIME 1167737286
TRACK A20110117608094 MD82 325200 970300 120 30 999 NONE NONE 340
	FP_ROUTE KDFW..KLAS

TRACK_TIME 1167737286
TRACK A20110117608099 B734 373760 1222200 120 30 999 NONE NONE 320
	FP_ROUTE KSFO..KSEA

TRACK_TIME 1167737286
TRACK A20110117608101 C560 293160 982800 120 30 999 NONE NONE 390
	FP_ROUTE KVNY..KSAT

TRACK_TIME 1167737286
TRACK A20110117608117 B738 182700 655800 120 30 999 NONE NONE 360
	FP_ROUTE KSJU..KBDL

TRACK_TIME 1167737286
TRACK A20110117608119 SF34 610160 1502260 120 30 999 NONE NONE 200
	FP_ROUTE KANC..KAKN

TRACK_TIME 1167737286
TRACK A20110117608120 SF34 583460 1564900 120 30 999 NONE NONE 200
	FP_ROUTE KAKN..KDUT

TRACK_TIME 1167737286
TRACK A20110117608122 E120 404900 1115860 120 30 999 NONE NONE 160
	FP_ROUTE KSLC..KPIH

TRACK_TIME 1167737286
TRACK A20110117608139 MD83 440600 1231300 120 30 999 NONE NONE 310
	FP_ROUTE KEUG..KLAS

TRACK_TIME 1167737286
TRACK A20110117608143 A320 182800 655800 120 30 999 NONE NONE 360
	FP_ROUTE KSJU..KFLL

TRACK_TIME 1167737286
TRACK A20110117608144 A319 385200 770300 120 30 999 NONE NONE 230
	FP_ROUTE KDCA..KBOS

TRACK_TIME 1167737286
TRACK A20110117608149 B738 422200 705800 120 30 999 NONE NONE 360
	FP_ROUTE KBOS..KIAH

TRACK_TIME 1167737286
TRACK A20110117608150 E135 335560 1182700 120 30 999 NONE NONE 260
	FP_ROUTE KLAX..KMRY

TRACK_TIME 1167737286
TRACK A20110117608155 A319 415800 875800 120 30 999 NONE NONE 360
	FP_ROUTE KORD..KSAN

TRACK_TIME 1167737286
TRACK A20110117608156 MD82 390900 943760 120 30 999 NONE NONE 330
	FP_ROUTE KMCI..KORD

TRACK_TIME 1167737286
TRACK A20110117608160 B738 412400 815260 120 30 999 NONE NONE 360
	FP_ROUTE KCLE..KLAX

TRACK_TIME 1167737286
TRACK A20110117608162 B752 395500 1044060 120 30 999 NONE NONE 370
	FP_ROUTE KDEN..KMSP

TRACK_TIME 1167737286
TRACK A20110117608165 MD83 415800 875860 120 30 999 NONE NONE 330
	FP_ROUTE KORD..KLGA

TRACK_TIME 1167737286
TRACK A20110117608166 E145 295700 952100 120 30 999 NONE NONE 300
	FP_ROUTE KIAH..KLBB

TRACK_TIME 1167737286
TRACK A20110117608181 CL60 211660 1575400 120 30 999 NONE NONE 410
	FP_ROUTE KHNL..KSNA

TRACK_TIME 1167737286
TRACK A20110117608187 B752 333900 842200 120 30 999 NONE NONE 360
	FP_ROUTE KATL..KSLC

TRACK_TIME 1167737286
TRACK A20110117608191 E170 300900 974360 120 30 999 NONE NONE 350
	FP_ROUTE KAUS..KMCI

TRACK_TIME 1167737286
TRACK A20110117608192 E170 391360 944300 120 30 999 NONE NONE 310
	FP_ROUTE KMCI..KMKE

TRACK_TIME 1167737286
TRACK A20110117608196 FA20 311000 812400 120 30 999 NONE NONE 370
	FP_ROUTE KSSI..KMTN

TRACK_TIME 1167737286
TRACK A20110117608198 E145 401000 764360 120 30 999 NONE NONE 110
	FP_ROUTE KMDT..KIAD

TRACK_TIME 1167737286
TRACK A20110117608199 E145 385560 773160 120 30 999 NONE NONE 70
	FP_ROUTE KIAD..KRIC

TRACK_TIME 1167737286
TRACK A20110117608200 E170 395200 751300 120 30 999 NONE NONE 270
	FP_ROUTE KPHL..KMHT

TRACK_TIME 1167737286
TRACK A20110117608203 A321 351360 805560 120 30 999 NONE NONE 280
	FP_ROUTE KCLT..KMCO

TRACK_TIME 1167737286
TRACK A20110117608204 CRJ2 391500 944360 120 30 999 NONE NONE 290
	FP_ROUTE KMCI..KPHL

TRACK_TIME 1167737286
TRACK A20110117608205 B752 282500 811900 120 30 999 NONE NONE 360
	FP_ROUTE KMCO..KORD

TRACK_TIME 1167737286
TRACK A20110117608210 SF34 610300 1502400 120 30 999 NONE NONE 200
	FP_ROUTE KANC..KAKN

TRACK_TIME 1167737286
TRACK A20110117608211 SF34 583600 1564660 120 30 999 NONE NONE 200
	FP_ROUTE KAKN..KDUT

TRACK_TIME 1167737286
TRACK A20110117608215 SF34 310300 974900 120 30 999 NONE NONE 110
	FP_ROUTE KGRK..KIAH

TRACK_TIME 1167737286
TRACK A20110117608221 A319 302560 871500 120 30 999 NONE NONE 270
	FP_ROUTE KPNS..KATL

TRACK_TIME 1167737286
TRACK A20110117608222 A319 333900 842400 120 30 999 NONE NONE 360
	FP_ROUTE KATL..KMDW

TRACK_TIME 1167737286
TRACK A20110117608228 CRJ2 421200 832200 120 30 999 NONE NONE 310
	FP_ROUTE KDTW..KAVL

TRACK_TIME 1167737286
TRACK A20110117608229 CRJ2 352400 823160 120 30 999 NONE NONE 120
	FP_ROUTE KAVL..KDTW

TRACK_TIME 1167737286
TRACK A20110117608234 E145 415500 875260 120 30 999 NONE NONE 370
	FP_ROUTE KORD..KRIC

TRACK_TIME 1167737286
TRACK A20110117608241 CRJ1 390160 844000 120 30 999 NONE NONE 220
	FP_ROUTE KCVG..KBNA

TRACK_TIME 1167737286
TRACK A20110117608251 MD82 394360 861660 120 30 999 NONE NONE 320
	FP_ROUTE KIND..KDFW

TRACK_TIME 1167737286
TRACK A20110117608252 MD82 325260 970300 120 30 999 NONE NONE 340
	FP_ROUTE KDFW..KABQ

TRACK_TIME 1167737286
TRACK A20110117608253 B738 404500 740700 120 30 999 NONE NONE 110
	FP_ROUTE KEWR..KBOS

TRACK_TIME 1167737286
TRACK A20110117608257 A320 415500 875260 120 30 999 NONE NONE 370
	FP_ROUTE KORD..KLGA

TRACK_TIME 1167737286
TRACK A20110117608258 CRJ9 351200 805700 120 30 999 NONE NONE 340
	FP_ROUTE KCLT..KSAT

TRACK_TIME 1167737286
TRACK A20110117608260 E135 381500 854500 120 30 999 NONE NONE 230
	FP_ROUTE KSDF..KORD

TRACK_TIME 1167737286
TRACK A20110117608267 MD83 325260 970300 120 30 999 NONE NONE 320
	FP_ROUTE KDFW..KLAX

TRACK_TIME 1167737286
TRACK A20110117608273 DH8D 460460 1181900 120 30 999 NONE NONE 180
	FP_ROUTE KALW..KSEA

TRACK_TIME 1167737286
TRACK A20110117608275 A320 422200 705800 120 30 999 NONE NONE 360
	FP_ROUTE KBOS..KSFO

TRACK_TIME 1167737286
TRACK A20110117608282 A320 260460 800760 120 30 999 NONE NONE 350
	FP_ROUTE KFLL..KPHL

TRACK_TIME 1167737286
TRACK A20110117608289 A319 403760 735100 120 30 999 NONE NONE 360
	FP_ROUTE KJFK..KCLT

TRACK_TIME 1167737286
TRACK A20110117608296 A319 351500 805560 120 30 999 NONE NONE 260
	FP_ROUTE KCLT..KJAX

TRACK_TIME 1167737286
TRACK A20110117608307 C550 405260 740300 120 30 999 NONE NONE 380
	FP_ROUTE KTEB..KOLV

TRACK_TIME 1167737286
TRACK A20110117608311 CRJ2 373700 972860 120 30 999 NONE NONE 320
	FP_ROUTE KICT..KDEN

TRACK_TIME 1167737286
TRACK A20110117608313 B734 472560 1221800 120 30 999 NONE NONE 330
	FP_ROUTE KSEA..KSFO

TRACK_TIME 1167737286
TRACK A20110117608320 CRJ2 350100 895860 120 30 999 NONE NONE 340
	FP_ROUTE KMEM..KLBB

TRACK_TIME 1167737286
TRACK A20110117608323 E145 413160 933760 120 30 999 NONE NONE 340
	FP_ROUTE KDSM..KDFW

TRACK_TIME 1167737286
TRACK A20110117608325 E135 404960 735260 120 30 999 NONE NONE 360
	FP_ROUTE KLGA..KCMH

TRACK_TIME 1167737286
TRACK A20110117608329 E145 390160 844000 120 30 999 NONE NONE 220
	FP_ROUTE KCVG..KORD

TRACK_TIME 1167737286
TRACK A20110117608335 C510 260760 815200 120 30 999 NONE NONE 360
	FP_ROUTE KAPF..KBFM

TRACK_TIME 1167737286
TRACK A20110117608337 B737 324800 964800 120 30 999 NONE NONE 300
	FP_ROUTE KDAL..KSAT

TRACK_TIME 1167737286
TRACK A20110117608338 B737 293300 982700 120 30 999 NONE NONE 380
	FP_ROUTE KSAT..KLAS

TRACK_TIME 1167737286
TRACK A20110117608350 B752 390900 763900 120 30 999 NONE NONE 280
	FP_ROUTE KBWI..KCLT

TRACK_TIME 1167737286
TRACK A20110117608351 DH8A 401300 764360 120 30 999 NONE NONE 150
	FP_ROUTE KMDT..KROC

TRACK_TIME 1167737286
TRACK A20110117608358 CRJ9 351500 805800 120 30 999 NONE NONE 120
	FP_ROUTE KCLT..KDTW

TRACK_TIME 1167737286
TRACK A20110117608367 B733 372260 1215700 120 30 999 NONE NONE 370
	FP_ROUTE KSJC..KLAX

TRACK_TIME 1167737286
TRACK A20110117608372 C550 421200 764900 120 30 999 NONE NONE 171
	FP_ROUTE KELM..KBDR

TRACK_TIME 1167737286
TRACK A20110117608373 CRJ2 421200 832400 120 30 999 NONE NONE 40
	FP_ROUTE KDTW..KATW

TRACK_TIME 1167737286
TRACK A20110117608387 BE20 315860 1020900 120 30 999 NONE NONE 220
	FP_ROUTE KMAF..KTEX

TRACK_TIME 1167737286
TRACK A20110117608388 BE20 375700 1075400 120 30 999 NONE NONE 250
	FP_ROUTE KTEX..KLBB

TRACK_TIME 1167737286
TRACK A20110117608397 E145 274500 972860 120 30 999 NONE NONE 250
	FP_ROUTE KCRP..KDFW

TRACK_TIME 1167737286
TRACK A20110117608405 B752 472560 1221800 120 30 999 NONE NONE 350
	FP_ROUTE KSEA..KSLC

TRACK_TIME 1167737286
TRACK A20110117608406 B752 384360 901800 120 30 999 NONE NONE 410
	FP_ROUTE KSTL..KMIA

TRACK_TIME 1167737286
TRACK A20110117608409 DH8D 472560 1221800 120 30 999 NONE NONE 170
	FP_ROUTE KSEA..KMSO

TRACK_TIME 1167737286
TRACK A20110117608412 B712 194200 1560300 120 30 999 NONE NONE 140
	FP_ROUTE KKOA..KOGG

TRACK_TIME 1167737286
TRACK A20110117608418 BE9L 363900 1102200 120 30 999 NONE NONE 140
	FP_ROUTE K0V7..KFLG

TRACK_TIME 1167737286
TRACK A20110117608424 B738 394960 1044600 120 30 999 NONE NONE 370
	FP_ROUTE KDEN..KIAH

TRACK_TIME 1167737286
TRACK A20110117608425 B733 394960 1044600 120 30 999 NONE NONE 340
	FP_ROUTE KDEN..KPHX

TRACK_TIME 1167737286
TRACK A20110117608426 B733 332560 1115860 120 30 999 NONE NONE 340
	FP_ROUTE KPHX..KRNO

TRACK_TIME 1167737286
TRACK A20110117608428 CRJ9 333900 842200 120 30 999 NONE NONE 330
	FP_ROUTE KATL..KCLE

TRACK_TIME 1167737286
TRACK A20110117608429 CRJ9 412400 815260 120 30 999 NONE NONE 320
	FP_ROUTE KCLE..KATL

TRACK_TIME 1167737286
TRACK A20110117608436 E145 325200 970160 120 30 999 NONE NONE 110
	FP_ROUTE KDFW..KTYR

TRACK_TIME 1167737286
TRACK A20110117608437 E135 310300 974960 120 30 999 NONE NONE 110
	FP_ROUTE KGRK..KDFW

TRACK_TIME 1167737286
TRACK A20110117608449 CRJ2 405100 775100 120 30 999 NONE NONE 120
	FP_ROUTE KUNV..KDTW

TRACK_TIME 1167737286
TRACK A20110117608461 A319 360700 1150900 120 30 999 NONE NONE 370
	FP_ROUTE KLAS..KDEN

TRACK_TIME 1167737286
TRACK A20110117608464 A319 394900 1044000 120 30 999 NONE NONE 370
	FP_ROUTE KDEN..KDFW

TRACK_TIME 1167737286
TRACK A20110117608466 BE20 303300 880700 120 30 999 NONE NONE 79
	FP_ROUTE KBFM..KNEW

TRACK_TIME 1167737286
TRACK A20110117608467 BE20 300300 900160 120 30 999 NONE NONE 250
	FP_ROUTE KNEW..KHSV

TRACK_TIME 1167737286
TRACK A20110117608468 CRJ2 373160 771900 120 30 999 NONE NONE 240
	FP_ROUTE KRIC..KBOS

TRACK_TIME 1167737286
TRACK A20110117608470 A320 335560 1182560 120 30 999 NONE NONE 350
	FP_ROUTE KLAX..KBWI

TRACK_TIME 1167737286
TRACK A20110117608476 E170 390100 1044000 120 30 999 NONE NONE 120
	FP_ROUTE KCOS..KDEN

TRACK_TIME 1167737286
TRACK A20110117608478 B772 395260 1043400 120 30 999 NONE NONE 370
	FP_ROUTE KDEN..KORD

TRACK_TIME 1167737286
TRACK A20110117608482 A319 332560 1120160 120 30 999 NONE NONE 370
	FP_ROUTE KPHX..KDEN

TRACK_TIME 1167737286
TRACK A20110117608490 A319 324360 1171360 120 30 999 NONE NONE 370
	FP_ROUTE KSAN..KDEN

TRACK_TIME 1167737286
TRACK A20110117608491 A318 394960 1044600 120 30 999 NONE NONE 380
	FP_ROUTE KDEN..KSNA

TRACK_TIME 1167737286
TRACK A20110117608495 B752 415800 875800 120 30 999 NONE NONE 360
	FP_ROUTE KORD..KPDX

TRACK_TIME 1167737286
TRACK A20110117608496 CRJ9 335100 1181200 120 30 999 NONE NONE 310
	FP_ROUTE KLGB..KPHX

TRACK_TIME 1167737286
TRACK A20110117608497 CRJ9 332560 1115860 120 30 999 NONE NONE 350
	FP_ROUTE KPHX..KSAT

TRACK_TIME 1167737286
TRACK A20110117608499 CRJ2 373760 1222200 120 30 999 NONE NONE 340
	FP_ROUTE KSFO..KGEG

TRACK_TIME 1167737286
TRACK A20110117608506 A320 332560 1115860 120 30 999 NONE NONE 350
	FP_ROUTE KPHX..KDFW

TRACK_TIME 1167737286
TRACK A20110117608507 A320 332560 1115800 120 30 999 NONE NONE 350
	FP_ROUTE KPHX..KTPA

TRACK_TIME 1167737286
TRACK A20110117608528 E170 303000 814000 120 30 999 NONE NONE 350
	FP_ROUTE KJAX..KDCA

TRACK_TIME 1167737286
TRACK A20110117608529 CRJ2 351360 805700 120 30 999 NONE NONE 220
	FP_ROUTE KCLT..KTYS

TRACK_TIME 1167737286
TRACK A20110117608536 B734 413460 834600 120 30 999 NONE NONE 330
	FP_ROUTE KTOL..KPGD

TRACK_TIME 1167737286
TRACK A20110117608541 B737 360600 864060 120 30 999 NONE NONE 380
	FP_ROUTE KBNA..KPHX

TRACK_TIME 1167737286
TRACK A20110117608548 B738 472860 1221300 120 30 999 NONE NONE 150
	FP_ROUTE KRNT..KPAE

TRACK_TIME 1167737286
TRACK A20110117608549 B738 480900 1222260 120 30 999 NONE NONE 30
	FP_ROUTE KRNT..KBFI

TRACK_TIME 1167737286
TRACK A20110117608552 B737 360700 864060 120 30 999 NONE NONE 100
	FP_ROUTE KBNA..KATL

TRACK_TIME 1167737286
TRACK A20110117608557 DH8A 395260 751300 120 30 999 NONE NONE 80
	FP_ROUTE KPHL..KLGA

TRACK_TIME 1167737286
TRACK A20110117608558 E135 404500 735100 120 30 999 NONE NONE 190
	FP_ROUTE KLGA..KBOS

TRACK_TIME 1167737286
TRACK A20110117608563 E190 404000 734300 120 30 999 NONE NONE 220
	FP_ROUTE KJFK..KBUF

TRACK_TIME 1167737286
TRACK A20110117608568 MD83 403760 894300 120 30 999 NONE NONE 311
	FP_ROUTE KPIA..KPIE

TRACK_TIME 1167737286
TRACK A20110117608572 E145 360900 864300 120 30 999 NONE NONE 350
	FP_ROUTE KBNA..KEWR

TRACK_TIME 1167737286
TRACK A20110117608576 C750 413160 933900 120 30 999 NONE NONE 410
	FP_ROUTE KDSM..KILM

TRACK_TIME 1167737286
TRACK A20110117608578 A319 414600 874300 120 30 999 NONE NONE 370
	FP_ROUTE KMDW..KATL

TRACK_TIME 1167737286
TRACK A20110117608582 B738 295700 952100 120 30 999 NONE NONE 380
	FP_ROUTE KIAH..KSJC

TRACK_TIME 1167737286
TRACK A20110117608587 C750 432100 1141300 120 30 999 NONE NONE 400
	FP_ROUTE KSUN..KSFO

TRACK_TIME 1167737286
TRACK A20110117608593 A321 351360 805700 120 30 999 NONE NONE 300
	FP_ROUTE KCLT..KRSW

TRACK_TIME 1167737286
TRACK A20110117608598 B735 333700 841960 120 30 999 NONE NONE 360
	FP_ROUTE KATL..KIAH

TRACK_TIME 1167737286
TRACK A20110117608599 B733 360600 1150900 120 30 999 NONE NONE 280
	FP_ROUTE KLAS..KSAN

TRACK_TIME 1167737286
TRACK A20110117608600 E145 295560 951900 120 30 999 NONE NONE 210
	FP_ROUTE KIAH..KBTR

TRACK_TIME 1167737286
TRACK A20110117608601 A319 332560 1115860 120 30 999 NONE NONE 280
	FP_ROUTE KPHX..KLAS

TRACK_TIME 1167737286
TRACK A20110117608608 B737 282400 811800 120 30 999 NONE NONE 390
	FP_ROUTE KMCO..KABE

TRACK_TIME 1167737286
TRACK A20110117608613 BE20 244360 810460 120 30 999 NONE NONE 50
	FP_ROUTE KMTH..KTMB

TRACK_TIME 1167737286
TRACK A20110117608616 BE20 253760 802560 120 30 999 NONE NONE 60
	FP_ROUTE KTMB..KMTH

TRACK_TIME 1167737286
TRACK A20110117608619 CRJ2 325560 800400 120 30 999 NONE NONE 310
	FP_ROUTE KCHS..KLGA

TRACK_TIME 1167737286
TRACK A20110117608620 A319 351360 805700 120 30 999 NONE NONE 240
	FP_ROUTE KCLT..KBNA

TRACK_TIME 1167737286
TRACK A20110117608622 CRJ9 335100 1163160 120 30 999 NONE NONE 250
	FP_ROUTE KPSP..KPHX

TRACK_TIME 1167737286
TRACK A20110117608632 E145 415800 875700 120 30 999 NONE NONE 130
	FP_ROUTE KORD..KIND

TRACK_TIME 1167737286
TRACK A20110117608636 A320 260400 800760 120 30 999 NONE NONE 360
	FP_ROUTE KFLL..KMEM

TRACK_TIME 1167737286
TRACK A20110117608640 B753 295700 951960 120 30 999 NONE NONE 340
	FP_ROUTE KIAH..KLAX

TRACK_TIME 1167737286
TRACK A20110117608641 CRJ2 445100 931360 120 30 999 NONE NONE 260
	FP_ROUTE KMSP..KSUX

TRACK_TIME 1167737286
TRACK A20110117608642 CRJ2 422260 962100 120 30 999 NONE NONE 110
	FP_ROUTE KSUX..KMSP

TRACK_TIME 1167737286
TRACK A20110117608647 B737 374360 1221500 120 30 999 NONE NONE 370
	FP_ROUTE KOAK..KMDW

TRACK_TIME 1167737286
TRACK A20110117608654 B737 414660 874060 120 30 999 NONE NONE 69
	FP_ROUTE KMDW..KCLE

TRACK_TIME 1167737286
TRACK A20110117608657 A320 403900 734900 120 30 999 NONE NONE 360
	FP_ROUTE KJFK..KFLL

TRACK_TIME 1167737286
TRACK A20110117608658 E145 412400 815260 120 30 999 NONE NONE 220
	FP_ROUTE KCLE..KSDF

TRACK_TIME 1167737286
TRACK A20110117608659 E145 381300 854360 120 30 999 NONE NONE 360
	FP_ROUTE KSDF..KIAH

TRACK_TIME 1167737286
TRACK A20110117608660 E170 394360 861660 120 30 999 NONE NONE 110
	FP_ROUTE KIND..KORD

TRACK_TIME 1167737286
TRACK A20110117608662 CRJ2 355260 784660 120 30 999 NONE NONE 290
	FP_ROUTE KRDU..KLGA

TRACK_TIME 1167737286
TRACK A20110117608663 E145 415860 875100 120 30 999 NONE NONE 350
	FP_ROUTE KORD..KBTV

TRACK_TIME 1167737286
TRACK A20110117608664 B737 395260 751300 120 30 999 NONE NONE 380
	FP_ROUTE KPHL..KMDW

TRACK_TIME 1167737286
TRACK A20110117608665 B737 414660 874360 120 30 999 NONE NONE 381
	FP_ROUTE KMDW..KHOU

TRACK_TIME 1167737286
TRACK A20110117608674 CRJ2 345860 895860 120 30 999 NONE NONE 290
	FP_ROUTE KMEM..KGPT

TRACK_TIME 1167737286
TRACK A20110117608675 CRJ2 302260 890100 120 30 999 NONE NONE 121
	FP_ROUTE KGPT..KMEM

TRACK_TIME 1167737286
TRACK A20110117608681 MU2 395860 861800 120 30 999 NONE NONE 221
	FP_ROUTE KTYQ..KTUL

TRACK_TIME 1167737286
TRACK A20110117608692 B712 404360 734900 120 30 999 NONE NONE 320
	FP_ROUTE KLGA..KATL

TRACK_TIME 1167737286
TRACK A20110117608694 E135 384360 901500 120 30 999 NONE NONE 370
	FP_ROUTE KSTL..KJFK

TRACK_TIME 1167737286
TRACK A20110117608695 LJ45 303000 814000 120 30 999 NONE NONE 450
	FP_ROUTE KJAX..KSTC

TRACK_TIME 1167737286
TRACK A20110117608702 E145 254800 801600 120 30 999 NONE NONE 370
	FP_ROUTE KMIA..KCLT

TRACK_TIME 1167737286
TRACK A20110117608703 LJ45 344000 921300 120 30 999 NONE NONE 430
	FP_ROUTE KLIT..KJAX

TRACK_TIME 1167737286
TRACK A20110117608707 B752 333900 842260 120 30 999 NONE NONE 380
	FP_ROUTE KATL..KEGE

TRACK_TIME 1167737286
TRACK A20110117608708 B712 404360 734960 120 30 999 NONE NONE 320
	FP_ROUTE KLGA..KATL

TRACK_TIME 1167737286
TRACK A20110117608709 B737 472560 1221800 120 30 999 NONE NONE 350
	FP_ROUTE KSEA..KDEN

TRACK_TIME 1167737286
TRACK A20110117608712 B737 404900 735200 120 30 999 NONE NONE 400
	FP_ROUTE KLGA..KATL

TRACK_TIME 1167737286
TRACK A20110117608714 BE20 433300 1161060 120 30 999 NONE NONE 250
	FP_ROUTE KBOI..KVGT

TRACK_TIME 1167737286
TRACK A20110117608718 B737 393300 1194660 120 30 999 NONE NONE 390
	FP_ROUTE KRNO..KSAN

TRACK_TIME 1167737286
TRACK A20110117608721 E145 295860 951800 120 30 999 NONE NONE 290
	FP_ROUTE KIAH..KTUL

TRACK_TIME 1167737286
TRACK A20110117608723 CRJ2 430700 891960 120 30 999 NONE NONE 230
	FP_ROUTE KMSN..KDTW

TRACK_TIME 1167737286
TRACK A20110117608725 E145 325400 970300 120 30 999 NONE NONE 39
	FP_ROUTE KDFW..KDFW

TRACK_TIME 1167737286
TRACK A20110117608729 B752 373900 1221960 120 30 999 NONE NONE 350
	FP_ROUTE KSFO..KATL

TRACK_TIME 1167737286
TRACK A20110117608730 A319 404800 735200 120 30 999 NONE NONE 210
	FP_ROUTE KLGA..KBOS

TRACK_TIME 1167737286
TRACK A20110117608735 CRJ2 421300 832100 120 30 999 NONE NONE 100
	FP_ROUTE KDTW..KBUF

TRACK_TIME 1167737286
TRACK A20110117608740 MD83 403000 801900 120 30 999 NONE NONE 280
	FP_ROUTE KPIT..KDFW

TRACK_TIME 1167737286
TRACK A20110117608742 MD83 325100 970400 120 30 999 NONE NONE 280
	FP_ROUTE KDFW..KDEN

TRACK_TIME 1167737286
TRACK A20110117608743 E170 421200 832260 120 30 999 NONE NONE 330
	FP_ROUTE KDTW..KCLT

TRACK_TIME 1167737286
TRACK A20110117608744 E170 394300 861660 120 30 999 NONE NONE 90
	FP_ROUTE KIND..KCLT

TRACK_TIME 1167737286
TRACK A20110117608746 E170 351360 805560 120 30 999 NONE NONE 230
	FP_ROUTE KCLT..KSAV

TRACK_TIME 1167737286
TRACK A20110117608747 B752 415700 875700 120 30 999 NONE NONE 370
	FP_ROUTE KORD..KTPA

TRACK_TIME 1167737286
TRACK A20110117608750 B712 333900 842260 120 30 999 NONE NONE 300
	FP_ROUTE KATL..KBMI

TRACK_TIME 1167737286
TRACK A20110117608762 E170 454660 1083000 120 30 999 NONE NONE 350
	FP_ROUTE KBIL..KMSP

TRACK_TIME 1167737286
TRACK A20110117608763 E170 445100 931300 120 30 999 NONE NONE 350
	FP_ROUTE KMSP..KIAD

TRACK_TIME 1167737286
TRACK A20110117608768 SF34 445260 930900 120 30 999 NONE NONE 160
	FP_ROUTE KMSP..KATY

TRACK_TIME 1167737286
TRACK A20110117608774 B737 335560 1182800 120 30 999 NONE NONE 340
	FP_ROUTE KLAX..KSFO

TRACK_TIME 1167737286
TRACK A20110117608781 CRJ2 402860 801200 120 30 999 NONE NONE 120
	FP_ROUTE KPIT..KDTW

TRACK_TIME 1167737286
TRACK A20110117608784 CRJ2 324960 964900 120 30 999 NONE NONE 290
	FP_ROUTE KDAL..KMEM

TRACK_TIME 1167737286
TRACK A20110117608785 B763 254800 801600 120 30 999 NONE NONE 360
	FP_ROUTE KMIA..KLAX

TRACK_TIME 1167737286
TRACK A20110117608786 A320 350100 900000 120 30 999 NONE NONE 340
	FP_ROUTE KMEM..KLAS

TRACK_TIME 1167737286
TRACK A20110117608797 B752 404200 741000 120 30 999 NONE NONE 380
	FP_ROUTE KEWR..KDEN

TRACK_TIME 1167737286
TRACK A20110117608798 A320 421200 832260 120 30 999 NONE NONE 360
	FP_ROUTE KDTW..KDEN

TRACK_TIME 1167737286
TRACK A20110117608799 CRJ2 205700 1562400 120 30 999 NONE NONE 30
	FP_ROUTE KOGG..KHNL

TRACK_TIME 1167737286
TRACK A20110117608803 A319 393300 1194660 120 30 999 NONE NONE 350
	FP_ROUTE KRNO..KPHX

TRACK_TIME 1167737286
TRACK A20110117608804 A319 332560 1120160 120 30 999 NONE NONE 370
	FP_ROUTE KPHX..KDEN

TRACK_TIME 1167737286
TRACK A20110117608825 C550 285260 1003160 120 30 999 NONE NONE 330
	FP_ROUTE K5T9..KBMT

TRACK_TIME 1167737286
TRACK A20110117608829 E145 404300 740760 120 30 999 NONE NONE 320
	FP_ROUTE KEWR..KDTW

TRACK_TIME 1167737286
TRACK A20110117608833 CRJ2 341800 775200 120 30 999 NONE NONE 290
	FP_ROUTE KILM..KPHL

TRACK_TIME 1167737286
TRACK A20110117608837 E145 405260 735500 120 30 999 NONE NONE 300
	FP_ROUTE KLGA..KAVL

TRACK_TIME 1167737286
TRACK A20110117608838 E145 352400 823160 120 30 999 NONE NONE 290
	FP_ROUTE KAVL..KLGA

TRACK_TIME 1167737286
TRACK A20110117608839 E170 422200 705800 120 30 999 NONE NONE 360
	FP_ROUTE KBOS..KORD

TRACK_TIME 1167737286
TRACK A20110117608843 CRJ2 350160 895860 120 30 999 NONE NONE 270
	FP_ROUTE KMEM..KVPS

TRACK_TIME 1167737286
TRACK A20110117608844 CRJ2 302700 862800 120 30 999 NONE NONE 240
	FP_ROUTE KVPS..KMEM

TRACK_TIME 1167737286
TRACK A20110117608847 B737 360700 1150900 120 30 999 NONE NONE 390
	FP_ROUTE KLAS..KOKC

TRACK_TIME 1167737286
TRACK A20110117608850 B753 282700 811800 120 30 999 NONE NONE 300
	FP_ROUTE KMCO..KMSP

TRACK_TIME 1167737286
TRACK A20110117608851 CRJ2 351960 942100 120 30 999 NONE NONE 230
	FP_ROUTE KFSM..KMEM

TRACK_TIME 1167737286
TRACK A20110117608852 CRJ2 442700 880600 120 30 999 NONE NONE 40
	FP_ROUTE KGRB..KDTW

TRACK_TIME 1167737286
TRACK A20110117608862 B737 332560 1120160 120 30 999 NONE NONE 280
	FP_ROUTE KPHX..KLAS

TRACK_TIME 1167737286
TRACK A20110117608865 B737 390700 763700 120 30 999 NONE NONE 380
	FP_ROUTE KBWI..KMCO

TRACK_TIME 1167737286
TRACK A20110117608866 MD83 445100 685500 120 30 999 NONE NONE 300
	FP_ROUTE KBGR..KPIE

TRACK_TIME 1167737286
TRACK A20110117608869 B737 282700 811960 120 30 999 NONE NONE 380
	FP_ROUTE KMCO..KMSY

TRACK_TIME 1167737286
TRACK A20110117608870 BE9L 393600 1045260 120 30 999 NONE NONE 200
	FP_ROUTE KAPA..KHDN

TRACK_TIME 1167737286
TRACK A20110117608871 BE9L 402860 1071300 120 30 999 NONE NONE 190
	FP_ROUTE KHDN..KAPA

TRACK_TIME 1167737286
TRACK A20110117608876 B737 300000 901660 120 30 999 NONE NONE 380
	FP_ROUTE KMSY..KDAL

TRACK_TIME 1167737286
TRACK A20110117608881 CRJ2 404360 734960 120 30 999 NONE NONE 240
	FP_ROUTE KLGA..KRIC

TRACK_TIME 1167737286
TRACK A20110117608883 B737 324960 964960 120 30 999 NONE NONE 390
	FP_ROUTE KDAL..KMCI

TRACK_TIME 1167737286
TRACK A20110117608887 B738 472560 1221800 120 30 999 NONE NONE 370
	FP_ROUTE KSEA..KORD

TRACK_TIME 1167737286
TRACK A20110117608889 MD82 404600 1115800 120 30 999 NONE NONE 330
	FP_ROUTE KSLC..KDFW

TRACK_TIME 1167737286
TRACK A20110117608890 B733 314900 1062200 120 30 999 NONE NONE 350
	FP_ROUTE KELP..KDAL

TRACK_TIME 1167737286
TRACK A20110117608896 A320 403900 735100 120 30 999 NONE NONE 360
	FP_ROUTE KJFK..KLAX

TRACK_TIME 1167737286
TRACK A20110117608897 MD82 325260 970160 120 30 999 NONE NONE 330
	FP_ROUTE KDFW..KDCA

TRACK_TIME 1167737286
TRACK A20110117608903 B733 324900 964900 120 30 999 NONE NONE 350
	FP_ROUTE KDAL..KMCI

TRACK_TIME 1167737286
TRACK A20110117608904 E170 414600 874500 120 30 999 NONE NONE 280
	FP_ROUTE KMDW..KMSP

TRACK_TIME 1167737286
TRACK A20110117608907 E145 385800 773160 120 30 999 NONE NONE 230
	FP_ROUTE KIAD..KBOS

TRACK_TIME 1167737286
TRACK A20110117608908 E145 422200 705800 120 30 999 NONE NONE 280
	FP_ROUTE KBOS..KIAD

TRACK_TIME 1167737286
TRACK A20110117608914 BE20 340000 841660 120 30 999 NONE NONE 60
	FP_ROUTE KPDK..KCSG

TRACK_TIME 1167737286
TRACK A20110117608921 CRJ9 403900 734500 120 30 999 NONE NONE 190
	FP_ROUTE KJFK..KBOS

TRACK_TIME 1167737286
TRACK A20110117608922 CRJ9 422200 705800 120 30 999 NONE NONE 200
	FP_ROUTE KBOS..KJFK

TRACK_TIME 1167737286
TRACK A20110117608928 B733 332560 1115860 120 30 999 NONE NONE 370
	FP_ROUTE KPHX..KELP

TRACK_TIME 1167737286
TRACK A20110117608930 E170 400000 825260 120 30 999 NONE NONE 170
	FP_ROUTE KCMH..KDTW

TRACK_TIME 1167737286
TRACK A20110117608932 A319 385200 770300 120 30 999 NONE NONE 210
	FP_ROUTE KDCA..KLGA

TRACK_TIME 1167737286
TRACK A20110117608933 A320 415800 880000 120 30 999 NONE NONE 360
	FP_ROUTE KORD..KPHX

TRACK_TIME 1167737286
TRACK A20110117608938 B712 333700 841960 120 30 999 NONE NONE 320
	FP_ROUTE KATL..KSAT

TRACK_TIME 1167737286
TRACK A20110117608939 CRJ2 394960 1044500 120 30 999 NONE NONE 260
	FP_ROUTE KDEN..KDRO

TRACK_TIME 1167737286
TRACK A20110117608950 B712 211900 1575260 120 30 999 NONE NONE 140
	FP_ROUTE KHNL..KLIH

TRACK_TIME 1167737286
TRACK A20110117608951 CRJ2 370700 1074800 120 30 999 NONE NONE 250
	FP_ROUTE KDRO..KDEN

TRACK_TIME 1167737286
TRACK A20110117608952 B712 282500 811800 120 30 999 NONE NONE 330
	FP_ROUTE KMCO..KPHF

TRACK_TIME 1167737286
TRACK A20110117608953 B737 360600 1150900 120 30 999 NONE NONE 290
	FP_ROUTE KLAS..KPHX

TRACK_TIME 1167737286
TRACK A20110117608954 B737 332560 1115860 120 30 999 NONE NONE 380
	FP_ROUTE KPHX..KSEA

TRACK_TIME 1167737286
TRACK A20110117608955 CRJ2 394960 1044500 120 30 999 NONE NONE 340
	FP_ROUTE KDEN..KSBA

TRACK_TIME 1167737286
TRACK A20110117608956 CRJ2 342560 1195200 120 30 999 NONE NONE 330
	FP_ROUTE KSBA..KDEN

TRACK_TIME 1167737286
TRACK A20110117608959 B712 333900 842260 120 30 999 NONE NONE 270
	FP_ROUTE KATL..KPIT

TRACK_TIME 1167737286
TRACK A20110117608965 B737 412400 815260 120 30 999 NONE NONE 380
	FP_ROUTE KCLE..KLAS

TRACK_TIME 1167737286
TRACK A20110117608971 E170 360600 864360 120 30 999 NONE NONE 320
	FP_ROUTE KBNA..KMSP

TRACK_TIME 1167737286
TRACK A20110117608974 B733 324500 1171300 120 30 999 NONE NONE 360
	FP_ROUTE KSAN..KSMF

TRACK_TIME 1167737286
TRACK A20110117608978 E145 373160 771900 120 30 999 NONE NONE 170
	FP_ROUTE KRIC..KEWR

TRACK_TIME 1167737286
TRACK A20110117608979 CRJ9 334360 785800 120 30 999 NONE NONE 110
	FP_ROUTE KMYR..KCLT

TRACK_TIME 1167737286
TRACK A20110117608980 CRJ9 351000 805560 120 30 999 NONE NONE 270
	FP_ROUTE KCLT..KIAD

TRACK_TIME 1167737286
TRACK A20110117608981 A320 385700 773160 120 30 999 NONE NONE 360
	FP_ROUTE KIAD..KSFO

TRACK_TIME 1167737286
TRACK A20110117608985 B712 373760 972700 120 30 999 NONE NONE 370
	FP_ROUTE KICT..KATL

TRACK_TIME 1167737286
TRACK A20110117608986 C750 404660 732500 120 30 999 NONE NONE 470
	FP_ROUTE KFRG..KPBI

TRACK_TIME 1167737286
TRACK A20110117608987 A320 422260 710100 120 30 999 NONE NONE 340
	FP_ROUTE KBOS..KLAS

TRACK_TIME 1167737286
TRACK A20110117608995 CRJ9 333900 842260 120 30 999 NONE NONE 280
	FP_ROUTE KATL..KDAY

TRACK_TIME 1167737286
TRACK A20110117608996 CRJ9 395500 841060 120 30 999 NONE NONE 330
	FP_ROUTE KDAY..KATL

TRACK_TIME 1167737286
TRACK A20110117608997 CRJ2 433900 702100 120 30 999 NONE NONE 280
	FP_ROUTE KPWM..KDTW

TRACK_TIME 1167737286
TRACK A20110117609014 BE20 243760 814360 120 30 999 NONE NONE 180
	FP_ROUTE KEYW..KMCO

TRACK_TIME 1167737286
TRACK A20110117609015 BE20 282560 811960 120 30 999 NONE NONE 170
	FP_ROUTE KMCO..KEYW

TRACK_TIME 1167737286
TRACK A20110117609021 A319 395200 1043300 120 30 999 NONE NONE 370
	FP_ROUTE KDEN..KLGA

TRACK_TIME 1167737286
TRACK A20110117609024 B734 385200 770300 120 30 999 NONE NONE 299
	FP_ROUTE KDCA..KMCO

TRACK_TIME 1167737286
TRACK A20110117609025 B763 211800 1575560 120 30 999 NONE NONE 350
	FP_ROUTE KHNL..KORD

TRACK_TIME 1167737286
TRACK A20110117609029 CRJ2 350000 895860 120 30 999 NONE NONE 280
	FP_ROUTE KMEM..KOKC

TRACK_TIME 1167737286
TRACK A20110117609030 CRJ2 352260 973600 120 30 999 NONE NONE 290
	FP_ROUTE KOKC..KMEM

TRACK_TIME 1167737286
TRACK A20110117609034 B735 373900 1222200 120 30 999 NONE NONE 350
	FP_ROUTE KSFO..KSAN

TRACK_TIME 1167737286
TRACK A20110117609037 B738 422200 705860 120 30 999 NONE NONE 380
	FP_ROUTE KBOS..KORD

TRACK_TIME 1167737286
TRACK A20110117609047 A320 404600 1120000 120 30 999 NONE NONE 360
	FP_ROUTE KSLC..KRNO

TRACK_TIME 1167737286
TRACK A20110117609050 B752 421300 832100 120 30 999 NONE NONE 400
	FP_ROUTE KDTW..KFLL

TRACK_TIME 1167737286
TRACK A20110117609051 CRJ2 333760 842400 120 30 999 NONE NONE 270
	FP_ROUTE KATL..KFAY

TRACK_TIME 1167737286
TRACK A20110117609052 B752 303000 814000 120 30 999 NONE NONE 120
	FP_ROUTE KJAX..KATL

TRACK_TIME 1167737286
TRACK A20110117609053 B752 333760 842200 120 30 999 NONE NONE 391
	FP_ROUTE KATL..KLGA

TRACK_TIME 1167737286
TRACK A20110117609054 B738 295700 952100 120 30 999 NONE NONE 370
	FP_ROUTE KIAH..KPHL

TRACK_TIME 1167737286
TRACK A20110117609055 CRJ2 380760 854300 120 30 999 NONE NONE 99
	FP_ROUTE KSDF..KCVG

TRACK_TIME 1167737286
TRACK A20110117609057 DH8D 433400 1161500 120 30 999 NONE NONE 180
	FP_ROUTE KBOI..KPDX

TRACK_TIME 1167737286
TRACK A20110117609059 E145 274500 973000 120 30 999 NONE NONE 170
	FP_ROUTE KCRP..KIAH

TRACK_TIME 1167737286
TRACK A20110117609060 E145 295700 952100 120 30 999 NONE NONE 169
	FP_ROUTE KIAH..KLFT

TRACK_TIME 1167737286
TRACK A20110117609061 E145 403000 801660 120 30 999 NONE NONE 250
	FP_ROUTE KPIT..KEWR

TRACK_TIME 1167737286
TRACK A20110117609063 MD82 325260 970300 120 30 999 NONE NONE 260
	FP_ROUTE KDFW..KABQ

TRACK_TIME 1167737286
TRACK A20110117609069 E190 342560 1195200 120 30 999 NONE NONE 370
	FP_ROUTE KSBA..KDEN

TRACK_TIME 1167737286
TRACK A20110117609073 CRJ9 332560 1120160 120 30 999 NONE NONE 320
	FP_ROUTE KPHX..KBFL

TRACK_TIME 1167737286
TRACK A20110117609074 CRJ2 465560 964500 120 30 999 NONE NONE 230
	FP_ROUTE KFAR..KMSP

TRACK_TIME 1167737286
TRACK A20110117609075 CRJ1 390160 843900 120 30 999 NONE NONE 310
	FP_ROUTE KCVG..KJFK

TRACK_TIME 1167737286
TRACK A20110117609079 B712 425200 852800 120 30 999 NONE NONE 330
	FP_ROUTE KGRR..KBWI

TRACK_TIME 1167737286
TRACK A20110117609087 B737 360600 1150900 120 30 999 NONE NONE 340
	FP_ROUTE KLAS..KSMF

TRACK_TIME 1167737286
TRACK A20110117609090 B737 332560 1120160 120 30 999 NONE NONE 320
	FP_ROUTE KPHX..KSAN

TRACK_TIME 1167737286
TRACK A20110117609091 B735 300600 973300 120 30 999 NONE NONE 210
	FP_ROUTE KAUS..KIAH

TRACK_TIME 1167737286
TRACK A20110117609096 DH8D 395100 1044500 120 30 999 NONE NONE 200
	FP_ROUTE KDEN..KASE

TRACK_TIME 1167737286
TRACK A20110117609098 BE20 362500 993400 120 30 999 NONE NONE 199
	FP_ROUTE KWWR..KMTJ

TRACK_TIME 1167737286
TRACK A20110117609099 BE20 383100 1075400 120 30 999 NONE NONE 120
	FP_ROUTE KMTJ..KTEX

TRACK_TIME 1167737286
TRACK A20110117609100 B733 395260 751300 120 30 999 NONE NONE 340
	FP_ROUTE KPHL..KPBI

TRACK_TIME 1167737286
TRACK A20110117609102 A320 404600 1115800 120 30 999 NONE NONE 300
	FP_ROUTE KSLC..KSEA

TRACK_TIME 1167737286
TRACK A20110117609104 B752 333760 842400 120 30 999 NONE NONE 360
	FP_ROUTE KATL..KDFW

TRACK_TIME 1167737286
TRACK A20110117609105 A320 404900 735200 120 30 999 NONE NONE 340
	FP_ROUTE KLGA..KFLL

TRACK_TIME 1167737286
TRACK A20110117609106 B752 403760 734300 120 30 999 NONE NONE 350
	FP_ROUTE KJFK..KSJU

TRACK_TIME 1167737286
TRACK A20110117609107 MD83 333900 842200 120 30 999 NONE NONE 320
	FP_ROUTE KATL..KDFW

TRACK_TIME 1167737286
TRACK A20110117609110 CRJ2 333760 842400 120 30 999 NONE NONE 230
	FP_ROUTE KATL..KTLH

TRACK_TIME 1167737286
TRACK A20110117609111 CRJ2 302700 841660 120 30 999 NONE NONE 220
	FP_ROUTE KTLH..KATL

TRACK_TIME 1167737286
TRACK A20110117609113 CRJ2 321600 900400 120 30 999 NONE NONE 290
	FP_ROUTE KJAN..KATL

TRACK_TIME 1167737286
TRACK A20110117609123 C750 264060 800760 120 30 999 NONE NONE 410
	FP_ROUTE KPBI..KBOS

TRACK_TIME 1167737286
TRACK A20110117609125 CRJ2 400000 825260 120 30 999 NONE NONE 290
	FP_ROUTE KCMH..KLGA

TRACK_TIME 1167737286
TRACK A20110117609126 B737 425800 712700 120 30 999 NONE NONE 380
	FP_ROUTE KMHT..KMDW

TRACK_TIME 1167737286
TRACK A20110117609128 DH8A 610460 1463160 120 30 999 NONE NONE 140
	FP_ROUTE KVDZ..KANC

TRACK_TIME 1167737286
TRACK A20110117609129 B737 415700 724000 120 30 999 NONE NONE 400
	FP_ROUTE KBDL..KMCO

TRACK_TIME 1167737286
TRACK A20110117609130 B737 282560 811800 120 30 999 NONE NONE 380
	FP_ROUTE KMCO..KBNA

TRACK_TIME 1167737286
TRACK A20110117609131 E145 415860 875100 120 30 999 NONE NONE 250
	FP_ROUTE KORD..KCLE

TRACK_TIME 1167737286
TRACK A20110117609132 E145 415860 875100 120 30 999 NONE NONE 290
	FP_ROUTE KORD..KBUF

TRACK_TIME 1167737286
TRACK A20110117609133 E145 425700 784300 120 30 999 NONE NONE 270
	FP_ROUTE KBUF..KORD

TRACK_TIME 1167737286
TRACK A20110117609135 B712 205400 1562500 120 30 999 NONE NONE 140
	FP_ROUTE KOGG..KHNL

TRACK_TIME 1167737286
TRACK A20110117609136 E145 462100 872400 120 30 999 NONE NONE 80
	FP_ROUTE KSAW..KORD

TRACK_TIME 1167737286
TRACK A20110117609139 B737 414600 874300 120 30 999 NONE NONE 380
	FP_ROUTE KMDW..KPHX

TRACK_TIME 1167737286
TRACK A20110117609144 E135 415800 880000 120 30 999 NONE NONE 360
	FP_ROUTE KORD..KFSD

TRACK_TIME 1167737286
TRACK A20110117609147 CRJ1 425260 852800 120 30 999 NONE NONE 210
	FP_ROUTE KGRR..KCVG

TRACK_TIME 1167737286
TRACK A20110117609149 B737 332560 1120160 120 30 999 NONE NONE 380
	FP_ROUTE KPHX..KSFO

TRACK_TIME 1167737286
TRACK A20110117609151 B762 404000 734500 120 30 999 NONE NONE 380
	FP_ROUTE KJFK..KSFO

TRACK_TIME 1167737286
TRACK A20110117609155 DH8D 412400 815200 120 30 999 NONE NONE 230
	FP_ROUTE KCLE..KBWI

TRACK_TIME 1167737286
TRACK A20110117609156 DH8D 391000 763700 120 30 999 NONE NONE 220
	FP_ROUTE KBWI..KCLE

TRACK_TIME 1167737286
TRACK A20110117609158 E145 360900 795100 120 30 999 NONE NONE 270
	FP_ROUTE KGSO..KLGA

TRACK_TIME 1167737286
TRACK A20110117609159 CRJ2 351360 805700 120 30 999 NONE NONE 300
	FP_ROUTE KCLT..KVPS

TRACK_TIME 1167737286
TRACK A20110117609167 A319 335560 1182560 120 30 999 NONE NONE 390
	FP_ROUTE KLAX..KDEN

TRACK_TIME 1167737286
TRACK A20110117609192 E120 453600 1223600 120 30 999 NONE NONE 249
	FP_ROUTE KPDX..KMFR

TRACK_TIME 1167737286
TRACK A20110117609193 C560 244360 810300 120 30 999 NONE NONE 410
	FP_ROUTE KMTH..KHPN

TRACK_TIME 1167737286
TRACK A20110117609195 CRJ2 335500 1182800 120 30 999 NONE NONE 290
	FP_ROUTE KLAX..KTUS

TRACK_TIME 1167737286
TRACK A20110117609196 BE20 293900 951800 120 30 999 NONE NONE 131
	FP_ROUTE KHOU..KDTN

TRACK_TIME 1167737286
TRACK A20110117609199 A319 422100 710100 120 30 999 NONE NONE 380
	FP_ROUTE KBOS..KDTW

TRACK_TIME 1167737286
TRACK A20110117609200 A319 421060 832400 120 30 999 NONE NONE 320
	FP_ROUTE KDTW..KGRB

TRACK_TIME 1167737286
TRACK A20110117609204 CRJ2 370900 1074500 120 30 999 NONE NONE 250
	FP_ROUTE KDRO..KDEN

TRACK_TIME 1167737286
TRACK A20110117609206 E120 422500 1225260 120 30 999 NONE NONE 259
	FP_ROUTE KMFR..KPDX

TRACK_TIME 1167737286
TRACK A20110117609215 A320 300000 901500 120 30 999 NONE NONE 370
	FP_ROUTE KMSY..KJFK

TRACK_TIME 1167737286
TRACK A20110117609216 CRJ2 302260 890160 120 30 999 NONE NONE 40
	FP_ROUTE KGPT..KMEM

TRACK_TIME 1167737286
TRACK A20110117609217 CRJ2 414600 874360 120 30 999 NONE NONE 120
	FP_ROUTE KMDW..KDTW

TRACK_TIME 1167737286
TRACK A20110117609227 DH8C 395260 751200 120 30 999 NONE NONE 80
	FP_ROUTE KPHL..KBWI

TRACK_TIME 1167737286
TRACK A20110117609228 B752 404500 735100 120 30 999 NONE NONE 400
	FP_ROUTE KLGA..KATL

TRACK_TIME 1167737286
TRACK A20110117609229 CRJ2 394200 861660 120 30 999 NONE NONE 240
	FP_ROUTE KIND..KMEM

TRACK_TIME 1167737286
TRACK A20110117609230 MD83 454600 1110760 120 30 999 NONE NONE 320
	FP_ROUTE KBZN..KLAS

TRACK_TIME 1167737286
TRACK A20110117609231 CRJ2 351060 805560 120 30 999 NONE NONE 120
	FP_ROUTE KCLT..KAGS

TRACK_TIME 1167737286
TRACK A20110117609232 B738 332560 1115860 120 30 999 NONE NONE 370
	FP_ROUTE KPHX..KCLE

TRACK_TIME 1167737286
TRACK A20110117609234 CRJ2 332700 820000 120 30 999 NONE NONE 110
	FP_ROUTE KAGS..KCLT

TRACK_TIME 1167737286
TRACK A20110117609235 MD83 354960 835700 120 30 999 NONE NONE 310
	FP_ROUTE KTYS..KPGD

TRACK_TIME 1167737286
TRACK A20110117609240 E170 293300 982700 120 30 999 NONE NONE 350
	FP_ROUTE KSAT..KMSP

TRACK_TIME 1167737286
TRACK A20110117609241 E170 445200 931000 120 30 999 NONE NONE 370
	FP_ROUTE KMSP..KBDL

TRACK_TIME 1167737286
TRACK A20110117609242 BE20 444900 932560 120 30 999 NONE NONE 160
	FP_ROUTE KFCM..KIKV

TRACK_TIME 1167737286
TRACK A20110117609243 BE20 414060 933300 120 30 999 NONE NONE 59
	FP_ROUTE KIKV..KFCM

TRACK_TIME 1167737286
TRACK A20110117609248 DH8A 215860 1591900 120 30 999 NONE NONE 130
	FP_ROUTE KLIH..KOGG

TRACK_TIME 1167737286
TRACK A20110117609252 BE20 405100 742100 120 30 999 NONE NONE 171
	FP_ROUTE KMMU..KMVY

TRACK_TIME 1167737286
TRACK A20110117609253 BE20 413000 703100 120 30 999 NONE NONE 80
	FP_ROUTE KMVY..KMMU

TRACK_TIME 1167737286
TRACK A20110117609256 CRJ2 362700 822700 120 30 999 NONE NONE 120
	FP_ROUTE KTRI..KCLT

TRACK_TIME 1167737286
TRACK A20110117609257 B738 395100 1043160 120 30 999 NONE NONE 370
	FP_ROUTE KDEN..KEWR

TRACK_TIME 1167737286
TRACK A20110117609266 B737 360600 864060 120 30 999 NONE NONE 40
	FP_ROUTE KBNA..KMDW

TRACK_TIME 1167737286
TRACK A20110117609267 A320 335700 1183000 120 30 999 NONE NONE 360
	FP_ROUTE KLAX..KSEA

TRACK_TIME 1167737286
TRACK A20110117609272 E145 321060 901000 120 30 999 NONE NONE 240
	FP_ROUTE KJAN..KIAH

TRACK_TIME 1167737286
TRACK A20110117609273 B738 295700 952100 120 30 999 NONE NONE 380
	FP_ROUTE KIAH..KONT

TRACK_TIME 1167737286
TRACK A20110117609276 MD83 364660 1194500 120 30 999 NONE NONE 330
	FP_ROUTE KFAT..KDFW

TRACK_TIME 1167737286
TRACK A20110117609280 C550 421200 711200 120 30 999 NONE NONE 400
	FP_ROUTE KOWD..KDAL

TRACK_TIME 1167737286
TRACK A20110117609281 B739 412400 815260 120 30 999 NONE NONE 340
	FP_ROUTE KCLE..KSFO

TRACK_TIME 1167737286
TRACK A20110117609282 C550 324900 964800 120 30 999 NONE NONE 410
	FP_ROUTE KDAL..KMMU

TRACK_TIME 1167737286
TRACK A20110117609283 A320 373760 1222200 120 30 999 NONE NONE 330
	FP_ROUTE KSFO..KLAX

TRACK_TIME 1167737286
TRACK A20110117609284 E145 295700 951960 120 30 999 NONE NONE 349
	FP_ROUTE KIAH..KSTL

TRACK_TIME 1167737286
TRACK A20110117609286 B752 335560 1182800 120 30 999 NONE NONE 370
	FP_ROUTE KLAX..KMCO

TRACK_TIME 1167737286
TRACK A20110117609289 E145 325260 970300 120 30 999 NONE NONE 60
	FP_ROUTE KDFW..KHOU

TRACK_TIME 1167737286
TRACK A20110117609296 E135 425560 875400 120 30 999 NONE NONE 240
	FP_ROUTE KMKE..KSTL

TRACK_TIME 1167737286
TRACK A20110117609297 E145 295800 952100 120 30 999 NONE NONE 350
	FP_ROUTE KIAH..KCVG

TRACK_TIME 1167737286
TRACK A20110117609298 E145 390160 843900 120 30 999 NONE NONE 350
	FP_ROUTE KCVG..KEWR

TRACK_TIME 1167737286
TRACK A20110117609301 B733 395260 751300 120 30 999 NONE NONE 359
	FP_ROUTE KPHL..KBNA

TRACK_TIME 1167737286
TRACK A20110117609316 SW4 273300 992560 120 30 999 NONE NONE 70
	FP_ROUTE KLRD..KSAT

TRACK_TIME 1167737286
TRACK A20110117609317 SW4 293160 982700 120 30 999 NONE NONE 210
	FP_ROUTE KSAT..KSDF

TRACK_TIME 1167737286
TRACK A20110117609321 CRJ2 430600 760600 120 30 999 NONE NONE 280
	FP_ROUTE KSYR..KDTW

TRACK_TIME 1167737286
TRACK A20110117609322 B752 275700 823300 120 30 999 NONE NONE 370
	FP_ROUTE KTPA..KIAD

TRACK_TIME 1167737286
TRACK A20110117609324 E135 425560 834360 120 30 999 NONE NONE 160
	FP_ROUTE KFNT..KMKE

TRACK_TIME 1167737286
TRACK A20110117609337 MD82 340300 1173760 120 30 999 NONE NONE 330
	FP_ROUTE KONT..KDFW

TRACK_TIME 1167737286
TRACK A20110117609342 E145 325260 970300 120 30 999 NONE NONE 330
	FP_ROUTE KDFW..KDSM

TRACK_TIME 1167737286
TRACK A20110117609344 B738 263000 814960 120 30 999 NONE NONE 370
	FP_ROUTE KRSW..KEWR

TRACK_TIME 1167737286
TRACK A20110117609345 A320 385700 773000 120 30 999 NONE NONE 270
	FP_ROUTE KIAD..KBDL

TRACK_TIME 1167737286
TRACK A20110117609359 B744 612260 1500160 120 30 999 NONE NONE 350
	FP_ROUTE KANC..KORD

TRACK_TIME 1167737286
TRACK A20110117609361 B738 422260 710100 120 30 999 NONE NONE 360
	FP_ROUTE KBOS..KLAX

TRACK_TIME 1167737286
TRACK A20110117609362 CRJ2 352400 1190700 120 30 999 NONE NONE 310
	FP_ROUTE KBFL..KPHX

TRACK_TIME 1167737286
TRACK A20110117609363 CRJ2 332560 1120160 120 30 999 NONE NONE 290
	FP_ROUTE KPHX..KELP

TRACK_TIME 1167737286
TRACK A20110117609375 E170 394300 861660 120 30 999 NONE NONE 350
	FP_ROUTE KIND..KBOS

TRACK_TIME 1167737286
TRACK A20110117609378 DH8A 395260 751200 120 30 999 NONE NONE 79
	FP_ROUTE KPHL..KLGA

TRACK_TIME 1167737286
TRACK A20110117609380 B737 293760 951600 120 30 999 NONE NONE 330
	FP_ROUTE KHOU..KMSY

TRACK_TIME 1167737286
TRACK A20110117609381 B737 300000 901660 120 30 999 NONE NONE 380
	FP_ROUTE KMSY..KLAS

TRACK_TIME 1167737286
TRACK A20110117609382 B737 360600 1150900 120 30 999 NONE NONE 220
	FP_ROUTE KLAS..KBUR

TRACK_TIME 1167737286
TRACK A20110117609384 E145 344300 921500 120 30 999 NONE NONE 280
	FP_ROUTE KLIT..KIAH

TRACK_TIME 1167737286
TRACK A20110117609388 E145 273000 992500 120 30 999 NONE NONE 60
	FP_ROUTE KLRD..KIAH

TRACK_TIME 1167737286
TRACK A20110117609390 C560 444960 685200 120 30 999 NONE NONE 100
	FP_ROUTE KBGR..KPWM

TRACK_TIME 1167737286
TRACK A20110117609399 B712 412400 903460 120 30 999 NONE NONE 310
	FP_ROUTE KMLI..KMCO

TRACK_TIME 1167737286
TRACK A20110117609407 CRJ2 454800 1083000 120 30 999 NONE NONE 330
	FP_ROUTE KBIL..KDEN

TRACK_TIME 1167737286
TRACK A20110117609411 B712 390760 764000 120 30 999 NONE NONE 320
	FP_ROUTE KBWI..KATL

TRACK_TIME 1167737286
TRACK A20110117609412 B737 335700 1182800 120 30 999 NONE NONE 360
	FP_ROUTE KLAX..KOAK

TRACK_TIME 1167737286
TRACK A20110117609416 B712 272260 823300 120 30 999 NONE NONE 320
	FP_ROUTE KSRQ..KATL

TRACK_TIME 1167737286
TRACK A20110117609417 B737 282400 811800 120 30 999 NONE NONE 400
	FP_ROUTE KMCO..KMKE

TRACK_TIME 1167737286
TRACK A20110117609425 CRJ9 333700 842260 120 30 999 NONE NONE 300
	FP_ROUTE KATL..KGPT

TRACK_TIME 1167737286
TRACK A20110117609428 CRJ9 302200 890000 120 30 999 NONE NONE 240
	FP_ROUTE KGPT..KATL

TRACK_TIME 1167737286
TRACK A20110117609435 B752 334000 841900 120 30 999 NONE NONE 380
	FP_ROUTE KATL..KDEN

TRACK_TIME 1167737286
TRACK A20110117609436 B752 333760 842100 120 30 999 NONE NONE 350
	FP_ROUTE KATL..KMCO

TRACK_TIME 1167737286
TRACK A20110117609439 C750 275800 823300 120 30 999 NONE NONE 410
	FP_ROUTE KTPA..KABE

TRACK_TIME 1167737286
TRACK A20110117609444 B738 385200 770300 120 30 999 NONE NONE 380
	FP_ROUTE KDCA..KMIA

TRACK_TIME 1167737286
TRACK A20110117609446 CRJ2 334000 842100 120 30 999 NONE NONE 260
	FP_ROUTE KATL..KMOB

TRACK_TIME 1167737286
TRACK A20110117609449 C750 194200 1560400 120 30 999 NONE NONE 400
	FP_ROUTE KKOA..KSFO

TRACK_TIME 1167737286
TRACK A20110117609459 A320 394960 1044660 120 30 999 NONE NONE 360
	FP_ROUTE KDEN..KLAX

TRACK_TIME 1167737286
TRACK A20110117609463 E135 422200 705800 120 30 999 NONE NONE 40
	FP_ROUTE KBOS..KLGA

TRACK_TIME 1167737286
TRACK A20110117609464 B738 174060 644500 120 30 999 NONE NONE 360
	FP_ROUTE KSTX..KMIA

TRACK_TIME 1167737286
TRACK A20110117609470 CRJ2 435200 911500 120 30 999 NONE NONE 100
	FP_ROUTE KLSE..KMSP

TRACK_TIME 1167737286
TRACK A20110117609475 E190 395260 751300 120 30 999 NONE NONE 230
	FP_ROUTE KPHL..KBOS

TRACK_TIME 1167737286
TRACK A20110117609478 B735 324360 1171360 120 30 999 NONE NONE 330
	FP_ROUTE KSAN..KPHX

TRACK_TIME 1167737286
TRACK A20110117609479 B735 332560 1115860 120 30 999 NONE NONE 330
	FP_ROUTE KPHX..KABQ

TRACK_TIME 1167737286
TRACK A20110117609480 CRJ9 332560 1120160 120 30 999 NONE NONE 320
	FP_ROUTE KPHX..KLGB

TRACK_TIME 1167737286
TRACK A20110117609481 B734 355400 784660 120 30 999 NONE NONE 110
	FP_ROUTE KRDU..KCLT

TRACK_TIME 1167737286
TRACK A20110117609484 SF34 430900 932100 120 30 999 NONE NONE 70
	FP_ROUTE KMCW..KMSP

TRACK_TIME 1167737286
TRACK A20110117609485 E135 403760 734960 120 30 999 NONE NONE 280
	FP_ROUTE KJFK..KRDU

TRACK_TIME 1167737286
TRACK A20110117609486 A320 263700 814060 120 30 999 NONE NONE 350
	FP_ROUTE KRSW..KCVG

TRACK_TIME 1167737286
TRACK A20110117609487 A320 390300 844200 120 30 999 NONE NONE 340
	FP_ROUTE KCVG..KSEA

TRACK_TIME 1167737286
TRACK A20110117609488 CRJ2 390160 843900 120 30 999 NONE NONE 290
	FP_ROUTE KCVG..KBDL

TRACK_TIME 1167737286
TRACK A20110117609495 A319 404600 735100 120 30 999 NONE NONE 380
	FP_ROUTE KLGA..KMEM

TRACK_TIME 1167737286
TRACK A20110117609496 B712 194200 1560400 120 30 999 NONE NONE 160
	FP_ROUTE KKOA..KHNL

TRACK_TIME 1167737286
TRACK A20110117609504 CRJ2 424600 843000 120 30 999 NONE NONE 50
	FP_ROUTE KLAN..KDTW

TRACK_TIME 1167737286
TRACK A20110117609515 CRJ2 371000 1074660 120 30 999 NONE NONE 230
	FP_ROUTE KDRO..KDEN

TRACK_TIME 1167737286
TRACK A20110117609526 B733 391300 944500 120 30 999 NONE NONE 360
	FP_ROUTE KMCI..KDAL

TRACK_TIME 1167737286
TRACK A20110117609527 B733 324900 964960 120 30 999 NONE NONE 110
	FP_ROUTE KDAL..KHOU

TRACK_TIME 1167737286
TRACK A20110117609528 B733 294060 951800 120 30 999 NONE NONE 350
	FP_ROUTE KHOU..KSTL

TRACK_TIME 1167737286
TRACK A20110117609532 E145 295860 951660 120 30 999 NONE NONE 370
	FP_ROUTE KIAH..KMCI

TRACK_TIME 1167737286
TRACK A20110117609537 CRJ2 415800 875700 120 30 999 NONE NONE 159
	FP_ROUTE KORD..KMLI

TRACK_TIME 1167737286
TRACK A20110117609541 MD11 333900 842260 120 30 999 NONE NONE 380
	FP_ROUTE KATL..KDFW

TRACK_TIME 1167737286
TRACK A20110117609542 B738 325100 970160 120 30 999 NONE NONE 330
	FP_ROUTE KDFW..KFLL

TRACK_TIME 1167737286
TRACK A20110117609545 CRJ2 412560 903400 120 30 999 NONE NONE 169
	FP_ROUTE KMLI..KORD

TRACK_TIME 1167737286
TRACK A20110117609546 E120 335700 1182700 120 30 999 NONE NONE 61
	FP_ROUTE KLAX..KSBA

TRACK_TIME 1167737286
TRACK A20110117609547 E120 342560 1195200 120 30 999 NONE NONE 110
	FP_ROUTE KSBA..KLAX

TRACK_TIME 1167737286
TRACK A20110117609548 CRJ2 394960 1044360 120 30 999 NONE NONE 260
	FP_ROUTE KDEN..KDRO

TRACK_TIME 1167737286
TRACK A20110117609549 B737 341060 1182100 120 30 999 NONE NONE 270
	FP_ROUTE KBUR..KLAS

TRACK_TIME 1167737286
TRACK A20110117609554 A320 422100 710100 120 30 999 NONE NONE 340
	FP_ROUTE KBOS..KFLL

TRACK_TIME 1167737286
TRACK A20110117609555 CRJ2 385700 773000 120 30 999 NONE NONE 300
	FP_ROUTE KIAD..KCMH

TRACK_TIME 1167737286
TRACK A20110117609556 CRJ2 400000 824960 120 30 999 NONE NONE 110
	FP_ROUTE KCMH..KIAD

TRACK_TIME 1167737286
TRACK A20110117609557 B738 611060 1500900 120 30 999 NONE NONE 350
	FP_ROUTE KANC..KOGG

TRACK_TIME 1167737286
TRACK A20110117609564 B737 385700 773000 120 30 999 NONE NONE 400
	FP_ROUTE KIAD..KDEN

TRACK_TIME 1167737286
TRACK A20110117609565 B737 400100 1044200 120 30 999 NONE NONE 340
	FP_ROUTE KDEN..KPDX

TRACK_TIME 1167737286
TRACK A20110117609570 B737 360700 1150900 120 30 999 NONE NONE 290
	FP_ROUTE KLAS..KPHX

TRACK_TIME 1167737286
TRACK A20110117609571 B737 332560 1120160 120 30 999 NONE NONE 340
	FP_ROUTE KPHX..KSEA

TRACK_TIME 1167737286
TRACK A20110117609572 CRJ2 420000 875200 120 30 999 NONE NONE 149
	FP_ROUTE KORD..KMKG

TRACK_TIME 1167737286
TRACK A20110117609573 CRJ2 430900 861300 120 30 999 NONE NONE 119
	FP_ROUTE KMKG..KORD

TRACK_TIME 1167737286
TRACK A20110117609576 MD83 303100 813900 120 30 999 NONE NONE 340
	FP_ROUTE KJAX..KDFW

TRACK_TIME 1167737286
TRACK A20110117609582 B733 453600 1223900 120 30 999 NONE NONE 350
	FP_ROUTE KPDX..KSMF

TRACK_TIME 1167737286
TRACK A20110117609583 B733 383900 1213400 120 30 999 NONE NONE 370
	FP_ROUTE KSMF..KONT

TRACK_TIME 1167737286
TRACK A20110117609587 B738 324360 1171360 120 30 999 NONE NONE 350
	FP_ROUTE KSAN..KORD

TRACK_TIME 1167737286
TRACK A20110117609599 A320 373760 1222200 120 30 999 NONE NONE 330
	FP_ROUTE KSFO..KLAX

TRACK_TIME 1167737286
TRACK A20110117609603 A320 350160 895860 120 30 999 NONE NONE 120
	FP_ROUTE KMEM..KDTW

TRACK_TIME 1167737286
TRACK A20110117609611 E145 412260 815500 120 30 999 NONE NONE 350
	FP_ROUTE KCLE..KBOS

TRACK_TIME 1167737286
TRACK A20110117609615 CRJ2 440400 1030460 120 30 999 NONE NONE 310
	FP_ROUTE KRAP..KMSP

TRACK_TIME 1167737286
TRACK A20110117609621 CRJ2 351500 805800 120 30 999 NONE NONE 280
	FP_ROUTE KCLT..KBHM

TRACK_TIME 1167737286
TRACK A20110117609626 CRJ2 384800 921360 120 30 999 NONE NONE 230
	FP_ROUTE KCOU..KMEM

TRACK_TIME 1167737286
TRACK A20110117609646 CRJ2 351360 805560 120 30 999 NONE NONE 170
	FP_ROUTE KCLT..KOAJ

TRACK_TIME 1167737286
TRACK A20110117609647 CRJ2 345200 773700 120 30 999 NONE NONE 110
	FP_ROUTE KOAJ..KCLT

TRACK_TIME 1167737286
TRACK A20110117609650 A320 360600 1150900 120 30 999 NONE NONE 290
	FP_ROUTE KLAS..KPHX

TRACK_TIME 1167737286
TRACK A20110117609651 E170 333760 842260 120 30 999 NONE NONE 250
	FP_ROUTE KATL..KIAD

TRACK_TIME 1167737286
TRACK A20110117609654 SF34 382200 784660 120 30 999 NONE NONE 71
	FP_ROUTE KSHD..KIAD

TRACK_TIME 1167737286
TRACK A20110117609655 B738 295700 952100 120 30 999 NONE NONE 220
	FP_ROUTE KIAH..KSAT

TRACK_TIME 1167737286
TRACK A20110117609666 B738 333760 842200 120 30 999 NONE NONE 360
	FP_ROUTE KATL..KAUS

TRACK_TIME 1167737286
TRACK A20110117609671 CRJ2 442800 880760 120 30 999 NONE NONE 130
	FP_ROUTE KGRB..KORD

TRACK_TIME 1167737286
TRACK A20110117609672 B712 402860 801200 120 30 999 NONE NONE 300
	FP_ROUTE KPIT..KMCO

TRACK_TIME 1167737286
TRACK A20110117609675 B738 333760 842260 120 30 999 NONE NONE 380
	FP_ROUTE KATL..KMIA

TRACK_TIME 1167737286
TRACK A20110117609679 B712 370460 804300 120 30 999 NONE NONE 205
	FP_ROUTE KPIT..KDAB

TRACK_TIME 1167737286
TRACK A20110117609680 CRJ9 422200 705860 120 30 999 NONE NONE 360
	FP_ROUTE KBOS..KMEM

TRACK_TIME 1167737286
TRACK A20110117609683 B737 324900 964900 120 30 999 NONE NONE 110
	FP_ROUTE KDAL..KHOU

TRACK_TIME 1167737286
TRACK A20110117609687 B737 293760 951600 120 30 999 NONE NONE 410
	FP_ROUTE KHOU..KECP

TRACK_TIME 1167737286
TRACK A20110117609692 CRJ2 333900 842260 120 30 999 NONE NONE 290
	FP_ROUTE KATL..KCHO

TRACK_TIME 1167737286
TRACK A20110117609693 CRJ2 381000 782560 120 30 999 NONE NONE 320
	FP_ROUTE KCHO..KATL

TRACK_TIME 1167737286
TRACK A20110117609694 CRJ9 464500 1120100 120 30 999 NONE NONE 370
	FP_ROUTE KHLN..KMSP

TRACK_TIME 1167737286
TRACK A20110117609695 CRJ9 445100 931300 120 30 999 NONE NONE 370
	FP_ROUTE KMSP..KEWR

TRACK_TIME 1167737286
TRACK A20110117609701 E145 330160 800460 120 30 999 NONE NONE 310
	FP_ROUTE KCHS..KLGA

TRACK_TIME 1167737286
TRACK A20110117609705 A320 403760 735100 120 30 999 NONE NONE 360
	FP_ROUTE KJFK..KSJC

TRACK_TIME 1167737286
TRACK A20110117609709 E145 404900 735260 120 30 999 NONE NONE 340
	FP_ROUTE KLGA..KCHS

TRACK_TIME 1167737286
TRACK A20110117609710 E135 425560 875400 120 30 999 NONE NONE 110
	FP_ROUTE KMKE..KFNT

TRACK_TIME 1167737286
TRACK A20110117609719 CRJ2 465100 921360 120 30 999 NONE NONE 200
	FP_ROUTE KDLH..KMSP

TRACK_TIME 1167737286
TRACK A20110117609724 B735 295700 952100 120 30 999 NONE NONE 349
	FP_ROUTE KIAH..KRSW

TRACK_TIME 1167737286
TRACK A20110117609727 A321 332560 1115860 120 30 999 NONE NONE 330
	FP_ROUTE KPHX..KMCO

TRACK_TIME 1167737286
TRACK A20110117609739 A319 385200 770300 120 30 999 NONE NONE 110
	FP_ROUTE KDCA..KBOS

TRACK_TIME 1167737286
TRACK A20110117609750 B737 333300 864600 120 30 999 NONE NONE 400
	FP_ROUTE KBHM..KHOU

TRACK_TIME 1167737286
TRACK A20110117609751 A320 351360 805800 120 30 999 NONE NONE 220
	FP_ROUTE KCLT..KATL

TRACK_TIME 1167737286
TRACK A20110117609753 C550 393900 1065400 120 30 999 NONE NONE 350
	FP_ROUTE KEGE..KSTC

TRACK_TIME 1167737286
TRACK A20110117609754 CRJ1 422100 710100 120 30 999 NONE NONE 300
	FP_ROUTE KBOS..KRDU

TRACK_TIME 1167737286
TRACK A20110117609760 DH8D 453460 1223700 120 30 999 NONE NONE 210
	FP_ROUTE KPDX..KGEG

TRACK_TIME 1167737286
TRACK A20110117609763 B737 261000 981360 120 30 999 NONE NONE 330
	FP_ROUTE KMFE..KIAH

TRACK_TIME 1167737286
TRACK A20110117609764 B762 403760 734960 120 30 999 NONE NONE 380
	FP_ROUTE KJFK..KLAX

TRACK_TIME 1167737286
TRACK A20110117609769 B712 211900 1575400 120 30 999 NONE NONE 80
	FP_ROUTE KHNL..KKOA

TRACK_TIME 1167737286
TRACK A20110117609770 B752 333700 842260 120 30 999 NONE NONE 390
	FP_ROUTE KATL..KFLL

TRACK_TIME 1167737286
TRACK A20110117609771 B737 472560 1221900 120 30 999 NONE NONE 390
	FP_ROUTE KSEA..KPHX

TRACK_TIME 1167737286
TRACK A20110117609783 MD83 352200 973700 120 30 999 NONE NONE 140
	FP_ROUTE KOKC..KDFW

TRACK_TIME 1167737286
TRACK A20110117609784 MD83 325260 970160 120 30 999 NONE NONE 40
	FP_ROUTE KDFW..KSAT

TRACK_TIME 1167737286
TRACK A20110117609788 B733 395200 1043600 120 30 999 NONE NONE 350
	FP_ROUTE KDEN..KAUS

TRACK_TIME 1167737286
TRACK A20110117609789 B737 282400 811800 120 30 999 NONE NONE 390
	FP_ROUTE KMCO..KISP

TRACK_TIME 1167737286
TRACK A20110117609795 SF34 295800 952100 120 30 999 NONE NONE 40
	FP_ROUTE KIAH..KCLL

TRACK_TIME 1167737286
TRACK A20110117609796 A319 385200 770300 120 30 999 NONE NONE 120
	FP_ROUTE KDCA..KDTW

TRACK_TIME 1167737286
TRACK A20110117609797 DH8D 412400 815260 120 30 999 NONE NONE 220
	FP_ROUTE KCLE..KORD

TRACK_TIME 1167737286
TRACK A20110117609798 B738 295700 952100 120 30 999 NONE NONE 380
	FP_ROUTE KIAH..KLAX

TRACK_TIME 1167737286
TRACK A20110117609801 B752 395200 1044660 120 30 999 NONE NONE 360
	FP_ROUTE KDEN..KSJC

TRACK_TIME 1167737286
TRACK A20110117609802 B734 295700 952100 120 30 999 NONE NONE 290
	FP_ROUTE KIAH..KCLT

TRACK_TIME 1167737286
TRACK A20110117609803 CRJ2 333760 842260 120 30 999 NONE NONE 210
	FP_ROUTE KATL..KSAV

TRACK_TIME 1167737286
TRACK A20110117609804 CRJ2 320900 810900 120 30 999 NONE NONE 230
	FP_ROUTE KSAV..KATL

TRACK_TIME 1167737286
TRACK A20110117609805 E145 295700 952100 120 30 999 NONE NONE 350
	FP_ROUTE KIAH..KSDF

TRACK_TIME 1167737286
TRACK A20110117609810 E145 404300 740760 120 30 999 NONE NONE 200
	FP_ROUTE KEWR..KDCA

TRACK_TIME 1167737286
TRACK A20110117609812 DH8A 404500 735100 120 30 999 NONE NONE 140
	FP_ROUTE KLGA..KIAD

TRACK_TIME 1167737286
TRACK A20110117609816 B734 351360 805560 120 30 999 NONE NONE 360
	FP_ROUTE KCLT..KRSW

TRACK_TIME 1167737286
TRACK A20110117609818 B739 373900 1221960 120 30 999 NONE NONE 350
	FP_ROUTE KSFO..KCLE

TRACK_TIME 1167737286
TRACK A20110117609819 E170 445400 931600 120 30 999 NONE NONE 350
	FP_ROUTE KMSP..KCMH

TRACK_TIME 1167737286
TRACK A20110117609820 B738 403900 735100 120 30 999 NONE NONE 340
	FP_ROUTE KJFK..KAUS

TRACK_TIME 1167737286
TRACK A20110117609821 B737 372260 1215700 120 30 999 NONE NONE 410
	FP_ROUTE KSJC..KLAX

TRACK_TIME 1167737286
TRACK A20110117609822 CRJ2 430700 760600 120 30 999 NONE NONE 210
	FP_ROUTE KSYR..KJFK

TRACK_TIME 1167737286
TRACK A20110117609823 B737 335700 1182800 120 30 999 NONE NONE 370
	FP_ROUTE KLAX..KHOU

TRACK_TIME 1167737286
TRACK A20110117609826 B737 293760 951800 120 30 999 NONE NONE 380
	FP_ROUTE KHOU..KDEN

TRACK_TIME 1167737286
TRACK A20110117609827 E170 380760 854300 120 30 999 NONE NONE 290
	FP_ROUTE KSDF..KDCA

TRACK_TIME 1167737286
TRACK A20110117609840 CRJ2 402860 801200 120 30 999 NONE NONE 200
	FP_ROUTE KPIT..KDTW

TRACK_TIME 1167737286
TRACK A20110117609848 B738 472560 1221800 120 30 999 NONE NONE 370
	FP_ROUTE KSEA..KSAN

TRACK_TIME 1167737286
TRACK A20110117609855 SW4 464300 1024960 120 30 999 NONE NONE 199
	FP_ROUTE KDIK..KRKS

TRACK_TIME 1167737286
TRACK A20110117609858 A332 333900 842400 120 30 999 NONE NONE 400
	FP_ROUTE KATL..KLAX

TRACK_TIME 1167737286
TRACK A20110117609861 C560 272400 823400 120 30 999 NONE NONE 170
	FP_ROUTE KSRQ..KPBI

TRACK_TIME 1167737286
TRACK A20110117609864 B738 254800 801600 120 30 999 NONE NONE 360
	FP_ROUTE KMIA..KIAH

TRACK_TIME 1167737286
TRACK A20110117609865 B734 260400 801060 120 30 999 NONE NONE 250
	FP_ROUTE KFLL..KDCA

TRACK_TIME 1167737286
TRACK A20110117609868 A320 260460 801000 120 30 999 NONE NONE 290
	FP_ROUTE KFLL..KJFK

TRACK_TIME 1167737286
TRACK A20110117609873 B737 414600 874200 120 30 999 NONE NONE 390
	FP_ROUTE KMDW..KBDL

TRACK_TIME 1167737286
TRACK A20110117609877 A319 260400 801060 120 30 999 NONE NONE 370
	FP_ROUTE KFLL..KLGA

TRACK_TIME 1167737286
TRACK A20110117609880 B737 335560 1183160 120 30 999 NONE NONE 390
	FP_ROUTE KLAX..KMDW

TRACK_TIME 1167737286
TRACK A20110117609881 E145 303000 862800 120 30 999 NONE NONE 360
	FP_ROUTE KVPS..KDFW

TRACK_TIME 1167737286
TRACK A20110117609883 CRJ1 422200 705800 120 30 999 NONE NONE 280
	FP_ROUTE KBOS..KRDU

TRACK_TIME 1167737286
TRACK A20110117609884 E145 333400 864500 120 30 999 NONE NONE 370
	FP_ROUTE KBHM..KMIA

TRACK_TIME 1167737286
TRACK A20110117609885 BE20 415700 952260 120 30 999 NONE NONE 240
	FP_ROUTE KDNS..KPUB

TRACK_TIME 1167737286
TRACK A20110117609886 BE20 381660 1043160 120 30 999 NONE NONE 260
	FP_ROUTE KPUB..KLAS

TRACK_TIME 1167737286
TRACK A20110117609887 A320 334960 1181060 120 30 999 NONE NONE 330
	FP_ROUTE KLGB..KFLL

TRACK_TIME 1167737286
TRACK A20110117609892 B738 295700 951960 120 30 999 NONE NONE 390
	FP_ROUTE KIAH..KLGA

TRACK_TIME 1167737286
TRACK A20110117609893 B732 194660 1560400 120 30 999 NONE NONE 220
	FP_ROUTE KKOA..KHNL

TRACK_TIME 1167737286
TRACK A20110117609901 B735 332560 1115860 120 30 999 NONE NONE 340
	FP_ROUTE KPHX..KPDX

TRACK_TIME 1167737286
TRACK A20110117609902 SF34 295700 952100 120 30 999 NONE NONE 140
	FP_ROUTE KIAH..KGRK

TRACK_TIME 1167737286
TRACK A20110117609903 B763 374000 1221960 120 30 999 NONE NONE 350
	FP_ROUTE KSFO..KATL

TRACK_TIME 1167737286
TRACK A20110117609910 CRJ2 395800 1044200 120 30 999 NONE NONE 340
	FP_ROUTE KDEN..KBZN

TRACK_TIME 1167737286
TRACK A20110117609911 CRJ2 454800 1111060 120 30 999 NONE NONE 330
	FP_ROUTE KBZN..KDEN

TRACK_TIME 1167737286
TRACK A20110117609912 A319 421200 832260 120 30 999 NONE NONE 370
	FP_ROUTE KDTW..KFLL

TRACK_TIME 1167737286
TRACK A20110117609915 E145 404300 740760 120 30 999 NONE NONE 130
	FP_ROUTE KEWR..KMHT

TRACK_TIME 1167737286
TRACK A20110117609937 F2TH 324500 1171360 120 30 999 NONE NONE 400
	FP_ROUTE KSAN..KAPC

TRACK_TIME 1167737286
TRACK A20110117609943 DH8D 472560 1221800 120 30 999 NONE NONE 230
	FP_ROUTE KSEA..KEUG

TRACK_TIME 1167737286
TRACK A20110117609953 CRJ9 445100 931360 120 30 999 NONE NONE 290
	FP_ROUTE KMSP..KORD

TRACK_TIME 1167737286
TRACK A20110117609954 CRJ2 421200 832260 120 30 999 NONE NONE 120
	FP_ROUTE KDTW..KMBS

TRACK_TIME 1167737286
TRACK A20110117609955 CRJ2 350100 895860 120 30 999 NONE NONE 340
	FP_ROUTE KMEM..KICT

TRACK_TIME 1167737286
TRACK A20110117609956 MD83 331800 1113900 120 30 999 NONE NONE 310
	FP_ROUTE KIWA..KFNL

TRACK_TIME 1167737286
TRACK A20110117609959 C750 264060 800100 120 30 999 NONE NONE 410
	FP_ROUTE KPBI..KBED

TRACK_TIME 1167737286
TRACK A20110117609978 A320 385400 772800 120 30 999 NONE NONE 360
	FP_ROUTE KIAD..KSAN

TRACK_TIME 1167737286
TRACK A20110117609984 E145 384360 901500 120 30 999 NONE NONE 250
	FP_ROUTE KSTL..KIAD

TRACK_TIME 1167737286
TRACK A20110117609986 B737 332560 1115860 120 30 999 NONE NONE 400
	FP_ROUTE KPHX..KSFO

TRACK_TIME 1167737286
TRACK A20110117609987 B737 373760 1222200 120 30 999 NONE NONE 410
	FP_ROUTE KSFO..KSNA

TRACK_TIME 1167737286
TRACK A20110117609988 B737 394360 861660 120 30 999 NONE NONE 380
	FP_ROUTE KIND..KLAS

TRACK_TIME 1167737286
TRACK A20110117609989 B737 360700 1150900 120 30 999 NONE NONE 280
	FP_ROUTE KLAS..KONT

TRACK_TIME 1167737286
TRACK A20110117609990 CRJ2 333900 842100 120 30 999 NONE NONE 210
	FP_ROUTE KATL..KAVL

TRACK_TIME 1167737286
TRACK A20110117609991 CRJ2 352260 823100 120 30 999 NONE NONE 110
	FP_ROUTE KAVL..KATL

TRACK_TIME 1167737286
TRACK A20110117609996 B752 384360 901960 120 30 999 NONE NONE 270
	FP_ROUTE KSTL..KORD

TRACK_TIME 1167737286
TRACK A20110117610001 B752 415800 875560 120 30 999 NONE NONE 400
	FP_ROUTE KORD..KSNA

TRACK_TIME 1167737286
TRACK A20110117610002 B738 260460 800760 120 30 999 NONE NONE 370
	FP_ROUTE KFLL..KCLE

TRACK_TIME 1167737286
TRACK A20110117610003 E170 400000 825100 120 30 999 NONE NONE 330
	FP_ROUTE KCMH..KEWR

TRACK_TIME 1167737286
TRACK A20110117610004 CRJ1 360700 864060 120 30 999 NONE NONE 31
	FP_ROUTE KBNA..KMEM

TRACK_TIME 1167737286
TRACK A20110117610009 E170 445100 931300 120 30 999 NONE NONE 350
	FP_ROUTE KMSP..KEWR

TRACK_TIME 1167737286
TRACK A20110117610010 E170 404300 740760 120 30 999 NONE NONE 340
	FP_ROUTE KEWR..KMSP

TRACK_TIME 1167737286
TRACK A20110117610012 B737 260460 801000 120 30 999 NONE NONE 390
	FP_ROUTE KFLL..KBWI

TRACK_TIME 1167737286
TRACK A20110117610013 E135 404500 735100 120 30 999 NONE NONE 320
	FP_ROUTE KLGA..KCMH

TRACK_TIME 1167737286
TRACK A20110117610016 B733 275800 823300 120 30 999 NONE NONE 330
	FP_ROUTE KTPA..KPIT

TRACK_TIME 1167737286
TRACK A20110117610028 CRJ2 303000 814000 120 30 999 NONE NONE 280
	FP_ROUTE KJAX..KMEM

TRACK_TIME 1167737286
TRACK A20110117610029 B772 373760 1222100 120 30 999 NONE NONE 370
	FP_ROUTE KSFO..KORD

TRACK_TIME 1167737286
TRACK A20110117610032 B733 264060 800400 120 30 999 NONE NONE 100
	FP_ROUTE KPBI..KTPA

TRACK_TIME 1167737286
TRACK A20110117610038 B737 473700 1173160 120 30 999 NONE NONE 330
	FP_ROUTE KGEG..KDEN

TRACK_TIME 1167737286
TRACK A20110117610039 B737 395400 1043300 120 30 999 NONE NONE 390
	FP_ROUTE KDEN..KMCI

TRACK_TIME 1167737286
TRACK A20110117610042 MD82 415560 875400 120 30 999 NONE NONE 330
	FP_ROUTE KORD..KMCO

TRACK_TIME 1167737286
TRACK A20110117610046 C550 371360 795800 120 30 999 NONE NONE 200
	FP_ROUTE KROA..KROA

TRACK_TIME 1167737286
TRACK A20110117610050 A320 282560 811800 120 30 999 NONE NONE 370
	FP_ROUTE KMCO..KJFK

TRACK_TIME 1167737286
TRACK A20110117610054 LJ35 352700 1190400 120 30 999 NONE NONE 340
	FP_ROUTE KBFL..KFLX

TRACK_TIME 1167737286
TRACK A20110117610056 CRJ2 350100 895860 120 30 999 NONE NONE 290
	FP_ROUTE KMEM..KMOB

TRACK_TIME 1167737286
TRACK A20110117610057 CRJ2 304000 881360 120 30 999 NONE NONE 240
	FP_ROUTE KMOB..KMEM

TRACK_TIME 1167737286
TRACK A20110117610060 MD83 345500 821200 120 30 999 NONE NONE 320
	FP_ROUTE KGSP..KMCO

TRACK_TIME 1167737286
TRACK A20110117610061 A320 385500 772560 120 30 999 NONE NONE 340
	FP_ROUTE KIAD..KMCO

TRACK_TIME 1167737286
TRACK A20110117610062 A320 304600 804000 120 30 999 NONE NONE 100
	FP_ROUTE KIAD..KJAX

TRACK_TIME 1167737286
TRACK A20110117610063 A320 303000 814000 120 30 999 NONE NONE 169
	FP_ROUTE KJAX..KMCO

TRACK_TIME 1167737286
TRACK A20110117610066 CRJ2 421200 832200 120 30 999 NONE NONE 310
	FP_ROUTE KDTW..KIAD

TRACK_TIME 1167737286
TRACK A20110117610075 CRJ2 385560 773100 120 30 999 NONE NONE 160
	FP_ROUTE KIAD..KROA

TRACK_TIME 1167737286
TRACK A20110117610076 E145 361000 955260 120 30 999 NONE NONE 320
	FP_ROUTE KTUL..KIAH

TRACK_TIME 1167737286
TRACK A20110117610077 B737 395400 1044300 120 30 999 NONE NONE 380
	FP_ROUTE KDEN..KOAK

TRACK_TIME 1167737286
TRACK A20110117610081 B752 324360 1171360 120 30 999 NONE NONE 370
	FP_ROUTE KSAN..KORD

TRACK_TIME 1167737286
TRACK A20110117610084 E145 415700 875800 120 30 999 NONE NONE 370
	FP_ROUTE KORD..KRDU

TRACK_TIME 1167737286
TRACK A20110117610086 B733 472560 1221900 120 30 999 NONE NONE 350
	FP_ROUTE KSEA..KLAS

TRACK_TIME 1167737286
TRACK A20110117610092 E145 385400 772700 120 30 999 NONE NONE 340
	FP_ROUTE KIAD..KSTL

TRACK_TIME 1167737286
TRACK A20110117610097 CRJ2 333900 842200 120 30 999 NONE NONE 280
	FP_ROUTE KATL..KSDF

TRACK_TIME 1167737286
TRACK A20110117610098 E135 360600 864000 120 30 999 NONE NONE 370
	FP_ROUTE KBNA..KDCA

TRACK_TIME 1167737286
TRACK A20110117610112 CRJ2 333760 842400 120 30 999 NONE NONE 210
	FP_ROUTE KATL..KGSP

TRACK_TIME 1167737286
TRACK A20110117610113 CRJ2 345560 821200 120 30 999 NONE NONE 110
	FP_ROUTE KGSP..KATL

TRACK_TIME 1167737286
TRACK A20110117610114 A320 395500 841200 120 30 999 NONE NONE 350
	FP_ROUTE KDAY..KATL

TRACK_TIME 1167737286
TRACK A20110117610115 A320 333760 842200 120 30 999 NONE NONE 230
	FP_ROUTE KATL..KSAV

TRACK_TIME 1167737286
TRACK A20110117610116 CRJ2 390100 844000 120 30 999 NONE NONE 200
	FP_ROUTE KCVG..KBNA

TRACK_TIME 1167737286
TRACK A20110117610127 MD82 404600 1115800 120 30 999 NONE NONE 330
	FP_ROUTE KSLC..KDFW

TRACK_TIME 1167737286
TRACK A20110117610128 MD82 325260 970160 120 30 999 NONE NONE 130
	FP_ROUTE KDFW..KSAT

TRACK_TIME 1167737286
TRACK A20110117610129 MD83 394960 1044660 120 30 999 NONE NONE 350
	FP_ROUTE KDEN..KDFW

TRACK_TIME 1167737286
TRACK A20110117610130 B752 333760 842400 120 30 999 NONE NONE 370
	FP_ROUTE KATL..KBOS

TRACK_TIME 1167737286
TRACK A20110117610132 F900 421660 851600 120 30 999 NONE NONE 40
	FP_ROUTE KBTL..KORD

TRACK_TIME 1167737286
TRACK A20110117610134 B753 394360 1043700 120 30 999 NONE NONE 350
	FP_ROUTE KDEN..KIAH

TRACK_TIME 1167737286
TRACK A20110117610139 A319 404960 735260 120 30 999 NONE NONE 380
	FP_ROUTE KLGA..KMEM

TRACK_TIME 1167737286
TRACK A20110117610143 B737 425700 784300 120 30 999 NONE NONE 380
	FP_ROUTE KBUF..KLAS

TRACK_TIME 1167737286
TRACK A20110117610150 B737 360600 1150900 120 30 999 NONE NONE 220
	FP_ROUTE KLAS..KSAN

TRACK_TIME 1167737286
TRACK A20110117610159 B737 324500 1171360 120 30 999 NONE NONE 390
	FP_ROUTE KSAN..KDEN

TRACK_TIME 1167737286
TRACK A20110117610162 B737 394960 1044360 120 30 999 NONE NONE 370
	FP_ROUTE KDEN..KAMA

TRACK_TIME 1167737286
TRACK A20110117610164 B733 414500 874300 120 30 999 NONE NONE 360
	FP_ROUTE KMDW..KDEN

TRACK_TIME 1167737286
TRACK A20110117610165 B733 395400 1044060 120 30 999 NONE NONE 360
	FP_ROUTE KDEN..KSLC

TRACK_TIME 1167737286
TRACK A20110117610166 B733 404900 1115860 120 30 999 NONE NONE 330
	FP_ROUTE KSLC..KPHX

TRACK_TIME 1167737286
TRACK A20110117610169 E190 355260 784600 120 30 999 NONE NONE 330
	FP_ROUTE KRDU..KBOS

TRACK_TIME 1167737286
TRACK A20110117610170 B738 415800 875860 120 30 999 NONE NONE 400
	FP_ROUTE KORD..KHDN

TRACK_TIME 1167737286
TRACK A20110117610177 E145 295800 952100 120 30 999 NONE NONE 200
	FP_ROUTE KIAH..KLRD

TRACK_TIME 1167737286
TRACK A20110117610181 A320 264060 800000 120 30 999 NONE NONE 370
	FP_ROUTE KPBI..KEWR

TRACK_TIME 1167737286
TRACK A20110117610182 B752 421200 832200 120 30 999 NONE NONE 390
	FP_ROUTE KDTW..KMCO

TRACK_TIME 1167737286
TRACK A20110117610188 A319 390300 844000 120 30 999 NONE NONE 290
	FP_ROUTE KCVG..KATL

TRACK_TIME 1167737286
TRACK A20110117610200 CRJ1 425500 875500 120 30 999 NONE NONE 270
	FP_ROUTE KMKE..KCVG

TRACK_TIME 1167737286
TRACK A20110117610208 CRJ2 445260 931800 120 30 999 NONE NONE 60
	FP_ROUTE KMSP..KRST

TRACK_TIME 1167737286
TRACK A20110117610215 E190 422260 710100 120 30 999 NONE NONE 320
	FP_ROUTE KBOS..KBWI

TRACK_TIME 1167737286
TRACK A20110117610217 A321 472500 1221900 120 30 999 NONE NONE 330
	FP_ROUTE KSEA..KCLT

TRACK_TIME 1167737286
TRACK A20110117610220 B752 373760 1222200 120 30 999 NONE NONE 370
	FP_ROUTE KSFO..KDFW

TRACK_TIME 1167737286
TRACK A20110117610221 B752 254800 801900 120 30 999 NONE NONE 380
	FP_ROUTE KMIA..KDFW

TRACK_TIME 1167737286
TRACK A20110117610225 B738 335560 1182700 120 30 999 NONE NONE 370
	FP_ROUTE KLAX..KCVG

TRACK_TIME 1167737286
TRACK A20110117610226 CRJ2 402860 800900 120 30 999 NONE NONE 300
	FP_ROUTE KPIT..KMSP

TRACK_TIME 1167737286
TRACK A20110117610227 CRJ2 445260 931060 120 30 999 NONE NONE 240
	FP_ROUTE KMSP..KGFK

TRACK_TIME 1167737286
TRACK A20110117610228 BE20 352860 1190160 120 30 999 NONE NONE 170
	FP_ROUTE KBFL..KUDD

TRACK_TIME 1167737286
TRACK A20110117610229 CRJ9 332560 1120160 120 30 999 NONE NONE 330
	FP_ROUTE KPHX..KABQ

TRACK_TIME 1167737286
TRACK A20110117610231 E190 390700 763760 120 30 999 NONE NONE 270
	FP_ROUTE KBWI..KBOS

TRACK_TIME 1167737286
TRACK A20110117610235 DH8A 395260 751200 120 30 999 NONE NONE 80
	FP_ROUTE KPHL..KLGA

TRACK_TIME 1167737286
TRACK A20110117610241 CRJ2 390160 843900 120 30 999 NONE NONE 40
	FP_ROUTE KCVG..KCLT

TRACK_TIME 1167737286
TRACK A20110117610245 B752 395500 1044060 120 30 999 NONE NONE 320
	FP_ROUTE KDEN..KSEA

TRACK_TIME 1167737286
TRACK A20110117610246 LJ35 414360 874360 120 30 999 NONE NONE 390
	FP_ROUTE KMDW..KPBI

TRACK_TIME 1167737286
TRACK A20110117610248 B737 394900 1044300 120 30 999 NONE NONE 410
	FP_ROUTE KDEN..KSFO

TRACK_TIME 1167737286
TRACK A20110117610249 LJ35 405500 740000 120 30 999 NONE NONE 400
	FP_ROUTE KTEB..KTOL

TRACK_TIME 1167737286
TRACK A20110117610254 MD11 375560 854500 120 30 999 NONE NONE 360
	FP_ROUTE KSDF..KMSP

TRACK_TIME 1167737286
TRACK A20110117610257 CRJ2 415800 880000 120 30 999 NONE NONE 159
	FP_ROUTE KORD..KPIA

TRACK_TIME 1167737286
TRACK A20110117610261 B752 422200 705860 120 30 999 NONE NONE 300
	FP_ROUTE KBOS..KMIA

TRACK_TIME 1167737286
TRACK A20110117610273 B737 360700 1150760 120 30 999 NONE NONE 390
	FP_ROUTE KLAS..KMKE

TRACK_TIME 1167737286
TRACK A20110117610276 B737 425560 875400 120 30 999 NONE NONE 410
	FP_ROUTE KMKE..KATL

TRACK_TIME 1167737286
TRACK A20110117610277 SF34 385800 773160 120 30 999 NONE NONE 130
	FP_ROUTE KIAD..KABE

TRACK_TIME 1167737286
TRACK A20110117610278 CRJ9 380900 854300 120 30 999 NONE NONE 270
	FP_ROUTE KSDF..KCLT

TRACK_TIME 1167737286
TRACK A20110117610281 MD82 282500 811900 120 30 999 NONE NONE 340
	FP_ROUTE KMCO..KDFW

TRACK_TIME 1167737286
TRACK A20110117610284 B737 472560 1221900 120 30 999 NONE NONE 350
	FP_ROUTE KSEA..KSMF

TRACK_TIME 1167737286
TRACK A20110117610287 B738 472560 1221900 120 30 999 NONE NONE 370
	FP_ROUTE KSEA..KLAS

TRACK_TIME 1167737286
TRACK A20110117610289 SF34 404000 751960 120 30 999 NONE NONE 120
	FP_ROUTE KABE..KUNV

TRACK_TIME 1167737286
TRACK A20110117610296 SF34 401060 750000 120 30 999 NONE NONE 120
	FP_ROUTE KABE..KIAD

TRACK_TIME 1167737286
TRACK A20110117610297 B737 383900 1213300 120 30 999 NONE NONE 390
	FP_ROUTE KSMF..KLAX

TRACK_TIME 1167737286
TRACK A20110117610298 A320 332560 1120160 120 30 999 NONE NONE 350
	FP_ROUTE KPHX..KJFK

TRACK_TIME 1167737286
TRACK A20110117610304 B737 340300 1173700 120 30 999 NONE NONE 130
	FP_ROUTE KONT..KLAS

TRACK_TIME 1167737286
TRACK A20110117610305 B737 360600 1150900 120 30 999 NONE NONE 330
	FP_ROUTE KLAS..KTUS

TRACK_TIME 1167737286
TRACK A20110117610308 B737 340900 1182260 120 30 999 NONE NONE 320
	FP_ROUTE KBUR..KOAK

TRACK_TIME 1167737286
TRACK A20110117610310 B737 282700 811900 120 30 999 NONE NONE 169
	FP_ROUTE KMCO..KRSW

TRACK_TIME 1167737286
TRACK A20110117610312 SF34 332860 905860 120 30 999 NONE NONE 81
	FP_ROUTE KGLH..KMEM

TRACK_TIME 1167737286
TRACK A20110117610316 B752 282800 811960 120 30 999 NONE NONE 360
	FP_ROUTE KMCO..KDEN

TRACK_TIME 1167737286
TRACK A20110117610319 B752 415700 875860 120 30 999 NONE NONE 250
	FP_ROUTE KORD..KMCO

TRACK_TIME 1167737286
TRACK A20110117610321 CRJ1 421300 832200 120 30 999 NONE NONE 141
	FP_ROUTE KDTW..KGRR

TRACK_TIME 1167737286
TRACK A20110117610322 CRJ2 350100 895860 120 30 999 NONE NONE 290
	FP_ROUTE KMEM..KECP

TRACK_TIME 1167737286
TRACK A20110117610323 CRJ2 302800 854960 120 30 999 NONE NONE 300
	FP_ROUTE KECP..KMEM

TRACK_TIME 1167737286
TRACK A20110117610327 E170 404360 740700 120 30 999 NONE NONE 320
	FP_ROUTE KEWR..KRDU

TRACK_TIME 1167737286
TRACK A20110117610328 LJ45 454900 1111300 120 30 999 NONE NONE 340
	FP_ROUTE KBZN..KCOE

TRACK_TIME 1167737286
TRACK A20110117610331 B733 360760 1150700 120 30 999 NONE NONE 350
	FP_ROUTE KLAS..KDFW

TRACK_TIME 1167737286
TRACK A20110117610335 CRJ1 354800 835560 120 30 999 NONE NONE 210
	FP_ROUTE KTYS..KAHN

TRACK_TIME 1167737286
TRACK A20110117610337 CRJ2 350000 895700 120 30 999 NONE NONE 310
	FP_ROUTE KMEM..KCLE

TRACK_TIME 1167737286
TRACK A20110117610338 CRJ2 412260 815400 120 30 999 NONE NONE 300
	FP_ROUTE KCLE..KMEM

TRACK_TIME 1167737286
TRACK A20110117610340 A319 404600 735100 120 30 999 NONE NONE 380
	FP_ROUTE KLGA..KMSP

TRACK_TIME 1167737286
TRACK A20110117610341 E145 325100 970100 120 30 999 NONE NONE 290
	FP_ROUTE KDFW..KLIT

TRACK_TIME 1167737286
TRACK A20110117610349 CRJ1 390160 843900 120 30 999 NONE NONE 190
	FP_ROUTE KCVG..KTYS

TRACK_TIME 1167737286
TRACK A20110117610355 MD82 325200 970160 120 30 999 NONE NONE 330
	FP_ROUTE KDFW..KMCO

TRACK_TIME 1167737286
TRACK A20110117610356 B752 415860 875260 120 30 999 NONE NONE 370
	FP_ROUTE KORD..KBOS

TRACK_TIME 1167737286
TRACK A20110117610364 A321 275800 823300 120 30 999 NONE NONE 350
	FP_ROUTE KTPA..KPHL

TRACK_TIME 1167737286
TRACK A20110117610373 DH8A 395260 751300 120 30 999 NONE NONE 70
	FP_ROUTE KPHL..KLGA

TRACK_TIME 1167737286
TRACK A20110117610374 CRJ2 385260 770300 120 30 999 NONE NONE 280
	FP_ROUTE KDCA..KTYS

TRACK_TIME 1167737286
TRACK A20110117610379 B737 324960 964960 120 30 999 NONE NONE 220
	FP_ROUTE KDAL..KAUS

TRACK_TIME 1167737286
TRACK A20110117610380 B737 300600 974360 120 30 999 NONE NONE 400
	FP_ROUTE KAUS..KSJC

TRACK_TIME 1167737286
TRACK A20110117610381 CRJ2 205500 1562500 120 30 999 NONE NONE 160
	FP_ROUTE KOGG..KHNL

TRACK_TIME 1167737286
TRACK A20110117610387 A320 395560 1044660 120 30 999 NONE NONE 360
	FP_ROUTE KDEN..KPDX

TRACK_TIME 1167737286
TRACK A20110117610388 E145 442560 730760 120 30 999 NONE NONE 360
	FP_ROUTE KBTV..KCLE

TRACK_TIME 1167737286
TRACK A20110117610389 B737 301900 973400 120 30 999 NONE NONE 200
	FP_ROUTE KAUS..KDAL

TRACK_TIME 1167737286
TRACK A20110117610390 B737 324960 964960 120 30 999 NONE NONE 330
	FP_ROUTE KDAL..KLIT

TRACK_TIME 1167737286
TRACK A20110117610391 B737 344300 921500 120 30 999 NONE NONE 390
	FP_ROUTE KLIT..KBWI

TRACK_TIME 1167737286
TRACK A20110117610396 A319 394960 1044800 120 30 999 NONE NONE 360
	FP_ROUTE KDEN..KPHX

TRACK_TIME 1167737286
TRACK A20110117610397 A319 334000 841900 120 30 999 NONE NONE 90
	FP_ROUTE KATL..KMEM

TRACK_TIME 1167737286
TRACK A20110117610399 E135 335560 1182560 120 30 999 NONE NONE 360
	FP_ROUTE KLAX..KRNO

TRACK_TIME 1167737286
TRACK A20110117610402 CRJ9 352200 973700 120 30 999 NONE NONE 370
	FP_ROUTE KOKC..KATL

TRACK_TIME 1167737286
TRACK A20110117610406 DH8A 211900 1575400 120 30 999 NONE NONE 50
	FP_ROUTE KHNL..KMKK

TRACK_TIME 1167737286
TRACK A20110117610407 DH8A 210900 1570400 120 30 999 NONE NONE 70
	FP_ROUTE KMKK..KOGG

TRACK_TIME 1167737286
TRACK A20110117610417 B752 404000 734500 120 30 999 NONE NONE 360
	FP_ROUTE KJFK..KSFO

TRACK_TIME 1167737286
TRACK A20110117610420 B737 360700 1150900 120 30 999 NONE NONE 380
	FP_ROUTE KLAS..KSFO

TRACK_TIME 1167737286
TRACK A20110117610422 B738 404600 735100 120 30 999 NONE NONE 380
	FP_ROUTE KLGA..KIAH

TRACK_TIME 1167737286
TRACK A20110117610423 MD82 395500 1044060 120 30 999 NONE NONE 330
	FP_ROUTE KDEN..KDFW

TRACK_TIME 1167737286
TRACK A20110117610424 MD82 325260 970160 120 30 999 NONE NONE 350
	FP_ROUTE KDFW..KSTL

TRACK_TIME 1167737286
TRACK A20110117610425 A320 360700 1150900 120 30 999 NONE NONE 240
	FP_ROUTE KLAS..KLGB

TRACK_TIME 1167737286
TRACK A20110117610430 E145 361500 941800 120 30 999 NONE NONE 50
	FP_ROUTE KXNA..KDFW

TRACK_TIME 1167737286
TRACK A20110117610434 F2TH 433300 840400 120 30 999 NONE NONE 400
	FP_ROUTE KMBS..KSGR

TRACK_TIME 1167737286
TRACK A20110117610435 CRJ2 333400 864500 120 30 999 NONE NONE 31
	FP_ROUTE KBHM..KMEM

TRACK_TIME 1167737286
TRACK A20110117610436 A320 355260 784660 120 30 999 NONE NONE 240
	FP_ROUTE KRDU..KIAD

TRACK_TIME 1167737286
TRACK A20110117610437 B744 611300 1501500 120 30 999 NONE NONE 350
	FP_ROUTE KANC..KLAX

TRACK_TIME 1167737286
TRACK A20110117610440 F2TH 293760 954000 120 30 999 NONE NONE 410
	FP_ROUTE KSGR..KSAV

TRACK_TIME 1167737286
TRACK A20110117610441 F2TH 321960 811300 120 30 999 NONE NONE 140
	FP_ROUTE KSAV..KJQF

TRACK_TIME 1167737286
TRACK A20110117610442 E145 415700 724200 120 30 999 NONE NONE 280
	FP_ROUTE KBDL..KPIT

TRACK_TIME 1167737286
TRACK A20110117610445 E145 385500 772560 120 30 999 NONE NONE 280
	FP_ROUTE KIAD..KSAV

TRACK_TIME 1167737286
TRACK A20110117610448 DH8A 371900 800000 120 30 999 NONE NONE 100
	FP_ROUTE KROA..KCLT

TRACK_TIME 1167737286
TRACK A20110117610450 CRJ2 333900 842200 120 30 999 NONE NONE 110
	FP_ROUTE KATL..KBHM

TRACK_TIME 1167737286
TRACK A20110117610451 CRJ2 333400 864500 120 30 999 NONE NONE 190
	FP_ROUTE KBHM..KATL

TRACK_TIME 1167737286
TRACK A20110117610452 F2TH 352400 804300 120 30 999 NONE NONE 430
	FP_ROUTE KJQF..KSGR

TRACK_TIME 1167737286
TRACK A20110117610456 E190 303000 814200 120 30 999 NONE NONE 370
	FP_ROUTE KJAX..KBOS

TRACK_TIME 1167737286
TRACK A20110117610457 E190 301000 973900 120 30 999 NONE NONE 390
	FP_ROUTE KAUS..KFLL

TRACK_TIME 1167737286
TRACK A20110117610458 DH8D 355500 784600 120 30 999 NONE NONE 111
	FP_ROUTE KRDU..KEWR

TRACK_TIME 1167737286
TRACK A20110117610464 E120 335700 1182700 120 30 999 NONE NONE 219
	FP_ROUTE KLAX..KFAT

TRACK_TIME 1167737286
TRACK A20110117610466 B712 264060 800160 120 30 999 NONE NONE 330
	FP_ROUTE KPBI..KHPN

TRACK_TIME 1167737286
TRACK A20110117610467 AT72 323100 920100 120 30 999 NONE NONE 121
	FP_ROUTE KMLU..KDFW

TRACK_TIME 1167737286
TRACK A20110117610468 E145 254800 801600 120 30 999 NONE NONE 360
	FP_ROUTE KMIA..KBNA

TRACK_TIME 1167737286
TRACK A20110117610470 MD82 300760 974360 120 30 999 NONE NONE 110
	FP_ROUTE KAUS..KDFW

TRACK_TIME 1167737286
TRACK A20110117610471 MD82 325260 970300 120 30 999 NONE NONE 300
	FP_ROUTE KDFW..KDEN

TRACK_TIME 1167737286
TRACK A20110117610473 CRJ2 335560 1182700 120 30 999 NONE NONE 340
	FP_ROUTE KLAX..KRNO

TRACK_TIME 1167737286
TRACK A20110117610474 A320 403900 734500 120 30 999 NONE NONE 340
	FP_ROUTE KJFK..KOAK

TRACK_TIME 1167737286
TRACK A20110117610475 B738 205500 1562400 120 30 999 NONE NONE 350
	FP_ROUTE KOGG..KPDX

TRACK_TIME 1167737286
TRACK A20110117610476 A333 445200 931060 120 30 999 NONE NONE 340
	FP_ROUTE KMSP..KHNL

TRACK_TIME 1167737286
TRACK A20110117610477 CRJ2 393100 1194600 120 30 999 NONE NONE 260
	FP_ROUTE KRNO..KSFO

TRACK_TIME 1167737286
TRACK A20110117610478 A320 260460 800760 120 30 999 NONE NONE 340
	FP_ROUTE KFLL..KPHX

TRACK_TIME 1167737286
TRACK A20110117610481 E145 351500 805700 120 30 999 NONE NONE 360
	FP_ROUTE KCLT..KIAH

TRACK_TIME 1167737286
TRACK A20110117610485 B752 260400 800760 120 30 999 NONE NONE 390
	FP_ROUTE KFLL..KATL

TRACK_TIME 1167737286
TRACK A20110117610489 B752 181960 645560 120 30 999 NONE NONE 320
	FP_ROUTE KSTT..KMIA

TRACK_TIME 1167737286
TRACK A20110117610497 B737 350160 1063460 120 30 999 NONE NONE 400
	FP_ROUTE KABQ..KSEA

TRACK_TIME 1167737286
TRACK A20110117610500 CRJ2 361300 941800 120 30 999 NONE NONE 360
	FP_ROUTE KXNA..KDEN

TRACK_TIME 1167737286
TRACK A20110117610501 A319 414360 712500 120 30 999 NONE NONE 300
	FP_ROUTE KPVD..KORD

TRACK_TIME 1167737286
TRACK A20110117610503 E135 415560 875560 120 30 999 NONE NONE 280
	FP_ROUTE KORD..KDSM

TRACK_TIME 1167737286
TRACK A20110117610504 C550 404600 1115800 120 30 999 NONE NONE 360
	FP_ROUTE KSLC..KF70

TRACK_TIME 1167737286
TRACK A20110117610509 E145 413160 933760 120 30 999 NONE NONE 90
	FP_ROUTE KDSM..KORD

TRACK_TIME 1167737286
TRACK A20110117610512 A319 333760 842400 120 30 999 NONE NONE 360
	FP_ROUTE KATL..KMSY

TRACK_TIME 1167737286
TRACK A20110117610516 C550 444660 894000 120 30 999 NONE NONE 80
	FP_ROUTE KCWA..KEAU

TRACK_TIME 1167737286
TRACK A20110117610520 B737 275800 823300 120 30 999 NONE NONE 390
	FP_ROUTE KTPA..KBWI

TRACK_TIME 1167737286
TRACK A20110117610521 B737 390760 763760 120 30 999 NONE NONE 250
	FP_ROUTE KBWI..KBDL

TRACK_TIME 1167737286
TRACK A20110117610522 B737 415700 724060 120 30 999 NONE NONE 380
	FP_ROUTE KBDL..KMCO

TRACK_TIME 1167737286
TRACK A20110117610524 B752 472560 1221800 120 30 999 NONE NONE 350
	FP_ROUTE KSEA..KMSP

TRACK_TIME 1167737286
TRACK A20110117610525 CRJ1 350160 895860 120 30 999 NONE NONE 330
	FP_ROUTE KMEM..KJAX

TRACK_TIME 1167737286
TRACK A20110117610526 E135 422100 710100 120 30 999 NONE NONE 220
	FP_ROUTE KBOS..KJFK

TRACK_TIME 1167737286
TRACK A20110117610528 E145 303400 910700 120 30 999 NONE NONE 220
	FP_ROUTE KBTR..KIAH

TRACK_TIME 1167737286
TRACK A20110117610533 A320 360700 1150900 120 30 999 NONE NONE 350
	FP_ROUTE KLAS..KBOS

TRACK_TIME 1167737286
TRACK A20110117610535 LJ35 390460 943760 120 30 999 NONE NONE 410
	FP_ROUTE KMKC..KLCK

TRACK_TIME 1167737286
TRACK A20110117610539 E145 380900 854360 120 30 999 NONE NONE 290
	FP_ROUTE KSDF..KLGA

TRACK_TIME 1167737286
TRACK A20110117610541 CRJ9 404960 1115860 120 30 999 NONE NONE 350
	FP_ROUTE KSLC..KOMA

TRACK_TIME 1167737286
TRACK A20110117610542 A320 385560 773300 120 30 999 NONE NONE 360
	FP_ROUTE KIAD..KSLC

TRACK_TIME 1167737286
TRACK A20110117610543 A320 404900 1120000 120 30 999 NONE NONE 300
	FP_ROUTE KSLC..KLAS

TRACK_TIME 1167737286
TRACK A20110117610545 B739 254800 801600 120 30 999 NONE NONE 350
	FP_ROUTE KMIA..KEWR

TRACK_TIME 1167737286
TRACK A20110117610546 E190 404660 735200 120 30 999 NONE NONE 380
	FP_ROUTE KLGA..KMCI

TRACK_TIME 1167737286
TRACK A20110117610547 E190 391600 944660 120 30 999 NONE NONE 360
	FP_ROUTE KMCI..KLAX

TRACK_TIME 1167737286
TRACK A20110117610548 DH8D 472560 1221800 120 30 999 NONE NONE 120
	FP_ROUTE KSEA..KBLI

TRACK_TIME 1167737286
TRACK A20110117610551 B763 335700 1183000 120 30 999 NONE NONE 400
	FP_ROUTE KLAX..KPDX

TRACK_TIME 1167737286
TRACK A20110117610555 AT72 325400 970300 120 30 999 NONE NONE 100
	FP_ROUTE KDFW..KAMA

TRACK_TIME 1167737286
TRACK A20110117610562 C130 335500 843300 120 30 999 NONE NONE 60
	FP_ROUTE KMGE..KHSV

TRACK_TIME 1167737286
TRACK A20110117610563 C130 343760 864200 120 30 999 NONE NONE 49
	FP_ROUTE KHSV..KCHA

TRACK_TIME 1167737286
TRACK A20110117610564 C130 345700 851300 120 30 999 NONE NONE 130
	FP_ROUTE KCHA..KAGS

TRACK_TIME 1167737286
TRACK A20110117610565 C130 333160 820900 120 30 999 NONE NONE 40
	FP_ROUTE KAGS..KMGE

TRACK_TIME 1167737286
TRACK A20110117610567 A320 415500 875100 120 30 999 NONE NONE 370
	FP_ROUTE KORD..KLGA

TRACK_TIME 1167737286
TRACK A20110117610568 LJ45 411960 955500 120 30 999 NONE NONE 350
	FP_ROUTE KOMA..KARR

TRACK_TIME 1167737286
TRACK A20110117610569 LJ45 414600 883300 120 30 999 NONE NONE 400
	FP_ROUTE KARR..KOMA

TRACK_TIME 1167737286
TRACK A20110117610574 E145 380900 854360 120 30 999 NONE NONE 350
	FP_ROUTE KSDF..KEWR

TRACK_TIME 1167737286
TRACK A20110117610575 B737 361200 795560 120 30 999 NONE NONE 400
	FP_ROUTE KGSO..KSEA

TRACK_TIME 1167737286
TRACK A20110117610590 CRJ1 373300 771960 120 30 999 NONE NONE 220
	FP_ROUTE KRIC..KCVG

TRACK_TIME 1167737286
TRACK A20110117610592 E145 295700 952100 120 30 999 NONE NONE 260
	FP_ROUTE KIAH..KMAF

TRACK_TIME 1167737286
TRACK A20110117610595 A319 404900 735200 120 30 999 NONE NONE 380
	FP_ROUTE KLGA..KRSW

TRACK_TIME 1167737286
TRACK A20110117610598 A320 453600 1223760 120 30 999 NONE NONE 330
	FP_ROUTE KPDX..KDEN

TRACK_TIME 1167737286
TRACK A20110117610601 B737 425560 875400 120 30 999 NONE NONE 410
	FP_ROUTE KMKE..KLGA

TRACK_TIME 1167737286
TRACK A20110117610602 BE20 333900 1175400 120 30 999 NONE NONE 17
	FP_ROUTE KSNA..KLGB

TRACK_TIME 1167737286
TRACK A20110117610603 BE20 334900 1181060 120 30 999 NONE NONE 50
	FP_ROUTE KLGB..KSNA

TRACK_TIME 1167737286
TRACK A20110117610604 C750 264360 795700 120 30 999 NONE NONE 410
	FP_ROUTE KPBI..KHPN

TRACK_TIME 1167737286
TRACK A20110117610606 B712 333900 842260 120 30 999 NONE NONE 310
	FP_ROUTE KATL..KCMH

TRACK_TIME 1167737286
TRACK A20110117610608 B737 335560 1182700 120 30 999 NONE NONE 410
	FP_ROUTE KLAX..KTUS

TRACK_TIME 1167737286
TRACK A20110117610610 MD83 415800 875700 120 30 999 NONE NONE 360
	FP_ROUTE KORD..KMSY

TRACK_TIME 1167737286
TRACK A20110117610612 B737 320600 1105560 120 30 999 NONE NONE 370
	FP_ROUTE KTUS..KMDW

TRACK_TIME 1167737286
TRACK A20110117610613 B738 325200 970300 120 30 999 NONE NONE 360
	FP_ROUTE KDFW..KLAX

TRACK_TIME 1167737286
TRACK A20110117610615 E135 415560 875860 120 30 999 NONE NONE 330
	FP_ROUTE KORD..KCHA

TRACK_TIME 1167737286
TRACK A20110117610617 MD83 293100 982700 120 30 999 NONE NONE 110
	FP_ROUTE KSAT..KDFW

TRACK_TIME 1167737286
TRACK A20110117610619 CRJ2 415700 875500 120 30 999 NONE NONE 200
	FP_ROUTE KORD..KCID

TRACK_TIME 1167737286
TRACK A20110117610620 E120 404800 1120000 120 30 999 NONE NONE 180
	FP_ROUTE KSLC..KSUN

TRACK_TIME 1167737286
TRACK A20110117610624 B738 320600 1105500 120 30 999 NONE NONE 350
	FP_ROUTE KTUS..KATL

TRACK_TIME 1167737286
TRACK A20110117610625 CRJ2 395200 1044800 120 30 999 NONE NONE 340
	FP_ROUTE KDEN..KGTF

TRACK_TIME 1167737286
TRACK A20110117610626 CRJ2 473000 1112100 120 30 999 NONE NONE 350
	FP_ROUTE KGTF..KDEN

TRACK_TIME 1167737286
TRACK A20110117610627 E170 404360 734960 120 30 999 NONE NONE 340
	FP_ROUTE KLGA..KIND

TRACK_TIME 1167737286
TRACK A20110117610629 CRJ2 333760 842400 120 30 999 NONE NONE 210
	FP_ROUTE KATL..KCAE

TRACK_TIME 1167737286
TRACK A20110117610630 CRJ2 335500 810460 120 30 999 NONE NONE 220
	FP_ROUTE KCAE..KATL

TRACK_TIME 1167737286
TRACK A20110117610632 B738 254800 801600 120 30 999 NONE NONE 370
	FP_ROUTE KMIA..KPHL

TRACK_TIME 1167737286
TRACK A20110117610635 B733 332560 1115700 120 30 999 NONE NONE 330
	FP_ROUTE KPHX..KABQ

TRACK_TIME 1167737286
TRACK A20110117610636 B733 350300 1063460 120 30 999 NONE NONE 330
	FP_ROUTE KABQ..KDAL

TRACK_TIME 1167737286
TRACK A20110117610637 B737 324960 965100 120 30 999 NONE NONE 380
	FP_ROUTE KDAL..KMAF

TRACK_TIME 1167737286
TRACK A20110117610647 E120 453600 1223700 120 30 999 NONE NONE 168
	FP_ROUTE KPDX..KRDM

TRACK_TIME 1167737286
TRACK A20110117610650 CRJ2 412400 815260 120 30 999 NONE NONE 330
	FP_ROUTE KCLE..KJFK

TRACK_TIME 1167737286
TRACK A20110117610651 B752 215860 1591900 120 30 999 NONE NONE 370
	FP_ROUTE KLIH..KLAX

TRACK_TIME 1167737286
TRACK A20110117610652 B752 335560 1182700 120 30 999 NONE NONE 350
	FP_ROUTE KLAX..KORD

TRACK_TIME 1167737286
TRACK A20110117610658 C550 302560 882560 120 30 999 NONE NONE 19
	FP_ROUTE KPQL..KBFM

TRACK_TIME 1167737286
TRACK A20110117610661 B733 282500 811800 120 30 999 NONE NONE 340
	FP_ROUTE KMCO..KJAN

TRACK_TIME 1167737286
TRACK A20110117610663 B733 321600 900300 120 30 999 NONE NONE 350
	FP_ROUTE KJAN..KMDW

TRACK_TIME 1167737286
TRACK A20110117610664 B738 472560 1221800 120 30 999 NONE NONE 330
	FP_ROUTE KSEA..KMCO

TRACK_TIME 1167737286
TRACK A20110117610670 B737 384360 901800 120 30 999 NONE NONE 330
	FP_ROUTE KSTL..KBNA

TRACK_TIME 1167737286
TRACK A20110117610673 B733 280000 823300 120 30 999 NONE NONE 340
	FP_ROUTE KTPA..KHOU

TRACK_TIME 1167737286
TRACK A20110117610674 B733 293900 951800 120 30 999 NONE NONE 360
	FP_ROUTE KHOU..KELP

TRACK_TIME 1167737286
TRACK A20110117610683 B737 360600 864000 120 30 999 NONE NONE 330
	FP_ROUTE KBNA..KRDU

TRACK_TIME 1167737286
TRACK A20110117610690 CRJ9 421200 832260 120 30 999 NONE NONE 340
	FP_ROUTE KDTW..KSTL

TRACK_TIME 1167737286
TRACK A20110117610691 CRJ2 395260 751300 120 30 999 NONE NONE 300
	FP_ROUTE KPHL..KILM

TRACK_TIME 1167737286
TRACK A20110117610704 B738 404500 1115860 120 30 999 NONE NONE 350
	FP_ROUTE KSLC..KEWR

TRACK_TIME 1167737286
TRACK A20110117610713 B737 333900 1175260 120 30 999 NONE NONE 380
	FP_ROUTE KSNA..KOAK

TRACK_TIME 1167737286
TRACK A20110117610716 A320 415800 874960 120 30 999 NONE NONE 370
	FP_ROUTE KORD..KMCO

TRACK_TIME 1167737286
TRACK A20110117610722 E190 263000 814960 120 30 999 NONE NONE 310
	FP_ROUTE KRSW..KJFK

TRACK_TIME 1167737286
TRACK A20110117610728 MD83 391500 944300 120 30 999 NONE NONE 330
	FP_ROUTE KMCI..KORD

TRACK_TIME 1167737286
TRACK A20110117610730 B737 332560 1115860 120 30 999 NONE NONE 380
	FP_ROUTE KPHX..KSMF

TRACK_TIME 1167737286
TRACK A20110117610732 A320 415860 875200 120 30 999 NONE NONE 390
	FP_ROUTE KORD..KEWR

TRACK_TIME 1167737286
TRACK A20110117610740 B753 421060 832400 120 30 999 NONE NONE 340
	FP_ROUTE KDTW..KMSP

TRACK_TIME 1167737286
TRACK A20110117610759 B737 414500 874660 120 30 999 NONE NONE 390
	FP_ROUTE KMDW..KPHX

TRACK_TIME 1167737286
TRACK A20110117610760 B737 332560 1120160 120 30 999 NONE NONE 320
	FP_ROUTE KPHX..KBUR

TRACK_TIME 1167737286
TRACK A20110117610761 B737 341000 1182200 120 30 999 NONE NONE 320
	FP_ROUTE KBUR..KOAK

TRACK_TIME 1167737286
TRACK A20110117610762 A320 394300 861600 120 30 999 NONE NONE 360
	FP_ROUTE KIND..KMSP

TRACK_TIME 1167737286
TRACK A20110117610763 A320 444960 931360 120 30 999 NONE NONE 360
	FP_ROUTE KMSP..KLAX

TRACK_TIME 1167737286
TRACK A20110117610767 B737 374300 1221360 120 30 999 NONE NONE 330
	FP_ROUTE KOAK..KLAS

TRACK_TIME 1167737286
TRACK A20110117610768 B752 264200 800000 120 30 999 NONE NONE 370
	FP_ROUTE KPBI..KATL

TRACK_TIME 1167737286
TRACK A20110117610771 E145 333700 842400 120 30 999 NONE NONE 320
	FP_ROUTE KATL..KMIA

TRACK_TIME 1167737286
TRACK A20110117610774 E145 415800 875700 120 30 999 NONE NONE 160
	FP_ROUTE KORD..KCID

TRACK_TIME 1167737286
TRACK A20110117610786 DH8A 210000 1564300 120 30 999 NONE NONE 80
	FP_ROUTE KJHM..KHNL

TRACK_TIME 1167737286
TRACK A20110117610794 B738 360700 1150900 120 30 999 NONE NONE 370
	FP_ROUTE KLAS..KIAH

TRACK_TIME 1167737286
TRACK A20110117610798 SF34 310300 974960 120 30 999 NONE NONE 110
	FP_ROUTE KGRK..KIAH

TRACK_TIME 1167737286
TRACK A20110117610803 B737 390900 763900 120 30 999 NONE NONE 290
	FP_ROUTE KBWI..KALB

TRACK_TIME 1167737286
TRACK A20110117610806 A320 360600 1150900 120 30 999 NONE NONE 330
	FP_ROUTE KLAS..KDEN

TRACK_TIME 1167737286
TRACK A20110117610807 B734 582100 1344060 120 30 999 NONE NONE 350
	FP_ROUTE KJNU..KSEA

TRACK_TIME 1167737286
TRACK A20110117610814 B744 404000 734500 120 30 999 NONE NONE 340
	FP_ROUTE KJFK..KANC

TRACK_TIME 1167737286
TRACK A20110117610816 MD83 372260 1215700 120 30 999 NONE NONE 310
	FP_ROUTE KSJC..KDFW

TRACK_TIME 1167737286
TRACK A20110117610819 B733 314900 1062200 120 30 999 NONE NONE 330
	FP_ROUTE KELP..KHOU

TRACK_TIME 1167737286
TRACK A20110117610821 AT72 262800 813760 120 30 999 NONE NONE 80
	FP_ROUTE KRSW..KMIA

TRACK_TIME 1167737286
TRACK A20110117610822 E145 412400 815260 120 30 999 NONE NONE 70
	FP_ROUTE KCLE..KORD

TRACK_TIME 1167737286
TRACK A20110117610823 A320 303000 814000 120 30 999 NONE NONE 370
	FP_ROUTE KJAX..KJFK

TRACK_TIME 1167737286
TRACK A20110117610824 B733 293900 951800 120 30 999 NONE NONE 350
	FP_ROUTE KHOU..KBNA

TRACK_TIME 1167737286
TRACK A20110117610825 B733 360600 864000 120 30 999 NONE NONE 350
	FP_ROUTE KBNA..KRDU

TRACK_TIME 1167737286
TRACK A20110117610826 C550 405560 722100 120 30 999 NONE NONE 41
	FP_ROUTE KHTO..KLGA

TRACK_TIME 1167737286
TRACK A20110117610827 C550 404360 734960 120 30 999 NONE NONE 130
	FP_ROUTE KLGA..KOWD

TRACK_TIME 1167737286
TRACK A20110117610830 LJ35 392860 1185860 120 30 999 NONE NONE 320
	FP_ROUTE KFLX..KLMT

TRACK_TIME 1167737286
TRACK A20110117610834 B733 332560 1120000 120 30 999 NONE NONE 370
	FP_ROUTE KPHX..KELP

TRACK_TIME 1167737286
TRACK A20110117610835 B737 355260 784660 120 30 999 NONE NONE 230
	FP_ROUTE KRDU..KBWI

TRACK_TIME 1167737286
TRACK A20110117610836 MD83 325200 970300 120 30 999 NONE NONE 280
	FP_ROUTE KDFW..KDEN

TRACK_TIME 1167737286
TRACK A20110117610837 MD82 415400 875400 120 30 999 NONE NONE 350
	FP_ROUTE KORD..KPBI

TRACK_TIME 1167737286
TRACK A20110117610839 B738 404000 734500 120 30 999 NONE NONE 360
	FP_ROUTE KJFK..KSEA

TRACK_TIME 1167737286
TRACK A20110117610843 MD83 483760 1223460 120 30 999 NONE NONE 330
	FP_ROUTE KBLI..KLAX

TRACK_TIME 1167737286
TRACK A20110117610844 LJ45 410600 734800 120 30 999 NONE NONE 450
	FP_ROUTE KHPN..KOMA

TRACK_TIME 1167737286
TRACK A20110117610845 LJ35 420900 1214600 120 30 999 NONE NONE 310
	FP_ROUTE KLMT..KFLX

TRACK_TIME 1167737286
TRACK A20110117610846 B733 391060 764300 120 30 999 NONE NONE 360
	FP_ROUTE KBWI..KBNA

TRACK_TIME 1167737286
TRACK A20110117610855 C560 335500 841800 120 30 999 NONE NONE 190
	FP_ROUTE KPDK..KMGR

TRACK_TIME 1167737286
TRACK A20110117610856 C560 310600 834800 120 30 999 NONE NONE 170
	FP_ROUTE KMGR..KPDK

TRACK_TIME 1167737286
TRACK A20110117610859 B735 332560 1120160 120 30 999 NONE NONE 300
	FP_ROUTE KPHX..KONT

TRACK_TIME 1167737286
TRACK A20110117610860 B735 340300 1173760 120 30 999 NONE NONE 360
	FP_ROUTE KONT..KOAK

TRACK_TIME 1167737286
TRACK A20110117610861 B732 620600 1631000 120 30 999 NONE NONE 370
	FP_ROUTE KKSM..KANC

TRACK_TIME 1167737286
TRACK A20110117610878 B738 372260 1215700 120 30 999 NONE NONE 320
	FP_ROUTE KSJC..KSEA

TRACK_TIME 1167737286
TRACK A20110117610880 E135 403900 734500 120 30 999 NONE NONE 280
	FP_ROUTE KJFK..KRDU

TRACK_TIME 1167737286
TRACK A20110117610881 FA50 284900 814800 120 30 999 NONE NONE 140
	FP_ROUTE KLEE..KPBI

TRACK_TIME 1167737286
TRACK A20110117610883 FA50 263700 800600 120 30 999 NONE NONE 110
	FP_ROUTE KPBI..KLEE

TRACK_TIME 1167737286
TRACK A20110117610888 E145 324960 964960 120 30 999 NONE NONE 190
	FP_ROUTE KDAL..KIAH

TRACK_TIME 1167737286
TRACK A20110117610891 A320 394900 1044000 120 30 999 NONE NONE 380
	FP_ROUTE KDEN..KLAS

TRACK_TIME 1167737286
TRACK A20110117610898 B737 414800 874900 120 30 999 NONE NONE 380
	FP_ROUTE KMDW..KSJC

TRACK_TIME 1167737286
TRACK A20110117610902 B737 425560 712560 120 30 999 NONE NONE 340
	FP_ROUTE KMHT..KBWI

TRACK_TIME 1167737286
TRACK A20110117610903 B737 414500 712500 120 30 999 NONE NONE 380
	FP_ROUTE KPVD..KPHX

TRACK_TIME 1167737286
TRACK A20110117610904 B737 390760 764000 120 30 999 NONE NONE 360
	FP_ROUTE KBWI..KPHX

TRACK_TIME 1167737286
TRACK A20110117610906 A320 410600 734800 120 30 999 NONE NONE 380
	FP_ROUTE KHPN..KMCO

TRACK_TIME 1167737286
TRACK A20110117610907 DH8D 472560 1221900 120 30 999 NONE NONE 170
	FP_ROUTE KSEA..KBOI

TRACK_TIME 1167737286
TRACK A20110117610910 B712 404600 734960 120 30 999 NONE NONE 340
	FP_ROUTE KLGA..KMKE

TRACK_TIME 1167737286
TRACK A20110117610912 CRJ9 334000 841960 120 30 999 NONE NONE 390
	FP_ROUTE KATL..KROC

TRACK_TIME 1167737286
TRACK A20110117610915 SF34 541500 1660700 120 30 999 NONE NONE 210
	FP_ROUTE KDUT..KANC

TRACK_TIME 1167737286
TRACK A20110117610918 CRJ9 430600 774200 120 30 999 NONE NONE 380
	FP_ROUTE KROC..KATL

TRACK_TIME 1167737286
TRACK A20110117610919 A320 404300 740900 120 30 999 NONE NONE 360
	FP_ROUTE KEWR..KFLL

TRACK_TIME 1167737286
TRACK A20110117610921 C560 261200 801000 120 30 999 NONE NONE 20
	FP_ROUTE KFXE..KBCT

TRACK_TIME 1167737286
TRACK A20110117610927 B734 395260 750900 120 30 999 NONE NONE 340
	FP_ROUTE KPHL..KPBI

TRACK_TIME 1167737286
TRACK A20110117610929 B752 303000 814000 120 30 999 NONE NONE 270
	FP_ROUTE KJAX..KATL

TRACK_TIME 1167737286
TRACK A20110117610934 A319 404900 735200 120 30 999 NONE NONE 380
	FP_ROUTE KLGA..KCLT

TRACK_TIME 1167737286
TRACK A20110117610940 MD83 415700 875860 120 30 999 NONE NONE 320
	FP_ROUTE KORD..KDFW

TRACK_TIME 1167737286
TRACK A20110117610943 B752 333760 842260 120 30 999 NONE NONE 250
	FP_ROUTE KATL..KMCO

TRACK_TIME 1167737286
TRACK A20110117610963 B737 414360 712500 120 30 999 NONE NONE 380
	FP_ROUTE KPVD..KFLL

TRACK_TIME 1167737286
TRACK A20110117610964 B737 260460 800760 120 30 999 NONE NONE 110
	FP_ROUTE KFLL..KTPA

TRACK_TIME 1167737286
TRACK A20110117610966 B712 194300 1550000 120 30 999 NONE NONE 107
	FP_ROUTE KITO..KHNL

TRACK_TIME 1167737286
TRACK A20110117610967 DH8D 461600 1191000 120 30 999 NONE NONE 200
	FP_ROUTE KPSC..KSEA

TRACK_TIME 1167737286
TRACK A20110117610973 A320 421200 832200 120 30 999 NONE NONE 350
	FP_ROUTE KDTW..KMCO

TRACK_TIME 1167737286
TRACK A20110117610974 B752 333760 842260 120 30 999 NONE NONE 370
	FP_ROUTE KATL..KBOS

TRACK_TIME 1167737286
TRACK A20110117610975 B733 415700 724200 120 30 999 NONE NONE 300
	FP_ROUTE KBDL..KBWI

TRACK_TIME 1167737286
TRACK A20110117610976 A319 385260 772860 120 30 999 NONE NONE 380
	FP_ROUTE KIAD..KORD

TRACK_TIME 1167737286
TRACK A20110117610979 E170 404360 740760 120 30 999 NONE NONE 220
	FP_ROUTE KEWR..KPIT

TRACK_TIME 1167737286
TRACK A20110117610981 LJ35 472860 1221600 120 30 999 NONE NONE 190
	FP_ROUTE KBFI..KYKM

TRACK_TIME 1167737286
TRACK A20110117610982 LJ35 463460 1203460 120 30 999 NONE NONE 200
	FP_ROUTE KYKM..KBFI

TRACK_TIME 1167737286
TRACK A20110117610983 F900 380160 1081660 120 30 999 NONE NONE 410
	FP_ROUTE KTEX..KPNE

TRACK_TIME 1167737286
TRACK A20110117610985 E170 402860 801500 120 30 999 NONE NONE 100
	FP_ROUTE KPIT..KLGA

TRACK_TIME 1167737286
TRACK A20110117610986 B737 425700 784300 120 30 999 NONE NONE 250
	FP_ROUTE KBUF..KBWI

TRACK_TIME 1167737286
TRACK A20110117610989 B752 333760 842200 120 30 999 NONE NONE 390
	FP_ROUTE KATL..KPBI

TRACK_TIME 1167737286
TRACK A20110117610991 B737 341000 1182200 120 30 999 NONE NONE 380
	FP_ROUTE KBUR..KOAK

TRACK_TIME 1167737286
TRACK A20110117610992 B737 374360 1221500 120 30 999 NONE NONE 400
	FP_ROUTE KOAK..KGEG

TRACK_TIME 1167737286
TRACK A20110117610993 B737 473700 1173300 120 30 999 NONE NONE 400
	FP_ROUTE KGEG..KPDX

TRACK_TIME 1167737286
TRACK A20110117610995 CRJ2 420000 874960 120 30 999 NONE NONE 240
	FP_ROUTE KORD..KCVG

TRACK_TIME 1167737286
TRACK A20110117610996 A321 282560 811800 120 30 999 NONE NONE 290
	FP_ROUTE KMCO..KCLT

TRACK_TIME 1167737286
TRACK A20110117610998 CRJ2 390300 844060 120 30 999 NONE NONE 220
	FP_ROUTE KCVG..KORD

TRACK_TIME 1167737286
TRACK A20110117611003 B737 324500 1171360 120 30 999 NONE NONE 400
	FP_ROUTE KSAN..KSFO

TRACK_TIME 1167737286
TRACK A20110117611006 A319 422260 710100 120 30 999 NONE NONE 380
	FP_ROUTE KBOS..KMKE

TRACK_TIME 1167737286
TRACK A20110117611009 E170 395560 1044000 120 30 999 NONE NONE 350
	FP_ROUTE KDEN..KMSP

TRACK_TIME 1167737286
TRACK A20110117611010 E170 444960 931360 120 30 999 NONE NONE 360
	FP_ROUTE KMSP..KDEN

TRACK_TIME 1167737286
TRACK A20110117611012 A319 385260 770400 120 30 999 NONE NONE 360
	FP_ROUTE KDCA..KMSP

TRACK_TIME 1167737286
TRACK A20110117611020 CRJ2 333760 842200 120 30 999 NONE NONE 157
	FP_ROUTE KATL..KGSP

TRACK_TIME 1167737286
TRACK A20110117611021 DH8D 453460 1223700 120 30 999 NONE NONE 150
	FP_ROUTE KPDX..KEUG

TRACK_TIME 1167737286
TRACK A20110117611022 MD83 453600 1223700 120 30 999 NONE NONE 330
	FP_ROUTE KPDX..KDFW

TRACK_TIME 1167737286
TRACK A20110117611026 B753 444960 930700 120 30 999 NONE NONE 350
	FP_ROUTE KMSP..KMCO

TRACK_TIME 1167737286
TRACK A20110117611028 B752 472500 1221900 120 30 999 NONE NONE 370
	FP_ROUTE KSEA..KORD

TRACK_TIME 1167737286
TRACK A20110117611030 A320 403900 734060 120 30 999 NONE NONE 380
	FP_ROUTE KJFK..KPBI

TRACK_TIME 1167737286
TRACK A20110117611031 LJ45 383900 903300 120 30 999 NONE NONE 430
	FP_ROUTE KSUS..KSLC

TRACK_TIME 1167737286
TRACK A20110117611034 CL60 373400 771900 120 30 999 NONE NONE 80
	FP_ROUTE KRIC..KRIC

TRACK_TIME 1167737286
TRACK A20110117611036 LJ45 404900 1115860 120 30 999 NONE NONE 430
	FP_ROUTE KSLC..KVNY

TRACK_TIME 1167737286
TRACK A20110117611038 E145 404900 735100 120 30 999 NONE NONE 270
	FP_ROUTE KLGA..KBGR

TRACK_TIME 1167737286
TRACK A20110117611039 A319 415700 875800 120 30 999 NONE NONE 370
	FP_ROUTE KORD..KJAX

TRACK_TIME 1167737286
TRACK A20110117611046 B737 422200 705700 120 30 999 NONE NONE 400
	FP_ROUTE KBOS..KRSW

TRACK_TIME 1167737286
TRACK A20110117611051 B738 324500 1171500 120 30 999 NONE NONE 350
	FP_ROUTE KSAN..KDTW

TRACK_TIME 1167737286
TRACK A20110117611054 C560 254800 801900 120 30 999 NONE NONE 410
	FP_ROUTE KMIA..KTEB

TRACK_TIME 1167737286
TRACK A20110117611056 CRJ2 320600 1105560 120 30 999 NONE NONE 160
	FP_ROUTE KTUS..KPHX

TRACK_TIME 1167737286
TRACK A20110117611057 A319 433300 1161060 120 30 999 NONE NONE 330
	FP_ROUTE KBOI..KDEN

TRACK_TIME 1167737286
TRACK A20110117611059 E145 355100 835700 120 30 999 NONE NONE 270
	FP_ROUTE KTYS..KDTW

TRACK_TIME 1167737286
TRACK A20110117611060 E145 421060 832100 120 30 999 NONE NONE 310
	FP_ROUTE KDTW..KBTV

TRACK_TIME 1167737286
TRACK A20110117611063 C750 404800 1115800 120 30 999 NONE NONE 410
	FP_ROUTE KSLC..KHPN

TRACK_TIME 1167737286
TRACK A20110117611067 E170 395260 751360 120 30 999 NONE NONE 50
	FP_ROUTE KPHL..KPVD

TRACK_TIME 1167737286
TRACK A20110117611068 A321 351360 805700 120 30 999 NONE NONE 300
	FP_ROUTE KCLT..KTPA

TRACK_TIME 1167737286
TRACK A20110117611069 DH8D 441600 1210700 120 30 999 NONE NONE 220
	FP_ROUTE KRDM..KSEA

TRACK_TIME 1167737286
TRACK A20110117611073 B733 374360 1221600 120 30 999 NONE NONE 350
	FP_ROUTE KOAK..KLAX

TRACK_TIME 1167737286
TRACK A20110117611074 B733 335560 1182860 120 30 999 NONE NONE 350
	FP_ROUTE KLAX..KELP

TRACK_TIME 1167737286
TRACK A20110117611077 CRJ2 350160 895860 120 30 999 NONE NONE 290
	FP_ROUTE KMEM..KCVG

TRACK_TIME 1167737286
TRACK A20110117611081 CRJ2 333760 842260 120 30 999 NONE NONE 250
	FP_ROUTE KATL..KILM

TRACK_TIME 1167737286
TRACK A20110117611082 CRJ2 341800 775100 120 30 999 NONE NONE 260
	FP_ROUTE KILM..KATL

TRACK_TIME 1167737286
TRACK A20110117611083 E170 390100 773300 120 30 999 NONE NONE 360
	FP_ROUTE KIAD..KMSP

TRACK_TIME 1167737286
TRACK A20110117611087 C750 330700 1172100 120 30 999 NONE NONE 410
	FP_ROUTE KCRQ..KRAP

TRACK_TIME 1167737286
TRACK A20110117611089 C750 440300 1030400 120 30 999 NONE NONE 400
	FP_ROUTE KRAP..KSLC

TRACK_TIME 1167737286
TRACK A20110117611090 A319 385700 773000 120 30 999 NONE NONE 100
	FP_ROUTE KIAD..KPHL

TRACK_TIME 1167737286
TRACK A20110117611094 B763 335560 1182700 120 30 999 NONE NONE 300
	FP_ROUTE KLAX..KOGG

TRACK_TIME 1167737286
TRACK A20110117611095 AT72 243600 814360 120 30 999 NONE NONE 50
	FP_ROUTE KEYW..KMIA

TRACK_TIME 1167737286
TRACK A20110117611101 B752 303000 814300 120 30 999 NONE NONE 270
	FP_ROUTE KJAX..KATL

TRACK_TIME 1167737286
TRACK A20110117611102 B752 333760 842200 120 30 999 NONE NONE 250
	FP_ROUTE KATL..KDCA

TRACK_TIME 1167737286
TRACK A20110117611107 E145 321660 900400 120 30 999 NONE NONE 240
	FP_ROUTE KJAN..KIAH

TRACK_TIME 1167737286
TRACK A20110117611110 B753 295560 951900 120 30 999 NONE NONE 390
	FP_ROUTE KIAH..KMCO

TRACK_TIME 1167737286
TRACK A20110117611117 B734 472560 1221800 120 30 999 NONE NONE 330
	FP_ROUTE KSEA..KLAX

TRACK_TIME 1167737286
TRACK A20110117611119 B738 472560 1221800 120 30 999 NONE NONE 370
	FP_ROUTE KSEA..KMEM

TRACK_TIME 1167737286
TRACK A20110117611122 B752 254800 801600 120 30 999 NONE NONE 110
	FP_ROUTE KMIA..KMCO

TRACK_TIME 1167737286
TRACK A20110117611123 SF34 625500 1553100 120 30 999 NONE NONE 190
	FP_ROUTE KMCG..KANC

TRACK_TIME 1167737286
TRACK A20110117611130 MD83 325260 970300 120 30 999 NONE NONE 280
	FP_ROUTE KDFW..KSAT

TRACK_TIME 1167737286
TRACK A20110117611132 E145 404500 740700 120 30 999 NONE NONE 130
	FP_ROUTE KEWR..KPVD

TRACK_TIME 1167737286
TRACK A20110117611135 A320 324360 1171360 120 30 999 NONE NONE 350
	FP_ROUTE KSAN..KORD

TRACK_TIME 1167737286
TRACK A20110117611136 A320 360600 1150900 120 30 999 NONE NONE 290
	FP_ROUTE KLAS..KPHL

TRACK_TIME 1167737286
TRACK A20110117611137 B737 404960 735260 120 30 999 NONE NONE 380
	FP_ROUTE KLGA..KIAH

TRACK_TIME 1167737286
TRACK A20110117611140 CRJ2 421200 832260 120 30 999 NONE NONE 121
	FP_ROUTE KDTW..KMBS

TRACK_TIME 1167737286
TRACK A20110117611145 E145 322260 994060 120 30 999 NONE NONE 110
	FP_ROUTE KABI..KDFW

TRACK_TIME 1167737286
TRACK A20110117611146 B738 295700 952100 120 30 999 NONE NONE 250
	FP_ROUTE KIAH..KMSY

TRACK_TIME 1167737286
TRACK A20110117611150 BE9L 320460 1105500 120 30 999 NONE NONE 120
	FP_ROUTE KTUS..KSDL

TRACK_TIME 1167737286
TRACK A20110117611151 BE9L 333600 1115560 120 30 999 NONE NONE 200
	FP_ROUTE KSDL..KBUR

TRACK_TIME 1167737286
TRACK A20110117611152 A319 254800 801600 120 30 999 NONE NONE 390
	FP_ROUTE KMIA..KDCA

TRACK_TIME 1167737286
TRACK A20110117611155 E145 415860 875200 120 30 999 NONE NONE 330
	FP_ROUTE KORD..KROC

TRACK_TIME 1167737286
TRACK A20110117611157 E145 444960 931000 120 30 999 NONE NONE 129
	FP_ROUTE KMSP..KORD

TRACK_TIME 1167737286
TRACK A20110117611158 B739 295700 951960 120 30 999 NONE NONE 360
	FP_ROUTE KIAH..KSFO

TRACK_TIME 1167737286
TRACK A20110117611159 A320 385400 772700 120 30 999 NONE NONE 380
	FP_ROUTE KIAD..KSAN

TRACK_TIME 1167737286
TRACK A20110117611163 MD83 320400 1105260 120 30 999 NONE NONE 330
	FP_ROUTE KTUS..KDFW

TRACK_TIME 1167737286
TRACK A20110117611167 E145 325200 970160 120 30 999 NONE NONE 330
	FP_ROUTE KDFW..KCMH

TRACK_TIME 1167737286
TRACK A20110117611169 DH8D 472700 1221800 120 30 999 NONE NONE 150
	FP_ROUTE KSEA..KPDX

TRACK_TIME 1167737286
TRACK A20110117611179 E170 404600 735100 120 30 999 NONE NONE 220
	FP_ROUTE KLGA..KDCA

TRACK_TIME 1167737286
TRACK A20110117611182 E145 295700 952100 120 30 999 NONE NONE 330
	FP_ROUTE KIAH..KMEM

TRACK_TIME 1167737286
TRACK A20110117611188 CRJ2 395260 751200 120 30 999 NONE NONE 280
	FP_ROUTE KPHL..KLAN

TRACK_TIME 1167737286
TRACK A20110117611189 CRJ2 424800 843300 120 30 999 NONE NONE 200
	FP_ROUTE KLAN..KMKE

TRACK_TIME 1167737286
TRACK A20110117611191 B752 332560 1120300 120 30 999 NONE NONE 370
	FP_ROUTE KPHX..KEWR

TRACK_TIME 1167737286
TRACK A20110117611197 CRJ9 415700 875400 120 30 999 NONE NONE 320
	FP_ROUTE KORD..KMSP

TRACK_TIME 1167737286
TRACK A20110117611203 E145 355200 835800 120 30 999 NONE NONE 110
	FP_ROUTE KTYS..KORD

TRACK_TIME 1167737286
TRACK A20110117611206 B752 394960 1044600 120 30 999 NONE NONE 360
	FP_ROUTE KDEN..KSFO

TRACK_TIME 1167737286
TRACK A20110117611210 MD82 404960 735260 120 30 999 NONE NONE 360
	FP_ROUTE KLGA..KSTL

TRACK_TIME 1167737286
TRACK A20110117611211 CRJ1 421060 832200 120 30 999 NONE NONE 310
	FP_ROUTE KDTW..KGSO

TRACK_TIME 1167737286
TRACK A20110117611218 MD83 325260 970160 120 30 999 NONE NONE 330
	FP_ROUTE KDFW..KPHL

TRACK_TIME 1167737286
TRACK A20110117611220 A320 350100 895860 120 30 999 NONE NONE 360
	FP_ROUTE KMEM..KPHX

TRACK_TIME 1167737286
TRACK A20110117611226 B738 404360 740760 120 30 999 NONE NONE 380
	FP_ROUTE KEWR..KTPA

TRACK_TIME 1167737286
TRACK A20110117611230 A319 360760 864060 120 30 999 NONE NONE 290
	FP_ROUTE KBNA..KCLT

TRACK_TIME 1167737286
TRACK A20110117611231 E190 404800 735200 120 30 999 NONE NONE 210
	FP_ROUTE KLGA..KBOS

TRACK_TIME 1167737286
TRACK A20110117611233 A320 333760 842260 120 30 999 NONE NONE 350
	FP_ROUTE KATL..KBDL

TRACK_TIME 1167737286
TRACK A20110117611234 B737 391060 764300 120 30 999 NONE NONE 400
	FP_ROUTE KBWI..KDEN

TRACK_TIME 1167737286
TRACK A20110117611235 B737 394960 1044500 120 30 999 NONE NONE 380
	FP_ROUTE KDEN..KLAX

TRACK_TIME 1167737286
TRACK A20110117611236 B752 421200 832260 120 30 999 NONE NONE 390
	FP_ROUTE KDTW..KRSW

TRACK_TIME 1167737286
TRACK A20110117611240 B737 385560 773160 120 30 999 NONE NONE 380
	FP_ROUTE KIAD..KDEN

TRACK_TIME 1167737286
TRACK A20110117611241 CRJ2 333760 842100 120 30 999 NONE NONE 270
	FP_ROUTE KATL..KROA

TRACK_TIME 1167737286
TRACK A20110117611242 CRJ2 371800 795800 120 30 999 NONE NONE 260
	FP_ROUTE KROA..KATL

TRACK_TIME 1167737286
TRACK A20110117611250 MD82 325200 970160 120 30 999 NONE NONE 310
	FP_ROUTE KDFW..KRIC

TRACK_TIME 1167737286
TRACK A20110117611252 CRJ9 320600 1105560 120 30 999 NONE NONE 150
	FP_ROUTE KTUS..KPHX

TRACK_TIME 1167737286
TRACK A20110117611253 MD82 360700 1150900 120 30 999 NONE NONE 280
	FP_ROUTE KLAS..KLAX

TRACK_TIME 1167737286
TRACK A20110117611254 MD82 263700 814060 120 30 999 NONE NONE 320
	FP_ROUTE KRSW..KORD

TRACK_TIME 1167737286
TRACK A20110117611256 MD82 335560 1182560 120 30 999 NONE NONE 330
	FP_ROUTE KLAX..KAUS

TRACK_TIME 1167737286
TRACK A20110117611257 CRJ9 332560 1120300 120 30 999 NONE NONE 340
	FP_ROUTE KPHX..KFAT

TRACK_TIME 1167737286
TRACK A20110117611258 BE20 293760 951660 120 30 999 NONE NONE 220
	FP_ROUTE KHOU..K95TX

TRACK_TIME 1167737286
TRACK A20110117611259 BE20 281360 995700 120 30 999 NONE NONE 250
	FP_ROUTE KCZT..KHOU

TRACK_TIME 1167737286
TRACK A20110117611264 CRJ2 425700 784300 120 30 999 NONE NONE 110
	FP_ROUTE KBUF..KLGA

TRACK_TIME 1167737286
TRACK A20110117611266 B738 333900 1175260 120 30 999 NONE NONE 370
	FP_ROUTE KSNA..KDFW

TRACK_TIME 1167737286
TRACK A20110117611267 B738 325200 970160 120 30 999 NONE NONE 310
	FP_ROUTE KDFW..KMSY

TRACK_TIME 1167737286
TRACK A20110117611269 B752 421200 832200 120 30 999 NONE NONE 390
	FP_ROUTE KDTW..KFLL

TRACK_TIME 1167737286
TRACK A20110117611270 A320 385260 770400 120 30 999 NONE NONE 380
	FP_ROUTE KDCA..KORD

TRACK_TIME 1167737286
TRACK A20110117611273 B738 374000 1221960 120 30 999 NONE NONE 370
	FP_ROUTE KSFO..KIAH

TRACK_TIME 1167737286
TRACK A20110117611274 B737 472560 1221900 120 30 999 NONE NONE 390
	FP_ROUTE KSEA..KSJC

TRACK_TIME 1167737286
TRACK A20110117611275 A319 391600 945260 120 30 999 NONE NONE 380
	FP_ROUTE KMCI..KPHX

TRACK_TIME 1167737286
TRACK A20110117611276 CRJ2 365400 761060 120 30 999 NONE NONE 270
	FP_ROUTE KORF..KJFK

TRACK_TIME 1167737286
TRACK A20110117611284 E145 322560 934900 120 30 999 NONE NONE 170
	FP_ROUTE KSHV..KIAH

TRACK_TIME 1167737286
TRACK A20110117611285 B737 372260 1215700 120 30 999 NONE NONE 330
	FP_ROUTE KSJC..KLAS

TRACK_TIME 1167737286
TRACK A20110117611286 B763 335560 1182700 120 30 999 NONE NONE 350
	FP_ROUTE KLAX..KHNL

TRACK_TIME 1167737286
TRACK A20110117611287 A319 333900 1175260 120 30 999 NONE NONE 360
	FP_ROUTE KSNA..KSFO

TRACK_TIME 1167737286
TRACK A20110117611288 B752 373760 1222100 120 30 999 NONE NONE 370
	FP_ROUTE KSFO..KJFK

TRACK_TIME 1167737286
TRACK A20110117611290 B737 360700 1150900 120 30 999 NONE NONE 370
	FP_ROUTE KLAS..KBWI

TRACK_TIME 1167737286
TRACK A20110117611297 B738 472560 1221800 120 30 999 NONE NONE 350
	FP_ROUTE KSEA..KOGG

TRACK_TIME 1167737286
TRACK A20110117611303 MD82 411900 955500 120 30 999 NONE NONE 340
	FP_ROUTE KOMA..KDFW

TRACK_TIME 1167737286
TRACK A20110117611304 B738 263000 814900 120 30 999 NONE NONE 390
	FP_ROUTE KRSW..KCLE

TRACK_TIME 1167737286
TRACK A20110117611310 CRJ2 421200 832100 120 30 999 NONE NONE 60
	FP_ROUTE KDTW..KPHL

TRACK_TIME 1167737286
TRACK A20110117611312 A320 415560 875200 120 30 999 NONE NONE 250
	FP_ROUTE KORD..KCMH

TRACK_TIME 1167737286
TRACK A20110117611313 E135 272860 992700 120 30 999 NONE NONE 330
	FP_ROUTE KLRD..KDFW

TRACK_TIME 1167737286
TRACK A20110117611314 A319 394960 1044500 120 30 999 NONE NONE 360
	FP_ROUTE KDEN..KSAN

TRACK_TIME 1167737286
TRACK A20110117611323 CRJ9 325200 970160 120 30 999 NONE NONE 330
	FP_ROUTE KDFW..KCVG

TRACK_TIME 1167737286
TRACK A20110117611324 DH8D 484660 1223160 120 30 999 NONE NONE 120
	FP_ROUTE KBLI..KSEA

TRACK_TIME 1167737286
TRACK A20110117611325 A320 373760 1222100 120 30 999 NONE NONE 370
	FP_ROUTE KSFO..KSLC

TRACK_TIME 1167737286
TRACK A20110117611327 B738 335560 1182800 120 30 999 NONE NONE 350
	FP_ROUTE KLAX..KMSP

TRACK_TIME 1167737286
TRACK A20110117611328 A320 374060 1222200 120 30 999 NONE NONE 370
	FP_ROUTE KSFO..KLAX

TRACK_TIME 1167737286
TRACK A20110117611335 E145 304000 881360 120 30 999 NONE NONE 220
	FP_ROUTE KMOB..KIAH

TRACK_TIME 1167737286
TRACK A20110117611337 E120 431800 1141200 120 30 999 NONE NONE 111
	FP_ROUTE KSUN..KSLC

TRACK_TIME 1167737286
TRACK A20110117611339 B735 295700 952100 120 30 999 NONE NONE 220
	FP_ROUTE KIAH..KSAT

TRACK_TIME 1167737286
TRACK A20110117611342 B753 360700 1150900 120 30 999 NONE NONE 350
	FP_ROUTE KLAS..KCLE

TRACK_TIME 1167737286
TRACK A20110117611348 B772 373760 1222400 120 30 999 NONE NONE 390
	FP_ROUTE KSFO..KOGG

TRACK_TIME 1167737286
TRACK A20110117611350 A319 413160 933900 120 30 999 NONE NONE 380
	FP_ROUTE KDSM..KDEN

TRACK_TIME 1167737286
TRACK A20110117611354 A320 282100 811600 120 30 999 NONE NONE 350
	FP_ROUTE KMCO..KHPN

TRACK_TIME 1167737286
TRACK A20110117611355 E145 415860 875260 120 30 999 NONE NONE 330
	FP_ROUTE KORD..KABE

TRACK_TIME 1167737286
TRACK A20110117611356 E145 404360 752400 120 30 999 NONE NONE 360
	FP_ROUTE KABE..KORD

TRACK_TIME 1167737286
TRACK A20110117611362 F900 390460 842500 120 30 999 NONE NONE 410
	FP_ROUTE KLUK..KOCF

TRACK_TIME 1167737286
TRACK A20110117611363 F900 290900 821300 120 30 999 NONE NONE 380
	FP_ROUTE KOCF..KLUK

TRACK_TIME 1167737286
TRACK A20110117611366 AT72 343400 982500 120 30 999 NONE NONE 50
	FP_ROUTE KLAW..KDFW

TRACK_TIME 1167737286
TRACK A20110117611372 A320 415700 724000 120 30 999 NONE NONE 210
	FP_ROUTE KBDL..KIAD

TRACK_TIME 1167737286
TRACK A20110117611384 LJ45 420760 875100 120 30 999 NONE NONE 129
	FP_ROUTE KPWK..KFWA

TRACK_TIME 1167737286
TRACK A20110117611388 A319 300000 901500 120 30 999 NONE NONE 370
	FP_ROUTE KMSY..KLGA

TRACK_TIME 1167737286
TRACK A20110117611390 A320 390160 844000 120 30 999 NONE NONE 330
	FP_ROUTE KCVG..KATL

TRACK_TIME 1167737286
TRACK A20110117611391 E135 274660 973160 120 30 999 NONE NONE 110
	FP_ROUTE KCRP..KDFW

TRACK_TIME 1167737286
TRACK A20110117611392 CRJ2 420000 874960 120 30 999 NONE NONE 169
	FP_ROUTE KORD..KGRB

TRACK_TIME 1167737286
TRACK A20110117611406 B734 472500 1221900 120 30 999 NONE NONE 320
	FP_ROUTE KSEA..KKTN

TRACK_TIME 1167737286
TRACK A20110117611414 CRJ1 390300 844060 120 30 999 NONE NONE 220
	FP_ROUTE KCVG..KORD

TRACK_TIME 1167737286
TRACK A20110117611421 A320 333900 842400 120 30 999 NONE NONE 340
	FP_ROUTE KATL..KTUS

TRACK_TIME 1167737286
TRACK A20110117611425 B762 403760 735100 120 30 999 NONE NONE 380
	FP_ROUTE KJFK..KLAX

TRACK_TIME 1167737286
TRACK A20110117611428 CRJ9 320600 1105500 120 30 999 NONE NONE 160
	FP_ROUTE KTUS..KPHX

TRACK_TIME 1167737286
TRACK A20110117611431 A320 472560 1221900 120 30 999 NONE NONE 390
	FP_ROUTE KSEA..KPHX

TRACK_TIME 1167737286
TRACK A20110117611432 A320 403760 734960 120 30 999 NONE NONE 220
	FP_ROUTE KJFK..KROC

TRACK_TIME 1167737286
TRACK A20110117611438 B738 415860 875200 120 30 999 NONE NONE 370
	FP_ROUTE KORD..KBOS

TRACK_TIME 1167737286
TRACK A20110117611440 AT72 325260 970300 120 30 999 NONE NONE 100
	FP_ROUTE KDFW..KLAW

TRACK_TIME 1167737286
TRACK A20110117611441 A320 360700 1150900 120 30 999 NONE NONE 370
	FP_ROUTE KLAS..KCLT

TRACK_TIME 1167737286
TRACK A20110117611447 E135 402800 885800 120 30 999 NONE NONE 110
	FP_ROUTE KBMI..KORD

TRACK_TIME 1167737286
TRACK A20110117611448 E135 325260 970160 120 30 999 NONE NONE 350
	FP_ROUTE KDFW..KCMH

TRACK_TIME 1167737286
TRACK A20110117611449 B763 211660 1575400 120 30 999 NONE NONE 360
	FP_ROUTE KHNL..KSFO

TRACK_TIME 1167737286
TRACK A20110117611451 CRJ9 380900 854300 120 30 999 NONE NONE 330
	FP_ROUTE KSDF..KATL

TRACK_TIME 1167737286
TRACK A20110117611453 CRJ2 351360 805560 120 30 999 NONE NONE 210
	FP_ROUTE KCLT..KORF

TRACK_TIME 1167737286
TRACK A20110117611457 F900 333760 1115400 120 30 999 NONE NONE 390
	FP_ROUTE KSDL..KDPA

TRACK_TIME 1167737286
TRACK A20110117611458 F900 421060 833600 120 30 999 NONE NONE 110
	FP_ROUTE KYIP..KBKL

TRACK_TIME 1167737286
TRACK A20110117611459 F900 413160 814000 120 30 999 NONE NONE 31
	FP_ROUTE KBKL..KCAK

TRACK_TIME 1167737286
TRACK A20110117611462 B738 351500 805800 120 30 999 NONE NONE 220
	FP_ROUTE KCLT..KATL

TRACK_TIME 1167737286
TRACK A20110117611464 A321 395260 751200 120 30 999 NONE NONE 300
	FP_ROUTE KPHL..KLAX

TRACK_TIME 1167737286
TRACK A20110117611467 B738 453700 1223760 120 30 999 NONE NONE 350
	FP_ROUTE KPDX..KEWR

TRACK_TIME 1167737286
TRACK A20110117611471 A306 182700 655860 120 30 999 NONE NONE 380
	FP_ROUTE KSJU..KJAX

TRACK_TIME 1167737286
TRACK A20110117611472 CRJ9 364660 1194500 120 30 999 NONE NONE 310
	FP_ROUTE KFAT..KPHX

TRACK_TIME 1167737286
TRACK A20110117611473 CRJ1 390300 844200 120 30 999 NONE NONE 320
	FP_ROUTE KCVG..KOMA

TRACK_TIME 1167737286
TRACK A20110117611474 E145 325260 970160 120 30 999 NONE NONE 270
	FP_ROUTE KDFW..KJAN

TRACK_TIME 1167737286
TRACK A20110117611475 CRJ9 334000 842100 120 30 999 NONE NONE 340
	FP_ROUTE KATL..KTUL

TRACK_TIME 1167737286
TRACK A20110117611476 CRJ9 361060 955260 120 30 999 NONE NONE 350
	FP_ROUTE KTUL..KATL

TRACK_TIME 1167737286
TRACK A20110117611480 CRJ9 334000 841960 120 30 999 NONE NONE 60
	FP_ROUTE KATL..KSDF

TRACK_TIME 1167737286
TRACK A20110117611481 B712 395500 841060 120 30 999 NONE NONE 330
	FP_ROUTE KDAY..KBWI

TRACK_TIME 1167737286
TRACK A20110117611484 E170 385260 770300 120 30 999 NONE NONE 240
	FP_ROUTE KDCA..KCMH

TRACK_TIME 1167737286
TRACK A20110117611485 E145 365400 761060 120 30 999 NONE NONE 230
	FP_ROUTE KORF..KEWR

TRACK_TIME 1167737286
TRACK A20110117611486 B733 324900 964960 120 30 999 NONE NONE 350
	FP_ROUTE KDAL..KMSY

TRACK_TIME 1167737286
TRACK A20110117611487 B737 340300 1173700 120 30 999 NONE NONE 240
	FP_ROUTE KONT..KLAS

TRACK_TIME 1167737286
TRACK A20110117611488 B737 360760 1150460 120 30 999 NONE NONE 390
	FP_ROUTE KLAS..KDEN

TRACK_TIME 1167737286
TRACK A20110117611489 B712 293400 982500 120 30 999 NONE NONE 330
	FP_ROUTE KSAT..KATL

TRACK_TIME 1167737286
TRACK A20110117611492 B737 282500 811800 120 30 999 NONE NONE 310
	FP_ROUTE KMCO..KATL

TRACK_TIME 1167737286
TRACK A20110117611493 B737 333760 842400 120 30 999 NONE NONE 290
	FP_ROUTE KATL..KJAX

TRACK_TIME 1167737286
TRACK A20110117611496 B737 395500 1044000 120 30 999 NONE NONE 390
	FP_ROUTE KDEN..KTUL

TRACK_TIME 1167737286
TRACK A20110117611498 CL60 422800 711900 120 30 999 NONE NONE 380
	FP_ROUTE KBED..KSJC

TRACK_TIME 1167737286
TRACK A20110117611500 B712 282560 811800 120 30 999 NONE NONE 350
	FP_ROUTE KMCO..KCAK

TRACK_TIME 1167737286
TRACK A20110117611510 FA50 281800 812700 120 30 999 NONE NONE 350
	FP_ROUTE KISM..KERI

TRACK_TIME 1167737286
TRACK A20110117611511 FA50 415700 801500 120 30 999 NONE NONE 40
	FP_ROUTE KERI..KGKJ

TRACK_TIME 1167737286
TRACK A20110117611515 E170 391660 944600 120 30 999 NONE NONE 310
	FP_ROUTE KMCI..KMSP

TRACK_TIME 1167737286
TRACK A20110117611517 E170 415860 875100 120 30 999 NONE NONE 350
	FP_ROUTE KORD..KLGA

TRACK_TIME 1167737286
TRACK A20110117611521 B737 333900 842200 120 30 999 NONE NONE 380
	FP_ROUTE KATL..KDFW

TRACK_TIME 1167737286
TRACK A20110117611525 A320 404660 1115860 120 30 999 NONE NONE 330
	FP_ROUTE KSLC..KPHX

TRACK_TIME 1167737286
TRACK A20110117611526 B738 420000 874800 120 30 999 NONE NONE 370
	FP_ROUTE KORD..KBOS

TRACK_TIME 1167737286
TRACK A20110117611527 A320 453600 1223600 120 30 999 NONE NONE 370
	FP_ROUTE KPDX..KIAD

TRACK_TIME 1167737286
TRACK A20110117611542 E170 325200 970300 120 30 999 NONE NONE 350
	FP_ROUTE KDFW..KMSP

TRACK_TIME 1167737286
TRACK A20110117611543 CRJ2 425560 875400 120 30 999 NONE NONE 330
	FP_ROUTE KMKE..KPIT

TRACK_TIME 1167737286
TRACK A20110117611544 CRJ2 404960 1115860 120 30 999 NONE NONE 320
	FP_ROUTE KSLC..KGPI

TRACK_TIME 1167737286
TRACK A20110117611545 CRJ2 384060 1213460 120 30 999 NONE NONE 350
	FP_ROUTE KSMF..KSLC

TRACK_TIME 1167737286
TRACK A20110117611550 SF34 385700 773100 120 30 999 NONE NONE 110
	FP_ROUTE KIAD..KAOO

TRACK_TIME 1167737286
TRACK A20110117611551 SF34 401800 781900 120 30 999 NONE NONE 50
	FP_ROUTE KAOO..KJST

TRACK_TIME 1167737286
TRACK A20110117611552 SF34 401900 784960 120 30 999 NONE NONE 110
	FP_ROUTE KJST..KIAD

TRACK_TIME 1167737286
TRACK A20110117611558 CRJ2 445200 930760 120 30 999 NONE NONE 340
	FP_ROUTE KMSP..KRAP

TRACK_TIME 1167737286
TRACK A20110117611561 A320 360700 1151200 120 30 999 NONE NONE 340
	FP_ROUTE KLAS..KSFO

TRACK_TIME 1167737286
TRACK A20110117611568 B734 611660 1495700 120 30 999 NONE NONE 310
	FP_ROUTE KANC..KPDX

TRACK_TIME 1167737286
TRACK A20110117611572 B763 335500 1182860 120 30 999 NONE NONE 350
	FP_ROUTE KLAX..KIAD

TRACK_TIME 1167737286
TRACK A20110117611574 CRJ2 340400 1181200 120 30 999 NONE NONE 350
	FP_ROUTE KLAX..KCOS

TRACK_TIME 1167737286
TRACK A20110117611583 E135 404060 752500 120 30 999 NONE NONE 300
	FP_ROUTE KABE..KORD

TRACK_TIME 1167737286
TRACK A20110117611586 B737 385200 772560 120 30 999 NONE NONE 400
	FP_ROUTE KIAD..KIAH

TRACK_TIME 1167737286
TRACK A20110117611587 B733 340300 1173760 120 30 999 NONE NONE 329
	FP_ROUTE KONT..KPHX

TRACK_TIME 1167737286
TRACK A20110117611590 E145 325260 970160 120 30 999 NONE NONE 370
	FP_ROUTE KDFW..KSAV

TRACK_TIME 1167737286
TRACK A20110117611606 E135 335500 1183000 120 30 999 NONE NONE 350
	FP_ROUTE KLAX..KDEN

TRACK_TIME 1167737286
TRACK A20110117611607 B733 275800 823300 120 30 999 NONE NONE 350
	FP_ROUTE KTPA..KRDU

TRACK_TIME 1167737286
TRACK A20110117611608 B737 333700 1175260 120 30 999 NONE NONE 390
	FP_ROUTE KSNA..KDEN

TRACK_TIME 1167737286
TRACK A20110117611613 E135 345560 821200 120 30 999 NONE NONE 360
	FP_ROUTE KGSP..KDFW

TRACK_TIME 1167737286
TRACK A20110117611616 A320 383900 1213460 120 30 999 NONE NONE 350
	FP_ROUTE KSMF..KIAD

TRACK_TIME 1167737286
TRACK A20110117611624 E120 373760 1222200 120 30 999 NONE NONE 69
	FP_ROUTE KSFO..KMRY

TRACK_TIME 1167737286
TRACK A20110117611625 A319 395260 751060 120 30 999 NONE NONE 380
	FP_ROUTE KPHL..KMSY

TRACK_TIME 1167737286
TRACK A20110117611636 B737 391060 764300 120 30 999 NONE NONE 400
	FP_ROUTE KBWI..KMDW

TRACK_TIME 1167737286
TRACK A20110117611642 CRJ2 404500 734960 120 30 999 NONE NONE 280
	FP_ROUTE KLGA..KCMH

TRACK_TIME 1167737286
TRACK A20110117611644 CL60 335100 1163160 120 30 999 NONE NONE 80
	FP_ROUTE KPSP..KBUR

TRACK_TIME 1167737286
TRACK A20110117611645 B738 254660 801900 120 30 999 NONE NONE 360
	FP_ROUTE KMIA..KIAH

TRACK_TIME 1167737286
TRACK A20110117611653 E170 404360 734900 120 30 999 NONE NONE 260
	FP_ROUTE KLGA..KPIT

TRACK_TIME 1167737286
TRACK A20110117611654 CL60 335800 1174000 120 30 999 NONE NONE 110
	FP_ROUTE KCNO..KPSP

TRACK_TIME 1167737286
TRACK A20110117611655 B735 420900 832200 120 30 999 NONE NONE 360
	FP_ROUTE KDTW..KIAH

TRACK_TIME 1167737286
TRACK A20110117611659 CL60 341060 1182100 120 30 999 NONE NONE 320
	FP_ROUTE KBUR..KTRK

TRACK_TIME 1167737286
TRACK A20110117611662 A320 334000 841960 120 30 999 NONE NONE 350
	FP_ROUTE KATL..KDTW

TRACK_TIME 1167737286
TRACK A20110117611668 E170 395200 1043600 120 30 999 NONE NONE 120
	FP_ROUTE KDEN..KCOS

TRACK_TIME 1167737286
TRACK A20110117611670 B735 295700 952100 120 30 999 NONE NONE 350
	FP_ROUTE KIAH..KDTW

TRACK_TIME 1167737286
TRACK A20110117611671 E145 325200 970160 120 30 999 NONE NONE 370
	FP_ROUTE KDFW..KMOB

TRACK_TIME 1167737286
TRACK A20110117611674 MU2 420300 904600 120 30 999 NONE NONE 80
	FP_ROUTE KOQW..KCID

TRACK_TIME 1167737286
TRACK A20110117611675 MU2 415200 914200 120 30 999 NONE NONE 200
	FP_ROUTE KCID..KMKC

TRACK_TIME 1167737286
TRACK A20110117611676 MU2 390000 943000 120 30 999 NONE NONE 190
	FP_ROUTE KMKC..KCID

TRACK_TIME 1167737286
TRACK A20110117611678 A321 351500 805560 120 30 999 NONE NONE 290
	FP_ROUTE KCLT..KLGA

TRACK_TIME 1167737286
TRACK A20110117611682 AT72 325260 970300 120 30 999 NONE NONE 40
	FP_ROUTE KDFW..KCLL

TRACK_TIME 1167737286
TRACK A20110117611684 E145 331900 1042260 120 30 999 NONE NONE 110
	FP_ROUTE KROW..KDFW

TRACK_TIME 1167737286
TRACK A20110117611692 C560 374960 1221960 120 30 999 NONE NONE 121
	FP_ROUTE KSDL..KAPC

TRACK_TIME 1167737286
TRACK A20110117611693 C560 333700 1115500 120 30 999 NONE NONE 380
	FP_ROUTE KSDL..KDVO

TRACK_TIME 1167737286
TRACK A20110117611702 B738 325200 970300 120 30 999 NONE NONE 360
	FP_ROUTE KDFW..KLAX

TRACK_TIME 1167737286
TRACK A20110117611708 CRJ2 384360 901600 120 30 999 NONE NONE 290
	FP_ROUTE KSTL..KMKE

TRACK_TIME 1167737286
TRACK A20110117611714 E190 355260 784660 120 30 999 NONE NONE 330
	FP_ROUTE KRDU..KJFK

TRACK_TIME 1167737286
TRACK A20110117611715 B733 472400 1221900 120 30 999 NONE NONE 350
	FP_ROUTE KSEA..KSLC

TRACK_TIME 1167737286
TRACK A20110117611716 B733 404900 1120000 120 30 999 NONE NONE 340
	FP_ROUTE KSLC..KLAX

TRACK_TIME 1167737286
TRACK A20110117611719 CRJ2 425560 875400 120 30 999 NONE NONE 290
	FP_ROUTE KMKE..KCAK

TRACK_TIME 1167737286
TRACK A20110117611720 CRJ2 445200 930900 120 30 999 NONE NONE 300
	FP_ROUTE KMSP..KBIS

TRACK_TIME 1167737286
TRACK A20110117611730 CRJ2 335560 1182560 120 30 999 NONE NONE 110
	FP_ROUTE KLAX..KSAN

TRACK_TIME 1167737286
TRACK A20110117611733 B752 373760 1222400 120 30 999 NONE NONE 390
	FP_ROUTE KSFO..KHNL

TRACK_TIME 1167737286
TRACK A20110117611739 CRJ2 481500 1141360 120 30 999 NONE NONE 330
	FP_ROUTE KGPI..KSLC

TRACK_TIME 1167737286
TRACK A20110117611744 A320 473600 1173300 120 30 999 NONE NONE 370
	FP_ROUTE KGEG..KSLC

TRACK_TIME 1167737286
TRACK A20110117611745 A320 404600 1115800 120 30 999 NONE NONE 350
	FP_ROUTE KSLC..KCVG

TRACK_TIME 1167737286
TRACK A20110117611748 CRJ2 351360 805700 120 30 999 NONE NONE 220
	FP_ROUTE KCLT..KCRW

TRACK_TIME 1167737286
TRACK A20110117611750 CRJ2 385800 773300 120 30 999 NONE NONE 190
	FP_ROUTE KIAD..KLGA

TRACK_TIME 1167737286
TRACK A20110117611752 C560 425400 784300 120 30 999 NONE NONE 160
	FP_ROUTE KBUF..KBKL

TRACK_TIME 1167737286
TRACK A20110117611753 B733 394660 1043760 120 30 999 NONE NONE 360
	FP_ROUTE KDEN..KPHX

TRACK_TIME 1167737286
TRACK A20110117611754 DH8D 472560 1221900 120 30 999 NONE NONE 150
	FP_ROUTE KSEA..KPDX

TRACK_TIME 1167737286
TRACK A20110117611758 BE20 433400 964600 120 30 999 NONE NONE 191
	FP_ROUTE KFSD..KSTP

TRACK_TIME 1167737286
TRACK A20110117611762 B733 472560 1221800 120 30 999 NONE NONE 350
	FP_ROUTE KSEA..KPHX

TRACK_TIME 1167737286
TRACK A20110117611763 B737 302260 885700 120 30 999 NONE NONE 410
	FP_ROUTE KBIX..KFLL

TRACK_TIME 1167737286
TRACK A20110117611765 B712 303000 814060 120 30 999 NONE NONE 270
	FP_ROUTE KJAX..KATL

TRACK_TIME 1167737286
TRACK A20110117611768 B712 425700 834500 120 30 999 NONE NONE 330
	FP_ROUTE KFNT..KMCO

TRACK_TIME 1167737286
TRACK A20110117611777 B753 300000 952200 120 30 999 NONE NONE 340
	FP_ROUTE KIAH..KDEN

TRACK_TIME 1167737286
TRACK A20110117611778 MU2 340760 840760 120 30 999 NONE NONE 100
	FP_ROUTE KLZU..KJWN

TRACK_TIME 1167737286
TRACK A20110117611779 B712 390760 764000 120 30 999 NONE NONE 340
	FP_ROUTE KBWI..KGRR

TRACK_TIME 1167737286
TRACK A20110117611780 C750 473600 1173300 120 30 999 NONE NONE 450
	FP_ROUTE KGEG..KBNA

TRACK_TIME 1167737286
TRACK A20110117611781 B712 333760 842200 120 30 999 NONE NONE 320
	FP_ROUTE KATL..KHOU

TRACK_TIME 1167737286
TRACK A20110117611791 A321 415700 875800 120 30 999 NONE NONE 50
	FP_ROUTE KORD..KCLT

TRACK_TIME 1167737286
TRACK A20110117611793 E170 415700 875800 120 30 999 NONE NONE 240
	FP_ROUTE KORD..KSDF

TRACK_TIME 1167737286
TRACK A20110117611796 A321 280000 823300 120 30 999 NONE NONE 350
	FP_ROUTE KTPA..KCLT

TRACK_TIME 1167737286
TRACK A20110117611798 B737 335700 1183000 120 30 999 NONE NONE 360
	FP_ROUTE KLAX..KOAK

TRACK_TIME 1167737286
TRACK A20110117611799 MD83 325200 970160 120 30 999 NONE NONE 350
	FP_ROUTE KDFW..KDCA

TRACK_TIME 1167737286
TRACK A20110117611800 A321 351360 805700 120 30 999 NONE NONE 320
	FP_ROUTE KCLT..KPHX

TRACK_TIME 1167737286
TRACK A20110117611803 A319 414360 712500 120 30 999 NONE NONE 380
	FP_ROUTE KPVD..KORD

TRACK_TIME 1167737286
TRACK A20110117611808 E145 404360 740700 120 30 999 NONE NONE 300
	FP_ROUTE KEWR..KCVG

TRACK_TIME 1167737286
TRACK A20110117611809 B738 260460 800760 120 30 999 NONE NONE 270
	FP_ROUTE KFLL..KEWR

TRACK_TIME 1167737286
TRACK A20110117611812 B733 275700 823300 120 30 999 NONE NONE 60
	FP_ROUTE KTPA..KFLL

TRACK_TIME 1167737286
TRACK A20110117611817 MD83 341000 1182200 120 30 999 NONE NONE 330
	FP_ROUTE KBUR..KDFW

TRACK_TIME 1167737286
TRACK A20110117611818 B733 260460 800760 120 30 999 NONE NONE 350
	FP_ROUTE KFLL..KBWI

TRACK_TIME 1167737286
TRACK A20110117611819 MD82 261000 981360 120 30 999 NONE NONE 230
	FP_ROUTE KMFE..KDFW

TRACK_TIME 1167737286
TRACK A20110117611820 MD82 325200 970160 120 30 999 NONE NONE 280
	FP_ROUTE KDFW..KDEN

TRACK_TIME 1167737286
TRACK A20110117611821 B733 390900 763900 120 30 999 NONE NONE 120
	FP_ROUTE KBWI..KDTW

TRACK_TIME 1167737286
TRACK A20110117611827 B738 333900 842100 120 30 999 NONE NONE 300
	FP_ROUTE KATL..KDFW

TRACK_TIME 1167737286
TRACK A20110117611831 B752 404200 741000 120 30 999 NONE NONE 400
	FP_ROUTE KEWR..KMIA

TRACK_TIME 1167737286
TRACK A20110117611832 B733 425500 875500 120 30 999 NONE NONE 370
	FP_ROUTE KMKE..KBWI

TRACK_TIME 1167737286
TRACK A20110117611833 B733 390900 763900 120 30 999 NONE NONE 230
	FP_ROUTE KBWI..KISP

TRACK_TIME 1167737286
TRACK A20110117611841 C750 372260 1215700 120 30 999 NONE NONE 450
	FP_ROUTE KSJC..KGWO

TRACK_TIME 1167737286
TRACK A20110117611843 B738 385800 773160 120 30 999 NONE NONE 320
	FP_ROUTE KIAD..KMIA

TRACK_TIME 1167737286
TRACK A20110117611851 B733 402860 801200 120 30 999 NONE NONE 230
	FP_ROUTE KPIT..KBWI

TRACK_TIME 1167737286
TRACK A20110117611852 B733 390900 763900 120 30 999 NONE NONE 190
	FP_ROUTE KBWI..KLGA

TRACK_TIME 1167737286
TRACK A20110117611854 A320 385500 773100 120 30 999 NONE NONE 360
	FP_ROUTE KIAD..KMCO

TRACK_TIME 1167737286
TRACK A20110117611855 A320 394960 1044360 120 30 999 NONE NONE 360
	FP_ROUTE KDEN..KLAX

TRACK_TIME 1167737286
TRACK A20110117611857 B733 395260 751300 120 30 999 NONE NONE 320
	FP_ROUTE KPHL..KMCO

TRACK_TIME 1167737286
TRACK A20110117611859 E145 391200 944360 120 30 999 NONE NONE 360
	FP_ROUTE KMCI..KIAH

TRACK_TIME 1167737286
TRACK A20110117611865 B737 374360 1221660 120 30 999 NONE NONE 400
	FP_ROUTE KOAK..KSEA

TRACK_TIME 1167737286
TRACK A20110117611866 B737 472560 1221900 120 30 999 NONE NONE 390
	FP_ROUTE KSEA..KLAS

TRACK_TIME 1167737286
TRACK A20110117611867 B737 360600 1150900 120 30 999 NONE NONE 260
	FP_ROUTE KLAS..KONT

TRACK_TIME 1167737286
TRACK A20110117611869 SF34 421300 832200 120 30 999 NONE NONE 200
	FP_ROUTE KDTW..KESC

TRACK_TIME 1167737286
TRACK A20110117611870 SF34 454500 870300 120 30 999 NONE NONE 60
	FP_ROUTE KESC..KIMT

TRACK_TIME 1167737286
TRACK A20110117611871 B737 282500 811800 120 30 999 NONE NONE 390
	FP_ROUTE KMCO..KMHT

TRACK_TIME 1167737286
TRACK A20110117611878 B733 360700 864000 120 30 999 NONE NONE 290
	FP_ROUTE KBNA..KPHL

TRACK_TIME 1167737286
TRACK A20110117611881 B737 374300 1221500 120 30 999 NONE NONE 250
	FP_ROUTE KOAK..KDEN

TRACK_TIME 1167737286
TRACK A20110117611883 B737 394900 1043760 120 30 999 NONE NONE 250
	FP_ROUTE KDEN..KMSY

TRACK_TIME 1167737286
TRACK A20110117611888 E170 391000 944200 120 30 999 NONE NONE 350
	FP_ROUTE KMCI..KMKE

TRACK_TIME 1167737286
TRACK A20110117611889 B733 395260 751300 120 30 999 NONE NONE 360
	FP_ROUTE KPHL..KMCO

TRACK_TIME 1167737286
TRACK A20110117611890 E145 325260 970160 120 30 999 NONE NONE 290
	FP_ROUTE KDFW..KXNA

TRACK_TIME 1167737286
TRACK A20110117611892 SF34 454800 880700 120 30 999 NONE NONE 200
	FP_ROUTE KIMT..KMSP

TRACK_TIME 1167737286
TRACK A20110117611894 B752 404500 735100 120 30 999 NONE NONE 380
	FP_ROUTE KLGA..KATL

TRACK_TIME 1167737286
TRACK A20110117611904 B734 570460 1352500 120 30 999 NONE NONE 160
	FP_ROUTE KSIT..KJNU

TRACK_TIME 1167737286
TRACK A20110117611907 B744 611960 1500100 120 30 999 NONE NONE 370
	FP_ROUTE KANC..KSDF

TRACK_TIME 1167737286
TRACK A20110117611912 BE20 322560 920460 120 30 999 NONE NONE 220
	FP_ROUTE KMLU..KSGR

TRACK_TIME 1167737286
TRACK A20110117611913 BE20 293760 954000 120 30 999 NONE NONE 230
	FP_ROUTE KSGR..KRSN

TRACK_TIME 1167737286
TRACK A20110117611914 E145 394300 861600 120 30 999 NONE NONE 360
	FP_ROUTE KIND..KIAH

TRACK_TIME 1167737286
TRACK A20110117611922 B735 295800 952100 120 30 999 NONE NONE 370
	FP_ROUTE KIAH..KCLT

TRACK_TIME 1167737286
TRACK A20110117611927 A319 425860 784000 120 30 999 NONE NONE 60
	FP_ROUTE KBUF..KPHL

TRACK_TIME 1167737286
TRACK A20110117611930 E145 404300 740900 120 30 999 NONE NONE 340
	FP_ROUTE KEWR..KIND

TRACK_TIME 1167737286
TRACK A20110117611934 B737 425700 712700 120 30 999 NONE NONE 100
	FP_ROUTE KMHT..KPHL

TRACK_TIME 1167737286
TRACK A20110117611935 B733 350160 1063460 120 30 999 NONE NONE 360
	FP_ROUTE KABQ..KLAS

TRACK_TIME 1167737286
TRACK A20110117611936 B733 360700 1150900 120 30 999 NONE NONE 360
	FP_ROUTE KLAS..KPDX

TRACK_TIME 1167737286
TRACK A20110117611937 B733 453600 1223700 120 30 999 NONE NONE 350
	FP_ROUTE KPDX..KBOI

TRACK_TIME 1167737286
TRACK A20110117611941 B752 415800 875560 120 30 999 NONE NONE 360
	FP_ROUTE KORD..KLAS

TRACK_TIME 1167737286
TRACK A20110117611944 E145 415700 875700 120 30 999 NONE NONE 230
	FP_ROUTE KORD..KCVG

TRACK_TIME 1167737286
TRACK A20110117611945 B737 414600 874600 120 30 999 NONE NONE 390
	FP_ROUTE KMDW..KPHL

TRACK_TIME 1167737286
TRACK A20110117611946 B737 395260 751300 120 30 999 NONE NONE 380
	FP_ROUTE KPHL..KRSW

TRACK_TIME 1167737286
TRACK A20110117611952 LJ45 293760 951660 120 30 999 NONE NONE 200
	FP_ROUTE KHOU..KBKS

TRACK_TIME 1167737286
TRACK A20110117611953 LJ45 271300 980700 120 30 999 NONE NONE 190
	FP_ROUTE KBKS..KHOU

TRACK_TIME 1167737286
TRACK A20110117611963 CRJ2 333900 842200 120 30 999 NONE NONE 240
	FP_ROUTE KATL..KBTR

TRACK_TIME 1167737286
TRACK A20110117611964 A320 395260 751200 120 30 999 NONE NONE 230
	FP_ROUTE KPHL..KBOS

TRACK_TIME 1167737286
TRACK A20110117611968 B733 280000 823160 120 30 999 NONE NONE 340
	FP_ROUTE KTPA..KMSY

TRACK_TIME 1167737286
TRACK A20110117611969 B733 300000 901500 120 30 999 NONE NONE 340
	FP_ROUTE KMSY..KDAL

TRACK_TIME 1167737286
TRACK A20110117611970 B733 324960 964960 120 30 999 NONE NONE 350
	FP_ROUTE KDAL..KMCI

TRACK_TIME 1167737286
TRACK A20110117611971 B733 391500 944300 120 30 999 NONE NONE 290
	FP_ROUTE KMCI..KMDW

TRACK_TIME 1167737286
TRACK A20110117611972 B733 414500 874500 120 30 999 NONE NONE 120
	FP_ROUTE KMDW..KDTW

TRACK_TIME 1167737286
TRACK A20110117611973 B737 335700 1182700 120 30 999 NONE NONE 400
	FP_ROUTE KLAX..KRNO

TRACK_TIME 1167737286
TRACK A20110117611974 B737 393160 1194660 120 30 999 NONE NONE 391
	FP_ROUTE KRNO..KSLC

TRACK_TIME 1167737286
TRACK A20110117611975 B737 404900 1115860 120 30 999 NONE NONE 370
	FP_ROUTE KSLC..KBWI

TRACK_TIME 1167737286
TRACK A20110117611978 B735 325200 970160 120 30 999 NONE NONE 370
	FP_ROUTE KDFW..KEWR

TRACK_TIME 1167737286
TRACK A20110117611981 E190 394960 1044660 120 30 999 NONE NONE 360
	FP_ROUTE KDEN..KSBA

TRACK_TIME 1167737286
TRACK A20110117611983 B763 254800 801600 120 30 999 NONE NONE 340
	FP_ROUTE KMIA..KLAX

TRACK_TIME 1167737286
TRACK A20110117611985 SF34 295700 940160 120 30 999 NONE NONE 80
	FP_ROUTE KBPT..KIAH

TRACK_TIME 1167737286
TRACK A20110117611988 B752 335560 1182700 120 30 999 NONE NONE 370
	FP_ROUTE KLAX..KEWR

TRACK_TIME 1167737286
TRACK A20110117611991 B738 335560 1182800 120 30 999 NONE NONE 370
	FP_ROUTE KLAX..KSLC

TRACK_TIME 1167737286
TRACK A20110117611993 DH8A 404500 735100 120 30 999 NONE NONE 141
	FP_ROUTE KLGA..KBWI

TRACK_TIME 1167737286
TRACK A20110117611997 CRJ1 405700 850760 120 30 999 NONE NONE 100
	FP_ROUTE KFWA..KCVG

TRACK_TIME 1167737286
TRACK A20110117611999 B737 333900 1175260 120 30 999 NONE NONE 360
	FP_ROUTE KSNA..KPDX

TRACK_TIME 1167737286
TRACK A20110117612004 E170 325560 800400 120 30 999 NONE NONE 330
	FP_ROUTE KCHS..KPHL

TRACK_TIME 1167737286
TRACK A20110117612007 B738 295700 951960 120 30 999 NONE NONE 270
	FP_ROUTE KIAH..KMSY

TRACK_TIME 1167737286
TRACK A20110117612011 A319 303000 814060 120 30 999 NONE NONE 370
	FP_ROUTE KJAX..KPHL

TRACK_TIME 1167737286
TRACK A20110117612012 A306 380400 854600 120 30 999 NONE NONE 320
	FP_ROUTE KSDF..KIAH

TRACK_TIME 1167737286
TRACK A20110117612013 LJ35 335860 835260 120 30 999 NONE NONE 380
	FP_ROUTE KLZU..KSUA

TRACK_TIME 1167737286
TRACK A20110117612016 CRJ2 373300 771800 120 30 999 NONE NONE 210
	FP_ROUTE KRIC..KLGA

TRACK_TIME 1167737286
TRACK A20110117612025 B752 403760 734960 120 30 999 NONE NONE 340
	FP_ROUTE KJFK..KSFO

TRACK_TIME 1167737286
TRACK A20110117612029 DH8A 404500 735100 120 30 999 NONE NONE 130
	FP_ROUTE KLGA..KPVD

TRACK_TIME 1167737286
TRACK A20110117612032 E145 415700 875800 120 30 999 NONE NONE 370
	FP_ROUTE KORD..KGSO

TRACK_TIME 1167737286
TRACK A20110117612039 CRJ2 440600 1231300 120 30 999 NONE NONE 310
	FP_ROUTE KEUG..KDEN

TRACK_TIME 1167737286
TRACK A20110117612041 E145 361060 955260 120 30 999 NONE NONE 280
	FP_ROUTE KTUL..KIAH

TRACK_TIME 1167737286
TRACK A20110117612052 B752 404500 735100 120 30 999 NONE NONE 400
	FP_ROUTE KLGA..KATL

TRACK_TIME 1167737286
TRACK A20110117612054 E170 351060 805700 120 30 999 NONE NONE 340
	FP_ROUTE KCLT..KMEM

TRACK_TIME 1167737286
TRACK A20110117612057 E145 415700 875700 120 30 999 NONE NONE 330
	FP_ROUTE KORD..KBNA

TRACK_TIME 1167737286
TRACK A20110117612058 A321 332560 1120160 120 30 999 NONE NONE 350
	FP_ROUTE KPHX..KPHL

TRACK_TIME 1167737286
TRACK A20110117612061 B733 395100 751800 120 30 999 NONE NONE 360
	FP_ROUTE KPHL..KMCO

TRACK_TIME 1167737286
TRACK A20110117612062 E145 325200 970300 120 30 999 NONE NONE 110
	FP_ROUTE KDFW..KHOU

TRACK_TIME 1167737286
TRACK A20110117612063 CRJ2 363600 1215260 120 30 999 NONE NONE 350
	FP_ROUTE KMRY..KDEN

TRACK_TIME 1167737286
TRACK A20110117612066 MD82 415800 875700 120 30 999 NONE NONE 320
	FP_ROUTE KORD..KDFW

TRACK_TIME 1167737286
TRACK A20110117612071 CRJ2 412200 754200 120 30 999 NONE NONE 280
	FP_ROUTE KAVP..KCLT

TRACK_TIME 1167737286
TRACK A20110117612075 E170 351060 805700 120 30 999 NONE NONE 300
	FP_ROUTE KCLT..KDTW

TRACK_TIME 1167737286
TRACK A20110117612077 CL60 360700 1150900 120 30 999 NONE NONE 350
	FP_ROUTE KLAS..KAGC

TRACK_TIME 1167737286
TRACK A20110117612082 MD83 464960 921600 120 30 999 NONE NONE 320
	FP_ROUTE KDLH..KLAS

TRACK_TIME 1167737286
TRACK A20110117612083 B752 360700 1150900 120 30 999 NONE NONE 350
	FP_ROUTE KLAS..KATL

TRACK_TIME 1167737286
TRACK A20110117612086 E145 295800 951960 120 30 999 NONE NONE 159
	FP_ROUTE KIAH..KCRP

TRACK_TIME 1167737286
TRACK A20110117612090 F2TH 273900 802500 120 30 999 NONE NONE 410
	FP_ROUTE KVRB..KFRG

TRACK_TIME 1167737286
TRACK A20110117612091 SF34 334000 842400 120 30 999 NONE NONE 50
	FP_ROUTE KATL..KGTR

TRACK_TIME 1167737286
TRACK A20110117612093 B712 194200 1560300 120 30 999 NONE NONE 160
	FP_ROUTE KKOA..KHNL

TRACK_TIME 1167737286
TRACK A20110117612094 CRJ2 333900 842400 120 30 999 NONE NONE 270
	FP_ROUTE KATL..KCRW

TRACK_TIME 1167737286
TRACK A20110117612100 B752 332560 1120160 120 30 999 NONE NONE 350
	FP_ROUTE KPHX..KATL

TRACK_TIME 1167737286
TRACK A20110117612101 MD82 404500 735100 120 30 999 NONE NONE 320
	FP_ROUTE KLGA..KORD

TRACK_TIME 1167737286
TRACK A20110117612102 B737 340300 1173760 120 30 999 NONE NONE 380
	FP_ROUTE KONT..KOAK

TRACK_TIME 1167737286
TRACK A20110117612103 B737 374300 1221360 120 30 999 NONE NONE 370
	FP_ROUTE KOAK..KBOI

TRACK_TIME 1167737286
TRACK A20110117612105 B737 433400 1161500 120 30 999 NONE NONE 380
	FP_ROUTE KBOI..KPDX

TRACK_TIME 1167737286
TRACK A20110117612106 B737 453460 1223700 120 30 999 NONE NONE 350
	FP_ROUTE KPDX..KDEN

TRACK_TIME 1167737286
TRACK A20110117612109 CRJ2 445400 931500 120 30 999 NONE NONE 260
	FP_ROUTE KMSP..KLNK

TRACK_TIME 1167737286
TRACK A20110117612120 B744 611360 1500400 120 30 999 NONE NONE 330
	FP_ROUTE KANC..KORD

TRACK_TIME 1167737286
TRACK A20110117612121 A320 332560 1115800 120 30 999 NONE NONE 340
	FP_ROUTE KPHX..KSFO

TRACK_TIME 1167737286
TRACK A20110117612122 DH8A 204600 1565700 120 30 999 NONE NONE 80
	FP_ROUTE KLNY..KHNL

TRACK_TIME 1167737286
TRACK A20110117612125 CRJ2 421200 832100 120 30 999 NONE NONE 180
	FP_ROUTE KDTW..KPHL

TRACK_TIME 1167737286
TRACK A20110117612126 F2TH 325260 803760 120 30 999 NONE NONE 390
	FP_ROUTE KRBW..KHPN

TRACK_TIME 1167737286
TRACK A20110117612133 F2TH 410460 734300 120 30 999 NONE NONE 40
	FP_ROUTE KHPN..KPHL

TRACK_TIME 1167737286
TRACK A20110117612137 E135 393160 1074360 120 30 999 NONE NONE 380
	FP_ROUTE KRIL..KLAX

TRACK_TIME 1167737286
TRACK A20110117612138 E135 335560 1182700 120 30 999 NONE NONE 40
	FP_ROUTE KLAX..KVNY

TRACK_TIME 1167737286
TRACK A20110117612140 F2TH 395260 751360 120 30 999 NONE NONE 400
	FP_ROUTE KPHL..KUGN

TRACK_TIME 1167737286
TRACK A20110117612144 B738 374500 1221660 120 30 999 NONE NONE 370
	FP_ROUTE KOAK..KOGG

TRACK_TIME 1167737286
TRACK A20110117612148 AT72 340100 983000 120 30 999 NONE NONE 70
	FP_ROUTE KSPS..KDFW

TRACK_TIME 1167737286
TRACK A20110117612152 B738 254800 801900 120 30 999 NONE NONE 340
	FP_ROUTE KMIA..KMSY

TRACK_TIME 1167737286
TRACK A20110117612154 MD82 360700 1150900 120 30 999 NONE NONE 281
	FP_ROUTE KLAS..KLAX

TRACK_TIME 1167737286
TRACK A20110117612156 CRJ2 350100 895860 120 30 999 NONE NONE 300
	FP_ROUTE KMEM..KAUS

TRACK_TIME 1167737286
TRACK A20110117612157 MD82 335560 1182560 120 30 999 NONE NONE 330
	FP_ROUTE KLAX..KDFW

TRACK_TIME 1167737286
TRACK A20110117612161 A320 360700 1150900 120 30 999 NONE NONE 310
	FP_ROUTE KLAS..KSLC

TRACK_TIME 1167737286
TRACK A20110117612162 E145 420000 875100 120 30 999 NONE NONE 360
	FP_ROUTE KORD..KFAR

TRACK_TIME 1167737286
TRACK A20110117612163 B738 254900 801200 120 30 999 NONE NONE 370
	FP_ROUTE KMIA..KRDU

TRACK_TIME 1167737286
TRACK A20110117612170 B738 282200 811660 120 30 999 NONE NONE 370
	FP_ROUTE KMCO..KJFK

TRACK_TIME 1167737286
TRACK A20110117612173 E145 430700 760600 120 30 999 NONE NONE 240
	FP_ROUTE KSYR..KORD

TRACK_TIME 1167737286
TRACK A20110117612179 CRJ2 351360 805700 120 30 999 NONE NONE 161
	FP_ROUTE KCLT..KTRI

TRACK_TIME 1167737286
TRACK A20110117612187 B734 385700 1044200 120 30 999 NONE NONE 119
	FP_ROUTE KCOS..KDEN

TRACK_TIME 1167737286
TRACK A20110117612188 E190 403900 734960 120 30 999 NONE NONE 300
	FP_ROUTE KJFK..KRSW

TRACK_TIME 1167737286
TRACK A20110117612189 C560 341800 903000 120 30 999 NONE NONE 40
	FP_ROUTE KCKM..KSGT

TRACK_TIME 1167737286
TRACK A20110117612190 C560 343400 913460 120 30 999 NONE NONE 330
	FP_ROUTE KSGT..KCCO

TRACK_TIME 1167737286
TRACK A20110117612191 C560 331800 844300 120 30 999 NONE NONE 40
	FP_ROUTE KCCO..KCKM

TRACK_TIME 1167737286
TRACK A20110117612192 C560 341800 902860 120 30 999 NONE NONE 310
	FP_ROUTE KCKM..KRMG

TRACK_TIME 1167737286
TRACK A20110117612201 BE9L 334060 1014960 120 30 999 NONE NONE 121
	FP_ROUTE KLBB..KTCC

TRACK_TIME 1167737286
TRACK A20110117612202 BE9L 350760 1033100 120 30 999 NONE NONE 150
	FP_ROUTE KTCC..KLBB

TRACK_TIME 1167737286
TRACK A20110117612214 A319 430700 892100 120 30 999 NONE NONE 220
	FP_ROUTE KMSN..KMSP

TRACK_TIME 1167737286
TRACK A20110117612215 B737 395500 1044060 120 30 999 NONE NONE 370
	FP_ROUTE KDEN..KMDW

TRACK_TIME 1167737286
TRACK A20110117612217 CRJ1 404500 740600 120 30 999 NONE NONE 340
	FP_ROUTE KEWR..KCVG

TRACK_TIME 1167737286
TRACK A20110117612218 B738 421200 832200 120 30 999 NONE NONE 400
	FP_ROUTE KDTW..KMIA

TRACK_TIME 1167737286
TRACK A20110117612225 E145 295560 952200 120 30 999 NONE NONE 280
	FP_ROUTE KIAH..KAMA

TRACK_TIME 1167737286
TRACK A20110117612226 B737 334000 1175260 120 30 999 NONE NONE 360
	FP_ROUTE KSNA..KSJC

TRACK_TIME 1167737286
TRACK A20110117612227 A319 390900 763900 120 30 999 NONE NONE 90
	FP_ROUTE KBWI..KPHL

TRACK_TIME 1167737286
TRACK A20110117612228 A319 445400 931600 120 30 999 NONE NONE 360
	FP_ROUTE KMSP..KDFW

TRACK_TIME 1167737286
TRACK A20110117612229 C550 303460 880160 120 30 999 NONE NONE 300
	FP_ROUTE KBFM..KHOU

TRACK_TIME 1167737286
TRACK A20110117612231 B738 324500 1171360 120 30 999 NONE NONE 350
	FP_ROUTE KSAN..KEWR

TRACK_TIME 1167737286
TRACK A20110117612236 MD82 385260 770300 120 30 999 NONE NONE 320
	FP_ROUTE KDCA..KDFW

TRACK_TIME 1167737286
TRACK A20110117612237 B737 414600 874300 120 30 999 NONE NONE 390
	FP_ROUTE KMDW..KALB

TRACK_TIME 1167737286
TRACK A20110117612240 B737 424600 734900 120 30 999 NONE NONE 280
	FP_ROUTE KALB..KBWI

TRACK_TIME 1167737286
TRACK A20110117612241 B737 390900 763900 120 30 999 NONE NONE 120
	FP_ROUTE KBWI..KDTW

TRACK_TIME 1167737286
TRACK A20110117612243 B737 421200 832200 120 30 999 NONE NONE 340
	FP_ROUTE KDTW..KBNA

TRACK_TIME 1167737286
TRACK A20110117612250 C750 391600 1065260 120 30 999 NONE NONE 430
	FP_ROUTE KASE..KFTW

TRACK_TIME 1167737286
TRACK A20110117612255 DH8C 351360 805560 120 30 999 NONE NONE 90
	FP_ROUTE KCLT..KFLO

TRACK_TIME 1167737286
TRACK A20110117612259 DH8C 341060 794060 120 30 999 NONE NONE 40
	FP_ROUTE KFLO..KCLT

TRACK_TIME 1167737286
TRACK A20110117612262 E145 295860 951800 120 30 999 NONE NONE 330
	FP_ROUTE KIAH..KSDF

TRACK_TIME 1167737286
TRACK A20110117612263 E145 380700 854200 120 30 999 NONE NONE 350
	FP_ROUTE KSDF..KEWR

TRACK_TIME 1167737286
TRACK A20110117612274 CRJ9 420000 874900 120 30 999 NONE NONE 350
	FP_ROUTE KORD..KJFK

TRACK_TIME 1167737286
TRACK A20110117612278 CRJ2 425560 875400 120 30 999 NONE NONE 330
	FP_ROUTE KMKE..KPIT

TRACK_TIME 1167737286
TRACK A20110117612279 CRJ2 411800 955400 120 30 999 NONE NONE 310
	FP_ROUTE KOMA..KMKE

TRACK_TIME 1167737286
TRACK A20110117612280 B737 402860 801060 120 30 999 NONE NONE 400
	FP_ROUTE KPIT..KMCO

TRACK_TIME 1167737286
TRACK A20110117612281 CRJ2 404900 1120000 120 30 999 NONE NONE 320
	FP_ROUTE KSLC..KLWS

TRACK_TIME 1167737286
TRACK A20110117612283 E145 412400 815260 120 30 999 NONE NONE 290
	FP_ROUTE KCLE..KBTV

TRACK_TIME 1167737286
TRACK A20110117612284 A319 420000 874900 120 30 999 NONE NONE 310
	FP_ROUTE KORD..KDCA

TRACK_TIME 1167737286
TRACK A20110117612298 C750 254800 801600 120 30 999 NONE NONE 49
	FP_ROUTE KMIA..KPBI

TRACK_TIME 1167737286
TRACK A20110117612300 E170 445100 931300 120 30 999 NONE NONE 310
	FP_ROUTE KMSP..KPHL

TRACK_TIME 1167737286
TRACK A20110117612308 CRJ9 404300 740900 120 30 999 NONE NONE 340
	FP_ROUTE KEWR..KCLT

TRACK_TIME 1167737286
TRACK A20110117612314 CRJ2 425500 875400 120 30 999 NONE NONE 290
	FP_ROUTE KMKE..KCLT

TRACK_TIME 1167737286
TRACK A20110117612320 CRJ2 333900 842260 120 30 999 NONE NONE 200
	FP_ROUTE KATL..KMGM

TRACK_TIME 1167737286
TRACK A20110117612325 E170 395260 751300 120 30 999 NONE NONE 190
	FP_ROUTE KPHL..KBDL

TRACK_TIME 1167737286
TRACK A20110117612326 B752 415800 880000 120 30 999 NONE NONE 360
	FP_ROUTE KORD..KSFO

TRACK_TIME 1167737286
TRACK A20110117612327 C560 354360 964900 120 30 999 NONE NONE 380
	FP_ROUTE KCQB..KAPA

TRACK_TIME 1167737286
TRACK A20110117612328 A321 395260 751200 120 30 999 NONE NONE 320
	FP_ROUTE KPHL..KSFO

TRACK_TIME 1167737286
TRACK A20110117612329 B738 324500 1171360 120 30 999 NONE NONE 390
	FP_ROUTE KSAN..KSLC

TRACK_TIME 1167737286
TRACK A20110117612330 B738 404500 1115800 120 30 999 NONE NONE 350
	FP_ROUTE KSLC..KBWI

TRACK_TIME 1167737286
TRACK A20110117612334 CRJ2 384360 901660 120 30 999 NONE NONE 110
	FP_ROUTE KSTL..KCVG

TRACK_TIME 1167737286
TRACK A20110117612340 CRJ2 333900 842260 120 30 999 NONE NONE 230
	FP_ROUTE KATL..KTRI

TRACK_TIME 1167737286
TRACK A20110117612341 CRJ2 362700 822700 120 30 999 NONE NONE 220
	FP_ROUTE KTRI..KATL

TRACK_TIME 1167737286
TRACK A20110117612342 A320 403760 735200 120 30 999 NONE NONE 380
	FP_ROUTE KJFK..KFLL

TRACK_TIME 1167737286
TRACK A20110117612347 CRJ9 445100 931300 120 30 999 NONE NONE 350
	FP_ROUTE KMSP..KEWR

TRACK_TIME 1167737286
TRACK A20110117612350 B752 333900 842260 120 30 999 NONE NONE 380
	FP_ROUTE KATL..KDFW

TRACK_TIME 1167737286
TRACK A20110117612353 B737 390760 764200 120 30 999 NONE NONE 360
	FP_ROUTE KBWI..KDEN

TRACK_TIME 1167737286
TRACK A20110117612354 MD82 384360 901660 120 30 999 NONE NONE 120
	FP_ROUTE KSTL..KORD

TRACK_TIME 1167737286
TRACK A20110117612355 B752 254800 801600 120 30 999 NONE NONE 390
	FP_ROUTE KMIA..KLGA

TRACK_TIME 1167737286
TRACK A20110117612357 CRJ2 441360 1211060 120 30 999 NONE NONE 330
	FP_ROUTE KRDM..KSFO

TRACK_TIME 1167737286
TRACK A20110117612358 BE20 331200 873600 120 30 999 NONE NONE 111
	FP_ROUTE KTCL..KFTY

TRACK_TIME 1167737286
TRACK A20110117612359 BE20 334660 843000 120 30 999 NONE NONE 141
	FP_ROUTE KFTY..KTCL

TRACK_TIME 1167737286
TRACK A20110117612362 MD83 282700 811960 120 30 999 NONE NONE 300
	FP_ROUTE KMCO..KDFW

TRACK_TIME 1167737286
TRACK A20110117612364 E170 351500 805560 120 30 999 NONE NONE 340
	FP_ROUTE KCLT..KEYW

TRACK_TIME 1167737286
TRACK A20110117612376 B738 372260 1215700 120 30 999 NONE NONE 340
	FP_ROUTE KSJC..KPDX

TRACK_TIME 1167737286
TRACK A20110117612391 CRJ9 404900 1115860 120 30 999 NONE NONE 330
	FP_ROUTE KSLC..KSTL

TRACK_TIME 1167737286
TRACK A20110117612392 CRJ2 395260 1043700 120 30 999 NONE NONE 340
	FP_ROUTE KDEN..KBZN

TRACK_TIME 1167737286
TRACK A20110117612404 CRJ2 395260 893300 120 30 999 NONE NONE 150
	FP_ROUTE KSPI..KORD

TRACK_TIME 1167737286
TRACK A20110117612406 E120 373760 1222200 120 30 999 NONE NONE 250
	FP_ROUTE KSFO..KSBA

TRACK_TIME 1167737286
TRACK A20110117612407 CRJ2 454800 1111300 120 30 999 NONE NONE 330
	FP_ROUTE KBZN..KDEN

TRACK_TIME 1167737286
TRACK A20110117612408 F2TH 264060 800400 120 30 999 NONE NONE 410
	FP_ROUTE KPBI..KTEB

TRACK_TIME 1167737286
TRACK A20110117612409 B738 391000 764500 120 30 999 NONE NONE 300
	FP_ROUTE KBWI..KMIA

TRACK_TIME 1167737286
TRACK A20110117612414 C550 352500 804200 120 30 999 NONE NONE 340
	FP_ROUTE KJQF..KMCO

TRACK_TIME 1167737286
TRACK A20110117612415 E120 373760 1222200 120 30 999 NONE NONE 200
	FP_ROUTE KSFO..KOTH

TRACK_TIME 1167737286
TRACK A20110117612418 F2TH 405260 740300 120 30 999 NONE NONE 400
	FP_ROUTE KTEB..KMIA

TRACK_TIME 1167737286
TRACK A20110117612421 EA50 405700 812400 120 30 999 NONE NONE 50
	FP_ROUTE KCAK..KARB

TRACK_TIME 1167737286
TRACK A20110117612423 C750 360700 1150900 120 30 999 NONE NONE 410
	FP_ROUTE KLAS..KMIA

TRACK_TIME 1167737286
TRACK A20110117612424 C750 341360 1182860 120 30 999 NONE NONE 270
	FP_ROUTE KVNY..KLAS

TRACK_TIME 1167737286
TRACK A20110117612436 A320 404600 735100 120 30 999 NONE NONE 340
	FP_ROUTE KLGA..KFLL

TRACK_TIME 1167737286
TRACK A20110117612438 MD82 325100 970160 120 30 999 NONE NONE 330
	FP_ROUTE KDFW..KPHL

TRACK_TIME 1167737286
TRACK A20110117612439 C550 450900 931060 120 30 999 NONE NONE 320
	FP_ROUTE KANE..KBIS

TRACK_TIME 1167737286
TRACK A20110117612440 C550 465260 1004500 120 30 999 NONE NONE 330
	FP_ROUTE KBIS..KANE

TRACK_TIME 1167737286
TRACK A20110117612442 CRJ2 334000 842100 120 30 999 NONE NONE 310
	FP_ROUTE KATL..KCAK

TRACK_TIME 1167737286
TRACK A20110117612444 CRJ2 405200 812700 120 30 999 NONE NONE 300
	FP_ROUTE KCAK..KATL

TRACK_TIME 1167737286
TRACK A20110117612445 B737 395260 751300 120 30 999 NONE NONE 380
	FP_ROUTE KPHL..KDEN

TRACK_TIME 1167737286
TRACK A20110117612451 B752 211900 1575400 120 30 999 NONE NONE 350
	FP_ROUTE KHNL..KPHX

TRACK_TIME 1167737286
TRACK A20110117612453 B733 303100 814000 120 30 999 NONE NONE 310
	FP_ROUTE KJAX..KCLT

TRACK_TIME 1167737286
TRACK A20110117612454 B733 351360 805560 120 30 999 NONE NONE 170
	FP_ROUTE KCLT..KRDU

TRACK_TIME 1167737286
TRACK A20110117612456 LJ35 264060 800400 120 30 999 NONE NONE 410
	FP_ROUTE KPBI..KLCK

TRACK_TIME 1167737286
TRACK A20110117612464 E135 402860 1071300 120 30 999 NONE NONE 151
	FP_ROUTE KHDN..KRIL

TRACK_TIME 1167737286
TRACK A20110117612468 CRJ2 385500 772560 120 30 999 NONE NONE 300
	FP_ROUTE KIAD..KHSV

TRACK_TIME 1167737286
TRACK A20110117612469 E170 445400 931600 120 30 999 NONE NONE 260
	FP_ROUTE KMSP..KOMA

TRACK_TIME 1167737286
TRACK A20110117612470 B737 374360 1221500 120 30 999 NONE NONE 400
	FP_ROUTE KOAK..KPDX

TRACK_TIME 1167737286
TRACK A20110117612474 B752 404000 734360 120 30 999 NONE NONE 380
	FP_ROUTE KJFK..KSFO

TRACK_TIME 1167737286
TRACK A20110117612478 PAY2 473100 1221660 120 30 999 NONE NONE 151
	FP_ROUTE KBFI..KPDX

TRACK_TIME 1167737286
TRACK A20110117612480 PAY2 453460 1223760 120 30 999 NONE NONE 150
	FP_ROUTE KPDX..KEUG

TRACK_TIME 1167737286
TRACK A20110117612481 B737 333700 842100 120 30 999 NONE NONE 390
	FP_ROUTE KATL..KRSW

TRACK_TIME 1167737286
TRACK A20110117612489 A319 355260 784660 120 30 999 NONE NONE 270
	FP_ROUTE KRDU..KPHL

TRACK_TIME 1167737286
TRACK A20110117612490 BE20 610300 1463460 120 30 999 NONE NONE 160
	FP_ROUTE KVDZ..KANC

TRACK_TIME 1167737286
TRACK A20110117612492 MD83 282500 811900 120 30 999 NONE NONE 340
	FP_ROUTE KMCO..KLEX

TRACK_TIME 1167737286
TRACK A20110117612494 B712 385200 770300 120 30 999 NONE NONE 320
	FP_ROUTE KDCA..KATL

TRACK_TIME 1167737286
TRACK A20110117612495 C560 340900 1181800 120 30 999 NONE NONE 40
	FP_ROUTE KBUR..KLAX

TRACK_TIME 1167737286
TRACK A20110117612496 C560 335500 1182800 120 30 999 NONE NONE 430
	FP_ROUTE KLAX..KBNA

TRACK_TIME 1167737286
TRACK A20110117612498 B712 333900 842200 120 30 999 NONE NONE 320
	FP_ROUTE KATL..KFNT

TRACK_TIME 1167737286
TRACK A20110117612499 AT72 325260 970160 120 30 999 NONE NONE 129
	FP_ROUTE KDFW..KGGG

TRACK_TIME 1167737286
TRACK A20110117612501 CRJ9 333900 842260 120 30 999 NONE NONE 340
	FP_ROUTE KATL..KGRR

TRACK_TIME 1167737286
TRACK A20110117612502 CRJ9 425260 853100 120 30 999 NONE NONE 340
	FP_ROUTE KGRR..KATL

TRACK_TIME 1167737286
TRACK A20110117612503 MD83 325200 970160 120 30 999 NONE NONE 330
	FP_ROUTE KDFW..KRDU

TRACK_TIME 1167737286
TRACK A20110117612504 B737 293100 982800 120 30 999 NONE NONE 250
	FP_ROUTE KSAT..KHOU

TRACK_TIME 1167737286
TRACK A20110117612505 B737 293760 951660 120 30 999 NONE NONE 330
	FP_ROUTE KHOU..KMSY

TRACK_TIME 1167737286
TRACK A20110117612510 B712 402860 801060 120 30 999 NONE NONE 340
	FP_ROUTE KPIT..KATL

TRACK_TIME 1167737286
TRACK A20110117612512 B712 275800 823300 120 30 999 NONE NONE 320
	FP_ROUTE KTPA..KATL

TRACK_TIME 1167737286
TRACK A20110117612516 A319 384360 901660 120 30 999 NONE NONE 360
	FP_ROUTE KSTL..KPHX

TRACK_TIME 1167737286
TRACK A20110117612517 B752 445500 931500 120 30 999 NONE NONE 390
	FP_ROUTE KMSP..KDTW

TRACK_TIME 1167737286
TRACK A20110117612522 E170 385260 770400 120 30 999 NONE NONE 210
	FP_ROUTE KDCA..KLGA

TRACK_TIME 1167737286
TRACK A20110117612523 CL60 435500 911000 120 30 999 NONE NONE 370
	FP_ROUTE KLSE..KPIE

TRACK_TIME 1167737286
TRACK A20110117612524 BE20 275800 823100 120 30 999 NONE NONE 109
	FP_ROUTE KTPA..KAPF

TRACK_TIME 1167737286
TRACK A20110117612525 BE20 260700 814900 120 30 999 NONE NONE 40
	FP_ROUTE KAPF..KCLT

TRACK_TIME 1167737286
TRACK A20110117612526 BE20 351360 805560 120 30 999 NONE NONE 100
	FP_ROUTE KCLT..KGMU

TRACK_TIME 1167737286
TRACK A20110117612529 B733 261200 973900 120 30 999 NONE NONE 60
	FP_ROUTE KHRL..KSAT

TRACK_TIME 1167737286
TRACK A20110117612533 B712 401060 764500 120 30 999 NONE NONE 360
	FP_ROUTE KMDT..KMCO

TRACK_TIME 1167737286
TRACK A20110117612534 B712 430600 774200 120 30 999 NONE NONE 340
	FP_ROUTE KROC..KTPA

TRACK_TIME 1167737286
TRACK A20110117612539 B735 404300 740760 120 30 999 NONE NONE 300
	FP_ROUTE KEWR..KCLE

TRACK_TIME 1167737286
TRACK A20110117612541 A320 385260 772860 120 30 999 NONE NONE 360
	FP_ROUTE KIAD..KLGB

TRACK_TIME 1167737286
TRACK A20110117612546 B738 282500 811900 120 30 999 NONE NONE 230
	FP_ROUTE KMCO..KMIA

TRACK_TIME 1167737286
TRACK A20110117612548 C550 272400 823400 120 30 999 NONE NONE 430
	FP_ROUTE KSRQ..KSTC

TRACK_TIME 1167737286
TRACK A20110117612550 CRJ2 275800 823300 120 30 999 NONE NONE 310
	FP_ROUTE KTPA..KRDU

TRACK_TIME 1167737286
TRACK A20110117612559 B733 404900 730460 120 30 999 NONE NONE 340
	FP_ROUTE KISP..KMDW

TRACK_TIME 1167737286
TRACK A20110117612572 BE9L 194300 1550160 120 30 999 NONE NONE 120
	FP_ROUTE KITO..KHNL

TRACK_TIME 1167737286
TRACK A20110117612574 CRJ2 333760 841960 120 30 999 NONE NONE 270
	FP_ROUTE KATL..KFAY

TRACK_TIME 1167737286
TRACK A20110117612575 CRJ2 350160 785200 120 30 999 NONE NONE 260
	FP_ROUTE KFAY..KATL

TRACK_TIME 1167737286
TRACK A20110117612577 MD83 331900 1114060 120 30 999 NONE NONE 340
	FP_ROUTE KIWA..KBZN

TRACK_TIME 1167737286
TRACK A20110117612591 A320 404360 734960 120 30 999 NONE NONE 360
	FP_ROUTE KLGA..KTPA

TRACK_TIME 1167737286
TRACK A20110117612592 B738 472500 1221800 120 30 999 NONE NONE 350
	FP_ROUTE KSEA..KHNL

TRACK_TIME 1167737286
TRACK A20110117612593 A320 332560 1115860 120 30 999 NONE NONE 350
	FP_ROUTE KPHX..KJFK

TRACK_TIME 1167737286
TRACK A20110117612600 E145 415800 875700 120 30 999 NONE NONE 320
	FP_ROUTE KORD..KICT

TRACK_TIME 1167737286
TRACK A20110117612601 E145 373760 972560 120 30 999 NONE NONE 350
	FP_ROUTE KICT..KORD

TRACK_TIME 1167737286
TRACK A20110117612608 E145 325260 970300 120 30 999 NONE NONE 360
	FP_ROUTE KDFW..KROW

TRACK_TIME 1167737286
TRACK A20110117612614 A321 351060 805700 120 30 999 NONE NONE 340
	FP_ROUTE KCLT..KPHX

TRACK_TIME 1167737286
TRACK A20110117612616 LJ45 353000 974000 120 30 999 NONE NONE 260
	FP_ROUTE KPWA..KLBB

TRACK_TIME 1167737286
TRACK A20110117612617 LJ45 334000 1015100 120 30 999 NONE NONE 470
	FP_ROUTE KLBB..KONT

TRACK_TIME 1167737286
TRACK A20110117612618 LJ45 340300 1173900 120 30 999 NONE NONE 450
	FP_ROUTE KONT..KLBB

TRACK_TIME 1167737286
TRACK A20110117612619 LJ45 334060 1014960 120 30 999 NONE NONE 290
	FP_ROUTE KLBB..KPWA

TRACK_TIME 1167737286
TRACK A20110117612621 A320 415560 875260 120 30 999 NONE NONE 390
	FP_ROUTE KORD..KLGA

TRACK_TIME 1167737286
TRACK A20110117612622 B752 254800 801900 120 30 999 NONE NONE 380
	FP_ROUTE KMIA..KSTL

TRACK_TIME 1167737286
TRACK A20110117612626 CRJ2 444960 931200 120 30 999 NONE NONE 290
	FP_ROUTE KMSP..KCVG

TRACK_TIME 1167737286
TRACK A20110117612627 C750 445500 930160 120 30 999 NONE NONE 410
	FP_ROUTE KSTP..KAPF

TRACK_TIME 1167737286
TRACK A20110117612637 F900 335560 1182560 120 30 999 NONE NONE 360
	FP_ROUTE KLAX..KANC

TRACK_TIME 1167737286
TRACK A20110117612643 C560 333700 1115560 120 30 999 NONE NONE 410
	FP_ROUTE KSDL..KSTL

TRACK_TIME 1167737286
TRACK A20110117612644 B733 414660 874000 120 30 999 NONE NONE 351
	FP_ROUTE KMDW..KBWI

TRACK_TIME 1167737286
TRACK A20110117612647 LJ45 413460 834600 120 30 999 NONE NONE 400
	FP_ROUTE KTOL..KPDK

TRACK_TIME 1167737286
TRACK A20110117612648 B733 263600 814060 120 30 999 NONE NONE 340
	FP_ROUTE KRSW..KMDW

TRACK_TIME 1167737286
TRACK A20110117612649 B733 390760 764000 120 30 999 NONE NONE 360
	FP_ROUTE KBWI..KSTL

TRACK_TIME 1167737286
TRACK A20110117612653 B733 384360 901660 120 30 999 NONE NONE 360
	FP_ROUTE KSTL..KHOU

TRACK_TIME 1167737286
TRACK A20110117612655 AT72 334000 1014960 120 30 999 NONE NONE 130
	FP_ROUTE KLBB..KDFW

TRACK_TIME 1167737286
TRACK A20110117612658 CRJ2 370760 762860 120 30 999 NONE NONE 280
	FP_ROUTE KPHF..KATL

TRACK_TIME 1167737286
TRACK A20110117612659 A320 282560 811800 120 30 999 NONE NONE 350
	FP_ROUTE KMCO..KBDL

TRACK_TIME 1167737286
TRACK A20110117612660 B712 333760 842200 120 30 999 NONE NONE 350
	FP_ROUTE KATL..KLGA

TRACK_TIME 1167737286
TRACK A20110117612661 B712 404360 734900 120 30 999 NONE NONE 320
	FP_ROUTE KLGA..KMKE

TRACK_TIME 1167737286
TRACK A20110117612668 B712 343700 864660 120 30 999 NONE NONE 350
	FP_ROUTE KHSV..KBWI

TRACK_TIME 1167737286
TRACK A20110117612679 B712 282400 811960 120 30 999 NONE NONE 310
	FP_ROUTE KMCO..KATL

TRACK_TIME 1167737286
TRACK A20110117612681 CRJ2 333760 841960 120 30 999 NONE NONE 290
	FP_ROUTE KATL..KPHF

TRACK_TIME 1167737286
TRACK A20110117612682 B737 282560 811800 120 30 999 NONE NONE 380
	FP_ROUTE KMCO..KMSP

TRACK_TIME 1167737286
TRACK A20110117612683 B737 333900 842100 120 30 999 NONE NONE 400
	FP_ROUTE KATL..KDEN

TRACK_TIME 1167737286
TRACK A20110117612684 A320 324600 1171500 120 30 999 NONE NONE 360
	FP_ROUTE KSAN..KSFO

TRACK_TIME 1167737286
TRACK A20110117612691 CRJ2 333900 842260 120 30 999 NONE NONE 210
	FP_ROUTE KATL..KTYS

TRACK_TIME 1167737286
TRACK A20110117612692 CRJ2 354960 835560 120 30 999 NONE NONE 120
	FP_ROUTE KTYS..KATL

TRACK_TIME 1167737286
TRACK A20110117612696 MD82 385200 770160 120 30 999 NONE NONE 340
	FP_ROUTE KDCA..KDFW

TRACK_TIME 1167737286
TRACK A20110117612699 BE20 395500 1050400 120 30 999 NONE NONE 290
	FP_ROUTE KBJC..KD98

TRACK_TIME 1167737286
TRACK A20110117612701 MD82 314960 1062200 120 30 999 NONE NONE 330
	FP_ROUTE KELP..KDFW

TRACK_TIME 1167737286
TRACK A20110117612702 B752 332560 1120160 120 30 999 NONE NONE 360
	FP_ROUTE KPHX..KHNL

TRACK_TIME 1167737286
TRACK A20110117612703 E135 355400 784660 120 30 999 NONE NONE 210
	FP_ROUTE KRDU..KDCA

TRACK_TIME 1167737286
TRACK A20110117612706 B738 385560 773300 120 30 999 NONE NONE 380
	FP_ROUTE KIAD..KLAX

TRACK_TIME 1167737286
TRACK A20110117612707 B733 350160 1063400 120 30 999 NONE NONE 300
	FP_ROUTE KABQ..KLAS

TRACK_TIME 1167737286
TRACK A20110117612708 B733 360700 1150900 120 30 999 NONE NONE 340
	FP_ROUTE KLAS..KSMF

TRACK_TIME 1167737286
TRACK A20110117612711 MD82 325260 970300 120 30 999 NONE NONE 240
	FP_ROUTE KDFW..KICT

TRACK_TIME 1167737286
TRACK A20110117612712 MD82 324500 1171360 120 30 999 NONE NONE 330
	FP_ROUTE KSAN..KDFW

TRACK_TIME 1167737286
TRACK A20110117612713 B734 390760 764000 120 30 999 NONE NONE 240
	FP_ROUTE KBWI..KCLT

TRACK_TIME 1167737286
TRACK A20110117612716 CRJ2 351500 805560 120 30 999 NONE NONE 170
	FP_ROUTE KCLT..KEWN

TRACK_TIME 1167737286
TRACK A20110117612717 C510 360600 794960 120 30 999 NONE NONE 160
	FP_ROUTE KGSO..KGYH

TRACK_TIME 1167737286
TRACK A20110117612718 MD83 324960 970100 120 30 999 NONE NONE 330
	FP_ROUTE KDFW..KPHL

TRACK_TIME 1167737286
TRACK A20110117612719 A320 404000 734300 120 30 999 NONE NONE 340
	FP_ROUTE KJFK..KLAS

TRACK_TIME 1167737286
TRACK A20110117612727 E190 395200 1043460 120 30 999 NONE NONE 370
	FP_ROUTE KDEN..KMCI

TRACK_TIME 1167737286
TRACK A20110117612730 E145 380000 873000 120 30 999 NONE NONE 111
	FP_ROUTE KEVV..KCVG

TRACK_TIME 1167737286
TRACK A20110117612731 E145 385700 773100 120 30 999 NONE NONE 200
	FP_ROUTE KIAD..KCLE

TRACK_TIME 1167737286
TRACK A20110117612732 E145 412400 815260 120 30 999 NONE NONE 60
	FP_ROUTE KCLE..KIAD

TRACK_TIME 1167737286
TRACK A20110117612733 MD83 360700 1150900 120 30 999 NONE NONE 310
	FP_ROUTE KLAS..KRFD

TRACK_TIME 1167737286
TRACK A20110117612734 E145 325260 970300 120 30 999 NONE NONE 270
	FP_ROUTE KDFW..KSGF

TRACK_TIME 1167737286
TRACK A20110117612736 MD83 395200 1043460 120 30 999 NONE NONE 330
	FP_ROUTE KDEN..KDFW

TRACK_TIME 1167737286
TRACK A20110117612737 MD83 325200 970160 120 30 999 NONE NONE 330
	FP_ROUTE KDFW..KDTW

TRACK_TIME 1167737286
TRACK A20110117612740 E135 325260 970300 120 30 999 NONE NONE 110
	FP_ROUTE KDFW..KHOU

TRACK_TIME 1167737286
TRACK A20110117612743 E135 325100 970300 120 30 999 NONE NONE 190
	FP_ROUTE KDFW..KABI

TRACK_TIME 1167737286
TRACK A20110117612745 C560 260900 981360 120 30 999 NONE NONE 430
	FP_ROUTE KMFE..KSAF

TRACK_TIME 1167737286
TRACK A20110117612746 C560 353700 1062100 120 30 999 NONE NONE 430
	FP_ROUTE KSAF..KOAK

TRACK_TIME 1167737286
TRACK A20110117612747 F900 405260 740160 120 30 999 NONE NONE 400
	FP_ROUTE KTEB..KBFI

TRACK_TIME 1167737286
TRACK A20110117612748 MD83 453600 1223760 120 30 999 NONE NONE 330
	FP_ROUTE KPDX..KDFW

TRACK_TIME 1167737286
TRACK A20110117612752 B738 335700 1182800 120 30 999 NONE NONE 380
	FP_ROUTE KLAX..KSEA

TRACK_TIME 1167737286
TRACK A20110117612761 E145 295700 951960 120 30 999 NONE NONE 240
	FP_ROUTE KIAH..KBRO

TRACK_TIME 1167737286
TRACK A20110117612763 E190 355260 784600 120 30 999 NONE NONE 370
	FP_ROUTE KRDU..KBOS

TRACK_TIME 1167737286
TRACK A20110117612766 B733 355260 784600 120 30 999 NONE NONE 360
	FP_ROUTE KRDU..KMCO

TRACK_TIME 1167737286
TRACK A20110117612768 B772 385400 772700 120 30 999 NONE NONE 400
	FP_ROUTE KIAD..KDEN

TRACK_TIME 1167737286
TRACK A20110117612770 B738 275800 823300 120 30 999 NONE NONE 340
	FP_ROUTE KTPA..KLAX

TRACK_TIME 1167737286
TRACK A20110117612771 C550 364360 820160 120 30 999 NONE NONE 60
	FP_ROUTE KVJI..KGLW

TRACK_TIME 1167737286
TRACK A20110117612772 C550 370100 855700 120 30 999 NONE NONE 230
	FP_ROUTE KGLW..KVJI

TRACK_TIME 1167737286
TRACK A20110117612776 B735 374360 1221600 120 30 999 NONE NONE 350
	FP_ROUTE KOAK..KSAN

TRACK_TIME 1167737286
TRACK A20110117612781 E145 380760 854300 120 30 999 NONE NONE 360
	FP_ROUTE KSDF..KIAH

TRACK_TIME 1167737286
TRACK A20110117612783 E145 380900 854300 120 30 999 NONE NONE 120
	FP_ROUTE KSDF..KDTW

TRACK_TIME 1167737286
TRACK A20110117612784 E145 421200 832100 120 30 999 NONE NONE 270
	FP_ROUTE KDTW..KIAD

TRACK_TIME 1167737286
TRACK A20110117612785 B738 484500 1223400 120 30 999 NONE NONE 330
	FP_ROUTE KBLI..KLAS

TRACK_TIME 1167737286
TRACK A20110117612786 E135 422200 705800 120 30 999 NONE NONE 220
	FP_ROUTE KBOS..KJFK

TRACK_TIME 1167737286
TRACK A20110117612787 A320 403900 735100 120 30 999 NONE NONE 360
	FP_ROUTE KJFK..KLAX

TRACK_TIME 1167737286
TRACK A20110117612791 A319 384300 901360 120 30 999 NONE NONE 390
	FP_ROUTE KSTL..KCLT

TRACK_TIME 1167737286
TRACK A20110117612792 E145 415860 875800 120 30 999 NONE NONE 230
	FP_ROUTE KORD..KDTW

TRACK_TIME 1167737286
TRACK A20110117612793 E135 403900 734960 120 30 999 NONE NONE 340
	FP_ROUTE KJFK..KSTL

TRACK_TIME 1167737286
TRACK A20110117612794 E190 410460 734360 120 30 999 NONE NONE 340
	FP_ROUTE KHPN..KRSW

TRACK_TIME 1167737286
TRACK A20110117612795 B733 282560 811800 120 30 999 NONE NONE 340
	FP_ROUTE KMCO..KMDW

TRACK_TIME 1167737286
TRACK A20110117612796 E145 415700 875800 120 30 999 NONE NONE 330
	FP_ROUTE KORD..KCHS

TRACK_TIME 1167737286
TRACK A20110117612797 E145 325560 800400 120 30 999 NONE NONE 360
	FP_ROUTE KCHS..KORD

TRACK_TIME 1167737286
TRACK A20110117612798 E145 325200 970160 120 30 999 NONE NONE 270
	FP_ROUTE KDFW..KLIT

TRACK_TIME 1167737286
TRACK A20110117612800 B733 414600 874300 120 30 999 NONE NONE 320
	FP_ROUTE KMDW..KMSP

TRACK_TIME 1167737286
TRACK A20110117612801 B733 445400 931500 120 30 999 NONE NONE 360
	FP_ROUTE KMSP..KDEN

TRACK_TIME 1167737286
TRACK A20110117612803 DH8D 404800 741360 120 30 999 NONE NONE 160
	FP_ROUTE KEWR..KBUF

TRACK_TIME 1167737286
TRACK A20110117612804 CRJ2 395400 1044060 120 30 999 NONE NONE 300
	FP_ROUTE KDEN..KMSO

TRACK_TIME 1167737286
TRACK A20110117612806 CRJ2 465560 1140760 120 30 999 NONE NONE 350
	FP_ROUTE KMSO..KDEN

TRACK_TIME 1167737286
TRACK A20110117612808 A319 421200 832100 120 30 999 NONE NONE 390
	FP_ROUTE KDTW..KDCA

TRACK_TIME 1167737286
TRACK A20110117612813 C550 255400 972500 120 30 999 NONE NONE 310
	FP_ROUTE KBRO..KIAH

TRACK_TIME 1167737286
TRACK A20110117612815 B752 275800 823300 120 30 999 NONE NONE 380
	FP_ROUTE KTPA..KATL

TRACK_TIME 1167737286
TRACK A20110117612817 B737 390760 764000 120 30 999 NONE NONE 380
	FP_ROUTE KBWI..KDEN

TRACK_TIME 1167737286
TRACK A20110117612826 DH8D 425860 784060 120 30 999 NONE NONE 50
	FP_ROUTE KBUF..KEWR

TRACK_TIME 1167737286
TRACK A20110117612828 B752 380600 854300 120 30 999 NONE NONE 360
	FP_ROUTE KSDF..KMCO

TRACK_TIME 1167737286
TRACK A20110117612835 B737 395200 1043600 120 30 999 NONE NONE 370
	FP_ROUTE KDEN..KTUL

TRACK_TIME 1167737286
TRACK A20110117612836 A319 395260 751300 120 30 999 NONE NONE 360
	FP_ROUTE KPHL..KMSY

TRACK_TIME 1167737286
TRACK A20110117612837 MD82 325260 970160 120 30 999 NONE NONE 350
	FP_ROUTE KDFW..KSDF

TRACK_TIME 1167737286
TRACK A20110117612839 DH8A 404360 735100 120 30 999 NONE NONE 51
	FP_ROUTE KLGA..KPHL

TRACK_TIME 1167737286
TRACK A20110117612840 MD83 325100 970300 120 30 999 NONE NONE 340
	FP_ROUTE KDFW..KSAN

TRACK_TIME 1167737286
TRACK A20110117612841 A319 332560 1115800 120 30 999 NONE NONE 350
	FP_ROUTE KPHX..KBWI

TRACK_TIME 1167737286
TRACK A20110117612844 CRJ9 332560 1115860 120 30 999 NONE NONE 310
	FP_ROUTE KPHX..KELP

TRACK_TIME 1167737286
TRACK A20110117612860 B744 610760 1500760 120 30 999 NONE NONE 330
	FP_ROUTE KANC..KLAX

TRACK_TIME 1167737286
TRACK A20110117612866 A320 422200 705860 120 30 999 NONE NONE 340
	FP_ROUTE KBOS..KRSW

TRACK_TIME 1167737286
TRACK A20110117612871 E145 415800 875700 120 30 999 NONE NONE 370
	FP_ROUTE KORD..KHSV

TRACK_TIME 1167737286
TRACK A20110117612872 A320 282400 811800 120 30 999 NONE NONE 350
	FP_ROUTE KMCO..KBUF

TRACK_TIME 1167737286
TRACK A20110117612874 MD83 340160 1173400 120 30 999 NONE NONE 310
	FP_ROUTE KONT..KDFW

TRACK_TIME 1167737286
TRACK A20110117612875 MD83 325260 970300 120 30 999 NONE NONE 330
	FP_ROUTE KDFW..KMCI

TRACK_TIME 1167737286
TRACK A20110117612876 B763 205500 1562400 120 30 999 NONE NONE 360
	FP_ROUTE KOGG..KLAX

TRACK_TIME 1167737286
TRACK A20110117612877 B733 350300 1063760 120 30 999 NONE NONE 340
	FP_ROUTE KABQ..KLAS

TRACK_TIME 1167737286
TRACK A20110117612878 DH8A 404500 735100 120 30 999 NONE NONE 160
	FP_ROUTE KLGA..KROC

TRACK_TIME 1167737286
TRACK A20110117612880 E145 325260 970300 120 30 999 NONE NONE 160
	FP_ROUTE KDFW..KGRK

TRACK_TIME 1167737286
TRACK A20110117612881 E135 255400 972500 120 30 999 NONE NONE 250
	FP_ROUTE KBRO..KDFW

TRACK_TIME 1167737286
TRACK A20110117612882 E145 345560 821060 120 30 999 NONE NONE 360
	FP_ROUTE KGSP..KDFW

TRACK_TIME 1167737286
TRACK A20110117612884 B752 404900 735200 120 30 999 NONE NONE 380
	FP_ROUTE KLGA..KMIA

TRACK_TIME 1167737286
TRACK A20110117612890 E135 325200 970300 120 30 999 NONE NONE 170
	FP_ROUTE KDFW..KCLL

TRACK_TIME 1167737286
TRACK A20110117612896 B737 332560 1120000 120 30 999 NONE NONE 390
	FP_ROUTE KPHX..KDEN

TRACK_TIME 1167737286
TRACK A20110117612897 B737 395260 1043300 120 30 999 NONE NONE 390
	FP_ROUTE KDEN..KIND

TRACK_TIME 1167737286
TRACK A20110117612914 MD83 484800 1223160 120 30 999 NONE NONE 330
	FP_ROUTE KBLI..KOAK

TRACK_TIME 1167737286
TRACK A20110117612915 B737 335700 1182860 120 30 999 NONE NONE 360
	FP_ROUTE KLAX..KOAK

TRACK_TIME 1167737286
TRACK A20110117612916 B737 282400 811800 120 30 999 NONE NONE 390
	FP_ROUTE KMCO..KCMH

TRACK_TIME 1167737286
TRACK A20110117612921 MD82 385200 770160 120 30 999 NONE NONE 340
	FP_ROUTE KDCA..KDFW

TRACK_TIME 1167737286
TRACK A20110117612926 CRJ9 403900 734360 120 30 999 NONE NONE 340
	FP_ROUTE KJFK..KORD

TRACK_TIME 1167737286
TRACK A20110117612932 DH8A 381960 823160 120 30 999 NONE NONE 110
	FP_ROUTE KHTS..KCLT

TRACK_TIME 1167737286
TRACK A20110117612934 B712 390900 763900 120 30 999 NONE NONE 340
	FP_ROUTE KBWI..KSRQ

TRACK_TIME 1167737286
TRACK A20110117612936 DH8A 371060 795860 120 30 999 NONE NONE 100
	FP_ROUTE KROA..KCLT

TRACK_TIME 1167737286
TRACK A20110117612937 B752 373900 1221960 120 30 999 NONE NONE 370
	FP_ROUTE KSFO..KEWR

TRACK_TIME 1167737286
TRACK A20110117612938 CRJ2 333900 842260 120 30 999 NONE NONE 270
	FP_ROUTE KATL..KCAK

TRACK_TIME 1167737286
TRACK A20110117612941 B752 373900 1221900 120 30 999 NONE NONE 370
	FP_ROUTE KSFO..KMIA

TRACK_TIME 1167737286
TRACK A20110117612942 CRJ2 405560 812400 120 30 999 NONE NONE 260
	FP_ROUTE KCAK..KATL

TRACK_TIME 1167737286
TRACK A20110117612957 MD82 300160 901900 120 30 999 NONE NONE 110
	FP_ROUTE KMSY..KDFW

TRACK_TIME 1167737286
TRACK A20110117612958 MD82 325260 970300 120 30 999 NONE NONE 340
	FP_ROUTE KDFW..KELP

TRACK_TIME 1167737286
TRACK A20110117612960 LJ45 402860 801300 120 30 999 NONE NONE 180
	FP_ROUTE KPIT..KTOL

TRACK_TIME 1167737286
TRACK A20110117612961 CRJ2 395260 1043400 120 30 999 NONE NONE 340
	FP_ROUTE KDEN..KMSO

TRACK_TIME 1167737286
TRACK A20110117612962 B734 373900 1222100 120 30 999 NONE NONE 300
	FP_ROUTE KSFO..KSEA

TRACK_TIME 1167737286
TRACK A20110117612968 B763 375560 854200 120 30 999 NONE NONE 350
	FP_ROUTE KSDF..KEWR

TRACK_TIME 1167737286
TRACK A20110117612971 A320 325100 970160 120 30 999 NONE NONE 370
	FP_ROUTE KDFW..KCLT

TRACK_TIME 1167737286
TRACK A20110117612972 MD83 325200 970160 120 30 999 NONE NONE 290
	FP_ROUTE KDFW..KBOS

TRACK_TIME 1167737286
TRACK A20110117612973 CRJ2 433900 702100 120 30 999 NONE NONE 280
	FP_ROUTE KPWM..KPHL

TRACK_TIME 1167737286
TRACK A20110117612974 A319 293100 982800 120 30 999 NONE NONE 360
	FP_ROUTE KSAT..KPHX

TRACK_TIME 1167737286
TRACK A20110117612982 FA20 411900 955500 120 30 999 NONE NONE 350
	FP_ROUTE KOMA..KDPA

TRACK_TIME 1167737286
TRACK A20110117612984 B733 332560 1120160 120 30 999 NONE NONE 260
	FP_ROUTE KPHX..KLAS

TRACK_TIME 1167737286
TRACK A20110117612985 CRJ2 395260 751060 120 30 999 NONE NONE 290
	FP_ROUTE KPHL..KPWM

TRACK_TIME 1167737286
TRACK A20110117612992 BE20 350100 851300 120 30 999 NONE NONE 251
	FP_ROUTE KCHA..KDTW

TRACK_TIME 1167737286
TRACK A20110117612993 BE20 421000 831960 120 30 999 NONE NONE 261
	FP_ROUTE KDTW..KCHA

TRACK_TIME 1167737286
TRACK A20110117612995 MD82 341000 1182200 120 30 999 NONE NONE 330
	FP_ROUTE KBUR..KDFW

TRACK_TIME 1167737286
TRACK A20110117613001 E145 325200 970160 120 30 999 NONE NONE 370
	FP_ROUTE KDFW..KCLE

TRACK_TIME 1167737286
TRACK A20110117613003 E135 421200 853300 120 30 999 NONE NONE 100
	FP_ROUTE KAZO..KORD

TRACK_TIME 1167737286
TRACK A20110117613004 F900 481660 1141660 120 30 999 NONE NONE 400
	FP_ROUTE KGPI..KSJC

TRACK_TIME 1167737286
TRACK A20110117613005 CRJ2 444960 931060 120 30 999 NONE NONE 310
	FP_ROUTE KMSP..KPIT

TRACK_TIME 1167737286
TRACK A20110117613006 MD82 314800 1062400 120 30 999 NONE NONE 110
	FP_ROUTE KELP..KDFW

TRACK_TIME 1167737286
TRACK A20110117613007 B738 295700 951960 120 30 999 NONE NONE 350
	FP_ROUTE KIAH..KIND

TRACK_TIME 1167737286
TRACK A20110117613023 CRJ9 384360 901660 120 30 999 NONE NONE 330
	FP_ROUTE KSTL..KDTW

TRACK_TIME 1167737286
TRACK A20110117613036 B773 475500 1221660 120 30 999 NONE NONE 390
	FP_ROUTE KPAE..KPAE

TRACK_TIME 1167737286
TRACK A20110117613038 MD82 415800 875700 120 30 999 NONE NONE 280
	FP_ROUTE KORD..KSTL

TRACK_TIME 1167737286
TRACK A20110117613043 CL60 264300 800000 120 30 999 NONE NONE 380
	FP_ROUTE KPBI..KATL

TRACK_TIME 1167737286
TRACK A20110117613044 MD83 360900 864200 120 30 999 NONE NONE 360
	FP_ROUTE KBNA..KDFW

TRACK_TIME 1167737286
TRACK A20110117613045 MD83 325260 970300 120 30 999 NONE NONE 340
	FP_ROUTE KDFW..KBUR

TRACK_TIME 1167737286
TRACK A20110117613048 B752 333760 842200 120 30 999 NONE NONE 370
	FP_ROUTE KATL..KBOS

TRACK_TIME 1167737286
TRACK A20110117613067 CRJ2 404900 964500 120 30 999 NONE NONE 110
	FP_ROUTE KLNK..KMSP

TRACK_TIME 1167737286
TRACK A20110117613068 CRJ2 445200 930900 120 30 999 NONE NONE 270
	FP_ROUTE KMSP..KGRB

TRACK_TIME 1167737286
TRACK A20110117613069 SF34 350100 895800 120 30 999 NONE NONE 70
	FP_ROUTE KMEM..KGTR

TRACK_TIME 1167737286
TRACK A20110117613070 C550 385100 895860 120 30 999 NONE NONE 159
	FP_ROUTE KALN..KLBO

TRACK_TIME 1167737286
TRACK A20110117613072 A319 404500 735100 120 30 999 NONE NONE 380
	FP_ROUTE KLGA..KRSW

TRACK_TIME 1167737286
TRACK A20110117613077 B738 422200 705860 120 30 999 NONE NONE 380
	FP_ROUTE KBOS..KDTW

TRACK_TIME 1167737286
TRACK A20110117613079 A320 373900 1222100 120 30 999 NONE NONE 370
	FP_ROUTE KSFO..KMCO

TRACK_TIME 1167737286
TRACK A20110117613080 E145 404360 734900 120 30 999 NONE NONE 360
	FP_ROUTE KLGA..KSAV

TRACK_TIME 1167737286
TRACK A20110117613087 CRJ2 444800 931360 120 30 999 NONE NONE 110
	FP_ROUTE KMSP..KRST

TRACK_TIME 1167737286
TRACK A20110117613093 A319 373900 1221960 120 30 999 NONE NONE 350
	FP_ROUTE KSFO..KIAD

TRACK_TIME 1167737286
TRACK A20110117613098 B735 374300 1221500 120 30 999 NONE NONE 370
	FP_ROUTE KOAK..KLAX

TRACK_TIME 1167737286
TRACK A20110117613099 B735 335700 1183000 120 30 999 NONE NONE 330
	FP_ROUTE KLAX..KSAT

TRACK_TIME 1167737286
TRACK A20110117613104 B752 422200 705860 120 30 999 NONE NONE 400
	FP_ROUTE KBOS..KATL

TRACK_TIME 1167737286
TRACK A20110117613105 B752 333900 842200 120 30 999 NONE NONE 380
	FP_ROUTE KATL..KSAT

TRACK_TIME 1167737286
TRACK A20110117613110 CRJ2 333900 842260 120 30 999 NONE NONE 140
	FP_ROUTE KATL..KMGM

TRACK_TIME 1167737286
TRACK A20110117613111 CRJ2 321800 862200 120 30 999 NONE NONE 40
	FP_ROUTE KMGM..KATL

TRACK_TIME 1167737286
TRACK A20110117613112 CRJ1 421300 832200 120 30 999 NONE NONE 141
	FP_ROUTE KDTW..KDAY

TRACK_TIME 1167737286
TRACK A20110117613115 E120 441600 1211000 120 30 999 NONE NONE 160
	FP_ROUTE KRDM..KPDX

TRACK_TIME 1167737286
TRACK A20110117613117 A320 263000 815200 120 30 999 NONE NONE 370
	FP_ROUTE KRSW..KBOS

TRACK_TIME 1167737286
TRACK A20110117613118 E135 325260 970160 120 30 999 NONE NONE 290
	FP_ROUTE KDFW..KBTR

TRACK_TIME 1167737286
TRACK A20110117613121 CRJ2 373760 1222200 120 30 999 NONE NONE 300
	FP_ROUTE KSFO..KRDM

TRACK_TIME 1167737286
TRACK A20110117613123 E120 335560 1182700 120 30 999 NONE NONE 210
	FP_ROUTE KLAX..KNYL

TRACK_TIME 1167737286
TRACK A20110117613132 CRJ2 350000 895860 120 30 999 NONE NONE 190
	FP_ROUTE KMEM..KJAN

TRACK_TIME 1167737286
TRACK A20110117613133 CRJ2 321900 900100 120 30 999 NONE NONE 220
	FP_ROUTE KJAN..KMEM

TRACK_TIME 1167737286
TRACK A20110117613134 CRJ2 363600 1215260 120 30 999 NONE NONE 90
	FP_ROUTE KMRY..KSFO

TRACK_TIME 1167737286
TRACK A20110117613137 CRJ2 395260 751200 120 30 999 NONE NONE 280
	FP_ROUTE KPHL..KCLE

TRACK_TIME 1167737286
TRACK A20110117613142 B752 422100 710100 120 30 999 NONE NONE 380
	FP_ROUTE KBOS..KDEN

TRACK_TIME 1167737286
TRACK A20110117613146 B752 395260 1043300 120 30 999 NONE NONE 360
	FP_ROUTE KDEN..KSEA

TRACK_TIME 1167737286
TRACK A20110117613147 C560 415100 1115260 120 30 999 NONE NONE 410
	FP_ROUTE KLGU..KIND

TRACK_TIME 1167737286
TRACK A20110117613148 CRJ2 415700 875800 120 30 999 NONE NONE 340
	FP_ROUTE KORD..KMEM

TRACK_TIME 1167737286
TRACK A20110117613149 CRJ2 350160 895860 120 30 999 NONE NONE 340
	FP_ROUTE KMEM..KORD

TRACK_TIME 1167737286
TRACK A20110117613152 A320 472560 1221900 120 30 999 NONE NONE 350
	FP_ROUTE KSEA..KLGB

TRACK_TIME 1167737286
TRACK A20110117613154 A319 395200 1043460 120 30 999 NONE NONE 370
	FP_ROUTE KDEN..KTUL

TRACK_TIME 1167737286
TRACK A20110117613159 B738 325100 970160 120 30 999 NONE NONE 330
	FP_ROUTE KDFW..KDTW

TRACK_TIME 1167737286
TRACK A20110117613168 CRJ2 333760 842200 120 30 999 NONE NONE 230
	FP_ROUTE KATL..KTLH

TRACK_TIME 1167737286
TRACK A20110117613169 MD83 360760 1150900 120 30 999 NONE NONE 320
	FP_ROUTE KLAS..KFAT

TRACK_TIME 1167737286
TRACK A20110117613170 CRJ2 333900 842200 120 30 999 NONE NONE 310
	FP_ROUTE KATL..KCAK

TRACK_TIME 1167737286
TRACK A20110117613173 B737 472560 1221900 120 30 999 NONE NONE 350
	FP_ROUTE KSEA..KSNA

TRACK_TIME 1167737286
TRACK A20110117613174 AT72 244500 813700 120 30 999 NONE NONE 80
	FP_ROUTE KEYW..KMIA

TRACK_TIME 1167737286
TRACK A20110117613179 A320 422200 705800 120 30 999 NONE NONE 340
	FP_ROUTE KBOS..KSFO

TRACK_TIME 1167737286
TRACK A20110117613185 CRJ2 385700 773100 120 30 999 NONE NONE 270
	FP_ROUTE KIAD..KALB

TRACK_TIME 1167737286
TRACK A20110117613186 CRJ2 424600 734800 120 30 999 NONE NONE 260
	FP_ROUTE KALB..KIAD

TRACK_TIME 1167737286
TRACK A20110117613187 B738 390000 843900 120 30 999 NONE NONE 370
	FP_ROUTE KCVG..KLGA

TRACK_TIME 1167737286
TRACK A20110117613191 B737 384200 1213160 120 30 999 NONE NONE 360
	FP_ROUTE KSMF..KSEA

TRACK_TIME 1167737286
TRACK A20110117613196 B734 551600 1313600 120 30 999 NONE NONE 148
	FP_ROUTE KKTN..KSEA

TRACK_TIME 1167737286
TRACK A20110117613200 MD82 351360 805700 120 30 999 NONE NONE 340
	FP_ROUTE KCLT..KDFW

TRACK_TIME 1167737286
TRACK A20110117613201 DH8C 372260 791660 120 30 999 NONE NONE 90
	FP_ROUTE KLYH..KCLT

TRACK_TIME 1167737286
TRACK A20110117613202 B739 335700 1183000 120 30 999 NONE NONE 360
	FP_ROUTE KLAX..KSEA

TRACK_TIME 1167737286
TRACK A20110117613205 CRJ2 421060 852860 120 30 999 NONE NONE 110
	FP_ROUTE KAZO..KDTW

TRACK_TIME 1167737286
TRACK A20110117613206 CRJ2 351360 805700 120 30 999 NONE NONE 260
	FP_ROUTE KCLT..KCAK

TRACK_TIME 1167737286
TRACK A20110117613207 CRJ2 405560 812500 120 30 999 NONE NONE 50
	FP_ROUTE KCAK..KCLT

TRACK_TIME 1167737286
TRACK A20110117613212 B733 360700 1150900 120 30 999 NONE NONE 280
	FP_ROUTE KLAS..KLAX

TRACK_TIME 1167737286
TRACK A20110117613213 B733 335700 1182800 120 30 999 NONE NONE 370
	FP_ROUTE KLAX..KDEN

TRACK_TIME 1167737286
TRACK A20110117613214 B733 394800 1043900 120 30 999 NONE NONE 350
	FP_ROUTE KDEN..KAMA

TRACK_TIME 1167737286
TRACK A20110117613215 B733 350900 1014300 120 30 999 NONE NONE 39
	FP_ROUTE KAMA..KDAL

TRACK_TIME 1167737286
TRACK A20110117613216 B733 324960 964960 120 30 999 NONE NONE 110
	FP_ROUTE KDAL..KHOU

TRACK_TIME 1167737286
TRACK A20110117613217 F900 264060 800400 120 30 999 NONE NONE 180
	FP_ROUTE KPBI..KEYW

TRACK_TIME 1167737286
TRACK A20110117613218 F900 243900 814060 120 30 999 NONE NONE 230
	FP_ROUTE KEYW..KPBI

TRACK_TIME 1167737286
TRACK A20110117613219 CRJ2 334000 842100 120 30 999 NONE NONE 320
	FP_ROUTE KATL..KLFT

TRACK_TIME 1167737286
TRACK A20110117613223 LJ35 435800 862500 120 30 999 NONE NONE 430
	FP_ROUTE KLDM..KVRB

TRACK_TIME 1167737286
TRACK A20110117613226 E145 395560 841200 120 30 999 NONE NONE 350
	FP_ROUTE KDAY..KEWR

TRACK_TIME 1167737286
TRACK A20110117613231 E190 335560 1182700 120 30 999 NONE NONE 350
	FP_ROUTE KLAX..KMCI

TRACK_TIME 1167737286
TRACK A20110117613235 B752 333760 842200 120 30 999 NONE NONE 390
	FP_ROUTE KATL..KLGA

TRACK_TIME 1167737286
TRACK A20110117613236 CRJ2 421200 832100 120 30 999 NONE NONE 290
	FP_ROUTE KDTW..KIAD

TRACK_TIME 1167737286
TRACK A20110117613237 CRJ2 430400 774200 120 30 999 NONE NONE 270
	FP_ROUTE KROC..KBOS

TRACK_TIME 1167737286
TRACK A20110117613239 B734 385260 770300 120 30 999 NONE NONE 280
	FP_ROUTE KDCA..KMCO

TRACK_TIME 1167737286
TRACK A20110117613242 B737 293760 951800 120 30 999 NONE NONE 239
	FP_ROUTE KHOU..KDAL

TRACK_TIME 1167737286
TRACK A20110117613246 FA10 420600 801000 120 30 999 NONE NONE 300
	FP_ROUTE KERI..KSPI

TRACK_TIME 1167737286
TRACK A20110117613247 FA10 395100 894000 120 30 999 NONE NONE 100
	FP_ROUTE KSPI..KUIN

TRACK_TIME 1167737286
TRACK A20110117613248 FA50 424060 831800 120 30 999 NONE NONE 380
	FP_ROUTE KPTK..KPBI

TRACK_TIME 1167737286
TRACK A20110117613249 FA50 264200 801060 120 30 999 NONE NONE 390
	FP_ROUTE KPBI..KPTK

TRACK_TIME 1167737286
TRACK A20110117613252 B737 324960 964960 120 30 999 NONE NONE 380
	FP_ROUTE KDAL..KMAF

TRACK_TIME 1167737286
TRACK A20110117613254 FA10 395560 911200 120 30 999 NONE NONE 310
	FP_ROUTE KUIN..KERI

TRACK_TIME 1167737286
TRACK A20110117613259 B752 385260 770300 120 30 999 NONE NONE 360
	FP_ROUTE KDCA..KATL

TRACK_TIME 1167737286
TRACK A20110117613260 E170 400000 825260 120 30 999 NONE NONE 290
	FP_ROUTE KCMH..KCLT

TRACK_TIME 1167737286
TRACK A20110117613265 E135 412400 815260 120 30 999 NONE NONE 330
	FP_ROUTE KCLE..KLGA

TRACK_TIME 1167737286
TRACK A20110117613267 B738 404800 735200 120 30 999 NONE NONE 380
	FP_ROUTE KLGA..KPBI

TRACK_TIME 1167737286
TRACK A20110117613271 E145 425560 875400 120 30 999 NONE NONE 360
	FP_ROUTE KMKE..KIAH

TRACK_TIME 1167737286
TRACK A20110117613276 E145 354960 835800 120 30 999 NONE NONE 350
	FP_ROUTE KTYS..KEWR

TRACK_TIME 1167737286
TRACK A20110117613277 CL60 320760 810700 120 30 999 NONE NONE 350
	FP_ROUTE KSAV..KISP

TRACK_TIME 1167737286
TRACK A20110117613278 AT72 325260 970300 120 30 999 NONE NONE 100
	FP_ROUTE KDFW..KSJT

TRACK_TIME 1167737286
TRACK A20110117613279 B738 282400 811800 120 30 999 NONE NONE 370
	FP_ROUTE KMCO..KEWR

TRACK_TIME 1167737286
TRACK A20110117613284 B752 405200 1115860 120 30 999 NONE NONE 370
	FP_ROUTE KSLC..KJFK

TRACK_TIME 1167737286
TRACK A20110117613285 CRJ9 422200 710100 120 30 999 NONE NONE 220
	FP_ROUTE KBOS..KJFK

TRACK_TIME 1167737286
TRACK A20110117613293 CRJ2 412200 754300 120 30 999 NONE NONE 280
	FP_ROUTE KAVP..KDTW

TRACK_TIME 1167737286
TRACK A20110117613294 MD83 335560 1182560 120 30 999 NONE NONE 330
	FP_ROUTE KLAX..KSTL

TRACK_TIME 1167737286
TRACK A20110117613295 E145 390900 763600 120 30 999 NONE NONE 91
	FP_ROUTE KBWI..KPHL

TRACK_TIME 1167737286
TRACK A20110117613298 MD83 422800 1224900 120 30 999 NONE NONE 330
	FP_ROUTE KMFR..KIWA

TRACK_TIME 1167737286
TRACK A20110117613304 DH8A 395260 751200 120 30 999 NONE NONE 120
	FP_ROUTE KPHL..KAVP

TRACK_TIME 1167737286
TRACK A20110117613305 C560 454800 1111360 120 30 999 NONE NONE 410
	FP_ROUTE KBZN..KMSP

TRACK_TIME 1167737286
TRACK A20110117613306 MD83 404900 735100 120 30 999 NONE NONE 320
	FP_ROUTE KLGA..KORD

TRACK_TIME 1167737286
TRACK A20110117613311 E145 415700 875860 120 30 999 NONE NONE 40
	FP_ROUTE KORD..KSDF

TRACK_TIME 1167737286
TRACK A20110117613312 E145 380760 854300 120 30 999 NONE NONE 110
	FP_ROUTE KSDF..KORD

TRACK_TIME 1167737286
TRACK A20110117613316 E145 325200 970160 120 30 999 NONE NONE 370
	FP_ROUTE KDFW..KDAY

TRACK_TIME 1167737286
TRACK A20110117613318 C560 445100 931300 120 30 999 NONE NONE 410
	FP_ROUTE KMSP..KHPN

TRACK_TIME 1167737286
TRACK A20110117613319 BE20 273900 992800 120 30 999 NONE NONE 110
	FP_ROUTE KLRD..KCRP

TRACK_TIME 1167737286
TRACK A20110117613320 B733 332560 1115860 120 30 999 NONE NONE 350
	FP_ROUTE KPHX..KDFW

TRACK_TIME 1167737286
TRACK A20110117613321 CRJ9 320400 1105260 120 30 999 NONE NONE 100
	FP_ROUTE KTUS..KPHX

TRACK_TIME 1167737286
TRACK A20110117613322 A319 445400 931500 120 30 999 NONE NONE 370
	FP_ROUTE KMSP..KBWI

TRACK_TIME 1167737286
TRACK A20110117613323 DH8A 412400 754000 120 30 999 NONE NONE 40
	FP_ROUTE KAVP..KPHL

TRACK_TIME 1167737286
TRACK A20110117613331 CRJ2 390300 844060 120 30 999 NONE NONE 320
	FP_ROUTE KCVG..KMCI

TRACK_TIME 1167737286
TRACK A20110117613332 A320 384000 1213460 120 30 999 NONE NONE 370
	FP_ROUTE KSMF..KPHX

TRACK_TIME 1167737286
TRACK A20110117613335 E145 412400 815260 120 30 999 NONE NONE 270
	FP_ROUTE KCLE..KBDL

TRACK_TIME 1167737286
TRACK A20110117613336 C550 333700 1115560 120 30 999 NONE NONE 350
	FP_ROUTE KSDL..KAPA

TRACK_TIME 1167737286
TRACK A20110117613338 A321 351360 805700 120 30 999 NONE NONE 320
	FP_ROUTE KCLT..KLAX

TRACK_TIME 1167737286
TRACK A20110117613340 B738 261500 974000 120 30 999 NONE NONE 370
	FP_ROUTE KHRL..KMSP

TRACK_TIME 1167737286
TRACK A20110117613342 B712 260460 800760 120 30 999 NONE NONE 340
	FP_ROUTE KFLL..KATL

TRACK_TIME 1167737286
TRACK A20110117613343 CRJ2 440600 1231300 120 30 999 NONE NONE 330
	FP_ROUTE KEUG..KBOI

TRACK_TIME 1167737286
TRACK A20110117613356 BE20 274500 973000 120 30 999 NONE NONE 120
	FP_ROUTE KCRP..KLRD

TRACK_TIME 1167737286
TRACK A20110117613358 MD82 384900 1044060 120 30 999 NONE NONE 270
	FP_ROUTE KCOS..KDFW

TRACK_TIME 1167737286
TRACK A20110117613360 E145 344300 921500 120 30 999 NONE NONE 220
	FP_ROUTE KLIT..KIAH

TRACK_TIME 1167737286
TRACK A20110117613361 B733 421200 832200 120 30 999 NONE NONE 220
	FP_ROUTE KDTW..KMDW

TRACK_TIME 1167737286
TRACK A20110117613362 B733 414500 874200 120 30 999 NONE NONE 260
	FP_ROUTE KMDW..KSTL

TRACK_TIME 1167737286
TRACK A20110117613363 B733 384360 901660 120 30 999 NONE NONE 340
	FP_ROUTE KSTL..KDAL

TRACK_TIME 1167737286
TRACK A20110117613364 B733 324960 964960 120 30 999 NONE NONE 300
	FP_ROUTE KDAL..KSAT

TRACK_TIME 1167737286
TRACK A20110117613366 B763 211660 1575260 120 30 999 NONE NONE 360
	FP_ROUTE KHNL..KLAX

TRACK_TIME 1167737286
TRACK A20110117613367 B752 335560 1182800 120 30 999 NONE NONE 350
	FP_ROUTE KLAX..KIAD

TRACK_TIME 1167737286
TRACK A20110117613368 CRJ2 395260 751200 120 30 999 NONE NONE 40
	FP_ROUTE KPHL..KABE

TRACK_TIME 1167737286
TRACK A20110117613369 B734 395260 751360 120 30 999 NONE NONE 280
	FP_ROUTE KPHL..KPBI

TRACK_TIME 1167737286
TRACK A20110117613370 CRJ2 333900 842260 120 30 999 NONE NONE 200
	FP_ROUTE KATL..KBHM

TRACK_TIME 1167737286
TRACK A20110117613371 CRJ2 333300 864600 120 30 999 NONE NONE 170
	FP_ROUTE KBHM..KATL

TRACK_TIME 1167737286
TRACK A20110117613375 A320 472560 1221900 120 30 999 NONE NONE 370
	FP_ROUTE KSEA..KPHX

TRACK_TIME 1167737286
TRACK A20110117613376 B737 350700 1063700 120 30 999 NONE NONE 360
	FP_ROUTE KABQ..KPHX

TRACK_TIME 1167737286
TRACK A20110117613377 B737 332560 1120300 120 30 999 NONE NONE 300
	FP_ROUTE KPHX..KSNA

TRACK_TIME 1167737286
TRACK A20110117613378 B737 333900 1175260 120 30 999 NONE NONE 320
	FP_ROUTE KSNA..KOAK

TRACK_TIME 1167737286
TRACK A20110117613381 B737 374360 1221500 120 30 999 NONE NONE 390
	FP_ROUTE KOAK..KSLC

TRACK_TIME 1167737286
TRACK A20110117613385 E170 351360 805800 120 30 999 NONE NONE 340
	FP_ROUTE KCLT..KIND

TRACK_TIME 1167737286
TRACK A20110117613388 E170 365400 761060 120 30 999 NONE NONE 40
	FP_ROUTE KORF..KCLT

TRACK_TIME 1167737286
TRACK A20110117613389 E135 411060 1045200 120 30 999 NONE NONE 370
	FP_ROUTE KCYS..KDFW

TRACK_TIME 1167737286
TRACK A20110117613393 A319 422200 705860 120 30 999 NONE NONE 280
	FP_ROUTE KBOS..KACY

TRACK_TIME 1167737286
TRACK A20110117613394 B733 293300 982700 120 30 999 NONE NONE 300
	FP_ROUTE KSAT..KHRL

TRACK_TIME 1167737286
TRACK A20110117613401 B739 295700 952100 120 30 999 NONE NONE 340
	FP_ROUTE KIAH..KSAN

TRACK_TIME 1167737286
TRACK A20110117613402 AT72 351000 1014300 120 30 999 NONE NONE 110
	FP_ROUTE KAMA..KDFW

TRACK_TIME 1167737286
TRACK A20110117613403 A321 260460 800460 120 30 999 NONE NONE 330
	FP_ROUTE KFLL..KCLT

TRACK_TIME 1167737286
TRACK A20110117613404 E145 412260 815400 120 30 999 NONE NONE 290
	FP_ROUTE KCLE..KALB

TRACK_TIME 1167737286
TRACK A20110117613405 B752 415860 875860 120 30 999 NONE NONE 360
	FP_ROUTE KORD..KLAX

TRACK_TIME 1167737286
TRACK A20110117613409 B734 351360 805700 120 30 999 NONE NONE 320
	FP_ROUTE KCLT..KIAH

TRACK_TIME 1167737286
TRACK A20110117613414 B735 301800 974200 120 30 999 NONE NONE 360
	FP_ROUTE KAUS..KLAX

TRACK_TIME 1167737286
TRACK A20110117613417 F2TH 360700 1150900 120 30 999 NONE NONE 220
	FP_ROUTE KLAS..KVNY

TRACK_TIME 1167737286
TRACK A20110117613418 CRJ2 404360 734800 120 30 999 NONE NONE 320
	FP_ROUTE KLGA..KCLT

TRACK_TIME 1167737286
TRACK A20110117613420 CRJ9 421200 832200 120 30 999 NONE NONE 340
	FP_ROUTE KDTW..KDFW

TRACK_TIME 1167737286
TRACK A20110117613426 CRJ9 325200 970160 120 30 999 NONE NONE 330
	FP_ROUTE KDFW..KDTW

TRACK_TIME 1167737286
TRACK A20110117613430 B735 335700 1182700 120 30 999 NONE NONE 370
	FP_ROUTE KLAX..KSLC

TRACK_TIME 1167737286
TRACK A20110117613431 B738 472560 1221800 120 30 999 NONE NONE 350
	FP_ROUTE KSEA..KJFK

TRACK_TIME 1167737286
TRACK A20110117613433 PAY2 422400 904300 120 30 999 NONE NONE 250
	FP_ROUTE KDBQ..KFDY

TRACK_TIME 1167737286
TRACK A20110117613434 PAY2 412200 833300 120 30 999 NONE NONE 40
	FP_ROUTE KFDY..KTDZ

TRACK_TIME 1167737286
TRACK A20110117613435 PAY2 413400 832560 120 30 999 NONE NONE 241
	FP_ROUTE KTDZ..KDBQ

TRACK_TIME 1167737286
TRACK A20110117613436 MD82 343900 902100 120 30 999 NONE NONE 320
	FP_ROUTE KUTA..KDFW

TRACK_TIME 1167737286
TRACK A20110117613437 B735 404960 1120000 120 30 999 NONE NONE 340
	FP_ROUTE KSLC..KBOI

TRACK_TIME 1167737286
TRACK A20110117613438 B735 433460 1161500 120 30 999 NONE NONE 350
	FP_ROUTE KBOI..KLAS

TRACK_TIME 1167737286
TRACK A20110117613444 FA10 324960 964960 120 30 999 NONE NONE 360
	FP_ROUTE KDAL..KTRM

TRACK_TIME 1167737286
TRACK A20110117613445 FA10 334000 1160160 120 30 999 NONE NONE 390
	FP_ROUTE KTRM..KDAL

TRACK_TIME 1167737286
TRACK A20110117613446 B737 472560 1221900 120 30 999 NONE NONE 390
	FP_ROUTE KSEA..KDEN

TRACK_TIME 1167737286
TRACK A20110117613447 B737 395260 1043600 120 30 999 NONE NONE 390
	FP_ROUTE KDEN..KDTW

TRACK_TIME 1167737286
TRACK A20110117613448 B737 421200 832260 120 30 999 NONE NONE 220
	FP_ROUTE KDTW..KMDW

TRACK_TIME 1167737286
TRACK A20110117613449 DH8D 405860 1241000 120 30 999 NONE NONE 250
	FP_ROUTE KACV..KLAX

TRACK_TIME 1167737286
TRACK A20110117613450 B738 254800 801500 120 30 999 NONE NONE 370
	FP_ROUTE KMIA..KIAD

TRACK_TIME 1167737286
TRACK A20110117613459 B752 403900 734360 120 30 999 NONE NONE 380
	FP_ROUTE KJFK..KLAX

TRACK_TIME 1167737286
TRACK A20110117613463 C560 394000 861300 120 30 999 NONE NONE 90
	FP_ROUTE KIND..KEQY

TRACK_TIME 1167737286
TRACK A20110117613465 DH8A 381000 782700 120 30 999 NONE NONE 40
	FP_ROUTE KCHO..KPHL

TRACK_TIME 1167737286
TRACK A20110117613466 B763 415800 875800 120 30 999 NONE NONE 360
	FP_ROUTE KORD..KLAX

TRACK_TIME 1167737286
TRACK A20110117613474 A319 433400 1161500 120 30 999 NONE NONE 370
	FP_ROUTE KBOI..KPHX

TRACK_TIME 1167737286
TRACK A20110117613477 A320 395260 1043400 120 30 999 NONE NONE 350
	FP_ROUTE KDEN..KDTW

TRACK_TIME 1167737286
TRACK A20110117613478 A319 332560 1120160 120 30 999 NONE NONE 370
	FP_ROUTE KPHX..KBOS

TRACK_TIME 1167737286
TRACK A20110117613479 A319 372400 1215800 120 30 999 NONE NONE 370
	FP_ROUTE KSJC..KPHX

TRACK_TIME 1167737286
TRACK A20110117613480 A319 332560 1120160 120 30 999 NONE NONE 350
	FP_ROUTE KPHX..KDTW

TRACK_TIME 1167737286
TRACK A20110117613485 A320 333760 842400 120 30 999 NONE NONE 50
	FP_ROUTE KATL..KCLT

TRACK_TIME 1167737286
TRACK A20110117613487 MD83 360600 864060 120 30 999 NONE NONE 340
	FP_ROUTE KBNA..KDFW

TRACK_TIME 1167737286
TRACK A20110117613489 E120 404800 1120000 120 30 999 NONE NONE 240
	FP_ROUTE KSLC..KDXZ

TRACK_TIME 1167737286
TRACK A20110117613490 CRJ2 464660 921200 120 30 999 NONE NONE 310
	FP_ROUTE KDLH..KORD

TRACK_TIME 1167737286
TRACK A20110117613495 E145 310160 974660 120 30 999 NONE NONE 170
	FP_ROUTE KGRK..KIAH

TRACK_TIME 1167737286
TRACK A20110117613503 CRJ2 394960 1044500 120 30 999 NONE NONE 330
	FP_ROUTE KDEN..KMOT

TRACK_TIME 1167737286
TRACK A20110117613510 CRJ2 481000 1012100 120 30 999 NONE NONE 320
	FP_ROUTE KMOT..KDEN

TRACK_TIME 1167737286
TRACK A20110117613519 CRJ2 415860 875200 120 30 999 NONE NONE 300
	FP_ROUTE KORD..KDLH

TRACK_TIME 1167737286
TRACK A20110117613535 B744 415800 880100 120 30 999 NONE NONE 360
	FP_ROUTE KORD..KANC

TRACK_TIME 1167737286
TRACK A20110117613537 B763 404900 1115860 120 30 999 NONE NONE 350
	FP_ROUTE KSLC..KATL

TRACK_TIME 1167737286
TRACK A20110117613542 B753 295560 952100 120 30 999 NONE NONE 320
	FP_ROUTE KIAH..KLAS

TRACK_TIME 1167737286
TRACK A20110117613559 B752 335560 1182700 120 30 999 NONE NONE 350
	FP_ROUTE KLAX..KORD

TRACK_TIME 1167737286
TRACK A20110117613560 E190 445260 931600 120 30 999 NONE NONE 300
	FP_ROUTE KMSP..KDEN

TRACK_TIME 1167737286
TRACK A20110117613562 CRJ2 333900 842200 120 30 999 NONE NONE 230
	FP_ROUTE KATL..KTRI

TRACK_TIME 1167737286
TRACK A20110117613563 CRJ2 362700 822560 120 30 999 NONE NONE 210
	FP_ROUTE KTRI..KATL

TRACK_TIME 1167737286
TRACK A20110117613567 A319 395260 751060 120 30 999 NONE NONE 120
	FP_ROUTE KPHL..KDTW

TRACK_TIME 1167737286
TRACK A20110117613568 A319 421200 832200 120 30 999 NONE NONE 360
	FP_ROUTE KDTW..KSAT

TRACK_TIME 1167737286
TRACK A20110117613572 CRJ2 350000 895860 120 30 999 NONE NONE 220
	FP_ROUTE KMEM..KFSM

TRACK_TIME 1167737286
TRACK A20110117613573 E145 273000 992700 120 30 999 NONE NONE 109
	FP_ROUTE KLRD..KDFW

TRACK_TIME 1167737286
TRACK A20110117613574 CRJ2 421200 832200 120 30 999 NONE NONE 290
	FP_ROUTE KDTW..KRIC

TRACK_TIME 1167737286
TRACK A20110117613575 CRJ2 373160 771900 120 30 999 NONE NONE 120
	FP_ROUTE KRIC..KDTW

TRACK_TIME 1167737286
TRACK A20110117613578 MD83 284660 811300 120 30 999 NONE NONE 350
	FP_ROUTE KSFB..KCHA

TRACK_TIME 1167737286
TRACK A20110117613581 E170 404500 734900 120 30 999 NONE NONE 360
	FP_ROUTE KLGA..KORD

TRACK_TIME 1167737286
TRACK A20110117613582 CRJ9 352200 973600 120 30 999 NONE NONE 350
	FP_ROUTE KOKC..KATL

TRACK_TIME 1167737286
TRACK A20110117613591 MD82 301600 974060 120 30 999 NONE NONE 110
	FP_ROUTE KAUS..KDFW

TRACK_TIME 1167737286
TRACK A20110117613592 MD82 325200 970300 120 30 999 NONE NONE 340
	FP_ROUTE KDFW..KONT

TRACK_TIME 1167737286
TRACK A20110117613600 B738 415700 724000 120 30 999 NONE NONE 320
	FP_ROUTE KBDL..KMIA

TRACK_TIME 1167737286
TRACK A20110117613601 B738 254800 801600 120 30 999 NONE NONE 360
	FP_ROUTE KMIA..KMSY

TRACK_TIME 1167737286
TRACK A20110117613607 E135 425200 853100 120 30 999 NONE NONE 100
	FP_ROUTE KGRR..KORD

TRACK_TIME 1167737286
TRACK A20110117613613 A320 444960 931360 120 30 999 NONE NONE 360
	FP_ROUTE KMSP..KTUS

TRACK_TIME 1167737286
TRACK A20110117613615 BE20 383300 1211900 120 30 999 NONE NONE 160
	FP_ROUTE KMHR..KLMT

TRACK_TIME 1167737286
TRACK A20110117613616 BE20 411500 1222100 120 30 999 NONE NONE 111
	FP_ROUTE KO46..KRDD

TRACK_TIME 1167737286
TRACK A20110117613617 B738 360760 1151060 120 30 999 NONE NONE 380
	FP_ROUTE KLAS..KSEA

TRACK_TIME 1167737286
TRACK A20110117613619 B738 404900 1120000 120 30 999 NONE NONE 320
	FP_ROUTE KSLC..KBOI

TRACK_TIME 1167737286
TRACK A20110117613620 B738 433460 1161600 120 30 999 NONE NONE 110
	FP_ROUTE KBOI..KSLC

TRACK_TIME 1167737286
TRACK A20110117613623 A320 390160 844000 120 30 999 NONE NONE 350
	FP_ROUTE KCVG..KTPA

TRACK_TIME 1167737286
TRACK A20110117613632 A319 400000 825260 120 30 999 NONE NONE 380
	FP_ROUTE KCMH..KDEN

TRACK_TIME 1167737286
TRACK A20110117613633 CRJ2 360700 864060 120 30 999 NONE NONE 340
	FP_ROUTE KBNA..KMSP

TRACK_TIME 1167737286
TRACK A20110117613654 CRJ2 320760 810900 120 30 999 NONE NONE 300
	FP_ROUTE KSAV..KORD

TRACK_TIME 1167737286
TRACK A20110117613657 A320 300000 901500 120 30 999 NONE NONE 380
	FP_ROUTE KMSY..KDEN

TRACK_TIME 1167737286
TRACK A20110117613658 B752 394660 1044000 120 30 999 NONE NONE 360
	FP_ROUTE KDEN..KSFO

TRACK_TIME 1167737286
TRACK A20110117613663 MD83 405500 982200 120 30 999 NONE NONE 320
	FP_ROUTE KGRI..KLAS

TRACK_TIME 1167737286
TRACK A20110117613676 CRJ2 344300 921500 120 30 999 NONE NONE 110
	FP_ROUTE KLIT..KMEM

TRACK_TIME 1167737286
TRACK A20110117613677 MD83 293100 982800 120 30 999 NONE NONE 110
	FP_ROUTE KSAT..KDFW

TRACK_TIME 1167737286
TRACK A20110117613680 MD83 325200 970300 120 30 999 NONE NONE 320
	FP_ROUTE KDFW..KSJC

TRACK_TIME 1167737286
TRACK A20110117613687 B735 395260 1043400 120 30 999 NONE NONE 350
	FP_ROUTE KDEN..KMDW

TRACK_TIME 1167737286
TRACK A20110117613688 E135 422200 705860 120 30 999 NONE NONE 220
	FP_ROUTE KBOS..KJFK

TRACK_TIME 1167737286
TRACK A20110117613691 BE20 353900 881000 120 30 999 NONE NONE 80
	FP_ROUTE KPVE..KMEM

TRACK_TIME 1167737286
TRACK A20110117613694 B737 293760 951600 120 30 999 NONE NONE 280
	FP_ROUTE KHOU..KSAT

TRACK_TIME 1167737286
TRACK A20110117613695 B737 293300 982700 120 30 999 NONE NONE 380
	FP_ROUTE KSAT..KLAX

TRACK_TIME 1167737286
TRACK A20110117613696 B737 300000 901500 120 30 999 NONE NONE 360
	FP_ROUTE KMSY..KHOU

TRACK_TIME 1167737286
TRACK A20110117613697 B737 335700 1182860 120 30 999 NONE NONE 380
	FP_ROUTE KLAX..KSMF

TRACK_TIME 1167737286
TRACK A20110117613701 E135 335560 810600 120 30 999 NONE NONE 360
	FP_ROUTE KCAE..KDFW

TRACK_TIME 1167737286
TRACK A20110117613702 MD83 395500 841060 120 30 999 NONE NONE 280
	FP_ROUTE KDAY..KDFW

TRACK_TIME 1167737286
TRACK A20110117613704 CRJ9 444960 931360 120 30 999 NONE NONE 240
	FP_ROUTE KMSP..KOMA

TRACK_TIME 1167737286
TRACK A20110117613705 CRJ9 411660 955260 120 30 999 NONE NONE 110
	FP_ROUTE KOMA..KMSP

TRACK_TIME 1167737286
TRACK A20110117613706 E120 405200 1045200 120 30 999 NONE NONE 120
	FP_ROUTE KCYS..KBJC

TRACK_TIME 1167737286
TRACK A20110117613708 LJ45 334200 843600 120 30 999 NONE NONE 120
	FP_ROUTE KFTY..KCSG

TRACK_TIME 1167737286
TRACK A20110117613716 MD83 300000 901500 120 30 999 NONE NONE 280
	FP_ROUTE KMSY..KDFW

TRACK_TIME 1167737286
TRACK A20110117613717 FA50 283300 811900 120 30 999 NONE NONE 370
	FP_ROUTE KORL..KJYO

TRACK_TIME 1167737286
TRACK A20110117613719 E145 415500 875560 120 30 999 NONE NONE 300
	FP_ROUTE KORD..KMCI

TRACK_TIME 1167737286
TRACK A20110117613720 E145 301000 920100 120 30 999 NONE NONE 200
	FP_ROUTE KLFT..KIAH

TRACK_TIME 1167737286
TRACK A20110117613722 B733 365400 761200 120 30 999 NONE NONE 160
	FP_ROUTE KORF..KBWI

TRACK_TIME 1167737286
TRACK A20110117613723 B733 390900 763900 120 30 999 NONE NONE 360
	FP_ROUTE KBWI..KMCI

TRACK_TIME 1167737286
TRACK A20110117613724 B733 391200 944500 120 30 999 NONE NONE 370
	FP_ROUTE KMCI..KMCO

TRACK_TIME 1167737286
TRACK A20110117613725 B737 260460 801000 120 30 999 NONE NONE 270
	FP_ROUTE KFLL..KJAX

TRACK_TIME 1167737286
TRACK A20110117613727 MD82 415800 880100 120 30 999 NONE NONE 320
	FP_ROUTE KORD..KDFW

TRACK_TIME 1167737286
TRACK A20110117613728 B737 394800 1043460 120 30 999 NONE NONE 370
	FP_ROUTE KDEN..KFLL

TRACK_TIME 1167737286
TRACK A20110117613729 B737 303000 814000 120 30 999 NONE NONE 380
	FP_ROUTE KJAX..KBNA

TRACK_TIME 1167737286
TRACK A20110117613732 C560 342200 1030400 120 30 999 NONE NONE 250
	FP_ROUTE KCVN..KLBB

TRACK_TIME 1167737286
TRACK A20110117613733 C560 334060 1014960 120 30 999 NONE NONE 170
	FP_ROUTE KLBB..K60F

TRACK_TIME 1167737286
TRACK A20110117613734 C560 333760 991660 120 30 999 NONE NONE 240
	FP_ROUTE K60F..KCVN

TRACK_TIME 1167737286
TRACK A20110117613735 EA50 420900 875100 120 30 999 NONE NONE 370
	FP_ROUTE KPWK..KMQS

TRACK_TIME 1167737286
TRACK A20110117613736 E190 403760 735100 120 30 999 NONE NONE 220
	FP_ROUTE KJFK..KBUF

TRACK_TIME 1167737286
TRACK A20110117613741 MD83 325260 970160 120 30 999 NONE NONE 330
	FP_ROUTE KDFW..KIAD

TRACK_TIME 1167737286
TRACK A20110117613747 E120 342560 1195100 120 30 999 NONE NONE 200
	FP_ROUTE KSBA..KFAT

TRACK_TIME 1167737286
TRACK A20110117613748 B733 414660 874060 120 30 999 NONE NONE 370
	FP_ROUTE KMDW..KBWI

TRACK_TIME 1167737286
TRACK A20110117613749 B733 390900 764000 120 30 999 NONE NONE 360
	FP_ROUTE KBWI..KBNA

TRACK_TIME 1167737286
TRACK A20110117613750 B733 360600 864060 120 30 999 NONE NONE 340
	FP_ROUTE KBNA..KHOU

TRACK_TIME 1167737286
TRACK A20110117613764 MU2 403760 752800 120 30 999 NONE NONE 220
	FP_ROUTE KABE..KGRD

TRACK_TIME 1167737286
TRACK A20110117613765 MU2 341200 820700 120 30 999 NONE NONE 260
	FP_ROUTE KGRD..KFMY

TRACK_TIME 1167737286
TRACK A20110117613766 MU2 264000 814300 120 30 999 NONE NONE 70
	FP_ROUTE KFMY..KFXE

TRACK_TIME 1167737286
TRACK A20110117613772 A320 422100 710100 120 30 999 NONE NONE 340
	FP_ROUTE KBOS..KLAX

TRACK_TIME 1167737286
TRACK A20110117613774 B752 335560 1182700 120 30 999 NONE NONE 390
	FP_ROUTE KLAX..KSLC

TRACK_TIME 1167737286
TRACK A20110117613776 SF34 322200 952200 120 30 999 NONE NONE 129
	FP_ROUTE KTYR..KIAH

TRACK_TIME 1167737286
TRACK A20110117613777 B738 263400 814300 120 30 999 NONE NONE 360
	FP_ROUTE KRSW..KDFW

TRACK_TIME 1167737286
TRACK A20110117613780 A320 332560 1115860 120 30 999 NONE NONE 350
	FP_ROUTE KPHX..KPHL

TRACK_TIME 1167737286
TRACK A20110117613781 E190 404900 735100 120 30 999 NONE NONE 170
	FP_ROUTE KLGA..KBOS

TRACK_TIME 1167737286
TRACK A20110117613782 A320 395260 751300 120 30 999 NONE NONE 380
	FP_ROUTE KPHL..KRSW

TRACK_TIME 1167737286
TRACK A20110117613785 E170 445400 931500 120 30 999 NONE NONE 330
	FP_ROUTE KMSP..KIAD

TRACK_TIME 1167737286
TRACK A20110117613789 B738 324960 970300 120 30 999 NONE NONE 380
	FP_ROUTE KDFW..KSNA

TRACK_TIME 1167737286
TRACK A20110117613791 EA50 350300 1063900 120 30 999 NONE NONE 260
	FP_ROUTE KABQ..KABQ

TRACK_TIME 1167737286
TRACK A20110117613803 E145 315860 1020700 120 30 999 NONE NONE 310
	FP_ROUTE KMAF..KIAH

TRACK_TIME 1167737286
TRACK A20110117613804 E145 295800 951960 120 30 999 NONE NONE 260
	FP_ROUTE KIAH..KHRL

TRACK_TIME 1167737286
TRACK A20110117613805 A321 404900 735200 120 30 999 NONE NONE 340
	FP_ROUTE KLGA..KFLL

TRACK_TIME 1167737286
TRACK A20110117613806 CRJ2 425560 875400 120 30 999 NONE NONE 320
	FP_ROUTE KMKE..KMEM

TRACK_TIME 1167737286
TRACK A20110117613810 B737 333900 842200 120 30 999 NONE NONE 110
	FP_ROUTE KATL..KBNA

TRACK_TIME 1167737286
TRACK A20110117613813 MD11 375500 854300 120 30 999 NONE NONE 370
	FP_ROUTE KSDF..KMCO

TRACK_TIME 1167737286
TRACK A20110117613816 A319 351360 805560 120 30 999 NONE NONE 270
	FP_ROUTE KCLT..KBWI

TRACK_TIME 1167737286
TRACK A20110117613820 B738 421200 832100 120 30 999 NONE NONE 390
	FP_ROUTE KDTW..KRDU

TRACK_TIME 1167737286
TRACK A20110117613821 CRJ2 320600 1105560 120 30 999 NONE NONE 340
	FP_ROUTE KTUS..KSFO

TRACK_TIME 1167737286
TRACK A20110117613822 E135 335560 1183000 120 30 999 NONE NONE 220
	FP_ROUTE KLAX..KFAT

TRACK_TIME 1167737286
TRACK A20110117613823 E135 415800 875860 120 30 999 NONE NONE 160
	FP_ROUTE KORD..KPIA

TRACK_TIME 1167737286
TRACK A20110117613824 E135 404200 893600 120 30 999 NONE NONE 110
	FP_ROUTE KPIA..KORD

TRACK_TIME 1167737286
TRACK A20110117613827 A320 282400 811800 120 30 999 NONE NONE 350
	FP_ROUTE KMCO..KIAD

TRACK_TIME 1167737286
TRACK A20110117613828 DH8A 372860 793460 120 30 999 NONE NONE 70
	FP_ROUTE KROA..KROA

TRACK_TIME 1167737286
TRACK A20110117613829 DH8A 371900 795200 120 30 999 NONE NONE 170
	FP_ROUTE KROA..KLGA

TRACK_TIME 1167737286
TRACK A20110117613832 CRJ2 395260 751200 120 30 999 NONE NONE 170
	FP_ROUTE KPHL..KSYR

TRACK_TIME 1167737286
TRACK A20110117613833 B737 360600 864060 120 30 999 NONE NONE 130
	FP_ROUTE KBNA..KATL

TRACK_TIME 1167737286
TRACK A20110117613845 MD82 404800 735200 120 30 999 NONE NONE 320
	FP_ROUTE KLGA..KDFW

TRACK_TIME 1167737286
TRACK A20110117613846 MD82 325100 970300 120 30 999 NONE NONE 340
	FP_ROUTE KDFW..KPSP

TRACK_TIME 1167737286
TRACK A20110117613848 A319 351360 805560 120 30 999 NONE NONE 200
	FP_ROUTE KCLT..KJAX

TRACK_TIME 1167737286
TRACK A20110117613852 PAY2 420460 801060 120 30 999 NONE NONE 250
	FP_ROUTE KERI..KPBG

TRACK_TIME 1167737286
TRACK A20110117613862 CRJ2 404900 1120000 120 30 999 NONE NONE 340
	FP_ROUTE KSLC..KSFO

TRACK_TIME 1167737286
TRACK A20110117613863 BE20 335500 810300 120 30 999 NONE NONE 119
	FP_ROUTE KCAE..KSAV

TRACK_TIME 1167737286
TRACK A20110117613864 BE20 321200 811200 120 30 999 NONE NONE 110
	FP_ROUTE KSAV..KCAE

TRACK_TIME 1167737286
TRACK A20110117613869 B734 303000 814000 120 30 999 NONE NONE 330
	FP_ROUTE KJAX..KDCA

TRACK_TIME 1167737286
TRACK A20110117613874 MD83 325200 970300 120 30 999 NONE NONE 320
	FP_ROUTE KDFW..KFAT

TRACK_TIME 1167737286
TRACK A20110117613877 E190 282200 811660 120 30 999 NONE NONE 350
	FP_ROUTE KMCO..KBTV

TRACK_TIME 1167737286
TRACK A20110117613879 E145 295700 951960 120 30 999 NONE NONE 200
	FP_ROUTE KIAH..KLRD

TRACK_TIME 1167737286
TRACK A20110117613882 A320 402860 801060 120 30 999 NONE NONE 360
	FP_ROUTE KPIT..KPHX

TRACK_TIME 1167737286
TRACK A20110117613889 DH8D 472560 1221800 120 30 999 NONE NONE 250
	FP_ROUTE KSEA..KSTS

TRACK_TIME 1167737286
TRACK A20110117613890 B733 263100 815100 120 30 999 NONE NONE 330
	FP_ROUTE KRSW..KPHL

TRACK_TIME 1167737286
TRACK A20110117613891 B739 295700 952100 120 30 999 NONE NONE 340
	FP_ROUTE KIAH..KSFO

TRACK_TIME 1167737286
TRACK A20110117613892 B752 421960 710400 120 30 999 NONE NONE 390
	FP_ROUTE KBOS..KSJU

TRACK_TIME 1167737286
TRACK A20110117613912 CRJ2 333900 842260 120 30 999 NONE NONE 280
	FP_ROUTE KATL..KSHV

TRACK_TIME 1167737286
TRACK A20110117613915 MD83 265200 820000 120 30 999 NONE NONE 320
	FP_ROUTE KPGD..KTYS

TRACK_TIME 1167737286
TRACK A20110117613917 BE20 405100 775100 120 30 999 NONE NONE 50
	FP_ROUTE KUNV..KMDT

TRACK_TIME 1167737286
TRACK A20110117613918 BE20 401200 764600 120 30 999 NONE NONE 101
	FP_ROUTE KMDT..KUNV

TRACK_TIME 1167737286
TRACK A20110117613919 B752 395800 1044200 120 30 999 NONE NONE 400
	FP_ROUTE KDEN..KJAC

TRACK_TIME 1167737286
TRACK A20110117613920 BE20 405100 775100 120 30 999 NONE NONE 90
	FP_ROUTE KUNV..KMDT

TRACK_TIME 1167737286
TRACK A20110117613926 A320 421200 832200 120 30 999 NONE NONE 340
	FP_ROUTE KDTW..KSEA

TRACK_TIME 1167737286
TRACK A20110117613930 E145 430700 892100 120 30 999 NONE NONE 100
	FP_ROUTE KMSN..KMKE

TRACK_TIME 1167737286
TRACK A20110117613932 BE20 401600 764200 120 30 999 NONE NONE 80
	FP_ROUTE KMDT..KUNV

TRACK_TIME 1167737286
TRACK A20110117613938 A320 351600 805560 120 30 999 NONE NONE 370
	FP_ROUTE KCLT..KBOS

TRACK_TIME 1167737286
TRACK A20110117613947 CRJ2 404500 735100 120 30 999 NONE NONE 320
	FP_ROUTE KLGA..KGSO

TRACK_TIME 1167737286
TRACK A20110117613950 E145 254800 801600 120 30 999 NONE NONE 270
	FP_ROUTE KMIA..KJAX

TRACK_TIME 1167737286
TRACK A20110117613951 A319 385200 770300 120 30 999 NONE NONE 330
	FP_ROUTE KDCA..KBOS

TRACK_TIME 1167737286
TRACK A20110117613952 A319 404500 735100 120 30 999 NONE NONE 220
	FP_ROUTE KLGA..KDCA

TRACK_TIME 1167737286
TRACK A20110117613953 B734 351060 805700 120 30 999 NONE NONE 260
	FP_ROUTE KCLT..KDFW

TRACK_TIME 1167737286
TRACK A20110117613958 FA50 403000 801660 120 30 999 NONE NONE 380
	FP_ROUTE KPIT..KFTY

TRACK_TIME 1167737286
TRACK A20110117613967 CRJ2 395260 751300 120 30 999 NONE NONE 101
	FP_ROUTE KPHL..KDCA

TRACK_TIME 1167737286
TRACK A20110117613971 B733 293760 951800 120 30 999 NONE NONE 350
	FP_ROUTE KHOU..KMCO

TRACK_TIME 1167737286
TRACK A20110117613974 B764 211800 1575700 120 30 999 NONE NONE 360
	FP_ROUTE KHNL..KEWR

TRACK_TIME 1167737286
TRACK A20110117613976 B738 385200 770300 120 30 999 NONE NONE 380
	FP_ROUTE KDCA..KIAH

TRACK_TIME 1167737286
TRACK A20110117613977 C750 395500 1050760 120 30 999 NONE NONE 430
	FP_ROUTE KBJC..KCMA

TRACK_TIME 1167737286
TRACK A20110117613996 F900 310000 835800 120 30 999 NONE NONE 430
	FP_ROUTE KTVI..KLIT

TRACK_TIME 1167737286
TRACK A20110117613999 A321 360600 1150900 120 30 999 NONE NONE 290
	FP_ROUTE KLAS..KPHX

TRACK_TIME 1167737286
TRACK A20110117614001 CRJ2 415800 875700 120 30 999 NONE NONE 310
	FP_ROUTE KORD..KSAV

TRACK_TIME 1167737286
TRACK A20110117614002 B737 381200 854360 120 30 999 NONE NONE 300
	FP_ROUTE KSDF..KSTL

TRACK_TIME 1167737286
TRACK A20110117614003 B737 384360 901800 120 30 999 NONE NONE 340
	FP_ROUTE KSTL..KMCI

TRACK_TIME 1167737286
TRACK A20110117614004 B737 391500 944500 120 30 999 NONE NONE 380
	FP_ROUTE KMCI..KSAN

TRACK_TIME 1167737286
TRACK A20110117614008 DH8D 404300 740760 120 30 999 NONE NONE 140
	FP_ROUTE KEWR..KROC

TRACK_TIME 1167737286
TRACK A20110117614009 DH8D 430600 774060 120 30 999 NONE NONE 50
	FP_ROUTE KROC..KEWR

TRACK_TIME 1167737286
TRACK A20110117614011 BE20 284900 1003000 120 30 999 NONE NONE 270
	FP_ROUTE K5T9..KFTW

TRACK_TIME 1167737286
TRACK A20110117614019 CRJ2 380900 854300 120 30 999 NONE NONE 250
	FP_ROUTE KSDF..KATL

TRACK_TIME 1167737286
TRACK A20110117614020 CRJ2 333760 842400 120 30 999 NONE NONE 192
	FP_ROUTE KATL..KGSP

TRACK_TIME 1167737286
TRACK A20110117614027 CRJ2 382100 813760 120 30 999 NONE NONE 280
	FP_ROUTE KCRW..KATL

TRACK_TIME 1167737286
TRACK A20110117614031 B737 341000 1182200 120 30 999 NONE NONE 380
	FP_ROUTE KBUR..KOAK

TRACK_TIME 1167737286
TRACK A20110117614032 B737 374500 1221660 120 30 999 NONE NONE 330
	FP_ROUTE KOAK..KLAS

TRACK_TIME 1167737286
TRACK A20110117614036 B738 415800 880000 120 30 999 NONE NONE 380
	FP_ROUTE KORD..KSAN

TRACK_TIME 1167737286
TRACK A20110117614037 E145 415860 875100 120 30 999 NONE NONE 110
	FP_ROUTE KORD..KGRR

TRACK_TIME 1167737286
TRACK A20110117614044 SF34 605860 1501300 120 30 999 NONE NONE 200
	FP_ROUTE KANC..KCDB

TRACK_TIME 1167737286
TRACK A20110117614047 CRJ9 333760 842400 120 30 999 NONE NONE 350
	FP_ROUTE KATL..KHPN

TRACK_TIME 1167737286
TRACK A20110117614048 CRJ9 410460 734300 120 30 999 NONE NONE 340
	FP_ROUTE KHPN..KATL

TRACK_TIME 1167737286
TRACK A20110117614053 E145 355260 784660 120 30 999 NONE NONE 270
	FP_ROUTE KRDU..KJFK

TRACK_TIME 1167737286
TRACK A20110117614058 A319 385260 770400 120 30 999 NONE NONE 111
	FP_ROUTE KDCA..KPHL

TRACK_TIME 1167737286
TRACK A20110117614059 BE20 360600 864060 120 30 999 NONE NONE 160
	FP_ROUTE KBNA..KMEM

TRACK_TIME 1167737286
TRACK A20110117614060 BE20 350160 895860 120 30 999 NONE NONE 79
	FP_ROUTE KMEM..KBNA

TRACK_TIME 1167737286
TRACK A20110117614061 E170 404500 735100 120 30 999 NONE NONE 220
	FP_ROUTE KLGA..KDCA

TRACK_TIME 1167737286
TRACK A20110117614066 A319 360600 1150900 120 30 999 NONE NONE 360
	FP_ROUTE KLAS..KSFO

TRACK_TIME 1167737286
TRACK A20110117614067 E145 303460 911000 120 30 999 NONE NONE 60
	FP_ROUTE KBTR..KIAH

TRACK_TIME 1167737286
TRACK A20110117614068 E135 325260 970160 120 30 999 NONE NONE 370
	FP_ROUTE KDFW..KGPT

TRACK_TIME 1167737286
TRACK A20110117614070 B738 295700 952100 120 30 999 NONE NONE 370
	FP_ROUTE KIAH..KORD

TRACK_TIME 1167737286
TRACK A20110117614071 B752 403700 735260 120 30 999 NONE NONE 380
	FP_ROUTE KJFK..KSFO

TRACK_TIME 1167737286
TRACK A20110117614072 E145 415860 875260 120 30 999 NONE NONE 230
	FP_ROUTE KORD..KDAY

TRACK_TIME 1167737286
TRACK A20110117614076 E145 380900 854300 120 30 999 NONE NONE 360
	FP_ROUTE KSDF..KMIA

TRACK_TIME 1167737286
TRACK A20110117614077 B733 374060 1222800 120 30 999 NONE NONE 350
	FP_ROUTE KSFO..KSAN

TRACK_TIME 1167737286
TRACK A20110117614078 A319 395100 1044500 120 30 999 NONE NONE 340
	FP_ROUTE KDEN..KGEG

TRACK_TIME 1167737286
TRACK A20110117614079 DH8D 472560 1221800 120 30 999 NONE NONE 190
	FP_ROUTE KSEA..KPSC

TRACK_TIME 1167737286
TRACK A20110117614081 LJ35 424000 832260 120 30 999 NONE NONE 310
	FP_ROUTE KPTK..KAOO

TRACK_TIME 1167737286
TRACK A20110117614082 BE9L 350100 851300 120 30 999 NONE NONE 80
	FP_ROUTE KCHA..KMEM

TRACK_TIME 1167737286
TRACK A20110117614086 B752 404600 1115800 120 30 999 NONE NONE 390
	FP_ROUTE KSLC..KMCO

TRACK_TIME 1167737286
TRACK A20110117614091 DH8D 472560 1221800 120 30 999 NONE NONE 170
	FP_ROUTE KSEA..KPUW

TRACK_TIME 1167737286
TRACK A20110117614092 DH8D 464360 1170760 120 30 999 NONE NONE 60
	FP_ROUTE KPUW..KLWS

TRACK_TIME 1167737286
TRACK A20110117614093 DH8D 462260 1170460 120 30 999 NONE NONE 160
	FP_ROUTE KLWS..KSEA

TRACK_TIME 1167737286
TRACK A20110117614094 CRJ2 394300 861600 120 30 999 NONE NONE 310
	FP_ROUTE KIND..KJFK

TRACK_TIME 1167737286
TRACK A20110117614095 CRJ2 403460 735260 120 30 999 NONE NONE 170
	FP_ROUTE KJFK..KBTV

TRACK_TIME 1167737286
TRACK A20110117614096 C560 362260 974660 120 30 999 NONE NONE 410
	FP_ROUTE KWDG..KAUS

TRACK_TIME 1167737286
TRACK A20110117614097 C560 300900 973900 120 30 999 NONE NONE 430
	FP_ROUTE KAUS..KWDG

TRACK_TIME 1167737286
TRACK A20110117614098 A320 264360 800000 120 30 999 NONE NONE 350
	FP_ROUTE KPBI..KDTW

TRACK_TIME 1167737286
TRACK A20110117614101 CRJ2 390760 763760 120 30 999 NONE NONE 90
	FP_ROUTE KBWI..KPHL

TRACK_TIME 1167737286
TRACK A20110117614102 CRJ2 395260 751060 120 30 999 NONE NONE 300
	FP_ROUTE KPHL..KBNA

TRACK_TIME 1167737286
TRACK A20110117614105 B733 332560 1120300 120 30 999 NONE NONE 360
	FP_ROUTE KPHX..KSJC

TRACK_TIME 1167737286
TRACK A20110117614106 B752 254800 801600 120 30 999 NONE NONE 391
	FP_ROUTE KMIA..KORD

TRACK_TIME 1167737286
TRACK A20110117614111 DH8A 211900 1575260 120 30 999 NONE NONE 70
	FP_ROUTE KHNL..KJHM

TRACK_TIME 1167737286
TRACK A20110117614138 C560 300600 973600 120 30 999 NONE NONE 111
	FP_ROUTE KAUS..KHOU

TRACK_TIME 1167737286
TRACK A20110117614151 A320 415860 874900 120 30 999 NONE NONE 390
	FP_ROUTE KORD..KDCA

TRACK_TIME 1167737286
TRACK A20110117614154 SF34 605800 1501660 120 30 999 NONE NONE 200
	FP_ROUTE KANC..KDLG

TRACK_TIME 1167737286
TRACK A20110117614155 B738 360700 1151300 120 30 999 NONE NONE 360
	FP_ROUTE KLAS..KSEA

TRACK_TIME 1167737286
TRACK A20110117614161 CRJ2 415700 875800 120 30 999 NONE NONE 249
	FP_ROUTE KORD..KSPI

TRACK_TIME 1167737286
TRACK A20110117614170 B733 414600 874360 120 30 999 NONE NONE 260
	FP_ROUTE KMDW..KSTL

TRACK_TIME 1167737286
TRACK A20110117614171 B733 384360 901660 120 30 999 NONE NONE 340
	FP_ROUTE KSTL..KOKC

TRACK_TIME 1167737286
TRACK A20110117614172 B733 352200 973600 120 30 999 NONE NONE 350
	FP_ROUTE KOKC..KHOU

TRACK_TIME 1167737286
TRACK A20110117614177 BE20 465560 964900 120 30 999 NONE NONE 210
	FP_ROUTE KFAR..KFSD

TRACK_TIME 1167737286
TRACK A20110117614181 CRJ2 401600 1115560 120 30 999 NONE NONE 190
	FP_ROUTE KBOI..KRNO

TRACK_TIME 1167737286
TRACK A20110117614182 B737 414600 874600 120 30 999 NONE NONE 380
	FP_ROUTE KMDW..KONT

TRACK_TIME 1167737286
TRACK A20110117614183 E190 425700 784300 120 30 999 NONE NONE 210
	FP_ROUTE KBUF..KJFK

TRACK_TIME 1167737286
TRACK A20110117614184 B733 282500 811900 120 30 999 NONE NONE 340
	FP_ROUTE KMCO..KAUS

TRACK_TIME 1167737286
TRACK A20110117614186 B733 395260 751200 120 30 999 NONE NONE 300
	FP_ROUTE KPHL..KMCO

TRACK_TIME 1167737286
TRACK A20110117614195 B737 340300 1173700 120 30 999 NONE NONE 360
	FP_ROUTE KONT..KSMF

TRACK_TIME 1167737286
TRACK A20110117614196 B737 335700 1182800 120 30 999 NONE NONE 370
	FP_ROUTE KLAX..KMDW

TRACK_TIME 1167737286
TRACK A20110117614197 B737 414660 874360 120 30 999 NONE NONE 390
	FP_ROUTE KMDW..KIAD

TRACK_TIME 1167737286
TRACK A20110117614203 E145 360700 864060 120 30 999 NONE NONE 350
	FP_ROUTE KBNA..KIAD

TRACK_TIME 1167737286
TRACK A20110117614214 B738 472560 1221900 120 30 999 NONE NONE 350
	FP_ROUTE KSEA..KEWR

TRACK_TIME 1167737286
TRACK A20110117614216 B734 264060 800160 120 30 999 NONE NONE 120
	FP_ROUTE KPBI..KPGD

TRACK_TIME 1167737286
TRACK A20110117614217 B734 265200 820000 120 30 999 NONE NONE 270
	FP_ROUTE KPGD..KIAG

TRACK_TIME 1167737286
TRACK A20110117614228 B737 414600 874200 120 30 999 NONE NONE 400
	FP_ROUTE KMDW..KDEN

TRACK_TIME 1167737286
TRACK A20110117614229 B737 395500 1044600 120 30 999 NONE NONE 380
	FP_ROUTE KDEN..KSJC

TRACK_TIME 1167737286
TRACK A20110117614230 B737 372260 1215700 120 30 999 NONE NONE 50
	FP_ROUTE KSJC..KSNA

TRACK_TIME 1167737286
TRACK A20110117614231 DH8D 440900 1231300 120 30 999 NONE NONE 71
	FP_ROUTE KEUG..KPDX

TRACK_TIME 1167737286
TRACK A20110117614232 B737 404360 740900 120 30 999 NONE NONE 300
	FP_ROUTE KEWR..KCLT

TRACK_TIME 1167737286
TRACK A20110117614236 B737 332560 1115860 120 30 999 NONE NONE 320
	FP_ROUTE KPHX..KSAN

TRACK_TIME 1167737286
TRACK A20110117614237 B737 324500 1171300 120 30 999 NONE NONE 130
	FP_ROUTE KSAN..KLAS

TRACK_TIME 1167737286
TRACK A20110117614238 B737 360700 1150900 120 30 999 NONE NONE 370
	FP_ROUTE KLAS..KMKE

TRACK_TIME 1167737286
TRACK A20110117614239 E170 415700 724000 120 30 999 NONE NONE 200
	FP_ROUTE KBDL..KPHL

TRACK_TIME 1167737286
TRACK A20110117614240 B737 324360 1171300 120 30 999 NONE NONE 310
	FP_ROUTE KSAN..KPHX

TRACK_TIME 1167737286
TRACK A20110117614241 B737 332560 1115860 120 30 999 NONE NONE 390
	FP_ROUTE KPHX..KBOS

TRACK_TIME 1167737286
TRACK A20110117614242 B752 360700 1150900 120 30 999 NONE NONE 370
	FP_ROUTE KLAS..KORD

TRACK_TIME 1167737286
TRACK A20110117614243 MD83 385260 770400 120 30 999 NONE NONE 340
	FP_ROUTE KDCA..KDFW

TRACK_TIME 1167737286
TRACK A20110117614245 BE9L 433400 964600 120 30 999 NONE NONE 160
	FP_ROUTE KFSD..KICR

TRACK_TIME 1167737286
TRACK A20110117614246 BE9L 432260 995100 120 30 999 NONE NONE 151
	FP_ROUTE KICR..KFSD

TRACK_TIME 1167737286
TRACK A20110117614252 CRJ2 430460 891800 120 30 999 NONE NONE 230
	FP_ROUTE KMSN..KDTW

TRACK_TIME 1167737286
TRACK A20110117614253 MD83 325200 970160 120 30 999 NONE NONE 330
	FP_ROUTE KDFW..KSTL

TRACK_TIME 1167737286
TRACK A20110117614255 MD82 325100 970300 120 30 999 NONE NONE 320
	FP_ROUTE KDFW..KSJC

TRACK_TIME 1167737286
TRACK A20110117614256 LJ35 383400 900300 120 30 999 NONE NONE 410
	FP_ROUTE KCPS..KRIC

TRACK_TIME 1167737286
TRACK A20110117614259 A319 333760 842260 120 30 999 NONE NONE 110
	FP_ROUTE KATL..KCLT

TRACK_TIME 1167737286
TRACK A20110117614260 CRJ2 415800 723900 120 30 999 NONE NONE 300
	FP_ROUTE KBDL..KDTW

TRACK_TIME 1167737286
TRACK A20110117614264 E145 373760 972560 120 30 999 NONE NONE 330
	FP_ROUTE KICT..KORD

TRACK_TIME 1167737286
TRACK A20110117614265 E145 320160 1021300 120 30 999 NONE NONE 109
	FP_ROUTE KMAF..KDFW

TRACK_TIME 1167737286
TRACK A20110117614267 A320 404000 734360 120 30 999 NONE NONE 360
	FP_ROUTE KJFK..KLAX

TRACK_TIME 1167737286
TRACK A20110117614268 C750 432100 1141300 120 30 999 NONE NONE 410
	FP_ROUTE KSUN..KBFI

TRACK_TIME 1167737286
TRACK A20110117614269 E170 404800 735200 120 30 999 NONE NONE 220
	FP_ROUTE KLGA..KDCA

TRACK_TIME 1167737286
TRACK A20110117614270 LJ45 413300 934000 120 30 999 NONE NONE 410
	FP_ROUTE KDSM..KILG

TRACK_TIME 1167737286
TRACK A20110117614279 CRJ2 333900 842260 120 30 999 NONE NONE 230
	FP_ROUTE KATL..KTRI

TRACK_TIME 1167737286
TRACK A20110117614302 B739 295700 952100 120 30 999 NONE NONE 360
	FP_ROUTE KIAH..KLAS

TRACK_TIME 1167737286
TRACK A20110117614305 A320 421200 832260 120 30 999 NONE NONE 280
	FP_ROUTE KDTW..KTPA

TRACK_TIME 1167737286
TRACK A20110117614307 B752 335560 1182800 120 30 999 NONE NONE 390
	FP_ROUTE KLAX..KDFW

TRACK_TIME 1167737286
TRACK A20110117614327 B738 415860 875200 120 30 999 NONE NONE 330
	FP_ROUTE KORD..KDCA

TRACK_TIME 1167737286
TRACK A20110117614328 E145 295700 952100 120 30 999 NONE NONE 350
	FP_ROUTE KIAH..KBNA

TRACK_TIME 1167737286
TRACK A20110117614330 B735 295800 952100 120 30 999 NONE NONE 210
	FP_ROUTE KIAH..KAUS

TRACK_TIME 1167737286
TRACK A20110117614332 E145 415800 875700 120 30 999 NONE NONE 220
	FP_ROUTE KORD..KCID

TRACK_TIME 1167737286
TRACK A20110117614333 E135 355400 784660 120 30 999 NONE NONE 270
	FP_ROUTE KRDU..KLGA

TRACK_TIME 1167737286
TRACK A20110117614334 E145 325200 970160 120 30 999 NONE NONE 250
	FP_ROUTE KDFW..KMGM

TRACK_TIME 1167737286
TRACK A20110117614348 A320 422200 705800 120 30 999 NONE NONE 340
	FP_ROUTE KBOS..KLAX

TRACK_TIME 1167737286
TRACK A20110117614349 SF34 540760 1660460 120 30 999 NONE NONE 250
	FP_ROUTE KDUT..KANC

TRACK_TIME 1167737286
TRACK A20110117614351 MD82 335560 1182560 120 30 999 NONE NONE 270
	FP_ROUTE KLAX..KLAS

TRACK_TIME 1167737286
TRACK A20110117614352 E190 422200 705800 120 30 999 NONE NONE 380
	FP_ROUTE KBOS..KCLT

TRACK_TIME 1167737286
TRACK A20110117614353 A320 333900 842400 120 30 999 NONE NONE 370
	FP_ROUTE KATL..KCMH

TRACK_TIME 1167737286
TRACK A20110117614357 DH8D 404300 740900 120 30 999 NONE NONE 60
	FP_ROUTE KEWR..KPIT

TRACK_TIME 1167737286
TRACK A20110117614360 B752 335560 1182560 120 30 999 NONE NONE 370
	FP_ROUTE KLAX..KBOS

TRACK_TIME 1167737286
TRACK A20110117614363 CL60 393460 795500 120 30 999 NONE NONE 380
	FP_ROUTE KMGW..KRSW

TRACK_TIME 1167737286
TRACK A20110117614364 B737 274500 973000 120 30 999 NONE NONE 270
	FP_ROUTE KCRP..KHOU

TRACK_TIME 1167737286
TRACK A20110117614365 B737 293760 951800 120 30 999 NONE NONE 380
	FP_ROUTE KHOU..KLAX

TRACK_TIME 1167737286
TRACK A20110117614369 CRJ9 373160 771960 120 30 999 NONE NONE 90
	FP_ROUTE KRIC..KCLT

TRACK_TIME 1167737286
TRACK A20110117614381 B752 395260 1043300 120 30 999 NONE NONE 370
	FP_ROUTE KDEN..KLGA

TRACK_TIME 1167737286
TRACK A20110117614385 B737 373760 1222200 120 30 999 NONE NONE 410
	FP_ROUTE KSFO..KSAN

TRACK_TIME 1167737286
TRACK A20110117614386 B737 324500 1171500 120 30 999 NONE NONE 390
	FP_ROUTE KSAN..KDEN

TRACK_TIME 1167737286
TRACK A20110117614387 MD82 420000 874900 120 30 999 NONE NONE 370
	FP_ROUTE KORD..KEWR

TRACK_TIME 1167737286
TRACK A20110117614388 PAY3 261960 814960 120 30 999 NONE NONE 50
	FP_ROUTE KRSW..KTMB

TRACK_TIME 1167737286
TRACK A20110117614393 B752 334000 841960 120 30 999 NONE NONE 300
	FP_ROUTE KATL..KSFO

TRACK_TIME 1167737286
TRACK A20110117614394 E135 335560 1182800 120 30 999 NONE NONE 110
	FP_ROUTE KLAX..KSAN

TRACK_TIME 1167737286
TRACK A20110117614398 BE9L 404960 964500 120 30 999 NONE NONE 192
	FP_ROUTE KLNK..KLXN

TRACK_TIME 1167737286
TRACK A20110117614399 BE9L 404660 994900 120 30 999 NONE NONE 60
	FP_ROUTE KLXN..KCSB

TRACK_TIME 1167737286
TRACK A20110117614400 BE9L 402100 1000460 120 30 999 NONE NONE 170
	FP_ROUTE KCSB..KLNK

TRACK_TIME 1167737286
TRACK A20110117614402 B742 391960 751360 120 30 999 NONE NONE 49
	FP_ROUTE KDOV..KWRI

TRACK_TIME 1167737286
TRACK A20110117614404 LJ45 390600 1083000 120 30 999 NONE NONE 410
	FP_ROUTE KGJT..KBHM

TRACK_TIME 1167737286
TRACK A20110117614409 BE20 334800 842860 120 30 999 NONE NONE 70
	FP_ROUTE KFTY..KRMG

TRACK_TIME 1167737286
TRACK A20110117614410 BE20 342260 850700 120 30 999 NONE NONE 35
	FP_ROUTE KRMG..KFTY

TRACK_TIME 1167737286
TRACK A20110117614416 A343 335560 1182700 120 30 999 NONE NONE 360
	FP_ROUTE KLAX..KHNL

TRACK_TIME 1167737286
TRACK A20110117614418 BE9L 350160 895860 120 30 999 NONE NONE 140
	FP_ROUTE KMEM..KTRI

TRACK_TIME 1167737286
TRACK A20110117614420 CRJ9 325200 970160 120 30 999 NONE NONE 310
	FP_ROUTE KDFW..KMEM

TRACK_TIME 1167737286
TRACK A20110117614422 BE9L 362700 822700 120 30 999 NONE NONE 160
	FP_ROUTE KTRI..KCHA

TRACK_TIME 1167737286
TRACK A20110117614423 B753 472500 1221800 120 30 999 NONE NONE 320
	FP_ROUTE KSEA..KANC

TRACK_TIME 1167737286
TRACK A20110117614424 BE20 293000 904000 120 30 999 NONE NONE 240
	FP_ROUTE KHUM..KTFP

TRACK_TIME 1167737286
TRACK A20110117614427 E170 394060 861960 120 30 999 NONE NONE 350
	FP_ROUTE KIND..KDCA

TRACK_TIME 1167737286
TRACK A20110117614431 B739 360700 1150900 120 30 999 NONE NONE 350
	FP_ROUTE KLAS..KEWR

TRACK_TIME 1167737286
TRACK A20110117614434 B737 260400 800900 120 30 999 NONE NONE 390
	FP_ROUTE KFLL..KBWI

TRACK_TIME 1167737286
TRACK A20110117614435 B737 390900 764000 120 30 999 NONE NONE 260
	FP_ROUTE KBWI..KBUF

TRACK_TIME 1167737286
TRACK A20110117614437 DH8A 351360 805560 120 30 999 NONE NONE 160
	FP_ROUTE KCLT..KHXD

TRACK_TIME 1167737286
TRACK A20110117614442 B712 295860 901500 120 30 999 NONE NONE 330
	FP_ROUTE KMSY..KATL

TRACK_TIME 1167737286
TRACK A20110117614443 E145 325260 970160 120 30 999 NONE NONE 330
	FP_ROUTE KDFW..KEVV

TRACK_TIME 1167737286
TRACK A20110117614444 DH8A 321600 804060 120 30 999 NONE NONE 81
	FP_ROUTE KHXD..KCLT

TRACK_TIME 1167737286
TRACK A20110117614446 B752 472560 1221900 120 30 999 NONE NONE 370
	FP_ROUTE KSEA..KATL

TRACK_TIME 1167737286
TRACK A20110117614447 B737 282400 811800 120 30 999 NONE NONE 370
	FP_ROUTE KMCO..KDTW

TRACK_TIME 1167737286
TRACK A20110117614448 B737 360600 1150900 120 30 999 NONE NONE 340
	FP_ROUTE KLAS..KPDX

TRACK_TIME 1167737286
TRACK A20110117614449 B738 360700 1150900 120 30 999 NONE NONE 360
	FP_ROUTE KLAS..KSEA

TRACK_TIME 1167737286
TRACK A20110117614450 MD83 484600 1223160 120 30 999 NONE NONE 330
	FP_ROUTE KBLI..KLAS

TRACK_TIME 1167737286
TRACK A20110117614451 BE9L 412200 873000 120 30 999 NONE NONE 200
	FP_ROUTE K05C..KUCY

TRACK_TIME 1167737286
TRACK A20110117614452 BE9L 362260 885860 120 30 999 NONE NONE 210
	FP_ROUTE KUCY..K05C

TRACK_TIME 1167737286
TRACK A20110117614459 E170 303000 814300 120 30 999 NONE NONE 310
	FP_ROUTE KJAX..KDCA

TRACK_TIME 1167737286
TRACK A20110117614460 A321 282560 811800 120 30 999 NONE NONE 310
	FP_ROUTE KMCO..KCLT

TRACK_TIME 1167737286
TRACK A20110117614461 A320 263000 815100 120 30 999 NONE NONE 370
	FP_ROUTE KRSW..KPHL

TRACK_TIME 1167737286
TRACK A20110117614463 A319 394900 1043700 120 30 999 NONE NONE 370
	FP_ROUTE KDEN..KPHF

TRACK_TIME 1167737286
TRACK A20110117614465 B733 384000 1213400 120 30 999 NONE NONE 350
	FP_ROUTE KSMF..KPHX

TRACK_TIME 1167737286
TRACK A20110117614469 A319 444900 931500 120 30 999 NONE NONE 360
	FP_ROUTE KMSP..KSNA

TRACK_TIME 1167737286
TRACK A20110117614471 A320 404500 735100 120 30 999 NONE NONE 380
	FP_ROUTE KLGA..KORD

TRACK_TIME 1167737286
TRACK A20110117614484 B733 472560 1221900 120 30 999 NONE NONE 350
	FP_ROUTE KSEA..KOAK

TRACK_TIME 1167737286
TRACK A20110117614497 B744 403900 735100 120 30 999 NONE NONE 360
	FP_ROUTE KJFK..KANC

TRACK_TIME 1167737286
TRACK A20110117614499 B733 300760 974300 120 30 999 NONE NONE 340
	FP_ROUTE KAUS..KELP

