TRACK_TIME 1167737286
TRACK A20110117559424 F 365260 761300 120 30 999 NONE NONE 390
	FP_ROUTE KC..KE170

TRACK_TIME 1167737286
TRACK A20110117559438 F 354500 840100 120 30 999 NONE NONE 300
	FP_ROUTE KC..KB733

TRACK_TIME 1167737286
TRACK A20110117559455 F 332560 1120160 120 30 999 NONE NONE 350
	FP_ROUTE KC..KB752

TRACK_TIME 1167737286
TRACK A20110117559460 F 425700 875260 120 30 999 NONE NONE 260
	FP_ROUTE KG..KC550

TRACK_TIME 1167737286
TRACK A20110117559467 F 275560 823300 120 30 999 NONE NONE 370
	FP_ROUTE KC..KB733

TRACK_TIME 1167737286
TRACK A20110117559476 F 473300 1221900 120 30 999 NONE NONE 430
	FP_ROUTE KC..KB737

TRACK_TIME 1167737286
TRACK A20110117559481 F 354800 1145860 120 30 999 NONE NONE 410
	FP_ROUTE KC..KA319

TRACK_TIME 1167737286
TRACK A20110117559483 F 302860 814360 120 30 999 NONE NONE 260
	FP_ROUTE KC..KE145

TRACK_TIME 1167737286
TRACK A20110117559489 F 344360 871800 120 30 999 NONE NONE 360
	FP_ROUTE KT..KCRJ2

TRACK_TIME 1167737286
TRACK A20110117559494 F 361060 955260 120 30 999 NONE NONE 290
	FP_ROUTE KT..KCRJ2

TRACK_TIME 1167737286
TRACK A20110117559495 F 351360 805800 120 30 999 NONE NONE 370
	FP_ROUTE KT..KCRJ2

TRACK_TIME 1167737286
TRACK A20110117559500 F 372860 771960 120 30 999 NONE NONE 370
	FP_ROUTE KC..KA321

TRACK_TIME 1167737286
TRACK A20110117559507 F 264060 800760 120 30 999 NONE NONE 370
	FP_ROUTE KC..KE170

TRACK_TIME 1167737286
TRACK A20110117559509 F 400000 825700 120 30 999 NONE NONE 350
	FP_ROUTE KC..KB737

TRACK_TIME 1167737286
TRACK A20110117559514 F 424000 832260 120 30 999 NONE NONE 340
	FP_ROUTE KC..KA319

TRACK_TIME 1167737286
TRACK A20110117559515 F 360460 1151200 120 30 999 NONE NONE 320
	FP_ROUTE KC..KCRJ2

TRACK_TIME 1167737286
TRACK A20110117559518 F 403000 801200 120 30 999 NONE NONE 290
	FP_ROUTE KC..KE145

TRACK_TIME 1167737286
TRACK A20110117559520 F 211660 1575100 120 30 999 NONE NONE 340
	FP_ROUTE KC..KCRJ9

TRACK_TIME 1167737286
TRACK A20110117559525 F 211660 1575100 120 30 999 NONE NONE 240
	FP_ROUTE KC..KB737

TRACK_TIME 1167737286
TRACK A20110117559536 F 384300 1213600 120 30 999 NONE NONE 380
	FP_ROUTE KC..KB737

TRACK_TIME 1167737286
TRACK A20110117559542 F 335700 1182560 120 30 999 NONE NONE 360
	FP_ROUTE KC..KE190

TRACK_TIME 1167737286
TRACK A20110117559544 F 341060 1181360 120 30 999 NONE NONE 330
	FP_ROUTE KC..KB737

TRACK_TIME 1167737286
TRACK A20110117559547 F 384300 1213460 120 30 999 NONE NONE 400
	FP_ROUTE KC..KB737

TRACK_TIME 1167737286
TRACK A20110117559549 F 262700 815400 120 30 999 NONE NONE 390
	FP_ROUTE KC..KB737

TRACK_TIME 1167737286
TRACK A20110117559550 F 361000 955260 120 30 999 NONE NONE 250
	FP_ROUTE KT..KCRJ2

TRACK_TIME 1167737286
TRACK A20110117559551 F 211660 1575700 120 30 999 NONE NONE 380
	FP_ROUTE KC..KA319

TRACK_TIME 1167737286
TRACK A20110117559552 F 384300 1213600 120 30 999 NONE NONE 340
	FP_ROUTE KC..KB737

TRACK_TIME 1167737286
TRACK A20110117559554 F 324900 1170900 120 30 999 NONE NONE 290
	FP_ROUTE KC..KB753

TRACK_TIME 1167737286
TRACK A20110117559557 F 412400 815260 120 30 999 NONE NONE 330
	FP_ROUTE KC..KCRJ2

TRACK_TIME 1167737286
TRACK A20110117559558 F 404660 1120000 120 30 999 NONE NONE 330
	FP_ROUTE KC..KCRJ2

TRACK_TIME 1167737286
TRACK A20110117559559 F 323900 1143160 120 30 999 NONE NONE 210
	FP_ROUTE KC..KE145

TRACK_TIME 1167737286
TRACK A20110117559560 F 394800 1044000 120 30 999 NONE NONE 340
	FP_ROUTE KC..KB752

TRACK_TIME 1167737286
TRACK A20110117559561 F 373600 1221960 120 30 999 NONE NONE 360
	FP_ROUTE KT..KCRJ2

TRACK_TIME 1167737286
TRACK A20110117559569 F 472700 1221900 120 30 999 NONE NONE 250
	FP_ROUTE KC..KB752

TRACK_TIME 1167737286
TRACK A20110117559570 F 325200 970300 120 30 999 NONE NONE 330
	FP_ROUTE KC..KB744

TRACK_TIME 1167737286
TRACK A20110117559571 F 404660 1120000 120 30 999 NONE NONE 330
	FP_ROUTE KC..KB735

TRACK_TIME 1167737286
TRACK A20110117559572 F 415200 915560 120 30 999 NONE NONE 330
	FP_ROUTE KC..KA319

TRACK_TIME 1167737286
TRACK A20110117559574 F 472800 1221900 120 30 999 NONE NONE 340
	FP_ROUTE KC..KE135

TRACK_TIME 1167737286
TRACK A20110117559577 F 400000 825100 120 30 999 NONE NONE 330
	FP_ROUTE KC..KCRJ2

TRACK_TIME 1167737286
TRACK A20110117559578 F 360600 864200 120 30 999 NONE NONE 340
	FP_ROUTE KC..KCRJ2

TRACK_TIME 1167737286
TRACK A20110117559583 F 380400 782860 120 30 999 NONE NONE 210
	FP_ROUTE KC..KB737

TRACK_TIME 1167737286
TRACK A20110117559585 F 351360 805800 120 30 999 NONE NONE 390
	FP_ROUTE KC..KB737

TRACK_TIME 1167737286
TRACK A20110117559587 F 415800 875800 120 30 999 NONE NONE 370
	FP_ROUTE KC..KB737

TRACK_TIME 1167737286
TRACK A20110117559588 F 472700 1221900 120 30 999 NONE NONE 220
	FP_ROUTE KC..KB737

TRACK_TIME 1167737286
TRACK A20110117559589 F 394200 861900 120 30 999 NONE NONE 210
	FP_ROUTE KC..KB737

TRACK_TIME 1167737286
TRACK A20110117559591 F 351060 805560 120 30 999 NONE NONE 300
	FP_ROUTE KC..KB735

TRACK_TIME 1167737286
TRACK A20110117559592 F 412260 815400 120 30 999 NONE NONE 250
	FP_ROUTE KC..KA320

TRACK_TIME 1167737286
TRACK A20110117559596 F 351360 805700 120 30 999 NONE NONE 350
	FP_ROUTE KG..KCL60

TRACK_TIME 1167737286
TRACK A20110117559601 F 343100 864600 120 30 999 NONE NONE 370
	FP_ROUTE KC..KB737

TRACK_TIME 1167737286
TRACK A20110117559602 F 433300 1161060 120 30 999 NONE NONE 260
	FP_ROUTE KT..KCRJ1

TRACK_TIME 1167737286
TRACK A20110117559603 F 332560 1115800 120 30 999 NONE NONE 390
	FP_ROUTE KC..KCRJ2

TRACK_TIME 1167737286
TRACK A20110117559604 F 394200 861900 120 30 999 NONE NONE 360
	FP_ROUTE KC..KCRJ2

TRACK_TIME 1167737286
TRACK A20110117559610 F 395400 841960 120 30 999 NONE NONE 230
	FP_ROUTE KC..KB752

TRACK_TIME 1167737286
TRACK A20110117559611 F 332560 1115700 120 30 999 NONE NONE 390
	FP_ROUTE KC..KA320

TRACK_TIME 1167737286
TRACK A20110117559613 F 294000 951800 120 30 999 NONE NONE 330
	FP_ROUTE KC..KB738

TRACK_TIME 1167737286
TRACK A20110117559614 F 424060 734800 120 30 999 NONE NONE 290
	FP_ROUTE KC..KB764

TRACK_TIME 1167737286
TRACK A20110117559625 F 335560 1182560 120 30 999 NONE NONE 400
	FP_ROUTE KC..KB762

TRACK_TIME 1167737286
TRACK A20110117559630 F 422100 705860 120 30 999 NONE NONE 290
	FP_ROUTE KC..KA319

TRACK_TIME 1167737286
TRACK A20110117559632 F 392200 944300 120 30 999 NONE NONE 390
	FP_ROUTE KT..KCRJ2

TRACK_TIME 1167737286
TRACK A20110117559634 F 472800 1221900 120 30 999 NONE NONE 320
	FP_ROUTE KC..KE170

TRACK_TIME 1167737286
TRACK A20110117559636 F 395260 751300 120 30 999 NONE NONE 370
	FP_ROUTE KC..KDH8D

TRACK_TIME 1167737286
TRACK A20110117559637 F 264360 801300 120 30 999 NONE NONE 380
	FP_ROUTE KC..KDH8D

TRACK_TIME 1167737286
TRACK A20110117559639 F 403000 801200 120 30 999 NONE NONE 330
	FP_ROUTE KC..KE120

TRACK_TIME 1167737286
TRACK A20110117559640 F 332560 1115700 120 30 999 NONE NONE 380
	FP_ROUTE KT..KCRJ9

TRACK_TIME 1167737286
TRACK A20110117559642 F 351200 805800 120 30 999 NONE NONE 290
	FP_ROUTE KT..KCRJ9

TRACK_TIME 1167737286
TRACK A20110117559643 F 472800 1221900 120 30 999 NONE NONE 200
	FP_ROUTE KC..KB738

TRACK_TIME 1167737286
TRACK A20110117559646 F 340300 1174660 120 30 999 NONE NONE 320
	FP_ROUTE KT..KDH8D

TRACK_TIME 1167737286
TRACK A20110117559647 F 402860 801200 120 30 999 NONE NONE 310
	FP_ROUTE KT..KE135

TRACK_TIME 1167737286
TRACK A20110117559648 F 445400 931500 120 30 999 NONE NONE 300
	FP_ROUTE KC..KA320

TRACK_TIME 1167737286
TRACK A20110117559652 F 414800 874600 120 30 999 NONE NONE 380
	FP_ROUTE KC..KB738

TRACK_TIME 1167737286
TRACK A20110117559666 F 440600 1231300 120 30 999 NONE NONE 320
	FP_ROUTE KC..KA319

TRACK_TIME 1167737286
TRACK A20110117559671 F 400000 825100 120 30 999 NONE NONE 320
	FP_ROUTE KC..KB737

TRACK_TIME 1167737286
TRACK A20110117559673 F 295860 951660 120 30 999 NONE NONE 350
	FP_ROUTE KC..KE145

TRACK_TIME 1167737286
TRACK A20110117559680 F 395100 1044060 120 30 999 NONE NONE 370
	FP_ROUTE KC..KB737

TRACK_TIME 1167737286
TRACK A20110117559682 F 365500 761000 120 30 999 NONE NONE 260
	FP_ROUTE KG..KCL60

TRACK_TIME 1167737286
TRACK A20110117559683 F 403600 734660 120 30 999 NONE NONE 350
	FP_ROUTE KC..KCRJ2

TRACK_TIME 1167737286
TRACK A20110117559686 F 395560 1044060 120 30 999 NONE NONE 310
	FP_ROUTE KC..KCRJ2

TRACK_TIME 1167737286
TRACK A20110117559687 F 395260 751300 120 30 999 NONE NONE 270
	FP_ROUTE KG..KEA50

TRACK_TIME 1167737286
TRACK A20110117559688 F 363600 1215400 120 30 999 NONE NONE 340
	FP_ROUTE KC..KB752

TRACK_TIME 1167737286
TRACK A20110117559690 F 300460 974060 120 30 999 NONE NONE 350
	FP_ROUTE KT..KCRJ9

TRACK_TIME 1167737286
TRACK A20110117559691 F 371500 932400 120 30 999 NONE NONE 200
	FP_ROUTE KC..KCRJ2

TRACK_TIME 1167737286
TRACK A20110117559702 F 332560 1115800 120 30 999 NONE NONE 340
	FP_ROUTE KG..KEA50

TRACK_TIME 1167737286
TRACK A20110117559703 F 351960 942100 120 30 999 NONE NONE 220
	FP_ROUTE KC..KB733

TRACK_TIME 1167737286
TRACK A20110117559717 F 424200 734800 120 30 999 NONE NONE 330
	FP_ROUTE KC..KE145

TRACK_TIME 1167737286
TRACK A20110117559718 F 360400 1150760 120 30 999 NONE NONE 380
	FP_ROUTE KC..KB733

TRACK_TIME 1167737286
TRACK A20110117559724 F 405500 964300 120 30 999 NONE NONE 260
	FP_ROUTE KC..KB737

TRACK_TIME 1167737286
TRACK A20110117559728 F 333760 842800 120 30 999 NONE NONE 310
	FP_ROUTE KC..KB712

TRACK_TIME 1167737286
TRACK A20110117559729 F 351660 823100 120 30 999 NONE NONE 210
	FP_ROUTE KC..KB738

TRACK_TIME 1167737286
TRACK A20110117559732 F 300000 951960 120 30 999 NONE NONE 350
	FP_ROUTE KC..KB733

TRACK_TIME 1167737286
TRACK A20110117559736 F 325200 970160 120 30 999 NONE NONE 300
	FP_ROUTE KC..KB737

TRACK_TIME 1167737286
TRACK A20110117559740 F 300000 951800 120 30 999 NONE NONE 340
	FP_ROUTE KC..KE170

TRACK_TIME 1167737286
TRACK A20110117559743 F 341060 1181600 120 30 999 NONE NONE 350
	FP_ROUTE KC..KCRJ2

TRACK_TIME 1167737286
TRACK A20110117559745 F 260400 801060 120 30 999 NONE NONE 250
	FP_ROUTE KC..KB733

TRACK_TIME 1167737286
TRACK A20110117559746 F 395200 751660 120 30 999 NONE NONE 390
	FP_ROUTE KC..KB733

TRACK_TIME 1167737286
TRACK A20110117559747 F 475560 971060 120 30 999 NONE NONE 300
	FP_ROUTE KC..KB733

TRACK_TIME 1167737286
TRACK A20110117559748 F 364060 1193100 120 30 999 NONE NONE 190
	FP_ROUTE KC..KCRJ2

TRACK_TIME 1167737286
TRACK A20110117559756 F 415800 875800 120 30 999 NONE NONE 350
	FP_ROUTE KC..KB737

TRACK_TIME 1167737286
TRACK A20110117559757 F 445260 931300 120 30 999 NONE NONE 380
	FP_ROUTE KT..KCRJ2

TRACK_TIME 1167737286
TRACK A20110117559758 F 325560 965560 120 30 999 NONE NONE 320
	FP_ROUTE KC..KE145

TRACK_TIME 1167737286
TRACK A20110117559762 F 324360 1171000 120 30 999 NONE NONE 320
	FP_ROUTE KC..KB737

TRACK_TIME 1167737286
TRACK A20110117559765 F 293700 951800 120 30 999 NONE NONE 360
	FP_ROUTE KG..KBE20

TRACK_TIME 1167737286
TRACK A20110117559767 F 375860 844000 120 30 999 NONE NONE 230
	FP_ROUTE KC..KA321

TRACK_TIME 1167737286
TRACK A20110117559775 F 472860 1221900 120 30 999 NONE NONE 340
	FP_ROUTE KC..KB733

TRACK_TIME 1167737286
TRACK A20110117559784 F 384500 901900 120 30 999 NONE NONE 260
	FP_ROUTE KC..KMD83

TRACK_TIME 1167737286
TRACK A20110117559785 F 395500 1044200 120 30 999 NONE NONE 370
	FP_ROUTE KC..KB737

TRACK_TIME 1167737286
TRACK A20110117559787 F 260400 800600 120 30 999 NONE NONE 280
	FP_ROUTE KC..KA320

TRACK_TIME 1167737286
TRACK A20110117559791 F 404360 735500 120 30 999 NONE NONE 210
	FP_ROUTE KT..KE145

TRACK_TIME 1167737286
TRACK A20110117559793 F 325200 970100 120 30 999 NONE NONE 230
	FP_ROUTE KT..KE145

TRACK_TIME 1167737286
TRACK A20110117559794 F 453460 1223400 120 30 999 NONE NONE 320
	FP_ROUTE KC..KA319

TRACK_TIME 1167737286
TRACK A20110117559795 F 480460 1005800 120 30 999 NONE NONE 280
	FP_ROUTE KT..KCRJ2

TRACK_TIME 1167737286
TRACK A20110117559803 F 421960 705800 120 30 999 NONE NONE 370
	FP_ROUTE KC..KB738

TRACK_TIME 1167737286
TRACK A20110117559804 F 415700 875500 120 30 999 NONE NONE 370
	FP_ROUTE KC..KC560

TRACK_TIME 1167737286
TRACK A20110117559807 F 332800 820300 120 30 999 NONE NONE 190
	FP_ROUTE KC..KC560

TRACK_TIME 1167737286
TRACK A20110117559810 F 194600 1560160 120 30 999 NONE NONE 290
	FP_ROUTE KC..KB733

TRACK_TIME 1167737286
TRACK A20110117559811 F 392200 944300 120 30 999 NONE NONE 360
	FP_ROUTE KC..KA320

TRACK_TIME 1167737286
TRACK A20110117559820 F 333460 1175560 120 30 999 NONE NONE 280
	FP_ROUTE KC..KMD82

TRACK_TIME 1167737286
TRACK A20110117559822 F 360760 864060 120 30 999 NONE NONE 410
	FP_ROUTE KC..KB734

TRACK_TIME 1167737286
TRACK A20110117559828 F 374900 972860 120 30 999 NONE NONE 320
	FP_ROUTE KC..KCRJ2

TRACK_TIME 1167737286
TRACK A20110117559829 F 335400 1181060 120 30 999 NONE NONE 330
	FP_ROUTE KC..KCRJ2

TRACK_TIME 1167737286
TRACK A20110117559840 F 342860 1194800 120 30 999 NONE NONE 430
	FP_ROUTE KC..KCRJ2

TRACK_TIME 1167737286
TRACK A20110117559843 F 373600 1222100 120 30 999 NONE NONE 380
	FP_ROUTE KC..KB738

TRACK_TIME 1167737286
TRACK A20110117559853 F 414500 874200 120 30 999 NONE NONE 320
	FP_ROUTE KC..KCRJ2

TRACK_TIME 1167737286
TRACK A20110117559861 F 384300 1074660 120 30 999 NONE NONE 240
	FP_ROUTE KC..KCRJ2

TRACK_TIME 1167737286
TRACK A20110117559862 F 400000 824900 120 30 999 NONE NONE 230
	FP_ROUTE KC..KE145

TRACK_TIME 1167737286
TRACK A20110117559864 F 254800 801500 120 30 999 NONE NONE 330
	FP_ROUTE KC..KCRJ2

TRACK_TIME 1167737286
TRACK A20110117559866 F 324960 965860 120 30 999 NONE NONE 350
	FP_ROUTE KC..KB753

TRACK_TIME 1167737286
TRACK A20110117559869 F 385700 773100 120 30 999 NONE NONE 390
	FP_ROUTE KC..KB738

TRACK_TIME 1167737286
TRACK A20110117559870 F 351200 805800 120 30 999 NONE NONE 330
	FP_ROUTE KC..KE145

TRACK_TIME 1167737286
TRACK A20110117559874 F 445400 931300 120 30 999 NONE NONE 320
	FP_ROUTE KT..KCRJ2

TRACK_TIME 1167737286
TRACK A20110117559875 F 333760 842860 120 30 999 NONE NONE 210
	FP_ROUTE KC..KB738

TRACK_TIME 1167737286
TRACK A20110117559880 F 360300 1150700 120 30 999 NONE NONE 290
	FP_ROUTE KC..KB752

TRACK_TIME 1167737286
TRACK A20110117559883 F 335560 1182100 120 30 999 NONE NONE 330
	FP_ROUTE KC..KA320

TRACK_TIME 1167737286
TRACK A20110117559888 F 373600 1221960 120 30 999 NONE NONE 320
	FP_ROUTE KC..KA320

TRACK_TIME 1167737286
TRACK A20110117559889 F 260460 801300 120 30 999 NONE NONE 350
	FP_ROUTE KT..KCRJ2

TRACK_TIME 1167737286
TRACK A20110117559895 F 425560 712560 120 30 999 NONE NONE 330
	FP_ROUTE KT..KCRJ2

TRACK_TIME 1167737286
TRACK A20110117559897 F 194300 1550400 120 30 999 NONE NONE 270
	FP_ROUTE KC..KB737

TRACK_TIME 1167737286
TRACK A20110117559898 F 260400 801060 120 30 999 NONE NONE 350
	FP_ROUTE KC..KMD82

TRACK_TIME 1167737286
TRACK A20110117559900 F 300700 973900 120 30 999 NONE NONE 390
	FP_ROUTE KC..KB752

TRACK_TIME 1167737286
TRACK A20110117559905 F 462200 1165700 120 30 999 NONE NONE 200
	FP_ROUTE KC..KB752

TRACK_TIME 1167737286
TRACK A20110117559907 F 325200 970300 120 30 999 NONE NONE 230
	FP_ROUTE KC..KB737

TRACK_TIME 1167737286
TRACK A20110117559910 F 395260 751300 120 30 999 NONE NONE 370
	FP_ROUTE KC..KB737

TRACK_TIME 1167737286
TRACK A20110117559912 F 355260 835500 120 30 999 NONE NONE 300
	FP_ROUTE KC..KB738

TRACK_TIME 1167737286
TRACK A20110117559916 F 350160 770700 120 30 999 NONE NONE 310
	FP_ROUTE KC..KB752

TRACK_TIME 1167737286
TRACK A20110117559920 F 395560 1044060 120 30 999 NONE NONE 330
	FP_ROUTE KC..KA319

TRACK_TIME 1167737286
TRACK A20110117559921 F 332560 1120400 120 30 999 NONE NONE 370
	FP_ROUTE KC..KE170

TRACK_TIME 1167737286
TRACK A20110117559922 F 293160 982860 120 30 999 NONE NONE 340
	FP_ROUTE KC..KA319

TRACK_TIME 1167737286
TRACK A20110117559923 F 424300 734800 120 30 999 NONE NONE 350
	FP_ROUTE KC..KE190

TRACK_TIME 1167737286
TRACK A20110117559924 F 371960 1215400 120 30 999 NONE NONE 350
	FP_ROUTE KG..KBE9L

TRACK_TIME 1167737286
TRACK A20110117559931 F 395500 1044200 120 30 999 NONE NONE 330
	FP_ROUTE KC..KE145

TRACK_TIME 1167737286
TRACK A20110117559937 F 333760 842200 120 30 999 NONE NONE 350
	FP_ROUTE KC..KA319

TRACK_TIME 1167737286
TRACK A20110117559943 F 360600 1151200 120 30 999 NONE NONE 300
	FP_ROUTE KC..KA319

TRACK_TIME 1167737286
TRACK A20110117559946 F 312100 852860 120 30 999 NONE NONE 200
	FP_ROUTE KC..KB753

TRACK_TIME 1167737286
TRACK A20110117559948 F 280100 823160 120 30 999 NONE NONE 370
	FP_ROUTE KC..KB752

TRACK_TIME 1167737286
TRACK A20110117559952 F 372800 771960 120 30 999 NONE NONE 220
	FP_ROUTE KC..KB737

TRACK_TIME 1167737286
TRACK A20110117559955 F 411800 955260 120 30 999 NONE NONE 330
	FP_ROUTE KG..KBE20

TRACK_TIME 1167737286
TRACK A20110117559956 F 475800 964800 120 30 999 NONE NONE 200
	FP_ROUTE KG..KLJ45

TRACK_TIME 1167737286
TRACK A20110117559958 F 433600 964300 120 30 999 NONE NONE 240
	FP_ROUTE KG..KLJ45

TRACK_TIME 1167737286
TRACK A20110117559959 F 332560 1115800 120 30 999 NONE NONE 320
	FP_ROUTE KG..KLJ45

TRACK_TIME 1167737286
TRACK A20110117559960 F 403600 751800 120 30 999 NONE NONE 370
	FP_ROUTE KC..KA320

TRACK_TIME 1167737286
TRACK A20110117559962 F 395260 751300 120 30 999 NONE NONE 390
	FP_ROUTE KC..KE170

TRACK_TIME 1167737286
TRACK A20110117559964 F 394060 862100 120 30 999 NONE NONE 340
	FP_ROUTE KC..KE135

TRACK_TIME 1167737286
TRACK A20110117559974 F 361300 955260 120 30 999 NONE NONE 330
	FP_ROUTE KC..KE135

TRACK_TIME 1167737286
TRACK A20110117559981 F 415260 914660 120 30 999 NONE NONE 370
	FP_ROUTE KT..KCRJ9

TRACK_TIME 1167737286
TRACK A20110117559983 F 392700 1194600 120 30 999 NONE NONE 400
	FP_ROUTE KC..KMD83

TRACK_TIME 1167737286
TRACK A20110117559984 F 282860 811960 120 30 999 NONE NONE 390
	FP_ROUTE KC..KA319

TRACK_TIME 1167737286
TRACK A20110117559986 F 351360 805700 120 30 999 NONE NONE 330
	FP_ROUTE KC..KA319

TRACK_TIME 1167737286
TRACK A20110117559988 F 454900 1111200 120 30 999 NONE NONE 380
	FP_ROUTE KC..KE170

TRACK_TIME 1167737286
TRACK A20110117559990 F 282860 811900 120 30 999 NONE NONE 410
	FP_ROUTE KC..KB752

TRACK_TIME 1167737286
TRACK A20110117559996 F 361000 955260 120 30 999 NONE NONE 300
	FP_ROUTE KC..KB752

TRACK_TIME 1167737286
TRACK A20110117559997 F 263160 813700 120 30 999 NONE NONE 400
	FP_ROUTE KG..KCL60

TRACK_TIME 1167737286
TRACK A20110117560000 F 472560 1221900 120 30 999 NONE NONE 380
	FP_ROUTE KC..KA319

TRACK_TIME 1167737286
TRACK A20110117560010 F 414060 712800 120 30 999 NONE NONE 370
	FP_ROUTE KC..KA320

TRACK_TIME 1167737286
TRACK A20110117560011 F 211800 1575100 120 30 999 NONE NONE 320
	FP_ROUTE KC..KE145

TRACK_TIME 1167737286
TRACK A20110117560018 F 182560 660160 120 30 999 NONE NONE 390
	FP_ROUTE KC..KCRJ9

TRACK_TIME 1167737286
TRACK A20110117560022 F 422100 705860 120 30 999 NONE NONE 350
	FP_ROUTE KT..KDH8D

TRACK_TIME 1167737286
TRACK A20110117560027 F 472860 1221900 120 30 999 NONE NONE 200
	FP_ROUTE KT..KDH8D

TRACK_TIME 1167737286
TRACK A20110117560036 F 335400 1181360 120 30 999 NONE NONE 310
	FP_ROUTE KT..KE135

TRACK_TIME 1167737286
TRACK A20110117560037 F 325560 970300 120 30 999 NONE NONE 380
	FP_ROUTE KC..KCRJ2

TRACK_TIME 1167737286
TRACK A20110117560038 F 374060 1221060 120 30 999 NONE NONE 380
	FP_ROUTE KT..KCRJ1

TRACK_TIME 1167737286
TRACK A20110117560040 F 254660 801900 120 30 999 NONE NONE 350
	FP_ROUTE KT..KCRJ2

TRACK_TIME 1167737286
TRACK A20110117560042 F 472800 1221900 120 30 999 NONE NONE 400
	FP_ROUTE KT..KCRJ1

TRACK_TIME 1167737286
TRACK A20110117560043 F 425260 853000 120 30 999 NONE NONE 190
	FP_ROUTE KC..KB737

TRACK_TIME 1167737286
TRACK A20110117560045 F 374600 1221900 120 30 999 NONE NONE 390
	FP_ROUTE KC..KB733

TRACK_TIME 1167737286
TRACK A20110117560049 F 335560 1183400 120 30 999 NONE NONE 320
	FP_ROUTE KC..KB733

TRACK_TIME 1167737286
TRACK A20110117560050 F 333700 842860 120 30 999 NONE NONE 360
	FP_ROUTE KC..KE170

TRACK_TIME 1167737286
TRACK A20110117560051 F 280000 823160 120 30 999 NONE NONE 340
	FP_ROUTE KC..KB733

TRACK_TIME 1167737286
TRACK A20110117560052 F 335500 1183400 120 30 999 NONE NONE 400
	FP_ROUTE KC..KMD11

TRACK_TIME 1167737286
TRACK A20110117560059 F 472560 1221800 120 30 999 NONE NONE 340
	FP_ROUTE KG..KF900

TRACK_TIME 1167737286
TRACK A20110117560061 F 333760 842200 120 30 999 NONE NONE 220
	FP_ROUTE KT..KCRJ9

TRACK_TIME 1167737286
TRACK A20110117560062 F 363460 1214960 120 30 999 NONE NONE 340
	FP_ROUTE KC..KB733

TRACK_TIME 1167737286
TRACK A20110117560069 F 390900 763900 120 30 999 NONE NONE 370
	FP_ROUTE KC..KCRJ2

TRACK_TIME 1167737286
TRACK A20110117560071 F 334300 1175100 120 30 999 NONE NONE 410
	FP_ROUTE KC..KB738

TRACK_TIME 1167737286
TRACK A20110117560072 F 360160 1151060 120 30 999 NONE NONE 270
	FP_ROUTE KC..KB733

TRACK_TIME 1167737286
TRACK A20110117560077 F 351360 805700 120 30 999 NONE NONE 310
	FP_ROUTE KC..KMD83

TRACK_TIME 1167737286
TRACK A20110117560078 F 320700 1105700 120 30 999 NONE NONE 330
	FP_ROUTE KC..KB752

TRACK_TIME 1167737286
TRACK A20110117560079 F 325500 970300 120 30 999 NONE NONE 370
	FP_ROUTE KC..KE145

TRACK_TIME 1167737286
TRACK A20110117560080 F 395500 1044060 120 30 999 NONE NONE 380
	FP_ROUTE KC..KB752

TRACK_TIME 1167737286
TRACK A20110117560081 F 433160 1120300 120 30 999 NONE NONE 310
	FP_ROUTE KC..KE145

TRACK_TIME 1167737286
TRACK A20110117560082 F 615560 1501600 120 30 999 NONE NONE 210
	FP_ROUTE KC..KB734

TRACK_TIME 1167737286
TRACK A20110117560083 F 453400 1223300 120 30 999 NONE NONE 360
	FP_ROUTE KC..KE120

TRACK_TIME 1167737286
TRACK A20110117560085 F 325500 970300 120 30 999 NONE NONE 320
	FP_ROUTE KC..KE120

TRACK_TIME 1167737286
TRACK A20110117560086 F 335500 1183300 120 30 999 NONE NONE 240
	FP_ROUTE KT..KCRJ2

TRACK_TIME 1167737286
TRACK A20110117560087 F 360460 1150900 120 30 999 NONE NONE 310
	FP_ROUTE KC..KA319

TRACK_TIME 1167737286
TRACK A20110117560089 F 355200 784900 120 30 999 NONE NONE 370
	FP_ROUTE KC..KA319

TRACK_TIME 1167737286
TRACK A20110117560091 F 395860 1044060 120 30 999 NONE NONE 309
	FP_ROUTE KC..KB752

TRACK_TIME 1167737286
TRACK A20110117560093 F 282260 811800 120 30 999 NONE NONE 300
	FP_ROUTE KC..KCRJ2

TRACK_TIME 1167737286
TRACK A20110117560102 F 481600 1141800 120 30 999 NONE NONE 250
	FP_ROUTE KC..KCRJ2

TRACK_TIME 1167737286
TRACK A20110117560108 F 371960 1215400 120 30 999 NONE NONE 360
	FP_ROUTE KC..KE145

TRACK_TIME 1167737286
TRACK A20110117560109 F 430300 891660 120 30 999 NONE NONE 280
	FP_ROUTE KC..KB737

TRACK_TIME 1167737286
TRACK A20110117560110 F 390400 843900 120 30 999 NONE NONE 340
	FP_ROUTE KC..KB737

TRACK_TIME 1167737286
TRACK A20110117560116 F 303100 813900 120 30 999 NONE NONE 380
	FP_ROUTE KC..KE120

TRACK_TIME 1167737286
TRACK A20110117560117 F 421960 705800 120 30 999 NONE NONE 230
	FP_ROUTE KC..KA320

TRACK_TIME 1167737286
TRACK A20110117560119 F 425500 875400 120 30 999 NONE NONE 370
	FP_ROUTE KC..KB752

TRACK_TIME 1167737286
TRACK A20110117560120 F 335560 1182560 120 30 999 NONE NONE 380
	FP_ROUTE KC..KE145

TRACK_TIME 1167737286
TRACK A20110117560122 F 275700 823300 120 30 999 NONE NONE 360
	FP_ROUTE KC..KB737

TRACK_TIME 1167737286
TRACK A20110117560125 F 385860 772800 120 30 999 NONE NONE 370
	FP_ROUTE KC..KA321

TRACK_TIME 1167737286
TRACK A20110117560127 F 390100 843900 120 30 999 NONE NONE 360
	FP_ROUTE KT..KCRJ9

TRACK_TIME 1167737286
TRACK A20110117560129 F 395200 841800 120 30 999 NONE NONE 230
	FP_ROUTE KT..KCRJ2

TRACK_TIME 1167737286
TRACK A20110117560132 F 254660 802100 120 30 999 NONE NONE 380
	FP_ROUTE KC..KB752

TRACK_TIME 1167737286
TRACK A20110117560133 F 325500 970460 120 30 999 NONE NONE 340
	FP_ROUTE KC..KE145

TRACK_TIME 1167737286
TRACK A20110117560134 F 394060 861960 120 30 999 NONE NONE 350
	FP_ROUTE KC..KB738

TRACK_TIME 1167737286
TRACK A20110117560137 F 335700 1182700 120 30 999 NONE NONE 350
	FP_ROUTE KC..KB737

TRACK_TIME 1167737286
TRACK A20110117560139 F 395560 1044060 120 30 999 NONE NONE 370
	FP_ROUTE KC..KB737

TRACK_TIME 1167737286
TRACK A20110117560141 F 360400 1150900 120 30 999 NONE NONE 340
	FP_ROUTE KC..KE145

TRACK_TIME 1167737286
TRACK A20110117560142 F 422100 705860 120 30 999 NONE NONE 390
	FP_ROUTE KC..KCRJ2

TRACK_TIME 1167737286
TRACK A20110117560143 F 404500 735400 120 30 999 NONE NONE 330
	FP_ROUTE KC..KA321

TRACK_TIME 1167737286
TRACK A20110117560147 F 395260 1043600 120 30 999 NONE NONE 350
	FP_ROUTE KG..KC560

TRACK_TIME 1167737286
TRACK A20110117560152 F 360400 1151000 120 30 999 NONE NONE 290
	FP_ROUTE KC..KA320

TRACK_TIME 1167737286
TRACK A20110117560155 F 403760 734660 120 30 999 NONE NONE 350
	FP_ROUTE KG..KFA50

TRACK_TIME 1167737286
TRACK A20110117560161 F 373600 1221900 120 30 999 NONE NONE 360
	FP_ROUTE KG..KFA50

TRACK_TIME 1167737286
TRACK A20110117560166 F 372100 1215500 120 30 999 NONE NONE 380
	FP_ROUTE KC..KB752

TRACK_TIME 1167737286
TRACK A20110117560168 F 274200 972800 120 30 999 NONE NONE 200
	FP_ROUTE KT..KCRJ2

TRACK_TIME 1167737286
TRACK A20110117560174 F 340300 1174300 120 30 999 NONE NONE 390
	FP_ROUTE KC..KB735

TRACK_TIME 1167737286
TRACK A20110117560177 F 425700 875100 120 30 999 NONE NONE 180
	FP_ROUTE KC..KMD83

TRACK_TIME 1167737286
TRACK A20110117560187 F 402860 801200 120 30 999 NONE NONE 200
	FP_ROUTE KC..KB737

TRACK_TIME 1167737286
TRACK A20110117560193 F 430760 774000 120 30 999 NONE NONE 270
	FP_ROUTE KC..KE170

TRACK_TIME 1167737286
TRACK A20110117560196 F 391900 944200 120 30 999 NONE NONE 340
	FP_ROUTE KC..KB752

TRACK_TIME 1167737286
TRACK A20110117560197 F 335700 1182400 120 30 999 NONE NONE 400
	FP_ROUTE KC..KB737

TRACK_TIME 1167737286
TRACK A20110117560200 F 335560 1183300 120 30 999 NONE NONE 370
	FP_ROUTE KC..KB734

TRACK_TIME 1167737286
TRACK A20110117560201 F 325500 970160 120 30 999 NONE NONE 300
	FP_ROUTE KC..KB763

TRACK_TIME 1167737286
TRACK A20110117560203 F 414900 874800 120 30 999 NONE NONE 340
	FP_ROUTE KC..KB712

TRACK_TIME 1167737286
TRACK A20110117560205 F 372100 1215500 120 30 999 NONE NONE 380
	FP_ROUTE KT..KCRJ2

TRACK_TIME 1167737286
TRACK A20110117560206 F 393400 841500 120 30 999 NONE NONE 370
	FP_ROUTE KT..KCRJ2

TRACK_TIME 1167737286
TRACK A20110117560211 F 414600 883600 120 30 999 NONE NONE 220
	FP_ROUTE KT..KCRJ1

TRACK_TIME 1167737286
TRACK A20110117560213 F 254800 801360 120 30 999 NONE NONE 339
	FP_ROUTE KC..KB733

TRACK_TIME 1167737286
TRACK A20110117560214 F 325200 795800 120 30 999 NONE NONE 300
	FP_ROUTE KC..KA320

TRACK_TIME 1167737286
TRACK A20110117560221 F 351200 805560 120 30 999 NONE NONE 300
	FP_ROUTE KC..KCRJ2

TRACK_TIME 1167737286
TRACK A20110117560240 F 413400 934060 120 30 999 NONE NONE 260
	FP_ROUTE KC..KE145

TRACK_TIME 1167737286
TRACK A20110117560241 F 350400 895860 120 30 999 NONE NONE 330
	FP_ROUTE KC..KB752

TRACK_TIME 1167737286
TRACK A20110117560242 F 335700 1182560 120 30 999 NONE NONE 280
	FP_ROUTE KC..KB752

TRACK_TIME 1167737286
TRACK A20110117560243 F 300000 973900 120 30 999 NONE NONE 360
	FP_ROUTE KC..KCRJ2

TRACK_TIME 1167737286
TRACK A20110117560245 F 333760 842800 120 30 999 NONE NONE 350
	FP_ROUTE KC..KE120

TRACK_TIME 1167737286
TRACK A20110117560249 F 325100 965200 120 30 999 NONE NONE 400
	FP_ROUTE KT..KCRJ2

TRACK_TIME 1167737286
TRACK A20110117560256 F 394660 1043900 120 30 999 NONE NONE 380
	FP_ROUTE KG..KBE20

TRACK_TIME 1167737286
TRACK A20110117560265 F 375260 1211300 120 30 999 NONE NONE 320
	FP_ROUTE KG..KBE20

TRACK_TIME 1167737286
TRACK A20110117560266 F 280100 823160 120 30 999 NONE NONE 340
	FP_ROUTE KC..KE170

TRACK_TIME 1167737286
TRACK A20110117560276 F 385400 772800 120 30 999 NONE NONE 390
	FP_ROUTE KC..KB734

TRACK_TIME 1167737286
TRACK A20110117560277 F 391060 764300 120 30 999 NONE NONE 310
	FP_ROUTE KC..KB737

TRACK_TIME 1167737286
TRACK A20110117560284 F 335500 1183160 120 30 999 NONE NONE 320
	FP_ROUTE KC..KA320

TRACK_TIME 1167737286
TRACK A20110117560285 F 395200 751360 120 30 999 NONE NONE 390
	FP_ROUTE KC..KA320

TRACK_TIME 1167737286
TRACK A20110117560288 F 324360 1171660 120 30 999 NONE NONE 370
	FP_ROUTE KC..KA320

TRACK_TIME 1167737286
TRACK A20110117560290 F 404960 740460 120 30 999 NONE NONE 410
	FP_ROUTE KC..KB737

TRACK_TIME 1167737286
TRACK A20110117560294 F 351360 805500 120 30 999 NONE NONE 330
	FP_ROUTE KC..KB739

TRACK_TIME 1167737286
TRACK A20110117560301 F 412560 814900 120 30 999 NONE NONE 300
	FP_ROUTE KC..KB712

TRACK_TIME 1167737286
TRACK A20110117560302 F 354300 840700 120 30 999 NONE NONE 290
	FP_ROUTE KC..KA319

TRACK_TIME 1167737286
TRACK A20110117560303 F 453460 1223460 120 30 999 NONE NONE 340
	FP_ROUTE KC..KB712

TRACK_TIME 1167737286
TRACK A20110117560307 F 420000 875700 120 30 999 NONE NONE 350
	FP_ROUTE KT..KCRJ2

TRACK_TIME 1167737286
TRACK A20110117560309 F 294000 951800 120 30 999 NONE NONE 331
	FP_ROUTE KC..KB737

TRACK_TIME 1167737286
TRACK A20110117560312 F 395200 751660 120 30 999 NONE NONE 390
	FP_ROUTE KC..KB733

TRACK_TIME 1167737286
TRACK A20110117560314 F 394500 861600 120 30 999 NONE NONE 380
	FP_ROUTE KC..KB738

TRACK_TIME 1167737286
TRACK A20110117560323 F 324360 1171300 120 30 999 NONE NONE 250
	FP_ROUTE KT..KCRJ2

TRACK_TIME 1167737286
TRACK A20110117560330 F 390760 763760 120 30 999 NONE NONE 340
	FP_ROUTE KC..KB712

TRACK_TIME 1167737286
TRACK A20110117560332 F 360760 795400 120 30 999 NONE NONE 300
	FP_ROUTE KC..KA320

TRACK_TIME 1167737286
TRACK A20110117560333 F 395860 824900 120 30 999 NONE NONE 320
	FP_ROUTE KC..KB739

TRACK_TIME 1167737286
TRACK A20110117560334 F 405200 774900 120 30 999 NONE NONE 250
	FP_ROUTE KC..KE145

TRACK_TIME 1167737286
TRACK A20110117560336 F 405560 1011200 120 30 999 NONE NONE 190
	FP_ROUTE KC..KB739

TRACK_TIME 1167737286
TRACK A20110117560339 F 403600 734800 120 30 999 NONE NONE 350
	FP_ROUTE KC..KB752

TRACK_TIME 1167737286
TRACK A20110117560341 F 453400 1223300 120 30 999 NONE NONE 320
	FP_ROUTE KC..KE190

TRACK_TIME 1167737286
TRACK A20110117560342 F 332560 1120160 120 30 999 NONE NONE 370
	FP_ROUTE KC..KA319

TRACK_TIME 1167737286
TRACK A20110117560349 F 402860 801500 120 30 999 NONE NONE 240
	FP_ROUTE KC..KB737

TRACK_TIME 1167737286
TRACK A20110117560351 F 321900 934500 120 30 999 NONE NONE 210
	FP_ROUTE KC..KA320

TRACK_TIME 1167737286
TRACK A20110117560352 F 384900 770160 120 30 999 NONE NONE 290
	FP_ROUTE KC..KB737

TRACK_TIME 1167737286
TRACK A20110117560356 F 390900 763900 120 30 999 NONE NONE 350
	FP_ROUTE KC..KB733

TRACK_TIME 1167737286
TRACK A20110117560357 F 403760 741200 120 30 999 NONE NONE 250
	FP_ROUTE KC..KB733

TRACK_TIME 1167737286
TRACK A20110117560358 F 372860 771800 120 30 999 NONE NONE 270
	FP_ROUTE KT..KCRJ1

TRACK_TIME 1167737286
TRACK A20110117560359 F 373600 1221900 120 30 999 NONE NONE 370
	FP_ROUTE KC..KA320

TRACK_TIME 1167737286
TRACK A20110117560364 F 445400 931500 120 30 999 NONE NONE 380
	FP_ROUTE KC..KE190

TRACK_TIME 1167737286
TRACK A20110117560368 F 374200 1220900 120 30 999 NONE NONE 390
	FP_ROUTE KC..KB752

TRACK_TIME 1167737286
TRACK A20110117560374 F 430760 774000 120 30 999 NONE NONE 230
	FP_ROUTE KT..KCRJ9

TRACK_TIME 1167737286
TRACK A20110117560375 F 404500 734960 120 30 999 NONE NONE 380
	FP_ROUTE KT..KCRJ9

TRACK_TIME 1167737286
TRACK A20110117560382 F 343760 864800 120 30 999 NONE NONE 320
	FP_ROUTE KC..KCRJ2

TRACK_TIME 1167737286
TRACK A20110117560388 F 254800 802100 120 30 999 NONE NONE 320
	FP_ROUTE KC..KB737

TRACK_TIME 1167737286
TRACK A20110117560395 F 395560 1044060 120 30 999 NONE NONE 380
	FP_ROUTE KC..KCRJ2

TRACK_TIME 1167737286
TRACK A20110117560396 F 602700 1452700 120 30 999 NONE NONE 250
	FP_ROUTE KT..KCRJ2

TRACK_TIME 1167737286
TRACK A20110117560401 F 395700 1044060 120 30 999 NONE NONE 380
	FP_ROUTE KC..KB738

TRACK_TIME 1167737286
TRACK A20110117560405 F 404360 734960 120 30 999 NONE NONE 290
	FP_ROUTE KC..KB738

TRACK_TIME 1167737286
TRACK A20110117560406 F 425700 875200 120 30 999 NONE NONE 290
	FP_ROUTE KC..KCRJ2

TRACK_TIME 1167737286
TRACK A20110117560407 F 355200 784900 120 30 999 NONE NONE 330
	FP_ROUTE KC..KCRJ2

TRACK_TIME 1167737286
TRACK A20110117560409 F 404960 813300 120 30 999 NONE NONE 340
	FP_ROUTE KC..KE145

TRACK_TIME 1167737286
TRACK A20110117560413 F 360400 1150700 120 30 999 NONE NONE 360
	FP_ROUTE KC..KMD82

TRACK_TIME 1167737286
TRACK A20110117560415 F 415260 914500 120 30 999 NONE NONE 310
	FP_ROUTE KC..KB737

TRACK_TIME 1167737286
TRACK A20110117560416 F 335700 1182260 120 30 999 NONE NONE 400
	FP_ROUTE KC..KB737

TRACK_TIME 1167737286
TRACK A20110117560417 F 391800 944300 120 30 999 NONE NONE 300
	FP_ROUTE KC..KB737

TRACK_TIME 1167737286
TRACK A20110117560418 F 422100 1141600 120 30 999 NONE NONE 320
	FP_ROUTE KC..KMD82

TRACK_TIME 1167737286
TRACK A20110117560421 F 342860 864800 120 30 999 NONE NONE 330
	FP_ROUTE KC..KE170

TRACK_TIME 1167737286
TRACK A20110117560422 F 472800 1221900 120 30 999 NONE NONE 200
	FP_ROUTE KC..KB738

TRACK_TIME 1167737286
TRACK A20110117560424 F 360600 864200 120 30 999 NONE NONE 330
	FP_ROUTE KC..KCRJ2

TRACK_TIME 1167737286
TRACK A20110117560425 F 293160 982860 120 30 999 NONE NONE 220
	FP_ROUTE KC..KCRJ2

TRACK_TIME 1167737286
TRACK A20110117560426 F 473700 1173160 120 30 999 NONE NONE 190
	FP_ROUTE KC..KA319

TRACK_TIME 1167737286
TRACK A20110117560427 F 414600 874360 120 30 999 NONE NONE 330
	FP_ROUTE KT..KCRJ1

TRACK_TIME 1167737286
TRACK A20110117560428 F 411960 955560 120 30 999 NONE NONE 360
	FP_ROUTE KC..KB763

TRACK_TIME 1167737286
TRACK A20110117560429 F 430760 774000 120 30 999 NONE NONE 230
	FP_ROUTE KC..KE145

TRACK_TIME 1167737286
TRACK A20110117560431 F 422200 705800 120 30 999 NONE NONE 330
	FP_ROUTE KC..KE170

TRACK_TIME 1167737286
TRACK A20110117560432 F 255500 972560 120 30 999 NONE NONE 260
	FP_ROUTE KC..KB737

TRACK_TIME 1167737286
TRACK A20110117560437 F 405100 812560 120 30 999 NONE NONE 280
	FP_ROUTE KG..KLJ45

TRACK_TIME 1167737286
TRACK A20110117560438 F 404800 1120000 120 30 999 NONE NONE 360
	FP_ROUTE KC..KD328

TRACK_TIME 1167737286
TRACK A20110117560440 F 441960 880760 120 30 999 NONE NONE 220
	FP_ROUTE KG..KLJ45

TRACK_TIME 1167737286
TRACK A20110117560457 F 312100 923460 120 30 999 NONE NONE 290
	FP_ROUTE KT..KDH8D

TRACK_TIME 1167737286
TRACK A20110117560459 F 440760 1231300 120 30 999 NONE NONE 210
	FP_ROUTE KT..KCRJ2

TRACK_TIME 1167737286
TRACK A20110117560462 F 300460 974000 120 30 999 NONE NONE 360
	FP_ROUTE KC..KB738

TRACK_TIME 1167737286
TRACK A20110117560469 F 402860 801200 120 30 999 NONE NONE 390
	FP_ROUTE KC..KA321

TRACK_TIME 1167737286
TRACK A20110117560470 F 395200 751360 120 30 999 NONE NONE 280
	FP_ROUTE KC..KA321

TRACK_TIME 1167737286
TRACK A20110117560476 F 335500 1183100 120 30 999 NONE NONE 290
	FP_ROUTE KC..KB738

TRACK_TIME 1167737286
TRACK A20110117560478 F 400300 763000 120 30 999 NONE NONE 310
	FP_ROUTE KC..KMD82

TRACK_TIME 1167737286
TRACK A20110117560485 F 373600 1221960 120 30 999 NONE NONE 220
	FP_ROUTE KT..KCRJ2

TRACK_TIME 1167737286
TRACK A20110117560487 F 420000 875560 120 30 999 NONE NONE 350
	FP_ROUTE KC..KB737

TRACK_TIME 1167737286
TRACK A20110117560493 F 302500 890460 120 30 999 NONE NONE 290
	FP_ROUTE KC..KB737

TRACK_TIME 1167737286
TRACK A20110117560494 F 403700 734300 120 30 999 NONE NONE 370
	FP_ROUTE KC..KB752

TRACK_TIME 1167737286
TRACK A20110117560500 F 404500 734960 120 30 999 NONE NONE 370
	FP_ROUTE KC..KB738

TRACK_TIME 1167737286
TRACK A20110117560504 F 335500 1183160 120 30 999 NONE NONE 370
	FP_ROUTE KC..KB738

TRACK_TIME 1167737286
TRACK A20110117560507 F 395260 751300 120 30 999 NONE NONE 370
	FP_ROUTE KC..KB737

TRACK_TIME 1167737286
TRACK A20110117560510 F 384900 770160 120 30 999 NONE NONE 320
	FP_ROUTE KC..KB737

TRACK_TIME 1167737286
TRACK A20110117560512 F 334960 1162800 120 30 999 NONE NONE 270
	FP_ROUTE KC..KB737

TRACK_TIME 1167737286
TRACK A20110117560518 F 421360 832200 120 30 999 NONE NONE 330
	FP_ROUTE KC..KB762

TRACK_TIME 1167737286
TRACK A20110117560524 F 344800 820700 120 30 999 NONE NONE 300
	FP_ROUTE KC..KB752

TRACK_TIME 1167737286
TRACK A20110117560525 F 420300 723400 120 30 999 NONE NONE 310
	FP_ROUTE KC..KB734

TRACK_TIME 1167737286
TRACK A20110117560526 F 391000 771060 120 30 999 NONE NONE 410
	FP_ROUTE KC..KA320

TRACK_TIME 1167737286
TRACK A20110117560532 F 384360 1213600 120 30 999 NONE NONE 320
	FP_ROUTE KC..KB737

TRACK_TIME 1167737286
TRACK A20110117560535 F 333760 842860 120 30 999 NONE NONE 290
	FP_ROUTE KC..KE170

TRACK_TIME 1167737286
TRACK A20110117560539 F 415500 875560 120 30 999 NONE NONE 340
	FP_ROUTE KC..KB733

TRACK_TIME 1167737286
TRACK A20110117560541 F 433460 1161500 120 30 999 NONE NONE 250
	FP_ROUTE KC..KA320

TRACK_TIME 1167737286
TRACK A20110117560542 F 282800 811900 120 30 999 NONE NONE 400
	FP_ROUTE KC..KE170

TRACK_TIME 1167737286
TRACK A20110117560550 F 384300 1213600 120 30 999 NONE NONE 250
	FP_ROUTE KC..KE170

TRACK_TIME 1167737286
TRACK A20110117560556 F 472860 1221800 120 30 999 NONE NONE 360
	FP_ROUTE KC..KA319

TRACK_TIME 1167737286
TRACK A20110117560557 F 260460 800760 120 30 999 NONE NONE 370
	FP_ROUTE KC..KE145

TRACK_TIME 1167737286
TRACK A20110117560561 F 473300 1221900 120 30 999 NONE NONE 300
	FP_ROUTE KC..KCRJ2

TRACK_TIME 1167737286
TRACK A20110117560563 F 333900 842400 120 30 999 NONE NONE 370
	FP_ROUTE KT..KE145

TRACK_TIME 1167737286
TRACK A20110117560565 F 275700 824200 120 30 999 NONE NONE 330
	FP_ROUTE KC..KB737

TRACK_TIME 1167737286
TRACK A20110117560567 F 423100 705700 120 30 999 NONE NONE 370
	FP_ROUTE KC..KB738

TRACK_TIME 1167737286
TRACK A20110117560569 F 350160 1064060 120 30 999 NONE NONE 350
	FP_ROUTE KC..KE145

TRACK_TIME 1167737286
TRACK A20110117560570 F 324960 964960 120 30 999 NONE NONE 330
	FP_ROUTE KG..KBE9L

TRACK_TIME 1167737286
TRACK A20110117560572 F 392860 842400 120 30 999 NONE NONE 410
	FP_ROUTE KT..KCRJ2

TRACK_TIME 1167737286
TRACK A20110117560575 F 384960 770160 120 30 999 NONE NONE 310
	FP_ROUTE KT..KCRJ2

TRACK_TIME 1167737286
TRACK A20110117560577 F 282400 811660 120 30 999 NONE NONE 360
	FP_ROUTE KC..KE145

TRACK_TIME 1167737286
TRACK A20110117560578 F 300000 901660 120 30 999 NONE NONE 370
	FP_ROUTE KT..KCRJ9

TRACK_TIME 1167737286
TRACK A20110117560580 F 403700 734660 120 30 999 NONE NONE 370
	FP_ROUTE KC..KB734

TRACK_TIME 1167737286
TRACK A20110117560581 F 282200 811800 120 30 999 NONE NONE 390
	FP_ROUTE KC..KB737

TRACK_TIME 1167737286
TRACK A20110117560582 F 415800 875800 120 30 999 NONE NONE 370
	FP_ROUTE KC..KB752

TRACK_TIME 1167737286
TRACK A20110117560590 F 404800 1115800 120 30 999 NONE NONE 270
	FP_ROUTE KG..KLJ45

TRACK_TIME 1167737286
TRACK A20110117560598 F 403700 734600 120 30 999 NONE NONE 370
	FP_ROUTE KC..KA320

TRACK_TIME 1167737286
TRACK A20110117560604 F 335560 1182260 120 30 999 NONE NONE 400
	FP_ROUTE KC..KB752

TRACK_TIME 1167737286
TRACK A20110117560605 F 404000 741060 120 30 999 NONE NONE 310
	FP_ROUTE KC..KA319

TRACK_TIME 1167737286
TRACK A20110117560610 F 295860 951660 120 30 999 NONE NONE 350
	FP_ROUTE KC..KE170

TRACK_TIME 1167737286
TRACK A20110117560611 F 395500 1044060 120 30 999 NONE NONE 400
	FP_ROUTE KC..KE170

TRACK_TIME 1167737286
TRACK A20110117560614 F 254660 802100 120 30 999 NONE NONE 370
	FP_ROUTE KC..KCRJ2

TRACK_TIME 1167737286
TRACK A20110117560615 F 384500 901900 120 30 999 NONE NONE 260
	FP_ROUTE KT..KE135

TRACK_TIME 1167737286
TRACK A20110117560616 F 360600 864000 120 30 999 NONE NONE 390
	FP_ROUTE KT..KCRJ9

TRACK_TIME 1167737286
TRACK A20110117560617 F 335500 1183400 120 30 999 NONE NONE 340
	FP_ROUTE KC..KE190

TRACK_TIME 1167737286
TRACK A20110117560625 F 370900 762560 120 30 999 NONE NONE 340
	FP_ROUTE KC..KE145

TRACK_TIME 1167737286
TRACK A20110117560631 F 335560 1183400 120 30 999 NONE NONE 410
	FP_ROUTE KC..KB752

TRACK_TIME 1167737286
TRACK A20110117560632 F 332560 1115560 120 30 999 NONE NONE 350
	FP_ROUTE KC..KCRJ2

TRACK_TIME 1167737286
TRACK A20110117560634 F 425860 875260 120 30 999 NONE NONE 390
	FP_ROUTE KC..KB737

TRACK_TIME 1167737286
TRACK A20110117560643 F 403700 734900 120 30 999 NONE NONE 389
	FP_ROUTE KC..KCRJ2

TRACK_TIME 1167737286
TRACK A20110117560665 F 331900 815800 120 30 999 NONE NONE 200
	FP_ROUTE KC..KCRJ2

TRACK_TIME 1167737286
TRACK A20110117560685 F 400900 763900 120 30 999 NONE NONE 270
	FP_ROUTE KC..KB752

TRACK_TIME 1167737286
TRACK A20110117560694 F 382800 812400 120 30 999 NONE NONE 220
	FP_ROUTE KC..KB752

TRACK_TIME 1167737286
TRACK A20110117560695 F 351360 805560 120 30 999 NONE NONE 320
	FP_ROUTE KT..KCRJ2

TRACK_TIME 1167737286
TRACK A20110117560701 F 332560 1115700 120 30 999 NONE NONE 410
	FP_ROUTE KT..KCRJ2

TRACK_TIME 1167737286
TRACK A20110117560709 F 445400 931500 120 30 999 NONE NONE 380
	FP_ROUTE KC..KMD83

TRACK_TIME 1167737286
TRACK A20110117560711 F 333900 1175400 120 30 999 NONE NONE 300
	FP_ROUTE KC..KB738

TRACK_TIME 1167737286
TRACK A20110117560712 F 433300 1161000 120 30 999 NONE NONE 350
	FP_ROUTE KC..KB752

TRACK_TIME 1167737286
TRACK A20110117560717 F 374060 1221200 120 30 999 NONE NONE 400
	FP_ROUTE KC..KMD82

TRACK_TIME 1167737286
TRACK A20110117560718 F 360460 864200 120 30 999 NONE NONE 430
	FP_ROUTE KC..KE170

TRACK_TIME 1167737286
TRACK A20110117560724 F 472800 1221900 120 30 999 NONE NONE 280
	FP_ROUTE KC..KA320

TRACK_TIME 1167737286
TRACK A20110117560727 F 321360 895700 120 30 999 NONE NONE 350
	FP_ROUTE KC..KA320

TRACK_TIME 1167737286
TRACK A20110117560728 F 350300 1064000 120 30 999 NONE NONE 340
	FP_ROUTE KC..KA320

TRACK_TIME 1167737286
TRACK A20110117560731 F 425260 853100 120 30 999 NONE NONE 330
	FP_ROUTE KC..KB733

TRACK_TIME 1167737286
TRACK A20110117560738 F 384500 901960 120 30 999 NONE NONE 400
	FP_ROUTE KC..KB739

TRACK_TIME 1167737286
TRACK A20110117560742 F 372800 771960 120 30 999 NONE NONE 310
	FP_ROUTE KT..KCRJ2

TRACK_TIME 1167737286
TRACK A20110117560744 F 300000 951960 120 30 999 NONE NONE 320
	FP_ROUTE KC..KE190

TRACK_TIME 1167737286
TRACK A20110117560745 F 395560 1044200 120 30 999 NONE NONE 310
	FP_ROUTE KT..KCRJ2

TRACK_TIME 1167737286
TRACK A20110117560748 F 395500 1044060 120 30 999 NONE NONE 360
	FP_ROUTE KC..KA320

TRACK_TIME 1167737286
TRACK A20110117560752 F 335500 1183300 120 30 999 NONE NONE 350
	FP_ROUTE KC..KB735

TRACK_TIME 1167737286
TRACK A20110117560765 F 351060 805560 120 30 999 NONE NONE 310
	FP_ROUTE KC..KCRJ2

TRACK_TIME 1167737286
TRACK A20110117560768 F 325560 970300 120 30 999 NONE NONE 270
	FP_ROUTE KC..KB737

TRACK_TIME 1167737286
TRACK A20110117560770 F 395560 1044060 120 30 999 NONE NONE 370
	FP_ROUTE KC..KA320

TRACK_TIME 1167737286
TRACK A20110117560775 F 325200 970300 120 30 999 NONE NONE 330
	FP_ROUTE KC..KDH8D

TRACK_TIME 1167737286
TRACK A20110117560776 F 360460 1151000 120 30 999 NONE NONE 300
	FP_ROUTE KC..KE145

TRACK_TIME 1167737286
TRACK A20110117560778 F 390300 844360 120 30 999 NONE NONE 350
	FP_ROUTE KC..KB752

TRACK_TIME 1167737286
TRACK A20110117560779 F 335560 1182200 120 30 999 NONE NONE 340
	FP_ROUTE KC..KB737

TRACK_TIME 1167737286
TRACK A20110117560780 F 392800 1194600 120 30 999 NONE NONE 340
	FP_ROUTE KC..KB712

TRACK_TIME 1167737286
TRACK A20110117560781 F 374060 1221000 120 30 999 NONE NONE 220
	FP_ROUTE KC..KCRJ2

TRACK_TIME 1167737286
TRACK A20110117560782 F 334200 1175100 120 30 999 NONE NONE 410
	FP_ROUTE KC..KB737

TRACK_TIME 1167737286
TRACK A20110117560787 F 412400 815200 120 30 999 NONE NONE 290
	FP_ROUTE KC..KCRJ2

TRACK_TIME 1167737286
TRACK A20110117560793 F 350100 1063760 120 30 999 NONE NONE 330
	FP_ROUTE KC..KB737

TRACK_TIME 1167737286
TRACK A20110117560797 F 333760 842800 120 30 999 NONE NONE 390
	FP_ROUTE KC..KA320

TRACK_TIME 1167737286
TRACK A20110117560806 F 410300 734200 120 30 999 NONE NONE 370
	FP_ROUTE KC..KB733

TRACK_TIME 1167737286
TRACK A20110117560811 F 300000 952200 120 30 999 NONE NONE 300
	FP_ROUTE KC..KB737

TRACK_TIME 1167737286
TRACK A20110117560812 F 372100 1215500 120 30 999 NONE NONE 320
	FP_ROUTE KC..KB738

TRACK_TIME 1167737286
TRACK A20110117560813 F 384300 1213600 120 30 999 NONE NONE 360
	FP_ROUTE KT..KCRJ2

TRACK_TIME 1167737286
TRACK A20110117560819 F 351060 805800 120 30 999 NONE NONE 330
	FP_ROUTE KT..KCRJ2

TRACK_TIME 1167737286
TRACK A20110117560821 F 332560 1115800 120 30 999 NONE NONE 330
	FP_ROUTE KC..KA320

TRACK_TIME 1167737286
TRACK A20110117560822 F 334200 1175200 120 30 999 NONE NONE 390
	FP_ROUTE KC..KE190

TRACK_TIME 1167737286
TRACK A20110117560825 F 340460 1174500 120 30 999 NONE NONE 300
	FP_ROUTE KC..KE170

TRACK_TIME 1167737286
TRACK A20110117560826 F 260460 800760 120 30 999 NONE NONE 320
	FP_ROUTE KC..KB738

TRACK_TIME 1167737286
TRACK A20110117560827 F 325500 970160 120 30 999 NONE NONE 340
	FP_ROUTE KC..KA320

TRACK_TIME 1167737286
TRACK A20110117560837 F 415700 724060 120 30 999 NONE NONE 330
	FP_ROUTE KC..KB734

TRACK_TIME 1167737286
TRACK A20110117560840 F 453460 1223400 120 30 999 NONE NONE 390
	FP_ROUTE KC..KA321

TRACK_TIME 1167737286
TRACK A20110117560851 F 400000 825500 120 30 999 NONE NONE 390
	FP_ROUTE KC..KE145

TRACK_TIME 1167737286
TRACK A20110117560852 F 391060 764300 120 30 999 NONE NONE 290
	FP_ROUTE KC..KCRJ2

TRACK_TIME 1167737286
TRACK A20110117560853 F 350400 895800 120 30 999 NONE NONE 320
	FP_ROUTE KT..KCRJ9

TRACK_TIME 1167737286
TRACK A20110117560854 F 350000 1063900 120 30 999 NONE NONE 380
	FP_ROUTE KC..KB737

TRACK_TIME 1167737286
TRACK A20110117560857 F 394660 1044000 120 30 999 NONE NONE 320
	FP_ROUTE KC..KB737

TRACK_TIME 1167737286
TRACK A20110117560859 F 294000 951800 120 30 999 NONE NONE 390
	FP_ROUTE KT..KDH8D

TRACK_TIME 1167737286
TRACK A20110117560861 F 264660 800000 120 30 999 NONE NONE 370
	FP_ROUTE KC..KCRJ2

TRACK_TIME 1167737286
TRACK A20110117560863 F 335400 1163300 120 30 999 NONE NONE 310
	FP_ROUTE KT..KCRJ2

TRACK_TIME 1167737286
TRACK A20110117560864 F 441060 1052860 120 30 999 NONE NONE 261
	FP_ROUTE KC..KE170

TRACK_TIME 1167737286
TRACK A20110117560865 F 381060 854360 120 30 999 NONE NONE 370
	FP_ROUTE KC..KB739

TRACK_TIME 1167737286
TRACK A20110117560866 F 260460 801360 120 30 999 NONE NONE 370
	FP_ROUTE KC..KB752

TRACK_TIME 1167737286
TRACK A20110117560872 F 360460 1150760 120 30 999 NONE NONE 320
	FP_ROUTE KC..KA320

TRACK_TIME 1167737286
TRACK A20110117560877 F 282260 811900 120 30 999 NONE NONE 280
	FP_ROUTE KC..KA320

TRACK_TIME 1167737286
TRACK A20110117560879 F 440600 1025500 120 30 999 NONE NONE 270
	FP_ROUTE KC..KB712

TRACK_TIME 1167737286
TRACK A20110117560881 F 445260 931300 120 30 999 NONE NONE 370
	FP_ROUTE KC..KB737

TRACK_TIME 1167737286
TRACK A20110117560883 F 332560 1113600 120 30 999 NONE NONE 310
	FP_ROUTE KC..KE145

TRACK_TIME 1167737286
TRACK A20110117560884 F 425800 784200 120 30 999 NONE NONE 260
	FP_ROUTE KC..KE145

TRACK_TIME 1167737286
TRACK A20110117560891 F 414060 712700 120 30 999 NONE NONE 290
	FP_ROUTE KC..KB733

TRACK_TIME 1167737286
TRACK A20110117560894 F 421300 831960 120 30 999 NONE NONE 390
	FP_ROUTE KC..KA320

TRACK_TIME 1167737286
TRACK A20110117560898 F 404900 1120000 120 30 999 NONE NONE 360
	FP_ROUTE KC..KB712

TRACK_TIME 1167737286
TRACK A20110117560899 F 374300 1221000 120 30 999 NONE NONE 430
	FP_ROUTE KC..KA320

TRACK_TIME 1167737286
TRACK A20110117560900 F 325500 970160 120 30 999 NONE NONE 340
	FP_ROUTE KC..KB712

TRACK_TIME 1167737286
TRACK A20110117560902 F 282260 811660 120 30 999 NONE NONE 400
	FP_ROUTE KC..KB752

TRACK_TIME 1167737286
TRACK A20110117560903 F 325700 970160 120 30 999 NONE NONE 340
	FP_ROUTE KC..KE120

TRACK_TIME 1167737286
TRACK A20110117560907 F 403700 734600 120 30 999 NONE NONE 350
	FP_ROUTE KC..KCRJ2

TRACK_TIME 1167737286
TRACK A20110117560926 F 422100 705860 120 30 999 NONE NONE 230
	FP_ROUTE KC..KCRJ2

TRACK_TIME 1167737286
TRACK A20110117560927 F 194500 1560160 120 30 999 NONE NONE 190
	FP_ROUTE KC..KCRJ2

TRACK_TIME 1167737286
TRACK A20110117560931 F 422100 705860 120 30 999 NONE NONE 210
	FP_ROUTE KC..KB752

TRACK_TIME 1167737286
TRACK A20110117560936 F 404600 734960 120 30 999 NONE NONE 390
	FP_ROUTE KC..KB735

TRACK_TIME 1167737286
TRACK A20110117560940 F 472800 1221900 120 30 999 NONE NONE 360
	FP_ROUTE KC..KB738

TRACK_TIME 1167737286
TRACK A20110117560951 F 361360 955260 120 30 999 NONE NONE 350
	FP_ROUTE KC..KE135

TRACK_TIME 1167737286
TRACK A20110117560953 F 405100 813160 120 30 999 NONE NONE 310
	FP_ROUTE KC..KB734

TRACK_TIME 1167737286
TRACK A20110117560955 F 373600 1221900 120 30 999 NONE NONE 400
	FP_ROUTE KT..KE145

TRACK_TIME 1167737286
TRACK A20110117560957 F 413400 934060 120 30 999 NONE NONE 260
	FP_ROUTE KT..KE145

TRACK_TIME 1167737286
TRACK A20110117560962 F 391600 964600 120 30 999 NONE NONE 300
	FP_ROUTE KC..KE145

TRACK_TIME 1167737286
TRACK A20110117560967 F 472860 1221900 120 30 999 NONE NONE 380
	FP_ROUTE KC..KMD83

TRACK_TIME 1167737286
TRACK A20110117560968 F 412400 815200 120 30 999 NONE NONE 250
	FP_ROUTE KG..KBE9L

TRACK_TIME 1167737286
TRACK A20110117560971 F 303100 813900 120 30 999 NONE NONE 380
	FP_ROUTE KC..KE135

TRACK_TIME 1167737286
TRACK A20110117560974 F 421360 832100 120 30 999 NONE NONE 370
	FP_ROUTE KC..KB737

TRACK_TIME 1167737286
TRACK A20110117560983 F 264300 801360 120 30 999 NONE NONE 380
	FP_ROUTE KC..KB737

TRACK_TIME 1167737286
TRACK A20110117560986 F 273760 992560 120 30 999 NONE NONE 280
	FP_ROUTE KC..KB772

TRACK_TIME 1167737286
TRACK A20110117560989 F 425260 734300 120 30 999 NONE NONE 240
	FP_ROUTE KC..KE170

TRACK_TIME 1167737286
TRACK A20110117560995 F 320900 1105860 120 30 999 NONE NONE 400
	FP_ROUTE KC..KE170

TRACK_TIME 1167737286
TRACK A20110117561000 F 395200 751660 120 30 999 NONE NONE 290
	FP_ROUTE KC..KB752

TRACK_TIME 1167737286
TRACK A20110117561001 F 433600 964360 120 30 999 NONE NONE 200
	FP_ROUTE KC..KA320

TRACK_TIME 1167737286
TRACK A20110117561004 F 395400 841200 120 30 999 NONE NONE 290
	FP_ROUTE KC..KE145

TRACK_TIME 1167737286
TRACK A20110117561014 F 260460 801200 120 30 999 NONE NONE 390
	FP_ROUTE KC..KCRJ2

TRACK_TIME 1167737286
TRACK A20110117561015 F 453400 1223400 120 30 999 NONE NONE 360
	FP_ROUTE KC..KCL60

TRACK_TIME 1167737286
TRACK A20110117561020 F 472700 1221900 120 30 999 NONE NONE 370
	FP_ROUTE KC..KA319

TRACK_TIME 1167737286
TRACK A20110117561022 F 300000 952400 120 30 999 NONE NONE 330
	FP_ROUTE KT..KCRJ2

TRACK_TIME 1167737286
TRACK A20110117561025 F 381200 854360 120 30 999 NONE NONE 250
	FP_ROUTE KT..KCRJ2

TRACK_TIME 1167737286
TRACK A20110117561030 F 395200 751660 120 30 999 NONE NONE 350
	FP_ROUTE KT..KCRJ2

TRACK_TIME 1167737286
TRACK A20110117561034 F 373460 1221800 120 30 999 NONE NONE 330
	FP_ROUTE KC..KA319

TRACK_TIME 1167737286
TRACK A20110117561035 F 334660 1161800 120 30 999 NONE NONE 350
	FP_ROUTE KT..KCRJ2

TRACK_TIME 1167737286
TRACK A20110117561041 F 333900 842260 120 30 999 NONE NONE 340
	FP_ROUTE KT..KDH8D

TRACK_TIME 1167737286
TRACK A20110117561049 F 333760 842200 120 30 999 NONE NONE 330
	FP_ROUTE KC..KA320

TRACK_TIME 1167737286
TRACK A20110117561050 F 333900 842700 120 30 999 NONE NONE 280
	FP_ROUTE KT..KCRJ9

TRACK_TIME 1167737286
TRACK A20110117561060 F 282860 811800 120 30 999 NONE NONE 250
	FP_ROUTE KC..KB734

TRACK_TIME 1167737286
TRACK A20110117561065 F 445400 931360 120 30 999 NONE NONE 360
	FP_ROUTE KC..KE190

TRACK_TIME 1167737286
TRACK A20110117561066 F 454800 1083160 120 30 999 NONE NONE 360
	FP_ROUTE KT..KCRJ9

TRACK_TIME 1167737286
TRACK A20110117561079 F 194300 1560160 120 30 999 NONE NONE 210
	FP_ROUTE KT..KE145

TRACK_TIME 1167737286
TRACK A20110117561080 F 384600 902100 120 30 999 NONE NONE 360
	FP_ROUTE KT..KE145

TRACK_TIME 1167737286
TRACK A20110117561084 F 404600 1120000 120 30 999 NONE NONE 350
	FP_ROUTE KT..KCRJ2

TRACK_TIME 1167737286
TRACK A20110117561094 F 415700 724000 120 30 999 NONE NONE 370
	FP_ROUTE KC..KB733

TRACK_TIME 1167737286
TRACK A20110117561096 F 364360 1193900 120 30 999 NONE NONE 180
	FP_ROUTE KC..KB733

TRACK_TIME 1167737286
TRACK A20110117561100 F 425800 875400 120 30 999 NONE NONE 220
	FP_ROUTE KC..KA319

TRACK_TIME 1167737286
TRACK A20110117561103 F 422200 710100 120 30 999 NONE NONE 370
	FP_ROUTE KC..KB738

TRACK_TIME 1167737286
TRACK A20110117561105 F 335700 1182200 120 30 999 NONE NONE 350
	FP_ROUTE KC..KB737

TRACK_TIME 1167737286
TRACK A20110117561110 F 324360 1171900 120 30 999 NONE NONE 340
	FP_ROUTE KC..KB739

TRACK_TIME 1167737286
TRACK A20110117561117 F 335560 1183600 120 30 999 NONE NONE 320
	FP_ROUTE KC..KCRJ2

TRACK_TIME 1167737286
TRACK A20110117561125 F 430760 774000 120 30 999 NONE NONE 310
	FP_ROUTE KC..KE145

TRACK_TIME 1167737286
TRACK A20110117561126 F 425700 875400 120 30 999 NONE NONE 230
	FP_ROUTE KC..KA332

TRACK_TIME 1167737286
TRACK A20110117561132 F 404900 1120000 120 30 999 NONE NONE 330
	FP_ROUTE KC..KB738

TRACK_TIME 1167737286
TRACK A20110117561135 F 211800 1575200 120 30 999 NONE NONE 340
	FP_ROUTE KC..KE145

TRACK_TIME 1167737286
TRACK A20110117561155 F 382700 813000 120 30 999 NONE NONE 270
	FP_ROUTE KG..KBE20

TRACK_TIME 1167737286
TRACK A20110117561157 F 350300 895800 120 30 999 NONE NONE 260
	FP_ROUTE KC..KCRJ2

TRACK_TIME 1167737286
TRACK A20110117561159 F 333760 842400 120 30 999 NONE NONE 350
	FP_ROUTE KC..KCRJ2

TRACK_TIME 1167737286
TRACK A20110117561167 F 392700 1194600 120 30 999 NONE NONE 400
	FP_ROUTE KC..KCRJ2

TRACK_TIME 1167737286
TRACK A20110117561173 F 335500 1183160 120 30 999 NONE NONE 390
	FP_ROUTE KC..KB739

TRACK_TIME 1167737286
TRACK A20110117561175 F 332560 1115800 120 30 999 NONE NONE 330
	FP_ROUTE KC..KB712

TRACK_TIME 1167737286
TRACK A20110117561188 F 275560 824200 120 30 999 NONE NONE 400
	FP_ROUTE KC..KB737

TRACK_TIME 1167737286
TRACK A20110117561191 F 404200 732400 120 30 999 NONE NONE 430
	FP_ROUTE KC..KB737

TRACK_TIME 1167737286
TRACK A20110117561192 F 275700 823300 120 30 999 NONE NONE 220
	FP_ROUTE KT..KCRJ2

TRACK_TIME 1167737286
TRACK A20110117561193 F 384500 901960 120 30 999 NONE NONE 380
	FP_ROUTE KC..KA320

TRACK_TIME 1167737286
TRACK A20110117561194 F 333760 843000 120 30 999 NONE NONE 370
	FP_ROUTE KC..KE145

TRACK_TIME 1167737286
TRACK A20110117561196 F 360700 864060 120 30 999 NONE NONE 310
	FP_ROUTE KT..KCRJ1

TRACK_TIME 1167737286
TRACK A20110117561198 F 300000 952200 120 30 999 NONE NONE 360
	FP_ROUTE KC..KA320

TRACK_TIME 1167737286
TRACK A20110117561208 F 445260 931360 120 30 999 NONE NONE 370
	FP_ROUTE KT..KCRJ2

TRACK_TIME 1167737286
TRACK A20110117561209 F 350100 1063760 120 30 999 NONE NONE 270
	FP_ROUTE KC..KB737

TRACK_TIME 1167737286
TRACK A20110117561210 F 324960 964960 120 30 999 NONE NONE 230
	FP_ROUTE KC..KCRJ2

TRACK_TIME 1167737286
TRACK A20110117561220 F 472800 1221900 120 30 999 NONE NONE 320
	FP_ROUTE KC..KA320

TRACK_TIME 1167737286
TRACK A20110117561226 F 445400 931360 120 30 999 NONE NONE 350
	FP_ROUTE KC..KE145

TRACK_TIME 1167737286
TRACK A20110117561242 F 421960 710100 120 30 999 NONE NONE 370
	FP_ROUTE KC..KE190

TRACK_TIME 1167737286
TRACK A20110117561243 F 182860 670900 120 30 999 NONE NONE 370
	FP_ROUTE KC..KE135

TRACK_TIME 1167737286
TRACK A20110117561246 F 325200 970160 120 30 999 NONE NONE 390
	FP_ROUTE KC..KB733

TRACK_TIME 1167737286
TRACK A20110117561247 F 351300 805560 120 30 999 NONE NONE 330
	FP_ROUTE KG..KFA50

TRACK_TIME 1167737286
TRACK A20110117561249 F 333760 842860 120 30 999 NONE NONE 220
	FP_ROUTE KG..KF900

TRACK_TIME 1167737286
TRACK A20110117561260 F 473700 1173160 120 30 999 NONE NONE 340
	FP_ROUTE KT..KCRJ1

TRACK_TIME 1167737286
TRACK A20110117561261 F 384500 901900 120 30 999 NONE NONE 400
	FP_ROUTE KT..KCRJ2

TRACK_TIME 1167737286
TRACK A20110117561266 F 404660 1120000 120 30 999 NONE NONE 340
	FP_ROUTE KG..KF2TH

TRACK_TIME 1167737286
TRACK A20110117561273 F 384900 770160 120 30 999 NONE NONE 370
	FP_ROUTE KT..KCRJ9

TRACK_TIME 1167737286
TRACK A20110117561279 F 361200 955260 120 30 999 NONE NONE 400
	FP_ROUTE KG..KC550

TRACK_TIME 1167737286
TRACK A20110117561281 F 293300 951060 120 30 999 NONE NONE 400
	FP_ROUTE KG..KC550

TRACK_TIME 1167737286
TRACK A20110117561282 F 293300 983000 120 30 999 NONE NONE 280
	FP_ROUTE KC..KB734

TRACK_TIME 1167737286
TRACK A20110117561291 F 393160 1045100 120 30 999 NONE NONE 370
	FP_ROUTE KC..KE145

TRACK_TIME 1167737286
TRACK A20110117561295 F 360900 955260 120 30 999 NONE NONE 310
	FP_ROUTE KC..KA319

TRACK_TIME 1167737286
TRACK A20110117561301 F 322860 1170400 120 30 999 NONE NONE 320
	FP_ROUTE KC..KB752

TRACK_TIME 1167737286
TRACK A20110117561309 F 374060 1221200 120 30 999 NONE NONE 360
	FP_ROUTE KT..KCRJ2

TRACK_TIME 1167737286
TRACK A20110117561311 F 392700 944060 120 30 999 NONE NONE 390
	FP_ROUTE KT..KCRJ9

TRACK_TIME 1167737286
TRACK A20110117561314 F 340300 1174300 120 30 999 NONE NONE 410
	FP_ROUTE KC..KB752

TRACK_TIME 1167737286
TRACK A20110117561316 F 260400 800700 120 30 999 NONE NONE 410
	FP_ROUTE KC..KE120

TRACK_TIME 1167737286
TRACK A20110117561328 F 335700 1182100 120 30 999 NONE NONE 210
	FP_ROUTE KC..KE190

TRACK_TIME 1167737286
TRACK A20110117561329 F 300000 952500 120 30 999 NONE NONE 380
	FP_ROUTE KC..KB733

TRACK_TIME 1167737286
TRACK A20110117561330 F 300900 974060 120 30 999 NONE NONE 350
	FP_ROUTE KC..KB733

TRACK_TIME 1167737286
TRACK A20110117561331 F 341200 1182100 120 30 999 NONE NONE 320
	FP_ROUTE KC..KB737

TRACK_TIME 1167737286
TRACK A20110117561333 F 421960 705700 120 30 999 NONE NONE 370
	FP_ROUTE KC..KB753

TRACK_TIME 1167737286
TRACK A20110117561338 F 342500 930300 120 30 999 NONE NONE 360
	FP_ROUTE KC..KCRJ9

TRACK_TIME 1167737286
TRACK A20110117561339 F 320100 1021300 120 30 999 NONE NONE 320
	FP_ROUTE KT..KCRJ2

TRACK_TIME 1167737286
TRACK A20110117561340 F 415560 875500 120 30 999 NONE NONE 380
	FP_ROUTE KC..KA320

TRACK_TIME 1167737286
TRACK A20110117561341 F 374200 1221200 120 30 999 NONE NONE 380
	FP_ROUTE KC..KB738

TRACK_TIME 1167737286
TRACK A20110117561342 F 404960 1120000 120 30 999 NONE NONE 330
	FP_ROUTE KT..KE145

TRACK_TIME 1167737286
TRACK A20110117561344 F 415800 723900 120 30 999 NONE NONE 270
	FP_ROUTE KC..KE170

TRACK_TIME 1167737286
TRACK A20110117561349 F 604660 1513460 120 30 999 NONE NONE 210
	FP_ROUTE KC..KA320

TRACK_TIME 1167737286
TRACK A20110117561361 F 324500 1171960 120 30 999 NONE NONE 340
	FP_ROUTE KC..KB737

TRACK_TIME 1167737286
TRACK A20110117561364 F 404000 741060 120 30 999 NONE NONE 350
	FP_ROUTE KT..KCRJ2

TRACK_TIME 1167737286
TRACK A20110117561375 F 380400 873000 120 30 999 NONE NONE 270
	FP_ROUTE KT..KCRJ2

TRACK_TIME 1167737286
TRACK A20110117561380 F 340300 1174500 120 30 999 NONE NONE 360
	FP_ROUTE KC..KE170

TRACK_TIME 1167737286
TRACK A20110117561381 F 403700 734600 120 30 999 NONE NONE 370
	FP_ROUTE KC..KDH8D

TRACK_TIME 1167737286
TRACK A20110117561389 F 335560 1183300 120 30 999 NONE NONE 240
	FP_ROUTE KT..KCRJ9

TRACK_TIME 1167737286
TRACK A20110117561394 F 394960 1044060 120 30 999 NONE NONE 390
	FP_ROUTE KC..KA318

TRACK_TIME 1167737286
TRACK A20110117561403 F 472800 1221900 120 30 999 NONE NONE 360
	FP_ROUTE KC..KB752

TRACK_TIME 1167737286
TRACK A20110117561411 F 395560 1044200 120 30 999 NONE NONE 370
	FP_ROUTE KC..KA319

TRACK_TIME 1167737286
TRACK A20110117561414 F 333900 842400 120 30 999 NONE NONE 350
	FP_ROUTE KC..KA320

TRACK_TIME 1167737286
TRACK A20110117561415 F 264300 813300 120 30 999 NONE NONE 390
	FP_ROUTE KC..KE120

TRACK_TIME 1167737286
TRACK A20110117561417 F 394960 1044500 120 30 999 NONE NONE 380
	FP_ROUTE KC..KCRJ2

TRACK_TIME 1167737286
TRACK A20110117561418 F 445200 931200 120 30 999 NONE NONE 360
	FP_ROUTE KC..KCRJ2

TRACK_TIME 1167737286
TRACK A20110117561425 F 403600 734660 120 30 999 NONE NONE 350
	FP_ROUTE KC..KE170

TRACK_TIME 1167737286
TRACK A20110117561441 F 384800 770160 120 30 999 NONE NONE 320
	FP_ROUTE KC..KE170

TRACK_TIME 1167737286
TRACK A20110117561461 F 394200 861960 120 30 999 NONE NONE 390
	FP_ROUTE KC..KCRJ2

TRACK_TIME 1167737286
TRACK A20110117561463 F 404200 732200 120 30 999 NONE NONE 450
	FP_ROUTE KC..KA320

TRACK_TIME 1167737286
TRACK A20110117561471 F 360460 1150760 120 30 999 NONE NONE 270
	FP_ROUTE KC..KE145

TRACK_TIME 1167737286
TRACK A20110117561473 F 415800 875800 120 30 999 NONE NONE 340
	FP_ROUTE KC..KCRJ2

TRACK_TIME 1167737286
TRACK A20110117561475 F 384900 770160 120 30 999 NONE NONE 390
	FP_ROUTE KC..KB738

TRACK_TIME 1167737286
TRACK A20110117561477 F 404360 735500 120 30 999 NONE NONE 390
	FP_ROUTE KC..KE135

TRACK_TIME 1167737286
TRACK A20110117561478 F 334060 1175100 120 30 999 NONE NONE 410
	FP_ROUTE KC..KA320

TRACK_TIME 1167737286
TRACK A20110117561481 F 373600 1221900 120 30 999 NONE NONE 340
	FP_ROUTE KC..KA319

TRACK_TIME 1167737286
TRACK A20110117561482 F 445400 931500 120 30 999 NONE NONE 380
	FP_ROUTE KT..KDH8D

TRACK_TIME 1167737286
TRACK A20110117561483 F 352500 804300 120 30 999 NONE NONE 410
	FP_ROUTE KC..KE170

TRACK_TIME 1167737286
TRACK A20110117561485 F 194300 1550000 120 30 999 NONE NONE 270
	FP_ROUTE KC..KB738

TRACK_TIME 1167737286
TRACK A20110117561486 F 394060 862100 120 30 999 NONE NONE 360
	FP_ROUTE KC..KE170

TRACK_TIME 1167737286
TRACK A20110117561487 F 453460 1223300 120 30 999 NONE NONE 340
	FP_ROUTE KC..KA320

TRACK_TIME 1167737286
TRACK A20110117561489 F 445200 931060 120 30 999 NONE NONE 350
	FP_ROUTE KC..KB737

TRACK_TIME 1167737286
TRACK A20110117561490 F 355200 835560 120 30 999 NONE NONE 192
	FP_ROUTE KT..KCRJ2

TRACK_TIME 1167737286
TRACK A20110117561498 F 373600 1221960 120 30 999 NONE NONE 340
	FP_ROUTE KC..KE170

TRACK_TIME 1167737286
TRACK A20110117561507 F 415400 723900 120 30 999 NONE NONE 310
	FP_ROUTE KC..KB737

TRACK_TIME 1167737286
TRACK A20110117561515 F 325500 970160 120 30 999 NONE NONE 360
	FP_ROUTE KC..KA320

TRACK_TIME 1167737286
TRACK A20110117561516 F 333900 842860 120 30 999 NONE NONE 300
	FP_ROUTE KC..KB737

TRACK_TIME 1167737286
TRACK A20110117561517 F 260400 801200 120 30 999 NONE NONE 330
	FP_ROUTE KC..KB762

TRACK_TIME 1167737286
TRACK A20110117561518 F 335560 1182500 120 30 999 NONE NONE 380
	FP_ROUTE KC..KB752

TRACK_TIME 1167737286
TRACK A20110117561525 F 333900 842260 120 30 999 NONE NONE 340
	FP_ROUTE KT..KCRJ9

TRACK_TIME 1167737286
TRACK A20110117561537 F 333760 842860 120 30 999 NONE NONE 400
	FP_ROUTE KC..KB738

TRACK_TIME 1167737286
TRACK A20110117561538 F 472700 1221900 120 30 999 NONE NONE 240
	FP_ROUTE KT..KCRJ2

TRACK_TIME 1167737286
TRACK A20110117561544 F 395500 1044200 120 30 999 NONE NONE 350
	FP_ROUTE KC..KE145

TRACK_TIME 1167737286
TRACK A20110117561549 F 275560 823300 120 30 999 NONE NONE 360
	FP_ROUTE KG..KC560

TRACK_TIME 1167737286
TRACK A20110117561550 F 395200 751660 120 30 999 NONE NONE 360
	FP_ROUTE KC..KB752

TRACK_TIME 1167737286
TRACK A20110117561557 F 381000 854300 120 30 999 NONE NONE 220
	FP_ROUTE KC..KA320

TRACK_TIME 1167737286
TRACK A20110117561565 F 395200 751660 120 30 999 NONE NONE 390
	FP_ROUTE KC..KB738

TRACK_TIME 1167737286
TRACK A20110117561567 F 394800 1043900 120 30 999 NONE NONE 380
	FP_ROUTE KC..KCRJ2

TRACK_TIME 1167737286
TRACK A20110117561569 F 282260 811660 120 30 999 NONE NONE 360
	FP_ROUTE KC..KCRJ2

TRACK_TIME 1167737286
TRACK A20110117561572 F 425800 875400 120 30 999 NONE NONE 360
	FP_ROUTE KT..KCRJ1

TRACK_TIME 1167737286
TRACK A20110117561576 F 335560 1182500 120 30 999 NONE NONE 370
	FP_ROUTE KC..KB752

TRACK_TIME 1167737286
TRACK A20110117561580 F 420100 875200 120 30 999 NONE NONE 240
	FP_ROUTE KC..KE170

TRACK_TIME 1167737286
TRACK A20110117561605 F 300100 901500 120 30 999 NONE NONE 400
	FP_ROUTE KC..KB737

TRACK_TIME 1167737286
TRACK A20110117561606 F 351360 805800 120 30 999 NONE NONE 250
	FP_ROUTE KC..KA319

TRACK_TIME 1167737286
TRACK A20110117561610 F 325400 970460 120 30 999 NONE NONE 370
	FP_ROUTE KC..KB737

TRACK_TIME 1167737286
TRACK A20110117561611 F 404600 734960 120 30 999 NONE NONE 370
	FP_ROUTE KC..KB739

TRACK_TIME 1167737286
TRACK A20110117561622 F 395260 1050400 120 30 999 NONE NONE 400
	FP_ROUTE KC..KB737

TRACK_TIME 1167737286
TRACK A20110117561631 F 324360 1173460 120 30 999 NONE NONE 380
	FP_ROUTE KC..KA320

TRACK_TIME 1167737286
TRACK A20110117561637 F 260460 801300 120 30 999 NONE NONE 400
	FP_ROUTE KT..KE135

TRACK_TIME 1167737286
TRACK A20110117561655 F 361000 864000 120 30 999 NONE NONE 330
	FP_ROUTE KC..KB737

TRACK_TIME 1167737286
TRACK A20110117561662 F 355800 793600 120 30 999 NONE NONE 250
	FP_ROUTE KG..KC560

TRACK_TIME 1167737286
TRACK A20110117561669 F 395260 1043460 120 30 999 NONE NONE 380
	FP_ROUTE KC..KCRJ2

TRACK_TIME 1167737286
TRACK A20110117561673 F 302400 841000 120 30 999 NONE NONE 370
	FP_ROUTE KC..KA320

TRACK_TIME 1167737286
TRACK A20110117561680 F 254800 801500 120 30 999 NONE NONE 400
	FP_ROUTE KT..KCRJ1

TRACK_TIME 1167737286
TRACK A20110117561681 F 282860 811660 120 30 999 NONE NONE 360
	FP_ROUTE KT..KCRJ2

TRACK_TIME 1167737286
TRACK A20110117561683 F 325400 970100 120 30 999 NONE NONE 340
	FP_ROUTE KC..KB738

TRACK_TIME 1167737286
TRACK A20110117561690 F 420000 875560 120 30 999 NONE NONE 310
	FP_ROUTE KC..KB737

TRACK_TIME 1167737286
TRACK A20110117561691 F 403700 734800 120 30 999 NONE NONE 350
	FP_ROUTE KC..KMD82

TRACK_TIME 1167737286
TRACK A20110117561696 F 320760 811200 120 30 999 NONE NONE 340
	FP_ROUTE KC..KB737

TRACK_TIME 1167737286
TRACK A20110117561699 F 325400 970100 120 30 999 NONE NONE 380
	FP_ROUTE KC..KE135

TRACK_TIME 1167737286
TRACK A20110117561703 F 395100 1044060 120 30 999 NONE NONE 250
	FP_ROUTE KC..KB738

TRACK_TIME 1167737286
TRACK A20110117561705 F 360700 863900 120 30 999 NONE NONE 370
	FP_ROUTE KC..KB737

TRACK_TIME 1167737286
TRACK A20110117561706 F 403760 734600 120 30 999 NONE NONE 370
	FP_ROUTE KC..KB738

TRACK_TIME 1167737286
TRACK A20110117561711 F 404000 741060 120 30 999 NONE NONE 350
	FP_ROUTE KC..KA320

TRACK_TIME 1167737286
TRACK A20110117561712 F 403600 734660 120 30 999 NONE NONE 220
	FP_ROUTE KC..KE145

TRACK_TIME 1167737286
TRACK A20110117561716 F 404500 734960 120 30 999 NONE NONE 370
	FP_ROUTE KC..KLJ45

TRACK_TIME 1167737286
TRACK A20110117561717 F 413400 934060 120 30 999 NONE NONE 370
	FP_ROUTE KC..KB739

TRACK_TIME 1167737286
TRACK A20110117561740 F 390000 772800 120 30 999 NONE NONE 290
	FP_ROUTE KC..KB737

TRACK_TIME 1167737286
TRACK A20110117561746 F 325560 970160 120 30 999 NONE NONE 260
	FP_ROUTE KC..KB753

TRACK_TIME 1167737286
TRACK A20110117561749 F 384500 902200 120 30 999 NONE NONE 290
	FP_ROUTE KC..KCRJ2

TRACK_TIME 1167737286
TRACK A20110117561754 F 395500 1044060 120 30 999 NONE NONE 400
	FP_ROUTE KC..KCRJ2

TRACK_TIME 1167737286
TRACK A20110117561757 F 332560 1115700 120 30 999 NONE NONE 400
	FP_ROUTE KC..KA320

TRACK_TIME 1167737286
TRACK A20110117561763 F 403700 734660 120 30 999 NONE NONE 350
	FP_ROUTE KT..KC560

TRACK_TIME 1167737286
TRACK A20110117561764 F 422100 705860 120 30 999 NONE NONE 350
	FP_ROUTE KC..KB737

TRACK_TIME 1167737286
TRACK A20110117561769 F 303900 862500 120 30 999 NONE NONE 240
	FP_ROUTE KC..KA320

TRACK_TIME 1167737286
TRACK A20110117561770 F 211900 1575800 120 30 999 NONE NONE 380
	FP_ROUTE KC..KB712

TRACK_TIME 1167737286
TRACK A20110117561774 F 333900 842800 120 30 999 NONE NONE 330
	FP_ROUTE KC..KB738

TRACK_TIME 1167737286
TRACK A20110117561775 F 332560 1115800 120 30 999 NONE NONE 330
	FP_ROUTE KC..KE135

TRACK_TIME 1167737286
TRACK A20110117561776 F 404000 741060 120 30 999 NONE NONE 370
	FP_ROUTE KC..KMD82

TRACK_TIME 1167737286
TRACK A20110117561778 F 332560 1115860 120 30 999 NONE NONE 290
	FP_ROUTE KC..KB744

TRACK_TIME 1167737286
TRACK A20110117561781 F 445200 931200 120 30 999 NONE NONE 350
	FP_ROUTE KT..KE145

TRACK_TIME 1167737286
TRACK A20110117561790 F 424800 853460 120 30 999 NONE NONE 320
	FP_ROUTE KC..KB738

TRACK_TIME 1167737286
TRACK A20110117561792 F 372100 1215500 120 30 999 NONE NONE 380
	FP_ROUTE KC..KB712

TRACK_TIME 1167737286
TRACK A20110117561794 F 295860 951660 120 30 999 NONE NONE 360
	FP_ROUTE KC..KB737

TRACK_TIME 1167737286
TRACK A20110117561795 F 404500 734500 120 30 999 NONE NONE 350
	FP_ROUTE KC..KB738

TRACK_TIME 1167737286
TRACK A20110117561798 F 420100 875800 120 30 999 NONE NONE 370
	FP_ROUTE KC..KE145

TRACK_TIME 1167737286
TRACK A20110117561800 F 415800 875700 120 30 999 NONE NONE 320
	FP_ROUTE KT..KE145

TRACK_TIME 1167737286
TRACK A20110117561802 F 325500 970100 120 30 999 NONE NONE 340
	FP_ROUTE KC..KA319

TRACK_TIME 1167737286
TRACK A20110117561806 F 314960 1062200 120 30 999 NONE NONE 240
	FP_ROUTE KC..KB752

TRACK_TIME 1167737286
TRACK A20110117561816 F 300400 920760 120 30 999 NONE NONE 270
	FP_ROUTE KC..KB735

TRACK_TIME 1167737286
TRACK A20110117561827 F 395260 751300 120 30 999 NONE NONE 250
	FP_ROUTE KC..KB737

TRACK_TIME 1167737286
TRACK A20110117561829 F 355200 784900 120 30 999 NONE NONE 300
	FP_ROUTE KC..KB737

TRACK_TIME 1167737286
TRACK A20110117561833 F 333760 842800 120 30 999 NONE NONE 260
	FP_ROUTE KC..KB737

TRACK_TIME 1167737286
TRACK A20110117561834 F 325100 965200 120 30 999 NONE NONE 280
	FP_ROUTE KC..KB735

TRACK_TIME 1167737286
TRACK A20110117561837 F 403700 734600 120 30 999 NONE NONE 250
	FP_ROUTE KC..KB735

TRACK_TIME 1167737286
TRACK A20110117561840 F 333760 842800 120 30 999 NONE NONE 390
	FP_ROUTE KC..KB752

TRACK_TIME 1167737286
TRACK A20110117561845 F 403900 734660 120 30 999 NONE NONE 370
	FP_ROUTE KC..KB737

TRACK_TIME 1167737286
TRACK A20110117561847 F 445400 931600 120 30 999 NONE NONE 300
	FP_ROUTE KC..KB737

TRACK_TIME 1167737286
TRACK A20110117561853 F 303100 871200 120 30 999 NONE NONE 310
	FP_ROUTE KT..KE145

TRACK_TIME 1167737286
TRACK A20110117561855 F 421300 831960 120 30 999 NONE NONE 260
	FP_ROUTE KC..KB738

TRACK_TIME 1167737286
TRACK A20110117561863 F 355100 784900 120 30 999 NONE NONE 280
	FP_ROUTE KC..KA321

TRACK_TIME 1167737286
TRACK A20110117561868 F 325260 970160 120 30 999 NONE NONE 350
	FP_ROUTE KT..KE145

TRACK_TIME 1167737286
TRACK A20110117561871 F 333900 842800 120 30 999 NONE NONE 320
	FP_ROUTE KC..KB752

TRACK_TIME 1167737286
TRACK A20110117561876 F 372860 771960 120 30 999 NONE NONE 350
	FP_ROUTE KC..KA320

TRACK_TIME 1167737286
TRACK A20110117561878 F 421300 831960 120 30 999 NONE NONE 320
	FP_ROUTE KC..KE170

TRACK_TIME 1167737286
TRACK A20110117561893 F 404800 1120000 120 30 999 NONE NONE 260
	FP_ROUTE KC..KA320

TRACK_TIME 1167737286
TRACK A20110117561899 F 421300 831960 120 30 999 NONE NONE 340
	FP_ROUTE KC..KB737

TRACK_TIME 1167737286
TRACK A20110117561901 F 300000 952260 120 30 999 NONE NONE 380
	FP_ROUTE KT..KE145

TRACK_TIME 1167737286
TRACK A20110117561916 F 333760 842400 120 30 999 NONE NONE 320
	FP_ROUTE KT..KCRJ2

TRACK_TIME 1167737286
TRACK A20110117561918 F 390700 844000 120 30 999 NONE NONE 370
	FP_ROUTE KG..KF900

TRACK_TIME 1167737286
TRACK A20110117561919 F 333760 843100 120 30 999 NONE NONE 220
	FP_ROUTE KC..KB737

TRACK_TIME 1167737286
TRACK A20110117561921 F 300000 951660 120 30 999 NONE NONE 360
	FP_ROUTE KC..KB737

TRACK_TIME 1167737286
TRACK A20110117561924 F 391800 944300 120 30 999 NONE NONE 350
	FP_ROUTE KC..KE145

TRACK_TIME 1167737286
TRACK A20110117561931 F 472800 1221900 120 30 999 NONE NONE 320
	FP_ROUTE KC..KE145

TRACK_TIME 1167737286
TRACK A20110117561933 F 391060 764200 120 30 999 NONE NONE 290
	FP_ROUTE KC..KB752

TRACK_TIME 1167737286
TRACK A20110117561937 F 380700 843100 120 30 999 NONE NONE 270
	FP_ROUTE KC..KB737

TRACK_TIME 1167737286
TRACK A20110117561939 F 422100 705860 120 30 999 NONE NONE 330
	FP_ROUTE KC..KB752

TRACK_TIME 1167737286
TRACK A20110117561943 F 395200 751660 120 30 999 NONE NONE 350
	FP_ROUTE KC..KE120

TRACK_TIME 1167737286
TRACK A20110117561944 F 351300 805560 120 30 999 NONE NONE 340
	FP_ROUTE KC..KSF34

TRACK_TIME 1167737286
TRACK A20110117561950 F 332560 1120400 120 30 999 NONE NONE 340
	FP_ROUTE KC..KB712

TRACK_TIME 1167737286
TRACK A20110117561956 F 454800 1082860 120 30 999 NONE NONE 380
	FP_ROUTE KC..KB737

TRACK_TIME 1167737286
TRACK A20110117561980 F 420160 875560 120 30 999 NONE NONE 380
	FP_ROUTE KC..KA320

TRACK_TIME 1167737286
TRACK A20110117561983 F 421960 710100 120 30 999 NONE NONE 370
	FP_ROUTE KC..KB735

TRACK_TIME 1167737286
TRACK A20110117561984 F 384660 902260 120 30 999 NONE NONE 260
	FP_ROUTE KG..KC550

TRACK_TIME 1167737286
TRACK A20110117561985 F 293100 982800 120 30 999 NONE NONE 300
	FP_ROUTE KG..KC550

TRACK_TIME 1167737286
TRACK A20110117561990 F 324360 1171000 120 30 999 NONE NONE 370
	FP_ROUTE KC..KE170

TRACK_TIME 1167737286
TRACK A20110117561995 F 324600 965700 120 30 999 NONE NONE 330
	FP_ROUTE KC..KB712

TRACK_TIME 1167737286
TRACK A20110117561996 F 373600 1221900 120 30 999 NONE NONE 370
	FP_ROUTE KC..KB737

TRACK_TIME 1167737286
TRACK A20110117562004 F 422200 710100 120 30 999 NONE NONE 370
	FP_ROUTE KT..KCRJ2

TRACK_TIME 1167737286
TRACK A20110117562008 F 335700 811200 120 30 999 NONE NONE 310
	FP_ROUTE KC..KB737

TRACK_TIME 1167737286
TRACK A20110117562014 F 384800 770160 120 30 999 NONE NONE 200
	FP_ROUTE KC..KA319

TRACK_TIME 1167737286
TRACK A20110117562018 F 335560 1183300 120 30 999 NONE NONE 370
	FP_ROUTE KC..KE190

TRACK_TIME 1167737286
TRACK A20110117562019 F 395400 750400 120 30 999 NONE NONE 310
	FP_ROUTE KC..KB752

TRACK_TIME 1167737286
TRACK A20110117562020 F 350600 850700 120 30 999 NONE NONE 220
	FP_ROUTE KC..KB737

TRACK_TIME 1167737286
TRACK A20110117562021 F 293300 982860 120 30 999 NONE NONE 350
	FP_ROUTE KC..KB739

TRACK_TIME 1167737286
TRACK A20110117562022 F 353900 835800 120 30 999 NONE NONE 220
	FP_ROUTE KC..KB752

TRACK_TIME 1167737286
TRACK A20110117562028 F 293400 983100 120 30 999 NONE NONE 360
	FP_ROUTE KC..KE145

TRACK_TIME 1167737286
TRACK A20110117562044 F 275500 823300 120 30 999 NONE NONE 350
	FP_ROUTE KC..KB744

TRACK_TIME 1167737286
TRACK A20110117562050 F 330460 970300 120 30 999 NONE NONE 330
	FP_ROUTE KC..KA319

TRACK_TIME 1167737286
TRACK A20110117562062 F 264060 800760 120 30 999 NONE NONE 410
	FP_ROUTE KC..KE135

TRACK_TIME 1167737286
TRACK A20110117562063 F 410160 734060 120 30 999 NONE NONE 390
	FP_ROUTE KC..KB738

TRACK_TIME 1167737286
TRACK A20110117562068 F 360600 864000 120 30 999 NONE NONE 330
	FP_ROUTE KC..KB763

TRACK_TIME 1167737286
TRACK A20110117562069 F 334060 1162100 120 30 999 NONE NONE 430
	FP_ROUTE KC..KB738

TRACK_TIME 1167737286
TRACK A20110117562071 F 335800 811600 120 30 999 NONE NONE 300
	FP_ROUTE KT..KCRJ2

TRACK_TIME 1167737286
TRACK A20110117562078 F 355200 784900 120 30 999 NONE NONE 290
	FP_ROUTE KC..KCRJ2

TRACK_TIME 1167737286
TRACK A20110117562079 F 422100 705860 120 30 999 NONE NONE 210
	FP_ROUTE KC..KA320

TRACK_TIME 1167737286
TRACK A20110117562080 F 373600 1221900 120 30 999 NONE NONE 360
	FP_ROUTE KC..KB737

TRACK_TIME 1167737286
TRACK A20110117562088 F 453460 844800 120 30 999 NONE NONE 260
	FP_ROUTE KC..KB738

TRACK_TIME 1167737286
TRACK A20110117562094 F 411660 955400 120 30 999 NONE NONE 360
	FP_ROUTE KC..KA319

TRACK_TIME 1167737286
TRACK A20110117562099 F 333760 842260 120 30 999 NONE NONE 290
	FP_ROUTE KC..KA319

TRACK_TIME 1167737286
TRACK A20110117562114 F 263400 813300 120 30 999 NONE NONE 380
	FP_ROUTE KC..KCRJ2

TRACK_TIME 1167737286
TRACK A20110117562118 F 360700 864060 120 30 999 NONE NONE 400
	FP_ROUTE KT..KE145

TRACK_TIME 1167737286
TRACK A20110117562119 F 414900 874660 120 30 999 NONE NONE 330
	FP_ROUTE KC..KA320

TRACK_TIME 1167737286
TRACK A20110117562121 F 414060 712700 120 30 999 NONE NONE 410
	FP_ROUTE KC..KA320

TRACK_TIME 1167737286
TRACK A20110117562123 F 390400 843900 120 30 999 NONE NONE 280
	FP_ROUTE KC..KB734

TRACK_TIME 1167737286
TRACK A20110117562131 F 333900 842800 120 30 999 NONE NONE 290
	FP_ROUTE KT..KCRJ2

TRACK_TIME 1167737286
TRACK A20110117562135 F 335560 1182260 120 30 999 NONE NONE 340
	FP_ROUTE KT..KCRJ2

TRACK_TIME 1167737286
TRACK A20110117562137 F 391060 764300 120 30 999 NONE NONE 390
	FP_ROUTE KC..KB737

TRACK_TIME 1167737286
TRACK A20110117562139 F 395200 751660 120 30 999 NONE NONE 370
	FP_ROUTE KC..KB737

TRACK_TIME 1167737286
TRACK A20110117562143 F 301800 875700 120 30 999 NONE NONE 310
	FP_ROUTE KC..KB737

TRACK_TIME 1167737286
TRACK A20110117562144 F 404500 735400 120 30 999 NONE NONE 190
	FP_ROUTE KT..KE145

TRACK_TIME 1167737286
TRACK A20110117562148 F 333760 842800 120 30 999 NONE NONE 360
	FP_ROUTE KT..KE145

TRACK_TIME 1167737286
TRACK A20110117562149 F 445400 931600 120 30 999 NONE NONE 280
	FP_ROUTE KT..KE145

TRACK_TIME 1167737286
TRACK A20110117562150 F 351360 805700 120 30 999 NONE NONE 240
	FP_ROUTE KC..KCRJ2

TRACK_TIME 1167737286
TRACK A20110117562152 F 324360 1171060 120 30 999 NONE NONE 380
	FP_ROUTE KC..KE145

TRACK_TIME 1167737286
TRACK A20110117562154 F 355100 784960 120 30 999 NONE NONE 270
	FP_ROUTE KC..KCRJ2

TRACK_TIME 1167737286
TRACK A20110117562162 F 335560 1182100 120 30 999 NONE NONE 360
	FP_ROUTE KC..KCRJ9

TRACK_TIME 1167737286
TRACK A20110117562165 F 211660 1575200 120 30 999 NONE NONE 340
	FP_ROUTE KC..KB738

TRACK_TIME 1167737286
TRACK A20110117562167 F 260400 801060 120 30 999 NONE NONE 320
	FP_ROUTE KC..KCRJ2

TRACK_TIME 1167737286
TRACK A20110117562168 F 385860 772560 120 30 999 NONE NONE 410
	FP_ROUTE KC..KA320

TRACK_TIME 1167737286
TRACK A20110117562176 F 340300 1173460 120 30 999 NONE NONE 360
	FP_ROUTE KC..KB738

TRACK_TIME 1167737286
TRACK A20110117562179 F 333760 842860 120 30 999 NONE NONE 350
	FP_ROUTE KC..KB735

TRACK_TIME 1167737286
TRACK A20110117562187 F 280100 823160 120 30 999 NONE NONE 350
	FP_ROUTE KG..KBE20

TRACK_TIME 1167737286
TRACK A20110117562192 F 404960 1154600 120 30 999 NONE NONE 220
	FP_ROUTE KG..KBE20

TRACK_TIME 1167737286
TRACK A20110117562193 F 364360 1193760 120 30 999 NONE NONE 220
	FP_ROUTE KC..KE135

TRACK_TIME 1167737286
TRACK A20110117562199 F 282800 811800 120 30 999 NONE NONE 360
	FP_ROUTE KC..KMD83

TRACK_TIME 1167737286
TRACK A20110117562200 F 472700 1221900 120 30 999 NONE NONE 410
	FP_ROUTE KT..KCRJ2

TRACK_TIME 1167737286
TRACK A20110117562206 F 333760 843000 120 30 999 NONE NONE 370
	FP_ROUTE KC..KB737

TRACK_TIME 1167737286
TRACK A20110117562210 F 332560 1120300 120 30 999 NONE NONE 330
	FP_ROUTE KC..KE145

TRACK_TIME 1167737286
TRACK A20110117562214 F 360460 1150900 120 30 999 NONE NONE 340
	FP_ROUTE KT..KE135

TRACK_TIME 1167737286
TRACK A20110117562217 F 484660 1223160 120 30 999 NONE NONE 320
	FP_ROUTE KT..KCRJ2

TRACK_TIME 1167737286
TRACK A20110117562226 F 404500 1115800 120 30 999 NONE NONE 320
	FP_ROUTE KC..KA319

TRACK_TIME 1167737286
TRACK A20110117562235 F 333760 842800 120 30 999 NONE NONE 360
	FP_ROUTE KC..KB738

TRACK_TIME 1167737286
TRACK A20110117562237 F 333900 842260 120 30 999 NONE NONE 220
	FP_ROUTE KC..KB712

TRACK_TIME 1167737286
TRACK A20110117562241 F 400000 825700 120 30 999 NONE NONE 290
	FP_ROUTE KT..KCRJ2

TRACK_TIME 1167737286
TRACK A20110117562243 F 380900 854360 120 30 999 NONE NONE 260
	FP_ROUTE KC..KE190

TRACK_TIME 1167737286
TRACK A20110117562248 F 415400 723900 120 30 999 NONE NONE 210
	FP_ROUTE KC..KA320

TRACK_TIME 1167737286
TRACK A20110117562254 F 300100 901500 120 30 999 NONE NONE 300
	FP_ROUTE KC..KCRJ2

TRACK_TIME 1167737286
TRACK A20110117562257 F 275700 823300 120 30 999 NONE NONE 300
	FP_ROUTE KG..KC550

TRACK_TIME 1167737286
TRACK A20110117562259 F 282800 811960 120 30 999 NONE NONE 370
	FP_ROUTE KC..KB738

TRACK_TIME 1167737286
TRACK A20110117562260 F 395200 751660 120 30 999 NONE NONE 330
	FP_ROUTE KC..KB753

TRACK_TIME 1167737286
TRACK A20110117562273 F 332560 1115800 120 30 999 NONE NONE 360
	FP_ROUTE KT..KCRJ2

TRACK_TIME 1167737286
TRACK A20110117562276 F 333460 1115700 120 30 999 NONE NONE 380
	FP_ROUTE KT..KCRJ9

TRACK_TIME 1167737286
TRACK A20110117562277 F 411800 955260 120 30 999 NONE NONE 310
	FP_ROUTE KC..KB734

TRACK_TIME 1167737286
TRACK A20110117562282 F 295860 951660 120 30 999 NONE NONE 240
	FP_ROUTE KC..KA320

TRACK_TIME 1167737286
TRACK A20110117562283 F 404960 740600 120 30 999 NONE NONE 370
	FP_ROUTE KT..KE145

TRACK_TIME 1167737286
TRACK A20110117562284 F 384500 901900 120 30 999 NONE NONE 400
	FP_ROUTE KG..KE135

TRACK_TIME 1167737286
TRACK A20110117562285 F 373100 771900 120 30 999 NONE NONE 220
	FP_ROUTE KC..KB738

TRACK_TIME 1167737286
TRACK A20110117562287 F 194300 1545860 120 30 999 NONE NONE 230
	FP_ROUTE KC..KE145

TRACK_TIME 1167737286
TRACK A20110117562295 F 390760 842400 120 30 999 NONE NONE 400
	FP_ROUTE KC..KE145

TRACK_TIME 1167737286
TRACK A20110117562298 F 404800 1115800 120 30 999 NONE NONE 330
	FP_ROUTE KT..KE135

TRACK_TIME 1167737286
TRACK A20110117562301 F 395200 1044000 120 30 999 NONE NONE 320
	FP_ROUTE KC..KB737

TRACK_TIME 1167737286
TRACK A20110117562307 F 404800 1115860 120 30 999 NONE NONE 320
	FP_ROUTE KC..KB733

TRACK_TIME 1167737286
TRACK A20110117562309 F 373600 1221960 120 30 999 NONE NONE 380
	FP_ROUTE KC..KA320

TRACK_TIME 1167737286
TRACK A20110117562310 F 472800 1221900 120 30 999 NONE NONE 400
	FP_ROUTE KC..KB733

TRACK_TIME 1167737286
TRACK A20110117562313 F 374200 1221200 120 30 999 NONE NONE 340
	FP_ROUTE KG..KF2TH

TRACK_TIME 1167737286
TRACK A20110117562314 F 333760 842860 120 30 999 NONE NONE 360
	FP_ROUTE KG..KF2TH

TRACK_TIME 1167737286
TRACK A20110117562315 F 262800 820400 120 30 999 NONE NONE 350
	FP_ROUTE KC..KB737

TRACK_TIME 1167737286
TRACK A20110117562319 F 324660 1171300 120 30 999 NONE NONE 400
	FP_ROUTE KC..KE135

TRACK_TIME 1167737286
TRACK A20110117562325 F 421360 832200 120 30 999 NONE NONE 310
	FP_ROUTE KC..KE135

TRACK_TIME 1167737286
TRACK A20110117562327 F 333760 1014900 120 30 999 NONE NONE 430
	FP_ROUTE KC..KE135

TRACK_TIME 1167737286
TRACK A20110117562330 F 410160 734000 120 30 999 NONE NONE 370
	FP_ROUTE KG..KFA10

TRACK_TIME 1167737286
TRACK A20110117562337 F 295860 951500 120 30 999 NONE NONE 360
	FP_ROUTE KT..KCRJ2

TRACK_TIME 1167737286
TRACK A20110117562341 F 403900 741200 120 30 999 NONE NONE 350
	FP_ROUTE KC..KE145

TRACK_TIME 1167737286
TRACK A20110117562348 F 395500 1044000 120 30 999 NONE NONE 340
	FP_ROUTE KT..KCRJ2

TRACK_TIME 1167737286
TRACK A20110117562349 F 395400 842200 120 30 999 NONE NONE 280
	FP_ROUTE KT..KE145

TRACK_TIME 1167737286
TRACK A20110117562351 F 324960 964960 120 30 999 NONE NONE 300
	FP_ROUTE KT..KE145

TRACK_TIME 1167737286
TRACK A20110117562355 F 425700 784300 120 30 999 NONE NONE 350
	FP_ROUTE KC..KA319

TRACK_TIME 1167737286
TRACK A20110117562364 F 335400 1183100 120 30 999 NONE NONE 330
	FP_ROUTE KT..KCRJ2

TRACK_TIME 1167737286
TRACK A20110117562371 F 384900 770160 120 30 999 NONE NONE 260
	FP_ROUTE KC..KA320

TRACK_TIME 1167737286
TRACK A20110117562372 F 472560 1221900 120 30 999 NONE NONE 360
	FP_ROUTE KG..KLJ45

TRACK_TIME 1167737286
TRACK A20110117562373 F 351360 805700 120 30 999 NONE NONE 360
	FP_ROUTE KC..KB733

TRACK_TIME 1167737286
TRACK A20110117562376 F 410160 734060 120 30 999 NONE NONE 350
	FP_ROUTE KC..KB733

TRACK_TIME 1167737286
TRACK A20110117562382 F 325500 970460 120 30 999 NONE NONE 350
	FP_ROUTE KC..KB739

TRACK_TIME 1167737286
TRACK A20110117562383 F 395200 751660 120 30 999 NONE NONE 370
	FP_ROUTE KC..KB733

TRACK_TIME 1167737286
TRACK A20110117562385 F 472700 1221900 120 30 999 NONE NONE 220
	FP_ROUTE KC..KA320

TRACK_TIME 1167737286
TRACK A20110117562386 F 365200 761360 120 30 999 NONE NONE 260
	FP_ROUTE KC..KB738

TRACK_TIME 1167737286
TRACK A20110117562391 F 404000 734500 120 30 999 NONE NONE 210
	FP_ROUTE KC..KE145

TRACK_TIME 1167737286
TRACK A20110117562392 F 404660 730700 120 30 999 NONE NONE 390
	FP_ROUTE KT..KCRJ2

TRACK_TIME 1167737286
TRACK A20110117562393 F 404000 741060 120 30 999 NONE NONE 350
	FP_ROUTE KT..KCRJ2

TRACK_TIME 1167737286
TRACK A20110117562397 F 405400 735200 120 30 999 NONE NONE 310
	FP_ROUTE KC..KMD83

TRACK_TIME 1167737286
TRACK A20110117562398 F 363000 822260 120 30 999 NONE NONE 390
	FP_ROUTE KC..KE170

TRACK_TIME 1167737286
TRACK A20110117562402 F 333760 843160 120 30 999 NONE NONE 390
	FP_ROUTE KC..KCRJ2

TRACK_TIME 1167737286
TRACK A20110117562403 F 391900 944300 120 30 999 NONE NONE 320
	FP_ROUTE KC..KE190

TRACK_TIME 1167737286
TRACK A20110117562405 F 422100 710100 120 30 999 NONE NONE 350
	FP_ROUTE KC..KB762

TRACK_TIME 1167737286
TRACK A20110117562407 F 395200 751360 120 30 999 NONE NONE 230
	FP_ROUTE KC..KA319

TRACK_TIME 1167737286
TRACK A20110117562409 F 394200 861960 120 30 999 NONE NONE 210
	FP_ROUTE KC..KA319

TRACK_TIME 1167737286
TRACK A20110117562410 F 395700 1044060 120 30 999 NONE NONE 320
	FP_ROUTE KT..KE145

TRACK_TIME 1167737286
TRACK A20110117562412 F 420000 875560 120 30 999 NONE NONE 200
	FP_ROUTE KC..KA320

TRACK_TIME 1167737286
TRACK A20110117562423 F 411900 955500 120 30 999 NONE NONE 340
	FP_ROUTE KC..KE120

TRACK_TIME 1167737286
TRACK A20110117562426 F 321900 900600 120 30 999 NONE NONE 300
	FP_ROUTE KC..KB752

TRACK_TIME 1167737286
TRACK A20110117562431 F 350400 895860 120 30 999 NONE NONE 330
	FP_ROUTE KC..KB733

TRACK_TIME 1167737286
TRACK A20110117562432 F 335700 1182700 120 30 999 NONE NONE 379
	FP_ROUTE KC..KB762

TRACK_TIME 1167737286
TRACK A20110117562437 F 380160 873460 120 30 999 NONE NONE 240
	FP_ROUTE KC..KA319

TRACK_TIME 1167737286
TRACK A20110117562440 F 395400 1044200 120 30 999 NONE NONE 350
	FP_ROUTE KC..KE145

TRACK_TIME 1167737286
TRACK A20110117562441 F 403760 741200 120 30 999 NONE NONE 350
	FP_ROUTE KT..KCRJ9

TRACK_TIME 1167737286
TRACK A20110117562444 F 324600 1172100 120 30 999 NONE NONE 320
	FP_ROUTE KC..KB739

TRACK_TIME 1167737286
TRACK A20110117562447 F 355100 784900 120 30 999 NONE NONE 350
	FP_ROUTE KC..KE145

TRACK_TIME 1167737286
TRACK A20110117562449 F 335700 1182260 120 30 999 NONE NONE 330
	FP_ROUTE KT..KBE9L

TRACK_TIME 1167737286
TRACK A20110117562453 F 350460 895860 120 30 999 NONE NONE 370
	FP_ROUTE KT..KCRJ9

TRACK_TIME 1167737286
TRACK A20110117562457 F 391060 764300 120 30 999 NONE NONE 370
	FP_ROUTE KC..KB753

TRACK_TIME 1167737286
TRACK A20110117562459 F 425860 875260 120 30 999 NONE NONE 370
	FP_ROUTE KC..KCRJ9

TRACK_TIME 1167737286
TRACK A20110117562462 F 415560 724200 120 30 999 NONE NONE 330
	FP_ROUTE KC..KB737

TRACK_TIME 1167737286
TRACK A20110117562471 F 180000 663300 120 30 999 NONE NONE 350
	FP_ROUTE KT..KCRJ2

TRACK_TIME 1167737286
TRACK A20110117562483 F 412560 814960 120 30 999 NONE NONE 370
	FP_ROUTE KC..KB737

TRACK_TIME 1167737286
TRACK A20110117562492 F 421200 832260 120 30 999 NONE NONE 330
	FP_ROUTE KC..KB737

TRACK_TIME 1167737286
TRACK A20110117562496 F 215560 1591960 120 30 999 NONE NONE 370
	FP_ROUTE KG..KF2TH

TRACK_TIME 1167737286
TRACK A20110117562498 F 325500 970300 120 30 999 NONE NONE 350
	FP_ROUTE KC..KA320

TRACK_TIME 1167737286
TRACK A20110117562499 F 254800 801960 120 30 999 NONE NONE 360
	FP_ROUTE KC..KB752

TRACK_TIME 1167737286
TRACK A20110117562501 F 182560 660100 120 30 999 NONE NONE 350
	FP_ROUTE KC..KB737

TRACK_TIME 1167737286
TRACK A20110117562507 F 390000 772560 120 30 999 NONE NONE 380
	FP_ROUTE KC..KB737

TRACK_TIME 1167737286
TRACK A20110117562508 F 211800 1575200 120 30 999 NONE NONE 220
	FP_ROUTE KC..KB737

TRACK_TIME 1167737286
TRACK A20110117562517 F 302800 813900 120 30 999 NONE NONE 270
	FP_ROUTE KG..KC550

TRACK_TIME 1167737286
TRACK A20110117562525 F 371660 800600 120 30 999 NONE NONE 330
	FP_ROUTE KC..KB737

TRACK_TIME 1167737286
TRACK A20110117562537 F 384800 770160 120 30 999 NONE NONE 370
	FP_ROUTE KC..KCRJ2

TRACK_TIME 1167737286
TRACK A20110117562545 F 390900 763900 120 30 999 NONE NONE 350
	FP_ROUTE KC..KE170

TRACK_TIME 1167737286
TRACK A20110117562547 F 243900 815560 120 30 999 NONE NONE 390
	FP_ROUTE KC..KCRJ2

TRACK_TIME 1167737286
TRACK A20110117562549 F 373760 1220760 120 30 999 NONE NONE 360
	FP_ROUTE KC..KA319

TRACK_TIME 1167737286
TRACK A20110117562552 F 333760 842800 120 30 999 NONE NONE 390
	FP_ROUTE KC..KA319

TRACK_TIME 1167737286
TRACK A20110117562554 F 392100 944060 120 30 999 NONE NONE 360
	FP_ROUTE KT..KCRJ1

TRACK_TIME 1167737286
TRACK A20110117562557 F 414800 874660 120 30 999 NONE NONE 370
	FP_ROUTE KC..KA321

TRACK_TIME 1167737286
TRACK A20110117562560 F 325500 970160 120 30 999 NONE NONE 320
	FP_ROUTE KC..KA321

TRACK_TIME 1167737286
TRACK A20110117562561 F 403000 801660 120 30 999 NONE NONE 320
	FP_ROUTE KC..KB733

TRACK_TIME 1167737286
TRACK A20110117562562 F 295860 951600 120 30 999 NONE NONE 250
	FP_ROUTE KC..KA319

TRACK_TIME 1167737286
TRACK A20110117562563 F 334060 1175200 120 30 999 NONE NONE 370
	FP_ROUTE KC..KB733

TRACK_TIME 1167737286
TRACK A20110117562565 F 295800 951660 120 30 999 NONE NONE 360
	FP_ROUTE KC..KB733

TRACK_TIME 1167737286
TRACK A20110117562572 F 385800 772560 120 30 999 NONE NONE 390
	FP_ROUTE KC..KE170

TRACK_TIME 1167737286
TRACK A20110117562573 F 472860 1221900 120 30 999 NONE NONE 360
	FP_ROUTE KC..KCRJ9

TRACK_TIME 1167737286
TRACK A20110117562579 F 351500 881200 120 30 999 NONE NONE 400
	FP_ROUTE KC..KCRJ2

TRACK_TIME 1167737286
TRACK A20110117562581 F 404000 741060 120 30 999 NONE NONE 370
	FP_ROUTE KC..KCRJ2

TRACK_TIME 1167737286
TRACK A20110117562588 F 282800 811900 120 30 999 NONE NONE 299
	FP_ROUTE KC..KA319

TRACK_TIME 1167737286
TRACK A20110117562589 F 324000 1044000 120 30 999 NONE NONE 190
	FP_ROUTE KC..KB752

TRACK_TIME 1167737286
TRACK A20110117562598 F 360700 1150600 120 30 999 NONE NONE 330
	FP_ROUTE KC..KA320

TRACK_TIME 1167737286
TRACK A20110117562599 F 360460 1151360 120 30 999 NONE NONE 260
	FP_ROUTE KT..KCRJ2

TRACK_TIME 1167737286
TRACK A20110117562600 F 293760 951600 120 30 999 NONE NONE 330
	FP_ROUTE KC..KB763

TRACK_TIME 1167737286
TRACK A20110117562604 F 333400 1175700 120 30 999 NONE NONE 240
	FP_ROUTE KC..KA320

TRACK_TIME 1167737286
TRACK A20110117562605 F 300000 952260 120 30 999 NONE NONE 190
	FP_ROUTE KC..KB752

TRACK_TIME 1167737286
TRACK A20110117562608 F 424000 832700 120 30 999 NONE NONE 350
	FP_ROUTE KC..KB738

TRACK_TIME 1167737286
TRACK A20110117562609 F 374060 1221060 120 30 999 NONE NONE 240
	FP_ROUTE KC..KE145

TRACK_TIME 1167737286
TRACK A20110117562611 F 321800 895500 120 30 999 NONE NONE 330
	FP_ROUTE KC..KB733

TRACK_TIME 1167737286
TRACK A20110117562612 F 445400 931360 120 30 999 NONE NONE 370
	FP_ROUTE KC..KB738

TRACK_TIME 1167737286
TRACK A20110117562619 F 415500 724360 120 30 999 NONE NONE 450
	FP_ROUTE KC..KE145

TRACK_TIME 1167737286
TRACK A20110117562623 F 422100 710100 120 30 999 NONE NONE 370
	FP_ROUTE KC..KE170

TRACK_TIME 1167737286
TRACK A20110117562627 F 472860 1221900 120 30 999 NONE NONE 330
	FP_ROUTE KC..KE170

TRACK_TIME 1167737286
TRACK A20110117562628 F 333760 842260 120 30 999 NONE NONE 210
	FP_ROUTE KT..KE145

TRACK_TIME 1167737286
TRACK A20110117562629 F 351360 805500 120 30 999 NONE NONE 340
	FP_ROUTE KC..KCRJ2

TRACK_TIME 1167737286
TRACK A20110117562634 F 445260 931360 120 30 999 NONE NONE 350
	FP_ROUTE KC..KB737

TRACK_TIME 1167737286
TRACK A20110117562639 F 423900 850600 120 30 999 NONE NONE 200
	FP_ROUTE KC..KB737

TRACK_TIME 1167737286
TRACK A20110117562642 F 341060 1181000 120 30 999 NONE NONE 370
	FP_ROUTE KC..KB752

TRACK_TIME 1167737286
TRACK A20110117562647 F 412500 814960 120 30 999 NONE NONE 350
	FP_ROUTE KC..KB735

TRACK_TIME 1167737286
TRACK A20110117562648 F 414060 712260 120 30 999 NONE NONE 330
	FP_ROUTE KC..KB739

TRACK_TIME 1167737286
TRACK A20110117562651 F 420000 875400 120 30 999 NONE NONE 380
	FP_ROUTE KC..KE190

TRACK_TIME 1167737286
TRACK A20110117562661 F 403700 734660 120 30 999 NONE NONE 210
	FP_ROUTE KC..KB737

TRACK_TIME 1167737286
TRACK A20110117562664 F 395200 751660 120 30 999 NONE NONE 350
	FP_ROUTE KC..KB738

TRACK_TIME 1167737286
TRACK A20110117562669 F 351360 805800 120 30 999 NONE NONE 330
	FP_ROUTE KT..KCRJ2

TRACK_TIME 1167737286
TRACK A20110117562673 F 390000 772800 120 30 999 NONE NONE 200
	FP_ROUTE KT..KCRJ1

TRACK_TIME 1167737286
TRACK A20110117562675 F 374060 972500 120 30 999 NONE NONE 370
	FP_ROUTE KC..KB752

TRACK_TIME 1167737286
TRACK A20110117562676 F 325500 970160 120 30 999 NONE NONE 300
	FP_ROUTE KC..KCRJ9

TRACK_TIME 1167737286
TRACK A20110117562677 F 341900 775100 120 30 999 NONE NONE 340
	FP_ROUTE KC..KB738

TRACK_TIME 1167737286
TRACK A20110117562678 F 384800 770160 120 30 999 NONE NONE 330
	FP_ROUTE KC..KE145

TRACK_TIME 1167737286
TRACK A20110117562679 F 360460 1151000 120 30 999 NONE NONE 380
	FP_ROUTE KC..KB738

TRACK_TIME 1167737286
TRACK A20110117562682 F 351200 805560 120 30 999 NONE NONE 350
	FP_ROUTE KC..KB753

TRACK_TIME 1167737286
TRACK A20110117562687 F 404500 735400 120 30 999 NONE NONE 350
	FP_ROUTE KC..KB753

TRACK_TIME 1167737286
TRACK A20110117562690 F 404800 1120000 120 30 999 NONE NONE 330
	FP_ROUTE KC..KMD83

TRACK_TIME 1167737286
TRACK A20110117562693 F 404600 1120000 120 30 999 NONE NONE 360
	FP_ROUTE KC..KB737

TRACK_TIME 1167737286
TRACK A20110117562695 F 333760 843460 120 30 999 NONE NONE 310
	FP_ROUTE KC..KB737

TRACK_TIME 1167737286
TRACK A20110117562696 F 345100 821500 120 30 999 NONE NONE 190
	FP_ROUTE KC..KB733

TRACK_TIME 1167737286
TRACK A20110117562700 F 350460 895860 120 30 999 NONE NONE 310
	FP_ROUTE KC..KA319

TRACK_TIME 1167737286
TRACK A20110117562701 F 395260 1044000 120 30 999 NONE NONE 360
	FP_ROUTE KC..KB737

TRACK_TIME 1167737286
TRACK A20110117562709 F 404200 735560 120 30 999 NONE NONE 370
	FP_ROUTE KC..KB737

TRACK_TIME 1167737286
TRACK A20110117562712 F 355100 784900 120 30 999 NONE NONE 280
	FP_ROUTE KC..KA319

TRACK_TIME 1167737286
TRACK A20110117562713 F 395200 751360 120 30 999 NONE NONE 290
	FP_ROUTE KC..KA321

TRACK_TIME 1167737286
TRACK A20110117562718 F 400760 763760 120 30 999 NONE NONE 390
	FP_ROUTE KC..KB738

TRACK_TIME 1167737286
TRACK A20110117562720 F 411800 955260 120 30 999 NONE NONE 370
	FP_ROUTE KC..KB737

TRACK_TIME 1167737286
TRACK A20110117562730 F 394900 1043760 120 30 999 NONE NONE 360
	FP_ROUTE KC..KE145

TRACK_TIME 1167737286
TRACK A20110117562739 F 404600 735100 120 30 999 NONE NONE 390
	FP_ROUTE KC..KA321

TRACK_TIME 1167737286
TRACK A20110117562740 F 441500 1211000 120 30 999 NONE NONE 310
	FP_ROUTE KT..KE120

TRACK_TIME 1167737286
TRACK A20110117562750 F 624000 1623700 120 30 999 NONE NONE 280
	FP_ROUTE KC..KB738

TRACK_TIME 1167737286
TRACK A20110117562757 F 380300 1225800 120 30 999 NONE NONE 340
	FP_ROUTE KC..KE135

TRACK_TIME 1167737286
TRACK A20110117562758 F 605860 1513900 120 30 999 NONE NONE 270
	FP_ROUTE KC..KMD82

TRACK_TIME 1167737286
TRACK A20110117562759 F 315700 1021200 120 30 999 NONE NONE 300
	FP_ROUTE KC..KB733

TRACK_TIME 1167737286
TRACK A20110117562763 F 425700 875100 120 30 999 NONE NONE 260
	FP_ROUTE KC..KB737

TRACK_TIME 1167737286
TRACK A20110117562767 F 353300 973900 120 30 999 NONE NONE 310
	FP_ROUTE KC..KA320

TRACK_TIME 1167737286
TRACK A20110117562772 F 391660 944300 120 30 999 NONE NONE 350
	FP_ROUTE KC..KB737

TRACK_TIME 1167737286
TRACK A20110117562773 F 300000 951900 120 30 999 NONE NONE 370
	FP_ROUTE KC..KB737

TRACK_TIME 1167737286
TRACK A20110117562776 F 391900 944200 120 30 999 NONE NONE 380
	FP_ROUTE KC..KE170

TRACK_TIME 1167737286
TRACK A20110117562777 F 402860 801200 120 30 999 NONE NONE 330
	FP_ROUTE KC..KB712

TRACK_TIME 1167737286
TRACK A20110117562783 F 300000 951660 120 30 999 NONE NONE 290
	FP_ROUTE KC..KB733

TRACK_TIME 1167737286
TRACK A20110117562784 F 300000 952260 120 30 999 NONE NONE 340
	FP_ROUTE KC..KB737

TRACK_TIME 1167737286
TRACK A20110117562790 F 333760 842860 120 30 999 NONE NONE 330
	FP_ROUTE KC..KB737

TRACK_TIME 1167737286
TRACK A20110117562791 F 332560 1120400 120 30 999 NONE NONE 260
	FP_ROUTE KC..KB738

TRACK_TIME 1167737286
TRACK A20110117562793 F 404000 741060 120 30 999 NONE NONE 350
	FP_ROUTE KC..KE145

TRACK_TIME 1167737286
TRACK A20110117562800 F 390000 772800 120 30 999 NONE NONE 350
	FP_ROUTE KC..KE145

TRACK_TIME 1167737286
TRACK A20110117562801 F 332560 1120300 120 30 999 NONE NONE 340
	FP_ROUTE KC..KA320

TRACK_TIME 1167737286
TRACK A20110117562804 F 332560 1115700 120 30 999 NONE NONE 340
	FP_ROUTE KC..KB752

TRACK_TIME 1167737286
TRACK A20110117562805 F 394900 1043900 120 30 999 NONE NONE 340
	FP_ROUTE KC..KCRJ2

TRACK_TIME 1167737286
TRACK A20110117562810 F 361000 955260 120 30 999 NONE NONE 400
	FP_ROUTE KC..KB737

TRACK_TIME 1167737286
TRACK A20110117562813 F 333760 842860 120 30 999 NONE NONE 350
	FP_ROUTE KC..KB752

TRACK_TIME 1167737286
TRACK A20110117562814 F 394200 861900 120 30 999 NONE NONE 400
	FP_ROUTE KC..KCRJ9

TRACK_TIME 1167737286
TRACK A20110117562815 F 421960 710100 120 30 999 NONE NONE 210
	FP_ROUTE KC..KCRJ2

TRACK_TIME 1167737286
TRACK A20110117562818 F 301200 974060 120 30 999 NONE NONE 350
	FP_ROUTE KC..KB752

TRACK_TIME 1167737286
TRACK A20110117562824 F 384800 770160 120 30 999 NONE NONE 300
	FP_ROUTE KT..KCRJ9

TRACK_TIME 1167737286
TRACK A20110117562826 F 325500 970300 120 30 999 NONE NONE 190
	FP_ROUTE KC..KB737

TRACK_TIME 1167737286
TRACK A20110117562831 F 304200 910000 120 30 999 NONE NONE 310
	FP_ROUTE KC..KB737

TRACK_TIME 1167737286
TRACK A20110117562832 F 294000 951800 120 30 999 NONE NONE 280
	FP_ROUTE KC..KA320

TRACK_TIME 1167737286
TRACK A20110117562835 F 320900 895860 120 30 999 NONE NONE 250
	FP_ROUTE KC..KB752

TRACK_TIME 1167737286
TRACK A20110117562842 F 351360 805700 120 30 999 NONE NONE 320
	FP_ROUTE KC..KA319

TRACK_TIME 1167737286
TRACK A20110117562855 F 410300 734060 120 30 999 NONE NONE 230
	FP_ROUTE KT..KCRJ2

TRACK_TIME 1167737286
TRACK A20110117562860 F 211800 1575200 120 30 999 NONE NONE 220
	FP_ROUTE KC..KB737

TRACK_TIME 1167737286
TRACK A20110117562864 F 300000 901900 120 30 999 NONE NONE 360
	FP_ROUTE KC..KB712

TRACK_TIME 1167737286
TRACK A20110117562867 F 415860 874960 120 30 999 NONE NONE 350
	FP_ROUTE KC..KA320

TRACK_TIME 1167737286
TRACK A20110117562868 F 360400 1150760 120 30 999 NONE NONE 340
	FP_ROUTE KC..KB712

TRACK_TIME 1167737286
TRACK A20110117562873 F 360900 863900 120 30 999 NONE NONE 380
	FP_ROUTE KC..KB737

TRACK_TIME 1167737286
TRACK A20110117562874 F 360460 1150900 120 30 999 NONE NONE 380
	FP_ROUTE KC..KB737

TRACK_TIME 1167737286
TRACK A20110117562875 F 333460 1175800 120 30 999 NONE NONE 280
	FP_ROUTE KC..KCRJ2

TRACK_TIME 1167737286
TRACK A20110117562887 F 404660 734960 120 30 999 NONE NONE 350
	FP_ROUTE KC..KA320

TRACK_TIME 1167737286
TRACK A20110117562892 F 335500 1183100 120 30 999 NONE NONE 350
	FP_ROUTE KT..KCRJ9

TRACK_TIME 1167737286
TRACK A20110117562896 F 332560 1115860 120 30 999 NONE NONE 330
	FP_ROUTE KT..KCRJ2

TRACK_TIME 1167737286
TRACK A20110117562897 F 333460 864300 120 30 999 NONE NONE 390
	FP_ROUTE KC..KB712

TRACK_TIME 1167737286
TRACK A20110117562899 F 404360 735500 120 30 999 NONE NONE 330
	FP_ROUTE KC..KE145

TRACK_TIME 1167737286
TRACK A20110117562901 F 360460 1150760 120 30 999 NONE NONE 300
	FP_ROUTE KC..KB738

TRACK_TIME 1167737286
TRACK A20110117562902 F 300300 974060 120 30 999 NONE NONE 360
	FP_ROUTE KC..KE145

TRACK_TIME 1167737286
TRACK A20110117562905 F 333900 842800 120 30 999 NONE NONE 300
	FP_ROUTE KT..KE135

TRACK_TIME 1167737286
TRACK A20110117562913 F 414200 712700 120 30 999 NONE NONE 270
	FP_ROUTE KC..KE190

TRACK_TIME 1167737286
TRACK A20110117562916 F 332560 1115800 120 30 999 NONE NONE 390
	FP_ROUTE KC..KE145

TRACK_TIME 1167737286
TRACK A20110117562917 F 314960 1062100 120 30 999 NONE NONE 330
	FP_ROUTE KT..KC750

TRACK_TIME 1167737286
TRACK A20110117562921 F 391060 764300 120 30 999 NONE NONE 230
	FP_ROUTE KC..KB739

TRACK_TIME 1167737286
TRACK A20110117562932 F 360460 1150760 120 30 999 NONE NONE 340
	FP_ROUTE KC..KMD82

TRACK_TIME 1167737286
TRACK A20110117562940 F 403000 801660 120 30 999 NONE NONE 330
	FP_ROUTE KC..KE170

TRACK_TIME 1167737286
TRACK A20110117562948 F 350700 851500 120 30 999 NONE NONE 350
	FP_ROUTE KC..KA321

TRACK_TIME 1167737286
TRACK A20110117562958 F 300000 951800 120 30 999 NONE NONE 360
	FP_ROUTE KC..KA319

TRACK_TIME 1167737286
TRACK A20110117562961 F 424300 734800 120 30 999 NONE NONE 390
	FP_ROUTE KC..KB739

TRACK_TIME 1167737286
TRACK A20110117562962 F 334200 1175100 120 30 999 NONE NONE 370
	FP_ROUTE KT..KDH8D

TRACK_TIME 1167737286
TRACK A20110117562968 F 373600 1221800 120 30 999 NONE NONE 350
	FP_ROUTE KC..KA319

TRACK_TIME 1167737286
TRACK A20110117562969 F 405560 812400 120 30 999 NONE NONE 410
	FP_ROUTE KT..KCRJ2

TRACK_TIME 1167737286
TRACK A20110117562971 F 333160 864900 120 30 999 NONE NONE 350
	FP_ROUTE KC..KMD83

TRACK_TIME 1167737286
TRACK A20110117562972 F 385100 973000 120 30 999 NONE NONE 350
	FP_ROUTE KT..KDH8D

TRACK_TIME 1167737286
TRACK A20110117562975 F 415700 724060 120 30 999 NONE NONE 410
	FP_ROUTE KC..KB734

TRACK_TIME 1167737286
TRACK A20110117562980 F 394600 1043760 120 30 999 NONE NONE 330
	FP_ROUTE KC..KB737

TRACK_TIME 1167737286
TRACK A20110117562983 F 360460 1150760 120 30 999 NONE NONE 320
	FP_ROUTE KC..KB752

TRACK_TIME 1167737286
TRACK A20110117562984 F 294000 951800 120 30 999 NONE NONE 390
	FP_ROUTE KT..KDH8D

TRACK_TIME 1167737286
TRACK A20110117562985 F 351200 805800 120 30 999 NONE NONE 330
	FP_ROUTE KG..KFA50

TRACK_TIME 1167737286
TRACK A20110117562987 F 395200 751660 120 30 999 NONE NONE 260
	FP_ROUTE KG..KFA50

TRACK_TIME 1167737286
TRACK A20110117562990 F 260400 801060 120 30 999 NONE NONE 380
	FP_ROUTE KG..KFA50

TRACK_TIME 1167737286
TRACK A20110117562991 F 421960 705800 120 30 999 NONE NONE 290
	FP_ROUTE KC..KB737

TRACK_TIME 1167737286
TRACK A20110117562992 F 391900 944300 120 30 999 NONE NONE 270
	FP_ROUTE KG..KC550

TRACK_TIME 1167737286
TRACK A20110117563001 F 425560 784500 120 30 999 NONE NONE 330
	FP_ROUTE KC..KA321

TRACK_TIME 1167737286
TRACK A20110117563006 F 324500 970300 120 30 999 NONE NONE 240
	FP_ROUTE KC..KCRJ2

TRACK_TIME 1167737286
TRACK A20110117563013 F 390460 843900 120 30 999 NONE NONE 280
	FP_ROUTE KT..KCRJ9

TRACK_TIME 1167737286
TRACK A20110117563014 F 300000 952200 120 30 999 NONE NONE 360
	FP_ROUTE KC..KCRJ2

TRACK_TIME 1167737286
TRACK A20110117563016 F 335500 811660 120 30 999 NONE NONE 260
	FP_ROUTE KC..KCRJ2

TRACK_TIME 1167737286
TRACK A20110117563019 F 325100 970160 120 30 999 NONE NONE 300
	FP_ROUTE KC..KB737

TRACK_TIME 1167737286
TRACK A20110117563025 F 412560 814900 120 30 999 NONE NONE 290
	FP_ROUTE KC..KB737

TRACK_TIME 1167737286
TRACK A20110117563030 F 333900 842860 120 30 999 NONE NONE 320
	FP_ROUTE KC..KB734

TRACK_TIME 1167737286
TRACK A20110117563033 F 363100 822200 120 30 999 NONE NONE 270
	FP_ROUTE KG..KBE20

TRACK_TIME 1167737286
TRACK A20110117563039 F 360460 1151300 120 30 999 NONE NONE 360
	FP_ROUTE KC..KE145

TRACK_TIME 1167737286
TRACK A20110117563040 F 605260 1484500 120 30 999 NONE NONE 340
	FP_ROUTE KC..KB753

TRACK_TIME 1167737286
TRACK A20110117563041 F 335100 841800 120 30 999 NONE NONE 200
	FP_ROUTE KC..KE145

TRACK_TIME 1167737286
TRACK A20110117563042 F 282860 811660 120 30 999 NONE NONE 280
	FP_ROUTE KC..KB752

TRACK_TIME 1167737286
TRACK A20110117563046 F 445260 931060 120 30 999 NONE NONE 340
	FP_ROUTE KT..KCRJ2

TRACK_TIME 1167737286
TRACK A20110117563051 F 384500 902100 120 30 999 NONE NONE 240
	FP_ROUTE KC..KB752

TRACK_TIME 1167737286
TRACK A20110117563053 F 395100 1044060 120 30 999 NONE NONE 249
	FP_ROUTE KC..KB734

TRACK_TIME 1167737286
TRACK A20110117563054 F 380700 843100 120 30 999 NONE NONE 260
	FP_ROUTE KC..KA321

TRACK_TIME 1167737286
TRACK A20110117563057 F 295860 951800 120 30 999 NONE NONE 400
	FP_ROUTE KC..KA320

TRACK_TIME 1167737286
TRACK A20110117563061 F 404000 741060 120 30 999 NONE NONE 350
	FP_ROUTE KC..KA319

TRACK_TIME 1167737286
TRACK A20110117563065 F 361360 955260 120 30 999 NONE NONE 250
	FP_ROUTE KC..KB752

TRACK_TIME 1167737286
TRACK A20110117563069 F 403900 741200 120 30 999 NONE NONE 370
	FP_ROUTE KC..KA320

TRACK_TIME 1167737286
TRACK A20110117563072 F 383160 1224960 120 30 999 NONE NONE 240
	FP_ROUTE KC..KB733

TRACK_TIME 1167737286
TRACK A20110117563073 F 395260 1043700 120 30 999 NONE NONE 330
	FP_ROUTE KC..KB733

TRACK_TIME 1167737286
TRACK A20110117563075 F 404000 734800 120 30 999 NONE NONE 360
	FP_ROUTE KC..KB763

TRACK_TIME 1167737286
TRACK A20110117563079 F 431600 891960 120 30 999 NONE NONE 190
	FP_ROUTE KG..KE135

TRACK_TIME 1167737286
TRACK A20110117563091 F 445400 931360 120 30 999 NONE NONE 340
	FP_ROUTE KC..KA319

TRACK_TIME 1167737286
TRACK A20110117563093 F 350400 895860 120 30 999 NONE NONE 250
	FP_ROUTE KC..KCRJ2

TRACK_TIME 1167737286
TRACK A20110117563095 F 300600 974000 120 30 999 NONE NONE 340
	FP_ROUTE KC..KA321

TRACK_TIME 1167737286
TRACK A20110117563109 F 373600 1221900 120 30 999 NONE NONE 260
	FP_ROUTE KC..KB733

TRACK_TIME 1167737286
TRACK A20110117563115 F 415400 914360 120 30 999 NONE NONE 370
	FP_ROUTE KC..KA320

TRACK_TIME 1167737286
TRACK A20110117563127 F 420000 875700 120 30 999 NONE NONE 230
	FP_ROUTE KC..KA319

TRACK_TIME 1167737286
TRACK A20110117563128 F 414900 874660 120 30 999 NONE NONE 390
	FP_ROUTE KC..KE145

TRACK_TIME 1167737286
TRACK A20110117563130 F 430000 712860 120 30 999 NONE NONE 410
	FP_ROUTE KC..KB733

TRACK_TIME 1167737286
TRACK A20110117563132 F 385860 772560 120 30 999 NONE NONE 300
	FP_ROUTE KC..KB733

TRACK_TIME 1167737286
TRACK A20110117563137 F 260400 801200 120 30 999 NONE NONE 370
	FP_ROUTE KT..KCRJ2

TRACK_TIME 1167737286
TRACK A20110117563139 F 384900 770160 120 30 999 NONE NONE 390
	FP_ROUTE KT..KCRJ2

TRACK_TIME 1167737286
TRACK A20110117563140 F 395400 1044060 120 30 999 NONE NONE 380
	FP_ROUTE KC..KB734

TRACK_TIME 1167737286
TRACK A20110117563142 F 410300 734200 120 30 999 NONE NONE 410
	FP_ROUTE KC..KA320

TRACK_TIME 1167737286
TRACK A20110117563144 F 352860 823400 120 30 999 NONE NONE 380
	FP_ROUTE KC..KE170

TRACK_TIME 1167737286
TRACK A20110117563146 F 445400 931360 120 30 999 NONE NONE 320
	FP_ROUTE KC..KB738

TRACK_TIME 1167737286
TRACK A20110117563150 F 372100 1215400 120 30 999 NONE NONE 380
	FP_ROUTE KC..KA320

TRACK_TIME 1167737286
TRACK A20110117563160 F 453460 1223460 120 30 999 NONE NONE 240
	FP_ROUTE KC..KE170

TRACK_TIME 1167737286
TRACK A20110117563162 F 390000 772800 120 30 999 NONE NONE 190
	FP_ROUTE KC..KA320

TRACK_TIME 1167737286
TRACK A20110117563171 F 373600 1221960 120 30 999 NONE NONE 380
	FP_ROUTE KG..KC550

TRACK_TIME 1167737286
TRACK A20110117563173 F 342500 1031800 120 30 999 NONE NONE 370
	FP_ROUTE KG..KC550

TRACK_TIME 1167737286
TRACK A20110117563176 F 351300 805560 120 30 999 NONE NONE 280
	FP_ROUTE KC..KE145

TRACK_TIME 1167737286
TRACK A20110117563177 F 331800 1113600 120 30 999 NONE NONE 360
	FP_ROUTE KC..KCRJ2

TRACK_TIME 1167737286
TRACK A20110117563190 F 344360 921300 120 30 999 NONE NONE 340
	FP_ROUTE KT..KCRJ2

TRACK_TIME 1167737286
TRACK A20110117563195 F 351200 805800 120 30 999 NONE NONE 350
	FP_ROUTE KG..KCL60

TRACK_TIME 1167737286
TRACK A20110117563202 F 340300 1173400 120 30 999 NONE NONE 340
	FP_ROUTE KC..KE170

TRACK_TIME 1167737286
TRACK A20110117563203 F 303000 902260 120 30 999 NONE NONE 360
	FP_ROUTE KC..KE145

TRACK_TIME 1167737286
TRACK A20110117563205 F 332560 1120160 120 30 999 NONE NONE 330
	FP_ROUTE KC..KB734

TRACK_TIME 1167737286
TRACK A20110117563206 F 420000 875560 120 30 999 NONE NONE 330
	FP_ROUTE KG..KBE9L

TRACK_TIME 1167737286
TRACK A20110117563210 F 335700 1182400 120 30 999 NONE NONE 380
	FP_ROUTE KC..KB762

TRACK_TIME 1167737286
TRACK A20110117563212 F 360900 864000 120 30 999 NONE NONE 330
	FP_ROUTE KC..KB752

TRACK_TIME 1167737286
TRACK A20110117563213 F 420760 875500 120 30 999 NONE NONE 370
	FP_ROUTE KC..KB752

TRACK_TIME 1167737286
TRACK A20110117563216 F 445260 931300 120 30 999 NONE NONE 379
	FP_ROUTE KT..KCRJ2

TRACK_TIME 1167737286
TRACK A20110117563218 F 332560 1115700 120 30 999 NONE NONE 370
	FP_ROUTE KC..KB739

TRACK_TIME 1167737286
TRACK A20110117563221 F 403000 801600 120 30 999 NONE NONE 350
	FP_ROUTE KC..KB752

TRACK_TIME 1167737286
TRACK A20110117563234 F 473300 1221960 120 30 999 NONE NONE 400
	FP_ROUTE KC..KMD82

TRACK_TIME 1167737286
TRACK A20110117563236 F 421360 832200 120 30 999 NONE NONE 270
	FP_ROUTE KC..KMD83

TRACK_TIME 1167737286
TRACK A20110117563237 F 300000 952500 120 30 999 NONE NONE 370
	FP_ROUTE KC..KA320

TRACK_TIME 1167737286
TRACK A20110117563244 F 324960 800000 120 30 999 NONE NONE 320
	FP_ROUTE KT..KDH8D

TRACK_TIME 1167737286
TRACK A20110117563245 F 385860 772560 120 30 999 NONE NONE 220
	FP_ROUTE KC..KA320

TRACK_TIME 1167737286
TRACK A20110117563249 F 340160 1174360 120 30 999 NONE NONE 280
	FP_ROUTE KT..KCRJ9

TRACK_TIME 1167737286
TRACK A20110117563252 F 404360 735500 120 30 999 NONE NONE 390
	FP_ROUTE KT..KCRJ2

TRACK_TIME 1167737286
TRACK A20110117563253 F 300000 951900 120 30 999 NONE NONE 360
	FP_ROUTE KC..KA320

TRACK_TIME 1167737286
TRACK A20110117563259 F 360700 864060 120 30 999 NONE NONE 330
	FP_ROUTE KC..KB752

TRACK_TIME 1167737286
TRACK A20110117563263 F 261300 974000 120 30 999 NONE NONE 200
	FP_ROUTE KC..KB752

TRACK_TIME 1167737286
TRACK A20110117563266 F 293100 982800 120 30 999 NONE NONE 380
	FP_ROUTE KT..KCRJ2

TRACK_TIME 1167737286
TRACK A20110117563267 F 324900 1025500 120 30 999 NONE NONE 360
	FP_ROUTE KC..KA320

TRACK_TIME 1167737286
TRACK A20110117563272 F 362200 942100 120 30 999 NONE NONE 320
	FP_ROUTE KC..KB737

TRACK_TIME 1167737286
TRACK A20110117563277 F 333900 842260 120 30 999 NONE NONE 350
	FP_ROUTE KG..KF2TH

TRACK_TIME 1167737286
TRACK A20110117563282 F 403900 741060 120 30 999 NONE NONE 370
	FP_ROUTE KG..KF2TH

TRACK_TIME 1167737286
TRACK A20110117563292 F 420100 875560 120 30 999 NONE NONE 360
	FP_ROUTE KC..KA320

TRACK_TIME 1167737286
TRACK A20110117563304 F 395260 751300 120 30 999 NONE NONE 330
	FP_ROUTE KC..KCRJ2

TRACK_TIME 1167737286
TRACK A20110117563314 F 404900 735100 120 30 999 NONE NONE 390
	FP_ROUTE KC..KB737

TRACK_TIME 1167737286
TRACK A20110117563315 F 300000 951800 120 30 999 NONE NONE 360
	FP_ROUTE KC..KA319

TRACK_TIME 1167737286
TRACK A20110117563318 F 404800 735100 120 30 999 NONE NONE 350
	FP_ROUTE KT..KCRJ2

TRACK_TIME 1167737286
TRACK A20110117563319 F 421360 832200 120 30 999 NONE NONE 350
	FP_ROUTE KT..KCRJ2

TRACK_TIME 1167737286
TRACK A20110117563321 F 404800 735200 120 30 999 NONE NONE 370
	FP_ROUTE KC..KE145

TRACK_TIME 1167737286
TRACK A20110117563322 F 425860 875260 120 30 999 NONE NONE 400
	FP_ROUTE KC..KE170

TRACK_TIME 1167737286
TRACK A20110117563323 F 335700 1182700 120 30 999 NONE NONE 380
	FP_ROUTE KC..KA320

TRACK_TIME 1167737286
TRACK A20110117563326 F 332560 1115800 120 30 999 NONE NONE 380
	FP_ROUTE KC..KA319

TRACK_TIME 1167737286
TRACK A20110117563327 F 421360 832100 120 30 999 NONE NONE 310
	FP_ROUTE KC..KA319

TRACK_TIME 1167737286
TRACK A20110117563328 F 385860 772560 120 30 999 NONE NONE 370
	FP_ROUTE KC..KB752

TRACK_TIME 1167737286
TRACK A20110117563331 F 335560 1183460 120 30 999 NONE NONE 320
	FP_ROUTE KC..KA321

TRACK_TIME 1167737286
TRACK A20110117563332 F 411660 955260 120 30 999 NONE NONE 410
	FP_ROUTE KC..KA319

TRACK_TIME 1167737286
TRACK A20110117563339 F 394800 1044000 120 30 999 NONE NONE 390
	FP_ROUTE KC..KMD83

TRACK_TIME 1167737286
TRACK A20110117563342 F 395200 751660 120 30 999 NONE NONE 370
	FP_ROUTE KC..KB738

TRACK_TIME 1167737286
TRACK A20110117563344 F 384900 770160 120 30 999 NONE NONE 350
	FP_ROUTE KC..KA320

TRACK_TIME 1167737286
TRACK A20110117563354 F 350160 1063900 120 30 999 NONE NONE 400
	FP_ROUTE KC..KA319

TRACK_TIME 1167737286
TRACK A20110117563355 F 384800 770160 120 30 999 NONE NONE 350
	FP_ROUTE KC..KA320

TRACK_TIME 1167737286
TRACK A20110117563359 F 454900 1083300 120 30 999 NONE NONE 330
	FP_ROUTE KC..KE120

TRACK_TIME 1167737286
TRACK A20110117563367 F 293900 951800 120 30 999 NONE NONE 350
	FP_ROUTE KT..KCRJ2

TRACK_TIME 1167737286
TRACK A20110117563377 F 325500 970160 120 30 999 NONE NONE 360
	FP_ROUTE KT..KCRJ2

TRACK_TIME 1167737286
TRACK A20110117563378 F 373600 1221900 120 30 999 NONE NONE 380
	FP_ROUTE KC..KB752

TRACK_TIME 1167737286
TRACK A20110117563379 F 403700 734660 120 30 999 NONE NONE 250
	FP_ROUTE KC..KCRJ2

TRACK_TIME 1167737286
TRACK A20110117563384 F 351360 805800 120 30 999 NONE NONE 290
	FP_ROUTE KG..KC560

TRACK_TIME 1167737286
TRACK A20110117563389 F 404000 741060 120 30 999 NONE NONE 230
	FP_ROUTE KG..KC560

TRACK_TIME 1167737286
TRACK A20110117563396 F 415800 875860 120 30 999 NONE NONE 360
	FP_ROUTE KC..KB752

TRACK_TIME 1167737286
TRACK A20110117563399 F 410300 734060 120 30 999 NONE NONE 350
	FP_ROUTE KC..KB738

TRACK_TIME 1167737286
TRACK A20110117563400 F 333700 842860 120 30 999 NONE NONE 250
	FP_ROUTE KC..KE190

TRACK_TIME 1167737286
TRACK A20110117563401 F 404360 735500 120 30 999 NONE NONE 330
	FP_ROUTE KC..KB733

TRACK_TIME 1167737286
TRACK A20110117563406 F 411660 955260 120 30 999 NONE NONE 350
	FP_ROUTE KC..KB739

TRACK_TIME 1167737286
TRACK A20110117563421 F 300000 951960 120 30 999 NONE NONE 350
	FP_ROUTE KC..KB763

TRACK_TIME 1167737286
TRACK A20110117563424 F 300760 974060 120 30 999 NONE NONE 410
	FP_ROUTE KC..KMD82

TRACK_TIME 1167737286
TRACK A20110117563425 F 254660 801900 120 30 999 NONE NONE 310
	FP_ROUTE KC..KMD82

TRACK_TIME 1167737286
TRACK A20110117563426 F 404600 1115800 120 30 999 NONE NONE 320
	FP_ROUTE KC..KMD83

TRACK_TIME 1167737286
TRACK A20110117563427 F 425560 784500 120 30 999 NONE NONE 260
	FP_ROUTE KC..KE145

TRACK_TIME 1167737286
TRACK A20110117563428 F 393760 1070000 120 30 999 NONE NONE 430
	FP_ROUTE KC..KB752

TRACK_TIME 1167737286
TRACK A20110117563438 F 263700 813760 120 30 999 NONE NONE 400
	FP_ROUTE KC..KCRJ2

TRACK_TIME 1167737286
TRACK A20110117563451 F 420100 875700 120 30 999 NONE NONE 360
	FP_ROUTE KC..KCRJ2

TRACK_TIME 1167737286
TRACK A20110117563452 F 384500 902100 120 30 999 NONE NONE 220
	FP_ROUTE KG..KC560

TRACK_TIME 1167737286
TRACK A20110117563453 F 335500 1183400 120 30 999 NONE NONE 430
	FP_ROUTE KC..KB738

TRACK_TIME 1167737286
TRACK A20110117563456 F 403900 734600 120 30 999 NONE NONE 370
	FP_ROUTE KT..KCRJ9

TRACK_TIME 1167737286
TRACK A20110117563458 F 420160 875700 120 30 999 NONE NONE 360
	FP_ROUTE KC..KB752

TRACK_TIME 1167737286
TRACK A20110117563465 F 320760 811500 120 30 999 NONE NONE 220
	FP_ROUTE KC..KB738

TRACK_TIME 1167737286
TRACK A20110117563467 F 351360 805800 120 30 999 NONE NONE 290
	FP_ROUTE KC..KA319

TRACK_TIME 1167737286
TRACK A20110117563468 F 344500 921060 120 30 999 NONE NONE 320
	FP_ROUTE KC..KB753

TRACK_TIME 1167737286
TRACK A20110117563470 F 350300 895860 120 30 999 NONE NONE 290
	FP_ROUTE KC..KE190

TRACK_TIME 1167737286
TRACK A20110117563472 F 333900 842860 120 30 999 NONE NONE 290
	FP_ROUTE KC..KE170

TRACK_TIME 1167737286
TRACK A20110117563473 F 381200 854360 120 30 999 NONE NONE 370
	FP_ROUTE KC..KCRJ2

TRACK_TIME 1167737286
TRACK A20110117563474 F 325500 970300 120 30 999 NONE NONE 340
	FP_ROUTE KC..KCRJ2

TRACK_TIME 1167737286
TRACK A20110117563486 F 331960 952800 120 30 999 NONE NONE 450
	FP_ROUTE KG..KC560

TRACK_TIME 1167737286
TRACK A20110117563487 F 395400 1044200 120 30 999 NONE NONE 350
	FP_ROUTE KC..KE135

TRACK_TIME 1167737286
TRACK A20110117563489 F 404500 735400 120 30 999 NONE NONE 370
	FP_ROUTE KC..KE145

TRACK_TIME 1167737286
TRACK A20110117563494 F 332560 1120300 120 30 999 NONE NONE 400
	FP_ROUTE KC..KB752

TRACK_TIME 1167737286
TRACK A20110117563500 F 445400 931500 120 30 999 NONE NONE 270
	FP_ROUTE KC..KB735

TRACK_TIME 1167737286
TRACK A20110117563502 F 421360 832100 120 30 999 NONE NONE 330
	FP_ROUTE KC..KB735

TRACK_TIME 1167737286
TRACK A20110117563503 F 300000 952260 120 30 999 NONE NONE 360
	FP_ROUTE KT..KE145

TRACK_TIME 1167737286
TRACK A20110117563507 F 333900 842800 120 30 999 NONE NONE 350
	FP_ROUTE KC..KE135

TRACK_TIME 1167737286
TRACK A20110117563511 F 300000 951660 120 30 999 NONE NONE 320
	FP_ROUTE KC..KE190

TRACK_TIME 1167737286
TRACK A20110117563513 F 373600 1221900 120 30 999 NONE NONE 380
	FP_ROUTE KG..KLJ35

TRACK_TIME 1167737286
TRACK A20110117563514 F 352500 973600 120 30 999 NONE NONE 380
	FP_ROUTE KC..KCRJ2

TRACK_TIME 1167737286
TRACK A20110117563523 F 360460 1151000 120 30 999 NONE NONE 260
	FP_ROUTE KG..KC560

TRACK_TIME 1167737286
TRACK A20110117563525 F 404900 1120000 120 30 999 NONE NONE 310
	FP_ROUTE KC..KE145

TRACK_TIME 1167737286
TRACK A20110117563526 F 384500 902100 120 30 999 NONE NONE 350
	FP_ROUTE KC..KB737

TRACK_TIME 1167737286
TRACK A20110117563529 F 295800 951600 120 30 999 NONE NONE 350
	FP_ROUTE KC..KB737

TRACK_TIME 1167737286
TRACK A20110117563533 F 422200 710000 120 30 999 NONE NONE 310
	FP_ROUTE KC..KB738

TRACK_TIME 1167737286
TRACK A20110117563538 F 390460 844000 120 30 999 NONE NONE 350
	FP_ROUTE KC..KB738

TRACK_TIME 1167737286
TRACK A20110117563542 F 351360 805700 120 30 999 NONE NONE 220
	FP_ROUTE KC..KB752

TRACK_TIME 1167737286
TRACK A20110117563546 F 404960 813400 120 30 999 NONE NONE 370
	FP_ROUTE KC..KA319

TRACK_TIME 1167737286
TRACK A20110117563548 F 425260 853400 120 30 999 NONE NONE 310
	FP_ROUTE KC..KCRJ2

TRACK_TIME 1167737286
TRACK A20110117563549 F 404800 1115860 120 30 999 NONE NONE 350
	FP_ROUTE KC..KCRJ2

TRACK_TIME 1167737286
TRACK A20110117563554 F 333900 842700 120 30 999 NONE NONE 340
	FP_ROUTE KT..KCRJ2

TRACK_TIME 1167737286
TRACK A20110117563555 F 301800 842200 120 30 999 NONE NONE 280
	FP_ROUTE KC..KB712

TRACK_TIME 1167737286
TRACK A20110117563557 F 255700 972860 120 30 999 NONE NONE 260
	FP_ROUTE KC..KB752

TRACK_TIME 1167737286
TRACK A20110117563561 F 394900 1043900 120 30 999 NONE NONE 380
	FP_ROUTE KT..KE145

TRACK_TIME 1167737286
TRACK A20110117563565 F 425800 784200 120 30 999 NONE NONE 320
	FP_ROUTE KT..KE145

TRACK_TIME 1167737286
TRACK A20110117563585 F 403000 801600 120 30 999 NONE NONE 230
	FP_ROUTE KC..KE120

TRACK_TIME 1167737286
TRACK A20110117563602 F 393400 1044800 120 30 999 NONE NONE 400
	FP_ROUTE KC..KMD83

TRACK_TIME 1167737286
TRACK A20110117563604 F 340160 1182560 120 30 999 NONE NONE 360
	FP_ROUTE KC..KE145

TRACK_TIME 1167737286
TRACK A20110117563616 F 194660 1560160 120 30 999 NONE NONE 190
	FP_ROUTE KC..KA321

TRACK_TIME 1167737286
TRACK A20110117563634 F 345800 821000 120 30 999 NONE NONE 300
	FP_ROUTE KT..KE135

TRACK_TIME 1167737286
TRACK A20110117563637 F 394660 1043900 120 30 999 NONE NONE 360
	FP_ROUTE KC..KE145

TRACK_TIME 1167737286
TRACK A20110117563643 F 414800 874600 120 30 999 NONE NONE 300
	FP_ROUTE KG..KFA10

TRACK_TIME 1167737286
TRACK A20110117563645 F 390000 772800 120 30 999 NONE NONE 370
	FP_ROUTE KT..KCRJ2

TRACK_TIME 1167737286
TRACK A20110117563653 F 260460 801300 120 30 999 NONE NONE 210
	FP_ROUTE KG..KFA10

TRACK_TIME 1167737286
TRACK A20110117563656 F 431000 773760 120 30 999 NONE NONE 220
	FP_ROUTE KC..KB733

TRACK_TIME 1167737286
TRACK A20110117563659 F 332560 1115800 120 30 999 NONE NONE 380
	FP_ROUTE KC..KB737

TRACK_TIME 1167737286
TRACK A20110117563673 F 404200 741200 120 30 999 NONE NONE 230
	FP_ROUTE KC..KB735

TRACK_TIME 1167737286
TRACK A20110117563675 F 254900 801960 120 30 999 NONE NONE 370
	FP_ROUTE KC..KCRJ2

TRACK_TIME 1167737286
TRACK A20110117563676 F 403600 740160 120 30 999 NONE NONE 390
	FP_ROUTE KC..KCRJ2

TRACK_TIME 1167737286
TRACK A20110117563677 F 302800 871300 120 30 999 NONE NONE 340
	FP_ROUTE KC..KE145

TRACK_TIME 1167737286
TRACK A20110117563678 F 385800 772560 120 30 999 NONE NONE 370
	FP_ROUTE KC..KB752

TRACK_TIME 1167737286
TRACK A20110117563679 F 333760 842400 120 30 999 NONE NONE 350
	FP_ROUTE KC..KCRJ2

TRACK_TIME 1167737286
TRACK A20110117563684 F 421360 832200 120 30 999 NONE NONE 230
	FP_ROUTE KC..KB737

TRACK_TIME 1167737286
TRACK A20110117563692 F 351360 805560 120 30 999 NONE NONE 280
	FP_ROUTE KC..KA319

TRACK_TIME 1167737286
TRACK A20110117563701 F 412500 814960 120 30 999 NONE NONE 360
	FP_ROUTE KT..KCRJ2

TRACK_TIME 1167737286
TRACK A20110117563707 F 390000 772800 120 30 999 NONE NONE 410
	FP_ROUTE KC..KE170

TRACK_TIME 1167737286
TRACK A20110117563711 F 425860 875260 120 30 999 NONE NONE 350
	FP_ROUTE KC..KB737

TRACK_TIME 1167737286
TRACK A20110117563715 F 384900 770100 120 30 999 NONE NONE 310
	FP_ROUTE KC..KB737

TRACK_TIME 1167737286
TRACK A20110117563716 F 404800 1120000 120 30 999 NONE NONE 280
	FP_ROUTE KC..KB752

TRACK_TIME 1167737286
TRACK A20110117563721 F 360400 1150700 120 30 999 NONE NONE 340
	FP_ROUTE KC..KCRJ2

TRACK_TIME 1167737286
TRACK A20110117563724 F 374060 1221060 120 30 999 NONE NONE 250
	FP_ROUTE KC..KA320

TRACK_TIME 1167737286
TRACK A20110117563726 F 294000 951800 120 30 999 NONE NONE 270
	FP_ROUTE KC..KE145

TRACK_TIME 1167737286
TRACK A20110117563730 F 333300 864660 120 30 999 NONE NONE 370
	FP_ROUTE KC..KB733

TRACK_TIME 1167737286
TRACK A20110117563732 F 393100 1044960 120 30 999 NONE NONE 230
	FP_ROUTE KG..KF900

TRACK_TIME 1167737286
TRACK A20110117563735 F 380460 843300 120 30 999 NONE NONE 260
	FP_ROUTE KG..KF900

TRACK_TIME 1167737286
TRACK A20110117563736 F 410300 734200 120 30 999 NONE NONE 370
	FP_ROUTE KC..KB738

TRACK_TIME 1167737286
TRACK A20110117563740 F 354500 840300 120 30 999 NONE NONE 220
	FP_ROUTE KC..KB733

TRACK_TIME 1167737286
TRACK A20110117563741 F 394660 1044000 120 30 999 NONE NONE 360
	FP_ROUTE KT..KC750

TRACK_TIME 1167737286
TRACK A20110117563743 F 441200 1052860 120 30 999 NONE NONE 340
	FP_ROUTE KT..KC750

TRACK_TIME 1167737286
TRACK A20110117563744 F 390000 772800 120 30 999 NONE NONE 390
	FP_ROUTE KC..KE170

TRACK_TIME 1167737286
TRACK A20110117563746 F 480460 1010000 120 30 999 NONE NONE 310
	FP_ROUTE KC..KB737

TRACK_TIME 1167737286
TRACK A20110117563749 F 372100 1215500 120 30 999 NONE NONE 430
	FP_ROUTE KC..KE170

TRACK_TIME 1167737286
TRACK A20110117563751 F 384960 770160 120 30 999 NONE NONE 390
	FP_ROUTE KC..KE170

TRACK_TIME 1167737286
TRACK A20110117563752 F 445260 931360 120 30 999 NONE NONE 340
	FP_ROUTE KC..KA320

TRACK_TIME 1167737286
TRACK A20110117563757 F 295800 951600 120 30 999 NONE NONE 230
	FP_ROUTE KC..KB733

TRACK_TIME 1167737286
TRACK A20110117563768 F 363300 821960 120 30 999 NONE NONE 180
	FP_ROUTE KC..KE170

TRACK_TIME 1167737286
TRACK A20110117563775 F 394360 861500 120 30 999 NONE NONE 340
	FP_ROUTE KG..KMU2

TRACK_TIME 1167737286
TRACK A20110117563778 F 335500 1183100 120 30 999 NONE NONE 380
	FP_ROUTE KC..KA319

TRACK_TIME 1167737286
TRACK A20110117563784 F 390700 843900 120 30 999 NONE NONE 280
	FP_ROUTE KC..KDH8D

TRACK_TIME 1167737286
TRACK A20110117563790 F 332560 1115860 120 30 999 NONE NONE 340
	FP_ROUTE KC..KB737

TRACK_TIME 1167737286
TRACK A20110117563791 F 264300 801600 120 30 999 NONE NONE 400
	FP_ROUTE KC..KB737

TRACK_TIME 1167737286
TRACK A20110117563797 F 351600 1204360 120 30 999 NONE NONE 320
	FP_ROUTE KC..KA319

TRACK_TIME 1167737286
TRACK A20110117563798 F 392200 944060 120 30 999 NONE NONE 340
	FP_ROUTE KC..KE135

TRACK_TIME 1167737286
TRACK A20110117563807 F 420100 875560 120 30 999 NONE NONE 360
	FP_ROUTE KC..KB737

TRACK_TIME 1167737286
TRACK A20110117563808 F 404500 735400 120 30 999 NONE NONE 350
	FP_ROUTE KC..KA319

TRACK_TIME 1167737286
TRACK A20110117563813 F 424360 734900 120 30 999 NONE NONE 290
	FP_ROUTE KC..KB737

TRACK_TIME 1167737286
TRACK A20110117563836 F 294000 951900 120 30 999 NONE NONE 260
	FP_ROUTE KC..KC750

TRACK_TIME 1167737286
TRACK A20110117563842 F 395560 1044060 120 30 999 NONE NONE 260
	FP_ROUTE KC..KB737

TRACK_TIME 1167737286
TRACK A20110117563845 F 394200 861800 120 30 999 NONE NONE 310
	FP_ROUTE KC..KB737

TRACK_TIME 1167737286
TRACK A20110117563847 F 445500 931600 120 30 999 NONE NONE 380
	FP_ROUTE KC..KB733

TRACK_TIME 1167737286
TRACK A20110117563849 F 334200 1175100 120 30 999 NONE NONE 360
	FP_ROUTE KC..KCRJ2

TRACK_TIME 1167737286
TRACK A20110117563850 F 373760 972560 120 30 999 NONE NONE 280
	FP_ROUTE KC..KB752

TRACK_TIME 1167737286
TRACK A20110117563851 F 413460 934900 120 30 999 NONE NONE 310
	FP_ROUTE KC..KB737

TRACK_TIME 1167737286
TRACK A20110117563852 F 445400 931360 120 30 999 NONE NONE 370
	FP_ROUTE KC..KA320

TRACK_TIME 1167737286
TRACK A20110117563856 F 345700 1143160 120 30 999 NONE NONE 210
	FP_ROUTE KC..KB733

TRACK_TIME 1167737286
TRACK A20110117563861 F 414500 893700 120 30 999 NONE NONE 410
	FP_ROUTE KC..KE170

TRACK_TIME 1167737286
TRACK A20110117563868 F 300000 951660 120 30 999 NONE NONE 380
	FP_ROUTE KC..KB752

TRACK_TIME 1167737286
TRACK A20110117563869 F 373600 1221960 120 30 999 NONE NONE 380
	FP_ROUTE KC..KB733

TRACK_TIME 1167737286
TRACK A20110117563875 F 293400 952200 120 30 999 NONE NONE 250
	FP_ROUTE KC..KA320

TRACK_TIME 1167737286
TRACK A20110117563877 F 351360 805800 120 30 999 NONE NONE 310
	FP_ROUTE KT..KCRJ1

TRACK_TIME 1167737286
TRACK A20110117563881 F 425260 853300 120 30 999 NONE NONE 220
	FP_ROUTE KC..KA320

TRACK_TIME 1167737286
TRACK A20110117563886 F 381000 854300 120 30 999 NONE NONE 250
	FP_ROUTE KG..KC560

TRACK_TIME 1167737286
TRACK A20110117563894 F 302400 1032860 120 30 999 NONE NONE 260
	FP_ROUTE KG..KC560

TRACK_TIME 1167737286
TRACK A20110117563895 F 604800 1613700 120 30 999 NONE NONE 300
	FP_ROUTE KC..KB752

TRACK_TIME 1167737286
TRACK A20110117563901 F 355100 784960 120 30 999 NONE NONE 260
	FP_ROUTE KC..KB739

TRACK_TIME 1167737286
TRACK A20110117563902 F 384960 770160 120 30 999 NONE NONE 270
	FP_ROUTE KG..KBE20

TRACK_TIME 1167737286
TRACK A20110117563903 F 373600 1221900 120 30 999 NONE NONE 360
	FP_ROUTE KG..KBE20

TRACK_TIME 1167737286
TRACK A20110117563904 F 404500 734960 120 30 999 NONE NONE 350
	FP_ROUTE KC..KB737

TRACK_TIME 1167737286
TRACK A20110117563911 F 340300 1173460 120 30 999 NONE NONE 340
	FP_ROUTE KT..KCRJ9

TRACK_TIME 1167737286
TRACK A20110117563917 F 361900 1150160 120 30 999 NONE NONE 330
	FP_ROUTE KC..KB737

TRACK_TIME 1167737286
TRACK A20110117563918 F 384500 901960 120 30 999 NONE NONE 390
	FP_ROUTE KC..KB737

TRACK_TIME 1167737286
TRACK A20110117563924 F 373600 1221960 120 30 999 NONE NONE 380
	FP_ROUTE KC..KB737

TRACK_TIME 1167737286
TRACK A20110117563931 F 445400 931360 120 30 999 NONE NONE 190
	FP_ROUTE KC..KE170

TRACK_TIME 1167737286
TRACK A20110117563941 F 362200 1150000 120 30 999 NONE NONE 370
	FP_ROUTE KC..KA319

TRACK_TIME 1167737286
TRACK A20110117563947 F 300000 901500 120 30 999 NONE NONE 360
	FP_ROUTE KC..KB737

TRACK_TIME 1167737286
TRACK A20110117563952 F 395860 824960 120 30 999 NONE NONE 310
	FP_ROUTE KC..KB752

TRACK_TIME 1167737286
TRACK A20110117563962 F 420160 875700 120 30 999 NONE NONE 220
	FP_ROUTE KC..KA320

TRACK_TIME 1167737286
TRACK A20110117563963 F 415800 875200 120 30 999 NONE NONE 350
	FP_ROUTE KC..KA320

TRACK_TIME 1167737286
TRACK A20110117563981 F 414500 934600 120 30 999 NONE NONE 370
	FP_ROUTE KC..KA320

TRACK_TIME 1167737286
TRACK A20110117563989 F 403700 734660 120 30 999 NONE NONE 310
	FP_ROUTE KC..KB738

TRACK_TIME 1167737286
TRACK A20110117563991 F 403900 741060 120 30 999 NONE NONE 370
	FP_ROUTE KC..KB733

TRACK_TIME 1167737286
TRACK A20110117563993 F 445400 931360 120 30 999 NONE NONE 390
	FP_ROUTE KC..KDH8D

TRACK_TIME 1167737286
TRACK A20110117564000 F 275700 823300 120 30 999 NONE NONE 330
	FP_ROUTE KT..KCRJ2

TRACK_TIME 1167737286
TRACK A20110117564002 F 413100 740300 120 30 999 NONE NONE 370
	FP_ROUTE KC..KE190

TRACK_TIME 1167737286
TRACK A20110117564005 F 422800 1225560 120 30 999 NONE NONE 210
	FP_ROUTE KC..KB733

TRACK_TIME 1167737286
TRACK A20110117564006 F 425800 875400 120 30 999 NONE NONE 380
	FP_ROUTE KC..KE145

TRACK_TIME 1167737286
TRACK A20110117564014 F 280100 823160 120 30 999 NONE NONE 370
	FP_ROUTE KC..KA321

TRACK_TIME 1167737286
TRACK A20110117564018 F 333460 864360 120 30 999 NONE NONE 190
	FP_ROUTE KG..KC750

TRACK_TIME 1167737286
TRACK A20110117564019 F 403700 734200 120 30 999 NONE NONE 350
	FP_ROUTE KG..KFA20

TRACK_TIME 1167737286
TRACK A20110117564022 F 385260 772560 120 30 999 NONE NONE 390
	FP_ROUTE KC..KB738

TRACK_TIME 1167737286
TRACK A20110117564028 F 254960 802200 120 30 999 NONE NONE 360
	FP_ROUTE KC..KA321

TRACK_TIME 1167737286
TRACK A20110117564030 F 360700 1150900 120 30 999 NONE NONE 250
	FP_ROUTE KC..KA321

TRACK_TIME 1167737286
TRACK A20110117564034 F 420000 875700 120 30 999 NONE NONE 370
	FP_ROUTE KC..KB738

TRACK_TIME 1167737286
TRACK A20110117564035 F 410300 734200 120 30 999 NONE NONE 370
	FP_ROUTE KC..KA321

TRACK_TIME 1167737286
TRACK A20110117564046 F 364000 1193000 120 30 999 NONE NONE 240
	FP_ROUTE KT..KCRJ1

TRACK_TIME 1167737286
TRACK A20110117564048 F 445200 930900 120 30 999 NONE NONE 310
	FP_ROUTE KC..KB738

TRACK_TIME 1167737286
TRACK A20110117564060 F 435560 923160 120 30 999 NONE NONE 450
	FP_ROUTE KC..KA319

TRACK_TIME 1167737286
TRACK A20110117564062 F 351960 1021960 120 30 999 NONE NONE 250
	FP_ROUTE KC..KE135

TRACK_TIME 1167737286
TRACK A20110117564071 F 384300 1213600 120 30 999 NONE NONE 360
	FP_ROUTE KC..KA320

TRACK_TIME 1167737286
TRACK A20110117564073 F 413400 835200 120 30 999 NONE NONE 340
	FP_ROUTE KC..KB752

TRACK_TIME 1167737286
TRACK A20110117564081 F 403600 734800 120 30 999 NONE NONE 280
	FP_ROUTE KC..KB737

TRACK_TIME 1167737286
TRACK A20110117564086 F 332560 1120300 120 30 999 NONE NONE 391
	FP_ROUTE KC..KB763

TRACK_TIME 1167737286
TRACK A20110117564087 F 415800 875700 120 30 999 NONE NONE 310
	FP_ROUTE KC..KB737

TRACK_TIME 1167737286
TRACK A20110117564089 F 385860 772800 120 30 999 NONE NONE 380
	FP_ROUTE KC..KB737

TRACK_TIME 1167737286
TRACK A20110117564090 F 335560 1182200 120 30 999 NONE NONE 360
	FP_ROUTE KC..KB737

TRACK_TIME 1167737286
TRACK A20110117564093 F 394060 861900 120 30 999 NONE NONE 360
	FP_ROUTE KC..KB737

TRACK_TIME 1167737286
TRACK A20110117564098 F 604900 1513000 120 30 999 NONE NONE 190
	FP_ROUTE KC..KCRJ2

TRACK_TIME 1167737286
TRACK A20110117564101 F 304300 881600 120 30 999 NONE NONE 260
	FP_ROUTE KC..KCRJ2

TRACK_TIME 1167737286
TRACK A20110117564107 F 333700 842800 120 30 999 NONE NONE 240
	FP_ROUTE KC..KE170

TRACK_TIME 1167737286
TRACK A20110117564108 F 333760 842700 120 30 999 NONE NONE 350
	FP_ROUTE KC..KMD82

TRACK_TIME 1167737286
TRACK A20110117564114 F 282260 811660 120 30 999 NONE NONE 320
	FP_ROUTE KT..KCRJ1

TRACK_TIME 1167737286
TRACK A20110117564117 F 422200 710100 120 30 999 NONE NONE 230
	FP_ROUTE KC..KB738

TRACK_TIME 1167737286
TRACK A20110117564124 F 381200 854360 120 30 999 NONE NONE 260
	FP_ROUTE KC..KB752

TRACK_TIME 1167737286
TRACK A20110117564134 F 350100 895860 120 30 999 NONE NONE 310
	FP_ROUTE KT..KDH8D

TRACK_TIME 1167737286
TRACK A20110117564137 F 325700 800460 120 30 999 NONE NONE 200
	FP_ROUTE KC..KE145

TRACK_TIME 1167737286
TRACK A20110117564139 F 350460 895860 120 30 999 NONE NONE 300
	FP_ROUTE KG..KCL60

TRACK_TIME 1167737286
TRACK A20110117564141 F 295860 901660 120 30 999 NONE NONE 240
	FP_ROUTE KG..KBE20

TRACK_TIME 1167737286
TRACK A20110117564144 F 394800 1043900 120 30 999 NONE NONE 360
	FP_ROUTE KC..KCRJ2

TRACK_TIME 1167737286
TRACK A20110117564150 F 445260 931500 120 30 999 NONE NONE 380
	FP_ROUTE KC..KB737

TRACK_TIME 1167737286
TRACK A20110117564154 F 351300 805560 120 30 999 NONE NONE 220
	FP_ROUTE KC..KCRJ2

TRACK_TIME 1167737286
TRACK A20110117564156 F 295860 901360 120 30 999 NONE NONE 330
	FP_ROUTE KC..KCRJ2

TRACK_TIME 1167737286
TRACK A20110117564162 F 394900 841600 120 30 999 NONE NONE 280
	FP_ROUTE KC..KB738

TRACK_TIME 1167737286
TRACK A20110117564169 F 333760 842400 120 30 999 NONE NONE 289
	FP_ROUTE KC..KCRJ2

TRACK_TIME 1167737286
TRACK A20110117564170 F 415800 724000 120 30 999 NONE NONE 310
	FP_ROUTE KC..KE170

TRACK_TIME 1167737286
TRACK A20110117564175 F 373600 1221960 120 30 999 NONE NONE 320
	FP_ROUTE KC..KB738

TRACK_TIME 1167737286
TRACK A20110117564178 F 395200 751660 120 30 999 NONE NONE 260
	FP_ROUTE KC..KB738

TRACK_TIME 1167737286
TRACK A20110117564188 F 711660 1562200 120 30 999 NONE NONE 320
	FP_ROUTE KC..KE145

TRACK_TIME 1167737286
TRACK A20110117564189 F 640300 1482700 120 30 999 NONE NONE 320
	FP_ROUTE KC..KB738

TRACK_TIME 1167737286
TRACK A20110117564191 F 361360 955260 120 30 999 NONE NONE 330
	FP_ROUTE KT..KCRJ2

TRACK_TIME 1167737286
TRACK A20110117564195 F 293760 951600 120 30 999 NONE NONE 270
	FP_ROUTE KC..KCRJ9

TRACK_TIME 1167737286
TRACK A20110117564196 F 391060 764300 120 30 999 NONE NONE 350
	FP_ROUTE KC..KCRJ2

TRACK_TIME 1167737286
TRACK A20110117564198 F 275700 823300 120 30 999 NONE NONE 350
	FP_ROUTE KT..KCRJ1

TRACK_TIME 1167737286
TRACK A20110117564206 F 605400 1484800 120 30 999 NONE NONE 320
	FP_ROUTE KC..KB744

TRACK_TIME 1167737286
TRACK A20110117564208 F 472800 1221900 120 30 999 NONE NONE 240
	FP_ROUTE KC..KB737

TRACK_TIME 1167737286
TRACK A20110117564215 F 445400 931360 120 30 999 NONE NONE 320
	FP_ROUTE KC..KB737

TRACK_TIME 1167737286
TRACK A20110117564218 F 445260 931360 120 30 999 NONE NONE 190
	FP_ROUTE KC..KB764

TRACK_TIME 1167737286
TRACK A20110117564219 F 414800 874600 120 30 999 NONE NONE 290
	FP_ROUTE KC..KE135

TRACK_TIME 1167737286
TRACK A20110117564226 F 390900 842400 120 30 999 NONE NONE 390
	FP_ROUTE KC..KB737

TRACK_TIME 1167737286
TRACK A20110117564227 F 322800 935100 120 30 999 NONE NONE 280
	FP_ROUTE KC..KE135

TRACK_TIME 1167737286
TRACK A20110117564228 F 404660 730700 120 30 999 NONE NONE 390
	FP_ROUTE KC..KB737

TRACK_TIME 1167737286
TRACK A20110117564229 F 605500 1485500 120 30 999 NONE NONE 360
	FP_ROUTE KC..KB712

TRACK_TIME 1167737286
TRACK A20110117564230 F 333760 843100 120 30 999 NONE NONE 290
	FP_ROUTE KC..KCRJ2

TRACK_TIME 1167737286
TRACK A20110117564244 F 325500 970160 120 30 999 NONE NONE 360
	FP_ROUTE KC..KCRJ2

TRACK_TIME 1167737286
TRACK A20110117564245 F 360460 1150760 120 30 999 NONE NONE 380
	FP_ROUTE KC..KB738

TRACK_TIME 1167737286
TRACK A20110117564246 F 422400 710000 120 30 999 NONE NONE 370
	FP_ROUTE KC..KA319

TRACK_TIME 1167737286
TRACK A20110117564247 F 422100 710100 120 30 999 NONE NONE 330
	FP_ROUTE KC..KB737

TRACK_TIME 1167737286
TRACK A20110117564249 F 333900 842700 120 30 999 NONE NONE 330
	FP_ROUTE KC..KCRJ9

TRACK_TIME 1167737286
TRACK A20110117564251 F 333760 842800 120 30 999 NONE NONE 390
	FP_ROUTE KG..KFA50

TRACK_TIME 1167737286
TRACK A20110117564254 F 272500 823460 120 30 999 NONE NONE 350
	FP_ROUTE KT..KCRJ9

TRACK_TIME 1167737286
TRACK A20110117564260 F 393000 743400 120 30 999 NONE NONE 410
	FP_ROUTE KC..KCRJ9

TRACK_TIME 1167737286
TRACK A20110117564261 F 391060 764360 120 30 999 NONE NONE 330
	FP_ROUTE KC..KCRJ9

TRACK_TIME 1167737286
TRACK A20110117564262 F 391060 764500 120 30 999 NONE NONE 310
	FP_ROUTE KC..KB737

TRACK_TIME 1167737286
TRACK A20110117564263 F 295860 951660 120 30 999 NONE NONE 370
	FP_ROUTE KC..KMD83

TRACK_TIME 1167737286
TRACK A20110117564264 F 394300 1044360 120 30 999 NONE NONE 350
	FP_ROUTE KC..KB737

TRACK_TIME 1167737286
TRACK A20110117564268 F 392400 944060 120 30 999 NONE NONE 300
	FP_ROUTE KC..KE145

TRACK_TIME 1167737286
TRACK A20110117564274 F 325200 970100 120 30 999 NONE NONE 300
	FP_ROUTE KC..KB737

TRACK_TIME 1167737286
TRACK A20110117564275 F 333300 864660 120 30 999 NONE NONE 320
	FP_ROUTE KC..KA320

TRACK_TIME 1167737286
TRACK A20110117564276 F 421360 832200 120 30 999 NONE NONE 190
	FP_ROUTE KC..KB772

TRACK_TIME 1167737286
TRACK A20110117564286 F 333900 842800 120 30 999 NONE NONE 280
	FP_ROUTE KC..KA320

TRACK_TIME 1167737286
TRACK A20110117564287 F 411900 955260 120 30 999 NONE NONE 330
	FP_ROUTE KT..KCRJ9

TRACK_TIME 1167737286
TRACK A20110117564291 F 384800 770160 120 30 999 NONE NONE 290
	FP_ROUTE KC..KB737

TRACK_TIME 1167737286
TRACK A20110117564293 F 370600 763160 120 30 999 NONE NONE 220
	FP_ROUTE KC..KE190

TRACK_TIME 1167737286
TRACK A20110117564300 F 300000 952400 120 30 999 NONE NONE 280
	FP_ROUTE KC..KA320

TRACK_TIME 1167737286
TRACK A20110117564301 F 282260 811660 120 30 999 NONE NONE 320
	FP_ROUTE KC..KB737

TRACK_TIME 1167737286
TRACK A20110117564305 F 254800 801900 120 30 999 NONE NONE 340
	FP_ROUTE KC..KB737

TRACK_TIME 1167737286
TRACK A20110117564308 F 391060 764360 120 30 999 NONE NONE 330
	FP_ROUTE KC..KE135

TRACK_TIME 1167737286
TRACK A20110117564311 F 414800 874660 120 30 999 NONE NONE 300
	FP_ROUTE KT..KCRJ2

TRACK_TIME 1167737286
TRACK A20110117564312 F 332560 1120400 120 30 999 NONE NONE 360
	FP_ROUTE KT..KCRJ1

TRACK_TIME 1167737286
TRACK A20110117564328 F 430100 712860 120 30 999 NONE NONE 250
	FP_ROUTE KC..KB744

TRACK_TIME 1167737286
TRACK A20110117564334 F 395500 1044060 120 30 999 NONE NONE 400
	FP_ROUTE KG..KBE20

TRACK_TIME 1167737286
TRACK A20110117564343 F 335560 1182100 120 30 999 NONE NONE 340
	FP_ROUTE KC..KE145

TRACK_TIME 1167737286
TRACK A20110117564346 F 373600 1221900 120 30 999 NONE NONE 360
	FP_ROUTE KC..KE145

TRACK_TIME 1167737286
TRACK A20110117564348 F 335500 1183000 120 30 999 NONE NONE 310
	FP_ROUTE KC..KCRJ9

TRACK_TIME 1167737286
TRACK A20110117564387 F 333760 842800 120 30 999 NONE NONE 370
	FP_ROUTE KC..KCRJ9

TRACK_TIME 1167737286
TRACK A20110117564403 F 400000 825500 120 30 999 NONE NONE 350
	FP_ROUTE KC..KB753

TRACK_TIME 1167737286
TRACK A20110117564410 F 472800 1221900 120 30 999 NONE NONE 380
	FP_ROUTE KC..KA320

TRACK_TIME 1167737286
TRACK A20110117564419 F 182560 660300 120 30 999 NONE NONE 370
	FP_ROUTE KC..KCRJ9

TRACK_TIME 1167737286
TRACK A20110117564439 F 335560 1182560 120 30 999 NONE NONE 360
	FP_ROUTE KG..KC550

TRACK_TIME 1167737286
TRACK A20110117564440 F 391060 764300 120 30 999 NONE NONE 290
	FP_ROUTE KG..KC550

TRACK_TIME 1167737286
TRACK A20110117564441 F 402860 801500 120 30 999 NONE NONE 200
	FP_ROUTE KC..KCRJ2

TRACK_TIME 1167737286
TRACK A20110117564457 F 640300 1482800 120 30 999 NONE NONE 200
	FP_ROUTE KC..KCRJ2

TRACK_TIME 1167737286
TRACK A20110117564466 F 301500 974060 120 30 999 NONE NONE 290
	FP_ROUTE KG..KFA50

TRACK_TIME 1167737286
TRACK A20110117564467 F 403760 741200 120 30 999 NONE NONE 330
	FP_ROUTE KC..KA319

TRACK_TIME 1167737286
TRACK A20110117564471 F 332560 1120300 120 30 999 NONE NONE 330
	FP_ROUTE KC..KCRJ2

TRACK_TIME 1167737286
TRACK A20110117564474 F 350760 1013400 120 30 999 NONE NONE 380
	FP_ROUTE KC..KB738

TRACK_TIME 1167737286
TRACK A20110117564476 F 422100 705800 120 30 999 NONE NONE 370
	FP_ROUTE KC..KE145

TRACK_TIME 1167737286
TRACK A20110117564478 F 384300 1213460 120 30 999 NONE NONE 400
	FP_ROUTE KC..KE145

TRACK_TIME 1167737286
TRACK A20110117564479 F 360900 863900 120 30 999 NONE NONE 390
	FP_ROUTE KC..KA319

TRACK_TIME 1167737286
TRACK A20110117564480 F 350100 1063760 120 30 999 NONE NONE 340
	FP_ROUTE KC..KB738

TRACK_TIME 1167737286
TRACK A20110117564482 F 325200 965260 120 30 999 NONE NONE 300
	FP_ROUTE KC..KB737

TRACK_TIME 1167737286
TRACK A20110117564483 F 392700 944060 120 30 999 NONE NONE 330
	FP_ROUTE KT..KCRJ2

TRACK_TIME 1167737286
TRACK A20110117564489 F 394900 1044000 120 30 999 NONE NONE 320
	FP_ROUTE KC..KB737

TRACK_TIME 1167737286
TRACK A20110117564490 F 360460 1151000 120 30 999 NONE NONE 360
	FP_ROUTE KC..KE145

TRACK_TIME 1167737286
TRACK A20110117564496 F 414800 874600 120 30 999 NONE NONE 370
	FP_ROUTE KC..KA320

TRACK_TIME 1167737286
TRACK A20110117564505 F 404500 734960 120 30 999 NONE NONE 310
	FP_ROUTE KC..KB712

TRACK_TIME 1167737286
TRACK A20110117564506 F 380460 843300 120 30 999 NONE NONE 280
	FP_ROUTE KC..KB737

TRACK_TIME 1167737286
TRACK A20110117564510 F 385800 772560 120 30 999 NONE NONE 330
	FP_ROUTE KC..KA319

TRACK_TIME 1167737286
TRACK A20110117564513 F 394500 861600 120 30 999 NONE NONE 320
	FP_ROUTE KC..KB737

TRACK_TIME 1167737286
TRACK A20110117564522 F 333900 843000 120 30 999 NONE NONE 230
	FP_ROUTE KC..KB737

TRACK_TIME 1167737286
TRACK A20110117564536 F 392700 943100 120 30 999 NONE NONE 380
	FP_ROUTE KC..KA320

TRACK_TIME 1167737286
TRACK A20110117564538 F 453400 1223160 120 30 999 NONE NONE 360
	FP_ROUTE KC..KB733

TRACK_TIME 1167737286
TRACK A20110117564540 F 335700 1182700 120 30 999 NONE NONE 370
	FP_ROUTE KT..KCRJ1

TRACK_TIME 1167737286
TRACK A20110117564547 F 373700 1222100 120 30 999 NONE NONE 340
	FP_ROUTE KC..KE145

TRACK_TIME 1167737286
TRACK A20110117564550 F 384960 770160 120 30 999 NONE NONE 390
	FP_ROUTE KT..KCRJ2

TRACK_TIME 1167737286
TRACK A20110117564551 F 394660 1044000 120 30 999 NONE NONE 390
	FP_ROUTE KC..KE145

TRACK_TIME 1167737286
TRACK A20110117564556 F 365200 761360 120 30 999 NONE NONE 180
	FP_ROUTE KC..KA319

TRACK_TIME 1167737286
TRACK A20110117564563 F 420160 875560 120 30 999 NONE NONE 340
	FP_ROUTE KC..KDC10

TRACK_TIME 1167737286
TRACK A20110117564564 F 333760 842860 120 30 999 NONE NONE 310
	FP_ROUTE KC..KB752

TRACK_TIME 1167737286
TRACK A20110117564569 F 404660 1115800 120 30 999 NONE NONE 340
	FP_ROUTE KT..KE145

TRACK_TIME 1167737286
TRACK A20110117564571 F 332560 1120400 120 30 999 NONE NONE 400
	FP_ROUTE KC..KB737

TRACK_TIME 1167737286
TRACK A20110117564574 F 404500 735400 120 30 999 NONE NONE 330
	FP_ROUTE KC..KB737

TRACK_TIME 1167737286
TRACK A20110117564577 F 395500 1044060 120 30 999 NONE NONE 360
	FP_ROUTE KT..KCRJ2

TRACK_TIME 1167737286
TRACK A20110117564578 F 430600 761000 120 30 999 NONE NONE 210
	FP_ROUTE KC..KC550

TRACK_TIME 1167737286
TRACK A20110117564579 F 421300 831960 120 30 999 NONE NONE 260
	FP_ROUTE KC..KB737

TRACK_TIME 1167737286
TRACK A20110117564588 F 404500 734960 120 30 999 NONE NONE 390
	FP_ROUTE KC..KCRJ2

TRACK_TIME 1167737286
TRACK A20110117564590 F 374060 1221060 120 30 999 NONE NONE 380
	FP_ROUTE KC..KB737

TRACK_TIME 1167737286
TRACK A20110117564592 F 404360 735500 120 30 999 NONE NONE 390
	FP_ROUTE KC..KB737

TRACK_TIME 1167737286
TRACK A20110117564594 F 440100 1030300 120 30 999 NONE NONE 370
	FP_ROUTE KC..KB739

TRACK_TIME 1167737286
TRACK A20110117564598 F 415400 724360 120 30 999 NONE NONE 270
	FP_ROUTE KC..KB733

TRACK_TIME 1167737286
TRACK A20110117564603 F 433900 1104300 120 30 999 NONE NONE 410
	FP_ROUTE KC..KB733

TRACK_TIME 1167737286
TRACK A20110117564609 F 421360 831960 120 30 999 NONE NONE 350
	FP_ROUTE KC..KB763

TRACK_TIME 1167737286
TRACK A20110117564620 F 392800 1194600 120 30 999 NONE NONE 380
	FP_ROUTE KT..KCRJ9

TRACK_TIME 1167737286
TRACK A20110117564636 F 425700 875260 120 30 999 NONE NONE 320
	FP_ROUTE KT..KE145

TRACK_TIME 1167737286
TRACK A20110117564654 F 461800 1190400 120 30 999 NONE NONE 190
	FP_ROUTE KC..KCRJ2

TRACK_TIME 1167737286
TRACK A20110117564655 F 390900 763900 120 30 999 NONE NONE 370
	FP_ROUTE KC..KCRJ2

TRACK_TIME 1167737286
TRACK A20110117564657 F 360460 1151000 120 30 999 NONE NONE 340
	FP_ROUTE KC..KA320

TRACK_TIME 1167737286
TRACK A20110117564660 F 365100 761360 120 30 999 NONE NONE 240
	FP_ROUTE KC..KE145

TRACK_TIME 1167737286
TRACK A20110117564670 F 332560 1120300 120 30 999 NONE NONE 400
	FP_ROUTE KC..KE145

TRACK_TIME 1167737286
TRACK A20110117564675 F 300600 973900 120 30 999 NONE NONE 220
	FP_ROUTE KG..KBE9L

TRACK_TIME 1167737286
TRACK A20110117564676 F 350300 1064000 120 30 999 NONE NONE 350
	FP_ROUTE KC..KCL60

TRACK_TIME 1167737286
TRACK A20110117564677 F 340300 1174500 120 30 999 NONE NONE 300
	FP_ROUTE KG..KC560

TRACK_TIME 1167737286
TRACK A20110117564679 F 384660 1214200 120 30 999 NONE NONE 380
	FP_ROUTE KT..KCRJ9

TRACK_TIME 1167737286
TRACK A20110117564691 F 405700 851360 120 30 999 NONE NONE 370
	FP_ROUTE KC..KCL60

TRACK_TIME 1167737286
TRACK A20110117564696 F 403760 741200 120 30 999 NONE NONE 380
	FP_ROUTE KC..KCL60

TRACK_TIME 1167737286
TRACK A20110117564698 F 330100 970160 120 30 999 NONE NONE 320
	FP_ROUTE KC..KE145

TRACK_TIME 1167737286
TRACK A20110117564699 F 412200 955800 120 30 999 NONE NONE 250
	FP_ROUTE KC..KE190

TRACK_TIME 1167737286
TRACK A20110117564700 F 384900 770160 120 30 999 NONE NONE 290
	FP_ROUTE KC..KB738

TRACK_TIME 1167737286
TRACK A20110117564703 F 472800 1221900 120 30 999 NONE NONE 400
	FP_ROUTE KT..KDH8D

TRACK_TIME 1167737286
TRACK A20110117564707 F 325400 965860 120 30 999 NONE NONE 360
	FP_ROUTE KC..KE135

TRACK_TIME 1167737286
TRACK A20110117564711 F 282800 811660 120 30 999 NONE NONE 210
	FP_ROUTE KT..KCRJ1

TRACK_TIME 1167737286
TRACK A20110117564717 F 390900 1083460 120 30 999 NONE NONE 400
	FP_ROUTE KC..KA319

TRACK_TIME 1167737286
TRACK A20110117564718 F 350300 895860 120 30 999 NONE NONE 290
	FP_ROUTE KC..KA320

TRACK_TIME 1167737286
TRACK A20110117564721 F 412560 814960 120 30 999 NONE NONE 330
	FP_ROUTE KT..KE145

TRACK_TIME 1167737286
TRACK A20110117564733 F 325560 970160 120 30 999 NONE NONE 340
	FP_ROUTE KC..KA320

TRACK_TIME 1167737286
TRACK A20110117564736 F 404000 741060 120 30 999 NONE NONE 350
	FP_ROUTE KC..KB733

TRACK_TIME 1167737286
TRACK A20110117564745 F 332560 1115800 120 30 999 NONE NONE 360
	FP_ROUTE KC..KB733

TRACK_TIME 1167737286
TRACK A20110117564785 F 402800 885860 120 30 999 NONE NONE 320
	FP_ROUTE KG..KC560

TRACK_TIME 1167737286
TRACK A20110117564787 F 333900 842860 120 30 999 NONE NONE 371
	FP_ROUTE KC..KA320

TRACK_TIME 1167737286
TRACK A20110117564799 F 335700 1182560 120 30 999 NONE NONE 320
	FP_ROUTE KC..KB733

TRACK_TIME 1167737286
TRACK A20110117564802 F 442800 881200 120 30 999 NONE NONE 300
	FP_ROUTE KC..KA320

TRACK_TIME 1167737286
TRACK A20110117564805 F 420300 875800 120 30 999 NONE NONE 360
	FP_ROUTE KC..KB733

TRACK_TIME 1167737286
TRACK A20110117564806 F 395560 1044060 120 30 999 NONE NONE 380
	FP_ROUTE KC..KB733

TRACK_TIME 1167737286
TRACK A20110117564814 F 325200 800100 120 30 999 NONE NONE 270
	FP_ROUTE KC..KA318

TRACK_TIME 1167737286
TRACK A20110117564816 F 351360 805800 120 30 999 NONE NONE 250
	FP_ROUTE KC..KB738

TRACK_TIME 1167737286
TRACK A20110117564819 F 605100 1490000 120 30 999 NONE NONE 340
	FP_ROUTE KT..KE145

TRACK_TIME 1167737286
TRACK A20110117564821 F 333760 842860 120 30 999 NONE NONE 370
	FP_ROUTE KT..KE145

TRACK_TIME 1167737286
TRACK A20110117564823 F 391200 764200 120 30 999 NONE NONE 330
	FP_ROUTE KC..KDH8D

TRACK_TIME 1167737286
TRACK A20110117564824 F 404500 735100 120 30 999 NONE NONE 350
	FP_ROUTE KC..KB735

TRACK_TIME 1167737286
TRACK A20110117564826 F 404000 741060 120 30 999 NONE NONE 350
	FP_ROUTE KC..KB737

TRACK_TIME 1167737286
TRACK A20110117564829 F 373600 1221960 120 30 999 NONE NONE 270
	FP_ROUTE KC..KB733

TRACK_TIME 1167737286
TRACK A20110117564832 F 420000 875700 120 30 999 NONE NONE 330
	FP_ROUTE KC..KB737

TRACK_TIME 1167737286
TRACK A20110117564834 F 385860 772800 120 30 999 NONE NONE 390
	FP_ROUTE KC..KB738

TRACK_TIME 1167737286
TRACK A20110117564839 F 384960 770160 120 30 999 NONE NONE 250
	FP_ROUTE KC..KE145

TRACK_TIME 1167737286
TRACK A20110117564849 F 384960 770160 120 30 999 NONE NONE 410
	FP_ROUTE KC..KMD82

TRACK_TIME 1167737286
TRACK A20110117564864 F 254660 802100 120 30 999 NONE NONE 370
	FP_ROUTE KC..KB738

TRACK_TIME 1167737286
TRACK A20110117564871 F 444500 853700 120 30 999 NONE NONE 190
	FP_ROUTE KC..KMD82

TRACK_TIME 1167737286
TRACK A20110117564875 F 355200 784900 120 30 999 NONE NONE 220
	FP_ROUTE KC..KMD82

TRACK_TIME 1167737286
TRACK A20110117564878 F 404900 1115860 120 30 999 NONE NONE 330
	FP_ROUTE KC..KMD82

TRACK_TIME 1167737286
TRACK A20110117564879 F 404500 732500 120 30 999 NONE NONE 410
	FP_ROUTE KC..KCRJ2

TRACK_TIME 1167737286
TRACK A20110117564881 F 411660 955260 120 30 999 NONE NONE 340
	FP_ROUTE KC..KB735

TRACK_TIME 1167737286
TRACK A20110117564885 F 421300 831960 120 30 999 NONE NONE 360
	FP_ROUTE KG..KC750

TRACK_TIME 1167737286
TRACK A20110117564886 F 333700 842860 120 30 999 NONE NONE 360
	FP_ROUTE KC..KB739

TRACK_TIME 1167737286
TRACK A20110117564897 F 385860 772800 120 30 999 NONE NONE 280
	FP_ROUTE KC..KB733

TRACK_TIME 1167737286
TRACK A20110117564899 F 324960 964960 120 30 999 NONE NONE 300
	FP_ROUTE KC..KB738

TRACK_TIME 1167737286
TRACK A20110117564907 F 333900 842800 120 30 999 NONE NONE 380
	FP_ROUTE KC..KMD83

TRACK_TIME 1167737286
TRACK A20110117564912 F 332560 1120400 120 30 999 NONE NONE 340
	FP_ROUTE KC..KMD83

TRACK_TIME 1167737286
TRACK A20110117564914 F 384800 770160 120 30 999 NONE NONE 230
	FP_ROUTE KC..KB752

TRACK_TIME 1167737286
TRACK A20110117564916 F 324500 1171960 120 30 999 NONE NONE 280
	FP_ROUTE KC..KA320

TRACK_TIME 1167737286
TRACK A20110117564922 F 404500 1120000 120 30 999 NONE NONE 300
	FP_ROUTE KC..KB737

TRACK_TIME 1167737286
TRACK A20110117564932 F 373600 1221800 120 30 999 NONE NONE 360
	FP_ROUTE KC..KE145

TRACK_TIME 1167737286
TRACK A20110117564934 F 254800 801200 120 30 999 NONE NONE 370
	FP_ROUTE KC..KB737

TRACK_TIME 1167737286
TRACK A20110117564938 F 410300 734060 120 30 999 NONE NONE 350
	FP_ROUTE KT..KCRJ2

TRACK_TIME 1167737286
TRACK A20110117564958 F 334060 1175200 120 30 999 NONE NONE 410
	FP_ROUTE KC..KB738

TRACK_TIME 1167737286
TRACK A20110117564961 F 384300 1213600 120 30 999 NONE NONE 400
	FP_ROUTE KT..KCRJ2

TRACK_TIME 1167737286
TRACK A20110117564963 F 333760 842400 120 30 999 NONE NONE 410
	FP_ROUTE KC..KB737

TRACK_TIME 1167737286
TRACK A20110117564965 F 394800 1044000 120 30 999 NONE NONE 330
	FP_ROUTE KC..KE170

TRACK_TIME 1167737286
TRACK A20110117564967 F 415400 723900 120 30 999 NONE NONE 330
	FP_ROUTE KT..KE145

TRACK_TIME 1167737286
TRACK A20110117564976 F 324360 1171000 120 30 999 NONE NONE 360
	FP_ROUTE KC..KE135

TRACK_TIME 1167737286
TRACK A20110117564982 F 390900 763900 120 30 999 NONE NONE 390
	FP_ROUTE KT..KCRJ2

TRACK_TIME 1167737286
TRACK A20110117564993 F 264060 801300 120 30 999 NONE NONE 430
	FP_ROUTE KC..KA319

TRACK_TIME 1167737286
TRACK A20110117564998 F 332560 1115800 120 30 999 NONE NONE 380
	FP_ROUTE KC..KA320

TRACK_TIME 1167737286
TRACK A20110117564999 F 293700 951500 120 30 999 NONE NONE 360
	FP_ROUTE KC..KE170

TRACK_TIME 1167737286
TRACK A20110117565001 F 315560 1021060 120 30 999 NONE NONE 400
	FP_ROUTE KT..KCRJ9

TRACK_TIME 1167737286
TRACK A20110117565012 F 350300 895800 120 30 999 NONE NONE 280
	FP_ROUTE KT..KCRJ2

TRACK_TIME 1167737286
TRACK A20110117565013 F 360460 1150900 120 30 999 NONE NONE 330
	FP_ROUTE KC..KA319

TRACK_TIME 1167737286
TRACK A20110117565014 F 403900 741060 120 30 999 NONE NONE 350
	FP_ROUTE KC..KB762

TRACK_TIME 1167737286
TRACK A20110117565015 F 414360 861900 120 30 999 NONE NONE 300
	FP_ROUTE KC..KB734

TRACK_TIME 1167737286
TRACK A20110117565016 F 393900 1065260 120 30 999 NONE NONE 190
	FP_ROUTE KG..KLJ45

TRACK_TIME 1167737286
TRACK A20110117565025 F 445400 931360 120 30 999 NONE NONE 200
	FP_ROUTE KT..KCRJ2

TRACK_TIME 1167737286
TRACK A20110117565036 F 420100 875800 120 30 999 NONE NONE 400
	FP_ROUTE KC..KB737

TRACK_TIME 1167737286
TRACK A20110117565040 F 365200 761360 120 30 999 NONE NONE 270
	FP_ROUTE KC..KE145

TRACK_TIME 1167737286
TRACK A20110117565043 F 211900 1575860 120 30 999 NONE NONE 360
	FP_ROUTE KC..KE145

TRACK_TIME 1167737286
TRACK A20110117565046 F 384960 770160 120 30 999 NONE NONE 270
	FP_ROUTE KC..KB739

TRACK_TIME 1167737286
TRACK A20110117565055 F 300000 953300 120 30 999 NONE NONE 400
	FP_ROUTE KT..KCRJ2

TRACK_TIME 1167737286
TRACK A20110117565057 F 264000 795700 120 30 999 NONE NONE 410
	FP_ROUTE KT..KCRJ2

TRACK_TIME 1167737286
TRACK A20110117565058 F 404800 735100 120 30 999 NONE NONE 310
	FP_ROUTE KC..KLJ35

TRACK_TIME 1167737286
TRACK A20110117565062 F 325500 970300 120 30 999 NONE NONE 330
	FP_ROUTE KC..KLJ35

TRACK_TIME 1167737286
TRACK A20110117565070 F 445400 931360 120 30 999 NONE NONE 320
	FP_ROUTE KC..KB712

TRACK_TIME 1167737286
TRACK A20110117565081 F 345500 785560 120 30 999 NONE NONE 290
	FP_ROUTE KC..KB737

TRACK_TIME 1167737286
TRACK A20110117565082 F 333900 842800 120 30 999 NONE NONE 280
	FP_ROUTE KG..KLJ45

TRACK_TIME 1167737286
TRACK A20110117565094 F 472700 1221900 120 30 999 NONE NONE 360
	FP_ROUTE KC..KE135

TRACK_TIME 1167737286
TRACK A20110117565099 F 395260 751300 120 30 999 NONE NONE 280
	FP_ROUTE KC..KE145

TRACK_TIME 1167737286
TRACK A20110117565100 F 394600 861500 120 30 999 NONE NONE 360
	FP_ROUTE KC..KMD83

TRACK_TIME 1167737286
TRACK A20110117565101 F 325500 970160 120 30 999 NONE NONE 340
	FP_ROUTE KC..KB738

TRACK_TIME 1167737286
TRACK A20110117565102 F 360900 864000 120 30 999 NONE NONE 370
	FP_ROUTE KC..KE145

TRACK_TIME 1167737286
TRACK A20110117565104 F 425500 784600 120 30 999 NONE NONE 200
	FP_ROUTE KC..KE135

TRACK_TIME 1167737286
TRACK A20110117565107 F 421300 831960 120 30 999 NONE NONE 340
	FP_ROUTE KC..KB738

TRACK_TIME 1167737286
TRACK A20110117565110 F 404600 1115860 120 30 999 NONE NONE 340
	FP_ROUTE KC..KB738

TRACK_TIME 1167737286
TRACK A20110117565111 F 325500 970300 120 30 999 NONE NONE 360
	FP_ROUTE KC..KSF34

TRACK_TIME 1167737286
TRACK A20110117565113 F 390000 772800 120 30 999 NONE NONE 350
	FP_ROUTE KC..KE135

TRACK_TIME 1167737286
TRACK A20110117565119 F 472560 1221900 120 30 999 NONE NONE 320
	FP_ROUTE KC..KSF34

TRACK_TIME 1167737286
TRACK A20110117565124 F 384900 770160 120 30 999 NONE NONE 390
	FP_ROUTE KG..KPAY2

TRACK_TIME 1167737286
TRACK A20110117565127 F 384960 770160 120 30 999 NONE NONE 370
	FP_ROUTE KC..KB737

TRACK_TIME 1167737286
TRACK A20110117565139 F 430460 774300 120 30 999 NONE NONE 220
	FP_ROUTE KC..KMD83

TRACK_TIME 1167737286
TRACK A20110117565140 F 384900 770160 120 30 999 NONE NONE 390
	FP_ROUTE KC..KCRJ2

TRACK_TIME 1167737286
TRACK A20110117565148 F 414800 874660 120 30 999 NONE NONE 400
	FP_ROUTE KG..KC750

TRACK_TIME 1167737286
TRACK A20110117565153 F 405800 812560 120 30 999 NONE NONE 340
	FP_ROUTE KC..KA319

TRACK_TIME 1167737286
TRACK A20110117565157 F 354500 840400 120 30 999 NONE NONE 250
	FP_ROUTE KC..KB733

TRACK_TIME 1167737286
TRACK A20110117565158 F 360460 1151300 120 30 999 NONE NONE 320
	FP_ROUTE KC..KE170

TRACK_TIME 1167737286
TRACK A20110117565159 F 324600 1171960 120 30 999 NONE NONE 280
	FP_ROUTE KC..KB737

TRACK_TIME 1167737286
TRACK A20110117565160 F 431800 891900 120 30 999 NONE NONE 340
	FP_ROUTE KC..KB739

TRACK_TIME 1167737286
TRACK A20110117565163 F 360460 1151300 120 30 999 NONE NONE 280
	FP_ROUTE KC..KB712

TRACK_TIME 1167737286
TRACK A20110117565169 F 404500 734960 120 30 999 NONE NONE 210
	FP_ROUTE KT..KCRJ2

TRACK_TIME 1167737286
TRACK A20110117565170 F 315100 1061960 120 30 999 NONE NONE 350
	FP_ROUTE KC..KMD82

TRACK_TIME 1167737286
TRACK A20110117565171 F 405400 964500 120 30 999 NONE NONE 310
	FP_ROUTE KC..KB752

TRACK_TIME 1167737286
TRACK A20110117565172 F 384960 770160 120 30 999 NONE NONE 340
	FP_ROUTE KC..KB735

TRACK_TIME 1167737286
TRACK A20110117565173 F 325200 965260 120 30 999 NONE NONE 350
	FP_ROUTE KC..KA320

TRACK_TIME 1167737286
TRACK A20110117565174 F 384360 901960 120 30 999 NONE NONE 330
	FP_ROUTE KC..KB735

TRACK_TIME 1167737286
TRACK A20110117565177 F 404960 740460 120 30 999 NONE NONE 370
	FP_ROUTE KC..KB735

TRACK_TIME 1167737286
TRACK A20110117565184 F 473700 1173160 120 30 999 NONE NONE 200
	FP_ROUTE KC..KB737

TRACK_TIME 1167737286
TRACK A20110117565186 F 403700 734660 120 30 999 NONE NONE 210
	FP_ROUTE KC..KB737

TRACK_TIME 1167737286
TRACK A20110117565197 F 351360 805700 120 30 999 NONE NONE 320
	FP_ROUTE KC..KB737

TRACK_TIME 1167737286
TRACK A20110117565199 F 420100 875260 120 30 999 NONE NONE 320
	FP_ROUTE KC..KB737

TRACK_TIME 1167737286
TRACK A20110117565200 F 472560 1221900 120 30 999 NONE NONE 360
	FP_ROUTE KC..KB712

TRACK_TIME 1167737286
TRACK A20110117565208 F 404500 1115800 120 30 999 NONE NONE 340
	FP_ROUTE KC..KE135

TRACK_TIME 1167737286
TRACK A20110117565224 F 324360 1171200 120 30 999 NONE NONE 280
	FP_ROUTE KC..KE145

TRACK_TIME 1167737286
TRACK A20110117565227 F 354960 784960 120 30 999 NONE NONE 220
	FP_ROUTE KC..KB737

TRACK_TIME 1167737286
TRACK A20110117565231 F 453400 1223400 120 30 999 NONE NONE 380
	FP_ROUTE KC..KCRJ2

TRACK_TIME 1167737286
TRACK A20110117565232 F 373600 1221800 120 30 999 NONE NONE 360
	FP_ROUTE KG..KC750

TRACK_TIME 1167737286
TRACK A20110117565237 F 335500 1183300 120 30 999 NONE NONE 250
	FP_ROUTE KC..KB737

TRACK_TIME 1167737286
TRACK A20110117565238 F 390460 844000 120 30 999 NONE NONE 200
	FP_ROUTE KC..KB712

TRACK_TIME 1167737286
TRACK A20110117565243 F 404800 1120000 120 30 999 NONE NONE 330
	FP_ROUTE KC..KB739

TRACK_TIME 1167737286
TRACK A20110117565244 F 391060 764200 120 30 999 NONE NONE 350
	FP_ROUTE KC..KB737

TRACK_TIME 1167737286
TRACK A20110117565251 F 335700 1182560 120 30 999 NONE NONE 400
	FP_ROUTE KC..KB733

TRACK_TIME 1167737286
TRACK A20110117565259 F 282400 811660 120 30 999 NONE NONE 340
	FP_ROUTE KC..KB733

TRACK_TIME 1167737286
TRACK A20110117565263 F 254800 801900 120 30 999 NONE NONE 360
	FP_ROUTE KC..KB733

TRACK_TIME 1167737286
TRACK A20110117565273 F 325260 970160 120 30 999 NONE NONE 340
	FP_ROUTE KC..KCRJ2

TRACK_TIME 1167737286
TRACK A20110117565276 F 360460 1150900 120 30 999 NONE NONE 360
	FP_ROUTE KC..KE135

TRACK_TIME 1167737286
TRACK A20110117565279 F 335700 1183300 120 30 999 NONE NONE 290
	FP_ROUTE KC..KB733

TRACK_TIME 1167737286
TRACK A20110117565280 F 351060 805700 120 30 999 NONE NONE 350
	FP_ROUTE KG..KC750

TRACK_TIME 1167737286
TRACK A20110117565289 F 333700 843000 120 30 999 NONE NONE 290
	FP_ROUTE KC..KE120

TRACK_TIME 1167737286
TRACK A20110117565299 F 280100 823160 120 30 999 NONE NONE 350
	FP_ROUTE KC..KB712

TRACK_TIME 1167737286
TRACK A20110117565303 F 333900 842860 120 30 999 NONE NONE 370
	FP_ROUTE KT..KE135

TRACK_TIME 1167737286
TRACK A20110117565304 F 381660 1043160 120 30 999 NONE NONE 260
	FP_ROUTE KC..KE145

TRACK_TIME 1167737286
TRACK A20110117565311 F 322560 1111200 120 30 999 NONE NONE 260
	FP_ROUTE KC..KB737

TRACK_TIME 1167737286
TRACK A20110117565313 F 413100 934200 120 30 999 NONE NONE 290
	FP_ROUTE KC..KB737

TRACK_TIME 1167737286
TRACK A20110117565314 F 371060 795200 120 30 999 NONE NONE 200
	FP_ROUTE KC..KB738

TRACK_TIME 1167737286
TRACK A20110117565321 F 374060 1221060 120 30 999 NONE NONE 320
	FP_ROUTE KC..KE145

TRACK_TIME 1167737286
TRACK A20110117565323 F 395560 1044060 120 30 999 NONE NONE 280
	FP_ROUTE KC..KB738

TRACK_TIME 1167737286
TRACK A20110117565328 F 442800 730900 120 30 999 NONE NONE 270
	FP_ROUTE KC..KE135

TRACK_TIME 1167737286
TRACK A20110117565337 F 335500 1183160 120 30 999 NONE NONE 360
	FP_ROUTE KC..KA319

TRACK_TIME 1167737286
TRACK A20110117565348 F 480000 1011060 120 30 999 NONE NONE 350
	FP_ROUTE KC..KA320

TRACK_TIME 1167737286
TRACK A20110117565355 F 402860 801200 120 30 999 NONE NONE 290
	FP_ROUTE KC..KE170

TRACK_TIME 1167737286
TRACK A20110117565357 F 335500 1183160 120 30 999 NONE NONE 380
	FP_ROUTE KC..KDH8D

TRACK_TIME 1167737286
TRACK A20110117565361 F 363460 1214900 120 30 999 NONE NONE 260
	FP_ROUTE KC..KA319

TRACK_TIME 1167737286
TRACK A20110117565362 F 335500 1183300 120 30 999 NONE NONE 270
	FP_ROUTE KC..KB737

TRACK_TIME 1167737286
TRACK A20110117565363 F 422100 705860 120 30 999 NONE NONE 270
	FP_ROUTE KC..KB737

TRACK_TIME 1167737286
TRACK A20110117565367 F 335500 1183460 120 30 999 NONE NONE 340
	FP_ROUTE KC..KB737

TRACK_TIME 1167737286
TRACK A20110117565369 F 300000 951800 120 30 999 NONE NONE 300
	FP_ROUTE KC..KE145

TRACK_TIME 1167737286
TRACK A20110117565374 F 333760 842860 120 30 999 NONE NONE 330
	FP_ROUTE KC..KB738

TRACK_TIME 1167737286
TRACK A20110117565375 F 333760 843000 120 30 999 NONE NONE 370
	FP_ROUTE KC..KB737

TRACK_TIME 1167737286
TRACK A20110117565378 F 182560 660300 120 30 999 NONE NONE 390
	FP_ROUTE KC..KB752

TRACK_TIME 1167737286
TRACK A20110117565384 F 445400 931360 120 30 999 NONE NONE 360
	FP_ROUTE KC..KA320

TRACK_TIME 1167737286
TRACK A20110117565386 F 333760 842200 120 30 999 NONE NONE 270
	FP_ROUTE KT..KCRJ2

TRACK_TIME 1167737286
TRACK A20110117565387 F 293300 983000 120 30 999 NONE NONE 340
	FP_ROUTE KC..KB733

TRACK_TIME 1167737286
TRACK A20110117565394 F 370400 1005800 120 30 999 NONE NONE 200
	FP_ROUTE KC..KB733

TRACK_TIME 1167737286
TRACK A20110117565397 F 385860 772560 120 30 999 NONE NONE 220
	FP_ROUTE KT..KCRJ2

TRACK_TIME 1167737286
TRACK A20110117565417 F 414200 712700 120 30 999 NONE NONE 370
	FP_ROUTE KC..KB733

TRACK_TIME 1167737286
TRACK A20110117565424 F 321960 895800 120 30 999 NONE NONE 270
	FP_ROUTE KC..KB733

TRACK_TIME 1167737286
TRACK A20110117565427 F 335700 1182260 120 30 999 NONE NONE 360
	FP_ROUTE KC..KB733

TRACK_TIME 1167737286
TRACK A20110117565432 F 384960 770160 120 30 999 NONE NONE 370
	FP_ROUTE KC..KB737

TRACK_TIME 1167737286
TRACK A20110117565434 F 361000 863900 120 30 999 NONE NONE 180
	FP_ROUTE KC..KB737

TRACK_TIME 1167737286
TRACK A20110117565439 F 390100 951200 120 30 999 NONE NONE 430
	FP_ROUTE KC..KB735

TRACK_TIME 1167737286
TRACK A20110117565442 F 324360 1171000 120 30 999 NONE NONE 360
	FP_ROUTE KC..KB737

TRACK_TIME 1167737286
TRACK A20110117565452 F 371960 932860 120 30 999 NONE NONE 270
	FP_ROUTE KT..KDH8D

TRACK_TIME 1167737286
TRACK A20110117565455 F 421360 832200 120 30 999 NONE NONE 310
	FP_ROUTE KC..KB737

TRACK_TIME 1167737286
TRACK A20110117565460 F 395500 1044060 120 30 999 NONE NONE 380
	FP_ROUTE KC..KCRJ2

TRACK_TIME 1167737286
TRACK A20110117565471 F 333900 842860 120 30 999 NONE NONE 220
	FP_ROUTE KC..KCRJ2

TRACK_TIME 1167737286
TRACK A20110117565474 F 344900 822100 120 30 999 NONE NONE 190
	FP_ROUTE KC..KA320

TRACK_TIME 1167737286
TRACK A20110117565482 F 302860 814300 120 30 999 NONE NONE 240
	FP_ROUTE KG..KLJ45

TRACK_TIME 1167737286
TRACK A20110117565491 F 472800 1112260 120 30 999 NONE NONE 340
	FP_ROUTE KC..KB752

TRACK_TIME 1167737286
TRACK A20110117565500 F 333700 842860 120 30 999 NONE NONE 350
	FP_ROUTE KC..KB738

TRACK_TIME 1167737286
TRACK A20110117565502 F 445260 931060 120 30 999 NONE NONE 320
	FP_ROUTE KC..KCRJ2

TRACK_TIME 1167737286
TRACK A20110117565510 F 400100 763400 120 30 999 NONE NONE 350
	FP_ROUTE KT..KCRJ2

TRACK_TIME 1167737286
TRACK A20110117565511 F 390300 1200460 120 30 999 NONE NONE 360
	FP_ROUTE KC..KCRJ2

TRACK_TIME 1167737286
TRACK A20110117565513 F 374060 1221000 120 30 999 NONE NONE 360
	FP_ROUTE KT..KE145

TRACK_TIME 1167737286
TRACK A20110117565516 F 413100 854500 120 30 999 NONE NONE 340
	FP_ROUTE KT..KE145

TRACK_TIME 1167737286
TRACK A20110117565518 F 300000 951900 120 30 999 NONE NONE 280
	FP_ROUTE KG..KC550

TRACK_TIME 1167737286
TRACK A20110117565519 F 352500 973600 120 30 999 NONE NONE 250
	FP_ROUTE KG..KCL60

TRACK_TIME 1167737286
TRACK A20110117565527 F 404000 734360 120 30 999 NONE NONE 210
	FP_ROUTE KC..KB763

TRACK_TIME 1167737286
TRACK A20110117565529 F 391060 764360 120 30 999 NONE NONE 330
	FP_ROUTE KT..KCRJ2

TRACK_TIME 1167737286
TRACK A20110117565531 F 324600 1171960 120 30 999 NONE NONE 350
	FP_ROUTE KC..KB738

TRACK_TIME 1167737286
TRACK A20110117565533 F 453460 1223460 120 30 999 NONE NONE 340
	FP_ROUTE KC..KE135

TRACK_TIME 1167737286
TRACK A20110117565540 F 303100 814360 120 30 999 NONE NONE 340
	FP_ROUTE KT..KCRJ2

TRACK_TIME 1167737286
TRACK A20110117565543 F 280160 823160 120 30 999 NONE NONE 230
	FP_ROUTE KC..KE170

TRACK_TIME 1167737286
TRACK A20110117565552 F 360600 1151060 120 30 999 NONE NONE 270
	FP_ROUTE KC..KB712

TRACK_TIME 1167737286
TRACK A20110117565558 F 335560 1182800 120 30 999 NONE NONE 350
	FP_ROUTE KC..KB733

TRACK_TIME 1167737286
TRACK A20110117565561 F 395260 751300 120 30 999 NONE NONE 350
	FP_ROUTE KC..KA319

TRACK_TIME 1167737286
TRACK A20110117565568 F 300000 951960 120 30 999 NONE NONE 360
	FP_ROUTE KC..KA320

TRACK_TIME 1167737286
TRACK A20110117565571 F 425500 784600 120 30 999 NONE NONE 320
	FP_ROUTE KC..KA319

TRACK_TIME 1167737286
TRACK A20110117565574 F 301200 974000 120 30 999 NONE NONE 270
	FP_ROUTE KC..KB737

TRACK_TIME 1167737286
TRACK A20110117565575 F 400000 825800 120 30 999 NONE NONE 300
	FP_ROUTE KG..KC560

TRACK_TIME 1167737286
TRACK A20110117565581 F 445400 931360 120 30 999 NONE NONE 340
	FP_ROUTE KC..KB763

TRACK_TIME 1167737286
TRACK A20110117565585 F 373600 1221900 120 30 999 NONE NONE 340
	FP_ROUTE KT..KCRJ9

TRACK_TIME 1167737286
TRACK A20110117565586 F 300000 952400 120 30 999 NONE NONE 320
	FP_ROUTE KT..KCRJ9

TRACK_TIME 1167737286
TRACK A20110117565589 F 384800 770160 120 30 999 NONE NONE 390
	FP_ROUTE KC..KB762

TRACK_TIME 1167737286
TRACK A20110117565592 F 260400 801200 120 30 999 NONE NONE 230
	FP_ROUTE KC..KB752

TRACK_TIME 1167737286
TRACK A20110117565593 F 360300 1151060 120 30 999 NONE NONE 250
	FP_ROUTE KC..KA319

TRACK_TIME 1167737286
TRACK A20110117565594 F 403700 734900 120 30 999 NONE NONE 370
	FP_ROUTE KC..KE145

TRACK_TIME 1167737286
TRACK A20110117565595 F 412260 815500 120 30 999 NONE NONE 270
	FP_ROUTE KC..KE145

TRACK_TIME 1167737286
TRACK A20110117565602 F 395560 1044200 120 30 999 NONE NONE 370
	FP_ROUTE KT..KCRJ2

TRACK_TIME 1167737286
TRACK A20110117565606 F 382860 1224800 120 30 999 NONE NONE 250
	FP_ROUTE KC..KB738

TRACK_TIME 1167737286
TRACK A20110117565610 F 361060 1151000 120 30 999 NONE NONE 250
	FP_ROUTE KC..KB733

TRACK_TIME 1167737286
TRACK A20110117565615 F 333900 842700 120 30 999 NONE NONE 350
	FP_ROUTE KC..KB733

TRACK_TIME 1167737286
TRACK A20110117565623 F 254600 801500 120 30 999 NONE NONE 250
	FP_ROUTE KC..KA320

TRACK_TIME 1167737286
TRACK A20110117565626 F 373600 1221800 120 30 999 NONE NONE 380
	FP_ROUTE KG..KBE9L

TRACK_TIME 1167737286
TRACK A20110117565630 F 350160 821300 120 30 999 NONE NONE 310
	FP_ROUTE KT..KCRJ1

TRACK_TIME 1167737286
TRACK A20110117565632 F 343160 1195400 120 30 999 NONE NONE 320
	FP_ROUTE KC..KB738

TRACK_TIME 1167737286
TRACK A20110117565647 F 385400 772560 120 30 999 NONE NONE 250
	FP_ROUTE KG..KC550

TRACK_TIME 1167737286
TRACK A20110117565649 F 400000 824960 120 30 999 NONE NONE 320
	FP_ROUTE KC..KB733

TRACK_TIME 1167737286
TRACK A20110117565650 F 333700 842260 120 30 999 NONE NONE 370
	FP_ROUTE KC..KB752

TRACK_TIME 1167737286
TRACK A20110117565652 F 351060 805560 120 30 999 NONE NONE 280
	FP_ROUTE KC..KB752

TRACK_TIME 1167737286
TRACK A20110117565653 F 404600 735100 120 30 999 NONE NONE 230
	FP_ROUTE KC..KMD82

TRACK_TIME 1167737286
TRACK A20110117565662 F 373600 1221960 120 30 999 NONE NONE 370
	FP_ROUTE KC..KE170

TRACK_TIME 1167737286
TRACK A20110117565672 F 404500 735400 120 30 999 NONE NONE 370
	FP_ROUTE KT..KCRJ2

TRACK_TIME 1167737286
TRACK A20110117565678 F 403900 741060 120 30 999 NONE NONE 370
	FP_ROUTE KC..KE170

TRACK_TIME 1167737286
TRACK A20110117565682 F 324960 964960 120 30 999 NONE NONE 400
	FP_ROUTE KC..KB737

TRACK_TIME 1167737286
TRACK A20110117565686 F 395260 1043460 120 30 999 NONE NONE 370
	FP_ROUTE KT..KCRJ9

TRACK_TIME 1167737286
TRACK A20110117565687 F 350400 895860 120 30 999 NONE NONE 300
	FP_ROUTE KC..KB737

TRACK_TIME 1167737286
TRACK A20110117565695 F 343760 864800 120 30 999 NONE NONE 280
	FP_ROUTE KC..KA319

TRACK_TIME 1167737286
TRACK A20110117565697 F 420100 875800 120 30 999 NONE NONE 350
	FP_ROUTE KC..KB738

TRACK_TIME 1167737286
TRACK A20110117565702 F 384800 770160 120 30 999 NONE NONE 250
	FP_ROUTE KG..KFA10

TRACK_TIME 1167737286
TRACK A20110117565703 F 442700 730700 120 30 999 NONE NONE 190
	FP_ROUTE KC..KB738

TRACK_TIME 1167737286
TRACK A20110117565706 F 182560 660100 120 30 999 NONE NONE 350
	FP_ROUTE KC..KA320

TRACK_TIME 1167737286
TRACK A20110117565714 F 260400 801060 120 30 999 NONE NONE 390
	FP_ROUTE KC..KB733

TRACK_TIME 1167737286
TRACK A20110117565726 F 371900 795860 120 30 999 NONE NONE 310
	FP_ROUTE KC..KB738

TRACK_TIME 1167737286
TRACK A20110117565729 F 372100 1215500 120 30 999 NONE NONE 340
	FP_ROUTE KC..KA321

TRACK_TIME 1167737286
TRACK A20110117565733 F 293600 951300 120 30 999 NONE NONE 380
	FP_ROUTE KC..KA320

TRACK_TIME 1167737286
TRACK A20110117565734 F 404600 735100 120 30 999 NONE NONE 370
	FP_ROUTE KC..KB752

TRACK_TIME 1167737286
TRACK A20110117565738 F 325100 965200 120 30 999 NONE NONE 260
	FP_ROUTE KC..KB737

TRACK_TIME 1167737286
TRACK A20110117565741 F 400000 825700 120 30 999 NONE NONE 360
	FP_ROUTE KC..KE170

TRACK_TIME 1167737286
TRACK A20110117565752 F 350000 895860 120 30 999 NONE NONE 260
	FP_ROUTE KC..KMD82

TRACK_TIME 1167737286
TRACK A20110117565759 F 272500 823460 120 30 999 NONE NONE 380
	FP_ROUTE KC..KB763

TRACK_TIME 1167737286
TRACK A20110117565764 F 361000 863900 120 30 999 NONE NONE 300
	FP_ROUTE KC..KE190

TRACK_TIME 1167737286
TRACK A20110117565774 F 295860 901800 120 30 999 NONE NONE 360
	FP_ROUTE KC..KCRJ2

TRACK_TIME 1167737286
TRACK A20110117565775 F 350000 1063900 120 30 999 NONE NONE 380
	FP_ROUTE KC..KA320

TRACK_TIME 1167737286
TRACK A20110117565779 F 373600 1222100 120 30 999 NONE NONE 360
	FP_ROUTE KC..KB737

TRACK_TIME 1167737286
TRACK A20110117565786 F 403460 734900 120 30 999 NONE NONE 250
	FP_ROUTE KC..KB737

TRACK_TIME 1167737286
TRACK A20110117565788 F 350760 1014960 120 30 999 NONE NONE 360
	FP_ROUTE KC..KE190

TRACK_TIME 1167737286
TRACK A20110117565790 F 415500 875700 120 30 999 NONE NONE 290
	FP_ROUTE KC..KA320

TRACK_TIME 1167737286
TRACK A20110117565793 F 421300 831960 120 30 999 NONE NONE 260
	FP_ROUTE KT..KCRJ9

TRACK_TIME 1167737286
TRACK A20110117565804 F 372100 1215500 120 30 999 NONE NONE 220
	FP_ROUTE KC..KB763

TRACK_TIME 1167737286
TRACK A20110117565810 F 473760 1173100 120 30 999 NONE NONE 360
	FP_ROUTE KC..KA319

TRACK_TIME 1167737286
TRACK A20110117565811 F 360600 864060 120 30 999 NONE NONE 370
	FP_ROUTE KG..KFA50

TRACK_TIME 1167737286
TRACK A20110117565813 F 264200 800000 120 30 999 NONE NONE 320
	FP_ROUTE KT..KCRJ2

TRACK_TIME 1167737286
TRACK A20110117565814 F 282260 811660 120 30 999 NONE NONE 340
	FP_ROUTE KC..KA320

TRACK_TIME 1167737286
TRACK A20110117565817 F 321800 900460 120 30 999 NONE NONE 400
	FP_ROUTE KG..KC560

TRACK_TIME 1167737286
TRACK A20110117565824 F 420000 875500 120 30 999 NONE NONE 220
	FP_ROUTE KG..KC560

TRACK_TIME 1167737286
TRACK A20110117565825 F 282860 811800 120 30 999 NONE NONE 390
	FP_ROUTE KC..KMD82

TRACK_TIME 1167737286
TRACK A20110117565829 F 390300 844300 120 30 999 NONE NONE 370
	FP_ROUTE KC..KA321

TRACK_TIME 1167737286
TRACK A20110117565847 F 344900 821600 120 30 999 NONE NONE 240
	FP_ROUTE KC..KB738

TRACK_TIME 1167737286
TRACK A20110117565848 F 335560 1182100 120 30 999 NONE NONE 390
	FP_ROUTE KC..KE190

TRACK_TIME 1167737286
TRACK A20110117565851 F 421360 832200 120 30 999 NONE NONE 270
	FP_ROUTE KT..KCRJ2

TRACK_TIME 1167737286
TRACK A20110117565853 F 335500 1183300 120 30 999 NONE NONE 380
	FP_ROUTE KC..KE190

TRACK_TIME 1167737286
TRACK A20110117565855 F 395500 1044060 120 30 999 NONE NONE 380
	FP_ROUTE KC..KCRJ2

TRACK_TIME 1167737286
TRACK A20110117565856 F 394800 1043900 120 30 999 NONE NONE 380
	FP_ROUTE KC..KE145

TRACK_TIME 1167737286
TRACK A20110117565857 F 472800 1221900 120 30 999 NONE NONE 220
	FP_ROUTE KC..KE135

TRACK_TIME 1167737286
TRACK A20110117565858 F 333900 785500 120 30 999 NONE NONE 240
	FP_ROUTE KC..KA320

TRACK_TIME 1167737286
TRACK A20110117565860 F 373600 1221900 120 30 999 NONE NONE 380
	FP_ROUTE KC..KB739

TRACK_TIME 1167737286
TRACK A20110117565867 F 333700 842860 120 30 999 NONE NONE 240
	FP_ROUTE KC..KB737

TRACK_TIME 1167737286
TRACK A20110117565868 F 261300 974000 120 30 999 NONE NONE 280
	FP_ROUTE KG..KLJ45

TRACK_TIME 1167737286
TRACK A20110117565894 F 390400 843900 120 30 999 NONE NONE 300
	FP_ROUTE KG..KLJ45

TRACK_TIME 1167737286
TRACK A20110117565899 F 380760 872560 120 30 999 NONE NONE 220
	FP_ROUTE KC..KB752

TRACK_TIME 1167737286
TRACK A20110117565901 F 395260 751360 120 30 999 NONE NONE 390
	FP_ROUTE KC..KB737

TRACK_TIME 1167737286
TRACK A20110117565908 F 332560 1115700 120 30 999 NONE NONE 360
	FP_ROUTE KC..KB737

TRACK_TIME 1167737286
TRACK A20110117565912 F 424300 734800 120 30 999 NONE NONE 290
	FP_ROUTE KC..KA320

TRACK_TIME 1167737286
TRACK A20110117565914 F 260400 801200 120 30 999 NONE NONE 400
	FP_ROUTE KT..KCRJ2

TRACK_TIME 1167737286
TRACK A20110117565915 F 335700 1182700 120 30 999 NONE NONE 380
	FP_ROUTE KT..KCRJ9

TRACK_TIME 1167737286
TRACK A20110117565917 F 415700 875400 120 30 999 NONE NONE 250
	FP_ROUTE KC..KA320

TRACK_TIME 1167737286
TRACK A20110117565918 F 420900 770400 120 30 999 NONE NONE 280
	FP_ROUTE KC..KA319

TRACK_TIME 1167737286
TRACK A20110117565919 F 332560 1115860 120 30 999 NONE NONE 320
	FP_ROUTE KC..KB737

TRACK_TIME 1167737286
TRACK A20110117565920 F 445400 931300 120 30 999 NONE NONE 280
	FP_ROUTE KT..KF2TH

TRACK_TIME 1167737286
TRACK A20110117565921 F 404500 1115800 120 30 999 NONE NONE 360
	FP_ROUTE KC..KMD83

TRACK_TIME 1167737286
TRACK A20110117565926 F 373600 1221960 120 30 999 NONE NONE 370
	FP_ROUTE KC..KA320

TRACK_TIME 1167737286
TRACK A20110117565935 F 350300 895800 120 30 999 NONE NONE 320
	FP_ROUTE KT..KCRJ9

TRACK_TIME 1167737286
TRACK A20110117565941 F 360760 864000 120 30 999 NONE NONE 330
	FP_ROUTE KC..KB738

TRACK_TIME 1167737286
TRACK A20110117565944 F 341060 780000 120 30 999 NONE NONE 190
	FP_ROUTE KT..KCRJ1

TRACK_TIME 1167737286
TRACK A20110117565948 F 404900 1115860 120 30 999 NONE NONE 290
	FP_ROUTE KG..KC550

TRACK_TIME 1167737286
TRACK A20110117565956 F 403900 741060 120 30 999 NONE NONE 370
	FP_ROUTE KG..KC550

TRACK_TIME 1167737286
TRACK A20110117565962 F 465400 964900 120 30 999 NONE NONE 330
	FP_ROUTE KC..KB737

TRACK_TIME 1167737286
TRACK A20110117565964 F 445400 931500 120 30 999 NONE NONE 320
	FP_ROUTE KT..KCRJ2

TRACK_TIME 1167737286
TRACK A20110117565966 F 254660 801600 120 30 999 NONE NONE 360
	FP_ROUTE KC..KB738

TRACK_TIME 1167737286
TRACK A20110117565967 F 352500 973600 120 30 999 NONE NONE 320
	FP_ROUTE KC..KDH8D

TRACK_TIME 1167737286
TRACK A20110117565968 F 254600 801500 120 30 999 NONE NONE 381
	FP_ROUTE KC..KB737

TRACK_TIME 1167737286
TRACK A20110117565972 F 351200 805560 120 30 999 NONE NONE 300
	FP_ROUTE KT..KCRJ2

TRACK_TIME 1167737286
TRACK A20110117565974 F 402860 801200 120 30 999 NONE NONE 350
	FP_ROUTE KC..KB752

TRACK_TIME 1167737286
TRACK A20110117565976 F 211660 1575700 120 30 999 NONE NONE 260
	FP_ROUTE KC..KB737

TRACK_TIME 1167737286
TRACK A20110117565977 F 404500 734960 120 30 999 NONE NONE 370
	FP_ROUTE KC..KB733

TRACK_TIME 1167737286
TRACK A20110117565980 F 421360 832200 120 30 999 NONE NONE 370
	FP_ROUTE KC..KB733

TRACK_TIME 1167737286
TRACK A20110117565987 F 350000 895800 120 30 999 NONE NONE 390
	FP_ROUTE KC..KE170

TRACK_TIME 1167737286
TRACK A20110117565988 F 414600 874360 120 30 999 NONE NONE 310
	FP_ROUTE KC..KB737

TRACK_TIME 1167737286
TRACK A20110117565994 F 394660 1044000 120 30 999 NONE NONE 350
	FP_ROUTE KC..KB733

TRACK_TIME 1167737286
TRACK A20110117565998 F 421360 832200 120 30 999 NONE NONE 350
	FP_ROUTE KC..KB733

TRACK_TIME 1167737286
TRACK A20110117565999 F 403900 741200 120 30 999 NONE NONE 330
	FP_ROUTE KC..KA319

TRACK_TIME 1167737286
TRACK A20110117566003 F 404960 740460 120 30 999 NONE NONE 390
	FP_ROUTE KC..KB738

TRACK_TIME 1167737286
TRACK A20110117566005 F 394000 861960 120 30 999 NONE NONE 280
	FP_ROUTE KC..KB735

TRACK_TIME 1167737286
TRACK A20110117566027 F 280100 823160 120 30 999 NONE NONE 330
	FP_ROUTE KC..KB753

TRACK_TIME 1167737286
TRACK A20110117566031 F 404900 1115860 120 30 999 NONE NONE 370
	FP_ROUTE KC..KB763

TRACK_TIME 1167737286
TRACK A20110117566034 F 472700 1221900 120 30 999 NONE NONE 340
	FP_ROUTE KC..KCRJ2

TRACK_TIME 1167737286
TRACK A20110117566041 F 390760 763760 120 30 999 NONE NONE 410
	FP_ROUTE KC..KB737

TRACK_TIME 1167737286
TRACK A20110117566042 F 333900 842860 120 30 999 NONE NONE 330
	FP_ROUTE KC..KCRJ2

TRACK_TIME 1167737286
TRACK A20110117566043 F 350000 895800 120 30 999 NONE NONE 300
	FP_ROUTE KC..KB762

TRACK_TIME 1167737286
TRACK A20110117566044 F 344660 921060 120 30 999 NONE NONE 270
	FP_ROUTE KC..KB737

TRACK_TIME 1167737286
TRACK A20110117566058 F 211660 1575100 120 30 999 NONE NONE 280
	FP_ROUTE KC..KB737

TRACK_TIME 1167737286
TRACK A20110117566064 F 302800 863460 120 30 999 NONE NONE 330
	FP_ROUTE KC..KE190

TRACK_TIME 1167737286
TRACK A20110117566066 F 403760 752700 120 30 999 NONE NONE 290
	FP_ROUTE KC..KB752

TRACK_TIME 1167737286
TRACK A20110117566068 F 403900 741200 120 30 999 NONE NONE 370
	FP_ROUTE KC..KA320

TRACK_TIME 1167737286
TRACK A20110117566069 F 384960 770100 120 30 999 NONE NONE 330
	FP_ROUTE KC..KE135

TRACK_TIME 1167737286
TRACK A20110117566072 F 343460 864360 120 30 999 NONE NONE 350
	FP_ROUTE KC..KB738

TRACK_TIME 1167737286
TRACK A20110117566076 F 433760 701660 120 30 999 NONE NONE 290
	FP_ROUTE KT..KCRJ2

TRACK_TIME 1167737286
TRACK A20110117566080 F 325500 970300 120 30 999 NONE NONE 330
	FP_ROUTE KC..KA319

TRACK_TIME 1167737286
TRACK A20110117566082 F 395100 1044060 120 30 999 NONE NONE 330
	FP_ROUTE KG..KCL60

TRACK_TIME 1167737286
TRACK A20110117566083 F 414500 874800 120 30 999 NONE NONE 300
	FP_ROUTE KC..KE120

TRACK_TIME 1167737286
TRACK A20110117566084 F 403700 734300 120 30 999 NONE NONE 320
	FP_ROUTE KT..KDH8D

TRACK_TIME 1167737286
TRACK A20110117566086 F 403700 734660 120 30 999 NONE NONE 350
	FP_ROUTE KC..KA319

TRACK_TIME 1167737286
TRACK A20110117566088 F 453460 1223400 120 30 999 NONE NONE 360
	FP_ROUTE KC..KB737

TRACK_TIME 1167737286
TRACK A20110117566091 F 395400 842200 120 30 999 NONE NONE 230
	FP_ROUTE KC..KB737

TRACK_TIME 1167737286
TRACK A20110117566093 F 414800 874600 120 30 999 NONE NONE 370
	FP_ROUTE KT..KCRJ2

TRACK_TIME 1167737286
TRACK A20110117566095 F 420100 875560 120 30 999 NONE NONE 220
	FP_ROUTE KC..KB737

TRACK_TIME 1167737286
TRACK A20110117566099 F 420100 875560 120 30 999 NONE NONE 340
	FP_ROUTE KC..KA320

TRACK_TIME 1167737286
TRACK A20110117566114 F 334900 1180900 120 30 999 NONE NONE 330
	FP_ROUTE KC..KE135

TRACK_TIME 1167737286
TRACK A20110117566115 F 350300 900000 120 30 999 NONE NONE 330
	FP_ROUTE KC..KA319

TRACK_TIME 1167737286
TRACK A20110117566119 F 293400 983100 120 30 999 NONE NONE 320
	FP_ROUTE KC..KCRJ2

TRACK_TIME 1167737286
TRACK A20110117566127 F 404360 735500 120 30 999 NONE NONE 370
	FP_ROUTE KC..KCRJ2

TRACK_TIME 1167737286
TRACK A20110117566128 F 484800 1223700 120 30 999 NONE NONE 340
	FP_ROUTE KC..KA320

TRACK_TIME 1167737286
TRACK A20110117566129 F 360460 1150900 120 30 999 NONE NONE 330
	FP_ROUTE KC..KE170

TRACK_TIME 1167737286
TRACK A20110117566130 F 415860 874960 120 30 999 NONE NONE 340
	FP_ROUTE KC..KA320

TRACK_TIME 1167737286
TRACK A20110117566134 F 390460 844000 120 30 999 NONE NONE 230
	FP_ROUTE KC..KB737

TRACK_TIME 1167737286
TRACK A20110117566142 F 303600 910460 120 30 999 NONE NONE 320
	FP_ROUTE KC..KA319

TRACK_TIME 1167737286
TRACK A20110117566143 F 413600 835700 120 30 999 NONE NONE 310
	FP_ROUTE KC..KMD83

TRACK_TIME 1167737286
TRACK A20110117566144 F 445400 931500 120 30 999 NONE NONE 320
	FP_ROUTE KC..KMD83

TRACK_TIME 1167737286
TRACK A20110117566145 F 425860 875260 120 30 999 NONE NONE 320
	FP_ROUTE KC..KE145

TRACK_TIME 1167737286
TRACK A20110117566171 F 275560 823300 120 30 999 NONE NONE 370
	FP_ROUTE KC..KB737

TRACK_TIME 1167737286
TRACK A20110117566175 F 335560 1183300 120 30 999 NONE NONE 320
	FP_ROUTE KC..KE190

TRACK_TIME 1167737286
TRACK A20110117566194 F 404360 735500 120 30 999 NONE NONE 350
	FP_ROUTE KC..KMD83

TRACK_TIME 1167737286
TRACK A20110117566200 F 395200 751600 120 30 999 NONE NONE 310
	FP_ROUTE KC..KA319

TRACK_TIME 1167737286
TRACK A20110117566206 F 605260 1485400 120 30 999 NONE NONE 380
	FP_ROUTE KG..KC750

TRACK_TIME 1167737286
TRACK A20110117566210 F 412560 935200 120 30 999 NONE NONE 370
	FP_ROUTE KT..KCRJ2

TRACK_TIME 1167737286
TRACK A20110117566216 F 333900 843000 120 30 999 NONE NONE 340
	FP_ROUTE KT..KE145

TRACK_TIME 1167737286
TRACK A20110117566223 F 384800 770160 120 30 999 NONE NONE 230
	FP_ROUTE KC..KE170

TRACK_TIME 1167737286
TRACK A20110117566225 F 350000 895860 120 30 999 NONE NONE 330
	FP_ROUTE KC..KA319

TRACK_TIME 1167737286
TRACK A20110117566229 F 351960 1190760 120 30 999 NONE NONE 229
	FP_ROUTE KC..KB733

TRACK_TIME 1167737286
TRACK A20110117566233 F 391660 944300 120 30 999 NONE NONE 340
	FP_ROUTE KT..KCRJ9

TRACK_TIME 1167737286
TRACK A20110117566252 F 371960 1215400 120 30 999 NONE NONE 320
	FP_ROUTE KC..KB733

TRACK_TIME 1167737286
TRACK A20110117566256 F 392560 944000 120 30 999 NONE NONE 360
	FP_ROUTE KC..KCRJ2

TRACK_TIME 1167737286
TRACK A20110117566258 F 300000 951800 120 30 999 NONE NONE 360
	FP_ROUTE KC..KB737

TRACK_TIME 1167737286
TRACK A20110117566264 F 395100 1044060 120 30 999 NONE NONE 370
	FP_ROUTE KC..KCRJ2

TRACK_TIME 1167737286
TRACK A20110117566265 F 351360 805800 120 30 999 NONE NONE 290
	FP_ROUTE KC..KB738

TRACK_TIME 1167737286
TRACK A20110117566275 F 422100 710100 120 30 999 NONE NONE 350
	FP_ROUTE KC..KE170

TRACK_TIME 1167737286
TRACK A20110117566278 F 453460 1223460 120 30 999 NONE NONE 400
	FP_ROUTE KC..KE145

TRACK_TIME 1167737286
TRACK A20110117566279 F 391060 764360 120 30 999 NONE NONE 380
	FP_ROUTE KC..KMD82

TRACK_TIME 1167737286
TRACK A20110117566282 F 394060 861900 120 30 999 NONE NONE 330
	FP_ROUTE KC..KE145

TRACK_TIME 1167737286
TRACK A20110117566289 F 605560 1490000 120 30 999 NONE NONE 340
	FP_ROUTE KT..KF2TH

TRACK_TIME 1167737286
TRACK A20110117566292 F 335400 1181600 120 30 999 NONE NONE 240
	FP_ROUTE KC..KB738

TRACK_TIME 1167737286
TRACK A20110117566295 F 414660 874500 120 30 999 NONE NONE 380
	FP_ROUTE KC..KB733

TRACK_TIME 1167737286
TRACK A20110117566304 F 391060 764360 120 30 999 NONE NONE 330
	FP_ROUTE KG..KC560

TRACK_TIME 1167737286
TRACK A20110117566313 F 403000 801660 120 30 999 NONE NONE 370
	FP_ROUTE KG..KLJ35

TRACK_TIME 1167737286
TRACK A20110117566319 F 332560 1115700 120 30 999 NONE NONE 290
	FP_ROUTE KC..KB737

TRACK_TIME 1167737286
TRACK A20110117566332 F 334900 1181000 120 30 999 NONE NONE 340
	FP_ROUTE KC..KCRJ2

TRACK_TIME 1167737286
TRACK A20110117566334 F 282400 811660 120 30 999 NONE NONE 360
	FP_ROUTE KC..KB738

TRACK_TIME 1167737286
TRACK A20110117566349 F 374060 1221060 120 30 999 NONE NONE 360
	FP_ROUTE KT..KCRJ9

TRACK_TIME 1167737286
TRACK A20110117566350 F 333900 842860 120 30 999 NONE NONE 320
	FP_ROUTE KG..KE135

TRACK_TIME 1167737286
TRACK A20110117566353 F 395560 1044060 120 30 999 NONE NONE 320
	FP_ROUTE KT..KCRJ2

TRACK_TIME 1167737286
TRACK A20110117566354 F 332560 1115700 120 30 999 NONE NONE 380
	FP_ROUTE KC..KB737

TRACK_TIME 1167737286
TRACK A20110117566355 F 373600 1222100 120 30 999 NONE NONE 340
	FP_ROUTE KC..KB737

TRACK_TIME 1167737286
TRACK A20110117566358 F 282800 811960 120 30 999 NONE NONE 370
	FP_ROUTE KC..KB737

TRACK_TIME 1167737286
TRACK A20110117566361 F 272400 823400 120 30 999 NONE NONE 350
	FP_ROUTE KC..KB734

TRACK_TIME 1167737286
TRACK A20110117566364 F 421960 1141800 120 30 999 NONE NONE 261
	FP_ROUTE KT..KCRJ9

TRACK_TIME 1167737286
TRACK A20110117566384 F 194300 1550400 120 30 999 NONE NONE 190
	FP_ROUTE KC..KA320

TRACK_TIME 1167737286
TRACK A20110117566387 F 261600 973900 120 30 999 NONE NONE 260
	FP_ROUTE KC..KA320

TRACK_TIME 1167737286
TRACK A20110117566391 F 351200 805800 120 30 999 NONE NONE 350
	FP_ROUTE KC..KA320

TRACK_TIME 1167737286
TRACK A20110117566421 F 404500 735400 120 30 999 NONE NONE 370
	FP_ROUTE KC..KSF34

TRACK_TIME 1167737286
TRACK A20110117566424 F 294060 821360 120 30 999 NONE NONE 260
	FP_ROUTE KC..KB752

TRACK_TIME 1167737286
TRACK A20110117566433 F 390160 844000 120 30 999 NONE NONE 230
	FP_ROUTE KC..KA319

TRACK_TIME 1167737286
TRACK A20110117566434 F 395560 1044060 120 30 999 NONE NONE 380
	FP_ROUTE KC..KA319

TRACK_TIME 1167737286
TRACK A20110117566435 F 350760 1014360 120 30 999 NONE NONE 350
	FP_ROUTE KT..KCRJ2

TRACK_TIME 1167737286
TRACK A20110117566438 F 300700 974000 120 30 999 NONE NONE 360
	FP_ROUTE KC..KB737

TRACK_TIME 1167737286
TRACK A20110117566440 F 335700 1182100 120 30 999 NONE NONE 380
	FP_ROUTE KC..KB737

TRACK_TIME 1167737286
TRACK A20110117566444 F 372800 771660 120 30 999 NONE NONE 320
	FP_ROUTE KC..KB733

TRACK_TIME 1167737286
TRACK A20110117566445 F 335400 841660 120 30 999 NONE NONE 410
	FP_ROUTE KG..KC560

TRACK_TIME 1167737286
TRACK A20110117566448 F 325500 970160 120 30 999 NONE NONE 340
	FP_ROUTE KC..KE170

TRACK_TIME 1167737286
TRACK A20110117566450 F 211900 1575800 120 30 999 NONE NONE 370
	FP_ROUTE KC..KE135

TRACK_TIME 1167737286
TRACK A20110117566455 F 404800 1120000 120 30 999 NONE NONE 320
	FP_ROUTE KC..KE145

TRACK_TIME 1167737286
TRACK A20110117566467 F 390400 843900 120 30 999 NONE NONE 320
	FP_ROUTE KC..KMD82

TRACK_TIME 1167737286
TRACK A20110117566476 F 404060 751600 120 30 999 NONE NONE 290
	FP_ROUTE KC..KLJ35

TRACK_TIME 1167737286
TRACK A20110117566482 F 325500 970160 120 30 999 NONE NONE 380
	FP_ROUTE KC..KMD82

TRACK_TIME 1167737286
TRACK A20110117566488 F 302860 871200 120 30 999 NONE NONE 340
	FP_ROUTE KC..KA319

TRACK_TIME 1167737286
TRACK A20110117566489 F 422560 705800 120 30 999 NONE NONE 370
	FP_ROUTE KC..KB738

TRACK_TIME 1167737286
TRACK A20110117566491 F 335560 1182100 120 30 999 NONE NONE 360
	FP_ROUTE KC..KA320

TRACK_TIME 1167737286
TRACK A20110117566495 F 390760 763760 120 30 999 NONE NONE 390
	FP_ROUTE KC..KMD82

TRACK_TIME 1167737286
TRACK A20110117566496 F 321800 861660 120 30 999 NONE NONE 300
	FP_ROUTE KC..KE190

TRACK_TIME 1167737286
TRACK A20110117566497 F 341200 1181500 120 30 999 NONE NONE 330
	FP_ROUTE KG..KC550

TRACK_TIME 1167737286
TRACK A20110117566499 F 340100 1174200 120 30 999 NONE NONE 370
	FP_ROUTE KC..KB735

TRACK_TIME 1167737286
TRACK A20110117566501 F 332560 1115700 120 30 999 NONE NONE 310
	FP_ROUTE KC..KB737

TRACK_TIME 1167737286
TRACK A20110117566546 F 433100 891800 120 30 999 NONE NONE 260
	FP_ROUTE KC..KB752

TRACK_TIME 1167737286
TRACK A20110117566550 F 371960 1215400 120 30 999 NONE NONE 340
	FP_ROUTE KC..KLJ35

TRACK_TIME 1167737286
TRACK A20110117566570 F 395860 763000 120 30 999 NONE NONE 310
	FP_ROUTE KC..KA320

TRACK_TIME 1167737286
TRACK A20110117566574 F 395260 751500 120 30 999 NONE NONE 350
	FP_ROUTE KC..KB737

TRACK_TIME 1167737286
TRACK A20110117566576 F 303000 814300 120 30 999 NONE NONE 220
	FP_ROUTE KC..KB737

TRACK_TIME 1167737286
TRACK A20110117566578 F 440700 1231300 120 30 999 NONE NONE 340
	FP_ROUTE KC..KB737

TRACK_TIME 1167737286
TRACK A20110117566580 F 373600 1221960 120 30 999 NONE NONE 360
	FP_ROUTE KC..KB737

TRACK_TIME 1167737286
TRACK A20110117566582 F 255500 972700 120 30 999 NONE NONE 220
	FP_ROUTE KC..KCRJ2

TRACK_TIME 1167737286
TRACK A20110117566585 F 294000 951800 120 30 999 NONE NONE 390
	FP_ROUTE KC..KE170

TRACK_TIME 1167737286
TRACK A20110117566590 F 421360 832200 120 30 999 NONE NONE 250
	FP_ROUTE KT..KCRJ2

TRACK_TIME 1167737286
TRACK A20110117566592 F 453300 1225700 120 30 999 NONE NONE 400
	FP_ROUTE KC..KE145

TRACK_TIME 1167737286
TRACK A20110117566596 F 390700 1083100 120 30 999 NONE NONE 260
	FP_ROUTE KC..KB77L

TRACK_TIME 1167737286
TRACK A20110117566597 F 415800 875860 120 30 999 NONE NONE 310
	FP_ROUTE KC..KB738

TRACK_TIME 1167737286
TRACK A20110117566599 F 351000 805560 120 30 999 NONE NONE 330
	FP_ROUTE KC..KE145

TRACK_TIME 1167737286
TRACK A20110117566600 F 211800 1575800 120 30 999 NONE NONE 220
	FP_ROUTE KC..KE135

TRACK_TIME 1167737286
TRACK A20110117566602 F 351200 805800 120 30 999 NONE NONE 340
	FP_ROUTE KC..KE145

TRACK_TIME 1167737286
TRACK A20110117566603 F 325500 970160 120 30 999 NONE NONE 260
	FP_ROUTE KC..KB738

TRACK_TIME 1167737286
TRACK A20110117566604 F 394800 1044000 120 30 999 NONE NONE 270
	FP_ROUTE KC..KMD83

TRACK_TIME 1167737286
TRACK A20110117566606 F 461600 1115500 120 30 999 NONE NONE 320
	FP_ROUTE KC..KE170

TRACK_TIME 1167737286
TRACK A20110117566607 F 480400 971060 120 30 999 NONE NONE 280
	FP_ROUTE KC..KE170

TRACK_TIME 1167737286
TRACK A20110117566615 F 395260 1043400 120 30 999 NONE NONE 380
	FP_ROUTE KC..KA319

TRACK_TIME 1167737286
TRACK A20110117566616 F 384800 770160 120 30 999 NONE NONE 280
	FP_ROUTE KC..KDH8D

TRACK_TIME 1167737286
TRACK A20110117566619 F 295860 951660 120 30 999 NONE NONE 360
	FP_ROUTE KC..KE145

TRACK_TIME 1167737286
TRACK A20110117566621 F 302400 890400 120 30 999 NONE NONE 330
	FP_ROUTE KC..KB737

TRACK_TIME 1167737286
TRACK A20110117566631 F 325700 970160 120 30 999 NONE NONE 370
	FP_ROUTE KT..KCRJ9

TRACK_TIME 1167737286
TRACK A20110117566632 F 394500 1044000 120 30 999 NONE NONE 370
	FP_ROUTE KC..KE145

TRACK_TIME 1167737286
TRACK A20110117566633 F 304000 910160 120 30 999 NONE NONE 310
	FP_ROUTE KC..KCRJ9

TRACK_TIME 1167737286
TRACK A20110117566644 F 421900 710100 120 30 999 NONE NONE 210
	FP_ROUTE KC..KCRJ9

TRACK_TIME 1167737286
TRACK A20110117566645 F 325200 970160 120 30 999 NONE NONE 320
	FP_ROUTE KC..KA319

TRACK_TIME 1167737286
TRACK A20110117566659 F 430100 891960 120 30 999 NONE NONE 280
	FP_ROUTE KC..KMD82

TRACK_TIME 1167737286
TRACK A20110117566666 F 412560 814900 120 30 999 NONE NONE 280
	FP_ROUTE KC..KB738

TRACK_TIME 1167737286
TRACK A20110117566668 F 421300 831960 120 30 999 NONE NONE 200
	FP_ROUTE KC..KA319

TRACK_TIME 1167737286
TRACK A20110117566677 F 473760 1173100 120 30 999 NONE NONE 270
	FP_ROUTE KC..KE190

TRACK_TIME 1167737286
TRACK A20110117566685 F 400000 825800 120 30 999 NONE NONE 260
	FP_ROUTE KC..KE145

TRACK_TIME 1167737286
TRACK A20110117566691 F 360460 1151660 120 30 999 NONE NONE 280
	FP_ROUTE KC..KB737

TRACK_TIME 1167737286
TRACK A20110117566693 F 472700 1221900 120 30 999 NONE NONE 360
	FP_ROUTE KC..KA320

TRACK_TIME 1167737286
TRACK A20110117566696 F 421300 831960 120 30 999 NONE NONE 320
	FP_ROUTE KC..KMD83

TRACK_TIME 1167737286
TRACK A20110117566697 F 355100 784900 120 30 999 NONE NONE 370
	FP_ROUTE KC..KMD83

TRACK_TIME 1167737286
TRACK A20110117566703 F 403900 741200 120 30 999 NONE NONE 250
	FP_ROUTE KC..KB752

TRACK_TIME 1167737286
TRACK A20110117566708 F 404000 734600 120 30 999 NONE NONE 350
	FP_ROUTE KC..KA319

TRACK_TIME 1167737286
TRACK A20110117566714 F 410300 734060 120 30 999 NONE NONE 390
	FP_ROUTE KC..KB752

TRACK_TIME 1167737286
TRACK A20110117566716 F 350400 895800 120 30 999 NONE NONE 280
	FP_ROUTE KC..KB752

TRACK_TIME 1167737286
TRACK A20110117566719 F 280000 823160 120 30 999 NONE NONE 320
	FP_ROUTE KC..KB734

TRACK_TIME 1167737286
TRACK A20110117566720 F 344300 921500 120 30 999 NONE NONE 300
	FP_ROUTE KG..KBE9L

TRACK_TIME 1167737286
TRACK A20110117566727 F 422100 710100 120 30 999 NONE NONE 370
	FP_ROUTE KC..KE145

TRACK_TIME 1167737286
TRACK A20110117566731 F 360460 864060 120 30 999 NONE NONE 390
	FP_ROUTE KC..KA320

TRACK_TIME 1167737286
TRACK A20110117566736 F 322500 993900 120 30 999 NONE NONE 200
	FP_ROUTE KC..KCRJ2

TRACK_TIME 1167737286
TRACK A20110117566737 F 333760 843000 120 30 999 NONE NONE 410
	FP_ROUTE KC..KCRJ2

TRACK_TIME 1167737286
TRACK A20110117566738 F 604600 1614600 120 30 999 NONE NONE 320
	FP_ROUTE KC..KB737

TRACK_TIME 1167737286
TRACK A20110117566763 F 332560 1115860 120 30 999 NONE NONE 390
	FP_ROUTE KC..KB737

TRACK_TIME 1167737286
TRACK A20110117566767 F 275560 823300 120 30 999 NONE NONE 350
	FP_ROUTE KC..KB737

TRACK_TIME 1167737286
TRACK A20110117566769 F 404800 735200 120 30 999 NONE NONE 390
	FP_ROUTE KG..KLJ45

TRACK_TIME 1167737286
TRACK A20110117566773 F 472800 1221900 120 30 999 NONE NONE 400
	FP_ROUTE KC..KB738

TRACK_TIME 1167737286
TRACK A20110117566774 F 354960 784960 120 30 999 NONE NONE 220
	FP_ROUTE KC..KA320

TRACK_TIME 1167737286
TRACK A20110117566786 F 421300 831960 120 30 999 NONE NONE 280
	FP_ROUTE KC..KE170

TRACK_TIME 1167737286
TRACK A20110117566796 F 392560 743000 120 30 999 NONE NONE 370
	FP_ROUTE KC..KB738

TRACK_TIME 1167737286
TRACK A20110117566797 F 404660 1115800 120 30 999 NONE NONE 340
	FP_ROUTE KC..KA321

TRACK_TIME 1167737286
TRACK A20110117566799 F 300100 901500 120 30 999 NONE NONE 340
	FP_ROUTE KT..KCRJ2

TRACK_TIME 1167737286
TRACK A20110117566800 F 334060 1175200 120 30 999 NONE NONE 410
	FP_ROUTE KT..KCRJ9

TRACK_TIME 1167737286
TRACK A20110117566804 F 331660 1113700 120 30 999 NONE NONE 330
	FP_ROUTE KC..KB737

TRACK_TIME 1167737286
TRACK A20110117566809 F 414600 874360 120 30 999 NONE NONE 320
	FP_ROUTE KC..KE145

TRACK_TIME 1167737286
TRACK A20110117566810 F 333900 1175260 120 30 999 NONE NONE 380
	FP_ROUTE KT..KCRJ2

TRACK_TIME 1167737286
TRACK A20110117566813 F 333760 842700 120 30 999 NONE NONE 390
	FP_ROUTE KC..KB752

TRACK_TIME 1167737286
TRACK A20110117566814 F 260400 800600 120 30 999 NONE NONE 390
	FP_ROUTE KT..KCRJ9

TRACK_TIME 1167737286
TRACK A20110117566817 F 295860 951660 120 30 999 NONE NONE 370
	FP_ROUTE KT..KCRJ9

TRACK_TIME 1167737286
TRACK A20110117566827 F 260400 801200 120 30 999 NONE NONE 330
	FP_ROUTE KT..KCRJ9

TRACK_TIME 1167737286
TRACK A20110117566830 F 360300 795860 120 30 999 NONE NONE 280
	FP_ROUTE KT..KCRJ9

TRACK_TIME 1167737286
TRACK A20110117566831 F 325560 970160 120 30 999 NONE NONE 330
	FP_ROUTE KC..KA319

TRACK_TIME 1167737286
TRACK A20110117566842 F 414800 874600 120 30 999 NONE NONE 340
	FP_ROUTE KT..KE135

TRACK_TIME 1167737286
TRACK A20110117566845 F 272200 823100 120 30 999 NONE NONE 350
	FP_ROUTE KC..KA320

TRACK_TIME 1167737286
TRACK A20110117566846 F 442400 880600 120 30 999 NONE NONE 270
	FP_ROUTE KT..KCRJ2

TRACK_TIME 1167737286
TRACK A20110117566847 F 301200 915860 120 30 999 NONE NONE 300
	FP_ROUTE KC..KA320

TRACK_TIME 1167737286
TRACK A20110117566859 F 264300 801300 120 30 999 NONE NONE 360
	FP_ROUTE KG..KC750

TRACK_TIME 1167737286
TRACK A20110117566862 F 404960 1120000 120 30 999 NONE NONE 270
	FP_ROUTE KC..KA320

TRACK_TIME 1167737286
TRACK A20110117566864 F 431660 891960 120 30 999 NONE NONE 350
	FP_ROUTE KT..KCRJ9

TRACK_TIME 1167737286
TRACK A20110117566871 F 394060 753760 120 30 999 NONE NONE 410
	FP_ROUTE KC..KA320

TRACK_TIME 1167737286
TRACK A20110117566877 F 473760 1173100 120 30 999 NONE NONE 190
	FP_ROUTE KC..KA318

TRACK_TIME 1167737286
TRACK A20110117566879 F 581060 1520700 120 30 999 NONE NONE 310
	FP_ROUTE KC..KE170

TRACK_TIME 1167737286
TRACK A20110117566885 F 211900 1575860 120 30 999 NONE NONE 360
	FP_ROUTE KT..KCRJ9

TRACK_TIME 1167737286
TRACK A20110117566889 F 390900 842400 120 30 999 NONE NONE 400
	FP_ROUTE KG..KBE20

TRACK_TIME 1167737286
TRACK A20110117566891 F 383900 903700 120 30 999 NONE NONE 280
	FP_ROUTE KT..KCRJ9

TRACK_TIME 1167737286
TRACK A20110117566897 F 335700 1182500 120 30 999 NONE NONE 280
	FP_ROUTE KC..KA319

TRACK_TIME 1167737286
TRACK A20110117566898 F 390900 763900 120 30 999 NONE NONE 270
	FP_ROUTE KC..KB737

TRACK_TIME 1167737286
TRACK A20110117566906 F 275700 823300 120 30 999 NONE NONE 360
	FP_ROUTE KT..KCRJ2

TRACK_TIME 1167737286
TRACK A20110117566909 F 335700 1181660 120 30 999 NONE NONE 380
	FP_ROUTE KC..KB733

TRACK_TIME 1167737286
TRACK A20110117566917 F 373900 972700 120 30 999 NONE NONE 380
	FP_ROUTE KC..KB733

TRACK_TIME 1167737286
TRACK A20110117566924 F 324500 970300 120 30 999 NONE NONE 230
	FP_ROUTE KC..KB733

TRACK_TIME 1167737286
TRACK A20110117566926 F 294000 951900 120 30 999 NONE NONE 380
	FP_ROUTE KC..KE190

TRACK_TIME 1167737286
TRACK A20110117566928 F 361000 1150300 120 30 999 NONE NONE 330
	FP_ROUTE KC..KE190

TRACK_TIME 1167737286
TRACK A20110117566929 F 421360 832200 120 30 999 NONE NONE 370
	FP_ROUTE KC..KE120

TRACK_TIME 1167737286
TRACK A20110117566930 F 333900 842200 120 30 999 NONE NONE 390
	FP_ROUTE KC..KB734

TRACK_TIME 1167737286
TRACK A20110117566941 F 421900 853400 120 30 999 NONE NONE 270
	FP_ROUTE KC..KE190

TRACK_TIME 1167737286
TRACK A20110117566943 F 341200 1181360 120 30 999 NONE NONE 390
	FP_ROUTE KC..KE120

TRACK_TIME 1167737286
TRACK A20110117566945 F 423460 705800 120 30 999 NONE NONE 370
	FP_ROUTE KC..KB734

TRACK_TIME 1167737286
TRACK A20110117566950 F 351060 805560 120 30 999 NONE NONE 370
	FP_ROUTE KC..KE190

TRACK_TIME 1167737286
TRACK A20110117566961 F 402860 1071200 120 30 999 NONE NONE 360
	FP_ROUTE KC..KE170

TRACK_TIME 1167737286
TRACK A20110117566978 F 380600 782800 120 30 999 NONE NONE 210
	FP_ROUTE KC..KE170

TRACK_TIME 1167737286
TRACK A20110117566985 F 332400 815860 120 30 999 NONE NONE 190
	FP_ROUTE KC..KE170

TRACK_TIME 1167737286
TRACK A20110117566993 F 373900 1220600 120 30 999 NONE NONE 430
	FP_ROUTE KC..KA319

TRACK_TIME 1167737286
TRACK A20110117567000 F 300000 952400 120 30 999 NONE NONE 300
	FP_ROUTE KC..KB752

TRACK_TIME 1167737286
TRACK A20110117567004 F 430700 774060 120 30 999 NONE NONE 280
	FP_ROUTE KC..KB737

TRACK_TIME 1167737286
TRACK A20110117567009 F 395500 1044060 120 30 999 NONE NONE 350
	FP_ROUTE KT..KCRJ9

TRACK_TIME 1167737286
TRACK A20110117567010 F 425700 875260 120 30 999 NONE NONE 370
	FP_ROUTE KC..KB732

TRACK_TIME 1167737286
TRACK A20110117567014 F 333900 842800 120 30 999 NONE NONE 400
	FP_ROUTE KC..KB732

TRACK_TIME 1167737286
TRACK A20110117567020 F 371200 1214500 120 30 999 NONE NONE 390
	FP_ROUTE KC..KB732

TRACK_TIME 1167737286
TRACK A20110117567025 F 335560 1182500 120 30 999 NONE NONE 320
	FP_ROUTE KC..KC560

TRACK_TIME 1167737286
TRACK A20110117567027 F 412260 815400 120 30 999 NONE NONE 300
	FP_ROUTE KC..KB712

TRACK_TIME 1167737286
TRACK A20110117567029 F 301660 974000 120 30 999 NONE NONE 380
	FP_ROUTE KT..KE145

TRACK_TIME 1167737286
TRACK A20110117567030 F 653100 1484500 120 30 999 NONE NONE 210
	FP_ROUTE KC..KE190

TRACK_TIME 1167737286
TRACK A20110117567032 F 322200 994060 120 30 999 NONE NONE 220
	FP_ROUTE KC..KCRJ2

TRACK_TIME 1167737286
TRACK A20110117567034 F 334000 1175200 120 30 999 NONE NONE 400
	FP_ROUTE KC..KB734

TRACK_TIME 1167737286
TRACK A20110117567039 F 384200 1213600 120 30 999 NONE NONE 400
	FP_ROUTE KG..KC550

TRACK_TIME 1167737286
TRACK A20110117567044 F 404800 1120000 120 30 999 NONE NONE 340
	FP_ROUTE KT..KCRJ2

TRACK_TIME 1167737286
TRACK A20110117567045 F 335500 1183300 120 30 999 NONE NONE 320
	FP_ROUTE KC..KB752

TRACK_TIME 1167737286
TRACK A20110117567051 F 411960 754300 120 30 999 NONE NONE 270
	FP_ROUTE KC..KE145

TRACK_TIME 1167737286
TRACK A20110117567052 F 470600 882500 120 30 999 NONE NONE 350
	FP_ROUTE KC..KE135

TRACK_TIME 1167737286
TRACK A20110117567055 F 351200 805560 120 30 999 NONE NONE 220
	FP_ROUTE KG..KC560

TRACK_TIME 1167737286
TRACK A20110117567060 F 333600 864200 120 30 999 NONE NONE 310
	FP_ROUTE KC..KB752

TRACK_TIME 1167737286
TRACK A20110117567061 F 324600 1172100 120 30 999 NONE NONE 360
	FP_ROUTE KC..KE170

TRACK_TIME 1167737286
TRACK A20110117567064 F 384900 770100 120 30 999 NONE NONE 270
	FP_ROUTE KC..KA319

TRACK_TIME 1167737286
TRACK A20110117567066 F 445400 931360 120 30 999 NONE NONE 340
	FP_ROUTE KC..KB762

TRACK_TIME 1167737286
TRACK A20110117567072 F 332560 1115700 120 30 999 NONE NONE 330
	FP_ROUTE KC..KB733

TRACK_TIME 1167737286
TRACK A20110117567080 F 275700 823300 120 30 999 NONE NONE 400
	FP_ROUTE KC..KB738

TRACK_TIME 1167737286
TRACK A20110117567084 F 404600 1120000 120 30 999 NONE NONE 330
	FP_ROUTE KC..KB752

TRACK_TIME 1167737286
TRACK A20110117567092 F 360760 864060 120 30 999 NONE NONE 220
	FP_ROUTE KC..KB752

TRACK_TIME 1167737286
TRACK A20110117567096 F 404500 1115800 120 30 999 NONE NONE 250
	FP_ROUTE KC..KB733

TRACK_TIME 1167737286
TRACK A20110117567097 F 445260 931060 120 30 999 NONE NONE 310
	FP_ROUTE KC..KB737

TRACK_TIME 1167737286
TRACK A20110117567100 F 403760 734360 120 30 999 NONE NONE 370
	FP_ROUTE KC..KB737

TRACK_TIME 1167737286
TRACK A20110117567101 F 350000 1063900 120 30 999 NONE NONE 340
	FP_ROUTE KC..KB735

TRACK_TIME 1167737286
TRACK A20110117567105 F 394200 861900 120 30 999 NONE NONE 320
	FP_ROUTE KT..KCRJ9

TRACK_TIME 1167737286
TRACK A20110117567107 F 384500 901960 120 30 999 NONE NONE 340
	FP_ROUTE KT..KCRJ2

TRACK_TIME 1167737286
TRACK A20110117567109 F 282400 811660 120 30 999 NONE NONE 380
	FP_ROUTE KC..KB737

TRACK_TIME 1167737286
TRACK A20110117567112 F 295860 951660 120 30 999 NONE NONE 270
	FP_ROUTE KT..KCRJ2

TRACK_TIME 1167737286
TRACK A20110117567117 F 374060 1221060 120 30 999 NONE NONE 300
	FP_ROUTE KC..KCRJ2

TRACK_TIME 1167737286
TRACK A20110117567118 F 390000 772560 120 30 999 NONE NONE 180
	FP_ROUTE KC..KMD83

TRACK_TIME 1167737286
TRACK A20110117567120 F 395200 751660 120 30 999 NONE NONE 310
	FP_ROUTE KG..KC560

TRACK_TIME 1167737286
TRACK A20110117567130 F 404060 734900 120 30 999 NONE NONE 390
	FP_ROUTE KT..KCRJ1

TRACK_TIME 1167737286
TRACK A20110117567131 F 415800 875800 120 30 999 NONE NONE 340
	FP_ROUTE KC..KE190

TRACK_TIME 1167737286
TRACK A20110117567134 F 333760 842260 120 30 999 NONE NONE 290
	FP_ROUTE KC..KB752

TRACK_TIME 1167737286
TRACK A20110117567148 F 404000 734360 120 30 999 NONE NONE 250
	FP_ROUTE KG..KC560

TRACK_TIME 1167737286
TRACK A20110117567149 F 211800 1575260 120 30 999 NONE NONE 360
	FP_ROUTE KC..KCRJ2

TRACK_TIME 1167737286
TRACK A20110117567153 F 332560 1120160 120 30 999 NONE NONE 340
	FP_ROUTE KC..KCRJ2

TRACK_TIME 1167737286
TRACK A20110117567159 F 400000 825800 120 30 999 NONE NONE 270
	FP_ROUTE KC..KE170

TRACK_TIME 1167737286
TRACK A20110117567162 F 373600 1221960 120 30 999 NONE NONE 360
	FP_ROUTE KC..KA319

TRACK_TIME 1167737286
TRACK A20110117567163 F 334200 1162860 120 30 999 NONE NONE 200
	FP_ROUTE KC..KB752

TRACK_TIME 1167737286
TRACK A20110117567164 F 324200 1171600 120 30 999 NONE NONE 350
	FP_ROUTE KC..KA320

TRACK_TIME 1167737286
TRACK A20110117567175 F 292860 945800 120 30 999 NONE NONE 360
	FP_ROUTE KT..KCRJ2

TRACK_TIME 1167737286
TRACK A20110117567176 F 384900 770160 120 30 999 NONE NONE 350
	FP_ROUTE KC..KE135

TRACK_TIME 1167737286
TRACK A20110117567177 F 325700 970160 120 30 999 NONE NONE 379
	FP_ROUTE KT..KDH8D

TRACK_TIME 1167737286
TRACK A20110117567180 F 282800 811960 120 30 999 NONE NONE 370
	FP_ROUTE KC..KCRJ9

TRACK_TIME 1167737286
TRACK A20110117567185 F 425800 875400 120 30 999 NONE NONE 370
	FP_ROUTE KC..KCRJ9

TRACK_TIME 1167737286
TRACK A20110117567203 F 412500 814960 120 30 999 NONE NONE 280
	FP_ROUTE KC..KE145

TRACK_TIME 1167737286
TRACK A20110117567204 F 422100 705860 120 30 999 NONE NONE 230
	FP_ROUTE KC..KE145

TRACK_TIME 1167737286
TRACK A20110117567205 F 402860 801200 120 30 999 NONE NONE 200
	FP_ROUTE KC..KA320

TRACK_TIME 1167737286
TRACK A20110117567209 F 370160 884500 120 30 999 NONE NONE 260
	FP_ROUTE KC..KB738

TRACK_TIME 1167737286
TRACK A20110117567210 F 394360 861600 120 30 999 NONE NONE 380
	FP_ROUTE KC..KA320

TRACK_TIME 1167737286
TRACK A20110117567217 F 302860 814360 120 30 999 NONE NONE 190
	FP_ROUTE KC..KB737

TRACK_TIME 1167737286
TRACK A20110117567220 F 295800 951660 120 30 999 NONE NONE 380
	FP_ROUTE KC..KB752

TRACK_TIME 1167737286
TRACK A20110117567229 F 360460 1150760 120 30 999 NONE NONE 260
	FP_ROUTE KC..KMD82

TRACK_TIME 1167737286
TRACK A20110117567252 F 333900 842800 120 30 999 NONE NONE 389
	FP_ROUTE KC..KB738

TRACK_TIME 1167737286
TRACK A20110117567258 F 435560 923300 120 30 999 NONE NONE 220
	FP_ROUTE KC..KA319

TRACK_TIME 1167737286
TRACK A20110117567261 F 325560 970160 120 30 999 NONE NONE 300
	FP_ROUTE KC..KA318

TRACK_TIME 1167737286
TRACK A20110117567269 F 430400 835100 120 30 999 NONE NONE 390
	FP_ROUTE KC..KA320

TRACK_TIME 1167737286
TRACK A20110117567277 F 384500 1213460 120 30 999 NONE NONE 400
	FP_ROUTE KC..KB737

TRACK_TIME 1167737286
TRACK A20110117567279 F 264060 800760 120 30 999 NONE NONE 400
	FP_ROUTE KC..KA319

TRACK_TIME 1167737286
TRACK A20110117567280 F 445200 931060 120 30 999 NONE NONE 370
	FP_ROUTE KC..KB738

TRACK_TIME 1167737286
TRACK A20110117567289 F 384000 903400 120 30 999 NONE NONE 400
	FP_ROUTE KC..KMD82

TRACK_TIME 1167737286
TRACK A20110117567292 F 353400 772800 120 30 999 NONE NONE 190
	FP_ROUTE KG..KC750

TRACK_TIME 1167737286
TRACK A20110117567293 F 325500 970160 120 30 999 NONE NONE 260
	FP_ROUTE KC..KB737

TRACK_TIME 1167737286
TRACK A20110117567295 F 415700 875400 120 30 999 NONE NONE 350
	FP_ROUTE KC..KB734

TRACK_TIME 1167737286
TRACK A20110117567312 F 333700 842860 120 30 999 NONE NONE 240
	FP_ROUTE KC..KB738

TRACK_TIME 1167737286
TRACK A20110117567315 F 384600 902100 120 30 999 NONE NONE 290
	FP_ROUTE KC..KSF34

TRACK_TIME 1167737286
TRACK A20110117567318 F 333900 842800 120 30 999 NONE NONE 270
	FP_ROUTE KC..KSF34

TRACK_TIME 1167737286
TRACK A20110117567319 F 420100 875800 120 30 999 NONE NONE 330
	FP_ROUTE KC..KMD83

TRACK_TIME 1167737286
TRACK A20110117567323 F 404800 1120000 120 30 999 NONE NONE 360
	FP_ROUTE KC..KA320

TRACK_TIME 1167737286
TRACK A20110117567326 F 300100 901500 120 30 999 NONE NONE 400
	FP_ROUTE KC..KA319

TRACK_TIME 1167737286
TRACK A20110117567328 F 420000 875560 120 30 999 NONE NONE 210
	FP_ROUTE KC..KB738

TRACK_TIME 1167737286
TRACK A20110117567331 F 280000 823160 120 30 999 NONE NONE 330
	FP_ROUTE KC..KE135

TRACK_TIME 1167737286
TRACK A20110117567334 F 303000 814300 120 30 999 NONE NONE 380
	FP_ROUTE KC..KA319

TRACK_TIME 1167737286
TRACK A20110117567335 F 453460 1223460 120 30 999 NONE NONE 330
	FP_ROUTE KC..KB738

TRACK_TIME 1167737286
TRACK A20110117567343 F 421960 705800 120 30 999 NONE NONE 230
	FP_ROUTE KC..KMD82

TRACK_TIME 1167737286
TRACK A20110117567345 F 414600 874360 120 30 999 NONE NONE 370
	FP_ROUTE KC..KB738

TRACK_TIME 1167737286
TRACK A20110117567348 F 380760 872560 120 30 999 NONE NONE 210
	FP_ROUTE KC..KB752

TRACK_TIME 1167737286
TRACK A20110117567351 F 294000 821800 120 30 999 NONE NONE 270
	FP_ROUTE KC..KMD83

TRACK_TIME 1167737286
TRACK A20110117567354 F 420000 875560 120 30 999 NONE NONE 210
	FP_ROUTE KC..KE145

TRACK_TIME 1167737286
TRACK A20110117567355 F 385400 772560 120 30 999 NONE NONE 330
	FP_ROUTE KG..KCL60

TRACK_TIME 1167737286
TRACK A20110117567360 F 335560 1183160 120 30 999 NONE NONE 250
	FP_ROUTE KC..KB752

TRACK_TIME 1167737286
TRACK A20110117567364 F 392700 825560 120 30 999 NONE NONE 270
	FP_ROUTE KC..KE170

TRACK_TIME 1167737286
TRACK A20110117567373 F 324800 795800 120 30 999 NONE NONE 370
	FP_ROUTE KC..KE170

TRACK_TIME 1167737286
TRACK A20110117567382 F 420000 875560 120 30 999 NONE NONE 290
	FP_ROUTE KG..KFA20

TRACK_TIME 1167737286
TRACK A20110117567383 F 333760 842400 120 30 999 NONE NONE 390
	FP_ROUTE KT..KSF34

TRACK_TIME 1167737286
TRACK A20110117567400 F 325400 970100 120 30 999 NONE NONE 379
	FP_ROUTE KC..KE170

TRACK_TIME 1167737286
TRACK A20110117567409 F 341200 1182400 120 30 999 NONE NONE 220
	FP_ROUTE KC..KA321

TRACK_TIME 1167737286
TRACK A20110117567410 F 385200 1214060 120 30 999 NONE NONE 400
	FP_ROUTE KT..KCRJ2

TRACK_TIME 1167737286
TRACK A20110117567416 F 410160 734060 120 30 999 NONE NONE 410
	FP_ROUTE KC..KB752

TRACK_TIME 1167737286
TRACK A20110117567417 F 414800 874660 120 30 999 NONE NONE 340
	FP_ROUTE KC..KSF34

TRACK_TIME 1167737286
TRACK A20110117567423 F 393460 1045100 120 30 999 NONE NONE 250
	FP_ROUTE KC..KSF34

TRACK_TIME 1167737286
TRACK A20110117567425 F 280160 823160 120 30 999 NONE NONE 350
	FP_ROUTE KC..KA319

TRACK_TIME 1167737286
TRACK A20110117567426 F 415800 723460 120 30 999 NONE NONE 350
	FP_ROUTE KC..KA319

TRACK_TIME 1167737286
TRACK A20110117567428 F 424200 734800 120 30 999 NONE NONE 350
	FP_ROUTE KT..KCRJ2

TRACK_TIME 1167737286
TRACK A20110117567431 F 445200 930900 120 30 999 NONE NONE 320
	FP_ROUTE KC..KE145

TRACK_TIME 1167737286
TRACK A20110117567433 F 302860 814360 120 30 999 NONE NONE 240
	FP_ROUTE KC..KB739

TRACK_TIME 1167737286
TRACK A20110117567435 F 334200 785560 120 30 999 NONE NONE 220
	FP_ROUTE KT..KCRJ1

TRACK_TIME 1167737286
TRACK A20110117567436 F 254660 801960 120 30 999 NONE NONE 280
	FP_ROUTE KC..KMD82

TRACK_TIME 1167737286
TRACK A20110117567437 F 295800 901500 120 30 999 NONE NONE 300
	FP_ROUTE KC..KMD82

TRACK_TIME 1167737286
TRACK A20110117567439 F 403700 734660 120 30 999 NONE NONE 370
	FP_ROUTE KC..KA320

TRACK_TIME 1167737286
TRACK A20110117567449 F 403760 734500 120 30 999 NONE NONE 390
	FP_ROUTE KT..KCRJ9

TRACK_TIME 1167737286
TRACK A20110117567450 F 403760 734360 120 30 999 NONE NONE 210
	FP_ROUTE KT..KE135

TRACK_TIME 1167737286
TRACK A20110117567457 F 420000 875700 120 30 999 NONE NONE 370
	FP_ROUTE KC..KMD83

TRACK_TIME 1167737286
TRACK A20110117567459 F 282800 811800 120 30 999 NONE NONE 370
	FP_ROUTE KT..KDH8D

TRACK_TIME 1167737286
TRACK A20110117567460 F 364300 1193700 120 30 999 NONE NONE 360
	FP_ROUTE KC..KA320

TRACK_TIME 1167737286
TRACK A20110117567462 F 362700 822560 120 30 999 NONE NONE 230
	FP_ROUTE KC..KA320

TRACK_TIME 1167737286
TRACK A20110117567463 F 404600 735100 120 30 999 NONE NONE 270
	FP_ROUTE KC..KE170

TRACK_TIME 1167737286
TRACK A20110117567464 F 295860 951660 120 30 999 NONE NONE 350
	FP_ROUTE KC..KA319

TRACK_TIME 1167737286
TRACK A20110117567465 F 415700 724000 120 30 999 NONE NONE 390
	FP_ROUTE KC..KA319

TRACK_TIME 1167737286
TRACK A20110117567467 F 395260 751500 120 30 999 NONE NONE 230
	FP_ROUTE KG..KC550

TRACK_TIME 1167737286
TRACK A20110117567468 F 395260 750900 120 30 999 NONE NONE 250
	FP_ROUTE KC..KCRJ2

TRACK_TIME 1167737286
TRACK A20110117567470 F 385500 772800 120 30 999 NONE NONE 270
	FP_ROUTE KC..KB734

TRACK_TIME 1167737286
TRACK A20110117567475 F 371600 932500 120 30 999 NONE NONE 300
	FP_ROUTE KT..KCRJ2

TRACK_TIME 1167737286
TRACK A20110117567477 F 403760 734600 120 30 999 NONE NONE 350
	FP_ROUTE KC..KE145

TRACK_TIME 1167737286
TRACK A20110117567481 F 422100 705860 120 30 999 NONE NONE 350
	FP_ROUTE KC..KE135

TRACK_TIME 1167737286
TRACK A20110117567482 F 341200 780300 120 30 999 NONE NONE 380
	FP_ROUTE KC..KE145

TRACK_TIME 1167737286
TRACK A20110117567484 F 462100 1184960 120 30 999 NONE NONE 340
	FP_ROUTE KG..KC510

TRACK_TIME 1167737286
TRACK A20110117567487 F 360460 1150760 120 30 999 NONE NONE 350
	FP_ROUTE KC..KB737

TRACK_TIME 1167737286
TRACK A20110117567488 F 262860 820160 120 30 999 NONE NONE 410
	FP_ROUTE KC..KB737

TRACK_TIME 1167737286
TRACK A20110117567490 F 445260 931360 120 30 999 NONE NONE 260
	FP_ROUTE KC..KB737

TRACK_TIME 1167737286
TRACK A20110117567492 F 324660 795700 120 30 999 NONE NONE 280
	FP_ROUTE KC..KB752

TRACK_TIME 1167737286
TRACK A20110117567494 F 402860 801500 120 30 999 NONE NONE 330
	FP_ROUTE KC..KB733

TRACK_TIME 1167737286
TRACK A20110117567506 F 404000 741060 120 30 999 NONE NONE 390
	FP_ROUTE KG..KBE20

TRACK_TIME 1167737286
TRACK A20110117567507 F 404960 740460 120 30 999 NONE NONE 410
	FP_ROUTE KC..KE145

TRACK_TIME 1167737286
TRACK A20110117567508 F 351360 805700 120 30 999 NONE NONE 330
	FP_ROUTE KC..KB752

TRACK_TIME 1167737286
TRACK A20110117567511 F 352860 823600 120 30 999 NONE NONE 210
	FP_ROUTE KC..KB752

TRACK_TIME 1167737286
TRACK A20110117567514 F 333900 842800 120 30 999 NONE NONE 380
	FP_ROUTE KC..KB738

TRACK_TIME 1167737286
TRACK A20110117567518 F 312100 923460 120 30 999 NONE NONE 300
	FP_ROUTE KC..KB733

TRACK_TIME 1167737286
TRACK A20110117567523 F 383460 900760 120 30 999 NONE NONE 240
	FP_ROUTE KT..KCRJ9

TRACK_TIME 1167737286
TRACK A20110117567527 F 430900 880460 120 30 999 NONE NONE 250
	FP_ROUTE KC..KB733

TRACK_TIME 1167737286
TRACK A20110117567528 F 300000 951900 120 30 999 NONE NONE 350
	FP_ROUTE KT..KCRJ9

TRACK_TIME 1167737286
TRACK A20110117567529 F 412700 902100 120 30 999 NONE NONE 310
	FP_ROUTE KT..KCRJ9

TRACK_TIME 1167737286
TRACK A20110117567532 F 350100 895860 120 30 999 NONE NONE 310
	FP_ROUTE KC..KA319

TRACK_TIME 1167737286
TRACK A20110117567538 F 403700 734660 120 30 999 NONE NONE 330
	FP_ROUTE KC..KA319

TRACK_TIME 1167737286
TRACK A20110117567539 F 372800 771660 120 30 999 NONE NONE 240
	FP_ROUTE KG..KBE20

TRACK_TIME 1167737286
TRACK A20110117567546 F 332560 1115560 120 30 999 NONE NONE 250
	FP_ROUTE KT..KCRJ2

TRACK_TIME 1167737286
TRACK A20110117567551 F 282700 811800 120 30 999 NONE NONE 320
	FP_ROUTE KC..KA320

TRACK_TIME 1167737286
TRACK A20110117567553 F 394960 1044600 120 30 999 NONE NONE 370
	FP_ROUTE KC..KB772

TRACK_TIME 1167737286
TRACK A20110117567557 F 324360 1171200 120 30 999 NONE NONE 360
	FP_ROUTE KC..KA319

TRACK_TIME 1167737286
TRACK A20110117567565 F 280100 823160 120 30 999 NONE NONE 370
	FP_ROUTE KC..KE170

TRACK_TIME 1167737286
TRACK A20110117567566 F 384500 1213600 120 30 999 NONE NONE 380
	FP_ROUTE KC..KA319

TRACK_TIME 1167737286
TRACK A20110117567567 F 395200 751660 120 30 999 NONE NONE 370
	FP_ROUTE KC..KA318

TRACK_TIME 1167737286
TRACK A20110117567568 F 453400 1223400 120 30 999 NONE NONE 360
	FP_ROUTE KC..KB752

TRACK_TIME 1167737286
TRACK A20110117567569 F 421360 832200 120 30 999 NONE NONE 230
	FP_ROUTE KT..KCRJ9

TRACK_TIME 1167737286
TRACK A20110117567599 F 390300 844360 120 30 999 NONE NONE 350
	FP_ROUTE KT..KCRJ9

TRACK_TIME 1167737286
TRACK A20110117567604 F 395200 751660 120 30 999 NONE NONE 250
	FP_ROUTE KC..KCRJ2

TRACK_TIME 1167737286
TRACK A20110117567605 F 384960 770100 120 30 999 NONE NONE 220
	FP_ROUTE KC..KA320

TRACK_TIME 1167737286
TRACK A20110117567609 F 391060 764200 120 30 999 NONE NONE 300
	FP_ROUTE KC..KA320

TRACK_TIME 1167737286
TRACK A20110117567610 F 355100 784900 120 30 999 NONE NONE 280
	FP_ROUTE KC..KE170

TRACK_TIME 1167737286
TRACK A20110117567611 F 282100 811660 120 30 999 NONE NONE 340
	FP_ROUTE KT..KCRJ2

TRACK_TIME 1167737286
TRACK A20110117567619 F 371960 1215260 120 30 999 NONE NONE 320
	FP_ROUTE KC..KE145

TRACK_TIME 1167737286
TRACK A20110117567622 F 282860 811800 120 30 999 NONE NONE 340
	FP_ROUTE KC..KB734

TRACK_TIME 1167737286
TRACK A20110117567623 F 472800 1221900 120 30 999 NONE NONE 340
	FP_ROUTE KC..KB737

TRACK_TIME 1167737286
TRACK A20110117567626 F 374060 1221060 120 30 999 NONE NONE 340
	FP_ROUTE KC..KE135

TRACK_TIME 1167737286
TRACK A20110117567627 F 293300 983000 120 30 999 NONE NONE 200
	FP_ROUTE KC..KE190

TRACK_TIME 1167737286
TRACK A20110117567628 F 351360 805800 120 30 999 NONE NONE 250
	FP_ROUTE KC..KMD83

TRACK_TIME 1167737286
TRACK A20110117567631 F 665260 1624500 120 30 999 NONE NONE 320
	FP_ROUTE KC..KE145

TRACK_TIME 1167737286
TRACK A20110117567638 F 613100 1512700 120 30 999 NONE NONE 350
	FP_ROUTE KC..KC750

TRACK_TIME 1167737286
TRACK A20110117567642 F 404360 735500 120 30 999 NONE NONE 250
	FP_ROUTE KC..KA319

TRACK_TIME 1167737286
TRACK A20110117567644 F 433900 701500 120 30 999 NONE NONE 250
	FP_ROUTE KC..KB738

TRACK_TIME 1167737286
TRACK A20110117567646 F 401300 764800 120 30 999 NONE NONE 270
	FP_ROUTE KT..KC750

TRACK_TIME 1167737286
TRACK A20110117567650 F 275560 823300 120 30 999 NONE NONE 380
	FP_ROUTE KT..KE145

TRACK_TIME 1167737286
TRACK A20110117567666 F 390900 763900 120 30 999 NONE NONE 290
	FP_ROUTE KC..KA321

TRACK_TIME 1167737286
TRACK A20110117567669 F 425860 875260 120 30 999 NONE NONE 260
	FP_ROUTE KC..KB735

TRACK_TIME 1167737286
TRACK A20110117567672 F 412560 814900 120 30 999 NONE NONE 200
	FP_ROUTE KC..KB733

TRACK_TIME 1167737286
TRACK A20110117567677 F 385260 772800 120 30 999 NONE NONE 350
	FP_ROUTE KT..KE145

TRACK_TIME 1167737286
TRACK A20110117567679 F 351000 805560 120 30 999 NONE NONE 280
	FP_ROUTE KC..KA319

TRACK_TIME 1167737286
TRACK A20110117567683 F 373700 1222100 120 30 999 NONE NONE 380
	FP_ROUTE KC..KB737

TRACK_TIME 1167737286
TRACK A20110117567687 F 394900 1044060 120 30 999 NONE NONE 370
	FP_ROUTE KT..KCRJ2

TRACK_TIME 1167737286
TRACK A20110117567690 F 373600 1221900 120 30 999 NONE NONE 400
	FP_ROUTE KC..KA319

TRACK_TIME 1167737286
TRACK A20110117567695 F 341200 1182400 120 30 999 NONE NONE 360
	FP_ROUTE KT..KCRJ9

TRACK_TIME 1167737286
TRACK A20110117567697 F 333300 864660 120 30 999 NONE NONE 410
	FP_ROUTE KC..KA320

TRACK_TIME 1167737286
TRACK A20110117567701 F 472560 1221900 120 30 999 NONE NONE 340
	FP_ROUTE KC..KE145

TRACK_TIME 1167737286
TRACK A20110117567707 F 282860 811800 120 30 999 NONE NONE 330
	FP_ROUTE KC..KB738

TRACK_TIME 1167737286
TRACK A20110117567709 F 340300 1182500 120 30 999 NONE NONE 340
	FP_ROUTE KC..KB753

TRACK_TIME 1167737286
TRACK A20110117567711 F 333900 1115400 120 30 999 NONE NONE 330
	FP_ROUTE KT..KCRJ2

TRACK_TIME 1167737286
TRACK A20110117567713 F 303100 911060 120 30 999 NONE NONE 280
	FP_ROUTE KC..KB737

TRACK_TIME 1167737286
TRACK A20110117567716 F 390400 843900 120 30 999 NONE NONE 370
	FP_ROUTE KC..KA320

TRACK_TIME 1167737286
TRACK A20110117567717 F 432200 891900 120 30 999 NONE NONE 240
	FP_ROUTE KT..KE145

TRACK_TIME 1167737286
TRACK A20110117567723 F 374800 871000 120 30 999 NONE NONE 270
	FP_ROUTE KT..KE145

TRACK_TIME 1167737286
TRACK A20110117567725 F 334200 1014960 120 30 999 NONE NONE 360
	FP_ROUTE KT..KCRJ2

TRACK_TIME 1167737286
TRACK A20110117567727 F 422100 710000 120 30 999 NONE NONE 330
	FP_ROUTE KC..KE145

TRACK_TIME 1167737286
TRACK A20110117567728 F 334960 1181000 120 30 999 NONE NONE 360
	FP_ROUTE KC..KB737

TRACK_TIME 1167737286
TRACK A20110117567732 F 324360 1171000 120 30 999 NONE NONE 410
	FP_ROUTE KC..KB737

TRACK_TIME 1167737286
TRACK A20110117567736 F 301300 974060 120 30 999 NONE NONE 390
	FP_ROUTE KC..KA319

TRACK_TIME 1167737286
TRACK A20110117567738 F 325100 965200 120 30 999 NONE NONE 200
	FP_ROUTE KC..KCRJ2

TRACK_TIME 1167737286
TRACK A20110117567745 F 355200 835500 120 30 999 NONE NONE 320
	FP_ROUTE KG..KMU2

TRACK_TIME 1167737286
TRACK A20110117567748 F 385200 772560 120 30 999 NONE NONE 290
	FP_ROUTE KC..KB712

TRACK_TIME 1167737286
TRACK A20110117567751 F 344500 921200 120 30 999 NONE NONE 330
	FP_ROUTE KC..KE135

TRACK_TIME 1167737286
TRACK A20110117567756 F 390100 844000 120 30 999 NONE NONE 290
	FP_ROUTE KG..KLJ45

TRACK_TIME 1167737286
TRACK A20110117567757 F 350400 851060 120 30 999 NONE NONE 220
	FP_ROUTE KC..KE145

TRACK_TIME 1167737286
TRACK A20110117567759 F 410300 734060 120 30 999 NONE NONE 330
	FP_ROUTE KG..KLJ45

TRACK_TIME 1167737286
TRACK A20110117567771 F 364360 1193900 120 30 999 NONE NONE 190
	FP_ROUTE KC..KB752

TRACK_TIME 1167737286
TRACK A20110117567774 F 302700 885800 120 30 999 NONE NONE 230
	FP_ROUTE KC..KB712

TRACK_TIME 1167737286
TRACK A20110117567776 F 414200 712700 120 30 999 NONE NONE 331
	FP_ROUTE KC..KB737

TRACK_TIME 1167737286
TRACK A20110117567777 F 264060 795260 120 30 999 NONE NONE 370
	FP_ROUTE KC..KMD83

TRACK_TIME 1167737286
TRACK A20110117567780 F 300000 951900 120 30 999 NONE NONE 270
	FP_ROUTE KC..KB737

TRACK_TIME 1167737286
TRACK A20110117567781 F 403900 741060 120 30 999 NONE NONE 370
	FP_ROUTE KG..KBE20

TRACK_TIME 1167737286
TRACK A20110117567784 F 415560 724060 120 30 999 NONE NONE 390
	FP_ROUTE KC..KB737

TRACK_TIME 1167737286
TRACK A20110117567786 F 404900 1120000 120 30 999 NONE NONE 310
	FP_ROUTE KC..KE145

TRACK_TIME 1167737286
TRACK A20110117567787 F 582100 1343700 120 30 999 NONE NONE 330
	FP_ROUTE KT..KCRJ2

TRACK_TIME 1167737286
TRACK A20110117567789 F 445400 1071000 120 30 999 NONE NONE 240
	FP_ROUTE KC..KB752

TRACK_TIME 1167737286
TRACK A20110117567794 F 385860 772800 120 30 999 NONE NONE 270
	FP_ROUTE KC..KA319

TRACK_TIME 1167737286
TRACK A20110117567795 F 394960 1044060 120 30 999 NONE NONE 250
	FP_ROUTE KC..KMD83

TRACK_TIME 1167737286
TRACK A20110117567798 F 351000 1013160 120 30 999 NONE NONE 320
	FP_ROUTE KC..KMD83

TRACK_TIME 1167737286
TRACK A20110117567799 F 280100 823160 120 30 999 NONE NONE 340
	FP_ROUTE KC..KE170

TRACK_TIME 1167737286
TRACK A20110117567800 F 300000 952260 120 30 999 NONE NONE 240
	FP_ROUTE KC..KA320

TRACK_TIME 1167737286
TRACK A20110117567801 F 403760 741200 120 30 999 NONE NONE 350
	FP_ROUTE KC..KE170

TRACK_TIME 1167737286
TRACK A20110117567804 F 391060 764060 120 30 999 NONE NONE 370
	FP_ROUTE KC..KB752

TRACK_TIME 1167737286
TRACK A20110117567805 F 295860 901600 120 30 999 NONE NONE 270
	FP_ROUTE KC..KB712

TRACK_TIME 1167737286
TRACK A20110117567831 F 323900 921000 120 30 999 NONE NONE 300
	FP_ROUTE KC..KE170

TRACK_TIME 1167737286
TRACK A20110117567832 F 404900 1120000 120 30 999 NONE NONE 349
	FP_ROUTE KC..KE170

TRACK_TIME 1167737286
TRACK A20110117567837 F 404000 741060 120 30 999 NONE NONE 370
	FP_ROUTE KC..KB737

TRACK_TIME 1167737286
TRACK A20110117567838 F 390600 964500 120 30 999 NONE NONE 380
	FP_ROUTE KT..KCRJ2

TRACK_TIME 1167737286
TRACK A20110117567841 F 422800 705800 120 30 999 NONE NONE 310
	FP_ROUTE KC..KB763

TRACK_TIME 1167737286
TRACK A20110117567843 F 383760 921500 120 30 999 NONE NONE 320
	FP_ROUTE KC..KA320

TRACK_TIME 1167737286
TRACK A20110117567849 F 341200 1182200 120 30 999 NONE NONE 220
	FP_ROUTE KC..KB752

TRACK_TIME 1167737286
TRACK A20110117567850 F 472700 1221900 120 30 999 NONE NONE 400
	FP_ROUTE KT..KDH8D

TRACK_TIME 1167737286
TRACK A20110117567860 F 451200 911900 120 30 999 NONE NONE 390
	FP_ROUTE KC..KA320

TRACK_TIME 1167737286
TRACK A20110117567864 F 275560 823300 120 30 999 NONE NONE 380
	FP_ROUTE KC..KA319

TRACK_TIME 1167737286
TRACK A20110117567871 F 373460 1221800 120 30 999 NONE NONE 360
	FP_ROUTE KC..KA319

TRACK_TIME 1167737286
TRACK A20110117567874 F 404500 735400 120 30 999 NONE NONE 390
	FP_ROUTE KG..KC550

TRACK_TIME 1167737286
TRACK A20110117567875 F 403700 734300 120 30 999 NONE NONE 390
	FP_ROUTE KC..KE145

TRACK_TIME 1167737286
TRACK A20110117567891 F 324600 1171900 120 30 999 NONE NONE 360
	FP_ROUTE KT..KCRJ2

TRACK_TIME 1167737286
TRACK A20110117567893 F 181960 650100 120 30 999 NONE NONE 370
	FP_ROUTE KT..KE145

TRACK_TIME 1167737286
TRACK A20110117567895 F 421600 831960 120 30 999 NONE NONE 330
	FP_ROUTE KT..KE145

TRACK_TIME 1167737286
TRACK A20110117567896 F 325800 964960 120 30 999 NONE NONE 200
	FP_ROUTE KC..KE170

TRACK_TIME 1167737286
TRACK A20110117567897 F 360460 1150900 120 30 999 NONE NONE 290
	FP_ROUTE KC..KCRJ2

TRACK_TIME 1167737286
TRACK A20110117567900 F 404360 734800 120 30 999 NONE NONE 380
	FP_ROUTE KC..KB737

TRACK_TIME 1167737286
TRACK A20110117567902 F 394660 1044000 120 30 999 NONE NONE 380
	FP_ROUTE KC..KCRJ2

TRACK_TIME 1167737286
TRACK A20110117567904 F 351200 805560 120 30 999 NONE NONE 290
	FP_ROUTE KC..KB737

TRACK_TIME 1167737286
TRACK A20110117567906 F 324360 1171060 120 30 999 NONE NONE 360
	FP_ROUTE KC..KB753

TRACK_TIME 1167737286
TRACK A20110117567909 F 395200 751660 120 30 999 NONE NONE 290
	FP_ROUTE KT..KCRJ2

TRACK_TIME 1167737286
TRACK A20110117567911 F 363000 1112560 120 30 999 NONE NONE 240
	FP_ROUTE KC..KB737

TRACK_TIME 1167737286
TRACK A20110117567922 F 325500 970160 120 30 999 NONE NONE 340
	FP_ROUTE KC..KB737

TRACK_TIME 1167737286
TRACK A20110117567927 F 394800 1043900 120 30 999 NONE NONE 360
	FP_ROUTE KC..KMD83

TRACK_TIME 1167737286
TRACK A20110117567928 F 333400 864360 120 30 999 NONE NONE 400
	FP_ROUTE KC..KB737

TRACK_TIME 1167737286
TRACK A20110117567935 F 351500 805800 120 30 999 NONE NONE 370
	FP_ROUTE KG..KBE9L

TRACK_TIME 1167737286
TRACK A20110117567938 F 403760 734360 120 30 999 NONE NONE 370
	FP_ROUTE KG..KBE9L

TRACK_TIME 1167737286
TRACK A20110117567943 F 360460 1151060 120 30 999 NONE NONE 380
	FP_ROUTE KG..KCL60

TRACK_TIME 1167737286
TRACK A20110117567945 F 282260 811900 120 30 999 NONE NONE 370
	FP_ROUTE KC..KB737

TRACK_TIME 1167737286
TRACK A20110117567947 F 282800 811800 120 30 999 NONE NONE 280
	FP_ROUTE KT..KCRJ2

TRACK_TIME 1167737286
TRACK A20110117567952 F 404000 741060 120 30 999 NONE NONE 370
	FP_ROUTE KC..KB737

TRACK_TIME 1167737286
TRACK A20110117567957 F 384800 770160 120 30 999 NONE NONE 250
	FP_ROUTE KC..KB738

TRACK_TIME 1167737286
TRACK A20110117567958 F 254800 801960 120 30 999 NONE NONE 360
	FP_ROUTE KC..KMD82

TRACK_TIME 1167737286
TRACK A20110117567963 F 372100 1215400 120 30 999 NONE NONE 400
	FP_ROUTE KC..KB733

TRACK_TIME 1167737286
TRACK A20110117567969 F 194300 1550000 120 30 999 NONE NONE 250
	FP_ROUTE KC..KA320

TRACK_TIME 1167737286
TRACK A20110117567971 F 295860 951500 120 30 999 NONE NONE 360
	FP_ROUTE KC..KMD82

TRACK_TIME 1167737286
TRACK A20110117567972 F 405200 812700 120 30 999 NONE NONE 240
	FP_ROUTE KC..KB733

TRACK_TIME 1167737286
TRACK A20110117567973 F 254900 801960 120 30 999 NONE NONE 280
	FP_ROUTE KC..KE170

TRACK_TIME 1167737286
TRACK A20110117567979 F 394960 1043760 120 30 999 NONE NONE 380
	FP_ROUTE KG..KBE20

TRACK_TIME 1167737286
TRACK A20110117567989 F 473760 1173100 120 30 999 NONE NONE 260
	FP_ROUTE KT..KE145

TRACK_TIME 1167737286
TRACK A20110117567990 F 465500 1140460 120 30 999 NONE NONE 320
	FP_ROUTE KT..KE145

TRACK_TIME 1167737286
TRACK A20110117567992 F 453460 1223460 120 30 999 NONE NONE 380
	FP_ROUTE KT..KCRJ9

TRACK_TIME 1167737286
TRACK A20110117567993 F 361300 1150300 120 30 999 NONE NONE 290
	FP_ROUTE KT..KCRJ9

TRACK_TIME 1167737286
TRACK A20110117567997 F 412100 902260 120 30 999 NONE NONE 330
	FP_ROUTE KC..KB733

TRACK_TIME 1167737286
TRACK A20110117568002 F 384600 901960 120 30 999 NONE NONE 360
	FP_ROUTE KC..KA319

TRACK_TIME 1167737286
TRACK A20110117568004 F 394900 1043900 120 30 999 NONE NONE 340
	FP_ROUTE KC..KA320

TRACK_TIME 1167737286
TRACK A20110117568005 F 404500 1115800 120 30 999 NONE NONE 300
	FP_ROUTE KC..KB712

TRACK_TIME 1167737286
TRACK A20110117568013 F 421360 831960 120 30 999 NONE NONE 370
	FP_ROUTE KC..KCRJ2

TRACK_TIME 1167737286
TRACK A20110117568017 F 404600 735100 120 30 999 NONE NONE 370
	FP_ROUTE KC..KCRJ2

TRACK_TIME 1167737286
TRACK A20110117568018 F 404500 734960 120 30 999 NONE NONE 270
	FP_ROUTE KT..KCRJ9

TRACK_TIME 1167737286
TRACK A20110117568024 F 444060 912700 120 30 999 NONE NONE 240
	FP_ROUTE KC..KB712

TRACK_TIME 1167737286
TRACK A20110117568037 F 300000 952500 120 30 999 NONE NONE 280
	FP_ROUTE KC..KB737

TRACK_TIME 1167737286
TRACK A20110117568042 F 404500 1115800 120 30 999 NONE NONE 340
	FP_ROUTE KC..KB737

TRACK_TIME 1167737286
TRACK A20110117568047 F 395260 751300 120 30 999 NONE NONE 370
	FP_ROUTE KC..KCRJ2

TRACK_TIME 1167737286
TRACK A20110117568049 F 422100 710100 120 30 999 NONE NONE 210
	FP_ROUTE KC..KCRJ2

TRACK_TIME 1167737286
TRACK A20110117568052 F 390700 1083100 120 30 999 NONE NONE 260
	FP_ROUTE KC..KB712

TRACK_TIME 1167737286
TRACK A20110117568060 F 394800 1044000 120 30 999 NONE NONE 250
	FP_ROUTE KC..KB737

TRACK_TIME 1167737286
TRACK A20110117568063 F 335560 1182500 120 30 999 NONE NONE 400
	FP_ROUTE KC..KE170

TRACK_TIME 1167737286
TRACK A20110117568091 F 365100 761360 120 30 999 NONE NONE 200
	FP_ROUTE KC..KB733

TRACK_TIME 1167737286
TRACK A20110117568094 F 394900 1043900 120 30 999 NONE NONE 380
	FP_ROUTE KT..KCRJ9

TRACK_TIME 1167737286
TRACK A20110117568096 F 395200 751660 120 30 999 NONE NONE 270
	FP_ROUTE KC..KA319

TRACK_TIME 1167737286
TRACK A20110117568099 F 414800 874660 120 30 999 NONE NONE 330
	FP_ROUTE KC..KA320

TRACK_TIME 1167737286
TRACK A20110117568101 F 325500 970300 120 30 999 NONE NONE 340
	FP_ROUTE KC..KB712

TRACK_TIME 1167737286
TRACK A20110117568102 F 365200 761500 120 30 999 NONE NONE 240
	FP_ROUTE KT..KC750

TRACK_TIME 1167737286
TRACK A20110117568104 F 254800 801500 120 30 999 NONE NONE 300
	FP_ROUTE KC..KA320

TRACK_TIME 1167737286
TRACK A20110117568106 F 294000 951800 120 30 999 NONE NONE 250
	FP_ROUTE KT..KCRJ9

TRACK_TIME 1167737286
TRACK A20110117568109 F 605500 1485700 120 30 999 NONE NONE 360
	FP_ROUTE KT..KCRJ9

TRACK_TIME 1167737286
TRACK A20110117568113 F 360600 864060 120 30 999 NONE NONE 360
	FP_ROUTE KT..KCRJ2

TRACK_TIME 1167737286
TRACK A20110117568121 F 483160 1224360 120 30 999 NONE NONE 320
	FP_ROUTE KG..KBE20

TRACK_TIME 1167737286
TRACK A20110117568124 F 254800 801600 120 30 999 NONE NONE 380
	FP_ROUTE KC..KA319

TRACK_TIME 1167737286
TRACK A20110117568127 F 351360 805500 120 30 999 NONE NONE 280
	FP_ROUTE KC..KB734

TRACK_TIME 1167737286
TRACK A20110117568133 F 403700 734900 120 30 999 NONE NONE 390
	FP_ROUTE KC..KA320

TRACK_TIME 1167737286
TRACK A20110117568141 F 640000 1483160 120 30 999 NONE NONE 340
	FP_ROUTE KC..KE145

TRACK_TIME 1167737286
TRACK A20110117568144 F 431900 1141060 120 30 999 NONE NONE 410
	FP_ROUTE KC..KB763

TRACK_TIME 1167737286
TRACK A20110117568145 F 332560 1115860 120 30 999 NONE NONE 330
	FP_ROUTE KT..KCRJ2

TRACK_TIME 1167737286
TRACK A20110117568147 F 360460 1151600 120 30 999 NONE NONE 380
	FP_ROUTE KT..KCRJ2

TRACK_TIME 1167737286
TRACK A20110117568148 F 384360 1213600 120 30 999 NONE NONE 350
	FP_ROUTE KC..KB735

TRACK_TIME 1167737286
TRACK A20110117568150 F 412260 815400 120 30 999 NONE NONE 330
	FP_ROUTE KC..KB738

TRACK_TIME 1167737286
TRACK A20110117568151 F 373760 972700 120 30 999 NONE NONE 290
	FP_ROUTE KC..KA320

TRACK_TIME 1167737286
TRACK A20110117568161 F 355100 784960 120 30 999 NONE NONE 330
	FP_ROUTE KC..KB752

TRACK_TIME 1167737286
TRACK A20110117568163 F 415560 875500 120 30 999 NONE NONE 340
	FP_ROUTE KC..KCRJ2

TRACK_TIME 1167737286
TRACK A20110117568179 F 361000 794960 120 30 999 NONE NONE 330
	FP_ROUTE KC..KB752

TRACK_TIME 1167737286
TRACK A20110117568181 F 360300 1151200 120 30 999 NONE NONE 290
	FP_ROUTE KC..KB738

TRACK_TIME 1167737286
TRACK A20110117568182 F 414800 874660 120 30 999 NONE NONE 310
	FP_ROUTE KC..KE120

TRACK_TIME 1167737286
TRACK A20110117568186 F 182560 660160 120 30 999 NONE NONE 370
	FP_ROUTE KT..KDH8D

TRACK_TIME 1167737286
TRACK A20110117568190 F 395560 1044060 120 30 999 NONE NONE 340
	FP_ROUTE KC..KE145

TRACK_TIME 1167737286
TRACK A20110117568191 F 384360 1213600 120 30 999 NONE NONE 380
	FP_ROUTE KC..KMD82

TRACK_TIME 1167737286
TRACK A20110117568192 F 394800 1044000 120 30 999 NONE NONE 350
	FP_ROUTE KC..KE190

TRACK_TIME 1167737286
TRACK A20110117568195 F 260400 801060 120 30 999 NONE NONE 370
	FP_ROUTE KT..KCRJ9

TRACK_TIME 1167737286
TRACK A20110117568196 F 392200 944060 120 30 999 NONE NONE 360
	FP_ROUTE KC..KCRJ2

TRACK_TIME 1167737286
TRACK A20110117568197 F 390760 843900 120 30 999 NONE NONE 220
	FP_ROUTE KT..KCRJ1

TRACK_TIME 1167737286
TRACK A20110117568201 F 403900 741200 120 30 999 NONE NONE 350
	FP_ROUTE KC..KB712

TRACK_TIME 1167737286
TRACK A20110117568210 F 392700 1194600 120 30 999 NONE NONE 320
	FP_ROUTE KC..KB737

TRACK_TIME 1167737286
TRACK A20110117568212 F 355100 784900 120 30 999 NONE NONE 220
	FP_ROUTE KC..KB737

TRACK_TIME 1167737286
TRACK A20110117568213 F 333760 842700 120 30 999 NONE NONE 390
	FP_ROUTE KC..KB738

TRACK_TIME 1167737286
TRACK A20110117568217 F 335560 1182200 120 30 999 NONE NONE 360
	FP_ROUTE KC..KB735

TRACK_TIME 1167737286
TRACK A20110117568219 F 260460 801200 120 30 999 NONE NONE 380
	FP_ROUTE KC..KDH8D

TRACK_TIME 1167737286
TRACK A20110117568222 F 324960 970000 120 30 999 NONE NONE 230
	FP_ROUTE KG..KBE20

TRACK_TIME 1167737286
TRACK A20110117568224 F 421960 705800 120 30 999 NONE NONE 350
	FP_ROUTE KC..KB733

TRACK_TIME 1167737286
TRACK A20110117568227 F 264060 800600 120 30 999 NONE NONE 350
	FP_ROUTE KC..KA320

TRACK_TIME 1167737286
TRACK A20110117568230 F 334500 785800 120 30 999 NONE NONE 250
	FP_ROUTE KC..KB752

TRACK_TIME 1167737286
TRACK A20110117568232 F 351360 805500 120 30 999 NONE NONE 317
	FP_ROUTE KC..KA320

TRACK_TIME 1167737286
TRACK A20110117568237 F 390760 842100 120 30 999 NONE NONE 430
	FP_ROUTE KC..KB752

TRACK_TIME 1167737286
TRACK A20110117568246 F 270900 801660 120 30 999 NONE NONE 430
	FP_ROUTE KC..KMD83

TRACK_TIME 1167737286
TRACK A20110117568247 F 324360 1171060 120 30 999 NONE NONE 360
	FP_ROUTE KC..KCRJ2

TRACK_TIME 1167737286
TRACK A20110117568255 F 300000 951800 120 30 999 NONE NONE 400
	FP_ROUTE KT..KC750

TRACK_TIME 1167737286
TRACK A20110117568256 F 325400 970100 120 30 999 NONE NONE 380
	FP_ROUTE KC..KCRJ2

TRACK_TIME 1167737286
TRACK A20110117568257 F 403000 801600 120 30 999 NONE NONE 220
	FP_ROUTE KC..KCRJ2

TRACK_TIME 1167737286
TRACK A20110117568264 F 395500 1044060 120 30 999 NONE NONE 360
	FP_ROUTE KT..KC750

TRACK_TIME 1167737286
TRACK A20110117568270 F 361060 1150700 120 30 999 NONE NONE 240
	FP_ROUTE KT..KCRJ2

TRACK_TIME 1167737286
TRACK A20110117568272 F 360700 1150760 120 30 999 NONE NONE 270
	FP_ROUTE KC..KB737

TRACK_TIME 1167737286
TRACK A20110117568274 F 332560 1115800 120 30 999 NONE NONE 350
	FP_ROUTE KC..KB737

TRACK_TIME 1167737286
TRACK A20110117568275 F 404360 735500 120 30 999 NONE NONE 390
	FP_ROUTE KC..KB737

TRACK_TIME 1167737286
TRACK A20110117568276 F 395560 1044200 120 30 999 NONE NONE 310
	FP_ROUTE KC..KE145

TRACK_TIME 1167737286
TRACK A20110117568277 F 384900 770160 120 30 999 NONE NONE 200
	FP_ROUTE KC..KE145

TRACK_TIME 1167737286
TRACK A20110117568289 F 381200 854360 120 30 999 NONE NONE 280
	FP_ROUTE KC..KE145

TRACK_TIME 1167737286
TRACK A20110117568294 F 414000 862500 120 30 999 NONE NONE 220
	FP_ROUTE KC..KE120

TRACK_TIME 1167737286
TRACK A20110117568298 F 300000 901800 120 30 999 NONE NONE 330
	FP_ROUTE KC..KB737

TRACK_TIME 1167737286
TRACK A20110117568301 F 382200 813460 120 30 999 NONE NONE 370
	FP_ROUTE KC..KE135

TRACK_TIME 1167737286
TRACK A20110117568313 F 403100 902560 120 30 999 NONE NONE 260
	FP_ROUTE KT..KCRJ1

TRACK_TIME 1167737286
TRACK A20110117568314 F 404000 741060 120 30 999 NONE NONE 390
	FP_ROUTE KC..KB737

TRACK_TIME 1167737286
TRACK A20110117568317 F 395260 1043460 120 30 999 NONE NONE 340
	FP_ROUTE KC..KB762

TRACK_TIME 1167737286
TRACK A20110117568319 F 433300 1161060 120 30 999 NONE NONE 340
	FP_ROUTE KC..KDH8D

TRACK_TIME 1167737286
TRACK A20110117568323 F 333760 843000 120 30 999 NONE NONE 370
	FP_ROUTE KC..KDH8D

TRACK_TIME 1167737286
TRACK A20110117568332 F 395200 751360 120 30 999 NONE NONE 280
	FP_ROUTE KT..KE145

TRACK_TIME 1167737286
TRACK A20110117568334 F 393160 944500 120 30 999 NONE NONE 350
	FP_ROUTE KT..KCRJ2

TRACK_TIME 1167737286
TRACK A20110117568336 F 282700 811660 120 30 999 NONE NONE 370
	FP_ROUTE KC..KA319

TRACK_TIME 1167737286
TRACK A20110117568337 F 360760 795260 120 30 999 NONE NONE 370
	FP_ROUTE KT..KCRJ2

TRACK_TIME 1167737286
TRACK A20110117568338 F 404000 741060 120 30 999 NONE NONE 290
	FP_ROUTE KC..KE120

TRACK_TIME 1167737286
TRACK A20110117568342 F 280100 823160 120 30 999 NONE NONE 380
	FP_ROUTE KC..KC560

TRACK_TIME 1167737286
TRACK A20110117568350 F 422560 874960 120 30 999 NONE NONE 430
	FP_ROUTE KC..KCRJ2

TRACK_TIME 1167737286
TRACK A20110117568355 F 425560 712700 120 30 999 NONE NONE 330
	FP_ROUTE KC..KA319

TRACK_TIME 1167737286
TRACK A20110117568357 F 360460 1151600 120 30 999 NONE NONE 250
	FP_ROUTE KC..KA319

TRACK_TIME 1167737286
TRACK A20110117568358 F 364600 1194300 120 30 999 NONE NONE 240
	FP_ROUTE KC..KCRJ2

TRACK_TIME 1167737286
TRACK A20110117568372 F 280100 823160 120 30 999 NONE NONE 380
	FP_ROUTE KC..KE120

TRACK_TIME 1167737286
TRACK A20110117568379 F 445400 931360 120 30 999 NONE NONE 280
	FP_ROUTE KC..KA320

TRACK_TIME 1167737286
TRACK A20110117568380 F 420000 875700 120 30 999 NONE NONE 290
	FP_ROUTE KC..KB752

TRACK_TIME 1167737286
TRACK A20110117568399 F 333760 842260 120 30 999 NONE NONE 350
	FP_ROUTE KT..KCRJ2

TRACK_TIME 1167737286
TRACK A20110117568403 F 335560 1183460 120 30 999 NONE NONE 380
	FP_ROUTE KT..KC750

TRACK_TIME 1167737286
TRACK A20110117568405 F 421300 831960 120 30 999 NONE NONE 280
	FP_ROUTE KC..KMD83

TRACK_TIME 1167737286
TRACK A20110117568407 F 333900 842800 120 30 999 NONE NONE 390
	FP_ROUTE KC..KB738

TRACK_TIME 1167737286
TRACK A20110117568408 F 424360 734800 120 30 999 NONE NONE 270
	FP_ROUTE KC..KMD83

TRACK_TIME 1167737286
TRACK A20110117568410 F 331660 1113700 120 30 999 NONE NONE 320
	FP_ROUTE KC..KE170

TRACK_TIME 1167737286
TRACK A20110117568412 F 350300 900000 120 30 999 NONE NONE 350
	FP_ROUTE KC..KE170

TRACK_TIME 1167737286
TRACK A20110117568416 F 335700 1182500 120 30 999 NONE NONE 260
	FP_ROUTE KC..KB738

TRACK_TIME 1167737286
TRACK A20110117568417 F 361300 1150100 120 30 999 NONE NONE 250
	FP_ROUTE KC..KA320

TRACK_TIME 1167737286
TRACK A20110117568421 F 325260 970300 120 30 999 NONE NONE 330
	FP_ROUTE KC..KE145

TRACK_TIME 1167737286
TRACK A20110117568430 F 385800 772560 120 30 999 NONE NONE 270
	FP_ROUTE KC..KB738

TRACK_TIME 1167737286
TRACK A20110117568431 F 335800 811360 120 30 999 NONE NONE 320
	FP_ROUTE KC..KMD83

TRACK_TIME 1167737286
TRACK A20110117568436 F 333760 842800 120 30 999 NONE NONE 290
	FP_ROUTE KG..KBE20

TRACK_TIME 1167737286
TRACK A20110117568440 F 473760 1173100 120 30 999 NONE NONE 190
	FP_ROUTE KG..KC550

TRACK_TIME 1167737286
TRACK A20110117568441 F 341200 1182400 120 30 999 NONE NONE 340
	FP_ROUTE KC..KB739

TRACK_TIME 1167737286
TRACK A20110117568443 F 384360 1213600 120 30 999 NONE NONE 340
	FP_ROUTE KG..KC550

TRACK_TIME 1167737286
TRACK A20110117568444 F 282560 811900 120 30 999 NONE NONE 260
	FP_ROUTE KC..KA320

TRACK_TIME 1167737286
TRACK A20110117568446 F 294000 951900 120 30 999 NONE NONE 350
	FP_ROUTE KT..KE145

TRACK_TIME 1167737286
TRACK A20110117568456 F 324300 1170900 120 30 999 NONE NONE 380
	FP_ROUTE KC..KB752

TRACK_TIME 1167737286
TRACK A20110117568457 F 412560 814900 120 30 999 NONE NONE 370
	FP_ROUTE KT..KE135

TRACK_TIME 1167737286
TRACK A20110117568458 F 390600 844000 120 30 999 NONE NONE 290
	FP_ROUTE KC..KE145

TRACK_TIME 1167737286
TRACK A20110117568471 F 361800 1150160 120 30 999 NONE NONE 290
	FP_ROUTE KC..KE145

TRACK_TIME 1167737286
TRACK A20110117568474 F 360460 1150900 120 30 999 NONE NONE 380
	FP_ROUTE KC..KB733

TRACK_TIME 1167737286
TRACK A20110117568478 F 370300 884660 120 30 999 NONE NONE 300
	FP_ROUTE KC..KA318

TRACK_TIME 1167737286
TRACK A20110117568488 F 403700 734500 120 30 999 NONE NONE 310
	FP_ROUTE KC..KSW4

TRACK_TIME 1167737286
TRACK A20110117568489 F 415560 875560 120 30 999 NONE NONE 300
	FP_ROUTE KT..KCRJ2

TRACK_TIME 1167737286
TRACK A20110117568492 F 341600 1185700 120 30 999 NONE NONE 430
	FP_ROUTE KC..KB752

TRACK_TIME 1167737286
TRACK A20110117568497 F 325200 970160 120 30 999 NONE NONE 300
	FP_ROUTE KC..KMD82

TRACK_TIME 1167737286
TRACK A20110117568499 F 421300 831960 120 30 999 NONE NONE 320
	FP_ROUTE KC..KE145

TRACK_TIME 1167737286
TRACK A20110117568511 F 412400 815260 120 30 999 NONE NONE 370
	FP_ROUTE KC..KB738

TRACK_TIME 1167737286
TRACK A20110117568512 F 335100 841800 120 30 999 NONE NONE 390
	FP_ROUTE KC..KA320

TRACK_TIME 1167737286
TRACK A20110117568523 F 384900 770160 120 30 999 NONE NONE 290
	FP_ROUTE KC..KB744

TRACK_TIME 1167737286
TRACK A20110117568527 F 445400 931500 120 30 999 NONE NONE 350
	FP_ROUTE KC..KB738

TRACK_TIME 1167737286
TRACK A20110117568528 F 372860 771960 120 30 999 NONE NONE 270
	FP_ROUTE KT..KCRJ2

TRACK_TIME 1167737286
TRACK A20110117568530 F 414900 874600 120 30 999 NONE NONE 320
	FP_ROUTE KC..KB734

TRACK_TIME 1167737286
TRACK A20110117568534 F 260460 801200 120 30 999 NONE NONE 370
	FP_ROUTE KT..KCRJ2

TRACK_TIME 1167737286
TRACK A20110117568553 F 374060 972560 120 30 999 NONE NONE 350
	FP_ROUTE KC..KE170

TRACK_TIME 1167737286
TRACK A20110117568559 F 282700 811800 120 30 999 NONE NONE 360
	FP_ROUTE KC..KB737

TRACK_TIME 1167737286
TRACK A20110117568561 F 403900 741200 120 30 999 NONE NONE 350
	FP_ROUTE KC..KB737

TRACK_TIME 1167737286
TRACK A20110117568562 F 403760 741200 120 30 999 NONE NONE 350
	FP_ROUTE KC..KB737

TRACK_TIME 1167737286
TRACK A20110117568563 F 293700 951900 120 30 999 NONE NONE 400
	FP_ROUTE KC..KE145

TRACK_TIME 1167737286
TRACK A20110117568564 F 341200 1182260 120 30 999 NONE NONE 200
	FP_ROUTE KC..KB712

TRACK_TIME 1167737286
TRACK A20110117568565 F 315700 1021200 120 30 999 NONE NONE 400
	FP_ROUTE KC..KCRJ2

TRACK_TIME 1167737286
TRACK A20110117568569 F 402260 913300 120 30 999 NONE NONE 200
	FP_ROUTE KC..KB712

TRACK_TIME 1167737286
TRACK A20110117568579 F 295860 953000 120 30 999 NONE NONE 400
	FP_ROUTE KC..KB737

TRACK_TIME 1167737286
TRACK A20110117568589 F 414060 712400 120 30 999 NONE NONE 390
	FP_ROUTE KC..KE145

TRACK_TIME 1167737286
TRACK A20110117568592 F 402860 801200 120 30 999 NONE NONE 260
	FP_ROUTE KG..KC750

TRACK_TIME 1167737286
TRACK A20110117568599 F 394900 1043760 120 30 999 NONE NONE 360
	FP_ROUTE KC..KA320

TRACK_TIME 1167737286
TRACK A20110117568602 F 401200 764660 120 30 999 NONE NONE 250
	FP_ROUTE KC..KB712

TRACK_TIME 1167737286
TRACK A20110117568606 F 430100 892100 120 30 999 NONE NONE 290
	FP_ROUTE KC..KB737

TRACK_TIME 1167737286
TRACK A20110117568608 F 333900 842800 120 30 999 NONE NONE 280
	FP_ROUTE KT..KCRJ9

TRACK_TIME 1167737286
TRACK A20110117568613 F 385860 772800 120 30 999 NONE NONE 260
	FP_ROUTE KT..KCRJ9

TRACK_TIME 1167737286
TRACK A20110117568614 F 400000 825700 120 30 999 NONE NONE 370
	FP_ROUTE KC..KB752

TRACK_TIME 1167737286
TRACK A20110117568620 F 325560 965700 120 30 999 NONE NONE 340
	FP_ROUTE KC..KB752

TRACK_TIME 1167737286
TRACK A20110117568626 F 384600 902100 120 30 999 NONE NONE 350
	FP_ROUTE KG..KC750

TRACK_TIME 1167737286
TRACK A20110117568629 F 615700 1501660 120 30 999 NONE NONE 350
	FP_ROUTE KC..KB738

TRACK_TIME 1167737286
TRACK A20110117568637 F 472560 1221900 120 30 999 NONE NONE 360
	FP_ROUTE KC..KCRJ2

TRACK_TIME 1167737286
TRACK A20110117568640 F 381900 753160 120 30 999 NONE NONE 390
	FP_ROUTE KG..KC750

TRACK_TIME 1167737286
TRACK A20110117568643 F 352200 804300 120 30 999 NONE NONE 280
	FP_ROUTE KC..KA319

TRACK_TIME 1167737286
TRACK A20110117568652 F 332700 1120400 120 30 999 NONE NONE 360
	FP_ROUTE KC..KA320

TRACK_TIME 1167737286
TRACK A20110117568653 F 254660 801960 120 30 999 NONE NONE 350
	FP_ROUTE KC..KB738

TRACK_TIME 1167737286
TRACK A20110117568654 F 425700 875260 120 30 999 NONE NONE 370
	FP_ROUTE KC..KE190

TRACK_TIME 1167737286
TRACK A20110117568656 F 360460 1151000 120 30 999 NONE NONE 280
	FP_ROUTE KC..KB735

TRACK_TIME 1167737286
TRACK A20110117568658 F 381000 843600 120 30 999 NONE NONE 270
	FP_ROUTE KC..KB735

TRACK_TIME 1167737286
TRACK A20110117568659 F 350400 895800 120 30 999 NONE NONE 280
	FP_ROUTE KT..KCRJ9

TRACK_TIME 1167737286
TRACK A20110117568662 F 425500 834200 120 30 999 NONE NONE 310
	FP_ROUTE KC..KE135

TRACK_TIME 1167737286
TRACK A20110117568664 F 333900 841960 120 30 999 NONE NONE 380
	FP_ROUTE KC..KA320

TRACK_TIME 1167737286
TRACK A20110117568667 F 394800 1044000 120 30 999 NONE NONE 300
	FP_ROUTE KC..KA320

TRACK_TIME 1167737286
TRACK A20110117568673 F 355100 784900 120 30 999 NONE NONE 330
	FP_ROUTE KT..KCRJ2

TRACK_TIME 1167737286
TRACK A20110117568674 F 325100 965200 120 30 999 NONE NONE 200
	FP_ROUTE KC..KB739

TRACK_TIME 1167737286
TRACK A20110117568682 F 403700 734600 120 30 999 NONE NONE 389
	FP_ROUTE KC..KA319

TRACK_TIME 1167737286
TRACK A20110117568693 F 310460 974960 120 30 999 NONE NONE 180
	FP_ROUTE KC..KCRJ2

TRACK_TIME 1167737286
TRACK A20110117568699 F 395560 1044060 120 30 999 NONE NONE 390
	FP_ROUTE KC..KB733

TRACK_TIME 1167737286
TRACK A20110117568706 F 300000 951900 120 30 999 NONE NONE 260
	FP_ROUTE KC..KB733

TRACK_TIME 1167737286
TRACK A20110117568711 F 300000 952100 120 30 999 NONE NONE 360
	FP_ROUTE KC..KE145

TRACK_TIME 1167737286
TRACK A20110117568716 F 262560 815500 120 30 999 NONE NONE 390
	FP_ROUTE KC..KMD11

TRACK_TIME 1167737286
TRACK A20110117568721 F 301360 974000 120 30 999 NONE NONE 340
	FP_ROUTE KC..KB738

TRACK_TIME 1167737286
TRACK A20110117568723 F 372800 771660 120 30 999 NONE NONE 230
	FP_ROUTE KC..KCRJ2

TRACK_TIME 1167737286
TRACK A20110117568724 F 453460 1223460 120 30 999 NONE NONE 360
	FP_ROUTE KC..KB737

TRACK_TIME 1167737286
TRACK A20110117568727 F 394900 752700 120 30 999 NONE NONE 290
	FP_ROUTE KC..KA320

TRACK_TIME 1167737286
TRACK A20110117568733 F 333760 843000 120 30 999 NONE NONE 370
	FP_ROUTE KC..KA320

TRACK_TIME 1167737286
TRACK A20110117568742 F 351060 1013900 120 30 999 NONE NONE 300
	FP_ROUTE KC..KCRJ2

TRACK_TIME 1167737286
TRACK A20110117568747 F 405400 812860 120 30 999 NONE NONE 330
	FP_ROUTE KC..KB738

TRACK_TIME 1167737286
TRACK A20110117568748 F 341060 1182860 120 30 999 NONE NONE 380
	FP_ROUTE KC..KB737

TRACK_TIME 1167737286
TRACK A20110117568752 F 414800 874660 120 30 999 NONE NONE 360
	FP_ROUTE KC..KB737

TRACK_TIME 1167737286
TRACK A20110117568753 F 332560 1115800 120 30 999 NONE NONE 380
	FP_ROUTE KC..KB737

TRACK_TIME 1167737286
TRACK A20110117568755 F 325260 970300 120 30 999 NONE NONE 330
	FP_ROUTE KC..KB737

TRACK_TIME 1167737286
TRACK A20110117568756 F 330600 1172500 120 30 999 NONE NONE 400
	FP_ROUTE KC..KMD83

TRACK_TIME 1167737286
TRACK A20110117568757 F 403000 801500 120 30 999 NONE NONE 350
	FP_ROUTE KC..KB733

TRACK_TIME 1167737286
TRACK A20110117568759 F 282860 811960 120 30 999 NONE NONE 390
	FP_ROUTE KC..KB733

TRACK_TIME 1167737286
TRACK A20110117568769 F 325500 970000 120 30 999 NONE NONE 370
	FP_ROUTE KC..KB738

TRACK_TIME 1167737286
TRACK A20110117568770 F 350000 1063900 120 30 999 NONE NONE 350
	FP_ROUTE KC..KB752

TRACK_TIME 1167737286
TRACK A20110117568772 F 404600 730400 120 30 999 NONE NONE 390
	FP_ROUTE KC..KA320

TRACK_TIME 1167737286
TRACK A20110117568775 F 421360 831960 120 30 999 NONE NONE 390
	FP_ROUTE KT..KE145

TRACK_TIME 1167737286
TRACK A20110117568776 F 372100 1215400 120 30 999 NONE NONE 340
	FP_ROUTE KC..KCRJ2

TRACK_TIME 1167737286
TRACK A20110117568777 F 404900 733900 120 30 999 NONE NONE 390
	FP_ROUTE KT..KCRJ2

TRACK_TIME 1167737286
TRACK A20110117568785 F 300000 952260 120 30 999 NONE NONE 210
	FP_ROUTE KT..KCRJ2

TRACK_TIME 1167737286
TRACK A20110117568787 F 352400 1190160 120 30 999 NONE NONE 300
	FP_ROUTE KC..KA320

TRACK_TIME 1167737286
TRACK A20110117568790 F 421300 831960 120 30 999 NONE NONE 300
	FP_ROUTE KC..KE170

TRACK_TIME 1167737286
TRACK A20110117568796 F 465800 964960 120 30 999 NONE NONE 330
	FP_ROUTE KC..KB738

TRACK_TIME 1167737286
TRACK A20110117568799 F 395260 1043460 120 30 999 NONE NONE 340
	FP_ROUTE KC..KB738

TRACK_TIME 1167737286
TRACK A20110117568806 F 194600 1560160 120 30 999 NONE NONE 210
	FP_ROUTE KC..KB712

TRACK_TIME 1167737286
TRACK A20110117568812 F 422260 1141360 120 30 999 NONE NONE 220
	FP_ROUTE KC..KE170

TRACK_TIME 1167737286
TRACK A20110117568814 F 445400 931500 120 30 999 NONE NONE 320
	FP_ROUTE KC..KB738

TRACK_TIME 1167737286
TRACK A20110117568816 F 453400 1223160 120 30 999 NONE NONE 380
	FP_ROUTE KC..KB712

TRACK_TIME 1167737286
TRACK A20110117568821 F 473760 1173100 120 30 999 NONE NONE 360
	FP_ROUTE KT..KCRJ9

TRACK_TIME 1167737286
TRACK A20110117568826 F 420000 875560 120 30 999 NONE NONE 330
	FP_ROUTE KC..KCRJ2

TRACK_TIME 1167737286
TRACK A20110117568830 F 332560 1115800 120 30 999 NONE NONE 320
	FP_ROUTE KC..KCRJ2

TRACK_TIME 1167737286
TRACK A20110117568839 F 394900 1044000 120 30 999 NONE NONE 370
	FP_ROUTE KT..KCRJ9

TRACK_TIME 1167737286
TRACK A20110117568841 F 264060 801600 120 30 999 NONE NONE 450
	FP_ROUTE KT..KCRJ9

TRACK_TIME 1167737286
TRACK A20110117568843 F 395560 1044200 120 30 999 NONE NONE 330
	FP_ROUTE KT..KE145

TRACK_TIME 1167737286
TRACK A20110117568850 F 430300 1063000 120 30 999 NONE NONE 260
	FP_ROUTE KC..KA320

TRACK_TIME 1167737286
TRACK A20110117568852 F 335500 1183400 120 30 999 NONE NONE 300
	FP_ROUTE KT..KE145

TRACK_TIME 1167737286
TRACK A20110117568857 F 403900 741060 120 30 999 NONE NONE 310
	FP_ROUTE KC..KSF34

TRACK_TIME 1167737286
TRACK A20110117568870 F 282800 811660 120 30 999 NONE NONE 370
	FP_ROUTE KT..KCRJ2

TRACK_TIME 1167737286
TRACK A20110117568871 F 421300 831960 120 30 999 NONE NONE 240
	FP_ROUTE KC..KB735

TRACK_TIME 1167737286
TRACK A20110117568873 F 302500 890600 120 30 999 NONE NONE 204
	FP_ROUTE KC..KA321

TRACK_TIME 1167737286
TRACK A20110117568877 F 425500 784500 120 30 999 NONE NONE 260
	FP_ROUTE KC..KB737

TRACK_TIME 1167737286
TRACK A20110117568884 F 301360 974060 120 30 999 NONE NONE 199
	FP_ROUTE KC..KA320

TRACK_TIME 1167737286
TRACK A20110117568888 F 314960 1062100 120 30 999 NONE NONE 340
	FP_ROUTE KG..KC550

TRACK_TIME 1167737286
TRACK A20110117568897 F 334800 1180760 120 30 999 NONE NONE 360
	FP_ROUTE KT..KCRJ1

TRACK_TIME 1167737286
TRACK A20110117568898 F 300000 951900 120 30 999 NONE NONE 350
	FP_ROUTE KT..KDH8D

TRACK_TIME 1167737286
TRACK A20110117568901 F 332560 1115800 120 30 999 NONE NONE 359
	FP_ROUTE KC..KB737

TRACK_TIME 1167737286
TRACK A20110117568906 F 300000 952260 120 30 999 NONE NONE 360
	FP_ROUTE KC..KB762

TRACK_TIME 1167737286
TRACK A20110117568911 F 344500 921200 120 30 999 NONE NONE 240
	FP_ROUTE KC..KCRJ2

TRACK_TIME 1167737286
TRACK A20110117568912 F 325560 800400 120 30 999 NONE NONE 230
	FP_ROUTE KC..KB752

TRACK_TIME 1167737286
TRACK A20110117568913 F 323300 1171200 120 30 999 NONE NONE 319
	FP_ROUTE KC..KB737

TRACK_TIME 1167737286
TRACK A20110117568914 F 324600 1171960 120 30 999 NONE NONE 360
	FP_ROUTE KC..KB733

TRACK_TIME 1167737286
TRACK A20110117568915 F 351200 805800 120 30 999 NONE NONE 330
	FP_ROUTE KC..KB737

TRACK_TIME 1167737286
TRACK A20110117568918 F 385200 1213700 120 30 999 NONE NONE 340
	FP_ROUTE KC..KDH8D

TRACK_TIME 1167737286
TRACK A20110117568921 F 425700 875260 120 30 999 NONE NONE 340
	FP_ROUTE KC..KB738

TRACK_TIME 1167737286
TRACK A20110117568930 F 360460 1150900 120 30 999 NONE NONE 270
	FP_ROUTE KC..KB752

TRACK_TIME 1167737286
TRACK A20110117568936 F 194300 1550400 120 30 999 NONE NONE 270
	FP_ROUTE KC..KB734

TRACK_TIME 1167737286
TRACK A20110117568937 F 370600 763160 120 30 999 NONE NONE 240
	FP_ROUTE KC..KCRJ2

TRACK_TIME 1167737286
TRACK A20110117568941 F 350100 895800 120 30 999 NONE NONE 350
	FP_ROUTE KC..KCRJ2

TRACK_TIME 1167737286
TRACK A20110117568944 F 334800 1180760 120 30 999 NONE NONE 360
	FP_ROUTE KC..KCRJ2

TRACK_TIME 1167737286
TRACK A20110117568945 F 414500 874300 120 30 999 NONE NONE 340
	FP_ROUTE KC..KE145

TRACK_TIME 1167737286
TRACK A20110117568946 F 361600 794800 120 30 999 NONE NONE 220
	FP_ROUTE KC..KE145

TRACK_TIME 1167737286
TRACK A20110117568947 F 321600 895500 120 30 999 NONE NONE 270
	FP_ROUTE KC..KB734

TRACK_TIME 1167737286
TRACK A20110117568952 F 293300 983100 120 30 999 NONE NONE 200
	FP_ROUTE KC..KB739

TRACK_TIME 1167737286
TRACK A20110117568954 F 335700 1182700 120 30 999 NONE NONE 340
	FP_ROUTE KC..KE170

TRACK_TIME 1167737286
TRACK A20110117568964 F 300000 901800 120 30 999 NONE NONE 330
	FP_ROUTE KC..KB738

TRACK_TIME 1167737286
TRACK A20110117568965 F 390400 844000 120 30 999 NONE NONE 330
	FP_ROUTE KC..KB737

TRACK_TIME 1167737286
TRACK A20110117568973 F 260460 801300 120 30 999 NONE NONE 400
	FP_ROUTE KT..KCRJ2

TRACK_TIME 1167737286
TRACK A20110117568975 F 254800 801900 120 30 999 NONE NONE 390
	FP_ROUTE KC..KB737

TRACK_TIME 1167737286
TRACK A20110117568976 F 424800 860300 120 30 999 NONE NONE 390
	FP_ROUTE KC..KB737

TRACK_TIME 1167737286
TRACK A20110117568978 F 360600 864200 120 30 999 NONE NONE 370
	FP_ROUTE KC..KB712

TRACK_TIME 1167737286
TRACK A20110117568980 F 454900 1083300 120 30 999 NONE NONE 330
	FP_ROUTE KC..KE170

TRACK_TIME 1167737286
TRACK A20110117568983 F 260460 801200 120 30 999 NONE NONE 350
	FP_ROUTE KT..KCRJ2

TRACK_TIME 1167737286
TRACK A20110117568984 F 404960 1120000 120 30 999 NONE NONE 310
	FP_ROUTE KC..KB738

TRACK_TIME 1167737286
TRACK A20110117568985 F 400000 825200 120 30 999 NONE NONE 370
	FP_ROUTE KC..KSW4

TRACK_TIME 1167737286
TRACK A20110117568987 F 333900 842260 120 30 999 NONE NONE 320
	FP_ROUTE KC..KA332

TRACK_TIME 1167737286
TRACK A20110117568993 F 275700 823300 120 30 999 NONE NONE 351
	FP_ROUTE KC..KB738

TRACK_TIME 1167737286
TRACK A20110117569001 F 403600 734660 120 30 999 NONE NONE 370
	FP_ROUTE KC..KB734

TRACK_TIME 1167737286
TRACK A20110117569004 F 254800 801900 120 30 999 NONE NONE 370
	FP_ROUTE KC..KA320

TRACK_TIME 1167737286
TRACK A20110117569007 F 350300 851200 120 30 999 NONE NONE 310
	FP_ROUTE KC..KB737

TRACK_TIME 1167737286
TRACK A20110117569010 F 395260 751200 120 30 999 NONE NONE 390
	FP_ROUTE KC..KA319

TRACK_TIME 1167737286
TRACK A20110117569012 F 350000 1063900 120 30 999 NONE NONE 380
	FP_ROUTE KC..KB752

TRACK_TIME 1167737286
TRACK A20110117569013 F 441360 883400 120 30 999 NONE NONE 280
	FP_ROUTE KC..KB739

TRACK_TIME 1167737286
TRACK A20110117569014 F 472700 1221900 120 30 999 NONE NONE 400
	FP_ROUTE KC..KB737

TRACK_TIME 1167737286
TRACK A20110117569015 F 394800 1044000 120 30 999 NONE NONE 370
	FP_ROUTE KC..KE145

TRACK_TIME 1167737286
TRACK A20110117569017 F 360460 1150760 120 30 999 NONE NONE 320
	FP_ROUTE KT..KCRJ1

TRACK_TIME 1167737286
TRACK A20110117569018 F 280000 823300 120 30 999 NONE NONE 390
	FP_ROUTE KC..KE145

TRACK_TIME 1167737286
TRACK A20110117569023 F 340300 1174600 120 30 999 NONE NONE 320
	FP_ROUTE KG..KBE20

TRACK_TIME 1167737286
TRACK A20110117569025 F 370700 763160 120 30 999 NONE NONE 290
	FP_ROUTE KG..KBE20

TRACK_TIME 1167737286
TRACK A20110117569029 F 384900 770160 120 30 999 NONE NONE 220
	FP_ROUTE KC..KA320

TRACK_TIME 1167737286
TRACK A20110117569031 F 582100 1343600 120 30 999 NONE NONE 280
	FP_ROUTE KC..KB738

TRACK_TIME 1167737286
TRACK A20110117569033 F 412560 814900 120 30 999 NONE NONE 280
	FP_ROUTE KC..KB732

TRACK_TIME 1167737286
TRACK A20110117569034 F 254800 801960 120 30 999 NONE NONE 360
	FP_ROUTE KC..KB735

TRACK_TIME 1167737286
TRACK A20110117569035 F 593000 1394000 120 30 999 NONE NONE 300
	FP_ROUTE KC..KE190

TRACK_TIME 1167737286
TRACK A20110117569043 F 421360 832200 120 30 999 NONE NONE 190
	FP_ROUTE KC..KB763

TRACK_TIME 1167737286
TRACK A20110117569044 F 404660 735200 120 30 999 NONE NONE 230
	FP_ROUTE KC..KCRJ2

TRACK_TIME 1167737286
TRACK A20110117569050 F 470100 964900 120 30 999 NONE NONE 200
	FP_ROUTE KC..KCRJ2

TRACK_TIME 1167737286
TRACK A20110117569056 F 374000 1221000 120 30 999 NONE NONE 360
	FP_ROUTE KC..KA319

TRACK_TIME 1167737286
TRACK A20110117569060 F 333460 1115700 120 30 999 NONE NONE 380
	FP_ROUTE KG..KF2TH

TRACK_TIME 1167737286
TRACK A20110117569061 F 430900 773900 120 30 999 NONE NONE 260
	FP_ROUTE KT..KDH8D

TRACK_TIME 1167737286
TRACK A20110117569063 F 433300 1161000 120 30 999 NONE NONE 340
	FP_ROUTE KT..KCRJ9

TRACK_TIME 1167737286
TRACK A20110117569067 F 282400 811900 120 30 999 NONE NONE 390
	FP_ROUTE KC..KCRJ2

TRACK_TIME 1167737286
TRACK A20110117569072 F 394900 1044000 120 30 999 NONE NONE 350
	FP_ROUTE KC..KMD83

TRACK_TIME 1167737286
TRACK A20110117569075 F 332560 1115700 120 30 999 NONE NONE 370
	FP_ROUTE KT..KC750

TRACK_TIME 1167737286
TRACK A20110117569076 F 333760 843460 120 30 999 NONE NONE 230
	FP_ROUTE KC..KD328

TRACK_TIME 1167737286
TRACK A20110117569077 F 333700 842800 120 30 999 NONE NONE 350
	FP_ROUTE KC..KA320

TRACK_TIME 1167737286
TRACK A20110117569080 F 445260 931360 120 30 999 NONE NONE 340
	FP_ROUTE KT..KE145

TRACK_TIME 1167737286
TRACK A20110117569081 F 472700 1221900 120 30 999 NONE NONE 320
	FP_ROUTE KC..KB737

TRACK_TIME 1167737286
TRACK A20110117569085 F 324300 1170900 120 30 999 NONE NONE 340
	FP_ROUTE KC..KB737

TRACK_TIME 1167737286
TRACK A20110117569087 F 332560 1120400 120 30 999 NONE NONE 370
	FP_ROUTE KC..KB737

TRACK_TIME 1167737286
TRACK A20110117569097 F 333760 842860 120 30 999 NONE NONE 370
	FP_ROUTE KC..KB737

TRACK_TIME 1167737286
TRACK A20110117569102 F 260460 801200 120 30 999 NONE NONE 360
	FP_ROUTE KC..KCRJ2

TRACK_TIME 1167737286
TRACK A20110117569106 F 391060 764500 120 30 999 NONE NONE 230
	FP_ROUTE KC..KB752

TRACK_TIME 1167737286
TRACK A20110117569114 F 381000 854300 120 30 999 NONE NONE 280
	FP_ROUTE KC..KB752

TRACK_TIME 1167737286
TRACK A20110117569115 F 422200 705700 120 30 999 NONE NONE 180
	FP_ROUTE KC..KB738

TRACK_TIME 1167737286
TRACK A20110117569122 F 393300 1044660 120 30 999 NONE NONE 450
	FP_ROUTE KT..KCRJ2

TRACK_TIME 1167737286
TRACK A20110117569126 F 211660 1575100 120 30 999 NONE NONE 300
	FP_ROUTE KC..KE170

TRACK_TIME 1167737286
TRACK A20110117569139 F 421360 832100 120 30 999 NONE NONE 360
	FP_ROUTE KC..KE170

TRACK_TIME 1167737286
TRACK A20110117569144 F 325100 970300 120 30 999 NONE NONE 290
	FP_ROUTE KC..KE170

TRACK_TIME 1167737286
TRACK A20110117569145 F 404660 1120000 120 30 999 NONE NONE 310
	FP_ROUTE KC..KB737

TRACK_TIME 1167737286
TRACK A20110117569147 F 325500 970300 120 30 999 NONE NONE 320
	FP_ROUTE KC..KE135

TRACK_TIME 1167737286
TRACK A20110117569149 F 404600 1120000 120 30 999 NONE NONE 350
	FP_ROUTE KC..KB733

TRACK_TIME 1167737286
TRACK A20110117569152 F 445400 931500 120 30 999 NONE NONE 360
	FP_ROUTE KT..KCRJ2

TRACK_TIME 1167737286
TRACK A20110117569155 F 322100 921360 120 30 999 NONE NONE 410
	FP_ROUTE KC..KB772

TRACK_TIME 1167737286
TRACK A20110117569156 F 261300 974000 120 30 999 NONE NONE 260
	FP_ROUTE KC..KB737

TRACK_TIME 1167737286
TRACK A20110117569163 F 324360 1172100 120 30 999 NONE NONE 340
	FP_ROUTE KC..KB737

TRACK_TIME 1167737286
TRACK A20110117569164 F 404800 1120000 120 30 999 NONE NONE 320
	FP_ROUTE KC..KE170

TRACK_TIME 1167737286
TRACK A20110117569170 F 393700 1045100 120 30 999 NONE NONE 430
	FP_ROUTE KC..KMD82

TRACK_TIME 1167737286
TRACK A20110117569175 F 404900 775500 120 30 999 NONE NONE 250
	FP_ROUTE KG..KC550

TRACK_TIME 1167737286
TRACK A20110117569184 F 333900 842800 120 30 999 NONE NONE 330
	FP_ROUTE KC..KA320

TRACK_TIME 1167737286
TRACK A20110117569185 F 384500 901900 120 30 999 NONE NONE 290
	FP_ROUTE KG..KLJ35

TRACK_TIME 1167737286
TRACK A20110117569186 F 351060 805700 120 30 999 NONE NONE 280
	FP_ROUTE KC..KCRJ2

TRACK_TIME 1167737286
TRACK A20110117569189 F 414800 874600 120 30 999 NONE NONE 320
	FP_ROUTE KC..KCRJ2

TRACK_TIME 1167737286
TRACK A20110117569206 F 390760 1083300 120 30 999 NONE NONE 260
	FP_ROUTE KC..KMD83

TRACK_TIME 1167737286
TRACK A20110117569207 F 394960 1044600 120 30 999 NONE NONE 250
	FP_ROUTE KC..KA320

TRACK_TIME 1167737286
TRACK A20110117569213 F 361300 794660 120 30 999 NONE NONE 220
	FP_ROUTE KC..KCRJ2

TRACK_TIME 1167737286
TRACK A20110117569218 F 372200 783160 120 30 999 NONE NONE 290
	FP_ROUTE KC..KE145

TRACK_TIME 1167737286
TRACK A20110117569221 F 394800 1044000 120 30 999 NONE NONE 380
	FP_ROUTE KC..KE170

TRACK_TIME 1167737286
TRACK A20110117569224 F 393300 1194600 120 30 999 NONE NONE 300
	FP_ROUTE KC..KB737

TRACK_TIME 1167737286
TRACK A20110117569229 F 282400 811900 120 30 999 NONE NONE 320
	FP_ROUTE KC..KB752

TRACK_TIME 1167737286
TRACK A20110117569230 F 293700 951900 120 30 999 NONE NONE 350
	FP_ROUTE KC..KE145

TRACK_TIME 1167737286
TRACK A20110117569234 F 344360 921300 120 30 999 NONE NONE 350
	FP_ROUTE KC..KB733

TRACK_TIME 1167737286
TRACK A20110117569239 F 472700 1221900 120 30 999 NONE NONE 220
	FP_ROUTE KT..KE145

TRACK_TIME 1167737286
TRACK A20110117569240 F 404600 735100 120 30 999 NONE NONE 350
	FP_ROUTE KC..KCRJ2

TRACK_TIME 1167737286
TRACK A20110117569243 F 341200 1182400 120 30 999 NONE NONE 220
	FP_ROUTE KC..KE135

TRACK_TIME 1167737286
TRACK A20110117569245 F 371960 1215400 120 30 999 NONE NONE 340
	FP_ROUTE KC..KCRJ2

TRACK_TIME 1167737286
TRACK A20110117569246 F 412560 814900 120 30 999 NONE NONE 330
	FP_ROUTE KC..KA320

TRACK_TIME 1167737286
TRACK A20110117569247 F 404960 740460 120 30 999 NONE NONE 350
	FP_ROUTE KC..KA320

TRACK_TIME 1167737286
TRACK A20110117569265 F 361660 941960 120 30 999 NONE NONE 370
	FP_ROUTE KC..KE170

TRACK_TIME 1167737286
TRACK A20110117569266 F 370300 1005700 120 30 999 NONE NONE 200
	FP_ROUTE KT..KCRJ2

TRACK_TIME 1167737286
TRACK A20110117569268 F 325560 970300 120 30 999 NONE NONE 330
	FP_ROUTE KC..KMD82

TRACK_TIME 1167737286
TRACK A20110117569270 F 194300 1560160 120 30 999 NONE NONE 210
	FP_ROUTE KC..KMD83

TRACK_TIME 1167737286
TRACK A20110117569271 F 254660 801900 120 30 999 NONE NONE 360
	FP_ROUTE KC..KB752

TRACK_TIME 1167737286
TRACK A20110117569275 F 472860 1221900 120 30 999 NONE NONE 320
	FP_ROUTE KC..KB753

TRACK_TIME 1167737286
TRACK A20110117569280 F 335560 1182500 120 30 999 NONE NONE 380
	FP_ROUTE KC..KA319

TRACK_TIME 1167737286
TRACK A20110117569282 F 395200 751660 120 30 999 NONE NONE 310
	FP_ROUTE KC..KB737

TRACK_TIME 1167737286
TRACK A20110117569287 F 472860 1221900 120 30 999 NONE NONE 360
	FP_ROUTE KC..KB737

TRACK_TIME 1167737286
TRACK A20110117569288 F 335560 1182260 120 30 999 NONE NONE 380
	FP_ROUTE KC..KB737

TRACK_TIME 1167737286
TRACK A20110117569291 F 325800 1165560 120 30 999 NONE NONE 280
	FP_ROUTE KC..KB737

TRACK_TIME 1167737286
TRACK A20110117569293 F 333760 842800 120 30 999 NONE NONE 290
	FP_ROUTE KC..KB738

TRACK_TIME 1167737286
TRACK A20110117569296 F 404360 735500 120 30 999 NONE NONE 320
	FP_ROUTE KC..KB733

TRACK_TIME 1167737286
TRACK A20110117569297 F 350400 895860 120 30 999 NONE NONE 350
	FP_ROUTE KC..KB733

TRACK_TIME 1167737286
TRACK A20110117569304 F 390900 763900 120 30 999 NONE NONE 270
	FP_ROUTE KC..KB733

TRACK_TIME 1167737286
TRACK A20110117569307 F 445400 931360 120 30 999 NONE NONE 380
	FP_ROUTE KC..KE190

TRACK_TIME 1167737286
TRACK A20110117569309 F 403700 734660 120 30 999 NONE NONE 370
	FP_ROUTE KC..KB738

TRACK_TIME 1167737286
TRACK A20110117569310 F 394960 1043760 120 30 999 NONE NONE 340
	FP_ROUTE KC..KE145

TRACK_TIME 1167737286
TRACK A20110117569320 F 433300 964300 120 30 999 NONE NONE 220
	FP_ROUTE KC..KA320

TRACK_TIME 1167737286
TRACK A20110117569326 F 472700 1221900 120 30 999 NONE NONE 340
	FP_ROUTE KC..KB752

TRACK_TIME 1167737286
TRACK A20110117569341 F 325200 970300 120 30 999 NONE NONE 300
	FP_ROUTE KC..KA319

TRACK_TIME 1167737286
TRACK A20110117569342 F 295800 951500 120 30 999 NONE NONE 360
	FP_ROUTE KT..KCRJ1

TRACK_TIME 1167737286
TRACK A20110117569343 F 420100 875800 120 30 999 NONE NONE 269
	FP_ROUTE KC..KB738

TRACK_TIME 1167737286
TRACK A20110117569352 F 602700 1451960 120 30 999 NONE NONE 300
	FP_ROUTE KC..KE190

TRACK_TIME 1167737286
TRACK A20110117569354 F 352500 973600 120 30 999 NONE NONE 280
	FP_ROUTE KC..KA321

TRACK_TIME 1167737286
TRACK A20110117569356 F 404500 735400 120 30 999 NONE NONE 350
	FP_ROUTE KC..KB752

TRACK_TIME 1167737286
TRACK A20110117569357 F 605560 1490100 120 30 999 NONE NONE 280
	FP_ROUTE KC..KB752

TRACK_TIME 1167737286
TRACK A20110117569358 F 211900 1575260 120 30 999 NONE NONE 240
	FP_ROUTE KC..KB738

TRACK_TIME 1167737286
TRACK A20110117569362 F 445200 900160 120 30 999 NONE NONE 330
	FP_ROUTE KT..KCRJ2

TRACK_TIME 1167737286
TRACK A20110117569363 F 384500 901960 120 30 999 NONE NONE 280
	FP_ROUTE KT..KCRJ2

TRACK_TIME 1167737286
TRACK A20110117569368 F 333760 842260 120 30 999 NONE NONE 240
	FP_ROUTE KT..KCRJ9

TRACK_TIME 1167737286
TRACK A20110117569369 F 352560 823000 120 30 999 NONE NONE 330
	FP_ROUTE KC..KE190

TRACK_TIME 1167737286
TRACK A20110117569370 F 263160 813600 120 30 999 NONE NONE 340
	FP_ROUTE KC..KB752

TRACK_TIME 1167737286
TRACK A20110117569372 F 390760 763760 120 30 999 NONE NONE 330
	FP_ROUTE KT..KCRJ2

TRACK_TIME 1167737286
TRACK A20110117569375 F 360460 1150760 120 30 999 NONE NONE 260
	FP_ROUTE KG..KLJ35

TRACK_TIME 1167737286
TRACK A20110117569376 F 395200 841900 120 30 999 NONE NONE 340
	FP_ROUTE KC..KB737

TRACK_TIME 1167737286
TRACK A20110117569377 F 411900 955500 120 30 999 NONE NONE 340
	FP_ROUTE KC..KB752

TRACK_TIME 1167737286
TRACK A20110117569381 F 254800 801960 120 30 999 NONE NONE 380
	FP_ROUTE KC..KB737

TRACK_TIME 1167737286
TRACK A20110117569386 F 332560 1115800 120 30 999 NONE NONE 309
	FP_ROUTE KC..KB737

TRACK_TIME 1167737286
TRACK A20110117569387 F 345800 785400 120 30 999 NONE NONE 270
	FP_ROUTE KT..KCRJ9

TRACK_TIME 1167737286
TRACK A20110117569395 F 472860 1221900 120 30 999 NONE NONE 400
	FP_ROUTE KC..KMD82

TRACK_TIME 1167737286
TRACK A20110117569397 F 412800 903760 120 30 999 NONE NONE 250
	FP_ROUTE KC..KB737

TRACK_TIME 1167737286
TRACK A20110117569403 F 411500 954800 120 30 999 NONE NONE 390
	FP_ROUTE KC..KB738

TRACK_TIME 1167737286
TRACK A20110117569407 F 262500 812800 120 30 999 NONE NONE 450
	FP_ROUTE KC..KB737

TRACK_TIME 1167737286
TRACK A20110117569409 F 400000 825700 120 30 999 NONE NONE 370
	FP_ROUTE KC..KB733

TRACK_TIME 1167737286
TRACK A20110117569420 F 360460 1150760 120 30 999 NONE NONE 360
	FP_ROUTE KC..KB737

TRACK_TIME 1167737286
TRACK A20110117569422 F 360700 1150700 120 30 999 NONE NONE 390
	FP_ROUTE KC..KA320

TRACK_TIME 1167737286
TRACK A20110117569423 F 335560 1182200 120 30 999 NONE NONE 360
	FP_ROUTE KC..KB737

TRACK_TIME 1167737286
TRACK A20110117569436 F 360460 864200 120 30 999 NONE NONE 350
	FP_ROUTE KC..KB737

TRACK_TIME 1167737286
TRACK A20110117569437 F 275700 823300 120 30 999 NONE NONE 410
	FP_ROUTE KC..KB752

TRACK_TIME 1167737286
TRACK A20110117569439 F 373600 1221900 120 30 999 NONE NONE 360
	FP_ROUTE KC..KB752

TRACK_TIME 1167737286
TRACK A20110117569440 F 404600 734960 120 30 999 NONE NONE 370
	FP_ROUTE KC..KE170

TRACK_TIME 1167737286
TRACK A20110117569444 F 333760 843100 120 30 999 NONE NONE 370
	FP_ROUTE KC..KLJ45

TRACK_TIME 1167737286
TRACK A20110117569446 F 340160 1174300 120 30 999 NONE NONE 350
	FP_ROUTE KC..KB733

TRACK_TIME 1167737286
TRACK A20110117569447 F 360160 1145400 120 30 999 NONE NONE 290
	FP_ROUTE KT..KCRJ1

TRACK_TIME 1167737286
TRACK A20110117569448 F 404900 730400 120 30 999 NONE NONE 330
	FP_ROUTE KC..KCRJ2

TRACK_TIME 1167737286
TRACK A20110117569451 F 374000 972560 120 30 999 NONE NONE 320
	FP_ROUTE KT..KCRJ2

TRACK_TIME 1167737286
TRACK A20110117569454 F 384800 770160 120 30 999 NONE NONE 220
	FP_ROUTE KC..KCRJ2

TRACK_TIME 1167737286
TRACK A20110117569457 F 394500 861500 120 30 999 NONE NONE 330
	FP_ROUTE KC..KA319

TRACK_TIME 1167737286
TRACK A20110117569461 F 324300 1171800 120 30 999 NONE NONE 370
	FP_ROUTE KC..KE145

TRACK_TIME 1167737286
TRACK A20110117569470 F 420100 875700 120 30 999 NONE NONE 210
	FP_ROUTE KT..KCRJ1

TRACK_TIME 1167737286
TRACK A20110117569471 F 422200 710160 120 30 999 NONE NONE 350
	FP_ROUTE KC..KMD82

TRACK_TIME 1167737286
TRACK A20110117569476 F 360600 1150900 120 30 999 NONE NONE 310
	FP_ROUTE KC..KB752

TRACK_TIME 1167737286
TRACK A20110117569477 F 341200 1181360 120 30 999 NONE NONE 350
	FP_ROUTE KC..KA321

TRACK_TIME 1167737286
TRACK A20110117569478 F 361060 955260 120 30 999 NONE NONE 290
	FP_ROUTE KT..KCRJ2

TRACK_TIME 1167737286
TRACK A20110117569480 F 422560 712700 120 30 999 NONE NONE 330
	FP_ROUTE KC..KB737

TRACK_TIME 1167737286
TRACK A20110117569492 F 282800 811800 120 30 999 NONE NONE 360
	FP_ROUTE KC..KB737

TRACK_TIME 1167737286
TRACK A20110117569493 F 431360 891960 120 30 999 NONE NONE 280
	FP_ROUTE KC..KB752

TRACK_TIME 1167737286
TRACK A20110117569496 F 355800 1150400 120 30 999 NONE NONE 290
	FP_ROUTE KC..KA320

TRACK_TIME 1167737286
TRACK A20110117569498 F 454600 1110760 120 30 999 NONE NONE 280
	FP_ROUTE KC..KE145

TRACK_TIME 1167737286
TRACK A20110117569502 F 420000 875700 120 30 999 NONE NONE 350
	FP_ROUTE KC..KB737

TRACK_TIME 1167737286
TRACK A20110117569519 F 404360 735500 120 30 999 NONE NONE 390
	FP_ROUTE KC..KB737

TRACK_TIME 1167737286
TRACK A20110117569521 F 403000 801660 120 30 999 NONE NONE 330
	FP_ROUTE KC..KB737

TRACK_TIME 1167737286
TRACK A20110117569522 F 303300 863000 120 30 999 NONE NONE 310
	FP_ROUTE KC..KA319

TRACK_TIME 1167737286
TRACK A20110117569527 F 422560 705860 120 30 999 NONE NONE 350
	FP_ROUTE KC..KE135

TRACK_TIME 1167737286
TRACK A20110117569528 F 332560 1115700 120 30 999 NONE NONE 330
	FP_ROUTE KC..KCRJ9

TRACK_TIME 1167737286
TRACK A20110117569529 F 333400 1175560 120 30 999 NONE NONE 380
	FP_ROUTE KC..KB752

TRACK_TIME 1167737286
TRACK A20110117569534 F 420100 875560 120 30 999 NONE NONE 340
	FP_ROUTE KC..KB737

TRACK_TIME 1167737286
TRACK A20110117569537 F 404000 741060 120 30 999 NONE NONE 350
	FP_ROUTE KT..KCRJ1

TRACK_TIME 1167737286
TRACK A20110117569538 F 402860 801200 120 30 999 NONE NONE 280
	FP_ROUTE KC..KB738

TRACK_TIME 1167737286
TRACK A20110117569540 F 381200 854360 120 30 999 NONE NONE 340
	FP_ROUTE KC..KMD82

TRACK_TIME 1167737286
TRACK A20110117569541 F 384900 770160 120 30 999 NONE NONE 190
	FP_ROUTE KC..KMD82

TRACK_TIME 1167737286
TRACK A20110117569542 F 373600 1221900 120 30 999 NONE NONE 380
	FP_ROUTE KC..KA320

TRACK_TIME 1167737286
TRACK A20110117569543 F 373600 1221900 120 30 999 NONE NONE 340
	FP_ROUTE KG..KF2TH

TRACK_TIME 1167737286
TRACK A20110117569558 F 403000 801800 120 30 999 NONE NONE 370
	FP_ROUTE KC..KA320

TRACK_TIME 1167737286
TRACK A20110117569561 F 373600 1221900 120 30 999 NONE NONE 360
	FP_ROUTE KC..KB744

TRACK_TIME 1167737286
TRACK A20110117569562 F 412560 814800 120 30 999 NONE NONE 230
	FP_ROUTE KG..KF2TH

TRACK_TIME 1167737286
TRACK A20110117569569 F 384660 1075260 120 30 999 NONE NONE 190
	FP_ROUTE KT..KE145

TRACK_TIME 1167737286
TRACK A20110117569571 F 420100 875560 120 30 999 NONE NONE 400
	FP_ROUTE KT..KE145

TRACK_TIME 1167737286
TRACK A20110117569574 F 445200 931300 120 30 999 NONE NONE 370
	FP_ROUTE KC..KCRJ2

TRACK_TIME 1167737286
TRACK A20110117569577 F 422100 705800 120 30 999 NONE NONE 390
	FP_ROUTE KC..KCRJ2

TRACK_TIME 1167737286
TRACK A20110117569580 F 282400 811660 120 30 999 NONE NONE 340
	FP_ROUTE KG..KF2TH

TRACK_TIME 1167737286
TRACK A20110117569581 F 371960 1215400 120 30 999 NONE NONE 400
	FP_ROUTE KC..KE190

TRACK_TIME 1167737286
TRACK A20110117569582 F 394800 1043900 120 30 999 NONE NONE 360
	FP_ROUTE KC..KE190

TRACK_TIME 1167737286
TRACK A20110117569590 F 400000 825560 120 30 999 NONE NONE 320
	FP_ROUTE KC..KE120

TRACK_TIME 1167737286
TRACK A20110117569593 F 404500 734960 120 30 999 NONE NONE 270
	FP_ROUTE KC..KB712

TRACK_TIME 1167737286
TRACK A20110117569598 F 334300 1014960 120 30 999 NONE NONE 300
	FP_ROUTE KC..KE145

TRACK_TIME 1167737286
TRACK A20110117569605 F 373600 1221900 120 30 999 NONE NONE 380
	FP_ROUTE KC..KB752

TRACK_TIME 1167737286
TRACK A20110117569611 F 333160 864900 120 30 999 NONE NONE 360
	FP_ROUTE KC..KMD82

TRACK_TIME 1167737286
TRACK A20110117569615 F 420100 875260 120 30 999 NONE NONE 360
	FP_ROUTE KC..KCRJ2

TRACK_TIME 1167737286
TRACK A20110117569617 F 395260 1044060 120 30 999 NONE NONE 380
	FP_ROUTE KC..KE170

TRACK_TIME 1167737286
TRACK A20110117569618 F 411800 955400 120 30 999 NONE NONE 340
	FP_ROUTE KC..KA320

TRACK_TIME 1167737286
TRACK A20110117569620 F 282400 811660 120 30 999 NONE NONE 360
	FP_ROUTE KC..KB738

TRACK_TIME 1167737286
TRACK A20110117569621 F 325560 970300 120 30 999 NONE NONE 340
	FP_ROUTE KC..KA333

TRACK_TIME 1167737286
TRACK A20110117569622 F 445260 931060 120 30 999 NONE NONE 220
	FP_ROUTE KC..KCRJ2

TRACK_TIME 1167737286
TRACK A20110117569623 F 264060 800400 120 30 999 NONE NONE 380
	FP_ROUTE KC..KA320

TRACK_TIME 1167737286
TRACK A20110117569624 F 301600 915560 120 30 999 NONE NONE 280
	FP_ROUTE KC..KE145

TRACK_TIME 1167737286
TRACK A20110117569635 F 324600 1171900 120 30 999 NONE NONE 320
	FP_ROUTE KC..KB752

TRACK_TIME 1167737286
TRACK A20110117569637 F 324600 1171800 120 30 999 NONE NONE 320
	FP_ROUTE KC..KB752

TRACK_TIME 1167737286
TRACK A20110117569639 F 351200 805560 120 30 999 NONE NONE 300
	FP_ROUTE KC..KB737

TRACK_TIME 1167737286
TRACK A20110117569641 F 371960 1215260 120 30 999 NONE NONE 360
	FP_ROUTE KC..KCRJ2

TRACK_TIME 1167737286
TRACK A20110117569645 F 373600 1221960 120 30 999 NONE NONE 400
	FP_ROUTE KC..KB734

TRACK_TIME 1167737286
TRACK A20110117569646 F 332560 1115860 120 30 999 NONE NONE 350
	FP_ROUTE KC..KA319

TRACK_TIME 1167737286
TRACK A20110117569650 F 292700 982400 120 30 999 NONE NONE 330
	FP_ROUTE KC..KE135

TRACK_TIME 1167737286
TRACK A20110117569664 F 403600 734660 120 30 999 NONE NONE 370
	FP_ROUTE KG..KC550

TRACK_TIME 1167737286
TRACK A20110117569666 F 404660 964500 120 30 999 NONE NONE 320
	FP_ROUTE KC..KA319

TRACK_TIME 1167737286
TRACK A20110117569672 F 335560 1183400 120 30 999 NONE NONE 340
	FP_ROUTE KC..KB737

TRACK_TIME 1167737286
TRACK A20110117569674 F 302860 910760 120 30 999 NONE NONE 250
	FP_ROUTE KC..KB737

TRACK_TIME 1167737286
TRACK A20110117569678 F 351500 805400 120 30 999 NONE NONE 320
	FP_ROUTE KC..KB737

TRACK_TIME 1167737286
TRACK A20110117569680 F 182560 660100 120 30 999 NONE NONE 390
	FP_ROUTE KC..KB752

TRACK_TIME 1167737286
TRACK A20110117569683 F 424300 734800 120 30 999 NONE NONE 290
	FP_ROUTE KT..KCRJ1

TRACK_TIME 1167737286
TRACK A20110117569684 F 300000 951900 120 30 999 NONE NONE 380
	FP_ROUTE KC..KE135

TRACK_TIME 1167737286
TRACK A20110117569685 F 585400 1583600 120 30 999 NONE NONE 200
	FP_ROUTE KC..KB734

TRACK_TIME 1167737286
TRACK A20110117569686 F 472700 1221900 120 30 999 NONE NONE 360
	FP_ROUTE KC..KE145

TRACK_TIME 1167737286
TRACK A20110117569692 F 350000 895800 120 30 999 NONE NONE 380
	FP_ROUTE KC..KA320

TRACK_TIME 1167737286
TRACK A20110117569699 F 304360 974060 120 30 999 NONE NONE 280
	FP_ROUTE KC..KLJ35

TRACK_TIME 1167737286
TRACK A20110117569701 F 332560 1115800 120 30 999 NONE NONE 290
	FP_ROUTE KT..KE145

TRACK_TIME 1167737286
TRACK A20110117569702 F 335700 1182700 120 30 999 NONE NONE 370
	FP_ROUTE KT..KCRJ9

TRACK_TIME 1167737286
TRACK A20110117569705 F 391060 764300 120 30 999 NONE NONE 290
	FP_ROUTE KC..KA320

TRACK_TIME 1167737286
TRACK A20110117569708 F 472800 1221900 120 30 999 NONE NONE 380
	FP_ROUTE KC..KA320

TRACK_TIME 1167737286
TRACK A20110117569709 F 412500 814960 120 30 999 NONE NONE 330
	FP_ROUTE KC..KB739

TRACK_TIME 1167737286
TRACK A20110117569714 F 360700 864000 120 30 999 NONE NONE 300
	FP_ROUTE KC..KE190

TRACK_TIME 1167737286
TRACK A20110117569721 F 404600 735100 120 30 999 NONE NONE 330
	FP_ROUTE KC..KE190

TRACK_TIME 1167737286
TRACK A20110117569724 F 484800 1223160 120 30 999 NONE NONE 320
	FP_ROUTE KC..KMD82

TRACK_TIME 1167737286
TRACK A20110117569734 F 453460 1223300 120 30 999 NONE NONE 260
	FP_ROUTE KC..KB763

TRACK_TIME 1167737286
TRACK A20110117569739 F 472800 1221900 120 30 999 NONE NONE 340
	FP_ROUTE KC..KA320

TRACK_TIME 1167737286
TRACK A20110117569752 F 475560 971060 120 30 999 NONE NONE 280
	FP_ROUTE KG..KLJ45

TRACK_TIME 1167737286
TRACK A20110117569754 F 364360 1194060 120 30 999 NONE NONE 320
	FP_ROUTE KG..KLJ45

TRACK_TIME 1167737286
TRACK A20110117569757 F 211900 1575860 120 30 999 NONE NONE 320
	FP_ROUTE KC..KE145

TRACK_TIME 1167737286
TRACK A20110117569759 F 205200 1562560 120 30 999 NONE NONE 190
	FP_ROUTE KC..KB737

TRACK_TIME 1167737286
TRACK A20110117569777 F 415800 875800 120 30 999 NONE NONE 230
	FP_ROUTE KT..KCRJ1

TRACK_TIME 1167737286
TRACK A20110117569778 F 351360 805800 120 30 999 NONE NONE 250
	FP_ROUTE KC..KE145

TRACK_TIME 1167737286
TRACK A20110117569784 F 400000 824960 120 30 999 NONE NONE 310
	FP_ROUTE KC..KA319

TRACK_TIME 1167737286
TRACK A20110117569787 F 421300 831960 120 30 999 NONE NONE 400
	FP_ROUTE KC..KA320

TRACK_TIME 1167737286
TRACK A20110117569792 F 365200 761360 120 30 999 NONE NONE 290
	FP_ROUTE KG..KBE20

TRACK_TIME 1167737286
TRACK A20110117569794 F 374060 1221060 120 30 999 NONE NONE 340
	FP_ROUTE KC..KB737

TRACK_TIME 1167737286
TRACK A20110117569795 F 385500 772800 120 30 999 NONE NONE 290
	FP_ROUTE KG..KC750

TRACK_TIME 1167737286
TRACK A20110117569797 F 412260 815400 120 30 999 NONE NONE 370
	FP_ROUTE KC..KB712

TRACK_TIME 1167737286
TRACK A20110117569799 F 254800 801960 120 30 999 NONE NONE 400
	FP_ROUTE KC..KB737

TRACK_TIME 1167737286
TRACK A20110117569801 F 340760 1182860 120 30 999 NONE NONE 230
	FP_ROUTE KC..KMD83

TRACK_TIME 1167737286
TRACK A20110117569802 F 355200 784900 120 30 999 NONE NONE 220
	FP_ROUTE KC..KB737

TRACK_TIME 1167737286
TRACK A20110117569803 F 333760 842400 120 30 999 NONE NONE 410
	FP_ROUTE KC..KB738

TRACK_TIME 1167737286
TRACK A20110117569804 F 261200 801200 120 30 999 NONE NONE 370
	FP_ROUTE KC..KE135

TRACK_TIME 1167737286
TRACK A20110117569805 F 321900 900600 120 30 999 NONE NONE 300
	FP_ROUTE KC..KCRJ2

TRACK_TIME 1167737286
TRACK A20110117569809 F 355100 784900 120 30 999 NONE NONE 340
	FP_ROUTE KC..KE120

TRACK_TIME 1167737286
TRACK A20110117569812 F 372100 1215400 120 30 999 NONE NONE 340
	FP_ROUTE KC..KCRJ2

TRACK_TIME 1167737286
TRACK A20110117569813 F 453460 1223400 120 30 999 NONE NONE 360
	FP_ROUTE KC..KB733

TRACK_TIME 1167737286
TRACK A20110117569817 F 395500 1044060 120 30 999 NONE NONE 370
	FP_ROUTE KC..KB738

TRACK_TIME 1167737286
TRACK A20110117569818 F 422200 710000 120 30 999 NONE NONE 350
	FP_ROUTE KC..KCRJ2

TRACK_TIME 1167737286
TRACK A20110117569824 F 355200 784900 120 30 999 NONE NONE 390
	FP_ROUTE KC..KCRJ2

TRACK_TIME 1167737286
TRACK A20110117569838 F 262800 815400 120 30 999 NONE NONE 390
	FP_ROUTE KC..KE170

TRACK_TIME 1167737286
TRACK A20110117569839 F 360460 1150760 120 30 999 NONE NONE 330
	FP_ROUTE KC..KCRJ2

TRACK_TIME 1167737286
TRACK A20110117569841 F 302860 870900 120 30 999 NONE NONE 340
	FP_ROUTE KC..KCRJ2

TRACK_TIME 1167737286
TRACK A20110117569844 F 302560 841500 120 30 999 NONE NONE 230
	FP_ROUTE KC..KB738

TRACK_TIME 1167737286
TRACK A20110117569849 F 392100 944060 120 30 999 NONE NONE 280
	FP_ROUTE KC..KB733

TRACK_TIME 1167737286
TRACK A20110117569858 F 351060 805560 120 30 999 NONE NONE 380
	FP_ROUTE KC..KB733

TRACK_TIME 1167737286
TRACK A20110117569859 F 324960 964960 120 30 999 NONE NONE 230
	FP_ROUTE KC..KB737

TRACK_TIME 1167737286
TRACK A20110117569862 F 333900 842800 120 30 999 NONE NONE 280
	FP_ROUTE KC..KMD83

TRACK_TIME 1167737286
TRACK A20110117569863 F 414060 712800 120 30 999 NONE NONE 310
	FP_ROUTE KT..KCRJ2

TRACK_TIME 1167737286
TRACK A20110117569869 F 404500 735400 120 30 999 NONE NONE 210
	FP_ROUTE KC..KB752

TRACK_TIME 1167737286
TRACK A20110117569872 F 552700 1622860 120 30 999 NONE NONE 200
	FP_ROUTE KC..KB752

TRACK_TIME 1167737286
TRACK A20110117569874 F 205200 1562700 120 30 999 NONE NONE 360
	FP_ROUTE KC..KB733

TRACK_TIME 1167737286
TRACK A20110117569882 F 373600 1221900 120 30 999 NONE NONE 340
	FP_ROUTE KC..KB733

TRACK_TIME 1167737286
TRACK A20110117569887 F 402860 801660 120 30 999 NONE NONE 370
	FP_ROUTE KC..KB738

TRACK_TIME 1167737286
TRACK A20110117569890 F 354960 784960 120 30 999 NONE NONE 320
	FP_ROUTE KC..KB737

TRACK_TIME 1167737286
TRACK A20110117569896 F 404000 741060 120 30 999 NONE NONE 380
	FP_ROUTE KC..KB733

TRACK_TIME 1167737286
TRACK A20110117569906 F 394360 861500 120 30 999 NONE NONE 220
	FP_ROUTE KC..KB733

TRACK_TIME 1167737286
TRACK A20110117569907 F 345800 785400 120 30 999 NONE NONE 270
	FP_ROUTE KC..KB737

TRACK_TIME 1167737286
TRACK A20110117569921 F 254660 802100 120 30 999 NONE NONE 390
	FP_ROUTE KC..KB734

TRACK_TIME 1167737286
TRACK A20110117569922 F 381600 1214200 120 30 999 NONE NONE 180
	FP_ROUTE KT..KCRJ9

TRACK_TIME 1167737286
TRACK A20110117569928 F 453400 1223300 120 30 999 NONE NONE 250
	FP_ROUTE KT..KCRJ2

TRACK_TIME 1167737286
TRACK A20110117569931 F 384900 1044360 120 30 999 NONE NONE 370
	FP_ROUTE KC..KB738

TRACK_TIME 1167737286
TRACK A20110117569932 F 325500 970160 120 30 999 NONE NONE 380
	FP_ROUTE KC..KB737

TRACK_TIME 1167737286
TRACK A20110117569936 F 332560 1115800 120 30 999 NONE NONE 380
	FP_ROUTE KC..KA320

TRACK_TIME 1167737286
TRACK A20110117569939 F 334000 1163000 120 30 999 NONE NONE 360
	FP_ROUTE KC..KB752

TRACK_TIME 1167737286
TRACK A20110117569944 F 403700 734660 120 30 999 NONE NONE 370
	FP_ROUTE KC..KE190

TRACK_TIME 1167737286
TRACK A20110117569957 F 392800 1194600 120 30 999 NONE NONE 340
	FP_ROUTE KC..KMD83

TRACK_TIME 1167737286
TRACK A20110117569958 F 351000 805700 120 30 999 NONE NONE 290
	FP_ROUTE KC..KB737

TRACK_TIME 1167737286
TRACK A20110117569962 F 335700 1181600 120 30 999 NONE NONE 370
	FP_ROUTE KC..KA320

TRACK_TIME 1167737286
TRACK A20110117569964 F 453460 1223460 120 30 999 NONE NONE 340
	FP_ROUTE KT..KDH8D

TRACK_TIME 1167737286
TRACK A20110117569966 F 391660 944360 120 30 999 NONE NONE 320
	FP_ROUTE KC..KB753

TRACK_TIME 1167737286
TRACK A20110117569973 F 303400 911300 120 30 999 NONE NONE 340
	FP_ROUTE KC..KB737

TRACK_TIME 1167737286
TRACK A20110117569987 F 362400 942200 120 30 999 NONE NONE 280
	FP_ROUTE KC..KB737

TRACK_TIME 1167737286
TRACK A20110117569989 F 350400 895800 120 30 999 NONE NONE 270
	FP_ROUTE KC..KB737

TRACK_TIME 1167737286
TRACK A20110117569998 F 351200 805700 120 30 999 NONE NONE 190
	FP_ROUTE KC..KA320

TRACK_TIME 1167737286
TRACK A20110117570001 F 385800 772560 120 30 999 NONE NONE 350
	FP_ROUTE KC..KA320

TRACK_TIME 1167737286
TRACK A20110117570003 F 472800 1221900 120 30 999 NONE NONE 370
	FP_ROUTE KC..KB737

TRACK_TIME 1167737286
TRACK A20110117570009 F 373600 1221900 120 30 999 NONE NONE 380
	FP_ROUTE KC..KB752

TRACK_TIME 1167737286
TRACK A20110117570011 F 410300 734060 120 30 999 NONE NONE 330
	FP_ROUTE KC..KE145

TRACK_TIME 1167737286
TRACK A20110117570015 F 334060 1014960 120 30 999 NONE NONE 260
	FP_ROUTE KC..KB738

TRACK_TIME 1167737286
TRACK A20110117570021 F 430600 760900 120 30 999 NONE NONE 250
	FP_ROUTE KC..KA320

TRACK_TIME 1167737286
TRACK A20110117570023 F 394800 1044000 120 30 999 NONE NONE 411
	FP_ROUTE KC..KB738

TRACK_TIME 1167737286
TRACK A20110117570026 F 384960 770160 120 30 999 NONE NONE 220
	FP_ROUTE KC..KB737

TRACK_TIME 1167737286
TRACK A20110117570028 F 300600 974000 120 30 999 NONE NONE 220
	FP_ROUTE KC..KA320

TRACK_TIME 1167737286
TRACK A20110117570031 F 421360 831900 120 30 999 NONE NONE 280
	FP_ROUTE KC..KB734

TRACK_TIME 1167737286
TRACK A20110117570032 F 384800 770160 120 30 999 NONE NONE 220
	FP_ROUTE KC..KB744

TRACK_TIME 1167737286
TRACK A20110117570036 F 421900 710100 120 30 999 NONE NONE 390
	FP_ROUTE KC..KMD83

TRACK_TIME 1167737286
TRACK A20110117570037 F 391060 764360 120 30 999 NONE NONE 300
	FP_ROUTE KC..KB733

TRACK_TIME 1167737286
TRACK A20110117570038 F 420000 875700 120 30 999 NONE NONE 370
	FP_ROUTE KC..KA320

TRACK_TIME 1167737286
TRACK A20110117570043 F 403900 734600 120 30 999 NONE NONE 330
	FP_ROUTE KC..KB733

TRACK_TIME 1167737286
TRACK A20110117570053 F 404800 1115860 120 30 999 NONE NONE 340
	FP_ROUTE KC..KB733

TRACK_TIME 1167737286
TRACK A20110117570054 F 333700 843000 120 30 999 NONE NONE 370
	FP_ROUTE KT..KCRJ9

TRACK_TIME 1167737286
TRACK A20110117570065 F 421360 831960 120 30 999 NONE NONE 370
	FP_ROUTE KC..KB733

TRACK_TIME 1167737286
TRACK A20110117570071 F 395200 751660 120 30 999 NONE NONE 390
	FP_ROUTE KC..KB737

TRACK_TIME 1167737286
TRACK A20110117570077 F 372860 771960 120 30 999 NONE NONE 210
	FP_ROUTE KC..KMD83

TRACK_TIME 1167737286
TRACK A20110117570078 F 394300 861660 120 30 999 NONE NONE 350
	FP_ROUTE KC..KMD82

TRACK_TIME 1167737286
TRACK A20110117570084 F 412560 814900 120 30 999 NONE NONE 260
	FP_ROUTE KC..KB738

TRACK_TIME 1167737286
TRACK A20110117570092 F 395200 751660 120 30 999 NONE NONE 390
	FP_ROUTE KC..KMD83

TRACK_TIME 1167737286
TRACK A20110117570093 F 421960 705800 120 30 999 NONE NONE 230
	FP_ROUTE KG..KLJ45

TRACK_TIME 1167737286
TRACK A20110117570100 F 472800 1221900 120 30 999 NONE NONE 380
	FP_ROUTE KG..KLJ35

TRACK_TIME 1167737286
TRACK A20110117570103 F 390400 844000 120 30 999 NONE NONE 290
	FP_ROUTE KC..KB733

TRACK_TIME 1167737286
TRACK A20110117570104 F 395500 1044060 120 30 999 NONE NONE 340
	FP_ROUTE KG..KC560

TRACK_TIME 1167737286
TRACK A20110117570107 F 351500 805800 120 30 999 NONE NONE 330
	FP_ROUTE KT..KCRJ9

TRACK_TIME 1167737286
TRACK A20110117570108 F 403900 734660 120 30 999 NONE NONE 390
	FP_ROUTE KC..KB735

TRACK_TIME 1167737286
TRACK A20110117570115 F 454900 1083300 120 30 999 NONE NONE 330
	FP_ROUTE KC..KB735

TRACK_TIME 1167737286
TRACK A20110117570117 F 404060 734900 120 30 999 NONE NONE 370
	FP_ROUTE KC..KB732

TRACK_TIME 1167737286
TRACK A20110117570125 F 421360 832200 120 30 999 NONE NONE 390
	FP_ROUTE KC..KB738

TRACK_TIME 1167737286
TRACK A20110117570126 F 404600 1115800 120 30 999 NONE NONE 260
	FP_ROUTE KC..KE135

TRACK_TIME 1167737286
TRACK A20110117570129 F 275700 823300 120 30 999 NONE NONE 340
	FP_ROUTE KC..KE145

TRACK_TIME 1167737286
TRACK A20110117570136 F 390400 773300 120 30 999 NONE NONE 410
	FP_ROUTE KC..KA320

TRACK_TIME 1167737286
TRACK A20110117570137 F 324600 1171960 120 30 999 NONE NONE 340
	FP_ROUTE KC..KB737

TRACK_TIME 1167737286
TRACK A20110117570139 F 414060 712700 120 30 999 NONE NONE 350
	FP_ROUTE KC..KB737

TRACK_TIME 1167737286
TRACK A20110117570141 F 325400 970100 120 30 999 NONE NONE 320
	FP_ROUTE KC..KB737

TRACK_TIME 1167737286
TRACK A20110117570143 F 420100 875500 120 30 999 NONE NONE 220
	FP_ROUTE KC..KE135

TRACK_TIME 1167737286
TRACK A20110117570150 F 420000 875260 120 30 999 NONE NONE 360
	FP_ROUTE KC..KB737

TRACK_TIME 1167737286
TRACK A20110117570151 F 445400 931360 120 30 999 NONE NONE 240
	FP_ROUTE KC..KA320

TRACK_TIME 1167737286
TRACK A20110117570152 F 420100 875700 120 30 999 NONE NONE 340
	FP_ROUTE KC..KB712

TRACK_TIME 1167737286
TRACK A20110117570159 F 441500 883160 120 30 999 NONE NONE 250
	FP_ROUTE KT..KCRJ9

TRACK_TIME 1167737286
TRACK A20110117570161 F 404000 752500 120 30 999 NONE NONE 270
	FP_ROUTE KC..KSF34

TRACK_TIME 1167737286
TRACK A20110117570164 F 404500 734960 120 30 999 NONE NONE 370
	FP_ROUTE KT..KCRJ9

TRACK_TIME 1167737286
TRACK A20110117570167 F 422100 710000 120 30 999 NONE NONE 350
	FP_ROUTE KC..KA320

TRACK_TIME 1167737286
TRACK A20110117570175 F 472860 1221900 120 30 999 NONE NONE 360
	FP_ROUTE KC..KB734

TRACK_TIME 1167737286
TRACK A20110117570185 F 355100 835700 120 30 999 NONE NONE 300
	FP_ROUTE KC..KB752

TRACK_TIME 1167737286
TRACK A20110117570186 F 380000 854360 120 30 999 NONE NONE 310
	FP_ROUTE KC..KA319

TRACK_TIME 1167737286
TRACK A20110117570187 F 333900 842700 120 30 999 NONE NONE 300
	FP_ROUTE KC..KCRJ2

TRACK_TIME 1167737286
TRACK A20110117570192 F 283000 811900 120 30 999 NONE NONE 400
	FP_ROUTE KC..KMD83

TRACK_TIME 1167737286
TRACK A20110117570196 F 394060 861960 120 30 999 NONE NONE 350
	FP_ROUTE KC..KB752

TRACK_TIME 1167737286
TRACK A20110117570197 F 364500 1114300 120 30 999 NONE NONE 210
	FP_ROUTE KC..KB737

TRACK_TIME 1167737286
TRACK A20110117570203 F 421900 710160 120 30 999 NONE NONE 330
	FP_ROUTE KT..KDH8D

TRACK_TIME 1167737286
TRACK A20110117570207 F 395200 751360 120 30 999 NONE NONE 350
	FP_ROUTE KC..KA320

TRACK_TIME 1167737286
TRACK A20110117570208 F 325100 965200 120 30 999 NONE NONE 380
	FP_ROUTE KC..KB752

TRACK_TIME 1167737286
TRACK A20110117570211 F 394960 1044060 120 30 999 NONE NONE 340
	FP_ROUTE KC..KB733

TRACK_TIME 1167737286
TRACK A20110117570215 F 414900 874660 120 30 999 NONE NONE 330
	FP_ROUTE KC..KA319

TRACK_TIME 1167737286
TRACK A20110117570225 F 211800 1575800 120 30 999 NONE NONE 280
	FP_ROUTE KC..KE170

TRACK_TIME 1167737286
TRACK A20110117570228 F 390760 763760 120 30 999 NONE NONE 290
	FP_ROUTE KG..KF900

TRACK_TIME 1167737286
TRACK A20110117570229 F 275560 823300 120 30 999 NONE NONE 360
	FP_ROUTE KC..KE135

TRACK_TIME 1167737286
TRACK A20110117570231 F 333760 843000 120 30 999 NONE NONE 400
	FP_ROUTE KC..KB737

TRACK_TIME 1167737286
TRACK A20110117570234 F 194300 1550460 120 30 999 NONE NONE 270
	FP_ROUTE KC..KB752

TRACK_TIME 1167737286
TRACK A20110117570236 F 392700 743300 120 30 999 NONE NONE 370
	FP_ROUTE KC..KB737

TRACK_TIME 1167737286
TRACK A20110117570238 F 414660 874600 120 30 999 NONE NONE 320
	FP_ROUTE KC..KB737

TRACK_TIME 1167737286
TRACK A20110117570243 F 302860 910460 120 30 999 NONE NONE 210
	FP_ROUTE KC..KB737

TRACK_TIME 1167737286
TRACK A20110117570244 F 462100 872400 120 30 999 NONE NONE 300
	FP_ROUTE KC..KCRJ2

TRACK_TIME 1167737286
TRACK A20110117570245 F 355100 784960 120 30 999 NONE NONE 290
	FP_ROUTE KC..KA321

TRACK_TIME 1167737286
TRACK A20110117570248 F 390900 763900 120 30 999 NONE NONE 390
	FP_ROUTE KC..KCRJ2

TRACK_TIME 1167737286
TRACK A20110117570250 F 395560 1044060 120 30 999 NONE NONE 380
	FP_ROUTE KC..KB737

TRACK_TIME 1167737286
TRACK A20110117570251 F 332560 1115700 120 30 999 NONE NONE 260
	FP_ROUTE KC..KA319

TRACK_TIME 1167737286
TRACK A20110117570255 F 335560 1183460 120 30 999 NONE NONE 280
	FP_ROUTE KC..KE170

TRACK_TIME 1167737286
TRACK A20110117570259 F 425400 875400 120 30 999 NONE NONE 400
	FP_ROUTE KC..KB738

TRACK_TIME 1167737286
TRACK A20110117570260 F 403760 734360 120 30 999 NONE NONE 220
	FP_ROUTE KC..KE170

TRACK_TIME 1167737286
TRACK A20110117570262 F 384900 770160 120 30 999 NONE NONE 230
	FP_ROUTE KC..KE170

TRACK_TIME 1167737286
TRACK A20110117570270 F 445200 931060 120 30 999 NONE NONE 340
	FP_ROUTE KC..KA319

TRACK_TIME 1167737286
TRACK A20110117570272 F 603760 1511200 120 30 999 NONE NONE 320
	FP_ROUTE KC..KMD83

TRACK_TIME 1167737286
TRACK A20110117570276 F 355200 835500 120 30 999 NONE NONE 330
	FP_ROUTE KC..KB753

TRACK_TIME 1167737286
TRACK A20110117570277 F 280100 823160 120 30 999 NONE NONE 400
	FP_ROUTE KC..KB752

TRACK_TIME 1167737286
TRACK A20110117570286 F 395200 751660 120 30 999 NONE NONE 280
	FP_ROUTE KC..KA320

TRACK_TIME 1167737286
TRACK A20110117570288 F 261200 801300 120 30 999 NONE NONE 410
	FP_ROUTE KC..KLJ45

TRACK_TIME 1167737286
TRACK A20110117570290 F 335700 1182260 120 30 999 NONE NONE 380
	FP_ROUTE KC..KLJ45

TRACK_TIME 1167737286
TRACK A20110117570292 F 424500 860600 120 30 999 NONE NONE 400
	FP_ROUTE KT..KE145

TRACK_TIME 1167737286
TRACK A20110117570299 F 403000 801660 120 30 999 NONE NONE 350
	FP_ROUTE KC..KCRJ2

TRACK_TIME 1167737286
TRACK A20110117570314 F 360160 800100 120 30 999 NONE NONE 240
	FP_ROUTE KC..KA319

TRACK_TIME 1167737286
TRACK A20110117570325 F 445200 931000 120 30 999 NONE NONE 280
	FP_ROUTE KC..KB737

TRACK_TIME 1167737286
TRACK A20110117570330 F 614500 1490100 120 30 999 NONE NONE 340
	FP_ROUTE KC..KB738

TRACK_TIME 1167737286
TRACK A20110117570341 F 321200 900900 120 30 999 NONE NONE 240
	FP_ROUTE KG..KC560

TRACK_TIME 1167737286
TRACK A20110117570344 F 333760 843000 120 30 999 NONE NONE 240
	FP_ROUTE KC..KA319

TRACK_TIME 1167737286
TRACK A20110117570345 F 445260 931360 120 30 999 NONE NONE 310
	FP_ROUTE KT..KE145

TRACK_TIME 1167737286
TRACK A20110117570350 F 351000 805560 120 30 999 NONE NONE 390
	FP_ROUTE KT..KE145

TRACK_TIME 1167737286
TRACK A20110117570355 F 584200 1563100 120 30 999 NONE NONE 200
	FP_ROUTE KT..KC750

TRACK_TIME 1167737286
TRACK A20110117570356 F 300000 901660 120 30 999 NONE NONE 330
	FP_ROUTE KC..KA321

TRACK_TIME 1167737286
TRACK A20110117570357 F 394660 894500 120 30 999 NONE NONE 380
	FP_ROUTE KT..KDH8D

TRACK_TIME 1167737286
TRACK A20110117570358 F 412560 814900 120 30 999 NONE NONE 260
	FP_ROUTE KC..KA320

TRACK_TIME 1167737286
TRACK A20110117570359 F 254800 801600 120 30 999 NONE NONE 360
	FP_ROUTE KC..KB733

TRACK_TIME 1167737286
TRACK A20110117570363 F 421000 875560 120 30 999 NONE NONE 410
	FP_ROUTE KC..KB733

TRACK_TIME 1167737286
TRACK A20110117570367 F 542400 1660700 120 30 999 NONE NONE 200
	FP_ROUTE KT..KCRJ2

TRACK_TIME 1167737286
TRACK A20110117570368 F 430300 881900 120 30 999 NONE NONE 320
	FP_ROUTE KC..KCRJ2

TRACK_TIME 1167737286
TRACK A20110117570369 F 384900 1213600 120 30 999 NONE NONE 390
	FP_ROUTE KC..KCRJ2

TRACK_TIME 1167737286
TRACK A20110117570370 F 374060 1221060 120 30 999 NONE NONE 300
	FP_ROUTE KC..KE170

TRACK_TIME 1167737286
TRACK A20110117570373 F 422100 710100 120 30 999 NONE NONE 370
	FP_ROUTE KT..KC750

TRACK_TIME 1167737286
TRACK A20110117570375 F 385860 772800 120 30 999 NONE NONE 370
	FP_ROUTE KT..KC750

TRACK_TIME 1167737286
TRACK A20110117570376 F 335560 1182200 120 30 999 NONE NONE 380
	FP_ROUTE KC..KB763

TRACK_TIME 1167737286
TRACK A20110117570377 F 335560 1182500 120 30 999 NONE NONE 320
	FP_ROUTE KC..KB752

TRACK_TIME 1167737286
TRACK A20110117570378 F 334200 1175100 120 30 999 NONE NONE 350
	FP_ROUTE KC..KB737

TRACK_TIME 1167737286
TRACK A20110117570382 F 405500 1043160 120 30 999 NONE NONE 360
	FP_ROUTE KC..KB752

TRACK_TIME 1167737286
TRACK A20110117570392 F 453460 1223400 120 30 999 NONE NONE 240
	FP_ROUTE KC..KE145

TRACK_TIME 1167737286
TRACK A20110117570394 F 303100 863000 120 30 999 NONE NONE 260
	FP_ROUTE KC..KB753

TRACK_TIME 1167737286
TRACK A20110117570401 F 342800 1195260 120 30 999 NONE NONE 290
	FP_ROUTE KC..KB734

TRACK_TIME 1167737286
TRACK A20110117570403 F 320760 811360 120 30 999 NONE NONE 200
	FP_ROUTE KC..KB738

TRACK_TIME 1167737286
TRACK A20110117570410 F 403000 801660 120 30 999 NONE NONE 210
	FP_ROUTE KC..KSF34

TRACK_TIME 1167737286
TRACK A20110117570411 F 333700 843000 120 30 999 NONE NONE 370
	FP_ROUTE KC..KMD83

TRACK_TIME 1167737286
TRACK A20110117570412 F 295860 951800 120 30 999 NONE NONE 220
	FP_ROUTE KC..KA320

TRACK_TIME 1167737286
TRACK A20110117570417 F 403000 801800 120 30 999 NONE NONE 350
	FP_ROUTE KC..KA320

TRACK_TIME 1167737286
TRACK A20110117570418 F 384300 903400 120 30 999 NONE NONE 380
	FP_ROUTE KC..KB737

TRACK_TIME 1167737286
TRACK A20110117570419 F 332560 1115800 120 30 999 NONE NONE 330
	FP_ROUTE KC..KE190

TRACK_TIME 1167737286
TRACK A20110117570420 F 425800 784060 120 30 999 NONE NONE 220
	FP_ROUTE KC..KB738

TRACK_TIME 1167737286
TRACK A20110117570421 F 301200 974060 120 30 999 NONE NONE 350
	FP_ROUTE KG..KBE9L

TRACK_TIME 1167737286
TRACK A20110117570424 F 342800 1195860 120 30 999 NONE NONE 380
	FP_ROUTE KC..KA319

TRACK_TIME 1167737286
TRACK A20110117570435 F 384300 1213600 120 30 999 NONE NONE 340
	FP_ROUTE KC..KE145

TRACK_TIME 1167737286
TRACK A20110117570443 F 325200 965200 120 30 999 NONE NONE 370
	FP_ROUTE KC..KB739

TRACK_TIME 1167737286
TRACK A20110117570459 F 445400 931360 120 30 999 NONE NONE 320
	FP_ROUTE KC..KA320

TRACK_TIME 1167737286
TRACK A20110117570466 F 373900 1220900 120 30 999 NONE NONE 390
	FP_ROUTE KC..KMD83

TRACK_TIME 1167737286
TRACK A20110117570470 F 420460 880100 120 30 999 NONE NONE 230
	FP_ROUTE KC..KE145

TRACK_TIME 1167737286
TRACK A20110117570477 F 360600 864060 120 30 999 NONE NONE 280
	FP_ROUTE KC..KE170

TRACK_TIME 1167737286
TRACK A20110117570483 F 422200 710100 120 30 999 NONE NONE 370
	FP_ROUTE KC..KE145

TRACK_TIME 1167737286
TRACK A20110117570487 F 352500 973700 120 30 999 NONE NONE 380
	FP_ROUTE KC..KE190

TRACK_TIME 1167737286
TRACK A20110117570489 F 262500 820160 120 30 999 NONE NONE 390
	FP_ROUTE KT..KCRJ2

TRACK_TIME 1167737286
TRACK A20110117570490 F 300000 952400 120 30 999 NONE NONE 190
	FP_ROUTE KC..KB752

TRACK_TIME 1167737286
TRACK A20110117570492 F 351360 805800 120 30 999 NONE NONE 330
	FP_ROUTE KT..KCRJ9

TRACK_TIME 1167737286
TRACK A20110117570508 F 260460 801300 120 30 999 NONE NONE 360
	FP_ROUTE KC..KB752

TRACK_TIME 1167737286
TRACK A20110117570522 F 371960 1215400 120 30 999 NONE NONE 350
	FP_ROUTE KC..KMD82

TRACK_TIME 1167737286
TRACK A20110117570527 F 472800 1221900 120 30 999 NONE NONE 340
	FP_ROUTE KT..KCRJ1

TRACK_TIME 1167737286
TRACK A20110117570532 F 335500 1183460 120 30 999 NONE NONE 360
	FP_ROUTE KC..KMD83

TRACK_TIME 1167737286
TRACK A20110117570535 F 321660 900400 120 30 999 NONE NONE 340
	FP_ROUTE KC..KA320

TRACK_TIME 1167737286
TRACK A20110117570538 F 325400 970100 120 30 999 NONE NONE 320
	FP_ROUTE KC..KB738

TRACK_TIME 1167737286
TRACK A20110117570543 F 182500 660160 120 30 999 NONE NONE 370
	FP_ROUTE KC..KA319

TRACK_TIME 1167737286
TRACK A20110117570552 F 295860 951660 120 30 999 NONE NONE 360
	FP_ROUTE KC..KB712

TRACK_TIME 1167737286
TRACK A20110117570553 F 361660 941900 120 30 999 NONE NONE 270
	FP_ROUTE KC..KE190

TRACK_TIME 1167737286
TRACK A20110117570568 F 335500 1183160 120 30 999 NONE NONE 260
	FP_ROUTE KC..KA320

TRACK_TIME 1167737286
TRACK A20110117570577 F 332560 1115860 120 30 999 NONE NONE 410
	FP_ROUTE KC..KB737

TRACK_TIME 1167737286
TRACK A20110117570578 F 295800 951500 120 30 999 NONE NONE 200
	FP_ROUTE KC..KB737

TRACK_TIME 1167737286
TRACK A20110117570580 F 275560 823300 120 30 999 NONE NONE 370
	FP_ROUTE KC..KB752

TRACK_TIME 1167737286
TRACK A20110117570585 F 254660 802100 120 30 999 NONE NONE 350
	FP_ROUTE KC..KB737

TRACK_TIME 1167737286
TRACK A20110117570587 F 373600 1221960 120 30 999 NONE NONE 360
	FP_ROUTE KC..KCRJ2

TRACK_TIME 1167737286
TRACK A20110117570594 F 361060 864000 120 30 999 NONE NONE 280
	FP_ROUTE KC..KCRJ2

TRACK_TIME 1167737286
TRACK A20110117570595 F 352560 973600 120 30 999 NONE NONE 360
	FP_ROUTE KC..KMD82

TRACK_TIME 1167737286
TRACK A20110117570600 F 335500 1183160 120 30 999 NONE NONE 240
	FP_ROUTE KC..KMD82

TRACK_TIME 1167737286
TRACK A20110117570601 F 374060 1221060 120 30 999 NONE NONE 390
	FP_ROUTE KC..KB737

TRACK_TIME 1167737286
TRACK A20110117570603 F 340300 1174300 120 30 999 NONE NONE 410
	FP_ROUTE KC..KMD82

TRACK_TIME 1167737286
TRACK A20110117570606 F 355100 835560 120 30 999 NONE NONE 280
	FP_ROUTE KC..KMD82

TRACK_TIME 1167737286
TRACK A20110117570607 F 404800 1115860 120 30 999 NONE NONE 320
	FP_ROUTE KT..KCRJ9

TRACK_TIME 1167737286
TRACK A20110117570608 F 374900 972560 120 30 999 NONE NONE 240
	FP_ROUTE KG..KBE20

TRACK_TIME 1167737286
TRACK A20110117570609 F 362260 1145860 120 30 999 NONE NONE 390
	FP_ROUTE KC..KB738

TRACK_TIME 1167737286
TRACK A20110117570611 F 371900 1215260 120 30 999 NONE NONE 360
	FP_ROUTE KC..KB738

TRACK_TIME 1167737286
TRACK A20110117570615 F 334800 1180760 120 30 999 NONE NONE 360
	FP_ROUTE KC..KB752

TRACK_TIME 1167737286
TRACK A20110117570617 F 301000 974000 120 30 999 NONE NONE 220
	FP_ROUTE KC..KA320

TRACK_TIME 1167737286
TRACK A20110117570618 F 374000 1221000 120 30 999 NONE NONE 340
	FP_ROUTE KC..KB738

TRACK_TIME 1167737286
TRACK A20110117570619 F 360600 1150760 120 30 999 NONE NONE 330
	FP_ROUTE KC..KB737

TRACK_TIME 1167737286
TRACK A20110117570621 F 332560 1120400 120 30 999 NONE NONE 330
	FP_ROUTE KC..KB712

TRACK_TIME 1167737286
TRACK A20110117570622 F 335500 1183160 120 30 999 NONE NONE 350
	FP_ROUTE KC..KA319

TRACK_TIME 1167737286
TRACK A20110117570629 F 254660 802100 120 30 999 NONE NONE 390
	FP_ROUTE KT..KCRJ2

TRACK_TIME 1167737286
TRACK A20110117570633 F 371960 1215400 120 30 999 NONE NONE 380
	FP_ROUTE KC..KB737

TRACK_TIME 1167737286
TRACK A20110117570636 F 360160 800100 120 30 999 NONE NONE 270
	FP_ROUTE KC..KB763

TRACK_TIME 1167737286
TRACK A20110117570639 F 260400 801200 120 30 999 NONE NONE 379
	FP_ROUTE KC..KA319

TRACK_TIME 1167737286
TRACK A20110117570640 F 394000 861960 120 30 999 NONE NONE 320
	FP_ROUTE KC..KB752

TRACK_TIME 1167737286
TRACK A20110117570654 F 374300 1220900 120 30 999 NONE NONE 320
	FP_ROUTE KC..KB737

TRACK_TIME 1167737286
TRACK A20110117570655 F 335400 1181300 120 30 999 NONE NONE 330
	FP_ROUTE KC..KB738

TRACK_TIME 1167737286
TRACK A20110117570657 F 414660 874500 120 30 999 NONE NONE 380
	FP_ROUTE KC..KMD82

TRACK_TIME 1167737286
TRACK A20110117570679 F 404000 741060 120 30 999 NONE NONE 369
	FP_ROUTE KC..KB738

TRACK_TIME 1167737286
TRACK A20110117570684 F 404800 1120000 120 30 999 NONE NONE 360
	FP_ROUTE KC..KC560

TRACK_TIME 1167737286
TRACK A20110117570686 F 404900 1120000 120 30 999 NONE NONE 340
	FP_ROUTE KC..KA320

TRACK_TIME 1167737286
TRACK A20110117570687 F 465500 1140460 120 30 999 NONE NONE 320
	FP_ROUTE KC..KE135

TRACK_TIME 1167737286
TRACK A20110117570689 F 414800 874600 120 30 999 NONE NONE 370
	FP_ROUTE KC..KA319

TRACK_TIME 1167737286
TRACK A20110117570695 F 404800 1115860 120 30 999 NONE NONE 360
	FP_ROUTE KT..KCRJ9

TRACK_TIME 1167737286
TRACK A20110117570696 F 413000 741060 120 30 999 NONE NONE 310
	FP_ROUTE KC..KA320

TRACK_TIME 1167737286
TRACK A20110117570697 F 333760 843000 120 30 999 NONE NONE 370
	FP_ROUTE KC..KB738

TRACK_TIME 1167737286
TRACK A20110117570698 F 404200 751960 120 30 999 NONE NONE 250
	FP_ROUTE KC..KA320

TRACK_TIME 1167737286
TRACK A20110117570700 F 315260 1020400 120 30 999 NONE NONE 230
	FP_ROUTE KC..KE145

TRACK_TIME 1167737286
TRACK A20110117570701 F 332700 1120300 120 30 999 NONE NONE 350
	FP_ROUTE KC..KB735

TRACK_TIME 1167737286
TRACK A20110117570702 F 332560 1115860 120 30 999 NONE NONE 380
	FP_ROUTE KC..KB753

TRACK_TIME 1167737286
TRACK A20110117570711 F 412700 1084200 120 30 999 NONE NONE 199
	FP_ROUTE KC..KA321

TRACK_TIME 1167737286
TRACK A20110117570712 F 355200 784800 120 30 999 NONE NONE 370
	FP_ROUTE KC..KB712

TRACK_TIME 1167737286
TRACK A20110117570715 F 275560 823300 120 30 999 NONE NONE 310
	FP_ROUTE KC..KB772

TRACK_TIME 1167737286
TRACK A20110117570720 F 305100 863900 120 30 999 NONE NONE 220
	FP_ROUTE KC..KA319

TRACK_TIME 1167737286
TRACK A20110117570721 F 325200 970100 120 30 999 NONE NONE 360
	FP_ROUTE KC..KA320

TRACK_TIME 1167737286
TRACK A20110117570726 F 335700 1182400 120 30 999 NONE NONE 400
	FP_ROUTE KC..KE145

TRACK_TIME 1167737286
TRACK A20110117570732 F 303760 881000 120 30 999 NONE NONE 270
	FP_ROUTE KC..KE145

TRACK_TIME 1167737286
TRACK A20110117570733 F 420000 875560 120 30 999 NONE NONE 370
	FP_ROUTE KG..KF900

TRACK_TIME 1167737286
TRACK A20110117570734 F 390460 843900 120 30 999 NONE NONE 210
	FP_ROUTE KG..KF900

TRACK_TIME 1167737286
TRACK A20110117570736 F 421360 832200 120 30 999 NONE NONE 320
	FP_ROUTE KC..KA320

TRACK_TIME 1167737286
TRACK A20110117570737 F 324300 1170900 120 30 999 NONE NONE 390
	FP_ROUTE KC..KA319

TRACK_TIME 1167737286
TRACK A20110117570739 F 420100 875560 120 30 999 NONE NONE 360
	FP_ROUTE KC..KA320

TRACK_TIME 1167737286
TRACK A20110117570742 F 332560 1115860 120 30 999 NONE NONE 250
	FP_ROUTE KC..KB735

TRACK_TIME 1167737286
TRACK A20110117570744 F 325500 970100 120 30 999 NONE NONE 360
	FP_ROUTE KC..KB734

TRACK_TIME 1167737286
TRACK A20110117570747 F 381060 854500 120 30 999 NONE NONE 390
	FP_ROUTE KT..KCRJ1

TRACK_TIME 1167737286
TRACK A20110117570749 F 335700 1182560 120 30 999 NONE NONE 210
	FP_ROUTE KC..KA320

TRACK_TIME 1167737286
TRACK A20110117570751 F 415800 875560 120 30 999 NONE NONE 350
	FP_ROUTE KC..KB762

TRACK_TIME 1167737286
TRACK A20110117570754 F 400000 825260 120 30 999 NONE NONE 330
	FP_ROUTE KC..KA320

TRACK_TIME 1167737286
TRACK A20110117570756 F 371360 932260 120 30 999 NONE NONE 270
	FP_ROUTE KC..KA320

TRACK_TIME 1167737286
TRACK A20110117570757 F 373900 1220760 120 30 999 NONE NONE 380
	FP_ROUTE KC..KB738

TRACK_TIME 1167737286
TRACK A20110117570758 F 392700 1194600 120 30 999 NONE NONE 360
	FP_ROUTE KC..KA320

TRACK_TIME 1167737286
TRACK A20110117570766 F 433300 1161000 120 30 999 NONE NONE 310
	FP_ROUTE KC..KE135

TRACK_TIME 1167737286
TRACK A20110117570768 F 473700 1173160 120 30 999 NONE NONE 320
	FP_ROUTE KC..KB763

TRACK_TIME 1167737286
TRACK A20110117570771 F 445200 931060 120 30 999 NONE NONE 380
	FP_ROUTE KC..KB752

TRACK_TIME 1167737286
TRACK A20110117570773 F 472800 1221900 120 30 999 NONE NONE 320
	FP_ROUTE KC..KCRJ9

TRACK_TIME 1167737286
TRACK A20110117570774 F 350160 1063300 120 30 999 NONE NONE 330
	FP_ROUTE KT..KCRJ2

TRACK_TIME 1167737286
TRACK A20110117570784 F 332560 1115860 120 30 999 NONE NONE 340
	FP_ROUTE KG..KF900

TRACK_TIME 1167737286
TRACK A20110117570791 F 414800 874660 120 30 999 NONE NONE 350
	FP_ROUTE KC..KB738

TRACK_TIME 1167737286
TRACK A20110117570794 F 395400 750400 120 30 999 NONE NONE 350
	FP_ROUTE KC..KA321

TRACK_TIME 1167737286
TRACK A20110117570802 F 360600 864000 120 30 999 NONE NONE 390
	FP_ROUTE KC..KB738

TRACK_TIME 1167737286
TRACK A20110117570810 F 395700 855200 120 30 999 NONE NONE 380
	FP_ROUTE KT..KCRJ9

TRACK_TIME 1167737286
TRACK A20110117570816 F 420100 875700 120 30 999 NONE NONE 380
	FP_ROUTE KT..KCRJ1

TRACK_TIME 1167737286
TRACK A20110117570820 F 350400 895860 120 30 999 NONE NONE 230
	FP_ROUTE KC..KE145

TRACK_TIME 1167737286
TRACK A20110117570823 F 373600 1221900 120 30 999 NONE NONE 400
	FP_ROUTE KT..KCRJ9

TRACK_TIME 1167737286
TRACK A20110117570824 F 300600 974000 120 30 999 NONE NONE 220
	FP_ROUTE KC..KCRJ9

TRACK_TIME 1167737286
TRACK A20110117570833 F 360460 1150760 120 30 999 NONE NONE 380
	FP_ROUTE KT..KCRJ9

TRACK_TIME 1167737286
TRACK A20110117570842 F 275560 823300 120 30 999 NONE NONE 380
	FP_ROUTE KC..KB712

TRACK_TIME 1167737286
TRACK A20110117570844 F 403700 734660 120 30 999 NONE NONE 350
	FP_ROUTE KC..KE170

TRACK_TIME 1167737286
TRACK A20110117570847 F 360460 1151300 120 30 999 NONE NONE 320
	FP_ROUTE KC..KE145

TRACK_TIME 1167737286
TRACK A20110117570851 F 394500 861600 120 30 999 NONE NONE 330
	FP_ROUTE KC..KB733

TRACK_TIME 1167737286
TRACK A20110117570853 F 415800 874900 120 30 999 NONE NONE 390
	FP_ROUTE KC..KB737

TRACK_TIME 1167737286
TRACK A20110117570861 F 353460 973760 120 30 999 NONE NONE 240
	FP_ROUTE KC..KB737

TRACK_TIME 1167737286
TRACK A20110117570867 F 425560 784500 120 30 999 NONE NONE 330
	FP_ROUTE KC..KB712

TRACK_TIME 1167737286
TRACK A20110117570868 F 275560 823300 120 30 999 NONE NONE 400
	FP_ROUTE KC..KB737

TRACK_TIME 1167737286
TRACK A20110117570873 F 373600 1221960 120 30 999 NONE NONE 360
	FP_ROUTE KC..KB737

TRACK_TIME 1167737286
TRACK A20110117570879 F 335560 1182200 120 30 999 NONE NONE 320
	FP_ROUTE KC..KE145

TRACK_TIME 1167737286
TRACK A20110117570889 F 324600 1171960 120 30 999 NONE NONE 360
	FP_ROUTE KC..KB737

TRACK_TIME 1167737286
TRACK A20110117570897 F 254800 801900 120 30 999 NONE NONE 230
	FP_ROUTE KC..KCL60

TRACK_TIME 1167737286
TRACK A20110117570903 F 325200 965200 120 30 999 NONE NONE 400
	FP_ROUTE KC..KB712

TRACK_TIME 1167737286
TRACK A20110117570904 F 332500 815860 120 30 999 NONE NONE 370
	FP_ROUTE KG..KFA50

TRACK_TIME 1167737286
TRACK A20110117570910 F 364500 1193300 120 30 999 NONE NONE 230
	FP_ROUTE KC..KE170

TRACK_TIME 1167737286
TRACK A20110117570915 F 262800 815500 120 30 999 NONE NONE 330
	FP_ROUTE KC..KE170

TRACK_TIME 1167737286
TRACK A20110117570919 F 392560 744360 120 30 999 NONE NONE 350
	FP_ROUTE KC..KB737

TRACK_TIME 1167737286
TRACK A20110117570921 F 425500 784600 120 30 999 NONE NONE 220
	FP_ROUTE KC..KA320

TRACK_TIME 1167737286
TRACK A20110117570922 F 402800 1160300 120 30 999 NONE NONE 330
	FP_ROUTE KC..KB738

TRACK_TIME 1167737286
TRACK A20110117570925 F 403460 752800 120 30 999 NONE NONE 230
	FP_ROUTE KC..KA320

TRACK_TIME 1167737286
TRACK A20110117570927 F 421300 831960 120 30 999 NONE NONE 280
	FP_ROUTE KT..KCRJ9

TRACK_TIME 1167737286
TRACK A20110117570928 F 333900 842860 120 30 999 NONE NONE 360
	FP_ROUTE KC..KE170

TRACK_TIME 1167737286
TRACK A20110117570940 F 412500 814960 120 30 999 NONE NONE 370
	FP_ROUTE KC..KCRJ2

TRACK_TIME 1167737286
TRACK A20110117570941 F 373900 1220760 120 30 999 NONE NONE 300
	FP_ROUTE KC..KCRJ2

TRACK_TIME 1167737286
TRACK A20110117570945 F 372100 1215400 120 30 999 NONE NONE 320
	FP_ROUTE KC..KCRJ2

TRACK_TIME 1167737286
TRACK A20110117570947 F 360600 1151060 120 30 999 NONE NONE 330
	FP_ROUTE KC..KCRJ2

TRACK_TIME 1167737286
TRACK A20110117570949 F 380160 844200 120 30 999 NONE NONE 260
	FP_ROUTE KC..KA320

TRACK_TIME 1167737286
TRACK A20110117570951 F 333760 842860 120 30 999 NONE NONE 350
	FP_ROUTE KC..KB734

TRACK_TIME 1167737286
TRACK A20110117570957 F 261200 981660 120 30 999 NONE NONE 260
	FP_ROUTE KC..KB763

TRACK_TIME 1167737286
TRACK A20110117570960 F 360460 1151060 120 30 999 NONE NONE 400
	FP_ROUTE KC..KCRJ2

TRACK_TIME 1167737286
TRACK A20110117570962 F 373600 1221960 120 30 999 NONE NONE 380
	FP_ROUTE KC..KE135

TRACK_TIME 1167737286
TRACK A20110117570984 F 333760 842800 120 30 999 NONE NONE 240
	FP_ROUTE KT..KCRJ2

TRACK_TIME 1167737286
TRACK A20110117570999 F 293760 951800 120 30 999 NONE NONE 350
	FP_ROUTE KC..KB737

TRACK_TIME 1167737286
TRACK A20110117571007 F 442800 730760 120 30 999 NONE NONE 230
	FP_ROUTE KC..KB733

TRACK_TIME 1167737286
TRACK A20110117571008 F 384500 901900 120 30 999 NONE NONE 360
	FP_ROUTE KC..KE145

TRACK_TIME 1167737286
TRACK A20110117571010 F 351060 805800 120 30 999 NONE NONE 310
	FP_ROUTE KC..KE135

TRACK_TIME 1167737286
TRACK A20110117571011 F 282700 811800 120 30 999 NONE NONE 410
	FP_ROUTE KC..KB733

TRACK_TIME 1167737286
TRACK A20110117571014 F 422100 705860 120 30 999 NONE NONE 230
	FP_ROUTE KC..KB737

TRACK_TIME 1167737286
TRACK A20110117571015 F 605560 1490100 120 30 999 NONE NONE 340
	FP_ROUTE KC..KE135

TRACK_TIME 1167737286
TRACK A20110117571017 F 442560 730600 120 30 999 NONE NONE 190
	FP_ROUTE KC..KA320

TRACK_TIME 1167737286
TRACK A20110117571022 F 333700 842860 120 30 999 NONE NONE 250
	FP_ROUTE KC..KA319

TRACK_TIME 1167737286
TRACK A20110117571023 F 415100 880000 120 30 999 NONE NONE 310
	FP_ROUTE KC..KB737

TRACK_TIME 1167737286
TRACK A20110117571024 F 392800 1194600 120 30 999 NONE NONE 250
	FP_ROUTE KT..KCRJ1

TRACK_TIME 1167737286
TRACK A20110117571029 F 334200 1175100 120 30 999 NONE NONE 390
	FP_ROUTE KT..KCRJ2

TRACK_TIME 1167737286
TRACK A20110117571030 F 415560 875560 120 30 999 NONE NONE 290
	FP_ROUTE KC..KB738

TRACK_TIME 1167737286
TRACK A20110117571033 F 300000 901900 120 30 999 NONE NONE 340
	FP_ROUTE KC..KE170

TRACK_TIME 1167737286
TRACK A20110117571036 F 400000 824960 120 30 999 NONE NONE 210
	FP_ROUTE KC..KB735

TRACK_TIME 1167737286
TRACK A20110117571040 F 404500 735400 120 30 999 NONE NONE 290
	FP_ROUTE KG..KCL60

TRACK_TIME 1167737286
TRACK A20110117571041 F 335700 1182560 120 30 999 NONE NONE 380
	FP_ROUTE KC..KA320

TRACK_TIME 1167737286
TRACK A20110117571042 F 395500 841200 120 30 999 NONE NONE 310
	FP_ROUTE KC..KB735

TRACK_TIME 1167737286
TRACK A20110117571043 F 422100 710100 120 30 999 NONE NONE 360
	FP_ROUTE KC..KE145

TRACK_TIME 1167737286
TRACK A20110117571044 F 400000 825200 120 30 999 NONE NONE 390
	FP_ROUTE KG..KMU2

TRACK_TIME 1167737286
TRACK A20110117571052 F 472800 1221900 120 30 999 NONE NONE 380
	FP_ROUTE KG..KMU2

TRACK_TIME 1167737286
TRACK A20110117571063 F 370700 1074600 120 30 999 NONE NONE 240
	FP_ROUTE KC..KB712

TRACK_TIME 1167737286
TRACK A20110117571065 F 440700 911300 120 30 999 NONE NONE 183
	FP_ROUTE KC..KA321

TRACK_TIME 1167737286
TRACK A20110117571066 F 460460 1124500 120 30 999 NONE NONE 280
	FP_ROUTE KC..KC560

TRACK_TIME 1167737286
TRACK A20110117571067 F 404800 1120000 120 30 999 NONE NONE 330
	FP_ROUTE KC..KB738

TRACK_TIME 1167737286
TRACK A20110117571068 F 374060 1221060 120 30 999 NONE NONE 340
	FP_ROUTE KC..KCRJ2

TRACK_TIME 1167737286
TRACK A20110117571072 F 453460 1223400 120 30 999 NONE NONE 360
	FP_ROUTE KC..KE190

TRACK_TIME 1167737286
TRACK A20110117571073 F 404500 734600 120 30 999 NONE NONE 360
	FP_ROUTE KC..KB733

TRACK_TIME 1167737286
TRACK A20110117571077 F 373600 1221900 120 30 999 NONE NONE 380
	FP_ROUTE KC..KB733

TRACK_TIME 1167737286
TRACK A20110117571085 F 414900 874800 120 30 999 NONE NONE 390
	FP_ROUTE KC..KCRJ2

TRACK_TIME 1167737286
TRACK A20110117571087 F 422100 710100 120 30 999 NONE NONE 390
	FP_ROUTE KC..KCRJ2

TRACK_TIME 1167737286
TRACK A20110117571088 F 391060 764300 120 30 999 NONE NONE 320
	FP_ROUTE KC..KB752

TRACK_TIME 1167737286
TRACK A20110117571093 F 280100 823160 120 30 999 NONE NONE 380
	FP_ROUTE KC..KE145

TRACK_TIME 1167737286
TRACK A20110117571097 F 371360 932260 120 30 999 NONE NONE 350
	FP_ROUTE KC..KA320

TRACK_TIME 1167737286
TRACK A20110117571098 F 430900 774000 120 30 999 NONE NONE 290
	FP_ROUTE KC..KA320

TRACK_TIME 1167737286
TRACK A20110117571099 F 394200 861900 120 30 999 NONE NONE 400
	FP_ROUTE KT..KCRJ2

TRACK_TIME 1167737286
TRACK A20110117571103 F 325200 970300 120 30 999 NONE NONE 390
	FP_ROUTE KC..KCRJ2

TRACK_TIME 1167737286
TRACK A20110117571105 F 325500 970160 120 30 999 NONE NONE 340
	FP_ROUTE KC..KB733

TRACK_TIME 1167737286
TRACK A20110117571110 F 414800 874600 120 30 999 NONE NONE 300
	FP_ROUTE KG..KBE20

TRACK_TIME 1167737286
TRACK A20110117571111 F 321900 863100 120 30 999 NONE NONE 270
	FP_ROUTE KC..KB733

TRACK_TIME 1167737286
TRACK A20110117571115 F 324360 1170900 120 30 999 NONE NONE 380
	FP_ROUTE KC..KB737

TRACK_TIME 1167737286
TRACK A20110117571116 F 350160 1063900 120 30 999 NONE NONE 380
	FP_ROUTE KC..KB712

TRACK_TIME 1167737286
TRACK A20110117571118 F 421360 832100 120 30 999 NONE NONE 230
	FP_ROUTE KC..KB712

TRACK_TIME 1167737286
TRACK A20110117571119 F 394900 1043900 120 30 999 NONE NONE 350
	FP_ROUTE KC..KB733

TRACK_TIME 1167737286
TRACK A20110117571125 F 395200 751660 120 30 999 NONE NONE 390
	FP_ROUTE KC..KB712

TRACK_TIME 1167737286
TRACK A20110117571126 F 413460 934200 120 30 999 NONE NONE 230
	FP_ROUTE KC..KB753

TRACK_TIME 1167737286
TRACK A20110117571128 F 334800 1180760 120 30 999 NONE NONE 340
	FP_ROUTE KC..KB712

TRACK_TIME 1167737286
TRACK A20110117571129 F 404000 741060 120 30 999 NONE NONE 390
	FP_ROUTE KT..KC750

TRACK_TIME 1167737286
TRACK A20110117571132 F 384600 1074660 120 30 999 NONE NONE 260
	FP_ROUTE KC..KB712

TRACK_TIME 1167737286
TRACK A20110117571135 F 421300 831960 120 30 999 NONE NONE 280
	FP_ROUTE KC..KE170

TRACK_TIME 1167737286
TRACK A20110117571137 F 333700 842260 120 30 999 NONE NONE 330
	FP_ROUTE KC..KA321

TRACK_TIME 1167737286
TRACK A20110117571140 F 404600 735260 120 30 999 NONE NONE 370
	FP_ROUTE KC..KB737

TRACK_TIME 1167737286
TRACK A20110117571141 F 394960 1044360 120 30 999 NONE NONE 250
	FP_ROUTE KC..KMD83

TRACK_TIME 1167737286
TRACK A20110117571142 F 384900 770160 120 30 999 NONE NONE 350
	FP_ROUTE KC..KA321

TRACK_TIME 1167737286
TRACK A20110117571148 F 351200 805800 120 30 999 NONE NONE 260
	FP_ROUTE KC..KA319

TRACK_TIME 1167737286
TRACK A20110117571151 F 325200 970300 120 30 999 NONE NONE 270
	FP_ROUTE KC..KB712

TRACK_TIME 1167737286
TRACK A20110117571152 F 360400 1151800 120 30 999 NONE NONE 360
	FP_ROUTE KC..KE145

TRACK_TIME 1167737286
TRACK A20110117571153 F 293300 983000 120 30 999 NONE NONE 360
	FP_ROUTE KC..KB738

TRACK_TIME 1167737286
TRACK A20110117571156 F 403700 734500 120 30 999 NONE NONE 390
	FP_ROUTE KC..KMD83

TRACK_TIME 1167737286
TRACK A20110117571163 F 445400 931500 120 30 999 NONE NONE 330
	FP_ROUTE KC..KB733

TRACK_TIME 1167737286
TRACK A20110117571173 F 325500 970160 120 30 999 NONE NONE 360
	FP_ROUTE KC..KMD82

TRACK_TIME 1167737286
TRACK A20110117571174 F 355260 784800 120 30 999 NONE NONE 370
	FP_ROUTE KC..KMD82

TRACK_TIME 1167737286
TRACK A20110117571175 F 325260 970300 120 30 999 NONE NONE 330
	FP_ROUTE KC..KB738

TRACK_TIME 1167737286
TRACK A20110117571176 F 300600 974200 120 30 999 NONE NONE 200
	FP_ROUTE KC..KB752

TRACK_TIME 1167737286
TRACK A20110117571192 F 404500 734960 120 30 999 NONE NONE 330
	FP_ROUTE KC..KB733

TRACK_TIME 1167737286
TRACK A20110117571205 F 303600 881060 120 30 999 NONE NONE 270
	FP_ROUTE KC..KB733

TRACK_TIME 1167737286
TRACK A20110117571206 F 300000 952200 120 30 999 NONE NONE 360
	FP_ROUTE KC..KB738

TRACK_TIME 1167737286
TRACK A20110117571208 F 403600 734660 120 30 999 NONE NONE 370
	FP_ROUTE KT..KC750

TRACK_TIME 1167737286
TRACK A20110117571209 F 360400 1150600 120 30 999 NONE NONE 320
	FP_ROUTE KC..KB738

TRACK_TIME 1167737286
TRACK A20110117571211 F 430900 773900 120 30 999 NONE NONE 220
	FP_ROUTE KC..KB733

TRACK_TIME 1167737286
TRACK A20110117571213 F 360460 1151060 120 30 999 NONE NONE 320
	FP_ROUTE KC..KB733

TRACK_TIME 1167737286
TRACK A20110117571215 F 325400 970100 120 30 999 NONE NONE 340
	FP_ROUTE KC..KA320

TRACK_TIME 1167737286
TRACK A20110117571218 F 425860 875260 120 30 999 NONE NONE 380
	FP_ROUTE KC..KA320

TRACK_TIME 1167737286
TRACK A20110117571222 F 395260 1043700 120 30 999 NONE NONE 380
	FP_ROUTE KC..KB733

TRACK_TIME 1167737286
TRACK A20110117571223 F 300000 952200 120 30 999 NONE NONE 270
	FP_ROUTE KC..KE145

TRACK_TIME 1167737286
TRACK A20110117571224 F 360460 1151300 120 30 999 NONE NONE 380
	FP_ROUTE KC..KB737

TRACK_TIME 1167737286
TRACK A20110117571227 F 390400 843900 120 30 999 NONE NONE 220
	FP_ROUTE KC..KB737

TRACK_TIME 1167737286
TRACK A20110117571232 F 281600 812500 120 30 999 NONE NONE 390
	FP_ROUTE KC..KB712

TRACK_TIME 1167737286
TRACK A20110117571234 F 421500 831960 120 30 999 NONE NONE 260
	FP_ROUTE KC..KB737

TRACK_TIME 1167737286
TRACK A20110117571241 F 390400 844000 120 30 999 NONE NONE 310
	FP_ROUTE KT..KSF34

TRACK_TIME 1167737286
TRACK A20110117571256 F 264000 795800 120 30 999 NONE NONE 360
	FP_ROUTE KC..KB737

TRACK_TIME 1167737286
TRACK A20110117571262 F 420300 723460 120 30 999 NONE NONE 250
	FP_ROUTE KC..KB733

TRACK_TIME 1167737286
TRACK A20110117571269 F 282860 811660 120 30 999 NONE NONE 350
	FP_ROUTE KC..KB737

TRACK_TIME 1167737286
TRACK A20110117571284 F 302860 814360 120 30 999 NONE NONE 270
	FP_ROUTE KC..KB737

TRACK_TIME 1167737286
TRACK A20110117571288 F 422400 761900 120 30 999 NONE NONE 250
	FP_ROUTE KC..KE170

TRACK_TIME 1167737286
TRACK A20110117571289 F 295800 901000 120 30 999 NONE NONE 350
	FP_ROUTE KC..KB733

TRACK_TIME 1167737286
TRACK A20110117571291 F 260400 800600 120 30 999 NONE NONE 310
	FP_ROUTE KC..KE145

TRACK_TIME 1167737286
TRACK A20110117571294 F 404800 734600 120 30 999 NONE NONE 350
	FP_ROUTE KT..KSF34

TRACK_TIME 1167737286
TRACK A20110117571295 F 333900 842800 120 30 999 NONE NONE 380
	FP_ROUTE KC..KB738

TRACK_TIME 1167737286
TRACK A20110117571301 F 300000 952400 120 30 999 NONE NONE 240
	FP_ROUTE KC..KB752

TRACK_TIME 1167737286
TRACK A20110117571304 F 324600 1171960 120 30 999 NONE NONE 380
	FP_ROUTE KC..KA319

TRACK_TIME 1167737286
TRACK A20110117571305 F 302700 882700 120 30 999 NONE NONE 190
	FP_ROUTE KG..KBE20

TRACK_TIME 1167737286
TRACK A20110117571307 F 303000 814300 120 30 999 NONE NONE 410
	FP_ROUTE KG..KBE20

TRACK_TIME 1167737286
TRACK A20110117571310 F 333900 842700 120 30 999 NONE NONE 300
	FP_ROUTE KC..KE145

TRACK_TIME 1167737286
TRACK A20110117571316 F 335500 1183160 120 30 999 NONE NONE 380
	FP_ROUTE KC..KB735

TRACK_TIME 1167737286
TRACK A20110117571317 F 282800 811960 120 30 999 NONE NONE 360
	FP_ROUTE KC..KE145

TRACK_TIME 1167737286
TRACK A20110117571320 F 364600 763400 120 30 999 NONE NONE 370
	FP_ROUTE KC..KB733

TRACK_TIME 1167737286
TRACK A20110117571322 F 335700 1182400 120 30 999 NONE NONE 330
	FP_ROUTE KC..KB733

TRACK_TIME 1167737286
TRACK A20110117571324 F 314960 1062100 120 30 999 NONE NONE 380
	FP_ROUTE KC..KB733

TRACK_TIME 1167737286
TRACK A20110117571328 F 480900 1033400 120 30 999 NONE NONE 199
	FP_ROUTE KC..KB712

TRACK_TIME 1167737286
TRACK A20110117571330 F 332560 1115860 120 30 999 NONE NONE 380
	FP_ROUTE KC..KB752

TRACK_TIME 1167737286
TRACK A20110117571332 F 360460 1150900 120 30 999 NONE NONE 370
	FP_ROUTE KC..KE145

TRACK_TIME 1167737286
TRACK A20110117571334 F 403760 741200 120 30 999 NONE NONE 370
	FP_ROUTE KC..KB737

TRACK_TIME 1167737286
TRACK A20110117571336 F 325500 970160 120 30 999 NONE NONE 320
	FP_ROUTE KC..KB737

TRACK_TIME 1167737286
TRACK A20110117571337 F 420000 875700 120 30 999 NONE NONE 270
	FP_ROUTE KC..KCRJ2

TRACK_TIME 1167737286
TRACK A20110117571338 F 472700 1221900 120 30 999 NONE NONE 380
	FP_ROUTE KC..KA320

TRACK_TIME 1167737286
TRACK A20110117571339 F 421300 831960 120 30 999 NONE NONE 370
	FP_ROUTE KC..KB733

TRACK_TIME 1167737286
TRACK A20110117571340 F 415800 875200 120 30 999 NONE NONE 330
	FP_ROUTE KC..KB733

TRACK_TIME 1167737286
TRACK A20110117571342 F 384800 770160 120 30 999 NONE NONE 220
	FP_ROUTE KC..KB733

TRACK_TIME 1167737286
TRACK A20110117571345 F 332560 1115800 120 30 999 NONE NONE 250
	FP_ROUTE KC..KB733

TRACK_TIME 1167737286
TRACK A20110117571352 F 254660 801960 120 30 999 NONE NONE 310
	FP_ROUTE KC..KB737

TRACK_TIME 1167737286
TRACK A20110117571357 F 384300 1213600 120 30 999 NONE NONE 230
	FP_ROUTE KC..KB737

TRACK_TIME 1167737286
TRACK A20110117571359 F 422800 705800 120 30 999 NONE NONE 350
	FP_ROUTE KC..KB737

TRACK_TIME 1167737286
TRACK A20110117571363 F 325500 970160 120 30 999 NONE NONE 340
	FP_ROUTE KC..KB737

TRACK_TIME 1167737286
TRACK A20110117571364 F 465260 920460 120 30 999 NONE NONE 190
	FP_ROUTE KC..KB735

TRACK_TIME 1167737286
TRACK A20110117571368 F 464200 1003760 120 30 999 NONE NONE 360
	FP_ROUTE KC..KE190

TRACK_TIME 1167737286
TRACK A20110117571370 F 385800 772560 120 30 999 NONE NONE 200
	FP_ROUTE KC..KB763

TRACK_TIME 1167737286
TRACK A20110117571377 F 300000 952200 120 30 999 NONE NONE 280
	FP_ROUTE KC..KB752

TRACK_TIME 1167737286
TRACK A20110117571378 F 421360 832200 120 30 999 NONE NONE 310
	FP_ROUTE KC..KB738

TRACK_TIME 1167737286
TRACK A20110117571380 F 400000 825400 120 30 999 NONE NONE 270
	FP_ROUTE KC..KB737

TRACK_TIME 1167737286
TRACK A20110117571387 F 394900 1043900 120 30 999 NONE NONE 250
	FP_ROUTE KC..KE170

TRACK_TIME 1167737286
TRACK A20110117571389 F 454800 1111060 120 30 999 NONE NONE 330
	FP_ROUTE KC..KMD82

TRACK_TIME 1167737286
TRACK A20110117571397 F 445400 931360 120 30 999 NONE NONE 300
	FP_ROUTE KC..KB738

TRACK_TIME 1167737286
TRACK A20110117571399 F 390900 763900 120 30 999 NONE NONE 320
	FP_ROUTE KC..KA319

TRACK_TIME 1167737286
TRACK A20110117571400 F 404800 1115800 120 30 999 NONE NONE 270
	FP_ROUTE KG..KLJ35

TRACK_TIME 1167737286
TRACK A20110117571401 F 351960 973600 120 30 999 NONE NONE 280
	FP_ROUTE KT..KCRJ2

TRACK_TIME 1167737286
TRACK A20110117571415 F 410300 734200 120 30 999 NONE NONE 410
	FP_ROUTE KC..KB752

TRACK_TIME 1167737286
TRACK A20110117571416 F 391000 1083900 120 30 999 NONE NONE 260
	FP_ROUTE KT..KE145

TRACK_TIME 1167737286
TRACK A20110117571418 F 424660 844060 120 30 999 NONE NONE 190
	FP_ROUTE KC..KCRJ2

TRACK_TIME 1167737286
TRACK A20110117571420 F 420160 875560 120 30 999 NONE NONE 200
	FP_ROUTE KC..KE145

TRACK_TIME 1167737286
TRACK A20110117571427 F 421300 831960 120 30 999 NONE NONE 280
	FP_ROUTE KC..KB752

TRACK_TIME 1167737286
TRACK A20110117571429 F 404600 734960 120 30 999 NONE NONE 290
	FP_ROUTE KC..KE170

TRACK_TIME 1167737286
TRACK A20110117571431 F 311500 813160 120 30 999 NONE NONE 210
	FP_ROUTE KC..KE170

TRACK_TIME 1167737286
TRACK A20110117571433 F 293160 982800 120 30 999 NONE NONE 360
	FP_ROUTE KC..KE145

TRACK_TIME 1167737286
TRACK A20110117571434 F 301300 974060 120 30 999 NONE NONE 370
	FP_ROUTE KC..KA321

TRACK_TIME 1167737286
TRACK A20110117571439 F 371960 1215400 120 30 999 NONE NONE 320
	FP_ROUTE KC..KB733

TRACK_TIME 1167737286
TRACK A20110117571447 F 333760 842860 120 30 999 NONE NONE 350
	FP_ROUTE KC..KCRJ2

TRACK_TIME 1167737286
TRACK A20110117571448 F 274660 974000 120 30 999 NONE NONE 340
	FP_ROUTE KC..KMD82

TRACK_TIME 1167737286
TRACK A20110117571452 F 373600 1221960 120 30 999 NONE NONE 360
	FP_ROUTE KT..KCRJ2

TRACK_TIME 1167737286
TRACK A20110117571453 F 424360 734800 120 30 999 NONE NONE 390
	FP_ROUTE KC..KE170

TRACK_TIME 1167737286
TRACK A20110117571455 F 394800 1044000 120 30 999 NONE NONE 350
	FP_ROUTE KG..KCL60

TRACK_TIME 1167737286
TRACK A20110117571462 F 332560 1120300 120 30 999 NONE NONE 340
	FP_ROUTE KC..KMD83

TRACK_TIME 1167737286
TRACK A20110117571463 F 420100 875800 120 30 999 NONE NONE 350
	FP_ROUTE KC..KB752

TRACK_TIME 1167737286
TRACK A20110117571467 F 254800 801900 120 30 999 NONE NONE 370
	FP_ROUTE KC..KB752

TRACK_TIME 1167737286
TRACK A20110117571482 F 425500 784600 120 30 999 NONE NONE 260
	FP_ROUTE KG..KF2TH

TRACK_TIME 1167737286
TRACK A20110117571483 F 360700 864060 120 30 999 NONE NONE 390
	FP_ROUTE KC..KCRJ2

TRACK_TIME 1167737286
TRACK A20110117571484 F 390760 763760 120 30 999 NONE NONE 410
	FP_ROUTE KC..KB752

TRACK_TIME 1167737286
TRACK A20110117571485 F 300000 952400 120 30 999 NONE NONE 280
	FP_ROUTE KC..KMD82

TRACK_TIME 1167737286
TRACK A20110117571487 F 295860 951600 120 30 999 NONE NONE 280
	FP_ROUTE KC..KB737

TRACK_TIME 1167737286
TRACK A20110117571497 F 400000 825100 120 30 999 NONE NONE 230
	FP_ROUTE KC..KB737

TRACK_TIME 1167737286
TRACK A20110117571499 F 361060 955500 120 30 999 NONE NONE 360
	FP_ROUTE KC..KB737

TRACK_TIME 1167737286
TRACK A20110117571508 F 324360 1171000 120 30 999 NONE NONE 370
	FP_ROUTE KC..KB737

TRACK_TIME 1167737286
TRACK A20110117571512 F 360400 1150700 120 30 999 NONE NONE 360
	FP_ROUTE KT..KCRJ2

TRACK_TIME 1167737286
TRACK A20110117571514 F 385400 772800 120 30 999 NONE NONE 290
	FP_ROUTE KC..KB744

TRACK_TIME 1167737286
TRACK A20110117571528 F 335560 1183160 120 30 999 NONE NONE 280
	FP_ROUTE KC..KA319

TRACK_TIME 1167737286
TRACK A20110117571529 F 373600 1221900 120 30 999 NONE NONE 340
	FP_ROUTE KC..KB752

TRACK_TIME 1167737286
TRACK A20110117571534 F 354960 784960 120 30 999 NONE NONE 320
	FP_ROUTE KC..KA320

TRACK_TIME 1167737286
TRACK A20110117571536 F 385200 921200 120 30 999 NONE NONE 240
	FP_ROUTE KT..KCRJ2

TRACK_TIME 1167737286
TRACK A20110117571539 F 324300 1170900 120 30 999 NONE NONE 360
	FP_ROUTE KT..KF2TH

TRACK_TIME 1167737286
TRACK A20110117571540 F 390000 772560 120 30 999 NONE NONE 300
	FP_ROUTE KG..KE135

TRACK_TIME 1167737286
TRACK A20110117571544 F 373600 1221900 120 30 999 NONE NONE 360
	FP_ROUTE KT..KF2TH

TRACK_TIME 1167737286
TRACK A20110117571551 F 205200 1562560 120 30 999 NONE NONE 180
	FP_ROUTE KC..KB738

TRACK_TIME 1167737286
TRACK A20110117571570 F 405700 851660 120 30 999 NONE NONE 340
	FP_ROUTE KC..KB738

TRACK_TIME 1167737286
TRACK A20110117571572 F 351060 805800 120 30 999 NONE NONE 330
	FP_ROUTE KC..KMD82

TRACK_TIME 1167737286
TRACK A20110117571577 F 384500 901960 120 30 999 NONE NONE 320
	FP_ROUTE KT..KCRJ2

TRACK_TIME 1167737286
TRACK A20110117571586 F 384500 901900 120 30 999 NONE NONE 280
	FP_ROUTE KC..KMD82

TRACK_TIME 1167737286
TRACK A20110117571587 F 335400 1182400 120 30 999 NONE NONE 320
	FP_ROUTE KC..KB735

TRACK_TIME 1167737286
TRACK A20110117571588 F 264060 801600 120 30 999 NONE NONE 340
	FP_ROUTE KC..KA320

TRACK_TIME 1167737286
TRACK A20110117571599 F 351360 805500 120 30 999 NONE NONE 280
	FP_ROUTE KC..KE145

TRACK_TIME 1167737286
TRACK A20110117571600 F 360460 1151300 120 30 999 NONE NONE 340
	FP_ROUTE KC..KB738

TRACK_TIME 1167737286
TRACK A20110117571601 F 351960 821900 120 30 999 NONE NONE 210
	FP_ROUTE KC..KB738

TRACK_TIME 1167737286
TRACK A20110117571602 F 333900 842700 120 30 999 NONE NONE 180
	FP_ROUTE KC..KE145

TRACK_TIME 1167737286
TRACK A20110117571606 F 404900 1115860 120 30 999 NONE NONE 370
	FP_ROUTE KC..KE190

TRACK_TIME 1167737286
TRACK A20110117571607 F 412560 814900 120 30 999 NONE NONE 280
	FP_ROUTE KG..KC560

TRACK_TIME 1167737286
TRACK A20110117571610 F 355200 784900 120 30 999 NONE NONE 300
	FP_ROUTE KG..KC560

TRACK_TIME 1167737286
TRACK A20110117571612 F 421360 831960 120 30 999 NONE NONE 360
	FP_ROUTE KC..KA319

TRACK_TIME 1167737286
TRACK A20110117571617 F 453400 1223400 120 30 999 NONE NONE 340
	FP_ROUTE KC..KB737

TRACK_TIME 1167737286
TRACK A20110117571622 F 412100 955560 120 30 999 NONE NONE 340
	FP_ROUTE KC..KB735

TRACK_TIME 1167737286
TRACK A20110117571626 F 430300 713000 120 30 999 NONE NONE 230
	FP_ROUTE KT..KCRJ1

TRACK_TIME 1167737286
TRACK A20110117571627 F 264000 795400 120 30 999 NONE NONE 400
	FP_ROUTE KC..KB738

TRACK_TIME 1167737286
TRACK A20110117571635 F 420760 875500 120 30 999 NONE NONE 400
	FP_ROUTE KC..KE145

TRACK_TIME 1167737286
TRACK A20110117571636 F 400160 861660 120 30 999 NONE NONE 380
	FP_ROUTE KC..KB737

TRACK_TIME 1167737286
TRACK A20110117571638 F 265500 795560 120 30 999 NONE NONE 380
	FP_ROUTE KC..KA319

TRACK_TIME 1167737286
TRACK A20110117571641 F 324500 1171360 120 30 999 NONE NONE 230
	FP_ROUTE KG..KC550

TRACK_TIME 1167737286
TRACK A20110117571646 F 374060 1221060 120 30 999 NONE NONE 230
	FP_ROUTE KC..KB738

TRACK_TIME 1167737286
TRACK A20110117571652 F 394900 1043760 120 30 999 NONE NONE 360
	FP_ROUTE KC..KMD82

TRACK_TIME 1167737286
TRACK A20110117571656 F 313160 841200 120 30 999 NONE NONE 200
	FP_ROUTE KC..KB737

TRACK_TIME 1167737286
TRACK A20110117571657 F 333760 842800 120 30 999 NONE NONE 180
	FP_ROUTE KC..KB737

TRACK_TIME 1167737286
TRACK A20110117571658 F 351000 805560 120 30 999 NONE NONE 380
	FP_ROUTE KC..KB737

TRACK_TIME 1167737286
TRACK A20110117571660 F 395200 751360 120 30 999 NONE NONE 410
	FP_ROUTE KC..KB737

TRACK_TIME 1167737286
TRACK A20110117571667 F 422700 874900 120 30 999 NONE NONE 430
	FP_ROUTE KG..KC750

TRACK_TIME 1167737286
TRACK A20110117571670 F 411660 955260 120 30 999 NONE NONE 400
	FP_ROUTE KC..KE145

TRACK_TIME 1167737286
TRACK A20110117571675 F 445400 931500 120 30 999 NONE NONE 360
	FP_ROUTE KC..KE145

TRACK_TIME 1167737286
TRACK A20110117571686 F 351060 805560 120 30 999 NONE NONE 350
	FP_ROUTE KT..KCRJ9

TRACK_TIME 1167737286
TRACK A20110117571690 F 351200 805800 120 30 999 NONE NONE 400
	FP_ROUTE KC..KCRJ2

TRACK_TIME 1167737286
TRACK A20110117571700 F 425800 875400 120 30 999 NONE NONE 340
	FP_ROUTE KC..KCRJ2

TRACK_TIME 1167737286
TRACK A20110117571701 F 412700 903700 120 30 999 NONE NONE 340
	FP_ROUTE KC..KB737

TRACK_TIME 1167737286
TRACK A20110117571708 F 360700 1150760 120 30 999 NONE NONE 270
	FP_ROUTE KC..KCRJ2

TRACK_TIME 1167737286
TRACK A20110117571709 F 411800 955500 120 30 999 NONE NONE 260
	FP_ROUTE KC..KE145

TRACK_TIME 1167737286
TRACK A20110117571718 F 445500 931600 120 30 999 NONE NONE 360
	FP_ROUTE KC..KB712

TRACK_TIME 1167737286
TRACK A20110117571719 F 293400 983100 120 30 999 NONE NONE 340
	FP_ROUTE KC..KA319

TRACK_TIME 1167737286
TRACK A20110117571721 F 335560 1182100 120 30 999 NONE NONE 320
	FP_ROUTE KC..KE170

TRACK_TIME 1167737286
TRACK A20110117571723 F 332560 1115700 120 30 999 NONE NONE 320
	FP_ROUTE KT..KCRJ9

TRACK_TIME 1167737286
TRACK A20110117571728 F 344960 821600 120 30 999 NONE NONE 310
	FP_ROUTE KT..KCRJ2

TRACK_TIME 1167737286
TRACK A20110117571733 F 333900 842100 120 30 999 NONE NONE 400
	FP_ROUTE KC..KCRJ2

TRACK_TIME 1167737286
TRACK A20110117571734 F 420100 875560 120 30 999 NONE NONE 320
	FP_ROUTE KC..KE170

TRACK_TIME 1167737286
TRACK A20110117571740 F 395200 841800 120 30 999 NONE NONE 290
	FP_ROUTE KC..KB752

TRACK_TIME 1167737286
TRACK A20110117571742 F 430000 712860 120 30 999 NONE NONE 350
	FP_ROUTE KG..KC560

TRACK_TIME 1167737286
TRACK A20110117571747 F 350400 895860 120 30 999 NONE NONE 370
	FP_ROUTE KC..KA321

TRACK_TIME 1167737286
TRACK A20110117571748 F 403000 1071500 120 30 999 NONE NONE 260
	FP_ROUTE KC..KB738

TRACK_TIME 1167737286
TRACK A20110117571750 F 445400 931600 120 30 999 NONE NONE 350
	FP_ROUTE KC..KB738

TRACK_TIME 1167737286
TRACK A20110117571763 F 414600 874300 120 30 999 NONE NONE 390
	FP_ROUTE KC..KB738

TRACK_TIME 1167737286
TRACK A20110117571767 F 465560 1140600 120 30 999 NONE NONE 250
	FP_ROUTE KC..KCRJ2

TRACK_TIME 1167737286
TRACK A20110117571772 F 303000 814300 120 30 999 NONE NONE 400
	FP_ROUTE KC..KCRJ2

TRACK_TIME 1167737286
TRACK A20110117571774 F 421360 832200 120 30 999 NONE NONE 300
	FP_ROUTE KC..KA320

TRACK_TIME 1167737286
TRACK A20110117571778 F 433160 964660 120 30 999 NONE NONE 220
	FP_ROUTE KT..KCRJ9

TRACK_TIME 1167737286
TRACK A20110117571780 F 325500 970160 120 30 999 NONE NONE 360
	FP_ROUTE KC..KB752

TRACK_TIME 1167737286
TRACK A20110117571782 F 420000 875500 120 30 999 NONE NONE 320
	FP_ROUTE KC..KB737

TRACK_TIME 1167737286
TRACK A20110117571783 F 403700 734600 120 30 999 NONE NONE 370
	FP_ROUTE KC..KB752

TRACK_TIME 1167737286
TRACK A20110117571785 F 422700 705800 120 30 999 NONE NONE 370
	FP_ROUTE KC..KCRJ2

TRACK_TIME 1167737286
TRACK A20110117571789 F 380900 872500 120 30 999 NONE NONE 260
	FP_ROUTE KC..KMD83

TRACK_TIME 1167737286
TRACK A20110117571790 F 472700 1221900 120 30 999 NONE NONE 380
	FP_ROUTE KC..KA320

TRACK_TIME 1167737286
TRACK A20110117571791 F 394200 861900 120 30 999 NONE NONE 340
	FP_ROUTE KC..KE170

TRACK_TIME 1167737286
TRACK A20110117571796 F 333760 843160 120 30 999 NONE NONE 290
	FP_ROUTE KC..KB738

TRACK_TIME 1167737286
TRACK A20110117571797 F 403700 734660 120 30 999 NONE NONE 350
	FP_ROUTE KT..KCRJ9

TRACK_TIME 1167737286
TRACK A20110117571819 F 293160 982700 120 30 999 NONE NONE 400
	FP_ROUTE KC..KCRJ2

TRACK_TIME 1167737286
TRACK A20110117571825 F 384800 770160 120 30 999 NONE NONE 330
	FP_ROUTE KC..KE120

TRACK_TIME 1167737286
TRACK A20110117571828 F 261800 820460 120 30 999 NONE NONE 410
	FP_ROUTE KC..KCRJ2

TRACK_TIME 1167737286
TRACK A20110117571829 F 260460 800760 120 30 999 NONE NONE 340
	FP_ROUTE KG..KF2TH

TRACK_TIME 1167737286
TRACK A20110117571830 F 350100 895860 120 30 999 NONE NONE 310
	FP_ROUTE KC..KB738

TRACK_TIME 1167737286
TRACK A20110117571841 F 360760 864000 120 30 999 NONE NONE 360
	FP_ROUTE KG..KC550

TRACK_TIME 1167737286
TRACK A20110117571842 F 373760 1220400 120 30 999 NONE NONE 430
	FP_ROUTE KC..KE120

TRACK_TIME 1167737286
TRACK A20110117571854 F 354800 840000 120 30 999 NONE NONE 350
	FP_ROUTE KC..KB752

TRACK_TIME 1167737286
TRACK A20110117571856 F 420100 875800 120 30 999 NONE NONE 350
	FP_ROUTE KG..KF2TH

TRACK_TIME 1167737286
TRACK A20110117571868 F 352800 823900 120 30 999 NONE NONE 210
	FP_ROUTE KG..KC750

TRACK_TIME 1167737286
TRACK A20110117571872 F 374060 1221200 120 30 999 NONE NONE 340
	FP_ROUTE KG..KC750

TRACK_TIME 1167737286
TRACK A20110117571873 F 373100 771900 120 30 999 NONE NONE 210
	FP_ROUTE KC..KA320

TRACK_TIME 1167737286
TRACK A20110117571877 F 360600 864000 120 30 999 NONE NONE 350
	FP_ROUTE KC..KMD82

TRACK_TIME 1167737286
TRACK A20110117571880 F 260400 801200 120 30 999 NONE NONE 380
	FP_ROUTE KG..KC550

TRACK_TIME 1167737286
TRACK A20110117571881 F 333160 864800 120 30 999 NONE NONE 340
	FP_ROUTE KG..KC550

TRACK_TIME 1167737286
TRACK A20110117571882 F 335560 1182260 120 30 999 NONE NONE 380
	FP_ROUTE KC..KCRJ2

TRACK_TIME 1167737286
TRACK A20110117571883 F 313300 841060 120 30 999 NONE NONE 180
	FP_ROUTE KC..KCRJ2

TRACK_TIME 1167737286
TRACK A20110117571888 F 384300 1213600 120 30 999 NONE NONE 340
	FP_ROUTE KC..KB737

TRACK_TIME 1167737286
TRACK A20110117571894 F 335700 1182400 120 30 999 NONE NONE 390
	FP_ROUTE KC..KB734

TRACK_TIME 1167737286
TRACK A20110117571903 F 194660 1560160 120 30 999 NONE NONE 340
	FP_ROUTE KC..KB752

TRACK_TIME 1167737286
TRACK A20110117571905 F 335560 1182100 120 30 999 NONE NONE 380
	FP_ROUTE KC..KB733

TRACK_TIME 1167737286
TRACK A20110117571914 F 325700 970160 120 30 999 NONE NONE 220
	FP_ROUTE KC..KLJ35

TRACK_TIME 1167737286
TRACK A20110117571918 F 351360 805800 120 30 999 NONE NONE 250
	FP_ROUTE KC..KCRJ2

TRACK_TIME 1167737286
TRACK A20110117571921 F 373600 1221960 120 30 999 NONE NONE 360
	FP_ROUTE KC..KE170

TRACK_TIME 1167737286
TRACK A20110117571922 F 385800 772560 120 30 999 NONE NONE 270
	FP_ROUTE KC..KB737

TRACK_TIME 1167737286
TRACK A20110117571931 F 324960 800000 120 30 999 NONE NONE 360
	FP_ROUTE KC..KB752

TRACK_TIME 1167737286
TRACK A20110117571947 F 360460 1150760 120 30 999 NONE NONE 370
	FP_ROUTE KC..KB737

TRACK_TIME 1167737286
TRACK A20110117571949 F 340300 1174600 120 30 999 NONE NONE 370
	FP_ROUTE KC..KA319

TRACK_TIME 1167737286
TRACK A20110117571954 F 384900 770160 120 30 999 NONE NONE 220
	FP_ROUTE KC..KMD83

TRACK_TIME 1167737286
TRACK A20110117571959 F 420160 875700 120 30 999 NONE NONE 340
	FP_ROUTE KC..KE170

TRACK_TIME 1167737286
TRACK A20110117571963 F 395200 751660 120 30 999 NONE NONE 260
	FP_ROUTE KC..KB712

TRACK_TIME 1167737286
TRACK A20110117571965 F 333900 842860 120 30 999 NONE NONE 390
	FP_ROUTE KT..KC560

TRACK_TIME 1167737286
TRACK A20110117571967 F 332560 1115800 120 30 999 NONE NONE 340
	FP_ROUTE KC..KB712

TRACK_TIME 1167737286
TRACK A20110117571968 F 211800 1575800 120 30 999 NONE NONE 240
	FP_ROUTE KT..KCRJ9

TRACK_TIME 1167737286
TRACK A20110117571970 F 335500 1183400 120 30 999 NONE NONE 380
	FP_ROUTE KT..KCRJ9

TRACK_TIME 1167737286
TRACK A20110117571975 F 404360 1115800 120 30 999 NONE NONE 350
	FP_ROUTE KC..KMD83

TRACK_TIME 1167737286
TRACK A20110117571980 F 405260 812860 120 30 999 NONE NONE 390
	FP_ROUTE KC..KB737

TRACK_TIME 1167737286
TRACK A20110117571989 F 325560 970160 120 30 999 NONE NONE 340
	FP_ROUTE KC..KB737

TRACK_TIME 1167737286
TRACK A20110117571994 F 384900 770160 120 30 999 NONE NONE 180
	FP_ROUTE KC..KB712

TRACK_TIME 1167737286
TRACK A20110117571997 F 325500 970160 120 30 999 NONE NONE 380
	FP_ROUTE KC..KB712

TRACK_TIME 1167737286
TRACK A20110117572001 F 414900 874660 120 30 999 NONE NONE 220
	FP_ROUTE KC..KA320

TRACK_TIME 1167737286
TRACK A20110117572004 F 445260 931300 120 30 999 NONE NONE 320
	FP_ROUTE KC..KDH8A

TRACK_TIME 1167737286
TRACK A20110117572010 F 332560 1115860 120 30 999 NONE NONE 340
	FP_ROUTE KC..KA319

TRACK_TIME 1167737286
TRACK A20110117572014 F 390600 844000 120 30 999 NONE NONE 190
	FP_ROUTE KC..KB752

TRACK_TIME 1167737286
TRACK A20110117572016 F 374300 1221360 120 30 999 NONE NONE 320
	FP_ROUTE KC..KE170

TRACK_TIME 1167737286
TRACK A20110117572019 F 404000 734660 120 30 999 NONE NONE 360
	FP_ROUTE KG..KCL60

TRACK_TIME 1167737286
TRACK A20110117572021 F 332560 1115800 120 30 999 NONE NONE 320
	FP_ROUTE KC..KB712

TRACK_TIME 1167737286
TRACK A20110117572022 F 414800 874660 120 30 999 NONE NONE 310
	FP_ROUTE KC..KB712

TRACK_TIME 1167737286
TRACK A20110117572025 F 413160 814000 120 30 999 NONE NONE 320
	FP_ROUTE KC..KB735

TRACK_TIME 1167737286
TRACK A20110117572026 F 282400 811900 120 30 999 NONE NONE 390
	FP_ROUTE KC..KA320

TRACK_TIME 1167737286
TRACK A20110117572029 F 332560 1115860 120 30 999 NONE NONE 320
	FP_ROUTE KC..KB738

TRACK_TIME 1167737286
TRACK A20110117572041 F 404600 734960 120 30 999 NONE NONE 270
	FP_ROUTE KG..KC550

TRACK_TIME 1167737286
TRACK A20110117572042 F 430760 774000 120 30 999 NONE NONE 250
	FP_ROUTE KC..KB733

TRACK_TIME 1167737286
TRACK A20110117572043 F 335100 841960 120 30 999 NONE NONE 230
	FP_ROUTE KT..KCRJ2

TRACK_TIME 1167737286
TRACK A20110117572046 F 341200 1182260 120 30 999 NONE NONE 340
	FP_ROUTE KC..KB733

TRACK_TIME 1167737286
TRACK A20110117572047 F 421960 705800 120 30 999 NONE NONE 230
	FP_ROUTE KC..KCRJ2

TRACK_TIME 1167737286
TRACK A20110117572048 F 394900 1043760 120 30 999 NONE NONE 380
	FP_ROUTE KC..KCRJ2

TRACK_TIME 1167737286
TRACK A20110117572051 F 415800 875700 120 30 999 NONE NONE 369
	FP_ROUTE KC..KMD83

TRACK_TIME 1167737286
TRACK A20110117572056 F 375400 802200 120 30 999 NONE NONE 260
	FP_ROUTE KC..KA320

TRACK_TIME 1167737286
TRACK A20110117572057 F 332560 1120460 120 30 999 NONE NONE 350
	FP_ROUTE KC..KB738

TRACK_TIME 1167737286
TRACK A20110117572060 F 415700 724200 120 30 999 NONE NONE 370
	FP_ROUTE KC..KA320

TRACK_TIME 1167737286
TRACK A20110117572069 F 395260 1043600 120 30 999 NONE NONE 250
	FP_ROUTE KC..KE145

TRACK_TIME 1167737286
TRACK A20110117572070 F 332560 1120300 120 30 999 NONE NONE 360
	FP_ROUTE KC..KE145

TRACK_TIME 1167737286
TRACK A20110117572071 F 445200 931060 120 30 999 NONE NONE 350
	FP_ROUTE KC..KMD83

TRACK_TIME 1167737286
TRACK A20110117572079 F 420160 875700 120 30 999 NONE NONE 340
	FP_ROUTE KC..KE145

TRACK_TIME 1167737286
TRACK A20110117572081 F 282500 811900 120 30 999 NONE NONE 380
	FP_ROUTE KC..KA321

TRACK_TIME 1167737286
TRACK A20110117572087 F 422100 705860 120 30 999 NONE NONE 330
	FP_ROUTE KG..KLJ45

TRACK_TIME 1167737286
TRACK A20110117572102 F 373160 771900 120 30 999 NONE NONE 240
	FP_ROUTE KG..KLJ45

TRACK_TIME 1167737286
TRACK A20110117572106 F 293400 983100 120 30 999 NONE NONE 359
	FP_ROUTE KG..KLJ45

TRACK_TIME 1167737286
TRACK A20110117572108 F 384800 770160 120 30 999 NONE NONE 280
	FP_ROUTE KG..KLJ45

TRACK_TIME 1167737286
TRACK A20110117572109 F 300100 901500 120 30 999 NONE NONE 340
	FP_ROUTE KC..KA320

TRACK_TIME 1167737286
TRACK A20110117572112 F 414800 874600 120 30 999 NONE NONE 369
	FP_ROUTE KC..KB752

TRACK_TIME 1167737286
TRACK A20110117572115 F 445400 931500 120 30 999 NONE NONE 360
	FP_ROUTE KT..KCRJ2

TRACK_TIME 1167737286
TRACK A20110117572118 F 380700 782800 120 30 999 NONE NONE 200
	FP_ROUTE KC..KC750

TRACK_TIME 1167737286
TRACK A20110117572121 F 282260 811660 120 30 999 NONE NONE 240
	FP_ROUTE KC..KB737

TRACK_TIME 1167737286
TRACK A20110117572123 F 300000 952500 120 30 999 NONE NONE 230
	FP_ROUTE KG..KF900

TRACK_TIME 1167737286
TRACK A20110117572135 F 465560 1140700 120 30 999 NONE NONE 230
	FP_ROUTE KT..KC560

TRACK_TIME 1167737286
TRACK A20110117572137 F 425700 875100 120 30 999 NONE NONE 290
	FP_ROUTE KC..KB733

TRACK_TIME 1167737286
TRACK A20110117572140 F 455200 881200 120 30 999 NONE NONE 380
	FP_ROUTE KG..KLJ45

TRACK_TIME 1167737286
TRACK A20110117572144 F 391060 764200 120 30 999 NONE NONE 350
	FP_ROUTE KC..KB733

TRACK_TIME 1167737286
TRACK A20110117572145 F 325100 965200 120 30 999 NONE NONE 230
	FP_ROUTE KC..KB733

TRACK_TIME 1167737286
TRACK A20110117572148 F 430100 834960 120 30 999 NONE NONE 300
	FP_ROUTE KC..KB733

TRACK_TIME 1167737286
TRACK A20110117572154 F 264000 795260 120 30 999 NONE NONE 340
	FP_ROUTE KC..KCRJ2

TRACK_TIME 1167737286
TRACK A20110117572157 F 421360 832100 120 30 999 NONE NONE 310
	FP_ROUTE KC..KA320

TRACK_TIME 1167737286
TRACK A20110117572161 F 390100 843900 120 30 999 NONE NONE 320
	FP_ROUTE KC..KB712

TRACK_TIME 1167737286
TRACK A20110117572163 F 391960 944300 120 30 999 NONE NONE 341
	FP_ROUTE KC..KB737

TRACK_TIME 1167737286
TRACK A20110117572166 F 442700 881000 120 30 999 NONE NONE 230
	FP_ROUTE KC..KB712

TRACK_TIME 1167737286
TRACK A20110117572167 F 422100 705860 120 30 999 NONE NONE 310
	FP_ROUTE KC..KB712

TRACK_TIME 1167737286
TRACK A20110117572169 F 254800 801900 120 30 999 NONE NONE 360
	FP_ROUTE KC..KB712

TRACK_TIME 1167737286
TRACK A20110117572174 F 295800 951660 120 30 999 NONE NONE 350
	FP_ROUTE KC..KCRJ2

TRACK_TIME 1167737286
TRACK A20110117572190 F 410300 734200 120 30 999 NONE NONE 410
	FP_ROUTE KC..KB737

TRACK_TIME 1167737286
TRACK A20110117572199 F 333700 842800 120 30 999 NONE NONE 200
	FP_ROUTE KC..KB737

TRACK_TIME 1167737286
TRACK A20110117572201 F 333900 842260 120 30 999 NONE NONE 300
	FP_ROUTE KC..KA320

TRACK_TIME 1167737286
TRACK A20110117572206 F 394600 861500 120 30 999 NONE NONE 190
	FP_ROUTE KC..KCRJ2

TRACK_TIME 1167737286
TRACK A20110117572211 F 404600 734960 120 30 999 NONE NONE 290
	FP_ROUTE KC..KMD82

TRACK_TIME 1167737286
TRACK A20110117572217 F 395560 1044060 120 30 999 NONE NONE 380
	FP_ROUTE KG..KBE20

TRACK_TIME 1167737286
TRACK A20110117572219 F 324600 1171960 120 30 999 NONE NONE 370
	FP_ROUTE KC..KA320

TRACK_TIME 1167737286
TRACK A20110117572222 F 460900 1181360 120 30 999 NONE NONE 190
	FP_ROUTE KC..KMD82

TRACK_TIME 1167737286
TRACK A20110117572223 F 332560 1115800 120 30 999 NONE NONE 310
	FP_ROUTE KC..KB752

TRACK_TIME 1167737286
TRACK A20110117572233 F 392800 1194600 120 30 999 NONE NONE 400
	FP_ROUTE KC..KE135

TRACK_TIME 1167737286
TRACK A20110117572234 F 412100 733160 120 30 999 NONE NONE 380
	FP_ROUTE KC..KB738

TRACK_TIME 1167737286
TRACK A20110117572238 F 445200 931060 120 30 999 NONE NONE 350
	FP_ROUTE KC..KB733

TRACK_TIME 1167737286
TRACK A20110117572243 F 324360 1171000 120 30 999 NONE NONE 369
	FP_ROUTE KC..KB733

TRACK_TIME 1167737286
TRACK A20110117572245 F 454800 1083100 120 30 999 NONE NONE 370
	FP_ROUTE KC..KMD82

TRACK_TIME 1167737286
TRACK A20110117572250 F 453460 1223460 120 30 999 NONE NONE 340
	FP_ROUTE KC..KMD82

TRACK_TIME 1167737286
TRACK A20110117572251 F 280100 823160 120 30 999 NONE NONE 340
	FP_ROUTE KC..KB734

TRACK_TIME 1167737286
TRACK A20110117572252 F 445400 931360 120 30 999 NONE NONE 320
	FP_ROUTE KC..KMD83

TRACK_TIME 1167737286
TRACK A20110117572253 F 351360 805800 120 30 999 NONE NONE 310
	FP_ROUTE KC..KB737

TRACK_TIME 1167737286
TRACK A20110117572257 F 324360 1171500 120 30 999 NONE NONE 360
	FP_ROUTE KC..KA320

TRACK_TIME 1167737286
TRACK A20110117572258 F 404600 735100 120 30 999 NONE NONE 290
	FP_ROUTE KC..KE190

TRACK_TIME 1167737286
TRACK A20110117572259 F 384500 901960 120 30 999 NONE NONE 370
	FP_ROUTE KC..KE145

TRACK_TIME 1167737286
TRACK A20110117572271 F 392100 944300 120 30 999 NONE NONE 330
	FP_ROUTE KC..KMD83

TRACK_TIME 1167737286
TRACK A20110117572276 F 454960 1083700 120 30 999 NONE NONE 380
	FP_ROUTE KC..KE145

TRACK_TIME 1167737286
TRACK A20110117572278 F 404500 735400 120 30 999 NONE NONE 330
	FP_ROUTE KC..KMD83

TRACK_TIME 1167737286
TRACK A20110117572288 F 404800 1235860 120 30 999 NONE NONE 260
	FP_ROUTE KC..KMD83

TRACK_TIME 1167737286
TRACK A20110117572298 F 394960 1043760 120 30 999 NONE NONE 360
	FP_ROUTE KC..KE135

TRACK_TIME 1167737286
TRACK A20110117572303 F 343300 1200700 120 30 999 NONE NONE 210
	FP_ROUTE KG..KC560

TRACK_TIME 1167737286
TRACK A20110117572304 F 415400 723900 120 30 999 NONE NONE 350
	FP_ROUTE KG..KC560

TRACK_TIME 1167737286
TRACK A20110117572306 F 341360 1182200 120 30 999 NONE NONE 360
	FP_ROUTE KC..KB737

TRACK_TIME 1167737286
TRACK A20110117572311 F 332700 1121060 120 30 999 NONE NONE 380
	FP_ROUTE KC..KF900

TRACK_TIME 1167737286
TRACK A20110117572317 F 300000 952260 120 30 999 NONE NONE 260
	FP_ROUTE KC..KMD83

TRACK_TIME 1167737286
TRACK A20110117572319 F 384660 765200 120 30 999 NONE NONE 350
	FP_ROUTE KC..KB738

TRACK_TIME 1167737286
TRACK A20110117572325 F 421960 705800 120 30 999 NONE NONE 270
	FP_ROUTE KC..KE145

TRACK_TIME 1167737286
TRACK A20110117572326 F 394200 861960 120 30 999 NONE NONE 300
	FP_ROUTE KC..KE190

TRACK_TIME 1167737286
TRACK A20110117572328 F 351360 805800 120 30 999 NONE NONE 391
	FP_ROUTE KC..KB733

TRACK_TIME 1167737286
TRACK A20110117572330 F 445500 930160 120 30 999 NONE NONE 270
	FP_ROUTE KC..KB772

TRACK_TIME 1167737286
TRACK A20110117572331 F 412400 815260 120 30 999 NONE NONE 310
	FP_ROUTE KC..KB738

TRACK_TIME 1167737286
TRACK A20110117572333 F 461800 1190300 120 30 999 NONE NONE 320
	FP_ROUTE KG..KC550

TRACK_TIME 1167737286
TRACK A20110117572338 F 333700 842700 120 30 999 NONE NONE 320
	FP_ROUTE KC..KB735

TRACK_TIME 1167737286
TRACK A20110117572343 F 421500 833100 120 30 999 NONE NONE 360
	FP_ROUTE KC..KB733

TRACK_TIME 1167737286
TRACK A20110117572347 F 182560 660300 120 30 999 NONE NONE 370
	FP_ROUTE KC..KE145

TRACK_TIME 1167737286
TRACK A20110117572350 F 261360 981800 120 30 999 NONE NONE 360
	FP_ROUTE KT..KE145

TRACK_TIME 1167737286
TRACK A20110117572353 F 361000 1150460 120 30 999 NONE NONE 330
	FP_ROUTE KC..KB738

TRACK_TIME 1167737286
TRACK A20110117572356 F 390760 1083300 120 30 999 NONE NONE 220
	FP_ROUTE KC..KE135

TRACK_TIME 1167737286
TRACK A20110117572357 F 395260 1050460 120 30 999 NONE NONE 211
	FP_ROUTE KC..KA320

TRACK_TIME 1167737286
TRACK A20110117572362 F 314960 1062100 120 30 999 NONE NONE 350
	FP_ROUTE KC..KA319

TRACK_TIME 1167737286
TRACK A20110117572363 F 335500 1183300 120 30 999 NONE NONE 340
	FP_ROUTE KC..KE145

TRACK_TIME 1167737286
TRACK A20110117572365 F 321960 863000 120 30 999 NONE NONE 250
	FP_ROUTE KC..KE135

TRACK_TIME 1167737286
TRACK A20110117572368 F 254800 801960 120 30 999 NONE NONE 390
	FP_ROUTE KC..KE190

TRACK_TIME 1167737286
TRACK A20110117572371 F 403600 734660 120 30 999 NONE NONE 230
	FP_ROUTE KC..KB733

TRACK_TIME 1167737286
TRACK A20110117572375 F 403000 801660 120 30 999 NONE NONE 220
	FP_ROUTE KC..KB737

TRACK_TIME 1167737286
TRACK A20110117572377 F 415800 875560 120 30 999 NONE NONE 220
	FP_ROUTE KC..KE145

TRACK_TIME 1167737286
TRACK A20110117572381 F 355200 784800 120 30 999 NONE NONE 340
	FP_ROUTE KC..KE145

TRACK_TIME 1167737286
TRACK A20110117572382 F 422500 711960 120 30 999 NONE NONE 350
	FP_ROUTE KC..KE145

TRACK_TIME 1167737286
TRACK A20110117572384 F 335560 1181800 120 30 999 NONE NONE 369
	FP_ROUTE KC..KB733

TRACK_TIME 1167737286
TRACK A20110117572385 F 325500 970300 120 30 999 NONE NONE 330
	FP_ROUTE KC..KB733

TRACK_TIME 1167737286
TRACK A20110117572388 F 211900 1575800 120 30 999 NONE NONE 340
	FP_ROUTE KC..KCRJ2

TRACK_TIME 1167737286
TRACK A20110117572393 F 324300 1170900 120 30 999 NONE NONE 370
	FP_ROUTE KC..KCRJ2

TRACK_TIME 1167737286
TRACK A20110117572402 F 333900 842860 120 30 999 NONE NONE 350
	FP_ROUTE KC..KA319

TRACK_TIME 1167737286
TRACK A20110117572403 F 385200 772560 120 30 999 NONE NONE 260
	FP_ROUTE KC..KB752

TRACK_TIME 1167737286
TRACK A20110117572404 F 333700 842260 120 30 999 NONE NONE 240
	FP_ROUTE KC..KB737

TRACK_TIME 1167737286
TRACK A20110117572410 F 385260 772560 120 30 999 NONE NONE 180
	FP_ROUTE KT..KCRJ2

TRACK_TIME 1167737286
TRACK A20110117572411 F 384600 902260 120 30 999 NONE NONE 340
	FP_ROUTE KC..KB733

TRACK_TIME 1167737286
TRACK A20110117572413 F 604660 1510100 120 30 999 NONE NONE 230
	FP_ROUTE KC..KB737

TRACK_TIME 1167737286
TRACK A20110117572420 F 342800 1195560 120 30 999 NONE NONE 270
	FP_ROUTE KC..KA319

TRACK_TIME 1167737286
TRACK A20110117572423 F 420160 875560 120 30 999 NONE NONE 380
	FP_ROUTE KC..KMD82

TRACK_TIME 1167737286
TRACK A20110117572425 F 554960 1594960 120 30 999 NONE NONE 200
	FP_ROUTE KC..KMD83

TRACK_TIME 1167737286
TRACK A20110117572430 F 392700 1194600 120 30 999 NONE NONE 400
	FP_ROUTE KC..KA319

TRACK_TIME 1167737286
TRACK A20110117572434 F 421360 832100 120 30 999 NONE NONE 230
	FP_ROUTE KT..KCRJ9

TRACK_TIME 1167737286
TRACK A20110117572435 F 361600 941660 120 30 999 NONE NONE 290
	FP_ROUTE KC..KB744

TRACK_TIME 1167737286
TRACK A20110117572439 F 445400 931360 120 30 999 NONE NONE 380
	FP_ROUTE KC..KA320

TRACK_TIME 1167737286
TRACK A20110117572444 F 404600 734900 120 30 999 NONE NONE 370
	FP_ROUTE KC..KE145

TRACK_TIME 1167737286
TRACK A20110117572446 F 301600 915560 120 30 999 NONE NONE 290
	FP_ROUTE KC..KA320

TRACK_TIME 1167737286
TRACK A20110117572448 F 304800 831600 120 30 999 NONE NONE 210
	FP_ROUTE KC..KB737

TRACK_TIME 1167737286
TRACK A20110117572454 F 282800 811800 120 30 999 NONE NONE 350
	FP_ROUTE KC..KMD83

TRACK_TIME 1167737286
TRACK A20110117572456 F 373600 1221960 120 30 999 NONE NONE 320
	FP_ROUTE KC..KMD83

TRACK_TIME 1167737286
TRACK A20110117572462 F 325560 970160 120 30 999 NONE NONE 340
	FP_ROUTE KC..KB763

TRACK_TIME 1167737286
TRACK A20110117572463 F 302860 814300 120 30 999 NONE NONE 310
	FP_ROUTE KC..KB733

TRACK_TIME 1167737286
TRACK A20110117572474 F 372100 933000 120 30 999 NONE NONE 320
	FP_ROUTE KC..KE135

TRACK_TIME 1167737286
TRACK A20110117572480 F 394800 1044000 120 30 999 NONE NONE 380
	FP_ROUTE KC..KE145

TRACK_TIME 1167737286
TRACK A20110117572488 F 335260 805860 120 30 999 NONE NONE 230
	FP_ROUTE KC..KB752

TRACK_TIME 1167737286
TRACK A20110117572500 F 420000 875700 120 30 999 NONE NONE 350
	FP_ROUTE KC..KB737

TRACK_TIME 1167737286
TRACK A20110117572510 F 381060 854360 120 30 999 NONE NONE 370
	FP_ROUTE KC..KB737

TRACK_TIME 1167737286
TRACK A20110117572525 F 384300 1213460 120 30 999 NONE NONE 380
	FP_ROUTE KC..KB737

TRACK_TIME 1167737286
TRACK A20110117572532 F 364800 1195500 120 30 999 NONE NONE 410
	FP_ROUTE KC..KB737

TRACK_TIME 1167737286
TRACK A20110117572541 F 395560 1044060 120 30 999 NONE NONE 350
	FP_ROUTE KC..KB737

TRACK_TIME 1167737286
TRACK A20110117572544 F 400000 825800 120 30 999 NONE NONE 300
	FP_ROUTE KC..KMD82

TRACK_TIME 1167737286
TRACK A20110117572557 F 415800 875700 120 30 999 NONE NONE 350
	FP_ROUTE KT..KCRJ9

TRACK_TIME 1167737286
TRACK A20110117572562 F 340300 1174500 120 30 999 NONE NONE 410
	FP_ROUTE KC..KB712

TRACK_TIME 1167737286
TRACK A20110117572563 F 360460 1150900 120 30 999 NONE NONE 290
	FP_ROUTE KC..KB752

TRACK_TIME 1167737286
TRACK A20110117572569 F 422200 710000 120 30 999 NONE NONE 350
	FP_ROUTE KC..KCRJ2

TRACK_TIME 1167737286
TRACK A20110117572571 F 331500 815860 120 30 999 NONE NONE 180
	FP_ROUTE KC..KB752

TRACK_TIME 1167737286
TRACK A20110117572574 F 360400 1150700 120 30 999 NONE NONE 380
	FP_ROUTE KC..KCRJ2

TRACK_TIME 1167737286
TRACK A20110117572579 F 332560 1115860 120 30 999 NONE NONE 260
	FP_ROUTE KC..KMD82

TRACK_TIME 1167737286
TRACK A20110117572592 F 293900 951800 120 30 999 NONE NONE 330
	FP_ROUTE KG..KLJ45

TRACK_TIME 1167737286
TRACK A20110117572593 F 261660 974000 120 30 999 NONE NONE 340
	FP_ROUTE KC..KB737

TRACK_TIME 1167737286
TRACK A20110117572595 F 334800 1180760 120 30 999 NONE NONE 370
	FP_ROUTE KC..KCRJ2

TRACK_TIME 1167737286
TRACK A20110117572597 F 303100 871200 120 30 999 NONE NONE 280
	FP_ROUTE KC..KB734

TRACK_TIME 1167737286
TRACK A20110117572598 F 472560 1221900 120 30 999 NONE NONE 350
	FP_ROUTE KC..KA320

TRACK_TIME 1167737286
TRACK A20110117572599 F 325200 970160 120 30 999 NONE NONE 370
	FP_ROUTE KC..KMD83

TRACK_TIME 1167737286
TRACK A20110117572611 F 392700 1194600 120 30 999 NONE NONE 340
	FP_ROUTE KT..KCRJ2

TRACK_TIME 1167737286
TRACK A20110117572615 F 275700 823300 120 30 999 NONE NONE 340
	FP_ROUTE KC..KA319

TRACK_TIME 1167737286
TRACK A20110117572618 F 465560 1140700 120 30 999 NONE NONE 250
	FP_ROUTE KG..KFA20

TRACK_TIME 1167737286
TRACK A20110117572628 F 394060 862100 120 30 999 NONE NONE 210
	FP_ROUTE KC..KB733

TRACK_TIME 1167737286
TRACK A20110117572633 F 433460 1161600 120 30 999 NONE NONE 240
	FP_ROUTE KT..KCRJ2

TRACK_TIME 1167737286
TRACK A20110117572634 F 420100 875200 120 30 999 NONE NONE 360
	FP_ROUTE KG..KBE20

TRACK_TIME 1167737286
TRACK A20110117572640 F 403700 734600 120 30 999 NONE NONE 370
	FP_ROUTE KT..KCRJ2

TRACK_TIME 1167737286
TRACK A20110117572641 F 332560 1115860 120 30 999 NONE NONE 240
	FP_ROUTE KG..KBE20

TRACK_TIME 1167737286
TRACK A20110117572647 F 264200 801000 120 30 999 NONE NONE 360
	FP_ROUTE KC..KMD82

TRACK_TIME 1167737286
TRACK A20110117572649 F 453460 1223400 120 30 999 NONE NONE 360
	FP_ROUTE KT..KE145

TRACK_TIME 1167737286
TRACK A20110117572652 F 350600 1014500 120 30 999 NONE NONE 240
	FP_ROUTE KG..KF900

TRACK_TIME 1167737286
TRACK A20110117572657 F 380600 782800 120 30 999 NONE NONE 200
	FP_ROUTE KT..KCRJ2

TRACK_TIME 1167737286
TRACK A20110117572658 F 260460 800760 120 30 999 NONE NONE 230
	FP_ROUTE KC..KB738

TRACK_TIME 1167737286
TRACK A20110117572661 F 420100 875560 120 30 999 NONE NONE 360
	FP_ROUTE KT..KCRJ9

TRACK_TIME 1167737286
TRACK A20110117572666 F 430160 712860 120 30 999 NONE NONE 350
	FP_ROUTE KC..KMD82

TRACK_TIME 1167737286
TRACK A20110117572679 F 373600 1221800 120 30 999 NONE NONE 400
	FP_ROUTE KG..KCL60

TRACK_TIME 1167737286
TRACK A20110117572684 F 404900 1115860 120 30 999 NONE NONE 280
	FP_ROUTE KC..KMD83

TRACK_TIME 1167737286
TRACK A20110117572692 F 300000 951800 120 30 999 NONE NONE 370
	FP_ROUTE KT..KCRJ2

TRACK_TIME 1167737286
TRACK A20110117572700 F 325500 970300 120 30 999 NONE NONE 330
	FP_ROUTE KC..KMD83

TRACK_TIME 1167737286
TRACK A20110117572716 F 303100 910400 120 30 999 NONE NONE 230
	FP_ROUTE KC..KB752

TRACK_TIME 1167737286
TRACK A20110117572717 F 400000 825560 120 30 999 NONE NONE 300
	FP_ROUTE KT..KCRJ2

TRACK_TIME 1167737286
TRACK A20110117572718 F 410300 734200 120 30 999 NONE NONE 370
	FP_ROUTE KC..KA319

TRACK_TIME 1167737286
TRACK A20110117572719 F 325560 970300 120 30 999 NONE NONE 351
	FP_ROUTE KC..KB738

TRACK_TIME 1167737286
TRACK A20110117572720 F 395860 1044200 120 30 999 NONE NONE 330
	FP_ROUTE KC..KA320

TRACK_TIME 1167737286
TRACK A20110117572727 F 370700 763100 120 30 999 NONE NONE 260
	FP_ROUTE KT..KE145

TRACK_TIME 1167737286
TRACK A20110117572733 F 392500 743000 120 30 999 NONE NONE 250
	FP_ROUTE KC..KA319

TRACK_TIME 1167737286
TRACK A20110117572740 F 403760 734600 120 30 999 NONE NONE 370
	FP_ROUTE KC..KB735

TRACK_TIME 1167737286
TRACK A20110117572741 F 425500 784500 120 30 999 NONE NONE 370
	FP_ROUTE KC..KB735

TRACK_TIME 1167737286
TRACK A20110117572753 F 282860 811660 120 30 999 NONE NONE 360
	FP_ROUTE KC..KB737

TRACK_TIME 1167737286
TRACK A20110117572755 F 325200 970100 120 30 999 NONE NONE 320
	FP_ROUTE KC..KB752

TRACK_TIME 1167737286
TRACK A20110117572756 F 372800 771960 120 30 999 NONE NONE 370
	FP_ROUTE KC..KB752

TRACK_TIME 1167737286
TRACK A20110117572759 F 371060 795260 120 30 999 NONE NONE 240
	FP_ROUTE KC..KA320

TRACK_TIME 1167737286
TRACK A20110117572760 F 365260 761300 120 30 999 NONE NONE 210
	FP_ROUTE KC..KE135

TRACK_TIME 1167737286
TRACK A20110117572766 F 355200 784800 120 30 999 NONE NONE 330
	FP_ROUTE KC..KCRJ2

TRACK_TIME 1167737286
TRACK A20110117572768 F 303300 910760 120 30 999 NONE NONE 280
	FP_ROUTE KC..KE120

TRACK_TIME 1167737286
TRACK A20110117572769 F 394360 861600 120 30 999 NONE NONE 280
	FP_ROUTE KC..KCRJ2

TRACK_TIME 1167737286
TRACK A20110117572772 F 411900 955400 120 30 999 NONE NONE 280
	FP_ROUTE KC..KCRJ2

TRACK_TIME 1167737286
TRACK A20110117572775 F 404500 734960 120 30 999 NONE NONE 380
	FP_ROUTE KT..KCRJ2

TRACK_TIME 1167737286
TRACK A20110117572777 F 333760 842200 120 30 999 NONE NONE 290
	FP_ROUTE KC..KB752

TRACK_TIME 1167737286
TRACK A20110117572779 F 465860 964900 120 30 999 NONE NONE 260
	FP_ROUTE KC..KB712

TRACK_TIME 1167737286
TRACK A20110117572784 F 404960 1115860 120 30 999 NONE NONE 290
	FP_ROUTE KC..KB752

TRACK_TIME 1167737286
TRACK A20110117572785 F 472560 1221900 120 30 999 NONE NONE 320
	FP_ROUTE KG..KC560

TRACK_TIME 1167737286
TRACK A20110117572786 F 404500 1120000 120 30 999 NONE NONE 400
	FP_ROUTE KC..KCRJ2

TRACK_TIME 1167737286
TRACK A20110117572787 F 410300 734060 120 30 999 NONE NONE 410
	FP_ROUTE KC..KCRJ2

TRACK_TIME 1167737286
TRACK A20110117572788 F 395260 751300 120 30 999 NONE NONE 360
	FP_ROUTE KC..KA320

TRACK_TIME 1167737286
TRACK A20110117572789 F 322800 935100 120 30 999 NONE NONE 230
	FP_ROUTE KC..KA319

TRACK_TIME 1167737286
TRACK A20110117572791 F 313160 970600 120 30 999 NONE NONE 330
	FP_ROUTE KC..KB738

TRACK_TIME 1167737286
TRACK A20110117572792 F 453460 1223400 120 30 999 NONE NONE 240
	FP_ROUTE KC..KCRJ2

TRACK_TIME 1167737286
TRACK A20110117572794 F 333900 842860 120 30 999 NONE NONE 300
	FP_ROUTE KC..KMD83

TRACK_TIME 1167737286
TRACK A20110117572797 F 403000 801660 120 30 999 NONE NONE 190
	FP_ROUTE KC..KCRJ2

TRACK_TIME 1167737286
TRACK A20110117572799 F 275700 823300 120 30 999 NONE NONE 390
	FP_ROUTE KC..KCRJ2

TRACK_TIME 1167737286
TRACK A20110117572800 F 415800 875200 120 30 999 NONE NONE 330
	FP_ROUTE KC..KB737

TRACK_TIME 1167737286
TRACK A20110117572802 F 372100 1215500 120 30 999 NONE NONE 360
	FP_ROUTE KC..KA320

TRACK_TIME 1167737286
TRACK A20110117572804 F 300000 901900 120 30 999 NONE NONE 330
	FP_ROUTE KC..KCRJ2

TRACK_TIME 1167737286
TRACK A20110117572818 F 301200 973900 120 30 999 NONE NONE 200
	FP_ROUTE KC..KCRJ2

TRACK_TIME 1167737286
TRACK A20110117572821 F 371960 1215400 120 30 999 NONE NONE 350
	FP_ROUTE KC..KB738

TRACK_TIME 1167737286
TRACK A20110117572822 F 332560 1115800 120 30 999 NONE NONE 370
	FP_ROUTE KC..KB737

TRACK_TIME 1167737286
TRACK A20110117572825 F 445260 931060 120 30 999 NONE NONE 280
	FP_ROUTE KC..KMD82

TRACK_TIME 1167737286
TRACK A20110117572826 F 395500 1044060 120 30 999 NONE NONE 380
	FP_ROUTE KC..KB739

TRACK_TIME 1167737286
TRACK A20110117572829 F 350300 1064060 120 30 999 NONE NONE 240
	FP_ROUTE KT..KCRJ2

TRACK_TIME 1167737286
TRACK A20110117572830 F 410300 734200 120 30 999 NONE NONE 330
	FP_ROUTE KC..KB733

TRACK_TIME 1167737286
TRACK A20110117572843 F 211900 1575560 120 30 999 NONE NONE 240
	FP_ROUTE KC..KB737

TRACK_TIME 1167737286
TRACK A20110117572845 F 333760 842860 120 30 999 NONE NONE 270
	FP_ROUTE KC..KB733

TRACK_TIME 1167737286
TRACK A20110117572846 F 261200 974000 120 30 999 NONE NONE 340
	FP_ROUTE KC..KB733

TRACK_TIME 1167737286
TRACK A20110117572848 F 333900 842800 120 30 999 NONE NONE 360
	FP_ROUTE KG..KF900

TRACK_TIME 1167737286
TRACK A20110117572850 F 472700 1221900 120 30 999 NONE NONE 340
	FP_ROUTE KG..KF900

TRACK_TIME 1167737286
TRACK A20110117572851 F 260400 800700 120 30 999 NONE NONE 280
	FP_ROUTE KC..KCRJ2

TRACK_TIME 1167737286
TRACK A20110117572864 F 404900 1115860 120 30 999 NONE NONE 330
	FP_ROUTE KG..KLJ35

TRACK_TIME 1167737286
TRACK A20110117572867 F 395700 841300 120 30 999 NONE NONE 230
	FP_ROUTE KC..KE145

TRACK_TIME 1167737286
TRACK A20110117572868 F 374200 1221200 120 30 999 NONE NONE 390
	FP_ROUTE KC..KE190

TRACK_TIME 1167737286
TRACK A20110117572870 F 403900 741200 120 30 999 NONE NONE 190
	FP_ROUTE KC..KB752

TRACK_TIME 1167737286
TRACK A20110117572873 F 412560 814900 120 30 999 NONE NONE 240
	FP_ROUTE KT..KCRJ2

TRACK_TIME 1167737286
TRACK A20110117572875 F 420160 875700 120 30 999 NONE NONE 260
	FP_ROUTE KC..KB752

TRACK_TIME 1167737286
TRACK A20110117572879 F 324360 1171060 120 30 999 NONE NONE 370
	FP_ROUTE KC..KCRJ2

TRACK_TIME 1167737286
TRACK A20110117572887 F 335700 1182100 120 30 999 NONE NONE 250
	FP_ROUTE KC..KB738

TRACK_TIME 1167737286
TRACK A20110117572898 F 340160 1174200 120 30 999 NONE NONE 330
	FP_ROUTE KT..KCRJ2

TRACK_TIME 1167737286
TRACK A20110117572899 F 421300 831960 120 30 999 NONE NONE 380
	FP_ROUTE KC..KB734

TRACK_TIME 1167737286
TRACK A20110117572900 F 413460 835560 120 30 999 NONE NONE 190
	FP_ROUTE KC..KB737

TRACK_TIME 1167737286
TRACK A20110117572918 F 335560 1182260 120 30 999 NONE NONE 360
	FP_ROUTE KG..KFA10

TRACK_TIME 1167737286
TRACK A20110117572921 F 300700 974060 120 30 999 NONE NONE 220
	FP_ROUTE KG..KFA50

TRACK_TIME 1167737286
TRACK A20110117572923 F 361000 1151060 120 30 999 NONE NONE 390
	FP_ROUTE KG..KFA50

TRACK_TIME 1167737286
TRACK A20110117572932 F 384300 901800 120 30 999 NONE NONE 290
	FP_ROUTE KC..KB737

TRACK_TIME 1167737286
TRACK A20110117572936 F 404600 734960 120 30 999 NONE NONE 370
	FP_ROUTE KG..KFA10

TRACK_TIME 1167737286
TRACK A20110117572937 F 445400 931500 120 30 999 NONE NONE 360
	FP_ROUTE KC..KB752

TRACK_TIME 1167737286
TRACK A20110117572938 F 274000 972100 120 30 999 NONE NONE 340
	FP_ROUTE KC..KE170

TRACK_TIME 1167737286
TRACK A20110117572940 F 295860 951800 120 30 999 NONE NONE 400
	FP_ROUTE KC..KB737

TRACK_TIME 1167737286
TRACK A20110117572943 F 325200 970100 120 30 999 NONE NONE 380
	FP_ROUTE KC..KE135

TRACK_TIME 1167737286
TRACK A20110117572944 F 404600 734960 120 30 999 NONE NONE 290
	FP_ROUTE KC..KB738

TRACK_TIME 1167737286
TRACK A20110117572948 F 434000 702200 120 30 999 NONE NONE 330
	FP_ROUTE KC..KE145

TRACK_TIME 1167737286
TRACK A20110117572952 F 404900 813700 120 30 999 NONE NONE 250
	FP_ROUTE KC..KE145

TRACK_TIME 1167737286
TRACK A20110117572957 F 414300 712500 120 30 999 NONE NONE 270
	FP_ROUTE KG..KCL60

TRACK_TIME 1167737286
TRACK A20110117572959 F 263000 813100 120 30 999 NONE NONE 400
	FP_ROUTE KC..KB738

TRACK_TIME 1167737286
TRACK A20110117572960 F 395400 1044060 120 30 999 NONE NONE 350
	FP_ROUTE KC..KB752

TRACK_TIME 1167737286
TRACK A20110117572966 F 392260 843300 120 30 999 NONE NONE 430
	FP_ROUTE KT..KCRJ9

TRACK_TIME 1167737286
TRACK A20110117572967 F 390900 763900 120 30 999 NONE NONE 390
	FP_ROUTE KT..KCRJ2

TRACK_TIME 1167737286
TRACK A20110117572969 F 433460 964500 120 30 999 NONE NONE 260
	FP_ROUTE KC..KMD83

TRACK_TIME 1167737286
TRACK A20110117572970 F 404900 730400 120 30 999 NONE NONE 390
	FP_ROUTE KC..KB752

TRACK_TIME 1167737286
TRACK A20110117572978 F 384500 901900 120 30 999 NONE NONE 280
	FP_ROUTE KC..KMD83

TRACK_TIME 1167737286
TRACK A20110117572984 F 425700 875200 120 30 999 NONE NONE 300
	FP_ROUTE KT..KC560

TRACK_TIME 1167737286
TRACK A20110117572986 F 394900 1044000 120 30 999 NONE NONE 340
	FP_ROUTE KC..KMD83

TRACK_TIME 1167737286
TRACK A20110117572990 F 620000 1502400 120 30 999 NONE NONE 390
	FP_ROUTE KC..KE145

TRACK_TIME 1167737286
TRACK A20110117573007 F 403000 801300 120 30 999 NONE NONE 220
	FP_ROUTE KT..KC560

TRACK_TIME 1167737286
TRACK A20110117573012 F 340300 1174300 120 30 999 NONE NONE 280
	FP_ROUTE KC..KB733

TRACK_TIME 1167737286
TRACK A20110117573014 F 350300 1063900 120 30 999 NONE NONE 310
	FP_ROUTE KC..KA319

TRACK_TIME 1167737286
TRACK A20110117573015 F 333900 842800 120 30 999 NONE NONE 220
	FP_ROUTE KT..KCRJ2

TRACK_TIME 1167737286
TRACK A20110117573016 F 415800 875860 120 30 999 NONE NONE 360
	FP_ROUTE KC..KA320

TRACK_TIME 1167737286
TRACK A20110117573021 F 325500 970300 120 30 999 NONE NONE 340
	FP_ROUTE KT..KE145

TRACK_TIME 1167737286
TRACK A20110117573024 F 384360 902200 120 30 999 NONE NONE 360
	FP_ROUTE KC..KA320

TRACK_TIME 1167737286
TRACK A20110117573026 F 421300 831960 120 30 999 NONE NONE 280
	FP_ROUTE KG..KC550

TRACK_TIME 1167737286
TRACK A20110117573027 F 453460 1223460 120 30 999 NONE NONE 400
	FP_ROUTE KC..KA321

TRACK_TIME 1167737286
TRACK A20110117573028 F 333300 864660 120 30 999 NONE NONE 190
	FP_ROUTE KC..KB738

TRACK_TIME 1167737286
TRACK A20110117573034 F 392400 944200 120 30 999 NONE NONE 290
	FP_ROUTE KC..KB712

TRACK_TIME 1167737286
TRACK A20110117573038 F 333760 842800 120 30 999 NONE NONE 370
	FP_ROUTE KC..KCRJ2

TRACK_TIME 1167737286
TRACK A20110117573039 F 350000 1063900 120 30 999 NONE NONE 340
	FP_ROUTE KC..KMD82

TRACK_TIME 1167737286
TRACK A20110117573040 F 422560 705860 120 30 999 NONE NONE 370
	FP_ROUTE KC..KE145

TRACK_TIME 1167737286
TRACK A20110117573042 F 293400 983100 120 30 999 NONE NONE 260
	FP_ROUTE KC..KB733

TRACK_TIME 1167737286
TRACK A20110117573047 F 370300 800460 120 30 999 NONE NONE 270
	FP_ROUTE KC..KB733

TRACK_TIME 1167737286
TRACK A20110117573048 F 384500 901960 120 30 999 NONE NONE 380
	FP_ROUTE KC..KB733

TRACK_TIME 1167737286
TRACK A20110117573051 F 390300 844300 120 30 999 NONE NONE 270
	FP_ROUTE KC..KB737

TRACK_TIME 1167737286
TRACK A20110117573052 F 282400 811900 120 30 999 NONE NONE 289
	FP_ROUTE KC..KB733

TRACK_TIME 1167737286
TRACK A20110117573053 F 422100 705800 120 30 999 NONE NONE 330
	FP_ROUTE KC..KB763

TRACK_TIME 1167737286
TRACK A20110117573056 F 335560 1182100 120 30 999 NONE NONE 380
	FP_ROUTE KC..KB752

TRACK_TIME 1167737286
TRACK A20110117573057 F 351060 805560 120 30 999 NONE NONE 380
	FP_ROUTE KC..KB734

TRACK_TIME 1167737286
TRACK A20110117573060 F 403760 741200 120 30 999 NONE NONE 370
	FP_ROUTE KC..KCRJ2

TRACK_TIME 1167737286
TRACK A20110117573063 F 264060 801000 120 30 999 NONE NONE 370
	FP_ROUTE KC..KA320

TRACK_TIME 1167737286
TRACK A20110117573067 F 391060 764200 120 30 999 NONE NONE 280
	FP_ROUTE KC..KB737

TRACK_TIME 1167737286
TRACK A20110117573070 F 360900 1150460 120 30 999 NONE NONE 250
	FP_ROUTE KC..KB737

TRACK_TIME 1167737286
TRACK A20110117573071 F 332560 1115800 120 30 999 NONE NONE 290
	FP_ROUTE KC..KB737

TRACK_TIME 1167737286
TRACK A20110117573073 F 403000 801900 120 30 999 NONE NONE 320
	FP_ROUTE KC..KB737

TRACK_TIME 1167737286
TRACK A20110117573074 F 181960 650100 120 30 999 NONE NONE 370
	FP_ROUTE KC..KDH8A

TRACK_TIME 1167737286
TRACK A20110117573085 F 335560 1182100 120 30 999 NONE NONE 360
	FP_ROUTE KC..KE170

TRACK_TIME 1167737286
TRACK A20110117573086 F 390000 772800 120 30 999 NONE NONE 370
	FP_ROUTE KC..KE135

TRACK_TIME 1167737286
TRACK A20110117573087 F 325260 965400 120 30 999 NONE NONE 220
	FP_ROUTE KC..KA319

TRACK_TIME 1167737286
TRACK A20110117573098 F 404900 1120000 120 30 999 NONE NONE 350
	FP_ROUTE KC..KB733

TRACK_TIME 1167737286
TRACK A20110117573101 F 395860 825100 120 30 999 NONE NONE 240
	FP_ROUTE KC..KB739

TRACK_TIME 1167737286
TRACK A20110117573103 F 610000 1485800 120 30 999 NONE NONE 340
	FP_ROUTE KC..KA321

TRACK_TIME 1167737286
TRACK A20110117573104 F 395560 1044060 120 30 999 NONE NONE 340
	FP_ROUTE KC..KE145

TRACK_TIME 1167737286
TRACK A20110117573107 F 472700 1221900 120 30 999 NONE NONE 240
	FP_ROUTE KC..KB752

TRACK_TIME 1167737286
TRACK A20110117573108 F 404500 1115800 120 30 999 NONE NONE 340
	FP_ROUTE KC..KB734

TRACK_TIME 1167737286
TRACK A20110117573110 F 334900 1181000 120 30 999 NONE NONE 340
	FP_ROUTE KC..KB735

TRACK_TIME 1167737286
TRACK A20110117573111 F 420000 875700 120 30 999 NONE NONE 350
	FP_ROUTE KC..KMD82

TRACK_TIME 1167737286
TRACK A20110117573117 F 445400 931500 120 30 999 NONE NONE 340
	FP_ROUTE KG..KF2TH

TRACK_TIME 1167737286
TRACK A20110117573130 F 373600 1221960 120 30 999 NONE NONE 360
	FP_ROUTE KT..KCRJ2

TRACK_TIME 1167737286
TRACK A20110117573133 F 333300 864660 120 30 999 NONE NONE 390
	FP_ROUTE KT..KCRJ9

TRACK_TIME 1167737286
TRACK A20110117573134 F 300000 952260 120 30 999 NONE NONE 320
	FP_ROUTE KT..KCRJ9

TRACK_TIME 1167737286
TRACK A20110117573136 F 422500 1225260 120 30 999 NONE NONE 260
	FP_ROUTE KC..KB735

TRACK_TIME 1167737286
TRACK A20110117573141 F 374060 1221200 120 30 999 NONE NONE 380
	FP_ROUTE KC..KB738

TRACK_TIME 1167737286
TRACK A20110117573143 F 300000 952200 120 30 999 NONE NONE 300
	FP_ROUTE KG..KPAY2

TRACK_TIME 1167737286
TRACK A20110117573144 F 350400 895860 120 30 999 NONE NONE 310
	FP_ROUTE KG..KPAY2

TRACK_TIME 1167737286
TRACK A20110117573146 F 394900 1044000 120 30 999 NONE NONE 270
	FP_ROUTE KC..KB735

TRACK_TIME 1167737286
TRACK A20110117573153 F 351360 805800 120 30 999 NONE NONE 390
	FP_ROUTE KC..KB735

TRACK_TIME 1167737286
TRACK A20110117573155 F 445400 931360 120 30 999 NONE NONE 210
	FP_ROUTE KC..KCRJ2

TRACK_TIME 1167737286
TRACK A20110117573168 F 412260 815500 120 30 999 NONE NONE 210
	FP_ROUTE KG..KFA10

TRACK_TIME 1167737286
TRACK A20110117573169 F 414900 874660 120 30 999 NONE NONE 360
	FP_ROUTE KG..KFA10

TRACK_TIME 1167737286
TRACK A20110117573188 F 333900 842800 120 30 999 NONE NONE 270
	FP_ROUTE KC..KB737

TRACK_TIME 1167737286
TRACK A20110117573189 F 333700 842800 120 30 999 NONE NONE 360
	FP_ROUTE KC..KB737

TRACK_TIME 1167737286
TRACK A20110117573200 F 404600 734960 120 30 999 NONE NONE 390
	FP_ROUTE KC..KB737

TRACK_TIME 1167737286
TRACK A20110117573201 F 282800 811660 120 30 999 NONE NONE 380
	FP_ROUTE KT..KDH8D

TRACK_TIME 1167737286
TRACK A20110117573203 F 333700 842100 120 30 999 NONE NONE 280
	FP_ROUTE KC..KB738

TRACK_TIME 1167737286
TRACK A20110117573205 F 411300 954900 120 30 999 NONE NONE 290
	FP_ROUTE KC..KB752

TRACK_TIME 1167737286
TRACK A20110117573206 F 390400 843900 120 30 999 NONE NONE 200
	FP_ROUTE KC..KB763

TRACK_TIME 1167737286
TRACK A20110117573207 F 324300 1171660 120 30 999 NONE NONE 390
	FP_ROUTE KC..KA319

TRACK_TIME 1167737286
TRACK A20110117573218 F 300160 974060 120 30 999 NONE NONE 220
	FP_ROUTE KC..KCRJ9

TRACK_TIME 1167737286
TRACK A20110117573229 F 353760 772260 120 30 999 NONE NONE 190
	FP_ROUTE KC..KA320

TRACK_TIME 1167737286
TRACK A20110117573230 F 254660 801960 120 30 999 NONE NONE 370
	FP_ROUTE KC..KA319

TRACK_TIME 1167737286
TRACK A20110117573232 F 282860 811800 120 30 999 NONE NONE 400
	FP_ROUTE KC..KA319

TRACK_TIME 1167737286
TRACK A20110117573233 F 395260 1043700 120 30 999 NONE NONE 330
	FP_ROUTE KC..KA319

TRACK_TIME 1167737286
TRACK A20110117573235 F 413000 740900 120 30 999 NONE NONE 330
	FP_ROUTE KC..KMD83

TRACK_TIME 1167737286
TRACK A20110117573239 F 325200 965200 120 30 999 NONE NONE 220
	FP_ROUTE KC..KCRJ2

TRACK_TIME 1167737286
TRACK A20110117573240 F 325200 970160 120 30 999 NONE NONE 340
	FP_ROUTE KC..KCRJ2

TRACK_TIME 1167737286
TRACK A20110117573242 F 294000 951900 120 30 999 NONE NONE 240
	FP_ROUTE KC..KCRJ2

TRACK_TIME 1167737286
TRACK A20110117573243 F 322700 900600 120 30 999 NONE NONE 370
	FP_ROUTE KC..KCRJ2

TRACK_TIME 1167737286
TRACK A20110117573247 F 325500 970460 120 30 999 NONE NONE 370
	FP_ROUTE KC..KB744

TRACK_TIME 1167737286
TRACK A20110117573250 F 412700 902560 120 30 999 NONE NONE 250
	FP_ROUTE KC..KB737

TRACK_TIME 1167737286
TRACK A20110117573265 F 421300 831960 120 30 999 NONE NONE 380
	FP_ROUTE KC..KB763

TRACK_TIME 1167737286
TRACK A20110117573268 F 183100 660760 120 30 999 NONE NONE 390
	FP_ROUTE KC..KB753

TRACK_TIME 1167737286
TRACK A20110117573276 F 394900 1044060 120 30 999 NONE NONE 350
	FP_ROUTE KC..KB752

TRACK_TIME 1167737286
TRACK A20110117573277 F 260400 801200 120 30 999 NONE NONE 330
	FP_ROUTE KC..KE190

TRACK_TIME 1167737286
TRACK A20110117573279 F 333760 842400 120 30 999 NONE NONE 350
	FP_ROUTE KC..KCRJ2

TRACK_TIME 1167737286
TRACK A20110117573281 F 303000 863400 120 30 999 NONE NONE 310
	FP_ROUTE KC..KCRJ2

TRACK_TIME 1167737286
TRACK A20110117573282 F 344300 921500 120 30 999 NONE NONE 320
	FP_ROUTE KC..KA319

TRACK_TIME 1167737286
TRACK A20110117573283 F 293700 951500 120 30 999 NONE NONE 340
	FP_ROUTE KT..KCRJ2

TRACK_TIME 1167737286
TRACK A20110117573285 F 403760 741200 120 30 999 NONE NONE 350
	FP_ROUTE KT..KCRJ2

TRACK_TIME 1167737286
TRACK A20110117573287 F 300000 951960 120 30 999 NONE NONE 310
	FP_ROUTE KC..KMD83

TRACK_TIME 1167737286
TRACK A20110117573292 F 384900 770160 120 30 999 NONE NONE 390
	FP_ROUTE KC..KB737

TRACK_TIME 1167737286
TRACK A20110117573293 F 333400 1175560 120 30 999 NONE NONE 360
	FP_ROUTE KT..KCRJ2

TRACK_TIME 1167737286
TRACK A20110117573301 F 404960 740460 120 30 999 NONE NONE 270
	FP_ROUTE KC..KE170

TRACK_TIME 1167737286
TRACK A20110117573305 F 325500 970460 120 30 999 NONE NONE 390
	FP_ROUTE KT..KCRJ9

TRACK_TIME 1167737286
TRACK A20110117573308 F 435800 923460 120 30 999 NONE NONE 340
	FP_ROUTE KC..KMD82

TRACK_TIME 1167737286
TRACK A20110117573309 F 465400 964960 120 30 999 NONE NONE 360
	FP_ROUTE KC..KB738

TRACK_TIME 1167737286
TRACK A20110117573311 F 380100 873300 120 30 999 NONE NONE 280
	FP_ROUTE KC..KB738

TRACK_TIME 1167737286
TRACK A20110117573314 F 440700 1231300 120 30 999 NONE NONE 320
	FP_ROUTE KC..KA320

TRACK_TIME 1167737286
TRACK A20110117573318 F 404600 735400 120 30 999 NONE NONE 350
	FP_ROUTE KC..KB738

TRACK_TIME 1167737286
TRACK A20110117573328 F 391960 944300 120 30 999 NONE NONE 370
	FP_ROUTE KC..KB738

TRACK_TIME 1167737286
TRACK A20110117573338 F 295860 973460 120 30 999 NONE NONE 280
	FP_ROUTE KC..KA320

TRACK_TIME 1167737286
TRACK A20110117573339 F 400000 825200 120 30 999 NONE NONE 270
	FP_ROUTE KC..KA319

TRACK_TIME 1167737286
TRACK A20110117573341 F 324960 964960 120 30 999 NONE NONE 330
	FP_ROUTE KC..KA319

TRACK_TIME 1167737286
TRACK A20110117573342 F 404600 734960 120 30 999 NONE NONE 370
	FP_ROUTE KT..KCRJ2

TRACK_TIME 1167737286
TRACK A20110117573344 F 411900 955500 120 30 999 NONE NONE 340
	FP_ROUTE KC..KCRJ2

TRACK_TIME 1167737286
TRACK A20110117573347 F 352500 1190160 120 30 999 NONE NONE 280
	FP_ROUTE KC..KA320

TRACK_TIME 1167737286
TRACK A20110117573359 F 405400 812800 120 30 999 NONE NONE 270
	FP_ROUTE KC..KB752

TRACK_TIME 1167737286
TRACK A20110117573368 F 182560 660160 120 30 999 NONE NONE 410
	FP_ROUTE KC..KMD83

TRACK_TIME 1167737286
TRACK A20110117573372 F 351060 805700 120 30 999 NONE NONE 380
	FP_ROUTE KC..KMD83

TRACK_TIME 1167737286
TRACK A20110117573374 F 404600 735100 120 30 999 NONE NONE 370
	FP_ROUTE KC..KB735

TRACK_TIME 1167737286
TRACK A20110117573375 F 360460 1150900 120 30 999 NONE NONE 400
	FP_ROUTE KC..KE135

TRACK_TIME 1167737286
TRACK A20110117573376 F 424200 734800 120 30 999 NONE NONE 250
	FP_ROUTE KC..KB737

TRACK_TIME 1167737286
TRACK A20110117573377 F 422100 710100 120 30 999 NONE NONE 350
	FP_ROUTE KC..KB737

TRACK_TIME 1167737286
TRACK A20110117573378 F 355100 784900 120 30 999 NONE NONE 320
	FP_ROUTE KT..KCRJ2

TRACK_TIME 1167737286
TRACK A20110117573383 F 384960 770160 120 30 999 NONE NONE 280
	FP_ROUTE KC..KB737

TRACK_TIME 1167737286
TRACK A20110117573384 F 395200 751660 120 30 999 NONE NONE 290
	FP_ROUTE KC..KB737

TRACK_TIME 1167737286
TRACK A20110117573385 F 354660 840160 120 30 999 NONE NONE 350
	FP_ROUTE KC..KE135

TRACK_TIME 1167737286
TRACK A20110117573393 F 404800 735100 120 30 999 NONE NONE 370
	FP_ROUTE KC..KMD83

TRACK_TIME 1167737286
TRACK A20110117573398 F 333900 843000 120 30 999 NONE NONE 370
	FP_ROUTE KT..KCRJ9

TRACK_TIME 1167737286
TRACK A20110117573405 F 325500 970300 120 30 999 NONE NONE 330
	FP_ROUTE KC..KMD83

TRACK_TIME 1167737286
TRACK A20110117573408 F 445400 931500 120 30 999 NONE NONE 400
	FP_ROUTE KC..KFA50

TRACK_TIME 1167737286
TRACK A20110117573409 F 321900 900600 120 30 999 NONE NONE 300
	FP_ROUTE KC..KE145

TRACK_TIME 1167737286
TRACK A20110117573410 F 395500 1044200 120 30 999 NONE NONE 410
	FP_ROUTE KC..KE145

TRACK_TIME 1167737286
TRACK A20110117573418 F 315260 1062100 120 30 999 NONE NONE 380
	FP_ROUTE KC..KB733

TRACK_TIME 1167737286
TRACK A20110117573425 F 260400 801060 120 30 999 NONE NONE 390
	FP_ROUTE KT..KCRJ2

TRACK_TIME 1167737286
TRACK A20110117573429 F 315100 1061960 120 30 999 NONE NONE 310
	FP_ROUTE KC..KB733

TRACK_TIME 1167737286
TRACK A20110117573430 F 324960 964960 120 30 999 NONE NONE 351
	FP_ROUTE KC..KB737

TRACK_TIME 1167737286
TRACK A20110117573434 F 395200 751660 120 30 999 NONE NONE 250
	FP_ROUTE KC..KMD82

TRACK_TIME 1167737286
TRACK A20110117573436 F 303100 871200 120 30 999 NONE NONE 370
	FP_ROUTE KC..KB737

TRACK_TIME 1167737286
TRACK A20110117573437 F 433300 1160900 120 30 999 NONE NONE 350
	FP_ROUTE KC..KB737

TRACK_TIME 1167737286
TRACK A20110117573441 F 445260 894500 120 30 999 NONE NONE 180
	FP_ROUTE KG..KC560

TRACK_TIME 1167737286
TRACK A20110117573448 F 404000 734600 120 30 999 NONE NONE 370
	FP_ROUTE KC..KE190

TRACK_TIME 1167737286
TRACK A20110117573450 F 404800 1115860 120 30 999 NONE NONE 290
	FP_ROUTE KC..KMD83

TRACK_TIME 1167737286
TRACK A20110117573451 F 414900 874800 120 30 999 NONE NONE 370
	FP_ROUTE KC..KE120

TRACK_TIME 1167737286
TRACK A20110117573453 F 282800 811960 120 30 999 NONE NONE 390
	FP_ROUTE KC..KB733

TRACK_TIME 1167737286
TRACK A20110117573463 F 335560 1182100 120 30 999 NONE NONE 280
	FP_ROUTE KC..KA319

TRACK_TIME 1167737286
TRACK A20110117573472 F 333760 843000 120 30 999 NONE NONE 390
	FP_ROUTE KC..KB733

TRACK_TIME 1167737286
TRACK A20110117573473 F 394200 861960 120 30 999 NONE NONE 210
	FP_ROUTE KC..KB733

TRACK_TIME 1167737286
TRACK A20110117573475 F 300000 952200 120 30 999 NONE NONE 190
	FP_ROUTE KG..KMU2

TRACK_TIME 1167737286
TRACK A20110117573476 F 384960 770160 120 30 999 NONE NONE 219
	FP_ROUTE KG..KMU2

TRACK_TIME 1167737286
TRACK A20110117573478 F 404200 894600 120 30 999 NONE NONE 310
	FP_ROUTE KC..KA320

TRACK_TIME 1167737286
TRACK A20110117573479 F 282860 811900 120 30 999 NONE NONE 370
	FP_ROUTE KC..KB752

TRACK_TIME 1167737286
TRACK A20110117573481 F 395200 751300 120 30 999 NONE NONE 270
	FP_ROUTE KC..KB738

TRACK_TIME 1167737286
TRACK A20110117573482 F 300460 973760 120 30 999 NONE NONE 270
	FP_ROUTE KC..KA320

TRACK_TIME 1167737286
TRACK A20110117573492 F 395200 751660 120 30 999 NONE NONE 310
	FP_ROUTE KC..KA320

TRACK_TIME 1167737286
TRACK A20110117573494 F 384500 901960 120 30 999 NONE NONE 410
	FP_ROUTE KC..KE170

TRACK_TIME 1167737286
TRACK A20110117573495 F 335700 1182800 120 30 999 NONE NONE 320
	FP_ROUTE KC..KB737

TRACK_TIME 1167737286
TRACK A20110117573498 F 370900 932560 120 30 999 NONE NONE 340
	FP_ROUTE KC..KB738

TRACK_TIME 1167737286
TRACK A20110117573500 F 350100 895860 120 30 999 NONE NONE 350
	FP_ROUTE KC..KEA50

TRACK_TIME 1167737286
TRACK A20110117573501 F 384300 1213460 120 30 999 NONE NONE 360
	FP_ROUTE KC..KE145

TRACK_TIME 1167737286
TRACK A20110117573502 F 351200 805800 120 30 999 NONE NONE 320
	FP_ROUTE KC..KE145

TRACK_TIME 1167737286
TRACK A20110117573503 F 402800 885500 120 30 999 NONE NONE 320
	FP_ROUTE KC..KA321

TRACK_TIME 1167737286
TRACK A20110117573510 F 400000 825500 120 30 999 NONE NONE 230
	FP_ROUTE KT..KCRJ2

TRACK_TIME 1167737286
TRACK A20110117573514 F 404500 735400 120 30 999 NONE NONE 330
	FP_ROUTE KC..KA319

TRACK_TIME 1167737286
TRACK A20110117573522 F 384360 1213600 120 30 999 NONE NONE 340
	FP_ROUTE KC..KB738

TRACK_TIME 1167737286
TRACK A20110117573523 F 384900 770160 120 30 999 NONE NONE 220
	FP_ROUTE KC..KCRJ2

TRACK_TIME 1167737286
TRACK A20110117573526 F 404500 734900 120 30 999 NONE NONE 280
	FP_ROUTE KC..KE135

TRACK_TIME 1167737286
TRACK A20110117573528 F 360460 1150760 120 30 999 NONE NONE 320
	FP_ROUTE KC..KB752

TRACK_TIME 1167737286
TRACK A20110117573534 F 411960 955560 120 30 999 NONE NONE 260
	FP_ROUTE KC..KA320

TRACK_TIME 1167737286
TRACK A20110117573538 F 384600 902560 120 30 999 NONE NONE 300
	FP_ROUTE KC..KMD82

TRACK_TIME 1167737286
TRACK A20110117573559 F 421300 831960 120 30 999 NONE NONE 320
	FP_ROUTE KC..KMD82

TRACK_TIME 1167737286
TRACK A20110117573561 F 392800 1194600 120 30 999 NONE NONE 220
	FP_ROUTE KC..KA319

TRACK_TIME 1167737286
TRACK A20110117573569 F 355200 784900 120 30 999 NONE NONE 320
	FP_ROUTE KG..KPAY2

TRACK_TIME 1167737286
TRACK A20110117573577 F 414900 874800 120 30 999 NONE NONE 360
	FP_ROUTE KC..KCRJ2

TRACK_TIME 1167737286
TRACK A20110117573583 F 384500 901960 120 30 999 NONE NONE 280
	FP_ROUTE KC..KB734

TRACK_TIME 1167737286
TRACK A20110117573584 F 394660 1044000 120 30 999 NONE NONE 370
	FP_ROUTE KC..KMD83

TRACK_TIME 1167737286
TRACK A20110117573586 F 282860 811900 120 30 999 NONE NONE 360
	FP_ROUTE KC..KE190

TRACK_TIME 1167737286
TRACK A20110117573588 F 260460 801300 120 30 999 NONE NONE 210
	FP_ROUTE KC..KE145

TRACK_TIME 1167737286
TRACK A20110117573593 F 405700 981900 120 30 999 NONE NONE 350
	FP_ROUTE KG..KE135

TRACK_TIME 1167737286
TRACK A20110117573595 F 420760 875500 120 30 999 NONE NONE 390
	FP_ROUTE KC..KA320

TRACK_TIME 1167737286
TRACK A20110117573604 F 361600 941960 120 30 999 NONE NONE 280
	FP_ROUTE KT..KDH8D

TRACK_TIME 1167737286
TRACK A20110117573605 F 254800 802100 120 30 999 NONE NONE 410
	FP_ROUTE KC..KB733

TRACK_TIME 1167737286
TRACK A20110117573610 F 372100 1215500 120 30 999 NONE NONE 400
	FP_ROUTE KC..KB739

TRACK_TIME 1167737286
TRACK A20110117573616 F 402100 795700 120 30 999 NONE NONE 260
	FP_ROUTE KC..KB752

TRACK_TIME 1167737286
TRACK A20110117573619 F 375260 1211300 120 30 999 NONE NONE 340
	FP_ROUTE KC..KCRJ2

TRACK_TIME 1167737286
TRACK A20110117573626 F 440100 1030160 120 30 999 NONE NONE 400
	FP_ROUTE KC..KMD83

TRACK_TIME 1167737286
TRACK A20110117573627 F 472860 1221900 120 30 999 NONE NONE 320
	FP_ROUTE KC..KB752

TRACK_TIME 1167737286
TRACK A20110117573628 F 404800 1115860 120 30 999 NONE NONE 370
	FP_ROUTE KC..KA320

TRACK_TIME 1167737286
TRACK A20110117573639 F 304060 881500 120 30 999 NONE NONE 260
	FP_ROUTE KC..KA320

TRACK_TIME 1167737286
TRACK A20110117573641 F 421300 831960 120 30 999 NONE NONE 320
	FP_ROUTE KC..KA320

TRACK_TIME 1167737286
TRACK A20110117573642 F 403900 741060 120 30 999 NONE NONE 370
	FP_ROUTE KT..KCRJ2

TRACK_TIME 1167737286
TRACK A20110117573646 F 415500 724000 120 30 999 NONE NONE 350
	FP_ROUTE KC..KE145

TRACK_TIME 1167737286
TRACK A20110117573654 F 384800 770160 120 30 999 NONE NONE 370
	FP_ROUTE KC..KA319

TRACK_TIME 1167737286
TRACK A20110117573657 F 432200 1242260 120 30 999 NONE NONE 259
	FP_ROUTE KC..KA319

TRACK_TIME 1167737286
TRACK A20110117573666 F 351360 805500 120 30 999 NONE NONE 310
	FP_ROUTE KC..KB734

TRACK_TIME 1167737286
TRACK A20110117573671 F 465500 1140460 120 30 999 NONE NONE 340
	FP_ROUTE KG..KFA50

TRACK_TIME 1167737286
TRACK A20110117573686 F 321060 811900 120 30 999 NONE NONE 220
	FP_ROUTE KC..KB733

TRACK_TIME 1167737286
TRACK A20110117573691 F 350000 1064000 120 30 999 NONE NONE 270
	FP_ROUTE KC..KB764

TRACK_TIME 1167737286
TRACK A20110117573692 F 324900 964900 120 30 999 NONE NONE 330
	FP_ROUTE KC..KB738

TRACK_TIME 1167737286
TRACK A20110117573699 F 355100 784900 120 30 999 NONE NONE 370
	FP_ROUTE KG..KC750

TRACK_TIME 1167737286
TRACK A20110117573710 F 372800 771660 120 30 999 NONE NONE 330
	FP_ROUTE KG..KE135

TRACK_TIME 1167737286
TRACK A20110117573716 F 404900 1120000 120 30 999 NONE NONE 340
	FP_ROUTE KG..KF900

TRACK_TIME 1167737286
TRACK A20110117573724 F 390760 763760 120 30 999 NONE NONE 350
	FP_ROUTE KC..KA321

TRACK_TIME 1167737286
TRACK A20110117573725 F 425700 875260 120 30 999 NONE NONE 320
	FP_ROUTE KC..KCRJ2

TRACK_TIME 1167737286
TRACK A20110117573727 F 194660 1560160 120 30 999 NONE NONE 360
	FP_ROUTE KC..KB737

TRACK_TIME 1167737286
TRACK A20110117573728 F 425260 853100 120 30 999 NONE NONE 290
	FP_ROUTE KC..KB737

TRACK_TIME 1167737286
TRACK A20110117573732 F 430700 760400 120 30 999 NONE NONE 310
	FP_ROUTE KC..KB737

TRACK_TIME 1167737286
TRACK A20110117573733 F 260400 801060 120 30 999 NONE NONE 400
	FP_ROUTE KG..KBE20

TRACK_TIME 1167737286
TRACK A20110117573734 F 263160 813600 120 30 999 NONE NONE 320
	FP_ROUTE KC..KCRJ2

TRACK_TIME 1167737286
TRACK A20110117573742 F 340160 1182560 120 30 999 NONE NONE 300
	FP_ROUTE KC..KCRJ2

TRACK_TIME 1167737286
TRACK A20110117573748 F 332560 1115560 120 30 999 NONE NONE 250
	FP_ROUTE KC..KCRJ2

TRACK_TIME 1167737286
TRACK A20110117573749 F 394060 861960 120 30 999 NONE NONE 390
	FP_ROUTE KC..KA319

TRACK_TIME 1167737286
TRACK A20110117573755 F 335560 1182200 120 30 999 NONE NONE 360
	FP_ROUTE KC..KB772

TRACK_TIME 1167737286
TRACK A20110117573760 F 445400 931600 120 30 999 NONE NONE 370
	FP_ROUTE KC..KB737

TRACK_TIME 1167737286
TRACK A20110117573766 F 445260 931300 120 30 999 NONE NONE 330
	FP_ROUTE KC..KB737

TRACK_TIME 1167737286
TRACK A20110117573767 F 390000 772560 120 30 999 NONE NONE 370
	FP_ROUTE KC..KB738

TRACK_TIME 1167737286
TRACK A20110117573768 F 354960 835800 120 30 999 NONE NONE 270
	FP_ROUTE KC..KSF34

TRACK_TIME 1167737286
TRACK A20110117573770 F 370600 763160 120 30 999 NONE NONE 230
	FP_ROUTE KT..KCRJ9

TRACK_TIME 1167737286
TRACK A20110117573773 F 332560 1115800 120 30 999 NONE NONE 270
	FP_ROUTE KT..KCRJ9

TRACK_TIME 1167737286
TRACK A20110117573775 F 363460 1214900 120 30 999 NONE NONE 260
	FP_ROUTE KT..KE145

TRACK_TIME 1167737286
TRACK A20110117573777 F 430160 713000 120 30 999 NONE NONE 330
	FP_ROUTE KC..KE170

TRACK_TIME 1167737286
TRACK A20110117573784 F 372100 1215500 120 30 999 NONE NONE 380
	FP_ROUTE KC..KA319

TRACK_TIME 1167737286
TRACK A20110117573785 F 373160 832560 120 30 999 NONE NONE 230
	FP_ROUTE KC..KE135

TRACK_TIME 1167737286
TRACK A20110117573786 F 300000 952260 120 30 999 NONE NONE 350
	FP_ROUTE KC..KB738

TRACK_TIME 1167737286
TRACK A20110117573787 F 404800 1120000 120 30 999 NONE NONE 350
	FP_ROUTE KC..KB738

TRACK_TIME 1167737286
TRACK A20110117573794 F 463700 1004200 120 30 999 NONE NONE 300
	FP_ROUTE KC..KB752

TRACK_TIME 1167737286
TRACK A20110117573797 F 321660 900400 120 30 999 NONE NONE 220
	FP_ROUTE KC..KE145

TRACK_TIME 1167737286
TRACK A20110117573803 F 402860 801200 120 30 999 NONE NONE 330
	FP_ROUTE KC..KE145

TRACK_TIME 1167737286
TRACK A20110117573806 F 394960 894060 120 30 999 NONE NONE 260
	FP_ROUTE KC..KB733

TRACK_TIME 1167737286
TRACK A20110117573809 F 325500 970160 120 30 999 NONE NONE 200
	FP_ROUTE KC..KA319

TRACK_TIME 1167737286
TRACK A20110117573810 F 334660 1180700 120 30 999 NONE NONE 330
	FP_ROUTE KT..KDH8D

TRACK_TIME 1167737286
TRACK A20110117573811 F 254800 801600 120 30 999 NONE NONE 380
	FP_ROUTE KC..KLJ35

TRACK_TIME 1167737286
TRACK A20110117573812 F 403000 801660 120 30 999 NONE NONE 330
	FP_ROUTE KC..KB752

TRACK_TIME 1167737286
TRACK A20110117573821 F 415800 875800 120 30 999 NONE NONE 270
	FP_ROUTE KT..KCRJ2

TRACK_TIME 1167737286
TRACK A20110117573822 F 421960 705800 120 30 999 NONE NONE 370
	FP_ROUTE KC..KA319

TRACK_TIME 1167737286
TRACK A20110117573827 F 395500 1044060 120 30 999 NONE NONE 390
	FP_ROUTE KG..KC560

TRACK_TIME 1167737286
TRACK A20110117573835 F 293100 982700 120 30 999 NONE NONE 370
	FP_ROUTE KG..KC560

TRACK_TIME 1167737286
TRACK A20110117573836 F 390100 772800 120 30 999 NONE NONE 280
	FP_ROUTE KC..KA320

TRACK_TIME 1167737286
TRACK A20110117573844 F 403600 734660 120 30 999 NONE NONE 190
	FP_ROUTE KT..KCRJ2

TRACK_TIME 1167737286
TRACK A20110117573848 F 403760 734600 120 30 999 NONE NONE 370
	FP_ROUTE KC..KB733

TRACK_TIME 1167737286
TRACK A20110117573850 F 351360 805400 120 30 999 NONE NONE 240
	FP_ROUTE KC..KB752

TRACK_TIME 1167737286
TRACK A20110117573864 F 373600 1221960 120 30 999 NONE NONE 360
	FP_ROUTE KC..KA320

TRACK_TIME 1167737286
TRACK A20110117573870 F 351360 805800 120 30 999 NONE NONE 330
	FP_ROUTE KC..KSF34

TRACK_TIME 1167737286
TRACK A20110117573872 F 390460 844000 120 30 999 NONE NONE 190
	FP_ROUTE KC..KB738

TRACK_TIME 1167737286
TRACK A20110117573882 F 335560 1183300 120 30 999 NONE NONE 230
	FP_ROUTE KC..KCRJ2

TRACK_TIME 1167737286
TRACK A20110117573883 F 264060 801060 120 30 999 NONE NONE 270
	FP_ROUTE KT..KDH8D

TRACK_TIME 1167737286
TRACK A20110117573884 F 415560 875560 120 30 999 NONE NONE 340
	FP_ROUTE KC..KB733

TRACK_TIME 1167737286
TRACK A20110117573885 F 385860 772560 120 30 999 NONE NONE 370
	FP_ROUTE KC..KB733

TRACK_TIME 1167737286
TRACK A20110117573889 F 404000 741060 120 30 999 NONE NONE 350
	FP_ROUTE KC..KB733

TRACK_TIME 1167737286
TRACK A20110117573891 F 360400 1151060 120 30 999 NONE NONE 270
	FP_ROUTE KC..KCRJ2

TRACK_TIME 1167737286
TRACK A20110117573892 F 472860 1221900 120 30 999 NONE NONE 380
	FP_ROUTE KC..KB737

TRACK_TIME 1167737286
TRACK A20110117573898 F 381000 854300 120 30 999 NONE NONE 370
	FP_ROUTE KC..KE190

TRACK_TIME 1167737286
TRACK A20110117573902 F 355100 784960 120 30 999 NONE NONE 270
	FP_ROUTE KC..KB733

TRACK_TIME 1167737286
TRACK A20110117573903 F 275700 823300 120 30 999 NONE NONE 390
	FP_ROUTE KC..KB733

TRACK_TIME 1167737286
TRACK A20110117573904 F 322860 935200 120 30 999 NONE NONE 280
	FP_ROUTE KC..KB737

TRACK_TIME 1167737286
TRACK A20110117573918 F 430100 711900 120 30 999 NONE NONE 370
	FP_ROUTE KC..KB737

TRACK_TIME 1167737286
TRACK A20110117573928 F 433400 1161500 120 30 999 NONE NONE 340
	FP_ROUTE KC..KB712

TRACK_TIME 1167737286
TRACK A20110117573930 F 404000 741060 120 30 999 NONE NONE 340
	FP_ROUTE KC..KB737

TRACK_TIME 1167737286
TRACK A20110117573933 F 364200 1193600 120 30 999 NONE NONE 200
	FP_ROUTE KT..KE145

TRACK_TIME 1167737286
TRACK A20110117573941 F 324960 964960 120 30 999 NONE NONE 220
	FP_ROUTE KC..KB738

TRACK_TIME 1167737286
TRACK A20110117573943 F 394900 1044000 120 30 999 NONE NONE 380
	FP_ROUTE KC..KB734

TRACK_TIME 1167737286
TRACK A20110117573944 F 295700 900700 120 30 999 NONE NONE 290
	FP_ROUTE KC..KB737

TRACK_TIME 1167737286
TRACK A20110117573948 F 315560 1021300 120 30 999 NONE NONE 260
	FP_ROUTE KC..KB737

TRACK_TIME 1167737286
TRACK A20110117573950 F 420000 875560 120 30 999 NONE NONE 350
	FP_ROUTE KC..KB737

TRACK_TIME 1167737286
TRACK A20110117573953 F 335700 811000 120 30 999 NONE NONE 230
	FP_ROUTE KC..KB737

TRACK_TIME 1167737286
TRACK A20110117573954 F 395500 1044060 120 30 999 NONE NONE 390
	FP_ROUTE KC..KB737

TRACK_TIME 1167737286
TRACK A20110117573964 F 302860 814300 120 30 999 NONE NONE 310
	FP_ROUTE KC..KE170

TRACK_TIME 1167737286
TRACK A20110117573973 F 333900 842400 120 30 999 NONE NONE 350
	FP_ROUTE KC..KB733

TRACK_TIME 1167737286
TRACK A20110117573987 F 400000 825200 120 30 999 NONE NONE 360
	FP_ROUTE KC..KB737

TRACK_TIME 1167737286
TRACK A20110117573990 F 325560 970160 120 30 999 NONE NONE 340
	FP_ROUTE KC..KB737

TRACK_TIME 1167737286
TRACK A20110117573994 F 395200 751360 120 30 999 NONE NONE 200
	FP_ROUTE KC..KB752

TRACK_TIME 1167737286
TRACK A20110117573999 F 404000 751060 120 30 999 NONE NONE 350
	FP_ROUTE KC..KMD83

TRACK_TIME 1167737286
TRACK A20110117574000 F 422500 1225400 120 30 999 NONE NONE 320
	FP_ROUTE KT..KCRJ2

TRACK_TIME 1167737286
TRACK A20110117574002 F 302260 885700 120 30 999 NONE NONE 350
	FP_ROUTE KC..KMD83

TRACK_TIME 1167737286
TRACK A20110117574006 F 404800 1115800 120 30 999 NONE NONE 340
	FP_ROUTE KC..KMD82

TRACK_TIME 1167737286
TRACK A20110117574007 F 481960 1141360 120 30 999 NONE NONE 320
	FP_ROUTE KC..KLJ35

TRACK_TIME 1167737286
TRACK A20110117574011 F 385260 772800 120 30 999 NONE NONE 290
	FP_ROUTE KT..KCRJ2

TRACK_TIME 1167737286
TRACK A20110117574014 F 333760 842200 120 30 999 NONE NONE 350
	FP_ROUTE KC..KE145

TRACK_TIME 1167737286
TRACK A20110117574017 F 344060 864600 120 30 999 NONE NONE 200
	FP_ROUTE KG..KLJ35

TRACK_TIME 1167737286
TRACK A20110117574026 F 342260 824000 120 30 999 NONE NONE 180
	FP_ROUTE KC..KA320

TRACK_TIME 1167737286
TRACK A20110117574030 F 473900 1173000 120 30 999 NONE NONE 320
	FP_ROUTE KT..KC750

TRACK_TIME 1167737286
TRACK A20110117574047 F 404500 734960 120 30 999 NONE NONE 290
	FP_ROUTE KC..KE170

TRACK_TIME 1167737286
TRACK A20110117574050 F 333760 842200 120 30 999 NONE NONE 350
	FP_ROUTE KG..KLJ45

TRACK_TIME 1167737286
TRACK A20110117574052 F 594360 1410460 120 30 999 NONE NONE 290
	FP_ROUTE KC..KCRJ2

TRACK_TIME 1167737286
TRACK A20110117574056 F 394900 1043760 120 30 999 NONE NONE 380
	FP_ROUTE KC..KB739

TRACK_TIME 1167737286
TRACK A20110117574057 F 373600 1221960 120 30 999 NONE NONE 200
	FP_ROUTE KC..KA320

TRACK_TIME 1167737286
TRACK A20110117574058 F 360460 1151000 120 30 999 NONE NONE 370
	FP_ROUTE KC..KB752

TRACK_TIME 1167737286
TRACK A20110117574059 F 403000 1221660 120 30 999 NONE NONE 220
	FP_ROUTE KC..KB738

TRACK_TIME 1167737286
TRACK A20110117574064 F 333900 842200 120 30 999 NONE NONE 400
	FP_ROUTE KC..KE145

TRACK_TIME 1167737286
TRACK A20110117574067 F 311500 813000 120 30 999 NONE NONE 230
	FP_ROUTE KC..KB737

TRACK_TIME 1167737286
TRACK A20110117574069 F 384500 902200 120 30 999 NONE NONE 390
	FP_ROUTE KC..KB735

TRACK_TIME 1167737286
TRACK A20110117574071 F 391060 764500 120 30 999 NONE NONE 390
	FP_ROUTE KC..KE145

TRACK_TIME 1167737286
TRACK A20110117574075 F 333700 842860 120 30 999 NONE NONE 200
	FP_ROUTE KC..KE135

TRACK_TIME 1167737286
TRACK A20110117574085 F 265100 815860 120 30 999 NONE NONE 360
	FP_ROUTE KC..KE145

TRACK_TIME 1167737286
TRACK A20110117574087 F 335700 1182100 120 30 999 NONE NONE 330
	FP_ROUTE KC..KA320

TRACK_TIME 1167737286
TRACK A20110117574089 F 360460 795560 120 30 999 NONE NONE 370
	FP_ROUTE KC..KSF34

TRACK_TIME 1167737286
TRACK A20110117574093 F 394900 1043900 120 30 999 NONE NONE 340
	FP_ROUTE KC..KMD82

TRACK_TIME 1167737286
TRACK A20110117574107 F 275560 823300 120 30 999 NONE NONE 220
	FP_ROUTE KC..KE190

TRACK_TIME 1167737286
TRACK A20110117574108 F 405400 812800 120 30 999 NONE NONE 280
	FP_ROUTE KC..KA320

TRACK_TIME 1167737286
TRACK A20110117574109 F 430700 760300 120 30 999 NONE NONE 370
	FP_ROUTE KC..KB752

TRACK_TIME 1167737286
TRACK A20110117574112 F 381000 842800 120 30 999 NONE NONE 280
	FP_ROUTE KC..KB733

TRACK_TIME 1167737286
TRACK A20110117574114 F 360460 1150760 120 30 999 NONE NONE 360
	FP_ROUTE KG..KCL60

TRACK_TIME 1167737286
TRACK A20110117574123 F 325500 1154600 120 30 999 NONE NONE 271
	FP_ROUTE KC..KB737

TRACK_TIME 1167737286
TRACK A20110117574126 F 403900 734500 120 30 999 NONE NONE 330
	FP_ROUTE KC..KB737

TRACK_TIME 1167737286
TRACK A20110117574128 F 394900 1044000 120 30 999 NONE NONE 330
	FP_ROUTE KC..KB752

TRACK_TIME 1167737286
TRACK A20110117574129 F 394200 861900 120 30 999 NONE NONE 190
	FP_ROUTE KC..KB737

TRACK_TIME 1167737286
TRACK A20110117574132 F 394960 1043760 120 30 999 NONE NONE 380
	FP_ROUTE KC..KB737

TRACK_TIME 1167737286
TRACK A20110117574136 F 360400 1150760 120 30 999 NONE NONE 380
	FP_ROUTE KC..KMD82

TRACK_TIME 1167737286
TRACK A20110117574141 F 442700 730760 120 30 999 NONE NONE 210
	FP_ROUTE KC..KB752

TRACK_TIME 1167737286
TRACK A20110117574143 F 333600 1162700 120 30 999 NONE NONE 340
	FP_ROUTE KC..KBE9L

TRACK_TIME 1167737286
TRACK A20110117574151 F 333900 842700 120 30 999 NONE NONE 340
	FP_ROUTE KG..KLJ45

TRACK_TIME 1167737286
TRACK A20110117574165 F 384800 770160 120 30 999 NONE NONE 220
	FP_ROUTE KC..KB733

TRACK_TIME 1167737286
TRACK A20110117574166 F 370000 855560 120 30 999 NONE NONE 260
	FP_ROUTE KC..KA343

TRACK_TIME 1167737286
TRACK A20110117574172 F 333900 842260 120 30 999 NONE NONE 270
	FP_ROUTE KT..KCRJ9

TRACK_TIME 1167737286
TRACK A20110117574173 F 424660 843760 120 30 999 NONE NONE 270
	FP_ROUTE KC..KB753

TRACK_TIME 1167737286
TRACK A20110117574176 F 414200 712700 120 30 999 NONE NONE 210
	FP_ROUTE KC..KE170

TRACK_TIME 1167737286
TRACK A20110117574188 F 372100 1215500 120 30 999 NONE NONE 341
	FP_ROUTE KC..KB739

TRACK_TIME 1167737286
TRACK A20110117574190 F 332560 1115800 120 30 999 NONE NONE 350
	FP_ROUTE KC..KB737

TRACK_TIME 1167737286
TRACK A20110117574201 F 404000 741060 120 30 999 NONE NONE 350
	FP_ROUTE KC..KB737

TRACK_TIME 1167737286
TRACK A20110117574203 F 420160 875700 120 30 999 NONE NONE 340
	FP_ROUTE KC..KB712

TRACK_TIME 1167737286
TRACK A20110117574208 F 445400 931360 120 30 999 NONE NONE 300
	FP_ROUTE KC..KE145

TRACK_TIME 1167737286
TRACK A20110117574215 F 394200 861900 120 30 999 NONE NONE 340
	FP_ROUTE KC..KB752

TRACK_TIME 1167737286
TRACK A20110117574216 F 261360 981660 120 30 999 NONE NONE 380
	FP_ROUTE KC..KA321

TRACK_TIME 1167737286
TRACK A20110117574219 F 360600 863900 120 30 999 NONE NONE 380
	FP_ROUTE KC..KB737

TRACK_TIME 1167737286
TRACK A20110117574223 F 395500 1044060 120 30 999 NONE NONE 370
	FP_ROUTE KC..KB737

TRACK_TIME 1167737286
TRACK A20110117574231 F 395500 1044060 120 30 999 NONE NONE 370
	FP_ROUTE KC..KB737

TRACK_TIME 1167737286
TRACK A20110117574234 F 260400 801060 120 30 999 NONE NONE 400
	FP_ROUTE KC..KB738

TRACK_TIME 1167737286
TRACK A20110117574238 F 332560 1115700 120 30 999 NONE NONE 300
	FP_ROUTE KC..KMD83

TRACK_TIME 1167737286
TRACK A20110117574240 F 344960 821600 120 30 999 NONE NONE 370
	FP_ROUTE KG..KBE9L

TRACK_TIME 1167737286
TRACK A20110117574251 F 414900 874660 120 30 999 NONE NONE 370
	FP_ROUTE KG..KBE9L

TRACK_TIME 1167737286
TRACK A20110117574255 F 332560 1120400 120 30 999 NONE NONE 400
	FP_ROUTE KC..KE170

TRACK_TIME 1167737286
TRACK A20110117574256 F 430000 712860 120 30 999 NONE NONE 390
	FP_ROUTE KC..KA321

TRACK_TIME 1167737286
TRACK A20110117574258 F 472860 1221900 120 30 999 NONE NONE 400
	FP_ROUTE KC..KA320

TRACK_TIME 1167737286
TRACK A20110117574270 F 325260 970300 120 30 999 NONE NONE 290
	FP_ROUTE KC..KA319

TRACK_TIME 1167737286
TRACK A20110117574276 F 254800 801600 120 30 999 NONE NONE 320
	FP_ROUTE KC..KB737

TRACK_TIME 1167737286
TRACK A20110117574279 F 325860 800700 120 30 999 NONE NONE 330
	FP_ROUTE KC..KB733

TRACK_TIME 1167737286
TRACK A20110117574281 F 442500 730160 120 30 999 NONE NONE 310
	FP_ROUTE KC..KA319

TRACK_TIME 1167737286
TRACK A20110117574289 F 300600 974000 120 30 999 NONE NONE 400
	FP_ROUTE KC..KA320

TRACK_TIME 1167737286
TRACK A20110117574291 F 340300 1174500 120 30 999 NONE NONE 320
	FP_ROUTE KC..KB733

TRACK_TIME 1167737286
TRACK A20110117574292 F 404600 1120000 120 30 999 NONE NONE 360
	FP_ROUTE KC..KB744

TRACK_TIME 1167737286
TRACK A20110117574302 F 403900 741060 120 30 999 NONE NONE 310
	FP_ROUTE KC..KB733

TRACK_TIME 1167737286
TRACK A20110117574313 F 325700 970300 120 30 999 NONE NONE 320
	FP_ROUTE KC..KA319

TRACK_TIME 1167737286
TRACK A20110117574315 F 325500 970300 120 30 999 NONE NONE 260
	FP_ROUTE KC..KMD83

TRACK_TIME 1167737286
TRACK A20110117574316 F 324600 1171960 120 30 999 NONE NONE 370
	FP_ROUTE KT..KCRJ1

TRACK_TIME 1167737286
TRACK A20110117574317 F 390000 772560 120 30 999 NONE NONE 450
	FP_ROUTE KT..KCRJ1

TRACK_TIME 1167737286
TRACK A20110117574323 F 325500 970160 120 30 999 NONE NONE 360
	FP_ROUTE KC..KE145

TRACK_TIME 1167737286
TRACK A20110117574325 F 320760 811500 120 30 999 NONE NONE 320
	FP_ROUTE KG..KC750

TRACK_TIME 1167737286
TRACK A20110117574331 F 332560 1115700 120 30 999 NONE NONE 370
	FP_ROUTE KC..KB738

TRACK_TIME 1167737286
TRACK A20110117574332 F 395560 1044060 120 30 999 NONE NONE 310
	FP_ROUTE KC..KB737

TRACK_TIME 1167737286
TRACK A20110117574334 F 421960 705800 120 30 999 NONE NONE 210
	FP_ROUTE KG..KC510

TRACK_TIME 1167737286
TRACK A20110117574338 F 263000 815560 120 30 999 NONE NONE 370
	FP_ROUTE KG..KC510

TRACK_TIME 1167737286
TRACK A20110117574340 F 421900 710100 120 30 999 NONE NONE 350
	FP_ROUTE KC..KA320

TRACK_TIME 1167737286
TRACK A20110117574343 F 360460 1150760 120 30 999 NONE NONE 320
	FP_ROUTE KC..KA320

TRACK_TIME 1167737286
TRACK A20110117574345 F 373600 1221900 120 30 999 NONE NONE 249
	FP_ROUTE KT..KCRJ9

TRACK_TIME 1167737286
TRACK A20110117574356 F 182560 660160 120 30 999 NONE NONE 350
	FP_ROUTE KG..KCL60

TRACK_TIME 1167737286
TRACK A20110117574371 F 295700 901000 120 30 999 NONE NONE 230
	FP_ROUTE KC..KMD83

TRACK_TIME 1167737286
TRACK A20110117574374 F 404900 740600 120 30 999 NONE NONE 450
	FP_ROUTE KC..KB738

TRACK_TIME 1167737286
TRACK A20110117574377 F 384500 902260 120 30 999 NONE NONE 380
	FP_ROUTE KC..KA319

TRACK_TIME 1167737286
TRACK A20110117574380 F 404000 741060 120 30 999 NONE NONE 370
	FP_ROUTE KC..KB752

TRACK_TIME 1167737286
TRACK A20110117574381 F 275700 823300 120 30 999 NONE NONE 410
	FP_ROUTE KG..KPAY2

TRACK_TIME 1167737286
TRACK A20110117574384 F 324600 1171900 120 30 999 NONE NONE 340
	FP_ROUTE KT..KCRJ1

TRACK_TIME 1167737286
TRACK A20110117574390 F 300700 974200 120 30 999 NONE NONE 350
	FP_ROUTE KG..KF900

TRACK_TIME 1167737286
TRACK A20110117574392 F 351360 805560 120 30 999 NONE NONE 220
	FP_ROUTE KC..KMD83

TRACK_TIME 1167737286
TRACK A20110117574393 F 282800 811660 120 30 999 NONE NONE 340
	FP_ROUTE KC..KMD83

TRACK_TIME 1167737286
TRACK A20110117574394 F 333760 843000 120 30 999 NONE NONE 380
	FP_ROUTE KC..KB733

TRACK_TIME 1167737286
TRACK A20110117574396 F 445260 931060 120 30 999 NONE NONE 230
	FP_ROUTE KC..KA320

TRACK_TIME 1167737286
TRACK A20110117574397 F 421300 831960 120 30 999 NONE NONE 280
	FP_ROUTE KC..KB752

TRACK_TIME 1167737286
TRACK A20110117574404 F 381360 772500 120 30 999 NONE NONE 210
	FP_ROUTE KC..KMD82

TRACK_TIME 1167737286
TRACK A20110117574410 F 412560 814900 120 30 999 NONE NONE 360
	FP_ROUTE KC..KB763

TRACK_TIME 1167737286
TRACK A20110117574414 F 194360 1560160 120 30 999 NONE NONE 190
	FP_ROUTE KC..KB734

TRACK_TIME 1167737286
TRACK A20110117574415 F 373460 1221800 120 30 999 NONE NONE 360
	FP_ROUTE KC..KA319

TRACK_TIME 1167737286
TRACK A20110117574421 F 333760 842260 120 30 999 NONE NONE 290
	FP_ROUTE KC..KA320

TRACK_TIME 1167737286
TRACK A20110117574424 F 360460 1150760 120 30 999 NONE NONE 370
	FP_ROUTE KC..KB763

TRACK_TIME 1167737286
TRACK A20110117574428 F 472860 1221900 120 30 999 NONE NONE 320
	FP_ROUTE KC..KCRJ2

TRACK_TIME 1167737286
TRACK A20110117574430 F 325200 970300 120 30 999 NONE NONE 250
	FP_ROUTE KC..KCRJ2

TRACK_TIME 1167737286
TRACK A20110117574432 F 395260 1043460 120 30 999 NONE NONE 370
	FP_ROUTE KC..KB737

TRACK_TIME 1167737286
TRACK A20110117574433 F 410160 734060 120 30 999 NONE NONE 330
	FP_ROUTE KC..KB737

TRACK_TIME 1167737286
TRACK A20110117574439 F 391960 944300 120 30 999 NONE NONE 360
	FP_ROUTE KT..KE145

TRACK_TIME 1167737286
TRACK A20110117574443 F 420100 875800 120 30 999 NONE NONE 290
	FP_ROUTE KC..KMD82

TRACK_TIME 1167737286
TRACK A20110117574446 F 421300 831960 120 30 999 NONE NONE 320
	FP_ROUTE KT..KE145

TRACK_TIME 1167737286
TRACK A20110117574448 F 384360 1213600 120 30 999 NONE NONE 360
	FP_ROUTE KC..KB735

TRACK_TIME 1167737286
TRACK A20110117574451 F 394300 861800 120 30 999 NONE NONE 370
	FP_ROUTE KC..KB735

TRACK_TIME 1167737286
TRACK A20110117574467 F 361500 863760 120 30 999 NONE NONE 270
	FP_ROUTE KC..KCRJ2

TRACK_TIME 1167737286
TRACK A20110117574469 F 392100 944300 120 30 999 NONE NONE 350
	FP_ROUTE KC..KCRJ2

TRACK_TIME 1167737286
TRACK A20110117574479 F 312100 923460 120 30 999 NONE NONE 200
	FP_ROUTE KC..KA320

TRACK_TIME 1167737286
TRACK A20110117574483 F 421360 832100 120 30 999 NONE NONE 390
	FP_ROUTE KT..KE145

TRACK_TIME 1167737286
TRACK A20110117574487 F 295860 901500 120 30 999 NONE NONE 360
	FP_ROUTE KC..KA320

TRACK_TIME 1167737286
TRACK A20110117574488 F 325700 965860 120 30 999 NONE NONE 340
	FP_ROUTE KC..KB738

TRACK_TIME 1167737286
TRACK A20110117574492 F 335560 1182560 120 30 999 NONE NONE 361
	FP_ROUTE KT..KE145

TRACK_TIME 1167737286
TRACK A20110117574505 F 254800 801800 120 30 999 NONE NONE 350
	FP_ROUTE KT..KCRJ1

TRACK_TIME 1167737286
TRACK A20110117574510 F 414960 1084300 120 30 999 NONE NONE 260
	FP_ROUTE KC..KB772

TRACK_TIME 1167737286
TRACK A20110117574511 F 333760 842800 120 30 999 NONE NONE 370
	FP_ROUTE KC..KMD82

TRACK_TIME 1167737286
TRACK A20110117574512 F 351060 805800 120 30 999 NONE NONE 230
	FP_ROUTE KG..KC750

TRACK_TIME 1167737286
TRACK A20110117574514 F 390400 843900 120 30 999 NONE NONE 260
	FP_ROUTE KC..KB737

TRACK_TIME 1167737286
TRACK A20110117574515 F 333900 842800 120 30 999 NONE NONE 190
	FP_ROUTE KC..KB737

TRACK_TIME 1167737286
TRACK A20110117574516 F 264060 800900 120 30 999 NONE NONE 350
	FP_ROUTE KC..KB737

TRACK_TIME 1167737286
TRACK A20110117574518 F 403600 734660 120 30 999 NONE NONE 240
	FP_ROUTE KT..KE135

TRACK_TIME 1167737286
TRACK A20110117574520 F 300600 974060 120 30 999 NONE NONE 230
	FP_ROUTE KT..KE135

TRACK_TIME 1167737286
TRACK A20110117574521 F 325500 965560 120 30 999 NONE NONE 200
	FP_ROUTE KC..KE145

TRACK_TIME 1167737286
TRACK A20110117574522 F 275560 823300 120 30 999 NONE NONE 370
	FP_ROUTE KC..KE145

TRACK_TIME 1167737286
TRACK A20110117574527 F 404500 734960 120 30 999 NONE NONE 370
	FP_ROUTE KC..KB737

TRACK_TIME 1167737286
TRACK A20110117574528 F 385800 772560 120 30 999 NONE NONE 290
	FP_ROUTE KC..KB738

TRACK_TIME 1167737286
TRACK A20110117574529 F 395200 751660 120 30 999 NONE NONE 350
	FP_ROUTE KC..KE190

TRACK_TIME 1167737286
TRACK A20110117574531 F 360460 1151300 120 30 999 NONE NONE 360
	FP_ROUTE KC..KA320

TRACK_TIME 1167737286
TRACK A20110117574541 F 372800 1215560 120 30 999 NONE NONE 430
	FP_ROUTE KC..KA320

TRACK_TIME 1167737286
TRACK A20110117574552 F 254800 801960 120 30 999 NONE NONE 370
	FP_ROUTE KC..KA318

TRACK_TIME 1167737286
TRACK A20110117574553 F 404600 735100 120 30 999 NONE NONE 370
	FP_ROUTE KC..KE145

TRACK_TIME 1167737286
TRACK A20110117574555 F 404500 735400 120 30 999 NONE NONE 410
	FP_ROUTE KC..KA318

TRACK_TIME 1167737286
TRACK A20110117574557 F 405560 812260 120 30 999 NONE NONE 270
	FP_ROUTE KC..KA319

TRACK_TIME 1167737286
TRACK A20110117574558 F 325400 970100 120 30 999 NONE NONE 360
	FP_ROUTE KC..KB763

TRACK_TIME 1167737286
TRACK A20110117574562 F 334200 1175100 120 30 999 NONE NONE 390
	FP_ROUTE KC..KA319

TRACK_TIME 1167737286
TRACK A20110117574564 F 370700 763160 120 30 999 NONE NONE 210
	FP_ROUTE KC..KB752

TRACK_TIME 1167737286
TRACK A20110117574565 F 420000 875500 120 30 999 NONE NONE 300
	FP_ROUTE KT..KCRJ2

TRACK_TIME 1167737286
TRACK A20110117574567 F 351000 805700 120 30 999 NONE NONE 220
	FP_ROUTE KC..KCRJ2

TRACK_TIME 1167737286
TRACK A20110117574568 F 334800 1180900 120 30 999 NONE NONE 380
	FP_ROUTE KC..KCRJ2

TRACK_TIME 1167737286
TRACK A20110117574575 F 333760 843000 120 30 999 NONE NONE 220
	FP_ROUTE KC..KCRJ2

TRACK_TIME 1167737286
TRACK A20110117574579 F 304300 881600 120 30 999 NONE NONE 270
	FP_ROUTE KT..KE120

TRACK_TIME 1167737286
TRACK A20110117574584 F 395500 1044060 120 30 999 NONE NONE 390
	FP_ROUTE KT..KE120

TRACK_TIME 1167737286
TRACK A20110117574585 F 453460 1223600 120 30 999 NONE NONE 400
	FP_ROUTE KC..KCRJ2

TRACK_TIME 1167737286
TRACK A20110117574591 F 605700 1485500 120 30 999 NONE NONE 340
	FP_ROUTE KC..KE145

TRACK_TIME 1167737286
TRACK A20110117574595 F 332560 1115700 120 30 999 NONE NONE 380
	FP_ROUTE KC..KB735

TRACK_TIME 1167737286
TRACK A20110117574597 F 335700 1182500 120 30 999 NONE NONE 320
	FP_ROUTE KC..KB738

TRACK_TIME 1167737286
TRACK A20110117574605 F 404060 734660 120 30 999 NONE NONE 250
	FP_ROUTE KC..KB737

TRACK_TIME 1167737286
TRACK A20110117574607 F 211600 1575100 120 30 999 NONE NONE 220
	FP_ROUTE KG..KC550

TRACK_TIME 1167737286
TRACK A20110117574609 F 333900 1175400 120 30 999 NONE NONE 300
	FP_ROUTE KT..KCRJ9

TRACK_TIME 1167737286
TRACK A20110117574610 F 373600 1221960 120 30 999 NONE NONE 400
	FP_ROUTE KC..KB744

TRACK_TIME 1167737286
TRACK A20110117574611 F 360760 1150900 120 30 999 NONE NONE 290
	FP_ROUTE KC..KE145

TRACK_TIME 1167737286
TRACK A20110117574613 F 391060 764300 120 30 999 NONE NONE 370
	FP_ROUTE KC..KA319

TRACK_TIME 1167737286
TRACK A20110117574614 F 404800 730460 120 30 999 NONE NONE 350
	FP_ROUTE KC..KMD83

TRACK_TIME 1167737286
TRACK A20110117574617 F 385860 772800 120 30 999 NONE NONE 300
	FP_ROUTE KC..KB737

TRACK_TIME 1167737286
TRACK A20110117574623 F 403900 741060 120 30 999 NONE NONE 370
	FP_ROUTE KC..KB737

TRACK_TIME 1167737286
TRACK A20110117574628 F 403760 734660 120 30 999 NONE NONE 370
	FP_ROUTE KC..KB752

TRACK_TIME 1167737286
TRACK A20110117574629 F 395260 751300 120 30 999 NONE NONE 280
	FP_ROUTE KC..KA320

TRACK_TIME 1167737286
TRACK A20110117574632 F 295860 951660 120 30 999 NONE NONE 280
	FP_ROUTE KC..KA320

TRACK_TIME 1167737286
TRACK A20110117574635 F 422200 710000 120 30 999 NONE NONE 350
	FP_ROUTE KG..KLJ35

TRACK_TIME 1167737286
TRACK A20110117574636 F 394960 1044060 120 30 999 NONE NONE 410
	FP_ROUTE KC..KCRJ2

TRACK_TIME 1167737286
TRACK A20110117574639 F 282860 811960 120 30 999 NONE NONE 390
	FP_ROUTE KC..KB738

TRACK_TIME 1167737286
TRACK A20110117574642 F 260400 801300 120 30 999 NONE NONE 341
	FP_ROUTE KC..KB712

TRACK_TIME 1167737286
TRACK A20110117574645 F 390600 844000 120 30 999 NONE NONE 210
	FP_ROUTE KC..KB712

TRACK_TIME 1167737286
TRACK A20110117574654 F 282260 811800 120 30 999 NONE NONE 410
	FP_ROUTE KC..KB737

TRACK_TIME 1167737286
TRACK A20110117574658 F 332560 1115560 120 30 999 NONE NONE 290
	FP_ROUTE KC..KE135

TRACK_TIME 1167737286
TRACK A20110117574669 F 425400 875400 120 30 999 NONE NONE 350
	FP_ROUTE KC..KA320

TRACK_TIME 1167737286
TRACK A20110117574670 F 420000 875560 120 30 999 NONE NONE 330
	FP_ROUTE KC..KA319

TRACK_TIME 1167737286
TRACK A20110117574673 F 302860 814300 120 30 999 NONE NONE 310
	FP_ROUTE KC..KMD83

TRACK_TIME 1167737286
TRACK A20110117574682 F 360400 1150600 120 30 999 NONE NONE 370
	FP_ROUTE KG..KC550

TRACK_TIME 1167737286
TRACK A20110117574690 F 333900 842200 120 30 999 NONE NONE 320
	FP_ROUTE KC..KMD82

TRACK_TIME 1167737286
TRACK A20110117574697 F 461660 1190600 120 30 999 NONE NONE 340
	FP_ROUTE KC..KB752

TRACK_TIME 1167737286
TRACK A20110117574698 F 425800 784060 120 30 999 NONE NONE 280
	FP_ROUTE KC..KA319

TRACK_TIME 1167737286
TRACK A20110117574700 F 351200 805800 120 30 999 NONE NONE 270
	FP_ROUTE KC..KB712

TRACK_TIME 1167737286
TRACK A20110117574701 F 422200 705700 120 30 999 NONE NONE 270
	FP_ROUTE KC..KE145

TRACK_TIME 1167737286
TRACK A20110117574705 F 422260 710000 120 30 999 NONE NONE 370
	FP_ROUTE KT..KE145

TRACK_TIME 1167737286
TRACK A20110117574713 F 333900 842800 120 30 999 NONE NONE 320
	FP_ROUTE KT..KC750

TRACK_TIME 1167737286
TRACK A20110117574714 F 425800 875400 120 30 999 NONE NONE 320
	FP_ROUTE KT..KC750

TRACK_TIME 1167737286
TRACK A20110117574715 F 442700 730760 120 30 999 NONE NONE 290
	FP_ROUTE KT..KC750

TRACK_TIME 1167737286
TRACK A20110117574716 F 333760 842260 120 30 999 NONE NONE 270
	FP_ROUTE KC..KB737

TRACK_TIME 1167737286
TRACK A20110117574718 F 355100 784960 120 30 999 NONE NONE 260
	FP_ROUTE KG..KF900

TRACK_TIME 1167737286
TRACK A20110117574720 F 402860 801200 120 30 999 NONE NONE 370
	FP_ROUTE KC..KB737

TRACK_TIME 1167737286
TRACK A20110117574721 F 410300 734200 120 30 999 NONE NONE 410
	FP_ROUTE KC..KCRJ2

TRACK_TIME 1167737286
TRACK A20110117574722 F 425860 875260 120 30 999 NONE NONE 320
	FP_ROUTE KC..KCRJ2

TRACK_TIME 1167737286
TRACK A20110117574724 F 400000 824960 120 30 999 NONE NONE 390
	FP_ROUTE KC..KB712

TRACK_TIME 1167737286
TRACK A20110117574725 F 325200 970300 120 30 999 NONE NONE 370
	FP_ROUTE KT..KE145

TRACK_TIME 1167737286
TRACK A20110117574727 F 263460 813100 120 30 999 NONE NONE 281
	FP_ROUTE KC..KE145

TRACK_TIME 1167737286
TRACK A20110117574736 F 395260 1043460 120 30 999 NONE NONE 340
	FP_ROUTE KT..KE145

TRACK_TIME 1167737286
TRACK A20110117574737 F 422560 1141200 120 30 999 NONE NONE 220
	FP_ROUTE KC..KA319

TRACK_TIME 1167737286
TRACK A20110117574742 F 384500 901960 120 30 999 NONE NONE 400
	FP_ROUTE KC..KA320

TRACK_TIME 1167737286
TRACK A20110117574744 F 325200 970160 120 30 999 NONE NONE 320
	FP_ROUTE KC..KA320

TRACK_TIME 1167737286
TRACK A20110117574747 F 412260 815400 120 30 999 NONE NONE 310
	FP_ROUTE KC..KB737

TRACK_TIME 1167737286
TRACK A20110117574751 F 332700 1120300 120 30 999 NONE NONE 340
	FP_ROUTE KT..KCRJ9

TRACK_TIME 1167737286
TRACK A20110117574753 F 333760 843000 120 30 999 NONE NONE 350
	FP_ROUTE KC..KE135

TRACK_TIME 1167737286
TRACK A20110117574767 F 360460 1150900 120 30 999 NONE NONE 330
	FP_ROUTE KC..KA320

TRACK_TIME 1167737286
TRACK A20110117574780 F 335560 1182200 120 30 999 NONE NONE 380
	FP_ROUTE KC..KLJ45

TRACK_TIME 1167737286
TRACK A20110117574782 F 385400 772560 120 30 999 NONE NONE 270
	FP_ROUTE KT..KCRJ2

TRACK_TIME 1167737286
TRACK A20110117574785 F 414200 873000 120 30 999 NONE NONE 340
	FP_ROUTE KC..KMD83

TRACK_TIME 1167737286
TRACK A20110117574793 F 360400 1150700 120 30 999 NONE NONE 361
	FP_ROUTE KC..KE145

TRACK_TIME 1167737286
TRACK A20110117574794 F 331800 815700 120 30 999 NONE NONE 210
	FP_ROUTE KC..KMD83

TRACK_TIME 1167737286
TRACK A20110117574797 F 344500 921300 120 30 999 NONE NONE 380
	FP_ROUTE KC..KA320

TRACK_TIME 1167737286
TRACK A20110117574798 F 300000 951660 120 30 999 NONE NONE 380
	FP_ROUTE KC..KB752

TRACK_TIME 1167737286
TRACK A20110117574801 F 361200 955400 120 30 999 NONE NONE 250
	FP_ROUTE KT..KCRJ9

TRACK_TIME 1167737286
TRACK A20110117574803 F 282400 811800 120 30 999 NONE NONE 410
	FP_ROUTE KC..KE145

TRACK_TIME 1167737286
TRACK A20110117574804 F 391060 764300 120 30 999 NONE NONE 390
	FP_ROUTE KC..KB737

TRACK_TIME 1167737286
TRACK A20110117574807 F 430100 784060 120 30 999 NONE NONE 240
	FP_ROUTE KC..KB737

TRACK_TIME 1167737286
TRACK A20110117574810 F 335500 1183160 120 30 999 NONE NONE 390
	FP_ROUTE KC..KB737

TRACK_TIME 1167737286
TRACK A20110117574811 F 425800 875400 120 30 999 NONE NONE 380
	FP_ROUTE KC..KA320

TRACK_TIME 1167737286
TRACK A20110117574813 F 392800 1194600 120 30 999 NONE NONE 340
	FP_ROUTE KT..KCRJ2

TRACK_TIME 1167737286
TRACK A20110117574815 F 360300 1151060 120 30 999 NONE NONE 240
	FP_ROUTE KC..KB752

TRACK_TIME 1167737286
TRACK A20110117574817 F 394360 861660 120 30 999 NONE NONE 380
	FP_ROUTE KG..KBE20

TRACK_TIME 1167737286
TRACK A20110117574818 F 420000 875560 120 30 999 NONE NONE 330
	FP_ROUTE KC..KB733

TRACK_TIME 1167737286
TRACK A20110117574821 F 300000 952400 120 30 999 NONE NONE 290
	FP_ROUTE KC..KE145

TRACK_TIME 1167737286
TRACK A20110117574823 F 403900 741200 120 30 999 NONE NONE 350
	FP_ROUTE KC..KB737

TRACK_TIME 1167737286
TRACK A20110117574840 F 394900 1044060 120 30 999 NONE NONE 270
	FP_ROUTE KC..KA321

TRACK_TIME 1167737286
TRACK A20110117574853 F 335500 1183400 120 30 999 NONE NONE 230
	FP_ROUTE KC..KB739

TRACK_TIME 1167737286
TRACK A20110117574854 F 393300 1194600 120 30 999 NONE NONE 230
	FP_ROUTE KT..KCRJ2

TRACK_TIME 1167737286
TRACK A20110117574855 F 325400 970160 120 30 999 NONE NONE 320
	FP_ROUTE KC..KE145

TRACK_TIME 1167737286
TRACK A20110117574861 F 293400 983100 120 30 999 NONE NONE 280
	FP_ROUTE KT..KCRJ1

TRACK_TIME 1167737286
TRACK A20110117574872 F 445260 931360 120 30 999 NONE NONE 330
	FP_ROUTE KC..KB733

TRACK_TIME 1167737286
TRACK A20110117574873 F 381000 854300 120 30 999 NONE NONE 280
	FP_ROUTE KC..KE145

TRACK_TIME 1167737286
TRACK A20110117574874 F 350160 1063300 120 30 999 NONE NONE 330
	FP_ROUTE KC..KE135

TRACK_TIME 1167737286
TRACK A20110117574877 F 283000 811960 120 30 999 NONE NONE 370
	FP_ROUTE KC..KA320

TRACK_TIME 1167737286
TRACK A20110117574879 F 351360 805800 120 30 999 NONE NONE 380
	FP_ROUTE KC..KE120

TRACK_TIME 1167737286
TRACK A20110117574899 F 403700 734200 120 30 999 NONE NONE 350
	FP_ROUTE KC..KB738

TRACK_TIME 1167737286
TRACK A20110117574905 F 362860 822400 120 30 999 NONE NONE 270
	FP_ROUTE KC..KB712

TRACK_TIME 1167737286
TRACK A20110117574908 F 410300 734200 120 30 999 NONE NONE 310
	FP_ROUTE KC..KE120

TRACK_TIME 1167737286
TRACK A20110117574910 F 425860 875260 120 30 999 NONE NONE 320
	FP_ROUTE KT..KCRJ2

TRACK_TIME 1167737286
TRACK A20110117574913 F 355100 835500 120 30 999 NONE NONE 220
	FP_ROUTE KC..KE120

TRACK_TIME 1167737286
TRACK A20110117574914 F 415500 724000 120 30 999 NONE NONE 390
	FP_ROUTE KG..KBE9L

TRACK_TIME 1167737286
TRACK A20110117574915 F 421960 705800 120 30 999 NONE NONE 330
	FP_ROUTE KG..KBE9L

TRACK_TIME 1167737286
TRACK A20110117574922 F 300000 952400 120 30 999 NONE NONE 350
	FP_ROUTE KC..KMD83

TRACK_TIME 1167737286
TRACK A20110117574924 F 300000 901800 120 30 999 NONE NONE 260
	FP_ROUTE KC..KE190

TRACK_TIME 1167737286
TRACK A20110117574926 F 333760 842400 120 30 999 NONE NONE 410
	FP_ROUTE KT..KCRJ2

TRACK_TIME 1167737286
TRACK A20110117574936 F 341300 1182860 120 30 999 NONE NONE 220
	FP_ROUTE KC..KB737

TRACK_TIME 1167737286
TRACK A20110117574943 F 282860 811660 120 30 999 NONE NONE 410
	FP_ROUTE KC..KB737

TRACK_TIME 1167737286
TRACK A20110117574944 F 394360 861660 120 30 999 NONE NONE 380
	FP_ROUTE KC..KB752

TRACK_TIME 1167737286
TRACK A20110117574949 F 335700 1182560 120 30 999 NONE NONE 350
	FP_ROUTE KC..KA319

TRACK_TIME 1167737286
TRACK A20110117574958 F 293760 951600 120 30 999 NONE NONE 340
	FP_ROUTE KC..KB712

TRACK_TIME 1167737286
TRACK A20110117574959 F 302860 871200 120 30 999 NONE NONE 270
	FP_ROUTE KC..KA320

TRACK_TIME 1167737286
TRACK A20110117574962 F 333700 842700 120 30 999 NONE NONE 380
	FP_ROUTE KC..KA320

TRACK_TIME 1167737286
TRACK A20110117574963 F 333700 842860 120 30 999 NONE NONE 350
	FP_ROUTE KC..KE145

TRACK_TIME 1167737286
TRACK A20110117574965 F 384800 770160 120 30 999 NONE NONE 330
	FP_ROUTE KC..KMD82

TRACK_TIME 1167737286
TRACK A20110117574969 F 280100 823160 120 30 999 NONE NONE 220
	FP_ROUTE KC..KE145

TRACK_TIME 1167737286
TRACK A20110117574975 F 425800 875400 120 30 999 NONE NONE 340
	FP_ROUTE KC..KE145

TRACK_TIME 1167737286
TRACK A20110117574980 F 335500 1183300 120 30 999 NONE NONE 360
	FP_ROUTE KC..KA320

TRACK_TIME 1167737286
TRACK A20110117574981 F 420100 875700 120 30 999 NONE NONE 330
	FP_ROUTE KC..KE135

TRACK_TIME 1167737286
TRACK A20110117574994 F 420000 875560 120 30 999 NONE NONE 290
	FP_ROUTE KC..KA321

TRACK_TIME 1167737286
TRACK A20110117574995 F 303400 911060 120 30 999 NONE NONE 320
	FP_ROUTE KC..KE135

TRACK_TIME 1167737286
TRACK A20110117574996 F 300000 952200 120 30 999 NONE NONE 350
	FP_ROUTE KC..KMD83

TRACK_TIME 1167737286
TRACK A20110117575000 F 415700 724060 120 30 999 NONE NONE 270
	FP_ROUTE KC..KE145

TRACK_TIME 1167737286
TRACK A20110117575004 F 355100 784900 120 30 999 NONE NONE 290
	FP_ROUTE KC..KB733

TRACK_TIME 1167737286
TRACK A20110117575007 F 260460 801300 120 30 999 NONE NONE 360
	FP_ROUTE KC..KB738

TRACK_TIME 1167737286
TRACK A20110117575008 F 335700 1182400 120 30 999 NONE NONE 360
	FP_ROUTE KC..KA320

TRACK_TIME 1167737286
TRACK A20110117575009 F 411960 955560 120 30 999 NONE NONE 310
	FP_ROUTE KC..KB712

TRACK_TIME 1167737286
TRACK A20110117575018 F 293300 982860 120 30 999 NONE NONE 400
	FP_ROUTE KC..KB737

TRACK_TIME 1167737286
TRACK A20110117575019 F 404500 734960 120 30 999 NONE NONE 370
	FP_ROUTE KC..KB737

TRACK_TIME 1167737286
TRACK A20110117575030 F 320900 1105800 120 30 999 NONE NONE 300
	FP_ROUTE KC..KDH8A

TRACK_TIME 1167737286
TRACK A20110117575034 F 392200 944060 120 30 999 NONE NONE 360
	FP_ROUTE KT..KCRJ2

TRACK_TIME 1167737286
TRACK A20110117575036 F 325200 965200 120 30 999 NONE NONE 360
	FP_ROUTE KC..KDH8A

TRACK_TIME 1167737286
TRACK A20110117575037 F 315100 1062100 120 30 999 NONE NONE 360
	FP_ROUTE KC..KB738

TRACK_TIME 1167737286
TRACK A20110117575038 F 282860 811800 120 30 999 NONE NONE 380
	FP_ROUTE KC..KB737

TRACK_TIME 1167737286
TRACK A20110117575039 F 264360 801300 120 30 999 NONE NONE 390
	FP_ROUTE KC..KA319

TRACK_TIME 1167737286
TRACK A20110117575040 F 414900 874800 120 30 999 NONE NONE 370
	FP_ROUTE KC..KA319

TRACK_TIME 1167737286
TRACK A20110117575043 F 403900 740000 120 30 999 NONE NONE 189
	FP_ROUTE KC..KA319

TRACK_TIME 1167737286
TRACK A20110117575045 F 334360 1014960 120 30 999 NONE NONE 279
	FP_ROUTE KC..KMD83

TRACK_TIME 1167737286
TRACK A20110117575046 F 324900 964960 120 30 999 NONE NONE 269
	FP_ROUTE KC..KB752

TRACK_TIME 1167737286
TRACK A20110117575048 F 415800 875700 120 30 999 NONE NONE 360
	FP_ROUTE KC..KB738

TRACK_TIME 1167737286
TRACK A20110117575052 F 324600 1171960 120 30 999 NONE NONE 360
	FP_ROUTE KC..KB737

TRACK_TIME 1167737286
TRACK A20110117575057 F 404600 1115800 120 30 999 NONE NONE 370
	FP_ROUTE KT..KE145

TRACK_TIME 1167737286
TRACK A20110117575058 F 414900 874800 120 30 999 NONE NONE 390
	FP_ROUTE KC..KA319

TRACK_TIME 1167737286
TRACK A20110117575059 F 395400 1044200 120 30 999 NONE NONE 330
	FP_ROUTE KC..KA319

TRACK_TIME 1167737286
TRACK A20110117575062 F 351360 805500 120 30 999 NONE NONE 240
	FP_ROUTE KC..KA319

TRACK_TIME 1167737286
TRACK A20110117575066 F 331600 1113700 120 30 999 NONE NONE 340
	FP_ROUTE KC..KA319

TRACK_TIME 1167737286
TRACK A20110117575070 F 384300 1213600 120 30 999 NONE NONE 340
	FP_ROUTE KC..KA319

TRACK_TIME 1167737286
TRACK A20110117575075 F 284660 811800 120 30 999 NONE NONE 310
	FP_ROUTE KC..KB752

TRACK_TIME 1167737286
TRACK A20110117575076 F 453460 1223460 120 30 999 NONE NONE 380
	FP_ROUTE KC..KMD83

TRACK_TIME 1167737286
TRACK A20110117575079 F 373600 1221900 120 30 999 NONE NONE 360
	FP_ROUTE KC..KB739

TRACK_TIME 1167737286
TRACK A20110117575080 F 384800 770160 120 30 999 NONE NONE 370
	FP_ROUTE KC..KE170

TRACK_TIME 1167737286
TRACK A20110117575088 F 352200 973600 120 30 999 NONE NONE 340
	FP_ROUTE KG..KCL60

TRACK_TIME 1167737286
TRACK A20110117575091 F 473700 1173160 120 30 999 NONE NONE 230
	FP_ROUTE KC..KE145

TRACK_TIME 1167737286
TRACK A20110117575095 F 405100 963700 120 30 999 NONE NONE 310
	FP_ROUTE KC..KA320

TRACK_TIME 1167737286
TRACK A20110117575097 F 335560 1182200 120 30 999 NONE NONE 360
	FP_ROUTE KC..KA320

TRACK_TIME 1167737286
TRACK A20110117575099 F 430760 774000 120 30 999 NONE NONE 220
	FP_ROUTE KC..KA319

TRACK_TIME 1167737286
TRACK A20110117575101 F 300000 952260 120 30 999 NONE NONE 340
	FP_ROUTE KC..KB737

TRACK_TIME 1167737286
TRACK A20110117575106 F 260400 801060 120 30 999 NONE NONE 380
	FP_ROUTE KC..KB739

TRACK_TIME 1167737286
TRACK A20110117575107 F 300000 951900 120 30 999 NONE NONE 340
	FP_ROUTE KC..KMD82

TRACK_TIME 1167737286
TRACK A20110117575111 F 372800 771660 120 30 999 NONE NONE 290
	FP_ROUTE KC..KA319

TRACK_TIME 1167737286
TRACK A20110117575115 F 293300 983000 120 30 999 NONE NONE 400
	FP_ROUTE KC..KA319

TRACK_TIME 1167737286
TRACK A20110117575122 F 335560 1182200 120 30 999 NONE NONE 260
	FP_ROUTE KC..KLJ35

TRACK_TIME 1167737286
TRACK A20110117575124 F 335560 1182560 120 30 999 NONE NONE 400
	FP_ROUTE KG..KBE20

TRACK_TIME 1167737286
TRACK A20110117575126 F 425700 875260 120 30 999 NONE NONE 260
	FP_ROUTE KC..KB712

TRACK_TIME 1167737286
TRACK A20110117575129 F 373600 1221960 120 30 999 NONE NONE 380
	FP_ROUTE KT..KCRJ2

TRACK_TIME 1167737286
TRACK A20110117575130 F 453460 1223400 120 30 999 NONE NONE 260
	FP_ROUTE KC..KA320

TRACK_TIME 1167737286
TRACK A20110117575134 F 295860 951660 120 30 999 NONE NONE 400
	FP_ROUTE KC..KE145

TRACK_TIME 1167737286
TRACK A20110117575135 F 323760 915260 120 30 999 NONE NONE 300
	FP_ROUTE KC..KA319

TRACK_TIME 1167737286
TRACK A20110117575138 F 333760 842860 120 30 999 NONE NONE 290
	FP_ROUTE KC..KA320

TRACK_TIME 1167737286
TRACK A20110117575140 F 294060 951900 120 30 999 NONE NONE 320
	FP_ROUTE KC..KA320

TRACK_TIME 1167737286
TRACK A20110117575141 F 404500 735400 120 30 999 NONE NONE 410
	FP_ROUTE KC..KE170

TRACK_TIME 1167737286
TRACK A20110117575142 F 371960 1215400 120 30 999 NONE NONE 360
	FP_ROUTE KT..KCRJ9

TRACK_TIME 1167737286
TRACK A20110117575144 F 411900 955500 120 30 999 NONE NONE 320
	FP_ROUTE KC..KA319

TRACK_TIME 1167737286
TRACK A20110117575157 F 282800 811900 120 30 999 NONE NONE 370
	FP_ROUTE KC..KA320

TRACK_TIME 1167737286
TRACK A20110117575158 F 365200 761360 120 30 999 NONE NONE 410
	FP_ROUTE KC..KMD82

TRACK_TIME 1167737286
TRACK A20110117575164 F 413400 934060 120 30 999 NONE NONE 230
	FP_ROUTE KT..KCRJ2

TRACK_TIME 1167737286
TRACK A20110117575166 F 342500 1194300 120 30 999 NONE NONE 210
	FP_ROUTE KC..KB737

TRACK_TIME 1167737286
TRACK A20110117575167 F 335560 1182200 120 30 999 NONE NONE 280
	FP_ROUTE KC..KB737

TRACK_TIME 1167737286
TRACK A20110117575168 F 360460 1151360 120 30 999 NONE NONE 280
	FP_ROUTE KC..KB737

TRACK_TIME 1167737286
TRACK A20110117575169 F 384300 1213460 120 30 999 NONE NONE 340
	FP_ROUTE KC..KB737

TRACK_TIME 1167737286
TRACK A20110117575171 F 373600 1221900 120 30 999 NONE NONE 360
	FP_ROUTE KC..KB737

TRACK_TIME 1167737286
TRACK A20110117575173 F 333900 842860 120 30 999 NONE NONE 190
	FP_ROUTE KC..KE145

TRACK_TIME 1167737286
TRACK A20110117575174 F 300000 951900 120 30 999 NONE NONE 360
	FP_ROUTE KC..KB752

TRACK_TIME 1167737286
TRACK A20110117575176 F 445260 931300 120 30 999 NONE NONE 350
	FP_ROUTE KC..KB733

TRACK_TIME 1167737286
TRACK A20110117575177 F 415800 875700 120 30 999 NONE NONE 370
	FP_ROUTE KC..KB733

TRACK_TIME 1167737286
TRACK A20110117575178 F 293760 953400 120 30 999 NONE NONE 190
	FP_ROUTE KC..KCRJ2

TRACK_TIME 1167737286
TRACK A20110117575182 F 424300 734800 120 30 999 NONE NONE 370
	FP_ROUTE KC..KB743

TRACK_TIME 1167737286
TRACK A20110117575187 F 370600 763300 120 30 999 NONE NONE 240
	FP_ROUTE KG..KC510

TRACK_TIME 1167737286
TRACK A20110117575188 F 352700 1190460 120 30 999 NONE NONE 340
	FP_ROUTE KG..KC510

TRACK_TIME 1167737286
TRACK A20110117575198 F 300000 952200 120 30 999 NONE NONE 260
	FP_ROUTE KC..KB737

TRACK_TIME 1167737286
TRACK A20110117575199 F 381960 753100 120 30 999 NONE NONE 190
	FP_ROUTE KC..KB733

TRACK_TIME 1167737286
TRACK A20110117575202 F 345700 785500 120 30 999 NONE NONE 370
	FP_ROUTE KC..KE135

TRACK_TIME 1167737286
TRACK A20110117575203 F 391060 963760 120 30 999 NONE NONE 360
	FP_ROUTE KC..KE145

TRACK_TIME 1167737286
TRACK A20110117575207 F 332560 1115800 120 30 999 NONE NONE 290
	FP_ROUTE KG..KF2TH

TRACK_TIME 1167737286
TRACK A20110117575213 F 392800 743160 120 30 999 NONE NONE 290
	FP_ROUTE KC..KB737

TRACK_TIME 1167737286
TRACK A20110117575216 F 294200 821960 120 30 999 NONE NONE 300
	FP_ROUTE KC..KB737

TRACK_TIME 1167737286
TRACK A20110117575218 F 422100 710100 120 30 999 NONE NONE 210
	FP_ROUTE KC..KMD82

TRACK_TIME 1167737286
TRACK A20110117575219 F 415560 875500 120 30 999 NONE NONE 220
	FP_ROUTE KC..KB738

TRACK_TIME 1167737286
TRACK A20110117575229 F 425700 875260 120 30 999 NONE NONE 270
	FP_ROUTE KC..KB734

TRACK_TIME 1167737286
TRACK A20110117575230 F 425860 875260 120 30 999 NONE NONE 370
	FP_ROUTE KC..KMD82

TRACK_TIME 1167737286
TRACK A20110117575231 F 395560 1044060 120 30 999 NONE NONE 370
	FP_ROUTE KC..KB739

TRACK_TIME 1167737286
TRACK A20110117575241 F 325100 970100 120 30 999 NONE NONE 280
	FP_ROUTE KC..KE135

TRACK_TIME 1167737286
TRACK A20110117575245 F 324600 1171960 120 30 999 NONE NONE 320
	FP_ROUTE KG..KF900

TRACK_TIME 1167737286
TRACK A20110117575246 F 424500 845260 120 30 999 NONE NONE 390
	FP_ROUTE KC..KB737

TRACK_TIME 1167737286
TRACK A20110117575253 F 385400 772800 120 30 999 NONE NONE 370
	FP_ROUTE KC..KMD82

TRACK_TIME 1167737286
TRACK A20110117575255 F 404900 1115860 120 30 999 NONE NONE 370
	FP_ROUTE KC..KB752

TRACK_TIME 1167737286
TRACK A20110117575257 F 360400 1151300 120 30 999 NONE NONE 320
	FP_ROUTE KC..KMD83

TRACK_TIME 1167737286
TRACK A20110117575259 F 404000 741060 120 30 999 NONE NONE 310
	FP_ROUTE KC..KMD83

TRACK_TIME 1167737286
TRACK A20110117575263 F 425700 784300 120 30 999 NONE NONE 250
	FP_ROUTE KC..KMD82

TRACK_TIME 1167737286
TRACK A20110117575264 F 404360 735500 120 30 999 NONE NONE 290
	FP_ROUTE KC..KMD83

TRACK_TIME 1167737286
TRACK A20110117575269 F 332560 1115700 120 30 999 NONE NONE 250
	FP_ROUTE KC..KB752

TRACK_TIME 1167737286
TRACK A20110117575271 F 430160 834500 120 30 999 NONE NONE 340
	FP_ROUTE KT..KCRJ2

TRACK_TIME 1167737286
TRACK A20110117575272 F 333900 842200 120 30 999 NONE NONE 290
	FP_ROUTE KT..KCRJ2

TRACK_TIME 1167737286
TRACK A20110117575276 F 333900 842800 120 30 999 NONE NONE 340
	FP_ROUTE KT..KCRJ9

TRACK_TIME 1167737286
TRACK A20110117575278 F 254660 801500 120 30 999 NONE NONE 320
	FP_ROUTE KC..KE190

TRACK_TIME 1167737286
TRACK A20110117575279 F 414900 874660 120 30 999 NONE NONE 370
	FP_ROUTE KC..KE190

TRACK_TIME 1167737286
TRACK A20110117575282 F 355100 784900 120 30 999 NONE NONE 390
	FP_ROUTE KC..KA320

TRACK_TIME 1167737286
TRACK A20110117575283 F 282860 811660 120 30 999 NONE NONE 400
	FP_ROUTE KC..KE190

TRACK_TIME 1167737286
TRACK A20110117575291 F 320900 1105860 120 30 999 NONE NONE 360
	FP_ROUTE KC..KE135

TRACK_TIME 1167737286
TRACK A20110117575295 F 395200 751660 120 30 999 NONE NONE 290
	FP_ROUTE KC..KE170

TRACK_TIME 1167737286
TRACK A20110117575306 F 373600 1221900 120 30 999 NONE NONE 380
	FP_ROUTE KC..KE145

TRACK_TIME 1167737286
TRACK A20110117575308 F 300000 952400 120 30 999 NONE NONE 380
	FP_ROUTE KC..KB738

TRACK_TIME 1167737286
TRACK A20110117575322 F 333900 842700 120 30 999 NONE NONE 340
	FP_ROUTE KT..KCRJ2

TRACK_TIME 1167737286
TRACK A20110117575326 F 395260 751300 120 30 999 NONE NONE 230
	FP_ROUTE KC..KE135

TRACK_TIME 1167737286
TRACK A20110117575333 F 282260 811900 120 30 999 NONE NONE 330
	FP_ROUTE KC..KMD82

TRACK_TIME 1167737286
TRACK A20110117575337 F 422200 710000 120 30 999 NONE NONE 390
	FP_ROUTE KC..KB738

TRACK_TIME 1167737286
TRACK A20110117575338 F 445100 931360 120 30 999 NONE NONE 350
	FP_ROUTE KC..KB738

TRACK_TIME 1167737286
TRACK A20110117575339 F 421360 832200 120 30 999 NONE NONE 390
	FP_ROUTE KC..KA319

TRACK_TIME 1167737286
TRACK A20110117575342 F 395200 751660 120 30 999 NONE NONE 350
	FP_ROUTE KC..KB753

TRACK_TIME 1167737286
TRACK A20110117575375 F 355500 835100 120 30 999 NONE NONE 260
	FP_ROUTE KC..KA319

TRACK_TIME 1167737286
TRACK A20110117575383 F 403900 741200 120 30 999 NONE NONE 310
	FP_ROUTE KC..KA320

TRACK_TIME 1167737286
TRACK A20110117575394 F 420000 875500 120 30 999 NONE NONE 320
	FP_ROUTE KC..KB737

TRACK_TIME 1167737286
TRACK A20110117575395 F 325500 970160 120 30 999 NONE NONE 401
	FP_ROUTE KC..KMD83

TRACK_TIME 1167737286
TRACK A20110117575401 F 325500 970600 120 30 999 NONE NONE 330
	FP_ROUTE KC..KMD83

TRACK_TIME 1167737286
TRACK A20110117575405 F 335400 1183400 120 30 999 NONE NONE 230
	FP_ROUTE KC..KB739

TRACK_TIME 1167737286
TRACK A20110117575410 F 422100 705860 120 30 999 NONE NONE 390
	FP_ROUTE KC..KCRJ2

TRACK_TIME 1167737286
TRACK A20110117575412 F 391060 764300 120 30 999 NONE NONE 390
	FP_ROUTE KT..KF2TH

TRACK_TIME 1167737286
TRACK A20110117575415 F 175860 662860 120 30 999 NONE NONE 350
	FP_ROUTE KC..KE170

TRACK_TIME 1167737286
TRACK A20110117575416 F 332560 1115800 120 30 999 NONE NONE 340
	FP_ROUTE KG..KCL60

TRACK_TIME 1167737286
TRACK A20110117575417 F 335100 805700 120 30 999 NONE NONE 210
	FP_ROUTE KT..KCRJ2

TRACK_TIME 1167737286
TRACK A20110117575418 F 325100 970160 120 30 999 NONE NONE 380
	FP_ROUTE KC..KA320

TRACK_TIME 1167737286
TRACK A20110117575420 F 325200 970300 120 30 999 NONE NONE 390
	FP_ROUTE KC..KE120

TRACK_TIME 1167737286
TRACK A20110117575421 F 361200 795260 120 30 999 NONE NONE 240
	FP_ROUTE KT..KCRJ2

TRACK_TIME 1167737286
TRACK A20110117575425 F 415800 875700 120 30 999 NONE NONE 270
	FP_ROUTE KC..KDH8A

TRACK_TIME 1167737286
TRACK A20110117575426 F 325200 970160 120 30 999 NONE NONE 370
	FP_ROUTE KC..KB738

TRACK_TIME 1167737286
TRACK A20110117575427 F 373600 1221960 120 30 999 NONE NONE 380
	FP_ROUTE KC..KB737

TRACK_TIME 1167737286
TRACK A20110117575428 F 414900 874660 120 30 999 NONE NONE 380
	FP_ROUTE KC..KMD83

TRACK_TIME 1167737286
TRACK A20110117575429 F 403900 741200 120 30 999 NONE NONE 350
	FP_ROUTE KC..KCRJ2

TRACK_TIME 1167737286
TRACK A20110117575441 F 404500 735400 120 30 999 NONE NONE 370
	FP_ROUTE KC..KB737

TRACK_TIME 1167737286
TRACK A20110117575442 F 351200 805800 120 30 999 NONE NONE 350
	FP_ROUTE KC..KMD83

TRACK_TIME 1167737286
TRACK A20110117575447 F 472560 1221900 120 30 999 NONE NONE 340
	FP_ROUTE KC..KB737

TRACK_TIME 1167737286
TRACK A20110117575448 F 440100 1030160 120 30 999 NONE NONE 250
	FP_ROUTE KG..KBE20

TRACK_TIME 1167737286
TRACK A20110117575451 F 353160 973700 120 30 999 NONE NONE 320
	FP_ROUTE KC..KB712

TRACK_TIME 1167737286
TRACK A20110117575452 F 431900 891900 120 30 999 NONE NONE 340
	FP_ROUTE KC..KMD82

TRACK_TIME 1167737286
TRACK A20110117575455 F 430900 773900 120 30 999 NONE NONE 310
	FP_ROUTE KC..KA320

TRACK_TIME 1167737286
TRACK A20110117575457 F 351060 790000 120 30 999 NONE NONE 390
	FP_ROUTE KG..KF900

TRACK_TIME 1167737286
TRACK A20110117575461 F 332560 1115700 120 30 999 NONE NONE 380
	FP_ROUTE KC..KCRJ9

TRACK_TIME 1167737286
TRACK A20110117575473 F 335560 1183300 120 30 999 NONE NONE 350
	FP_ROUTE KT..KCRJ2

TRACK_TIME 1167737286
TRACK A20110117575476 F 404900 1115860 120 30 999 NONE NONE 350
	FP_ROUTE KC..KCRJ2

TRACK_TIME 1167737286
TRACK A20110117575480 F 425860 875260 120 30 999 NONE NONE 310
	FP_ROUTE KC..KB752

TRACK_TIME 1167737286
TRACK A20110117575483 F 360600 863760 120 30 999 NONE NONE 350
	FP_ROUTE KC..KCRJ2

TRACK_TIME 1167737286
TRACK A20110117575488 F 332560 1115700 120 30 999 NONE NONE 290
	FP_ROUTE KT..KCRJ2

TRACK_TIME 1167737286
TRACK A20110117575491 F 325560 970300 120 30 999 NONE NONE 320
	FP_ROUTE KC..KB752

TRACK_TIME 1167737286
TRACK A20110117575495 F 420100 875560 120 30 999 NONE NONE 320
	FP_ROUTE KT..KCRJ2

TRACK_TIME 1167737286
TRACK A20110117575500 F 421960 710100 120 30 999 NONE NONE 230
	FP_ROUTE KC..KA320

TRACK_TIME 1167737286
TRACK A20110117575501 F 332560 1115700 120 30 999 NONE NONE 320
	FP_ROUTE KC..KB752

TRACK_TIME 1167737286
TRACK A20110117575508 F 282400 811660 120 30 999 NONE NONE 360
	FP_ROUTE KC..KE190

TRACK_TIME 1167737286
TRACK A20110117575514 F 254800 801600 120 30 999 NONE NONE 330
	FP_ROUTE KC..KA319

TRACK_TIME 1167737286
TRACK A20110117575520 F 395260 1043460 120 30 999 NONE NONE 390
	FP_ROUTE KC..KA320

TRACK_TIME 1167737286
TRACK A20110117575521 F 420100 875260 120 30 999 NONE NONE 340
	FP_ROUTE KC..KCRJ2

TRACK_TIME 1167737286
TRACK A20110117575522 F 351360 805800 120 30 999 NONE NONE 300
	FP_ROUTE KC..KMD83

TRACK_TIME 1167737286
TRACK A20110117575530 F 400000 824960 120 30 999 NONE NONE 320
	FP_ROUTE KT..KCRJ2

TRACK_TIME 1167737286
TRACK A20110117575534 F 331500 815560 120 30 999 NONE NONE 350
	FP_ROUTE KC..KCRJ2

TRACK_TIME 1167737286
TRACK A20110117575535 F 331960 815800 120 30 999 NONE NONE 180
	FP_ROUTE KC..KE170

TRACK_TIME 1167737286
TRACK A20110117575536 F 325500 970300 120 30 999 NONE NONE 330
	FP_ROUTE KT..KDH8D

TRACK_TIME 1167737286
TRACK A20110117575537 F 373900 972560 120 30 999 NONE NONE 260
	FP_ROUTE KT..KE145

TRACK_TIME 1167737286
TRACK A20110117575539 F 254800 801600 120 30 999 NONE NONE 360
	FP_ROUTE KC..KA320

TRACK_TIME 1167737286
TRACK A20110117575540 F 301000 974060 120 30 999 NONE NONE 390
	FP_ROUTE KC..KB744

TRACK_TIME 1167737286
TRACK A20110117575541 F 325700 800460 120 30 999 NONE NONE 370
	FP_ROUTE KC..KCRJ2

TRACK_TIME 1167737286
TRACK A20110117575544 F 350400 895800 120 30 999 NONE NONE 330
	FP_ROUTE KC..KCRJ2

TRACK_TIME 1167737286
TRACK A20110117575545 F 403760 741200 120 30 999 NONE NONE 350
	FP_ROUTE KC..KB752

TRACK_TIME 1167737286
TRACK A20110117575548 F 282260 811800 120 30 999 NONE NONE 410
	FP_ROUTE KC..KA320

TRACK_TIME 1167737286
TRACK A20110117575559 F 411660 905100 120 30 999 NONE NONE 200
	FP_ROUTE KC..KE190

TRACK_TIME 1167737286
TRACK A20110117575560 F 300000 952800 120 30 999 NONE NONE 380
	FP_ROUTE KC..KB752

TRACK_TIME 1167737286
TRACK A20110117575568 F 403900 734600 120 30 999 NONE NONE 370
	FP_ROUTE KG..KCL60

TRACK_TIME 1167737286
TRACK A20110117575573 F 425560 835700 120 30 999 NONE NONE 190
	FP_ROUTE KG..KCL60

TRACK_TIME 1167737286
TRACK A20110117575576 F 420700 880300 120 30 999 NONE NONE 320
	FP_ROUTE KC..KB737

TRACK_TIME 1167737286
TRACK A20110117575577 F 403000 801660 120 30 999 NONE NONE 330
	FP_ROUTE KG..KCL60

TRACK_TIME 1167737286
TRACK A20110117575578 F 303000 814000 120 30 999 NONE NONE 400
	FP_ROUTE KC..KE190

TRACK_TIME 1167737286
TRACK A20110117575586 F 421960 705800 120 30 999 NONE NONE 370
	FP_ROUTE KC..KMD82

TRACK_TIME 1167737286
TRACK A20110117575592 F 404800 1120000 120 30 999 NONE NONE 350
	FP_ROUTE KC..KB738

TRACK_TIME 1167737286
TRACK A20110117575599 F 300000 951800 120 30 999 NONE NONE 400
	FP_ROUTE KC..KA319

TRACK_TIME 1167737286
TRACK A20110117575603 F 421300 831960 120 30 999 NONE NONE 329
	FP_ROUTE KC..KB738

TRACK_TIME 1167737286
TRACK A20110117575605 F 295400 901660 120 30 999 NONE NONE 220
	FP_ROUTE KC..KE135

TRACK_TIME 1167737286
TRACK A20110117575607 F 410300 734200 120 30 999 NONE NONE 370
	FP_ROUTE KT..KE135

TRACK_TIME 1167737286
TRACK A20110117575608 F 373600 1221960 120 30 999 NONE NONE 380
	FP_ROUTE KC..KA320

TRACK_TIME 1167737286
TRACK A20110117575610 F 300000 950100 120 30 999 NONE NONE 350
	FP_ROUTE KC..KE145

TRACK_TIME 1167737286
TRACK A20110117575611 F 395500 841000 120 30 999 NONE NONE 300
	FP_ROUTE KC..KE145

TRACK_TIME 1167737286
TRACK A20110117575622 F 194360 1560160 120 30 999 NONE NONE 190
	FP_ROUTE KC..KB738

TRACK_TIME 1167737286
TRACK A20110117575623 F 325500 970160 120 30 999 NONE NONE 380
	FP_ROUTE KG..KC560

TRACK_TIME 1167737286
TRACK A20110117575624 F 431600 1141200 120 30 999 NONE NONE 260
	FP_ROUTE KC..KE145

TRACK_TIME 1167737286
TRACK A20110117575625 F 384600 901960 120 30 999 NONE NONE 360
	FP_ROUTE KG..KC560

TRACK_TIME 1167737286
TRACK A20110117575628 F 303600 881300 120 30 999 NONE NONE 280
	FP_ROUTE KT..KCRJ2

TRACK_TIME 1167737286
TRACK A20110117575631 F 373600 1221900 120 30 999 NONE NONE 250
	FP_ROUTE KT..KCRJ2

TRACK_TIME 1167737286
TRACK A20110117575644 F 404500 734960 120 30 999 NONE NONE 390
	FP_ROUTE KC..KMD82

TRACK_TIME 1167737286
TRACK A20110117575647 F 332400 815860 120 30 999 NONE NONE 180
	FP_ROUTE KC..KA321

TRACK_TIME 1167737286
TRACK A20110117575653 F 421960 705700 120 30 999 NONE NONE 330
	FP_ROUTE KT..KCRJ2

TRACK_TIME 1167737286
TRACK A20110117575665 F 355200 784900 120 30 999 NONE NONE 290
	FP_ROUTE KC..KMD82

TRACK_TIME 1167737286
TRACK A20110117575666 F 353400 973600 120 30 999 NONE NONE 240
	FP_ROUTE KC..KE145

TRACK_TIME 1167737286
TRACK A20110117575670 F 371960 1215400 120 30 999 NONE NONE 380
	FP_ROUTE KC..KB737

TRACK_TIME 1167737286
TRACK A20110117575675 F 433400 1161300 120 30 999 NONE NONE 230
	FP_ROUTE KC..KB737

TRACK_TIME 1167737286
TRACK A20110117575684 F 333900 842400 120 30 999 NONE NONE 330
	FP_ROUTE KC..KB737

TRACK_TIME 1167737286
TRACK A20110117575692 F 372100 1215500 120 30 999 NONE NONE 350
	FP_ROUTE KC..KA320

TRACK_TIME 1167737286
TRACK A20110117575702 F 394200 861900 120 30 999 NONE NONE 330
	FP_ROUTE KC..KB737

TRACK_TIME 1167737286
TRACK A20110117575706 F 414600 874300 120 30 999 NONE NONE 310
	FP_ROUTE KT..KCRJ2

TRACK_TIME 1167737286
TRACK A20110117575710 F 391660 944360 120 30 999 NONE NONE 350
	FP_ROUTE KC..KB733

TRACK_TIME 1167737286
TRACK A20110117575722 F 404360 735100 120 30 999 NONE NONE 370
	FP_ROUTE KC..KB733

TRACK_TIME 1167737286
TRACK A20110117575726 F 332560 1115800 120 30 999 NONE NONE 340
	FP_ROUTE KC..KB733

TRACK_TIME 1167737286
TRACK A20110117575731 F 422100 710100 120 30 999 NONE NONE 230
	FP_ROUTE KC..KA320

TRACK_TIME 1167737286
TRACK A20110117575741 F 403760 734500 120 30 999 NONE NONE 350
	FP_ROUTE KC..KA320

TRACK_TIME 1167737286
TRACK A20110117575749 F 640300 1482860 120 30 999 NONE NONE 280
	FP_ROUTE KT..KCRJ2

TRACK_TIME 1167737286
TRACK A20110117575750 F 472700 1221900 120 30 999 NONE NONE 390
	FP_ROUTE KC..KA319

TRACK_TIME 1167737286
TRACK A20110117575751 F 300000 951800 120 30 999 NONE NONE 350
	FP_ROUTE KC..KE145

TRACK_TIME 1167737286
TRACK A20110117575755 F 360460 864060 120 30 999 NONE NONE 260
	FP_ROUTE KC..KB738

TRACK_TIME 1167737286
TRACK A20110117575758 F 282700 811660 120 30 999 NONE NONE 400
	FP_ROUTE KC..KMD82

TRACK_TIME 1167737286
TRACK A20110117575761 F 701060 1482560 120 30 999 NONE NONE 320
	FP_ROUTE KC..KMD82

TRACK_TIME 1167737286
TRACK A20110117575763 F 711660 1561800 120 30 999 NONE NONE 280
	FP_ROUTE KC..KE135

TRACK_TIME 1167737286
TRACK A20110117575764 F 404900 1115860 120 30 999 NONE NONE 360
	FP_ROUTE KT..KDH8D

TRACK_TIME 1167737286
TRACK A20110117575766 F 282800 811800 120 30 999 NONE NONE 370
	FP_ROUTE KC..KA319

TRACK_TIME 1167737286
TRACK A20110117575769 F 341600 775500 120 30 999 NONE NONE 270
	FP_ROUTE KT..KCRJ2

TRACK_TIME 1167737286
TRACK A20110117575786 F 293700 830460 120 30 999 NONE NONE 350
	FP_ROUTE KC..KCRJ2

TRACK_TIME 1167737286
TRACK A20110117575792 F 263000 815800 120 30 999 NONE NONE 350
	FP_ROUTE KC..KE145

TRACK_TIME 1167737286
TRACK A20110117575797 F 300000 952400 120 30 999 NONE NONE 280
	FP_ROUTE KC..KE145

TRACK_TIME 1167737286
TRACK A20110117575798 F 352100 973700 120 30 999 NONE NONE 350
	FP_ROUTE KC..KE145

TRACK_TIME 1167737286
TRACK A20110117575811 F 415700 724000 120 30 999 NONE NONE 370
	FP_ROUTE KC..KCRJ2

TRACK_TIME 1167737286
TRACK A20110117575812 F 325200 970300 120 30 999 NONE NONE 330
	FP_ROUTE KG..KLJ45

TRACK_TIME 1167737286
TRACK A20110117575817 F 282260 811800 120 30 999 NONE NONE 380
	FP_ROUTE KT..KCRJ2

TRACK_TIME 1167737286
TRACK A20110117575818 F 395700 841960 120 30 999 NONE NONE 230
	FP_ROUTE KG..KF2TH

TRACK_TIME 1167737286
TRACK A20110117575824 F 295860 901500 120 30 999 NONE NONE 380
	FP_ROUTE KC..KE190

TRACK_TIME 1167737286
TRACK A20110117575825 F 384800 770160 120 30 999 NONE NONE 290
	FP_ROUTE KT..KC750

TRACK_TIME 1167737286
TRACK A20110117575826 F 384300 1213600 120 30 999 NONE NONE 360
	FP_ROUTE KT..KC750

TRACK_TIME 1167737286
TRACK A20110117575828 F 363100 821960 120 30 999 NONE NONE 180
	FP_ROUTE KC..KF900

TRACK_TIME 1167737286
TRACK A20110117575831 F 425800 834900 120 30 999 NONE NONE 360
	FP_ROUTE KC..KB752

TRACK_TIME 1167737286
TRACK A20110117575832 F 355100 784900 120 30 999 NONE NONE 320
	FP_ROUTE KC..KB738

TRACK_TIME 1167737286
TRACK A20110117575834 F 472800 1221900 120 30 999 NONE NONE 340
	FP_ROUTE KC..KB733

TRACK_TIME 1167737286
TRACK A20110117575835 F 194360 1560160 120 30 999 NONE NONE 210
	FP_ROUTE KC..KB737

TRACK_TIME 1167737286
TRACK A20110117575840 F 384800 770160 120 30 999 NONE NONE 370
	FP_ROUTE KG..KC560

TRACK_TIME 1167737286
TRACK A20110117575842 F 371960 1215400 120 30 999 NONE NONE 220
	FP_ROUTE KC..KB734

TRACK_TIME 1167737286
TRACK A20110117575844 F 275560 823300 120 30 999 NONE NONE 360
	FP_ROUTE KC..KA319

TRACK_TIME 1167737286
TRACK A20110117575845 F 620300 1501200 120 30 999 NONE NONE 350
	FP_ROUTE KC..KA318

TRACK_TIME 1167737286
TRACK A20110117575847 F 373760 973100 120 30 999 NONE NONE 240
	FP_ROUTE KG..KFA50

TRACK_TIME 1167737286
TRACK A20110117575848 F 325500 970160 120 30 999 NONE NONE 360
	FP_ROUTE KC..KCRJ2

TRACK_TIME 1167737286
TRACK A20110117575849 F 333760 842860 120 30 999 NONE NONE 390
	FP_ROUTE KC..KE145

TRACK_TIME 1167737286
TRACK A20110117575851 F 390760 944500 120 30 999 NONE NONE 360
	FP_ROUTE KC..KCRJ2

TRACK_TIME 1167737286
TRACK A20110117575853 F 260400 801200 120 30 999 NONE NONE 340
	FP_ROUTE KT..KCRJ2

TRACK_TIME 1167737286
TRACK A20110117575857 F 294000 951800 120 30 999 NONE NONE 270
	FP_ROUTE KC..KB712

TRACK_TIME 1167737286
TRACK A20110117575862 F 333900 842800 120 30 999 NONE NONE 280
	FP_ROUTE KC..KE190

TRACK_TIME 1167737286
TRACK A20110117575866 F 391060 764500 120 30 999 NONE NONE 300
	FP_ROUTE KC..KB738

TRACK_TIME 1167737286
TRACK A20110117575870 F 335560 810400 120 30 999 NONE NONE 280
	FP_ROUTE KT..KCRJ9

TRACK_TIME 1167737286
TRACK A20110117575871 F 315100 1062100 120 30 999 NONE NONE 370
	FP_ROUTE KC..KB752

TRACK_TIME 1167737286
TRACK A20110117575872 F 293160 982860 120 30 999 NONE NONE 370
	FP_ROUTE KC..KB712

TRACK_TIME 1167737286
TRACK A20110117575873 F 325200 970160 120 30 999 NONE NONE 310
	FP_ROUTE KC..KB737

TRACK_TIME 1167737286
TRACK A20110117575878 F 404500 735400 120 30 999 NONE NONE 370
	FP_ROUTE KC..KB737

TRACK_TIME 1167737286
TRACK A20110117575879 F 322800 935100 120 30 999 NONE NONE 320
	FP_ROUTE KC..KB733

TRACK_TIME 1167737286
TRACK A20110117575880 F 293160 982800 120 30 999 NONE NONE 280
	FP_ROUTE KC..KE135

TRACK_TIME 1167737286
TRACK A20110117575882 F 430760 774000 120 30 999 NONE NONE 220
	FP_ROUTE KC..KB737

TRACK_TIME 1167737286
TRACK A20110117575886 F 254660 802100 120 30 999 NONE NONE 410
	FP_ROUTE KC..KA319

TRACK_TIME 1167737286
TRACK A20110117575888 F 442560 730600 120 30 999 NONE NONE 270
	FP_ROUTE KT..KE145

TRACK_TIME 1167737286
TRACK A20110117575889 F 472560 1221900 120 30 999 NONE NONE 380
	FP_ROUTE KG..KLJ45

TRACK_TIME 1167737286
TRACK A20110117575890 F 433400 1161360 120 30 999 NONE NONE 390
	FP_ROUTE KC..KB738

TRACK_TIME 1167737286
TRACK A20110117575891 F 473760 1173100 120 30 999 NONE NONE 400
	FP_ROUTE KC..KB737

TRACK_TIME 1167737286
TRACK A20110117575896 F 351360 805500 120 30 999 NONE NONE 350
	FP_ROUTE KC..KE145

TRACK_TIME 1167737286
TRACK A20110117575901 F 300700 973900 120 30 999 NONE NONE 360
	FP_ROUTE KC..KB739

TRACK_TIME 1167737286
TRACK A20110117575903 F 415560 875500 120 30 999 NONE NONE 210
	FP_ROUTE KC..KE170

TRACK_TIME 1167737286
TRACK A20110117575904 F 372800 771960 120 30 999 NONE NONE 370
	FP_ROUTE KC..KB737

TRACK_TIME 1167737286
TRACK A20110117575905 F 260460 801300 120 30 999 NONE NONE 390
	FP_ROUTE KC..KB752

TRACK_TIME 1167737286
TRACK A20110117575906 F 352100 823000 120 30 999 NONE NONE 210
	FP_ROUTE KC..KMD82

TRACK_TIME 1167737286
TRACK A20110117575907 F 333900 842700 120 30 999 NONE NONE 180
	FP_ROUTE KC..KB738

TRACK_TIME 1167737286
TRACK A20110117575908 F 360300 954900 120 30 999 NONE NONE 330
	FP_ROUTE KC..KA320

TRACK_TIME 1167737286
TRACK A20110117575912 F 263400 813300 120 30 999 NONE NONE 320
	FP_ROUTE KC..KB738

TRACK_TIME 1167737286
TRACK A20110117575913 F 273760 992500 120 30 999 NONE NONE 260
	FP_ROUTE KC..KE145

TRACK_TIME 1167737286
TRACK A20110117575915 F 324360 1171000 120 30 999 NONE NONE 370
	FP_ROUTE KC..KA320

TRACK_TIME 1167737286
TRACK A20110117575917 F 404960 1120000 120 30 999 NONE NONE 350
	FP_ROUTE KC..KB752

TRACK_TIME 1167737286
TRACK A20110117575918 F 433760 1104360 120 30 999 NONE NONE 330
	FP_ROUTE KC..KB738

TRACK_TIME 1167737286
TRACK A20110117575920 F 442800 880900 120 30 999 NONE NONE 260
	FP_ROUTE KC..KA320

TRACK_TIME 1167737286
TRACK A20110117575924 F 415500 724360 120 30 999 NONE NONE 210
	FP_ROUTE KC..KB735

TRACK_TIME 1167737286
TRACK A20110117575926 F 445400 931360 120 30 999 NONE NONE 330
	FP_ROUTE KC..KCRJ2

TRACK_TIME 1167737286
TRACK A20110117575928 F 403000 801660 120 30 999 NONE NONE 310
	FP_ROUTE KC..KMD82

TRACK_TIME 1167737286
TRACK A20110117575929 F 264200 821200 120 30 999 NONE NONE 350
	FP_ROUTE KC..KE145

TRACK_TIME 1167737286
TRACK A20110117575930 F 391060 764360 120 30 999 NONE NONE 350
	FP_ROUTE KC..KMD82

TRACK_TIME 1167737286
TRACK A20110117575939 F 383160 1225100 120 30 999 NONE NONE 220
	FP_ROUTE KT..KCRJ2

TRACK_TIME 1167737286
TRACK A20110117575946 F 421360 832100 120 30 999 NONE NONE 350
	FP_ROUTE KC..KB733

TRACK_TIME 1167737286
TRACK A20110117575947 F 351960 973700 120 30 999 NONE NONE 310
	FP_ROUTE KC..KLJ45

TRACK_TIME 1167737286
TRACK A20110117575961 F 320760 1105800 120 30 999 NONE NONE 320
	FP_ROUTE KT..KCRJ9

TRACK_TIME 1167737286
TRACK A20110117575962 F 395400 1044000 120 30 999 NONE NONE 360
	FP_ROUTE KC..KA320

TRACK_TIME 1167737286
TRACK A20110117575971 F 433000 964960 120 30 999 NONE NONE 220
	FP_ROUTE KC..KB733

TRACK_TIME 1167737286
TRACK A20110117575983 F 444360 853460 120 30 999 NONE NONE 230
	FP_ROUTE KC..KB733

TRACK_TIME 1167737286
TRACK A20110117575989 F 412100 955700 120 30 999 NONE NONE 250
	FP_ROUTE KC..KB735

TRACK_TIME 1167737286
TRACK A20110117575998 F 422800 1225500 120 30 999 NONE NONE 190
	FP_ROUTE KC..KB733

TRACK_TIME 1167737286
TRACK A20110117576011 F 453460 1223400 120 30 999 NONE NONE 220
	FP_ROUTE KC..KB733

TRACK_TIME 1167737286
TRACK A20110117576014 F 374200 1221200 120 30 999 NONE NONE 340
	FP_ROUTE KG..KCL60

TRACK_TIME 1167737286
TRACK A20110117576028 F 371360 932260 120 30 999 NONE NONE 280
	FP_ROUTE KG..KCL60

TRACK_TIME 1167737286
TRACK A20110117576032 F 333760 842400 120 30 999 NONE NONE 330
	FP_ROUTE KC..KB738

TRACK_TIME 1167737286
TRACK A20110117576034 F 395200 751360 120 30 999 NONE NONE 350
	FP_ROUTE KG..KBE20

TRACK_TIME 1167737286
TRACK A20110117576035 F 425700 875260 120 30 999 NONE NONE 260
	FP_ROUTE KC..KA319

TRACK_TIME 1167737286
TRACK A20110117576042 F 275560 823300 120 30 999 NONE NONE 350
	FP_ROUTE KC..KE170

TRACK_TIME 1167737286
TRACK A20110117576045 F 384300 1213600 120 30 999 NONE NONE 380
	FP_ROUTE KC..KB738

TRACK_TIME 1167737286
TRACK A20110117576048 F 275560 823300 120 30 999 NONE NONE 360
	FP_ROUTE KC..KE135

TRACK_TIME 1167737286
TRACK A20110117576049 F 421360 832200 120 30 999 NONE NONE 270
	FP_ROUTE KC..KA320

TRACK_TIME 1167737286
TRACK A20110117576051 F 400000 880600 120 30 999 NONE NONE 320
	FP_ROUTE KC..KB752

TRACK_TIME 1167737286
TRACK A20110117576055 F 395200 841800 120 30 999 NONE NONE 360
	FP_ROUTE KC..KB752

TRACK_TIME 1167737286
TRACK A20110117576062 F 404500 734900 120 30 999 NONE NONE 410
	FP_ROUTE KC..KAT72

TRACK_TIME 1167737286
TRACK A20110117576068 F 404300 734300 120 30 999 NONE NONE 350
	FP_ROUTE KC..KB737

TRACK_TIME 1167737286
TRACK A20110117576069 F 333900 842800 120 30 999 NONE NONE 400
	FP_ROUTE KT..KDH8D

TRACK_TIME 1167737286
TRACK A20110117576070 F 421960 705800 120 30 999 NONE NONE 370
	FP_ROUTE KT..KCRJ2

TRACK_TIME 1167737286
TRACK A20110117576073 F 403900 734660 120 30 999 NONE NONE 370
	FP_ROUTE KC..KA319

TRACK_TIME 1167737286
TRACK A20110117576074 F 373900 972560 120 30 999 NONE NONE 360
	FP_ROUTE KC..KB737

TRACK_TIME 1167737286
TRACK A20110117576079 F 415500 724200 120 30 999 NONE NONE 310
	FP_ROUTE KC..KB737

TRACK_TIME 1167737286
TRACK A20110117576082 F 373900 972560 120 30 999 NONE NONE 320
	FP_ROUTE KC..KB733

TRACK_TIME 1167737286
TRACK A20110117576084 F 373600 1221800 120 30 999 NONE NONE 340
	FP_ROUTE KC..KA321

TRACK_TIME 1167737286
TRACK A20110117576086 F 393400 841960 120 30 999 NONE NONE 340
	FP_ROUTE KC..KB733

TRACK_TIME 1167737286
TRACK A20110117576088 F 384800 770160 120 30 999 NONE NONE 290
	FP_ROUTE KC..KB734

TRACK_TIME 1167737286
TRACK A20110117576089 F 403900 734600 120 30 999 NONE NONE 370
	FP_ROUTE KC..KB737

TRACK_TIME 1167737286
TRACK A20110117576090 F 422800 705700 120 30 999 NONE NONE 330
	FP_ROUTE KC..KB712

TRACK_TIME 1167737286
TRACK A20110117576091 F 211660 1575200 120 30 999 NONE NONE 370
	FP_ROUTE KC..KE135

TRACK_TIME 1167737286
TRACK A20110117576092 F 300000 901660 120 30 999 NONE NONE 290
	FP_ROUTE KT..KCRJ1

TRACK_TIME 1167737286
TRACK A20110117576099 F 324000 1143900 120 30 999 NONE NONE 209
	FP_ROUTE KC..KA320

TRACK_TIME 1167737286
TRACK A20110117576101 F 385200 1214300 120 30 999 NONE NONE 300
	FP_ROUTE KC..KE145

TRACK_TIME 1167737286
TRACK A20110117576105 F 275100 991960 120 30 999 NONE NONE 340
	FP_ROUTE KC..KA319

TRACK_TIME 1167737286
TRACK A20110117576107 F 472800 1221900 120 30 999 NONE NONE 400
	FP_ROUTE KT..KDH8D

TRACK_TIME 1167737286
TRACK A20110117576113 F 282260 811900 120 30 999 NONE NONE 380
	FP_ROUTE KT..KE145

TRACK_TIME 1167737286
TRACK A20110117576114 F 430460 833600 120 30 999 NONE NONE 190
	FP_ROUTE KC..KB753

TRACK_TIME 1167737286
TRACK A20110117576125 F 262500 815860 120 30 999 NONE NONE 370
	FP_ROUTE KC..KCL60

TRACK_TIME 1167737286
TRACK A20110117576126 F 300000 952260 120 30 999 NONE NONE 310
	FP_ROUTE KC..KCL60

TRACK_TIME 1167737286
TRACK A20110117576127 F 420100 875560 120 30 999 NONE NONE 360
	FP_ROUTE KC..KA320

TRACK_TIME 1167737286
TRACK A20110117576139 F 302260 863600 120 30 999 NONE NONE 300
	FP_ROUTE KC..KB733

TRACK_TIME 1167737286
TRACK A20110117576141 F 420000 875100 120 30 999 NONE NONE 370
	FP_ROUTE KC..KB733

TRACK_TIME 1167737286
TRACK A20110117576144 F 351200 805700 120 30 999 NONE NONE 290
	FP_ROUTE KC..KB733

TRACK_TIME 1167737286
TRACK A20110117576145 F 293900 951800 120 30 999 NONE NONE 270
	FP_ROUTE KC..KB738

TRACK_TIME 1167737286
TRACK A20110117576149 F 300160 664360 120 30 999 NONE NONE 390
	FP_ROUTE KC..KB738

TRACK_TIME 1167737286
TRACK A20110117576150 F 302800 871200 120 30 999 NONE NONE 340
	FP_ROUTE KC..KE145

TRACK_TIME 1167737286
TRACK A20110117576155 F 395400 750460 120 30 999 NONE NONE 230
	FP_ROUTE KC..KA321

TRACK_TIME 1167737286
TRACK A20110117576158 F 360460 1151300 120 30 999 NONE NONE 380
	FP_ROUTE KC..KMD83

TRACK_TIME 1167737286
TRACK A20110117576159 F 374000 1221000 120 30 999 NONE NONE 380
	FP_ROUTE KG..KC550

TRACK_TIME 1167737286
TRACK A20110117576160 F 445260 931500 120 30 999 NONE NONE 370
	FP_ROUTE KC..KCRJ9

TRACK_TIME 1167737286
TRACK A20110117576164 F 351060 805800 120 30 999 NONE NONE 310
	FP_ROUTE KC..KCRJ9

TRACK_TIME 1167737286
TRACK A20110117576170 F 553300 1320400 120 30 999 NONE NONE 250
	FP_ROUTE KC..KMD83

TRACK_TIME 1167737286
TRACK A20110117576181 F 404000 741060 120 30 999 NONE NONE 230
	FP_ROUTE KC..KA319

TRACK_TIME 1167737286
TRACK A20110117576183 F 372100 1215500 120 30 999 NONE NONE 260
	FP_ROUTE KC..KB752

TRACK_TIME 1167737286
TRACK A20110117576187 F 453460 1223600 120 30 999 NONE NONE 400
	FP_ROUTE KC..KA320

TRACK_TIME 1167737286
TRACK A20110117576190 F 334200 1014960 120 30 999 NONE NONE 260
	FP_ROUTE KC..KE170

TRACK_TIME 1167737286
TRACK A20110117576191 F 335500 1183160 120 30 999 NONE NONE 270
	FP_ROUTE KC..KB739

TRACK_TIME 1167737286
TRACK A20110117576203 F 391060 764200 120 30 999 NONE NONE 350
	FP_ROUTE KC..KCRJ2

TRACK_TIME 1167737286
TRACK A20110117576205 F 350000 1063900 120 30 999 NONE NONE 300
	FP_ROUTE KT..KE120

TRACK_TIME 1167737286
TRACK A20110117576206 F 394900 1044000 120 30 999 NONE NONE 311
	FP_ROUTE KC..KA320

TRACK_TIME 1167737286
TRACK A20110117576208 F 403900 734500 120 30 999 NONE NONE 370
	FP_ROUTE KC..KB737

TRACK_TIME 1167737286
TRACK A20110117576209 F 260460 801300 120 30 999 NONE NONE 370
	FP_ROUTE KC..KCRJ2

TRACK_TIME 1167737286
TRACK A20110117576211 F 351660 973600 120 30 999 NONE NONE 330
	FP_ROUTE KG..KC750

TRACK_TIME 1167737286
TRACK A20110117576213 F 350160 1063300 120 30 999 NONE NONE 240
	FP_ROUTE KC..KCL60

TRACK_TIME 1167737286
TRACK A20110117576215 F 325200 965200 120 30 999 NONE NONE 191
	FP_ROUTE KG..KCL60

TRACK_TIME 1167737286
TRACK A20110117576219 F 422100 705860 120 30 999 NONE NONE 390
	FP_ROUTE KC..KB738

TRACK_TIME 1167737286
TRACK A20110117576223 F 260460 801300 120 30 999 NONE NONE 360
	FP_ROUTE KC..KB752

TRACK_TIME 1167737286
TRACK A20110117576226 F 420160 875700 120 30 999 NONE NONE 380
	FP_ROUTE KC..KB738

TRACK_TIME 1167737286
TRACK A20110117576229 F 401300 763700 120 30 999 NONE NONE 290
	FP_ROUTE KC..KB738

TRACK_TIME 1167737286
TRACK A20110117576236 F 385260 772560 120 30 999 NONE NONE 280
	FP_ROUTE KC..KB752

TRACK_TIME 1167737286
TRACK A20110117576240 F 325200 800100 120 30 999 NONE NONE 260
	FP_ROUTE KC..KE145

TRACK_TIME 1167737286
TRACK A20110117576242 F 380460 843700 120 30 999 NONE NONE 260
	FP_ROUTE KC..KB737

TRACK_TIME 1167737286
TRACK A20110117576243 F 421300 831960 120 30 999 NONE NONE 280
	FP_ROUTE KC..KB737

TRACK_TIME 1167737286
TRACK A20110117576244 F 333900 842860 120 30 999 NONE NONE 230
	FP_ROUTE KC..KA319

TRACK_TIME 1167737286
TRACK A20110117576246 F 421360 832100 120 30 999 NONE NONE 280
	FP_ROUTE KC..KB733

TRACK_TIME 1167737286
TRACK A20110117576253 F 445400 931500 120 30 999 NONE NONE 360
	FP_ROUTE KT..KE145

TRACK_TIME 1167737286
TRACK A20110117576255 F 391800 944360 120 30 999 NONE NONE 370
	FP_ROUTE KG..KFA50

TRACK_TIME 1167737286
TRACK A20110117576258 F 380100 843760 120 30 999 NONE NONE 250
	FP_ROUTE KC..KCRJ2

TRACK_TIME 1167737286
TRACK A20110117576262 F 420000 875700 120 30 999 NONE NONE 310
	FP_ROUTE KC..KCRJ2

TRACK_TIME 1167737286
TRACK A20110117576266 F 404060 740900 120 30 999 NONE NONE 390
	FP_ROUTE KC..KB738

TRACK_TIME 1167737286
TRACK A20110117576267 F 422100 705800 120 30 999 NONE NONE 230
	FP_ROUTE KC..KB752

TRACK_TIME 1167737286
TRACK A20110117576278 F 335560 1182260 120 30 999 NONE NONE 380
	FP_ROUTE KT..KCRJ9

TRACK_TIME 1167737286
TRACK A20110117576279 F 420000 875260 120 30 999 NONE NONE 240
	FP_ROUTE KC..KA320

TRACK_TIME 1167737286
TRACK A20110117576282 F 400000 825100 120 30 999 NONE NONE 390
	FP_ROUTE KC..KA319

TRACK_TIME 1167737286
TRACK A20110117576285 F 360600 1151000 120 30 999 NONE NONE 310
	FP_ROUTE KC..KA319

TRACK_TIME 1167737286
TRACK A20110117576288 F 422100 710100 120 30 999 NONE NONE 370
	FP_ROUTE KC..KB738

TRACK_TIME 1167737286
TRACK A20110117576293 F 420000 875700 120 30 999 NONE NONE 380
	FP_ROUTE KC..KCRJ2

TRACK_TIME 1167737286
TRACK A20110117576294 F 420000 875700 120 30 999 NONE NONE 370
	FP_ROUTE KC..KE135

TRACK_TIME 1167737286
TRACK A20110117576307 F 360460 1151000 120 30 999 NONE NONE 400
	FP_ROUTE KC..KE145

TRACK_TIME 1167737286
TRACK A20110117576308 F 380460 844000 120 30 999 NONE NONE 240
	FP_ROUTE KC..KE145

TRACK_TIME 1167737286
TRACK A20110117576311 F 341200 1182260 120 30 999 NONE NONE 200
	FP_ROUTE KC..KE190

TRACK_TIME 1167737286
TRACK A20110117576312 F 372100 1215500 120 30 999 NONE NONE 380
	FP_ROUTE KC..KCRJ2

TRACK_TIME 1167737286
TRACK A20110117576316 F 393900 1065400 120 30 999 NONE NONE 400
	FP_ROUTE KC..KB752

TRACK_TIME 1167737286
TRACK A20110117576318 F 361200 955400 120 30 999 NONE NONE 410
	FP_ROUTE KC..KE145

TRACK_TIME 1167737286
TRACK A20110117576321 F 264060 800760 120 30 999 NONE NONE 380
	FP_ROUTE KC..KA319

TRACK_TIME 1167737286
TRACK A20110117576323 F 373600 1221800 120 30 999 NONE NONE 360
	FP_ROUTE KG..KBE20

TRACK_TIME 1167737286
TRACK A20110117576324 F 404500 1120000 120 30 999 NONE NONE 310
	FP_ROUTE KG..KBE20

TRACK_TIME 1167737286
TRACK A20110117576332 F 473760 1173100 120 30 999 NONE NONE 360
	FP_ROUTE KC..KB752

TRACK_TIME 1167737286
TRACK A20110117576339 F 395100 1044500 120 30 999 NONE NONE 380
	FP_ROUTE KC..KCRJ2

TRACK_TIME 1167737286
TRACK A20110117576340 F 404500 1115800 120 30 999 NONE NONE 400
	FP_ROUTE KC..KB763

TRACK_TIME 1167737286
TRACK A20110117576345 F 360700 864060 120 30 999 NONE NONE 250
	FP_ROUTE KC..KE170

TRACK_TIME 1167737286
TRACK A20110117576351 F 404800 1115800 120 30 999 NONE NONE 370
	FP_ROUTE KC..KCRJ2

TRACK_TIME 1167737286
TRACK A20110117576354 F 385500 772560 120 30 999 NONE NONE 280
	FP_ROUTE KC..KB737

TRACK_TIME 1167737286
TRACK A20110117576360 F 472860 1112200 120 30 999 NONE NONE 250
	FP_ROUTE KC..KCRJ9

TRACK_TIME 1167737286
TRACK A20110117576363 F 333900 842260 120 30 999 NONE NONE 210
	FP_ROUTE KT..KBE20

TRACK_TIME 1167737286
TRACK A20110117576366 F 182800 670900 120 30 999 NONE NONE 350
	FP_ROUTE KC..KMD82

TRACK_TIME 1167737286
TRACK A20110117576368 F 372200 795500 120 30 999 NONE NONE 200
	FP_ROUTE KC..KMD82

TRACK_TIME 1167737286
TRACK A20110117576370 F 275700 823300 120 30 999 NONE NONE 380
	FP_ROUTE KC..KMD82

TRACK_TIME 1167737286
TRACK A20110117576371 F 332560 1115860 120 30 999 NONE NONE 360
	FP_ROUTE KC..KMD82

TRACK_TIME 1167737286
TRACK A20110117576377 F 384900 770160 120 30 999 NONE NONE 390
	FP_ROUTE KT..KCRJ2

TRACK_TIME 1167737286
TRACK A20110117576381 F 472700 1221900 120 30 999 NONE NONE 240
	FP_ROUTE KG..KLJ45

TRACK_TIME 1167737286
TRACK A20110117576384 F 335700 1182260 120 30 999 NONE NONE 250
	FP_ROUTE KC..KMD83

TRACK_TIME 1167737286
TRACK A20110117576389 F 354960 784960 120 30 999 NONE NONE 220
	FP_ROUTE KC..KE135

TRACK_TIME 1167737286
TRACK A20110117576398 F 433400 964500 120 30 999 NONE NONE 360
	FP_ROUTE KC..KB737

TRACK_TIME 1167737286
TRACK A20110117576401 F 402700 885560 120 30 999 NONE NONE 280
	FP_ROUTE KC..KE145

TRACK_TIME 1167737286
TRACK A20110117576403 F 373700 1222100 120 30 999 NONE NONE 360
	FP_ROUTE KC..KB737

TRACK_TIME 1167737286
TRACK A20110117576407 F 381200 854360 120 30 999 NONE NONE 250
	FP_ROUTE KC..KE145

TRACK_TIME 1167737286
TRACK A20110117576410 F 333760 842860 120 30 999 NONE NONE 350
	FP_ROUTE KG..KBE20

TRACK_TIME 1167737286
TRACK A20110117576418 F 333900 842800 120 30 999 NONE NONE 270
	FP_ROUTE KC..KB734

TRACK_TIME 1167737286
TRACK A20110117576426 F 415860 875260 120 30 999 NONE NONE 360
	FP_ROUTE KC..KB734

TRACK_TIME 1167737286
TRACK A20110117576427 F 395200 751660 120 30 999 NONE NONE 309
	FP_ROUTE KC..KCRJ2

TRACK_TIME 1167737286
TRACK A20110117576429 F 335560 1182260 120 30 999 NONE NONE 360
	FP_ROUTE KC..KA320

TRACK_TIME 1167737286
TRACK A20110117576431 F 351200 805800 120 30 999 NONE NONE 290
	FP_ROUTE KC..KB737

TRACK_TIME 1167737286
TRACK A20110117576432 F 360900 955260 120 30 999 NONE NONE 230
	FP_ROUTE KC..KB738

TRACK_TIME 1167737286
TRACK A20110117576434 F 260400 801300 120 30 999 NONE NONE 370
	FP_ROUTE KC..KB737

TRACK_TIME 1167737286
TRACK A20110117576440 F 400000 825560 120 30 999 NONE NONE 280
	FP_ROUTE KC..KE190

TRACK_TIME 1167737286
TRACK A20110117576441 F 360600 863760 120 30 999 NONE NONE 380
	FP_ROUTE KC..KA319

TRACK_TIME 1167737286
TRACK A20110117576448 F 254800 802100 120 30 999 NONE NONE 410
	FP_ROUTE KG..KC560

TRACK_TIME 1167737286
TRACK A20110117576450 F 432860 835800 120 30 999 NONE NONE 310
	FP_ROUTE KC..KB737

TRACK_TIME 1167737286
TRACK A20110117576451 F 403900 741060 120 30 999 NONE NONE 370
	FP_ROUTE KC..KB737

TRACK_TIME 1167737286
TRACK A20110117576453 F 381200 854360 120 30 999 NONE NONE 220
	FP_ROUTE KC..KB737

TRACK_TIME 1167737286
TRACK A20110117576457 F 425700 1061800 120 30 999 NONE NONE 270
	FP_ROUTE KC..KE145

TRACK_TIME 1167737286
TRACK A20110117576461 F 300600 973900 120 30 999 NONE NONE 220
	FP_ROUTE KC..KE145

TRACK_TIME 1167737286
TRACK A20110117576462 F 361000 1150700 120 30 999 NONE NONE 270
	FP_ROUTE KT..KCRJ2

TRACK_TIME 1167737286
TRACK A20110117576464 F 301200 974000 120 30 999 NONE NONE 390
	FP_ROUTE KT..KCRJ2

TRACK_TIME 1167737286
TRACK A20110117576465 F 424660 843900 120 30 999 NONE NONE 250
	FP_ROUTE KC..KCRJ2

TRACK_TIME 1167737286
TRACK A20110117576472 F 473000 1112100 120 30 999 NONE NONE 300
	FP_ROUTE KC..KB738

TRACK_TIME 1167737286
TRACK A20110117576476 F 395260 1043460 120 30 999 NONE NONE 360
	FP_ROUTE KC..KCRJ2

TRACK_TIME 1167737286
TRACK A20110117576484 F 434000 702700 120 30 999 NONE NONE 250
	FP_ROUTE KC..KA321

TRACK_TIME 1167737286
TRACK A20110117576487 F 325200 970100 120 30 999 NONE NONE 380
	FP_ROUTE KC..KB752

TRACK_TIME 1167737286
TRACK A20110117576492 F 333700 843100 120 30 999 NONE NONE 340
	FP_ROUTE KC..KB752

TRACK_TIME 1167737286
TRACK A20110117576495 F 395260 1043460 120 30 999 NONE NONE 380
	FP_ROUTE KC..KB752

TRACK_TIME 1167737286
TRACK A20110117576496 F 360460 1150900 120 30 999 NONE NONE 280
	FP_ROUTE KC..KA319

TRACK_TIME 1167737286
TRACK A20110117576513 F 360900 955260 120 30 999 NONE NONE 270
	FP_ROUTE KC..KB752

TRACK_TIME 1167737286
TRACK A20110117576519 F 303000 814000 120 30 999 NONE NONE 360
	FP_ROUTE KT..KDH8D

TRACK_TIME 1167737286
TRACK A20110117576524 F 394900 1043900 120 30 999 NONE NONE 380
	FP_ROUTE KC..KB737

TRACK_TIME 1167737286
TRACK A20110117576530 F 414800 874660 120 30 999 NONE NONE 390
	FP_ROUTE KT..KE145

TRACK_TIME 1167737286
TRACK A20110117576531 F 300000 901800 120 30 999 NONE NONE 350
	FP_ROUTE KC..KB737

TRACK_TIME 1167737286
TRACK A20110117576551 F 425800 875400 120 30 999 NONE NONE 230
	FP_ROUTE KC..KB737

TRACK_TIME 1167737286
TRACK A20110117576556 F 300000 952400 120 30 999 NONE NONE 190
	FP_ROUTE KC..KB733

TRACK_TIME 1167737286
TRACK A20110117576563 F 410000 981900 120 30 999 NONE NONE 330
	FP_ROUTE KT..KDH8D

TRACK_TIME 1167737286
TRACK A20110117576564 F 321800 862200 120 30 999 NONE NONE 180
	FP_ROUTE KT..KDH8D

TRACK_TIME 1167737286
TRACK A20110117576571 F 341200 1181360 120 30 999 NONE NONE 330
	FP_ROUTE KC..KA320

TRACK_TIME 1167737286
TRACK A20110117576585 F 415560 875500 120 30 999 NONE NONE 210
	FP_ROUTE KC..KB752

TRACK_TIME 1167737286
TRACK A20110117576587 F 394960 1044060 120 30 999 NONE NONE 390
	FP_ROUTE KG..KF900

TRACK_TIME 1167737286
TRACK A20110117576588 F 404900 1120000 120 30 999 NONE NONE 340
	FP_ROUTE KC..KE190

TRACK_TIME 1167737286
TRACK A20110117576603 F 260460 801300 120 30 999 NONE NONE 380
	FP_ROUTE KC..KE170

TRACK_TIME 1167737286
TRACK A20110117576612 F 425860 875260 120 30 999 NONE NONE 400
	FP_ROUTE KC..KB738

TRACK_TIME 1167737286
TRACK A20110117576615 F 253900 802500 120 30 999 NONE NONE 430
	FP_ROUTE KG..KD328

TRACK_TIME 1167737286
TRACK A20110117576616 F 430900 773900 120 30 999 NONE NONE 290
	FP_ROUTE KG..KD328

TRACK_TIME 1167737286
TRACK A20110117576621 F 410300 851900 120 30 999 NONE NONE 290
	FP_ROUTE KC..KB712

TRACK_TIME 1167737286
TRACK A20110117576642 F 333900 842200 120 30 999 NONE NONE 370
	FP_ROUTE KC..KB712

TRACK_TIME 1167737286
TRACK A20110117576646 F 282400 811800 120 30 999 NONE NONE 400
	FP_ROUTE KT..KCRJ9

TRACK_TIME 1167737286
TRACK A20110117576648 F 333900 842100 120 30 999 NONE NONE 330
	FP_ROUTE KC..KB737

TRACK_TIME 1167737286
TRACK A20110117576649 F 392800 1194600 120 30 999 NONE NONE 340
	FP_ROUTE KC..KE145

TRACK_TIME 1167737286
TRACK A20110117576650 F 333760 843000 120 30 999 NONE NONE 330
	FP_ROUTE KC..KB752

TRACK_TIME 1167737286
TRACK A20110117576653 F 333900 1175200 120 30 999 NONE NONE 410
	FP_ROUTE KC..KA319

TRACK_TIME 1167737286
TRACK A20110117576654 F 340300 1174360 120 30 999 NONE NONE 310
	FP_ROUTE KC..KA319

TRACK_TIME 1167737286
TRACK A20110117576656 F 325500 970160 120 30 999 NONE NONE 220
	FP_ROUTE KC..KB752

TRACK_TIME 1167737286
TRACK A20110117576658 F 282860 811660 120 30 999 NONE NONE 400
	FP_ROUTE KG..KC560

TRACK_TIME 1167737286
TRACK A20110117576659 F 393760 1065560 120 30 999 NONE NONE 400
	FP_ROUTE KC..KB712

TRACK_TIME 1167737286
TRACK A20110117576661 F 620000 1503600 120 30 999 NONE NONE 350
	FP_ROUTE KC..KB737

TRACK_TIME 1167737286
TRACK A20110117576662 F 384900 770160 120 30 999 NONE NONE 350
	FP_ROUTE KG..KFA50

TRACK_TIME 1167737286
TRACK A20110117576664 F 335700 1182700 120 30 999 NONE NONE 320
	FP_ROUTE KT..KCRJ2

TRACK_TIME 1167737286
TRACK A20110117576669 F 341200 1181600 120 30 999 NONE NONE 330
	FP_ROUTE KT..KDH8D

TRACK_TIME 1167737286
TRACK A20110117576670 F 403900 741200 120 30 999 NONE NONE 350
	FP_ROUTE KT..KE120

TRACK_TIME 1167737286
TRACK A20110117576671 F 453400 1223400 120 30 999 NONE NONE 400
	FP_ROUTE KC..KE145

TRACK_TIME 1167737286
TRACK A20110117576673 F 373600 1222100 120 30 999 NONE NONE 340
	FP_ROUTE KC..KE170

TRACK_TIME 1167737286
TRACK A20110117576679 F 335400 1163460 120 30 999 NONE NONE 280
	FP_ROUTE KC..KE170

TRACK_TIME 1167737286
TRACK A20110117576681 F 324360 1171000 120 30 999 NONE NONE 370
	FP_ROUTE KG..KFA50

TRACK_TIME 1167737286
TRACK A20110117576682 F 392800 1194600 120 30 999 NONE NONE 250
	FP_ROUTE KT..KCRJ9

TRACK_TIME 1167737286
TRACK A20110117576685 F 282860 811660 120 30 999 NONE NONE 280
	FP_ROUTE KC..KE145

TRACK_TIME 1167737286
TRACK A20110117576687 F 304000 881500 120 30 999 NONE NONE 280
	FP_ROUTE KC..KB744

TRACK_TIME 1167737286
TRACK A20110117576693 F 453400 1223400 120 30 999 NONE NONE 360
	FP_ROUTE KT..KCRJ2

TRACK_TIME 1167737286
TRACK A20110117576694 F 332560 1115800 120 30 999 NONE NONE 290
	FP_ROUTE KC..KB737

TRACK_TIME 1167737286
TRACK A20110117576696 F 393000 944200 120 30 999 NONE NONE 330
	FP_ROUTE KC..KB737

TRACK_TIME 1167737286
TRACK A20110117576701 F 394600 861500 120 30 999 NONE NONE 350
	FP_ROUTE KC..KB737

TRACK_TIME 1167737286
TRACK A20110117576714 F 372800 771960 120 30 999 NONE NONE 290
	FP_ROUTE KC..KB735

TRACK_TIME 1167737286
TRACK A20110117576720 F 410160 734060 120 30 999 NONE NONE 230
	FP_ROUTE KG..KC560

TRACK_TIME 1167737286
TRACK A20110117576721 F 425860 875260 120 30 999 NONE NONE 300
	FP_ROUTE KG..KC550

TRACK_TIME 1167737286
TRACK A20110117576723 F 421200 832200 120 30 999 NONE NONE 350
	FP_ROUTE KT..KDH8D

TRACK_TIME 1167737286
TRACK A20110117576724 F 335700 1182700 120 30 999 NONE NONE 400
	FP_ROUTE KC..KB737

TRACK_TIME 1167737286
TRACK A20110117576729 F 354900 840900 120 30 999 NONE NONE 330
	FP_ROUTE KC..KA321

TRACK_TIME 1167737286
TRACK A20110117576740 F 300000 952260 120 30 999 NONE NONE 190
	FP_ROUTE KT..KCRJ9

TRACK_TIME 1167737286
TRACK A20110117576742 F 413400 934060 120 30 999 NONE NONE 270
	FP_ROUTE KC..KE145

TRACK_TIME 1167737286
TRACK A20110117576743 F 425700 875400 120 30 999 NONE NONE 250
	FP_ROUTE KT..KCRJ9

TRACK_TIME 1167737286
TRACK A20110117576744 F 422200 710100 120 30 999 NONE NONE 330
	FP_ROUTE KC..KA320

TRACK_TIME 1167737286
TRACK A20110117576746 F 350000 895860 120 30 999 NONE NONE 350
	FP_ROUTE KC..KB733

TRACK_TIME 1167737286
TRACK A20110117576748 F 345860 895800 120 30 999 NONE NONE 400
	FP_ROUTE KC..KB733

TRACK_TIME 1167737286
TRACK A20110117576749 F 395260 750700 120 30 999 NONE NONE 410
	FP_ROUTE KC..KB733

TRACK_TIME 1167737286
TRACK A20110117576750 F 414200 712700 120 30 999 NONE NONE 230
	FP_ROUTE KC..KCL60

TRACK_TIME 1167737286
TRACK A20110117576752 F 404060 734360 120 30 999 NONE NONE 280
	FP_ROUTE KC..KB733

TRACK_TIME 1167737286
TRACK A20110117576754 F 395700 1044060 120 30 999 NONE NONE 370
	FP_ROUTE KC..KB737

TRACK_TIME 1167737286
TRACK A20110117576755 F 421800 710160 120 30 999 NONE NONE 350
	FP_ROUTE KT..KE145

TRACK_TIME 1167737286
TRACK A20110117576756 F 413460 934200 120 30 999 NONE NONE 340
	FP_ROUTE KG..KF900

TRACK_TIME 1167737286
TRACK A20110117576757 F 373460 1221660 120 30 999 NONE NONE 380
	FP_ROUTE KC..KB733

TRACK_TIME 1167737286
TRACK A20110117576759 F 404960 1120000 120 30 999 NONE NONE 310
	FP_ROUTE KC..KB733

TRACK_TIME 1167737286
TRACK A20110117576769 F 325560 970100 120 30 999 NONE NONE 360
	FP_ROUTE KC..KB733

TRACK_TIME 1167737286
TRACK A20110117576774 F 300000 951900 120 30 999 NONE NONE 190
	FP_ROUTE KT..KCRJ2

TRACK_TIME 1167737286
TRACK A20110117576776 F 360760 795260 120 30 999 NONE NONE 310
	FP_ROUTE KC..KB753

TRACK_TIME 1167737286
TRACK A20110117576777 F 414200 712700 120 30 999 NONE NONE 330
	FP_ROUTE KC..KCRJ2

TRACK_TIME 1167737286
TRACK A20110117576778 F 293900 951800 120 30 999 NONE NONE 360
	FP_ROUTE KC..KA320

TRACK_TIME 1167737286
TRACK A20110117576780 F 453400 1223160 120 30 999 NONE NONE 360
	FP_ROUTE KG..KB737

TRACK_TIME 1167737286
TRACK A20110117576781 F 421360 831960 120 30 999 NONE NONE 360
	FP_ROUTE KC..KB737

TRACK_TIME 1167737286
TRACK A20110117576782 F 430700 760460 120 30 999 NONE NONE 350
	FP_ROUTE KC..KB737

TRACK_TIME 1167737286
TRACK A20110117576783 F 254800 801900 120 30 999 NONE NONE 380
	FP_ROUTE KC..KCRJ2

TRACK_TIME 1167737286
TRACK A20110117576784 F 454800 1083000 120 30 999 NONE NONE 260
	FP_ROUTE KC..KB752

TRACK_TIME 1167737286
TRACK A20110117576787 F 335560 810300 120 30 999 NONE NONE 210
	FP_ROUTE KC..KCRJ2

TRACK_TIME 1167737286
TRACK A20110117576806 F 445700 910700 120 30 999 NONE NONE 250
	FP_ROUTE KG..KC560

TRACK_TIME 1167737286
TRACK A20110117576807 F 304300 881600 120 30 999 NONE NONE 320
	FP_ROUTE KC..KE145

TRACK_TIME 1167737286
TRACK A20110117576808 F 465860 965200 120 30 999 NONE NONE 260
	FP_ROUTE KC..KB752

TRACK_TIME 1167737286
TRACK A20110117576817 F 370700 763100 120 30 999 NONE NONE 330
	FP_ROUTE KG..KC560

TRACK_TIME 1167737286
TRACK A20110117576822 F 333760 842800 120 30 999 NONE NONE 340
	FP_ROUTE KC..KDH8A

TRACK_TIME 1167737286
TRACK A20110117576830 F 421960 705800 120 30 999 NONE NONE 370
	FP_ROUTE KT..KDH8D

TRACK_TIME 1167737286
TRACK A20110117576832 F 334060 1014960 120 30 999 NONE NONE 280
	FP_ROUTE KT..KE145

TRACK_TIME 1167737286
TRACK A20110117576835 F 430000 784900 120 30 999 NONE NONE 370
	FP_ROUTE KC..KB752

TRACK_TIME 1167737286
TRACK A20110117576836 F 421900 764060 120 30 999 NONE NONE 350
	FP_ROUTE KC..KMD83

TRACK_TIME 1167737286
TRACK A20110117576838 F 385260 772560 120 30 999 NONE NONE 290
	FP_ROUTE KG..KF900

TRACK_TIME 1167737286
TRACK A20110117576843 F 410100 851360 120 30 999 NONE NONE 300
	FP_ROUTE KC..KA319

TRACK_TIME 1167737286
TRACK A20110117576845 F 293300 983000 120 30 999 NONE NONE 350
	FP_ROUTE KT..KDH8D

TRACK_TIME 1167737286
TRACK A20110117576849 F 341360 775560 120 30 999 NONE NONE 270
	FP_ROUTE KC..KB763

TRACK_TIME 1167737286
TRACK A20110117576856 F 333900 842400 120 30 999 NONE NONE 360
	FP_ROUTE KC..KB737

TRACK_TIME 1167737286
TRACK A20110117576859 F 413100 740160 120 30 999 NONE NONE 370
	FP_ROUTE KC..KB737

TRACK_TIME 1167737286
TRACK A20110117576866 F 394200 861960 120 30 999 NONE NONE 210
	FP_ROUTE KC..KB733

TRACK_TIME 1167737286
TRACK A20110117576867 F 335500 1183100 120 30 999 NONE NONE 370
	FP_ROUTE KG..KC550

TRACK_TIME 1167737286
TRACK A20110117576869 F 421960 705800 120 30 999 NONE NONE 330
	FP_ROUTE KC..KB733

TRACK_TIME 1167737286
TRACK A20110117576870 F 390760 763900 120 30 999 NONE NONE 390
	FP_ROUTE KC..KB737

TRACK_TIME 1167737286
TRACK A20110117576876 F 395200 751300 120 30 999 NONE NONE 230
	FP_ROUTE KC..KB734

TRACK_TIME 1167737286
TRACK A20110117576878 F 325560 970160 120 30 999 NONE NONE 300
	FP_ROUTE KT..KDH8D

TRACK_TIME 1167737286
TRACK A20110117576881 F 332560 1115800 120 30 999 NONE NONE 330
	FP_ROUTE KC..KE170

TRACK_TIME 1167737286
TRACK A20110117576882 F 321200 1110000 120 30 999 NONE NONE 340
	FP_ROUTE KC..KB737

TRACK_TIME 1167737286
TRACK A20110117576883 F 395200 751660 120 30 999 NONE NONE 350
	FP_ROUTE KC..KA319

TRACK_TIME 1167737286
TRACK A20110117576884 F 302500 912100 120 30 999 NONE NONE 220
	FP_ROUTE KC..KE170

TRACK_TIME 1167737286
TRACK A20110117576887 F 302500 890460 120 30 999 NONE NONE 370
	FP_ROUTE KC..KE170

TRACK_TIME 1167737286
TRACK A20110117576888 F 393160 842200 120 30 999 NONE NONE 300
	FP_ROUTE KT..KDH8D

TRACK_TIME 1167737286
TRACK A20110117576893 F 264060 801000 120 30 999 NONE NONE 390
	FP_ROUTE KC..KCRJ2

TRACK_TIME 1167737286
TRACK A20110117576895 F 384900 770160 120 30 999 NONE NONE 350
	FP_ROUTE KC..KB739

TRACK_TIME 1167737286
TRACK A20110117576896 F 380900 854300 120 30 999 NONE NONE 280
	FP_ROUTE KG..KC550

TRACK_TIME 1167737286
TRACK A20110117576898 F 333900 842860 120 30 999 NONE NONE 210
	FP_ROUTE KC..KB737

TRACK_TIME 1167737286
TRACK A20110117576903 F 385400 772560 120 30 999 NONE NONE 200
	FP_ROUTE KG..KC550

TRACK_TIME 1167737286
TRACK A20110117576909 F 460760 1181360 120 30 999 NONE NONE 190
	FP_ROUTE KC..KA320

TRACK_TIME 1167737286
TRACK A20110117576911 F 425500 712500 120 30 999 NONE NONE 310
	FP_ROUTE KC..KB737

TRACK_TIME 1167737286
TRACK A20110117576915 F 325500 970460 120 30 999 NONE NONE 360
	FP_ROUTE KC..KB737

TRACK_TIME 1167737286
TRACK A20110117576917 F 421600 705200 120 30 999 NONE NONE 410
	FP_ROUTE KC..KB737

TRACK_TIME 1167737286
TRACK A20110117576922 F 372100 1215400 120 30 999 NONE NONE 310
	FP_ROUTE KC..KMD82

TRACK_TIME 1167737286
TRACK A20110117576923 F 392560 1194600 120 30 999 NONE NONE 230
	FP_ROUTE KC..KB737

TRACK_TIME 1167737286
TRACK A20110117576935 F 400000 825100 120 30 999 NONE NONE 270
	FP_ROUTE KC..KB738

TRACK_TIME 1167737286
TRACK A20110117576936 F 333300 864660 120 30 999 NONE NONE 380
	FP_ROUTE KT..KCRJ2

TRACK_TIME 1167737286
TRACK A20110117576937 F 472800 1221900 120 30 999 NONE NONE 240
	FP_ROUTE KC..KMD83

TRACK_TIME 1167737286
TRACK A20110117576940 F 395260 751300 120 30 999 NONE NONE 290
	FP_ROUTE KC..KCRJ2

TRACK_TIME 1167737286
TRACK A20110117576942 F 325500 970160 120 30 999 NONE NONE 340
	FP_ROUTE KC..KB738

TRACK_TIME 1167737286
TRACK A20110117576953 F 325500 970160 120 30 999 NONE NONE 340
	FP_ROUTE KC..KA319

TRACK_TIME 1167737286
TRACK A20110117576956 F 381060 854360 120 30 999 NONE NONE 390
	FP_ROUTE KC..KCRJ2

TRACK_TIME 1167737286
TRACK A20110117576959 F 422100 705860 120 30 999 NONE NONE 290
	FP_ROUTE KC..KCRJ2

TRACK_TIME 1167737286
TRACK A20110117576965 F 282260 811800 120 30 999 NONE NONE 370
	FP_ROUTE KC..KCRJ2

TRACK_TIME 1167737286
TRACK A20110117576968 F 335500 810100 120 30 999 NONE NONE 300
	FP_ROUTE KC..KE120

TRACK_TIME 1167737286
TRACK A20110117576972 F 414900 874660 120 30 999 NONE NONE 280
	FP_ROUTE KC..KB738

TRACK_TIME 1167737286
TRACK A20110117576973 F 392700 1194600 120 30 999 NONE NONE 380
	FP_ROUTE KC..KA319

TRACK_TIME 1167737286
TRACK A20110117576975 F 371960 1215400 120 30 999 NONE NONE 200
	FP_ROUTE KC..KA320

TRACK_TIME 1167737286
TRACK A20110117576984 F 393100 841900 120 30 999 NONE NONE 340
	FP_ROUTE KC..KA319

TRACK_TIME 1167737286
TRACK A20110117576985 F 473760 1173100 120 30 999 NONE NONE 230
	FP_ROUTE KC..KB737

TRACK_TIME 1167737286
TRACK A20110117576989 F 325200 970100 120 30 999 NONE NONE 180
	FP_ROUTE KC..KB737

TRACK_TIME 1167737286
TRACK A20110117576995 F 260460 801300 120 30 999 NONE NONE 400
	FP_ROUTE KC..KA319

TRACK_TIME 1167737286
TRACK A20110117576996 F 424200 734800 120 30 999 NONE NONE 370
	FP_ROUTE KC..KMD83

TRACK_TIME 1167737286
TRACK A20110117577001 F 333600 864200 120 30 999 NONE NONE 360
	FP_ROUTE KG..KC560

TRACK_TIME 1167737286
TRACK A20110117577002 F 360460 1150900 120 30 999 NONE NONE 380
	FP_ROUTE KT..KE145

TRACK_TIME 1167737286
TRACK A20110117577004 F 332560 1115860 120 30 999 NONE NONE 360
	FP_ROUTE KT..KE145

TRACK_TIME 1167737286
TRACK A20110117577016 F 360400 1150900 120 30 999 NONE NONE 360
	FP_ROUTE KC..KB763

TRACK_TIME 1167737286
TRACK A20110117577024 F 254800 801360 120 30 999 NONE NONE 380
	FP_ROUTE KG..KC550

TRACK_TIME 1167737286
TRACK A20110117577047 F 324300 1170900 120 30 999 NONE NONE 390
	FP_ROUTE KT..KCRJ2

TRACK_TIME 1167737286
TRACK A20110117577048 F 395260 751300 120 30 999 NONE NONE 410
	FP_ROUTE KC..KB738

TRACK_TIME 1167737286
TRACK A20110117577050 F 335560 1182200 120 30 999 NONE NONE 360
	FP_ROUTE KC..KB738

TRACK_TIME 1167737286
TRACK A20110117577056 F 400000 825800 120 30 999 NONE NONE 390
	FP_ROUTE KC..KB752

TRACK_TIME 1167737286
TRACK A20110117577057 F 421360 832200 120 30 999 NONE NONE 330
	FP_ROUTE KC..KA320

TRACK_TIME 1167737286
TRACK A20110117577059 F 335500 1183300 120 30 999 NONE NONE 340
	FP_ROUTE KC..KE145

TRACK_TIME 1167737286
TRACK A20110117577062 F 355100 784900 120 30 999 NONE NONE 260
	FP_ROUTE KC..KSF34

TRACK_TIME 1167737286
TRACK A20110117577066 F 325500 970300 120 30 999 NONE NONE 360
	FP_ROUTE KC..KMD83

TRACK_TIME 1167737286
TRACK A20110117577069 F 303100 814360 120 30 999 NONE NONE 330
	FP_ROUTE KC..KB752

TRACK_TIME 1167737286
TRACK A20110117577075 F 371960 1215400 120 30 999 NONE NONE 360
	FP_ROUTE KT..KE145

TRACK_TIME 1167737286
TRACK A20110117577087 F 390900 763900 120 30 999 NONE NONE 370
	FP_ROUTE KC..KE170

TRACK_TIME 1167737286
TRACK A20110117577090 F 395560 1044060 120 30 999 NONE NONE 390
	FP_ROUTE KC..KB738

TRACK_TIME 1167737286
TRACK A20110117577092 F 424360 734900 120 30 999 NONE NONE 390
	FP_ROUTE KC..KB763

TRACK_TIME 1167737286
TRACK A20110117577103 F 421200 755560 120 30 999 NONE NONE 290
	FP_ROUTE KC..KA320

TRACK_TIME 1167737286
TRACK A20110117577104 F 421360 832100 120 30 999 NONE NONE 390
	FP_ROUTE KC..KCL60

TRACK_TIME 1167737286
TRACK A20110117577117 F 332560 1120300 120 30 999 NONE NONE 280
	FP_ROUTE KG..KBE20

TRACK_TIME 1167737286
TRACK A20110117577120 F 374060 1221060 120 30 999 NONE NONE 300
	FP_ROUTE KT..KC560

TRACK_TIME 1167737286
TRACK A20110117577129 F 275560 823300 120 30 999 NONE NONE 370
	FP_ROUTE KT..KC560

TRACK_TIME 1167737286
TRACK A20110117577136 F 393600 1045100 120 30 999 NONE NONE 370
	FP_ROUTE KC..KB737

TRACK_TIME 1167737286
TRACK A20110117577138 F 355100 784900 120 30 999 NONE NONE 410
	FP_ROUTE KC..KE135

TRACK_TIME 1167737286
TRACK A20110117577147 F 421360 832200 120 30 999 NONE NONE 230
	FP_ROUTE KC..KMD83

TRACK_TIME 1167737286
TRACK A20110117577148 F 395260 751300 120 30 999 NONE NONE 390
	FP_ROUTE KC..KMD82

TRACK_TIME 1167737286
TRACK A20110117577157 F 395260 1043460 120 30 999 NONE NONE 250
	FP_ROUTE KC..KB738

TRACK_TIME 1167737286
TRACK A20110117577158 F 300000 901900 120 30 999 NONE NONE 310
	FP_ROUTE KC..KMD83

TRACK_TIME 1167737286
TRACK A20110117577167 F 335560 1182200 120 30 999 NONE NONE 340
	FP_ROUTE KT..KCRJ1

TRACK_TIME 1167737286
TRACK A20110117577177 F 395500 1044200 120 30 999 NONE NONE 310
	FP_ROUTE KT..KCRJ2

TRACK_TIME 1167737286
TRACK A20110117577179 F 420000 875500 120 30 999 NONE NONE 340
	FP_ROUTE KT..KCRJ2

TRACK_TIME 1167737286
TRACK A20110117577184 F 350460 895800 120 30 999 NONE NONE 300
	FP_ROUTE KC..KE145

TRACK_TIME 1167737286
TRACK A20110117577185 F 394900 1044000 120 30 999 NONE NONE 360
	FP_ROUTE KT..KE145

TRACK_TIME 1167737286
TRACK A20110117577194 F 430760 774000 120 30 999 NONE NONE 200
	FP_ROUTE KG..KF2TH

TRACK_TIME 1167737286
TRACK A20110117577198 F 415800 875700 120 30 999 NONE NONE 400
	FP_ROUTE KT..KLJ45

TRACK_TIME 1167737286
TRACK A20110117577202 F 335560 810460 120 30 999 NONE NONE 300
	FP_ROUTE KT..KLJ45

TRACK_TIME 1167737286
TRACK A20110117577203 F 293900 951800 120 30 999 NONE NONE 310
	FP_ROUTE KC..KB737

TRACK_TIME 1167737286
TRACK A20110117577205 F 293160 982860 120 30 999 NONE NONE 330
	FP_ROUTE KT..KLJ45

TRACK_TIME 1167737286
TRACK A20110117577208 F 333900 1014960 120 30 999 NONE NONE 400
	FP_ROUTE KC..KB737

TRACK_TIME 1167737286
TRACK A20110117577228 F 425700 875100 120 30 999 NONE NONE 300
	FP_ROUTE KC..KA333

TRACK_TIME 1167737286
TRACK A20110117577229 F 411900 955500 120 30 999 NONE NONE 340
	FP_ROUTE KC..KB763

TRACK_TIME 1167737286
TRACK A20110117577230 F 362400 1150000 120 30 999 NONE NONE 210
	FP_ROUTE KC..KB737

TRACK_TIME 1167737286
TRACK A20110117577231 F 381200 854360 120 30 999 NONE NONE 240
	FP_ROUTE KC..KB737

TRACK_TIME 1167737286
TRACK A20110117577232 F 351000 805700 120 30 999 NONE NONE 310
	FP_ROUTE KC..KB737

TRACK_TIME 1167737286
TRACK A20110117577242 F 335560 1183300 120 30 999 NONE NONE 230
	FP_ROUTE KC..KA320

TRACK_TIME 1167737286
TRACK A20110117577251 F 395200 751360 120 30 999 NONE NONE 330
	FP_ROUTE KT..KCRJ2

TRACK_TIME 1167737286
TRACK A20110117577255 F 332560 1115700 120 30 999 NONE NONE 390
	FP_ROUTE KT..KE135

TRACK_TIME 1167737286
TRACK A20110117577256 F 472800 1221900 120 30 999 NONE NONE 340
	FP_ROUTE KC..KB712

TRACK_TIME 1167737286
TRACK A20110117577260 F 282800 811800 120 30 999 NONE NONE 380
	FP_ROUTE KC..KB737

TRACK_TIME 1167737286
TRACK A20110117577262 F 413100 934060 120 30 999 NONE NONE 320
	FP_ROUTE KC..KB752

TRACK_TIME 1167737286
TRACK A20110117577263 F 325500 970160 120 30 999 NONE NONE 360
	FP_ROUTE KT..KCRJ2

TRACK_TIME 1167737286
TRACK A20110117577267 F 370900 1074500 120 30 999 NONE NONE 310
	FP_ROUTE KC..KE145

TRACK_TIME 1167737286
TRACK A20110117577272 F 325500 970160 120 30 999 NONE NONE 340
	FP_ROUTE KC..KE145

TRACK_TIME 1167737286
TRACK A20110117577273 F 412400 815260 120 30 999 NONE NONE 390
	FP_ROUTE KC..KB712

TRACK_TIME 1167737286
TRACK A20110117577289 F 385860 772800 120 30 999 NONE NONE 390
	FP_ROUTE KC..KB752

TRACK_TIME 1167737286
TRACK A20110117577291 F 414600 874360 120 30 999 NONE NONE 300
	FP_ROUTE KT..KCRJ2

TRACK_TIME 1167737286
TRACK A20110117577292 F 381060 854360 120 30 999 NONE NONE 230
	FP_ROUTE KT..KCRJ2

TRACK_TIME 1167737286
TRACK A20110117577295 F 333460 864300 120 30 999 NONE NONE 350
	FP_ROUTE KC..KA319

TRACK_TIME 1167737286
TRACK A20110117577298 F 404000 741060 120 30 999 NONE NONE 370
	FP_ROUTE KC..KB738

TRACK_TIME 1167737286
TRACK A20110117577304 F 421300 831960 120 30 999 NONE NONE 380
	FP_ROUTE KC..KE145

TRACK_TIME 1167737286
TRACK A20110117577308 F 615700 1501500 120 30 999 NONE NONE 210
	FP_ROUTE KC..KB738

TRACK_TIME 1167737286
TRACK A20110117577314 F 422200 710100 120 30 999 NONE NONE 370
	FP_ROUTE KT..KF2TH

TRACK_TIME 1167737286
TRACK A20110117577315 F 423100 764600 120 30 999 NONE NONE 230
	FP_ROUTE KC..KDH8A

TRACK_TIME 1167737286
TRACK A20110117577317 F 254660 801960 120 30 999 NONE NONE 390
	FP_ROUTE KC..KB752

TRACK_TIME 1167737286
TRACK A20110117577322 F 640400 1482860 120 30 999 NONE NONE 200
	FP_ROUTE KC..KCRJ2

TRACK_TIME 1167737286
TRACK A20110117577327 F 400000 824960 120 30 999 NONE NONE 310
	FP_ROUTE KC..KA319

TRACK_TIME 1167737286
TRACK A20110117577329 F 472800 1221900 120 30 999 NONE NONE 240
	FP_ROUTE KC..KCRJ9

TRACK_TIME 1167737286
TRACK A20110117577338 F 354960 784960 120 30 999 NONE NONE 280
	FP_ROUTE KC..KB738

TRACK_TIME 1167737286
TRACK A20110117577355 F 404500 1115800 120 30 999 NONE NONE 350
	FP_ROUTE KC..KB737

TRACK_TIME 1167737286
TRACK A20110117577356 F 360460 1150760 120 30 999 NONE NONE 400
	FP_ROUTE KC..KB737

TRACK_TIME 1167737286
TRACK A20110117577357 F 254660 801960 120 30 999 NONE NONE 410
	FP_ROUTE KC..KB737

TRACK_TIME 1167737286
TRACK A20110117577359 F 350100 1063900 120 30 999 NONE NONE 330
	FP_ROUTE KC..KB737

TRACK_TIME 1167737286
TRACK A20110117577360 F 333760 1014960 120 30 999 NONE NONE 310
	FP_ROUTE KT..KF2TH

TRACK_TIME 1167737286
TRACK A20110117577363 F 335560 810600 120 30 999 NONE NONE 290
	FP_ROUTE KC..KC750

TRACK_TIME 1167737286
TRACK A20110117577366 F 335500 1183400 120 30 999 NONE NONE 340
	FP_ROUTE KC..KB737

TRACK_TIME 1167737286
TRACK A20110117577367 F 400000 825200 120 30 999 NONE NONE 270
	FP_ROUTE KC..KB737

TRACK_TIME 1167737286
TRACK A20110117577368 F 324360 1171000 120 30 999 NONE NONE 410
	FP_ROUTE KC..KB737

TRACK_TIME 1167737286
TRACK A20110117577373 F 404000 741060 120 30 999 NONE NONE 290
	FP_ROUTE KC..KB738

TRACK_TIME 1167737286
TRACK A20110117577374 F 433400 1161500 120 30 999 NONE NONE 380
	FP_ROUTE KC..KE135

TRACK_TIME 1167737286
TRACK A20110117577376 F 332560 1120700 120 30 999 NONE NONE 360
	FP_ROUTE KG..KFA50

TRACK_TIME 1167737286
TRACK A20110117577377 F 282800 811800 120 30 999 NONE NONE 350
	FP_ROUTE KG..KFA50

TRACK_TIME 1167737286
TRACK A20110117577379 F 390000 843900 120 30 999 NONE NONE 340
	FP_ROUTE KC..KA320

TRACK_TIME 1167737286
TRACK A20110117577381 F 445400 931360 120 30 999 NONE NONE 320
	FP_ROUTE KC..KA320

TRACK_TIME 1167737286
TRACK A20110117577383 F 355200 784900 120 30 999 NONE NONE 220
	FP_ROUTE KT..KF2TH

TRACK_TIME 1167737286
TRACK A20110117577384 F 384800 770160 120 30 999 NONE NONE 200
	FP_ROUTE KC..KCRJ2

TRACK_TIME 1167737286
TRACK A20110117577393 F 450900 931060 120 30 999 NONE NONE 280
	FP_ROUTE KC..KE145

TRACK_TIME 1167737286
TRACK A20110117577394 F 391060 764360 120 30 999 NONE NONE 290
	FP_ROUTE KC..KB733

TRACK_TIME 1167737286
TRACK A20110117577396 F 404000 741060 120 30 999 NONE NONE 350
	FP_ROUTE KC..KB733

TRACK_TIME 1167737286
TRACK A20110117577424 F 354960 835800 120 30 999 NONE NONE 220
	FP_ROUTE KT..KCRJ2

TRACK_TIME 1167737286
TRACK A20110117577432 F 332560 1115800 120 30 999 NONE NONE 280
	FP_ROUTE KC..KB712

TRACK_TIME 1167737286
TRACK A20110117577436 F 381200 854500 120 30 999 NONE NONE 250
	FP_ROUTE KC..KB712

TRACK_TIME 1167737286
TRACK A20110117577445 F 320900 1105860 120 30 999 NONE NONE 330
	FP_ROUTE KC..KB712

TRACK_TIME 1167737286
TRACK A20110117577446 F 441500 883100 120 30 999 NONE NONE 250
	FP_ROUTE KC..KB712

TRACK_TIME 1167737286
TRACK A20110117577453 F 360460 1151200 120 30 999 NONE NONE 280
	FP_ROUTE KC..KE145

TRACK_TIME 1167737286
TRACK A20110117577470 F 325400 970100 120 30 999 NONE NONE 320
	FP_ROUTE KC..KMD82

TRACK_TIME 1167737286
TRACK A20110117577477 F 362200 1145860 120 30 999 NONE NONE 230
	FP_ROUTE KC..KMD82

TRACK_TIME 1167737286
TRACK A20110117577478 F 300600 974060 120 30 999 NONE NONE 370
	FP_ROUTE KC..KDH8D

TRACK_TIME 1167737286
TRACK A20110117577480 F 373600 1221900 120 30 999 NONE NONE 380
	FP_ROUTE KC..KB752

TRACK_TIME 1167737286
TRACK A20110117577491 F 394660 1043900 120 30 999 NONE NONE 380
	FP_ROUTE KC..KB737

TRACK_TIME 1167737286
TRACK A20110117577502 F 394900 1043760 120 30 999 NONE NONE 320
	FP_ROUTE KC..KB737

TRACK_TIME 1167737286
TRACK A20110117577503 F 334200 1175200 120 30 999 NONE NONE 370
	FP_ROUTE KC..KB737

TRACK_TIME 1167737286
TRACK A20110117577507 F 384900 770160 120 30 999 NONE NONE 350
	FP_ROUTE KC..KA320

TRACK_TIME 1167737286
TRACK A20110117577508 F 420100 875560 120 30 999 NONE NONE 360
	FP_ROUTE KC..KB734

TRACK_TIME 1167737286
TRACK A20110117577530 F 390900 763900 120 30 999 NONE NONE 230
	FP_ROUTE KT..KCRJ2

TRACK_TIME 1167737286
TRACK A20110117577531 F 283100 811800 120 30 999 NONE NONE 370
	FP_ROUTE KT..KCRJ2

TRACK_TIME 1167737286
TRACK A20110117577540 F 404960 740460 120 30 999 NONE NONE 270
	FP_ROUTE KT..KCRJ9

TRACK_TIME 1167737286
TRACK A20110117577542 F 433600 964500 120 30 999 NONE NONE 320
	FP_ROUTE KC..KE170

TRACK_TIME 1167737286
TRACK A20110117577543 F 263400 813900 120 30 999 NONE NONE 380
	FP_ROUTE KC..KB712

TRACK_TIME 1167737286
TRACK A20110117577546 F 350100 895860 120 30 999 NONE NONE 240
	FP_ROUTE KC..KB737

TRACK_TIME 1167737286
TRACK A20110117577548 F 413460 934900 120 30 999 NONE NONE 280
	FP_ROUTE KT..KDH8D

TRACK_TIME 1167737286
TRACK A20110117577549 F 380700 782800 120 30 999 NONE NONE 290
	FP_ROUTE KC..KB738

TRACK_TIME 1167737286
TRACK A20110117577554 F 335500 1183400 120 30 999 NONE NONE 270
	FP_ROUTE KC..KE190

TRACK_TIME 1167737286
TRACK A20110117577556 F 370760 1074600 120 30 999 NONE NONE 240
	FP_ROUTE KC..KB733

TRACK_TIME 1167737286
TRACK A20110117577559 F 390900 763900 120 30 999 NONE NONE 290
	FP_ROUTE KT..KCRJ2

TRACK_TIME 1167737286
TRACK A20110117577560 F 415500 724000 120 30 999 NONE NONE 250
	FP_ROUTE KC..KB739

TRACK_TIME 1167737286
TRACK A20110117577564 F 395400 1044060 120 30 999 NONE NONE 380
	FP_ROUTE KC..KB737

TRACK_TIME 1167737286
TRACK A20110117577565 F 414300 712500 120 30 999 NONE NONE 210
	FP_ROUTE KC..KCRJ2

TRACK_TIME 1167737286
TRACK A20110117577571 F 391060 764360 120 30 999 NONE NONE 330
	FP_ROUTE KC..KB737

TRACK_TIME 1167737286
TRACK A20110117577575 F 260460 801300 120 30 999 NONE NONE 270
	FP_ROUTE KC..KA320

TRACK_TIME 1167737286
TRACK A20110117577576 F 302400 885800 120 30 999 NONE NONE 290
	FP_ROUTE KC..KMD83

TRACK_TIME 1167737286
TRACK A20110117577577 F 254900 801960 120 30 999 NONE NONE 360
	FP_ROUTE KC..KMD82

TRACK_TIME 1167737286
TRACK A20110117577584 F 374060 972560 120 30 999 NONE NONE 360
	FP_ROUTE KC..KA319

TRACK_TIME 1167737286
TRACK A20110117577585 F 402860 801200 120 30 999 NONE NONE 210
	FP_ROUTE KC..KE145

TRACK_TIME 1167737286
TRACK A20110117577587 F 333900 842860 120 30 999 NONE NONE 320
	FP_ROUTE KC..KB733

TRACK_TIME 1167737286
TRACK A20110117577588 F 425560 1062100 120 30 999 NONE NONE 310
	FP_ROUTE KC..KB733

TRACK_TIME 1167737286
TRACK A20110117577590 F 404600 735100 120 30 999 NONE NONE 330
	FP_ROUTE KC..KMD83

TRACK_TIME 1167737286
TRACK A20110117577592 F 422200 710000 120 30 999 NONE NONE 390
	FP_ROUTE KT..KCRJ2

TRACK_TIME 1167737286
TRACK A20110117577597 F 395200 751660 120 30 999 NONE NONE 310
	FP_ROUTE KC..KCRJ2

TRACK_TIME 1167737286
TRACK A20110117577604 F 404500 735400 120 30 999 NONE NONE 370
	FP_ROUTE KT..KCRJ2

TRACK_TIME 1167737286
TRACK A20110117577610 F 404300 735560 120 30 999 NONE NONE 390
	FP_ROUTE KC..KMD83

TRACK_TIME 1167737286
TRACK A20110117577617 F 282800 811800 120 30 999 NONE NONE 350
	FP_ROUTE KC..KB737

TRACK_TIME 1167737286
TRACK A20110117577622 F 404900 730460 120 30 999 NONE NONE 230
	FP_ROUTE KT..KCRJ2

TRACK_TIME 1167737286
TRACK A20110117577625 F 380160 843600 120 30 999 NONE NONE 270
	FP_ROUTE KC..KB737

TRACK_TIME 1167737286
TRACK A20110117577626 F 351360 805560 120 30 999 NONE NONE 380
	FP_ROUTE KG..KFA50

TRACK_TIME 1167737286
TRACK A20110117577631 F 361960 942100 120 30 999 NONE NONE 260
	FP_ROUTE KG..KFA50

TRACK_TIME 1167737286
TRACK A20110117577642 F 403900 741060 120 30 999 NONE NONE 370
	FP_ROUTE KC..KB737

TRACK_TIME 1167737286
TRACK A20110117577650 F 360460 1150900 120 30 999 NONE NONE 330
	FP_ROUTE KC..KE145

TRACK_TIME 1167737286
TRACK A20110117577651 F 412560 814960 120 30 999 NONE NONE 370
	FP_ROUTE KC..KB737

TRACK_TIME 1167737286
TRACK A20110117577652 F 360900 863900 120 30 999 NONE NONE 380
	FP_ROUTE KC..KB752

TRACK_TIME 1167737286
TRACK A20110117577653 F 442260 1001660 120 30 999 NONE NONE 190
	FP_ROUTE KC..KB739

TRACK_TIME 1167737286
TRACK A20110117577661 F 300160 974060 120 30 999 NONE NONE 380
	FP_ROUTE KC..KB737

TRACK_TIME 1167737286
TRACK A20110117577690 F 293700 951800 120 30 999 NONE NONE 360
	FP_ROUTE KC..KB753

TRACK_TIME 1167737286
TRACK A20110117577692 F 394800 1044000 120 30 999 NONE NONE 380
	FP_ROUTE KC..KB737

TRACK_TIME 1167737286
TRACK A20110117577696 F 411660 955260 120 30 999 NONE NONE 410
	FP_ROUTE KC..KA319

TRACK_TIME 1167737286
TRACK A20110117577699 F 373600 1221960 120 30 999 NONE NONE 340
	FP_ROUTE KC..KB738

TRACK_TIME 1167737286
TRACK A20110117577702 F 425700 875260 120 30 999 NONE NONE 310
	FP_ROUTE KC..KB738

TRACK_TIME 1167737286
TRACK A20110117577706 F 324360 1170900 120 30 999 NONE NONE 380
	FP_ROUTE KT..KCRJ2

TRACK_TIME 1167737286
TRACK A20110117577708 F 541360 1655700 120 30 999 NONE NONE 260
	FP_ROUTE KC..KB737

TRACK_TIME 1167737286
TRACK A20110117577709 F 372860 771960 120 30 999 NONE NONE 370
	FP_ROUTE KC..KB738

TRACK_TIME 1167737286
TRACK A20110117577711 F 262800 815400 120 30 999 NONE NONE 370
	FP_ROUTE KT..KCRJ9

TRACK_TIME 1167737286
TRACK A20110117577716 F 395260 1043700 120 30 999 NONE NONE 220
	FP_ROUTE KC..KE190

TRACK_TIME 1167737286
TRACK A20110117577717 F 293160 982800 120 30 999 NONE NONE 370
	FP_ROUTE KT..KE145

TRACK_TIME 1167737286
TRACK A20110117577723 F 331800 820160 120 30 999 NONE NONE 190
	FP_ROUTE KC..KE145

TRACK_TIME 1167737286
TRACK A20110117577724 F 351360 805560 120 30 999 NONE NONE 280
	FP_ROUTE KT..KCRJ1

TRACK_TIME 1167737286
TRACK A20110117577725 F 395260 1044000 120 30 999 NONE NONE 380
	FP_ROUTE KC..KE145

TRACK_TIME 1167737286
TRACK A20110117577729 F 334200 1175100 120 30 999 NONE NONE 410
	FP_ROUTE KT..KCRJ9

TRACK_TIME 1167737286
TRACK A20110117577731 F 324360 1171000 120 30 999 NONE NONE 370
	FP_ROUTE KC..KMD82

TRACK_TIME 1167737286
TRACK A20110117577734 F 395200 751660 120 30 999 NONE NONE 390
	FP_ROUTE KC..KE170

TRACK_TIME 1167737286
TRACK A20110117577735 F 472800 1221900 120 30 999 NONE NONE 240
	FP_ROUTE KC..KE190

TRACK_TIME 1167737286
TRACK A20110117577738 F 472700 1221900 120 30 999 NONE NONE 400
	FP_ROUTE KC..KB733

TRACK_TIME 1167737286
TRACK A20110117577739 F 324060 1172100 120 30 999 NONE NONE 280
	FP_ROUTE KT..KCRJ2

TRACK_TIME 1167737286
TRACK A20110117577740 F 422500 710000 120 30 999 NONE NONE 230
	FP_ROUTE KC..KE145

TRACK_TIME 1167737286
TRACK A20110117577741 F 391060 764360 120 30 999 NONE NONE 340
	FP_ROUTE KT..KCRJ2

TRACK_TIME 1167737286
TRACK A20110117577744 F 445400 931360 120 30 999 NONE NONE 379
	FP_ROUTE KC..KCRJ2

TRACK_TIME 1167737286
TRACK A20110117577745 F 470160 964900 120 30 999 NONE NONE 240
	FP_ROUTE KC..KCRJ2

TRACK_TIME 1167737286
TRACK A20110117577748 F 480400 1010000 120 30 999 NONE NONE 260
	FP_ROUTE KC..KB752

TRACK_TIME 1167737286
TRACK A20110117577751 F 404200 735560 120 30 999 NONE NONE 390
	FP_ROUTE KC..KB734

TRACK_TIME 1167737286
TRACK A20110117577752 F 300000 952400 120 30 999 NONE NONE 340
	FP_ROUTE KT..KCRJ9

TRACK_TIME 1167737286
TRACK A20110117577759 F 395260 1043700 120 30 999 NONE NONE 360
	FP_ROUTE KT..KCRJ9

TRACK_TIME 1167737286
TRACK A20110117577761 F 385860 772560 120 30 999 NONE NONE 200
	FP_ROUTE KC..KA320

TRACK_TIME 1167737286
TRACK A20110117577770 F 343400 864200 120 30 999 NONE NONE 350
	FP_ROUTE KC..KB734

TRACK_TIME 1167737286
TRACK A20110117577780 F 405500 811960 120 30 999 NONE NONE 340
	FP_ROUTE KC..KB733

TRACK_TIME 1167737286
TRACK A20110117577781 F 360460 1150760 120 30 999 NONE NONE 340
	FP_ROUTE KC..KMD82

TRACK_TIME 1167737286
TRACK A20110117577785 F 412260 815260 120 30 999 NONE NONE 300
	FP_ROUTE KC..KB752

TRACK_TIME 1167737286
TRACK A20110117577809 F 394900 1043900 120 30 999 NONE NONE 360
	FP_ROUTE KC..KCRJ2

TRACK_TIME 1167737286
TRACK A20110117577811 F 332560 1115800 120 30 999 NONE NONE 360
	FP_ROUTE KT..KC750

TRACK_TIME 1167737286
TRACK A20110117577823 F 260400 801200 120 30 999 NONE NONE 390
	FP_ROUTE KT..KCRJ2

TRACK_TIME 1167737286
TRACK A20110117577825 F 335500 1183300 120 30 999 NONE NONE 360
	FP_ROUTE KC..KB752

TRACK_TIME 1167737286
TRACK A20110117577827 F 415860 875700 120 30 999 NONE NONE 380
	FP_ROUTE KC..KB752

TRACK_TIME 1167737286
TRACK A20110117577828 F 453460 1223400 120 30 999 NONE NONE 340
	FP_ROUTE KC..KE170

TRACK_TIME 1167737286
TRACK A20110117577832 F 394060 861900 120 30 999 NONE NONE 360
	FP_ROUTE KC..KE170

TRACK_TIME 1167737286
TRACK A20110117577835 F 420000 875560 120 30 999 NONE NONE 380
	FP_ROUTE KC..KB738

TRACK_TIME 1167737286
TRACK A20110117577837 F 391060 764200 120 30 999 NONE NONE 290
	FP_ROUTE KT..KE145

TRACK_TIME 1167737286
TRACK A20110117577838 F 421360 832200 120 30 999 NONE NONE 390
	FP_ROUTE KC..KB738

TRACK_TIME 1167737286
TRACK A20110117577841 F 344660 921000 120 30 999 NONE NONE 270
	FP_ROUTE KT..KC750

TRACK_TIME 1167737286
TRACK A20110117577843 F 294060 951900 120 30 999 NONE NONE 350
	FP_ROUTE KC..KE170

TRACK_TIME 1167737286
TRACK A20110117577849 F 404500 735400 120 30 999 NONE NONE 270
	FP_ROUTE KC..KA320

TRACK_TIME 1167737286
TRACK A20110117577886 F 405800 1240600 120 30 999 NONE NONE 260
	FP_ROUTE KG..KC560

TRACK_TIME 1167737286
TRACK A20110117577889 F 394200 861800 120 30 999 NONE NONE 290
	FP_ROUTE KC..KCRJ2

TRACK_TIME 1167737286
TRACK A20110117577907 F 325560 970300 120 30 999 NONE NONE 340
	FP_ROUTE KC..KCRJ2

TRACK_TIME 1167737286
TRACK A20110117577911 F 314960 1062100 120 30 999 NONE NONE 240
	FP_ROUTE KC..KB733

TRACK_TIME 1167737286
TRACK A20110117577912 F 384600 902100 120 30 999 NONE NONE 260
	FP_ROUTE KC..KB733

TRACK_TIME 1167737286
TRACK A20110117577913 F 413600 934360 120 30 999 NONE NONE 280
	FP_ROUTE KG..KLJ45

TRACK_TIME 1167737286
TRACK A20110117577918 F 343900 864660 120 30 999 NONE NONE 180
	FP_ROUTE KC..KA319

TRACK_TIME 1167737286
TRACK A20110117577921 F 300000 901800 120 30 999 NONE NONE 410
	FP_ROUTE KT..KCRJ2

TRACK_TIME 1167737286
TRACK A20110117577924 F 335560 1182260 120 30 999 NONE NONE 400
	FP_ROUTE KC..KE170

TRACK_TIME 1167737286
TRACK A20110117577925 F 360460 1150900 120 30 999 NONE NONE 340
	FP_ROUTE KC..KA319

TRACK_TIME 1167737286
TRACK A20110117577931 F 280100 823160 120 30 999 NONE NONE 340
	FP_ROUTE KC..KE170

TRACK_TIME 1167737286
TRACK A20110117577932 F 205100 1562700 120 30 999 NONE NONE 299
	FP_ROUTE KC..KCRJ9

TRACK_TIME 1167737286
TRACK A20110117577938 F 332500 1113400 120 30 999 NONE NONE 320
	FP_ROUTE KC..KA319

TRACK_TIME 1167737286
TRACK A20110117577945 F 360600 864200 120 30 999 NONE NONE 330
	FP_ROUTE KC..KE170

TRACK_TIME 1167737286
TRACK A20110117577949 F 404000 741060 120 30 999 NONE NONE 370
	FP_ROUTE KC..KB734

TRACK_TIME 1167737286
TRACK A20110117577952 F 384500 902100 120 30 999 NONE NONE 300
	FP_ROUTE KC..KB737

TRACK_TIME 1167737286
TRACK A20110117577953 F 300000 951800 120 30 999 NONE NONE 360
	FP_ROUTE KC..KB737

TRACK_TIME 1167737286
TRACK A20110117577957 F 300000 901900 120 30 999 NONE NONE 320
	FP_ROUTE KT..KCRJ2

TRACK_TIME 1167737286
TRACK A20110117577959 F 302700 842200 120 30 999 NONE NONE 230
	FP_ROUTE KT..KCRJ2

TRACK_TIME 1167737286
TRACK A20110117577963 F 385560 772800 120 30 999 NONE NONE 410
	FP_ROUTE KC..KMD83

TRACK_TIME 1167737286
TRACK A20110117577968 F 384900 770160 120 30 999 NONE NONE 370
	FP_ROUTE KC..KMD83

TRACK_TIME 1167737286
TRACK A20110117577981 F 324360 1171360 120 30 999 NONE NONE 380
	FP_ROUTE KT..KCRJ2

TRACK_TIME 1167737286
TRACK A20110117577984 F 260460 801300 120 30 999 NONE NONE 360
	FP_ROUTE KT..KCRJ2

TRACK_TIME 1167737286
TRACK A20110117577991 F 412260 815400 120 30 999 NONE NONE 370
	FP_ROUTE KG..KMU2

TRACK_TIME 1167737286
TRACK A20110117577992 F 360460 1150760 120 30 999 NONE NONE 380
	FP_ROUTE KG..KMU2

TRACK_TIME 1167737286
TRACK A20110117577997 F 384500 901900 120 30 999 NONE NONE 330
	FP_ROUTE KT..KE120

TRACK_TIME 1167737286
TRACK A20110117578004 F 394360 861500 120 30 999 NONE NONE 200
	FP_ROUTE KC..KB738

TRACK_TIME 1167737286
TRACK A20110117578005 F 320760 811900 120 30 999 NONE NONE 230
	FP_ROUTE KC..KA319

TRACK_TIME 1167737286
TRACK A20110117578012 F 211660 1575800 120 30 999 NONE NONE 220
	FP_ROUTE KC..KB737

TRACK_TIME 1167737286
TRACK A20110117578033 F 295800 951660 120 30 999 NONE NONE 359
	FP_ROUTE KC..KCRJ9

TRACK_TIME 1167737286
TRACK A20110117578035 F 385400 1044060 120 30 999 NONE NONE 240
	FP_ROUTE KC..KB737

TRACK_TIME 1167737286
TRACK A20110117578036 F 385800 773300 120 30 999 NONE NONE 350
	FP_ROUTE KC..KA319

TRACK_TIME 1167737286
TRACK A20110117578038 F 360100 864300 120 30 999 NONE NONE 330
	FP_ROUTE KC..KB737

TRACK_TIME 1167737286
TRACK A20110117578039 F 325500 970300 120 30 999 NONE NONE 280
	FP_ROUTE KC..KB737

TRACK_TIME 1167737286
TRACK A20110117578041 F 403900 741200 120 30 999 NONE NONE 370
	FP_ROUTE KC..KA319

TRACK_TIME 1167737286
TRACK A20110117578042 F 404600 734960 120 30 999 NONE NONE 390
	FP_ROUTE KC..KA332

TRACK_TIME 1167737286
TRACK A20110117578049 F 324600 1171900 120 30 999 NONE NONE 280
	FP_ROUTE KC..KMD83

TRACK_TIME 1167737286
TRACK A20110117578050 F 425860 712800 120 30 999 NONE NONE 290
	FP_ROUTE KC..KA321

TRACK_TIME 1167737286
TRACK A20110117578051 F 420100 875560 120 30 999 NONE NONE 360
	FP_ROUTE KC..KA319

TRACK_TIME 1167737286
TRACK A20110117578056 F 324600 1171960 120 30 999 NONE NONE 340
	FP_ROUTE KC..KB737

TRACK_TIME 1167737286
TRACK A20110117578065 F 404500 734960 120 30 999 NONE NONE 330
	FP_ROUTE KC..KE145

TRACK_TIME 1167737286
TRACK A20110117578072 F 443300 1085860 120 30 999 NONE NONE 250
	FP_ROUTE KT..KCRJ2

TRACK_TIME 1167737286
TRACK A20110117578075 F 332560 1120300 120 30 999 NONE NONE 410
	FP_ROUTE KC..KB737

TRACK_TIME 1167737286
TRACK A20110117578076 F 433400 1161500 120 30 999 NONE NONE 210
	FP_ROUTE KC..KE145

TRACK_TIME 1167737286
TRACK A20110117578078 F 391060 764360 120 30 999 NONE NONE 370
	FP_ROUTE KG..KBE20

TRACK_TIME 1167737286
TRACK A20110117578079 F 614900 1510000 120 30 999 NONE NONE 350
	FP_ROUTE KG..KC550

TRACK_TIME 1167737286
TRACK A20110117578080 F 412260 815500 120 30 999 NONE NONE 330
	FP_ROUTE KG..KC550

TRACK_TIME 1167737286
TRACK A20110117578084 F 315800 1021200 120 30 999 NONE NONE 260
	FP_ROUTE KC..KB737

TRACK_TIME 1167737286
TRACK A20110117578088 F 371960 1215400 120 30 999 NONE NONE 360
	FP_ROUTE KG..KC560

TRACK_TIME 1167737286
TRACK A20110117578089 F 414900 874660 120 30 999 NONE NONE 380
	FP_ROUTE KC..KA320

TRACK_TIME 1167737286
TRACK A20110117578090 F 292700 1010000 120 30 999 NONE NONE 230
	FP_ROUTE KC..KE145

TRACK_TIME 1167737286
TRACK A20110117578091 F 302200 952560 120 30 999 NONE NONE 271
	FP_ROUTE KC..KA320

TRACK_TIME 1167737286
TRACK A20110117578092 F 292700 1003760 120 30 999 NONE NONE 261
	FP_ROUTE KT..KCRJ2

TRACK_TIME 1167737286
TRACK A20110117578093 F 395200 751660 120 30 999 NONE NONE 270
	FP_ROUTE KG..KC560

TRACK_TIME 1167737286
TRACK A20110117578094 F 384660 770160 120 30 999 NONE NONE 270
	FP_ROUTE KC..KB763

TRACK_TIME 1167737286
TRACK A20110117578095 F 372100 1215500 120 30 999 NONE NONE 380
	FP_ROUTE KT..KCRJ2

TRACK_TIME 1167737286
TRACK A20110117578096 F 300000 952400 120 30 999 NONE NONE 360
	FP_ROUTE KG..KCL60

TRACK_TIME 1167737286
TRACK A20110117578106 F 295860 915700 120 30 999 NONE NONE 190
	FP_ROUTE KG..KCL60

TRACK_TIME 1167737286
TRACK A20110117578116 F 441500 1211000 120 30 999 NONE NONE 190
	FP_ROUTE KT..KCRJ2

TRACK_TIME 1167737286
TRACK A20110117578118 F 375100 843600 120 30 999 NONE NONE 300
	FP_ROUTE KC..KB735

TRACK_TIME 1167737286
TRACK A20110117578121 F 333760 843000 120 30 999 NONE NONE 310
	FP_ROUTE KC..KA320

TRACK_TIME 1167737286
TRACK A20110117578123 F 325560 970300 120 30 999 NONE NONE 190
	FP_ROUTE KC..KE190

TRACK_TIME 1167737286
TRACK A20110117578125 F 384500 901900 120 30 999 NONE NONE 330
	FP_ROUTE KT..KCRJ2

TRACK_TIME 1167737286
TRACK A20110117578126 F 445200 931000 120 30 999 NONE NONE 280
	FP_ROUTE KC..KB733

TRACK_TIME 1167737286
TRACK A20110117578127 F 421300 831960 120 30 999 NONE NONE 270
	FP_ROUTE KC..KE190

TRACK_TIME 1167737286
TRACK A20110117578129 F 343400 864900 120 30 999 NONE NONE 300
	FP_ROUTE KT..KE145

TRACK_TIME 1167737286
TRACK A20110117578132 F 384300 1213600 120 30 999 NONE NONE 300
	FP_ROUTE KT..KE145

TRACK_TIME 1167737286
TRACK A20110117578135 F 294200 821900 120 30 999 NONE NONE 270
	FP_ROUTE KT..KCRJ2

TRACK_TIME 1167737286
TRACK A20110117578141 F 400000 825200 120 30 999 NONE NONE 240
	FP_ROUTE KG..KCL60

TRACK_TIME 1167737286
TRACK A20110117578150 F 392500 944200 120 30 999 NONE NONE 360
	FP_ROUTE KG..KCL60

TRACK_TIME 1167737286
TRACK A20110117578151 F 394060 861900 120 30 999 NONE NONE 300
	FP_ROUTE KG..KBE20

TRACK_TIME 1167737286
TRACK A20110117578153 F 294000 951900 120 30 999 NONE NONE 310
	FP_ROUTE KG..KBE20

TRACK_TIME 1167737286
TRACK A20110117578158 F 395500 1044060 120 30 999 NONE NONE 330
	FP_ROUTE KC..KB752

TRACK_TIME 1167737286
TRACK A20110117578165 F 370700 763100 120 30 999 NONE NONE 230
	FP_ROUTE KC..KB738

TRACK_TIME 1167737286
TRACK A20110117578166 F 324360 1171000 120 30 999 NONE NONE 380
	FP_ROUTE KC..KB738

TRACK_TIME 1167737286
TRACK A20110117578168 F 404960 740460 120 30 999 NONE NONE 410
	FP_ROUTE KC..KE145

TRACK_TIME 1167737286
TRACK A20110117578170 F 350100 895860 120 30 999 NONE NONE 359
	FP_ROUTE KC..KB738

TRACK_TIME 1167737286
TRACK A20110117578174 F 282400 811900 120 30 999 NONE NONE 390
	FP_ROUTE KT..KCRJ2

TRACK_TIME 1167737286
TRACK A20110117578179 F 381960 823700 120 30 999 NONE NONE 220
	FP_ROUTE KC..KE190

TRACK_TIME 1167737286
TRACK A20110117578180 F 395260 751300 120 30 999 NONE NONE 290
	FP_ROUTE KC..KB737

TRACK_TIME 1167737286
TRACK A20110117578181 F 413400 934200 120 30 999 NONE NONE 280
	FP_ROUTE KC..KB737

TRACK_TIME 1167737286
TRACK A20110117578183 F 421360 832100 120 30 999 NONE NONE 390
	FP_ROUTE KC..KB752

TRACK_TIME 1167737286
TRACK A20110117578188 F 392700 1194600 120 30 999 NONE NONE 360
	FP_ROUTE KT..KCRJ2

TRACK_TIME 1167737286
TRACK A20110117578190 F 325500 970100 120 30 999 NONE NONE 200
	FP_ROUTE KT..KCRJ2

TRACK_TIME 1167737286
TRACK A20110117578191 F 395100 751800 120 30 999 NONE NONE 350
	FP_ROUTE KC..KE145

TRACK_TIME 1167737286
TRACK A20110117578194 F 334060 1175200 120 30 999 NONE NONE 380
	FP_ROUTE KC..KA319

TRACK_TIME 1167737286
TRACK A20110117578197 F 395260 751300 120 30 999 NONE NONE 390
	FP_ROUTE KC..KB738

TRACK_TIME 1167737286
TRACK A20110117578198 F 333760 842800 120 30 999 NONE NONE 350
	FP_ROUTE KC..KCRJ2

TRACK_TIME 1167737286
TRACK A20110117578199 F 280100 823160 120 30 999 NONE NONE 370
	FP_ROUTE KC..KCRJ2

TRACK_TIME 1167737286
TRACK A20110117578205 F 302860 814360 120 30 999 NONE NONE 280
	FP_ROUTE KT..KCRJ2

TRACK_TIME 1167737286
TRACK A20110117578210 F 335560 1182200 120 30 999 NONE NONE 360
	FP_ROUTE KC..KB763

TRACK_TIME 1167737286
TRACK A20110117578213 F 472700 1221900 120 30 999 NONE NONE 240
	FP_ROUTE KT..KDH8D

TRACK_TIME 1167737286
TRACK A20110117578215 F 351360 805560 120 30 999 NONE NONE 240
	FP_ROUTE KC..KMD82

TRACK_TIME 1167737286
TRACK A20110117578217 F 344500 921200 120 30 999 NONE NONE 400
	FP_ROUTE KT..KCRJ2

TRACK_TIME 1167737286
TRACK A20110117578219 F 254660 801900 120 30 999 NONE NONE 370
	FP_ROUTE KT..KCRJ2

TRACK_TIME 1167737286
TRACK A20110117578223 F 372100 1215400 120 30 999 NONE NONE 300
	FP_ROUTE KT..KDH8D

TRACK_TIME 1167737286
TRACK A20110117578225 F 372100 1215400 120 30 999 NONE NONE 320
	FP_ROUTE KT..KE145

TRACK_TIME 1167737286
TRACK A20110117578228 F 334060 1175200 120 30 999 NONE NONE 410
	FP_ROUTE KC..KA319

TRACK_TIME 1167737286
TRACK A20110117578236 F 433400 1161000 120 30 999 NONE NONE 350
	FP_ROUTE KC..KE145

TRACK_TIME 1167737286
TRACK A20110117578244 F 351360 805500 120 30 999 NONE NONE 320
	FP_ROUTE KT..KC750

TRACK_TIME 1167737286
TRACK A20110117578245 F 280300 823160 120 30 999 NONE NONE 340
	FP_ROUTE KT..KC750

TRACK_TIME 1167737286
TRACK A20110117578246 F 403760 734660 120 30 999 NONE NONE 390
	FP_ROUTE KC..KA319

TRACK_TIME 1167737286
TRACK A20110117578247 F 325200 965200 120 30 999 NONE NONE 240
	FP_ROUTE KC..KA319

TRACK_TIME 1167737286
TRACK A20110117578248 F 374060 1221200 120 30 999 NONE NONE 340
	FP_ROUTE KC..KB737

TRACK_TIME 1167737286
TRACK A20110117578250 F 275700 823300 120 30 999 NONE NONE 260
	FP_ROUTE KC..KB734

TRACK_TIME 1167737286
TRACK A20110117578253 F 211660 1575100 120 30 999 NONE NONE 180
	FP_ROUTE KG..KLJ35

TRACK_TIME 1167737286
TRACK A20110117578262 F 472700 1221900 120 30 999 NONE NONE 360
	FP_ROUTE KT..KDH8D

TRACK_TIME 1167737286
TRACK A20110117578265 F 391060 764200 120 30 999 NONE NONE 390
	FP_ROUTE KC..KA319

TRACK_TIME 1167737286
TRACK A20110117578266 F 314960 1062200 120 30 999 NONE NONE 320
	FP_ROUTE KC..KE170

TRACK_TIME 1167737286
TRACK A20110117578267 F 412700 814800 120 30 999 NONE NONE 260
	FP_ROUTE KG..KLJ35

TRACK_TIME 1167737286
TRACK A20110117578268 F 333700 842860 120 30 999 NONE NONE 350
	FP_ROUTE KC..KCRJ9

TRACK_TIME 1167737286
TRACK A20110117578271 F 414800 874600 120 30 999 NONE NONE 300
	FP_ROUTE KC..KB737

TRACK_TIME 1167737286
TRACK A20110117578277 F 372100 1215400 120 30 999 NONE NONE 370
	FP_ROUTE KG..KC560

TRACK_TIME 1167737286
TRACK A20110117578282 F 411960 955500 120 30 999 NONE NONE 340
	FP_ROUTE KG..KC560

TRACK_TIME 1167737286
TRACK A20110117578283 F 394900 1043900 120 30 999 NONE NONE 340
	FP_ROUTE KG..KF900

TRACK_TIME 1167737286
TRACK A20110117578284 F 293400 983160 120 30 999 NONE NONE 300
	FP_ROUTE KC..KB752

TRACK_TIME 1167737286
TRACK A20110117578287 F 325500 970460 120 30 999 NONE NONE 370
	FP_ROUTE KC..KA319

TRACK_TIME 1167737286
TRACK A20110117578288 F 332560 1115860 120 30 999 NONE NONE 340
	FP_ROUTE KC..KMD83

TRACK_TIME 1167737286
TRACK A20110117578293 F 332560 1120300 120 30 999 NONE NONE 360
	FP_ROUTE KC..KB737

TRACK_TIME 1167737286
TRACK A20110117578296 F 445200 931200 120 30 999 NONE NONE 310
	FP_ROUTE KC..KB737

TRACK_TIME 1167737286
TRACK A20110117578299 F 324360 1171000 120 30 999 NONE NONE 400
	FP_ROUTE KC..KB734

TRACK_TIME 1167737286
TRACK A20110117578313 F 384900 770100 120 30 999 NONE NONE 220
	FP_ROUTE KT..KCRJ2

TRACK_TIME 1167737286
TRACK A20110117578316 F 395400 1044060 120 30 999 NONE NONE 310
	FP_ROUTE KC..KB737

TRACK_TIME 1167737286
TRACK A20110117578320 F 351360 805800 120 30 999 NONE NONE 370
	FP_ROUTE KC..KB737

TRACK_TIME 1167737286
TRACK A20110117578321 F 403900 741060 120 30 999 NONE NONE 371
	FP_ROUTE KC..KB737

TRACK_TIME 1167737286
TRACK A20110117578325 F 332560 1120460 120 30 999 NONE NONE 340
	FP_ROUTE KC..KB737

TRACK_TIME 1167737286
TRACK A20110117578332 F 300000 952400 120 30 999 NONE NONE 370
	FP_ROUTE KC..KA320

TRACK_TIME 1167737286
TRACK A20110117578333 F 425700 712700 120 30 999 NONE NONE 310
	FP_ROUTE KC..KB752

TRACK_TIME 1167737286
TRACK A20110117578337 F 292700 982400 120 30 999 NONE NONE 330
	FP_ROUTE KC..KE170

TRACK_TIME 1167737286
TRACK A20110117578342 F 405100 1115860 120 30 999 NONE NONE 360
	FP_ROUTE KG..KC510

TRACK_TIME 1167737286
TRACK A20110117578343 F 351200 805700 120 30 999 NONE NONE 270
	FP_ROUTE KC..KE135

TRACK_TIME 1167737286
TRACK A20110117578344 F 403760 734360 120 30 999 NONE NONE 370
	FP_ROUTE KC..KB712

TRACK_TIME 1167737286
TRACK A20110117578345 F 300100 901500 120 30 999 NONE NONE 360
	FP_ROUTE KC..KMD82

TRACK_TIME 1167737286
TRACK A20110117578347 F 472860 1221900 120 30 999 NONE NONE 320
	FP_ROUTE KC..KMD82

TRACK_TIME 1167737286
TRACK A20110117578348 F 404060 735700 120 30 999 NONE NONE 370
	FP_ROUTE KC..KB738

TRACK_TIME 1167737286
TRACK A20110117578349 F 333900 842800 120 30 999 NONE NONE 340
	FP_ROUTE KG..KLJ45

TRACK_TIME 1167737286
TRACK A20110117578350 F 351200 805700 120 30 999 NONE NONE 370
	FP_ROUTE KG..KLJ45

TRACK_TIME 1167737286
TRACK A20110117578351 F 320760 811500 120 30 999 NONE NONE 350
	FP_ROUTE KG..KLJ45

TRACK_TIME 1167737286
TRACK A20110117578362 F 262860 820000 120 30 999 NONE NONE 370
	FP_ROUTE KT..KCRJ2

TRACK_TIME 1167737286
TRACK A20110117578363 F 275560 824200 120 30 999 NONE NONE 310
	FP_ROUTE KC..KE145

TRACK_TIME 1167737286
TRACK A20110117578364 F 373900 1220760 120 30 999 NONE NONE 400
	FP_ROUTE KT..KCRJ2

TRACK_TIME 1167737286
TRACK A20110117578369 F 332500 1112400 120 30 999 NONE NONE 330
	FP_ROUTE KC..KE145

TRACK_TIME 1167737286
TRACK A20110117578371 F 385400 772560 120 30 999 NONE NONE 220
	FP_ROUTE KC..KB738

TRACK_TIME 1167737286
TRACK A20110117578372 F 424960 735860 120 30 999 NONE NONE 330
	FP_ROUTE KC..KE135

TRACK_TIME 1167737286
TRACK A20110117578373 F 414200 712700 120 30 999 NONE NONE 290
	FP_ROUTE KG..KC560

TRACK_TIME 1167737286
TRACK A20110117578380 F 351200 805800 120 30 999 NONE NONE 331
	FP_ROUTE KC..KB738

TRACK_TIME 1167737286
TRACK A20110117578382 F 351200 805800 120 30 999 NONE NONE 330
	FP_ROUTE KC..KMD83

TRACK_TIME 1167737286
TRACK A20110117578384 F 405260 813000 120 30 999 NONE NONE 390
	FP_ROUTE KC..KA320

TRACK_TIME 1167737286
TRACK A20110117578385 F 445260 931500 120 30 999 NONE NONE 310
	FP_ROUTE KC..KB733

TRACK_TIME 1167737286
TRACK A20110117578386 F 463300 1113700 120 30 999 NONE NONE 380
	FP_ROUTE KC..KB733

TRACK_TIME 1167737286
TRACK A20110117578387 F 430600 761060 120 30 999 NONE NONE 310
	FP_ROUTE KC..KA320

TRACK_TIME 1167737286
TRACK A20110117578388 F 405100 1120000 120 30 999 NONE NONE 350
	FP_ROUTE KC..KB733

TRACK_TIME 1167737286
TRACK A20110117578389 F 473900 1172860 120 30 999 NONE NONE 360
	FP_ROUTE KT..KCRJ2

TRACK_TIME 1167737286
TRACK A20110117578390 F 430000 712860 120 30 999 NONE NONE 230
	FP_ROUTE KC..KB733

TRACK_TIME 1167737286
TRACK A20110117578399 F 332560 1115700 120 30 999 NONE NONE 400
	FP_ROUTE KG..KC560

TRACK_TIME 1167737286
TRACK A20110117578414 F 332560 1115860 120 30 999 NONE NONE 340
	FP_ROUTE KC..KA319

TRACK_TIME 1167737286
TRACK A20110117578418 F 421960 705700 120 30 999 NONE NONE 370
	FP_ROUTE KC..KA319

TRACK_TIME 1167737286
TRACK A20110117578425 F 211900 1575860 120 30 999 NONE NONE 380
	FP_ROUTE KT..KCRJ2

TRACK_TIME 1167737286
TRACK A20110117578426 F 414200 862500 120 30 999 NONE NONE 450
	FP_ROUTE KT..KF2TH

TRACK_TIME 1167737286
TRACK A20110117578430 F 333900 843000 120 30 999 NONE NONE 380
	FP_ROUTE KT..KF2TH

TRACK_TIME 1167737286
TRACK A20110117578441 F 291200 810100 120 30 999 NONE NONE 360
	FP_ROUTE KC..KB737

TRACK_TIME 1167737286
TRACK A20110117578442 F 332560 1115700 120 30 999 NONE NONE 250
	FP_ROUTE KG..KPAY3

TRACK_TIME 1167737286
TRACK A20110117578443 F 360460 1150760 120 30 999 NONE NONE 360
	FP_ROUTE KC..KB733

TRACK_TIME 1167737286
TRACK A20110117578447 F 300000 901800 120 30 999 NONE NONE 330
	FP_ROUTE KC..KB737

TRACK_TIME 1167737286
TRACK A20110117578448 F 431200 891960 120 30 999 NONE NONE 230
	FP_ROUTE KC..KB737

TRACK_TIME 1167737286
TRACK A20110117578450 F 404000 741060 120 30 999 NONE NONE 370
	FP_ROUTE KC..KB737

TRACK_TIME 1167737286
TRACK A20110117578452 F 422200 705860 120 30 999 NONE NONE 250
	FP_ROUTE KC..KDH8A

TRACK_TIME 1167737286
TRACK A20110117578456 F 325100 964960 120 30 999 NONE NONE 280
	FP_ROUTE KC..KB752

TRACK_TIME 1167737286
TRACK A20110117578470 F 403000 801660 120 30 999 NONE NONE 210
	FP_ROUTE KT..KCRJ2

TRACK_TIME 1167737286
TRACK A20110117578479 F 421960 710100 120 30 999 NONE NONE 270
	FP_ROUTE KC..KE145

TRACK_TIME 1167737286
TRACK A20110117578482 F 390000 772560 120 30 999 NONE NONE 280
	FP_ROUTE KC..KE170

TRACK_TIME 1167737286
TRACK A20110117578484 F 384500 901960 120 30 999 NONE NONE 340
	FP_ROUTE KC..KE170

TRACK_TIME 1167737286
TRACK A20110117578487 F 384360 1213600 120 30 999 NONE NONE 360
	FP_ROUTE KC..KB712

TRACK_TIME 1167737286
TRACK A20110117578488 F 361300 955260 120 30 999 NONE NONE 340
	FP_ROUTE KC..KCRJ2

TRACK_TIME 1167737286
TRACK A20110117578491 F 390700 844000 120 30 999 NONE NONE 200
	FP_ROUTE KG..KC510

TRACK_TIME 1167737286
TRACK A20110117578507 F 384500 901900 120 30 999 NONE NONE 260
	FP_ROUTE KC..KB737

TRACK_TIME 1167737286
TRACK A20110117578508 F 411800 955500 120 30 999 NONE NONE 340
	FP_ROUTE KC..KE135

TRACK_TIME 1167737286
TRACK A20110117578510 F 254800 801500 120 30 999 NONE NONE 390
	FP_ROUTE KC..KE145

TRACK_TIME 1167737286
TRACK A20110117578514 F 395700 1044060 120 30 999 NONE NONE 399
	FP_ROUTE KC..KB737

TRACK_TIME 1167737286
TRACK A20110117578516 F 372100 1215400 120 30 999 NONE NONE 250
	FP_ROUTE KC..KB737

TRACK_TIME 1167737286
TRACK A20110117578521 F 334300 1175100 120 30 999 NONE NONE 380
	FP_ROUTE KG..KC550

TRACK_TIME 1167737286
TRACK A20110117578522 F 373300 1184200 120 30 999 NONE NONE 230
	FP_ROUTE KC..KB737

TRACK_TIME 1167737286
TRACK A20110117578523 F 263160 813700 120 30 999 NONE NONE 300
	FP_ROUTE KC..KE145

TRACK_TIME 1167737286
TRACK A20110117578524 F 335500 1183300 120 30 999 NONE NONE 250
	FP_ROUTE KC..KB712

TRACK_TIME 1167737286
TRACK A20110117578525 F 384900 770160 120 30 999 NONE NONE 330
	FP_ROUTE KT..KCRJ2

TRACK_TIME 1167737286
TRACK A20110117578527 F 341060 1181360 120 30 999 NONE NONE 410
	FP_ROUTE KC..KB733

TRACK_TIME 1167737286
TRACK A20110117578530 F 340300 1174500 120 30 999 NONE NONE 300
	FP_ROUTE KC..KB733

TRACK_TIME 1167737286
TRACK A20110117578531 F 384360 1213600 120 30 999 NONE NONE 380
	FP_ROUTE KC..KA320

TRACK_TIME 1167737286
TRACK A20110117578534 F 404960 730400 120 30 999 NONE NONE 390
	FP_ROUTE KC..KMD82

TRACK_TIME 1167737286
TRACK A20110117578535 F 421960 705700 120 30 999 NONE NONE 370
	FP_ROUTE KT..KCRJ1

TRACK_TIME 1167737286
TRACK A20110117578536 F 395260 1043400 120 30 999 NONE NONE 380
	FP_ROUTE KC..KE170

TRACK_TIME 1167737286
TRACK A20110117578540 F 322500 862800 120 30 999 NONE NONE 230
	FP_ROUTE KC..KB735

TRACK_TIME 1167737286
TRACK A20110117578541 F 420160 875560 120 30 999 NONE NONE 220
	FP_ROUTE KC..KA320

TRACK_TIME 1167737286
TRACK A20110117578543 F 420100 801960 120 30 999 NONE NONE 180
	FP_ROUTE KC..KB752

TRACK_TIME 1167737286
TRACK A20110117578546 F 383900 903760 120 30 999 NONE NONE 350
	FP_ROUTE KC..KB752

TRACK_TIME 1167737286
TRACK A20110117578547 F 360400 1150700 120 30 999 NONE NONE 360
	FP_ROUTE KC..KA320

TRACK_TIME 1167737286
TRACK A20110117578548 F 415860 875800 120 30 999 NONE NONE 320
	FP_ROUTE KC..KA319

TRACK_TIME 1167737286
TRACK A20110117578550 F 351360 805500 120 30 999 NONE NONE 240
	FP_ROUTE KC..KA320

TRACK_TIME 1167737286
TRACK A20110117578551 F 323100 920100 120 30 999 NONE NONE 200
	FP_ROUTE KT..KCRJ1

TRACK_TIME 1167737286
TRACK A20110117578552 F 325560 965860 120 30 999 NONE NONE 200
	FP_ROUTE KC..KB735

TRACK_TIME 1167737286
TRACK A20110117578557 F 325860 802100 120 30 999 NONE NONE 210
	FP_ROUTE KC..KB752

TRACK_TIME 1167737286
TRACK A20110117578562 F 264500 801300 120 30 999 NONE NONE 280
	FP_ROUTE KC..KB752

TRACK_TIME 1167737286
TRACK A20110117578563 F 472860 1221900 120 30 999 NONE NONE 320
	FP_ROUTE KC..KA319

TRACK_TIME 1167737286
TRACK A20110117578565 F 390760 763760 120 30 999 NONE NONE 230
	FP_ROUTE KT..KCRJ1

TRACK_TIME 1167737286
TRACK A20110117578570 F 360400 1151060 120 30 999 NONE NONE 240
	FP_ROUTE KC..KB737

TRACK_TIME 1167737286
TRACK A20110117578572 F 430760 774000 120 30 999 NONE NONE 260
	FP_ROUTE KC..KE145

TRACK_TIME 1167737286
TRACK A20110117578582 F 385260 772560 120 30 999 NONE NONE 370
	FP_ROUTE KT..KC750

TRACK_TIME 1167737286
TRACK A20110117578583 F 445260 931360 120 30 999 NONE NONE 390
	FP_ROUTE KC..KB733

TRACK_TIME 1167737286
TRACK A20110117578584 F 302700 912100 120 30 999 NONE NONE 300
	FP_ROUTE KG..KCL60

TRACK_TIME 1167737286
TRACK A20110117578585 F 275700 823300 120 30 999 NONE NONE 380
	FP_ROUTE KG..KCL60

TRACK_TIME 1167737286
TRACK A20110117578591 F 374060 1221060 120 30 999 NONE NONE 220
	FP_ROUTE KG..KCL60

TRACK_TIME 1167737286
TRACK A20110117578592 F 334060 1175200 120 30 999 NONE NONE 410
	FP_ROUTE KG..KCL60

TRACK_TIME 1167737286
TRACK A20110117578593 F 182560 660100 120 30 999 NONE NONE 370
	FP_ROUTE KC..KB752

TRACK_TIME 1167737286
TRACK A20110117578599 F 404800 1120000 120 30 999 NONE NONE 350
	FP_ROUTE KC..KCRJ2

TRACK_TIME 1167737286
TRACK A20110117578602 F 414900 874800 120 30 999 NONE NONE 390
	FP_ROUTE KC..KB752

TRACK_TIME 1167737286
TRACK A20110117578603 F 403000 801660 120 30 999 NONE NONE 310
	FP_ROUTE KC..KA321

TRACK_TIME 1167737286
TRACK A20110117578616 F 385400 772800 120 30 999 NONE NONE 270
	FP_ROUTE KC..KB738

TRACK_TIME 1167737286
TRACK A20110117578622 F 335560 841660 120 30 999 NONE NONE 410
	FP_ROUTE KC..KA320

TRACK_TIME 1167737286
TRACK A20110117578645 F 320760 1105700 120 30 999 NONE NONE 260
	FP_ROUTE KC..KE145

TRACK_TIME 1167737286
TRACK A20110117578646 F 335700 1182860 120 30 999 NONE NONE 380
	FP_ROUTE KC..KB752

TRACK_TIME 1167737286
TRACK A20110117578649 F 300000 951800 120 30 999 NONE NONE 280
	FP_ROUTE KC..KB752

TRACK_TIME 1167737286
TRACK A20110117578653 F 325560 800400 120 30 999 NONE NONE 370
	FP_ROUTE KC..KA319

TRACK_TIME 1167737286
TRACK A20110117578654 F 371900 1215200 120 30 999 NONE NONE 360
	FP_ROUTE KC..KB712

TRACK_TIME 1167737286
TRACK A20110117578656 F 355200 784900 120 30 999 NONE NONE 260
	FP_ROUTE KC..KE120

TRACK_TIME 1167737286
TRACK A20110117578662 F 254800 801500 120 30 999 NONE NONE 380
	FP_ROUTE KC..KA319

TRACK_TIME 1167737286
TRACK A20110117578671 F 254800 801500 120 30 999 NONE NONE 410
	FP_ROUTE KC..KE135

TRACK_TIME 1167737286
TRACK A20110117578682 F 364660 1194200 120 30 999 NONE NONE 220
	FP_ROUTE KC..KB734

TRACK_TIME 1167737286
TRACK A20110117578684 F 325500 970460 120 30 999 NONE NONE 350
	FP_ROUTE KC..KCRJ2

TRACK_TIME 1167737286
TRACK A20110117578685 F 463300 1113700 120 30 999 NONE NONE 320
	FP_ROUTE KC..KB752

TRACK_TIME 1167737286
TRACK A20110117578690 F 365400 1194300 120 30 999 NONE NONE 340
	FP_ROUTE KC..KA319

TRACK_TIME 1167737286
TRACK A20110117578691 F 395560 1044060 120 30 999 NONE NONE 280
	FP_ROUTE KC..KB763

TRACK_TIME 1167737286
TRACK A20110117578699 F 411800 955400 120 30 999 NONE NONE 320
	FP_ROUTE KC..KB733

TRACK_TIME 1167737286
TRACK A20110117578708 F 421360 832200 120 30 999 NONE NONE 290
	FP_ROUTE KC..KB733

TRACK_TIME 1167737286
TRACK A20110117578717 F 322860 810000 120 30 999 NONE NONE 190
	FP_ROUTE KC..KE170

TRACK_TIME 1167737286
TRACK A20110117578719 F 425100 854660 120 30 999 NONE NONE 350
	FP_ROUTE KC..KE145

TRACK_TIME 1167737286
TRACK A20110117578720 F 472800 1221900 120 30 999 NONE NONE 340
	FP_ROUTE KT..KE135

TRACK_TIME 1167737286
TRACK A20110117578726 F 420100 875800 120 30 999 NONE NONE 370
	FP_ROUTE KT..KE135

TRACK_TIME 1167737286
TRACK A20110117578732 F 410300 734200 120 30 999 NONE NONE 350
	FP_ROUTE KC..KB735

TRACK_TIME 1167737286
TRACK A20110117578734 F 391800 944060 120 30 999 NONE NONE 350
	FP_ROUTE KC..KE190

TRACK_TIME 1167737286
TRACK A20110117578735 F 360460 1151360 120 30 999 NONE NONE 380
	FP_ROUTE KC..KA319

TRACK_TIME 1167737286
TRACK A20110117578737 F 415560 881500 120 30 999 NONE NONE 380
	FP_ROUTE KC..KB733

TRACK_TIME 1167737286
TRACK A20110117578742 F 374200 1221200 120 30 999 NONE NONE 320
	FP_ROUTE KC..KB752

TRACK_TIME 1167737286
TRACK A20110117578743 F 325200 970100 120 30 999 NONE NONE 260
	FP_ROUTE KT..KCRJ9

TRACK_TIME 1167737286
TRACK A20110117578745 F 360400 1150700 120 30 999 NONE NONE 300
	FP_ROUTE KC..KE170

TRACK_TIME 1167737286
TRACK A20110117578748 F 472560 1221900 120 30 999 NONE NONE 360
	FP_ROUTE KC..KE170

TRACK_TIME 1167737286
TRACK A20110117578749 F 260400 801200 120 30 999 NONE NONE 310
	FP_ROUTE KT..KE135

TRACK_TIME 1167737286
TRACK A20110117578750 F 335560 1182260 120 30 999 NONE NONE 380
	FP_ROUTE KC..KB737

TRACK_TIME 1167737286
TRACK A20110117578751 F 315100 1061960 120 30 999 NONE NONE 240
	FP_ROUTE KC..KB712

TRACK_TIME 1167737286
TRACK A20110117578753 F 215800 1591960 120 30 999 NONE NONE 380
	FP_ROUTE KC..KA319

TRACK_TIME 1167737286
TRACK A20110117578754 F 421000 1031900 120 30 999 NONE NONE 190
	FP_ROUTE KC..KB737

TRACK_TIME 1167737286
TRACK A20110117578755 F 481000 1033700 120 30 999 NONE NONE 241
	FP_ROUTE KC..KB737

TRACK_TIME 1167737286
TRACK A20110117578756 F 395500 1044200 120 30 999 NONE NONE 390
	FP_ROUTE KC..KB733

TRACK_TIME 1167737286
TRACK A20110117578757 F 404000 734800 120 30 999 NONE NONE 390
	FP_ROUTE KC..KB737

TRACK_TIME 1167737286
TRACK A20110117578760 F 293700 951500 120 30 999 NONE NONE 370
	FP_ROUTE KC..KB737

TRACK_TIME 1167737286
TRACK A20110117578762 F 274800 973300 120 30 999 NONE NONE 260
	FP_ROUTE KC..KB737

TRACK_TIME 1167737286
TRACK A20110117578766 F 351000 805800 120 30 999 NONE NONE 390
	FP_ROUTE KC..KB738

TRACK_TIME 1167737286
TRACK A20110117578767 F 353400 823000 120 30 999 NONE NONE 210
	FP_ROUTE KC..KA320

TRACK_TIME 1167737286
TRACK A20110117578768 F 333900 842700 120 30 999 NONE NONE 200
	FP_ROUTE KC..KE145

TRACK_TIME 1167737286
TRACK A20110117578771 F 351060 805800 120 30 999 NONE NONE 330
	FP_ROUTE KC..KE145

TRACK_TIME 1167737286
TRACK A20110117578775 F 194300 1550000 120 30 999 NONE NONE 230
	FP_ROUTE KC..KE170

TRACK_TIME 1167737286
TRACK A20110117578779 F 400000 825500 120 30 999 NONE NONE 300
	FP_ROUTE KC..KB737

TRACK_TIME 1167737286
TRACK A20110117578783 F 332560 1120160 120 30 999 NONE NONE 370
	FP_ROUTE KC..KA320

TRACK_TIME 1167737286
TRACK A20110117578784 F 420100 875560 120 30 999 NONE NONE 380
	FP_ROUTE KG..KC510

TRACK_TIME 1167737286
TRACK A20110117578785 F 421360 832100 120 30 999 NONE NONE 350
	FP_ROUTE KC..KCL60

TRACK_TIME 1167737286
TRACK A20110117578792 F 332560 1120160 120 30 999 NONE NONE 330
	FP_ROUTE KT..KE145

TRACK_TIME 1167737286
TRACK A20110117578793 F 605200 1484060 120 30 999 NONE NONE 360
	FP_ROUTE KC..KB737

TRACK_TIME 1167737286
TRACK A20110117578794 F 332560 1115860 120 30 999 NONE NONE 360
	FP_ROUTE KT..KE145

TRACK_TIME 1167737286
TRACK A20110117578795 F 415800 875560 120 30 999 NONE NONE 370
	FP_ROUTE KC..KB712

TRACK_TIME 1167737286
TRACK A20110117578796 F 445260 931500 120 30 999 NONE NONE 380
	FP_ROUTE KC..KB712

TRACK_TIME 1167737286
TRACK A20110117578797 F 211600 1575800 120 30 999 NONE NONE 240
	FP_ROUTE KC..KB738

TRACK_TIME 1167737286
TRACK A20110117578803 F 374000 1221000 120 30 999 NONE NONE 370
	FP_ROUTE KC..KA320

TRACK_TIME 1167737286
TRACK A20110117578804 F 335560 1183300 120 30 999 NONE NONE 370
	FP_ROUTE KC..KA320

TRACK_TIME 1167737286
TRACK A20110117578805 F 472860 1221900 120 30 999 NONE NONE 360
	FP_ROUTE KC..KMD82

TRACK_TIME 1167737286
TRACK A20110117578806 F 403000 801600 120 30 999 NONE NONE 240
	FP_ROUTE KC..KE120

TRACK_TIME 1167737286
TRACK A20110117578812 F 335560 1183300 120 30 999 NONE NONE 350
	FP_ROUTE KC..KB763

TRACK_TIME 1167737286
TRACK A20110117578818 F 404800 1120000 120 30 999 NONE NONE 380
	FP_ROUTE KC..KA319

TRACK_TIME 1167737286
TRACK A20110117578819 F 324360 1171060 120 30 999 NONE NONE 350
	FP_ROUTE KC..KMD83

TRACK_TIME 1167737286
TRACK A20110117578822 F 335560 1182200 120 30 999 NONE NONE 360
	FP_ROUTE KC..KB737

TRACK_TIME 1167737286
TRACK A20110117578823 F 415560 875560 120 30 999 NONE NONE 230
	FP_ROUTE KC..KE145

TRACK_TIME 1167737286
TRACK A20110117578824 F 415800 875700 120 30 999 NONE NONE 400
	FP_ROUTE KC..KE135

TRACK_TIME 1167737286
TRACK A20110117578828 F 400000 825100 120 30 999 NONE NONE 360
	FP_ROUTE KC..KE135

TRACK_TIME 1167737286
TRACK A20110117578832 F 420100 875200 120 30 999 NONE NONE 340
	FP_ROUTE KC..KMD83

TRACK_TIME 1167737286
TRACK A20110117578833 F 360600 864000 120 30 999 NONE NONE 340
	FP_ROUTE KC..KE190

TRACK_TIME 1167737286
TRACK A20110117578849 F 472700 1221900 120 30 999 NONE NONE 220
	FP_ROUTE KT..KCRJ9

TRACK_TIME 1167737286
TRACK A20110117578850 F 395200 751360 120 30 999 NONE NONE 310
	FP_ROUTE KC..KCRJ2

TRACK_TIME 1167737286
TRACK A20110117578852 F 355200 784900 120 30 999 NONE NONE 370
	FP_ROUTE KC..KE190

TRACK_TIME 1167737286
TRACK A20110117578853 F 380300 844360 120 30 999 NONE NONE 370
	FP_ROUTE KG..KF900

TRACK_TIME 1167737286
TRACK A20110117578855 F 392800 1194600 120 30 999 NONE NONE 250
	FP_ROUTE KC..KB733

TRACK_TIME 1167737286
TRACK A20110117578871 F 360100 1150100 120 30 999 NONE NONE 270
	FP_ROUTE KC..KB733

TRACK_TIME 1167737286
TRACK A20110117578873 F 373600 1221900 120 30 999 NONE NONE 360
	FP_ROUTE KC..KBE20

TRACK_TIME 1167737286
TRACK A20110117578880 F 211660 1575200 120 30 999 NONE NONE 240
	FP_ROUTE KC..KB739

TRACK_TIME 1167737286
TRACK A20110117578882 F 412260 815400 120 30 999 NONE NONE 300
	FP_ROUTE KG..KBE20

TRACK_TIME 1167737286
TRACK A20110117578883 F 323760 1143100 120 30 999 NONE NONE 250
	FP_ROUTE KG..KBE20

TRACK_TIME 1167737286
TRACK A20110117578887 F 260460 801300 120 30 999 NONE NONE 360
	FP_ROUTE KC..KB712

TRACK_TIME 1167737286
TRACK A20110117578903 F 404800 1120000 120 30 999 NONE NONE 330
	FP_ROUTE KT..KCRJ9

TRACK_TIME 1167737286
TRACK A20110117578905 F 362500 942260 120 30 999 NONE NONE 360
	FP_ROUTE KC..KB752

TRACK_TIME 1167737286
TRACK A20110117578913 F 404900 1120000 120 30 999 NONE NONE 320
	FP_ROUTE KC..KE170

TRACK_TIME 1167737286
TRACK A20110117578935 F 334060 1161500 120 30 999 NONE NONE 190
	FP_ROUTE KC..KA320

TRACK_TIME 1167737286
TRACK A20110117578938 F 280160 823160 120 30 999 NONE NONE 320
	FP_ROUTE KT..KDH8D

TRACK_TIME 1167737286
TRACK A20110117578941 F 384360 902100 120 30 999 NONE NONE 390
	FP_ROUTE KC..KB712

TRACK_TIME 1167737286
TRACK A20110117578951 F 424360 734800 120 30 999 NONE NONE 370
	FP_ROUTE KC..KE135

TRACK_TIME 1167737286
TRACK A20110117578960 F 445260 931360 120 30 999 NONE NONE 350
	FP_ROUTE KC..KE170

TRACK_TIME 1167737286
TRACK A20110117578961 F 465400 964900 120 30 999 NONE NONE 320
	FP_ROUTE KC..KB712

TRACK_TIME 1167737286
TRACK A20110117578962 F 395560 1044200 120 30 999 NONE NONE 380
	FP_ROUTE KC..KA320

TRACK_TIME 1167737286
TRACK A20110117578963 F 403900 734660 120 30 999 NONE NONE 210
	FP_ROUTE KC..KB737

TRACK_TIME 1167737286
TRACK A20110117578967 F 420000 875700 120 30 999 NONE NONE 350
	FP_ROUTE KC..KB739

TRACK_TIME 1167737286
TRACK A20110117578972 F 373760 972560 120 30 999 NONE NONE 320
	FP_ROUTE KC..KB737

TRACK_TIME 1167737286
TRACK A20110117578973 F 430760 774000 120 30 999 NONE NONE 330
	FP_ROUTE KT..KE145

TRACK_TIME 1167737286
TRACK A20110117578979 F 274360 972860 120 30 999 NONE NONE 260
	FP_ROUTE KC..KB733

TRACK_TIME 1167737286
TRACK A20110117578980 F 333760 842200 120 30 999 NONE NONE 350
	FP_ROUTE KC..KB733

TRACK_TIME 1167737286
TRACK A20110117578981 F 395260 751300 120 30 999 NONE NONE 330
	FP_ROUTE KC..KB733

TRACK_TIME 1167737286
TRACK A20110117578987 F 404900 1115860 120 30 999 NONE NONE 340
	FP_ROUTE KC..KB733

TRACK_TIME 1167737286
TRACK A20110117578989 F 361000 955260 120 30 999 NONE NONE 380
	FP_ROUTE KC..KA320

TRACK_TIME 1167737286
TRACK A20110117578999 F 404800 1120000 120 30 999 NONE NONE 340
	FP_ROUTE KC..KB752

TRACK_TIME 1167737286
TRACK A20110117579000 F 374060 1221060 120 30 999 NONE NONE 320
	FP_ROUTE KC..KE170

TRACK_TIME 1167737286
TRACK A20110117579001 F 420000 875200 120 30 999 NONE NONE 370
	FP_ROUTE KC..KB733

TRACK_TIME 1167737286
TRACK A20110117579007 F 332560 1120300 120 30 999 NONE NONE 380
	FP_ROUTE KC..KB733

TRACK_TIME 1167737286
TRACK A20110117579008 F 394900 1044060 120 30 999 NONE NONE 350
	FP_ROUTE KT..KCRJ2

TRACK_TIME 1167737286
TRACK A20110117579010 F 403600 734660 120 30 999 NONE NONE 390
	FP_ROUTE KC..KB738

TRACK_TIME 1167737286
TRACK A20110117579013 F 324360 1171200 120 30 999 NONE NONE 320
	FP_ROUTE KC..KB733

TRACK_TIME 1167737286
TRACK A20110117579015 F 371960 1215260 120 30 999 NONE NONE 380
	FP_ROUTE KC..KB733

TRACK_TIME 1167737286
TRACK A20110117579017 F 351060 1014600 120 30 999 NONE NONE 390
	FP_ROUTE KC..KB738

TRACK_TIME 1167737286
TRACK A20110117579025 F 394200 861900 120 30 999 NONE NONE 310
	FP_ROUTE KC..KMD82

TRACK_TIME 1167737286
TRACK A20110117579028 F 404900 1115860 120 30 999 NONE NONE 350
	FP_ROUTE KC..KB733

TRACK_TIME 1167737286
TRACK A20110117579030 F 353400 973760 120 30 999 NONE NONE 280
	FP_ROUTE KC..KB733

TRACK_TIME 1167737286
TRACK A20110117579035 F 391800 944360 120 30 999 NONE NONE 320
	FP_ROUTE KG..KCL60

TRACK_TIME 1167737286
TRACK A20110117579041 F 360300 1151060 120 30 999 NONE NONE 330
	FP_ROUTE KG..KCL60

TRACK_TIME 1167737286
TRACK A20110117579044 F 425260 853100 120 30 999 NONE NONE 300
	FP_ROUTE KG..KBE20

TRACK_TIME 1167737286
TRACK A20110117579047 F 373600 1221900 120 30 999 NONE NONE 400
	FP_ROUTE KC..KE145

TRACK_TIME 1167737286
TRACK A20110117579051 F 453460 1223460 120 30 999 NONE NONE 340
	FP_ROUTE KC..KCRJ9

TRACK_TIME 1167737286
TRACK A20110117579052 F 360400 1150600 120 30 999 NONE NONE 300
	FP_ROUTE KC..KA319

TRACK_TIME 1167737286
TRACK A20110117579057 F 332560 1120300 120 30 999 NONE NONE 380
	FP_ROUTE KC..KA319

TRACK_TIME 1167737286
TRACK A20110117579059 F 445400 931600 120 30 999 NONE NONE 330
	FP_ROUTE KC..KB737

TRACK_TIME 1167737286
TRACK A20110117579060 F 420000 875700 120 30 999 NONE NONE 250
	FP_ROUTE KC..KB752

TRACK_TIME 1167737286
TRACK A20110117579061 F 465400 964960 120 30 999 NONE NONE 320
	FP_ROUTE KC..KB737

TRACK_TIME 1167737286
TRACK A20110117579062 F 260400 801200 120 30 999 NONE NONE 390
	FP_ROUTE KC..KB737

TRACK_TIME 1167737286
TRACK A20110117579072 F 333760 842800 120 30 999 NONE NONE 320
	FP_ROUTE KC..KB737

TRACK_TIME 1167737286
TRACK A20110117579087 F 472800 1221900 120 30 999 NONE NONE 380
	FP_ROUTE KC..KB737

TRACK_TIME 1167737286
TRACK A20110117579091 F 325200 970100 120 30 999 NONE NONE 280
	FP_ROUTE KC..KB737

TRACK_TIME 1167737286
TRACK A20110117579095 F 472800 1221900 120 30 999 NONE NONE 260
	FP_ROUTE KT..KC560

TRACK_TIME 1167737286
TRACK A20110117579104 F 333700 1175400 120 30 999 NONE NONE 360
	FP_ROUTE KC..KB733

TRACK_TIME 1167737286
TRACK A20110117579116 F 333900 842800 120 30 999 NONE NONE 390
	FP_ROUTE KC..KB712

TRACK_TIME 1167737286
TRACK A20110117579123 F 301900 885700 120 30 999 NONE NONE 330
	FP_ROUTE KC..KB752

TRACK_TIME 1167737286
TRACK A20110117579137 F 472800 1221900 120 30 999 NONE NONE 380
	FP_ROUTE KC..KE145

TRACK_TIME 1167737286
TRACK A20110117579140 F 391060 764300 120 30 999 NONE NONE 370
	FP_ROUTE KC..KB772

TRACK_TIME 1167737286
TRACK A20110117579141 F 422800 1225500 120 30 999 NONE NONE 210
	FP_ROUTE KT..KCRJ9

TRACK_TIME 1167737286
TRACK A20110117579156 F 301300 914200 120 30 999 NONE NONE 290
	FP_ROUTE KC..KB737

TRACK_TIME 1167737286
TRACK A20110117579160 F 333900 842700 120 30 999 NONE NONE 330
	FP_ROUTE KT..KCRJ9

TRACK_TIME 1167737286
TRACK A20110117579161 F 395200 751360 120 30 999 NONE NONE 310
	FP_ROUTE KC..KA320

TRACK_TIME 1167737286
TRACK A20110117579165 F 445400 931360 120 30 999 NONE NONE 340
	FP_ROUTE KC..KB735

TRACK_TIME 1167737286
TRACK A20110117579167 F 454500 1110700 120 30 999 NONE NONE 360
	FP_ROUTE KC..KB735

TRACK_TIME 1167737286
TRACK A20110117579171 F 453460 1223300 120 30 999 NONE NONE 380
	FP_ROUTE KC..KB737

TRACK_TIME 1167737286
TRACK A20110117579174 F 420100 875800 120 30 999 NONE NONE 360
	FP_ROUTE KC..KB735

TRACK_TIME 1167737286
TRACK A20110117579186 F 350000 1064000 120 30 999 NONE NONE 360
	FP_ROUTE KC..KE170

TRACK_TIME 1167737286
TRACK A20110117579190 F 335700 1182260 120 30 999 NONE NONE 350
	FP_ROUTE KC..KB737

TRACK_TIME 1167737286
TRACK A20110117579194 F 261200 800760 120 30 999 NONE NONE 280
	FP_ROUTE KC..KB737

TRACK_TIME 1167737286
TRACK A20110117579198 F 324500 1171900 120 30 999 NONE NONE 350
	FP_ROUTE KC..KB737

TRACK_TIME 1167737286
TRACK A20110117579199 F 371360 932400 120 30 999 NONE NONE 220
	FP_ROUTE KC..KB737

TRACK_TIME 1167737286
TRACK A20110117579206 F 341200 1181800 120 30 999 NONE NONE 290
	FP_ROUTE KC..KB737

TRACK_TIME 1167737286
TRACK A20110117579211 F 445260 931360 120 30 999 NONE NONE 360
	FP_ROUTE KC..KB738

TRACK_TIME 1167737286
TRACK A20110117579214 F 421960 710100 120 30 999 NONE NONE 350
	FP_ROUTE KC..KE170

TRACK_TIME 1167737286
TRACK A20110117579219 F 280100 823160 120 30 999 NONE NONE 340
	FP_ROUTE KC..KB735

TRACK_TIME 1167737286
TRACK A20110117579229 F 360460 1151060 120 30 999 NONE NONE 340
	FP_ROUTE KC..KB738

TRACK_TIME 1167737286
TRACK A20110117579230 F 384900 1213600 120 30 999 NONE NONE 280
	FP_ROUTE KG..KLJ45

TRACK_TIME 1167737286
TRACK A20110117579233 F 325200 970160 120 30 999 NONE NONE 300
	FP_ROUTE KC..KE170

TRACK_TIME 1167737286
TRACK A20110117579235 F 254800 801960 120 30 999 NONE NONE 400
	FP_ROUTE KC..KMD83

TRACK_TIME 1167737286
TRACK A20110117579236 F 325500 970460 120 30 999 NONE NONE 350
	FP_ROUTE KC..KB737

TRACK_TIME 1167737286
TRACK A20110117579237 F 324360 1170900 120 30 999 NONE NONE 380
	FP_ROUTE KC..KE145

TRACK_TIME 1167737286
TRACK A20110117579239 F 433300 1161000 120 30 999 NONE NONE 310
	FP_ROUTE KC..KE145

TRACK_TIME 1167737286
TRACK A20110117579240 F 325500 970100 120 30 999 NONE NONE 360
	FP_ROUTE KC..KB738

TRACK_TIME 1167737286
TRACK A20110117579242 F 360460 1150900 120 30 999 NONE NONE 360
	FP_ROUTE KC..KB752

TRACK_TIME 1167737286
TRACK A20110117579243 F 373600 1221900 120 30 999 NONE NONE 340
	FP_ROUTE KC..KMD82

TRACK_TIME 1167737286
TRACK A20110117579247 F 395560 1044060 120 30 999 NONE NONE 380
	FP_ROUTE KC..KB752

TRACK_TIME 1167737286
TRACK A20110117579248 F 404960 1115860 120 30 999 NONE NONE 380
	FP_ROUTE KC..KB739

TRACK_TIME 1167737286
TRACK A20110117579251 F 394300 861900 120 30 999 NONE NONE 390
	FP_ROUTE KC..KA319

TRACK_TIME 1167737286
TRACK A20110117579263 F 421360 831900 120 30 999 NONE NONE 350
	FP_ROUTE KT..KCRJ2

TRACK_TIME 1167737286
TRACK A20110117579268 F 400000 825700 120 30 999 NONE NONE 360
	FP_ROUTE KC..KE170

TRACK_TIME 1167737286
TRACK A20110117579271 F 395560 840400 120 30 999 NONE NONE 330
	FP_ROUTE KC..KB734

TRACK_TIME 1167737286
TRACK A20110117579275 F 473000 1112100 120 30 999 NONE NONE 250
	FP_ROUTE KC..KB737

TRACK_TIME 1167737286
TRACK A20110117579277 F 404600 734960 120 30 999 NONE NONE 390
	FP_ROUTE KC..KB737

TRACK_TIME 1167737286
TRACK A20110117579278 F 472700 1221900 120 30 999 NONE NONE 380
	FP_ROUTE KC..KB737

TRACK_TIME 1167737286
TRACK A20110117579279 F 400000 824960 120 30 999 NONE NONE 280
	FP_ROUTE KC..KB737

TRACK_TIME 1167737286
TRACK A20110117579280 F 300460 930900 120 30 999 NONE NONE 230
	FP_ROUTE KG..KC550

TRACK_TIME 1167737286
TRACK A20110117579281 F 372100 1215400 120 30 999 NONE NONE 360
	FP_ROUTE KT..KLJ45

TRACK_TIME 1167737286
TRACK A20110117579284 F 403900 741200 120 30 999 NONE NONE 350
	FP_ROUTE KT..KDH8D

TRACK_TIME 1167737286
TRACK A20110117579294 F 384900 770160 120 30 999 NONE NONE 390
	FP_ROUTE KT..KLJ45

TRACK_TIME 1167737286
TRACK A20110117579300 F 361900 941960 120 30 999 NONE NONE 280
	FP_ROUTE KC..KB737

TRACK_TIME 1167737286
TRACK A20110117579309 F 412700 903600 120 30 999 NONE NONE 370
	FP_ROUTE KG..KSB20

TRACK_TIME 1167737286
TRACK A20110117579314 F 325200 970300 120 30 999 NONE NONE 310
	FP_ROUTE KC..KB737

TRACK_TIME 1167737286
TRACK A20110117579320 F 373600 1221900 120 30 999 NONE NONE 360
	FP_ROUTE KC..KB712

TRACK_TIME 1167737286
TRACK A20110117579331 F 260400 801200 120 30 999 NONE NONE 340
	FP_ROUTE KT..KCRJ2

TRACK_TIME 1167737286
TRACK A20110117579332 F 384900 770160 120 30 999 NONE NONE 370
	FP_ROUTE KC..KLJ45

TRACK_TIME 1167737286
TRACK A20110117579333 F 360460 1150900 120 30 999 NONE NONE 320
	FP_ROUTE KC..KLJ45

TRACK_TIME 1167737286
TRACK A20110117579341 F 472800 1221900 120 30 999 NONE NONE 360
	FP_ROUTE KT..KE145

TRACK_TIME 1167737286
TRACK A20110117579343 F 335560 1182560 120 30 999 NONE NONE 380
	FP_ROUTE KC..KB737

TRACK_TIME 1167737286
TRACK A20110117579348 F 441060 975200 120 30 999 NONE NONE 200
	FP_ROUTE KC..KB737

TRACK_TIME 1167737286
TRACK A20110117579355 F 371500 932260 120 30 999 NONE NONE 270
	FP_ROUTE KT..KCRJ9

TRACK_TIME 1167737286
TRACK A20110117579363 F 403760 741200 120 30 999 NONE NONE 370
	FP_ROUTE KC..KB737

TRACK_TIME 1167737286
TRACK A20110117579373 F 361060 955260 120 30 999 NONE NONE 370
	FP_ROUTE KC..KA319

TRACK_TIME 1167737286
TRACK A20110117579392 F 264060 800300 120 30 999 NONE NONE 360
	FP_ROUTE KC..KB737

TRACK_TIME 1167737286
TRACK A20110117579393 F 394900 1043760 120 30 999 NONE NONE 360
	FP_ROUTE KC..KB752

TRACK_TIME 1167737286
TRACK A20110117579394 F 374600 1182800 120 30 999 NONE NONE 220
	FP_ROUTE KC..KB752

TRACK_TIME 1167737286
TRACK A20110117579408 F 373900 972560 120 30 999 NONE NONE 280
	FP_ROUTE KC..KB737

TRACK_TIME 1167737286
TRACK A20110117579414 F 333900 842200 120 30 999 NONE NONE 290
	FP_ROUTE KC..KSF34

TRACK_TIME 1167737286
TRACK A20110117579417 F 325200 965200 120 30 999 NONE NONE 290
	FP_ROUTE KC..KB737

TRACK_TIME 1167737286
TRACK A20110117579418 F 421360 832200 120 30 999 NONE NONE 370
	FP_ROUTE KC..KB737

TRACK_TIME 1167737286
TRACK A20110117579419 F 415400 724360 120 30 999 NONE NONE 370
	FP_ROUTE KC..KMD82

TRACK_TIME 1167737286
TRACK A20110117579423 F 430700 760300 120 30 999 NONE NONE 220
	FP_ROUTE KC..KCRJ2

TRACK_TIME 1167737286
TRACK A20110117579424 F 275700 823300 120 30 999 NONE NONE 370
	FP_ROUTE KT..KCRJ2

TRACK_TIME 1167737286
TRACK A20110117579425 F 371960 1215260 120 30 999 NONE NONE 250
	FP_ROUTE KC..KA319

TRACK_TIME 1167737286
TRACK A20110117579432 F 414800 874660 120 30 999 NONE NONE 390
	FP_ROUTE KC..KMD82

TRACK_TIME 1167737286
TRACK A20110117579433 F 390000 772800 120 30 999 NONE NONE 390
	FP_ROUTE KC..KE170

TRACK_TIME 1167737286
TRACK A20110117579434 F 394060 861900 120 30 999 NONE NONE 310
	FP_ROUTE KC..KE145

TRACK_TIME 1167737286
TRACK A20110117579435 F 420000 875560 120 30 999 NONE NONE 370
	FP_ROUTE KC..KB763

TRACK_TIME 1167737286
TRACK A20110117579437 F 420000 875560 120 30 999 NONE NONE 390
	FP_ROUTE KT..KCRJ9

TRACK_TIME 1167737286
TRACK A20110117579439 F 333700 842800 120 30 999 NONE NONE 330
	FP_ROUTE KT..KCRJ2

TRACK_TIME 1167737286
TRACK A20110117579442 F 351200 805800 120 30 999 NONE NONE 350
	FP_ROUTE KT..KCRJ2

TRACK_TIME 1167737286
TRACK A20110117579444 F 341200 1182400 120 30 999 NONE NONE 340
	FP_ROUTE KC..KB752

TRACK_TIME 1167737286
TRACK A20110117579446 F 384360 1213460 120 30 999 NONE NONE 380
	FP_ROUTE KC..KE145

TRACK_TIME 1167737286
TRACK A20110117579454 F 351200 805560 120 30 999 NONE NONE 330
	FP_ROUTE KT..KCRJ2

TRACK_TIME 1167737286
TRACK A20110117579461 F 605500 1485560 120 30 999 NONE NONE 360
	FP_ROUTE KC..KE145

TRACK_TIME 1167737286
TRACK A20110117579470 F 324360 1171300 120 30 999 NONE NONE 410
	FP_ROUTE KC..KB762

TRACK_TIME 1167737286
TRACK A20110117579472 F 445400 931600 120 30 999 NONE NONE 340
	FP_ROUTE KC..KE135

TRACK_TIME 1167737286
TRACK A20110117579480 F 373600 1222100 120 30 999 NONE NONE 360
	FP_ROUTE KC..KB738

TRACK_TIME 1167737286
TRACK A20110117579491 F 384900 770160 120 30 999 NONE NONE 370
	FP_ROUTE KC..KE170

TRACK_TIME 1167737286
TRACK A20110117579494 F 335560 1182260 120 30 999 NONE NONE 300
	FP_ROUTE KG..KBE20

TRACK_TIME 1167737286
TRACK A20110117579497 F 453300 1225700 120 30 999 NONE NONE 360
	FP_ROUTE KG..KBE20

TRACK_TIME 1167737286
TRACK A20110117579498 F 425860 875260 120 30 999 NONE NONE 370
	FP_ROUTE KC..KB737

TRACK_TIME 1167737286
TRACK A20110117579499 F 351200 785860 120 30 999 NONE NONE 330
	FP_ROUTE KC..KB737

TRACK_TIME 1167737286
TRACK A20110117579500 F 335500 1183400 120 30 999 NONE NONE 380
	FP_ROUTE KG..KF900

TRACK_TIME 1167737286
TRACK A20110117579501 F 300900 974000 120 30 999 NONE NONE 350
	FP_ROUTE KC..KB737

TRACK_TIME 1167737286
TRACK A20110117579502 F 332560 1115800 120 30 999 NONE NONE 360
	FP_ROUTE KC..KA321

TRACK_TIME 1167737286
TRACK A20110117579503 F 341200 1182560 120 30 999 NONE NONE 339
	FP_ROUTE KC..KB752

TRACK_TIME 1167737286
TRACK A20110117579504 F 325100 965200 120 30 999 NONE NONE 280
	FP_ROUTE KC..KE145

TRACK_TIME 1167737286
TRACK A20110117579505 F 350000 1064000 120 30 999 NONE NONE 340
	FP_ROUTE KC..KB738

TRACK_TIME 1167737286
TRACK A20110117579506 F 335700 1182700 120 30 999 NONE NONE 400
	FP_ROUTE KC..KB712

TRACK_TIME 1167737286
TRACK A20110117579508 F 320760 1105700 120 30 999 NONE NONE 320
	FP_ROUTE KC..KE170

TRACK_TIME 1167737286
TRACK A20110117579509 F 324600 1171900 120 30 999 NONE NONE 340
	FP_ROUTE KC..KE170

TRACK_TIME 1167737286
TRACK A20110117579513 F 374060 1221060 120 30 999 NONE NONE 340
	FP_ROUTE KC..KE145

TRACK_TIME 1167737286
TRACK A20110117579526 F 421300 831960 120 30 999 NONE NONE 220
	FP_ROUTE KC..KE145

TRACK_TIME 1167737286
TRACK A20110117579528 F 394500 861500 120 30 999 NONE NONE 220
	FP_ROUTE KC..KB752

TRACK_TIME 1167737286
TRACK A20110117579535 F 254800 801900 120 30 999 NONE NONE 280
	FP_ROUTE KC..KB733

TRACK_TIME 1167737286
TRACK A20110117579537 F 392560 1194600 120 30 999 NONE NONE 230
	FP_ROUTE KC..KB737

TRACK_TIME 1167737286
TRACK A20110117579538 F 332700 1120300 120 30 999 NONE NONE 360
	FP_ROUTE KC..KB737

TRACK_TIME 1167737286
TRACK A20110117579541 F 392700 1194600 120 30 999 NONE NONE 320
	FP_ROUTE KC..KB712

TRACK_TIME 1167737286
TRACK A20110117579543 F 333600 1115700 120 30 999 NONE NONE 290
	FP_ROUTE KC..KB712

TRACK_TIME 1167737286
TRACK A20110117579545 F 335400 1115500 120 30 999 NONE NONE 290
	FP_ROUTE KC..KCRJ2

TRACK_TIME 1167737286
TRACK A20110117579547 F 384900 770160 120 30 999 NONE NONE 349
	FP_ROUTE KC..KB733

TRACK_TIME 1167737286
TRACK A20110117579550 F 360460 1151800 120 30 999 NONE NONE 380
	FP_ROUTE KC..KB737

TRACK_TIME 1167737286
TRACK A20110117579554 F 391060 764200 120 30 999 NONE NONE 370
	FP_ROUTE KC..KB737

TRACK_TIME 1167737286
TRACK A20110117579555 F 332560 1115860 120 30 999 NONE NONE 230
	FP_ROUTE KC..KB737

TRACK_TIME 1167737286
TRACK A20110117579556 F 453400 1223400 120 30 999 NONE NONE 380
	FP_ROUTE KC..KE145

TRACK_TIME 1167737286
TRACK A20110117579558 F 421960 710000 120 30 999 NONE NONE 370
	FP_ROUTE KC..KE170

TRACK_TIME 1167737286
TRACK A20110117579559 F 412700 814800 120 30 999 NONE NONE 290
	FP_ROUTE KC..KB738

TRACK_TIME 1167737286
TRACK A20110117579561 F 205200 1562560 120 30 999 NONE NONE 340
	FP_ROUTE KC..KB735

TRACK_TIME 1167737286
TRACK A20110117579562 F 454800 1083100 120 30 999 NONE NONE 230
	FP_ROUTE KC..KA319

TRACK_TIME 1167737286
TRACK A20110117579564 F 335500 1183300 120 30 999 NONE NONE 390
	FP_ROUTE KC..KB752

TRACK_TIME 1167737286
TRACK A20110117579565 F 293760 951800 120 30 999 NONE NONE 391
	FP_ROUTE KC..KE145

TRACK_TIME 1167737286
TRACK A20110117579567 F 333400 1175800 120 30 999 NONE NONE 320
	FP_ROUTE KG..KBE20

TRACK_TIME 1167737286
TRACK A20110117579583 F 404600 1115800 120 30 999 NONE NONE 340
	FP_ROUTE KG..KBE20

TRACK_TIME 1167737286
TRACK A20110117579585 F 340300 1174300 120 30 999 NONE NONE 270
	FP_ROUTE KC..KA319

TRACK_TIME 1167737286
TRACK A20110117579590 F 360460 1151000 120 30 999 NONE NONE 410
	FP_ROUTE KC..KB737

TRACK_TIME 1167737286
TRACK A20110117579591 F 373600 1221900 120 30 999 NONE NONE 320
	FP_ROUTE KT..KCRJ9

TRACK_TIME 1167737286
TRACK A20110117579596 F 194500 1560160 120 30 999 NONE NONE 230
	FP_ROUTE KG..KFA50

TRACK_TIME 1167737286
TRACK A20110117579603 F 410160 734060 120 30 999 NONE NONE 290
	FP_ROUTE KG..KFA50

TRACK_TIME 1167737286
TRACK A20110117579611 F 453460 1223460 120 30 999 NONE NONE 380
	FP_ROUTE KG..KFA50

TRACK_TIME 1167737286
TRACK A20110117579627 F 404600 1120000 120 30 999 NONE NONE 320
	FP_ROUTE KG..KFA50

TRACK_TIME 1167737286
TRACK A20110117579629 F 372100 1215400 120 30 999 NONE NONE 320
	FP_ROUTE KT..KCRJ2

TRACK_TIME 1167737286
TRACK A20110117579635 F 420160 723600 120 30 999 NONE NONE 290
	FP_ROUTE KC..KB737

TRACK_TIME 1167737286
TRACK A20110117579636 F 422200 710000 120 30 999 NONE NONE 270
	FP_ROUTE KC..KA320

TRACK_TIME 1167737286
TRACK A20110117579639 F 404600 1115800 120 30 999 NONE NONE 330
	FP_ROUTE KC..KCRJ2

TRACK_TIME 1167737286
TRACK A20110117579640 F 404660 1120000 120 30 999 NONE NONE 330
	FP_ROUTE KT..KC750

TRACK_TIME 1167737286
TRACK A20110117579647 F 264900 815800 120 30 999 NONE NONE 320
	FP_ROUTE KC..KB752

TRACK_TIME 1167737286
TRACK A20110117579650 F 284660 811600 120 30 999 NONE NONE 320
	FP_ROUTE KC..KB738

TRACK_TIME 1167737286
TRACK A20110117579665 F 293400 983100 120 30 999 NONE NONE 380
	FP_ROUTE KT..KE120

TRACK_TIME 1167737286
TRACK A20110117579667 F 335560 1182700 120 30 999 NONE NONE 329
	FP_ROUTE KC..KE170

TRACK_TIME 1167737286
TRACK A20110117579668 F 384600 902100 120 30 999 NONE NONE 260
	FP_ROUTE KC..KCRJ2

TRACK_TIME 1167737286
TRACK A20110117579669 F 332560 1120160 120 30 999 NONE NONE 290
	FP_ROUTE KC..KB752

TRACK_TIME 1167737286
TRACK A20110117579670 F 444500 853160 120 30 999 NONE NONE 210
	FP_ROUTE KC..KE145

TRACK_TIME 1167737286
TRACK A20110117579677 F 211660 1575200 120 30 999 NONE NONE 300
	FP_ROUTE KC..KB737

TRACK_TIME 1167737286
TRACK A20110117579678 F 395260 751300 120 30 999 NONE NONE 270
	FP_ROUTE KC..KB737

TRACK_TIME 1167737286
TRACK A20110117579686 F 335700 1182700 120 30 999 NONE NONE 330
	FP_ROUTE KG..KBE20

TRACK_TIME 1167737286
TRACK A20110117579687 F 361600 863600 120 30 999 NONE NONE 270
	FP_ROUTE KG..KBE20

TRACK_TIME 1167737286
TRACK A20110117579696 F 355100 784900 120 30 999 NONE NONE 230
	FP_ROUTE KC..KB737

TRACK_TIME 1167737286
TRACK A20110117579699 F 372100 1215500 120 30 999 NONE NONE 240
	FP_ROUTE KG..KC550

TRACK_TIME 1167737286
TRACK A20110117579701 F 433300 1161000 120 30 999 NONE NONE 250
	FP_ROUTE KG..KC750

TRACK_TIME 1167737286
TRACK A20110117579702 F 445400 931360 120 30 999 NONE NONE 380
	FP_ROUTE KG..KC750

TRACK_TIME 1167737286
TRACK A20110117579706 F 403700 734660 120 30 999 NONE NONE 350
	FP_ROUTE KC..KB733

TRACK_TIME 1167737286
TRACK A20110117579711 F 472860 1221900 120 30 999 NONE NONE 240
	FP_ROUTE KC..KB737

TRACK_TIME 1167737286
TRACK A20110117579723 F 441900 1064060 120 30 999 NONE NONE 240
	FP_ROUTE KT..KCRJ2

TRACK_TIME 1167737286
TRACK A20110117579724 F 481000 1033700 120 30 999 NONE NONE 250
	FP_ROUTE KC..KB737

TRACK_TIME 1167737286
TRACK A20110117579725 F 325500 970160 120 30 999 NONE NONE 260
	FP_ROUTE KC..KB738

TRACK_TIME 1167737286
TRACK A20110117579726 F 405260 813000 120 30 999 NONE NONE 280
	FP_ROUTE KC..KB738

TRACK_TIME 1167737286
TRACK A20110117579728 F 325200 970160 120 30 999 NONE NONE 350
	FP_ROUTE KC..KB737

TRACK_TIME 1167737286
TRACK A20110117579735 F 444960 931360 120 30 999 NONE NONE 350
	FP_ROUTE KC..KB744

TRACK_TIME 1167737286
TRACK A20110117579736 F 254660 801900 120 30 999 NONE NONE 251
	FP_ROUTE KC..KA321

TRACK_TIME 1167737286
TRACK A20110117579740 F 395260 1043460 120 30 999 NONE NONE 340
	FP_ROUTE KC..KB734

TRACK_TIME 1167737286
TRACK A20110117579743 F 394960 1044300 120 30 999 NONE NONE 360
	FP_ROUTE KC..KB737

TRACK_TIME 1167737286
TRACK A20110117579748 F 641500 1460100 120 30 999 NONE NONE 360
	FP_ROUTE KT..KC750

TRACK_TIME 1167737286
TRACK A20110117579756 F 320900 1105860 120 30 999 NONE NONE 340
	FP_ROUTE KC..KE170

TRACK_TIME 1167737286
TRACK A20110117579758 F 433400 1161360 120 30 999 NONE NONE 340
	FP_ROUTE KT..KC750

TRACK_TIME 1167737286
TRACK A20110117579759 F 351360 805500 120 30 999 NONE NONE 330
	FP_ROUTE KT..KC750

TRACK_TIME 1167737286
TRACK A20110117579761 F 211660 1575200 120 30 999 NONE NONE 280
	FP_ROUTE KC..KB738

TRACK_TIME 1167737286
TRACK A20110117579775 F 355100 835800 120 30 999 NONE NONE 370
	FP_ROUTE KC..KE170

TRACK_TIME 1167737286
TRACK A20110117579781 F 381200 854360 120 30 999 NONE NONE 230
	FP_ROUTE KC..KB737

TRACK_TIME 1167737286
TRACK A20110117579789 F 390760 843900 120 30 999 NONE NONE 280
	FP_ROUTE KC..KB737

TRACK_TIME 1167737286
TRACK A20110117579809 F 371960 1215400 120 30 999 NONE NONE 400
	FP_ROUTE KC..KB712

TRACK_TIME 1167737286
TRACK A20110117579810 F 293700 951500 120 30 999 NONE NONE 240
	FP_ROUTE KC..KCRJ2

TRACK_TIME 1167737286
TRACK A20110117579813 F 333700 842860 120 30 999 NONE NONE 350
	FP_ROUTE KC..KA320

TRACK_TIME 1167737286
TRACK A20110117579814 F 325260 970160 120 30 999 NONE NONE 290
	FP_ROUTE KC..KB733

TRACK_TIME 1167737286
TRACK A20110117579819 F 303760 862700 120 30 999 NONE NONE 260
	FP_ROUTE KC..KB737

TRACK_TIME 1167737286
TRACK A20110117579821 F 335560 1182200 120 30 999 NONE NONE 380
	FP_ROUTE KC..KB735

TRACK_TIME 1167737286
TRACK A20110117579826 F 300160 974060 120 30 999 NONE NONE 360
	FP_ROUTE KC..KB737

TRACK_TIME 1167737286
TRACK A20110117579827 F 445400 931500 120 30 999 NONE NONE 350
	FP_ROUTE KC..KB712

TRACK_TIME 1167737286
TRACK A20110117579830 F 472800 1221900 120 30 999 NONE NONE 340
	FP_ROUTE KT..KCRJ2

TRACK_TIME 1167737286
TRACK A20110117579833 F 384500 902100 120 30 999 NONE NONE 310
	FP_ROUTE KC..KA332

TRACK_TIME 1167737286
TRACK A20110117579835 F 300000 952260 120 30 999 NONE NONE 370
	FP_ROUTE KC..KCRJ9

TRACK_TIME 1167737286
TRACK A20110117579843 F 373600 1222100 120 30 999 NONE NONE 380
	FP_ROUTE KC..KCRJ2

TRACK_TIME 1167737286
TRACK A20110117579845 F 335560 1183400 120 30 999 NONE NONE 340
	FP_ROUTE KC..KB733

TRACK_TIME 1167737286
TRACK A20110117579846 F 403100 885400 120 30 999 NONE NONE 270
	FP_ROUTE KG..KC550

TRACK_TIME 1167737286
TRACK A20110117579848 F 335500 1183300 120 30 999 NONE NONE 320
	FP_ROUTE KC..KCRJ9

TRACK_TIME 1167737286
TRACK A20110117579849 F 395500 750600 120 30 999 NONE NONE 230
	FP_ROUTE KC..KCRJ2

TRACK_TIME 1167737286
TRACK A20110117579850 F 280100 823300 120 30 999 NONE NONE 390
	FP_ROUTE KC..KE170

TRACK_TIME 1167737286
TRACK A20110117579852 F 442860 1085560 120 30 999 NONE NONE 280
	FP_ROUTE KC..KCRJ2

TRACK_TIME 1167737286
TRACK A20110117579855 F 360900 863900 120 30 999 NONE NONE 390
	FP_ROUTE KC..KB712

TRACK_TIME 1167737286
TRACK A20110117579856 F 370760 1074600 120 30 999 NONE NONE 260
	FP_ROUTE KT..KDH8D

TRACK_TIME 1167737286
TRACK A20110117579859 F 420900 1214360 120 30 999 NONE NONE 260
	FP_ROUTE KC..KB752

TRACK_TIME 1167737286
TRACK A20110117579861 F 390100 843900 120 30 999 NONE NONE 370
	FP_ROUTE KC..KE145

TRACK_TIME 1167737286
TRACK A20110117579864 F 403700 734660 120 30 999 NONE NONE 350
	FP_ROUTE KC..KMD83

TRACK_TIME 1167737286
TRACK A20110117579867 F 360400 1150460 120 30 999 NONE NONE 360
	FP_ROUTE KC..KB752

TRACK_TIME 1167737286
TRACK A20110117579869 F 352260 1205100 120 30 999 NONE NONE 190
	FP_ROUTE KC..KB712

TRACK_TIME 1167737286
TRACK A20110117579880 F 425860 875260 120 30 999 NONE NONE 330
	FP_ROUTE KC..KE145

TRACK_TIME 1167737286
TRACK A20110117579881 F 284660 811360 120 30 999 NONE NONE 330
	FP_ROUTE KC..KB733

TRACK_TIME 1167737286
TRACK A20110117579882 F 445260 931060 120 30 999 NONE NONE 270
	FP_ROUTE KC..KMD82

TRACK_TIME 1167737286
TRACK A20110117579887 F 391000 764200 120 30 999 NONE NONE 350
	FP_ROUTE KC..KE170

TRACK_TIME 1167737286
TRACK A20110117579889 F 205100 1562700 120 30 999 NONE NONE 370
	FP_ROUTE KT..KC560

TRACK_TIME 1167737286
TRACK A20110117579893 F 384900 770160 120 30 999 NONE NONE 330
	FP_ROUTE KT..KC560

TRACK_TIME 1167737286
TRACK A20110117579901 F 420000 875700 120 30 999 NONE NONE 350
	FP_ROUTE KG..KBE20

TRACK_TIME 1167737286
TRACK A20110117579917 F 373600 1221960 120 30 999 NONE NONE 380
	FP_ROUTE KG..KBE20

TRACK_TIME 1167737286
TRACK A20110117579919 F 394900 1044060 120 30 999 NONE NONE 370
	FP_ROUTE KT..KCRJ2

TRACK_TIME 1167737286
TRACK A20110117579922 F 373600 1221960 120 30 999 NONE NONE 360
	FP_ROUTE KG..KBE20

TRACK_TIME 1167737286
TRACK A20110117579927 F 394900 1043900 120 30 999 NONE NONE 380
	FP_ROUTE KC..KE145

TRACK_TIME 1167737286
TRACK A20110117579928 F 421360 832200 120 30 999 NONE NONE 330
	FP_ROUTE KC..KB763

TRACK_TIME 1167737286
TRACK A20110117579929 F 421960 710100 120 30 999 NONE NONE 350
	FP_ROUTE KC..KA320

TRACK_TIME 1167737286
TRACK A20110117579932 F 394900 1044000 120 30 999 NONE NONE 380
	FP_ROUTE KC..KCRJ2

TRACK_TIME 1167737286
TRACK A20110117579937 F 300000 951800 120 30 999 NONE NONE 370
	FP_ROUTE KC..KCRJ2

TRACK_TIME 1167737286
TRACK A20110117579941 F 384800 770160 120 30 999 NONE NONE 290
	FP_ROUTE KT..KE145

TRACK_TIME 1167737286
TRACK A20110117579947 F 415560 724060 120 30 999 NONE NONE 250
	FP_ROUTE KC..KB733

TRACK_TIME 1167737286
TRACK A20110117579949 F 420100 875800 120 30 999 NONE NONE 370
	FP_ROUTE KC..KB752

TRACK_TIME 1167737286
TRACK A20110117579950 F 395200 751660 120 30 999 NONE NONE 230
	FP_ROUTE KC..KB737

TRACK_TIME 1167737286
TRACK A20110117579953 F 335560 1182100 120 30 999 NONE NONE 330
	FP_ROUTE KC..KA320

TRACK_TIME 1167737286
TRACK A20110117579961 F 373600 1222100 120 30 999 NONE NONE 370
	FP_ROUTE KG..KBE20

TRACK_TIME 1167737286
TRACK A20110117579964 F 294000 951800 120 30 999 NONE NONE 370
	FP_ROUTE KC..KB737

TRACK_TIME 1167737286
TRACK A20110117579972 F 472860 1221900 120 30 999 NONE NONE 380
	FP_ROUTE KC..KB737

TRACK_TIME 1167737286
TRACK A20110117579976 F 341200 1181300 120 30 999 NONE NONE 270
	FP_ROUTE KC..KE170

TRACK_TIME 1167737286
TRACK A20110117579977 F 604900 1482700 120 30 999 NONE NONE 380
	FP_ROUTE KC..KB737

TRACK_TIME 1167737286
TRACK A20110117579979 F 453400 1223300 120 30 999 NONE NONE 380
	FP_ROUTE KC..KE170

TRACK_TIME 1167737286
TRACK A20110117579982 F 404600 735100 120 30 999 NONE NONE 350
	FP_ROUTE KC..KE170

TRACK_TIME 1167737286
TRACK A20110117579984 F 394900 1044000 120 30 999 NONE NONE 380
	FP_ROUTE KT..KC750

TRACK_TIME 1167737286
TRACK A20110117579992 F 282500 811900 120 30 999 NONE NONE 390
	FP_ROUTE KT..KCRJ2

TRACK_TIME 1167737286
TRACK A20110117579996 F 472800 1221900 120 30 999 NONE NONE 400
	FP_ROUTE KC..KE145

TRACK_TIME 1167737286
TRACK A20110117579998 F 445260 931360 120 30 999 NONE NONE 370
	FP_ROUTE KC..KB733

TRACK_TIME 1167737286
TRACK A20110117580002 F 373600 1222100 120 30 999 NONE NONE 340
	FP_ROUTE KG..KBE20

TRACK_TIME 1167737286
TRACK A20110117580004 F 445400 931500 120 30 999 NONE NONE 320
	FP_ROUTE KC..KA319

TRACK_TIME 1167737286
TRACK A20110117580006 F 300000 952260 120 30 999 NONE NONE 270
	FP_ROUTE KC..KB733

TRACK_TIME 1167737286
TRACK A20110117580009 F 341060 1181500 120 30 999 NONE NONE 330
	FP_ROUTE KC..KE170

TRACK_TIME 1167737286
TRACK A20110117580010 F 332560 1115800 120 30 999 NONE NONE 330
	FP_ROUTE KC..KB737

TRACK_TIME 1167737286
TRACK A20110117580011 F 472800 1221900 120 30 999 NONE NONE 400
	FP_ROUTE KT..KC750

TRACK_TIME 1167737286
TRACK A20110117580015 F 260400 801200 120 30 999 NONE NONE 360
	FP_ROUTE KT..KLJ45

TRACK_TIME 1167737286
TRACK A20110117580016 F 360900 863900 120 30 999 NONE NONE 340
	FP_ROUTE KT..KLJ45

TRACK_TIME 1167737286
TRACK A20110117580020 F 335500 1183400 120 30 999 NONE NONE 340
	FP_ROUTE KC..KB733

TRACK_TIME 1167737286
TRACK A20110117580022 F 335560 1183300 120 30 999 NONE NONE 270
	FP_ROUTE KC..KE145

TRACK_TIME 1167737286
TRACK A20110117580026 F 334800 1180760 120 30 999 NONE NONE 340
	FP_ROUTE KG..KCL60

TRACK_TIME 1167737286
TRACK A20110117580027 F 473760 1173100 120 30 999 NONE NONE 380
	FP_ROUTE KC..KDH8A

TRACK_TIME 1167737286
TRACK A20110117580029 F 360460 1151060 120 30 999 NONE NONE 340
	FP_ROUTE KT..KCRJ2

TRACK_TIME 1167737286
TRACK A20110117580033 F 465200 964900 120 30 999 NONE NONE 260
	FP_ROUTE KC..KBE20

TRACK_TIME 1167737286
TRACK A20110117580038 F 282800 811960 120 30 999 NONE NONE 281
	FP_ROUTE KC..KBE20

TRACK_TIME 1167737286
TRACK A20110117580039 F 395500 1044060 120 30 999 NONE NONE 260
	FP_ROUTE KT..KCRJ1

TRACK_TIME 1167737286
TRACK A20110117580056 F 422860 1225560 120 30 999 NONE NONE 220
	FP_ROUTE KG..KBE9L

TRACK_TIME 1167737286
TRACK A20110117580059 F 350000 895860 120 30 999 NONE NONE 220
	FP_ROUTE KC..KB737

TRACK_TIME 1167737286
TRACK A20110117580063 F 403900 741200 120 30 999 NONE NONE 330
	FP_ROUTE KC..KB737

TRACK_TIME 1167737286
TRACK A20110117580067 F 385800 1044300 120 30 999 NONE NONE 330
	FP_ROUTE KG..KCL60

TRACK_TIME 1167737286
TRACK A20110117580069 F 433700 964300 120 30 999 NONE NONE 390
	FP_ROUTE KC..KA319

TRACK_TIME 1167737286
TRACK A20110117580070 F 384500 902200 120 30 999 NONE NONE 370
	FP_ROUTE KT..KCRJ2

TRACK_TIME 1167737286
TRACK A20110117580071 F 605400 1485400 120 30 999 NONE NONE 300
	FP_ROUTE KC..KB737

TRACK_TIME 1167737286
TRACK A20110117580074 F 473700 1173160 120 30 999 NONE NONE 400
	FP_ROUTE KC..KB735

TRACK_TIME 1167737286
TRACK A20110117580075 F 394960 1044360 120 30 999 NONE NONE 350
	FP_ROUTE KC..KB738

TRACK_TIME 1167737286
TRACK A20110117580077 F 390600 844000 120 30 999 NONE NONE 370
	FP_ROUTE KC..KB737

TRACK_TIME 1167737286
TRACK A20110117580078 F 325100 965100 120 30 999 NONE NONE 360
	FP_ROUTE KC..KB737

TRACK_TIME 1167737286
TRACK A20110117580089 F 325560 970160 120 30 999 NONE NONE 380
	FP_ROUTE KC..KB737

TRACK_TIME 1167737286
TRACK A20110117580116 F 403700 734660 120 30 999 NONE NONE 370
	FP_ROUTE KT..KCRJ9

TRACK_TIME 1167737286
TRACK A20110117580123 F 395500 1044060 120 30 999 NONE NONE 380
	FP_ROUTE KT..KC560

TRACK_TIME 1167737286
TRACK A20110117580124 F 422260 710000 120 30 999 NONE NONE 210
	FP_ROUTE KC..KE145

TRACK_TIME 1167737286
TRACK A20110117580128 F 404500 735100 120 30 999 NONE NONE 210
	FP_ROUTE KC..KB737

TRACK_TIME 1167737286
TRACK A20110117580130 F 403900 734800 120 30 999 NONE NONE 370
	FP_ROUTE KC..KCRJ2

TRACK_TIME 1167737286
TRACK A20110117580132 F 384360 1213600 120 30 999 NONE NONE 380
	FP_ROUTE KC..KE145

TRACK_TIME 1167737286
TRACK A20110117580133 F 334060 1175200 120 30 999 NONE NONE 390
	FP_ROUTE KC..KB737

TRACK_TIME 1167737286
TRACK A20110117580134 F 211600 1575100 120 30 999 NONE NONE 340
	FP_ROUTE KC..KB738

TRACK_TIME 1167737286
TRACK A20110117580135 F 194300 1550100 120 30 999 NONE NONE 270
	FP_ROUTE KG..KBE20

TRACK_TIME 1167737286
TRACK A20110117580136 F 360760 864060 120 30 999 NONE NONE 330
	FP_ROUTE KC..KA319

TRACK_TIME 1167737286
TRACK A20110117580137 F 331960 815100 120 30 999 NONE NONE 180
	FP_ROUTE KC..KB734

TRACK_TIME 1167737286
TRACK A20110117580139 F 445400 931360 120 30 999 NONE NONE 320
	FP_ROUTE KT..KCRJ2

TRACK_TIME 1167737286
TRACK A20110117580142 F 400000 825800 120 30 999 NONE NONE 280
	FP_ROUTE KT..KCRJ2

TRACK_TIME 1167737286
TRACK A20110117580145 F 260400 801200 120 30 999 NONE NONE 400
	FP_ROUTE KC..KE145

TRACK_TIME 1167737286
TRACK A20110117580146 F 373600 1221960 120 30 999 NONE NONE 340
	FP_ROUTE KC..KE170

TRACK_TIME 1167737286
TRACK A20110117580147 F 360900 800100 120 30 999 NONE NONE 250
	FP_ROUTE KC..KB737

TRACK_TIME 1167737286
TRACK A20110117580155 F 293300 983000 120 30 999 NONE NONE 360
	FP_ROUTE KC..KE170

TRACK_TIME 1167737286
TRACK A20110117580157 F 420000 875700 120 30 999 NONE NONE 350
	FP_ROUTE KC..KE190

TRACK_TIME 1167737286
TRACK A20110117580160 F 374060 1221060 120 30 999 NONE NONE 400
	FP_ROUTE KC..KB737

TRACK_TIME 1167737286
TRACK A20110117580161 F 373900 972560 120 30 999 NONE NONE 330
	FP_ROUTE KC..KB739

TRACK_TIME 1167737286
TRACK A20110117580162 F 332560 1115700 120 30 999 NONE NONE 340
	FP_ROUTE KC..KA319

TRACK_TIME 1167737286
TRACK A20110117580175 F 360700 864000 120 30 999 NONE NONE 340
	FP_ROUTE KC..KE145

TRACK_TIME 1167737286
TRACK A20110117580176 F 304960 881060 120 30 999 NONE NONE 300
	FP_ROUTE KT..KCRJ2

TRACK_TIME 1167737286
TRACK A20110117580183 F 385560 1044060 120 30 999 NONE NONE 260
	FP_ROUTE KT..KCRJ2

TRACK_TIME 1167737286
TRACK A20110117580187 F 430000 712860 120 30 999 NONE NONE 370
	FP_ROUTE KC..KB738

TRACK_TIME 1167737286
TRACK A20110117580195 F 364360 1193900 120 30 999 NONE NONE 220
	FP_ROUTE KC..KA319

TRACK_TIME 1167737286
TRACK A20110117580197 F 472860 1221900 120 30 999 NONE NONE 360
	FP_ROUTE KC..KB752

TRACK_TIME 1167737286
TRACK A20110117580198 F 335500 1183000 120 30 999 NONE NONE 370
	FP_ROUTE KT..KCRJ9

TRACK_TIME 1167737286
TRACK A20110117580199 F 414800 874660 120 30 999 NONE NONE 370
	FP_ROUTE KC..KB738

TRACK_TIME 1167737286
TRACK A20110117580201 F 335700 1182700 120 30 999 NONE NONE 360
	FP_ROUTE KC..KB752

TRACK_TIME 1167737286
TRACK A20110117580202 F 333760 842860 120 30 999 NONE NONE 370
	FP_ROUTE KC..KCRJ2

TRACK_TIME 1167737286
TRACK A20110117580203 F 360760 864060 120 30 999 NONE NONE 400
	FP_ROUTE KC..KA319

TRACK_TIME 1167737286
TRACK A20110117580208 F 440700 1231300 120 30 999 NONE NONE 320
	FP_ROUTE KT..KCRJ9

TRACK_TIME 1167737286
TRACK A20110117580209 F 373600 1221900 120 30 999 NONE NONE 360
	FP_ROUTE KG..KC750

TRACK_TIME 1167737286
TRACK A20110117580214 F 373600 1221960 120 30 999 NONE NONE 350
	FP_ROUTE KC..KB762

TRACK_TIME 1167737286
TRACK A20110117580215 F 404800 1115800 120 30 999 NONE NONE 290
	FP_ROUTE KT..KE145

TRACK_TIME 1167737286
TRACK A20110117580221 F 404000 741060 120 30 999 NONE NONE 370
	FP_ROUTE KC..KE170

TRACK_TIME 1167737286
TRACK A20110117580223 F 335260 1183000 120 30 999 NONE NONE 330
	FP_ROUTE KC..KB737

TRACK_TIME 1167737286
TRACK A20110117580227 F 454660 1111000 120 30 999 NONE NONE 370
	FP_ROUTE KC..KB737

TRACK_TIME 1167737286
TRACK A20110117580233 F 360460 1150900 120 30 999 NONE NONE 380
	FP_ROUTE KC..KCRJ2

TRACK_TIME 1167737286
TRACK A20110117580240 F 325500 970160 120 30 999 NONE NONE 360
	FP_ROUTE KT..KE145

TRACK_TIME 1167737286
TRACK A20110117580246 F 341200 1181660 120 30 999 NONE NONE 270
	FP_ROUTE KC..KC130

TRACK_TIME 1167737286
TRACK A20110117580247 F 334060 1175200 120 30 999 NONE NONE 380
	FP_ROUTE KC..KB733

TRACK_TIME 1167737286
TRACK A20110117580251 F 610000 1513160 120 30 999 NONE NONE 230
	FP_ROUTE KC..KA321

TRACK_TIME 1167737286
TRACK A20110117580255 F 363600 1215100 120 30 999 NONE NONE 260
	FP_ROUTE KC..KB733

TRACK_TIME 1167737286
TRACK A20110117580256 F 335560 1182400 120 30 999 NONE NONE 270
	FP_ROUTE KC..KB733

TRACK_TIME 1167737286
TRACK A20110117580258 F 395400 1044200 120 30 999 NONE NONE 250
	FP_ROUTE KC..KB712

TRACK_TIME 1167737286
TRACK A20110117580259 F 381960 823000 120 30 999 NONE NONE 200
	FP_ROUTE KC..KB738

TRACK_TIME 1167737286
TRACK A20110117580262 F 302860 814360 120 30 999 NONE NONE 350
	FP_ROUTE KC..KE145

TRACK_TIME 1167737286
TRACK A20110117580264 F 293600 951360 120 30 999 NONE NONE 400
	FP_ROUTE KT..KCRJ9

TRACK_TIME 1167737286
TRACK A20110117580277 F 445400 931360 120 30 999 NONE NONE 300
	FP_ROUTE KC..KE170

TRACK_TIME 1167737286
TRACK A20110117580278 F 300700 974060 120 30 999 NONE NONE 370
	FP_ROUTE KC..KB752

TRACK_TIME 1167737286
TRACK A20110117580279 F 300900 974000 120 30 999 NONE NONE 370
	FP_ROUTE KC..KB739

TRACK_TIME 1167737286
TRACK A20110117580281 F 335700 1182700 120 30 999 NONE NONE 390
	FP_ROUTE KC..KB737

TRACK_TIME 1167737286
TRACK A20110117580283 F 415800 875560 120 30 999 NONE NONE 330
	FP_ROUTE KT..KBE9L

TRACK_TIME 1167737286
TRACK A20110117580284 F 415800 724060 120 30 999 NONE NONE 370
	FP_ROUTE KC..KCRJ2

TRACK_TIME 1167737286
TRACK A20110117580285 F 415800 875860 120 30 999 NONE NONE 340
	FP_ROUTE KC..KCRJ2

TRACK_TIME 1167737286
TRACK A20110117580286 F 404600 734960 120 30 999 NONE NONE 410
	FP_ROUTE KC..KB738

TRACK_TIME 1167737286
TRACK A20110117580289 F 384500 1213600 120 30 999 NONE NONE 360
	FP_ROUTE KC..KB752

TRACK_TIME 1167737286
TRACK A20110117580303 F 333300 864660 120 30 999 NONE NONE 290
	FP_ROUTE KC..KA320

TRACK_TIME 1167737286
TRACK A20110117580305 F 182500 660160 120 30 999 NONE NONE 390
	FP_ROUTE KC..KA320

TRACK_TIME 1167737286
TRACK A20110117580308 F 334660 1162500 120 30 999 NONE NONE 341
	FP_ROUTE KC..KB752

TRACK_TIME 1167737286
TRACK A20110117580309 F 351360 805560 120 30 999 NONE NONE 280
	FP_ROUTE KC..KE170

TRACK_TIME 1167737286
TRACK A20110117580311 F 445260 931500 120 30 999 NONE NONE 340
	FP_ROUTE KT..KCRJ2

TRACK_TIME 1167737286
TRACK A20110117580315 F 274960 823300 120 30 999 NONE NONE 360
	FP_ROUTE KC..KB733

TRACK_TIME 1167737286
TRACK A20110117580317 F 373460 1221800 120 30 999 NONE NONE 300
	FP_ROUTE KC..KB737

TRACK_TIME 1167737286
TRACK A20110117580324 F 425500 875400 120 30 999 NONE NONE 360
	FP_ROUTE KC..KB763

TRACK_TIME 1167737286
TRACK A20110117580327 F 371660 795700 120 30 999 NONE NONE 200
	FP_ROUTE KC..KCRJ2

TRACK_TIME 1167737286
TRACK A20110117580328 F 395100 752500 120 30 999 NONE NONE 350
	FP_ROUTE KT..KCRJ2

TRACK_TIME 1167737286
TRACK A20110117580329 F 432700 1142500 120 30 999 NONE NONE 350
	FP_ROUTE KT..KCRJ2

TRACK_TIME 1167737286
TRACK A20110117580331 F 453460 1223600 120 30 999 NONE NONE 370
	FP_ROUTE KT..KCRJ2

TRACK_TIME 1167737286
TRACK A20110117580332 F 333900 1115260 120 30 999 NONE NONE 350
	FP_ROUTE KC..KB738

TRACK_TIME 1167737286
TRACK A20110117580336 F 411660 955260 120 30 999 NONE NONE 330
	FP_ROUTE KC..KCRJ2

TRACK_TIME 1167737286
TRACK A20110117580339 F 425800 875400 120 30 999 NONE NONE 240
	FP_ROUTE KC..KCRJ2

TRACK_TIME 1167737286
TRACK A20110117580340 F 372800 771660 120 30 999 NONE NONE 370
	FP_ROUTE KC..KCRJ2

TRACK_TIME 1167737286
TRACK A20110117580345 F 425700 875260 120 30 999 NONE NONE 260
	FP_ROUTE KC..KMD82

TRACK_TIME 1167737286
TRACK A20110117580355 F 461300 1164300 120 30 999 NONE NONE 300
	FP_ROUTE KC..KMD82

TRACK_TIME 1167737286
TRACK A20110117580360 F 261060 981500 120 30 999 NONE NONE 340
	FP_ROUTE KC..KE135

TRACK_TIME 1167737286
TRACK A20110117580365 F 320900 1105860 120 30 999 NONE NONE 310
	FP_ROUTE KG..KFA20

TRACK_TIME 1167737286
TRACK A20110117580366 F 404800 1120000 120 30 999 NONE NONE 330
	FP_ROUTE KG..KFA20

TRACK_TIME 1167737286
TRACK A20110117580367 F 410300 734200 120 30 999 NONE NONE 410
	FP_ROUTE KC..KB734

TRACK_TIME 1167737286
TRACK A20110117580369 F 295860 951600 120 30 999 NONE NONE 250
	FP_ROUTE KC..KCRJ2

TRACK_TIME 1167737286
TRACK A20110117580371 F 335260 1161800 120 30 999 NONE NONE 331
	FP_ROUTE KC..KCRJ2

TRACK_TIME 1167737286
TRACK A20110117580374 F 472800 1221900 120 30 999 NONE NONE 240
	FP_ROUTE KC..KCRJ2

TRACK_TIME 1167737286
TRACK A20110117580375 F 465100 1010000 120 30 999 NONE NONE 330
	FP_ROUTE KC..KB737

TRACK_TIME 1167737286
TRACK A20110117580376 F 395260 1043460 120 30 999 NONE NONE 250
	FP_ROUTE KC..KB737

TRACK_TIME 1167737286
TRACK A20110117580381 F 333700 842200 120 30 999 NONE NONE 290
	FP_ROUTE KT..KCRJ2

TRACK_TIME 1167737286
TRACK A20110117580384 F 420000 875700 120 30 999 NONE NONE 370
	FP_ROUTE KC..KA319

TRACK_TIME 1167737286
TRACK A20110117580393 F 182560 660100 120 30 999 NONE NONE 390
	FP_ROUTE KC..KA319

TRACK_TIME 1167737286
TRACK A20110117580394 F 343700 864600 120 30 999 NONE NONE 290
	FP_ROUTE KT..KE145

TRACK_TIME 1167737286
TRACK A20110117580396 F 335560 1182500 120 30 999 NONE NONE 350
	FP_ROUTE KC..KB738

TRACK_TIME 1167737286
TRACK A20110117580397 F 400000 825100 120 30 999 NONE NONE 230
	FP_ROUTE KC..KA319

TRACK_TIME 1167737286
TRACK A20110117580410 F 335560 1182200 120 30 999 NONE NONE 380
	FP_ROUTE KC..KE145

TRACK_TIME 1167737286
TRACK A20110117580414 F 361360 955260 120 30 999 NONE NONE 330
	FP_ROUTE KC..KE120

TRACK_TIME 1167737286
TRACK A20110117580417 F 394660 1044000 120 30 999 NONE NONE 340
	FP_ROUTE KC..KB712

TRACK_TIME 1167737286
TRACK A20110117580419 F 320900 1105800 120 30 999 NONE NONE 340
	FP_ROUTE KG..KF900

TRACK_TIME 1167737286
TRACK A20110117580421 F 335700 1182700 120 30 999 NONE NONE 340
	FP_ROUTE KT..KCRJ1

TRACK_TIME 1167737286
TRACK A20110117580428 F 334000 1175200 120 30 999 NONE NONE 410
	FP_ROUTE KC..KB738

TRACK_TIME 1167737286
TRACK A20110117580430 F 435560 1030000 120 30 999 NONE NONE 320
	FP_ROUTE KG..KC560

TRACK_TIME 1167737286
TRACK A20110117580435 F 404800 1115860 120 30 999 NONE NONE 370
	FP_ROUTE KC..KCRJ2

TRACK_TIME 1167737286
TRACK A20110117580438 F 373600 1221800 120 30 999 NONE NONE 360
	FP_ROUTE KC..KB753

TRACK_TIME 1167737286
TRACK A20110117580440 F 384500 902200 120 30 999 NONE NONE 390
	FP_ROUTE KC..KCRJ2

TRACK_TIME 1167737286
TRACK A20110117580443 F 275800 823300 120 30 999 NONE NONE 380
	FP_ROUTE KC..KCRJ2

TRACK_TIME 1167737286
TRACK A20110117580444 F 395260 1043700 120 30 999 NONE NONE 280
	FP_ROUTE KT..KCRJ2

TRACK_TIME 1167737286
TRACK A20110117580448 F 335700 1182700 120 30 999 NONE NONE 330
	FP_ROUTE KC..KA319

TRACK_TIME 1167737286
TRACK A20110117580450 F 422560 1225400 120 30 999 NONE NONE 250
	FP_ROUTE KC..KB753

TRACK_TIME 1167737286
TRACK A20110117580457 F 194360 1560160 120 30 999 NONE NONE 230
	FP_ROUTE KC..KA320

TRACK_TIME 1167737286
TRACK A20110117580458 F 373600 1221900 120 30 999 NONE NONE 330
	FP_ROUTE KC..KB739

TRACK_TIME 1167737286
TRACK A20110117580469 F 473000 1221800 120 30 999 NONE NONE 360
	FP_ROUTE KC..KCRJ2

TRACK_TIME 1167737286
TRACK A20110117580471 F 415560 875560 120 30 999 NONE NONE 360
	FP_ROUTE KC..KDH8D

TRACK_TIME 1167737286
TRACK A20110117580472 F 324360 1171200 120 30 999 NONE NONE 260
	FP_ROUTE KC..KCRJ2

TRACK_TIME 1167737286
TRACK A20110117580473 F 395400 1044060 120 30 999 NONE NONE 400
	FP_ROUTE KC..KE135

TRACK_TIME 1167737286
TRACK A20110117580474 F 453400 1223400 120 30 999 NONE NONE 380
	FP_ROUTE KC..KCRJ2

TRACK_TIME 1167737286
TRACK A20110117580475 F 472860 1221900 120 30 999 NONE NONE 360
	FP_ROUTE KC..KCRJ2

TRACK_TIME 1167737286
TRACK A20110117580483 F 384300 1213600 120 30 999 NONE NONE 360
	FP_ROUTE KC..KE145

TRACK_TIME 1167737286
TRACK A20110117580486 F 302860 814360 120 30 999 NONE NONE 360
	FP_ROUTE KC..KA320

TRACK_TIME 1167737286
TRACK A20110117580487 F 404500 734300 120 30 999 NONE NONE 370
	FP_ROUTE KC..KB735

TRACK_TIME 1167737286
TRACK A20110117580488 F 335700 1182400 120 30 999 NONE NONE 410
	FP_ROUTE KC..KB738

TRACK_TIME 1167737286
TRACK A20110117580491 F 420100 875560 120 30 999 NONE NONE 360
	FP_ROUTE KC..KE145

TRACK_TIME 1167737286
TRACK A20110117580494 F 294060 951900 120 30 999 NONE NONE 380
	FP_ROUTE KT..KE145

TRACK_TIME 1167737286
TRACK A20110117580500 F 472800 1221900 120 30 999 NONE NONE 380
	FP_ROUTE KT..KE145

TRACK_TIME 1167737286
TRACK A20110117580502 F 420000 875700 120 30 999 NONE NONE 390
	FP_ROUTE KC..KE170

TRACK_TIME 1167737286
TRACK A20110117580503 F 445260 931300 120 30 999 NONE NONE 390
	FP_ROUTE KC..KB737

TRACK_TIME 1167737286
TRACK A20110117580505 F 435500 923900 120 30 999 NONE NONE 240
	FP_ROUTE KC..KE170

TRACK_TIME 1167737286
TRACK A20110117580506 F 404000 741060 120 30 999 NONE NONE 330
	FP_ROUTE KG..KC750

TRACK_TIME 1167737286
TRACK A20110117580508 F 421300 831960 120 30 999 NONE NONE 370
	FP_ROUTE KT..KCRJ9

TRACK_TIME 1167737286
TRACK A20110117580512 F 604600 1513760 120 30 999 NONE NONE 210
	FP_ROUTE KT..KCRJ9

TRACK_TIME 1167737286
TRACK A20110117580522 F 325200 970300 120 30 999 NONE NONE 200
	FP_ROUTE KC..KB753

TRACK_TIME 1167737286
TRACK A20110117580525 F 404660 742500 120 30 999 NONE NONE 350
	FP_ROUTE KG..KF900

TRACK_TIME 1167737286
TRACK A20110117580530 F 355200 784800 120 30 999 NONE NONE 260
	FP_ROUTE KT..KE145

TRACK_TIME 1167737286
TRACK A20110117580559 F 325100 965200 120 30 999 NONE NONE 200
	FP_ROUTE KC..KCRJ2

TRACK_TIME 1167737286
TRACK A20110117580563 F 315860 1022100 120 30 999 NONE NONE 260
	FP_ROUTE KT..KCRJ1

TRACK_TIME 1167737286
TRACK A20110117580572 F 403900 741200 120 30 999 NONE NONE 370
	FP_ROUTE KC..KB753

TRACK_TIME 1167737286
TRACK A20110117580577 F 400100 825400 120 30 999 NONE NONE 240
	FP_ROUTE KC..KE145

TRACK_TIME 1167737286
TRACK A20110117580582 F 430600 761200 120 30 999 NONE NONE 250
	FP_ROUTE KC..KE135

TRACK_TIME 1167737286
TRACK A20110117580594 F 421300 831960 120 30 999 NONE NONE 360
	FP_ROUTE KC..KB737

TRACK_TIME 1167737286
TRACK A20110117580598 F 394200 861900 120 30 999 NONE NONE 270
	FP_ROUTE KC..KE145

TRACK_TIME 1167737286
TRACK A20110117580614 F 551300 1313700 120 30 999 NONE NONE 340
	FP_ROUTE KC..KMD82

TRACK_TIME 1167737286
TRACK A20110117580615 F 582100 1343760 120 30 999 NONE NONE 280
	FP_ROUTE KC..KB738

TRACK_TIME 1167737286
TRACK A20110117580619 F 332560 1115700 120 30 999 NONE NONE 380
	FP_ROUTE KC..KB752

TRACK_TIME 1167737286
TRACK A20110117580620 F 360460 1151000 120 30 999 NONE NONE 280
	FP_ROUTE KC..KMD82

TRACK_TIME 1167737286
TRACK A20110117580623 F 420100 875560 120 30 999 NONE NONE 320
	FP_ROUTE KT..KDH8D

TRACK_TIME 1167737286
TRACK A20110117580640 F 201300 1604300 120 30 999 NONE NONE 310
	FP_ROUTE KT..KCRJ9

TRACK_TIME 1167737286
TRACK A20110117580644 F 472700 1221900 120 30 999 NONE NONE 380
	FP_ROUTE KT..KE145

TRACK_TIME 1167737286
TRACK A20110117580656 F 351360 805560 120 30 999 NONE NONE 370
	FP_ROUTE KC..KA320

TRACK_TIME 1167737286
TRACK A20110117580666 F 420160 875700 120 30 999 NONE NONE 360
	FP_ROUTE KC..KE170

TRACK_TIME 1167737286
TRACK A20110117580670 F 293300 983100 120 30 999 NONE NONE 300
	FP_ROUTE KC..KB712

TRACK_TIME 1167737286
TRACK A20110117580680 F 335700 1182260 120 30 999 NONE NONE 360
	FP_ROUTE KT..KE120

TRACK_TIME 1167737286
TRACK A20110117580685 F 411960 955560 120 30 999 NONE NONE 360
	FP_ROUTE KG..KBE20

TRACK_TIME 1167737286
TRACK A20110117580688 F 374000 1221000 120 30 999 NONE NONE 360
	FP_ROUTE KC..KB712

TRACK_TIME 1167737286
TRACK A20110117580689 F 453460 1223460 120 30 999 NONE NONE 340
	FP_ROUTE KC..KB752

TRACK_TIME 1167737286
TRACK A20110117580690 F 395260 1043400 120 30 999 NONE NONE 340
	FP_ROUTE KC..KCRJ2

TRACK_TIME 1167737286
TRACK A20110117580695 F 335700 1182500 120 30 999 NONE NONE 250
	FP_ROUTE KG..KBE9L

TRACK_TIME 1167737286
TRACK A20110117580704 F 421360 832100 120 30 999 NONE NONE 290
	FP_ROUTE KC..KB763

TRACK_TIME 1167737286
TRACK A20110117580711 F 335500 1183160 120 30 999 NONE NONE 240
	FP_ROUTE KG..KC560

TRACK_TIME 1167737286
TRACK A20110117580719 F 375100 810700 120 30 999 NONE NONE 260
	FP_ROUTE KT..KCRJ2

TRACK_TIME 1167737286
TRACK A20110117580734 F 293400 983100 120 30 999 NONE NONE 280
	FP_ROUTE KT..KCRJ2

TRACK_TIME 1167737286
TRACK A20110117580737 F 390900 763900 120 30 999 NONE NONE 370
	FP_ROUTE KC..KMD83

TRACK_TIME 1167737286
TRACK A20110117580738 F 384300 1213600 120 30 999 NONE NONE 400
	FP_ROUTE KC..KE145

TRACK_TIME 1167737286
TRACK A20110117580746 F 421360 831960 120 30 999 NONE NONE 360
	FP_ROUTE KC..KE145

TRACK_TIME 1167737286
TRACK A20110117580747 F 373600 1221900 120 30 999 NONE NONE 390
	FP_ROUTE KC..KB752

TRACK_TIME 1167737286
TRACK A20110117580753 F 335260 810760 120 30 999 NONE NONE 370
	FP_ROUTE KC..KA320

TRACK_TIME 1167737286
TRACK A20110117580764 F 384900 770160 120 30 999 NONE NONE 250
	FP_ROUTE KG..KC750

TRACK_TIME 1167737286
TRACK A20110117580769 F 453400 1223160 120 30 999 NONE NONE 340
	FP_ROUTE KG..KC750

TRACK_TIME 1167737286
TRACK A20110117580773 F 445200 931060 120 30 999 NONE NONE 350
	FP_ROUTE KG..KC750

TRACK_TIME 1167737286
TRACK A20110117580774 F 293700 951500 120 30 999 NONE NONE 380
	FP_ROUTE KC..KA319

TRACK_TIME 1167737286
TRACK A20110117580776 F 325200 970300 120 30 999 NONE NONE 370
	FP_ROUTE KC..KCRJ2

TRACK_TIME 1167737286
TRACK A20110117580779 F 324360 1171000 120 30 999 NONE NONE 370
	FP_ROUTE KC..KCRJ2

TRACK_TIME 1167737286
TRACK A20110117580780 F 420000 875700 120 30 999 NONE NONE 370
	FP_ROUTE KC..KCRJ2

TRACK_TIME 1167737286
TRACK A20110117580781 F 360460 1151060 120 30 999 NONE NONE 400
	FP_ROUTE KC..KCRJ9

TRACK_TIME 1167737286
TRACK A20110117580782 F 453400 1223400 120 30 999 NONE NONE 380
	FP_ROUTE KC..KA319

TRACK_TIME 1167737286
TRACK A20110117580788 F 454600 1110760 120 30 999 NONE NONE 300
	FP_ROUTE KG..KFA10

TRACK_TIME 1167737286
TRACK A20110117580790 F 395400 1044060 120 30 999 NONE NONE 350
	FP_ROUTE KC..KCRJ2

TRACK_TIME 1167737286
TRACK A20110117580795 F 414600 874500 120 30 999 NONE NONE 390
	FP_ROUTE KG..KFA10

TRACK_TIME 1167737286
TRACK A20110117580799 F 384960 770160 120 30 999 NONE NONE 370
	FP_ROUTE KC..KE145

TRACK_TIME 1167737286
TRACK A20110117580802 F 295860 901500 120 30 999 NONE NONE 370
	FP_ROUTE KC..KCRJ2

TRACK_TIME 1167737286
TRACK A20110117580809 F 384800 770160 120 30 999 NONE NONE 370
	FP_ROUTE KC..KCRJ2

TRACK_TIME 1167737286
TRACK A20110117580818 F 350100 895800 120 30 999 NONE NONE 280
	FP_ROUTE KC..KCRJ2

TRACK_TIME 1167737286
TRACK A20110117580820 F 404960 1120000 120 30 999 NONE NONE 380
	FP_ROUTE KC..KB753

TRACK_TIME 1167737286
TRACK A20110117580821 F 354600 840300 120 30 999 NONE NONE 250
	FP_ROUTE KT..KCRJ9

TRACK_TIME 1167737286
TRACK A20110117580822 F 282400 811660 120 30 999 NONE NONE 360
	FP_ROUTE KG..KBE20

TRACK_TIME 1167737286
TRACK A20110117580826 F 325200 970160 120 30 999 NONE NONE 320
	FP_ROUTE KC..KCRJ2

TRACK_TIME 1167737286
TRACK A20110117580827 F 384960 770100 120 30 999 NONE NONE 230
	FP_ROUTE KC..KCRJ2

TRACK_TIME 1167737286
TRACK A20110117580832 F 403900 741060 120 30 999 NONE NONE 370
	FP_ROUTE KT..KCRJ9

TRACK_TIME 1167737286
TRACK A20110117580833 F 364600 1194200 120 30 999 NONE NONE 220
	FP_ROUTE KC..KA319

TRACK_TIME 1167737286
TRACK A20110117580838 F 551800 1623900 120 30 999 NONE NONE 200
	FP_ROUTE KT..KCRJ9

TRACK_TIME 1167737286
TRACK A20110117580840 F 295860 951660 120 30 999 NONE NONE 380
	FP_ROUTE KC..KB762

TRACK_TIME 1167737286
TRACK A20110117580846 F 604200 1512500 120 30 999 NONE NONE 190
	FP_ROUTE KC..KA320

TRACK_TIME 1167737286
TRACK A20110117580857 F 325260 970300 120 30 999 NONE NONE 290
	FP_ROUTE KC..KB733

TRACK_TIME 1167737286
TRACK A20110117580860 F 334800 785800 120 30 999 NONE NONE 350
	FP_ROUTE KG..KF900

TRACK_TIME 1167737286
TRACK A20110117580861 F 421960 705800 120 30 999 NONE NONE 370
	FP_ROUTE KG..KF900

TRACK_TIME 1167737286
TRACK A20110117580871 F 403900 741060 120 30 999 NONE NONE 350
	FP_ROUTE KG..KF900

TRACK_TIME 1167737286
TRACK A20110117580886 F 333900 842800 120 30 999 NONE NONE 300
	FP_ROUTE KC..KB712

TRACK_TIME 1167737286
TRACK A20110117580887 F 260400 801060 120 30 999 NONE NONE 360
	FP_ROUTE KC..KCRJ2

TRACK_TIME 1167737286
TRACK A20110117580889 F 394200 861960 120 30 999 NONE NONE 270
	FP_ROUTE KC..KBE20

TRACK_TIME 1167737286
TRACK A20110117580891 F 620100 1494800 120 30 999 NONE NONE 210
	FP_ROUTE KC..KA319

TRACK_TIME 1167737286
TRACK A20110117580894 F 182800 670900 120 30 999 NONE NONE 350
	FP_ROUTE KC..KB734

TRACK_TIME 1167737286
TRACK A20110117580900 F 335560 1183600 120 30 999 NONE NONE 280
	FP_ROUTE KC..KA319

TRACK_TIME 1167737286
TRACK A20110117580901 F 425700 875260 120 30 999 NONE NONE 260
	FP_ROUTE KC..KA319

TRACK_TIME 1167737286
TRACK A20110117580902 F 404900 1120000 120 30 999 NONE NONE 340
	FP_ROUTE KC..KE145

TRACK_TIME 1167737286
TRACK A20110117580905 F 333760 842200 120 30 999 NONE NONE 270
	FP_ROUTE KC..KA319

TRACK_TIME 1167737286
TRACK A20110117580906 F 414800 874600 120 30 999 NONE NONE 380
	FP_ROUTE KT..KE135

TRACK_TIME 1167737286
TRACK A20110117580907 F 333460 1175700 120 30 999 NONE NONE 300
	FP_ROUTE KC..KB738

TRACK_TIME 1167737286
TRACK A20110117580908 F 403900 741060 120 30 999 NONE NONE 350
	FP_ROUTE KC..KMD82

TRACK_TIME 1167737286
TRACK A20110117580909 F 333760 843700 120 30 999 NONE NONE 390
	FP_ROUTE KC..KMD82

TRACK_TIME 1167737286
TRACK A20110117580916 F 391060 764360 120 30 999 NONE NONE 250
	FP_ROUTE KC..KE145

TRACK_TIME 1167737286
TRACK A20110117580918 F 373600 1221800 120 30 999 NONE NONE 260
	FP_ROUTE KC..KB752

TRACK_TIME 1167737286
TRACK A20110117580920 F 344360 921060 120 30 999 NONE NONE 280
	FP_ROUTE KC..KMD82

TRACK_TIME 1167737286
TRACK A20110117580921 F 403760 734360 120 30 999 NONE NONE 390
	FP_ROUTE KC..KB737

TRACK_TIME 1167737286
TRACK A20110117580950 F 282200 811800 120 30 999 NONE NONE 350
	FP_ROUTE KC..KB737

TRACK_TIME 1167737286
TRACK A20110117580961 F 384900 770160 120 30 999 NONE NONE 230
	FP_ROUTE KC..KB737

TRACK_TIME 1167737286
TRACK A20110117580965 F 414900 874660 120 30 999 NONE NONE 330
	FP_ROUTE KC..KB737

TRACK_TIME 1167737286
TRACK A20110117580966 F 325100 970460 120 30 999 NONE NONE 330
	FP_ROUTE KC..KB737

TRACK_TIME 1167737286
TRACK A20110117580967 F 332560 1115800 120 30 999 NONE NONE 350
	FP_ROUTE KC..KMD82

TRACK_TIME 1167737286
TRACK A20110117580968 F 282400 811800 120 30 999 NONE NONE 360
	FP_ROUTE KC..KMD82

TRACK_TIME 1167737286
TRACK A20110117580970 F 300700 974000 120 30 999 NONE NONE 220
	FP_ROUTE KT..KCRJ2

TRACK_TIME 1167737286
TRACK A20110117580971 F 325500 970600 120 30 999 NONE NONE 330
	FP_ROUTE KT..KE145

TRACK_TIME 1167737286
TRACK A20110117580977 F 413700 862560 120 30 999 NONE NONE 220
	FP_ROUTE KT..KCRJ2

TRACK_TIME 1167737286
TRACK A20110117580987 F 332560 1120400 120 30 999 NONE NONE 330
	FP_ROUTE KC..KA319

TRACK_TIME 1167737286
TRACK A20110117580989 F 395260 1044000 120 30 999 NONE NONE 360
	FP_ROUTE KC..KB737

TRACK_TIME 1167737286
TRACK A20110117580992 F 300000 951800 120 30 999 NONE NONE 260
	FP_ROUTE KG..KFA10

TRACK_TIME 1167737286
TRACK A20110117580996 F 640000 1482400 120 30 999 NONE NONE 380
	FP_ROUTE KC..KA319

TRACK_TIME 1167737286
TRACK A20110117581002 F 604900 1485700 120 30 999 NONE NONE 360
	FP_ROUTE KC..KA319

TRACK_TIME 1167737286
TRACK A20110117581004 F 333760 843100 120 30 999 NONE NONE 200
	FP_ROUTE KC..KA320

TRACK_TIME 1167737286
TRACK A20110117581009 F 391060 764300 120 30 999 NONE NONE 350
	FP_ROUTE KT..KF2TH

TRACK_TIME 1167737286
TRACK A20110117581017 F 404960 740460 120 30 999 NONE NONE 390
	FP_ROUTE KT..KF2TH

TRACK_TIME 1167737286
TRACK A20110117581025 F 295860 951660 120 30 999 NONE NONE 390
	FP_ROUTE KT..KF2TH

TRACK_TIME 1167737286
TRACK A20110117581033 F 373600 1221960 120 30 999 NONE NONE 280
	FP_ROUTE KC..KE145

TRACK_TIME 1167737286
TRACK A20110117581034 F 433460 1161600 120 30 999 NONE NONE 350
	FP_ROUTE KC..KB737

TRACK_TIME 1167737286
TRACK A20110117581045 F 404000 741060 120 30 999 NONE NONE 390
	FP_ROUTE KG..KC550

TRACK_TIME 1167737286
TRACK A20110117581048 F 315100 1062100 120 30 999 NONE NONE 370
	FP_ROUTE KC..KMD82

TRACK_TIME 1167737286
TRACK A20110117581058 F 335500 1183400 120 30 999 NONE NONE 280
	FP_ROUTE KC..KB738

TRACK_TIME 1167737286
TRACK A20110117581059 F 395560 1044060 120 30 999 NONE NONE 280
	FP_ROUTE KC..KB752

TRACK_TIME 1167737286
TRACK A20110117581060 F 350300 1063760 120 30 999 NONE NONE 320
	FP_ROUTE KC..KCRJ2

TRACK_TIME 1167737286
TRACK A20110117581061 F 335700 1182560 120 30 999 NONE NONE 400
	FP_ROUTE KC..KA320

TRACK_TIME 1167737286
TRACK A20110117581062 F 385800 1044300 120 30 999 NONE NONE 370
	FP_ROUTE KC..KE135

TRACK_TIME 1167737286
TRACK A20110117581063 F 445260 931360 120 30 999 NONE NONE 410
	FP_ROUTE KC..KMD82

TRACK_TIME 1167737286
TRACK A20110117581065 F 384360 1213600 120 30 999 NONE NONE 380
	FP_ROUTE KC..KB737

TRACK_TIME 1167737286
TRACK A20110117581066 F 373600 1221960 120 30 999 NONE NONE 380
	FP_ROUTE KC..KA319

TRACK_TIME 1167737286
TRACK A20110117581068 F 333700 842860 120 30 999 NONE NONE 360
	FP_ROUTE KC..KB737

TRACK_TIME 1167737286
TRACK A20110117581070 F 334900 1180900 120 30 999 NONE NONE 340
	FP_ROUTE KT..KE145

TRACK_TIME 1167737286
TRACK A20110117581082 F 404600 1115800 120 30 999 NONE NONE 350
	FP_ROUTE KT..KCRJ1

TRACK_TIME 1167737286
TRACK A20110117581083 F 332560 1115700 120 30 999 NONE NONE 370
	FP_ROUTE KC..KB712

TRACK_TIME 1167737286
TRACK A20110117581084 F 413760 872560 120 30 999 NONE NONE 380
	FP_ROUTE KC..KB712

TRACK_TIME 1167737286
TRACK A20110117581091 F 360400 1150900 120 30 999 NONE NONE 330
	FP_ROUTE KC..KB735

TRACK_TIME 1167737286
TRACK A20110117581107 F 325500 970160 120 30 999 NONE NONE 340
	FP_ROUTE KC..KB738

TRACK_TIME 1167737286
TRACK A20110117581114 F 420000 875700 120 30 999 NONE NONE 350
	FP_ROUTE KC..KCRJ2

TRACK_TIME 1167737286
TRACK A20110117581117 F 394900 1043900 120 30 999 NONE NONE 400
	FP_ROUTE KC..KCRJ2

TRACK_TIME 1167737286
TRACK A20110117581119 F 395260 1043460 120 30 999 NONE NONE 380
	FP_ROUTE KC..KA319

TRACK_TIME 1167737286
TRACK A20110117581120 F 395500 1044200 120 30 999 NONE NONE 370
	FP_ROUTE KC..KCRJ2

TRACK_TIME 1167737286
TRACK A20110117581121 F 395400 1044060 120 30 999 NONE NONE 380
	FP_ROUTE KC..KA319

TRACK_TIME 1167737286
TRACK A20110117581128 F 394900 1043900 120 30 999 NONE NONE 360
	FP_ROUTE KT..KCRJ9

TRACK_TIME 1167737286
TRACK A20110117581130 F 350300 1064000 120 30 999 NONE NONE 300
	FP_ROUTE KT..KCRJ9

TRACK_TIME 1167737286
TRACK A20110117581132 F 315100 1061960 120 30 999 NONE NONE 300
	FP_ROUTE KC..KE170

TRACK_TIME 1167737286
TRACK A20110117581133 F 390400 843900 120 30 999 NONE NONE 380
	FP_ROUTE KC..KE190

TRACK_TIME 1167737286
TRACK A20110117581134 F 441200 882560 120 30 999 NONE NONE 250
	FP_ROUTE KC..KB737

TRACK_TIME 1167737286
TRACK A20110117581136 F 360300 1151060 120 30 999 NONE NONE 340
	FP_ROUTE KC..KB737

TRACK_TIME 1167737286
TRACK A20110117581138 F 393400 1045100 120 30 999 NONE NONE 410
	FP_ROUTE KC..KA320

TRACK_TIME 1167737286
TRACK A20110117581146 F 301300 974060 120 30 999 NONE NONE 350
	FP_ROUTE KC..KB738

TRACK_TIME 1167737286
TRACK A20110117581147 F 414800 874600 120 30 999 NONE NONE 350
	FP_ROUTE KC..KB734

TRACK_TIME 1167737286
TRACK A20110117581150 F 411360 954800 120 30 999 NONE NONE 370
	FP_ROUTE KC..KB752

TRACK_TIME 1167737286
TRACK A20110117581157 F 415800 875560 120 30 999 NONE NONE 350
	FP_ROUTE KG..KLJ45

TRACK_TIME 1167737286
TRACK A20110117581158 F 604600 1511200 120 30 999 NONE NONE 210
	FP_ROUTE KC..KA320

TRACK_TIME 1167737286
TRACK A20110117581166 F 373600 1221960 120 30 999 NONE NONE 270
	FP_ROUTE KC..KE170

TRACK_TIME 1167737286
TRACK A20110117581175 F 334060 1014960 120 30 999 NONE NONE 260
	FP_ROUTE KC..KB737

TRACK_TIME 1167737286
TRACK A20110117581182 F 384900 770160 120 30 999 NONE NONE 320
	FP_ROUTE KC..KB737

TRACK_TIME 1167737286
TRACK A20110117581185 F 360460 1150700 120 30 999 NONE NONE 300
	FP_ROUTE KC..KA320

TRACK_TIME 1167737286
TRACK A20110117581188 F 403000 801000 120 30 999 NONE NONE 290
	FP_ROUTE KC..KB737

TRACK_TIME 1167737286
TRACK A20110117581192 F 433100 1120400 120 30 999 NONE NONE 320
	FP_ROUTE KT..KCRJ2

TRACK_TIME 1167737286
TRACK A20110117581194 F 394300 861800 120 30 999 NONE NONE 350
	FP_ROUTE KC..KMD82

TRACK_TIME 1167737286
TRACK A20110117581197 F 481660 1141660 120 30 999 NONE NONE 280
	FP_ROUTE KC..KCRJ9

TRACK_TIME 1167737286
TRACK A20110117581199 F 384360 901960 120 30 999 NONE NONE 350
	FP_ROUTE KT..KE120

TRACK_TIME 1167737286
TRACK A20110117581200 F 370700 1074500 120 30 999 NONE NONE 260
	FP_ROUTE KG..KLJ45

TRACK_TIME 1167737286
TRACK A20110117581209 F 373600 1221960 120 30 999 NONE NONE 360
	FP_ROUTE KC..KB752

TRACK_TIME 1167737286
TRACK A20110117581211 F 333900 842700 120 30 999 NONE NONE 371
	FP_ROUTE KC..KB738

TRACK_TIME 1167737286
TRACK A20110117581217 F 384300 1213600 120 30 999 NONE NONE 380
	FP_ROUTE KC..KB738

TRACK_TIME 1167737286
TRACK A20110117581218 F 361300 1150460 120 30 999 NONE NONE 330
	FP_ROUTE KC..KCRJ2

TRACK_TIME 1167737286
TRACK A20110117581226 F 293300 983000 120 30 999 NONE NONE 300
	FP_ROUTE KC..KCRJ2

TRACK_TIME 1167737286
TRACK A20110117581227 F 325200 970300 120 30 999 NONE NONE 230
	FP_ROUTE KT..KDH8D

TRACK_TIME 1167737286
TRACK A20110117581232 F 340300 1173160 120 30 999 NONE NONE 360
	FP_ROUTE KT..KCRJ2

TRACK_TIME 1167737286
TRACK A20110117581235 F 264060 801000 120 30 999 NONE NONE 430
	FP_ROUTE KC..KE135

TRACK_TIME 1167737286
TRACK A20110117581236 F 182800 671000 120 30 999 NONE NONE 350
	FP_ROUTE KC..KE135

TRACK_TIME 1167737286
TRACK A20110117581256 F 425800 875400 120 30 999 NONE NONE 340
	FP_ROUTE KC..KB737

TRACK_TIME 1167737286
TRACK A20110117581261 F 422100 710100 120 30 999 NONE NONE 350
	FP_ROUTE KC..KA320

TRACK_TIME 1167737286
TRACK A20110117581262 F 333900 842860 120 30 999 NONE NONE 220
	FP_ROUTE KC..KE145

TRACK_TIME 1167737286
TRACK A20110117581263 F 391060 764300 120 30 999 NONE NONE 330
	FP_ROUTE KC..KB738

TRACK_TIME 1167737286
TRACK A20110117581265 F 351360 805560 120 30 999 NONE NONE 320
	FP_ROUTE KG..KCL60

TRACK_TIME 1167737286
TRACK A20110117581266 F 391060 764200 120 30 999 NONE NONE 350
	FP_ROUTE KT..KCRJ2

TRACK_TIME 1167737286
TRACK A20110117581268 F 325200 970300 120 30 999 NONE NONE 360
	FP_ROUTE KC..KE190

TRACK_TIME 1167737286
TRACK A20110117581271 F 335560 1182200 120 30 999 NONE NONE 379
	FP_ROUTE KC..KMD83

TRACK_TIME 1167737286
TRACK A20110117581275 F 333760 842800 120 30 999 NONE NONE 350
	FP_ROUTE KC..KA319

TRACK_TIME 1167737286
TRACK A20110117581289 F 395500 1044060 120 30 999 NONE NONE 280
	FP_ROUTE KC..KB733

TRACK_TIME 1167737286
TRACK A20110117581296 F 364600 1194060 120 30 999 NONE NONE 320
	FP_ROUTE KC..KB733

TRACK_TIME 1167737286
TRACK A20110117581299 F 280100 823160 120 30 999 NONE NONE 370
	FP_ROUTE KC..KMD83

TRACK_TIME 1167737286
TRACK A20110117581300 F 325200 970300 120 30 999 NONE NONE 330
	FP_ROUTE KC..KE145

TRACK_TIME 1167737286
TRACK A20110117581301 F 360300 1151000 120 30 999 NONE NONE 290
	FP_ROUTE KT..KCRJ2

TRACK_TIME 1167737286
TRACK A20110117581303 F 300000 901900 120 30 999 NONE NONE 380
	FP_ROUTE KT..KCRJ9

TRACK_TIME 1167737286
TRACK A20110117581304 F 415700 724000 120 30 999 NONE NONE 390
	FP_ROUTE KC..KA320

TRACK_TIME 1167737286
TRACK A20110117581309 F 350000 1064000 120 30 999 NONE NONE 330
	FP_ROUTE KC..KB733

TRACK_TIME 1167737286
TRACK A20110117581311 F 294000 951900 120 30 999 NONE NONE 370
	FP_ROUTE KC..KB738

TRACK_TIME 1167737286
TRACK A20110117581312 F 395200 751660 120 30 999 NONE NONE 350
	FP_ROUTE KC..KB739

TRACK_TIME 1167737286
TRACK A20110117581320 F 425260 854660 120 30 999 NONE NONE 370
	FP_ROUTE KC..KB738

TRACK_TIME 1167737286
TRACK A20110117581326 F 332700 1120300 120 30 999 NONE NONE 330
	FP_ROUTE KC..KA320

TRACK_TIME 1167737286
TRACK A20110117581327 F 425800 875400 120 30 999 NONE NONE 350
	FP_ROUTE KC..KCRJ2

TRACK_TIME 1167737286
TRACK A20110117581335 F 351360 805500 120 30 999 NONE NONE 220
	FP_ROUTE KC..KCRJ2

TRACK_TIME 1167737286
TRACK A20110117581336 F 395260 750460 120 30 999 NONE NONE 370
	FP_ROUTE KT..KCRJ1

TRACK_TIME 1167737286
TRACK A20110117581343 F 371960 1215260 120 30 999 NONE NONE 220
	FP_ROUTE KC..KCRJ9

TRACK_TIME 1167737286
TRACK A20110117581347 F 282800 811660 120 30 999 NONE NONE 400
	FP_ROUTE KT..KE145

TRACK_TIME 1167737286
TRACK A20110117581363 F 403900 741200 120 30 999 NONE NONE 370
	FP_ROUTE KC..KCRJ2

TRACK_TIME 1167737286
TRACK A20110117581372 F 325500 970300 120 30 999 NONE NONE 360
	FP_ROUTE KC..KMD83

TRACK_TIME 1167737286
TRACK A20110117581409 F 254800 801900 120 30 999 NONE NONE 330
	FP_ROUTE KC..KCRJ2

TRACK_TIME 1167737286
TRACK A20110117581417 F 391060 764200 120 30 999 NONE NONE 390
	FP_ROUTE KC..KMD82

TRACK_TIME 1167737286
TRACK A20110117581418 F 384500 901900 120 30 999 NONE NONE 370
	FP_ROUTE KC..KMD82

TRACK_TIME 1167737286
TRACK A20110117581420 F 420300 723760 120 30 999 NONE NONE 250
	FP_ROUTE KC..KMD82

TRACK_TIME 1167737286
TRACK A20110117581434 F 373600 1221960 120 30 999 NONE NONE 370
	FP_ROUTE KC..KCRJ2

TRACK_TIME 1167737286
TRACK A20110117581435 F 472860 1221900 120 30 999 NONE NONE 360
	FP_ROUTE KC..KB738

TRACK_TIME 1167737286
TRACK A20110117581436 F 335500 1183300 120 30 999 NONE NONE 350
	FP_ROUTE KC..KA320

TRACK_TIME 1167737286
TRACK A20110117581441 F 325200 970160 120 30 999 NONE NONE 370
	FP_ROUTE KC..KB752

TRACK_TIME 1167737286
TRACK A20110117581452 F 325200 970300 120 30 999 NONE NONE 320
	FP_ROUTE KT..KE145

TRACK_TIME 1167737286
TRACK A20110117581458 F 394800 1043900 120 30 999 NONE NONE 360
	FP_ROUTE KC..KCRJ2

TRACK_TIME 1167737286
TRACK A20110117581459 F 333900 842800 120 30 999 NONE NONE 310
	FP_ROUTE KC..KB738

TRACK_TIME 1167737286
TRACK A20110117581467 F 394200 861960 120 30 999 NONE NONE 230
	FP_ROUTE KC..KA320

TRACK_TIME 1167737286
TRACK A20110117581469 F 425800 875400 120 30 999 NONE NONE 290
	FP_ROUTE KC..KE170

TRACK_TIME 1167737286
TRACK A20110117581471 F 324600 1171900 120 30 999 NONE NONE 360
	FP_ROUTE KC..KB752

TRACK_TIME 1167737286
TRACK A20110117581475 F 420100 875560 120 30 999 NONE NONE 380
	FP_ROUTE KT..KCRJ2

TRACK_TIME 1167737286
TRACK A20110117581486 F 372100 1215400 120 30 999 NONE NONE 400
	FP_ROUTE KC..KB738

TRACK_TIME 1167737286
TRACK A20110117581487 F 332560 1120400 120 30 999 NONE NONE 380
	FP_ROUTE KC..KE135

TRACK_TIME 1167737286
TRACK A20110117581495 F 404900 1120000 120 30 999 NONE NONE 250
	FP_ROUTE KC..KCRJ2

TRACK_TIME 1167737286
TRACK A20110117581507 F 363760 1193100 120 30 999 NONE NONE 260
	FP_ROUTE KC..KB752

TRACK_TIME 1167737286
TRACK A20110117581512 F 384800 770160 120 30 999 NONE NONE 330
	FP_ROUTE KC..KF900

TRACK_TIME 1167737286
TRACK A20110117581528 F 404800 1120000 120 30 999 NONE NONE 330
	FP_ROUTE KC..KF900

TRACK_TIME 1167737286
TRACK A20110117581529 F 335560 1182100 120 30 999 NONE NONE 220
	FP_ROUTE KT..KCRJ2

TRACK_TIME 1167737286
TRACK A20110117581530 F 374000 972560 120 30 999 NONE NONE 310
	FP_ROUTE KT..KCRJ2

TRACK_TIME 1167737286
TRACK A20110117581532 F 395700 1044060 120 30 999 NONE NONE 330
	FP_ROUTE KG..KBE9L

TRACK_TIME 1167737286
TRACK A20110117581533 F 420100 875500 120 30 999 NONE NONE 360
	FP_ROUTE KC..KA320

TRACK_TIME 1167737286
TRACK A20110117581536 F 395200 751360 120 30 999 NONE NONE 350
	FP_ROUTE KC..KE145

TRACK_TIME 1167737286
TRACK A20110117581538 F 282260 811900 120 30 999 NONE NONE 350
	FP_ROUTE KC..KB737

TRACK_TIME 1167737286
TRACK A20110117581545 F 211660 1575200 120 30 999 NONE NONE 370
	FP_ROUTE KC..KB712

TRACK_TIME 1167737286
TRACK A20110117581551 F 335700 1182700 120 30 999 NONE NONE 320
	FP_ROUTE KG..KBE9L

TRACK_TIME 1167737286
TRACK A20110117581560 F 433760 964200 120 30 999 NONE NONE 340
	FP_ROUTE KC..KB737

TRACK_TIME 1167737286
TRACK A20110117581562 F 395200 751660 120 30 999 NONE NONE 350
	FP_ROUTE KC..KB737

TRACK_TIME 1167737286
TRACK A20110117581563 F 421360 832100 120 30 999 NONE NONE 390
	FP_ROUTE KC..KB737

TRACK_TIME 1167737286
TRACK A20110117581565 F 403700 734660 120 30 999 NONE NONE 330
	FP_ROUTE KT..KCRJ9

TRACK_TIME 1167737286
TRACK A20110117581568 F 384900 770160 120 30 999 NONE NONE 270
	FP_ROUTE KC..KB738

TRACK_TIME 1167737286
TRACK A20110117581580 F 433900 701660 120 30 999 NONE NONE 290
	FP_ROUTE KT..KC750

TRACK_TIME 1167737286
TRACK A20110117581583 F 282400 811900 120 30 999 NONE NONE 390
	FP_ROUTE KC..KB738

TRACK_TIME 1167737286
TRACK A20110117581586 F 420100 875700 120 30 999 NONE NONE 330
	FP_ROUTE KC..KB752

TRACK_TIME 1167737286
TRACK A20110117581602 F 404000 741060 120 30 999 NONE NONE 370
	FP_ROUTE KC..KA320

TRACK_TIME 1167737286
TRACK A20110117581603 F 403460 734800 120 30 999 NONE NONE 330
	FP_ROUTE KT..KCRJ2

TRACK_TIME 1167737286
TRACK A20110117581606 F 425400 784600 120 30 999 NONE NONE 290
	FP_ROUTE KC..KB752

TRACK_TIME 1167737286
TRACK A20110117581608 F 421960 710100 120 30 999 NONE NONE 370
	FP_ROUTE KC..KCRJ2

TRACK_TIME 1167737286
TRACK A20110117581609 F 335560 1183400 120 30 999 NONE NONE 300
	FP_ROUTE KC..KA320

TRACK_TIME 1167737286
TRACK A20110117581610 F 314800 1021200 120 30 999 NONE NONE 350
	FP_ROUTE KC..KB752

TRACK_TIME 1167737286
TRACK A20110117581616 F 390400 843900 120 30 999 NONE NONE 310
	FP_ROUTE KC..KB733

TRACK_TIME 1167737286
TRACK A20110117581618 F 373600 1221900 120 30 999 NONE NONE 340
	FP_ROUTE KG..KBE9L

TRACK_TIME 1167737286
TRACK A20110117581619 F 300000 952260 120 30 999 NONE NONE 360
	FP_ROUTE KG..KBE9L

TRACK_TIME 1167737286
TRACK A20110117581621 F 324500 1171800 120 30 999 NONE NONE 370
	FP_ROUTE KC..KB738

TRACK_TIME 1167737286
TRACK A20110117581626 F 390760 1083100 120 30 999 NONE NONE 260
	FP_ROUTE KC..KB744

TRACK_TIME 1167737286
TRACK A20110117581627 F 395560 1044200 120 30 999 NONE NONE 370
	FP_ROUTE KC..KB752

TRACK_TIME 1167737286
TRACK A20110117581629 F 352400 1190100 120 30 999 NONE NONE 230
	FP_ROUTE KC..KMD83

TRACK_TIME 1167737286
TRACK A20110117581631 F 421200 832200 120 30 999 NONE NONE 330
	FP_ROUTE KG..KC550

TRACK_TIME 1167737286
TRACK A20110117581632 F 414900 874660 120 30 999 NONE NONE 390
	FP_ROUTE KC..KB735

TRACK_TIME 1167737286
TRACK A20110117581633 F 362260 942100 120 30 999 NONE NONE 340
	FP_ROUTE KC..KCRJ2

TRACK_TIME 1167737286
TRACK A20110117581638 F 425500 875400 120 30 999 NONE NONE 320
	FP_ROUTE KC..KB737

TRACK_TIME 1167737286
TRACK A20110117581646 F 395200 751660 120 30 999 NONE NONE 290
	FP_ROUTE KC..KB737

TRACK_TIME 1167737286
TRACK A20110117581648 F 404900 1120000 120 30 999 NONE NONE 340
	FP_ROUTE KC..KE170

TRACK_TIME 1167737286
TRACK A20110117581670 F 360760 864800 120 30 999 NONE NONE 309
	FP_ROUTE KC..KB737

TRACK_TIME 1167737286
TRACK A20110117581671 F 194360 1560160 120 30 999 NONE NONE 230
	FP_ROUTE KC..KB737

TRACK_TIME 1167737286
TRACK A20110117581676 F 335560 1183160 120 30 999 NONE NONE 380
	FP_ROUTE KC..KB752

TRACK_TIME 1167737286
TRACK A20110117581681 F 454800 1083100 120 30 999 NONE NONE 330
	FP_ROUTE KC..KB763

TRACK_TIME 1167737286
TRACK A20110117581683 F 364000 1193160 120 30 999 NONE NONE 190
	FP_ROUTE KC..KB733

TRACK_TIME 1167737286
TRACK A20110117581687 F 293160 982800 120 30 999 NONE NONE 400
	FP_ROUTE KC..KB738

TRACK_TIME 1167737286
TRACK A20110117581688 F 324900 1171800 120 30 999 NONE NONE 200
	FP_ROUTE KC..KA320

TRACK_TIME 1167737286
TRACK A20110117581697 F 194600 1560160 120 30 999 NONE NONE 380
	FP_ROUTE KC..KB735

TRACK_TIME 1167737286
TRACK A20110117581707 F 421200 832200 120 30 999 NONE NONE 350
	FP_ROUTE KC..KMD83

TRACK_TIME 1167737286
TRACK A20110117581708 F 294060 821300 120 30 999 NONE NONE 290
	FP_ROUTE KG..KBE20

TRACK_TIME 1167737286
TRACK A20110117581712 F 303000 871200 120 30 999 NONE NONE 370
	FP_ROUTE KG..KBE20

TRACK_TIME 1167737286
TRACK A20110117581713 F 325200 970160 120 30 999 NONE NONE 370
	FP_ROUTE KC..KCRJ9

TRACK_TIME 1167737286
TRACK A20110117581715 F 334060 1175200 120 30 999 NONE NONE 410
	FP_ROUTE KC..KB752

TRACK_TIME 1167737286
TRACK A20110117581716 F 444800 894200 120 30 999 NONE NONE 180
	FP_ROUTE KG..KLJ45

TRACK_TIME 1167737286
TRACK A20110117581720 F 360400 1151000 120 30 999 NONE NONE 270
	FP_ROUTE KT..KCRJ2

TRACK_TIME 1167737286
TRACK A20110117581731 F 332560 1115860 120 30 999 NONE NONE 240
	FP_ROUTE KG..KC510

TRACK_TIME 1167737286
TRACK A20110117581735 F 403760 734360 120 30 999 NONE NONE 290
	FP_ROUTE KC..KB752

TRACK_TIME 1167737286
TRACK A20110117581741 F 391060 764300 120 30 999 NONE NONE 320
	FP_ROUTE KC..KB737

TRACK_TIME 1167737286
TRACK A20110117581746 F 360100 1144900 120 30 999 NONE NONE 270
	FP_ROUTE KC..KE170

TRACK_TIME 1167737286
TRACK A20110117581754 F 481300 962260 120 30 999 NONE NONE 280
	FP_ROUTE KC..KB752

TRACK_TIME 1167737286
TRACK A20110117581758 F 264660 795700 120 30 999 NONE NONE 320
	FP_ROUTE KC..KB737

TRACK_TIME 1167737286
TRACK A20110117581760 F 404000 734500 120 30 999 NONE NONE 350
	FP_ROUTE KG..KLJ45

TRACK_TIME 1167737286
TRACK A20110117581761 F 384800 770160 120 30 999 NONE NONE 210
	FP_ROUTE KC..KCRJ2

TRACK_TIME 1167737286
TRACK A20110117581780 F 404500 735400 120 30 999 NONE NONE 370
	FP_ROUTE KC..KB752

TRACK_TIME 1167737286
TRACK A20110117581781 F 403700 734660 120 30 999 NONE NONE 370
	FP_ROUTE KC..KA319

TRACK_TIME 1167737286
TRACK A20110117581783 F 384600 901960 120 30 999 NONE NONE 280
	FP_ROUTE KC..KB764

TRACK_TIME 1167737286
TRACK A20110117581792 F 275560 823300 120 30 999 NONE NONE 220
	FP_ROUTE KC..KB737

TRACK_TIME 1167737286
TRACK A20110117581802 F 421960 710000 120 30 999 NONE NONE 350
	FP_ROUTE KC..KB752

TRACK_TIME 1167737286
TRACK A20110117581806 F 473760 1173100 120 30 999 NONE NONE 210
	FP_ROUTE KC..KB737

TRACK_TIME 1167737286
TRACK A20110117581811 F 361660 941900 120 30 999 NONE NONE 290
	FP_ROUTE KG..KC550

TRACK_TIME 1167737286
TRACK A20110117581812 F 422100 710000 120 30 999 NONE NONE 370
	FP_ROUTE KC..KMD82

TRACK_TIME 1167737286
TRACK A20110117581819 F 304360 831600 120 30 999 NONE NONE 250
	FP_ROUTE KC..KMD82

TRACK_TIME 1167737286
TRACK A20110117581820 F 333700 842800 120 30 999 NONE NONE 240
	FP_ROUTE KT..KCRJ2

TRACK_TIME 1167737286
TRACK A20110117581821 F 333900 842860 120 30 999 NONE NONE 350
	FP_ROUTE KG..KC560

TRACK_TIME 1167737286
TRACK A20110117581822 F 325100 970300 120 30 999 NONE NONE 350
	FP_ROUTE KC..KB738

TRACK_TIME 1167737286
TRACK A20110117581828 F 403700 734600 120 30 999 NONE NONE 370
	FP_ROUTE KT..KE145

TRACK_TIME 1167737286
TRACK A20110117581832 F 340300 1174500 120 30 999 NONE NONE 320
	FP_ROUTE KC..KB752

TRACK_TIME 1167737286
TRACK A20110117581833 F 390400 843900 120 30 999 NONE NONE 340
	FP_ROUTE KT..KE145

TRACK_TIME 1167737286
TRACK A20110117581834 F 332560 1115800 120 30 999 NONE NONE 370
	FP_ROUTE KC..KB733

TRACK_TIME 1167737286
TRACK A20110117581835 F 333760 842800 120 30 999 NONE NONE 320
	FP_ROUTE KC..KMD83

TRACK_TIME 1167737286
TRACK A20110117581836 F 282800 811960 120 30 999 NONE NONE 360
	FP_ROUTE KG..KC560

TRACK_TIME 1167737286
TRACK A20110117581844 F 403000 801660 120 30 999 NONE NONE 320
	FP_ROUTE KC..KE145

TRACK_TIME 1167737286
TRACK A20110117581846 F 390000 772800 120 30 999 NONE NONE 230
	FP_ROUTE KC..KB737

TRACK_TIME 1167737286
TRACK A20110117581849 F 320760 812100 120 30 999 NONE NONE 320
	FP_ROUTE KC..KE145

TRACK_TIME 1167737286
TRACK A20110117581852 F 275700 823300 120 30 999 NONE NONE 350
	FP_ROUTE KC..KB762

TRACK_TIME 1167737286
TRACK A20110117581853 F 360400 1150600 120 30 999 NONE NONE 380
	FP_ROUTE KC..KB762

TRACK_TIME 1167737286
TRACK A20110117581856 F 304200 881300 120 30 999 NONE NONE 330
	FP_ROUTE KC..KE145

TRACK_TIME 1167737286
TRACK A20110117581859 F 394900 752700 120 30 999 NONE NONE 330
	FP_ROUTE KC..KCRJ2

TRACK_TIME 1167737286
TRACK A20110117581860 F 350300 1064060 120 30 999 NONE NONE 280
	FP_ROUTE KT..KCRJ9

TRACK_TIME 1167737286
TRACK A20110117581862 F 373600 1221960 120 30 999 NONE NONE 360
	FP_ROUTE KC..KE170

TRACK_TIME 1167737286
TRACK A20110117581868 F 335560 1182200 120 30 999 NONE NONE 380
	FP_ROUTE KT..KCRJ2

TRACK_TIME 1167737286
TRACK A20110117581871 F 335560 1183300 120 30 999 NONE NONE 300
	FP_ROUTE KC..KB735

TRACK_TIME 1167737286
TRACK A20110117581877 F 421960 705800 120 30 999 NONE NONE 310
	FP_ROUTE KG..KFA50

TRACK_TIME 1167737286
TRACK A20110117581878 F 333900 842800 120 30 999 NONE NONE 240
	FP_ROUTE KG..KFA50

TRACK_TIME 1167737286
TRACK A20110117581879 F 404500 735400 120 30 999 NONE NONE 290
	FP_ROUTE KT..KE145

TRACK_TIME 1167737286
TRACK A20110117581881 F 390000 772800 120 30 999 NONE NONE 180
	FP_ROUTE KC..KB763

TRACK_TIME 1167737286
TRACK A20110117581882 F 351360 805500 120 30 999 NONE NONE 300
	FP_ROUTE KC..KA319

TRACK_TIME 1167737286
TRACK A20110117581887 F 415800 875560 120 30 999 NONE NONE 230
	FP_ROUTE KC..KA319

TRACK_TIME 1167737286
TRACK A20110117581888 F 384800 770160 120 30 999 NONE NONE 320
	FP_ROUTE KT..KCRJ2

TRACK_TIME 1167737286
TRACK A20110117581894 F 371500 932400 120 30 999 NONE NONE 340
	FP_ROUTE KC..KA319

TRACK_TIME 1167737286
TRACK A20110117581899 F 300000 901800 120 30 999 NONE NONE 300
	FP_ROUTE KC..KB738

TRACK_TIME 1167737286
TRACK A20110117581903 F 355200 784900 120 30 999 NONE NONE 240
	FP_ROUTE KC..KA319

TRACK_TIME 1167737286
TRACK A20110117581905 F 332560 1115800 120 30 999 NONE NONE 359
	FP_ROUTE KG..KC550

TRACK_TIME 1167737286
TRACK A20110117581908 F 403900 741060 120 30 999 NONE NONE 350
	FP_ROUTE KT..KC560

TRACK_TIME 1167737286
TRACK A20110117581910 F 343100 1195400 120 30 999 NONE NONE 340
	FP_ROUTE KT..KC560

TRACK_TIME 1167737286
TRACK A20110117581915 F 472700 1221900 120 30 999 NONE NONE 380
	FP_ROUTE KC..KA320

TRACK_TIME 1167737286
TRACK A20110117581918 F 381060 854360 120 30 999 NONE NONE 270
	FP_ROUTE KT..KCRJ2

TRACK_TIME 1167737286
TRACK A20110117581927 F 384200 1213600 120 30 999 NONE NONE 240
	FP_ROUTE KG..KBE20

TRACK_TIME 1167737286
TRACK A20110117581929 F 404500 735400 120 30 999 NONE NONE 210
	FP_ROUTE KG..KBE20

TRACK_TIME 1167737286
TRACK A20110117581944 F 373700 1222100 120 30 999 NONE NONE 340
	FP_ROUTE KC..KA320

TRACK_TIME 1167737286
TRACK A20110117581972 F 395560 1044060 120 30 999 NONE NONE 390
	FP_ROUTE KC..KB738

TRACK_TIME 1167737286
TRACK A20110117581973 F 422700 710700 120 30 999 NONE NONE 390
	FP_ROUTE KC..KA320

TRACK_TIME 1167737286
TRACK A20110117581974 F 333460 1175800 120 30 999 NONE NONE 380
	FP_ROUTE KC..KB737

TRACK_TIME 1167737286
TRACK A20110117581977 F 405100 1120000 120 30 999 NONE NONE 320
	FP_ROUTE KT..KE145

TRACK_TIME 1167737286
TRACK A20110117581978 F 335500 1183460 120 30 999 NONE NONE 400
	FP_ROUTE KC..KB738

TRACK_TIME 1167737286
TRACK A20110117581979 F 395200 841800 120 30 999 NONE NONE 390
	FP_ROUTE KC..KMD83

TRACK_TIME 1167737286
TRACK A20110117581980 F 332560 1115800 120 30 999 NONE NONE 300
	FP_ROUTE KC..KB737

TRACK_TIME 1167737286
TRACK A20110117581991 F 404660 1120000 120 30 999 NONE NONE 330
	FP_ROUTE KC..KE145

TRACK_TIME 1167737286
TRACK A20110117581995 F 335700 1182260 120 30 999 NONE NONE 370
	FP_ROUTE KC..KE145

TRACK_TIME 1167737286
TRACK A20110117581997 F 411660 955400 120 30 999 NONE NONE 300
	FP_ROUTE KC..KA320

TRACK_TIME 1167737286
TRACK A20110117582007 F 260400 801200 120 30 999 NONE NONE 370
	FP_ROUTE KC..KDH8A

TRACK_TIME 1167737286
TRACK A20110117582012 F 404800 1120000 120 30 999 NONE NONE 310
	FP_ROUTE KC..KB738

TRACK_TIME 1167737286
TRACK A20110117582018 F 404800 1115860 120 30 999 NONE NONE 280
	FP_ROUTE KC..KE135

TRACK_TIME 1167737286
TRACK A20110117582022 F 445400 931300 120 30 999 NONE NONE 320
	FP_ROUTE KT..KCRJ9

TRACK_TIME 1167737286
TRACK A20110117582028 F 340300 1174660 120 30 999 NONE NONE 340
	FP_ROUTE KC..KB733

TRACK_TIME 1167737286
TRACK A20110117582029 F 334900 1180900 120 30 999 NONE NONE 360
	FP_ROUTE KC..KMD82

TRACK_TIME 1167737286
TRACK A20110117582032 F 392700 1194600 120 30 999 NONE NONE 340
	FP_ROUTE KC..KA321

TRACK_TIME 1167737286
TRACK A20110117582033 F 332560 1120400 120 30 999 NONE NONE 360
	FP_ROUTE KC..KB737

TRACK_TIME 1167737286
TRACK A20110117582038 F 404800 1120000 120 30 999 NONE NONE 321
	FP_ROUTE KT..KCRJ2

TRACK_TIME 1167737286
TRACK A20110117582040 F 425560 784500 120 30 999 NONE NONE 260
	FP_ROUTE KC..KB752

TRACK_TIME 1167737286
TRACK A20110117582041 F 371960 1215260 120 30 999 NONE NONE 360
	FP_ROUTE KC..KA319

TRACK_TIME 1167737286
TRACK A20110117582045 F 384500 901900 120 30 999 NONE NONE 280
	FP_ROUTE KC..KA320

TRACK_TIME 1167737286
TRACK A20110117582049 F 401900 1221800 120 30 999 NONE NONE 220
	FP_ROUTE KC..KB763

TRACK_TIME 1167737286
TRACK A20110117582060 F 333400 1175560 120 30 999 NONE NONE 220
	FP_ROUTE KC..KB752

TRACK_TIME 1167737286
TRACK A20110117582064 F 371960 1215400 120 30 999 NONE NONE 400
	FP_ROUTE KC..KE170

TRACK_TIME 1167737286
TRACK A20110117582071 F 335500 1183400 120 30 999 NONE NONE 390
	FP_ROUTE KC..KA320

TRACK_TIME 1167737286
TRACK A20110117582075 F 404200 894660 120 30 999 NONE NONE 290
	FP_ROUTE KC..KB734

TRACK_TIME 1167737286
TRACK A20110117582076 F 415700 875400 120 30 999 NONE NONE 380
	FP_ROUTE KG..KC750

TRACK_TIME 1167737286
TRACK A20110117582079 F 373600 1221800 120 30 999 NONE NONE 380
	FP_ROUTE KC..KE135

TRACK_TIME 1167737286
TRACK A20110117582085 F 384800 770160 120 30 999 NONE NONE 410
	FP_ROUTE KC..KE135

TRACK_TIME 1167737286
TRACK A20110117582086 F 640400 1482860 120 30 999 NONE NONE 300
	FP_ROUTE KC..KE170

TRACK_TIME 1167737286
TRACK A20110117582089 F 421960 705800 120 30 999 NONE NONE 370
	FP_ROUTE KC..KE170

TRACK_TIME 1167737286
TRACK A20110117582090 F 182560 660300 120 30 999 NONE NONE 390
	FP_ROUTE KC..KE145

TRACK_TIME 1167737286
TRACK A20110117582091 F 445200 931000 120 30 999 NONE NONE 340
	FP_ROUTE KC..KE170

TRACK_TIME 1167737286
TRACK A20110117582096 F 381300 753600 120 30 999 NONE NONE 190
	FP_ROUTE KG..KCL60

TRACK_TIME 1167737286
TRACK A20110117582105 F 433400 1161500 120 30 999 NONE NONE 250
	FP_ROUTE KC..KDH8A

TRACK_TIME 1167737286
TRACK A20110117582107 F 333900 842800 120 30 999 NONE NONE 330
	FP_ROUTE KG..KC550

TRACK_TIME 1167737286
TRACK A20110117582111 F 453460 1223600 120 30 999 NONE NONE 240
	FP_ROUTE KC..KB733

TRACK_TIME 1167737286
TRACK A20110117582113 F 260460 801200 120 30 999 NONE NONE 380
	FP_ROUTE KC..KMD83

TRACK_TIME 1167737286
TRACK A20110117582123 F 360460 1150760 120 30 999 NONE NONE 300
	FP_ROUTE KC..KB737

TRACK_TIME 1167737286
TRACK A20110117582125 F 360100 1150600 120 30 999 NONE NONE 290
	FP_ROUTE KC..KC130

TRACK_TIME 1167737286
TRACK A20110117582126 F 422100 705800 120 30 999 NONE NONE 210
	FP_ROUTE KC..KE135

TRACK_TIME 1167737286
TRACK A20110117582127 F 390460 843900 120 30 999 NONE NONE 280
	FP_ROUTE KC..KCRJ2

TRACK_TIME 1167737286
TRACK A20110117582128 F 335700 1182500 120 30 999 NONE NONE 380
	FP_ROUTE KT..KC750

TRACK_TIME 1167737286
TRACK A20110117582129 F 333760 842860 120 30 999 NONE NONE 390
	FP_ROUTE KC..KCRJ2

TRACK_TIME 1167737286
TRACK A20110117582131 F 341200 1181500 120 30 999 NONE NONE 330
	FP_ROUTE KC..KE190

TRACK_TIME 1167737286
TRACK A20110117582132 F 360300 1151000 120 30 999 NONE NONE 240
	FP_ROUTE KC..KE145

TRACK_TIME 1167737286
TRACK A20110117582133 F 325500 970160 120 30 999 NONE NONE 260
	FP_ROUTE KC..KB712

TRACK_TIME 1167737286
TRACK A20110117582137 F 332560 1115860 120 30 999 NONE NONE 380
	FP_ROUTE KC..KB737

TRACK_TIME 1167737286
TRACK A20110117582138 F 335500 1183100 120 30 999 NONE NONE 370
	FP_ROUTE KT..KCRJ9

TRACK_TIME 1167737286
TRACK A20110117582149 F 282260 811900 120 30 999 NONE NONE 210
	FP_ROUTE KC..KB752

TRACK_TIME 1167737286
TRACK A20110117582150 F 484660 1223160 120 30 999 NONE NONE 340
	FP_ROUTE KC..KB752

TRACK_TIME 1167737286
TRACK A20110117582153 F 420100 875800 120 30 999 NONE NONE 350
	FP_ROUTE KC..KE145

TRACK_TIME 1167737286
TRACK A20110117582175 F 425860 875260 120 30 999 NONE NONE 390
	FP_ROUTE KC..KE170

TRACK_TIME 1167737286
TRACK A20110117582177 F 333900 842800 120 30 999 NONE NONE 350
	FP_ROUTE KC..KA320

TRACK_TIME 1167737286
TRACK A20110117582178 F 333900 842860 120 30 999 NONE NONE 370
	FP_ROUTE KG..KBE20

TRACK_TIME 1167737286
TRACK A20110117582183 F 421300 831960 120 30 999 NONE NONE 220
	FP_ROUTE KT..KCRJ2

TRACK_TIME 1167737286
TRACK A20110117582186 F 335860 1161500 120 30 999 NONE NONE 410
	FP_ROUTE KT..KCRJ2

TRACK_TIME 1167737286
TRACK A20110117582195 F 472800 1221900 120 30 999 NONE NONE 200
	FP_ROUTE KC..KE170

TRACK_TIME 1167737286
TRACK A20110117582202 F 351360 805500 120 30 999 NONE NONE 280
	FP_ROUTE KC..KB735

TRACK_TIME 1167737286
TRACK A20110117582205 F 414000 880460 120 30 999 NONE NONE 430
	FP_ROUTE KG..KC550

TRACK_TIME 1167737286
TRACK A20110117582213 F 351600 972860 120 30 999 NONE NONE 360
	FP_ROUTE KC..KB752

TRACK_TIME 1167737286
TRACK A20110117582222 F 425700 875200 120 30 999 NONE NONE 370
	FP_ROUTE KG..KBE20

TRACK_TIME 1167737286
TRACK A20110117582224 F 335200 1163460 120 30 999 NONE NONE 340
	FP_ROUTE KC..KA319

TRACK_TIME 1167737286
TRACK A20110117582230 F 344000 864600 120 30 999 NONE NONE 180
	FP_ROUTE KC..KB763

TRACK_TIME 1167737286
TRACK A20110117582247 F 332560 1115800 120 30 999 NONE NONE 370
	FP_ROUTE KC..KA319

TRACK_TIME 1167737286
TRACK A20110117582254 F 420100 875800 120 30 999 NONE NONE 340
	FP_ROUTE KC..KB738

TRACK_TIME 1167737286
TRACK A20110117582257 F 422200 1141060 120 30 999 NONE NONE 200
	FP_ROUTE KC..KB733

TRACK_TIME 1167737286
TRACK A20110117582265 F 453460 1223300 120 30 999 NONE NONE 380
	FP_ROUTE KC..KB733

TRACK_TIME 1167737286
TRACK A20110117582268 F 404800 1115860 120 30 999 NONE NONE 210
	FP_ROUTE KC..KB733

TRACK_TIME 1167737286
TRACK A20110117582269 F 351060 805560 120 30 999 NONE NONE 360
	FP_ROUTE KC..KB733

TRACK_TIME 1167737286
TRACK A20110117582271 F 280100 823160 120 30 999 NONE NONE 380
	FP_ROUTE KC..KB733

TRACK_TIME 1167737286
TRACK A20110117582275 F 403760 734360 120 30 999 NONE NONE 270
	FP_ROUTE KC..KE170

TRACK_TIME 1167737286
TRACK A20110117582278 F 360460 1150900 120 30 999 NONE NONE 360
	FP_ROUTE KT..KCRJ9

TRACK_TIME 1167737286
TRACK A20110117582282 F 360460 1150900 120 30 999 NONE NONE 280
	FP_ROUTE KG..KCL60

TRACK_TIME 1167737286
TRACK A20110117582291 F 301300 974060 120 30 999 NONE NONE 380
	FP_ROUTE KG..KCL60

TRACK_TIME 1167737286
TRACK A20110117582294 F 420100 875560 120 30 999 NONE NONE 320
	FP_ROUTE KC..KE170

TRACK_TIME 1167737286
TRACK A20110117582296 F 424800 852500 120 30 999 NONE NONE 260
	FP_ROUTE KC..KE170

TRACK_TIME 1167737286
TRACK A20110117582299 F 391000 842260 120 30 999 NONE NONE 250
	FP_ROUTE KC..KE145

TRACK_TIME 1167737286
TRACK A20110117582300 F 400000 825500 120 30 999 NONE NONE 290
	FP_ROUTE KC..KB734

TRACK_TIME 1167737286
TRACK A20110117582301 F 260400 800460 120 30 999 NONE NONE 360
	FP_ROUTE KC..KB738

TRACK_TIME 1167737286
TRACK A20110117582302 F 384600 902100 120 30 999 NONE NONE 260
	FP_ROUTE KC..KB733

TRACK_TIME 1167737286
TRACK A20110117582303 F 332560 1120460 120 30 999 NONE NONE 340
	FP_ROUTE KC..KA320

TRACK_TIME 1167737286
TRACK A20110117582304 F 445400 931360 120 30 999 NONE NONE 340
	FP_ROUTE KC..KE145

TRACK_TIME 1167737286
TRACK A20110117582305 F 335500 1183300 120 30 999 NONE NONE 330
	FP_ROUTE KC..KB738

TRACK_TIME 1167737286
TRACK A20110117582307 F 421000 1214360 120 30 999 NONE NONE 270
	FP_ROUTE KG..KC560

TRACK_TIME 1167737286
TRACK A20110117582314 F 333900 842800 120 30 999 NONE NONE 390
	FP_ROUTE KC..KE170

TRACK_TIME 1167737286
TRACK A20110117582319 F 373600 1221900 120 30 999 NONE NONE 240
	FP_ROUTE KC..KE170

TRACK_TIME 1167737286
TRACK A20110117582320 F 472800 1221900 120 30 999 NONE NONE 340
	FP_ROUTE KC..KA320

TRACK_TIME 1167737286
TRACK A20110117582324 F 333460 1175700 120 30 999 NONE NONE 380
	FP_ROUTE KC..KB752

TRACK_TIME 1167737286
TRACK A20110117582325 F 205200 1562700 120 30 999 NONE NONE 380
	FP_ROUTE KC..KA319

TRACK_TIME 1167737286
TRACK A20110117582326 F 344500 921200 120 30 999 NONE NONE 360
	FP_ROUTE KC..KE170

TRACK_TIME 1167737286
TRACK A20110117582327 F 395260 1043460 120 30 999 NONE NONE 380
	FP_ROUTE KC..KMD83

TRACK_TIME 1167737286
TRACK A20110117582328 F 320900 1105860 120 30 999 NONE NONE 380
	FP_ROUTE KC..KE145

TRACK_TIME 1167737286
TRACK A20110117582330 F 254800 801900 120 30 999 NONE NONE 380
	FP_ROUTE KC..KA319

TRACK_TIME 1167737286
TRACK A20110117582332 F 350400 895800 120 30 999 NONE NONE 360
	FP_ROUTE KC..KA319

TRACK_TIME 1167737286
TRACK A20110117582340 F 473000 1221800 120 30 999 NONE NONE 360
	FP_ROUTE KC..KA319

TRACK_TIME 1167737286
TRACK A20110117582344 F 325200 970160 120 30 999 NONE NONE 350
	FP_ROUTE KC..KB712

TRACK_TIME 1167737286
TRACK A20110117582347 F 332560 1115860 120 30 999 NONE NONE 360
	FP_ROUTE KC..KE145

TRACK_TIME 1167737286
TRACK A20110117582349 F 335500 1183160 120 30 999 NONE NONE 280
	FP_ROUTE KC..KE190

TRACK_TIME 1167737286
TRACK A20110117582350 F 384300 1213600 120 30 999 NONE NONE 230
	FP_ROUTE KC..KDH8A

TRACK_TIME 1167737286
TRACK A20110117582351 F 335400 1183100 120 30 999 NONE NONE 290
	FP_ROUTE KC..KA321

TRACK_TIME 1167737286
TRACK A20110117582357 F 384360 1213600 120 30 999 NONE NONE 230
	FP_ROUTE KC..KB752

TRACK_TIME 1167737286
TRACK A20110117582360 F 333700 842860 120 30 999 NONE NONE 390
	FP_ROUTE KC..KB735

TRACK_TIME 1167737286
TRACK A20110117582361 F 350100 1063760 120 30 999 NONE NONE 279
	FP_ROUTE KT..KCRJ2

TRACK_TIME 1167737286
TRACK A20110117582373 F 441660 1210100 120 30 999 NONE NONE 340
	FP_ROUTE KT..KCRJ9

TRACK_TIME 1167737286
TRACK A20110117582374 F 392700 1194600 120 30 999 NONE NONE 230
	FP_ROUTE KT..KCRJ2

TRACK_TIME 1167737286
TRACK A20110117582375 F 373600 1221900 120 30 999 NONE NONE 280
	FP_ROUTE KT..KCRJ2

TRACK_TIME 1167737286
TRACK A20110117582379 F 421360 832200 120 30 999 NONE NONE 330
	FP_ROUTE KC..KB737

TRACK_TIME 1167737286
TRACK A20110117582383 F 261200 981600 120 30 999 NONE NONE 340
	FP_ROUTE KC..KE170

TRACK_TIME 1167737286
TRACK A20110117582386 F 381000 1225500 120 30 999 NONE NONE 350
	FP_ROUTE KC..KA321

TRACK_TIME 1167737286
TRACK A20110117582391 F 373460 1221900 120 30 999 NONE NONE 280
	FP_ROUTE KC..KB737

TRACK_TIME 1167737286
TRACK A20110117582395 F 440700 1231300 120 30 999 NONE NONE 320
	FP_ROUTE KC..KB737

TRACK_TIME 1167737286
TRACK A20110117582399 F 384200 1213600 120 30 999 NONE NONE 360
	FP_ROUTE KC..KE145

TRACK_TIME 1167737286
TRACK A20110117582404 F 373600 1221900 120 30 999 NONE NONE 330
	FP_ROUTE KC..KB733

TRACK_TIME 1167737286
TRACK A20110117582406 F 320700 1105700 120 30 999 NONE NONE 330
	FP_ROUTE KC..KMD82

TRACK_TIME 1167737286
TRACK A20110117582412 F 404060 734960 120 30 999 NONE NONE 370
	FP_ROUTE KC..KB763

TRACK_TIME 1167737286
TRACK A20110117582414 F 395260 1043700 120 30 999 NONE NONE 360
	FP_ROUTE KC..KA321

TRACK_TIME 1167737286
TRACK A20110117582415 F 473760 1173100 120 30 999 NONE NONE 380
	FP_ROUTE KC..KA320

TRACK_TIME 1167737286
TRACK A20110117582422 F 403000 801660 120 30 999 NONE NONE 220
	FP_ROUTE KC..KB712

TRACK_TIME 1167737286
TRACK A20110117582424 F 472700 1221900 120 30 999 NONE NONE 360
	FP_ROUTE KC..KF900

TRACK_TIME 1167737286
TRACK A20110117582430 F 360460 1151360 120 30 999 NONE NONE 380
	FP_ROUTE KC..KB752

TRACK_TIME 1167737286
TRACK A20110117582434 F 333700 843000 120 30 999 NONE NONE 240
	FP_ROUTE KC..KB712

TRACK_TIME 1167737286
TRACK A20110117582444 F 194300 1545860 120 30 999 NONE NONE 250
	FP_ROUTE KC..KE170

TRACK_TIME 1167737286
TRACK A20110117582446 F 421960 705800 120 30 999 NONE NONE 390
	FP_ROUTE KC..KB732

TRACK_TIME 1167737286
TRACK A20110117582449 F 182560 660160 120 30 999 NONE NONE 350
	FP_ROUTE KC..KB738

TRACK_TIME 1167737286
TRACK A20110117582451 F 403000 801900 120 30 999 NONE NONE 390
	FP_ROUTE KC..KE135

TRACK_TIME 1167737286
TRACK A20110117582452 F 393760 1070400 120 30 999 NONE NONE 400
	FP_ROUTE KC..KE135

TRACK_TIME 1167737286
TRACK A20110117582459 F 472860 1221900 120 30 999 NONE NONE 360
	FP_ROUTE KC..KA321

TRACK_TIME 1167737286
TRACK A20110117582461 F 350100 895860 120 30 999 NONE NONE 280
	FP_ROUTE KC..KA319

TRACK_TIME 1167737286
TRACK A20110117582466 F 332560 1115400 120 30 999 NONE NONE 340
	FP_ROUTE KG..KC560

TRACK_TIME 1167737286
TRACK A20110117582469 F 283000 811900 120 30 999 NONE NONE 380
	FP_ROUTE KC..KMD83

TRACK_TIME 1167737286
TRACK A20110117582471 F 385700 773000 120 30 999 NONE NONE 370
	FP_ROUTE KC..KE190

TRACK_TIME 1167737286
TRACK A20110117582472 F 355260 835400 120 30 999 NONE NONE 290
	FP_ROUTE KT..KCRJ2

TRACK_TIME 1167737286
TRACK A20110117582473 F 325200 970100 120 30 999 NONE NONE 260
	FP_ROUTE KG..KBE20

TRACK_TIME 1167737286
TRACK A20110117582477 F 360460 1150760 120 30 999 NONE NONE 320
	FP_ROUTE KC..KB737

TRACK_TIME 1167737286
TRACK A20110117582478 F 335100 841960 120 30 999 NONE NONE 250
	FP_ROUTE KC..KE190

TRACK_TIME 1167737286
TRACK A20110117582480 F 605800 1513900 120 30 999 NONE NONE 370
	FP_ROUTE KG..KBE20

TRACK_TIME 1167737286
TRACK A20110117582481 F 415560 875560 120 30 999 NONE NONE 250
	FP_ROUTE KC..KE145

TRACK_TIME 1167737286
TRACK A20110117582486 F 404800 1115860 120 30 999 NONE NONE 380
	FP_ROUTE KC..KE145

TRACK_TIME 1167737286
TRACK A20110117582488 F 335500 1183400 120 30 999 NONE NONE 280
	FP_ROUTE KC..KE145

TRACK_TIME 1167737286
TRACK A20110117582492 F 400000 825100 120 30 999 NONE NONE 230
	FP_ROUTE KC..KB738

TRACK_TIME 1167737286
TRACK A20110117582497 F 411900 955400 120 30 999 NONE NONE 350
	FP_ROUTE KC..KB735

TRACK_TIME 1167737286
TRACK A20110117582498 F 472800 1221900 120 30 999 NONE NONE 360
	FP_ROUTE KC..KB737

TRACK_TIME 1167737286
TRACK A20110117582499 F 473700 1173160 120 30 999 NONE NONE 400
	FP_ROUTE KT..KC560

TRACK_TIME 1167737286
TRACK A20110117582500 F 415800 875700 120 30 999 NONE NONE 270
	FP_ROUTE KC..KB738

TRACK_TIME 1167737286
TRACK A20110117582513 F 373600 1221900 120 30 999 NONE NONE 320
	FP_ROUTE KC..KMD82

TRACK_TIME 1167737286
TRACK A20110117582520 F 300300 974060 120 30 999 NONE NONE 220
	FP_ROUTE KC..KCRJ2

TRACK_TIME 1167737286
TRACK A20110117582521 F 384900 770160 120 30 999 NONE NONE 270
	FP_ROUTE KC..KFA20

TRACK_TIME 1167737286
TRACK A20110117582522 F 472700 1221900 120 30 999 NONE NONE 340
	FP_ROUTE KC..KB737

TRACK_TIME 1167737286
TRACK A20110117582523 F 472700 1221900 120 30 999 NONE NONE 380
	FP_ROUTE KT..KC750

TRACK_TIME 1167737286
TRACK A20110117582527 F 325200 970300 120 30 999 NONE NONE 340
	FP_ROUTE KC..KE135

TRACK_TIME 1167737286
TRACK A20110117582532 F 420000 875560 120 30 999 NONE NONE 260
	FP_ROUTE KC..KE145

TRACK_TIME 1167737286
TRACK A20110117582538 F 324500 1171900 120 30 999 NONE NONE 410
	FP_ROUTE KC..KA320

TRACK_TIME 1167737286
TRACK A20110117582544 F 333400 1175700 120 30 999 NONE NONE 340
	FP_ROUTE KC..KA320

TRACK_TIME 1167737286
TRACK A20110117582549 F 360460 1151000 120 30 999 NONE NONE 320
	FP_ROUTE KG..KBE20

TRACK_TIME 1167737286
TRACK A20110117582555 F 361960 941960 120 30 999 NONE NONE 300
	FP_ROUTE KC..KA319

TRACK_TIME 1167737286
TRACK A20110117582564 F 325560 970300 120 30 999 NONE NONE 380
	FP_ROUTE KC..KMD82

TRACK_TIME 1167737286
TRACK A20110117582567 F 402260 1065700 120 30 999 NONE NONE 400
	FP_ROUTE KC..KB752

TRACK_TIME 1167737286
TRACK A20110117582570 F 392800 1194600 120 30 999 NONE NONE 230
	FP_ROUTE KT..KCRJ2

TRACK_TIME 1167737286
TRACK A20110117582576 F 351200 805800 120 30 999 NONE NONE 350
	FP_ROUTE KG..KCL60

TRACK_TIME 1167737286
TRACK A20110117582587 F 365100 761360 120 30 999 NONE NONE 330
	FP_ROUTE KT..KCRJ2

TRACK_TIME 1167737286
TRACK A20110117582603 F 332560 1115800 120 30 999 NONE NONE 380
	FP_ROUTE KT..KE145

TRACK_TIME 1167737286
TRACK A20110117582605 F 425260 853100 120 30 999 NONE NONE 290
	FP_ROUTE KT..KE145

TRACK_TIME 1167737286
TRACK A20110117582606 F 345860 895860 120 30 999 NONE NONE 270
	FP_ROUTE KC..KB737

TRACK_TIME 1167737286
TRACK A20110117582610 F 404500 734960 120 30 999 NONE NONE 290
	FP_ROUTE KC..KB737

TRACK_TIME 1167737286
TRACK A20110117582611 F 403000 801800 120 30 999 NONE NONE 190
	FP_ROUTE KC..KB737

TRACK_TIME 1167737286
TRACK A20110117582612 F 415800 875860 120 30 999 NONE NONE 310
	FP_ROUTE KC..KE170

TRACK_TIME 1167737286
TRACK A20110117582615 F 403900 741060 120 30 999 NONE NONE 210
	FP_ROUTE KC..KE170

TRACK_TIME 1167737286
TRACK A20110117582616 F 472860 1221900 120 30 999 NONE NONE 400
	FP_ROUTE KC..KE145

TRACK_TIME 1167737286
TRACK A20110117582621 F 360760 1150900 120 30 999 NONE NONE 330
	FP_ROUTE KT..KE145

TRACK_TIME 1167737286
TRACK A20110117582623 F 384900 770160 120 30 999 NONE NONE 270
	FP_ROUTE KC..KB735

TRACK_TIME 1167737286
TRACK A20110117582631 F 402860 801200 120 30 999 NONE NONE 330
	FP_ROUTE KC..KA319

TRACK_TIME 1167737286
TRACK A20110117582633 F 260400 801200 120 30 999 NONE NONE 340
	FP_ROUTE KC..KE135

TRACK_TIME 1167737286
TRACK A20110117582639 F 404660 730700 120 30 999 NONE NONE 390
	FP_ROUTE KC..KA319

TRACK_TIME 1167737286
TRACK A20110117582649 F 352560 822100 120 30 999 NONE NONE 190
	FP_ROUTE KT..KE145

TRACK_TIME 1167737286
TRACK A20110117582651 F 325500 970300 120 30 999 NONE NONE 390
	FP_ROUTE KC..KA319

TRACK_TIME 1167737286
TRACK A20110117582654 F 324360 1171060 120 30 999 NONE NONE 390
	FP_ROUTE KC..KB752

TRACK_TIME 1167737286
TRACK A20110117582662 F 414900 874800 120 30 999 NONE NONE 370
	FP_ROUTE KC..KE145

TRACK_TIME 1167737286
TRACK A20110117582665 F 404660 734960 120 30 999 NONE NONE 390
	FP_ROUTE KC..KB738

TRACK_TIME 1167737286
TRACK A20110117582672 F 395260 1043600 120 30 999 NONE NONE 360
	FP_ROUTE KC..KB737

TRACK_TIME 1167737286
TRACK A20110117582673 F 360460 1151000 120 30 999 NONE NONE 330
	FP_ROUTE KC..KA320

TRACK_TIME 1167737286
TRACK A20110117582679 F 373600 1221960 120 30 999 NONE NONE 270
	FP_ROUTE KC..KB737

TRACK_TIME 1167737286
TRACK A20110117582681 F 391000 1083700 120 30 999 NONE NONE 260
	FP_ROUTE KC..KB738

TRACK_TIME 1167737286
TRACK A20110117582682 F 395260 1043460 120 30 999 NONE NONE 250
	FP_ROUTE KC..KCRJ2

TRACK_TIME 1167737286
TRACK A20110117582687 F 390000 772560 120 30 999 NONE NONE 280
	FP_ROUTE KC..KE135

TRACK_TIME 1167737286
TRACK A20110117582696 F 384660 770160 120 30 999 NONE NONE 370
	FP_ROUTE KC..KB733

TRACK_TIME 1167737286
TRACK A20110117582698 F 404900 1120000 120 30 999 NONE NONE 320
	FP_ROUTE KC..KB733

TRACK_TIME 1167737286
TRACK A20110117582703 F 404600 1115800 120 30 999 NONE NONE 340
	FP_ROUTE KC..KB733

TRACK_TIME 1167737286
TRACK A20110117582705 F 332560 815860 120 30 999 NONE NONE 370
	FP_ROUTE KC..KB733

TRACK_TIME 1167737286
TRACK A20110117582707 F 445400 931500 120 30 999 NONE NONE 340
	FP_ROUTE KC..KDH8A

TRACK_TIME 1167737286
TRACK A20110117582709 F 415560 875560 120 30 999 NONE NONE 360
	FP_ROUTE KC..KE145

TRACK_TIME 1167737286
TRACK A20110117582723 F 421300 831960 120 30 999 NONE NONE 300
	FP_ROUTE KC..KE145

TRACK_TIME 1167737286
TRACK A20110117582727 F 412560 814900 120 30 999 NONE NONE 340
	FP_ROUTE KC..KB738

TRACK_TIME 1167737286
TRACK A20110117582728 F 420100 875800 120 30 999 NONE NONE 370
	FP_ROUTE KC..KB734

TRACK_TIME 1167737286
TRACK A20110117582740 F 440700 1231300 120 30 999 NONE NONE 190
	FP_ROUTE KC..KB737

TRACK_TIME 1167737286
TRACK A20110117582746 F 373400 1221360 120 30 999 NONE NONE 270
	FP_ROUTE KC..KB737

TRACK_TIME 1167737286
TRACK A20110117582747 F 421360 832200 120 30 999 NONE NONE 350
	FP_ROUTE KC..KB737

TRACK_TIME 1167737286
TRACK A20110117582749 F 293700 951900 120 30 999 NONE NONE 360
	FP_ROUTE KC..KE145

TRACK_TIME 1167737286
TRACK A20110117582753 F 335560 1182800 120 30 999 NONE NONE 340
	FP_ROUTE KG..KBE9L

TRACK_TIME 1167737286
TRACK A20110117582755 F 372260 1215700 120 30 999 NONE NONE 260
	FP_ROUTE KC..KB737

TRACK_TIME 1167737286
TRACK A20110117582764 F 300100 901000 120 30 999 NONE NONE 361
	FP_ROUTE KG..KC560

TRACK_TIME 1167737286
TRACK A20110117582772 F 414360 874960 120 30 999 NONE NONE 340
	FP_ROUTE KT..KCRJ9

TRACK_TIME 1167737286
TRACK A20110117582773 F 350300 895860 120 30 999 NONE NONE 350
	FP_ROUTE KC..KB738

TRACK_TIME 1167737286
TRACK A20110117582774 F 420000 875500 120 30 999 NONE NONE 360
	FP_ROUTE KT..KCRJ9

TRACK_TIME 1167737286
TRACK A20110117582776 F 333900 842800 120 30 999 NONE NONE 320
	FP_ROUTE KC..KE135

TRACK_TIME 1167737286
TRACK A20110117582778 F 404900 1120000 120 30 999 NONE NONE 290
	FP_ROUTE KG..KLJ45

TRACK_TIME 1167737286
TRACK A20110117582780 F 394060 735200 120 30 999 NONE NONE 330
	FP_ROUTE KG..KCL60

TRACK_TIME 1167737286
TRACK A20110117582781 F 364600 1194960 120 30 999 NONE NONE 300
	FP_ROUTE KC..KCRJ2

TRACK_TIME 1167737286
TRACK A20110117582782 F 404000 741060 120 30 999 NONE NONE 390
	FP_ROUTE KC..KB752

TRACK_TIME 1167737286
TRACK A20110117582784 F 391800 944360 120 30 999 NONE NONE 370
	FP_ROUTE KC..KB732

TRACK_TIME 1167737286
TRACK A20110117582785 F 445260 931300 120 30 999 NONE NONE 300
	FP_ROUTE KT..KCRJ2

TRACK_TIME 1167737286
TRACK A20110117582788 F 404800 1120000 120 30 999 NONE NONE 320
	FP_ROUTE KC..KB739

TRACK_TIME 1167737286
TRACK A20110117582790 F 354360 840600 120 30 999 NONE NONE 370
	FP_ROUTE KC..KE135

TRACK_TIME 1167737286
TRACK A20110117582791 F 390460 844000 120 30 999 NONE NONE 310
	FP_ROUTE KC..KB737

TRACK_TIME 1167737286
TRACK A20110117582793 F 360400 1150700 120 30 999 NONE NONE 320
	FP_ROUTE KC..KMD82

TRACK_TIME 1167737286
TRACK A20110117582795 F 420000 875500 120 30 999 NONE NONE 400
	FP_ROUTE KC..KMD82

TRACK_TIME 1167737286
TRACK A20110117582796 F 264200 795500 120 30 999 NONE NONE 340
	FP_ROUTE KC..KB752

TRACK_TIME 1167737286
TRACK A20110117582798 F 384900 1044300 120 30 999 NONE NONE 250
	FP_ROUTE KC..KB752

TRACK_TIME 1167737286
TRACK A20110117582800 F 404800 1120000 120 30 999 NONE NONE 330
	FP_ROUTE KC..KB737

TRACK_TIME 1167737286
TRACK A20110117582802 F 333760 842800 120 30 999 NONE NONE 390
	FP_ROUTE KC..KB737

TRACK_TIME 1167737286
TRACK A20110117582803 F 371960 1215400 120 30 999 NONE NONE 360
	FP_ROUTE KC..KB737

TRACK_TIME 1167737286
TRACK A20110117582804 F 340300 1174360 120 30 999 NONE NONE 330
	FP_ROUTE KG..KC550

TRACK_TIME 1167737286
TRACK A20110117582815 F 372400 772200 120 30 999 NONE NONE 370
	FP_ROUTE KC..KA320

TRACK_TIME 1167737286
TRACK A20110117582821 F 321360 862400 120 30 999 NONE NONE 290
	FP_ROUTE KC..KB738

TRACK_TIME 1167737286
TRACK A20110117582845 F 373600 1221900 120 30 999 NONE NONE 380
	FP_ROUTE KC..KB752

TRACK_TIME 1167737286
TRACK A20110117582846 F 370760 1074600 120 30 999 NONE NONE 260
	FP_ROUTE KC..KB737

TRACK_TIME 1167737286
TRACK A20110117582847 F 260400 801200 120 30 999 NONE NONE 360
	FP_ROUTE KG..KC550

TRACK_TIME 1167737286
TRACK A20110117582849 F 325500 970160 120 30 999 NONE NONE 360
	FP_ROUTE KC..KA319

TRACK_TIME 1167737286
TRACK A20110117582851 F 400000 825560 120 30 999 NONE NONE 370
	FP_ROUTE KC..KB734

TRACK_TIME 1167737286
TRACK A20110117582853 F 374200 972500 120 30 999 NONE NONE 410
	FP_ROUTE KC..KB737

TRACK_TIME 1167737286
TRACK A20110117582855 F 413600 1090400 120 30 999 NONE NONE 260
	FP_ROUTE KC..KB737

TRACK_TIME 1167737286
TRACK A20110117582856 F 404900 1115860 120 30 999 NONE NONE 330
	FP_ROUTE KC..KB737

TRACK_TIME 1167737286
TRACK A20110117582859 F 420000 875400 120 30 999 NONE NONE 350
	FP_ROUTE KC..KB737

TRACK_TIME 1167737286
TRACK A20110117582860 F 320760 1105800 120 30 999 NONE NONE 330
	FP_ROUTE KC..KB753

TRACK_TIME 1167737286
TRACK A20110117582873 F 332560 1115800 120 30 999 NONE NONE 400
	FP_ROUTE KC..KB737

TRACK_TIME 1167737286
TRACK A20110117582874 F 393600 1194600 120 30 999 NONE NONE 230
	FP_ROUTE KC..KB752

TRACK_TIME 1167737286
TRACK A20110117582877 F 445260 931360 120 30 999 NONE NONE 350
	FP_ROUTE KG..KFA50

TRACK_TIME 1167737286
TRACK A20110117582880 F 374060 1221060 120 30 999 NONE NONE 380
	FP_ROUTE KG..KC550

TRACK_TIME 1167737286
TRACK A20110117582881 F 360460 1150900 120 30 999 NONE NONE 330
	FP_ROUTE KT..KCRJ9

TRACK_TIME 1167737286
TRACK A20110117582882 F 335500 1183300 120 30 999 NONE NONE 280
	FP_ROUTE KC..KB738

TRACK_TIME 1167737286
TRACK A20110117582901 F 373600 1221900 120 30 999 NONE NONE 380
	FP_ROUTE KC..KCRJ2

TRACK_TIME 1167737286
TRACK A20110117582902 F 373600 1221960 120 30 999 NONE NONE 360
	FP_ROUTE KG..KF900

TRACK_TIME 1167737286
TRACK A20110117582903 F 292700 982200 120 30 999 NONE NONE 350
	FP_ROUTE KC..KCRJ2

TRACK_TIME 1167737286
TRACK A20110117582912 F 371960 1215400 120 30 999 NONE NONE 340
	FP_ROUTE KC..KB738

TRACK_TIME 1167737286
TRACK A20110117582915 F 404660 1115800 120 30 999 NONE NONE 330
	FP_ROUTE KT..KCRJ9

TRACK_TIME 1167737286
TRACK A20110117582916 F 454600 1110760 120 30 999 NONE NONE 280
	FP_ROUTE KC..KB734

TRACK_TIME 1167737286
TRACK A20110117582918 F 384900 770160 120 30 999 NONE NONE 390
	FP_ROUTE KT..KCRJ2

TRACK_TIME 1167737286
TRACK A20110117582919 F 461960 1190300 120 30 999 NONE NONE 361
	FP_ROUTE KG..KF2TH

TRACK_TIME 1167737286
TRACK A20110117582920 F 335500 1183160 120 30 999 NONE NONE 280
	FP_ROUTE KC..KA321

TRACK_TIME 1167737286
TRACK A20110117582921 F 372100 1215500 120 30 999 NONE NONE 320
	FP_ROUTE KT..KCRJ2

TRACK_TIME 1167737286
TRACK A20110117582943 F 295860 952400 120 30 999 NONE NONE 350
	FP_ROUTE KC..KB733

TRACK_TIME 1167737286
TRACK A20110117582944 F 404900 1115860 120 30 999 NONE NONE 330
	FP_ROUTE KC..KB733

TRACK_TIME 1167737286
TRACK A20110117582945 F 260460 801300 120 30 999 NONE NONE 400
	FP_ROUTE KC..KB733

TRACK_TIME 1167737286
TRACK A20110117582946 F 325200 965200 120 30 999 NONE NONE 450
	FP_ROUTE KC..KB733

TRACK_TIME 1167737286
TRACK A20110117582947 F 421360 832100 120 30 999 NONE NONE 310
	FP_ROUTE KC..KA320

TRACK_TIME 1167737286
TRACK A20110117582950 F 391500 1065400 120 30 999 NONE NONE 200
	FP_ROUTE KC..KE190

TRACK_TIME 1167737286
TRACK A20110117582958 F 264200 801800 120 30 999 NONE NONE 340
	FP_ROUTE KT..KCRJ2

TRACK_TIME 1167737286
TRACK A20110117582960 F 300000 901900 120 30 999 NONE NONE 370
	FP_ROUTE KC..KB737

TRACK_TIME 1167737286
TRACK A20110117582969 F 420000 875560 120 30 999 NONE NONE 310
	FP_ROUTE KC..KA319

TRACK_TIME 1167737286
TRACK A20110117582970 F 385260 772560 120 30 999 NONE NONE 350
	FP_ROUTE KC..KA319

TRACK_TIME 1167737286
TRACK A20110117582971 F 373460 1221800 120 30 999 NONE NONE 360
	FP_ROUTE KC..KB738

TRACK_TIME 1167737286
TRACK A20110117582972 F 395500 1044060 120 30 999 NONE NONE 320
	FP_ROUTE KT..KCRJ2

TRACK_TIME 1167737286
TRACK A20110117582975 F 334060 1014960 120 30 999 NONE NONE 300
	FP_ROUTE KC..KB752

TRACK_TIME 1167737286
TRACK A20110117582978 F 453160 1225700 120 30 999 NONE NONE 360
	FP_ROUTE KC..KE145

TRACK_TIME 1167737286
TRACK A20110117582988 F 420000 875500 120 30 999 NONE NONE 320
	FP_ROUTE KC..KE145

TRACK_TIME 1167737286
TRACK A20110117582994 F 351000 805700 120 30 999 NONE NONE 240
	FP_ROUTE KC..KB712

TRACK_TIME 1167737286
TRACK A20110117582996 F 373600 1221900 120 30 999 NONE NONE 360
	FP_ROUTE KC..KB712

TRACK_TIME 1167737286
TRACK A20110117582999 F 384500 902400 120 30 999 NONE NONE 310
	FP_ROUTE KC..KMD82

TRACK_TIME 1167737286
TRACK A20110117583002 F 333700 842860 120 30 999 NONE NONE 361
	FP_ROUTE KC..KE145

TRACK_TIME 1167737286
TRACK A20110117583007 F 263760 813300 120 30 999 NONE NONE 400
	FP_ROUTE KT..KDH8D

TRACK_TIME 1167737286
TRACK A20110117583011 F 422260 712400 120 30 999 NONE NONE 370
	FP_ROUTE KC..KB733

TRACK_TIME 1167737286
TRACK A20110117583013 F 404900 1115860 120 30 999 NONE NONE 330
	FP_ROUTE KC..KB712

TRACK_TIME 1167737286
TRACK A20110117583014 F 400000 825560 120 30 999 NONE NONE 370
	FP_ROUTE KC..KB712

TRACK_TIME 1167737286
TRACK A20110117583016 F 374060 1221200 120 30 999 NONE NONE 360
	FP_ROUTE KC..KB738

TRACK_TIME 1167737286
TRACK A20110117583025 F 395200 751360 120 30 999 NONE NONE 260
	FP_ROUTE KC..KLJ45

TRACK_TIME 1167737286
TRACK A20110117583026 F 395200 751660 120 30 999 NONE NONE 290
	FP_ROUTE KC..KA319

TRACK_TIME 1167737286
TRACK A20110117583028 F 390000 772800 120 30 999 NONE NONE 370
	FP_ROUTE KC..KA320

TRACK_TIME 1167737286
TRACK A20110117583032 F 381060 854360 120 30 999 NONE NONE 360
	FP_ROUTE KC..KCL60

TRACK_TIME 1167737286
TRACK A20110117583039 F 412800 814660 120 30 999 NONE NONE 230
	FP_ROUTE KG..KMU2

TRACK_TIME 1167737286
TRACK A20110117583040 F 254660 802100 120 30 999 NONE NONE 370
	FP_ROUTE KC..KB733

TRACK_TIME 1167737286
TRACK A20110117583041 F 414300 862800 120 30 999 NONE NONE 250
	FP_ROUTE KT..KDH8D

TRACK_TIME 1167737286
TRACK A20110117583042 F 390760 763760 120 30 999 NONE NONE 390
	FP_ROUTE KC..KE145

TRACK_TIME 1167737286
TRACK A20110117583043 F 361000 955260 120 30 999 NONE NONE 240
	FP_ROUTE KC..KB752

TRACK_TIME 1167737286
TRACK A20110117583073 F 404660 1115800 120 30 999 NONE NONE 260
	FP_ROUTE KC..KA320

TRACK_TIME 1167737286
TRACK A20110117583079 F 370900 1074600 120 30 999 NONE NONE 260
	FP_ROUTE KC..KA320

TRACK_TIME 1167737286
TRACK A20110117583080 F 395260 1043400 120 30 999 NONE NONE 270
	FP_ROUTE KC..KA320

TRACK_TIME 1167737286
TRACK A20110117583090 F 395400 1044060 120 30 999 NONE NONE 380
	FP_ROUTE KC..KMD82

TRACK_TIME 1167737286
TRACK A20110117583091 F 181960 650100 120 30 999 NONE NONE 410
	FP_ROUTE KC..KB738

TRACK_TIME 1167737286
TRACK A20110117583092 F 360700 864060 120 30 999 NONE NONE 360
	FP_ROUTE KC..KE170

TRACK_TIME 1167737286
TRACK A20110117583093 F 260300 800760 120 30 999 NONE NONE 430
	FP_ROUTE KC..KB738

TRACK_TIME 1167737286
TRACK A20110117583095 F 323000 845800 120 30 999 NONE NONE 350
	FP_ROUTE KC..KMD83

TRACK_TIME 1167737286
TRACK A20110117583098 F 603600 1503460 120 30 999 NONE NONE 200
	FP_ROUTE KC..KB752

TRACK_TIME 1167737286
TRACK A20110117583103 F 264060 800700 120 30 999 NONE NONE 390
	FP_ROUTE KC..KMD82

TRACK_TIME 1167737286
TRACK A20110117583108 F 422260 755560 120 30 999 NONE NONE 410
	FP_ROUTE KC..KB737

TRACK_TIME 1167737286
TRACK A20110117583109 F 354600 840300 120 30 999 NONE NONE 220
	FP_ROUTE KC..KB737

TRACK_TIME 1167737286
TRACK A20110117583115 F 351500 805800 120 30 999 NONE NONE 290
	FP_ROUTE KC..KB733

TRACK_TIME 1167737286
TRACK A20110117583123 F 415800 875700 120 30 999 NONE NONE 370
	FP_ROUTE KC..KB753

TRACK_TIME 1167737286
TRACK A20110117583124 F 325200 970300 120 30 999 NONE NONE 220
	FP_ROUTE KC..KB712

TRACK_TIME 1167737286
TRACK A20110117583125 F 385260 772560 120 30 999 NONE NONE 350
	FP_ROUTE KC..KB738

TRACK_TIME 1167737286
TRACK A20110117583131 F 404800 1120000 120 30 999 NONE NONE 350
	FP_ROUTE KC..KB737

TRACK_TIME 1167737286
TRACK A20110117583132 F 375700 1004300 120 30 999 NONE NONE 380
	FP_ROUTE KC..KB737

TRACK_TIME 1167737286
TRACK A20110117583137 F 445200 931000 120 30 999 NONE NONE 250
	FP_ROUTE KT..KCRJ2

TRACK_TIME 1167737286
TRACK A20110117583138 F 351900 1013760 120 30 999 NONE NONE 220
	FP_ROUTE KC..KB738

TRACK_TIME 1167737286
TRACK A20110117583139 F 475500 971060 120 30 999 NONE NONE 260
	FP_ROUTE KC..KMD83

TRACK_TIME 1167737286
TRACK A20110117583141 F 423600 922860 120 30 999 NONE NONE 410
	FP_ROUTE KC..KE190

TRACK_TIME 1167737286
TRACK A20110117583142 F 454600 1110760 120 30 999 NONE NONE 300
	FP_ROUTE KC..KA320

TRACK_TIME 1167737286
TRACK A20110117583144 F 420100 875560 120 30 999 NONE NONE 339
	FP_ROUTE KC..KB752

TRACK_TIME 1167737286
TRACK A20110117583145 F 351960 1204960 120 30 999 NONE NONE 190
	FP_ROUTE KC..KB737

TRACK_TIME 1167737286
TRACK A20110117583147 F 392560 1194600 120 30 999 NONE NONE 340
	FP_ROUTE KG..KC550

TRACK_TIME 1167737286
TRACK A20110117583148 F 335700 1182700 120 30 999 NONE NONE 310
	FP_ROUTE KC..KA320

TRACK_TIME 1167737286
TRACK A20110117583149 F 395500 1044200 120 30 999 NONE NONE 330
	FP_ROUTE KT..KC750

TRACK_TIME 1167737286
TRACK A20110117583154 F 473700 1173160 120 30 999 NONE NONE 210
	FP_ROUTE KC..KE135

TRACK_TIME 1167737286
TRACK A20110117583156 F 333760 843100 120 30 999 NONE NONE 250
	FP_ROUTE KC..KA320

TRACK_TIME 1167737286
TRACK A20110117583158 F 422100 710100 120 30 999 NONE NONE 350
	FP_ROUTE KC..KA320

TRACK_TIME 1167737286
TRACK A20110117583159 F 315560 1021300 120 30 999 NONE NONE 260
	FP_ROUTE KC..KB737

TRACK_TIME 1167737286
TRACK A20110117583164 F 324960 964900 120 30 999 NONE NONE 280
	FP_ROUTE KC..KB737

TRACK_TIME 1167737286
TRACK A20110117583165 F 314960 1062200 120 30 999 NONE NONE 240
	FP_ROUTE KC..KB738

TRACK_TIME 1167737286
TRACK A20110117583166 F 332560 1115800 120 30 999 NONE NONE 360
	FP_ROUTE KT..KDH8D

TRACK_TIME 1167737286
TRACK A20110117583167 F 324360 1171200 120 30 999 NONE NONE 360
	FP_ROUTE KC..KB737

TRACK_TIME 1167737286
TRACK A20110117583170 F 425260 853100 120 30 999 NONE NONE 340
	FP_ROUTE KG..KC750

TRACK_TIME 1167737286
TRACK A20110117583172 F 604660 1513400 120 30 999 NONE NONE 210
	FP_ROUTE KC..KB712

TRACK_TIME 1167737286
TRACK A20110117583188 F 254800 801900 120 30 999 NONE NONE 400
	FP_ROUTE KC..KB733

TRACK_TIME 1167737286
TRACK A20110117583189 F 335700 1182560 120 30 999 NONE NONE 190
	FP_ROUTE KC..KB738

TRACK_TIME 1167737286
TRACK A20110117583197 F 360600 1151000 120 30 999 NONE NONE 270
	FP_ROUTE KC..KB738

TRACK_TIME 1167737286
TRACK A20110117583198 F 351000 805800 120 30 999 NONE NONE 350
	FP_ROUTE KT..KCRJ2

TRACK_TIME 1167737286
TRACK A20110117583200 F 182560 660100 120 30 999 NONE NONE 370
	FP_ROUTE KC..KE145

TRACK_TIME 1167737286
TRACK A20110117583201 F 351360 973600 120 30 999 NONE NONE 350
	FP_ROUTE KC..KB737

TRACK_TIME 1167737286
TRACK A20110117583202 F 332560 1115860 120 30 999 NONE NONE 340
	FP_ROUTE KC..KB737

TRACK_TIME 1167737286
TRACK A20110117583209 F 275700 823300 120 30 999 NONE NONE 240
	FP_ROUTE KC..KE190

TRACK_TIME 1167737286
TRACK A20110117583210 F 403900 741200 120 30 999 NONE NONE 330
	FP_ROUTE KC..KB737

TRACK_TIME 1167737286
TRACK A20110117583232 F 352100 973600 120 30 999 NONE NONE 340
	FP_ROUTE KC..KE170

TRACK_TIME 1167737286
TRACK A20110117583238 F 332560 1120460 120 30 999 NONE NONE 390
	FP_ROUTE KC..KA321

TRACK_TIME 1167737286
TRACK A20110117583242 F 404800 1115860 120 30 999 NONE NONE 350
	FP_ROUTE KC..KMD83

TRACK_TIME 1167737286
TRACK A20110117583244 F 300000 901660 120 30 999 NONE NONE 340
	FP_ROUTE KT..KCRJ2

TRACK_TIME 1167737286
TRACK A20110117583259 F 421300 831960 120 30 999 NONE NONE 400
	FP_ROUTE KC..KE120

TRACK_TIME 1167737286
TRACK A20110117583272 F 472560 1221900 120 30 999 NONE NONE 380
	FP_ROUTE KT..KCRJ2

TRACK_TIME 1167737286
TRACK A20110117583276 F 325100 970300 120 30 999 NONE NONE 300
	FP_ROUTE KC..KCRJ2

TRACK_TIME 1167737286
TRACK A20110117583277 F 351200 805800 120 30 999 NONE NONE 370
	FP_ROUTE KC..KB739

TRACK_TIME 1167737286
TRACK A20110117583278 F 335560 1183160 120 30 999 NONE NONE 370
	FP_ROUTE KC..KB752

TRACK_TIME 1167737286
TRACK A20110117583279 F 384660 770160 120 30 999 NONE NONE 390
	FP_ROUTE KC..KA319

TRACK_TIME 1167737286
TRACK A20110117583290 F 374200 1221200 120 30 999 NONE NONE 380
	FP_ROUTE KT..KCL60

TRACK_TIME 1167737286
TRACK A20110117583295 F 360460 1151060 120 30 999 NONE NONE 260
	FP_ROUTE KC..KCL60

TRACK_TIME 1167737286
TRACK A20110117583300 F 325260 970300 120 30 999 NONE NONE 350
	FP_ROUTE KC..KB752

TRACK_TIME 1167737286
TRACK A20110117583301 F 333760 843100 120 30 999 NONE NONE 310
	FP_ROUTE KC..KCL60

TRACK_TIME 1167737286
TRACK A20110117583303 F 355200 784800 120 30 999 NONE NONE 370
	FP_ROUTE KC..KE170

TRACK_TIME 1167737286
TRACK A20110117583304 F 323900 1143600 120 30 999 NONE NONE 230
	FP_ROUTE KC..KA320

TRACK_TIME 1167737286
TRACK A20110117583308 F 453460 1223460 120 30 999 NONE NONE 380
	FP_ROUTE KC..KE170

TRACK_TIME 1167737286
TRACK A20110117583309 F 324500 1171660 120 30 999 NONE NONE 280
	FP_ROUTE KT..KCRJ1

TRACK_TIME 1167737286
TRACK A20110117583317 F 571000 1701300 120 30 999 NONE NONE 200
	FP_ROUTE KC..KA320

TRACK_TIME 1167737286
TRACK A20110117583319 F 344500 921200 120 30 999 NONE NONE 360
	FP_ROUTE KC..KA320

TRACK_TIME 1167737286
TRACK A20110117583323 F 254660 802100 120 30 999 NONE NONE 360
	FP_ROUTE KC..KB752

TRACK_TIME 1167737286
TRACK A20110117583327 F 453460 1223460 120 30 999 NONE NONE 340
	FP_ROUTE KC..KB738

TRACK_TIME 1167737286
TRACK A20110117583344 F 293100 952400 120 30 999 NONE NONE 380
	FP_ROUTE KC..KB752

TRACK_TIME 1167737286
TRACK A20110117583345 F 454660 1110900 120 30 999 NONE NONE 250
	FP_ROUTE KC..KCRJ2

TRACK_TIME 1167737286
TRACK A20110117583346 F 260400 801200 120 30 999 NONE NONE 230
	FP_ROUTE KT..KCL60

TRACK_TIME 1167737286
TRACK A20110117583347 F 260460 801200 120 30 999 NONE NONE 370
	FP_ROUTE KT..KCL60

TRACK_TIME 1167737286
TRACK A20110117583350 F 373600 1221960 120 30 999 NONE NONE 340
	FP_ROUTE KC..KB733

TRACK_TIME 1167737286
TRACK A20110117583354 F 390600 844000 120 30 999 NONE NONE 350
	FP_ROUTE KT..KE145

TRACK_TIME 1167737286
TRACK A20110117583361 F 570160 1352100 120 30 999 NONE NONE 280
	FP_ROUTE KG..KBE20

TRACK_TIME 1167737286
TRACK A20110117583363 F 605200 1484000 120 30 999 NONE NONE 300
	FP_ROUTE KC..KB737

TRACK_TIME 1167737286
TRACK A20110117583375 F 321900 900460 120 30 999 NONE NONE 250
	FP_ROUTE KC..KMD83

TRACK_TIME 1167737286
TRACK A20110117583376 F 333400 1175860 120 30 999 NONE NONE 380
	FP_ROUTE KT..KCRJ9

TRACK_TIME 1167737286
TRACK A20110117583378 F 395260 1043600 120 30 999 NONE NONE 380
	FP_ROUTE KG..KC510

TRACK_TIME 1167737286
TRACK A20110117583379 F 433400 1161360 120 30 999 NONE NONE 380
	FP_ROUTE KC..KCRJ2

TRACK_TIME 1167737286
TRACK A20110117583380 F 334060 1175200 120 30 999 NONE NONE 390
	FP_ROUTE KC..KA320

TRACK_TIME 1167737286
TRACK A20110117583381 F 430600 892100 120 30 999 NONE NONE 370
	FP_ROUTE KC..KCRJ2

TRACK_TIME 1167737286
TRACK A20110117583387 F 395260 751300 120 30 999 NONE NONE 230
	FP_ROUTE KT..KE145

TRACK_TIME 1167737286
TRACK A20110117583390 F 373600 1221960 120 30 999 NONE NONE 290
	FP_ROUTE KT..KE145

TRACK_TIME 1167737286
TRACK A20110117583393 F 360460 1150760 120 30 999 NONE NONE 320
	FP_ROUTE KT..KE145

TRACK_TIME 1167737286
TRACK A20110117583400 F 361360 1150460 120 30 999 NONE NONE 290
	FP_ROUTE KC..KB752

TRACK_TIME 1167737286
TRACK A20110117583404 F 282400 811660 120 30 999 NONE NONE 350
	FP_ROUTE KC..KB738

TRACK_TIME 1167737286
TRACK A20110117583406 F 260460 801200 120 30 999 NONE NONE 360
	FP_ROUTE KC..KA319

TRACK_TIME 1167737286
TRACK A20110117583410 F 385800 772560 120 30 999 NONE NONE 360
	FP_ROUTE KC..KCRJ2

TRACK_TIME 1167737286
TRACK A20110117583412 F 335560 1182400 120 30 999 NONE NONE 360
	FP_ROUTE KC..KB733

TRACK_TIME 1167737286
TRACK A20110117583415 F 445200 931060 120 30 999 NONE NONE 330
	FP_ROUTE KC..KB734

TRACK_TIME 1167737286
TRACK A20110117583416 F 282800 811800 120 30 999 NONE NONE 380
	FP_ROUTE KC..KCRJ9

TRACK_TIME 1167737286
TRACK A20110117583417 F 431500 891960 120 30 999 NONE NONE 230
	FP_ROUTE KC..KB738

TRACK_TIME 1167737286
TRACK A20110117583419 F 403000 801660 120 30 999 NONE NONE 350
	FP_ROUTE KT..KE145

TRACK_TIME 1167737286
TRACK A20110117583420 F 300100 901500 120 30 999 NONE NONE 300
	FP_ROUTE KC..KMD83

TRACK_TIME 1167737286
TRACK A20110117583422 F 360460 1150900 120 30 999 NONE NONE 240
	FP_ROUTE KT..KCRJ2

TRACK_TIME 1167737286
TRACK A20110117583425 F 293300 983000 120 30 999 NONE NONE 220
	FP_ROUTE KC..KB734

TRACK_TIME 1167737286
TRACK A20110117583429 F 422700 762400 120 30 999 NONE NONE 310
	FP_ROUTE KC..KB712

TRACK_TIME 1167737286
TRACK A20110117583431 F 424000 832260 120 30 999 NONE NONE 320
	FP_ROUTE KC..KMD82

TRACK_TIME 1167737286
TRACK A20110117583434 F 325500 970400 120 30 999 NONE NONE 280
	FP_ROUTE KC..KA320

TRACK_TIME 1167737286
TRACK A20110117583435 F 333700 842200 120 30 999 NONE NONE 390
	FP_ROUTE KC..KB762

TRACK_TIME 1167737286
TRACK A20110117583436 F 414600 874360 120 30 999 NONE NONE 280
	FP_ROUTE KC..KB752

TRACK_TIME 1167737286
TRACK A20110117583438 F 282700 811660 120 30 999 NONE NONE 380
	FP_ROUTE KC..KB712

TRACK_TIME 1167737286
TRACK A20110117583441 F 320900 1105860 120 30 999 NONE NONE 340
	FP_ROUTE KC..KB737

TRACK_TIME 1167737286
TRACK A20110117583444 F 410300 734060 120 30 999 NONE NONE 410
	FP_ROUTE KC..KB737

TRACK_TIME 1167737286
TRACK A20110117583445 F 260160 800700 120 30 999 NONE NONE 390
	FP_ROUTE KC..KB737

TRACK_TIME 1167737286
TRACK A20110117583448 F 412560 814900 120 30 999 NONE NONE 350
	FP_ROUTE KC..KE145

TRACK_TIME 1167737286
TRACK A20110117583453 F 373600 1221900 120 30 999 NONE NONE 360
	FP_ROUTE KC..KE170

TRACK_TIME 1167737286
TRACK A20110117583460 F 374060 1221060 120 30 999 NONE NONE 340
	FP_ROUTE KC..KE145

TRACK_TIME 1167737286
TRACK A20110117583461 F 602400 1504200 120 30 999 NONE NONE 200
	FP_ROUTE KC..KB737

TRACK_TIME 1167737286
TRACK A20110117583465 F 421360 832200 120 30 999 NONE NONE 370
	FP_ROUTE KC..KB752

TRACK_TIME 1167737286
TRACK A20110117583468 F 324960 964960 120 30 999 NONE NONE 381
	FP_ROUTE KC..KB737

TRACK_TIME 1167737286
TRACK A20110117583474 F 211900 1575800 120 30 999 NONE NONE 200
	FP_ROUTE KC..KB737

TRACK_TIME 1167737286
TRACK A20110117583475 F 385260 772560 120 30 999 NONE NONE 300
	FP_ROUTE KC..KMD83

TRACK_TIME 1167737286
TRACK A20110117583480 F 345800 821000 120 30 999 NONE NONE 370
	FP_ROUTE KC..KA319

TRACK_TIME 1167737286
TRACK A20110117583485 F 412560 814900 120 30 999 NONE NONE 240
	FP_ROUTE KG..KFA50

TRACK_TIME 1167737286
TRACK A20110117583486 F 300000 901500 120 30 999 NONE NONE 340
	FP_ROUTE KC..KA320

TRACK_TIME 1167737286
TRACK A20110117583487 F 325560 970300 120 30 999 NONE NONE 330
	FP_ROUTE KT..KCRJ9

TRACK_TIME 1167737286
TRACK A20110117583488 F 275700 823300 120 30 999 NONE NONE 350
	FP_ROUTE KC..KA320

TRACK_TIME 1167737286
TRACK A20110117583490 F 384500 901960 120 30 999 NONE NONE 320
	FP_ROUTE KC..KB733

TRACK_TIME 1167737286
TRACK A20110117583500 F 395560 1044060 120 30 999 NONE NONE 370
	FP_ROUTE KG..KLJ45

TRACK_TIME 1167737286
TRACK A20110117583508 F 300000 901800 120 30 999 NONE NONE 380
	FP_ROUTE KG..KC560

TRACK_TIME 1167737286
TRACK A20110117583512 F 403700 734800 120 30 999 NONE NONE 370
	FP_ROUTE KG..KC560

TRACK_TIME 1167737286
TRACK A20110117583513 F 604660 1513600 120 30 999 NONE NONE 190
	FP_ROUTE KG..KC560

TRACK_TIME 1167737286
TRACK A20110117583514 F 341200 1181500 120 30 999 NONE NONE 330
	FP_ROUTE KT..KCRJ2

TRACK_TIME 1167737286
TRACK A20110117583515 F 360760 1150700 120 30 999 NONE NONE 270
	FP_ROUTE KG..KLJ45

TRACK_TIME 1167737286
TRACK A20110117583517 F 350000 895860 120 30 999 NONE NONE 360
	FP_ROUTE KC..KB733

TRACK_TIME 1167737286
TRACK A20110117583519 F 282260 811900 120 30 999 NONE NONE 350
	FP_ROUTE KG..KC560

TRACK_TIME 1167737286
TRACK A20110117583529 F 384200 1213600 120 30 999 NONE NONE 350
	FP_ROUTE KC..KMD82

TRACK_TIME 1167737286
TRACK A20110117583552 F 473760 1173100 120 30 999 NONE NONE 210
	FP_ROUTE KC..KA319

TRACK_TIME 1167737286
TRACK A20110117583553 F 433460 1161600 120 30 999 NONE NONE 320
	FP_ROUTE KT..KC750

TRACK_TIME 1167737286
TRACK A20110117583556 F 325500 970160 120 30 999 NONE NONE 320
	FP_ROUTE KT..KCRJ2

TRACK_TIME 1167737286
TRACK A20110117583562 F 361000 863900 120 30 999 NONE NONE 350
	FP_ROUTE KC..KE170

TRACK_TIME 1167737286
TRACK A20110117583564 F 325500 970160 120 30 999 NONE NONE 320
	FP_ROUTE KT..KCRJ2

TRACK_TIME 1167737286
TRACK A20110117583568 F 333160 864900 120 30 999 NONE NONE 219
	FP_ROUTE KC..KB738

TRACK_TIME 1167737286
TRACK A20110117583579 F 325100 965260 120 30 999 NONE NONE 320
	FP_ROUTE KC..KE145

TRACK_TIME 1167737286
TRACK A20110117583581 F 300600 973900 120 30 999 NONE NONE 200
	FP_ROUTE KC..KE145

TRACK_TIME 1167737286
TRACK A20110117583582 F 332560 1115860 120 30 999 NONE NONE 340
	FP_ROUTE KT..KC750

TRACK_TIME 1167737286
TRACK A20110117583585 F 404500 735400 120 30 999 NONE NONE 370
	FP_ROUTE KG..KC750

TRACK_TIME 1167737286
TRACK A20110117583589 F 331600 1031900 120 30 999 NONE NONE 300
	FP_ROUTE KC..KMD83

TRACK_TIME 1167737286
TRACK A20110117583590 F 335500 1183160 120 30 999 NONE NONE 380
	FP_ROUTE KC..KB738

TRACK_TIME 1167737286
TRACK A20110117583591 F 403600 734660 120 30 999 NONE NONE 370
	FP_ROUTE KC..KB752

TRACK_TIME 1167737286
TRACK A20110117583592 F 464500 1170600 120 30 999 NONE NONE 230
	FP_ROUTE KC..KE190

TRACK_TIME 1167737286
TRACK A20110117583596 F 372100 1215500 120 30 999 NONE NONE 300
	FP_ROUTE KC..KA319

TRACK_TIME 1167737286
TRACK A20110117583597 F 280160 823160 120 30 999 NONE NONE 390
	FP_ROUTE KC..KA319

TRACK_TIME 1167737286
TRACK A20110117583601 F 332560 1115860 120 30 999 NONE NONE 330
	FP_ROUTE KC..KB744

TRACK_TIME 1167737286
TRACK A20110117583605 F 351360 805800 120 30 999 NONE NONE 370
	FP_ROUTE KC..KA319

TRACK_TIME 1167737286
TRACK A20110117583607 F 390000 772800 120 30 999 NONE NONE 370
	FP_ROUTE KC..KB738

TRACK_TIME 1167737286
TRACK A20110117583608 F 403600 734800 120 30 999 NONE NONE 350
	FP_ROUTE KC..KA320

TRACK_TIME 1167737286
TRACK A20110117583611 F 333900 842800 120 30 999 NONE NONE 410
	FP_ROUTE KT..KCRJ2

TRACK_TIME 1167737286
TRACK A20110117583624 F 395260 751300 120 30 999 NONE NONE 410
	FP_ROUTE KT..KCRJ2

TRACK_TIME 1167737286
TRACK A20110117583627 F 472700 1221900 120 30 999 NONE NONE 360
	FP_ROUTE KC..KB737

TRACK_TIME 1167737286
TRACK A20110117583631 F 333760 843100 120 30 999 NONE NONE 330
	FP_ROUTE KC..KA320

TRACK_TIME 1167737286
TRACK A20110117583638 F 373400 822260 120 30 999 NONE NONE 1271
	FP_ROUTE KT..KCRJ2

TRACK_TIME 1167737286
TRACK A20110117583648 F 333700 842800 120 30 999 NONE NONE 240
	FP_ROUTE KT..KCRJ9

TRACK_TIME 1167737286
TRACK A20110117583650 F 324360 1171000 120 30 999 NONE NONE 380
	FP_ROUTE KT..KCRJ2

TRACK_TIME 1167737286
TRACK A20110117583661 F 260460 801200 120 30 999 NONE NONE 310
	FP_ROUTE KT..KCRJ9

TRACK_TIME 1167737286
TRACK A20110117583664 F 385700 773000 120 30 999 NONE NONE 370
	FP_ROUTE KC..KA320

TRACK_TIME 1167737286
TRACK A20110117583667 F 582560 1515260 120 30 999 NONE NONE 210
	FP_ROUTE KG..KCL60

TRACK_TIME 1167737286
TRACK A20110117583668 F 433400 1161500 120 30 999 NONE NONE 350
	FP_ROUTE KC..KA320

TRACK_TIME 1167737286
TRACK A20110117583669 F 374060 1221000 120 30 999 NONE NONE 400
	FP_ROUTE KC..KE145

TRACK_TIME 1167737286
TRACK A20110117583670 F 385500 772800 120 30 999 NONE NONE 330
	FP_ROUTE KC..KB737

TRACK_TIME 1167737286
TRACK A20110117583674 F 315100 1061960 120 30 999 NONE NONE 350
	FP_ROUTE KC..KE190

TRACK_TIME 1167737286
TRACK A20110117583678 F 325200 970300 120 30 999 NONE NONE 300
	FP_ROUTE KC..KB752

TRACK_TIME 1167737286
TRACK A20110117583680 F 415800 875700 120 30 999 NONE NONE 350
	FP_ROUTE KC..KE145

TRACK_TIME 1167737286
TRACK A20110117583681 F 333460 1175700 120 30 999 NONE NONE 400
	FP_ROUTE KG..KC550

TRACK_TIME 1167737286
TRACK A20110117583685 F 351360 805500 120 30 999 NONE NONE 340
	FP_ROUTE KC..KE145

TRACK_TIME 1167737286
TRACK A20110117583686 F 404300 894660 120 30 999 NONE NONE 290
	FP_ROUTE KC..KE170

TRACK_TIME 1167737286
TRACK A20110117583687 F 205100 1562700 120 30 999 NONE NONE 300
	FP_ROUTE KT..KE145

TRACK_TIME 1167737286
TRACK A20110117583690 F 324500 1171900 120 30 999 NONE NONE 340
	FP_ROUTE KT..KCRJ9

TRACK_TIME 1167737286
TRACK A20110117583707 F 254800 801900 120 30 999 NONE NONE 360
	FP_ROUTE KC..KCRJ2

TRACK_TIME 1167737286
TRACK A20110117583710 F 334200 1175100 120 30 999 NONE NONE 280
	FP_ROUTE KC..KCRJ2

TRACK_TIME 1167737286
TRACK A20110117583734 F 333300 1175500 120 30 999 NONE NONE 320
	FP_ROUTE KC..KB752

TRACK_TIME 1167737286
TRACK A20110117583737 F 300000 952500 120 30 999 NONE NONE 380
	FP_ROUTE KT..KCRJ2

TRACK_TIME 1167737286
TRACK A20110117583738 F 341060 1181360 120 30 999 NONE NONE 330
	FP_ROUTE KC..KA320

TRACK_TIME 1167737286
TRACK A20110117583739 F 325100 970160 120 30 999 NONE NONE 320
	FP_ROUTE KC..KB733

TRACK_TIME 1167737286
TRACK A20110117583744 F 472800 1221900 120 30 999 NONE NONE 370
	FP_ROUTE KC..KA320

TRACK_TIME 1167737286
TRACK A20110117583747 F 334200 1115500 120 30 999 NONE NONE 260
	FP_ROUTE KC..KB737

TRACK_TIME 1167737286
TRACK A20110117583761 F 211660 1575100 120 30 999 NONE NONE 220
	FP_ROUTE KC..KA320

TRACK_TIME 1167737286
TRACK A20110117583765 F 615860 1495200 120 30 999 NONE NONE 330
	FP_ROUTE KC..KA319

TRACK_TIME 1167737286
TRACK A20110117583768 F 472800 1221900 120 30 999 NONE NONE 410
	FP_ROUTE KC..KB752

TRACK_TIME 1167737286
TRACK A20110117583771 F 373600 1221900 120 30 999 NONE NONE 350
	FP_ROUTE KC..KMD82

TRACK_TIME 1167737286
TRACK A20110117583776 F 194360 1550400 120 30 999 NONE NONE 230
	FP_ROUTE KC..KB738

TRACK_TIME 1167737286
TRACK A20110117583788 F 394900 1044060 120 30 999 NONE NONE 390
	FP_ROUTE KC..KMD83

TRACK_TIME 1167737286
TRACK A20110117583789 F 395260 751360 120 30 999 NONE NONE 390
	FP_ROUTE KT..KCRJ2

TRACK_TIME 1167737286
TRACK A20110117583790 F 403000 801660 120 30 999 NONE NONE 220
	FP_ROUTE KC..KB752

TRACK_TIME 1167737286
TRACK A20110117583794 F 414800 874600 120 30 999 NONE NONE 320
	FP_ROUTE KC..KMD82

TRACK_TIME 1167737286
TRACK A20110117583801 F 583000 1515400 120 30 999 NONE NONE 210
	FP_ROUTE KC..KA320

TRACK_TIME 1167737286
TRACK A20110117583802 F 395700 882560 120 30 999 NONE NONE 290
	FP_ROUTE KT..KCRJ2

TRACK_TIME 1167737286
TRACK A20110117583803 F 302860 814360 120 30 999 NONE NONE 370
	FP_ROUTE KC..KE170

TRACK_TIME 1167737286
TRACK A20110117583804 F 415800 875860 120 30 999 NONE NONE 370
	FP_ROUTE KC..KB738

TRACK_TIME 1167737286
TRACK A20110117583811 F 395560 840760 120 30 999 NONE NONE 280
	FP_ROUTE KC..KB752

TRACK_TIME 1167737286
TRACK A20110117583819 F 415560 875560 120 30 999 NONE NONE 260
	FP_ROUTE KC..KA320

TRACK_TIME 1167737286
TRACK A20110117583821 F 261200 981600 120 30 999 NONE NONE 340
	FP_ROUTE KC..KMD83

TRACK_TIME 1167737286
TRACK A20110117583836 F 404600 735100 120 30 999 NONE NONE 210
	FP_ROUTE KC..KB737

TRACK_TIME 1167737286
TRACK A20110117583837 F 403700 734800 120 30 999 NONE NONE 350
	FP_ROUTE KC..KB737

TRACK_TIME 1167737286
TRACK A20110117583838 F 350400 895800 120 30 999 NONE NONE 340
	FP_ROUTE KC..KB739

TRACK_TIME 1167737286
TRACK A20110117583841 F 403900 741200 120 30 999 NONE NONE 390
	FP_ROUTE KC..KB712

TRACK_TIME 1167737286
TRACK A20110117583844 F 430900 773900 120 30 999 NONE NONE 330
	FP_ROUTE KC..KB763

TRACK_TIME 1167737286
TRACK A20110117583846 F 415400 914800 120 30 999 NONE NONE 230
	FP_ROUTE KG..KC550

TRACK_TIME 1167737286
TRACK A20110117583861 F 293300 983000 120 30 999 NONE NONE 320
	FP_ROUTE KC..KB737

TRACK_TIME 1167737286
TRACK A20110117583864 F 333900 842800 120 30 999 NONE NONE 370
	FP_ROUTE KC..KB738

TRACK_TIME 1167737286
TRACK A20110117583873 F 384500 902100 120 30 999 NONE NONE 360
	FP_ROUTE KC..KMD83

TRACK_TIME 1167737286
TRACK A20110117583882 F 413460 934300 120 30 999 NONE NONE 290
	FP_ROUTE KT..KCRJ2

TRACK_TIME 1167737286
TRACK A20110117583885 F 605200 1513400 120 30 999 NONE NONE 260
	FP_ROUTE KC..KA319

TRACK_TIME 1167737286
TRACK A20110117583887 F 420000 875700 120 30 999 NONE NONE 230
	FP_ROUTE KC..KB737

TRACK_TIME 1167737286
TRACK A20110117583888 F 260460 801300 120 30 999 NONE NONE 320
	FP_ROUTE KC..KB737

TRACK_TIME 1167737286
TRACK A20110117583889 F 332560 1115800 120 30 999 NONE NONE 390
	FP_ROUTE KT..KCRJ2

TRACK_TIME 1167737286
TRACK A20110117583890 F 445400 931500 120 30 999 NONE NONE 340
	FP_ROUTE KC..KA319

TRACK_TIME 1167737286
TRACK A20110117583894 F 325400 970400 120 30 999 NONE NONE 340
	FP_ROUTE KC..KB738

TRACK_TIME 1167737286
TRACK A20110117583897 F 355100 784900 120 30 999 NONE NONE 230
	FP_ROUTE KG..KBE9L

TRACK_TIME 1167737286
TRACK A20110117583910 F 404600 735100 120 30 999 NONE NONE 289
	FP_ROUTE KG..KC550

TRACK_TIME 1167737286
TRACK A20110117583912 F 341200 1181500 120 30 999 NONE NONE 330
	FP_ROUTE KC..KMD83

TRACK_TIME 1167737286
TRACK A20110117583923 F 412500 814960 120 30 999 NONE NONE 370
	FP_ROUTE KC..KB712

TRACK_TIME 1167737286
TRACK A20110117583924 F 300000 951900 120 30 999 NONE NONE 360
	FP_ROUTE KC..KB712

TRACK_TIME 1167737286
TRACK A20110117583927 F 332560 1115800 120 30 999 NONE NONE 360
	FP_ROUTE KC..KB712

TRACK_TIME 1167737286
TRACK A20110117583932 F 414360 712500 120 30 999 NONE NONE 410
	FP_ROUTE KC..KB735

TRACK_TIME 1167737286
TRACK A20110117583936 F 354960 784960 120 30 999 NONE NONE 280
	FP_ROUTE KT..KC750

TRACK_TIME 1167737286
TRACK A20110117583941 F 395400 1044200 120 30 999 NONE NONE 310
	FP_ROUTE KT..KCRJ2

TRACK_TIME 1167737286
TRACK A20110117583943 F 293700 951900 120 30 999 NONE NONE 400
	FP_ROUTE KC..KA320

TRACK_TIME 1167737286
TRACK A20110117583944 F 335500 1183160 120 30 999 NONE NONE 410
	FP_ROUTE KC..KE145

TRACK_TIME 1167737286
TRACK A20110117583948 F 394800 1044000 120 30 999 NONE NONE 250
	FP_ROUTE KC..KB712

TRACK_TIME 1167737286
TRACK A20110117583949 F 472700 1221900 120 30 999 NONE NONE 360
	FP_ROUTE KC..KE145

TRACK_TIME 1167737286
TRACK A20110117583950 F 300000 952400 120 30 999 NONE NONE 350
	FP_ROUTE KC..KB738

TRACK_TIME 1167737286
TRACK A20110117583955 F 335500 1183400 120 30 999 NONE NONE 260
	FP_ROUTE KG..KLJ35

TRACK_TIME 1167737286
TRACK A20110117583956 F 411660 955400 120 30 999 NONE NONE 320
	FP_ROUTE KC..KB738

TRACK_TIME 1167737286
TRACK A20110117583962 F 374060 1221200 120 30 999 NONE NONE 370
	FP_ROUTE KC..KB752

TRACK_TIME 1167737286
TRACK A20110117583963 F 360400 1150760 120 30 999 NONE NONE 360
	FP_ROUTE KC..KE190

TRACK_TIME 1167737286
TRACK A20110117583976 F 360460 1151300 120 30 999 NONE NONE 340
	FP_ROUTE KC..KMD83

TRACK_TIME 1167737286
TRACK A20110117583977 F 293760 951800 120 30 999 NONE NONE 330
	FP_ROUTE KC..KA320

TRACK_TIME 1167737286
TRACK A20110117583988 F 300000 951900 120 30 999 NONE NONE 360
	FP_ROUTE KG..KC560

TRACK_TIME 1167737286
TRACK A20110117583989 F 330300 1171200 120 30 999 NONE NONE 390
	FP_ROUTE KC..KE190

TRACK_TIME 1167737286
TRACK A20110117583994 F 604300 1514000 120 30 999 NONE NONE 370
	FP_ROUTE KC..KMD82

TRACK_TIME 1167737286
TRACK A20110117583996 F 372100 1215500 120 30 999 NONE NONE 360
	FP_ROUTE KC..KE120

TRACK_TIME 1167737286
TRACK A20110117583998 F 315100 1062100 120 30 999 NONE NONE 330
	FP_ROUTE KC..KB752

TRACK_TIME 1167737286
TRACK A20110117584003 F 351200 805800 120 30 999 NONE NONE 250
	FP_ROUTE KC..KE135

TRACK_TIME 1167737286
TRACK A20110117584008 F 344600 921000 120 30 999 NONE NONE 380
	FP_ROUTE KC..KB752

TRACK_TIME 1167737286
TRACK A20110117584024 F 605500 1485800 120 30 999 NONE NONE 380
	FP_ROUTE KC..KA320

TRACK_TIME 1167737286
TRACK A20110117584025 F 194300 1550300 120 30 999 NONE NONE 250
	FP_ROUTE KG..KC550

TRACK_TIME 1167737286
TRACK A20110117584026 F 374060 1221060 120 30 999 NONE NONE 380
	FP_ROUTE KT..KCRJ2

TRACK_TIME 1167737286
TRACK A20110117584027 F 473700 1173160 120 30 999 NONE NONE 360
	FP_ROUTE KC..KB737

TRACK_TIME 1167737286
TRACK A20110117584030 F 421960 705860 120 30 999 NONE NONE 390
	FP_ROUTE KG..KC550

TRACK_TIME 1167737286
TRACK A20110117584034 F 340300 1174600 120 30 999 NONE NONE 360
	FP_ROUTE KG..KC550

TRACK_TIME 1167737286
TRACK A20110117584035 F 472800 1221900 120 30 999 NONE NONE 380
	FP_ROUTE KC..KB734

TRACK_TIME 1167737286
TRACK A20110117584042 F 332560 1115700 120 30 999 NONE NONE 410
	FP_ROUTE KC..KB737

TRACK_TIME 1167737286
TRACK A20110117584055 F 374060 1221060 120 30 999 NONE NONE 400
	FP_ROUTE KC..KB752

TRACK_TIME 1167737286
TRACK A20110117584060 F 472800 1221800 120 30 999 NONE NONE 240
	FP_ROUTE KC..KLJ35

TRACK_TIME 1167737286
TRACK A20110117584061 F 430700 760000 120 30 999 NONE NONE 220
	FP_ROUTE KC..KB752

TRACK_TIME 1167737286
TRACK A20110117584062 F 390460 843900 120 30 999 NONE NONE 280
	FP_ROUTE KC..KB752

TRACK_TIME 1167737286
TRACK A20110117584064 F 385860 772800 120 30 999 NONE NONE 330
	FP_ROUTE KC..KA320

TRACK_TIME 1167737286
TRACK A20110117584072 F 424800 843600 120 30 999 NONE NONE 190
	FP_ROUTE KC..KA320

TRACK_TIME 1167737286
TRACK A20110117584073 F 332560 1115700 120 30 999 NONE NONE 390
	FP_ROUTE KT..KE145

TRACK_TIME 1167737286
TRACK A20110117584074 F 414900 874660 120 30 999 NONE NONE 390
	FP_ROUTE KT..KCRJ9

TRACK_TIME 1167737286
TRACK A20110117584075 F 701200 1482260 120 30 999 NONE NONE 200
	FP_ROUTE KC..KE145

TRACK_TIME 1167737286
TRACK A20110117584076 F 620000 1502260 120 30 999 NONE NONE 270
	FP_ROUTE KG..KBE9L

TRACK_TIME 1167737286
TRACK A20110117584077 F 325500 970160 120 30 999 NONE NONE 300
	FP_ROUTE KG..KBE9L

TRACK_TIME 1167737286
TRACK A20110117584088 F 385800 772560 120 30 999 NONE NONE 290
	FP_ROUTE KT..KCRJ1

TRACK_TIME 1167737286
TRACK A20110117584093 F 395860 824960 120 30 999 NONE NONE 270
	FP_ROUTE KT..KC560

TRACK_TIME 1167737286
TRACK A20110117584095 F 403000 801800 120 30 999 NONE NONE 350
	FP_ROUTE KC..KB733

TRACK_TIME 1167737286
TRACK A20110117584116 F 332560 1120300 120 30 999 NONE NONE 360
	FP_ROUTE KC..KE170

TRACK_TIME 1167737286
TRACK A20110117584118 F 320600 1105500 120 30 999 NONE NONE 240
	FP_ROUTE KT..KCRJ2

TRACK_TIME 1167737286
TRACK A20110117584123 F 473300 1221900 120 30 999 NONE NONE 240
	FP_ROUTE KC..KB739

TRACK_TIME 1167737286
TRACK A20110117584125 F 360900 863900 120 30 999 NONE NONE 360
	FP_ROUTE KC..KB737

TRACK_TIME 1167737286
TRACK A20110117584129 F 395400 1044060 120 30 999 NONE NONE 370
	FP_ROUTE KC..KB752

TRACK_TIME 1167737286
TRACK A20110117584132 F 301200 973900 120 30 999 NONE NONE 340
	FP_ROUTE KC..KE170

TRACK_TIME 1167737286
TRACK A20110117584143 F 332560 1115700 120 30 999 NONE NONE 370
	FP_ROUTE KT..KCRJ2

TRACK_TIME 1167737286
TRACK A20110117584144 F 353460 973700 120 30 999 NONE NONE 200
	FP_ROUTE KC..KE145

TRACK_TIME 1167737286
TRACK A20110117584146 F 360900 1150600 120 30 999 NONE NONE 380
	FP_ROUTE KC..KB737

TRACK_TIME 1167737286
TRACK A20110117584152 F 260400 801060 120 30 999 NONE NONE 380
	FP_ROUTE KG..KCL60

TRACK_TIME 1167737286
TRACK A20110117584155 F 464660 1005200 120 30 999 NONE NONE 430
	FP_ROUTE KG..KCL60

TRACK_TIME 1167737286
TRACK A20110117584157 F 325200 970300 120 30 999 NONE NONE 340
	FP_ROUTE KC..KA320

TRACK_TIME 1167737286
TRACK A20110117584159 F 421500 833100 120 30 999 NONE NONE 430
	FP_ROUTE KT..KCRJ9

TRACK_TIME 1167737286
TRACK A20110117584162 F 260460 801300 120 30 999 NONE NONE 300
	FP_ROUTE KC..KB744

TRACK_TIME 1167737286
TRACK A20110117584164 F 445260 931060 120 30 999 NONE NONE 360
	FP_ROUTE KC..KB737

TRACK_TIME 1167737286
TRACK A20110117584167 F 324360 1171060 120 30 999 NONE NONE 360
	FP_ROUTE KC..KE145

TRACK_TIME 1167737286
TRACK A20110117584168 F 404900 1120000 120 30 999 NONE NONE 340
	FP_ROUTE KC..KB737

TRACK_TIME 1167737286
TRACK A20110117584174 F 644660 1475260 120 30 999 NONE NONE 360
	FP_ROUTE KG..KF2TH

TRACK_TIME 1167737286
TRACK A20110117584175 F 351060 805700 120 30 999 NONE NONE 330
	FP_ROUTE KC..KE170

TRACK_TIME 1167737286
TRACK A20110117584182 F 405260 812860 120 30 999 NONE NONE 270
	FP_ROUTE KC..KE170

TRACK_TIME 1167737286
TRACK A20110117584187 F 395200 751660 120 30 999 NONE NONE 310
	FP_ROUTE KC..KB737

TRACK_TIME 1167737286
TRACK A20110117584190 F 392800 944800 120 30 999 NONE NONE 350
	FP_ROUTE KC..KE135

TRACK_TIME 1167737286
TRACK A20110117584199 F 605100 1483760 120 30 999 NONE NONE 360
	FP_ROUTE KT..KCRJ2

TRACK_TIME 1167737286
TRACK A20110117584206 F 403700 734660 120 30 999 NONE NONE 370
	FP_ROUTE KC..KA320

TRACK_TIME 1167737286
TRACK A20110117584207 F 341200 1181300 120 30 999 NONE NONE 390
	FP_ROUTE KT..KCRJ2

TRACK_TIME 1167737286
TRACK A20110117584208 F 335700 1182100 120 30 999 NONE NONE 380
	FP_ROUTE KC..KMD82

TRACK_TIME 1167737286
TRACK A20110117584216 F 373600 1221960 120 30 999 NONE NONE 380
	FP_ROUTE KC..KMD83

TRACK_TIME 1167737286
TRACK A20110117584217 F 395200 751660 120 30 999 NONE NONE 250
	FP_ROUTE KC..KB737

TRACK_TIME 1167737286
TRACK A20110117584221 F 395200 751660 120 30 999 NONE NONE 200
	FP_ROUTE KC..KE190

TRACK_TIME 1167737286
TRACK A20110117584223 F 332560 1115700 120 30 999 NONE NONE 290
	FP_ROUTE KC..KB737

TRACK_TIME 1167737286
TRACK A20110117584224 F 332560 1120460 120 30 999 NONE NONE 330
	FP_ROUTE KC..KE190

TRACK_TIME 1167737286
TRACK A20110117584226 F 355100 784900 120 30 999 NONE NONE 350
	FP_ROUTE KC..KB737

TRACK_TIME 1167737286
TRACK A20110117584227 F 333900 842260 120 30 999 NONE NONE 360
	FP_ROUTE KC..KA321

TRACK_TIME 1167737286
TRACK A20110117584237 F 322400 1111300 120 30 999 NONE NONE 250
	FP_ROUTE KC..KB738

TRACK_TIME 1167737286
TRACK A20110117584239 F 243700 815800 120 30 999 NONE NONE 250
	FP_ROUTE KC..KB737

TRACK_TIME 1167737286
TRACK A20110117584248 F 302860 814360 120 30 999 NONE NONE 280
	FP_ROUTE KG..KC750

TRACK_TIME 1167737286
TRACK A20110117584253 F 445400 931500 120 30 999 NONE NONE 350
	FP_ROUTE KC..KB737

TRACK_TIME 1167737286
TRACK A20110117584260 F 334660 843400 120 30 999 NONE NONE 279
	FP_ROUTE KG..KC750

TRACK_TIME 1167737286
TRACK A20110117584275 F 332560 1115700 120 30 999 NONE NONE 410
	FP_ROUTE KC..KMD82

TRACK_TIME 1167737286
TRACK A20110117584288 F 350400 895800 120 30 999 NONE NONE 380
	FP_ROUTE KC..KB752

TRACK_TIME 1167737286
TRACK A20110117584290 F 360400 1150460 120 30 999 NONE NONE 360
	FP_ROUTE KC..KB737

TRACK_TIME 1167737286
TRACK A20110117584296 F 360900 955260 120 30 999 NONE NONE 330
	FP_ROUTE KC..KB737

TRACK_TIME 1167737286
TRACK A20110117584297 F 395260 1043600 120 30 999 NONE NONE 340
	FP_ROUTE KC..KB735

TRACK_TIME 1167737286
TRACK A20110117584301 F 351500 805400 120 30 999 NONE NONE 340
	FP_ROUTE KC..KB735

TRACK_TIME 1167737286
TRACK A20110117584304 F 445400 931360 120 30 999 NONE NONE 300
	FP_ROUTE KC..KB735

TRACK_TIME 1167737286
TRACK A20110117584311 F 300000 951660 120 30 999 NONE NONE 320
	FP_ROUTE KC..KE170

TRACK_TIME 1167737286
TRACK A20110117584314 F 420160 875700 120 30 999 NONE NONE 360
	FP_ROUTE KC..KMD83

TRACK_TIME 1167737286
TRACK A20110117584326 F 282800 811960 120 30 999 NONE NONE 240
	FP_ROUTE KG..KBE9L

TRACK_TIME 1167737286
TRACK A20110117584328 F 390900 763900 120 30 999 NONE NONE 180
	FP_ROUTE KC..KE135

TRACK_TIME 1167737286
TRACK A20110117584342 F 393900 1065400 120 30 999 NONE NONE 240
	FP_ROUTE KT..KDH8D

TRACK_TIME 1167737286
TRACK A20110117584346 F 332560 1115860 120 30 999 NONE NONE 310
	FP_ROUTE KC..KMD82

TRACK_TIME 1167737286
TRACK A20110117584356 F 582100 1343400 120 30 999 NONE NONE 310
	FP_ROUTE KC..KE170

TRACK_TIME 1167737286
TRACK A20110117584358 F 392560 743100 120 30 999 NONE NONE 290
	FP_ROUTE KC..KE135

TRACK_TIME 1167737286
TRACK A20110117584359 F 415800 875700 120 30 999 NONE NONE 370
	FP_ROUTE KC..KE135

TRACK_TIME 1167737286
TRACK A20110117584367 F 335560 1182500 120 30 999 NONE NONE 360
	FP_ROUTE KC..KA319

TRACK_TIME 1167737286
TRACK A20110117584374 F 404600 734960 120 30 999 NONE NONE 370
	FP_ROUTE KC..KE145

TRACK_TIME 1167737286
TRACK A20110117584378 F 335500 1183100 120 30 999 NONE NONE 360
	FP_ROUTE KC..KE145

TRACK_TIME 1167737286
TRACK A20110117584379 F 360460 1151000 120 30 999 NONE NONE 380
	FP_ROUTE KC..KMD83

TRACK_TIME 1167737286
TRACK A20110117584384 F 701060 1482700 120 30 999 NONE NONE 280
	FP_ROUTE KC..KB732

TRACK_TIME 1167737286
TRACK A20110117584385 F 652560 1480400 120 30 999 NONE NONE 270
	FP_ROUTE KT..KCRJ9

TRACK_TIME 1167737286
TRACK A20110117584386 F 615400 1501660 120 30 999 NONE NONE 270
	FP_ROUTE KC..KA320

TRACK_TIME 1167737286
TRACK A20110117584391 F 415800 875560 120 30 999 NONE NONE 290
	FP_ROUTE KT..KCRJ1

TRACK_TIME 1167737286
TRACK A20110117584392 F 403700 752200 120 30 999 NONE NONE 370
	FP_ROUTE KC..KB739

TRACK_TIME 1167737286
TRACK A20110117584394 F 404800 1115800 120 30 999 NONE NONE 339
	FP_ROUTE KG..KC560

TRACK_TIME 1167737286
TRACK A20110117584397 F 334060 1162860 120 30 999 NONE NONE 200
	FP_ROUTE KG..KC560

TRACK_TIME 1167737286
TRACK A20110117584402 F 352700 973600 120 30 999 NONE NONE 320
	FP_ROUTE KG..KC560

TRACK_TIME 1167737286
TRACK A20110117584406 F 665200 1622700 120 30 999 NONE NONE 340
	FP_ROUTE KT..KCRJ9

TRACK_TIME 1167737286
TRACK A20110117584410 F 361660 1150160 120 30 999 NONE NONE 190
	FP_ROUTE KC..KB752

TRACK_TIME 1167737286
TRACK A20110117584414 F 643160 1653700 120 30 999 NONE NONE 280
	FP_ROUTE KC..KB752

TRACK_TIME 1167737286
TRACK A20110117584417 F 415860 875200 120 30 999 NONE NONE 370
	FP_ROUTE KT..KSF34

TRACK_TIME 1167737286
TRACK A20110117584418 F 361200 955400 120 30 999 NONE NONE 340
	FP_ROUTE KG..KF900

TRACK_TIME 1167737286
TRACK A20110117584419 F 384800 770160 120 30 999 NONE NONE 310
	FP_ROUTE KG..KC550

TRACK_TIME 1167737286
TRACK A20110117584420 F 614900 1510300 120 30 999 NONE NONE 350
	FP_ROUTE KC..KE135

TRACK_TIME 1167737286
TRACK A20110117584431 F 334000 1163100 120 30 999 NONE NONE 340
	FP_ROUTE KG..KCRJ2

TRACK_TIME 1167737286
TRACK A20110117584434 F 282800 811800 120 30 999 NONE NONE 210
	FP_ROUTE KC..KB752

TRACK_TIME 1167737286
TRACK A20110117584435 F 392200 742860 120 30 999 NONE NONE 350
	FP_ROUTE KC..KB737

TRACK_TIME 1167737286
TRACK A20110117584461 F 445400 931500 120 30 999 NONE NONE 360
	FP_ROUTE KG..KC510

TRACK_TIME 1167737286
TRACK A20110117584462 F 395560 1044060 120 30 999 NONE NONE 390
	FP_ROUTE KG..KC510

TRACK_TIME 1167737286
TRACK A20110117584482 F 260460 801300 120 30 999 NONE NONE 360
	FP_ROUTE KC..KB737

TRACK_TIME 1167737286
TRACK A20110117584484 F 324500 1171900 120 30 999 NONE NONE 320
	FP_ROUTE KC..KMD83

TRACK_TIME 1167737286
TRACK A20110117584503 F 335700 1182400 120 30 999 NONE NONE 370
	FP_ROUTE KC..KMD83

TRACK_TIME 1167737286
TRACK A20110117584507 F 325500 970160 120 30 999 NONE NONE 370
	FP_ROUTE KC..KB733

TRACK_TIME 1167737286
TRACK A20110117584508 F 473000 1221900 120 30 999 NONE NONE 380
	FP_ROUTE KC..KE145

TRACK_TIME 1167737286
TRACK A20110117584521 F 404000 741060 120 30 999 NONE NONE 350
	FP_ROUTE KC..KA320

TRACK_TIME 1167737286
TRACK A20110117584524 F 324360 1171060 120 30 999 NONE NONE 390
	FP_ROUTE KC..KB712

TRACK_TIME 1167737286
TRACK A20110117584525 F 320900 1105800 120 30 999 NONE NONE 410
	FP_ROUTE KG..KLJ45

TRACK_TIME 1167737286
TRACK A20110117584526 F 360460 1151200 120 30 999 NONE NONE 320
	FP_ROUTE KC..KA320

TRACK_TIME 1167737286
TRACK A20110117584527 F 604800 1512860 120 30 999 NONE NONE 190
	FP_ROUTE KC..KB739

TRACK_TIME 1167737286
TRACK A20110117584529 F 395560 1044060 120 30 999 NONE NONE 410
	FP_ROUTE KC..KA319

TRACK_TIME 1167737286
TRACK A20110117584532 F 374060 1221200 120 30 999 NONE NONE 400
	FP_ROUTE KC..KA319

TRACK_TIME 1167737286
TRACK A20110117584533 F 374000 972500 120 30 999 NONE NONE 230
	FP_ROUTE KC..KFA20

TRACK_TIME 1167737286
TRACK A20110117584535 F 384360 1213600 120 30 999 NONE NONE 360
	FP_ROUTE KG..KC550

TRACK_TIME 1167737286
TRACK A20110117584541 F 472860 1112200 120 30 999 NONE NONE 360
	FP_ROUTE KC..KB733

TRACK_TIME 1167737286
TRACK A20110117584542 F 324360 1171200 120 30 999 NONE NONE 380
	FP_ROUTE KC..KB752

TRACK_TIME 1167737286
TRACK A20110117584543 F 360460 1150900 120 30 999 NONE NONE 270
	FP_ROUTE KC..KE170

TRACK_TIME 1167737286
TRACK A20110117584544 F 322560 994660 120 30 999 NONE NONE 220
	FP_ROUTE KC..KB738

TRACK_TIME 1167737286
TRACK A20110117584546 F 324300 970100 120 30 999 NONE NONE 300
	FP_ROUTE KC..KA319

TRACK_TIME 1167737286
TRACK A20110117584551 F 325200 970300 120 30 999 NONE NONE 340
	FP_ROUTE KC..KMD82

TRACK_TIME 1167737286
TRACK A20110117584556 F 395500 1044060 120 30 999 NONE NONE 410
	FP_ROUTE KT..KCRJ2

TRACK_TIME 1167737286
TRACK A20110117584557 F 360460 1151300 120 30 999 NONE NONE 380
	FP_ROUTE KT..KE145

TRACK_TIME 1167737286
TRACK A20110117584559 F 325260 970300 120 30 999 NONE NONE 260
	FP_ROUTE KC..KB752

TRACK_TIME 1167737286
TRACK A20110117584560 F 384360 1213600 120 30 999 NONE NONE 340
	FP_ROUTE KC..KA320

TRACK_TIME 1167737286
TRACK A20110117584562 F 324500 1171660 120 30 999 NONE NONE 370
	FP_ROUTE KT..KCRJ2

TRACK_TIME 1167737286
TRACK A20110117584565 F 331800 1112860 120 30 999 NONE NONE 320
	FP_ROUTE KC..KB737

TRACK_TIME 1167737286
TRACK A20110117584569 F 322100 994660 120 30 999 NONE NONE 220
	FP_ROUTE KT..KCRJ2

TRACK_TIME 1167737286
TRACK A20110117584579 F 325400 970160 120 30 999 NONE NONE 360
	FP_ROUTE KC..KE145

TRACK_TIME 1167737286
TRACK A20110117584580 F 395500 1044060 120 30 999 NONE NONE 380
	FP_ROUTE KC..KA320

TRACK_TIME 1167737286
TRACK A20110117584595 F 445400 931360 120 30 999 NONE NONE 340
	FP_ROUTE KC..KA319

TRACK_TIME 1167737286
TRACK A20110117584596 F 384800 760400 120 30 999 NONE NONE 350
	FP_ROUTE KT..KCRJ2

TRACK_TIME 1167737286
TRACK A20110117584598 F 360460 1151300 120 30 999 NONE NONE 340
	FP_ROUTE KC..KB753

TRACK_TIME 1167737286
TRACK A20110117584605 F 472800 1221900 120 30 999 NONE NONE 400
	FP_ROUTE KC..KB738

TRACK_TIME 1167737286
TRACK A20110117584611 F 431300 931000 120 30 999 NONE NONE 280
	FP_ROUTE KC..KA319

TRACK_TIME 1167737286
TRACK A20110117584612 F 360400 955400 120 30 999 NONE NONE 280
	FP_ROUTE KC..KE145

TRACK_TIME 1167737286
TRACK A20110117584614 F 395500 1044200 120 30 999 NONE NONE 380
	FP_ROUTE KC..KB738

TRACK_TIME 1167737286
TRACK A20110117584615 F 325100 970300 120 30 999 NONE NONE 250
	FP_ROUTE KC..KA319

TRACK_TIME 1167737286
TRACK A20110117584631 F 295860 951600 120 30 999 NONE NONE 360
	FP_ROUTE KC..KE135

TRACK_TIME 1167737286
TRACK A20110117584635 F 260460 801200 120 30 999 NONE NONE 370
	FP_ROUTE KC..KB762

TRACK_TIME 1167737286
TRACK A20110117584637 F 403900 734500 120 30 999 NONE NONE 380
	FP_ROUTE KC..KB752

TRACK_TIME 1167737286
TRACK A20110117584642 F 385400 772800 120 30 999 NONE NONE 249
	FP_ROUTE KC..KB752

TRACK_TIME 1167737286
TRACK A20110117584654 F 433000 964200 120 30 999 NONE NONE 230
	FP_ROUTE KC..KE135

TRACK_TIME 1167737286
TRACK A20110117584667 F 374060 1221060 120 30 999 NONE NONE 380
	FP_ROUTE KC..KB737

TRACK_TIME 1167737286
TRACK A20110117584669 F 421900 710100 120 30 999 NONE NONE 390
	FP_ROUTE KC..KB737

TRACK_TIME 1167737286
TRACK A20110117584670 F 444800 895560 120 30 999 NONE NONE 210
	FP_ROUTE KT..KCRJ9

TRACK_TIME 1167737286
TRACK A20110117584675 F 355100 784900 120 30 999 NONE NONE 250
	FP_ROUTE KC..KB752

TRACK_TIME 1167737286
TRACK A20110117584681 F 420000 875700 120 30 999 NONE NONE 270
	FP_ROUTE KC..KB737

TRACK_TIME 1167737286
TRACK A20110117584698 F 424300 734800 120 30 999 NONE NONE 290
	FP_ROUTE KT..KE145

TRACK_TIME 1167737286
TRACK A20110117584699 F 260460 801200 120 30 999 NONE NONE 390
	FP_ROUTE KC..KB712

TRACK_TIME 1167737286
TRACK A20110117584702 F 394900 1044060 120 30 999 NONE NONE 350
	FP_ROUTE KC..KB712

TRACK_TIME 1167737286
TRACK A20110117584703 F 314960 1062100 120 30 999 NONE NONE 240
	FP_ROUTE KC..KB752

TRACK_TIME 1167737286
TRACK A20110117584706 F 400000 825560 120 30 999 NONE NONE 410
	FP_ROUTE KC..KB752

TRACK_TIME 1167737286
TRACK A20110117584709 F 391060 764300 120 30 999 NONE NONE 409
	FP_ROUTE KC..KA320

TRACK_TIME 1167737286
TRACK A20110117584711 F 275700 824200 120 30 999 NONE NONE 360
	FP_ROUTE KC..KB712

TRACK_TIME 1167737286
TRACK A20110117584712 F 445400 931500 120 30 999 NONE NONE 350
	FP_ROUTE KC..KB712

TRACK_TIME 1167737286
TRACK A20110117584719 F 372200 1215500 120 30 999 NONE NONE 360
	FP_ROUTE KC..KA321

TRACK_TIME 1167737286
TRACK A20110117584729 F 324500 1171900 120 30 999 NONE NONE 400
	FP_ROUTE KC..KMD82

TRACK_TIME 1167737286
TRACK A20110117584730 F 293300 983100 120 30 999 NONE NONE 300
	FP_ROUTE KC..KA319

TRACK_TIME 1167737286
TRACK A20110117584740 F 325100 970300 120 30 999 NONE NONE 350
	FP_ROUTE KC..KE145

TRACK_TIME 1167737286
TRACK A20110117584742 F 433000 1120400 120 30 999 NONE NONE 320
	FP_ROUTE KC..KE145

TRACK_TIME 1167737286
TRACK A20110117584744 F 414000 712200 120 30 999 NONE NONE 390
	FP_ROUTE KC..KE145

TRACK_TIME 1167737286
TRACK A20110117584745 F 390760 763760 120 30 999 NONE NONE 390
	FP_ROUTE KC..KB752

TRACK_TIME 1167737286
TRACK A20110117584746 F 430000 875400 120 30 999 NONE NONE 350
	FP_ROUTE KC..KA320

TRACK_TIME 1167737286
TRACK A20110117584751 F 275800 823300 120 30 999 NONE NONE 380
	FP_ROUTE KC..KA320

TRACK_TIME 1167737286
TRACK A20110117584753 F 332560 1115700 120 30 999 NONE NONE 380
	FP_ROUTE KC..KMD82

TRACK_TIME 1167737286
TRACK A20110117584754 F 361900 941200 120 30 999 NONE NONE 320
	FP_ROUTE KC..KB762

TRACK_TIME 1167737286
TRACK A20110117584756 F 395260 751360 120 30 999 NONE NONE 350
	FP_ROUTE KC..KSF34

TRACK_TIME 1167737286
TRACK A20110117584757 F 461660 1190460 120 30 999 NONE NONE 430
	FP_ROUTE KC..KSF34

TRACK_TIME 1167737286
TRACK A20110117584762 F 280160 823160 120 30 999 NONE NONE 410
	FP_ROUTE KC..KSF34

TRACK_TIME 1167737286
TRACK A20110117584765 F 254800 801900 120 30 999 NONE NONE 390
	FP_ROUTE KC..KMD82

TRACK_TIME 1167737286
TRACK A20110117584766 F 360400 1150600 120 30 999 NONE NONE 360
	FP_ROUTE KC..KE170

TRACK_TIME 1167737286
TRACK A20110117584769 F 353160 973700 120 30 999 NONE NONE 180
	FP_ROUTE KC..KE135

TRACK_TIME 1167737286
TRACK A20110117584770 F 340300 1174300 120 30 999 NONE NONE 330
	FP_ROUTE KC..KB737

TRACK_TIME 1167737286
TRACK A20110117584771 F 371360 931800 120 30 999 NONE NONE 310
	FP_ROUTE KT..KCRJ2

TRACK_TIME 1167737286
TRACK A20110117584777 F 342560 1195560 120 30 999 NONE NONE 380
	FP_ROUTE KT..KE145

TRACK_TIME 1167737286
TRACK A20110117584779 F 262800 815260 120 30 999 NONE NONE 410
	FP_ROUTE KC..KB732

TRACK_TIME 1167737286
TRACK A20110117584780 F 393160 1194600 120 30 999 NONE NONE 370
	FP_ROUTE KG..KF900

TRACK_TIME 1167737286
TRACK A20110117584781 F 335560 1183400 120 30 999 NONE NONE 350
	FP_ROUTE KC..KB735

TRACK_TIME 1167737286
TRACK A20110117584784 F 344960 821600 120 30 999 NONE NONE 370
	FP_ROUTE KC..KA320

TRACK_TIME 1167737286
TRACK A20110117584786 F 425800 875400 120 30 999 NONE NONE 290
	FP_ROUTE KT..KCRJ2

TRACK_TIME 1167737286
TRACK A20110117584787 F 392800 744060 120 30 999 NONE NONE 330
	FP_ROUTE KG..KBE9L

TRACK_TIME 1167737286
TRACK A20110117584790 F 280400 824200 120 30 999 NONE NONE 340
	FP_ROUTE KT..KCRJ2

TRACK_TIME 1167737286
TRACK A20110117584791 F 335560 1183300 120 30 999 NONE NONE 400
	FP_ROUTE KC..KE170

TRACK_TIME 1167737286
TRACK A20110117584793 F 415800 875560 120 30 999 NONE NONE 270
	FP_ROUTE KC..KMD83

TRACK_TIME 1167737286
TRACK A20110117584795 F 363700 872560 120 30 999 NONE NONE 180
	FP_ROUTE KC..KB737

TRACK_TIME 1167737286
TRACK A20110117584799 F 333700 842860 120 30 999 NONE NONE 320
	FP_ROUTE KC..KA319

TRACK_TIME 1167737286
TRACK A20110117584803 F 384960 770160 120 30 999 NONE NONE 220
	FP_ROUTE KC..KB737

TRACK_TIME 1167737286
TRACK A20110117584808 F 355100 784960 120 30 999 NONE NONE 370
	FP_ROUTE KC..KA320

TRACK_TIME 1167737286
TRACK A20110117584812 F 374060 1221060 120 30 999 NONE NONE 390
	FP_ROUTE KC..KA319

TRACK_TIME 1167737286
TRACK A20110117584816 F 394900 1044000 120 30 999 NONE NONE 310
	FP_ROUTE KG..KLJ35

TRACK_TIME 1167737286
TRACK A20110117584818 F 373600 1221960 120 30 999 NONE NONE 400
	FP_ROUTE KC..KB738

TRACK_TIME 1167737286
TRACK A20110117584820 F 462200 872260 120 30 999 NONE NONE 230
	FP_ROUTE KC..KB738

TRACK_TIME 1167737286
TRACK A20110117584821 F 282860 811900 120 30 999 NONE NONE 410
	FP_ROUTE KT..KDH8D

TRACK_TIME 1167737286
TRACK A20110117584835 F 375860 843300 120 30 999 NONE NONE 230
	FP_ROUTE KC..KB738

TRACK_TIME 1167737286
TRACK A20110117584840 F 341200 1182400 120 30 999 NONE NONE 340
	FP_ROUTE KC..KA321

TRACK_TIME 1167737286
TRACK A20110117584849 F 280100 823160 120 30 999 NONE NONE 350
	FP_ROUTE KC..KB753

TRACK_TIME 1167737286
TRACK A20110117584857 F 392700 1194600 120 30 999 NONE NONE 280
	FP_ROUTE KC..KB733

TRACK_TIME 1167737286
TRACK A20110117584858 F 335700 1182400 120 30 999 NONE NONE 380
	FP_ROUTE KC..KB733

TRACK_TIME 1167737286
TRACK A20110117584862 F 360400 1150700 120 30 999 NONE NONE 360
	FP_ROUTE KC..KB733

TRACK_TIME 1167737286
TRACK A20110117584865 F 412500 814960 120 30 999 NONE NONE 320
	FP_ROUTE KC..KE190

TRACK_TIME 1167737286
TRACK A20110117584870 F 325200 970300 120 30 999 NONE NONE 360
	FP_ROUTE KT..KCRJ2

TRACK_TIME 1167737286
TRACK A20110117584871 F 373600 1221900 120 30 999 NONE NONE 380
	FP_ROUTE KC..KE170

TRACK_TIME 1167737286
TRACK A20110117584872 F 261500 974000 120 30 999 NONE NONE 320
	FP_ROUTE KC..KB738

TRACK_TIME 1167737286
TRACK A20110117584873 F 211900 1575860 120 30 999 NONE NONE 360
	FP_ROUTE KC..KCRJ2

TRACK_TIME 1167737286
TRACK A20110117584874 F 254660 801900 120 30 999 NONE NONE 350
	FP_ROUTE KC..KA320

TRACK_TIME 1167737286
TRACK A20110117584889 F 332560 1120400 120 30 999 NONE NONE 350
	FP_ROUTE KC..KE170

TRACK_TIME 1167737286
TRACK A20110117584895 F 323100 845560 120 30 999 NONE NONE 290
	FP_ROUTE KC..KB737

TRACK_TIME 1167737286
TRACK A20110117584900 F 334660 1162800 120 30 999 NONE NONE 280
	FP_ROUTE KC..KB737

TRACK_TIME 1167737286
TRACK A20110117584902 F 412260 754060 120 30 999 NONE NONE 370
	FP_ROUTE KC..KB737

TRACK_TIME 1167737286
TRACK A20110117584911 F 391960 944200 120 30 999 NONE NONE 390
	FP_ROUTE KC..KE135

TRACK_TIME 1167737286
TRACK A20110117584914 F 395200 751660 120 30 999 NONE NONE 310
	FP_ROUTE KG..KC510

TRACK_TIME 1167737286
TRACK A20110117584915 F 424300 1074500 120 30 999 NONE NONE 260
	FP_ROUTE KC..KB737

TRACK_TIME 1167737286
TRACK A20110117584930 F 332560 1115800 120 30 999 NONE NONE 290
	FP_ROUTE KT..KCRJ9

TRACK_TIME 1167737286
TRACK A20110117584932 F 425860 875260 120 30 999 NONE NONE 250
	FP_ROUTE KC..KB734

TRACK_TIME 1167737286
TRACK A20110117584936 F 604200 1615100 120 30 999 NONE NONE 320
	FP_ROUTE KC..KB737

TRACK_TIME 1167737286
TRACK A20110117584942 F 394800 1044000 120 30 999 NONE NONE 370
	FP_ROUTE KC..KB737

TRACK_TIME 1167737286
TRACK A20110117584944 F 403600 734660 120 30 999 NONE NONE 410
	FP_ROUTE KG..KFA20

TRACK_TIME 1167737286
TRACK A20110117584951 F 424360 734900 120 30 999 NONE NONE 370
	FP_ROUTE KC..KB763

TRACK_TIME 1167737286
TRACK A20110117584953 F 395200 751360 120 30 999 NONE NONE 190
	FP_ROUTE KC..KB752

TRACK_TIME 1167737286
TRACK A20110117584957 F 390900 763900 120 30 999 NONE NONE 290
	FP_ROUTE KC..KMD82

TRACK_TIME 1167737286
TRACK A20110117584961 F 320900 1105860 120 30 999 NONE NONE 410
	FP_ROUTE KC..KE135

TRACK_TIME 1167737286
TRACK A20110117584963 F 404800 1120000 120 30 999 NONE NONE 330
	FP_ROUTE KT..KCRJ9

TRACK_TIME 1167737286
TRACK A20110117584979 F 361300 1151200 120 30 999 NONE NONE 190
	FP_ROUTE KG..KLJ35

TRACK_TIME 1167737286
TRACK A20110117584980 F 395200 751660 120 30 999 NONE NONE 310
	FP_ROUTE KC..KB735

TRACK_TIME 1167737286
TRACK A20110117584987 F 404800 1120000 120 30 999 NONE NONE 370
	FP_ROUTE KC..KB735

TRACK_TIME 1167737286
TRACK A20110117584994 F 472800 1221900 120 30 999 NONE NONE 340
	FP_ROUTE KC..KB734

TRACK_TIME 1167737286
TRACK A20110117584995 F 325200 970300 120 30 999 NONE NONE 380
	FP_ROUTE KC..KA320

TRACK_TIME 1167737286
TRACK A20110117584996 F 392800 1194600 120 30 999 NONE NONE 340
	FP_ROUTE KC..KMD83

TRACK_TIME 1167737286
TRACK A20110117584997 F 413760 934800 120 30 999 NONE NONE 270
	FP_ROUTE KC..KA319

TRACK_TIME 1167737286
TRACK A20110117584998 F 325500 970460 120 30 999 NONE NONE 330
	FP_ROUTE KG..KC560

TRACK_TIME 1167737286
TRACK A20110117585008 F 360460 1151200 120 30 999 NONE NONE 280
	FP_ROUTE KG..KC560

TRACK_TIME 1167737286
TRACK A20110117585018 F 392400 742860 120 30 999 NONE NONE 350
	FP_ROUTE KG..KC560

TRACK_TIME 1167737286
TRACK A20110117585025 F 360460 1150760 120 30 999 NONE NONE 320
	FP_ROUTE KG..KC560

TRACK_TIME 1167737286
TRACK A20110117585033 F 301000 974060 120 30 999 NONE NONE 370
	FP_ROUTE KC..KB752

TRACK_TIME 1167737286
TRACK A20110117585043 F 393460 1045100 120 30 999 NONE NONE 410
	FP_ROUTE KG..KC560

TRACK_TIME 1167737286
TRACK A20110117585046 F 271060 801500 120 30 999 NONE NONE 400
	FP_ROUTE KC..KB737

TRACK_TIME 1167737286
TRACK A20110117585051 F 352800 823300 120 30 999 NONE NONE 410
	FP_ROUTE KC..KE190

TRACK_TIME 1167737286
TRACK A20110117585059 F 420000 875700 120 30 999 NONE NONE 260
	FP_ROUTE KT..KCRJ2

TRACK_TIME 1167737286
TRACK A20110117585062 F 391060 764360 120 30 999 NONE NONE 290
	FP_ROUTE KG..KLJ35

TRACK_TIME 1167737286
TRACK A20110117585066 F 400000 825800 120 30 999 NONE NONE 280
	FP_ROUTE KC..KA320

TRACK_TIME 1167737286
TRACK A20110117585069 F 333400 1175800 120 30 999 NONE NONE 340
	FP_ROUTE KC..KA319

TRACK_TIME 1167737286
TRACK A20110117585072 F 394900 1044000 120 30 999 NONE NONE 370
	FP_ROUTE KG..KFA10

TRACK_TIME 1167737286
TRACK A20110117585074 F 211600 1575800 120 30 999 NONE NONE 300
	FP_ROUTE KC..KB752

TRACK_TIME 1167737286
TRACK A20110117585077 F 421300 831960 120 30 999 NONE NONE 380
	FP_ROUTE KC..KB752

TRACK_TIME 1167737286
TRACK A20110117585079 F 421300 831960 120 30 999 NONE NONE 390
	FP_ROUTE KC..KA320

TRACK_TIME 1167737286
TRACK A20110117585089 F 350100 1063760 120 30 999 NONE NONE 390
	FP_ROUTE KC..KB738

TRACK_TIME 1167737286
TRACK A20110117585092 F 384360 1213600 120 30 999 NONE NONE 320
	FP_ROUTE KG..KFA10

TRACK_TIME 1167737286
TRACK A20110117585093 F 360160 1151060 120 30 999 NONE NONE 310
	FP_ROUTE KC..KB737

TRACK_TIME 1167737286
TRACK A20110117585097 F 414200 712700 120 30 999 NONE NONE 370
	FP_ROUTE KC..KB737

TRACK_TIME 1167737286
TRACK A20110117585099 F 325200 970300 120 30 999 NONE NONE 250
	FP_ROUTE KC..KE170

TRACK_TIME 1167737286
TRACK A20110117585101 F 391060 764360 120 30 999 NONE NONE 240
	FP_ROUTE KC..KE145

TRACK_TIME 1167737286
TRACK A20110117585104 F 415560 875560 120 30 999 NONE NONE 240
	FP_ROUTE KC..KB735

TRACK_TIME 1167737286
TRACK A20110117585105 F 354960 784960 120 30 999 NONE NONE 180
	FP_ROUTE KC..KB733

TRACK_TIME 1167737286
TRACK A20110117585106 F 395260 1043600 120 30 999 NONE NONE 340
	FP_ROUTE KC..KB738

TRACK_TIME 1167737286
TRACK A20110117585107 F 394200 861900 120 30 999 NONE NONE 340
	FP_ROUTE KC..KB737

TRACK_TIME 1167737286
TRACK A20110117585117 F 355200 784900 120 30 999 NONE NONE 280
	FP_ROUTE KC..KB737

TRACK_TIME 1167737286
TRACK A20110117585118 F 441500 1210900 120 30 999 NONE NONE 190
	FP_ROUTE KC..KB737

TRACK_TIME 1167737286
TRACK A20110117585124 F 404000 741060 120 30 999 NONE NONE 330
	FP_ROUTE KC..KB737

TRACK_TIME 1167737286
TRACK A20110117585128 F 411800 955260 120 30 999 NONE NONE 370
	FP_ROUTE KC..KE145

TRACK_TIME 1167737286
TRACK A20110117585129 F 295860 951660 120 30 999 NONE NONE 200
	FP_ROUTE KC..KE170

TRACK_TIME 1167737286
TRACK A20110117585131 F 404500 735400 120 30 999 NONE NONE 350
	FP_ROUTE KC..KB753

TRACK_TIME 1167737286
TRACK A20110117585140 F 385800 772560 120 30 999 NONE NONE 370
	FP_ROUTE KC..KB737

TRACK_TIME 1167737286
TRACK A20110117585144 F 391060 764200 120 30 999 NONE NONE 410
	FP_ROUTE KC..KB737

TRACK_TIME 1167737286
TRACK A20110117585168 F 325560 965800 120 30 999 NONE NONE 340
	FP_ROUTE KG..KC560

TRACK_TIME 1167737286
TRACK A20110117585173 F 412500 814960 120 30 999 NONE NONE 290
	FP_ROUTE KG..KC560

TRACK_TIME 1167737286
TRACK A20110117585175 F 325400 970300 120 30 999 NONE NONE 370
	FP_ROUTE KC..KE145

TRACK_TIME 1167737286
TRACK A20110117585176 F 344900 821500 120 30 999 NONE NONE 320
	FP_ROUTE KT..KCRJ2

TRACK_TIME 1167737286
TRACK A20110117585181 F 333900 842700 120 30 999 NONE NONE 340
	FP_ROUTE KC..KB737

TRACK_TIME 1167737286
TRACK A20110117585187 F 360400 1150700 120 30 999 NONE NONE 360
	FP_ROUTE KC..KB737

TRACK_TIME 1167737286
TRACK A20110117585188 F 280160 823160 120 30 999 NONE NONE 340
	FP_ROUTE KC..KB737

TRACK_TIME 1167737286
TRACK A20110117585189 F 392560 944000 120 30 999 NONE NONE 340
	FP_ROUTE KC..KB737

TRACK_TIME 1167737286
TRACK A20110117585191 F 404000 741060 120 30 999 NONE NONE 390
	FP_ROUTE KC..KA320

TRACK_TIME 1167737286
TRACK A20110117585193 F 403700 734660 120 30 999 NONE NONE 350
	FP_ROUTE KT..KC750

TRACK_TIME 1167737286
TRACK A20110117585194 F 333900 842860 120 30 999 NONE NONE 300
	FP_ROUTE KC..KA320

TRACK_TIME 1167737286
TRACK A20110117585198 F 412560 814800 120 30 999 NONE NONE 210
	FP_ROUTE KC..KMD82

TRACK_TIME 1167737286
TRACK A20110117585203 F 390000 772800 120 30 999 NONE NONE 270
	FP_ROUTE KT..KC750

TRACK_TIME 1167737286
TRACK A20110117585206 F 373600 1221960 120 30 999 NONE NONE 220
	FP_ROUTE KC..KB737

TRACK_TIME 1167737286
TRACK A20110117585223 F 425800 875400 120 30 999 NONE NONE 320
	FP_ROUTE KC..KB737

TRACK_TIME 1167737286
TRACK A20110117585224 F 402800 1221800 120 30 999 NONE NONE 220
	FP_ROUTE KC..KE145

TRACK_TIME 1167737286
TRACK A20110117585225 F 373600 1221960 120 30 999 NONE NONE 210
	FP_ROUTE KT..KCRJ9

TRACK_TIME 1167737286
TRACK A20110117585230 F 261200 800900 120 30 999 NONE NONE 400
	FP_ROUTE KC..KB744

TRACK_TIME 1167737286
TRACK A20110117585234 F 355700 1150760 120 30 999 NONE NONE 240
	FP_ROUTE KT..KCRJ9

TRACK_TIME 1167737286
TRACK A20110117585239 F 351360 805500 120 30 999 NONE NONE 350
	FP_ROUTE KC..KE170

TRACK_TIME 1167737286
TRACK A20110117585252 F 393700 1045100 120 30 999 NONE NONE 200
	FP_ROUTE KC..KE170

TRACK_TIME 1167737286
TRACK A20110117585265 F 472800 1221900 120 30 999 NONE NONE 340
	FP_ROUTE KC..KB733

TRACK_TIME 1167737286
TRACK A20110117585270 F 351200 805800 120 30 999 NONE NONE 320
	FP_ROUTE KC..KB733

TRACK_TIME 1167737286
TRACK A20110117585278 F 385500 772560 120 30 999 NONE NONE 280
	FP_ROUTE KC..KB712

TRACK_TIME 1167737286
TRACK A20110117585281 F 403900 741200 120 30 999 NONE NONE 370
	FP_ROUTE KG..KBE20

TRACK_TIME 1167737286
TRACK A20110117585282 F 373600 1221960 120 30 999 NONE NONE 340
	FP_ROUTE KT..KCRJ2

TRACK_TIME 1167737286
TRACK A20110117585312 F 295800 951600 120 30 999 NONE NONE 230
	FP_ROUTE KC..KE190

TRACK_TIME 1167737286
TRACK A20110117585321 F 385860 772800 120 30 999 NONE NONE 350
	FP_ROUTE KC..KB738

TRACK_TIME 1167737286
TRACK A20110117585324 F 373600 1221960 120 30 999 NONE NONE 380
	FP_ROUTE KC..KB739

TRACK_TIME 1167737286
TRACK A20110117585328 F 415400 724360 120 30 999 NONE NONE 370
	FP_ROUTE KT..KCRJ2

TRACK_TIME 1167737286
TRACK A20110117585331 F 280100 823160 120 30 999 NONE NONE 370
	FP_ROUTE KC..KB735

TRACK_TIME 1167737286
TRACK A20110117585332 F 333900 842800 120 30 999 NONE NONE 220
	FP_ROUTE KC..KA320

TRACK_TIME 1167737286
TRACK A20110117585335 F 404500 734960 120 30 999 NONE NONE 390
	FP_ROUTE KC..KA320

TRACK_TIME 1167737286
TRACK A20110117585338 F 321900 900460 120 30 999 NONE NONE 280
	FP_ROUTE KC..KCL60

TRACK_TIME 1167737286
TRACK A20110117585353 F 394800 1044000 120 30 999 NONE NONE 360
	FP_ROUTE KC..KCL60

TRACK_TIME 1167737286
TRACK A20110117585359 F 384960 770100 120 30 999 NONE NONE 190
	FP_ROUTE KC..KB735

TRACK_TIME 1167737286
TRACK A20110117585370 F 333760 843000 120 30 999 NONE NONE 350
	FP_ROUTE KC..KMD83

TRACK_TIME 1167737286
TRACK A20110117585373 F 304200 881500 120 30 999 NONE NONE 250
	FP_ROUTE KC..KE145

TRACK_TIME 1167737286
TRACK A20110117585374 F 351360 805800 120 30 999 NONE NONE 330
	FP_ROUTE KC..KE135

TRACK_TIME 1167737286
TRACK A20110117585379 F 365200 761360 120 30 999 NONE NONE 310
	FP_ROUTE KC..KA321

TRACK_TIME 1167737286
TRACK A20110117585380 F 300000 952260 120 30 999 NONE NONE 380
	FP_ROUTE KC..KB738

TRACK_TIME 1167737286
TRACK A20110117585381 F 260400 801060 120 30 999 NONE NONE 360
	FP_ROUTE KC..KB738

TRACK_TIME 1167737286
TRACK A20110117585383 F 360460 1151000 120 30 999 NONE NONE 260
	FP_ROUTE KC..KB733

TRACK_TIME 1167737286
TRACK A20110117585386 F 351500 1204060 120 30 999 NONE NONE 230
	FP_ROUTE KC..KB737

TRACK_TIME 1167737286
TRACK A20110117585409 F 333900 842700 120 30 999 NONE NONE 300
	FP_ROUTE KC..KB733

TRACK_TIME 1167737286
TRACK A20110117585410 F 340300 1174300 120 30 999 NONE NONE 280
	FP_ROUTE KC..KB738

TRACK_TIME 1167737286
TRACK A20110117585411 F 373600 1221900 120 30 999 NONE NONE 280
	FP_ROUTE KC..KB733

TRACK_TIME 1167737286
TRACK A20110117585412 F 355200 784900 120 30 999 NONE NONE 330
	FP_ROUTE KC..KA320

TRACK_TIME 1167737286
TRACK A20110117585413 F 300700 973900 120 30 999 NONE NONE 350
	FP_ROUTE KC..KB737

TRACK_TIME 1167737286
TRACK A20110117585414 F 360460 1151300 120 30 999 NONE NONE 400
	FP_ROUTE KC..KMD83

TRACK_TIME 1167737286
TRACK A20110117585415 F 325100 965200 120 30 999 NONE NONE 200
	FP_ROUTE KG..KMU2

TRACK_TIME 1167737286
TRACK A20110117585417 F 390400 843900 120 30 999 NONE NONE 220
	FP_ROUTE KC..KE170

TRACK_TIME 1167737286
TRACK A20110117585419 F 381200 872260 120 30 999 NONE NONE 370
	FP_ROUTE KC..KA320

TRACK_TIME 1167737286
TRACK A20110117585421 F 304360 911060 120 30 999 NONE NONE 210
	FP_ROUTE KC..KA320

TRACK_TIME 1167737286
TRACK A20110117585427 F 325500 970160 120 30 999 NONE NONE 360
	FP_ROUTE KC..KB737

TRACK_TIME 1167737286
TRACK A20110117585429 F 352400 973760 120 30 999 NONE NONE 260
	FP_ROUTE KG..KC550

TRACK_TIME 1167737286
TRACK A20110117585430 F 425260 853160 120 30 999 NONE NONE 220
	FP_ROUTE KC..KB737

TRACK_TIME 1167737286
TRACK A20110117585437 F 361000 955260 120 30 999 NONE NONE 410
	FP_ROUTE KG..KBE20

TRACK_TIME 1167737286
TRACK A20110117585445 F 391000 764200 120 30 999 NONE NONE 180
	FP_ROUTE KG..KBE20

TRACK_TIME 1167737286
TRACK A20110117585450 F 390460 843900 120 30 999 NONE NONE 240
	FP_ROUTE KG..KBE20

TRACK_TIME 1167737286
TRACK A20110117585451 F 391060 764300 120 30 999 NONE NONE 410
	FP_ROUTE KG..KBE20

TRACK_TIME 1167737286
TRACK A20110117585452 F 333760 842860 120 30 999 NONE NONE 350
	FP_ROUTE KC..KE145

TRACK_TIME 1167737286
TRACK A20110117585453 F 404600 735100 120 30 999 NONE NONE 210
	FP_ROUTE KC..KA319

TRACK_TIME 1167737286
TRACK A20110117585468 F 335700 1182700 120 30 999 NONE NONE 370
	FP_ROUTE KC..KA319

TRACK_TIME 1167737286
TRACK A20110117585470 F 260400 800700 120 30 999 NONE NONE 350
	FP_ROUTE KC..KLJ35

TRACK_TIME 1167737286
TRACK A20110117585472 F 370600 763300 120 30 999 NONE NONE 200
	FP_ROUTE KC..KB733

TRACK_TIME 1167737286
TRACK A20110117585474 F 295860 951660 120 30 999 NONE NONE 360
	FP_ROUTE KC..KE145

TRACK_TIME 1167737286
TRACK A20110117585501 F 335400 1183000 120 30 999 NONE NONE 310
	FP_ROUTE KC..KA320

TRACK_TIME 1167737286
TRACK A20110117585515 F 414800 874600 120 30 999 NONE NONE 380
	FP_ROUTE KC..KB733

TRACK_TIME 1167737286
TRACK A20110117585518 F 430600 761060 120 30 999 NONE NONE 300
	FP_ROUTE KC..KB737

TRACK_TIME 1167737286
TRACK A20110117585520 F 404360 735500 120 30 999 NONE NONE 310
	FP_ROUTE KC..KB734

TRACK_TIME 1167737286
TRACK A20110117585522 F 332560 1120400 120 30 999 NONE NONE 249
	FP_ROUTE KC..KB734

TRACK_TIME 1167737286
TRACK A20110117585527 F 413300 1084800 120 30 999 NONE NONE 220
	FP_ROUTE KC..KB737

TRACK_TIME 1167737286
TRACK A20110117585534 F 395260 1043460 120 30 999 NONE NONE 400
	FP_ROUTE KC..KA319

TRACK_TIME 1167737286
TRACK A20110117585548 F 425860 875260 120 30 999 NONE NONE 330
	FP_ROUTE KC..KB712

TRACK_TIME 1167737286
TRACK A20110117585552 F 333700 842860 120 30 999 NONE NONE 220
	FP_ROUTE KC..KA320

TRACK_TIME 1167737286
TRACK A20110117585565 F 325500 970100 120 30 999 NONE NONE 400
	FP_ROUTE KC..KB762

TRACK_TIME 1167737286
TRACK A20110117585575 F 411960 955500 120 30 999 NONE NONE 190
	FP_ROUTE KC..KMD82

TRACK_TIME 1167737286
TRACK A20110117585580 F 395700 1044060 120 30 999 NONE NONE 380
	FP_ROUTE KC..KA319

TRACK_TIME 1167737286
TRACK A20110117585583 F 453460 1223400 120 30 999 NONE NONE 360
	FP_ROUTE KC..KB752

TRACK_TIME 1167737286
TRACK A20110117585584 F 403900 741200 120 30 999 NONE NONE 330
	FP_ROUTE KG..KC550

TRACK_TIME 1167737286
TRACK A20110117585586 F 282260 811800 120 30 999 NONE NONE 360
	FP_ROUTE KG..KC550

TRACK_TIME 1167737286
TRACK A20110117585589 F 404800 1120000 120 30 999 NONE NONE 390
	FP_ROUTE KC..KCRJ2

TRACK_TIME 1167737286
TRACK A20110117585609 F 605200 1484200 120 30 999 NONE NONE 380
	FP_ROUTE KC..KA319

TRACK_TIME 1167737286
TRACK A20110117585627 F 395200 751660 120 30 999 NONE NONE 369
	FP_ROUTE KC..KA319

TRACK_TIME 1167737286
TRACK A20110117585638 F 403700 734660 120 30 999 NONE NONE 370
	FP_ROUTE KC..KB737

TRACK_TIME 1167737286
TRACK A20110117585639 F 342560 1194360 120 30 999 NONE NONE 250
	FP_ROUTE KC..KB733

TRACK_TIME 1167737286
TRACK A20110117585640 F 373700 1222100 120 30 999 NONE NONE 239
	FP_ROUTE KC..KB733

TRACK_TIME 1167737286
TRACK A20110117585644 F 335560 1182100 120 30 999 NONE NONE 400
	FP_ROUTE KC..KSW4

TRACK_TIME 1167737286
TRACK A20110117585647 F 295860 951660 120 30 999 NONE NONE 370
	FP_ROUTE KC..KE135

TRACK_TIME 1167737286
TRACK A20110117585650 F 294000 951900 120 30 999 NONE NONE 250
	FP_ROUTE KG..KE135

TRACK_TIME 1167737286
TRACK A20110117585652 F 295800 901000 120 30 999 NONE NONE 390
	FP_ROUTE KC..KE145

TRACK_TIME 1167737286
TRACK A20110117585657 F 404500 735400 120 30 999 NONE NONE 330
	FP_ROUTE KC..KB738

TRACK_TIME 1167737286
TRACK A20110117585658 F 295860 951660 120 30 999 NONE NONE 250
	FP_ROUTE KC..KB737

TRACK_TIME 1167737286
TRACK A20110117585661 F 333900 842700 120 30 999 NONE NONE 340
	FP_ROUTE KC..KMD83

TRACK_TIME 1167737286
TRACK A20110117585662 F 335560 1182100 120 30 999 NONE NONE 330
	FP_ROUTE KT..KDH8D

TRACK_TIME 1167737286
TRACK A20110117585663 F 404000 741060 120 30 999 NONE NONE 330
	FP_ROUTE KG..KCL60

TRACK_TIME 1167737286
TRACK A20110117585674 F 300000 951660 120 30 999 NONE NONE 310
	FP_ROUTE KC..KE190

TRACK_TIME 1167737286
TRACK A20110117585675 F 332560 1115860 120 30 999 NONE NONE 310
	FP_ROUTE KC..KE145

TRACK_TIME 1167737286
TRACK A20110117585678 F 393100 1045100 120 30 999 NONE NONE 310
	FP_ROUTE KT..KCRJ1

TRACK_TIME 1167737286
TRACK A20110117585687 F 355100 784960 120 30 999 NONE NONE 220
	FP_ROUTE KC..KE145

TRACK_TIME 1167737286
TRACK A20110117585689 F 280000 823160 120 30 999 NONE NONE 370
	FP_ROUTE KC..KMD83

TRACK_TIME 1167737286
TRACK A20110117585692 F 325560 970160 120 30 999 NONE NONE 360
	FP_ROUTE KC..KB733

TRACK_TIME 1167737286
TRACK A20110117585693 F 333900 842700 120 30 999 NONE NONE 450
	FP_ROUTE KC..KB733

TRACK_TIME 1167737286
TRACK A20110117585702 F 334800 1180700 120 30 999 NONE NONE 340
	FP_ROUTE KG..KBE9L

TRACK_TIME 1167737286
TRACK A20110117585710 F 422560 940600 120 30 999 NONE NONE 330
	FP_ROUTE KC..KE170

TRACK_TIME 1167737286
TRACK A20110117585711 F 374000 972500 120 30 999 NONE NONE 400
	FP_ROUTE KC..KCRJ2

TRACK_TIME 1167737286
TRACK A20110117585719 F 414060 712800 120 30 999 NONE NONE 230
	FP_ROUTE KG..KBE9L

TRACK_TIME 1167737286
TRACK A20110117585720 F 325500 970160 120 30 999 NONE NONE 340
	FP_ROUTE KC..KA319

TRACK_TIME 1167737286
TRACK A20110117585721 F 182560 660300 120 30 999 NONE NONE 350
	FP_ROUTE KC..KE145

TRACK_TIME 1167737286
TRACK A20110117585731 F 333760 842860 120 30 999 NONE NONE 350
	FP_ROUTE KC..KCRJ2

TRACK_TIME 1167737286
TRACK A20110117585740 F 404500 734960 120 30 999 NONE NONE 310
	FP_ROUTE KC..KB733

TRACK_TIME 1167737286
TRACK A20110117585746 F 390900 763900 120 30 999 NONE NONE 280
	FP_ROUTE KC..KB733

TRACK_TIME 1167737286
TRACK A20110117585747 F 350400 895800 120 30 999 NONE NONE 340
	FP_ROUTE KC..KB733

TRACK_TIME 1167737286
TRACK A20110117585748 F 333760 842800 120 30 999 NONE NONE 340
	FP_ROUTE KC..KE145

TRACK_TIME 1167737286
TRACK A20110117585756 F 351200 805800 120 30 999 NONE NONE 390
	FP_ROUTE KC..KA320

TRACK_TIME 1167737286
TRACK A20110117585766 F 472800 1221900 120 30 999 NONE NONE 310
	FP_ROUTE KC..KA319

TRACK_TIME 1167737286
TRACK A20110117585767 F 295800 901800 120 30 999 NONE NONE 390
	FP_ROUTE KC..KA319

TRACK_TIME 1167737286
TRACK A20110117585780 F 472700 1221900 120 30 999 NONE NONE 400
	FP_ROUTE KC..KE135

TRACK_TIME 1167737286
TRACK A20110117585788 F 260460 801200 120 30 999 NONE NONE 380
	FP_ROUTE KC..KB738

TRACK_TIME 1167737286
TRACK A20110117585793 F 361300 955260 120 30 999 NONE NONE 370
	FP_ROUTE KC..KB752

TRACK_TIME 1167737286
TRACK A20110117585798 F 411800 955400 120 30 999 NONE NONE 300
	FP_ROUTE KC..KB733

TRACK_TIME 1167737286
TRACK A20110117585804 F 394900 1044000 120 30 999 NONE NONE 330
	FP_ROUTE KC..KB733

TRACK_TIME 1167737286
TRACK A20110117585805 F 282260 811660 120 30 999 NONE NONE 330
	FP_ROUTE KC..KB737

TRACK_TIME 1167737286
TRACK A20110117585806 F 404360 1115800 120 30 999 NONE NONE 340
	FP_ROUTE KC..KA319

TRACK_TIME 1167737286
TRACK A20110117585808 F 394900 1044060 120 30 999 NONE NONE 350
	FP_ROUTE KC..KA320

TRACK_TIME 1167737286
TRACK A20110117585813 F 295800 951600 120 30 999 NONE NONE 380
	FP_ROUTE KC..KA319

TRACK_TIME 1167737286
TRACK A20110117585817 F 421360 832200 120 30 999 NONE NONE 230
	FP_ROUTE KC..KE170

TRACK_TIME 1167737286
TRACK A20110117585819 F 295860 951660 120 30 999 NONE NONE 350
	FP_ROUTE KC..KCRJ2

TRACK_TIME 1167737286
TRACK A20110117585821 F 421360 831960 120 30 999 NONE NONE 370
	FP_ROUTE KG..KCL60

TRACK_TIME 1167737286
TRACK A20110117585823 F 282860 811660 120 30 999 NONE NONE 360
	FP_ROUTE KG..KCL60

TRACK_TIME 1167737286
TRACK A20110117585825 F 433160 1120400 120 30 999 NONE NONE 310
	FP_ROUTE KC..KB738

TRACK_TIME 1167737286
TRACK A20110117585826 F 333900 842700 120 30 999 NONE NONE 350
	FP_ROUTE KC..KA320

TRACK_TIME 1167737286
TRACK A20110117585829 F 395500 1044060 120 30 999 NONE NONE 330
	FP_ROUTE KT..KCRJ2

TRACK_TIME 1167737286
TRACK A20110117585830 F 425800 875400 120 30 999 NONE NONE 380
	FP_ROUTE KT..KCRJ2

TRACK_TIME 1167737286
TRACK A20110117585831 F 330000 795800 120 30 999 NONE NONE 360
	FP_ROUTE KT..KCRJ9

TRACK_TIME 1167737286
TRACK A20110117585832 F 403700 734600 120 30 999 NONE NONE 350
	FP_ROUTE KT..KE145

TRACK_TIME 1167737286
TRACK A20110117585833 F 384500 902200 120 30 999 NONE NONE 370
	FP_ROUTE KC..KB733

TRACK_TIME 1167737286
TRACK A20110117585837 F 295860 951660 120 30 999 NONE NONE 230
	FP_ROUTE KC..KB733

TRACK_TIME 1167737286
TRACK A20110117585840 F 351200 805560 120 30 999 NONE NONE 290
	FP_ROUTE KC..KE135

TRACK_TIME 1167737286
TRACK A20110117585842 F 333900 842800 120 30 999 NONE NONE 390
	FP_ROUTE KC..KE145

TRACK_TIME 1167737286
TRACK A20110117585846 F 282260 811900 120 30 999 NONE NONE 350
	FP_ROUTE KC..KB733

TRACK_TIME 1167737286
TRACK A20110117585848 F 373900 972560 120 30 999 NONE NONE 360
	FP_ROUTE KC..KB733

TRACK_TIME 1167737286
TRACK A20110117585860 F 422100 705800 120 30 999 NONE NONE 210
	FP_ROUTE KC..KB733

TRACK_TIME 1167737286
TRACK A20110117585868 F 394960 1044060 120 30 999 NONE NONE 370
	FP_ROUTE KC..KA321

TRACK_TIME 1167737286
TRACK A20110117585871 F 380700 872700 120 30 999 NONE NONE 280
	FP_ROUTE KC..KE190

TRACK_TIME 1167737286
TRACK A20110117585872 F 333760 842800 120 30 999 NONE NONE 250
	FP_ROUTE KC..KA319

TRACK_TIME 1167737286
TRACK A20110117585873 F 300000 951660 120 30 999 NONE NONE 330
	FP_ROUTE KC..KE170

TRACK_TIME 1167737286
TRACK A20110117585878 F 350400 895800 120 30 999 NONE NONE 360
	FP_ROUTE KC..KMD82

TRACK_TIME 1167737286
TRACK A20110117585879 F 403000 801800 120 30 999 NONE NONE 370
	FP_ROUTE KC..KB763

TRACK_TIME 1167737286
TRACK A20110117585884 F 414900 874660 120 30 999 NONE NONE 410
	FP_ROUTE KC..KA320

TRACK_TIME 1167737286
TRACK A20110117585889 F 295860 952260 120 30 999 NONE NONE 270
	FP_ROUTE KT..KE145

TRACK_TIME 1167737286
TRACK A20110117585890 F 374800 971600 120 30 999 NONE NONE 200
	FP_ROUTE KC..KA319

TRACK_TIME 1167737286
TRACK A20110117585897 F 335560 1181600 120 30 999 NONE NONE 350
	FP_ROUTE KC..KB738

TRACK_TIME 1167737286
TRACK A20110117585918 F 325200 970100 120 30 999 NONE NONE 350
	FP_ROUTE KC..KA319

TRACK_TIME 1167737286
TRACK A20110117585919 F 404360 735500 120 30 999 NONE NONE 350
	FP_ROUTE KC..KB737

TRACK_TIME 1167737286
TRACK A20110117585920 F 395260 1043460 120 30 999 NONE NONE 290
	FP_ROUTE KC..KA319

TRACK_TIME 1167737286
TRACK A20110117585921 F 404600 735100 120 30 999 NONE NONE 190
	FP_ROUTE KC..KB737

TRACK_TIME 1167737286
TRACK A20110117585922 F 404900 1115860 120 30 999 NONE NONE 250
	FP_ROUTE KC..KE145

TRACK_TIME 1167737286
TRACK A20110117585929 F 360460 1150900 120 30 999 NONE NONE 300
	FP_ROUTE KC..KCRJ2

TRACK_TIME 1167737286
TRACK A20110117585939 F 414800 874600 120 30 999 NONE NONE 380
	FP_ROUTE KC..KCRJ2

TRACK_TIME 1167737286
TRACK A20110117585940 F 333900 842860 120 30 999 NONE NONE 220
	FP_ROUTE KC..KMD82

TRACK_TIME 1167737286
TRACK A20110117585941 F 391060 764200 120 30 999 NONE NONE 230
	FP_ROUTE KT..KE145

TRACK_TIME 1167737286
TRACK A20110117585949 F 463760 1004000 120 30 999 NONE NONE 350
	FP_ROUTE KC..KA319

TRACK_TIME 1167737286
TRACK A20110117585952 F 433400 1161300 120 30 999 NONE NONE 340
	FP_ROUTE KC..KE170

TRACK_TIME 1167737286
TRACK A20110117585957 F 325100 970100 120 30 999 NONE NONE 300
	FP_ROUTE KT..KE145

TRACK_TIME 1167737286
TRACK A20110117585958 F 340300 1174360 120 30 999 NONE NONE 300
	FP_ROUTE KC..KE190

TRACK_TIME 1167737286
TRACK A20110117585971 F 333700 843000 120 30 999 NONE NONE 280
	FP_ROUTE KC..KE170

TRACK_TIME 1167737286
TRACK A20110117585978 F 405860 1240700 120 30 999 NONE NONE 261
	FP_ROUTE KC..KB752

TRACK_TIME 1167737286
TRACK A20110117585986 F 394200 861800 120 30 999 NONE NONE 200
	FP_ROUTE KC..KA320

TRACK_TIME 1167737286
TRACK A20110117585989 F 391060 764300 120 30 999 NONE NONE 330
	FP_ROUTE KC..KB752

TRACK_TIME 1167737286
TRACK A20110117585996 F 395560 1044060 120 30 999 NONE NONE 360
	FP_ROUTE KC..KE145

TRACK_TIME 1167737286
TRACK A20110117586001 F 420160 875860 120 30 999 NONE NONE 370
	FP_ROUTE KC..KE135

TRACK_TIME 1167737286
TRACK A20110117586004 F 333900 785500 120 30 999 NONE NONE 270
	FP_ROUTE KC..KA319

TRACK_TIME 1167737286
TRACK A20110117586014 F 333700 842860 120 30 999 NONE NONE 260
	FP_ROUTE KC..KCRJ2

TRACK_TIME 1167737286
TRACK A20110117586016 F 325860 964960 120 30 999 NONE NONE 250
	FP_ROUTE KC..KB737

TRACK_TIME 1167737286
TRACK A20110117586019 F 334300 1014960 120 30 999 NONE NONE 180
	FP_ROUTE KC..KB737

TRACK_TIME 1167737286
TRACK A20110117586040 F 420000 875560 120 30 999 NONE NONE 290
	FP_ROUTE KC..KE145

TRACK_TIME 1167737286
TRACK A20110117586050 F 335500 1183100 120 30 999 NONE NONE 200
	FP_ROUTE KC..KE145

TRACK_TIME 1167737286
TRACK A20110117586054 F 361360 955260 120 30 999 NONE NONE 390
	FP_ROUTE KC..KB738

TRACK_TIME 1167737286
TRACK A20110117586068 F 385500 772800 120 30 999 NONE NONE 370
	FP_ROUTE KC..KCRJ2

TRACK_TIME 1167737286
TRACK A20110117586093 F 325200 970160 120 30 999 NONE NONE 260
	FP_ROUTE KC..KE145

TRACK_TIME 1167737286
TRACK A20110117586094 F 300600 974000 120 30 999 NONE NONE 220
	FP_ROUTE KC..KA319

TRACK_TIME 1167737286
TRACK A20110117586103 F 420000 875560 120 30 999 NONE NONE 370
	FP_ROUTE KG..KBE9L

TRACK_TIME 1167737286
TRACK A20110117586108 F 420100 875800 120 30 999 NONE NONE 350
	FP_ROUTE KC..KB752

TRACK_TIME 1167737286
TRACK A20110117586124 F 404300 740160 120 30 999 NONE NONE 370
	FP_ROUTE KG..KBE9L

TRACK_TIME 1167737286
TRACK A20110117586127 F 254600 801500 120 30 999 NONE NONE 330
	FP_ROUTE KC..KA320

TRACK_TIME 1167737286
TRACK A20110117586130 F 373700 1222100 120 30 999 NONE NONE 360
	FP_ROUTE KC..KE170

TRACK_TIME 1167737286
TRACK A20110117586131 F 415800 875200 120 30 999 NONE NONE 340
	FP_ROUTE KC..KA320

TRACK_TIME 1167737286
TRACK A20110117586134 F 360460 1151660 120 30 999 NONE NONE 320
	FP_ROUTE KG..KF900

TRACK_TIME 1167737286
TRACK A20110117586137 F 333900 842700 120 30 999 NONE NONE 320
	FP_ROUTE KG..KC510

TRACK_TIME 1167737286
TRACK A20110117586161 F 410300 734060 120 30 999 NONE NONE 410
	FP_ROUTE KG..KC510

TRACK_TIME 1167737286
TRACK A20110117586162 F 333760 843100 120 30 999 NONE NONE 390
	FP_ROUTE KC..KB737

TRACK_TIME 1167737286
TRACK A20110117586170 F 325500 970300 120 30 999 NONE NONE 330
	FP_ROUTE KC..KB737

TRACK_TIME 1167737286
TRACK A20110117586172 F 325500 970160 120 30 999 NONE NONE 360
	FP_ROUTE KC..KB737

TRACK_TIME 1167737286
TRACK A20110117586174 F 254800 801600 120 30 999 NONE NONE 340
	FP_ROUTE KC..KB737

TRACK_TIME 1167737286
TRACK A20110117586179 F 400000 825200 120 30 999 NONE NONE 320
	FP_ROUTE KC..KB737

TRACK_TIME 1167737286
TRACK A20110117586180 F 335560 1182100 120 30 999 NONE NONE 380
	FP_ROUTE KT..KCRJ9

TRACK_TIME 1167737286
TRACK A20110117586190 F 335560 1183160 120 30 999 NONE NONE 350
	FP_ROUTE KC..KB737

TRACK_TIME 1167737286
TRACK A20110117586198 F 332560 1115860 120 30 999 NONE NONE 340
	FP_ROUTE KG..KBE20

TRACK_TIME 1167737286
TRACK A20110117586200 F 333900 843160 120 30 999 NONE NONE 330
	FP_ROUTE KC..KDH8C

TRACK_TIME 1167737286
TRACK A20110117586202 F 194500 1560160 120 30 999 NONE NONE 210
	FP_ROUTE KT..KCRJ2

TRACK_TIME 1167737286
TRACK A20110117586204 F 360760 864000 120 30 999 NONE NONE 390
	FP_ROUTE KC..KB753

TRACK_TIME 1167737286
TRACK A20110117586205 F 360460 1150900 120 30 999 NONE NONE 380
	FP_ROUTE KC..KB734

TRACK_TIME 1167737286
TRACK A20110117586210 F 350000 1064000 120 30 999 NONE NONE 330
	FP_ROUTE KC..KA319

TRACK_TIME 1167737286
TRACK A20110117586219 F 295800 901060 120 30 999 NONE NONE 330
	FP_ROUTE KT..KCRJ2

TRACK_TIME 1167737286
TRACK A20110117586223 F 424300 734800 120 30 999 NONE NONE 270
	FP_ROUTE KC..KB737

TRACK_TIME 1167737286
TRACK A20110117586224 F 421300 831960 120 30 999 NONE NONE 300
	FP_ROUTE KC..KB735

TRACK_TIME 1167737286
TRACK A20110117586226 F 264060 800400 120 30 999 NONE NONE 410
	FP_ROUTE KC..KB735

TRACK_TIME 1167737286
TRACK A20110117586231 F 333760 842800 120 30 999 NONE NONE 370
	FP_ROUTE KC..KB733

TRACK_TIME 1167737286
TRACK A20110117586237 F 430100 1063160 120 30 999 NONE NONE 260
	FP_ROUTE KC..KB733

TRACK_TIME 1167737286
TRACK A20110117586241 F 442260 1001660 120 30 999 NONE NONE 220
	FP_ROUTE KT..KCRJ2

TRACK_TIME 1167737286
TRACK A20110117586242 F 445200 931200 120 30 999 NONE NONE 360
	FP_ROUTE KC..KMD83

TRACK_TIME 1167737286
TRACK A20110117586244 F 395100 1044060 120 30 999 NONE NONE 250
	FP_ROUTE KC..KE145

TRACK_TIME 1167737286
TRACK A20110117586247 F 335560 1182860 120 30 999 NONE NONE 189
	FP_ROUTE KC..KB712

TRACK_TIME 1167737286
TRACK A20110117586252 F 440600 970600 120 30 999 NONE NONE 210
	FP_ROUTE KC..KB712

TRACK_TIME 1167737286
TRACK A20110117586259 F 384660 760460 120 30 999 NONE NONE 370
	FP_ROUTE KT..KCRJ2

TRACK_TIME 1167737286
TRACK A20110117586263 F 421960 705800 120 30 999 NONE NONE 370
	FP_ROUTE KC..KB737

TRACK_TIME 1167737286
TRACK A20110117586264 F 335400 811000 120 30 999 NONE NONE 290
	FP_ROUTE KT..KCRJ2

TRACK_TIME 1167737286
TRACK A20110117586266 F 403700 734600 120 30 999 NONE NONE 290
	FP_ROUTE KC..KB737

TRACK_TIME 1167737286
TRACK A20110117586267 F 420100 875700 120 30 999 NONE NONE 370
	FP_ROUTE KC..KB737

TRACK_TIME 1167737286
TRACK A20110117586274 F 453400 1223300 120 30 999 NONE NONE 400
	FP_ROUTE KC..KB737

TRACK_TIME 1167737286
TRACK A20110117586275 F 392100 944300 120 30 999 NONE NONE 340
	FP_ROUTE KC..KB737

TRACK_TIME 1167737286
TRACK A20110117586282 F 255500 801900 120 30 999 NONE NONE 380
	FP_ROUTE KC..KE145

TRACK_TIME 1167737286
TRACK A20110117586284 F 384360 1213460 120 30 999 NONE NONE 360
	FP_ROUTE KC..KB752

TRACK_TIME 1167737286
TRACK A20110117586290 F 262800 820100 120 30 999 NONE NONE 360
	FP_ROUTE KC..KDH8A

TRACK_TIME 1167737286
TRACK A20110117586298 F 333760 842800 120 30 999 NONE NONE 270
	FP_ROUTE KC..KCRJ2

TRACK_TIME 1167737286
TRACK A20110117586300 F 395260 751300 120 30 999 NONE NONE 310
	FP_ROUTE KC..KCRJ2

TRACK_TIME 1167737286
TRACK A20110117586304 F 412560 814900 120 30 999 NONE NONE 270
	FP_ROUTE KC..KMD83

TRACK_TIME 1167737286
TRACK A20110117586307 F 420100 875800 120 30 999 NONE NONE 230
	FP_ROUTE KC..KB734

TRACK_TIME 1167737286
TRACK A20110117586321 F 300000 951900 120 30 999 NONE NONE 200
	FP_ROUTE KC..KCRJ2

TRACK_TIME 1167737286
TRACK A20110117586324 F 421360 832200 120 30 999 NONE NONE 210
	FP_ROUTE KC..KA319

TRACK_TIME 1167737286
TRACK A20110117586337 F 333760 843100 120 30 999 NONE NONE 300
	FP_ROUTE KC..KE190

TRACK_TIME 1167737286
TRACK A20110117586338 F 391000 763700 120 30 999 NONE NONE 210
	FP_ROUTE KC..KA321

TRACK_TIME 1167737286
TRACK A20110117586344 F 334000 1014600 120 30 999 NONE NONE 191
	FP_ROUTE KC..KB737

TRACK_TIME 1167737286
TRACK A20110117586346 F 295800 951600 120 30 999 NONE NONE 350
	FP_ROUTE KC..KB733

TRACK_TIME 1167737286
TRACK A20110117586347 F 395400 1044060 120 30 999 NONE NONE 350
	FP_ROUTE KC..KB733

TRACK_TIME 1167737286
TRACK A20110117586351 F 392700 1194600 120 30 999 NONE NONE 320
	FP_ROUTE KC..KA319

TRACK_TIME 1167737286
TRACK A20110117586357 F 382200 823700 120 30 999 NONE NONE 369
	FP_ROUTE KC..KB734

TRACK_TIME 1167737286
TRACK A20110117586358 F 382260 854360 120 30 999 NONE NONE 200
	FP_ROUTE KG..KF900

TRACK_TIME 1167737286
TRACK A20110117586359 F 420000 875560 120 30 999 NONE NONE 370
	FP_ROUTE KC..KB737

TRACK_TIME 1167737286
TRACK A20110117586368 F 472800 1221900 120 30 999 NONE NONE 360
	FP_ROUTE KC..KE145

TRACK_TIME 1167737286
TRACK A20110117586372 F 333900 842800 120 30 999 NONE NONE 390
	FP_ROUTE KT..KCRJ9

TRACK_TIME 1167737286
TRACK A20110117586375 F 425700 875400 120 30 999 NONE NONE 360
	FP_ROUTE KT..KCRJ9

TRACK_TIME 1167737286
TRACK A20110117586376 F 332560 1120300 120 30 999 NONE NONE 360
	FP_ROUTE KC..KB752

TRACK_TIME 1167737286
TRACK A20110117586385 F 380460 843300 120 30 999 NONE NONE 270
	FP_ROUTE KC..KE135

TRACK_TIME 1167737286
TRACK A20110117586386 F 403760 741060 120 30 999 NONE NONE 350
	FP_ROUTE KT..KC750

TRACK_TIME 1167737286
TRACK A20110117586387 F 300000 952200 120 30 999 NONE NONE 360
	FP_ROUTE KT..KC750

TRACK_TIME 1167737286
TRACK A20110117586388 F 211800 1575800 120 30 999 NONE NONE 180
	FP_ROUTE KC..KB737

TRACK_TIME 1167737286
TRACK A20110117586389 F 273700 802100 120 30 999 NONE NONE 430
	FP_ROUTE KC..KE190

TRACK_TIME 1167737286
TRACK A20110117586390 F 300000 901960 120 30 999 NONE NONE 380
	FP_ROUTE KC..KB733

TRACK_TIME 1167737286
TRACK A20110117586395 F 320760 1105800 120 30 999 NONE NONE 260
	FP_ROUTE KC..KA320

TRACK_TIME 1167737286
TRACK A20110117586403 F 300000 952260 120 30 999 NONE NONE 350
	FP_ROUTE KT..KCRJ9

TRACK_TIME 1167737286
TRACK A20110117586416 F 454900 1083160 120 30 999 NONE NONE 340
	FP_ROUTE KC..KCRJ2

TRACK_TIME 1167737286
TRACK A20110117586417 F 395260 1043600 120 30 999 NONE NONE 330
	FP_ROUTE KT..KE135

TRACK_TIME 1167737286
TRACK A20110117586422 F 282200 811800 120 30 999 NONE NONE 320
	FP_ROUTE KC..KE170

TRACK_TIME 1167737286
TRACK A20110117586424 F 425800 875260 120 30 999 NONE NONE 290
	FP_ROUTE KC..KE170

TRACK_TIME 1167737286
TRACK A20110117586434 F 354800 840700 120 30 999 NONE NONE 260
	FP_ROUTE KC..KB733

TRACK_TIME 1167737286
TRACK A20110117586435 F 404800 1115860 120 30 999 NONE NONE 390
	FP_ROUTE KC..KA320

TRACK_TIME 1167737286
TRACK A20110117586439 F 333760 842860 120 30 999 NONE NONE 340
	FP_ROUTE KC..KA319

TRACK_TIME 1167737286
TRACK A20110117586440 F 421300 831960 120 30 999 NONE NONE 300
	FP_ROUTE KT..KCRJ2

TRACK_TIME 1167737286
TRACK A20110117586450 F 421360 832200 120 30 999 NONE NONE 320
	FP_ROUTE KT..KCRJ9

TRACK_TIME 1167737286
TRACK A20110117586452 F 333900 842800 120 30 999 NONE NONE 340
	FP_ROUTE KT..KCRJ2

TRACK_TIME 1167737286
TRACK A20110117586455 F 420100 875200 120 30 999 NONE NONE 200
	FP_ROUTE KT..KCRJ2

TRACK_TIME 1167737286
TRACK A20110117586457 F 350000 1064000 120 30 999 NONE NONE 360
	FP_ROUTE KC..KB752

TRACK_TIME 1167737286
TRACK A20110117586459 F 384600 902500 120 30 999 NONE NONE 220
	FP_ROUTE KC..KE145

TRACK_TIME 1167737286
TRACK A20110117586463 F 404600 735100 120 30 999 NONE NONE 290
	FP_ROUTE KC..KB712

TRACK_TIME 1167737286
TRACK A20110117586464 F 293160 982860 120 30 999 NONE NONE 360
	FP_ROUTE KC..KE170

TRACK_TIME 1167737286
TRACK A20110117586465 F 332560 1115800 120 30 999 NONE NONE 370
	FP_ROUTE KC..KE170

TRACK_TIME 1167737286
TRACK A20110117586467 F 404800 1120000 120 30 999 NONE NONE 260
	FP_ROUTE KC..KE190

TRACK_TIME 1167737286
TRACK A20110117586472 F 604960 1485400 120 30 999 NONE NONE 340
	FP_ROUTE KG..KC750

TRACK_TIME 1167737286
TRACK A20110117586497 F 402860 801060 120 30 999 NONE NONE 310
	FP_ROUTE KG..KC750

TRACK_TIME 1167737286
TRACK A20110117586500 F 355700 1150760 120 30 999 NONE NONE 430
	FP_ROUTE KC..KB712

TRACK_TIME 1167737286
TRACK A20110117586508 F 410100 851360 120 30 999 NONE NONE 300
	FP_ROUTE KT..KC750

TRACK_TIME 1167737286
TRACK A20110117586513 F 350460 895800 120 30 999 NONE NONE 240
	FP_ROUTE KC..KB738

TRACK_TIME 1167737286
TRACK A20110117586514 F 280100 823160 120 30 999 NONE NONE 330
	FP_ROUTE KT..KC750

TRACK_TIME 1167737286
TRACK A20110117586517 F 335560 1182500 120 30 999 NONE NONE 340
	FP_ROUTE KT..KCRJ2

TRACK_TIME 1167737286
TRACK A20110117586519 F 403900 741060 120 30 999 NONE NONE 290
	FP_ROUTE KG..KF900

TRACK_TIME 1167737286
TRACK A20110117586526 F 414060 712800 120 30 999 NONE NONE 250
	FP_ROUTE KT..KCRJ2

TRACK_TIME 1167737286
TRACK A20110117586530 F 354360 840460 120 30 999 NONE NONE 280
	FP_ROUTE KC..KA320

TRACK_TIME 1167737286
TRACK A20110117586531 F 421900 710100 120 30 999 NONE NONE 370
	FP_ROUTE KT..KE145

TRACK_TIME 1167737286
TRACK A20110117586533 F 333900 842800 120 30 999 NONE NONE 250
	FP_ROUTE KC..KB737

TRACK_TIME 1167737286
TRACK A20110117586546 F 404600 735100 120 30 999 NONE NONE 250
	FP_ROUTE KT..KCRJ2

TRACK_TIME 1167737286
TRACK A20110117586548 F 403700 734660 120 30 999 NONE NONE 350
	FP_ROUTE KG..KC560

TRACK_TIME 1167737286
TRACK A20110117586549 F 384300 1213600 120 30 999 NONE NONE 340
	FP_ROUTE KG..KC560

TRACK_TIME 1167737286
TRACK A20110117586552 F 404500 734960 120 30 999 NONE NONE 290
	FP_ROUTE KC..KB737

TRACK_TIME 1167737286
TRACK A20110117586558 F 403900 741200 120 30 999 NONE NONE 350
	FP_ROUTE KC..KB737

TRACK_TIME 1167737286
TRACK A20110117586559 F 421200 832200 120 30 999 NONE NONE 350
	FP_ROUTE KC..KA320

TRACK_TIME 1167737286
TRACK A20110117586574 F 374200 1221200 120 30 999 NONE NONE 360
	FP_ROUTE KT..KCRJ2

TRACK_TIME 1167737286
TRACK A20110117586586 F 333900 842700 120 30 999 NONE NONE 350
	FP_ROUTE KT..KF2TH

TRACK_TIME 1167737286
TRACK A20110117586587 F 421200 832200 120 30 999 NONE NONE 390
	FP_ROUTE KC..KB734

TRACK_TIME 1167737286
TRACK A20110117586590 F 384900 770160 120 30 999 NONE NONE 310
	FP_ROUTE KC..KE145

TRACK_TIME 1167737286
TRACK A20110117586616 F 395260 1043400 120 30 999 NONE NONE 340
	FP_ROUTE KC..KA319

TRACK_TIME 1167737286
TRACK A20110117586629 F 332560 1115860 120 30 999 NONE NONE 250
	FP_ROUTE KC..KB753

TRACK_TIME 1167737286
TRACK A20110117586638 F 445100 685100 120 30 999 NONE NONE 350
	FP_ROUTE KG..KCL60

TRACK_TIME 1167737286
TRACK A20110117586639 F 445560 685260 120 30 999 NONE NONE 270
	FP_ROUTE KC..KA321

TRACK_TIME 1167737286
TRACK A20110117586643 F 392400 943300 120 30 999 NONE NONE 380
	FP_ROUTE KT..KCRJ1

TRACK_TIME 1167737286
TRACK A20110117586644 F 254660 801960 120 30 999 NONE NONE 360
	FP_ROUTE KC..KB744

TRACK_TIME 1167737286
TRACK A20110117586651 F 421960 705700 120 30 999 NONE NONE 360
	FP_ROUTE KC..KB733

TRACK_TIME 1167737286
TRACK A20110117586652 F 404800 1120000 120 30 999 NONE NONE 240
	FP_ROUTE KC..KB752

TRACK_TIME 1167737286
TRACK A20110117586658 F 344500 921200 120 30 999 NONE NONE 270
	FP_ROUTE KC..KB712

TRACK_TIME 1167737286
TRACK A20110117586660 F 371960 1215400 120 30 999 NONE NONE 380
	FP_ROUTE KC..KB712

TRACK_TIME 1167737286
TRACK A20110117586661 F 414800 874660 120 30 999 NONE NONE 200
	FP_ROUTE KC..KB712

TRACK_TIME 1167737286
TRACK A20110117586662 F 300000 952200 120 30 999 NONE NONE 210
	FP_ROUTE KC..KB712

TRACK_TIME 1167737286
TRACK A20110117586665 F 415860 875200 120 30 999 NONE NONE 330
	FP_ROUTE KC..KB738

TRACK_TIME 1167737286
TRACK A20110117586666 F 412500 814960 120 30 999 NONE NONE 330
	FP_ROUTE KC..KA319

TRACK_TIME 1167737286
TRACK A20110117586667 F 334000 1175200 120 30 999 NONE NONE 410
	FP_ROUTE KG..KC560

TRACK_TIME 1167737286
TRACK A20110117586679 F 425260 852560 120 30 999 NONE NONE 220
	FP_ROUTE KC..KB735

TRACK_TIME 1167737286
TRACK A20110117586689 F 404900 1115860 120 30 999 NONE NONE 390
	FP_ROUTE KG..KC560

TRACK_TIME 1167737286
TRACK A20110117586690 F 420100 875500 120 30 999 NONE NONE 360
	FP_ROUTE KC..KA319

TRACK_TIME 1167737286
TRACK A20110117586703 F 404600 734960 120 30 999 NONE NONE 350
	FP_ROUTE KC..KA319

TRACK_TIME 1167737286
TRACK A20110117586705 F 400000 825800 120 30 999 NONE NONE 370
	FP_ROUTE KC..KB733

TRACK_TIME 1167737286
TRACK A20110117586708 F 325560 970160 120 30 999 NONE NONE 340
	FP_ROUTE KC..KB733

TRACK_TIME 1167737286
TRACK A20110117586712 F 384300 1213460 120 30 999 NONE NONE 400
	FP_ROUTE KC..KB733

TRACK_TIME 1167737286
TRACK A20110117586714 F 394800 1044000 120 30 999 NONE NONE 250
	FP_ROUTE KC..KB733

TRACK_TIME 1167737286
TRACK A20110117586719 F 395260 1043600 120 30 999 NONE NONE 370
	FP_ROUTE KC..KMD83

TRACK_TIME 1167737286
TRACK A20110117586721 F 351360 805800 120 30 999 NONE NONE 350
	FP_ROUTE KC..KE135

TRACK_TIME 1167737286
TRACK A20110117586737 F 194500 1560160 120 30 999 NONE NONE 200
	FP_ROUTE KC..KB738

TRACK_TIME 1167737286
TRACK A20110117586742 F 394800 1043900 120 30 999 NONE NONE 360
	FP_ROUTE KT..KCRJ9

TRACK_TIME 1167737286
TRACK A20110117586743 F 282800 811960 120 30 999 NONE NONE 370
	FP_ROUTE KC..KE145

TRACK_TIME 1167737286
TRACK A20110117586744 F 420100 875560 120 30 999 NONE NONE 340
	FP_ROUTE KC..KB733

TRACK_TIME 1167737286
TRACK A20110117586748 F 603400 1503460 120 30 999 NONE NONE 200
	FP_ROUTE KC..KB733

TRACK_TIME 1167737286
TRACK A20110117586749 F 395260 750760 120 30 999 NONE NONE 370
	FP_ROUTE KC..KB735

TRACK_TIME 1167737286
TRACK A20110117586750 F 422200 710160 120 30 999 NONE NONE 370
	FP_ROUTE KC..KB738

TRACK_TIME 1167737286
TRACK A20110117586757 F 395260 751300 120 30 999 NONE NONE 290
	FP_ROUTE KC..KE135

TRACK_TIME 1167737286
TRACK A20110117586768 F 351360 805800 120 30 999 NONE NONE 300
	FP_ROUTE KC..KMD83

TRACK_TIME 1167737286
TRACK A20110117586769 F 350000 895860 120 30 999 NONE NONE 360
	FP_ROUTE KT..KF2TH

TRACK_TIME 1167737286
TRACK A20110117586773 F 324000 965100 120 30 999 NONE NONE 360
	FP_ROUTE KC..KB735

TRACK_TIME 1167737286
TRACK A20110117586775 F 332560 1120400 120 30 999 NONE NONE 380
	FP_ROUTE KT..KE145

TRACK_TIME 1167737286
TRACK A20110117586785 F 325200 970100 120 30 999 NONE NONE 340
	FP_ROUTE KT..KCRJ9

TRACK_TIME 1167737286
TRACK A20110117586786 F 411800 955260 120 30 999 NONE NONE 270
	FP_ROUTE KT..KC750

TRACK_TIME 1167737286
TRACK A20110117586796 F 425260 853300 120 30 999 NONE NONE 230
	FP_ROUTE KT..KC750

TRACK_TIME 1167737286
TRACK A20110117586797 F 333900 842700 120 30 999 NONE NONE 330
	FP_ROUTE KC..KA320

TRACK_TIME 1167737286
TRACK A20110117586811 F 421360 832100 120 30 999 NONE NONE 210
	FP_ROUTE KC..KB752

TRACK_TIME 1167737286
TRACK A20110117586814 F 334200 1175100 120 30 999 NONE NONE 350
	FP_ROUTE KC..KE135

TRACK_TIME 1167737286
TRACK A20110117586832 F 325700 970160 120 30 999 NONE NONE 320
	FP_ROUTE KC..KB763

TRACK_TIME 1167737286
TRACK A20110117586833 F 425860 875260 120 30 999 NONE NONE 220
	FP_ROUTE KC..KB737

TRACK_TIME 1167737286
TRACK A20110117586846 F 424660 852400 120 30 999 NONE NONE 360
	FP_ROUTE KC..KB733

TRACK_TIME 1167737286
TRACK A20110117586849 F 425800 875400 120 30 999 NONE NONE 370
	FP_ROUTE KC..KB733

TRACK_TIME 1167737286
TRACK A20110117586850 F 403700 741200 120 30 999 NONE NONE 350
	FP_ROUTE KT..KCRJ9

TRACK_TIME 1167737286
TRACK A20110117586852 F 422100 705800 120 30 999 NONE NONE 350
	FP_ROUTE KC..KB738

TRACK_TIME 1167737286
TRACK A20110117586855 F 394060 862100 120 30 999 NONE NONE 390
	FP_ROUTE KG..KF2TH

TRACK_TIME 1167737286
TRACK A20110117586867 F 431500 891960 120 30 999 NONE NONE 280
	FP_ROUTE KT..KCRJ2

TRACK_TIME 1167737286
TRACK A20110117586871 F 333900 842800 120 30 999 NONE NONE 400
	FP_ROUTE KC..KE170

TRACK_TIME 1167737286
TRACK A20110117586889 F 421300 831960 120 30 999 NONE NONE 370
	FP_ROUTE KC..KE170

TRACK_TIME 1167737286
TRACK A20110117586891 F 373600 1221900 120 30 999 NONE NONE 360
	FP_ROUTE KC..KB734

TRACK_TIME 1167737286
TRACK A20110117586901 F 254660 802100 120 30 999 NONE NONE 310
	FP_ROUTE KC..KB737

TRACK_TIME 1167737286
TRACK A20110117586902 F 302700 911360 120 30 999 NONE NONE 270
	FP_ROUTE KC..KE170

TRACK_TIME 1167737286
TRACK A20110117586909 F 333600 1115560 120 30 999 NONE NONE 230
	FP_ROUTE KC..KB734

TRACK_TIME 1167737286
TRACK A20110117586936 F 421360 832200 120 30 999 NONE NONE 370
	FP_ROUTE KC..KB753

TRACK_TIME 1167737286
TRACK A20110117586941 F 332560 1115700 120 30 999 NONE NONE 329
	FP_ROUTE KT..KCRJ2

TRACK_TIME 1167737286
TRACK A20110117586942 F 360160 1151200 120 30 999 NONE NONE 330
	FP_ROUTE KC..KCRJ2

TRACK_TIME 1167737286
TRACK A20110117586944 F 385860 772800 120 30 999 NONE NONE 290
	FP_ROUTE KC..KB738

TRACK_TIME 1167737286
TRACK A20110117586961 F 420000 875700 120 30 999 NONE NONE 370
	FP_ROUTE KC..KA320

TRACK_TIME 1167737286
TRACK A20110117586963 F 333900 842800 120 30 999 NONE NONE 200
	FP_ROUTE KC..KE145

TRACK_TIME 1167737286
TRACK A20110117586968 F 415800 920160 120 30 999 NONE NONE 330
	FP_ROUTE KC..KB737

TRACK_TIME 1167737286
TRACK A20110117586974 F 421360 831960 120 30 999 NONE NONE 320
	FP_ROUTE KC..KB752

TRACK_TIME 1167737286
TRACK A20110117586981 F 413460 934200 120 30 999 NONE NONE 260
	FP_ROUTE KG..KFA7X

TRACK_TIME 1167737286
TRACK A20110117586982 F 390000 772800 120 30 999 NONE NONE 330
	FP_ROUTE KT..KCRJ2

TRACK_TIME 1167737286
TRACK A20110117586999 F 420000 875260 120 30 999 NONE NONE 340
	FP_ROUTE KC..KB752

TRACK_TIME 1167737286
TRACK A20110117587008 F 261800 814360 120 30 999 NONE NONE 410
	FP_ROUTE KC..KA320

TRACK_TIME 1167737286
TRACK A20110117587009 F 390460 843900 120 30 999 NONE NONE 260
	FP_ROUTE KC..KB744

TRACK_TIME 1167737286
TRACK A20110117587010 F 350400 895860 120 30 999 NONE NONE 310
	FP_ROUTE KC..KE170

TRACK_TIME 1167737286
TRACK A20110117587012 F 410000 733400 120 30 999 NONE NONE 410
	FP_ROUTE KC..KE170

TRACK_TIME 1167737286
TRACK A20110117587019 F 300000 951800 120 30 999 NONE NONE 360
	FP_ROUTE KC..KA320

TRACK_TIME 1167737286
TRACK A20110117587023 F 341360 1182860 120 30 999 NONE NONE 220
	FP_ROUTE KC..KE170

TRACK_TIME 1167737286
TRACK A20110117587024 F 295800 951600 120 30 999 NONE NONE 270
	FP_ROUTE KC..KE145

TRACK_TIME 1167737286
TRACK A20110117587032 F 384900 770160 120 30 999 NONE NONE 330
	FP_ROUTE KG..KC560

TRACK_TIME 1167737286
TRACK A20110117587034 F 404800 1120000 120 30 999 NONE NONE 320
	FP_ROUTE KC..KA320

TRACK_TIME 1167737286
TRACK A20110117587036 F 385860 772560 120 30 999 NONE NONE 390
	FP_ROUTE KC..KA332

TRACK_TIME 1167737286
TRACK A20110117587037 F 392800 1194600 120 30 999 NONE NONE 230
	FP_ROUTE KG..KLJ45

TRACK_TIME 1167737286
TRACK A20110117587038 F 335560 1182400 120 30 999 NONE NONE 370
	FP_ROUTE KT..KCRJ9

TRACK_TIME 1167737286
TRACK A20110117587043 F 390900 763900 120 30 999 NONE NONE 280
	FP_ROUTE KG..KLJ35

TRACK_TIME 1167737286
TRACK A20110117587044 F 302860 814300 120 30 999 NONE NONE 360
	FP_ROUTE KC..KE190

TRACK_TIME 1167737286
TRACK A20110117587046 F 372800 771960 120 30 999 NONE NONE 370
	FP_ROUTE KC..KB752

TRACK_TIME 1167737286
TRACK A20110117587067 F 335700 1182700 120 30 999 NONE NONE 320
	FP_ROUTE KC..KE170

TRACK_TIME 1167737286
TRACK A20110117587071 F 351360 805800 120 30 999 NONE NONE 290
	FP_ROUTE KC..KE170

TRACK_TIME 1167737286
TRACK A20110117587073 F 404000 734500 120 30 999 NONE NONE 350
	FP_ROUTE KT..KCRJ2

TRACK_TIME 1167737286
TRACK A20110117587082 F 345800 821600 120 30 999 NONE NONE 310
	FP_ROUTE KC..KE170

TRACK_TIME 1167737286
TRACK A20110117587084 F 332560 1115860 120 30 999 NONE NONE 290
	FP_ROUTE KG..KC550

TRACK_TIME 1167737286
TRACK A20110117587104 F 404000 734500 120 30 999 NONE NONE 350
	FP_ROUTE KC..KB738

TRACK_TIME 1167737286
TRACK A20110117587106 F 333760 842700 120 30 999 NONE NONE 330
	FP_ROUTE KC..KB738

TRACK_TIME 1167737286
TRACK A20110117587110 F 333700 843000 120 30 999 NONE NONE 180
	FP_ROUTE KT..KCRJ9

TRACK_TIME 1167737286
TRACK A20110117587116 F 394960 1044060 120 30 999 NONE NONE 390
	FP_ROUTE KC..KB734

TRACK_TIME 1167737286
TRACK A20110117587119 F 394900 1044000 120 30 999 NONE NONE 330
	FP_ROUTE KT..KCRJ2

TRACK_TIME 1167737286
TRACK A20110117587121 F 333760 843100 120 30 999 NONE NONE 360
	FP_ROUTE KT..KCRJ9

TRACK_TIME 1167737286
TRACK A20110117587123 F 360600 864060 120 30 999 NONE NONE 350
	FP_ROUTE KC..KA319

TRACK_TIME 1167737286
TRACK A20110117587131 F 275560 823300 120 30 999 NONE NONE 400
	FP_ROUTE KT..KCRJ2

TRACK_TIME 1167737286
TRACK A20110117587132 F 425800 875400 120 30 999 NONE NONE 360
	FP_ROUTE KC..KB734

TRACK_TIME 1167737286
TRACK A20110117587135 F 384900 770160 120 30 999 NONE NONE 370
	FP_ROUTE KC..KE135

TRACK_TIME 1167737286
TRACK A20110117587136 F 403600 734660 120 30 999 NONE NONE 370
	FP_ROUTE KT..KE145

TRACK_TIME 1167737286
TRACK A20110117587143 F 282860 811960 120 30 999 NONE NONE 389
	FP_ROUTE KC..KB737

TRACK_TIME 1167737286
TRACK A20110117587145 F 264060 801060 120 30 999 NONE NONE 380
	FP_ROUTE KC..KB737

TRACK_TIME 1167737286
TRACK A20110117587152 F 353400 973700 120 30 999 NONE NONE 240
	FP_ROUTE KC..KB737

TRACK_TIME 1167737286
TRACK A20110117587159 F 324600 1171960 120 30 999 NONE NONE 370
	FP_ROUTE KC..KB737

TRACK_TIME 1167737286
TRACK A20110117587161 F 332560 1115800 120 30 999 NONE NONE 390
	FP_ROUTE KC..KA321

TRACK_TIME 1167737286
TRACK A20110117587162 F 425860 875260 120 30 999 NONE NONE 370
	FP_ROUTE KC..KB752

TRACK_TIME 1167737286
TRACK A20110117587166 F 333760 843000 120 30 999 NONE NONE 390
	FP_ROUTE KC..KB737

TRACK_TIME 1167737286
TRACK A20110117587167 F 420000 875260 120 30 999 NONE NONE 300
	FP_ROUTE KC..KMD82

TRACK_TIME 1167737286
TRACK A20110117587168 F 385860 772560 120 30 999 NONE NONE 330
	FP_ROUTE KC..KB737

TRACK_TIME 1167737286
TRACK A20110117587170 F 404800 1120000 120 30 999 NONE NONE 280
	FP_ROUTE KC..KB737

TRACK_TIME 1167737286
TRACK A20110117587176 F 182560 660100 120 30 999 NONE NONE 350
	FP_ROUTE KC..KE170

TRACK_TIME 1167737286
TRACK A20110117587190 F 332560 1120160 120 30 999 NONE NONE 250
	FP_ROUTE KC..KE170

TRACK_TIME 1167737286
TRACK A20110117587197 F 355200 784800 120 30 999 NONE NONE 320
	FP_ROUTE KC..KB738

TRACK_TIME 1167737286
TRACK A20110117587211 F 414500 874200 120 30 999 NONE NONE 360
	FP_ROUTE KC..KB738

TRACK_TIME 1167737286
TRACK A20110117587212 F 260460 800760 120 30 999 NONE NONE 340
	FP_ROUTE KC..KB753

TRACK_TIME 1167737286
TRACK A20110117587213 F 402860 801600 120 30 999 NONE NONE 280
	FP_ROUTE KC..KB733

TRACK_TIME 1167737286
TRACK A20110117587217 F 350300 1063760 120 30 999 NONE NONE 320
	FP_ROUTE KT..KCRJ2

TRACK_TIME 1167737286
TRACK A20110117587220 F 421360 831960 120 30 999 NONE NONE 260
	FP_ROUTE KC..KB737

TRACK_TIME 1167737286
TRACK A20110117587237 F 392700 1194600 120 30 999 NONE NONE 220
	FP_ROUTE KC..KB737

TRACK_TIME 1167737286
TRACK A20110117587242 F 334060 1175200 120 30 999 NONE NONE 230
	FP_ROUTE KC..KB737

TRACK_TIME 1167737286
TRACK A20110117587246 F 421300 831960 120 30 999 NONE NONE 390
	FP_ROUTE KC..KE170

TRACK_TIME 1167737286
TRACK A20110117587255 F 335560 1182560 120 30 999 NONE NONE 350
	FP_ROUTE KC..KA320

TRACK_TIME 1167737286
TRACK A20110117587256 F 194600 1560160 120 30 999 NONE NONE 230
	FP_ROUTE KT..KE145

TRACK_TIME 1167737286
TRACK A20110117587261 F 385800 772560 120 30 999 NONE NONE 410
	FP_ROUTE KC..KB738

TRACK_TIME 1167737286
TRACK A20110117587263 F 415100 723900 120 30 999 NONE NONE 250
	FP_ROUTE KG..KLJ35

TRACK_TIME 1167737286
TRACK A20110117587264 F 350000 1063900 120 30 999 NONE NONE 240
	FP_ROUTE KC..KCRJ2

TRACK_TIME 1167737286
TRACK A20110117587279 F 394200 861800 120 30 999 NONE NONE 350
	FP_ROUTE KC..KCRJ2

TRACK_TIME 1167737286
TRACK A20110117587286 F 420100 723400 120 30 999 NONE NONE 370
	FP_ROUTE KC..KB735

TRACK_TIME 1167737286
TRACK A20110117587293 F 421960 705800 120 30 999 NONE NONE 390
	FP_ROUTE KC..KA320

TRACK_TIME 1167737286
TRACK A20110117587300 F 333760 842800 120 30 999 NONE NONE 290
	FP_ROUTE KT..KCRJ2

TRACK_TIME 1167737286
TRACK A20110117587302 F 350400 900000 120 30 999 NONE NONE 360
	FP_ROUTE KT..KCRJ2

TRACK_TIME 1167737286
TRACK A20110117587307 F 394960 1044060 120 30 999 NONE NONE 390
	FP_ROUTE KC..KB752

TRACK_TIME 1167737286
TRACK A20110117587308 F 280100 823160 120 30 999 NONE NONE 320
	FP_ROUTE KC..KA319

TRACK_TIME 1167737286
TRACK A20110117587309 F 343000 1195800 120 30 999 NONE NONE 340
	FP_ROUTE KC..KB738

TRACK_TIME 1167737286
TRACK A20110117587310 F 302860 814360 120 30 999 NONE NONE 220
	FP_ROUTE KC..KA319

TRACK_TIME 1167737286
TRACK A20110117587311 F 293760 951600 120 30 999 NONE NONE 340
	FP_ROUTE KC..KB734

TRACK_TIME 1167737286
TRACK A20110117587315 F 394960 1044200 120 30 999 NONE NONE 320
	FP_ROUTE KC..KB737

TRACK_TIME 1167737286
TRACK A20110117587323 F 332560 1115700 120 30 999 NONE NONE 340
	FP_ROUTE KC..KB737

TRACK_TIME 1167737286
TRACK A20110117587329 F 351360 805560 120 30 999 NONE NONE 240
	FP_ROUTE KC..KB732

TRACK_TIME 1167737286
TRACK A20110117587336 F 391900 944200 120 30 999 NONE NONE 340
	FP_ROUTE KC..KB734

TRACK_TIME 1167737286
TRACK A20110117587342 F 295800 951660 120 30 999 NONE NONE 350
	FP_ROUTE KC..KA319

TRACK_TIME 1167737286
TRACK A20110117587357 F 390760 1083160 120 30 999 NONE NONE 260
	FP_ROUTE KC..KA319

TRACK_TIME 1167737286
TRACK A20110117587362 F 282860 811660 120 30 999 NONE NONE 360
	FP_ROUTE KG..KC750

TRACK_TIME 1167737286
TRACK A20110117587363 F 394960 1043760 120 30 999 NONE NONE 340
	FP_ROUTE KG..KCRJ2

TRACK_TIME 1167737286
TRACK A20110117587364 F 211900 1575800 120 30 999 NONE NONE 340
	FP_ROUTE KG..KCRJ2

TRACK_TIME 1167737286
TRACK A20110117587366 F 473700 1173160 120 30 999 NONE NONE 360
	FP_ROUTE KG..KC750

TRACK_TIME 1167737286
TRACK A20110117587370 F 372860 771960 120 30 999 NONE NONE 370
	FP_ROUTE KC..KB753

TRACK_TIME 1167737286
TRACK A20110117587384 F 300400 974060 120 30 999 NONE NONE 220
	FP_ROUTE KT..KF2TH

TRACK_TIME 1167737286
TRACK A20110117587388 F 412700 902800 120 30 999 NONE NONE 370
	FP_ROUTE KC..KE170

TRACK_TIME 1167737286
TRACK A20110117587390 F 332560 1115700 120 30 999 NONE NONE 340
	FP_ROUTE KC..KA319

TRACK_TIME 1167737286
TRACK A20110117587392 F 403900 741000 120 30 999 NONE NONE 370
	FP_ROUTE KC..KB738

TRACK_TIME 1167737286
TRACK A20110117587395 F 371600 932260 120 30 999 NONE NONE 350
	FP_ROUTE KC..KB752

TRACK_TIME 1167737286
TRACK A20110117587397 F 394900 1043900 120 30 999 NONE NONE 360
	FP_ROUTE KT..KC750

TRACK_TIME 1167737286
TRACK A20110117587402 F 384900 770160 120 30 999 NONE NONE 270
	FP_ROUTE KC..KB712

TRACK_TIME 1167737286
TRACK A20110117587405 F 333760 843100 120 30 999 NONE NONE 280
	FP_ROUTE KC..KB737

TRACK_TIME 1167737286
TRACK A20110117587408 F 350160 770300 120 30 999 NONE NONE 231
	FP_ROUTE KC..KB712

TRACK_TIME 1167737286
TRACK A20110117587411 F 412560 814900 120 30 999 NONE NONE 260
	FP_ROUTE KC..KB712

TRACK_TIME 1167737286
TRACK A20110117587413 F 332260 814500 120 30 999 NONE NONE 200
	FP_ROUTE KC..KB737

TRACK_TIME 1167737286
TRACK A20110117587415 F 404500 735400 120 30 999 NONE NONE 270
	FP_ROUTE KC..KB737

TRACK_TIME 1167737286
TRACK A20110117587424 F 351200 805800 120 30 999 NONE NONE 330
	FP_ROUTE KC..KB737

TRACK_TIME 1167737286
TRACK A20110117587425 F 390760 763760 120 30 999 NONE NONE 320
	FP_ROUTE KC..KB752

TRACK_TIME 1167737286
TRACK A20110117587440 F 445200 931000 120 30 999 NONE NONE 360
	FP_ROUTE KC..KDH8A

TRACK_TIME 1167737286
TRACK A20110117587445 F 420100 875800 120 30 999 NONE NONE 370
	FP_ROUTE KC..KE170

TRACK_TIME 1167737286
TRACK A20110117587447 F 453460 1223460 120 30 999 NONE NONE 200
	FP_ROUTE KC..KA319

TRACK_TIME 1167737286
TRACK A20110117587448 F 433400 1161500 120 30 999 NONE NONE 210
	FP_ROUTE KC..KB734

TRACK_TIME 1167737286
TRACK A20110117587450 F 472100 1200760 120 30 999 NONE NONE 190
	FP_ROUTE KC..KCRJ2

TRACK_TIME 1167737286
TRACK A20110117587456 F 335500 1183400 120 30 999 NONE NONE 260
	FP_ROUTE KC..KE145

TRACK_TIME 1167737286
TRACK A20110117587462 F 371960 1215400 120 30 999 NONE NONE 320
	FP_ROUTE KC..KB753

TRACK_TIME 1167737286
TRACK A20110117587463 F 351360 805500 120 30 999 NONE NONE 300
	FP_ROUTE KT..KLJ45

TRACK_TIME 1167737286
TRACK A20110117587466 F 350100 895860 120 30 999 NONE NONE 240
	FP_ROUTE KT..KCRJ1

TRACK_TIME 1167737286
TRACK A20110117587468 F 341500 775560 120 30 999 NONE NONE 390
	FP_ROUTE KC..KB733

TRACK_TIME 1167737286
TRACK A20110117587469 F 424900 713300 120 30 999 NONE NONE 390
	FP_ROUTE KC..KB738

TRACK_TIME 1167737286
TRACK A20110117587481 F 422100 710100 120 30 999 NONE NONE 350
	FP_ROUTE KC..KB734

TRACK_TIME 1167737286
TRACK A20110117587494 F 420100 875700 120 30 999 NONE NONE 330
	FP_ROUTE KC..KB733

TRACK_TIME 1167737286
TRACK A20110117587496 F 300600 974000 120 30 999 NONE NONE 200
	FP_ROUTE KC..KA319

TRACK_TIME 1167737286
TRACK A20110117587498 F 332560 1115860 120 30 999 NONE NONE 340
	FP_ROUTE KC..KA320

TRACK_TIME 1167737286
TRACK A20110117587502 F 445400 931500 120 30 999 NONE NONE 340
	FP_ROUTE KC..KB738

TRACK_TIME 1167737286
TRACK A20110117587503 F 403700 734900 120 30 999 NONE NONE 370
	FP_ROUTE KC..KA320

TRACK_TIME 1167737286
TRACK A20110117587508 F 325500 970100 120 30 999 NONE NONE 340
	FP_ROUTE KC..KB733

TRACK_TIME 1167737286
TRACK A20110117587509 F 404660 1120000 120 30 999 NONE NONE 340
	FP_ROUTE KC..KB733

TRACK_TIME 1167737286
TRACK A20110117587513 F 391960 944300 120 30 999 NONE NONE 350
	FP_ROUTE KC..KB733

TRACK_TIME 1167737286
TRACK A20110117587520 F 421360 832200 120 30 999 NONE NONE 370
	FP_ROUTE KC..KB733

TRACK_TIME 1167737286
TRACK A20110117587522 F 394800 1043900 120 30 999 NONE NONE 330
	FP_ROUTE KC..KB733

TRACK_TIME 1167737286
TRACK A20110117587525 F 425860 875260 120 30 999 NONE NONE 260
	FP_ROUTE KC..KB737

TRACK_TIME 1167737286
TRACK A20110117587528 F 390600 844000 120 30 999 NONE NONE 230
	FP_ROUTE KC..KB733

TRACK_TIME 1167737286
TRACK A20110117587529 F 395200 751660 120 30 999 NONE NONE 330
	FP_ROUTE KC..KA319

TRACK_TIME 1167737286
TRACK A20110117587535 F 333900 842860 120 30 999 NONE NONE 330
	FP_ROUTE KC..KB738

TRACK_TIME 1167737286
TRACK A20110117587541 F 360460 1150760 120 30 999 NONE NONE 380
	FP_ROUTE KC..KB739

TRACK_TIME 1167737286
TRACK A20110117587542 F 332560 1115860 120 30 999 NONE NONE 290
	FP_ROUTE KC..KA320

TRACK_TIME 1167737286
TRACK A20110117587543 F 384960 770100 120 30 999 NONE NONE 210
	FP_ROUTE KC..KB737

TRACK_TIME 1167737286
TRACK A20110117587546 F 275700 823300 120 30 999 NONE NONE 370
	FP_ROUTE KC..KE145

TRACK_TIME 1167737286
TRACK A20110117587549 F 333760 842860 120 30 999 NONE NONE 240
	FP_ROUTE KC..KB712

TRACK_TIME 1167737286
TRACK A20110117587550 F 464500 1170700 120 30 999 NONE NONE 210
	FP_ROUTE KC..KE145

TRACK_TIME 1167737286
TRACK A20110117587551 F 260400 801060 120 30 999 NONE NONE 380
	FP_ROUTE KC..KE135

TRACK_TIME 1167737286
TRACK A20110117587553 F 420160 875200 120 30 999 NONE NONE 360
	FP_ROUTE KC..KA320

TRACK_TIME 1167737286
TRACK A20110117587557 F 350100 895860 120 30 999 NONE NONE 330
	FP_ROUTE KT..KCRJ2

TRACK_TIME 1167737286
TRACK A20110117587559 F 260460 801200 120 30 999 NONE NONE 300
	FP_ROUTE KC..KB739

TRACK_TIME 1167737286
TRACK A20110117587563 F 414800 874660 120 30 999 NONE NONE 340
	FP_ROUTE KT..KCRJ2

TRACK_TIME 1167737286
TRACK A20110117587577 F 644660 1475260 120 30 999 NONE NONE 340
	FP_ROUTE KG..KF2TH

TRACK_TIME 1167737286
TRACK A20110117587580 F 335800 1181600 120 30 999 NONE NONE 330
	FP_ROUTE KT..KCRJ1

TRACK_TIME 1167737286
TRACK A20110117587586 F 295860 951660 120 30 999 NONE NONE 360
	FP_ROUTE KC..KE170

TRACK_TIME 1167737286
TRACK A20110117587587 F 421800 764500 120 30 999 NONE NONE 350
	FP_ROUTE KC..KE170

TRACK_TIME 1167737286
TRACK A20110117587592 F 293100 982700 120 30 999 NONE NONE 390
	FP_ROUTE KC..KB738

TRACK_TIME 1167737286
TRACK A20110117587596 F 390700 763600 120 30 999 NONE NONE 320
	FP_ROUTE KC..KE145

TRACK_TIME 1167737286
TRACK A20110117587601 F 404000 741060 120 30 999 NONE NONE 190
	FP_ROUTE KC..KE145

TRACK_TIME 1167737286
TRACK A20110117587605 F 403700 734600 120 30 999 NONE NONE 210
	FP_ROUTE KC..KB752

TRACK_TIME 1167737286
TRACK A20110117587606 F 420100 875800 120 30 999 NONE NONE 310
	FP_ROUTE KC..KE170

TRACK_TIME 1167737286
TRACK A20110117587609 F 333900 842700 120 30 999 NONE NONE 320
	FP_ROUTE KC..KE145

TRACK_TIME 1167737286
TRACK A20110117587610 F 333760 842860 120 30 999 NONE NONE 350
	FP_ROUTE KC..KMD82

TRACK_TIME 1167737286
TRACK A20110117587612 F 333900 842860 120 30 999 NONE NONE 240
	FP_ROUTE KC..KE170

TRACK_TIME 1167737286
TRACK A20110117587613 F 293100 982700 120 30 999 NONE NONE 410
	FP_ROUTE KG..KFA50

TRACK_TIME 1167737286
TRACK A20110117587631 F 380900 842860 120 30 999 NONE NONE 320
	FP_ROUTE KC..KB733

TRACK_TIME 1167737286
TRACK A20110117587633 F 445200 931200 120 30 999 NONE NONE 350
	FP_ROUTE KC..KB733

TRACK_TIME 1167737286
TRACK A20110117587644 F 332560 1115800 120 30 999 NONE NONE 310
	FP_ROUTE KG..KC550

TRACK_TIME 1167737286
TRACK A20110117587645 F 385860 772800 120 30 999 NONE NONE 350
	FP_ROUTE KG..KC550

TRACK_TIME 1167737286
TRACK A20110117587651 F 445400 931500 120 30 999 NONE NONE 280
	FP_ROUTE KC..KB735

TRACK_TIME 1167737286
TRACK A20110117587652 F 293600 951900 120 30 999 NONE NONE 290
	FP_ROUTE KC..KMD83

TRACK_TIME 1167737286
TRACK A20110117587667 F 335560 1182500 120 30 999 NONE NONE 399
	FP_ROUTE KC..KE190

TRACK_TIME 1167737286
TRACK A20110117587671 F 295800 973760 120 30 999 NONE NONE 200
	FP_ROUTE KC..KE190

TRACK_TIME 1167737286
TRACK A20110117587672 F 361000 863900 120 30 999 NONE NONE 390
	FP_ROUTE KC..KA332

TRACK_TIME 1167737286
TRACK A20110117587674 F 395200 751660 120 30 999 NONE NONE 370
	FP_ROUTE KC..KA320

TRACK_TIME 1167737286
TRACK A20110117587676 F 422400 710000 120 30 999 NONE NONE 230
	FP_ROUTE KC..KA320

TRACK_TIME 1167737286
TRACK A20110117587679 F 333760 842800 120 30 999 NONE NONE 380
	FP_ROUTE KC..KA319

TRACK_TIME 1167737286
TRACK A20110117587687 F 373600 1221960 120 30 999 NONE NONE 370
	FP_ROUTE KC..KA320

TRACK_TIME 1167737286
TRACK A20110117587688 F 420000 875700 120 30 999 NONE NONE 350
	FP_ROUTE KT..KCRJ2

TRACK_TIME 1167737286
TRACK A20110117587707 F 333760 842860 120 30 999 NONE NONE 320
	FP_ROUTE KC..KMD83

TRACK_TIME 1167737286
TRACK A20110117587708 F 333900 842700 120 30 999 NONE NONE 340
	FP_ROUTE KC..KMD83

TRACK_TIME 1167737286
TRACK A20110117587710 F 412560 814960 120 30 999 NONE NONE 300
	FP_ROUTE KG..KFA20

TRACK_TIME 1167737286
TRACK A20110117587715 F 333900 842860 120 30 999 NONE NONE 360
	FP_ROUTE KT..KCRJ2

TRACK_TIME 1167737286
TRACK A20110117587719 F 385400 772800 120 30 999 NONE NONE 350
	FP_ROUTE KG..KJS32

TRACK_TIME 1167737286
TRACK A20110117587722 F 425500 784500 120 30 999 NONE NONE 220
	FP_ROUTE KC..KE145

TRACK_TIME 1167737286
TRACK A20110117587728 F 394660 1044000 120 30 999 NONE NONE 220
	FP_ROUTE KC..KB752

TRACK_TIME 1167737286
TRACK A20110117587750 F 320900 1105860 120 30 999 NONE NONE 290
	FP_ROUTE KC..KSF34

TRACK_TIME 1167737286
TRACK A20110117587762 F 332560 1115860 120 30 999 NONE NONE 360
	FP_ROUTE KC..KCRJ2

TRACK_TIME 1167737286
TRACK A20110117587765 F 403900 741060 120 30 999 NONE NONE 350
	FP_ROUTE KC..KB737

TRACK_TIME 1167737286
TRACK A20110117587766 F 262860 812500 120 30 999 NONE NONE 400
	FP_ROUTE KC..KA321

TRACK_TIME 1167737286
TRACK A20110117587774 F 421960 705800 120 30 999 NONE NONE 370
	FP_ROUTE KC..KA320

TRACK_TIME 1167737286
TRACK A20110117587775 F 315260 1062100 120 30 999 NONE NONE 350
	FP_ROUTE KC..KB752

TRACK_TIME 1167737286
TRACK A20110117587776 F 293400 952200 120 30 999 NONE NONE 380
	FP_ROUTE KT..KCRJ2

TRACK_TIME 1167737286
TRACK A20110117587785 F 374060 1221200 120 30 999 NONE NONE 380
	FP_ROUTE KC..KB738

TRACK_TIME 1167737286
TRACK A20110117587795 F 304200 881500 120 30 999 NONE NONE 280
	FP_ROUTE KC..KCRJ2

TRACK_TIME 1167737286
TRACK A20110117587797 F 341060 1181500 120 30 999 NONE NONE 330
	FP_ROUTE KC..KB712

TRACK_TIME 1167737286
TRACK A20110117587799 F 371960 1215400 120 30 999 NONE NONE 380
	FP_ROUTE KC..KB737

TRACK_TIME 1167737286
TRACK A20110117587800 F 453460 1223460 120 30 999 NONE NONE 400
	FP_ROUTE KC..KB738

TRACK_TIME 1167737286
TRACK A20110117587801 F 341200 1181360 120 30 999 NONE NONE 330
	FP_ROUTE KC..KMD83

TRACK_TIME 1167737286
TRACK A20110117587803 F 333760 843000 120 30 999 NONE NONE 240
	FP_ROUTE KC..KE120

TRACK_TIME 1167737286
TRACK A20110117587805 F 341200 1182260 120 30 999 NONE NONE 340
	FP_ROUTE KC..KB763

TRACK_TIME 1167737286
TRACK A20110117587819 F 414800 874660 120 30 999 NONE NONE 370
	FP_ROUTE KC..KB738

TRACK_TIME 1167737286
TRACK A20110117587820 F 324960 965100 120 30 999 NONE NONE 300
	FP_ROUTE KT..KE145

TRACK_TIME 1167737286
TRACK A20110117587821 F 301000 974000 120 30 999 NONE NONE 220
	FP_ROUTE KT..KCRJ2

TRACK_TIME 1167737286
TRACK A20110117587824 F 303460 910460 120 30 999 NONE NONE 360
	FP_ROUTE KG..KF2TH

TRACK_TIME 1167737286
TRACK A20110117587828 F 335560 1182700 120 30 999 NONE NONE 380
	FP_ROUTE KC..KB734

TRACK_TIME 1167737286
TRACK A20110117587829 F 404000 1135800 120 30 999 NONE NONE 340
	FP_ROUTE KG..KCL60

TRACK_TIME 1167737286
TRACK A20110117587845 F 335560 1183160 120 30 999 NONE NONE 370
	FP_ROUTE KC..KA319

TRACK_TIME 1167737286
TRACK A20110117587855 F 701200 1482260 120 30 999 NONE NONE 380
	FP_ROUTE KG..KC560

TRACK_TIME 1167737286
TRACK A20110117587874 F 421300 831960 120 30 999 NONE NONE 330
	FP_ROUTE KG..KC560

TRACK_TIME 1167737286
TRACK A20110117587880 F 425500 712500 120 30 999 NONE NONE 290
	FP_ROUTE KC..KB738

TRACK_TIME 1167737286
TRACK A20110117587881 F 395500 1044200 120 30 999 NONE NONE 250
	FP_ROUTE KC..KE145

TRACK_TIME 1167737286
TRACK A20110117587890 F 421300 890400 120 30 999 NONE NONE 340
	FP_ROUTE KC..KCRJ2

TRACK_TIME 1167737286
TRACK A20110117587892 F 263760 813700 120 30 999 NONE NONE 360
	FP_ROUTE KG..KBE20

TRACK_TIME 1167737286
TRACK A20110117587897 F 421960 705700 120 30 999 NONE NONE 390
	FP_ROUTE KC..KB735

TRACK_TIME 1167737286
TRACK A20110117587901 F 332560 1115700 120 30 999 NONE NONE 270
	FP_ROUTE KC..KCRJ2

TRACK_TIME 1167737286
TRACK A20110117587904 F 395260 751300 120 30 999 NONE NONE 290
	FP_ROUTE KC..KCRJ2

TRACK_TIME 1167737286
TRACK A20110117587905 F 605260 1484300 120 30 999 NONE NONE 400
	FP_ROUTE KG..KF2TH

TRACK_TIME 1167737286
TRACK A20110117587913 F 335560 1182560 120 30 999 NONE NONE 380
	FP_ROUTE KC..KE170

TRACK_TIME 1167737286
TRACK A20110117587918 F 333760 842860 120 30 999 NONE NONE 370
	FP_ROUTE KC..KE145

TRACK_TIME 1167737286
TRACK A20110117587936 F 355400 1151960 120 30 999 NONE NONE 250
	FP_ROUTE KC..KB734

TRACK_TIME 1167737286
TRACK A20110117587938 F 340760 1182800 120 30 999 NONE NONE 220
	FP_ROUTE KC..KCRJ2

TRACK_TIME 1167737286
TRACK A20110117587950 F 182560 660160 120 30 999 NONE NONE 350
	FP_ROUTE KC..KB753

TRACK_TIME 1167737286
TRACK A20110117587951 F 394900 1044000 120 30 999 NONE NONE 250
	FP_ROUTE KT..KC560

TRACK_TIME 1167737286
TRACK A20110117587953 F 404800 1120000 120 30 999 NONE NONE 330
	FP_ROUTE KC..KB737

TRACK_TIME 1167737286
TRACK A20110117587954 F 345860 895800 120 30 999 NONE NONE 220
	FP_ROUTE KC..KB739

TRACK_TIME 1167737286
TRACK A20110117587955 F 320760 811360 120 30 999 NONE NONE 300
	FP_ROUTE KT..KCRJ9

TRACK_TIME 1167737286
TRACK A20110117587965 F 425500 784500 120 30 999 NONE NONE 350
	FP_ROUTE KC..KA319

TRACK_TIME 1167737286
TRACK A20110117587967 F 325560 970160 120 30 999 NONE NONE 360
	FP_ROUTE KT..KCRJ2

TRACK_TIME 1167737286
TRACK A20110117587969 F 260400 801060 120 30 999 NONE NONE 360
	FP_ROUTE KC..KLJ35

TRACK_TIME 1167737286
TRACK A20110117587970 F 404500 1115800 120 30 999 NONE NONE 330
	FP_ROUTE KC..KE170

TRACK_TIME 1167737286
TRACK A20110117587971 F 640160 1483700 120 30 999 NONE NONE 200
	FP_ROUTE KC..KB737

TRACK_TIME 1167737286
TRACK A20110117587972 F 341200 1182500 120 30 999 NONE NONE 320
	FP_ROUTE KC..KMD82

TRACK_TIME 1167737286
TRACK A20110117587976 F 404600 735100 120 30 999 NONE NONE 210
	FP_ROUTE KC..KE135

TRACK_TIME 1167737286
TRACK A20110117587980 F 403700 734660 120 30 999 NONE NONE 350
	FP_ROUTE KG..KCRJ2

TRACK_TIME 1167737286
TRACK A20110117587988 F 254800 801500 120 30 999 NONE NONE 380
	FP_ROUTE KC..KB737

TRACK_TIME 1167737286
TRACK A20110117587990 F 403600 734800 120 30 999 NONE NONE 350
	FP_ROUTE KC..KB737

TRACK_TIME 1167737286
TRACK A20110117587995 F 333900 842700 120 30 999 NONE NONE 320
	FP_ROUTE KC..KB737

TRACK_TIME 1167737286
TRACK A20110117587996 F 332560 1115700 120 30 999 NONE NONE 340
	FP_ROUTE KC..KB737

TRACK_TIME 1167737286
TRACK A20110117587997 F 392800 743900 120 30 999 NONE NONE 270
	FP_ROUTE KC..KB737

TRACK_TIME 1167737286
TRACK A20110117588009 F 333760 842800 120 30 999 NONE NONE 340
	FP_ROUTE KC..KE135

TRACK_TIME 1167737286
TRACK A20110117588022 F 472800 1221900 120 30 999 NONE NONE 220
	FP_ROUTE KC..KB738

TRACK_TIME 1167737286
TRACK A20110117588026 F 333900 785500 120 30 999 NONE NONE 250
	FP_ROUTE KC..KA320

TRACK_TIME 1167737286
TRACK A20110117588030 F 333700 843000 120 30 999 NONE NONE 280
	FP_ROUTE KT..KE135

TRACK_TIME 1167737286
TRACK A20110117588031 F 324600 1171800 120 30 999 NONE NONE 380
	FP_ROUTE KG..KC560

TRACK_TIME 1167737286
TRACK A20110117588033 F 363600 1215260 120 30 999 NONE NONE 220
	FP_ROUTE KG..KBE20

TRACK_TIME 1167737286
TRACK A20110117588034 F 445400 931360 120 30 999 NONE NONE 250
	FP_ROUTE KT..KCRJ9

TRACK_TIME 1167737286
TRACK A20110117588041 F 360460 1150900 120 30 999 NONE NONE 380
	FP_ROUTE KC..KE145

TRACK_TIME 1167737286
TRACK A20110117588050 F 445200 931060 120 30 999 NONE NONE 350
	FP_ROUTE KT..KCRJ9

TRACK_TIME 1167737286
TRACK A20110117588071 F 410300 734200 120 30 999 NONE NONE 370
	FP_ROUTE KC..KB733

TRACK_TIME 1167737286
TRACK A20110117588075 F 325200 1170160 120 30 999 NONE NONE 360
	FP_ROUTE KC..KB733

TRACK_TIME 1167737286
TRACK A20110117588076 F 302860 910300 120 30 999 NONE NONE 230
	FP_ROUTE KC..KB733

TRACK_TIME 1167737286
TRACK A20110117588081 F 333760 842800 120 30 999 NONE NONE 270
	FP_ROUTE KC..KB733

TRACK_TIME 1167737286
TRACK A20110117588087 F 300000 951660 120 30 999 NONE NONE 380
	FP_ROUTE KC..KB733

TRACK_TIME 1167737286
TRACK A20110117588091 F 421360 832200 120 30 999 NONE NONE 370
	FP_ROUTE KC..KB763

TRACK_TIME 1167737286
TRACK A20110117588092 F 421360 832200 120 30 999 NONE NONE 370
	FP_ROUTE KC..KMD82

TRACK_TIME 1167737286
TRACK A20110117588093 F 445200 931060 120 30 999 NONE NONE 350
	FP_ROUTE KG..KC750

TRACK_TIME 1167737286
TRACK A20110117588098 F 322560 900700 120 30 999 NONE NONE 290
	FP_ROUTE KC..KB737

TRACK_TIME 1167737286
TRACK A20110117588099 F 325200 970300 120 30 999 NONE NONE 300
	FP_ROUTE KT..KLJ45

TRACK_TIME 1167737286
TRACK A20110117588101 F 391360 1084200 120 30 999 NONE NONE 360
	FP_ROUTE KC..KCRJ2

TRACK_TIME 1167737286
TRACK A20110117588104 F 334000 1175200 120 30 999 NONE NONE 319
	FP_ROUTE KC..KB763

TRACK_TIME 1167737286
TRACK A20110117588122 F 295860 951800 120 30 999 NONE NONE 330
	FP_ROUTE KC..KB712

TRACK_TIME 1167737286
TRACK A20110117588130 F 403700 734660 120 30 999 NONE NONE 370
	FP_ROUTE KC..KB744

TRACK_TIME 1167737286
TRACK A20110117588137 F 391060 764300 120 30 999 NONE NONE 250
	FP_ROUTE KC..KB737

TRACK_TIME 1167737286
TRACK A20110117588143 F 295860 901500 120 30 999 NONE NONE 360
	FP_ROUTE KC..KB737

TRACK_TIME 1167737286
TRACK A20110117588144 F 415500 881800 120 30 999 NONE NONE 220
	FP_ROUTE KC..KB737

TRACK_TIME 1167737286
TRACK A20110117588145 F 332560 1115860 120 30 999 NONE NONE 380
	FP_ROUTE KC..KB737

TRACK_TIME 1167737286
TRACK A20110117588153 F 373600 1221960 120 30 999 NONE NONE 360
	FP_ROUTE KC..KB712

TRACK_TIME 1167737286
TRACK A20110117588154 F 403700 734600 120 30 999 NONE NONE 370
	FP_ROUTE KC..KB712

TRACK_TIME 1167737286
TRACK A20110117588155 F 384500 901960 120 30 999 NONE NONE 390
	FP_ROUTE KT..KCRJ2

TRACK_TIME 1167737286
TRACK A20110117588160 F 414900 874660 120 30 999 NONE NONE 270
	FP_ROUTE KC..KE145

TRACK_TIME 1167737286
TRACK A20110117588162 F 403000 801900 120 30 999 NONE NONE 310
	FP_ROUTE KG..KC550

TRACK_TIME 1167737286
TRACK A20110117588163 F 300600 974360 120 30 999 NONE NONE 380
	FP_ROUTE KG..KC550

TRACK_TIME 1167737286
TRACK A20110117588164 F 404600 1115800 120 30 999 NONE NONE 340
	FP_ROUTE KG..KC550

TRACK_TIME 1167737286
TRACK A20110117588171 F 351060 805700 120 30 999 NONE NONE 360
	FP_ROUTE KC..KB739

TRACK_TIME 1167737286
TRACK A20110117588173 F 384960 770160 120 30 999 NONE NONE 220
	FP_ROUTE KC..KMD82

TRACK_TIME 1167737286
TRACK A20110117588179 F 331660 894800 120 30 999 NONE NONE 330
	FP_ROUTE KC..KB737

TRACK_TIME 1167737286
TRACK A20110117588187 F 412260 815400 120 30 999 NONE NONE 320
	FP_ROUTE KC..KE145

TRACK_TIME 1167737286
TRACK A20110117588191 F 294000 951800 120 30 999 NONE NONE 370
	FP_ROUTE KT..KC750

TRACK_TIME 1167737286
TRACK A20110117588199 F 412700 814660 120 30 999 NONE NONE 390
	FP_ROUTE KT..KC750

TRACK_TIME 1167737286
TRACK A20110117588203 F 350400 773160 120 30 999 NONE NONE 190
	FP_ROUTE KT..KCRJ2

TRACK_TIME 1167737286
TRACK A20110117588207 F 333760 843100 120 30 999 NONE NONE 370
	FP_ROUTE KC..KB712

TRACK_TIME 1167737286
TRACK A20110117588209 F 302200 891000 120 30 999 NONE NONE 340
	FP_ROUTE KC..KA321

TRACK_TIME 1167737286
TRACK A20110117588212 F 350100 895860 120 30 999 NONE NONE 250
	FP_ROUTE KC..KB737

TRACK_TIME 1167737286
TRACK A20110117588213 F 295860 951500 120 30 999 NONE NONE 200
	FP_ROUTE KC..KA321

TRACK_TIME 1167737286
TRACK A20110117588214 F 351360 805700 120 30 999 NONE NONE 250
	FP_ROUTE KC..KA320

TRACK_TIME 1167737286
TRACK A20110117588226 F 391060 764360 120 30 999 NONE NONE 410
	FP_ROUTE KC..KB733

TRACK_TIME 1167737286
TRACK A20110117588227 F 421360 832200 120 30 999 NONE NONE 290
	FP_ROUTE KC..KB737

TRACK_TIME 1167737286
TRACK A20110117588237 F 334000 1014960 120 30 999 NONE NONE 340
	FP_ROUTE KC..KB752

TRACK_TIME 1167737286
TRACK A20110117588249 F 315100 1062100 120 30 999 NONE NONE 360
	FP_ROUTE KC..KB734

TRACK_TIME 1167737286
TRACK A20110117588250 F 332560 1120400 120 30 999 NONE NONE 340
	FP_ROUTE KC..KB738

TRACK_TIME 1167737286
TRACK A20110117588264 F 325100 965200 120 30 999 NONE NONE 340
	FP_ROUTE KC..KMD83

TRACK_TIME 1167737286
TRACK A20110117588265 F 315560 1021200 120 30 999 NONE NONE 360
	FP_ROUTE KC..KCRJ2

TRACK_TIME 1167737286
TRACK A20110117588267 F 414060 712400 120 30 999 NONE NONE 310
	FP_ROUTE KC..KCRJ9

TRACK_TIME 1167737286
TRACK A20110117588268 F 360400 1150460 120 30 999 NONE NONE 360
	FP_ROUTE KT..KE120

TRACK_TIME 1167737286
TRACK A20110117588281 F 433760 702200 120 30 999 NONE NONE 290
	FP_ROUTE KC..KB733

TRACK_TIME 1167737286
TRACK A20110117588287 F 402400 870000 120 30 999 NONE NONE 210
	FP_ROUTE KC..KB733

TRACK_TIME 1167737286
TRACK A20110117588290 F 333760 785400 120 30 999 NONE NONE 360
	FP_ROUTE KC..KE190

TRACK_TIME 1167737286
TRACK A20110117588297 F 325500 970300 120 30 999 NONE NONE 260
	FP_ROUTE KT..KCRJ2

TRACK_TIME 1167737286
TRACK A20110117588304 F 422100 705800 120 30 999 NONE NONE 370
	FP_ROUTE KT..KCRJ2

TRACK_TIME 1167737286
TRACK A20110117588309 F 332560 1115800 120 30 999 NONE NONE 360
	FP_ROUTE KC..KE170

TRACK_TIME 1167737286
TRACK A20110117588312 F 325500 970160 120 30 999 NONE NONE 370
	FP_ROUTE KC..KB737

TRACK_TIME 1167737286
TRACK A20110117588314 F 300000 901800 120 30 999 NONE NONE 320
	FP_ROUTE KC..KB733

TRACK_TIME 1167737286
TRACK A20110117588318 F 421300 831960 120 30 999 NONE NONE 340
	FP_ROUTE KC..KCRJ2

TRACK_TIME 1167737286
TRACK A20110117588319 F 325500 970300 120 30 999 NONE NONE 390
	FP_ROUTE KC..KE190

TRACK_TIME 1167737286
TRACK A20110117588320 F 300000 951800 120 30 999 NONE NONE 340
	FP_ROUTE KC..KA320

TRACK_TIME 1167737286
TRACK A20110117588325 F 293160 982800 120 30 999 NONE NONE 390
	FP_ROUTE KC..KB733

TRACK_TIME 1167737286
TRACK A20110117588327 F 404600 734960 120 30 999 NONE NONE 390
	FP_ROUTE KC..KB733

TRACK_TIME 1167737286
TRACK A20110117588329 F 361660 941800 120 30 999 NONE NONE 290
	FP_ROUTE KC..KB752

TRACK_TIME 1167737286
TRACK A20110117588332 F 321900 863000 120 30 999 NONE NONE 350
	FP_ROUTE KC..KB734

TRACK_TIME 1167737286
TRACK A20110117588334 F 420000 875560 120 30 999 NONE NONE 320
	FP_ROUTE KC..KE170

TRACK_TIME 1167737286
TRACK A20110117588339 F 325400 970100 120 30 999 NONE NONE 340
	FP_ROUTE KC..KE170

TRACK_TIME 1167737286
TRACK A20110117588347 F 390400 844500 120 30 999 NONE NONE 320
	FP_ROUTE KC..KB744

TRACK_TIME 1167737286
TRACK A20110117588361 F 420100 875800 120 30 999 NONE NONE 350
	FP_ROUTE KC..KA320

TRACK_TIME 1167737286
TRACK A20110117588362 F 273900 802260 120 30 999 NONE NONE 400
	FP_ROUTE KC..KA320

TRACK_TIME 1167737286
TRACK A20110117588367 F 420100 875700 120 30 999 NONE NONE 330
	FP_ROUTE KC..KB733

TRACK_TIME 1167737286
TRACK A20110117588380 F 293160 982800 120 30 999 NONE NONE 300
	FP_ROUTE KC..KE170

TRACK_TIME 1167737286
TRACK A20110117588384 F 335560 1182260 120 30 999 NONE NONE 360
	FP_ROUTE KT..KCRJ2

TRACK_TIME 1167737286
TRACK A20110117588388 F 333900 842800 120 30 999 NONE NONE 360
	FP_ROUTE KC..KB733

TRACK_TIME 1167737286
TRACK A20110117588391 F 360460 1151600 120 30 999 NONE NONE 320
	FP_ROUTE KC..KB733

TRACK_TIME 1167737286
TRACK A20110117588392 F 411500 955100 120 30 999 NONE NONE 390
	FP_ROUTE KG..KF900

TRACK_TIME 1167737286
TRACK A20110117588394 F 325560 970300 120 30 999 NONE NONE 340
	FP_ROUTE KT..KCRJ2

TRACK_TIME 1167737286
TRACK A20110117588402 F 324360 1171200 120 30 999 NONE NONE 360
	FP_ROUTE KC..KMD83

TRACK_TIME 1167737286
TRACK A20110117588407 F 325500 970460 120 30 999 NONE NONE 370
	FP_ROUTE KC..KB763

TRACK_TIME 1167737286
TRACK A20110117588409 F 373600 1221960 120 30 999 NONE NONE 360
	FP_ROUTE KC..KB737

TRACK_TIME 1167737286
TRACK A20110117588410 F 384960 770160 120 30 999 NONE NONE 190
	FP_ROUTE KC..KE135

TRACK_TIME 1167737286
TRACK A20110117588411 F 414060 712800 120 30 999 NONE NONE 390
	FP_ROUTE KC..KB737

TRACK_TIME 1167737286
TRACK A20110117588413 F 360460 1150760 120 30 999 NONE NONE 350
	FP_ROUTE KC..KB737

TRACK_TIME 1167737286
TRACK A20110117588415 F 453400 1223160 120 30 999 NONE NONE 360
	FP_ROUTE KC..KA320

TRACK_TIME 1167737286
TRACK A20110117588417 F 484660 951000 120 30 999 NONE NONE 200
	FP_ROUTE KC..KMD83

TRACK_TIME 1167737286
TRACK A20110117588419 F 360460 1151000 120 30 999 NONE NONE 240
	FP_ROUTE KT..KCRJ2

TRACK_TIME 1167737286
TRACK A20110117588420 F 373600 1221960 120 30 999 NONE NONE 250
	FP_ROUTE KC..KB733

TRACK_TIME 1167737286
TRACK A20110117588426 F 403600 734300 120 30 999 NONE NONE 370
	FP_ROUTE KC..KE145

TRACK_TIME 1167737286
TRACK A20110117588439 F 384360 902100 120 30 999 NONE NONE 270
	FP_ROUTE KC..KB738

TRACK_TIME 1167737286
TRACK A20110117588447 F 400000 825500 120 30 999 NONE NONE 240
	FP_ROUTE KC..KE135

TRACK_TIME 1167737286
TRACK A20110117588454 F 404960 740460 120 30 999 NONE NONE 330
	FP_ROUTE KC..KB752

TRACK_TIME 1167737286
TRACK A20110117588455 F 404600 735100 120 30 999 NONE NONE 290
	FP_ROUTE KC..KE145

TRACK_TIME 1167737286
TRACK A20110117588456 F 403700 734660 120 30 999 NONE NONE 210
	FP_ROUTE KG..KF2TH

TRACK_TIME 1167737286
TRACK A20110117588462 F 405260 812700 120 30 999 NONE NONE 280
	FP_ROUTE KC..KB737

TRACK_TIME 1167737286
TRACK A20110117588466 F 384800 770160 120 30 999 NONE NONE 320
	FP_ROUTE KC..KB737

TRACK_TIME 1167737286
TRACK A20110117588470 F 333760 843000 120 30 999 NONE NONE 360
	FP_ROUTE KC..KB737

TRACK_TIME 1167737286
TRACK A20110117588473 F 384900 770160 120 30 999 NONE NONE 210
	FP_ROUTE KC..KB737

TRACK_TIME 1167737286
TRACK A20110117588474 F 333760 842800 120 30 999 NONE NONE 350
	FP_ROUTE KC..KB738

TRACK_TIME 1167737286
TRACK A20110117588475 F 325500 970300 120 30 999 NONE NONE 360
	FP_ROUTE KC..KMD82

TRACK_TIME 1167737286
TRACK A20110117588479 F 453460 1223400 120 30 999 NONE NONE 360
	FP_ROUTE KC..KB737

TRACK_TIME 1167737286
TRACK A20110117588487 F 260460 801200 120 30 999 NONE NONE 350
	FP_ROUTE KC..KB733

TRACK_TIME 1167737286
TRACK A20110117588497 F 605500 1485700 120 30 999 NONE NONE 320
	FP_ROUTE KC..KB772

TRACK_TIME 1167737286
TRACK A20110117588506 F 425860 875260 120 30 999 NONE NONE 220
	FP_ROUTE KC..KCRJ2

TRACK_TIME 1167737286
TRACK A20110117588509 F 325500 970300 120 30 999 NONE NONE 360
	FP_ROUTE KT..KE135

TRACK_TIME 1167737286
TRACK A20110117588511 F 295860 951900 120 30 999 NONE NONE 360
	FP_ROUTE KC..KA320

TRACK_TIME 1167737286
TRACK A20110117588512 F 351960 941960 120 30 999 NONE NONE 320
	FP_ROUTE KC..KE190

TRACK_TIME 1167737286
TRACK A20110117588514 F 420000 875700 120 30 999 NONE NONE 330
	FP_ROUTE KC..KB738

TRACK_TIME 1167737286
TRACK A20110117588519 F 360460 1150900 120 30 999 NONE NONE 290
	FP_ROUTE KC..KB737

TRACK_TIME 1167737286
TRACK A20110117588521 F 420000 875700 120 30 999 NONE NONE 380
	FP_ROUTE KC..KB737

TRACK_TIME 1167737286
TRACK A20110117588531 F 325260 970300 120 30 999 NONE NONE 330
	FP_ROUTE KC..KB737

TRACK_TIME 1167737286
TRACK A20110117588534 F 415800 875800 120 30 999 NONE NONE 380
	FP_ROUTE KC..KB737

TRACK_TIME 1167737286
TRACK A20110117588545 F 404000 741060 120 30 999 NONE NONE 390
	FP_ROUTE KC..KE190

TRACK_TIME 1167737286
TRACK A20110117588570 F 360460 1151000 120 30 999 NONE NONE 380
	FP_ROUTE KC..KB737

TRACK_TIME 1167737286
TRACK A20110117588595 F 350000 895800 120 30 999 NONE NONE 360
	FP_ROUTE KC..KB737

TRACK_TIME 1167737286
TRACK A20110117588600 F 320760 811960 120 30 999 NONE NONE 340
	FP_ROUTE KC..KMD83

TRACK_TIME 1167737286
TRACK A20110117588602 F 404000 741060 120 30 999 NONE NONE 370
	FP_ROUTE KC..KB737

TRACK_TIME 1167737286
TRACK A20110117588606 F 403760 734600 120 30 999 NONE NONE 370
	FP_ROUTE KC..KB737

TRACK_TIME 1167737286
TRACK A20110117588617 F 394900 1044000 120 30 999 NONE NONE 360
	FP_ROUTE KC..KB737

TRACK_TIME 1167737286
TRACK A20110117588618 F 422200 710000 120 30 999 NONE NONE 230
	FP_ROUTE KT..KCRJ2

TRACK_TIME 1167737286
TRACK A20110117588628 F 352100 973000 120 30 999 NONE NONE 350
	FP_ROUTE KT..KCRJ2

TRACK_TIME 1167737286
TRACK A20110117588636 F 404800 1120000 120 30 999 NONE NONE 310
	FP_ROUTE KC..KB737

TRACK_TIME 1167737286
TRACK A20110117588641 F 293760 951600 120 30 999 NONE NONE 350
	FP_ROUTE KC..KB737

TRACK_TIME 1167737286
TRACK A20110117588647 F 360460 1150900 120 30 999 NONE NONE 330
	FP_ROUTE KC..KB737

TRACK_TIME 1167737286
TRACK A20110117588648 F 414800 874660 120 30 999 NONE NONE 390
	FP_ROUTE KC..KB737

TRACK_TIME 1167737286
TRACK A20110117588658 F 473760 1173100 120 30 999 NONE NONE 290
	FP_ROUTE KT..KCRJ9

TRACK_TIME 1167737286
TRACK A20110117588665 F 420000 875700 120 30 999 NONE NONE 320
	FP_ROUTE KC..KCRJ2

TRACK_TIME 1167737286
TRACK A20110117588667 F 390460 843900 120 30 999 NONE NONE 300
	FP_ROUTE KC..KE170

TRACK_TIME 1167737286
TRACK A20110117588670 F 333600 1162560 120 30 999 NONE NONE 320
	FP_ROUTE KC..KE170

TRACK_TIME 1167737286
TRACK A20110117588683 F 414200 712700 120 30 999 NONE NONE 270
	FP_ROUTE KT..KCRJ2

TRACK_TIME 1167737286
TRACK A20110117588684 F 260400 801200 120 30 999 NONE NONE 390
	FP_ROUTE KC..KE135

TRACK_TIME 1167737286
TRACK A20110117588685 F 335560 1182200 120 30 999 NONE NONE 360
	FP_ROUTE KC..KB752

TRACK_TIME 1167737286
TRACK A20110117588688 F 404500 1120000 120 30 999 NONE NONE 340
	FP_ROUTE KC..KE120

TRACK_TIME 1167737286
TRACK A20110117588689 F 335700 1181660 120 30 999 NONE NONE 380
	FP_ROUTE KT..KCRJ2

TRACK_TIME 1167737286
TRACK A20110117588690 F 333900 843000 120 30 999 NONE NONE 300
	FP_ROUTE KC..KE170

TRACK_TIME 1167737286
TRACK A20110117588691 F 384500 901900 120 30 999 NONE NONE 350
	FP_ROUTE KC..KE170

TRACK_TIME 1167737286
TRACK A20110117588695 F 395100 1044060 120 30 999 NONE NONE 350
	FP_ROUTE KC..KA320

TRACK_TIME 1167737286
TRACK A20110117588701 F 385800 772560 120 30 999 NONE NONE 260
	FP_ROUTE KC..KB735

TRACK_TIME 1167737286
TRACK A20110117588702 F 404000 741060 120 30 999 NONE NONE 350
	FP_ROUTE KC..KA321

TRACK_TIME 1167737286
TRACK A20110117588706 F 395200 751660 120 30 999 NONE NONE 360
	FP_ROUTE KT..KCRJ9

TRACK_TIME 1167737286
TRACK A20110117588707 F 254660 802100 120 30 999 NONE NONE 280
	FP_ROUTE KT..KCRJ2

TRACK_TIME 1167737286
TRACK A20110117588716 F 400000 825560 120 30 999 NONE NONE 280
	FP_ROUTE KG..KF900

TRACK_TIME 1167737286
TRACK A20110117588718 F 384800 770160 120 30 999 NONE NONE 390
	FP_ROUTE KC..KMD82

TRACK_TIME 1167737286
TRACK A20110117588720 F 421360 832200 120 30 999 NONE NONE 350
	FP_ROUTE KG..KLJ45

TRACK_TIME 1167737286
TRACK A20110117588724 F 300100 901500 120 30 999 NONE NONE 360
	FP_ROUTE KT..KE145

TRACK_TIME 1167737286
TRACK A20110117588727 F 341360 775860 120 30 999 NONE NONE 210
	FP_ROUTE KT..KE145

TRACK_TIME 1167737286
TRACK A20110117588728 F 420100 875560 120 30 999 NONE NONE 310
	FP_ROUTE KC..KA319

TRACK_TIME 1167737286
TRACK A20110117588729 F 333700 842800 120 30 999 NONE NONE 330
	FP_ROUTE KC..KA319

TRACK_TIME 1167737286
TRACK A20110117588733 F 282400 811900 120 30 999 NONE NONE 220
	FP_ROUTE KC..KA320

TRACK_TIME 1167737286
TRACK A20110117588742 F 384900 770160 120 30 999 NONE NONE 310
	FP_ROUTE KC..KB738

TRACK_TIME 1167737286
TRACK A20110117588744 F 333900 842700 120 30 999 NONE NONE 340
	FP_ROUTE KC..KB733

TRACK_TIME 1167737286
TRACK A20110117588745 F 323900 970460 120 30 999 NONE NONE 350
	FP_ROUTE KC..KB733

TRACK_TIME 1167737286
TRACK A20110117588746 F 300900 973900 120 30 999 NONE NONE 200
	FP_ROUTE KC..KB733

TRACK_TIME 1167737286
TRACK A20110117588757 F 430700 773760 120 30 999 NONE NONE 180
	FP_ROUTE KC..KE190

TRACK_TIME 1167737286
TRACK A20110117588779 F 333900 842700 120 30 999 NONE NONE 330
	FP_ROUTE KG..KLJ45

TRACK_TIME 1167737286
TRACK A20110117588780 F 373100 771800 120 30 999 NONE NONE 240
	FP_ROUTE KC..KB738

TRACK_TIME 1167737286
TRACK A20110117588783 F 365100 761500 120 30 999 NONE NONE 250
	FP_ROUTE KC..KB733

TRACK_TIME 1167737286
TRACK A20110117588784 F 404800 1120000 120 30 999 NONE NONE 320
	FP_ROUTE KC..KB733

TRACK_TIME 1167737286
TRACK A20110117588785 F 421300 831960 120 30 999 NONE NONE 300
	FP_ROUTE KC..KB752

TRACK_TIME 1167737286
TRACK A20110117588795 F 333900 842860 120 30 999 NONE NONE 260
	FP_ROUTE KC..KB744

TRACK_TIME 1167737286
TRACK A20110117588797 F 333760 842800 120 30 999 NONE NONE 370
	FP_ROUTE KG..KLJ35

TRACK_TIME 1167737286
TRACK A20110117588801 F 372100 1215400 120 30 999 NONE NONE 360
	FP_ROUTE KG..KLJ35

TRACK_TIME 1167737286
TRACK A20110117588802 F 425700 1063760 120 30 999 NONE NONE 260
	FP_ROUTE KG..KLJ35

TRACK_TIME 1167737286
TRACK A20110117588811 F 333900 842700 120 30 999 NONE NONE 180
	FP_ROUTE KC..KCRJ2

TRACK_TIME 1167737286
TRACK A20110117588813 F 404500 734900 120 30 999 NONE NONE 210
	FP_ROUTE KC..KMD82

TRACK_TIME 1167737286
TRACK A20110117588814 F 384960 770160 120 30 999 NONE NONE 220
	FP_ROUTE KC..KB752

TRACK_TIME 1167737286
TRACK A20110117588835 F 280100 823160 120 30 999 NONE NONE 200
	FP_ROUTE KC..KE145

TRACK_TIME 1167737286
TRACK A20110117588851 F 403600 734660 120 30 999 NONE NONE 210
	FP_ROUTE KT..KE145

TRACK_TIME 1167737286
TRACK A20110117588857 F 440000 912100 120 30 999 NONE NONE 220
	FP_ROUTE KG..KFA50

TRACK_TIME 1167737286
TRACK A20110117588871 F 350100 895800 120 30 999 NONE NONE 380
	FP_ROUTE KC..KB737

TRACK_TIME 1167737286
TRACK A20110117588872 F 421960 705800 120 30 999 NONE NONE 390
	FP_ROUTE KC..KA319

TRACK_TIME 1167737286
TRACK A20110117588877 F 421300 831960 120 30 999 NONE NONE 260
	FP_ROUTE KC..KB737

TRACK_TIME 1167737286
TRACK A20110117588878 F 425860 875260 120 30 999 NONE NONE 300
	FP_ROUTE KC..KE145

TRACK_TIME 1167737286
TRACK A20110117588882 F 404500 734960 120 30 999 NONE NONE 210
	FP_ROUTE KC..KA320

TRACK_TIME 1167737286
TRACK A20110117588893 F 322200 900600 120 30 999 NONE NONE 210
	FP_ROUTE KC..KMD83

TRACK_TIME 1167737286
TRACK A20110117588894 F 211660 1575700 120 30 999 NONE NONE 260
	FP_ROUTE KC..KA319

TRACK_TIME 1167737286
TRACK A20110117588896 F 390900 763900 120 30 999 NONE NONE 280
	FP_ROUTE KC..KB737

TRACK_TIME 1167737286
TRACK A20110117588897 F 302100 974060 120 30 999 NONE NONE 380
	FP_ROUTE KC..KB737

TRACK_TIME 1167737286
TRACK A20110117588898 F 392560 744060 120 30 999 NONE NONE 370
	FP_ROUTE KC..KCRJ2

TRACK_TIME 1167737286
TRACK A20110117588899 F 332560 1120160 120 30 999 NONE NONE 240
	FP_ROUTE KT..KCRJ2

TRACK_TIME 1167737286
TRACK A20110117588909 F 403700 734600 120 30 999 NONE NONE 350
	FP_ROUTE KC..KB738

TRACK_TIME 1167737286
TRACK A20110117588913 F 260300 800700 120 30 999 NONE NONE 320
	FP_ROUTE KC..KCRJ2

TRACK_TIME 1167737286
TRACK A20110117588925 F 445400 931500 120 30 999 NONE NONE 320
	FP_ROUTE KG..KLJ35

TRACK_TIME 1167737286
TRACK A20110117588926 F 405260 964600 120 30 999 NONE NONE 260
	FP_ROUTE KC..KA320

TRACK_TIME 1167737286
TRACK A20110117588928 F 295800 951600 120 30 999 NONE NONE 350
	FP_ROUTE KT..KC750

TRACK_TIME 1167737286
TRACK A20110117588929 F 355100 784900 120 30 999 NONE NONE 280
	FP_ROUTE KC..KMD82

TRACK_TIME 1167737286
TRACK A20110117588931 F 325500 970160 120 30 999 NONE NONE 330
	FP_ROUTE KC..KA321

TRACK_TIME 1167737286
TRACK A20110117588932 F 301200 974000 120 30 999 NONE NONE 200
	FP_ROUTE KT..KF2TH

TRACK_TIME 1167737286
TRACK A20110117588937 F 421360 831960 120 30 999 NONE NONE 350
	FP_ROUTE KC..KA321

TRACK_TIME 1167737286
TRACK A20110117588952 F 404500 734960 120 30 999 NONE NONE 390
	FP_ROUTE KC..KA319

TRACK_TIME 1167737286
TRACK A20110117588955 F 333760 842800 120 30 999 NONE NONE 190
	FP_ROUTE KC..KE135

TRACK_TIME 1167737286
TRACK A20110117588956 F 211600 1575560 120 30 999 NONE NONE 220
	FP_ROUTE KC..KE170

TRACK_TIME 1167737286
TRACK A20110117588967 F 254800 801800 120 30 999 NONE NONE 320
	FP_ROUTE KC..KB737

TRACK_TIME 1167737286
TRACK A20110117588972 F 404800 1120000 120 30 999 NONE NONE 340
	FP_ROUTE KC..KB733

TRACK_TIME 1167737286
TRACK A20110117588978 F 420000 875260 120 30 999 NONE NONE 340
	FP_ROUTE KC..KA319

TRACK_TIME 1167737286
TRACK A20110117588983 F 351200 805800 120 30 999 NONE NONE 190
	FP_ROUTE KC..KB737

TRACK_TIME 1167737286
TRACK A20110117588984 F 333760 842860 120 30 999 NONE NONE 350
	FP_ROUTE KC..KB735

TRACK_TIME 1167737286
TRACK A20110117588988 F 395200 751360 120 30 999 NONE NONE 300
	FP_ROUTE KC..KA319

TRACK_TIME 1167737286
TRACK A20110117588995 F 324960 800000 120 30 999 NONE NONE 200
	FP_ROUTE KC..KA320

TRACK_TIME 1167737286
TRACK A20110117588997 F 410300 734200 120 30 999 NONE NONE 410
	FP_ROUTE KC..KB772

TRACK_TIME 1167737286
TRACK A20110117589004 F 335560 1182560 120 30 999 NONE NONE 360
	FP_ROUTE KC..KB752

TRACK_TIME 1167737286
TRACK A20110117589005 F 332560 1115560 120 30 999 NONE NONE 270
	FP_ROUTE KC..KA320

TRACK_TIME 1167737286
TRACK A20110117589012 F 413300 934000 120 30 999 NONE NONE 370
	FP_ROUTE KC..KE135

TRACK_TIME 1167737286
TRACK A20110117589016 F 403760 734360 120 30 999 NONE NONE 390
	FP_ROUTE KC..KCRJ2

TRACK_TIME 1167737286
TRACK A20110117589020 F 403600 734660 120 30 999 NONE NONE 370
	FP_ROUTE KC..KE135

TRACK_TIME 1167737286
TRACK A20110117589030 F 410100 851500 120 30 999 NONE NONE 190
	FP_ROUTE KT..KCRJ1

TRACK_TIME 1167737286
TRACK A20110117589032 F 384960 1214000 120 30 999 NONE NONE 400
	FP_ROUTE KC..KB737

TRACK_TIME 1167737286
TRACK A20110117589034 F 373600 1221960 120 30 999 NONE NONE 370
	FP_ROUTE KC..KB763

TRACK_TIME 1167737286
TRACK A20110117589035 F 362860 1154800 120 30 999 NONE NONE 230
	FP_ROUTE KC..KB737

TRACK_TIME 1167737286
TRACK A20110117589040 F 403700 734800 120 30 999 NONE NONE 360
	FP_ROUTE KC..KB737

TRACK_TIME 1167737286
TRACK A20110117589041 F 421300 831960 120 30 999 NONE NONE 300
	FP_ROUTE KC..KB737

TRACK_TIME 1167737286
TRACK A20110117589043 F 351360 805700 120 30 999 NONE NONE 350
	FP_ROUTE KC..KB737

TRACK_TIME 1167737286
TRACK A20110117589050 F 351200 805800 120 30 999 NONE NONE 350
	FP_ROUTE KC..KB737

TRACK_TIME 1167737286
TRACK A20110117589051 F 414800 874600 120 30 999 NONE NONE 380
	FP_ROUTE KC..KB752

TRACK_TIME 1167737286
TRACK A20110117589052 F 395400 893760 120 30 999 NONE NONE 320
	FP_ROUTE KT..KCRJ9

TRACK_TIME 1167737286
TRACK A20110117589056 F 390400 843900 120 30 999 NONE NONE 220
	FP_ROUTE KC..KB733

TRACK_TIME 1167737286
TRACK A20110117589064 F 352400 1190000 120 30 999 NONE NONE 300
	FP_ROUTE KC..KA320

TRACK_TIME 1167737286
TRACK A20110117589068 F 402860 801200 120 30 999 NONE NONE 220
	FP_ROUTE KC..KB737

TRACK_TIME 1167737286
TRACK A20110117589076 F 420100 875560 120 30 999 NONE NONE 380
	FP_ROUTE KC..KA319

TRACK_TIME 1167737286
TRACK A20110117589079 F 300000 951800 120 30 999 NONE NONE 360
	FP_ROUTE KC..KB733

TRACK_TIME 1167737286
TRACK A20110117589084 F 415860 875200 120 30 999 NONE NONE 360
	FP_ROUTE KC..KMD83

TRACK_TIME 1167737286
TRACK A20110117589091 F 403000 801660 120 30 999 NONE NONE 390
	FP_ROUTE KC..KB738

TRACK_TIME 1167737286
TRACK A20110117589093 F 395200 751660 120 30 999 NONE NONE 390
	FP_ROUTE KC..KE170

TRACK_TIME 1167737286
TRACK A20110117589098 F 395400 750460 120 30 999 NONE NONE 230
	FP_ROUTE KC..KA319

TRACK_TIME 1167737286
TRACK A20110117589101 F 351360 805700 120 30 999 NONE NONE 290
	FP_ROUTE KC..KA320

TRACK_TIME 1167737286
TRACK A20110117589102 F 422560 705800 120 30 999 NONE NONE 230
	FP_ROUTE KC..KB752

TRACK_TIME 1167737286
TRACK A20110117589105 F 404800 1120000 120 30 999 NONE NONE 380
	FP_ROUTE KC..KA320

TRACK_TIME 1167737286
TRACK A20110117589106 F 422100 710100 120 30 999 NONE NONE 350
	FP_ROUTE KC..KA319

TRACK_TIME 1167737286
TRACK A20110117589108 F 384660 902200 120 30 999 NONE NONE 380
	FP_ROUTE KC..KE145

TRACK_TIME 1167737286
TRACK A20110117589109 F 335560 1183300 120 30 999 NONE NONE 380
	FP_ROUTE KC..KDH8D

TRACK_TIME 1167737286
TRACK A20110117589113 F 384900 770160 120 30 999 NONE NONE 270
	FP_ROUTE KC..KDH8D

TRACK_TIME 1167737286
TRACK A20110117589117 F 431800 891960 120 30 999 NONE NONE 330
	FP_ROUTE KC..KB737

TRACK_TIME 1167737286
TRACK A20110117589118 F 361200 1151200 120 30 999 NONE NONE 280
	FP_ROUTE KC..KB752

TRACK_TIME 1167737286
TRACK A20110117589119 F 404500 735400 120 30 999 NONE NONE 210
	FP_ROUTE KC..KB752

TRACK_TIME 1167737286
TRACK A20110117589123 F 413460 934200 120 30 999 NONE NONE 340
	FP_ROUTE KC..KF2TH

TRACK_TIME 1167737286
TRACK A20110117589125 F 412500 815100 120 30 999 NONE NONE 220
	FP_ROUTE KC..KF2TH

TRACK_TIME 1167737286
TRACK A20110117589135 F 384800 770160 120 30 999 NONE NONE 310
	FP_ROUTE KC..KA321

TRACK_TIME 1167737286
TRACK A20110117589137 F 420100 875200 120 30 999 NONE NONE 380
	FP_ROUTE KT..KCRJ2

TRACK_TIME 1167737286
TRACK A20110117589142 F 254800 801960 120 30 999 NONE NONE 360
	FP_ROUTE KC..KE170

TRACK_TIME 1167737286
TRACK A20110117589145 F 351500 805400 120 30 999 NONE NONE 320
	FP_ROUTE KT..KCRJ2

TRACK_TIME 1167737286
TRACK A20110117589148 F 391200 773460 120 30 999 NONE NONE 200
	FP_ROUTE KC..KE170

TRACK_TIME 1167737286
TRACK A20110117589149 F 420000 875700 120 30 999 NONE NONE 370
	FP_ROUTE KC..KB752

TRACK_TIME 1167737286
TRACK A20110117589153 F 333900 842800 120 30 999 NONE NONE 400
	FP_ROUTE KT..KCRJ2

TRACK_TIME 1167737286
TRACK A20110117589158 F 425800 875400 120 30 999 NONE NONE 340
	FP_ROUTE KT..KCRJ9

TRACK_TIME 1167737286
TRACK A20110117589166 F 373460 1221600 120 30 999 NONE NONE 370
	FP_ROUTE KC..KSW4

TRACK_TIME 1167737286
TRACK A20110117589167 F 254800 801900 120 30 999 NONE NONE 370
	FP_ROUTE KC..KSW4

TRACK_TIME 1167737286
TRACK A20110117589168 F 384500 902200 120 30 999 NONE NONE 330
	FP_ROUTE KC..KE145

TRACK_TIME 1167737286
TRACK A20110117589169 F 325200 965200 120 30 999 NONE NONE 380
	FP_ROUTE KC..KA319

TRACK_TIME 1167737286
TRACK A20110117589171 F 351360 805560 120 30 999 NONE NONE 220
	FP_ROUTE KC..KB752

TRACK_TIME 1167737286
TRACK A20110117589178 F 360700 1150900 120 30 999 NONE NONE 330
	FP_ROUTE KC..KB733

TRACK_TIME 1167737286
TRACK A20110117589186 F 302860 863300 120 30 999 NONE NONE 370
	FP_ROUTE KG..KLJ45

TRACK_TIME 1167737286
TRACK A20110117589189 F 404500 735400 120 30 999 NONE NONE 370
	FP_ROUTE KC..KCRJ2

TRACK_TIME 1167737286
TRACK A20110117589191 F 384800 770160 120 30 999 NONE NONE 290
	FP_ROUTE KC..KB738

TRACK_TIME 1167737286
TRACK A20110117589198 F 404360 735100 120 30 999 NONE NONE 290
	FP_ROUTE KC..KB737

TRACK_TIME 1167737286
TRACK A20110117589200 F 453400 1223400 120 30 999 NONE NONE 400
	FP_ROUTE KC..KDH8A

TRACK_TIME 1167737286
TRACK A20110117589214 F 321960 934500 120 30 999 NONE NONE 210
	FP_ROUTE KC..KB752

TRACK_TIME 1167737286
TRACK A20110117589217 F 385860 772560 120 30 999 NONE NONE 310
	FP_ROUTE KC..KMD82

TRACK_TIME 1167737286
TRACK A20110117589220 F 335700 1182500 120 30 999 NONE NONE 319
	FP_ROUTE KC..KB737

TRACK_TIME 1167737286
TRACK A20110117589223 F 341200 1182500 120 30 999 NONE NONE 380
	FP_ROUTE KG..KC560

TRACK_TIME 1167737286
TRACK A20110117589238 F 373600 1221960 120 30 999 NONE NONE 340
	FP_ROUTE KC..KA319

TRACK_TIME 1167737286
TRACK A20110117589239 F 420000 875260 120 30 999 NONE NONE 340
	FP_ROUTE KC..KE135

TRACK_TIME 1167737286
TRACK A20110117589244 F 403600 734660 120 30 999 NONE NONE 250
	FP_ROUTE KC..KB733

TRACK_TIME 1167737286
TRACK A20110117589249 F 333900 842700 120 30 999 NONE NONE 220
	FP_ROUTE KC..KB733

TRACK_TIME 1167737286
TRACK A20110117589251 F 390900 763900 120 30 999 NONE NONE 300
	FP_ROUTE KT..KDH8D

TRACK_TIME 1167737286
TRACK A20110117589256 F 324360 1171200 120 30 999 NONE NONE 380
	FP_ROUTE KC..KB738

TRACK_TIME 1167737286
TRACK A20110117589257 F 324600 1171960 120 30 999 NONE NONE 370
	FP_ROUTE KC..KB733

TRACK_TIME 1167737286
TRACK A20110117589259 F 420100 875560 120 30 999 NONE NONE 380
	FP_ROUTE KC..KB733

TRACK_TIME 1167737286
TRACK A20110117589276 F 404300 741000 120 30 999 NONE NONE 320
	FP_ROUTE KC..KMD82

TRACK_TIME 1167737286
TRACK A20110117589277 F 355100 784960 120 30 999 NONE NONE 260
	FP_ROUTE KC..KB772

TRACK_TIME 1167737286
TRACK A20110117589279 F 390000 772800 120 30 999 NONE NONE 270
	FP_ROUTE KC..KE170

TRACK_TIME 1167737286
TRACK A20110117589307 F 343600 864800 120 30 999 NONE NONE 320
	FP_ROUTE KC..KMD83

TRACK_TIME 1167737286
TRACK A20110117589312 F 425800 875400 120 30 999 NONE NONE 330
	FP_ROUTE KC..KE120

TRACK_TIME 1167737286
TRACK A20110117589313 F 395400 750760 120 30 999 NONE NONE 330
	FP_ROUTE KC..KA320

TRACK_TIME 1167737286
TRACK A20110117589319 F 335500 1183300 120 30 999 NONE NONE 390
	FP_ROUTE KC..KB752

TRACK_TIME 1167737286
TRACK A20110117589327 F 332560 1120300 120 30 999 NONE NONE 340
	FP_ROUTE KT..KCRJ2

TRACK_TIME 1167737286
TRACK A20110117589328 F 333900 1175100 120 30 999 NONE NONE 390
	FP_ROUTE KC..KB737

TRACK_TIME 1167737286
TRACK A20110117589330 F 403900 741060 120 30 999 NONE NONE 390
	FP_ROUTE KC..KB738

TRACK_TIME 1167737286
TRACK A20110117589349 F 421960 710100 120 30 999 NONE NONE 330
	FP_ROUTE KC..KB737

TRACK_TIME 1167737286
TRACK A20110117589354 F 420160 802200 120 30 999 NONE NONE 250
	FP_ROUTE KG..KLJ35

TRACK_TIME 1167737286
TRACK A20110117589364 F 390700 844000 120 30 999 NONE NONE 360
	FP_ROUTE KG..KLJ35

TRACK_TIME 1167737286
TRACK A20110117589369 F 333760 843000 120 30 999 NONE NONE 200
	FP_ROUTE KC..KE145

TRACK_TIME 1167737286
TRACK A20110117589370 F 333700 842860 120 30 999 NONE NONE 370
	FP_ROUTE KC..KMD83

TRACK_TIME 1167737286
TRACK A20110117589377 F 333760 842860 120 30 999 NONE NONE 350
	FP_ROUTE KG..KC560

TRACK_TIME 1167737286
TRACK A20110117589384 F 361960 941960 120 30 999 NONE NONE 360
	FP_ROUTE KC..KB737

TRACK_TIME 1167737286
TRACK A20110117589403 F 360460 1151000 120 30 999 NONE NONE 330
	FP_ROUTE KC..KB737

TRACK_TIME 1167737286
TRACK A20110117589404 F 374060 1221000 120 30 999 NONE NONE 380
	FP_ROUTE KC..KA321

TRACK_TIME 1167737286
TRACK A20110117589405 F 395200 751660 120 30 999 NONE NONE 370
	FP_ROUTE KC..KA320

TRACK_TIME 1167737286
TRACK A20110117589406 F 414660 874500 120 30 999 NONE NONE 320
	FP_ROUTE KC..KA320

TRACK_TIME 1167737286
TRACK A20110117589407 F 385860 772560 120 30 999 NONE NONE 350
	FP_ROUTE KC..KB737

TRACK_TIME 1167737286
TRACK A20110117589414 F 284660 811600 120 30 999 NONE NONE 320
	FP_ROUTE KC..KB733

TRACK_TIME 1167737286
TRACK A20110117589416 F 390000 772800 120 30 999 NONE NONE 250
	FP_ROUTE KC..KB733

TRACK_TIME 1167737286
TRACK A20110117589427 F 403600 734800 120 30 999 NONE NONE 210
	FP_ROUTE KC..KB738

TRACK_TIME 1167737286
TRACK A20110117589433 F 411800 955400 120 30 999 NONE NONE 340
	FP_ROUTE KC..KE190

TRACK_TIME 1167737286
TRACK A20110117589437 F 333900 842800 120 30 999 NONE NONE 370
	FP_ROUTE KC..KA320

TRACK_TIME 1167737286
TRACK A20110117589443 F 333900 842700 120 30 999 NONE NONE 340
	FP_ROUTE KC..KE190

TRACK_TIME 1167737286
TRACK A20110117589444 F 421960 1224900 120 30 999 NONE NONE 229
	FP_ROUTE KT..KCRJ9

TRACK_TIME 1167737286
TRACK A20110117589453 F 400460 1025700 120 30 999 NONE NONE 280
	FP_ROUTE KG..KF2TH

TRACK_TIME 1167737286
TRACK A20110117589456 F 411300 954600 120 30 999 NONE NONE 320
	FP_ROUTE KC..KB737

TRACK_TIME 1167737286
TRACK A20110117589463 F 300000 952200 120 30 999 NONE NONE 290
	FP_ROUTE KC..KB737

TRACK_TIME 1167737286
TRACK A20110117589467 F 403600 734800 120 30 999 NONE NONE 350
	FP_ROUTE KC..KB737

TRACK_TIME 1167737286
TRACK A20110117589468 F 390460 844000 120 30 999 NONE NONE 250
	FP_ROUTE KC..KB737

TRACK_TIME 1167737286
TRACK A20110117589471 F 461900 1190160 120 30 999 NONE NONE 340
	FP_ROUTE KC..KB737

TRACK_TIME 1167737286
TRACK A20110117589472 F 254900 801960 120 30 999 NONE NONE 390
	FP_ROUTE KC..KB763

TRACK_TIME 1167737286
TRACK A20110117589473 F 334800 1180760 120 30 999 NONE NONE 310
	FP_ROUTE KC..KE145

TRACK_TIME 1167737286
TRACK A20110117589477 F 380400 873000 120 30 999 NONE NONE 270
	FP_ROUTE KC..KB738

TRACK_TIME 1167737286
TRACK A20110117589492 F 333900 842860 120 30 999 NONE NONE 390
	FP_ROUTE KC..KA319

TRACK_TIME 1167737286
TRACK A20110117589499 F 445400 931360 120 30 999 NONE NONE 300
	FP_ROUTE KC..KB737

TRACK_TIME 1167737286
TRACK A20110117589510 F 444360 853160 120 30 999 NONE NONE 280
	FP_ROUTE KG..KF2TH

TRACK_TIME 1167737286
TRACK A20110117589520 F 402860 801200 120 30 999 NONE NONE 200
	FP_ROUTE KG..KF2TH

TRACK_TIME 1167737286
TRACK A20110117589521 F 395260 751300 120 30 999 NONE NONE 280
	FP_ROUTE KC..KA319

TRACK_TIME 1167737286
TRACK A20110117589530 F 395260 751300 120 30 999 NONE NONE 390
	FP_ROUTE KC..KMD82

TRACK_TIME 1167737286
TRACK A20110117589532 F 324600 1171960 120 30 999 NONE NONE 360
	FP_ROUTE KC..KE135

TRACK_TIME 1167737286
TRACK A20110117589535 F 293760 951800 120 30 999 NONE NONE 340
	FP_ROUTE KG..KC550

TRACK_TIME 1167737286
TRACK A20110117589540 F 414900 874800 120 30 999 NONE NONE 350
	FP_ROUTE KC..KB738

TRACK_TIME 1167737286
TRACK A20110117589545 F 394800 861200 120 30 999 NONE NONE 210
	FP_ROUTE KC..KCRJ2

TRACK_TIME 1167737286
TRACK A20110117589554 F 295800 951660 120 30 999 NONE NONE 360
	FP_ROUTE KC..KB738

TRACK_TIME 1167737286
TRACK A20110117589570 F 472800 1221900 120 30 999 NONE NONE 350
	FP_ROUTE KC..KB738

TRACK_TIME 1167737286
TRACK A20110117589571 F 350000 1063900 120 30 999 NONE NONE 330
	FP_ROUTE KC..KA320

TRACK_TIME 1167737286
TRACK A20110117589577 F 463460 1003700 120 30 999 NONE NONE 300
	FP_ROUTE KC..KA321

TRACK_TIME 1167737286
TRACK A20110117589584 F 333900 842700 120 30 999 NONE NONE 350
	FP_ROUTE KC..KA319

TRACK_TIME 1167737286
TRACK A20110117589593 F 403900 741200 120 30 999 NONE NONE 370
	FP_ROUTE KC..KMD83

TRACK_TIME 1167737286
TRACK A20110117589596 F 355100 784900 120 30 999 NONE NONE 260
	FP_ROUTE KC..KA321

TRACK_TIME 1167737286
TRACK A20110117589602 F 294060 821300 120 30 999 NONE NONE 300
	FP_ROUTE KC..KB733

TRACK_TIME 1167737286
TRACK A20110117589605 F 394200 861300 120 30 999 NONE NONE 380
	FP_ROUTE KC..KA320

TRACK_TIME 1167737286
TRACK A20110117589608 F 260460 800700 120 30 999 NONE NONE 360
	FP_ROUTE KC..KE145

TRACK_TIME 1167737286
TRACK A20110117589609 F 425800 875400 120 30 999 NONE NONE 380
	FP_ROUTE KT..KCRJ2

TRACK_TIME 1167737286
TRACK A20110117589614 F 395500 1044200 120 30 999 NONE NONE 330
	FP_ROUTE KC..KMD82

TRACK_TIME 1167737286
TRACK A20110117589615 F 413400 934060 120 30 999 NONE NONE 370
	FP_ROUTE KC..KA321

TRACK_TIME 1167737286
TRACK A20110117589616 F 335560 1182200 120 30 999 NONE NONE 360
	FP_ROUTE KC..KA320

TRACK_TIME 1167737286
TRACK A20110117589617 F 325500 970100 120 30 999 NONE NONE 320
	FP_ROUTE KC..KA319

TRACK_TIME 1167737286
TRACK A20110117589620 F 392800 1194600 120 30 999 NONE NONE 400
	FP_ROUTE KG..KLJ45

TRACK_TIME 1167737286
TRACK A20110117589621 F 385860 772560 120 30 999 NONE NONE 310
	FP_ROUTE KG..KLJ45

TRACK_TIME 1167737286
TRACK A20110117589624 F 360460 1150900 120 30 999 NONE NONE 330
	FP_ROUTE KG..KBE20

TRACK_TIME 1167737286
TRACK A20110117589625 F 344960 820460 120 30 999 NONE NONE 260
	FP_ROUTE KC..KA320

TRACK_TIME 1167737286
TRACK A20110117589626 F 394900 1043900 120 30 999 NONE NONE 360
	FP_ROUTE KT..KCRJ2

TRACK_TIME 1167737286
TRACK A20110117589630 F 372800 771660 120 30 999 NONE NONE 220
	FP_ROUTE KT..KCRJ2

TRACK_TIME 1167737286
TRACK A20110117589656 F 404600 734960 120 30 999 NONE NONE 370
	FP_ROUTE KC..KA321

TRACK_TIME 1167737286
TRACK A20110117589667 F 472800 1221900 120 30 999 NONE NONE 360
	FP_ROUTE KT..KCRJ2

TRACK_TIME 1167737286
TRACK A20110117589671 F 360400 1150700 120 30 999 NONE NONE 310
	FP_ROUTE KT..KCRJ9

TRACK_TIME 1167737286
TRACK A20110117589672 F 391900 944200 120 30 999 NONE NONE 250
	FP_ROUTE KC..KA320

TRACK_TIME 1167737286
TRACK A20110117589673 F 333760 842860 120 30 999 NONE NONE 350
	FP_ROUTE KG..KFA10

TRACK_TIME 1167737286
TRACK A20110117589674 F 445200 931060 120 30 999 NONE NONE 330
	FP_ROUTE KC..KB737

TRACK_TIME 1167737286
TRACK A20110117589677 F 351200 805800 120 30 999 NONE NONE 310
	FP_ROUTE KG..KCL60

TRACK_TIME 1167737286
TRACK A20110117589678 F 300000 951660 120 30 999 NONE NONE 330
	FP_ROUTE KT..KCRJ2

TRACK_TIME 1167737286
TRACK A20110117589680 F 405260 964600 120 30 999 NONE NONE 270
	FP_ROUTE KC..KMU2

TRACK_TIME 1167737286
TRACK A20110117589698 F 371360 931960 120 30 999 NONE NONE 240
	FP_ROUTE KT..KC560

TRACK_TIME 1167737286
TRACK A20110117589706 F 403600 734660 120 30 999 NONE NONE 350
	FP_ROUTE KC..KB737

TRACK_TIME 1167737286
TRACK A20110117589715 F 421960 705800 120 30 999 NONE NONE 350
	FP_ROUTE KC..KB737

TRACK_TIME 1167737286
TRACK A20110117589733 F 400000 825100 120 30 999 NONE NONE 230
	FP_ROUTE KT..KE145

TRACK_TIME 1167737286
TRACK A20110117589735 F 403700 734600 120 30 999 NONE NONE 370
	FP_ROUTE KC..KA318

TRACK_TIME 1167737286
TRACK A20110117589736 F 472700 1221900 120 30 999 NONE NONE 370
	FP_ROUTE KT..KCRJ9

TRACK_TIME 1167737286
TRACK A20110117589737 F 282200 811900 120 30 999 NONE NONE 330
	FP_ROUTE KC..KA320

TRACK_TIME 1167737286
TRACK A20110117589738 F 415800 875800 120 30 999 NONE NONE 350
	FP_ROUTE KC..KB734

TRACK_TIME 1167737286
TRACK A20110117589739 F 404000 741060 120 30 999 NONE NONE 330
	FP_ROUTE KC..KB734

TRACK_TIME 1167737286
TRACK A20110117589740 F 325400 970100 120 30 999 NONE NONE 400
	FP_ROUTE KC..KB753

TRACK_TIME 1167737286
TRACK A20110117589745 F 421960 710100 120 30 999 NONE NONE 350
	FP_ROUTE KC..KB737

TRACK_TIME 1167737286
TRACK A20110117589748 F 412560 814900 120 30 999 NONE NONE 300
	FP_ROUTE KT..KE145

TRACK_TIME 1167737286
TRACK A20110117589765 F 361900 941960 120 30 999 NONE NONE 340
	FP_ROUTE KC..KB752

TRACK_TIME 1167737286
TRACK A20110117589767 F 431360 1140460 120 30 999 NONE NONE 219
	FP_ROUTE KC..KA319

TRACK_TIME 1167737286
TRACK A20110117589770 F 422100 705860 120 30 999 NONE NONE 370
	FP_ROUTE KC..KMD82

TRACK_TIME 1167737286
TRACK A20110117589771 F 425560 1123400 120 30 999 NONE NONE 220
	FP_ROUTE KC..KB734

TRACK_TIME 1167737286
TRACK A20110117589774 F 604800 1482560 120 30 999 NONE NONE 380
	FP_ROUTE KC..KA321

TRACK_TIME 1167737286
TRACK A20110117589781 F 404000 741060 120 30 999 NONE NONE 350
	FP_ROUTE KC..KE145

TRACK_TIME 1167737286
TRACK A20110117589783 F 333900 842860 120 30 999 NONE NONE 330
	FP_ROUTE KT..KCRJ2

TRACK_TIME 1167737286
TRACK A20110117589789 F 333900 842800 120 30 999 NONE NONE 330
	FP_ROUTE KT..KCRJ2

TRACK_TIME 1167737286
TRACK A20110117589797 F 282860 811660 120 30 999 NONE NONE 330
	FP_ROUTE KC..KA319

TRACK_TIME 1167737286
TRACK A20110117589804 F 372860 771800 120 30 999 NONE NONE 390
	FP_ROUTE KC..KB737

TRACK_TIME 1167737286
TRACK A20110117589811 F 332560 1115700 120 30 999 NONE NONE 330
	FP_ROUTE KT..KF2TH

TRACK_TIME 1167737286
TRACK A20110117589812 F 260400 801200 120 30 999 NONE NONE 360
	FP_ROUTE KC..KE190

TRACK_TIME 1167737286
TRACK A20110117589813 F 360900 863900 120 30 999 NONE NONE 370
	FP_ROUTE KC..KB752

TRACK_TIME 1167737286
TRACK A20110117589814 F 282400 811900 120 30 999 NONE NONE 350
	FP_ROUTE KC..KMD83

TRACK_TIME 1167737286
TRACK A20110117589816 F 295860 951660 120 30 999 NONE NONE 370
	FP_ROUTE KC..KA320

TRACK_TIME 1167737286
TRACK A20110117589817 F 415860 874960 120 30 999 NONE NONE 360
	FP_ROUTE KC..KB733

TRACK_TIME 1167737286
TRACK A20110117589818 F 360460 1150760 120 30 999 NONE NONE 340
	FP_ROUTE KC..KMD83

TRACK_TIME 1167737286
TRACK A20110117589819 F 395200 751660 120 30 999 NONE NONE 370
	FP_ROUTE KC..KCRJ9

TRACK_TIME 1167737286
TRACK A20110117589820 F 420100 875800 120 30 999 NONE NONE 350
	FP_ROUTE KC..KE170

TRACK_TIME 1167737286
TRACK A20110117589821 F 360460 1151200 120 30 999 NONE NONE 380
	FP_ROUTE KC..KA319

TRACK_TIME 1167737286
TRACK A20110117589823 F 384360 1213600 120 30 999 NONE NONE 340
	FP_ROUTE KC..KA320

TRACK_TIME 1167737286
TRACK A20110117589832 F 333900 842800 120 30 999 NONE NONE 370
	FP_ROUTE KC..KE190

TRACK_TIME 1167737286
TRACK A20110117589838 F 355200 784900 120 30 999 NONE NONE 290
	FP_ROUTE KC..KE145

TRACK_TIME 1167737286
TRACK A20110117589840 F 254600 801500 120 30 999 NONE NONE 370
	FP_ROUTE KC..KE145

TRACK_TIME 1167737286
TRACK A20110117589849 F 394500 861500 120 30 999 NONE NONE 360
	FP_ROUTE KC..KE170

TRACK_TIME 1167737286
TRACK A20110117589857 F 334060 1175200 120 30 999 NONE NONE 360
	FP_ROUTE KC..KA320

TRACK_TIME 1167737286
TRACK A20110117589868 F 350900 1013600 120 30 999 NONE NONE 300
	FP_ROUTE KT..KCRJ2

TRACK_TIME 1167737286
TRACK A20110117589872 F 392200 944060 120 30 999 NONE NONE 380
	FP_ROUTE KT..KCRJ2

TRACK_TIME 1167737286
TRACK A20110117589873 F 384900 770160 120 30 999 NONE NONE 250
	FP_ROUTE KC..KLJ35

TRACK_TIME 1167737286
TRACK A20110117589883 F 394900 1044060 120 30 999 NONE NONE 380
	FP_ROUTE KC..KLJ35

TRACK_TIME 1167737286
TRACK A20110117589887 F 303400 910000 120 30 999 NONE NONE 250
	FP_ROUTE KC..KA321

TRACK_TIME 1167737286
TRACK A20110117589889 F 275560 823300 120 30 999 NONE NONE 240
	FP_ROUTE KG..KC560

TRACK_TIME 1167737286
TRACK A20110117589891 F 302800 871360 120 30 999 NONE NONE 220
	FP_ROUTE KC..KB737

TRACK_TIME 1167737286
TRACK A20110117589893 F 420100 875800 120 30 999 NONE NONE 370
	FP_ROUTE KC..KCRJ2

TRACK_TIME 1167737286
TRACK A20110117589894 F 415500 724300 120 30 999 NONE NONE 310
	FP_ROUTE KC..KCRJ2

TRACK_TIME 1167737286
TRACK A20110117589899 F 404000 741060 120 30 999 NONE NONE 350
	FP_ROUTE KT..KCRJ2

TRACK_TIME 1167737286
TRACK A20110117589901 F 421960 705800 120 30 999 NONE NONE 390
	FP_ROUTE KC..KA319

TRACK_TIME 1167737286
TRACK A20110117589908 F 182560 660300 120 30 999 NONE NONE 370
	FP_ROUTE KT..KE145

TRACK_TIME 1167737286
TRACK A20110117589909 F 414600 874300 120 30 999 NONE NONE 220
	FP_ROUTE KT..KE145

TRACK_TIME 1167737286
TRACK A20110117589919 F 300000 952200 120 30 999 NONE NONE 290
	FP_ROUTE KT..KC560

TRACK_TIME 1167737286
TRACK A20110117589922 F 414000 712860 120 30 999 NONE NONE 390
	FP_ROUTE KC..KA319

TRACK_TIME 1167737286
TRACK A20110117589928 F 445400 931500 120 30 999 NONE NONE 340
	FP_ROUTE KC..KB737

TRACK_TIME 1167737286
TRACK A20110117589931 F 420100 875700 120 30 999 NONE NONE 350
	FP_ROUTE KT..KCRJ9

TRACK_TIME 1167737286
TRACK A20110117589932 F 400000 825500 120 30 999 NONE NONE 240
	FP_ROUTE KC..KE145

TRACK_TIME 1167737286
TRACK A20110117589933 F 404000 741060 120 30 999 NONE NONE 190
	FP_ROUTE KC..KMD82

TRACK_TIME 1167737286
TRACK A20110117589947 F 300000 952260 120 30 999 NONE NONE 220
	FP_ROUTE KC..KA319

TRACK_TIME 1167737286
TRACK A20110117589960 F 384500 901900 120 30 999 NONE NONE 260
	FP_ROUTE KG..KB737

TRACK_TIME 1167737286
TRACK A20110117589976 F 652800 1484360 120 30 999 NONE NONE 370
	FP_ROUTE KT..KCRJ2

TRACK_TIME 1167737286
TRACK A20110117589978 F 615260 1494900 120 30 999 NONE NONE 350
	FP_ROUTE KT..KCRJ2

TRACK_TIME 1167737286
TRACK A20110117589981 F 395260 1050400 120 30 999 NONE NONE 210
	FP_ROUTE KC..KB752

TRACK_TIME 1167737286
TRACK A20110117589988 F 473000 1221900 120 30 999 NONE NONE 360
	FP_ROUTE KC..KMD82

TRACK_TIME 1167737286
TRACK A20110117589990 F 404960 740460 120 30 999 NONE NONE 390
	FP_ROUTE KC..KB737

TRACK_TIME 1167737286
TRACK A20110117590004 F 420100 875700 120 30 999 NONE NONE 350
	FP_ROUTE KC..KE170

TRACK_TIME 1167737286
TRACK A20110117590007 F 351360 805560 120 30 999 NONE NONE 340
	FP_ROUTE KC..KB737

TRACK_TIME 1167737286
TRACK A20110117590008 F 394960 1043760 120 30 999 NONE NONE 360
	FP_ROUTE KC..KMD82

TRACK_TIME 1167737286
TRACK A20110117590009 F 385560 772800 120 30 999 NONE NONE 350
	FP_ROUTE KC..KMD82

TRACK_TIME 1167737286
TRACK A20110117590015 F 413460 934300 120 30 999 NONE NONE 300
	FP_ROUTE KC..KMD82

TRACK_TIME 1167737286
TRACK A20110117590016 F 425860 875260 120 30 999 NONE NONE 370
	FP_ROUTE KC..KE145

TRACK_TIME 1167737286
TRACK A20110117590017 F 350100 895860 120 30 999 NONE NONE 280
	FP_ROUTE KC..KMD83

TRACK_TIME 1167737286
TRACK A20110117590018 F 445200 931200 120 30 999 NONE NONE 370
	FP_ROUTE KC..KA320

TRACK_TIME 1167737286
TRACK A20110117590030 F 461660 1115260 120 30 999 NONE NONE 300
	FP_ROUTE KC..KB734

TRACK_TIME 1167737286
TRACK A20110117590043 F 350460 895860 120 30 999 NONE NONE 330
	FP_ROUTE KG..KCL60

TRACK_TIME 1167737286
TRACK A20110117590046 F 333700 842860 120 30 999 NONE NONE 210
	FP_ROUTE KG..KCL60

TRACK_TIME 1167737286
TRACK A20110117590047 F 324960 970160 120 30 999 NONE NONE 350
	FP_ROUTE KC..KMD83

TRACK_TIME 1167737286
TRACK A20110117590051 F 311800 852560 120 30 999 NONE NONE 200
	FP_ROUTE KC..KCRJ2

TRACK_TIME 1167737286
TRACK A20110117590052 F 373600 1221960 120 30 999 NONE NONE 360
	FP_ROUTE KC..KA320

TRACK_TIME 1167737286
TRACK A20110117590059 F 351200 805560 120 30 999 NONE NONE 380
	FP_ROUTE KC..KB752

TRACK_TIME 1167737286
TRACK A20110117590060 F 472560 1221900 120 30 999 NONE NONE 380
	FP_ROUTE KC..KA319

TRACK_TIME 1167737286
TRACK A20110117590067 F 351360 805800 120 30 999 NONE NONE 190
	FP_ROUTE KC..KA320

TRACK_TIME 1167737286
TRACK A20110117590075 F 403600 734800 120 30 999 NONE NONE 350
	FP_ROUTE KC..KA320

TRACK_TIME 1167737286
TRACK A20110117590087 F 273900 973900 120 30 999 NONE NONE 340
	FP_ROUTE KC..KE145

TRACK_TIME 1167737286
TRACK A20110117590090 F 282800 811660 120 30 999 NONE NONE 400
	FP_ROUTE KC..KB733

TRACK_TIME 1167737286
TRACK A20110117590091 F 425800 875400 120 30 999 NONE NONE 370
	FP_ROUTE KC..KE145

TRACK_TIME 1167737286
TRACK A20110117590096 F 410160 734060 120 30 999 NONE NONE 310
	FP_ROUTE KC..KA320

TRACK_TIME 1167737286
TRACK A20110117590102 F 333760 842700 120 30 999 NONE NONE 310
	FP_ROUTE KT..KCRJ2

TRACK_TIME 1167737286
TRACK A20110117590105 F 325200 970160 120 30 999 NONE NONE 320
	FP_ROUTE KC..KB735

TRACK_TIME 1167737286
TRACK A20110117590112 F 351200 805800 120 30 999 NONE NONE 350
	FP_ROUTE KC..KB735

TRACK_TIME 1167737286
TRACK A20110117590119 F 395260 751300 120 30 999 NONE NONE 230
	FP_ROUTE KC..KB735

TRACK_TIME 1167737286
TRACK A20110117590120 F 403700 734300 120 30 999 NONE NONE 370
	FP_ROUTE KC..KB735

TRACK_TIME 1167737286
TRACK A20110117590122 F 403600 734660 120 30 999 NONE NONE 210
	FP_ROUTE KT..KE145

TRACK_TIME 1167737286
TRACK A20110117590128 F 333760 842800 120 30 999 NONE NONE 360
	FP_ROUTE KC..KA320

TRACK_TIME 1167737286
TRACK A20110117590130 F 390460 843900 120 30 999 NONE NONE 260
	FP_ROUTE KT..KE145

TRACK_TIME 1167737286
TRACK A20110117590131 F 425860 875260 120 30 999 NONE NONE 400
	FP_ROUTE KC..KB734

TRACK_TIME 1167737286
TRACK A20110117590132 F 420160 875700 120 30 999 NONE NONE 380
	FP_ROUTE KC..KCRJ2

TRACK_TIME 1167737286
TRACK A20110117590134 F 412560 814960 120 30 999 NONE NONE 280
	FP_ROUTE KC..KB753

TRACK_TIME 1167737286
TRACK A20110117590138 F 333900 842860 120 30 999 NONE NONE 340
	FP_ROUTE KC..KB734

TRACK_TIME 1167737286
TRACK A20110117590143 F 412560 814900 120 30 999 NONE NONE 279
	FP_ROUTE KC..KA319

TRACK_TIME 1167737286
TRACK A20110117590155 F 333760 843000 120 30 999 NONE NONE 380
	FP_ROUTE KC..KB712

TRACK_TIME 1167737286
TRACK A20110117590164 F 314600 893100 120 30 999 NONE NONE 370
	FP_ROUTE KC..KB737

TRACK_TIME 1167737286
TRACK A20110117590180 F 260400 801200 120 30 999 NONE NONE 350
	FP_ROUTE KC..KE190

TRACK_TIME 1167737286
TRACK A20110117590190 F 404800 1120000 120 30 999 NONE NONE 370
	FP_ROUTE KC..KA320

TRACK_TIME 1167737286
TRACK A20110117590193 F 421300 831960 120 30 999 NONE NONE 320
	FP_ROUTE KC..KA320

TRACK_TIME 1167737286
TRACK A20110117590207 F 465700 964960 120 30 999 NONE NONE 260
	FP_ROUTE KC..KB712

TRACK_TIME 1167737286
TRACK A20110117590208 F 404600 1120000 120 30 999 NONE NONE 310
	FP_ROUTE KC..KB738

TRACK_TIME 1167737286
TRACK A20110117590209 F 295800 951500 120 30 999 NONE NONE 350
	FP_ROUTE KC..KE145

TRACK_TIME 1167737286
TRACK A20110117590214 F 472860 1221900 120 30 999 NONE NONE 360
	FP_ROUTE KT..KE135

TRACK_TIME 1167737286
TRACK A20110117590215 F 404500 1115800 120 30 999 NONE NONE 350
	FP_ROUTE KC..KB763

TRACK_TIME 1167737286
TRACK A20110117590217 F 384900 770160 120 30 999 NONE NONE 320
	FP_ROUTE KT..KE135

TRACK_TIME 1167737286
TRACK A20110117590218 F 404660 1115800 120 30 999 NONE NONE 350
	FP_ROUTE KC..KE135

TRACK_TIME 1167737286
TRACK A20110117590228 F 421300 831960 120 30 999 NONE NONE 300
	FP_ROUTE KC..KA321

TRACK_TIME 1167737286
TRACK A20110117590229 F 404300 894000 120 30 999 NONE NONE 350
	FP_ROUTE KC..KMD83

TRACK_TIME 1167737286
TRACK A20110117590233 F 445400 931360 120 30 999 NONE NONE 260
	FP_ROUTE KC..KA320

TRACK_TIME 1167737286
TRACK A20110117590249 F 254660 801960 120 30 999 NONE NONE 410
	FP_ROUTE KC..KE120

TRACK_TIME 1167737286
TRACK A20110117590256 F 350460 895860 120 30 999 NONE NONE 330
	FP_ROUTE KT..KCRJ2

TRACK_TIME 1167737286
TRACK A20110117590265 F 421900 710160 120 30 999 NONE NONE 370
	FP_ROUTE KG..KC750

TRACK_TIME 1167737286
TRACK A20110117590266 F 350100 895860 120 30 999 NONE NONE 300
	FP_ROUTE KG..KC750

TRACK_TIME 1167737286
TRACK A20110117590274 F 403700 734660 120 30 999 NONE NONE 350
	FP_ROUTE KG..KC750

TRACK_TIME 1167737286
TRACK A20110117590279 F 300100 901360 120 30 999 NONE NONE 360
	FP_ROUTE KC..KB763

TRACK_TIME 1167737286
TRACK A20110117590280 F 302860 814300 120 30 999 NONE NONE 280
	FP_ROUTE KC..KMD83

TRACK_TIME 1167737286
TRACK A20110117590286 F 371960 1215400 120 30 999 NONE NONE 380
	FP_ROUTE KC..KMD83

TRACK_TIME 1167737286
TRACK A20110117590288 F 395500 1044060 120 30 999 NONE NONE 380
	FP_ROUTE KC..KE170

TRACK_TIME 1167737286
TRACK A20110117590289 F 374060 1221200 120 30 999 NONE NONE 380
	FP_ROUTE KC..KMD82

TRACK_TIME 1167737286
TRACK A20110117590292 F 293100 982800 120 30 999 NONE NONE 280
	FP_ROUTE KC..KMD82

TRACK_TIME 1167737286
TRACK A20110117590295 F 422100 710100 120 30 999 NONE NONE 370
	FP_ROUTE KC..KB733

TRACK_TIME 1167737286
TRACK A20110117590303 F 335700 1182500 120 30 999 NONE NONE 410
	FP_ROUTE KC..KB737

TRACK_TIME 1167737286
TRACK A20110117590307 F 360460 1150760 120 30 999 NONE NONE 290
	FP_ROUTE KC..KB738

TRACK_TIME 1167737286
TRACK A20110117590316 F 373460 1221800 120 30 999 NONE NONE 340
	FP_ROUTE KC..KA319

TRACK_TIME 1167737286
TRACK A20110117590317 F 300000 951900 120 30 999 NONE NONE 350
	FP_ROUTE KT..KCRJ9

TRACK_TIME 1167737286
TRACK A20110117590318 F 295800 951660 120 30 999 NONE NONE 340
	FP_ROUTE KC..KMD82

TRACK_TIME 1167737286
TRACK A20110117590321 F 445260 931060 120 30 999 NONE NONE 320
	FP_ROUTE KC..KMD82

TRACK_TIME 1167737286
TRACK A20110117590323 F 394660 1044000 120 30 999 NONE NONE 350
	FP_ROUTE KC..KA319

TRACK_TIME 1167737286
TRACK A20110117590327 F 333160 864800 120 30 999 NONE NONE 300
	FP_ROUTE KC..KB733

TRACK_TIME 1167737286
TRACK A20110117590334 F 350300 1064060 120 30 999 NONE NONE 330
	FP_ROUTE KC..KB737

TRACK_TIME 1167737286
TRACK A20110117590338 F 420100 875560 120 30 999 NONE NONE 380
	FP_ROUTE KC..KA319

TRACK_TIME 1167737286
TRACK A20110117590339 F 321000 1110000 120 30 999 NONE NONE 350
	FP_ROUTE KC..KMD83

TRACK_TIME 1167737286
TRACK A20110117590341 F 384500 902100 120 30 999 NONE NONE 360
	FP_ROUTE KC..KB739

TRACK_TIME 1167737286
TRACK A20110117590342 F 335500 1183300 120 30 999 NONE NONE 360
	FP_ROUTE KC..KB763

TRACK_TIME 1167737286
TRACK A20110117590345 F 404500 735400 120 30 999 NONE NONE 370
	FP_ROUTE KC..KB752

TRACK_TIME 1167737286
TRACK A20110117590351 F 350000 895800 120 30 999 NONE NONE 300
	FP_ROUTE KT..KE145

TRACK_TIME 1167737286
TRACK A20110117590353 F 303000 814300 120 30 999 NONE NONE 270
	FP_ROUTE KG..KBE20

TRACK_TIME 1167737286
TRACK A20110117590354 F 365100 761500 120 30 999 NONE NONE 350
	FP_ROUTE KC..KB738

TRACK_TIME 1167737286
TRACK A20110117590355 F 445200 931000 120 30 999 NONE NONE 360
	FP_ROUTE KC..KA320

TRACK_TIME 1167737286
TRACK A20110117590357 F 421960 710100 120 30 999 NONE NONE 350
	FP_ROUTE KC..KMD82

TRACK_TIME 1167737286
TRACK A20110117590362 F 421300 831960 120 30 999 NONE NONE 320
	FP_ROUTE KC..KMD82

TRACK_TIME 1167737286
TRACK A20110117590363 F 400000 825500 120 30 999 NONE NONE 310
	FP_ROUTE KT..KE135

TRACK_TIME 1167737286
TRACK A20110117590365 F 254660 801900 120 30 999 NONE NONE 370
	FP_ROUTE KC..KE145

TRACK_TIME 1167737286
TRACK A20110117590369 F 453460 1223600 120 30 999 NONE NONE 380
	FP_ROUTE KC..KA319

TRACK_TIME 1167737286
TRACK A20110117590372 F 394900 1044060 120 30 999 NONE NONE 390
	FP_ROUTE KG..KC550

TRACK_TIME 1167737286
TRACK A20110117590374 F 425560 784360 120 30 999 NONE NONE 260
	FP_ROUTE KC..KCRJ9

TRACK_TIME 1167737286
TRACK A20110117590376 F 390000 772560 120 30 999 NONE NONE 230
	FP_ROUTE KC..KA319

TRACK_TIME 1167737286
TRACK A20110117590379 F 334060 1162100 120 30 999 NONE NONE 350
	FP_ROUTE KC..KE190

TRACK_TIME 1167737286
TRACK A20110117590380 F 333460 1121000 120 30 999 NONE NONE 270
	FP_ROUTE KC..KCRJ2

TRACK_TIME 1167737286
TRACK A20110117590387 F 390460 843900 120 30 999 NONE NONE 200
	FP_ROUTE KC..KA319

TRACK_TIME 1167737286
TRACK A20110117590391 F 472860 1221900 120 30 999 NONE NONE 370
	FP_ROUTE KC..KE170

TRACK_TIME 1167737286
TRACK A20110117590406 F 363460 1214900 120 30 999 NONE NONE 260
	FP_ROUTE KC..KE145

TRACK_TIME 1167737286
TRACK A20110117590407 F 332560 1115700 120 30 999 NONE NONE 390
	FP_ROUTE KC..KB752

TRACK_TIME 1167737286
TRACK A20110117590416 F 264060 801000 120 30 999 NONE NONE 320
	FP_ROUTE KC..KE145

TRACK_TIME 1167737286
TRACK A20110117590418 F 404600 734960 120 30 999 NONE NONE 370
	FP_ROUTE KC..KE145

TRACK_TIME 1167737286
TRACK A20110117590421 F 263400 814300 120 30 999 NONE NONE 390
	FP_ROUTE KC..KE135

TRACK_TIME 1167737286
TRACK A20110117590423 F 403760 734360 120 30 999 NONE NONE 370
	FP_ROUTE KC..KA319

TRACK_TIME 1167737286
TRACK A20110117590431 F 465200 921600 120 30 999 NONE NONE 300
	FP_ROUTE KT..KCRJ2

TRACK_TIME 1167737286
TRACK A20110117590448 F 333700 842860 120 30 999 NONE NONE 310
	FP_ROUTE KC..KB752

TRACK_TIME 1167737286
TRACK A20110117590476 F 395260 1043400 120 30 999 NONE NONE 380
	FP_ROUTE KC..KB752

TRACK_TIME 1167737286
TRACK A20110117590479 F 355100 784900 120 30 999 NONE NONE 390
	FP_ROUTE KC..KE135

TRACK_TIME 1167737286
TRACK A20110117590485 F 295400 975560 120 30 999 NONE NONE 360
	FP_ROUTE KC..KMD82

TRACK_TIME 1167737286
TRACK A20110117590501 F 403700 734660 120 30 999 NONE NONE 350
	FP_ROUTE KC..KB737

TRACK_TIME 1167737286
TRACK A20110117590507 F 445400 931500 120 30 999 NONE NONE 360
	FP_ROUTE KC..KA320

TRACK_TIME 1167737286
TRACK A20110117590510 F 282860 811900 120 30 999 NONE NONE 210
	FP_ROUTE KC..KA320

TRACK_TIME 1167737286
TRACK A20110117590511 F 392700 743160 120 30 999 NONE NONE 370
	FP_ROUTE KC..KB737

TRACK_TIME 1167737286
TRACK A20110117590518 F 421300 831960 120 30 999 NONE NONE 260
	FP_ROUTE KC..KB737

TRACK_TIME 1167737286
TRACK A20110117590532 F 414200 712700 120 30 999 NONE NONE 330
	FP_ROUTE KC..KA321

TRACK_TIME 1167737286
TRACK A20110117590539 F 415560 875500 120 30 999 NONE NONE 250
	FP_ROUTE KC..KB734

TRACK_TIME 1167737286
TRACK A20110117590540 F 420100 875260 120 30 999 NONE NONE 360
	FP_ROUTE KC..KB734

TRACK_TIME 1167737286
TRACK A20110117590541 F 403600 734660 120 30 999 NONE NONE 200
	FP_ROUTE KC..KB734

TRACK_TIME 1167737286
TRACK A20110117590542 F 325100 965100 120 30 999 NONE NONE 200
	FP_ROUTE KC..KA320

TRACK_TIME 1167737286
TRACK A20110117590543 F 403900 741060 120 30 999 NONE NONE 370
	FP_ROUTE KC..KB738

TRACK_TIME 1167737286
TRACK A20110117590553 F 335700 1182560 120 30 999 NONE NONE 290
	FP_ROUTE KC..KA320

TRACK_TIME 1167737286
TRACK A20110117590554 F 380600 843160 120 30 999 NONE NONE 250
	FP_ROUTE KC..KB733

TRACK_TIME 1167737286
TRACK A20110117590555 F 333900 843000 120 30 999 NONE NONE 230
	FP_ROUTE KT..KCRJ2

TRACK_TIME 1167737286
TRACK A20110117590570 F 421360 832200 120 30 999 NONE NONE 370
	FP_ROUTE KT..KCRJ2

TRACK_TIME 1167737286
TRACK A20110117590596 F 341200 1181660 120 30 999 NONE NONE 270
	FP_ROUTE KT..KCRJ2

TRACK_TIME 1167737286
TRACK A20110117590604 F 403900 741200 120 30 999 NONE NONE 230
	FP_ROUTE KC..KB752

TRACK_TIME 1167737286
TRACK A20110117590607 F 341360 775800 120 30 999 NONE NONE 210
	FP_ROUTE KG..KLJ35

TRACK_TIME 1167737286
TRACK A20110117590612 F 392400 944200 120 30 999 NONE NONE 270
	FP_ROUTE KC..KCRJ2

TRACK_TIME 1167737286
TRACK A20110117590613 F 333900 842860 120 30 999 NONE NONE 361
	FP_ROUTE KG..KC750

TRACK_TIME 1167737286
TRACK A20110117590617 F 415800 875560 120 30 999 NONE NONE 310
	FP_ROUTE KG..KC750

TRACK_TIME 1167737286
TRACK A20110117590622 F 413600 1090300 120 30 999 NONE NONE 230
	FP_ROUTE KC..KB737

TRACK_TIME 1167737286
TRACK A20110117590623 F 211660 1575700 120 30 999 NONE NONE 370
	FP_ROUTE KC..KB737

TRACK_TIME 1167737286
TRACK A20110117590625 F 335700 1182500 120 30 999 NONE NONE 380
	FP_ROUTE KC..KB737

TRACK_TIME 1167737286
TRACK A20110117590626 F 404060 734800 120 30 999 NONE NONE 330
	FP_ROUTE KC..KA320

TRACK_TIME 1167737286
TRACK A20110117590647 F 373600 1221900 120 30 999 NONE NONE 340
	FP_ROUTE KC..KB737

TRACK_TIME 1167737286
TRACK A20110117590650 F 333900 842860 120 30 999 NONE NONE 330
	FP_ROUTE KC..KA319

TRACK_TIME 1167737286
TRACK A20110117590654 F 445400 931360 120 30 999 NONE NONE 370
	FP_ROUTE KC..KCRJ2

TRACK_TIME 1167737286
TRACK A20110117590656 F 384900 770160 120 30 999 NONE NONE 250
	FP_ROUTE KC..KE170

TRACK_TIME 1167737286
TRACK A20110117590659 F 335700 1181960 120 30 999 NONE NONE 360
	FP_ROUTE KC..KB737

TRACK_TIME 1167737286
TRACK A20110117590674 F 420000 875560 120 30 999 NONE NONE 350
	FP_ROUTE KC..KB737

TRACK_TIME 1167737286
TRACK A20110117590693 F 430600 774060 120 30 999 NONE NONE 230
	FP_ROUTE KC..KB733

TRACK_TIME 1167737286
TRACK A20110117590707 F 393700 862500 120 30 999 NONE NONE 190
	FP_ROUTE KC..KB712

TRACK_TIME 1167737286
TRACK A20110117590708 F 420100 875800 120 30 999 NONE NONE 370
	FP_ROUTE KG..KLJ45

TRACK_TIME 1167737286
TRACK A20110117590709 F 404800 1120000 120 30 999 NONE NONE 360
	FP_ROUTE KG..KLJ45

TRACK_TIME 1167737286
TRACK A20110117590714 F 350400 895800 120 30 999 NONE NONE 320
	FP_ROUTE KC..KB737

TRACK_TIME 1167737286
TRACK A20110117590716 F 422200 710000 120 30 999 NONE NONE 370
	FP_ROUTE KC..KB712

TRACK_TIME 1167737286
TRACK A20110117590718 F 421360 832200 120 30 999 NONE NONE 280
	FP_ROUTE KC..KB737

TRACK_TIME 1167737286
TRACK A20110117590723 F 343160 864600 120 30 999 NONE NONE 300
	FP_ROUTE KC..KB739

TRACK_TIME 1167737286
TRACK A20110117590724 F 334800 1180760 120 30 999 NONE NONE 380
	FP_ROUTE KC..KA321

TRACK_TIME 1167737286
TRACK A20110117590725 F 430700 760400 120 30 999 NONE NONE 270
	FP_ROUTE KC..KB738

TRACK_TIME 1167737286
TRACK A20110117590741 F 414900 874800 120 30 999 NONE NONE 390
	FP_ROUTE KC..KE170

TRACK_TIME 1167737286
TRACK A20110117590742 F 395260 1043700 120 30 999 NONE NONE 360
	FP_ROUTE KC..KB738

TRACK_TIME 1167737286
TRACK A20110117590745 F 395260 1043700 120 30 999 NONE NONE 350
	FP_ROUTE KC..KB733

TRACK_TIME 1167737286
TRACK A20110117590746 F 325500 970300 120 30 999 NONE NONE 330
	FP_ROUTE KC..KE145

TRACK_TIME 1167737286
TRACK A20110117590753 F 394800 1044000 120 30 999 NONE NONE 380
	FP_ROUTE KC..KA320

TRACK_TIME 1167737286
TRACK A20110117590761 F 333900 843000 120 30 999 NONE NONE 400
	FP_ROUTE KC..KB737

TRACK_TIME 1167737286
TRACK A20110117590764 F 411960 955560 120 30 999 NONE NONE 280
	FP_ROUTE KC..KB737

TRACK_TIME 1167737286
TRACK A20110117590765 F 415260 914300 120 30 999 NONE NONE 230
	FP_ROUTE KC..KB737

TRACK_TIME 1167737286
TRACK A20110117590766 F 302860 814360 120 30 999 NONE NONE 300
	FP_ROUTE KC..KB737

TRACK_TIME 1167737286
TRACK A20110117590772 F 472860 1221900 120 30 999 NONE NONE 200
	FP_ROUTE KC..KB737

TRACK_TIME 1167737286
TRACK A20110117590778 F 300000 951660 120 30 999 NONE NONE 350
	FP_ROUTE KG..KC560

TRACK_TIME 1167737286
TRACK A20110117590788 F 333460 1175800 120 30 999 NONE NONE 200
	FP_ROUTE KC..KMD83

TRACK_TIME 1167737286
TRACK A20110117590791 F 341960 884600 120 30 999 NONE NONE 280
	FP_ROUTE KG..KCL60

TRACK_TIME 1167737286
TRACK A20110117590792 F 362260 1150160 120 30 999 NONE NONE 210
	FP_ROUTE KC..KE190

TRACK_TIME 1167737286
TRACK A20110117590794 F 433460 1161600 120 30 999 NONE NONE 320
	FP_ROUTE KC..KB737

TRACK_TIME 1167737286
TRACK A20110117590795 F 335700 1182400 120 30 999 NONE NONE 350
	FP_ROUTE KC..KB737

TRACK_TIME 1167737286
TRACK A20110117590796 F 395200 751660 120 30 999 NONE NONE 270
	FP_ROUTE KC..KB737

TRACK_TIME 1167737286
TRACK A20110117590799 F 314960 1062100 120 30 999 NONE NONE 350
	FP_ROUTE KC..KA320

TRACK_TIME 1167737286
TRACK A20110117590800 F 420000 875700 120 30 999 NONE NONE 350
	FP_ROUTE KC..KB737

TRACK_TIME 1167737286
TRACK A20110117590801 F 414900 874800 120 30 999 NONE NONE 360
	FP_ROUTE KG..KC750

TRACK_TIME 1167737286
TRACK A20110117590813 F 425560 1123400 120 30 999 NONE NONE 219
	FP_ROUTE KC..KMD83

TRACK_TIME 1167737286
TRACK A20110117590814 F 442560 1052500 120 30 999 NONE NONE 250
	FP_ROUTE KC..KE145

TRACK_TIME 1167737286
TRACK A20110117590823 F 425560 784500 120 30 999 NONE NONE 330
	FP_ROUTE KC..KE145

TRACK_TIME 1167737286
TRACK A20110117590832 F 211900 1575800 120 30 999 NONE NONE 320
	FP_ROUTE KC..KA320

TRACK_TIME 1167737286
TRACK A20110117590834 F 260460 801200 120 30 999 NONE NONE 370
	FP_ROUTE KC..KB738

TRACK_TIME 1167737286
TRACK A20110117590836 F 395200 841300 120 30 999 NONE NONE 280
	FP_ROUTE KC..KA319

TRACK_TIME 1167737286
TRACK A20110117590837 F 293400 983100 120 30 999 NONE NONE 220
	FP_ROUTE KC..KE170

TRACK_TIME 1167737286
TRACK A20110117590839 F 425800 875400 120 30 999 NONE NONE 330
	FP_ROUTE KC..KB737

TRACK_TIME 1167737286
TRACK A20110117590866 F 333700 842800 120 30 999 NONE NONE 380
	FP_ROUTE KC..KMD11

TRACK_TIME 1167737286
TRACK A20110117590873 F 421300 831960 120 30 999 NONE NONE 200
	FP_ROUTE KC..KB737

TRACK_TIME 1167737286
TRACK A20110117590874 F 413400 934060 120 30 999 NONE NONE 320
	FP_ROUTE KC..KB737

TRACK_TIME 1167737286
TRACK A20110117590879 F 324960 795860 120 30 999 NONE NONE 240
	FP_ROUTE KC..KE170

TRACK_TIME 1167737286
TRACK A20110117590880 F 420000 875700 120 30 999 NONE NONE 260
	FP_ROUTE KT..KE145

TRACK_TIME 1167737286
TRACK A20110117590882 F 333900 842260 120 30 999 NONE NONE 290
	FP_ROUTE KC..KB752

TRACK_TIME 1167737286
TRACK A20110117590883 F 333760 842800 120 30 999 NONE NONE 240
	FP_ROUTE KC..KB737

TRACK_TIME 1167737286
TRACK A20110117590891 F 415800 875700 120 30 999 NONE NONE 230
	FP_ROUTE KC..KB737

TRACK_TIME 1167737286
TRACK A20110117590893 F 333760 842860 120 30 999 NONE NONE 330
	FP_ROUTE KC..KB737

TRACK_TIME 1167737286
TRACK A20110117590899 F 351200 805800 120 30 999 NONE NONE 340
	FP_ROUTE KC..KB737

TRACK_TIME 1167737286
TRACK A20110117590900 F 350760 1013460 120 30 999 NONE NONE 320
	FP_ROUTE KC..KB752

TRACK_TIME 1167737286
TRACK A20110117590904 F 405860 1240700 120 30 999 NONE NONE 230
	FP_ROUTE KC..KA320

TRACK_TIME 1167737286
TRACK A20110117590909 F 325700 970160 120 30 999 NONE NONE 280
	FP_ROUTE KC..KA321

TRACK_TIME 1167737286
TRACK A20110117590912 F 342400 1194360 120 30 999 NONE NONE 250
	FP_ROUTE KT..KCRJ2

TRACK_TIME 1167737286
TRACK A20110117590913 F 373600 1221960 120 30 999 NONE NONE 241
	FP_ROUTE KC..KB752

TRACK_TIME 1167737286
TRACK A20110117590915 F 395500 1044060 120 30 999 NONE NONE 340
	FP_ROUTE KT..KCRJ2

TRACK_TIME 1167737286
TRACK A20110117590916 F 395500 1044200 120 30 999 NONE NONE 310
	FP_ROUTE KC..KA319

TRACK_TIME 1167737286
TRACK A20110117590921 F 394800 1043900 120 30 999 NONE NONE 380
	FP_ROUTE KC..KB752

TRACK_TIME 1167737286
TRACK A20110117590922 F 334060 1175200 120 30 999 NONE NONE 380
	FP_ROUTE KT..KCRJ9

TRACK_TIME 1167737286
TRACK A20110117590924 F 384300 1213600 120 30 999 NONE NONE 360
	FP_ROUTE KC..KA319

TRACK_TIME 1167737286
TRACK A20110117590925 F 394960 1043760 120 30 999 NONE NONE 360
	FP_ROUTE KC..KB733

TRACK_TIME 1167737286
TRACK A20110117590939 F 404500 735400 120 30 999 NONE NONE 330
	FP_ROUTE KC..KE145

TRACK_TIME 1167737286
TRACK A20110117590971 F 420100 875560 120 30 999 NONE NONE 360
	FP_ROUTE KC..KB737

TRACK_TIME 1167737286
TRACK A20110117590989 F 453460 1223400 120 30 999 NONE NONE 280
	FP_ROUTE KC..KE170

TRACK_TIME 1167737286
TRACK A20110117590990 F 332560 1115700 120 30 999 NONE NONE 390
	FP_ROUTE KC..KA319

TRACK_TIME 1167737286
TRACK A20110117590996 F 334800 1180760 120 30 999 NONE NONE 370
	FP_ROUTE KC..KA319

TRACK_TIME 1167737286
TRACK A20110117590997 F 282860 811660 120 30 999 NONE NONE 360
	FP_ROUTE KC..KB733

TRACK_TIME 1167737286
TRACK A20110117591000 F 472700 1221900 120 30 999 NONE NONE 320
	FP_ROUTE KC..KB733

TRACK_TIME 1167737286
TRACK A20110117591002 F 422500 710000 120 30 999 NONE NONE 370
	FP_ROUTE KC..KB733

TRACK_TIME 1167737286
TRACK A20110117591003 F 444200 733000 120 30 999 NONE NONE 330
	FP_ROUTE KC..KB733

TRACK_TIME 1167737286
TRACK A20110117591013 F 335800 1181800 120 30 999 NONE NONE 390
	FP_ROUTE KC..KB734

TRACK_TIME 1167737286
TRACK A20110117591014 F 461900 1190300 120 30 999 NONE NONE 360
	FP_ROUTE KG..KE135

TRACK_TIME 1167737286
TRACK A20110117591016 F 420000 875700 120 30 999 NONE NONE 370
	FP_ROUTE KG..KE135

TRACK_TIME 1167737286
TRACK A20110117591025 F 295860 951500 120 30 999 NONE NONE 330
	FP_ROUTE KC..KB712

TRACK_TIME 1167737286
TRACK A20110117591037 F 370760 802700 120 30 999 NONE NONE 330
	FP_ROUTE KC..KE145

TRACK_TIME 1167737286
TRACK A20110117591038 F 293160 982800 120 30 999 NONE NONE 350
	FP_ROUTE KC..KB752

TRACK_TIME 1167737286
TRACK A20110117591041 F 282860 811960 120 30 999 NONE NONE 400
	FP_ROUTE KC..KB737

TRACK_TIME 1167737286
TRACK A20110117591046 F 403700 734660 120 30 999 NONE NONE 350
	FP_ROUTE KC..KB737

TRACK_TIME 1167737286
TRACK A20110117591059 F 385860 772800 120 30 999 NONE NONE 200
	FP_ROUTE KC..KE135

TRACK_TIME 1167737286
TRACK A20110117591064 F 293400 983100 120 30 999 NONE NONE 280
	FP_ROUTE KC..KA320

TRACK_TIME 1167737286
TRACK A20110117591066 F 412800 730760 120 30 999 NONE NONE 390
	FP_ROUTE KG..KC510

TRACK_TIME 1167737286
TRACK A20110117591068 F 395260 1043600 120 30 999 NONE NONE 360
	FP_ROUTE KC..KE135

TRACK_TIME 1167737286
TRACK A20110117591071 F 282800 811900 120 30 999 NONE NONE 370
	FP_ROUTE KC..KB744

TRACK_TIME 1167737286
TRACK A20110117591076 F 324600 1171800 120 30 999 NONE NONE 360
	FP_ROUTE KC..KMD83

TRACK_TIME 1167737286
TRACK A20110117591084 F 391960 944300 120 30 999 NONE NONE 310
	FP_ROUTE KC..KA320

TRACK_TIME 1167737286
TRACK A20110117591085 F 425700 875100 120 30 999 NONE NONE 370
	FP_ROUTE KC..KA320

TRACK_TIME 1167737286
TRACK A20110117591094 F 295860 901500 120 30 999 NONE NONE 350
	FP_ROUTE KC..KB733

TRACK_TIME 1167737286
TRACK A20110117591097 F 293600 951900 120 30 999 NONE NONE 270
	FP_ROUTE KC..KB733

TRACK_TIME 1167737286
TRACK A20110117591100 F 320760 1105700 120 30 999 NONE NONE 350
	FP_ROUTE KC..KB738

TRACK_TIME 1167737286
TRACK A20110117591105 F 390400 843900 120 30 999 NONE NONE 280
	FP_ROUTE KC..KE145

TRACK_TIME 1167737286
TRACK A20110117591108 F 475560 971060 120 30 999 NONE NONE 200
	FP_ROUTE KC..KA319

TRACK_TIME 1167737286
TRACK A20110117591114 F 350000 1064000 120 30 999 NONE NONE 390
	FP_ROUTE KC..KB752

TRACK_TIME 1167737286
TRACK A20110117591119 F 373600 1221800 120 30 999 NONE NONE 360
	FP_ROUTE KC..KA319

TRACK_TIME 1167737286
TRACK A20110117591127 F 394900 1044000 120 30 999 NONE NONE 360
	FP_ROUTE KC..KB737

TRACK_TIME 1167737286
TRACK A20110117591139 F 384360 1213460 120 30 999 NONE NONE 360
	FP_ROUTE KC..KCRJ2

TRACK_TIME 1167737286
TRACK A20110117591141 F 325560 970300 120 30 999 NONE NONE 320
	FP_ROUTE KC..KA319

TRACK_TIME 1167737286
TRACK A20110117591152 F 333900 842800 120 30 999 NONE NONE 400
	FP_ROUTE KC..KCRJ2

TRACK_TIME 1167737286
TRACK A20110117591158 F 384500 773100 120 30 999 NONE NONE 390
	FP_ROUTE KC..KA321

TRACK_TIME 1167737286
TRACK A20110117591159 F 333900 842800 120 30 999 NONE NONE 360
	FP_ROUTE KC..KA320

TRACK_TIME 1167737286
TRACK A20110117591161 F 394800 1044000 120 30 999 NONE NONE 380
	FP_ROUTE KC..KA320

TRACK_TIME 1167737286
TRACK A20110117591163 F 360700 1151000 120 30 999 NONE NONE 310
	FP_ROUTE KG..KLJ45

TRACK_TIME 1167737286
TRACK A20110117591165 F 400000 825560 120 30 999 NONE NONE 370
	FP_ROUTE KG..KLJ45

TRACK_TIME 1167737286
TRACK A20110117591185 F 403000 801660 120 30 999 NONE NONE 240
	FP_ROUTE KT..KCRJ9

TRACK_TIME 1167737286
TRACK A20110117591186 F 384500 901960 120 30 999 NONE NONE 240
	FP_ROUTE KG..KBE9L

TRACK_TIME 1167737286
TRACK A20110117591187 F 421360 710600 120 30 999 NONE NONE 449
	FP_ROUTE KC..KB752

TRACK_TIME 1167737286
TRACK A20110117591189 F 333760 842700 120 30 999 NONE NONE 330
	FP_ROUTE KC..KE190

TRACK_TIME 1167737286
TRACK A20110117591191 F 361000 864000 120 30 999 NONE NONE 200
	FP_ROUTE KC..KE170

TRACK_TIME 1167737286
TRACK A20110117591192 F 293600 951500 120 30 999 NONE NONE 320
	FP_ROUTE KC..KMD82

TRACK_TIME 1167737286
TRACK A20110117591197 F 415800 875200 120 30 999 NONE NONE 340
	FP_ROUTE KC..KB712

TRACK_TIME 1167737286
TRACK A20110117591202 F 433300 1161000 120 30 999 NONE NONE 320
	FP_ROUTE KG..KBE20

TRACK_TIME 1167737286
TRACK A20110117591204 F 371800 800160 120 30 999 NONE NONE 290
	FP_ROUTE KG..KBE20

TRACK_TIME 1167737286
TRACK A20110117591210 F 403000 801660 120 30 999 NONE NONE 220
	FP_ROUTE KC..KB712

TRACK_TIME 1167737286
TRACK A20110117591226 F 254900 801960 120 30 999 NONE NONE 300
	FP_ROUTE KT..KC750

TRACK_TIME 1167737286
TRACK A20110117591227 F 372260 1184800 120 30 999 NONE NONE 260
	FP_ROUTE KG..KBE20

TRACK_TIME 1167737286
TRACK A20110117591228 F 412500 814960 120 30 999 NONE NONE 230
	FP_ROUTE KC..KB737

TRACK_TIME 1167737286
TRACK A20110117591230 F 404600 1115800 120 30 999 NONE NONE 330
	FP_ROUTE KC..KMD83

TRACK_TIME 1167737286
TRACK A20110117591236 F 373600 1221960 120 30 999 NONE NONE 360
	FP_ROUTE KC..KB738

TRACK_TIME 1167737286
TRACK A20110117591237 F 421960 705800 120 30 999 NONE NONE 350
	FP_ROUTE KC..KA320

TRACK_TIME 1167737286
TRACK A20110117591240 F 340760 1181800 120 30 999 NONE NONE 360
	FP_ROUTE KC..KB738

TRACK_TIME 1167737286
TRACK A20110117591257 F 391960 944200 120 30 999 NONE NONE 360
	FP_ROUTE KC..KMD82

TRACK_TIME 1167737286
TRACK A20110117591260 F 351200 805800 120 30 999 NONE NONE 270
	FP_ROUTE KC..KB733

TRACK_TIME 1167737286
TRACK A20110117591276 F 335560 1183300 120 30 999 NONE NONE 230
	FP_ROUTE KC..KB733

TRACK_TIME 1167737286
TRACK A20110117591283 F 333400 1175860 120 30 999 NONE NONE 400
	FP_ROUTE KC..KB752

TRACK_TIME 1167737286
TRACK A20110117591294 F 384500 901900 120 30 999 NONE NONE 260
	FP_ROUTE KC..KMD82

TRACK_TIME 1167737286
TRACK A20110117591296 F 402860 801200 120 30 999 NONE NONE 330
	FP_ROUTE KC..KMD82

TRACK_TIME 1167737286
TRACK A20110117591306 F 372860 771800 120 30 999 NONE NONE 200
	FP_ROUTE KG..KBE20

TRACK_TIME 1167737286
TRACK A20110117591308 F 425860 875260 120 30 999 NONE NONE 380
	FP_ROUTE KC..KB712

TRACK_TIME 1167737286
TRACK A20110117591311 F 342260 774800 120 30 999 NONE NONE 300
	FP_ROUTE KC..KB712

TRACK_TIME 1167737286
TRACK A20110117591312 F 445400 931500 120 30 999 NONE NONE 350
	FP_ROUTE KC..KCRJ2

TRACK_TIME 1167737286
TRACK A20110117591313 F 472700 1221900 120 30 999 NONE NONE 380
	FP_ROUTE KC..KA319

TRACK_TIME 1167737286
TRACK A20110117591327 F 333900 842860 120 30 999 NONE NONE 370
	FP_ROUTE KT..KCRJ2

TRACK_TIME 1167737286
TRACK A20110117591330 F 394900 1044060 120 30 999 NONE NONE 210
	FP_ROUTE KT..KE145

TRACK_TIME 1167737286
TRACK A20110117591341 F 204960 1562700 120 30 999 NONE NONE 300
	FP_ROUTE KC..KB733

TRACK_TIME 1167737286
TRACK A20110117591342 F 282860 811660 120 30 999 NONE NONE 360
	FP_ROUTE KC..KB733

TRACK_TIME 1167737286
TRACK A20110117591349 F 405260 1153000 120 30 999 NONE NONE 200
	FP_ROUTE KC..KB753

TRACK_TIME 1167737286
TRACK A20110117591350 F 391660 944200 120 30 999 NONE NONE 340
	FP_ROUTE KG..KFA50

TRACK_TIME 1167737286
TRACK A20110117591363 F 394960 1044060 120 30 999 NONE NONE 210
	FP_ROUTE KG..KFA50

TRACK_TIME 1167737286
TRACK A20110117591369 F 344000 864660 120 30 999 NONE NONE 220
	FP_ROUTE KG..KCL60

TRACK_TIME 1167737286
TRACK A20110117591372 F 362100 941600 120 30 999 NONE NONE 270
	FP_ROUTE KC..KA320

TRACK_TIME 1167737286
TRACK A20110117591374 F 445400 931360 120 30 999 NONE NONE 390
	FP_ROUTE KC..KA319

TRACK_TIME 1167737286
TRACK A20110117591386 F 325800 970100 120 30 999 NONE NONE 360
	FP_ROUTE KC..KB712

TRACK_TIME 1167737286
TRACK A20110117591394 F 421900 710100 120 30 999 NONE NONE 330
	FP_ROUTE KC..KB737

TRACK_TIME 1167737286
TRACK A20110117591395 F 391060 764200 120 30 999 NONE NONE 319
	FP_ROUTE KC..KB737

TRACK_TIME 1167737286
TRACK A20110117591397 F 321200 900760 120 30 999 NONE NONE 260
	FP_ROUTE KC..KMD82

TRACK_TIME 1167737286
TRACK A20110117591424 F 264500 801500 120 30 999 NONE NONE 380
	FP_ROUTE KC..KMD82

TRACK_TIME 1167737286
TRACK A20110117591433 F 385860 772560 120 30 999 NONE NONE 300
	FP_ROUTE KC..KMD82

TRACK_TIME 1167737286
TRACK A20110117591452 F 445400 931600 120 30 999 NONE NONE 370
	FP_ROUTE KC..KMD83

TRACK_TIME 1167737286
TRACK A20110117591455 F 403900 741060 120 30 999 NONE NONE 370
	FP_ROUTE KC..KMD83

TRACK_TIME 1167737286
TRACK A20110117591461 F 421960 710100 120 30 999 NONE NONE 370
	FP_ROUTE KC..KCRJ2

TRACK_TIME 1167737286
TRACK A20110117591462 F 445260 931360 120 30 999 NONE NONE 350
	FP_ROUTE KC..KA319

TRACK_TIME 1167737286
TRACK A20110117591465 F 360460 1150760 120 30 999 NONE NONE 340
	FP_ROUTE KT..KCRJ1

TRACK_TIME 1167737286
TRACK A20110117591472 F 384500 902100 120 30 999 NONE NONE 340
	FP_ROUTE KC..KCRJ2

TRACK_TIME 1167737286
TRACK A20110117591473 F 404660 1120000 120 30 999 NONE NONE 370
	FP_ROUTE KC..KA319

TRACK_TIME 1167737286
TRACK A20110117591481 F 373600 1221900 120 30 999 NONE NONE 340
	FP_ROUTE KC..KB737

TRACK_TIME 1167737286
TRACK A20110117591496 F 400760 763300 120 30 999 NONE NONE 330
	FP_ROUTE KC..KA319

TRACK_TIME 1167737286
TRACK A20110117591498 F 420100 875260 120 30 999 NONE NONE 340
	FP_ROUTE KC..KB737

TRACK_TIME 1167737286
TRACK A20110117591512 F 445260 931200 120 30 999 NONE NONE 330
	FP_ROUTE KC..KB737

TRACK_TIME 1167737286
TRACK A20110117591524 F 421360 832200 120 30 999 NONE NONE 310
	FP_ROUTE KT..KC750

TRACK_TIME 1167737286
TRACK A20110117591530 F 425860 875260 120 30 999 NONE NONE 320
	FP_ROUTE KC..KA319

TRACK_TIME 1167737286
TRACK A20110117591531 F 404360 735500 120 30 999 NONE NONE 330
	FP_ROUTE KC..KB733

TRACK_TIME 1167737286
TRACK A20110117591536 F 275560 823300 120 30 999 NONE NONE 340
	FP_ROUTE KC..KA320

TRACK_TIME 1167737286
TRACK A20110117591537 F 333760 842860 120 30 999 NONE NONE 340
	FP_ROUTE KT..KDH8D

TRACK_TIME 1167737286
TRACK A20110117591551 F 373600 1221900 120 30 999 NONE NONE 370
	FP_ROUTE KC..KB737

TRACK_TIME 1167737286
TRACK A20110117591557 F 421960 710100 120 30 999 NONE NONE 390
	FP_ROUTE KG..KF900

TRACK_TIME 1167737286
TRACK A20110117591564 F 365260 761300 120 30 999 NONE NONE 240
	FP_ROUTE KT..KCRJ2

TRACK_TIME 1167737286
TRACK A20110117591574 F 394800 1044000 120 30 999 NONE NONE 360
	FP_ROUTE KC..KCRJ2

TRACK_TIME 1167737286
TRACK A20110117591580 F 395200 751660 120 30 999 NONE NONE 270
	FP_ROUTE KC..KB737

TRACK_TIME 1167737286
TRACK A20110117591582 F 395860 824960 120 30 999 NONE NONE 390
	FP_ROUTE KC..KA319

TRACK_TIME 1167737286
TRACK A20110117591585 F 395260 751000 120 30 999 NONE NONE 410
	FP_ROUTE KC..KE145

TRACK_TIME 1167737286
TRACK A20110117591593 F 332560 1115700 120 30 999 NONE NONE 310
	FP_ROUTE KC..KE145

TRACK_TIME 1167737286
TRACK A20110117591598 F 283000 811960 120 30 999 NONE NONE 270
	FP_ROUTE KC..KE170

TRACK_TIME 1167737286
TRACK A20110117591599 F 390760 763700 120 30 999 NONE NONE 390
	FP_ROUTE KC..KE145

TRACK_TIME 1167737286
TRACK A20110117591603 F 421300 831960 120 30 999 NONE NONE 220
	FP_ROUTE KC..KA320

TRACK_TIME 1167737286
TRACK A20110117591605 F 325500 970300 120 30 999 NONE NONE 320
	FP_ROUTE KC..KB739

TRACK_TIME 1167737286
TRACK A20110117591608 F 343400 864600 120 30 999 NONE NONE 370
	FP_ROUTE KC..KE145

TRACK_TIME 1167737286
TRACK A20110117591609 F 260400 801060 120 30 999 NONE NONE 390
	FP_ROUTE KC..KB733

TRACK_TIME 1167737286
TRACK A20110117591611 F 425800 875400 120 30 999 NONE NONE 340
	FP_ROUTE KC..KA318

TRACK_TIME 1167737286
TRACK A20110117591613 F 351360 805800 120 30 999 NONE NONE 310
	FP_ROUTE KC..KB752

TRACK_TIME 1167737286
TRACK A20110117591627 F 360600 1151000 120 30 999 NONE NONE 250
	FP_ROUTE KC..KCRJ2

TRACK_TIME 1167737286
TRACK A20110117591630 F 395260 881960 120 30 999 NONE NONE 360
	FP_ROUTE KC..KA320

TRACK_TIME 1167737286
TRACK A20110117591632 F 403760 741200 120 30 999 NONE NONE 311
	FP_ROUTE KC..KCRJ2

TRACK_TIME 1167737286
TRACK A20110117591644 F 325400 970100 120 30 999 NONE NONE 360
	FP_ROUTE KC..KA319

TRACK_TIME 1167737286
TRACK A20110117591655 F 404500 734900 120 30 999 NONE NONE 270
	FP_ROUTE KC..KA319

TRACK_TIME 1167737286
TRACK A20110117591665 F 333760 842800 120 30 999 NONE NONE 370
	FP_ROUTE KT..KCRJ2

TRACK_TIME 1167737286
TRACK A20110117591667 F 333760 842700 120 30 999 NONE NONE 290
	FP_ROUTE KC..KB712

TRACK_TIME 1167737286
TRACK A20110117591673 F 472800 1221900 120 30 999 NONE NONE 380
	FP_ROUTE KC..KA320

TRACK_TIME 1167737286
TRACK A20110117591674 F 472560 1221900 120 30 999 NONE NONE 360
	FP_ROUTE KC..KE145

TRACK_TIME 1167737286
TRACK A20110117591675 F 404200 734800 120 30 999 NONE NONE 210
	FP_ROUTE KC..KB737

TRACK_TIME 1167737286
TRACK A20110117591677 F 412560 814900 120 30 999 NONE NONE 260
	FP_ROUTE KC..KB737

TRACK_TIME 1167737286
TRACK A20110117591678 F 284660 811660 120 30 999 NONE NONE 310
	FP_ROUTE KC..KB737

TRACK_TIME 1167737286
TRACK A20110117591679 F 420000 875560 120 30 999 NONE NONE 330
	FP_ROUTE KT..KCRJ2

TRACK_TIME 1167737286
TRACK A20110117591700 F 415800 723900 120 30 999 NONE NONE 270
	FP_ROUTE KC..KB734

TRACK_TIME 1167737286
TRACK A20110117591719 F 445400 931360 120 30 999 NONE NONE 300
	FP_ROUTE KC..KE190

TRACK_TIME 1167737286
TRACK A20110117591726 F 384900 770160 120 30 999 NONE NONE 260
	FP_ROUTE KC..KB762

TRACK_TIME 1167737286
TRACK A20110117591727 F 333900 842860 120 30 999 NONE NONE 280
	FP_ROUTE KC..KMD82

TRACK_TIME 1167737286
TRACK A20110117591737 F 403000 801660 120 30 999 NONE NONE 350
	FP_ROUTE KC..KB712

TRACK_TIME 1167737286
TRACK A20110117591738 F 384500 902200 120 30 999 NONE NONE 370
	FP_ROUTE KC..KB737

TRACK_TIME 1167737286
TRACK A20110117591739 F 405500 851000 120 30 999 NONE NONE 370
	FP_ROUTE KC..KB737

TRACK_TIME 1167737286
TRACK A20110117591742 F 394800 1044000 120 30 999 NONE NONE 360
	FP_ROUTE KC..KB737

TRACK_TIME 1167737286
TRACK A20110117591748 F 333900 842700 120 30 999 NONE NONE 370
	FP_ROUTE KC..KE145

TRACK_TIME 1167737286
TRACK A20110117591752 F 351360 805560 120 30 999 NONE NONE 299
	FP_ROUTE KC..KMD82

TRACK_TIME 1167737286
TRACK A20110117591756 F 384300 1213600 120 30 999 NONE NONE 360
	FP_ROUTE KC..KB737

TRACK_TIME 1167737286
TRACK A20110117591758 F 372260 795400 120 30 999 NONE NONE 220
	FP_ROUTE KC..KA319

TRACK_TIME 1167737286
TRACK A20110117591759 F 325500 970300 120 30 999 NONE NONE 360
	FP_ROUTE KT..KF2TH

TRACK_TIME 1167737286
TRACK A20110117591760 F 410300 734200 120 30 999 NONE NONE 389
	FP_ROUTE KG..KCL60

TRACK_TIME 1167737286
TRACK A20110117591768 F 194360 1550460 120 30 999 NONE NONE 210
	FP_ROUTE KC..KB752

TRACK_TIME 1167737286
TRACK A20110117591772 F 384500 902100 120 30 999 NONE NONE 320
	FP_ROUTE KG..KBE20

TRACK_TIME 1167737286
TRACK A20110117591773 F 414060 712700 120 30 999 NONE NONE 230
	FP_ROUTE KC..KCRJ2

TRACK_TIME 1167737286
TRACK A20110117591775 F 453400 1223300 120 30 999 NONE NONE 320
	FP_ROUTE KC..KCRJ2

TRACK_TIME 1167737286
TRACK A20110117591778 F 355200 784800 120 30 999 NONE NONE 290
	FP_ROUTE KC..KA319

TRACK_TIME 1167737286
TRACK A20110117591780 F 365200 761360 120 30 999 NONE NONE 370
	FP_ROUTE KC..KA319

TRACK_TIME 1167737286
TRACK A20110117591783 F 385700 943100 120 30 999 NONE NONE 340
	FP_ROUTE KC..KB734

TRACK_TIME 1167737286
TRACK A20110117591786 F 404600 780000 120 30 999 NONE NONE 350
	FP_ROUTE KC..KB733

TRACK_TIME 1167737286
TRACK A20110117591787 F 332560 1115700 120 30 999 NONE NONE 340
	FP_ROUTE KC..KC560

TRACK_TIME 1167737286
TRACK A20110117591788 F 394960 1043760 120 30 999 NONE NONE 320
	FP_ROUTE KC..KB738

TRACK_TIME 1167737286
TRACK A20110117591793 F 384500 901900 120 30 999 NONE NONE 360
	FP_ROUTE KC..KMD83

TRACK_TIME 1167737286
TRACK A20110117591794 F 425800 875260 120 30 999 NONE NONE 290
	FP_ROUTE KC..KMD83

TRACK_TIME 1167737286
TRACK A20110117591795 F 425800 875400 120 30 999 NONE NONE 270
	FP_ROUTE KC..KB712

TRACK_TIME 1167737286
TRACK A20110117591799 F 351300 805560 120 30 999 NONE NONE 300
	FP_ROUTE KG..KBE20

TRACK_TIME 1167737286
TRACK A20110117591801 F 344960 821800 120 30 999 NONE NONE 310
	FP_ROUTE KG..KBE20

TRACK_TIME 1167737286
TRACK A20110117591802 F 300000 951660 120 30 999 NONE NONE 340
	FP_ROUTE KC..KA320

TRACK_TIME 1167737286
TRACK A20110117591804 F 421960 705800 120 30 999 NONE NONE 310
	FP_ROUTE KC..KB732

TRACK_TIME 1167737286
TRACK A20110117591805 F 390000 772800 120 30 999 NONE NONE 280
	FP_ROUTE KC..KB737

TRACK_TIME 1167737286
TRACK A20110117591806 F 333900 842800 120 30 999 NONE NONE 400
	FP_ROUTE KC..KB737

TRACK_TIME 1167737286
TRACK A20110117591811 F 295860 901500 120 30 999 NONE NONE 350
	FP_ROUTE KC..KB737

TRACK_TIME 1167737286
TRACK A20110117591818 F 325200 970160 120 30 999 NONE NONE 260
	FP_ROUTE KC..KB737

TRACK_TIME 1167737286
TRACK A20110117591827 F 373600 1221900 120 30 999 NONE NONE 360
	FP_ROUTE KT..KC560

TRACK_TIME 1167737286
TRACK A20110117591830 F 391960 944200 120 30 999 NONE NONE 360
	FP_ROUTE KC..KB733

TRACK_TIME 1167737286
TRACK A20110117591831 F 264060 801200 120 30 999 NONE NONE 300
	FP_ROUTE KC..KE145

TRACK_TIME 1167737286
TRACK A20110117591832 F 182560 660100 120 30 999 NONE NONE 370
	FP_ROUTE KC..KB733

TRACK_TIME 1167737286
TRACK A20110117591833 F 303300 863000 120 30 999 NONE NONE 370
	FP_ROUTE KC..KB733

TRACK_TIME 1167737286
TRACK A20110117591834 F 300000 952260 120 30 999 NONE NONE 210
	FP_ROUTE KC..KB733

TRACK_TIME 1167737286
TRACK A20110117591836 F 373700 1185100 120 30 999 NONE NONE 220
	FP_ROUTE KC..KA319

TRACK_TIME 1167737286
TRACK A20110117591837 F 293300 983000 120 30 999 NONE NONE 360
	FP_ROUTE KC..KA320

TRACK_TIME 1167737286
TRACK A20110117591841 F 420000 875560 120 30 999 NONE NONE 350
	FP_ROUTE KC..KMD82

TRACK_TIME 1167737286
TRACK A20110117591844 F 372100 1215500 120 30 999 NONE NONE 220
	FP_ROUTE KC..KB738

TRACK_TIME 1167737286
TRACK A20110117591847 F 373600 1221800 120 30 999 NONE NONE 360
	FP_ROUTE KC..KE170

TRACK_TIME 1167737286
TRACK A20110117591854 F 425560 784500 120 30 999 NONE NONE 240
	FP_ROUTE KC..KCRJ2

TRACK_TIME 1167737286
TRACK A20110117591856 F 335100 1171360 120 30 999 NONE NONE 370
	FP_ROUTE KC..KB733

TRACK_TIME 1167737286
TRACK A20110117591865 F 331600 1113700 120 30 999 NONE NONE 330
	FP_ROUTE KT..KCRJ2

TRACK_TIME 1167737286
TRACK A20110117591866 F 453400 1223400 120 30 999 NONE NONE 240
	FP_ROUTE KC..KB752

TRACK_TIME 1167737286
TRACK A20110117591867 F 333760 842800 120 30 999 NONE NONE 350
	FP_ROUTE KC..KMD82

TRACK_TIME 1167737286
TRACK A20110117591871 F 425260 784500 120 30 999 NONE NONE 230
	FP_ROUTE KC..KA320

TRACK_TIME 1167737286
TRACK A20110117591872 F 351200 805560 120 30 999 NONE NONE 280
	FP_ROUTE KC..KB733

TRACK_TIME 1167737286
TRACK A20110117591876 F 461800 1190000 120 30 999 NONE NONE 320
	FP_ROUTE KC..KB733

TRACK_TIME 1167737286
TRACK A20110117591878 F 420100 875800 120 30 999 NONE NONE 320
	FP_ROUTE KC..KB733

TRACK_TIME 1167737286
TRACK A20110117591880 F 335400 1182860 120 30 999 NONE NONE 230
	FP_ROUTE KC..KB735

TRACK_TIME 1167737286
TRACK A20110117591883 F 373600 1222100 120 30 999 NONE NONE 320
	FP_ROUTE KG..KC560

TRACK_TIME 1167737286
TRACK A20110117591884 F 351060 805700 120 30 999 NONE NONE 370
	FP_ROUTE KC..KA320

TRACK_TIME 1167737286
TRACK A20110117591888 F 335560 1182400 120 30 999 NONE NONE 380
	FP_ROUTE KC..KB734

TRACK_TIME 1167737286
TRACK A20110117591892 F 472800 1221900 120 30 999 NONE NONE 320
	FP_ROUTE KC..KE135

TRACK_TIME 1167737286
TRACK A20110117591893 F 300000 951660 120 30 999 NONE NONE 370
	FP_ROUTE KC..KCRJ2

TRACK_TIME 1167737286
TRACK A20110117591896 F 333900 842860 120 30 999 NONE NONE 360
	FP_ROUTE KC..KB737

TRACK_TIME 1167737286
TRACK A20110117591900 F 394960 1044060 120 30 999 NONE NONE 370
	FP_ROUTE KT..KF2TH

TRACK_TIME 1167737286
TRACK A20110117591901 F 465100 921600 120 30 999 NONE NONE 300
	FP_ROUTE KT..KF2TH

TRACK_TIME 1167737286
TRACK A20110117591902 F 325500 970160 120 30 999 NONE NONE 380
	FP_ROUTE KC..KB733

TRACK_TIME 1167737286
TRACK A20110117591906 F 403700 734660 120 30 999 NONE NONE 370
	FP_ROUTE KC..KB733

TRACK_TIME 1167737286
TRACK A20110117591914 F 420000 875260 120 30 999 NONE NONE 220
	FP_ROUTE KC..KB733

TRACK_TIME 1167737286
TRACK A20110117591917 F 300000 901800 120 30 999 NONE NONE 300
	FP_ROUTE KC..KB752

TRACK_TIME 1167737286
TRACK A20110117591921 F 374060 1221060 120 30 999 NONE NONE 380
	FP_ROUTE KC..KB752

TRACK_TIME 1167737286
TRACK A20110117591922 F 394800 1044000 120 30 999 NONE NONE 350
	FP_ROUTE KT..KCRJ2

TRACK_TIME 1167737286
TRACK A20110117591923 F 415400 724360 120 30 999 NONE NONE 390
	FP_ROUTE KC..KB772

TRACK_TIME 1167737286
TRACK A20110117591924 F 420160 875700 120 30 999 NONE NONE 350
	FP_ROUTE KT..KC560

TRACK_TIME 1167737286
TRACK A20110117591926 F 275560 823300 120 30 999 NONE NONE 330
	FP_ROUTE KG..KEA50

TRACK_TIME 1167737286
TRACK A20110117591927 F 360160 800300 120 30 999 NONE NONE 230
	FP_ROUTE KT..KC560

TRACK_TIME 1167737286
TRACK A20110117591932 F 404960 740600 120 30 999 NONE NONE 390
	FP_ROUTE KC..KMD82

TRACK_TIME 1167737286
TRACK A20110117591937 F 332560 1115700 120 30 999 NONE NONE 290
	FP_ROUTE KC..KCRJ2

TRACK_TIME 1167737286
TRACK A20110117591943 F 394800 1043900 120 30 999 NONE NONE 380
	FP_ROUTE KC..KA320

TRACK_TIME 1167737286
TRACK A20110117591944 F 293700 951900 120 30 999 NONE NONE 340
	FP_ROUTE KC..KCRJ2

TRACK_TIME 1167737286
TRACK A20110117591949 F 420000 875700 120 30 999 NONE NONE 370
	FP_ROUTE KG..KC550

TRACK_TIME 1167737286
TRACK A20110117591950 F 384900 770160 120 30 999 NONE NONE 330
	FP_ROUTE KC..KB738

TRACK_TIME 1167737286
TRACK A20110117591951 F 333760 842860 120 30 999 NONE NONE 330
	FP_ROUTE KG..KC550

TRACK_TIME 1167737286
TRACK A20110117591952 F 333700 842860 120 30 999 NONE NONE 330
	FP_ROUTE KC..KE170

TRACK_TIME 1167737286
TRACK A20110117591956 F 373600 1221900 120 30 999 NONE NONE 380
	FP_ROUTE KC..KE170

TRACK_TIME 1167737286
TRACK A20110117591962 F 254660 801960 120 30 999 NONE NONE 320
	FP_ROUTE KC..KA319

TRACK_TIME 1167737286
TRACK A20110117591966 F 332560 1115860 120 30 999 NONE NONE 380
	FP_ROUTE KT..KCRJ1

TRACK_TIME 1167737286
TRACK A20110117591967 F 355860 864200 120 30 999 NONE NONE 330
	FP_ROUTE KC..KB737

TRACK_TIME 1167737286
TRACK A20110117591976 F 604660 1614300 120 30 999 NONE NONE 240
	FP_ROUTE KT..KCL60

TRACK_TIME 1167737286
TRACK A20110117591978 F 422100 705860 120 30 999 NONE NONE 330
	FP_ROUTE KC..KB738

TRACK_TIME 1167737286
TRACK A20110117591979 F 400000 825560 120 30 999 NONE NONE 340
	FP_ROUTE KT..KCRJ9

TRACK_TIME 1167737286
TRACK A20110117591987 F 330000 970160 120 30 999 NONE NONE 360
	FP_ROUTE KC..KB737

TRACK_TIME 1167737286
TRACK A20110117591995 F 394060 861960 120 30 999 NONE NONE 210
	FP_ROUTE KC..KB733

TRACK_TIME 1167737286
TRACK A20110117591996 F 390000 772800 120 30 999 NONE NONE 330
	FP_ROUTE KC..KB733

TRACK_TIME 1167737286
TRACK A20110117591997 F 414060 712800 120 30 999 NONE NONE 390
	FP_ROUTE KC..KB733

TRACK_TIME 1167737286
TRACK A20110117591998 F 302860 814300 120 30 999 NONE NONE 300
	FP_ROUTE KC..KB733

TRACK_TIME 1167737286
TRACK A20110117592003 F 404800 735200 120 30 999 NONE NONE 370
	FP_ROUTE KC..KA320

TRACK_TIME 1167737286
TRACK A20110117592004 F 400000 825560 120 30 999 NONE NONE 390
	FP_ROUTE KC..KB733

TRACK_TIME 1167737286
TRACK A20110117592006 F 405260 735260 120 30 999 NONE NONE 370
	FP_ROUTE KC..KE145

TRACK_TIME 1167737286
TRACK A20110117592010 F 404900 735100 120 30 999 NONE NONE 370
	FP_ROUTE KC..KA320

TRACK_TIME 1167737286
TRACK A20110117592012 F 394960 1044060 120 30 999 NONE NONE 250
	FP_ROUTE KC..KE170

TRACK_TIME 1167737286
TRACK A20110117592017 F 320760 811360 120 30 999 NONE NONE 340
	FP_ROUTE KC..KA319

TRACK_TIME 1167737286
TRACK A20110117592018 F 282400 811660 120 30 999 NONE NONE 340
	FP_ROUTE KC..KA319

TRACK_TIME 1167737286
TRACK A20110117592019 F 282260 811900 120 30 999 NONE NONE 390
	FP_ROUTE KC..KA320

TRACK_TIME 1167737286
TRACK A20110117592026 F 260460 801300 120 30 999 NONE NONE 340
	FP_ROUTE KC..KB738

TRACK_TIME 1167737286
TRACK A20110117592030 F 264060 801300 120 30 999 NONE NONE 390
	FP_ROUTE KC..KB737

TRACK_TIME 1167737286
TRACK A20110117592032 F 420000 875700 120 30 999 NONE NONE 180
	FP_ROUTE KC..KB734

TRACK_TIME 1167737286
TRACK A20110117592033 F 404800 1115860 120 30 999 NONE NONE 360
	FP_ROUTE KT..KC560

TRACK_TIME 1167737286
TRACK A20110117592039 F 361360 1150300 120 30 999 NONE NONE 270
	FP_ROUTE KC..KB734

TRACK_TIME 1167737286
TRACK A20110117592041 F 325200 795560 120 30 999 NONE NONE 240
	FP_ROUTE KC..KE135

TRACK_TIME 1167737286
TRACK A20110117592043 F 295860 951660 120 30 999 NONE NONE 360
	FP_ROUTE KC..KB733

TRACK_TIME 1167737286
TRACK A20110117592044 F 373600 1221800 120 30 999 NONE NONE 380
	FP_ROUTE KC..KA320

TRACK_TIME 1167737286
TRACK A20110117592049 F 421300 831960 120 30 999 NONE NONE 370
	FP_ROUTE KC..KE145

TRACK_TIME 1167737286
TRACK A20110117592055 F 295800 951600 120 30 999 NONE NONE 360
	FP_ROUTE KC..KE145

TRACK_TIME 1167737286
TRACK A20110117592057 F 333760 843000 120 30 999 NONE NONE 410
	FP_ROUTE KC..KA319

TRACK_TIME 1167737286
TRACK A20110117592062 F 400300 763460 120 30 999 NONE NONE 370
	FP_ROUTE KC..KB737

TRACK_TIME 1167737286
TRACK A20110117592077 F 404600 1115800 120 30 999 NONE NONE 200
	FP_ROUTE KC..KB737

TRACK_TIME 1167737286
TRACK A20110117592078 F 282260 811900 120 30 999 NONE NONE 330
	FP_ROUTE KC..KB752

TRACK_TIME 1167737286
TRACK A20110117592079 F 293160 982800 120 30 999 NONE NONE 380
	FP_ROUTE KC..KE190

TRACK_TIME 1167737286
TRACK A20110117592080 F 403700 734660 120 30 999 NONE NONE 371
	FP_ROUTE KC..KE135

TRACK_TIME 1167737286
TRACK A20110117592081 F 333900 842860 120 30 999 NONE NONE 230
	FP_ROUTE KC..KB712

TRACK_TIME 1167737286
TRACK A20110117592082 F 333900 843000 120 30 999 NONE NONE 280
	FP_ROUTE KC..KE170

TRACK_TIME 1167737286
TRACK A20110117592084 F 322100 994600 120 30 999 NONE NONE 220
	FP_ROUTE KC..KMD83

TRACK_TIME 1167737286
TRACK A20110117592086 F 371960 1215400 120 30 999 NONE NONE 360
	FP_ROUTE KC..KB712

TRACK_TIME 1167737286
TRACK A20110117592088 F 373600 1221900 120 30 999 NONE NONE 340
	FP_ROUTE KC..KB712

TRACK_TIME 1167737286
TRACK A20110117592096 F 295860 901500 120 30 999 NONE NONE 380
	FP_ROUTE KC..KB712

TRACK_TIME 1167737286
TRACK A20110117592100 F 332560 1115800 120 30 999 NONE NONE 290
	FP_ROUTE KC..KA319

TRACK_TIME 1167737286
TRACK A20110117592101 F 433400 840300 120 30 999 NONE NONE 230
	FP_ROUTE KT..KCRJ2

TRACK_TIME 1167737286
TRACK A20110117592102 F 420000 875500 120 30 999 NONE NONE 200
	FP_ROUTE KC..KA321

TRACK_TIME 1167737286
TRACK A20110117592105 F 414200 712700 120 30 999 NONE NONE 270
	FP_ROUTE KC..KB752

TRACK_TIME 1167737286
TRACK A20110117592109 F 351000 805700 120 30 999 NONE NONE 290
	FP_ROUTE KC..KB752

TRACK_TIME 1167737286
TRACK A20110117592118 F 333700 843100 120 30 999 NONE NONE 370
	FP_ROUTE KC..KMD83

TRACK_TIME 1167737286
TRACK A20110117592128 F 332560 1120400 120 30 999 NONE NONE 410
	FP_ROUTE KC..KA319

TRACK_TIME 1167737286
TRACK A20110117592130 F 335500 1183000 120 30 999 NONE NONE 250
	FP_ROUTE KT..KE145

TRACK_TIME 1167737286
TRACK A20110117592131 F 360460 1151000 120 30 999 NONE NONE 280
	FP_ROUTE KT..KCRJ2

TRACK_TIME 1167737286
TRACK A20110117592132 F 333900 842800 120 30 999 NONE NONE 340
	FP_ROUTE KC..KB737

TRACK_TIME 1167737286
TRACK A20110117592135 F 391060 764300 120 30 999 NONE NONE 230
	FP_ROUTE KC..KLJ45

TRACK_TIME 1167737286
TRACK A20110117592137 F 394800 1044000 120 30 999 NONE NONE 350
	FP_ROUTE KC..KA320

TRACK_TIME 1167737286
TRACK A20110117592143 F 335700 1182500 120 30 999 NONE NONE 390
	FP_ROUTE KC..KA319

TRACK_TIME 1167737286
TRACK A20110117592148 F 302260 841900 120 30 999 NONE NONE 230
	FP_ROUTE KC..KE135

TRACK_TIME 1167737286
TRACK A20110117592149 F 404300 735560 120 30 999 NONE NONE 210
	FP_ROUTE KC..KE190

TRACK_TIME 1167737286
TRACK A20110117592152 F 333760 842700 120 30 999 NONE NONE 220
	FP_ROUTE KC..KE135

TRACK_TIME 1167737286
TRACK A20110117592154 F 445400 931500 120 30 999 NONE NONE 380
	FP_ROUTE KC..KB737

TRACK_TIME 1167737286
TRACK A20110117592155 F 295860 951600 120 30 999 NONE NONE 380
	FP_ROUTE KT..KE145

TRACK_TIME 1167737286
TRACK A20110117592158 F 404900 1120000 120 30 999 NONE NONE 340
	FP_ROUTE KC..KB737

TRACK_TIME 1167737286
TRACK A20110117592159 F 384900 770160 120 30 999 NONE NONE 310
	FP_ROUTE KC..KA319

TRACK_TIME 1167737286
TRACK A20110117592161 F 300000 951900 120 30 999 NONE NONE 340
	FP_ROUTE KT..KCRJ2

TRACK_TIME 1167737286
TRACK A20110117592164 F 394060 861960 120 30 999 NONE NONE 340
	FP_ROUTE KG..KC560

TRACK_TIME 1167737286
TRACK A20110117592172 F 393900 1065400 120 30 999 NONE NONE 330
	FP_ROUTE KC..KB752

TRACK_TIME 1167737286
TRACK A20110117592173 F 333900 1115260 120 30 999 NONE NONE 340
	FP_ROUTE KC..KB712

TRACK_TIME 1167737286
TRACK A20110117592174 F 394660 1043900 120 30 999 NONE NONE 230
	FP_ROUTE KT..KC750

TRACK_TIME 1167737286
TRACK A20110117592178 F 420000 875560 120 30 999 NONE NONE 210
	FP_ROUTE KT..KC560

TRACK_TIME 1167737286
TRACK A20110117592187 F 334200 1175100 120 30 999 NONE NONE 410
	FP_ROUTE KT..KCRJ2

TRACK_TIME 1167737286
TRACK A20110117592190 F 360400 1151060 120 30 999 NONE NONE 270
	FP_ROUTE KT..KC750

TRACK_TIME 1167737286
TRACK A20110117592193 F 354960 784960 120 30 999 NONE NONE 370
	FP_ROUTE KC..KE145

TRACK_TIME 1167737286
TRACK A20110117592194 F 384500 901900 120 30 999 NONE NONE 380
	FP_ROUTE KC..KB752

TRACK_TIME 1167737286
TRACK A20110117592195 F 430600 761060 120 30 999 NONE NONE 330
	FP_ROUTE KC..KMD82

TRACK_TIME 1167737286
TRACK A20110117592206 F 325100 965200 120 30 999 NONE NONE 300
	FP_ROUTE KC..KE135

TRACK_TIME 1167737286
TRACK A20110117592207 F 334000 1014960 120 30 999 NONE NONE 360
	FP_ROUTE KC..KE145

TRACK_TIME 1167737286
TRACK A20110117592212 F 351200 805800 120 30 999 NONE NONE 330
	FP_ROUTE KC..KA320

TRACK_TIME 1167737286
TRACK A20110117592213 F 333700 842700 120 30 999 NONE NONE 220
	FP_ROUTE KC..KB734

TRACK_TIME 1167737286
TRACK A20110117592217 F 415500 724000 120 30 999 NONE NONE 250
	FP_ROUTE KT..KCRJ2

TRACK_TIME 1167737286
TRACK A20110117592222 F 384500 902100 120 30 999 NONE NONE 320
	FP_ROUTE KC..KB737

TRACK_TIME 1167737286
TRACK A20110117592223 F 394900 1044060 120 30 999 NONE NONE 390
	FP_ROUTE KC..KMD83

TRACK_TIME 1167737286
TRACK A20110117592224 F 421300 831960 120 30 999 NONE NONE 320
	FP_ROUTE KC..KB737

TRACK_TIME 1167737286
TRACK A20110117592225 F 425860 875260 120 30 999 NONE NONE 270
	FP_ROUTE KC..KB735

TRACK_TIME 1167737286
TRACK A20110117592231 F 293700 951800 120 30 999 NONE NONE 370
	FP_ROUTE KC..KA320

TRACK_TIME 1167737286
TRACK A20110117592232 F 445200 931060 120 30 999 NONE NONE 390
	FP_ROUTE KC..KE145

TRACK_TIME 1167737286
TRACK A20110117592235 F 243700 811660 120 30 999 NONE NONE 370
	FP_ROUTE KC..KB752

TRACK_TIME 1167737286
TRACK A20110117592239 F 604960 1484600 120 30 999 NONE NONE 360
	FP_ROUTE KC..KB737

TRACK_TIME 1167737286
TRACK A20110117592257 F 425860 875260 120 30 999 NONE NONE 300
	FP_ROUTE KC..KB737

TRACK_TIME 1167737286
TRACK A20110117592260 F 353160 823600 120 30 999 NONE NONE 350
	FP_ROUTE KC..KB737

TRACK_TIME 1167737286
TRACK A20110117592261 F 333760 842860 120 30 999 NONE NONE 330
	FP_ROUTE KC..KB737

TRACK_TIME 1167737286
TRACK A20110117592264 F 394960 1044060 120 30 999 NONE NONE 390
	FP_ROUTE KC..KB737

TRACK_TIME 1167737286
TRACK A20110117592265 F 325400 970160 120 30 999 NONE NONE 340
	FP_ROUTE KC..KB763

TRACK_TIME 1167737286
TRACK A20110117592267 F 351900 942860 120 30 999 NONE NONE 220
	FP_ROUTE KC..KB737

TRACK_TIME 1167737286
TRACK A20110117592268 F 395400 842260 120 30 999 NONE NONE 310
	FP_ROUTE KC..KMD82

TRACK_TIME 1167737286
TRACK A20110117592272 F 374200 1221200 120 30 999 NONE NONE 380
	FP_ROUTE KC..KMD82

TRACK_TIME 1167737286
TRACK A20110117592275 F 295860 901800 120 30 999 NONE NONE 360
	FP_ROUTE KC..KA319

TRACK_TIME 1167737286
TRACK A20110117592278 F 373600 1221960 120 30 999 NONE NONE 380
	FP_ROUTE KC..KB752

TRACK_TIME 1167737286
TRACK A20110117592283 F 334060 1175200 120 30 999 NONE NONE 390
	FP_ROUTE KC..KCRJ2

TRACK_TIME 1167737286
TRACK A20110117592284 F 430600 760900 120 30 999 NONE NONE 220
	FP_ROUTE KC..KB735

TRACK_TIME 1167737286
TRACK A20110117592287 F 282800 811960 120 30 999 NONE NONE 410
	FP_ROUTE KT..KCRJ9

TRACK_TIME 1167737286
TRACK A20110117592288 F 295860 952260 120 30 999 NONE NONE 340
	FP_ROUTE KC..KE170

TRACK_TIME 1167737286
TRACK A20110117592298 F 405860 981900 120 30 999 NONE NONE 330
	FP_ROUTE KC..KB737

TRACK_TIME 1167737286
TRACK A20110117592300 F 260400 801060 120 30 999 NONE NONE 390
	FP_ROUTE KC..KA320

TRACK_TIME 1167737286
TRACK A20110117592302 F 420100 875800 120 30 999 NONE NONE 360
	FP_ROUTE KC..KE145

TRACK_TIME 1167737286
TRACK A20110117592303 F 325500 970100 120 30 999 NONE NONE 380
	FP_ROUTE KC..KB738

TRACK_TIME 1167737286
TRACK A20110117592306 F 421300 831960 120 30 999 NONE NONE 380
	FP_ROUTE KC..KB737

TRACK_TIME 1167737286
TRACK A20110117592309 F 324360 1171000 120 30 999 NONE NONE 410
	FP_ROUTE KC..KB737

TRACK_TIME 1167737286
TRACK A20110117592316 F 293400 983100 120 30 999 NONE NONE 380
	FP_ROUTE KC..KA319

TRACK_TIME 1167737286
TRACK A20110117592318 F 412500 814960 120 30 999 NONE NONE 230
	FP_ROUTE KC..KA319

TRACK_TIME 1167737286
TRACK A20110117592319 F 320760 811600 120 30 999 NONE NONE 330
	FP_ROUTE KT..KCRJ2

TRACK_TIME 1167737286
TRACK A20110117592323 F 325560 970300 120 30 999 NONE NONE 360
	FP_ROUTE KT..KCRJ2

TRACK_TIME 1167737286
TRACK A20110117592327 F 404000 741060 120 30 999 NONE NONE 250
	FP_ROUTE KC..KB739

TRACK_TIME 1167737286
TRACK A20110117592329 F 384300 1213600 120 30 999 NONE NONE 340
	FP_ROUTE KT..KC750

TRACK_TIME 1167737286
TRACK A20110117592332 F 454800 1083160 120 30 999 NONE NONE 340
	FP_ROUTE KT..KCRJ2

TRACK_TIME 1167737286
TRACK A20110117592337 F 260400 801060 120 30 999 NONE NONE 380
	FP_ROUTE KC..KA320

TRACK_TIME 1167737286
TRACK A20110117592339 F 260400 801060 120 30 999 NONE NONE 360
	FP_ROUTE KC..KB737

TRACK_TIME 1167737286
TRACK A20110117592342 F 421360 832200 120 30 999 NONE NONE 350
	FP_ROUTE KC..KA321

TRACK_TIME 1167737286
TRACK A20110117592354 F 384800 770160 120 30 999 NONE NONE 300
	FP_ROUTE KT..KC750

TRACK_TIME 1167737286
TRACK A20110117592360 F 332560 1120300 120 30 999 NONE NONE 360
	FP_ROUTE KC..KA320

TRACK_TIME 1167737286
TRACK A20110117592364 F 403000 801660 120 30 999 NONE NONE 310
	FP_ROUTE KC..KA320

TRACK_TIME 1167737286
TRACK A20110117592366 F 293900 951800 120 30 999 NONE NONE 380
	FP_ROUTE KC..KA320

TRACK_TIME 1167737286
TRACK A20110117592368 F 302800 871200 120 30 999 NONE NONE 370
	FP_ROUTE KC..KB738

TRACK_TIME 1167737286
TRACK A20110117592369 F 325500 970300 120 30 999 NONE NONE 260
	FP_ROUTE KC..KA319

TRACK_TIME 1167737286
TRACK A20110117592370 F 414900 874800 120 30 999 NONE NONE 360
	FP_ROUTE KC..KB737

TRACK_TIME 1167737286
TRACK A20110117592378 F 421360 832200 120 30 999 NONE NONE 350
	FP_ROUTE KT..KCRJ2

TRACK_TIME 1167737286
TRACK A20110117592380 F 372860 771800 120 30 999 NONE NONE 270
	FP_ROUTE KC..KB737

TRACK_TIME 1167737286
TRACK A20110117592390 F 293700 951900 120 30 999 NONE NONE 400
	FP_ROUTE KC..KB737

TRACK_TIME 1167737286
TRACK A20110117592393 F 422100 705860 120 30 999 NONE NONE 370
	FP_ROUTE KC..KB737

TRACK_TIME 1167737286
TRACK A20110117592394 F 351360 805560 120 30 999 NONE NONE 310
	FP_ROUTE KC..KB737

TRACK_TIME 1167737286
TRACK A20110117592395 F 352860 973600 120 30 999 NONE NONE 270
	FP_ROUTE KC..KMD82

TRACK_TIME 1167737286
TRACK A20110117592396 F 324500 1171800 120 30 999 NONE NONE 380
	FP_ROUTE KC..KE170

TRACK_TIME 1167737286
TRACK A20110117592402 F 391060 764300 120 30 999 NONE NONE 330
	FP_ROUTE KC..KA320

TRACK_TIME 1167737286
TRACK A20110117592403 F 362100 955260 120 30 999 NONE NONE 350
	FP_ROUTE KC..KE190

TRACK_TIME 1167737286
TRACK A20110117592411 F 445400 931360 120 30 999 NONE NONE 350
	FP_ROUTE KC..KA320

TRACK_TIME 1167737286
TRACK A20110117592416 F 370700 943100 120 30 999 NONE NONE 380
	FP_ROUTE KC..KA320

TRACK_TIME 1167737286
TRACK A20110117592420 F 335560 1183300 120 30 999 NONE NONE 330
	FP_ROUTE KC..KB738

TRACK_TIME 1167737286
TRACK A20110117592428 F 344960 821960 120 30 999 NONE NONE 300
	FP_ROUTE KC..KB737

TRACK_TIME 1167737286
TRACK A20110117592438 F 392700 743300 120 30 999 NONE NONE 370
	FP_ROUTE KC..KB737

TRACK_TIME 1167737286
TRACK A20110117592439 F 333900 842560 120 30 999 NONE NONE 320
	FP_ROUTE KC..KB752

TRACK_TIME 1167737286
TRACK A20110117592442 F 404800 812860 120 30 999 NONE NONE 280
	FP_ROUTE KC..KMD82

TRACK_TIME 1167737286
TRACK A20110117592443 F 282800 811800 120 30 999 NONE NONE 320
	FP_ROUTE KC..KMD82

TRACK_TIME 1167737286
TRACK A20110117592446 F 260400 801060 120 30 999 NONE NONE 250
	FP_ROUTE KC..KB737

TRACK_TIME 1167737286
TRACK A20110117592447 F 374060 1221060 120 30 999 NONE NONE 320
	FP_ROUTE KC..KB752

TRACK_TIME 1167737286
TRACK A20110117592448 F 260400 801200 120 30 999 NONE NONE 380
	FP_ROUTE KC..KB738

TRACK_TIME 1167737286
TRACK A20110117592449 F 445400 931360 120 30 999 NONE NONE 200
	FP_ROUTE KC..KE145

TRACK_TIME 1167737286
TRACK A20110117592450 F 260400 800700 120 30 999 NONE NONE 320
	FP_ROUTE KC..KE120

TRACK_TIME 1167737286
TRACK A20110117592451 F 421360 832200 120 30 999 NONE NONE 230
	FP_ROUTE KC..KCRJ2

TRACK_TIME 1167737286
TRACK A20110117592458 F 420100 875800 120 30 999 NONE NONE 340
	FP_ROUTE KC..KE120

TRACK_TIME 1167737286
TRACK A20110117592460 F 384500 901900 120 30 999 NONE NONE 280
	FP_ROUTE KT..KC560

TRACK_TIME 1167737286
TRACK A20110117592462 F 441500 1210900 120 30 999 NONE NONE 230
	FP_ROUTE KC..KCRJ2

TRACK_TIME 1167737286
TRACK A20110117592480 F 425700 784300 120 30 999 NONE NONE 210
	FP_ROUTE KT..KE145

TRACK_TIME 1167737286
TRACK A20110117592481 F 424660 735260 120 30 999 NONE NONE 390
	FP_ROUTE KG..KBE9L

TRACK_TIME 1167737286
TRACK A20110117592485 F 430600 760900 120 30 999 NONE NONE 220
	FP_ROUTE KC..KB752

TRACK_TIME 1167737286
TRACK A20110117592500 F 335560 1182200 120 30 999 NONE NONE 240
	FP_ROUTE KC..KE170

TRACK_TIME 1167737286
TRACK A20110117592501 F 282860 811660 120 30 999 NONE NONE 360
	FP_ROUTE KC..KB712

TRACK_TIME 1167737286
TRACK A20110117592504 F 333700 842700 120 30 999 NONE NONE 200
	FP_ROUTE KC..KA320

TRACK_TIME 1167737286
TRACK A20110117592506 F 404200 751900 120 30 999 NONE NONE 330
	FP_ROUTE KC..KB712

TRACK_TIME 1167737286
TRACK A20110117592510 F 373600 1221960 120 30 999 NONE NONE 330
	FP_ROUTE KC..KB738

TRACK_TIME 1167737286
TRACK A20110117592521 F 325260 800000 120 30 999 NONE NONE 300
	FP_ROUTE KC..KB712

TRACK_TIME 1167737286
TRACK A20110117592523 F 394900 1044060 120 30 999 NONE NONE 330
	FP_ROUTE KC..KA320

TRACK_TIME 1167737286
TRACK A20110117592531 F 333900 842800 120 30 999 NONE NONE 180
	FP_ROUTE KC..KE135

TRACK_TIME 1167737286
TRACK A20110117592539 F 424360 734900 120 30 999 NONE NONE 230
	FP_ROUTE KC..KE190

TRACK_TIME 1167737286
TRACK A20110117592542 F 404300 734360 120 30 999 NONE NONE 240
	FP_ROUTE KC..KA320

TRACK_TIME 1167737286
TRACK A20110117592544 F 395200 751660 120 30 999 NONE NONE 410
	FP_ROUTE KC..KB737

TRACK_TIME 1167737286
TRACK A20110117592545 F 332560 1115700 120 30 999 NONE NONE 340
	FP_ROUTE KC..KB737

TRACK_TIME 1167737286
TRACK A20110117592550 F 414800 874660 120 30 999 NONE NONE 360
	FP_ROUTE KT..KE145

TRACK_TIME 1167737286
TRACK A20110117592551 F 395200 751660 120 30 999 NONE NONE 330
	FP_ROUTE KC..KB735

TRACK_TIME 1167737286
TRACK A20110117592556 F 404600 734960 120 30 999 NONE NONE 370
	FP_ROUTE KC..KB752

TRACK_TIME 1167737286
TRACK A20110117592562 F 403000 801800 120 30 999 NONE NONE 240
	FP_ROUTE KC..KA319

TRACK_TIME 1167737286
TRACK A20110117592568 F 333700 842800 120 30 999 NONE NONE 370
	FP_ROUTE KT..KCRJ2

TRACK_TIME 1167737286
TRACK A20110117592569 F 391060 764360 120 30 999 NONE NONE 310
	FP_ROUTE KC..KB738

TRACK_TIME 1167737286
TRACK A20110117592572 F 404500 734960 120 30 999 NONE NONE 290
	FP_ROUTE KC..KB733

TRACK_TIME 1167737286
TRACK A20110117592578 F 420160 875700 120 30 999 NONE NONE 280
	FP_ROUTE KC..KB733

TRACK_TIME 1167737286
TRACK A20110117592579 F 324600 795560 120 30 999 NONE NONE 320
	FP_ROUTE KC..KB712

TRACK_TIME 1167737286
TRACK A20110117592580 F 422100 710100 120 30 999 NONE NONE 190
	FP_ROUTE KC..KE145

TRACK_TIME 1167737286
TRACK A20110117592583 F 380900 843460 120 30 999 NONE NONE 350
	FP_ROUTE KC..KB737

TRACK_TIME 1167737286
TRACK A20110117592587 F 333900 842700 120 30 999 NONE NONE 280
	FP_ROUTE KC..KB737

TRACK_TIME 1167737286
TRACK A20110117592591 F 325500 970160 120 30 999 NONE NONE 400
	FP_ROUTE KC..KA319

TRACK_TIME 1167737286
TRACK A20110117592593 F 391960 944300 120 30 999 NONE NONE 310
	FP_ROUTE KC..KA319

TRACK_TIME 1167737286
TRACK A20110117592596 F 280000 823300 120 30 999 NONE NONE 261
	FP_ROUTE KC..KB752

TRACK_TIME 1167737286
TRACK A20110117592599 F 295860 952100 120 30 999 NONE NONE 360
	FP_ROUTE KC..KA319

TRACK_TIME 1167737286
TRACK A20110117592607 F 373600 1222100 120 30 999 NONE NONE 360
	FP_ROUTE KT..KCRJ9

TRACK_TIME 1167737286
TRACK A20110117592610 F 332560 1115800 120 30 999 NONE NONE 350
	FP_ROUTE KT..KCRJ9

TRACK_TIME 1167737286
TRACK A20110117592615 F 374060 1221060 120 30 999 NONE NONE 370
	FP_ROUTE KC..KB752

TRACK_TIME 1167737286
TRACK A20110117592617 F 333760 843000 120 30 999 NONE NONE 310
	FP_ROUTE KC..KB735

TRACK_TIME 1167737286
TRACK A20110117592618 F 351360 805500 120 30 999 NONE NONE 320
	FP_ROUTE KC..KB735

TRACK_TIME 1167737286
TRACK A20110117592621 F 413460 934300 120 30 999 NONE NONE 260
	FP_ROUTE KG..KFA7X

TRACK_TIME 1167737286
TRACK A20110117592622 F 404900 1115860 120 30 999 NONE NONE 290
	FP_ROUTE KC..KB737

TRACK_TIME 1167737286
TRACK A20110117592629 F 260460 801300 120 30 999 NONE NONE 350
	FP_ROUTE KC..KB737

TRACK_TIME 1167737286
TRACK A20110117592630 F 400000 825560 120 30 999 NONE NONE 300
	FP_ROUTE KC..KB737

TRACK_TIME 1167737286
TRACK A20110117592632 F 350100 895860 120 30 999 NONE NONE 300
	FP_ROUTE KC..KE170

TRACK_TIME 1167737286
TRACK A20110117592633 F 355860 800600 120 30 999 NONE NONE 250
	FP_ROUTE KT..KCRJ2

TRACK_TIME 1167737286
TRACK A20110117592634 F 333900 842700 120 30 999 NONE NONE 260
	FP_ROUTE KC..KB737

TRACK_TIME 1167737286
TRACK A20110117592638 F 355100 784900 120 30 999 NONE NONE 230
	FP_ROUTE KC..KB735

TRACK_TIME 1167737286
TRACK A20110117592642 F 300000 951800 120 30 999 NONE NONE 360
	FP_ROUTE KC..KB735

TRACK_TIME 1167737286
TRACK A20110117592643 F 360400 1150900 120 30 999 NONE NONE 410
	FP_ROUTE KC..KB735

TRACK_TIME 1167737286
TRACK A20110117592645 F 352800 823460 120 30 999 NONE NONE 300
	FP_ROUTE KC..KB752

TRACK_TIME 1167737286
TRACK A20110117592652 F 351360 805800 120 30 999 NONE NONE 290
	FP_ROUTE KT..KCRJ2

TRACK_TIME 1167737286
TRACK A20110117592655 F 371960 1215260 120 30 999 NONE NONE 340
	FP_ROUTE KC..KB752

TRACK_TIME 1167737286
TRACK A20110117592657 F 390700 843900 120 30 999 NONE NONE 280
	FP_ROUTE KC..KE135

TRACK_TIME 1167737286
TRACK A20110117592674 F 393460 841900 120 30 999 NONE NONE 300
	FP_ROUTE KC..KA321

TRACK_TIME 1167737286
TRACK A20110117592675 F 404900 1120000 120 30 999 NONE NONE 360
	FP_ROUTE KC..KB737

TRACK_TIME 1167737286
TRACK A20110117592683 F 403900 741060 120 30 999 NONE NONE 370
	FP_ROUTE KC..KB737

TRACK_TIME 1167737286
TRACK A20110117592690 F 394200 861960 120 30 999 NONE NONE 310
	FP_ROUTE KC..KB752

TRACK_TIME 1167737286
TRACK A20110117592692 F 404500 734960 120 30 999 NONE NONE 390
	FP_ROUTE KC..KA319

TRACK_TIME 1167737286
TRACK A20110117592701 F 332560 1120460 120 30 999 NONE NONE 340
	FP_ROUTE KC..KB737

TRACK_TIME 1167737286
TRACK A20110117592730 F 384900 770160 120 30 999 NONE NONE 370
	FP_ROUTE KC..KB752

TRACK_TIME 1167737286
TRACK A20110117592731 F 360400 1150760 120 30 999 NONE NONE 320
	FP_ROUTE KG..KEA50

TRACK_TIME 1167737286
TRACK A20110117592734 F 341600 775400 120 30 999 NONE NONE 190
	FP_ROUTE KG..KLJ45

TRACK_TIME 1167737286
TRACK A20110117592739 F 325500 970300 120 30 999 NONE NONE 370
	FP_ROUTE KC..KE170

TRACK_TIME 1167737286
TRACK A20110117592741 F 421360 832200 120 30 999 NONE NONE 310
	FP_ROUTE KT..KC560

TRACK_TIME 1167737286
TRACK A20110117592742 F 410160 734060 120 30 999 NONE NONE 330
	FP_ROUTE KC..KB752

TRACK_TIME 1167737286
TRACK A20110117592745 F 394360 1042860 120 30 999 NONE NONE 190
	FP_ROUTE KC..KA320

TRACK_TIME 1167737286
TRACK A20110117592758 F 272200 823100 120 30 999 NONE NONE 380
	FP_ROUTE KC..KB733

TRACK_TIME 1167737286
TRACK A20110117592759 F 390600 844000 120 30 999 NONE NONE 210
	FP_ROUTE KT..KC560

TRACK_TIME 1167737286
TRACK A20110117592760 F 391060 764300 120 30 999 NONE NONE 301
	FP_ROUTE KT..KCRJ9

TRACK_TIME 1167737286
TRACK A20110117592762 F 394200 861960 120 30 999 NONE NONE 400
	FP_ROUTE KC..KB752

TRACK_TIME 1167737286
TRACK A20110117592766 F 275700 823300 120 30 999 NONE NONE 220
	FP_ROUTE KT..KCRJ9

TRACK_TIME 1167737286
TRACK A20110117592769 F 425500 784600 120 30 999 NONE NONE 220
	FP_ROUTE KC..KB738

TRACK_TIME 1167737286
TRACK A20110117592781 F 282400 811900 120 30 999 NONE NONE 330
	FP_ROUTE KC..KB738

TRACK_TIME 1167737286
TRACK A20110117592790 F 393160 1072800 120 30 999 NONE NONE 470
	FP_ROUTE KC..KE170

TRACK_TIME 1167737286
TRACK A20110117592795 F 481960 1141360 120 30 999 NONE NONE 350
	FP_ROUTE KC..KB753

TRACK_TIME 1167737286
TRACK A20110117592806 F 350600 850600 120 30 999 NONE NONE 220
	FP_ROUTE KC..KE170

TRACK_TIME 1167737286
TRACK A20110117592807 F 335700 1182200 120 30 999 NONE NONE 330
	FP_ROUTE KC..KA321

TRACK_TIME 1167737286
TRACK A20110117592819 F 360100 1151300 120 30 999 NONE NONE 250
	FP_ROUTE KC..KB733

TRACK_TIME 1167737286
TRACK A20110117592825 F 325200 970160 120 30 999 NONE NONE 350
	FP_ROUTE KC..KB737

TRACK_TIME 1167737286
TRACK A20110117592827 F 390900 763900 120 30 999 NONE NONE 180
	FP_ROUTE KC..KE170

TRACK_TIME 1167737286
TRACK A20110117592830 F 335500 1183300 120 30 999 NONE NONE 380
	FP_ROUTE KC..KB752

TRACK_TIME 1167737286
TRACK A20110117592839 F 421300 831960 120 30 999 NONE NONE 260
	FP_ROUTE KC..KB733

TRACK_TIME 1167737286
TRACK A20110117592849 F 385860 772560 120 30 999 NONE NONE 370
	FP_ROUTE KC..KA320

TRACK_TIME 1167737286
TRACK A20110117592851 F 421500 831960 120 30 999 NONE NONE 220
	FP_ROUTE KC..KB752

TRACK_TIME 1167737286
TRACK A20110117592854 F 254800 802100 120 30 999 NONE NONE 360
	FP_ROUTE KG..KC550

TRACK_TIME 1167737286
TRACK A20110117592861 F 394660 1044060 120 30 999 NONE NONE 310
	FP_ROUTE KG..KC550

TRACK_TIME 1167737286
TRACK A20110117592866 F 333900 842800 120 30 999 NONE NONE 340
	FP_ROUTE KG..KC550

TRACK_TIME 1167737286
TRACK A20110117592867 F 351360 805800 120 30 999 NONE NONE 370
	FP_ROUTE KC..KB738

TRACK_TIME 1167737286
TRACK A20110117592868 F 473300 1221960 120 30 999 NONE NONE 280
	FP_ROUTE KT..KCRJ2

TRACK_TIME 1167737286
TRACK A20110117592869 F 302860 814360 120 30 999 NONE NONE 320
	FP_ROUTE KC..KA319

TRACK_TIME 1167737286
TRACK A20110117592874 F 430000 875260 120 30 999 NONE NONE 220
	FP_ROUTE KC..KB738

TRACK_TIME 1167737286
TRACK A20110117592883 F 390600 844000 120 30 999 NONE NONE 260
	FP_ROUTE KC..KB733

TRACK_TIME 1167737286
TRACK A20110117592886 F 404000 741060 120 30 999 NONE NONE 390
	FP_ROUTE KC..KE145

TRACK_TIME 1167737286
TRACK A20110117592887 F 275700 824200 120 30 999 NONE NONE 340
	FP_ROUTE KT..KF2TH

TRACK_TIME 1167737286
TRACK A20110117592895 F 391960 944200 120 30 999 NONE NONE 340
	FP_ROUTE KT..KF2TH

TRACK_TIME 1167737286
TRACK A20110117592899 F 335700 1182860 120 30 999 NONE NONE 230
	FP_ROUTE KC..KB733

TRACK_TIME 1167737286
TRACK A20110117592904 F 404000 741060 120 30 999 NONE NONE 350
	FP_ROUTE KT..KE135

TRACK_TIME 1167737286
TRACK A20110117592905 F 394660 1043900 120 30 999 NONE NONE 280
	FP_ROUTE KC..KB712

TRACK_TIME 1167737286
TRACK A20110117592919 F 260400 801060 120 30 999 NONE NONE 360
	FP_ROUTE KC..KB738

TRACK_TIME 1167737286
TRACK A20110117592930 F 373600 1222100 120 30 999 NONE NONE 400
	FP_ROUTE KC..KB733

TRACK_TIME 1167737286
TRACK A20110117592931 F 404600 734960 120 30 999 NONE NONE 370
	FP_ROUTE KT..KCRJ2

TRACK_TIME 1167737286
TRACK A20110117592932 F 302500 890000 120 30 999 NONE NONE 270
	FP_ROUTE KT..KCRJ2

TRACK_TIME 1167737286
TRACK A20110117592937 F 325500 970300 120 30 999 NONE NONE 260
	FP_ROUTE KC..KB733

TRACK_TIME 1167737286
TRACK A20110117592938 F 333900 842860 120 30 999 NONE NONE 370
	FP_ROUTE KC..KB733

TRACK_TIME 1167737286
TRACK A20110117592940 F 351360 805500 120 30 999 NONE NONE 319
	FP_ROUTE KC..KA320

TRACK_TIME 1167737286
TRACK A20110117592945 F 403900 741200 120 30 999 NONE NONE 390
	FP_ROUTE KG..KLJ45

TRACK_TIME 1167737286
TRACK A20110117592946 F 351360 805700 120 30 999 NONE NONE 280
	FP_ROUTE KC..KB739

TRACK_TIME 1167737286
TRACK A20110117592948 F 351360 805500 120 30 999 NONE NONE 290
	FP_ROUTE KC..KMD82

TRACK_TIME 1167737286
TRACK A20110117592957 F 384900 770160 120 30 999 NONE NONE 370
	FP_ROUTE KC..KB737

TRACK_TIME 1167737286
TRACK A20110117592959 F 453460 1223600 120 30 999 NONE NONE 340
	FP_ROUTE KC..KB737

TRACK_TIME 1167737286
TRACK A20110117592971 F 333900 842800 120 30 999 NONE NONE 320
	FP_ROUTE KT..KCRJ1

TRACK_TIME 1167737286
TRACK A20110117592972 F 365200 761360 120 30 999 NONE NONE 330
	FP_ROUTE KC..KB744

TRACK_TIME 1167737286
TRACK A20110117592976 F 404800 1120000 120 30 999 NONE NONE 210
	FP_ROUTE KC..KB752

TRACK_TIME 1167737286
TRACK A20110117592989 F 300760 974060 120 30 999 NONE NONE 370
	FP_ROUTE KC..KB733

TRACK_TIME 1167737286
TRACK A20110117592990 F 334000 1014960 120 30 999 NONE NONE 360
	FP_ROUTE KT..KE145

TRACK_TIME 1167737286
TRACK A20110117592994 F 282700 811660 120 30 999 NONE NONE 400
	FP_ROUTE KT..KE145

TRACK_TIME 1167737286
TRACK A20110117593004 F 415800 875700 120 30 999 NONE NONE 190
	FP_ROUTE KC..KB753

TRACK_TIME 1167737286
TRACK A20110117593016 F 394360 861600 120 30 999 NONE NONE 380
	FP_ROUTE KC..KB733

TRACK_TIME 1167737286
TRACK A20110117593024 F 421960 710100 120 30 999 NONE NONE 350
	FP_ROUTE KC..KMD82

TRACK_TIME 1167737286
TRACK A20110117593027 F 334960 841900 120 30 999 NONE NONE 270
	FP_ROUTE KC..KMD82

TRACK_TIME 1167737286
TRACK A20110117593032 F 384900 770160 120 30 999 NONE NONE 390
	FP_ROUTE KC..KE135

TRACK_TIME 1167737286
TRACK A20110117593033 F 334060 1120700 120 30 999 NONE NONE 190
	FP_ROUTE KC..KE170

TRACK_TIME 1167737286
TRACK A20110117593035 F 333760 842800 120 30 999 NONE NONE 370
	FP_ROUTE KC..KB752

TRACK_TIME 1167737286
TRACK A20110117593037 F 385860 772560 120 30 999 NONE NONE 350
	FP_ROUTE KC..KA319

TRACK_TIME 1167737286
TRACK A20110117593038 F 355200 784900 120 30 999 NONE NONE 240
	FP_ROUTE KC..KB752

TRACK_TIME 1167737286
TRACK A20110117593040 F 413460 835100 120 30 999 NONE NONE 230
	FP_ROUTE KC..KB734

TRACK_TIME 1167737286
TRACK A20110117593041 F 361900 941900 120 30 999 NONE NONE 360
	FP_ROUTE KC..KE145

TRACK_TIME 1167737286
TRACK A20110117593043 F 182560 660100 120 30 999 NONE NONE 350
	FP_ROUTE KT..KCRJ2

TRACK_TIME 1167737286
TRACK A20110117593046 F 300000 951900 120 30 999 NONE NONE 340
	FP_ROUTE KC..KA320

TRACK_TIME 1167737286
TRACK A20110117593049 F 341200 1182400 120 30 999 NONE NONE 320
	FP_ROUTE KC..KA320

TRACK_TIME 1167737286
TRACK A20110117593053 F 360760 795400 120 30 999 NONE NONE 200
	FP_ROUTE KC..KA320

TRACK_TIME 1167737286
TRACK A20110117593054 F 384900 1044060 120 30 999 NONE NONE 350
	FP_ROUTE KC..KB737

TRACK_TIME 1167737286
TRACK A20110117593059 F 393160 1045100 120 30 999 NONE NONE 380
	FP_ROUTE KC..KB737

TRACK_TIME 1167737286
TRACK A20110117593060 F 282860 811800 120 30 999 NONE NONE 350
	FP_ROUTE KC..KE170

TRACK_TIME 1167737286
TRACK A20110117593064 F 403700 734660 120 30 999 NONE NONE 210
	FP_ROUTE KC..KB737

TRACK_TIME 1167737286
TRACK A20110117593065 F 420160 875700 120 30 999 NONE NONE 380
	FP_ROUTE KC..KB737

TRACK_TIME 1167737286
TRACK A20110117593067 F 413400 934200 120 30 999 NONE NONE 280
	FP_ROUTE KC..KB733

TRACK_TIME 1167737286
TRACK A20110117593070 F 372100 1215500 120 30 999 NONE NONE 390
	FP_ROUTE KC..KB737

TRACK_TIME 1167737286
TRACK A20110117593093 F 335500 1183160 120 30 999 NONE NONE 210
	FP_ROUTE KC..KB733

TRACK_TIME 1167737286
TRACK A20110117593099 F 374060 1221060 120 30 999 NONE NONE 340
	FP_ROUTE KC..KB733

TRACK_TIME 1167737286
TRACK A20110117593106 F 350000 895800 120 30 999 NONE NONE 300
	FP_ROUTE KC..KB752

TRACK_TIME 1167737286
TRACK A20110117593116 F 404600 735100 120 30 999 NONE NONE 390
	FP_ROUTE KC..KCRJ2

TRACK_TIME 1167737286
TRACK A20110117593119 F 333900 842800 120 30 999 NONE NONE 240
	FP_ROUTE KC..KB712

TRACK_TIME 1167737286
TRACK A20110117593120 F 424200 734800 120 30 999 NONE NONE 370
	FP_ROUTE KC..KCRJ2

TRACK_TIME 1167737286
TRACK A20110117593122 F 300460 954500 120 30 999 NONE NONE 300
	FP_ROUTE KC..KB752

TRACK_TIME 1167737286
TRACK A20110117593123 F 391060 764360 120 30 999 NONE NONE 390
	FP_ROUTE KC..KB734

TRACK_TIME 1167737286
TRACK A20110117593125 F 404600 735100 120 30 999 NONE NONE 390
	FP_ROUTE KT..KCRJ2

TRACK_TIME 1167737286
TRACK A20110117593126 F 412560 814900 120 30 999 NONE NONE 390
	FP_ROUTE KC..KB737

TRACK_TIME 1167737286
TRACK A20110117593129 F 472800 1221900 120 30 999 NONE NONE 340
	FP_ROUTE KC..KB763

TRACK_TIME 1167737286
TRACK A20110117593130 F 384300 1213600 120 30 999 NONE NONE 350
	FP_ROUTE KC..KB734

TRACK_TIME 1167737286
TRACK A20110117593131 F 422560 705860 120 30 999 NONE NONE 290
	FP_ROUTE KC..KB734

TRACK_TIME 1167737286
TRACK A20110117593133 F 300000 952200 120 30 999 NONE NONE 410
	FP_ROUTE KC..KMD82

TRACK_TIME 1167737286
TRACK A20110117593137 F 421300 831960 120 30 999 NONE NONE 320
	FP_ROUTE KC..KMD82

TRACK_TIME 1167737286
TRACK A20110117593138 F 381000 854300 120 30 999 NONE NONE 260
	FP_ROUTE KC..KB733

TRACK_TIME 1167737286
TRACK A20110117593141 F 293300 983100 120 30 999 NONE NONE 260
	FP_ROUTE KC..KB738

TRACK_TIME 1167737286
TRACK A20110117593144 F 472800 1221900 120 30 999 NONE NONE 360
	FP_ROUTE KC..KA320

TRACK_TIME 1167737286
TRACK A20110117593145 F 302860 870900 120 30 999 NONE NONE 380
	FP_ROUTE KC..KB737

TRACK_TIME 1167737286
TRACK A20110117593147 F 301360 974060 120 30 999 NONE NONE 370
	FP_ROUTE KC..KB738

TRACK_TIME 1167737286
TRACK A20110117593148 F 325200 965200 120 30 999 NONE NONE 200
	FP_ROUTE KC..KA320

TRACK_TIME 1167737286
TRACK A20110117593150 F 360460 1150900 120 30 999 NONE NONE 330
	FP_ROUTE KC..KE145

TRACK_TIME 1167737286
TRACK A20110117593152 F 353160 973700 120 30 999 NONE NONE 230
	FP_ROUTE KT..KCRJ2

TRACK_TIME 1167737286
TRACK A20110117593156 F 394900 1043900 120 30 999 NONE NONE 380
	FP_ROUTE KC..KB737

TRACK_TIME 1167737286
TRACK A20110117593160 F 365200 761360 120 30 999 NONE NONE 350
	FP_ROUTE KC..KB753

TRACK_TIME 1167737286
TRACK A20110117593165 F 422560 705860 120 30 999 NONE NONE 230
	FP_ROUTE KC..KB739

TRACK_TIME 1167737286
TRACK A20110117593167 F 394900 1044060 120 30 999 NONE NONE 290
	FP_ROUTE KC..KB738

TRACK_TIME 1167737286
TRACK A20110117593171 F 263160 813600 120 30 999 NONE NONE 380
	FP_ROUTE KC..KCRJ2

TRACK_TIME 1167737286
TRACK A20110117593173 F 325500 970100 120 30 999 NONE NONE 380
	FP_ROUTE KC..KE145

TRACK_TIME 1167737286
TRACK A20110117593175 F 263460 813160 120 30 999 NONE NONE 380
	FP_ROUTE KT..KCRJ2

TRACK_TIME 1167737286
TRACK A20110117593178 F 403700 734660 120 30 999 NONE NONE 350
	FP_ROUTE KC..KE120

TRACK_TIME 1167737286
TRACK A20110117593182 F 371600 795560 120 30 999 NONE NONE 250
	FP_ROUTE KC..KB734

TRACK_TIME 1167737286
TRACK A20110117593183 F 333900 842860 120 30 999 NONE NONE 220
	FP_ROUTE KT..KCRJ2

TRACK_TIME 1167737286
TRACK A20110117593186 F 341060 1181500 120 30 999 NONE NONE 330
	FP_ROUTE KT..KCRJ9

TRACK_TIME 1167737286
TRACK A20110117593188 F 350400 895860 120 30 999 NONE NONE 310
	FP_ROUTE KC..KB763

TRACK_TIME 1167737286
TRACK A20110117593191 F 335500 1183400 120 30 999 NONE NONE 340
	FP_ROUTE KC..KCRJ9

TRACK_TIME 1167737286
TRACK A20110117593211 F 325560 970100 120 30 999 NONE NONE 340
	FP_ROUTE KC..KB733

TRACK_TIME 1167737286
TRACK A20110117593212 F 333760 843000 120 30 999 NONE NONE 350
	FP_ROUTE KC..KB733

TRACK_TIME 1167737286
TRACK A20110117593213 F 403000 801200 120 30 999 NONE NONE 350
	FP_ROUTE KC..KB733

TRACK_TIME 1167737286
TRACK A20110117593214 F 403000 801660 120 30 999 NONE NONE 370
	FP_ROUTE KC..KB737

TRACK_TIME 1167737286
TRACK A20110117593218 F 403700 734300 120 30 999 NONE NONE 390
	FP_ROUTE KC..KMD82

TRACK_TIME 1167737286
TRACK A20110117593219 F 445260 931060 120 30 999 NONE NONE 310
	FP_ROUTE KT..KCRJ9

TRACK_TIME 1167737286
TRACK A20110117593228 F 445400 931360 120 30 999 NONE NONE 370
	FP_ROUTE KT..KCRJ2

TRACK_TIME 1167737286
TRACK A20110117593229 F 404600 735100 120 30 999 NONE NONE 350
	FP_ROUTE KG..KBE20

TRACK_TIME 1167737286
TRACK A20110117593231 F 421360 832100 120 30 999 NONE NONE 350
	FP_ROUTE KG..KBE20

TRACK_TIME 1167737286
TRACK A20110117593244 F 381200 854360 120 30 999 NONE NONE 320
	FP_ROUTE KG..KBE20

TRACK_TIME 1167737286
TRACK A20110117593245 F 404800 1120000 120 30 999 NONE NONE 330
	FP_ROUTE KC..KB737

TRACK_TIME 1167737286
TRACK A20110117593255 F 333700 842860 120 30 999 NONE NONE 190
	FP_ROUTE KC..KB733

TRACK_TIME 1167737286
TRACK A20110117593260 F 422800 963400 120 30 999 NONE NONE 220
	FP_ROUTE KC..KA319

TRACK_TIME 1167737286
TRACK A20110117593264 F 440000 1030160 120 30 999 NONE NONE 320
	FP_ROUTE KC..KA320

TRACK_TIME 1167737286
TRACK A20110117593265 F 300700 974000 120 30 999 NONE NONE 350
	FP_ROUTE KT..KCRJ2

TRACK_TIME 1167737286
TRACK A20110117593273 F 335700 1182700 120 30 999 NONE NONE 360
	FP_ROUTE KC..KB738

TRACK_TIME 1167737286
TRACK A20110117593276 F 333900 842800 120 30 999 NONE NONE 330
	FP_ROUTE KG..KBE9L

TRACK_TIME 1167737286
TRACK A20110117593277 F 363160 822100 120 30 999 NONE NONE 370
	FP_ROUTE KG..KBE9L

TRACK_TIME 1167737286
TRACK A20110117593297 F 262700 820100 120 30 999 NONE NONE 400
	FP_ROUTE KC..KE190

TRACK_TIME 1167737286
TRACK A20110117593301 F 335560 1182400 120 30 999 NONE NONE 340
	FP_ROUTE KC..KE120

TRACK_TIME 1167737286
TRACK A20110117593303 F 373600 1221960 120 30 999 NONE NONE 380
	FP_ROUTE KC..KE145

TRACK_TIME 1167737286
TRACK A20110117593308 F 420100 875560 120 30 999 NONE NONE 300
	FP_ROUTE KC..KB738

TRACK_TIME 1167737286
TRACK A20110117593324 F 351360 805800 120 30 999 NONE NONE 310
	FP_ROUTE KC..KB712

TRACK_TIME 1167737286
TRACK A20110117593325 F 360460 1151000 120 30 999 NONE NONE 380
	FP_ROUTE KC..KB737

TRACK_TIME 1167737286
TRACK A20110117593329 F 260460 801300 120 30 999 NONE NONE 340
	FP_ROUTE KC..KB737

TRACK_TIME 1167737286
TRACK A20110117593332 F 420100 875260 120 30 999 NONE NONE 300
	FP_ROUTE KC..KC560

TRACK_TIME 1167737286
TRACK A20110117593333 F 333760 842800 120 30 999 NONE NONE 290
	FP_ROUTE KC..KB733

TRACK_TIME 1167737286
TRACK A20110117593337 F 295860 951660 120 30 999 NONE NONE 220
	FP_ROUTE KC..KA319

TRACK_TIME 1167737286
TRACK A20110117593338 F 433400 1161500 120 30 999 NONE NONE 370
	FP_ROUTE KC..KA320

TRACK_TIME 1167737286
TRACK A20110117593340 F 453400 1223300 120 30 999 NONE NONE 320
	FP_ROUTE KC..KF900

TRACK_TIME 1167737286
TRACK A20110117593345 F 332560 1115860 120 30 999 NONE NONE 310
	FP_ROUTE KC..KB737

TRACK_TIME 1167737286
TRACK A20110117593346 F 332560 1115700 120 30 999 NONE NONE 270
	FP_ROUTE KC..KB737

TRACK_TIME 1167737286
TRACK A20110117593359 F 360400 795860 120 30 999 NONE NONE 270
	FP_ROUTE KC..KB737

TRACK_TIME 1167737286
TRACK A20110117593360 F 333760 842800 120 30 999 NONE NONE 350
	FP_ROUTE KC..KB737

TRACK_TIME 1167737286
TRACK A20110117593361 F 404500 1115800 120 30 999 NONE NONE 370
	FP_ROUTE KC..KB737

TRACK_TIME 1167737286
TRACK A20110117593365 F 333900 842860 120 30 999 NONE NONE 320
	FP_ROUTE KC..KA320

TRACK_TIME 1167737286
TRACK A20110117593371 F 333700 842860 120 30 999 NONE NONE 200
	FP_ROUTE KC..KCRJ2

TRACK_TIME 1167737286
TRACK A20110117593375 F 390600 844000 120 30 999 NONE NONE 210
	FP_ROUTE KT..KE145

TRACK_TIME 1167737286
TRACK A20110117593380 F 373600 1222100 120 30 999 NONE NONE 340
	FP_ROUTE KC..KCL60

TRACK_TIME 1167737286
TRACK A20110117593384 F 581960 1343100 120 30 999 NONE NONE 360
	FP_ROUTE KC..KCL60

TRACK_TIME 1167737286
TRACK A20110117593389 F 412500 814960 120 30 999 NONE NONE 240
	FP_ROUTE KG..KC510

TRACK_TIME 1167737286
TRACK A20110117593390 F 272200 823100 120 30 999 NONE NONE 340
	FP_ROUTE KC..KB734

TRACK_TIME 1167737286
TRACK A20110117593419 F 394900 1044060 120 30 999 NONE NONE 370
	FP_ROUTE KC..KB734

TRACK_TIME 1167737286
TRACK A20110117593420 F 182560 660100 120 30 999 NONE NONE 390
	FP_ROUTE KT..KE145

TRACK_TIME 1167737286
TRACK A20110117593421 F 373600 1221900 120 30 999 NONE NONE 360
	FP_ROUTE KC..KB712

TRACK_TIME 1167737286
TRACK A20110117593425 F 340000 1174360 120 30 999 NONE NONE 370
	FP_ROUTE KC..KB737

TRACK_TIME 1167737286
TRACK A20110117593431 F 350000 895860 120 30 999 NONE NONE 250
	FP_ROUTE KC..KB752

TRACK_TIME 1167737286
TRACK A20110117593435 F 394660 1044000 120 30 999 NONE NONE 380
	FP_ROUTE KC..KE170

TRACK_TIME 1167737286
TRACK A20110117593437 F 324660 970000 120 30 999 NONE NONE 310
	FP_ROUTE KC..KB752

TRACK_TIME 1167737286
TRACK A20110117593440 F 332700 1120400 120 30 999 NONE NONE 390
	FP_ROUTE KC..KB737

TRACK_TIME 1167737286
TRACK A20110117593441 F 300000 952400 120 30 999 NONE NONE 270
	FP_ROUTE KC..KB737

TRACK_TIME 1167737286
TRACK A20110117593448 F 355200 784900 120 30 999 NONE NONE 330
	FP_ROUTE KC..KB737

TRACK_TIME 1167737286
TRACK A20110117593449 F 403900 741060 120 30 999 NONE NONE 370
	FP_ROUTE KC..KB737

TRACK_TIME 1167737286
TRACK A20110117593450 F 351360 805800 120 30 999 NONE NONE 330
	FP_ROUTE KC..KB737

TRACK_TIME 1167737286
TRACK A20110117593452 F 390460 844000 120 30 999 NONE NONE 390
	FP_ROUTE KC..KB737

TRACK_TIME 1167737286
TRACK A20110117593453 F 403000 801660 120 30 999 NONE NONE 330
	FP_ROUTE KC..KA321

TRACK_TIME 1167737286
TRACK A20110117593454 F 332560 1120400 120 30 999 NONE NONE 400
	FP_ROUTE KC..KB738

TRACK_TIME 1167737286
TRACK A20110117593455 F 350300 895800 120 30 999 NONE NONE 280
	FP_ROUTE KC..KB738

TRACK_TIME 1167737286
TRACK A20110117593456 F 351200 805800 120 30 999 NONE NONE 370
	FP_ROUTE KC..KB734

TRACK_TIME 1167737286
TRACK A20110117593460 F 360160 800000 120 30 999 NONE NONE 370
	FP_ROUTE KT..KCRJ2

TRACK_TIME 1167737286
TRACK A20110117593477 F 395100 751960 120 30 999 NONE NONE 210
	FP_ROUTE KT..KCRJ2

TRACK_TIME 1167737286
TRACK A20110117593478 F 404800 1120000 120 30 999 NONE NONE 320
	FP_ROUTE KC..KE190

TRACK_TIME 1167737286
TRACK A20110117593481 F 355100 784960 120 30 999 NONE NONE 270
	FP_ROUTE KT..KDH8D

TRACK_TIME 1167737286
TRACK A20110117593482 F 404600 735260 120 30 999 NONE NONE 210
	FP_ROUTE KT..KCRJ2

TRACK_TIME 1167737286
TRACK A20110117593483 F 332560 1120400 120 30 999 NONE NONE 390
	FP_ROUTE KC..KE145

TRACK_TIME 1167737286
TRACK A20110117593488 F 300000 952400 120 30 999 NONE NONE 300
	FP_ROUTE KC..KB737

TRACK_TIME 1167737286
TRACK A20110117593493 F 473760 1173100 120 30 999 NONE NONE 210
	FP_ROUTE KC..KA320

TRACK_TIME 1167737286
TRACK A20110117593494 F 325500 970160 120 30 999 NONE NONE 400
	FP_ROUTE KC..KCRJ2

TRACK_TIME 1167737286
TRACK A20110117593496 F 403700 734660 120 30 999 NONE NONE 370
	FP_ROUTE KC..KCRJ9

TRACK_TIME 1167737286
TRACK A20110117593500 F 394900 1043900 120 30 999 NONE NONE 401
	FP_ROUTE KC..KB712

TRACK_TIME 1167737286
TRACK A20110117593513 F 352560 973700 120 30 999 NONE NONE 220
	FP_ROUTE KC..KB738

TRACK_TIME 1167737286
TRACK A20110117593514 F 373900 972560 120 30 999 NONE NONE 210
	FP_ROUTE KC..KB737

TRACK_TIME 1167737286
TRACK A20110117593520 F 414900 874800 120 30 999 NONE NONE 360
	FP_ROUTE KG..KC560

TRACK_TIME 1167737286
TRACK A20110117593524 F 325500 970460 120 30 999 NONE NONE 330
	FP_ROUTE KC..KB733

TRACK_TIME 1167737286
TRACK A20110117593526 F 385860 772800 120 30 999 NONE NONE 410
	FP_ROUTE KC..KB733

TRACK_TIME 1167737286
TRACK A20110117593527 F 465260 964900 120 30 999 NONE NONE 260
	FP_ROUTE KC..KB733

TRACK_TIME 1167737286
TRACK A20110117593531 F 472860 1221900 120 30 999 NONE NONE 400
	FP_ROUTE KC..KB733

TRACK_TIME 1167737286
TRACK A20110117593535 F 352260 785260 120 30 999 NONE NONE 190
	FP_ROUTE KC..KE145

TRACK_TIME 1167737286
TRACK A20110117593536 F 303400 910600 120 30 999 NONE NONE 300
	FP_ROUTE KC..KB763

TRACK_TIME 1167737286
TRACK A20110117593537 F 333700 843000 120 30 999 NONE NONE 290
	FP_ROUTE KC..KB752

TRACK_TIME 1167737286
TRACK A20110117593542 F 442560 730600 120 30 999 NONE NONE 310
	FP_ROUTE KC..KB734

TRACK_TIME 1167737286
TRACK A20110117593557 F 400000 825700 120 30 999 NONE NONE 240
	FP_ROUTE KC..KE170

TRACK_TIME 1167737286
TRACK A20110117593558 F 325500 970160 120 30 999 NONE NONE 400
	FP_ROUTE KC..KA319

TRACK_TIME 1167737286
TRACK A20110117593566 F 393760 1065500 120 30 999 NONE NONE 240
	FP_ROUTE KC..KE170

TRACK_TIME 1167737286
TRACK A20110117593572 F 282500 811660 120 30 999 NONE NONE 340
	FP_ROUTE KG..KBE20

TRACK_TIME 1167737286
TRACK A20110117593574 F 420000 875700 120 30 999 NONE NONE 350
	FP_ROUTE KG..KBE20

TRACK_TIME 1167737286
TRACK A20110117593581 F 395560 1044060 120 30 999 NONE NONE 410
	FP_ROUTE KT..KCRJ9

TRACK_TIME 1167737286
TRACK A20110117593582 F 282860 811960 120 30 999 NONE NONE 280
	FP_ROUTE KC..KA320

TRACK_TIME 1167737286
TRACK A20110117593587 F 332560 1120460 120 30 999 NONE NONE 330
	FP_ROUTE KC..KB737

TRACK_TIME 1167737286
TRACK A20110117593591 F 395200 751660 120 30 999 NONE NONE 370
	FP_ROUTE KC..KB737

TRACK_TIME 1167737286
TRACK A20110117593592 F 404000 734800 120 30 999 NONE NONE 370
	FP_ROUTE KC..KB737

TRACK_TIME 1167737286
TRACK A20110117593596 F 620400 1631660 120 30 999 NONE NONE 300
	FP_ROUTE KC..KB762

TRACK_TIME 1167737286
TRACK A20110117593599 F 350300 895800 120 30 999 NONE NONE 240
	FP_ROUTE KC..KE145

TRACK_TIME 1167737286
TRACK A20110117593606 F 365100 761360 120 30 999 NONE NONE 270
	FP_ROUTE KC..KE190

TRACK_TIME 1167737286
TRACK A20110117593607 F 332560 1120400 120 30 999 NONE NONE 320
	FP_ROUTE KG..KLJ45

TRACK_TIME 1167737286
TRACK A20110117593616 F 330760 1171500 120 30 999 NONE NONE 210
	FP_ROUTE KC..KCRJ2

TRACK_TIME 1167737286
TRACK A20110117593623 F 333700 842860 120 30 999 NONE NONE 331
	FP_ROUTE KG..KLJ45

TRACK_TIME 1167737286
TRACK A20110117593627 F 325560 800100 120 30 999 NONE NONE 300
	FP_ROUTE KC..KA320

TRACK_TIME 1167737286
TRACK A20110117593641 F 384900 770160 120 30 999 NONE NONE 180
	FP_ROUTE KG..KLJ45

TRACK_TIME 1167737286
TRACK A20110117593650 F 351200 805560 120 30 999 NONE NONE 300
	FP_ROUTE KC..KMD82

TRACK_TIME 1167737286
TRACK A20110117593651 F 302860 814300 120 30 999 NONE NONE 240
	FP_ROUTE KC..KB752

TRACK_TIME 1167737286
TRACK A20110117593652 F 300000 951800 120 30 999 NONE NONE 340
	FP_ROUTE KG..KC560

TRACK_TIME 1167737286
TRACK A20110117593654 F 302800 871300 120 30 999 NONE NONE 290
	FP_ROUTE KG..KC560

TRACK_TIME 1167737286
TRACK A20110117593655 F 350400 895860 120 30 999 NONE NONE 280
	FP_ROUTE KC..KCRJ2

TRACK_TIME 1167737286
TRACK A20110117593656 F 472700 1221800 120 30 999 NONE NONE 320
	FP_ROUTE KC..KE135

TRACK_TIME 1167737286
TRACK A20110117593657 F 301800 872200 120 30 999 NONE NONE 260
	FP_ROUTE KC..KB712

TRACK_TIME 1167737286
TRACK A20110117593658 F 322560 944600 120 30 999 NONE NONE 260
	FP_ROUTE KC..KA319

TRACK_TIME 1167737286
TRACK A20110117593663 F 605560 1484900 120 30 999 NONE NONE 400
	FP_ROUTE KC..KA319

TRACK_TIME 1167737286
TRACK A20110117593668 F 391360 963600 120 30 999 NONE NONE 370
	FP_ROUTE KC..KE145

TRACK_TIME 1167737286
TRACK A20110117593671 F 391300 764300 120 30 999 NONE NONE 390
	FP_ROUTE KC..KB752

TRACK_TIME 1167737286
TRACK A20110117593674 F 404000 734600 120 30 999 NONE NONE 250
	FP_ROUTE KC..KA319

TRACK_TIME 1167737286
TRACK A20110117593676 F 414900 874660 120 30 999 NONE NONE 350
	FP_ROUTE KC..KE145

TRACK_TIME 1167737286
TRACK A20110117593677 F 420160 875700 120 30 999 NONE NONE 360
	FP_ROUTE KC..KE135

TRACK_TIME 1167737286
TRACK A20110117593680 F 415260 914660 120 30 999 NONE NONE 300
	FP_ROUTE KC..KA320

TRACK_TIME 1167737286
TRACK A20110117593682 F 394800 1044000 120 30 999 NONE NONE 360
	FP_ROUTE KC..KCRJ2

TRACK_TIME 1167737286
TRACK A20110117593683 F 282400 811900 120 30 999 NONE NONE 410
	FP_ROUTE KC..KB712

TRACK_TIME 1167737286
TRACK A20110117593688 F 433900 702260 120 30 999 NONE NONE 290
	FP_ROUTE KC..KE170

TRACK_TIME 1167737286
TRACK A20110117593689 F 405400 812700 120 30 999 NONE NONE 330
	FP_ROUTE KC..KA319

TRACK_TIME 1167737286
TRACK A20110117593690 F 453460 1223460 120 30 999 NONE NONE 400
	FP_ROUTE KC..KA319

TRACK_TIME 1167737286
TRACK A20110117593695 F 325400 970100 120 30 999 NONE NONE 380
	FP_ROUTE KC..KB712

TRACK_TIME 1167737286
TRACK A20110117593697 F 433300 1161000 120 30 999 NONE NONE 370
	FP_ROUTE KC..KB738

TRACK_TIME 1167737286
TRACK A20110117593699 F 393900 1065400 120 30 999 NONE NONE 380
	FP_ROUTE KC..KB733

TRACK_TIME 1167737286
TRACK A20110117593705 F 333900 842700 120 30 999 NONE NONE 300
	FP_ROUTE KT..KE145

TRACK_TIME 1167737286
TRACK A20110117593707 F 333760 842700 120 30 999 NONE NONE 330
	FP_ROUTE KC..KB733

TRACK_TIME 1167737286
TRACK A20110117593713 F 360460 1150900 120 30 999 NONE NONE 340
	FP_ROUTE KC..KB752

TRACK_TIME 1167737286
TRACK A20110117593717 F 421300 831960 120 30 999 NONE NONE 340
	FP_ROUTE KC..KCRJ2

TRACK_TIME 1167737286
TRACK A20110117593724 F 300000 951660 120 30 999 NONE NONE 379
	FP_ROUTE KC..KB737

TRACK_TIME 1167737286
TRACK A20110117593734 F 420100 875500 120 30 999 NONE NONE 340
	FP_ROUTE KC..KB737

TRACK_TIME 1167737286
TRACK A20110117593735 F 282860 811900 120 30 999 NONE NONE 360
	FP_ROUTE KC..KB737

TRACK_TIME 1167737286
TRACK A20110117593736 F 275560 823300 120 30 999 NONE NONE 260
	FP_ROUTE KC..KB737

TRACK_TIME 1167737286
TRACK A20110117593741 F 350400 895860 120 30 999 NONE NONE 310
	FP_ROUTE KC..KB733

TRACK_TIME 1167737286
TRACK A20110117593743 F 414800 874660 120 30 999 NONE NONE 360
	FP_ROUTE KC..KB733

TRACK_TIME 1167737286
TRACK A20110117593744 F 421300 831960 120 30 999 NONE NONE 370
	FP_ROUTE KT..KE145

TRACK_TIME 1167737286
TRACK A20110117593745 F 415400 724360 120 30 999 NONE NONE 350
	FP_ROUTE KC..KB737

TRACK_TIME 1167737286
TRACK A20110117593749 F 333900 842700 120 30 999 NONE NONE 240
	FP_ROUTE KC..KA320

TRACK_TIME 1167737286
TRACK A20110117593750 F 400000 825700 120 30 999 NONE NONE 250
	FP_ROUTE KC..KA319

TRACK_TIME 1167737286
TRACK A20110117593752 F 421360 832200 120 30 999 NONE NONE 390
	FP_ROUTE KC..KA319

TRACK_TIME 1167737286
TRACK A20110117593758 F 325400 970460 120 30 999 NONE NONE 270
	FP_ROUTE KC..KB737

TRACK_TIME 1167737286
TRACK A20110117593759 F 325260 970400 120 30 999 NONE NONE 330
	FP_ROUTE KC..KA320

TRACK_TIME 1167737286
TRACK A20110117593761 F 181960 650160 120 30 999 NONE NONE 410
	FP_ROUTE KT..KCRJ2

TRACK_TIME 1167737286
TRACK A20110117593762 F 333760 842860 120 30 999 NONE NONE 370
	FP_ROUTE KC..KE145

TRACK_TIME 1167737286
TRACK A20110117593764 F 333760 842860 120 30 999 NONE NONE 330
	FP_ROUTE KC..KMD82

TRACK_TIME 1167737286
TRACK A20110117593768 F 420100 875500 120 30 999 NONE NONE 320
	FP_ROUTE KC..KB737

TRACK_TIME 1167737286
TRACK A20110117593769 F 391060 764360 120 30 999 NONE NONE 350
	FP_ROUTE KC..KA321

TRACK_TIME 1167737286
TRACK A20110117593770 F 394060 861960 120 30 999 NONE NONE 200
	FP_ROUTE KC..KA319

TRACK_TIME 1167737286
TRACK A20110117593772 F 391060 764300 120 30 999 NONE NONE 330
	FP_ROUTE KC..KB744

TRACK_TIME 1167737286
TRACK A20110117593773 F 405400 812860 120 30 999 NONE NONE 390
	FP_ROUTE KC..KE170

TRACK_TIME 1167737286
TRACK A20110117593775 F 425860 875260 120 30 999 NONE NONE 340
	FP_ROUTE KT..KE145

TRACK_TIME 1167737286
TRACK A20110117593778 F 333760 842860 120 30 999 NONE NONE 320
	FP_ROUTE KC..KB752

TRACK_TIME 1167737286
TRACK A20110117593780 F 404500 734960 120 30 999 NONE NONE 330
	FP_ROUTE KC..KB733

TRACK_TIME 1167737286
TRACK A20110117593781 F 395200 751660 120 30 999 NONE NONE 330
	FP_ROUTE KC..KA319

TRACK_TIME 1167737286
TRACK A20110117593783 F 361000 863900 120 30 999 NONE NONE 280
	FP_ROUTE KC..KA320

TRACK_TIME 1167737286
TRACK A20110117593784 F 333900 842700 120 30 999 NONE NONE 400
	FP_ROUTE KC..KB738

TRACK_TIME 1167737286
TRACK A20110117593786 F 394060 842200 120 30 999 NONE NONE 320
	FP_ROUTE KC..KB763

TRACK_TIME 1167737286
TRACK A20110117593789 F 391060 764300 120 30 999 NONE NONE 360
	FP_ROUTE KC..KB737

TRACK_TIME 1167737286
TRACK A20110117593794 F 260460 801300 120 30 999 NONE NONE 390
	FP_ROUTE KC..KB752

TRACK_TIME 1167737286
TRACK A20110117593807 F 282260 811660 120 30 999 NONE NONE 360
	FP_ROUTE KG..KCL60

TRACK_TIME 1167737286
TRACK A20110117593808 F 403000 801660 120 30 999 NONE NONE 200
	FP_ROUTE KC..KE145

TRACK_TIME 1167737286
TRACK A20110117593809 F 361500 955260 120 30 999 NONE NONE 290
	FP_ROUTE KC..KE145

TRACK_TIME 1167737286
TRACK A20110117593811 F 182560 660160 120 30 999 NONE NONE 370
	FP_ROUTE KC..KE145

TRACK_TIME 1167737286
TRACK A20110117593812 F 352500 973600 120 30 999 NONE NONE 360
	FP_ROUTE KT..KCRJ2

TRACK_TIME 1167737286
TRACK A20110117593813 F 425860 875260 120 30 999 NONE NONE 390
	FP_ROUTE KC..KB737

TRACK_TIME 1167737286
TRACK A20110117593814 F 400600 1043900 120 30 999 NONE NONE 320
	FP_ROUTE KC..KB737

TRACK_TIME 1167737286
TRACK A20110117593815 F 333760 842800 120 30 999 NONE NONE 410
	FP_ROUTE KC..KB712

TRACK_TIME 1167737286
TRACK A20110117593816 F 404500 735400 120 30 999 NONE NONE 330
	FP_ROUTE KC..KB737

TRACK_TIME 1167737286
TRACK A20110117593817 F 360460 1151300 120 30 999 NONE NONE 380
	FP_ROUTE KG..KC550

TRACK_TIME 1167737286
TRACK A20110117593819 F 404660 742560 120 30 999 NONE NONE 310
	FP_ROUTE KC..KB737

TRACK_TIME 1167737286
TRACK A20110117593826 F 472800 1221900 120 30 999 NONE NONE 340
	FP_ROUTE KC..KB737

TRACK_TIME 1167737286
TRACK A20110117593848 F 334960 841960 120 30 999 NONE NONE 250
	FP_ROUTE KC..KA320

TRACK_TIME 1167737286
TRACK A20110117593849 F 303100 902700 120 30 999 NONE NONE 180
	FP_ROUTE KC..KB734

TRACK_TIME 1167737286
TRACK A20110117593853 F 335400 1183000 120 30 999 NONE NONE 270
	FP_ROUTE KC..KMD82

TRACK_TIME 1167737286
TRACK A20110117593855 F 360700 864000 120 30 999 NONE NONE 360
	FP_ROUTE KC..KB738

TRACK_TIME 1167737286
TRACK A20110117593870 F 445400 931500 120 30 999 NONE NONE 340
	FP_ROUTE KG..KLJ35

TRACK_TIME 1167737286
TRACK A20110117593879 F 282860 811660 120 30 999 NONE NONE 370
	FP_ROUTE KG..KBE20

TRACK_TIME 1167737286
TRACK A20110117593885 F 373600 1221960 120 30 999 NONE NONE 340
	FP_ROUTE KC..KMD83

TRACK_TIME 1167737286
TRACK A20110117593887 F 395200 751660 120 30 999 NONE NONE 250
	FP_ROUTE KC..KB762

TRACK_TIME 1167737286
TRACK A20110117593894 F 391960 944300 120 30 999 NONE NONE 350
	FP_ROUTE KC..KB734

TRACK_TIME 1167737286
TRACK A20110117593899 F 391800 944200 120 30 999 NONE NONE 320
	FP_ROUTE KC..KB738

TRACK_TIME 1167737286
TRACK A20110117593900 F 264060 801060 120 30 999 NONE NONE 380
	FP_ROUTE KC..KA320

TRACK_TIME 1167737286
TRACK A20110117593904 F 263300 814360 120 30 999 NONE NONE 360
	FP_ROUTE KC..KA319

TRACK_TIME 1167737286
TRACK A20110117593905 F 403700 734660 120 30 999 NONE NONE 350
	FP_ROUTE KC..KB752

TRACK_TIME 1167737286
TRACK A20110117593908 F 380160 843760 120 30 999 NONE NONE 270
	FP_ROUTE KC..KA320

TRACK_TIME 1167737286
TRACK A20110117593909 F 333900 842860 120 30 999 NONE NONE 230
	FP_ROUTE KG..KBE20

TRACK_TIME 1167737286
TRACK A20110117593910 F 273100 992800 120 30 999 NONE NONE 320
	FP_ROUTE KG..KBE20

TRACK_TIME 1167737286
TRACK A20110117593912 F 311900 923160 120 30 999 NONE NONE 270
	FP_ROUTE KG..KBE20

TRACK_TIME 1167737286
TRACK A20110117593917 F 584000 1563160 120 30 999 NONE NONE 200
	FP_ROUTE KG..KBE20

TRACK_TIME 1167737286
TRACK A20110117593922 F 405860 1240700 120 30 999 NONE NONE 220
	FP_ROUTE KC..KB734

TRACK_TIME 1167737286
TRACK A20110117593923 F 373600 1222100 120 30 999 NONE NONE 229
	FP_ROUTE KC..KE145

TRACK_TIME 1167737286
TRACK A20110117593928 F 412560 814900 120 30 999 NONE NONE 280
	FP_ROUTE KC..KB737

TRACK_TIME 1167737286
TRACK A20110117593937 F 321800 862700 120 30 999 NONE NONE 200
	FP_ROUTE KC..KB737

TRACK_TIME 1167737286
TRACK A20110117593945 F 404500 1115800 120 30 999 NONE NONE 370
	FP_ROUTE KC..KB737

TRACK_TIME 1167737286
TRACK A20110117593947 F 300000 951960 120 30 999 NONE NONE 340
	FP_ROUTE KC..KB752

TRACK_TIME 1167737286
TRACK A20110117593948 F 385260 772560 120 30 999 NONE NONE 350
	FP_ROUTE KG..KBE9L

TRACK_TIME 1167737286
TRACK A20110117593950 F 333160 864800 120 30 999 NONE NONE 310
	FP_ROUTE KC..KB752

TRACK_TIME 1167737286
TRACK A20110117593956 F 390460 844000 120 30 999 NONE NONE 330
	FP_ROUTE KC..KB738

TRACK_TIME 1167737286
TRACK A20110117593960 F 262500 815860 120 30 999 NONE NONE 390
	FP_ROUTE KC..KB752

TRACK_TIME 1167737286
TRACK A20110117593961 F 445400 931500 120 30 999 NONE NONE 360
	FP_ROUTE KC..KA320

TRACK_TIME 1167737286
TRACK A20110117593962 F 260460 801360 120 30 999 NONE NONE 300
	FP_ROUTE KG..KLJ35

TRACK_TIME 1167737286
TRACK A20110117593964 F 403600 734660 120 30 999 NONE NONE 270
	FP_ROUTE KT..KCRJ2

TRACK_TIME 1167737286
TRACK A20110117593965 F 354960 785100 120 30 999 NONE NONE 300
	FP_ROUTE KT..KCRJ9

TRACK_TIME 1167737286
TRACK A20110117593966 F 415860 875200 120 30 999 NONE NONE 370
	FP_ROUTE KC..KE170

TRACK_TIME 1167737286
TRACK A20110117593968 F 345400 773600 120 30 999 NONE NONE 310
	FP_ROUTE KC..KA321

TRACK_TIME 1167737286
TRACK A20110117593972 F 422100 710100 120 30 999 NONE NONE 370
	FP_ROUTE KC..KA320

TRACK_TIME 1167737286
TRACK A20110117593978 F 384300 1213600 120 30 999 NONE NONE 360
	FP_ROUTE KC..KE135

TRACK_TIME 1167737286
TRACK A20110117593981 F 401960 800900 120 30 999 NONE NONE 370
	FP_ROUTE KC..KB734

TRACK_TIME 1167737286
TRACK A20110117593984 F 324600 1171960 120 30 999 NONE NONE 360
	FP_ROUTE KC..KA319

TRACK_TIME 1167737286
TRACK A20110117593985 F 445200 931060 120 30 999 NONE NONE 320
	FP_ROUTE KC..KMD83

TRACK_TIME 1167737286
TRACK A20110117593988 F 325260 970300 120 30 999 NONE NONE 330
	FP_ROUTE KC..KB752

TRACK_TIME 1167737286
TRACK A20110117593992 F 404800 1120000 120 30 999 NONE NONE 340
	FP_ROUTE KC..KMD83

TRACK_TIME 1167737286
TRACK A20110117593999 F 403700 734660 120 30 999 NONE NONE 220
	FP_ROUTE KC..KA321

TRACK_TIME 1167737286
TRACK A20110117594001 F 425860 733460 120 30 999 NONE NONE 390
	FP_ROUTE KG..KCL60

TRACK_TIME 1167737286
TRACK A20110117594011 F 400160 763100 120 30 999 NONE NONE 270
	FP_ROUTE KC..KBE20

TRACK_TIME 1167737286
TRACK A20110117594012 F 360460 1151200 120 30 999 NONE NONE 360
	FP_ROUTE KC..KB737

TRACK_TIME 1167737286
TRACK A20110117594013 F 324600 1171800 120 30 999 NONE NONE 340
	FP_ROUTE KT..KCRJ2

TRACK_TIME 1167737286
TRACK A20110117594017 F 351360 805700 120 30 999 NONE NONE 341
	FP_ROUTE KC..KE190

TRACK_TIME 1167737286
TRACK A20110117594018 F 361060 864500 120 30 999 NONE NONE 280
	FP_ROUTE KC..KB712

TRACK_TIME 1167737286
TRACK A20110117594019 F 292700 982200 120 30 999 NONE NONE 330
	FP_ROUTE KC..KE170

TRACK_TIME 1167737286
TRACK A20110117594029 F 265200 820160 120 30 999 NONE NONE 280
	FP_ROUTE KC..KE135

TRACK_TIME 1167737286
TRACK A20110117594032 F 264060 801660 120 30 999 NONE NONE 360
	FP_ROUTE KC..KB738

TRACK_TIME 1167737286
TRACK A20110117594035 F 403760 811360 120 30 999 NONE NONE 190
	FP_ROUTE KT..KCRJ2

TRACK_TIME 1167737286
TRACK A20110117594042 F 394800 1044000 120 30 999 NONE NONE 360
	FP_ROUTE KG..KCL60

TRACK_TIME 1167737286
TRACK A20110117594051 F 404000 741060 120 30 999 NONE NONE 370
	FP_ROUTE KC..KMD82

TRACK_TIME 1167737286
TRACK A20110117594053 F 282260 811900 120 30 999 NONE NONE 340
	FP_ROUTE KC..KB737

TRACK_TIME 1167737286
TRACK A20110117594054 F 421360 832200 120 30 999 NONE NONE 310
	FP_ROUTE KC..KMD82

TRACK_TIME 1167737286
TRACK A20110117594059 F 334600 843400 120 30 999 NONE NONE 370
	FP_ROUTE KC..KB737

TRACK_TIME 1167737286
TRACK A20110117594062 F 472800 1221900 120 30 999 NONE NONE 380
	FP_ROUTE KC..KB737

TRACK_TIME 1167737286
TRACK A20110117594064 F 181960 645860 120 30 999 NONE NONE 370
	FP_ROUTE KC..KB738

TRACK_TIME 1167737286
TRACK A20110117594065 F 333900 842700 120 30 999 NONE NONE 300
	FP_ROUTE KC..KE135

TRACK_TIME 1167737286
TRACK A20110117594066 F 355100 784960 120 30 999 NONE NONE 290
	FP_ROUTE KC..KE145

TRACK_TIME 1167737286
TRACK A20110117594070 F 333900 842860 120 30 999 NONE NONE 380
	FP_ROUTE KC..KE190

TRACK_TIME 1167737286
TRACK A20110117594071 F 413100 934200 120 30 999 NONE NONE 200
	FP_ROUTE KC..KMD82

TRACK_TIME 1167737286
TRACK A20110117594076 F 404960 1115860 120 30 999 NONE NONE 290
	FP_ROUTE KC..KMD82

TRACK_TIME 1167737286
TRACK A20110117594077 F 422200 710160 120 30 999 NONE NONE 350
	FP_ROUTE KT..KE135

TRACK_TIME 1167737286
TRACK A20110117594078 F 394200 861800 120 30 999 NONE NONE 380
	FP_ROUTE KC..KB737

TRACK_TIME 1167737286
TRACK A20110117594080 F 333760 842700 120 30 999 NONE NONE 370
	FP_ROUTE KC..KA319

TRACK_TIME 1167737286
TRACK A20110117594083 F 300000 952200 120 30 999 NONE NONE 340
	FP_ROUTE KC..KE145

TRACK_TIME 1167737286
TRACK A20110117594091 F 335700 1182560 120 30 999 NONE NONE 380
	FP_ROUTE KT..KE145

TRACK_TIME 1167737286
TRACK A20110117594092 F 333900 842860 120 30 999 NONE NONE 340
	FP_ROUTE KG..KBE9L

TRACK_TIME 1167737286
TRACK A20110117594094 F 415400 915260 120 30 999 NONE NONE 220
	FP_ROUTE KT..KDH8D

TRACK_TIME 1167737286
TRACK A20110117594101 F 395500 1044060 120 30 999 NONE NONE 400
	FP_ROUTE KC..KCRJ2

TRACK_TIME 1167737286
TRACK A20110117594103 F 384500 902100 120 30 999 NONE NONE 340
	FP_ROUTE KC..KCRJ2

TRACK_TIME 1167737286
TRACK A20110117594115 F 415800 874960 120 30 999 NONE NONE 340
	FP_ROUTE KC..KB737

TRACK_TIME 1167737286
TRACK A20110117594123 F 603460 1502560 120 30 999 NONE NONE 380
	FP_ROUTE KC..KB737

TRACK_TIME 1167737286
TRACK A20110117594124 F 355100 784900 120 30 999 NONE NONE 220
	FP_ROUTE KG..KBE9L

TRACK_TIME 1167737286
TRACK A20110117594128 F 324360 1171900 120 30 999 NONE NONE 390
	FP_ROUTE KG..KBE9L

TRACK_TIME 1167737286
TRACK A20110117594135 F 351360 805700 120 30 999 NONE NONE 280
	FP_ROUTE KG..KC550

TRACK_TIME 1167737286
TRACK A20110117594142 F 430760 774000 120 30 999 NONE NONE 330
	FP_ROUTE KC..KB737

TRACK_TIME 1167737286
TRACK A20110117594143 F 421360 832200 120 30 999 NONE NONE 250
	FP_ROUTE KT..KE145

TRACK_TIME 1167737286
TRACK A20110117594147 F 335400 1181200 120 30 999 NONE NONE 350
	FP_ROUTE KC..KA320

TRACK_TIME 1167737286
TRACK A20110117594151 F 360160 800100 120 30 999 NONE NONE 250
	FP_ROUTE KC..KA319

TRACK_TIME 1167737286
TRACK A20110117594159 F 333900 843000 120 30 999 NONE NONE 240
	FP_ROUTE KC..KA319

TRACK_TIME 1167737286
TRACK A20110117594166 F 335560 1182260 120 30 999 NONE NONE 380
	FP_ROUTE KC..KE145

TRACK_TIME 1167737286
TRACK A20110117594168 F 333760 842800 120 30 999 NONE NONE 350
	FP_ROUTE KT..KE145

TRACK_TIME 1167737286
TRACK A20110117594177 F 182500 660160 120 30 999 NONE NONE 410
	FP_ROUTE KC..KB764

TRACK_TIME 1167737286
TRACK A20110117594179 F 394800 1043900 120 30 999 NONE NONE 340
	FP_ROUTE KC..KA320

TRACK_TIME 1167737286
TRACK A20110117594180 F 430000 712100 120 30 999 NONE NONE 370
	FP_ROUTE KC..KA320

TRACK_TIME 1167737286
TRACK A20110117594181 F 414500 874200 120 30 999 NONE NONE 290
	FP_ROUTE KC..KB738

TRACK_TIME 1167737286
TRACK A20110117594197 F 384900 770100 120 30 999 NONE NONE 290
	FP_ROUTE KC..KB733

TRACK_TIME 1167737286
TRACK A20110117594205 F 384960 770160 120 30 999 NONE NONE 390
	FP_ROUTE KT..KCRJ2

TRACK_TIME 1167737286
TRACK A20110117594206 F 350100 895800 120 30 999 NONE NONE 320
	FP_ROUTE KC..KB733

TRACK_TIME 1167737286
TRACK A20110117594207 F 344200 921600 120 30 999 NONE NONE 340
	FP_ROUTE KG..KC560

TRACK_TIME 1167737286
TRACK A20110117594217 F 264060 801000 120 30 999 NONE NONE 230
	FP_ROUTE KC..KB733

TRACK_TIME 1167737286
TRACK A20110117594218 F 404600 734960 120 30 999 NONE NONE 350
	FP_ROUTE KC..KA321

TRACK_TIME 1167737286
TRACK A20110117594220 F 404600 730760 120 30 999 NONE NONE 390
	FP_ROUTE KT..KCRJ2

TRACK_TIME 1167737286
TRACK A20110117594224 F 414900 874800 120 30 999 NONE NONE 380
	FP_ROUTE KC..KCRJ2

TRACK_TIME 1167737286
TRACK A20110117594238 F 302860 814360 120 30 999 NONE NONE 270
	FP_ROUTE KC..KB733

TRACK_TIME 1167737286
TRACK A20110117594239 F 325100 965200 120 30 999 NONE NONE 400
	FP_ROUTE KC..KB733

TRACK_TIME 1167737286
TRACK A20110117594245 F 395200 751360 120 30 999 NONE NONE 390
	FP_ROUTE KC..KMD82

TRACK_TIME 1167737286
TRACK A20110117594252 F 393100 942100 120 30 999 NONE NONE 280
	FP_ROUTE KT..KF2TH

TRACK_TIME 1167737286
TRACK A20110117594254 F 430000 712860 120 30 999 NONE NONE 270
	FP_ROUTE KC..KB734

TRACK_TIME 1167737286
TRACK A20110117594259 F 282260 811800 120 30 999 NONE NONE 320
	FP_ROUTE KC..KB738

TRACK_TIME 1167737286
TRACK A20110117594260 F 414800 874600 120 30 999 NONE NONE 380
	FP_ROUTE KC..KB752

TRACK_TIME 1167737286
TRACK A20110117594262 F 412560 814900 120 30 999 NONE NONE 230
	FP_ROUTE KC..KMD82

TRACK_TIME 1167737286
TRACK A20110117594268 F 394960 1044600 120 30 999 NONE NONE 330
	FP_ROUTE KC..KB735

TRACK_TIME 1167737286
TRACK A20110117594270 F 424800 844000 120 30 999 NONE NONE 190
	FP_ROUTE KC..KE135

TRACK_TIME 1167737286
TRACK A20110117594273 F 412500 814960 120 30 999 NONE NONE 350
	FP_ROUTE KC..KE170

TRACK_TIME 1167737286
TRACK A20110117594276 F 420000 875560 120 30 999 NONE NONE 350
	FP_ROUTE KC..KA319

TRACK_TIME 1167737286
TRACK A20110117594281 F 395400 1050760 120 30 999 NONE NONE 390
	FP_ROUTE KC..KA319

TRACK_TIME 1167737286
TRACK A20110117594282 F 384500 901900 120 30 999 NONE NONE 320
	FP_ROUTE KT..KCRJ2

TRACK_TIME 1167737286
TRACK A20110117594283 F 335560 1183400 120 30 999 NONE NONE 340
	FP_ROUTE KC..KMD82

TRACK_TIME 1167737286
TRACK A20110117594284 F 395200 751500 120 30 999 NONE NONE 350
	FP_ROUTE KT..KE145

TRACK_TIME 1167737286
TRACK A20110117594285 F 325500 970300 120 30 999 NONE NONE 350
	FP_ROUTE KC..KE170

TRACK_TIME 1167737286
TRACK A20110117594286 F 360400 1150600 120 30 999 NONE NONE 360
	FP_ROUTE KC..KA319

TRACK_TIME 1167737286
TRACK A20110117594294 F 421360 831960 120 30 999 NONE NONE 320
	FP_ROUTE KC..KB737

TRACK_TIME 1167737286
TRACK A20110117594295 F 430000 761660 120 30 999 NONE NONE 200
	FP_ROUTE KC..KB737

TRACK_TIME 1167737286
TRACK A20110117594303 F 390000 772800 120 30 999 NONE NONE 310
	FP_ROUTE KT..KCRJ2

TRACK_TIME 1167737286
TRACK A20110117594304 F 333900 842800 120 30 999 NONE NONE 260
	FP_ROUTE KC..KB738

TRACK_TIME 1167737286
TRACK A20110117594307 F 325260 1170760 120 30 999 NONE NONE 400
	FP_ROUTE KC..KE135

TRACK_TIME 1167737286
TRACK A20110117594309 F 394200 861960 120 30 999 NONE NONE 340
	FP_ROUTE KC..KB752

TRACK_TIME 1167737286
TRACK A20110117594310 F 395200 751660 120 30 999 NONE NONE 370
	FP_ROUTE KC..KB752

TRACK_TIME 1167737286
TRACK A20110117594314 F 395200 751360 120 30 999 NONE NONE 310
	FP_ROUTE KC..KB737

TRACK_TIME 1167737286
TRACK A20110117594316 F 454900 1083300 120 30 999 NONE NONE 220
	FP_ROUTE KC..KA319

TRACK_TIME 1167737286
TRACK A20110117594317 F 400160 1044600 120 30 999 NONE NONE 250
	FP_ROUTE KC..KB735

TRACK_TIME 1167737286
TRACK A20110117594321 F 445400 931500 120 30 999 NONE NONE 200
	FP_ROUTE KC..KB735

TRACK_TIME 1167737286
TRACK A20110117594323 F 640160 1483160 120 30 999 NONE NONE 320
	FP_ROUTE KC..KB735

TRACK_TIME 1167737286
TRACK A20110117594331 F 333900 842700 120 30 999 NONE NONE 310
	FP_ROUTE KC..KB735

TRACK_TIME 1167737286
TRACK A20110117594334 F 442800 730760 120 30 999 NONE NONE 210
	FP_ROUTE KC..KB735

TRACK_TIME 1167737286
TRACK A20110117594335 F 404900 1115860 120 30 999 NONE NONE 270
	FP_ROUTE KC..KB763

TRACK_TIME 1167737286
TRACK A20110117594346 F 414800 874660 120 30 999 NONE NONE 370
	FP_ROUTE KC..KB737

TRACK_TIME 1167737286
TRACK A20110117594354 F 314300 910000 120 30 999 NONE NONE 280
	FP_ROUTE KC..KE145

TRACK_TIME 1167737286
TRACK A20110117594355 F 360160 800160 120 30 999 NONE NONE 300
	FP_ROUTE KT..KC750

TRACK_TIME 1167737286
TRACK A20110117594356 F 413760 875560 120 30 999 NONE NONE 400
	FP_ROUTE KC..KB733

TRACK_TIME 1167737286
TRACK A20110117594357 F 293300 983000 120 30 999 NONE NONE 380
	FP_ROUTE KC..KB737

TRACK_TIME 1167737286
TRACK A20110117594361 F 324960 964960 120 30 999 NONE NONE 230
	FP_ROUTE KC..KB733

TRACK_TIME 1167737286
TRACK A20110117594383 F 430160 1061800 120 30 999 NONE NONE 270
	FP_ROUTE KC..KB733

TRACK_TIME 1167737286
TRACK A20110117594384 F 322400 1111200 120 30 999 NONE NONE 280
	FP_ROUTE KC..KB733

TRACK_TIME 1167737286
TRACK A20110117594385 F 333760 842700 120 30 999 NONE NONE 300
	FP_ROUTE KC..KB737

TRACK_TIME 1167737286
TRACK A20110117594386 F 424900 1064000 120 30 999 NONE NONE 270
	FP_ROUTE KC..KB737

TRACK_TIME 1167737286
TRACK A20110117594387 F 333760 842800 120 30 999 NONE NONE 290
	FP_ROUTE KC..KA321

TRACK_TIME 1167737286
TRACK A20110117594393 F 365700 761500 120 30 999 NONE NONE 240
	FP_ROUTE KC..KB752

TRACK_TIME 1167737286
TRACK A20110117594399 F 335700 1182400 120 30 999 NONE NONE 410
	FP_ROUTE KC..KE145

TRACK_TIME 1167737286
TRACK A20110117594412 F 445400 931500 120 30 999 NONE NONE 360
	FP_ROUTE KC..KB734

TRACK_TIME 1167737286
TRACK A20110117594416 F 355100 784900 120 30 999 NONE NONE 220
	FP_ROUTE KT..KCRJ2

TRACK_TIME 1167737286
TRACK A20110117594431 F 263460 814200 120 30 999 NONE NONE 340
	FP_ROUTE KT..KDH8D

TRACK_TIME 1167737286
TRACK A20110117594439 F 403900 734600 120 30 999 NONE NONE 410
	FP_ROUTE KT..KCRJ1

TRACK_TIME 1167737286
TRACK A20110117594440 F 282260 811660 120 30 999 NONE NONE 380
	FP_ROUTE KT..KC750

TRACK_TIME 1167737286
TRACK A20110117594442 F 325200 965200 120 30 999 NONE NONE 220
	FP_ROUTE KC..KA320

TRACK_TIME 1167737286
TRACK A20110117594452 F 301300 974000 120 30 999 NONE NONE 360
	FP_ROUTE KC..KE145

TRACK_TIME 1167737286
TRACK A20110117594460 F 254660 801900 120 30 999 NONE NONE 350
	FP_ROUTE KC..KB712

TRACK_TIME 1167737286
TRACK A20110117594462 F 390100 772800 120 30 999 NONE NONE 391
	FP_ROUTE KC..KB712

TRACK_TIME 1167737286
TRACK A20110117594463 F 403400 752500 120 30 999 NONE NONE 290
	FP_ROUTE KC..KB734

TRACK_TIME 1167737286
TRACK A20110117594464 F 421300 831960 120 30 999 NONE NONE 280
	FP_ROUTE KT..KCRJ2

TRACK_TIME 1167737286
TRACK A20110117594467 F 403000 801660 120 30 999 NONE NONE 330
	FP_ROUTE KC..KB712

TRACK_TIME 1167737286
TRACK A20110117594468 F 325260 970400 120 30 999 NONE NONE 390
	FP_ROUTE KT..KC560

TRACK_TIME 1167737286
TRACK A20110117594470 F 395200 751660 120 30 999 NONE NONE 330
	FP_ROUTE KT..KC560

TRACK_TIME 1167737286
TRACK A20110117594476 F 421360 755800 120 30 999 NONE NONE 250
	FP_ROUTE KC..KB737

TRACK_TIME 1167737286
TRACK A20110117594479 F 320760 811360 120 30 999 NONE NONE 350
	FP_ROUTE KT..KC560

TRACK_TIME 1167737286
TRACK A20110117594481 F 410160 734060 120 30 999 NONE NONE 450
	FP_ROUTE KC..KB712

TRACK_TIME 1167737286
TRACK A20110117594482 F 361300 955400 120 30 999 NONE NONE 430
	FP_ROUTE KC..KB737

TRACK_TIME 1167737286
TRACK A20110117594491 F 360460 1150900 120 30 999 NONE NONE 320
	FP_ROUTE KC..KE120

TRACK_TIME 1167737286
TRACK A20110117594497 F 353700 1060300 120 30 999 NONE NONE 359
	FP_ROUTE KC..KE120

TRACK_TIME 1167737286
TRACK A20110117594498 F 334060 1175200 120 30 999 NONE NONE 360
	FP_ROUTE KC..KB712

TRACK_TIME 1167737286
TRACK A20110117594499 F 325100 1132700 120 30 999 NONE NONE 339
	FP_ROUTE KC..KB712

TRACK_TIME 1167737286
TRACK A20110117594503 F 394800 1044000 120 30 999 NONE NONE 370
	FP_ROUTE KC..KB737

TRACK_TIME 1167737286
TRACK A20110117594507 F 420100 875200 120 30 999 NONE NONE 360
	FP_ROUTE KC..KB712

TRACK_TIME 1167737286
TRACK A20110117594513 F 430600 761000 120 30 999 NONE NONE 230
	FP_ROUTE KC..KB712

TRACK_TIME 1167737286
TRACK A20110117594514 F 325500 970300 120 30 999 NONE NONE 360
	FP_ROUTE KC..KE145

TRACK_TIME 1167737286
TRACK A20110117594517 F 404800 964600 120 30 999 NONE NONE 380
	FP_ROUTE KC..KMD82

TRACK_TIME 1167737286
TRACK A20110117594527 F 395200 751660 120 30 999 NONE NONE 370
	FP_ROUTE KC..KB737

TRACK_TIME 1167737286
TRACK A20110117594529 F 343700 864900 120 30 999 NONE NONE 320
	FP_ROUTE KC..KE170

TRACK_TIME 1167737286
TRACK A20110117594535 F 280100 823160 120 30 999 NONE NONE 330
	FP_ROUTE KC..KE170

TRACK_TIME 1167737286
TRACK A20110117594539 F 350000 895860 120 30 999 NONE NONE 340
	FP_ROUTE KC..KB752

TRACK_TIME 1167737286
TRACK A20110117594544 F 300000 901960 120 30 999 NONE NONE 360
	FP_ROUTE KC..KB738

TRACK_TIME 1167737286
TRACK A20110117594547 F 341200 1181360 120 30 999 NONE NONE 330
	FP_ROUTE KC..KCRJ2

TRACK_TIME 1167737286
TRACK A20110117594551 F 442800 730760 120 30 999 NONE NONE 310
	FP_ROUTE KC..KCRJ2

TRACK_TIME 1167737286
TRACK A20110117594560 F 360160 1151200 120 30 999 NONE NONE 270
	FP_ROUTE KC..KA320

TRACK_TIME 1167737286
TRACK A20110117594561 F 404800 1120000 120 30 999 NONE NONE 330
	FP_ROUTE KC..KB738

TRACK_TIME 1167737286
TRACK A20110117594572 F 373600 1221900 120 30 999 NONE NONE 340
	FP_ROUTE KC..KA320

TRACK_TIME 1167737286
TRACK A20110117594586 F 333760 842800 120 30 999 NONE NONE 310
	FP_ROUTE KC..KMD82

TRACK_TIME 1167737286
TRACK A20110117594587 F 355200 784900 120 30 999 NONE NONE 370
	FP_ROUTE KG..KLJ45

TRACK_TIME 1167737286
TRACK A20110117594592 F 333900 842800 120 30 999 NONE NONE 300
	FP_ROUTE KT..KCRJ2

TRACK_TIME 1167737286
TRACK A20110117594598 F 282800 811960 120 30 999 NONE NONE 330
	FP_ROUTE KG..KCL60

TRACK_TIME 1167737286
TRACK A20110117594603 F 384500 902100 120 30 999 NONE NONE 360
	FP_ROUTE KG..KBE9L

TRACK_TIME 1167737286
TRACK A20110117594604 F 484800 1223160 120 30 999 NONE NONE 370
	FP_ROUTE KT..KCRJ2

TRACK_TIME 1167737286
TRACK A20110117594607 F 402860 801200 120 30 999 NONE NONE 300
	FP_ROUTE KG..KF2TH

TRACK_TIME 1167737286
TRACK A20110117594608 F 453300 1225800 120 30 999 NONE NONE 360
	FP_ROUTE KC..KB772

TRACK_TIME 1167737286
TRACK A20110117594612 F 612860 1583760 120 30 999 NONE NONE 240
	FP_ROUTE KC..KB737

TRACK_TIME 1167737286
TRACK A20110117594616 F 354500 840460 120 30 999 NONE NONE 350
	FP_ROUTE KC..KB733

TRACK_TIME 1167737286
TRACK A20110117594617 F 403900 741060 120 30 999 NONE NONE 390
	FP_ROUTE KC..KF900

TRACK_TIME 1167737286
TRACK A20110117594621 F 390000 772560 120 30 999 NONE NONE 250
	FP_ROUTE KC..KB733

TRACK_TIME 1167737286
TRACK A20110117594623 F 333760 842860 120 30 999 NONE NONE 250
	FP_ROUTE KC..KB733

TRACK_TIME 1167737286
TRACK A20110117594624 F 422100 710000 120 30 999 NONE NONE 350
	FP_ROUTE KC..KA320

TRACK_TIME 1167737286
TRACK A20110117594625 F 325560 970300 120 30 999 NONE NONE 380
	FP_ROUTE KG..KC550

TRACK_TIME 1167737286
TRACK A20110117594626 F 400000 825560 120 30 999 NONE NONE 260
	FP_ROUTE KG..KC550

TRACK_TIME 1167737286
TRACK A20110117594630 F 335560 1182500 120 30 999 NONE NONE 380
	FP_ROUTE KG..KC550

TRACK_TIME 1167737286
TRACK A20110117594636 F 335560 1183400 120 30 999 NONE NONE 320
	FP_ROUTE KC..KB733

TRACK_TIME 1167737286
TRACK A20110117594641 F 354360 780000 120 30 999 NONE NONE 210
	FP_ROUTE KC..KB733

TRACK_TIME 1167737286
TRACK A20110117594642 F 375500 852700 120 30 999 NONE NONE 221
	FP_ROUTE KC..KMD83

TRACK_TIME 1167737286
TRACK A20110117594657 F 424960 735400 120 30 999 NONE NONE 370
	FP_ROUTE KC..KE135

TRACK_TIME 1167737286
TRACK A20110117594661 F 414800 874660 120 30 999 NONE NONE 280
	FP_ROUTE KT..KCRJ2

TRACK_TIME 1167737286
TRACK A20110117594663 F 430760 774000 120 30 999 NONE NONE 220
	FP_ROUTE KC..KMD82

TRACK_TIME 1167737286
TRACK A20110117594664 F 415800 875800 120 30 999 NONE NONE 300
	FP_ROUTE KG..KC550

TRACK_TIME 1167737286
TRACK A20110117594669 F 335560 1182100 120 30 999 NONE NONE 410
	FP_ROUTE KC..KCRJ2

TRACK_TIME 1167737286
TRACK A20110117594670 F 385800 772560 120 30 999 NONE NONE 370
	FP_ROUTE KC..KA319

TRACK_TIME 1167737286
TRACK A20110117594671 F 390600 844000 120 30 999 NONE NONE 220
	FP_ROUTE KC..KE170

TRACK_TIME 1167737286
TRACK A20110117594672 F 374000 1221000 120 30 999 NONE NONE 360
	FP_ROUTE KC..KB752

TRACK_TIME 1167737286
TRACK A20110117594676 F 420100 875260 120 30 999 NONE NONE 340
	FP_ROUTE KC..KA320

TRACK_TIME 1167737286
TRACK A20110117594681 F 320760 811600 120 30 999 NONE NONE 370
	FP_ROUTE KC..KB712

TRACK_TIME 1167737286
TRACK A20110117594687 F 404600 734960 120 30 999 NONE NONE 310
	FP_ROUTE KT..KCRJ9

TRACK_TIME 1167737286
TRACK A20110117594689 F 400000 825800 120 30 999 NONE NONE 260
	FP_ROUTE KG..KLJ45

TRACK_TIME 1167737286
TRACK A20110117594692 F 354960 835800 120 30 999 NONE NONE 220
	FP_ROUTE KC..KB712

TRACK_TIME 1167737286
TRACK A20110117594697 F 384800 770160 120 30 999 NONE NONE 350
	FP_ROUTE KC..KB738

TRACK_TIME 1167737286
TRACK A20110117594700 F 412200 815500 120 30 999 NONE NONE 280
	FP_ROUTE KC..KBE20

TRACK_TIME 1167737286
TRACK A20110117594712 F 334060 1175200 120 30 999 NONE NONE 390
	FP_ROUTE KC..KMD83

TRACK_TIME 1167737286
TRACK A20110117594713 F 421960 705100 120 30 999 NONE NONE 270
	FP_ROUTE KC..KBE20

TRACK_TIME 1167737286
TRACK A20110117594718 F 393100 944500 120 30 999 NONE NONE 390
	FP_ROUTE KC..KBE20

TRACK_TIME 1167737286
TRACK A20110117594725 F 360460 1150760 120 30 999 NONE NONE 340
	FP_ROUTE KT..KCRJ2

TRACK_TIME 1167737286
TRACK A20110117594732 F 341060 1181360 120 30 999 NONE NONE 329
	FP_ROUTE KC..KMD82

TRACK_TIME 1167737286
TRACK A20110117594733 F 332560 1115860 120 30 999 NONE NONE 330
	FP_ROUTE KC..KCL60

TRACK_TIME 1167737286
TRACK A20110117594736 F 445200 931300 120 30 999 NONE NONE 390
	FP_ROUTE KC..KCL60

TRACK_TIME 1167737286
TRACK A20110117594751 F 393760 841660 120 30 999 NONE NONE 260
	FP_ROUTE KC..KE145

TRACK_TIME 1167737286
TRACK A20110117594754 F 254800 801900 120 30 999 NONE NONE 370
	FP_ROUTE KC..KCRJ2

TRACK_TIME 1167737286
TRACK A20110117594755 F 404900 1120000 120 30 999 NONE NONE 390
	FP_ROUTE KC..KB737

TRACK_TIME 1167737286
TRACK A20110117594762 F 404600 734960 120 30 999 NONE NONE 390
	FP_ROUTE KC..KE145

TRACK_TIME 1167737286
TRACK A20110117594770 F 394800 1044000 120 30 999 NONE NONE 350
	FP_ROUTE KC..KB752

TRACK_TIME 1167737286
TRACK A20110117594773 F 390900 763900 120 30 999 NONE NONE 260
	FP_ROUTE KC..KB752

TRACK_TIME 1167737286
TRACK A20110117594777 F 384600 901960 120 30 999 NONE NONE 350
	FP_ROUTE KC..KA320

TRACK_TIME 1167737286
TRACK A20110117594779 F 400000 825560 120 30 999 NONE NONE 310
	FP_ROUTE KC..KE145

TRACK_TIME 1167737286
TRACK A20110117594781 F 335560 1182260 120 30 999 NONE NONE 380
	FP_ROUTE KT..KE145

TRACK_TIME 1167737286
TRACK A20110117594790 F 300000 952400 120 30 999 NONE NONE 240
	FP_ROUTE KC..KA319

TRACK_TIME 1167737286
TRACK A20110117594805 F 324360 971960 120 30 999 NONE NONE 280
	FP_ROUTE KC..KA319

TRACK_TIME 1167737286
TRACK A20110117594810 F 391060 764200 120 30 999 NONE NONE 370
	FP_ROUTE KC..KB744

TRACK_TIME 1167737286
TRACK A20110117594811 F 404600 730760 120 30 999 NONE NONE 230
	FP_ROUTE KC..KE190

TRACK_TIME 1167737286
TRACK A20110117594816 F 324500 1171800 120 30 999 NONE NONE 370
	FP_ROUTE KG..KC750

TRACK_TIME 1167737286
TRACK A20110117594818 F 320760 1105800 120 30 999 NONE NONE 410
	FP_ROUTE KC..KB737

TRACK_TIME 1167737286
TRACK A20110117594819 F 332560 1120400 120 30 999 NONE NONE 290
	FP_ROUTE KC..KE135

TRACK_TIME 1167737286
TRACK A20110117594825 F 335560 1183400 120 30 999 NONE NONE 410
	FP_ROUTE KC..KB733

TRACK_TIME 1167737286
TRACK A20110117594826 F 325100 970100 120 30 999 NONE NONE 260
	FP_ROUTE KC..KB737

TRACK_TIME 1167737286
TRACK A20110117594831 F 334900 1181000 120 30 999 NONE NONE 280
	FP_ROUTE KC..KB737

TRACK_TIME 1167737286
TRACK A20110117594835 F 371960 1215400 120 30 999 NONE NONE 340
	FP_ROUTE KT..KCRJ2

TRACK_TIME 1167737286
TRACK A20110117594841 F 453460 1223600 120 30 999 NONE NONE 220
	FP_ROUTE KG..KFA20

TRACK_TIME 1167737286
TRACK A20110117594842 F 373600 1221900 120 30 999 NONE NONE 380
	FP_ROUTE KG..KFA20

TRACK_TIME 1167737286
TRACK A20110117594850 F 335700 1182560 120 30 999 NONE NONE 330
	FP_ROUTE KG..KFA20

TRACK_TIME 1167737286
TRACK A20110117594856 F 391660 944200 120 30 999 NONE NONE 320
	FP_ROUTE KC..KB737

TRACK_TIME 1167737286
TRACK A20110117594858 F 472860 1221900 120 30 999 NONE NONE 320
	FP_ROUTE KT..KE145

TRACK_TIME 1167737286
TRACK A20110117594859 F 472800 1221900 120 30 999 NONE NONE 370
	FP_ROUTE KC..KMD83

TRACK_TIME 1167737286
TRACK A20110117594860 F 404600 734960 120 30 999 NONE NONE 370
	FP_ROUTE KC..KA319

TRACK_TIME 1167737286
TRACK A20110117594862 F 301300 974060 120 30 999 NONE NONE 370
	FP_ROUTE KC..KA320

TRACK_TIME 1167737286
TRACK A20110117594863 F 412500 814960 120 30 999 NONE NONE 320
	FP_ROUTE KC..KMD82

TRACK_TIME 1167737286
TRACK A20110117594864 F 263100 813760 120 30 999 NONE NONE 340
	FP_ROUTE KT..KCRJ2

TRACK_TIME 1167737286
TRACK A20110117594865 F 404800 1120000 120 30 999 NONE NONE 360
	FP_ROUTE KC..KA319

TRACK_TIME 1167737286
TRACK A20110117594867 F 282400 811660 120 30 999 NONE NONE 260
	FP_ROUTE KG..KFA7X

TRACK_TIME 1167737286
TRACK A20110117594869 F 404600 1115800 120 30 999 NONE NONE 360
	FP_ROUTE KG..KFA50

TRACK_TIME 1167737286
TRACK A20110117594871 F 620160 1502260 120 30 999 NONE NONE 390
	FP_ROUTE KG..KC560

TRACK_TIME 1167737286
TRACK A20110117594873 F 395100 1044060 120 30 999 NONE NONE 350
	FP_ROUTE KC..KA320

TRACK_TIME 1167737286
TRACK A20110117594874 F 391060 764300 120 30 999 NONE NONE 370
	FP_ROUTE KC..KE135

TRACK_TIME 1167737286
TRACK A20110117594876 F 385800 772560 120 30 999 NONE NONE 330
	FP_ROUTE KC..KE170

TRACK_TIME 1167737286
TRACK A20110117594877 F 395100 842260 120 30 999 NONE NONE 350
	FP_ROUTE KC..KB752

TRACK_TIME 1167737286
TRACK A20110117594879 F 421360 832100 120 30 999 NONE NONE 330
	FP_ROUTE KC..KA320

TRACK_TIME 1167737286
TRACK A20110117594880 F 445260 931200 120 30 999 NONE NONE 190
	FP_ROUTE KC..KB733

TRACK_TIME 1167737286
TRACK A20110117594890 F 404600 1120000 120 30 999 NONE NONE 310
	FP_ROUTE KC..KB733

TRACK_TIME 1167737286
TRACK A20110117594909 F 334000 1175200 120 30 999 NONE NONE 410
	FP_ROUTE KT..KCRJ2

TRACK_TIME 1167737286
TRACK A20110117594911 F 325500 970160 120 30 999 NONE NONE 310
	FP_ROUTE KC..KB738

TRACK_TIME 1167737286
TRACK A20110117594912 F 414500 874200 120 30 999 NONE NONE 400
	FP_ROUTE KT..KC750

TRACK_TIME 1167737286
TRACK A20110117594917 F 295800 951960 120 30 999 NONE NONE 360
	FP_ROUTE KT..KCRJ1

TRACK_TIME 1167737286
TRACK A20110117594922 F 395500 841000 120 30 999 NONE NONE 280
	FP_ROUTE KC..KA318

TRACK_TIME 1167737286
TRACK A20110117594924 F 433160 1160900 120 30 999 NONE NONE 250
	FP_ROUTE KC..KB744

TRACK_TIME 1167737286
TRACK A20110117594929 F 453400 1223400 120 30 999 NONE NONE 220
	FP_ROUTE KC..KA319

TRACK_TIME 1167737286
TRACK A20110117594930 F 325200 965200 120 30 999 NONE NONE 370
	FP_ROUTE KC..KB737

TRACK_TIME 1167737286
TRACK A20110117594932 F 384960 770160 120 30 999 NONE NONE 390
	FP_ROUTE KC..KA320

TRACK_TIME 1167737286
TRACK A20110117594933 F 355860 800460 120 30 999 NONE NONE 300
	FP_ROUTE KC..KMD82

TRACK_TIME 1167737286
TRACK A20110117594942 F 421300 831960 120 30 999 NONE NONE 350
	FP_ROUTE KC..KB734

TRACK_TIME 1167737286
TRACK A20110117594944 F 421360 832200 120 30 999 NONE NONE 370
	FP_ROUTE KC..KB737

TRACK_TIME 1167737286
TRACK A20110117594946 F 420100 875560 120 30 999 NONE NONE 380
	FP_ROUTE KC..KA319

TRACK_TIME 1167737286
TRACK A20110117594951 F 433900 701500 120 30 999 NONE NONE 250
	FP_ROUTE KC..KB737

TRACK_TIME 1167737286
TRACK A20110117594952 F 404500 734960 120 30 999 NONE NONE 200
	FP_ROUTE KC..KE170

TRACK_TIME 1167737286
TRACK A20110117594964 F 403900 741200 120 30 999 NONE NONE 370
	FP_ROUTE KC..KE170

TRACK_TIME 1167737286
TRACK A20110117594965 F 403000 801800 120 30 999 NONE NONE 260
	FP_ROUTE KC..KB734

TRACK_TIME 1167737286
TRACK A20110117594973 F 351360 805500 120 30 999 NONE NONE 350
	FP_ROUTE KC..KA319

TRACK_TIME 1167737286
TRACK A20110117594975 F 302260 841900 120 30 999 NONE NONE 180
	FP_ROUTE KC..KA320

TRACK_TIME 1167737286
TRACK A20110117594978 F 403900 734600 120 30 999 NONE NONE 370
	FP_ROUTE KC..KB737

TRACK_TIME 1167737286
TRACK A20110117594983 F 422100 710000 120 30 999 NONE NONE 290
	FP_ROUTE KC..KB737

TRACK_TIME 1167737286
TRACK A20110117594990 F 324360 1171200 120 30 999 NONE NONE 360
	FP_ROUTE KC..KMD83

TRACK_TIME 1167737286
TRACK A20110117594992 F 300700 974060 120 30 999 NONE NONE 360
	FP_ROUTE KG..KBE9L

TRACK_TIME 1167737286
TRACK A20110117594993 F 425860 875260 120 30 999 NONE NONE 330
	FP_ROUTE KG..KBE9L

TRACK_TIME 1167737286
TRACK A20110117595003 F 385860 772560 120 30 999 NONE NONE 180
	FP_ROUTE KC..KB734

TRACK_TIME 1167737286
TRACK A20110117595005 F 320760 811200 120 30 999 NONE NONE 220
	FP_ROUTE KC..KB737

TRACK_TIME 1167737286
TRACK A20110117595012 F 420100 875700 120 30 999 NONE NONE 380
	FP_ROUTE KC..KE135

TRACK_TIME 1167737286
TRACK A20110117595016 F 384800 770160 120 30 999 NONE NONE 410
	FP_ROUTE KC..KA320

TRACK_TIME 1167737286
TRACK A20110117595017 F 350000 1063900 120 30 999 NONE NONE 360
	FP_ROUTE KG..KC750

TRACK_TIME 1167737286
TRACK A20110117595026 F 254800 801900 120 30 999 NONE NONE 340
	FP_ROUTE KG..KC750

TRACK_TIME 1167737286
TRACK A20110117595031 F 371200 802500 120 30 999 NONE NONE 270
	FP_ROUTE KT..KE145

TRACK_TIME 1167737286
TRACK A20110117595032 F 425860 875260 120 30 999 NONE NONE 270
	FP_ROUTE KT..KCRJ2

TRACK_TIME 1167737286
TRACK A20110117595037 F 325500 970160 120 30 999 NONE NONE 280
	FP_ROUTE KC..KB737

TRACK_TIME 1167737286
TRACK A20110117595042 F 333900 842860 120 30 999 NONE NONE 280
	FP_ROUTE KC..KB737

TRACK_TIME 1167737286
TRACK A20110117595043 F 333900 842700 120 30 999 NONE NONE 380
	FP_ROUTE KC..KB737

TRACK_TIME 1167737286
TRACK A20110117595046 F 325500 970100 120 30 999 NONE NONE 320
	FP_ROUTE KC..KB737

TRACK_TIME 1167737286
TRACK A20110117595047 F 395500 1044060 120 30 999 NONE NONE 330
	FP_ROUTE KC..KE145

TRACK_TIME 1167737286
TRACK A20110117595052 F 380700 872800 120 30 999 NONE NONE 330
	FP_ROUTE KT..KCRJ9

TRACK_TIME 1167737286
TRACK A20110117595063 F 403700 734600 120 30 999 NONE NONE 360
	FP_ROUTE KC..KB752

TRACK_TIME 1167737286
TRACK A20110117595065 F 401000 763900 120 30 999 NONE NONE 290
	FP_ROUTE KC..KE170

TRACK_TIME 1167737286
TRACK A20110117595069 F 425700 875100 120 30 999 NONE NONE 300
	FP_ROUTE KC..KE170

TRACK_TIME 1167737286
TRACK A20110117595074 F 260460 801200 120 30 999 NONE NONE 360
	FP_ROUTE KC..KB737

TRACK_TIME 1167737286
TRACK A20110117595078 F 404660 730700 120 30 999 NONE NONE 390
	FP_ROUTE KC..KB737

TRACK_TIME 1167737286
TRACK A20110117595079 F 425800 875400 120 30 999 NONE NONE 360
	FP_ROUTE KC..KB734

TRACK_TIME 1167737286
TRACK A20110117595090 F 420160 875700 120 30 999 NONE NONE 380
	FP_ROUTE KC..KB733

TRACK_TIME 1167737286
TRACK A20110117595092 F 282860 811900 120 30 999 NONE NONE 370
	FP_ROUTE KC..KB752

TRACK_TIME 1167737286
TRACK A20110117595093 F 254800 801600 120 30 999 NONE NONE 380
	FP_ROUTE KC..KA320

TRACK_TIME 1167737286
TRACK A20110117595094 F 275500 823300 120 30 999 NONE NONE 370
	FP_ROUTE KC..KE135

TRACK_TIME 1167737286
TRACK A20110117595097 F 421360 832200 120 30 999 NONE NONE 310
	FP_ROUTE KC..KB737

TRACK_TIME 1167737286
TRACK A20110117595100 F 423760 875800 120 30 999 NONE NONE 270
	FP_ROUTE KT..KF2TH

TRACK_TIME 1167737286
TRACK A20110117595102 F 403000 801660 120 30 999 NONE NONE 220
	FP_ROUTE KC..KB738

TRACK_TIME 1167737286
TRACK A20110117595103 F 403900 741060 120 30 999 NONE NONE 370
	FP_ROUTE KC..KMD82

TRACK_TIME 1167737286
TRACK A20110117595104 F 410300 734200 120 30 999 NONE NONE 350
	FP_ROUTE KC..KA319

TRACK_TIME 1167737286
TRACK A20110117595107 F 403760 734360 120 30 999 NONE NONE 290
	FP_ROUTE KC..KB739

TRACK_TIME 1167737286
TRACK A20110117595109 F 325500 970300 120 30 999 NONE NONE 360
	FP_ROUTE KC..KCRJ9

TRACK_TIME 1167737286
TRACK A20110117595110 F 400000 825500 120 30 999 NONE NONE 280
	FP_ROUTE KC..KCRJ9

TRACK_TIME 1167737286
TRACK A20110117595112 F 332560 1115700 120 30 999 NONE NONE 340
	FP_ROUTE KC..KE170

TRACK_TIME 1167737286
TRACK A20110117595123 F 333900 842860 120 30 999 NONE NONE 240
	FP_ROUTE KC..KE170

TRACK_TIME 1167737286
TRACK A20110117595126 F 404000 741060 120 30 999 NONE NONE 270
	FP_ROUTE KC..KB737

TRACK_TIME 1167737286
TRACK A20110117595133 F 315800 1022260 120 30 999 NONE NONE 320
	FP_ROUTE KC..KB737

TRACK_TIME 1167737286
TRACK A20110117595138 F 385860 772800 120 30 999 NONE NONE 290
	FP_ROUTE KC..KB737

TRACK_TIME 1167737286
TRACK A20110117595145 F 360400 1150700 120 30 999 NONE NONE 280
	FP_ROUTE KC..KDH8A

TRACK_TIME 1167737286
TRACK A20110117595147 F 430600 761000 120 30 999 NONE NONE 220
	FP_ROUTE KT..KC750

TRACK_TIME 1167737286
TRACK A20110117595148 F 360700 1150760 120 30 999 NONE NONE 290
	FP_ROUTE KT..KC750

TRACK_TIME 1167737286
TRACK A20110117595160 F 344300 921500 120 30 999 NONE NONE 370
	FP_ROUTE KT..KC750

TRACK_TIME 1167737286
TRACK A20110117595174 F 335500 1183300 120 30 999 NONE NONE 340
	FP_ROUTE KC..KA319

TRACK_TIME 1167737286
TRACK A20110117595178 F 300000 952200 120 30 999 NONE NONE 270
	FP_ROUTE KT..KCRJ2

TRACK_TIME 1167737286
TRACK A20110117595182 F 420100 875500 120 30 999 NONE NONE 340
	FP_ROUTE KC..KB737

TRACK_TIME 1167737286
TRACK A20110117595194 F 332560 1120300 120 30 999 NONE NONE 340
	FP_ROUTE KC..KB737

TRACK_TIME 1167737286
TRACK A20110117595195 F 420100 875700 120 30 999 NONE NONE 330
	FP_ROUTE KC..KA320

TRACK_TIME 1167737286
TRACK A20110117595201 F 360460 1150900 120 30 999 NONE NONE 400
	FP_ROUTE KC..KB733

TRACK_TIME 1167737286
TRACK A20110117595202 F 340300 1174500 120 30 999 NONE NONE 280
	FP_ROUTE KC..KE190

TRACK_TIME 1167737286
TRACK A20110117595203 F 325560 970100 120 30 999 NONE NONE 340
	FP_ROUTE KC..KB733

TRACK_TIME 1167737286
TRACK A20110117595205 F 371800 932700 120 30 999 NONE NONE 220
	FP_ROUTE KC..KB737

TRACK_TIME 1167737286
TRACK A20110117595211 F 325500 970100 120 30 999 NONE NONE 360
	FP_ROUTE KC..KB733

TRACK_TIME 1167737286
TRACK A20110117595213 F 373600 1221900 120 30 999 NONE NONE 340
	FP_ROUTE KC..KB738

TRACK_TIME 1167737286
TRACK A20110117595218 F 325500 970300 120 30 999 NONE NONE 340
	FP_ROUTE KC..KB752

TRACK_TIME 1167737286
TRACK A20110117595219 F 391060 764360 120 30 999 NONE NONE 390
	FP_ROUTE KC..KB738

TRACK_TIME 1167737286
TRACK A20110117595228 F 321900 863000 120 30 999 NONE NONE 200
	FP_ROUTE KT..KCRJ2

TRACK_TIME 1167737286
TRACK A20110117595243 F 361060 955260 120 30 999 NONE NONE 350
	FP_ROUTE KC..KB734

TRACK_TIME 1167737286
TRACK A20110117595246 F 211600 1575800 120 30 999 NONE NONE 360
	FP_ROUTE KC..KB712

TRACK_TIME 1167737286
TRACK A20110117595252 F 394960 1044060 120 30 999 NONE NONE 330
	FP_ROUTE KC..KB752

TRACK_TIME 1167737286
TRACK A20110117595261 F 422100 710100 120 30 999 NONE NONE 370
	FP_ROUTE KT..KCRJ2

TRACK_TIME 1167737286
TRACK A20110117595264 F 333900 842800 120 30 999 NONE NONE 320
	FP_ROUTE KG..KFA50

TRACK_TIME 1167737286
TRACK A20110117595273 F 260460 801200 120 30 999 NONE NONE 380
	FP_ROUTE KC..KE145

TRACK_TIME 1167737286
TRACK A20110117595274 F 442800 730600 120 30 999 NONE NONE 290
	FP_ROUTE KT..KE145

TRACK_TIME 1167737286
TRACK A20110117595278 F 351360 805800 120 30 999 NONE NONE 390
	FP_ROUTE KC..KB737

TRACK_TIME 1167737286
TRACK A20110117595280 F 350100 895860 120 30 999 NONE NONE 370
	FP_ROUTE KC..KE145

TRACK_TIME 1167737286
TRACK A20110117595285 F 373600 1221900 120 30 999 NONE NONE 360
	FP_ROUTE KC..KCRJ2

TRACK_TIME 1167737286
TRACK A20110117595308 F 425260 853300 120 30 999 NONE NONE 350
	FP_ROUTE KC..KCRJ2

TRACK_TIME 1167737286
TRACK A20110117595314 F 421300 831960 120 30 999 NONE NONE 400
	FP_ROUTE KC..KCRJ2

TRACK_TIME 1167737286
TRACK A20110117595318 F 282260 811900 120 30 999 NONE NONE 350
	FP_ROUTE KC..KE145

TRACK_TIME 1167737286
TRACK A20110117595320 F 393900 1065400 120 30 999 NONE NONE 380
	FP_ROUTE KC..KMD82

TRACK_TIME 1167737286
TRACK A20110117595324 F 341060 1181300 120 30 999 NONE NONE 210
	FP_ROUTE KC..KA319

TRACK_TIME 1167737286
TRACK A20110117595326 F 282800 811660 120 30 999 NONE NONE 350
	FP_ROUTE KC..KB737

TRACK_TIME 1167737286
TRACK A20110117595328 F 425800 875400 120 30 999 NONE NONE 400
	FP_ROUTE KC..KCRJ2

TRACK_TIME 1167737286
TRACK A20110117595330 F 421360 832200 120 30 999 NONE NONE 330
	FP_ROUTE KC..KCRJ2

TRACK_TIME 1167737286
TRACK A20110117595343 F 365200 761360 120 30 999 NONE NONE 290
	FP_ROUTE KC..KB739

TRACK_TIME 1167737286
TRACK A20110117595348 F 384900 770160 120 30 999 NONE NONE 220
	FP_ROUTE KC..KE145

TRACK_TIME 1167737286
TRACK A20110117595351 F 384800 770160 120 30 999 NONE NONE 200
	FP_ROUTE KG..KBE20

TRACK_TIME 1167737286
TRACK A20110117595352 F 361000 864000 120 30 999 NONE NONE 320
	FP_ROUTE KC..KB733

TRACK_TIME 1167737286
TRACK A20110117595363 F 420000 875700 120 30 999 NONE NONE 350
	FP_ROUTE KC..KA320

TRACK_TIME 1167737286
TRACK A20110117595365 F 403000 801660 120 30 999 NONE NONE 330
	FP_ROUTE KT..KCRJ2

TRACK_TIME 1167737286
TRACK A20110117595368 F 295860 951900 120 30 999 NONE NONE 360
	FP_ROUTE KT..KCRJ2

TRACK_TIME 1167737286
TRACK A20110117595369 F 391060 764300 120 30 999 NONE NONE 300
	FP_ROUTE KC..KB752

TRACK_TIME 1167737286
TRACK A20110117595372 F 333700 843160 120 30 999 NONE NONE 330
	FP_ROUTE KT..KCRJ9

TRACK_TIME 1167737286
TRACK A20110117595378 F 445200 931000 120 30 999 NONE NONE 380
	FP_ROUTE KC..KB752

TRACK_TIME 1167737286
TRACK A20110117595380 F 335700 1182560 120 30 999 NONE NONE 380
	FP_ROUTE KC..KA320

TRACK_TIME 1167737286
TRACK A20110117595383 F 334060 1175200 120 30 999 NONE NONE 380
	FP_ROUTE KT..KCRJ9

TRACK_TIME 1167737286
TRACK A20110117595386 F 333760 842800 120 30 999 NONE NONE 330
	FP_ROUTE KT..KCRJ2

TRACK_TIME 1167737286
TRACK A20110117595387 F 445400 931360 120 30 999 NONE NONE 340
	FP_ROUTE KT..KCRJ2

TRACK_TIME 1167737286
TRACK A20110117595391 F 394800 1044000 120 30 999 NONE NONE 250
	FP_ROUTE KC..KA319

TRACK_TIME 1167737286
TRACK A20110117595393 F 275560 823300 120 30 999 NONE NONE 360
	FP_ROUTE KC..KA319

TRACK_TIME 1167737286
TRACK A20110117595395 F 445400 931360 120 30 999 NONE NONE 290
	FP_ROUTE KT..KC750

TRACK_TIME 1167737286
TRACK A20110117595396 F 350100 895800 120 30 999 NONE NONE 180
	FP_ROUTE KC..KA320

TRACK_TIME 1167737286
TRACK A20110117595401 F 325700 970160 120 30 999 NONE NONE 340
	FP_ROUTE KC..KA319

TRACK_TIME 1167737286
TRACK A20110117595403 F 414900 874800 120 30 999 NONE NONE 310
	FP_ROUTE KC..KB712

TRACK_TIME 1167737286
TRACK A20110117595404 F 320900 1105860 120 30 999 NONE NONE 360
	FP_ROUTE KT..KCRJ2

TRACK_TIME 1167737286
TRACK A20110117595407 F 320900 1105860 120 30 999 NONE NONE 340
	FP_ROUTE KT..KE145

TRACK_TIME 1167737286
TRACK A20110117595410 F 390900 763900 120 30 999 NONE NONE 370
	FP_ROUTE KC..KCRJ2

TRACK_TIME 1167737286
TRACK A20110117595411 F 412560 814900 120 30 999 NONE NONE 300
	FP_ROUTE KC..KCRJ2

TRACK_TIME 1167737286
TRACK A20110117595412 F 404500 734960 120 30 999 NONE NONE 330
	FP_ROUTE KC..KB738

TRACK_TIME 1167737286
TRACK A20110117595416 F 412560 814900 120 30 999 NONE NONE 240
	FP_ROUTE KC..KB738

TRACK_TIME 1167737286
TRACK A20110117595421 F 420100 875560 120 30 999 NONE NONE 360
	FP_ROUTE KC..KCRJ2

TRACK_TIME 1167737286
TRACK A20110117595423 F 403760 741200 120 30 999 NONE NONE 350
	FP_ROUTE KC..KE120

TRACK_TIME 1167737286
TRACK A20110117595434 F 404900 1115860 120 30 999 NONE NONE 360
	FP_ROUTE KC..KB735

TRACK_TIME 1167737286
TRACK A20110117595435 F 333900 842700 120 30 999 NONE NONE 240
	FP_ROUTE KT..KE145

TRACK_TIME 1167737286
TRACK A20110117595436 F 335700 1181660 120 30 999 NONE NONE 380
	FP_ROUTE KC..KB737

TRACK_TIME 1167737286
TRACK A20110117595439 F 300000 952260 120 30 999 NONE NONE 290
	FP_ROUTE KT..KC750

TRACK_TIME 1167737286
TRACK A20110117595440 F 332560 1120300 120 30 999 NONE NONE 360
	FP_ROUTE KC..KA319

TRACK_TIME 1167737286
TRACK A20110117595452 F 415800 875860 120 30 999 NONE NONE 290
	FP_ROUTE KC..KA319

TRACK_TIME 1167737286
TRACK A20110117595454 F 333700 842800 120 30 999 NONE NONE 200
	FP_ROUTE KT..KCRJ2

TRACK_TIME 1167737286
TRACK A20110117595464 F 351360 805700 120 30 999 NONE NONE 230
	FP_ROUTE KC..KE170

TRACK_TIME 1167737286
TRACK A20110117595465 F 333900 842800 120 30 999 NONE NONE 260
	FP_ROUTE KC..KCRJ2

TRACK_TIME 1167737286
TRACK A20110117595466 F 403900 741060 120 30 999 NONE NONE 290
	FP_ROUTE KC..KA319

TRACK_TIME 1167737286
TRACK A20110117595471 F 420100 875500 120 30 999 NONE NONE 340
	FP_ROUTE KC..KCRJ2

TRACK_TIME 1167737286
TRACK A20110117595472 F 403900 741060 120 30 999 NONE NONE 390
	FP_ROUTE KC..KA321

TRACK_TIME 1167737286
TRACK A20110117595477 F 394900 1043900 120 30 999 NONE NONE 250
	FP_ROUTE KC..KB733

TRACK_TIME 1167737286
TRACK A20110117595481 F 373600 1221960 120 30 999 NONE NONE 370
	FP_ROUTE KC..KMD83

TRACK_TIME 1167737286
TRACK A20110117595484 F 325500 970160 120 30 999 NONE NONE 200
	FP_ROUTE KC..KB738

TRACK_TIME 1167737286
TRACK A20110117595487 F 384600 902100 120 30 999 NONE NONE 330
	FP_ROUTE KC..KB737

TRACK_TIME 1167737286
TRACK A20110117595489 F 373600 1221800 120 30 999 NONE NONE 360
	FP_ROUTE KC..KB737

TRACK_TIME 1167737286
TRACK A20110117595495 F 300000 952400 120 30 999 NONE NONE 370
	FP_ROUTE KG..KC560

TRACK_TIME 1167737286
TRACK A20110117595496 F 333460 1175700 120 30 999 NONE NONE 380
	FP_ROUTE KG..KCL60

TRACK_TIME 1167737286
TRACK A20110117595499 F 420000 875700 120 30 999 NONE NONE 350
	FP_ROUTE KC..KE170

TRACK_TIME 1167737286
TRACK A20110117595512 F 360460 801060 120 30 999 NONE NONE 291
	FP_ROUTE KC..KB744

TRACK_TIME 1167737286
TRACK A20110117595516 F 380760 854360 120 30 999 NONE NONE 320
	FP_ROUTE KC..KB752

TRACK_TIME 1167737286
TRACK A20110117595521 F 333760 842860 120 30 999 NONE NONE 340
	FP_ROUTE KC..KB737

TRACK_TIME 1167737286
TRACK A20110117595526 F 453300 1225800 120 30 999 NONE NONE 360
	FP_ROUTE KC..KA332

TRACK_TIME 1167737286
TRACK A20110117595535 F 404600 734960 120 30 999 NONE NONE 210
	FP_ROUTE KC..KB712

TRACK_TIME 1167737286
TRACK A20110117595541 F 260400 801200 120 30 999 NONE NONE 370
	FP_ROUTE KC..KB738

TRACK_TIME 1167737286
TRACK A20110117595544 F 254660 802100 120 30 999 NONE NONE 390
	FP_ROUTE KC..KB734

TRACK_TIME 1167737286
TRACK A20110117595545 F 403760 734500 120 30 999 NONE NONE 260
	FP_ROUTE KC..KA319

TRACK_TIME 1167737286
TRACK A20110117595546 F 302800 871300 120 30 999 NONE NONE 240
	FP_ROUTE KC..KA321

TRACK_TIME 1167737286
TRACK A20110117595547 F 381300 782500 120 30 999 NONE NONE 180
	FP_ROUTE KC..KB738

TRACK_TIME 1167737286
TRACK A20110117595553 F 391060 764360 120 30 999 NONE NONE 330
	FP_ROUTE KC..KE170

TRACK_TIME 1167737286
TRACK A20110117595555 F 333900 842860 120 30 999 NONE NONE 400
	FP_ROUTE KT..KF2TH

TRACK_TIME 1167737286
TRACK A20110117595556 F 391060 764360 120 30 999 NONE NONE 330
	FP_ROUTE KG..KFA50

TRACK_TIME 1167737286
TRACK A20110117595558 F 425800 875400 120 30 999 NONE NONE 370
	FP_ROUTE KC..KB737

TRACK_TIME 1167737286
TRACK A20110117595559 F 340300 1174360 120 30 999 NONE NONE 280
	FP_ROUTE KC..KB733

TRACK_TIME 1167737286
TRACK A20110117595560 F 350400 895860 120 30 999 NONE NONE 330
	FP_ROUTE KC..KB737

TRACK_TIME 1167737286
TRACK A20110117595561 F 403700 734500 120 30 999 NONE NONE 350
	FP_ROUTE KG..KBE20

TRACK_TIME 1167737286
TRACK A20110117595562 F 333900 842800 120 30 999 NONE NONE 380
	FP_ROUTE KC..KB737

TRACK_TIME 1167737286
TRACK A20110117595564 F 391060 764300 120 30 999 NONE NONE 330
	FP_ROUTE KC..KB752

TRACK_TIME 1167737286
TRACK A20110117595565 F 333900 842700 120 30 999 NONE NONE 330
	FP_ROUTE KC..KA319

TRACK_TIME 1167737286
TRACK A20110117595566 F 394060 862100 120 30 999 NONE NONE 190
	FP_ROUTE KC..KB752

TRACK_TIME 1167737286
TRACK A20110117595568 F 300000 952500 120 30 999 NONE NONE 390
	FP_ROUTE KC..KA319

TRACK_TIME 1167737286
TRACK A20110117595586 F 300000 952400 120 30 999 NONE NONE 360
	FP_ROUTE KC..KA320

TRACK_TIME 1167737286
TRACK A20110117595596 F 333900 842860 120 30 999 NONE NONE 400
	FP_ROUTE KC..KA319

TRACK_TIME 1167737286
TRACK A20110117595612 F 472700 1221900 120 30 999 NONE NONE 230
	FP_ROUTE KC..KB734

TRACK_TIME 1167737286
TRACK A20110117595614 F 445400 931600 120 30 999 NONE NONE 380
	FP_ROUTE KC..KB737

TRACK_TIME 1167737286
TRACK A20110117595617 F 350300 1064000 120 30 999 NONE NONE 360
	FP_ROUTE KC..KB737

TRACK_TIME 1167737286
TRACK A20110117595630 F 360700 863900 120 30 999 NONE NONE 370
	FP_ROUTE KT..KC750

TRACK_TIME 1167737286
TRACK A20110117595635 F 403700 734660 120 30 999 NONE NONE 370
	FP_ROUTE KC..KE170

TRACK_TIME 1167737286
TRACK A20110117595636 F 360460 1150760 120 30 999 NONE NONE 340
	FP_ROUTE KC..KB738

TRACK_TIME 1167737286
TRACK A20110117595638 F 343700 864600 120 30 999 NONE NONE 390
	FP_ROUTE KT..KCRJ9

TRACK_TIME 1167737286
TRACK A20110117595642 F 335700 1181960 120 30 999 NONE NONE 340
	FP_ROUTE KC..KA320

TRACK_TIME 1167737286
TRACK A20110117595646 F 421300 831960 120 30 999 NONE NONE 380
	FP_ROUTE KC..KA319

TRACK_TIME 1167737286
TRACK A20110117595649 F 404000 741060 120 30 999 NONE NONE 290
	FP_ROUTE KT..KCRJ2

TRACK_TIME 1167737286
TRACK A20110117595659 F 333760 842700 120 30 999 NONE NONE 330
	FP_ROUTE KC..KMD82

TRACK_TIME 1167737286
TRACK A20110117595663 F 395500 841500 120 30 999 NONE NONE 340
	FP_ROUTE KC..KA319

TRACK_TIME 1167737286
TRACK A20110117595664 F 403900 741060 120 30 999 NONE NONE 310
	FP_ROUTE KC..KA319

TRACK_TIME 1167737286
TRACK A20110117595668 F 465800 964900 120 30 999 NONE NONE 360
	FP_ROUTE KC..KB737

TRACK_TIME 1167737286
TRACK A20110117595677 F 351060 805800 120 30 999 NONE NONE 300
	FP_ROUTE KC..KA320

TRACK_TIME 1167737286
TRACK A20110117595680 F 445400 931600 120 30 999 NONE NONE 360
	FP_ROUTE KC..KA320

TRACK_TIME 1167737286
TRACK A20110117595682 F 324600 1171900 120 30 999 NONE NONE 380
	FP_ROUTE KC..KA320

TRACK_TIME 1167737286
TRACK A20110117595683 F 325500 970300 120 30 999 NONE NONE 330
	FP_ROUTE KT..KCRJ2

TRACK_TIME 1167737286
TRACK A20110117595687 F 333900 843100 120 30 999 NONE NONE 290
	FP_ROUTE KC..KB763

TRACK_TIME 1167737286
TRACK A20110117595688 F 421360 832200 120 30 999 NONE NONE 290
	FP_ROUTE KC..KB737

TRACK_TIME 1167737286
TRACK A20110117595694 F 390900 763900 120 30 999 NONE NONE 370
	FP_ROUTE KC..KB737

TRACK_TIME 1167737286
TRACK A20110117595695 F 422100 710100 120 30 999 NONE NONE 290
	FP_ROUTE KC..KF900

TRACK_TIME 1167737286
TRACK A20110117595700 F 380400 873000 120 30 999 NONE NONE 280
	FP_ROUTE KT..KC750

TRACK_TIME 1167737286
TRACK A20110117595706 F 395500 1050900 120 30 999 NONE NONE 380
	FP_ROUTE KC..KB744

TRACK_TIME 1167737286
TRACK A20110117595717 F 381660 1043700 120 30 999 NONE NONE 400
	FP_ROUTE KC..KB738

TRACK_TIME 1167737286
TRACK A20110117595720 F 403900 741200 120 30 999 NONE NONE 350
	FP_ROUTE KC..KB737

TRACK_TIME 1167737286
TRACK A20110117595722 F 360160 1151200 120 30 999 NONE NONE 380
	FP_ROUTE KC..KB737

TRACK_TIME 1167737286
TRACK A20110117595728 F 350000 820600 120 30 999 NONE NONE 280
	FP_ROUTE KC..KB737

TRACK_TIME 1167737286
TRACK A20110117595729 F 332560 1115860 120 30 999 NONE NONE 380
	FP_ROUTE KT..KCRJ9

TRACK_TIME 1167737286
TRACK A20110117595733 F 420000 875700 120 30 999 NONE NONE 330
	FP_ROUTE KC..KB738

TRACK_TIME 1167737286
TRACK A20110117595739 F 445400 931500 120 30 999 NONE NONE 300
	FP_ROUTE KT..KC750

TRACK_TIME 1167737286
TRACK A20110117595744 F 394800 1043900 120 30 999 NONE NONE 380
	FP_ROUTE KC..KB733

TRACK_TIME 1167737286
TRACK A20110117595745 F 360400 1150700 120 30 999 NONE NONE 380
	FP_ROUTE KC..KB737

TRACK_TIME 1167737286
TRACK A20110117595758 F 394800 841300 120 30 999 NONE NONE 280
	FP_ROUTE KC..KB733

TRACK_TIME 1167737286
TRACK A20110117595768 F 395260 841800 120 30 999 NONE NONE 200
	FP_ROUTE KC..KA320

TRACK_TIME 1167737286
TRACK A20110117595769 F 300100 901360 120 30 999 NONE NONE 350
	FP_ROUTE KC..KB712

TRACK_TIME 1167737286
TRACK A20110117595770 F 420000 875200 120 30 999 NONE NONE 380
	FP_ROUTE KC..KB733

TRACK_TIME 1167737286
TRACK A20110117595775 F 325500 970160 120 30 999 NONE NONE 340
	FP_ROUTE KC..KA320

TRACK_TIME 1167737286
TRACK A20110117595776 F 422100 710100 120 30 999 NONE NONE 370
	FP_ROUTE KC..KB737

TRACK_TIME 1167737286
TRACK A20110117595789 F 335560 1182200 120 30 999 NONE NONE 330
	FP_ROUTE KC..KB752

TRACK_TIME 1167737286
TRACK A20110117595793 F 420900 875500 120 30 999 NONE NONE 270
	FP_ROUTE KC..KB733

TRACK_TIME 1167737286
TRACK A20110117595802 F 405260 813000 120 30 999 NONE NONE 310
	FP_ROUTE KG..KC560

TRACK_TIME 1167737286
TRACK A20110117595815 F 405200 851660 120 30 999 NONE NONE 320
	FP_ROUTE KC..KB738

TRACK_TIME 1167737286
TRACK A20110117595821 F 264060 801000 120 30 999 NONE NONE 360
	FP_ROUTE KG..KFA10

TRACK_TIME 1167737286
TRACK A20110117595825 F 425100 734960 120 30 999 NONE NONE 180
	FP_ROUTE KC..KB737

TRACK_TIME 1167737286
TRACK A20110117595828 F 211800 1575800 120 30 999 NONE NONE 220
	FP_ROUTE KC..KB737

TRACK_TIME 1167737286
TRACK A20110117595842 F 334300 1163100 120 30 999 NONE NONE 340
	FP_ROUTE KC..KB737

TRACK_TIME 1167737286
TRACK A20110117595849 F 421300 831960 120 30 999 NONE NONE 380
	FP_ROUTE KT..KE145

TRACK_TIME 1167737286
TRACK A20110117595852 F 420100 875560 120 30 999 NONE NONE 340
	FP_ROUTE KC..KB737

TRACK_TIME 1167737286
TRACK A20110117595856 F 182800 671000 120 30 999 NONE NONE 370
	FP_ROUTE KC..KB737

TRACK_TIME 1167737286
TRACK A20110117595872 F 373600 1221900 120 30 999 NONE NONE 340
	FP_ROUTE KC..KE170

TRACK_TIME 1167737286
TRACK A20110117595874 F 254800 801960 120 30 999 NONE NONE 380
	FP_ROUTE KC..KB738

TRACK_TIME 1167737286
TRACK A20110117595884 F 390100 772800 120 30 999 NONE NONE 200
	FP_ROUTE KC..KE170

TRACK_TIME 1167737286
TRACK A20110117595885 F 332560 1115700 120 30 999 NONE NONE 289
	FP_ROUTE KG..KF900

TRACK_TIME 1167737286
TRACK A20110117595886 F 321300 900900 120 30 999 NONE NONE 340
	FP_ROUTE KC..KA319

TRACK_TIME 1167737286
TRACK A20110117595893 F 404960 1120000 120 30 999 NONE NONE 360
	FP_ROUTE KC..KMD82

TRACK_TIME 1167737286
TRACK A20110117595894 F 422100 764200 120 30 999 NONE NONE 330
	FP_ROUTE KC..KA319

TRACK_TIME 1167737286
TRACK A20110117595901 F 372100 1215500 120 30 999 NONE NONE 200
	FP_ROUTE KC..KA321

TRACK_TIME 1167737286
TRACK A20110117595914 F 395500 1044200 120 30 999 NONE NONE 390
	FP_ROUTE KC..KMD83

TRACK_TIME 1167737286
TRACK A20110117595934 F 665200 1622700 120 30 999 NONE NONE 270
	FP_ROUTE KC..KB734

TRACK_TIME 1167737286
TRACK A20110117595935 F 615100 1504600 120 30 999 NONE NONE 370
	FP_ROUTE KC..KB734

TRACK_TIME 1167737286
TRACK A20110117595938 F 333760 842800 120 30 999 NONE NONE 350
	FP_ROUTE KC..KB733

TRACK_TIME 1167737286
TRACK A20110117595939 F 275560 823300 120 30 999 NONE NONE 340
	FP_ROUTE KC..KA319

TRACK_TIME 1167737286
TRACK A20110117595942 F 421360 831960 120 30 999 NONE NONE 280
	FP_ROUTE KC..KB763

TRACK_TIME 1167737286
TRACK A20110117595950 F 395200 751660 120 30 999 NONE NONE 270
	FP_ROUTE KC..KA318

TRACK_TIME 1167737286
TRACK A20110117595953 F 360300 864300 120 30 999 NONE NONE 330
	FP_ROUTE KC..KA319

TRACK_TIME 1167737286
TRACK A20110117595954 F 302860 814500 120 30 999 NONE NONE 230
	FP_ROUTE KC..KB733

TRACK_TIME 1167737286
TRACK A20110117595955 F 420000 875500 120 30 999 NONE NONE 370
	FP_ROUTE KC..KB733

TRACK_TIME 1167737286
TRACK A20110117595957 F 261960 820000 120 30 999 NONE NONE 390
	FP_ROUTE KC..KB733

TRACK_TIME 1167737286
TRACK A20110117595958 F 413400 934060 120 30 999 NONE NONE 400
	FP_ROUTE KC..KB733

TRACK_TIME 1167737286
TRACK A20110117595961 F 403460 734800 120 30 999 NONE NONE 220
	FP_ROUTE KC..KB733

TRACK_TIME 1167737286
TRACK A20110117595962 F 333900 843000 120 30 999 NONE NONE 340
	FP_ROUTE KC..KA319

TRACK_TIME 1167737286
TRACK A20110117595970 F 302260 841960 120 30 999 NONE NONE 230
	FP_ROUTE KT..KCRJ2

TRACK_TIME 1167737286
TRACK A20110117595971 F 325500 970300 120 30 999 NONE NONE 240
	FP_ROUTE KC..KA319

TRACK_TIME 1167737286
TRACK A20110117595972 F 355100 784900 120 30 999 NONE NONE 220
	FP_ROUTE KC..KA320

TRACK_TIME 1167737286
TRACK A20110117595977 F 360900 864060 120 30 999 NONE NONE 250
	FP_ROUTE KC..KA320

TRACK_TIME 1167737286
TRACK A20110117595978 F 341200 1182260 120 30 999 NONE NONE 220
	FP_ROUTE KC..KA321

TRACK_TIME 1167737286
TRACK A20110117595980 F 293900 951800 120 30 999 NONE NONE 410
	FP_ROUTE KT..KC750

TRACK_TIME 1167737286
TRACK A20110117595983 F 275700 823300 120 30 999 NONE NONE 330
	FP_ROUTE KC..KA319

TRACK_TIME 1167737286
TRACK A20110117595986 F 351600 1204060 120 30 999 NONE NONE 270
	FP_ROUTE KC..KE170

TRACK_TIME 1167737286
TRACK A20110117595988 F 275800 823300 120 30 999 NONE NONE 390
	FP_ROUTE KC..KB752

TRACK_TIME 1167737286
TRACK A20110117595991 F 355100 784900 120 30 999 NONE NONE 220
	FP_ROUTE KC..KB752

TRACK_TIME 1167737286
TRACK A20110117595992 F 390000 772800 120 30 999 NONE NONE 350
	FP_ROUTE KT..KC750

TRACK_TIME 1167737286
TRACK A20110117595993 F 332560 1115700 120 30 999 NONE NONE 330
	FP_ROUTE KC..KB737

TRACK_TIME 1167737286
TRACK A20110117595996 F 303000 862860 120 30 999 NONE NONE 320
	FP_ROUTE KC..KB733

TRACK_TIME 1167737286
TRACK A20110117595998 F 293700 951600 120 30 999 NONE NONE 330
	FP_ROUTE KT..KC560

TRACK_TIME 1167737286
TRACK A20110117596001 F 350000 1063900 120 30 999 NONE NONE 270
	FP_ROUTE KC..KB737

TRACK_TIME 1167737286
TRACK A20110117596003 F 274660 973160 120 30 999 NONE NONE 280
	FP_ROUTE KC..KB733

TRACK_TIME 1167737286
TRACK A20110117596011 F 332560 1115800 120 30 999 NONE NONE 260
	FP_ROUTE KC..KB737

TRACK_TIME 1167737286
TRACK A20110117596012 F 324600 1171900 120 30 999 NONE NONE 320
	FP_ROUTE KT..KCRJ2

TRACK_TIME 1167737286
TRACK A20110117596018 F 262400 814900 120 30 999 NONE NONE 390
	FP_ROUTE KT..KCRJ2

TRACK_TIME 1167737286
TRACK A20110117596021 F 404800 1115800 120 30 999 NONE NONE 330
	FP_ROUTE KC..KE170

TRACK_TIME 1167737286
TRACK A20110117596022 F 332560 1115800 120 30 999 NONE NONE 380
	FP_ROUTE KC..KE170

TRACK_TIME 1167737286
TRACK A20110117596023 F 403600 734660 120 30 999 NONE NONE 330
	FP_ROUTE KC..KA319

TRACK_TIME 1167737286
TRACK A20110117596027 F 344500 774200 120 30 999 NONE NONE 290
	FP_ROUTE KG..KLJ35

TRACK_TIME 1167737286
TRACK A20110117596030 F 333700 843100 120 30 999 NONE NONE 280
	FP_ROUTE KC..KA320

TRACK_TIME 1167737286
TRACK A20110117596037 F 182560 660100 120 30 999 NONE NONE 350
	FP_ROUTE KC..KB737

TRACK_TIME 1167737286
TRACK A20110117596039 F 373600 1221900 120 30 999 NONE NONE 370
	FP_ROUTE KT..KCRJ9

TRACK_TIME 1167737286
TRACK A20110117596045 F 384300 1213600 120 30 999 NONE NONE 350
	FP_ROUTE KC..KB744

TRACK_TIME 1167737286
TRACK A20110117596049 F 394300 861900 120 30 999 NONE NONE 370
	FP_ROUTE KC..KB733

TRACK_TIME 1167737286
TRACK A20110117596051 F 392800 943400 120 30 999 NONE NONE 340
	FP_ROUTE KG..KCL60

TRACK_TIME 1167737286
TRACK A20110117596052 F 282400 811900 120 30 999 NONE NONE 370
	FP_ROUTE KC..KA320

TRACK_TIME 1167737286
TRACK A20110117596055 F 421300 831960 120 30 999 NONE NONE 260
	FP_ROUTE KC..KCRJ2

TRACK_TIME 1167737286
TRACK A20110117596056 F 373600 1221960 120 30 999 NONE NONE 340
	FP_ROUTE KC..KB753

TRACK_TIME 1167737286
TRACK A20110117596057 F 472800 1221900 120 30 999 NONE NONE 240
	FP_ROUTE KT..KE145

TRACK_TIME 1167737286
TRACK A20110117596063 F 344600 821900 120 30 999 NONE NONE 350
	FP_ROUTE KT..KC750

TRACK_TIME 1167737286
TRACK A20110117596066 F 403900 734600 120 30 999 NONE NONE 350
	FP_ROUTE KT..KC560

TRACK_TIME 1167737286
TRACK A20110117596067 F 404600 734960 120 30 999 NONE NONE 250
	FP_ROUTE KC..KB737

TRACK_TIME 1167737286
TRACK A20110117596070 F 430160 711960 120 30 999 NONE NONE 270
	FP_ROUTE KC..KA320

TRACK_TIME 1167737286
TRACK A20110117596090 F 422200 710100 120 30 999 NONE NONE 350
	FP_ROUTE KC..KA320

TRACK_TIME 1167737286
TRACK A20110117596097 F 414900 874800 120 30 999 NONE NONE 390
	FP_ROUTE KC..KDH8A

TRACK_TIME 1167737286
TRACK A20110117596099 F 404660 730700 120 30 999 NONE NONE 390
	FP_ROUTE KC..KA320

TRACK_TIME 1167737286
TRACK A20110117596105 F 260400 800700 120 30 999 NONE NONE 400
	FP_ROUTE KC..KA319

TRACK_TIME 1167737286
TRACK A20110117596117 F 420100 875700 120 30 999 NONE NONE 330
	FP_ROUTE KC..KA320

TRACK_TIME 1167737286
TRACK A20110117596118 F 333900 842700 120 30 999 NONE NONE 270
	FP_ROUTE KC..KB764

TRACK_TIME 1167737286
TRACK A20110117596120 F 420100 875800 120 30 999 NONE NONE 370
	FP_ROUTE KC..KA320

TRACK_TIME 1167737286
TRACK A20110117596123 F 332560 1120400 120 30 999 NONE NONE 360
	FP_ROUTE KC..KMD83

TRACK_TIME 1167737286
TRACK A20110117596126 F 284660 811660 120 30 999 NONE NONE 320
	FP_ROUTE KC..KB733

TRACK_TIME 1167737286
TRACK A20110117596127 F 404500 734960 120 30 999 NONE NONE 390
	FP_ROUTE KT..KCRJ2

TRACK_TIME 1167737286
TRACK A20110117596131 F 404600 734960 120 30 999 NONE NONE 210
	FP_ROUTE KC..KA320

TRACK_TIME 1167737286
TRACK A20110117596132 F 351360 805500 120 30 999 NONE NONE 219
	FP_ROUTE KT..KC560

TRACK_TIME 1167737286
TRACK A20110117596136 F 453460 1223460 120 30 999 NONE NONE 360
	FP_ROUTE KC..KB744

TRACK_TIME 1167737286
TRACK A20110117596141 F 351360 805800 120 30 999 NONE NONE 350
	FP_ROUTE KC..KB737

TRACK_TIME 1167737286
TRACK A20110117596142 F 295860 951900 120 30 999 NONE NONE 340
	FP_ROUTE KC..KB737

TRACK_TIME 1167737286
TRACK A20110117596143 F 275560 823300 120 30 999 NONE NONE 340
	FP_ROUTE KC..KCRJ2

TRACK_TIME 1167737286
TRACK A20110117596145 F 304300 881600 120 30 999 NONE NONE 370
	FP_ROUTE KC..KA321

TRACK_TIME 1167737286
TRACK A20110117596158 F 300000 951900 120 30 999 NONE NONE 340
	FP_ROUTE KC..KB737

TRACK_TIME 1167737286
TRACK A20110117596159 F 333460 1175560 120 30 999 NONE NONE 340
	FP_ROUTE KC..KB737

TRACK_TIME 1167737286
TRACK A20110117596173 F 404360 735100 120 30 999 NONE NONE 390
	FP_ROUTE KG..KBE20

TRACK_TIME 1167737286
TRACK A20110117596180 F 360460 1150900 120 30 999 NONE NONE 280
	FP_ROUTE KC..KA320

TRACK_TIME 1167737286
TRACK A20110117596181 F 420100 875700 120 30 999 NONE NONE 360
	FP_ROUTE KC..KA320

TRACK_TIME 1167737286
TRACK A20110117596185 F 332560 1115700 120 30 999 NONE NONE 370
	FP_ROUTE KC..KA319

TRACK_TIME 1167737286
TRACK A20110117596186 F 361000 864000 120 30 999 NONE NONE 280
	FP_ROUTE KC..KA320

TRACK_TIME 1167737286
TRACK A20110117596190 F 404800 1120000 120 30 999 NONE NONE 360
	FP_ROUTE KC..KA319

TRACK_TIME 1167737286
TRACK A20110117596191 F 390000 772800 120 30 999 NONE NONE 370
	FP_ROUTE KC..KB733

TRACK_TIME 1167737286
TRACK A20110117596199 F 415800 875100 120 30 999 NONE NONE 350
	FP_ROUTE KC..KE145

TRACK_TIME 1167737286
TRACK A20110117596200 F 261300 981660 120 30 999 NONE NONE 320
	FP_ROUTE KC..KDH8A

TRACK_TIME 1167737286
TRACK A20110117596201 F 445400 931500 120 30 999 NONE NONE 380
	FP_ROUTE KC..KMD82

TRACK_TIME 1167737286
TRACK A20110117596202 F 361200 955400 120 30 999 NONE NONE 410
	FP_ROUTE KC..KA320

TRACK_TIME 1167737286
TRACK A20110117596203 F 262400 815500 120 30 999 NONE NONE 390
	FP_ROUTE KC..KB733

TRACK_TIME 1167737286
TRACK A20110117596204 F 301900 813000 120 30 999 NONE NONE 310
	FP_ROUTE KC..KA319

TRACK_TIME 1167737286
TRACK A20110117596205 F 351360 805500 120 30 999 NONE NONE 320
	FP_ROUTE KC..KB734

TRACK_TIME 1167737286
TRACK A20110117596206 F 615860 1501300 120 30 999 NONE NONE 230
	FP_ROUTE KT..KCRJ9

TRACK_TIME 1167737286
TRACK A20110117596207 F 300000 952400 120 30 999 NONE NONE 360
	FP_ROUTE KT..KCRJ2

TRACK_TIME 1167737286
TRACK A20110117596209 F 360760 795260 120 30 999 NONE NONE 300
	FP_ROUTE KC..KB772

TRACK_TIME 1167737286
TRACK A20110117596210 F 275700 823300 120 30 999 NONE NONE 350
	FP_ROUTE KC..KB739

TRACK_TIME 1167737286
TRACK A20110117596217 F 404060 734900 120 30 999 NONE NONE 270
	FP_ROUTE KG..KFA50

TRACK_TIME 1167737286
TRACK A20110117596218 F 282800 811660 120 30 999 NONE NONE 320
	FP_ROUTE KC..KA320

TRACK_TIME 1167737286
TRACK A20110117596221 F 340300 1174500 120 30 999 NONE NONE 330
	FP_ROUTE KC..KB737

TRACK_TIME 1167737286
TRACK A20110117596225 F 332560 1115860 120 30 999 NONE NONE 360
	FP_ROUTE KT..KE145

TRACK_TIME 1167737286
TRACK A20110117596235 F 350100 895860 120 30 999 NONE NONE 280
	FP_ROUTE KC..KE170

TRACK_TIME 1167737286
TRACK A20110117596237 F 394800 1044000 120 30 999 NONE NONE 360
	FP_ROUTE KC..KA319

TRACK_TIME 1167737286
TRACK A20110117596239 F 335560 1182200 120 30 999 NONE NONE 360
	FP_ROUTE KC..KA320

TRACK_TIME 1167737286
TRACK A20110117596240 F 333900 842860 120 30 999 NONE NONE 370
	FP_ROUTE KT..KCRJ2

TRACK_TIME 1167737286
TRACK A20110117596242 F 395260 751300 120 30 999 NONE NONE 250
	FP_ROUTE KT..KCRJ2

TRACK_TIME 1167737286
TRACK A20110117596248 F 421960 705700 120 30 999 NONE NONE 370
	FP_ROUTE KT..KCRJ2

TRACK_TIME 1167737286
TRACK A20110117596255 F 415260 914800 120 30 999 NONE NONE 210
	FP_ROUTE KC..KA319

TRACK_TIME 1167737286
TRACK A20110117596257 F 384300 1213600 120 30 999 NONE NONE 400
	FP_ROUTE KC..KB738

TRACK_TIME 1167737286
TRACK A20110117596258 F 473760 1173100 120 30 999 NONE NONE 330
	FP_ROUTE KC..KB744

TRACK_TIME 1167737286
TRACK A20110117596273 F 355200 784800 120 30 999 NONE NONE 220
	FP_ROUTE KT..KDH8D

TRACK_TIME 1167737286
TRACK A20110117596280 F 360900 863900 120 30 999 NONE NONE 340
	FP_ROUTE KC..KA319

TRACK_TIME 1167737286
TRACK A20110117596284 F 421300 831960 120 30 999 NONE NONE 380
	FP_ROUTE KC..KCRJ2

TRACK_TIME 1167737286
TRACK A20110117596290 F 335700 1182560 120 30 999 NONE NONE 400
	FP_ROUTE KC..KCRJ2

TRACK_TIME 1167737286
TRACK A20110117596291 F 425500 784500 120 30 999 NONE NONE 350
	FP_ROUTE KT..KC750

TRACK_TIME 1167737286
TRACK A20110117596301 F 354200 1011800 120 30 999 NONE NONE 320
	FP_ROUTE KC..KB738

TRACK_TIME 1167737286
TRACK A20110117596304 F 404000 741060 120 30 999 NONE NONE 350
	FP_ROUTE KT..KC750

TRACK_TIME 1167737286
TRACK A20110117596305 F 260400 801060 120 30 999 NONE NONE 340
	FP_ROUTE KT..KE145

TRACK_TIME 1167737286
TRACK A20110117596306 F 360000 1150900 120 30 999 NONE NONE 340
	FP_ROUTE KC..KA319

TRACK_TIME 1167737286
TRACK A20110117596309 F 384900 770160 120 30 999 NONE NONE 300
	FP_ROUTE KC..KB737

TRACK_TIME 1167737286
TRACK A20110117596311 F 264360 814600 120 30 999 NONE NONE 430
	FP_ROUTE KC..KB737

TRACK_TIME 1167737286
TRACK A20110117596312 F 401960 764300 120 30 999 NONE NONE 410
	FP_ROUTE KC..KB734

TRACK_TIME 1167737286
TRACK A20110117596313 F 404900 1120000 120 30 999 NONE NONE 390
	FP_ROUTE KC..KB737

TRACK_TIME 1167737286
TRACK A20110117596314 F 264300 802560 120 30 999 NONE NONE 350
	FP_ROUTE KC..KB737

TRACK_TIME 1167737286
TRACK A20110117596319 F 453460 1223400 120 30 999 NONE NONE 360
	FP_ROUTE KC..KB738

TRACK_TIME 1167737286
TRACK A20110117596321 F 404500 1115800 120 30 999 NONE NONE 340
	FP_ROUTE KC..KB737

TRACK_TIME 1167737286
TRACK A20110117596326 F 453400 1223300 120 30 999 NONE NONE 360
	FP_ROUTE KC..KB737

TRACK_TIME 1167737286
TRACK A20110117596327 F 332560 1115560 120 30 999 NONE NONE 410
	FP_ROUTE KC..KB737

TRACK_TIME 1167737286
TRACK A20110117596331 F 282860 811800 120 30 999 NONE NONE 360
	FP_ROUTE KT..KCRJ2

TRACK_TIME 1167737286
TRACK A20110117596335 F 421360 832200 120 30 999 NONE NONE 280
	FP_ROUTE KT..KCRJ9

TRACK_TIME 1167737286
TRACK A20110117596336 F 333460 1175700 120 30 999 NONE NONE 320
	FP_ROUTE KT..KCRJ2

TRACK_TIME 1167737286
TRACK A20110117596337 F 282400 811660 120 30 999 NONE NONE 340
	FP_ROUTE KC..KB734

TRACK_TIME 1167737286
TRACK A20110117596339 F 360600 1151000 120 30 999 NONE NONE 330
	FP_ROUTE KC..KB772

TRACK_TIME 1167737286
TRACK A20110117596340 F 403600 734660 120 30 999 NONE NONE 350
	FP_ROUTE KC..KE145

TRACK_TIME 1167737286
TRACK A20110117596343 F 404500 743000 120 30 999 NONE NONE 220
	FP_ROUTE KC..KE145

TRACK_TIME 1167737286
TRACK A20110117596352 F 260400 801200 120 30 999 NONE NONE 370
	FP_ROUTE KC..KFA20

TRACK_TIME 1167737286
TRACK A20110117596356 F 324960 800000 120 30 999 NONE NONE 320
	FP_ROUTE KC..KB734

TRACK_TIME 1167737286
TRACK A20110117596361 F 420000 724500 120 30 999 NONE NONE 210
	FP_ROUTE KC..KCRJ2

TRACK_TIME 1167737286
TRACK A20110117596365 F 293100 982800 120 30 999 NONE NONE 390
	FP_ROUTE KT..KCRJ9

TRACK_TIME 1167737286
TRACK A20110117596378 F 384300 1213460 120 30 999 NONE NONE 390
	FP_ROUTE KC..KB764

TRACK_TIME 1167737286
TRACK A20110117596381 F 421360 832200 120 30 999 NONE NONE 350
	FP_ROUTE KC..KB734

TRACK_TIME 1167737286
TRACK A20110117596382 F 384500 901900 120 30 999 NONE NONE 310
	FP_ROUTE KC..KA319

TRACK_TIME 1167737286
TRACK A20110117596391 F 264060 801300 120 30 999 NONE NONE 380
	FP_ROUTE KT..KC560

TRACK_TIME 1167737286
TRACK A20110117596392 F 445200 931200 120 30 999 NONE NONE 370
	FP_ROUTE KG..KF900

TRACK_TIME 1167737286
TRACK A20110117596395 F 324600 1171960 120 30 999 NONE NONE 240
	FP_ROUTE KC..KB763

TRACK_TIME 1167737286
TRACK A20110117596396 F 373700 1220600 120 30 999 NONE NONE 260
	FP_ROUTE KC..KB752

TRACK_TIME 1167737286
TRACK A20110117596404 F 421300 831960 120 30 999 NONE NONE 340
	FP_ROUTE KC..KE145

TRACK_TIME 1167737286
TRACK A20110117596406 F 333900 842800 120 30 999 NONE NONE 230
	FP_ROUTE KC..KE170

TRACK_TIME 1167737286
TRACK A20110117596408 F 422100 710100 120 30 999 NONE NONE 370
	FP_ROUTE KC..KE170

TRACK_TIME 1167737286
TRACK A20110117596410 F 395200 751660 120 30 999 NONE NONE 290
	FP_ROUTE KC..KA319

TRACK_TIME 1167737286
TRACK A20110117596412 F 282400 811660 120 30 999 NONE NONE 280
	FP_ROUTE KC..KB763

TRACK_TIME 1167737286
TRACK A20110117596415 F 351360 805560 120 30 999 NONE NONE 280
	FP_ROUTE KT..KE145

TRACK_TIME 1167737286
TRACK A20110117596421 F 454900 1083300 120 30 999 NONE NONE 340
	FP_ROUTE KC..KB752

TRACK_TIME 1167737286
TRACK A20110117596422 F 463460 1003160 120 30 999 NONE NONE 300
	FP_ROUTE KC..KE120

TRACK_TIME 1167737286
TRACK A20110117596423 F 440100 1030160 120 30 999 NONE NONE 290
	FP_ROUTE KG..KF900

TRACK_TIME 1167737286
TRACK A20110117596428 F 403760 741200 120 30 999 NONE NONE 390
	FP_ROUTE KC..KE120

TRACK_TIME 1167737286
TRACK A20110117596431 F 325500 970160 120 30 999 NONE NONE 370
	FP_ROUTE KC..KE170

TRACK_TIME 1167737286
TRACK A20110117596434 F 404600 735100 120 30 999 NONE NONE 390
	FP_ROUTE KT..KCRJ9

TRACK_TIME 1167737286
TRACK A20110117596437 F 384900 770160 120 30 999 NONE NONE 340
	FP_ROUTE KT..KCRJ9

TRACK_TIME 1167737286
TRACK A20110117596449 F 425860 875260 120 30 999 NONE NONE 380
	FP_ROUTE KC..KB752

TRACK_TIME 1167737286
TRACK A20110117596453 F 442860 730700 120 30 999 NONE NONE 290
	FP_ROUTE KC..KB734

TRACK_TIME 1167737286
TRACK A20110117596456 F 254800 801900 120 30 999 NONE NONE 410
	FP_ROUTE KC..KE135

TRACK_TIME 1167737286
TRACK A20110117596463 F 300000 951900 120 30 999 NONE NONE 340
	FP_ROUTE KC..KB763

TRACK_TIME 1167737286
TRACK A20110117596467 F 335700 1182700 120 30 999 NONE NONE 400
	FP_ROUTE KG..KBE20

TRACK_TIME 1167737286
TRACK A20110117596469 F 391060 764300 120 30 999 NONE NONE 350
	FP_ROUTE KC..KA321

TRACK_TIME 1167737286
TRACK A20110117596470 F 425560 712560 120 30 999 NONE NONE 290
	FP_ROUTE KC..KB752

TRACK_TIME 1167737286
TRACK A20110117596471 F 391060 764360 120 30 999 NONE NONE 330
	FP_ROUTE KC..KB733

TRACK_TIME 1167737286
TRACK A20110117596475 F 351360 805560 120 30 999 NONE NONE 220
	FP_ROUTE KC..KB752

TRACK_TIME 1167737286
TRACK A20110117596478 F 420100 875800 120 30 999 NONE NONE 380
	FP_ROUTE KC..KCRJ9

TRACK_TIME 1167737286
TRACK A20110117596479 F 472800 1221900 120 30 999 NONE NONE 380
	FP_ROUTE KC..KB737

TRACK_TIME 1167737286
TRACK A20110117596483 F 300000 952260 120 30 999 NONE NONE 270
	FP_ROUTE KC..KMD82

TRACK_TIME 1167737286
TRACK A20110117596493 F 395560 1044060 120 30 999 NONE NONE 400
	FP_ROUTE KC..KB737

TRACK_TIME 1167737286
TRACK A20110117596495 F 422800 712200 120 30 999 NONE NONE 390
	FP_ROUTE KC..KB737

TRACK_TIME 1167737286
TRACK A20110117596501 F 351060 805700 120 30 999 NONE NONE 350
	FP_ROUTE KC..KB753

TRACK_TIME 1167737286
TRACK A20110117596502 F 300100 900160 120 30 999 NONE NONE 230
	FP_ROUTE KC..KB752

TRACK_TIME 1167737286
TRACK A20110117596503 F 282860 811660 120 30 999 NONE NONE 380
	FP_ROUTE KT..KCRJ2

TRACK_TIME 1167737286
TRACK A20110117596504 F 300000 901600 120 30 999 NONE NONE 340
	FP_ROUTE KC..KB738

TRACK_TIME 1167737286
TRACK A20110117596509 F 445400 931500 120 30 999 NONE NONE 360
	FP_ROUTE KC..KE190

TRACK_TIME 1167737286
TRACK A20110117596515 F 194600 1560160 120 30 999 NONE NONE 210
	FP_ROUTE KC..KE145

TRACK_TIME 1167737286
TRACK A20110117596518 F 360900 863900 120 30 999 NONE NONE 360
	FP_ROUTE KC..KB735

TRACK_TIME 1167737286
TRACK A20110117596531 F 351360 805800 120 30 999 NONE NONE 330
	FP_ROUTE KT..KE135

TRACK_TIME 1167737286
TRACK A20110117596533 F 412260 815400 120 30 999 NONE NONE 320
	FP_ROUTE KT..KCRJ2

TRACK_TIME 1167737286
TRACK A20110117596539 F 264060 800100 120 30 999 NONE NONE 350
	FP_ROUTE KC..KCRJ2

TRACK_TIME 1167737286
TRACK A20110117596542 F 404800 1120000 120 30 999 NONE NONE 320
	FP_ROUTE KG..KC560

TRACK_TIME 1167737286
TRACK A20110117596546 F 333900 842700 120 30 999 NONE NONE 320
	FP_ROUTE KC..KE145

TRACK_TIME 1167737286
TRACK A20110117596548 F 332700 1120400 120 30 999 NONE NONE 330
	FP_ROUTE KC..KE170

TRACK_TIME 1167737286
TRACK A20110117596549 F 355100 784900 120 30 999 NONE NONE 350
	FP_ROUTE KC..KA319

TRACK_TIME 1167737286
TRACK A20110117596554 F 300000 951800 120 30 999 NONE NONE 360
	FP_ROUTE KC..KE190

TRACK_TIME 1167737286
TRACK A20110117596557 F 260460 801300 120 30 999 NONE NONE 350
	FP_ROUTE KC..KB752

TRACK_TIME 1167737286
TRACK A20110117596573 F 404900 1115860 120 30 999 NONE NONE 320
	FP_ROUTE KC..KB737

TRACK_TIME 1167737286
TRACK A20110117596577 F 300000 952200 120 30 999 NONE NONE 270
	FP_ROUTE KC..KMD83

TRACK_TIME 1167737286
TRACK A20110117596579 F 280600 804200 120 30 999 NONE NONE 370
	FP_ROUTE KC..KB737

TRACK_TIME 1167737286
TRACK A20110117596584 F 333400 864360 120 30 999 NONE NONE 320
	FP_ROUTE KT..KCRJ2

TRACK_TIME 1167737286
TRACK A20110117596587 F 395200 751660 120 30 999 NONE NONE 270
	FP_ROUTE KG..KC560

TRACK_TIME 1167737286
TRACK A20110117596598 F 335560 1183300 120 30 999 NONE NONE 350
	FP_ROUTE KC..KDH8A

TRACK_TIME 1167737286
TRACK A20110117596604 F 445260 931360 120 30 999 NONE NONE 320
	FP_ROUTE KC..KE145

TRACK_TIME 1167737286
TRACK A20110117596610 F 433900 701600 120 30 999 NONE NONE 250
	FP_ROUTE KG..KC560

TRACK_TIME 1167737286
TRACK A20110117596612 F 332560 1115800 120 30 999 NONE NONE 370
	FP_ROUTE KC..KB737

TRACK_TIME 1167737286
TRACK A20110117596613 F 404360 735500 120 30 999 NONE NONE 260
	FP_ROUTE KC..KMD82

TRACK_TIME 1167737286
TRACK A20110117596623 F 344800 821500 120 30 999 NONE NONE 200
	FP_ROUTE KC..KMD83

TRACK_TIME 1167737286
TRACK A20110117596624 F 394200 861900 120 30 999 NONE NONE 300
	FP_ROUTE KT..KCRJ2

TRACK_TIME 1167737286
TRACK A20110117596627 F 373700 1220460 120 30 999 NONE NONE 390
	FP_ROUTE KC..KCRJ2

TRACK_TIME 1167737286
TRACK A20110117596630 F 472700 1221900 120 30 999 NONE NONE 360
	FP_ROUTE KC..KB737

TRACK_TIME 1167737286
TRACK A20110117596631 F 404800 1115800 120 30 999 NONE NONE 320
	FP_ROUTE KC..KA319

TRACK_TIME 1167737286
TRACK A20110117596632 F 440100 1030300 120 30 999 NONE NONE 340
	FP_ROUTE KC..KE145

TRACK_TIME 1167737286
TRACK A20110117596633 F 420000 875200 120 30 999 NONE NONE 350
	FP_ROUTE KC..KB738

TRACK_TIME 1167737286
TRACK A20110117596635 F 355100 784900 120 30 999 NONE NONE 180
	FP_ROUTE KT..KCRJ2

TRACK_TIME 1167737286
TRACK A20110117596639 F 394960 1044060 120 30 999 NONE NONE 390
	FP_ROUTE KC..KCRJ2

TRACK_TIME 1167737286
TRACK A20110117596640 F 333900 842800 120 30 999 NONE NONE 350
	FP_ROUTE KC..KB734

TRACK_TIME 1167737286
TRACK A20110117596641 F 390460 843900 120 30 999 NONE NONE 360
	FP_ROUTE KC..KB752

TRACK_TIME 1167737286
TRACK A20110117596643 F 422560 705860 120 30 999 NONE NONE 210
	FP_ROUTE KC..KCRJ2

TRACK_TIME 1167737286
TRACK A20110117596653 F 415860 875560 120 30 999 NONE NONE 370
	FP_ROUTE KT..KCRJ1

TRACK_TIME 1167737286
TRACK A20110117596654 F 374060 1221060 120 30 999 NONE NONE 390
	FP_ROUTE KG..KBE20

TRACK_TIME 1167737286
TRACK A20110117596663 F 410160 1045560 120 30 999 NONE NONE 210
	FP_ROUTE KT..KCRJ9

TRACK_TIME 1167737286
TRACK A20110117596664 F 295860 901500 120 30 999 NONE NONE 300
	FP_ROUTE KC..KCRJ2

TRACK_TIME 1167737286
TRACK A20110117596682 F 391660 943300 120 30 999 NONE NONE 300
	FP_ROUTE KC..KA320

TRACK_TIME 1167737286
TRACK A20110117596703 F 372800 771660 120 30 999 NONE NONE 180
	FP_ROUTE KC..KE170

TRACK_TIME 1167737286
TRACK A20110117596706 F 445200 931000 120 30 999 NONE NONE 280
	FP_ROUTE KC..KE170

TRACK_TIME 1167737286
TRACK A20110117596707 F 373600 1221900 120 30 999 NONE NONE 360
	FP_ROUTE KC..KB738

TRACK_TIME 1167737286
TRACK A20110117596709 F 344500 921300 120 30 999 NONE NONE 290
	FP_ROUTE KC..KA319

TRACK_TIME 1167737286
TRACK A20110117596710 F 295860 952260 120 30 999 NONE NONE 350
	FP_ROUTE KC..KE145

TRACK_TIME 1167737286
TRACK A20110117596715 F 263760 815200 120 30 999 NONE NONE 360
	FP_ROUTE KC..KB733

TRACK_TIME 1167737286
TRACK A20110117596716 F 275500 823300 120 30 999 NONE NONE 220
	FP_ROUTE KC..KA320

TRACK_TIME 1167737286
TRACK A20110117596718 F 403900 741200 120 30 999 NONE NONE 370
	FP_ROUTE KC..KE170

TRACK_TIME 1167737286
TRACK A20110117596723 F 264000 795700 120 30 999 NONE NONE 320
	FP_ROUTE KC..KB733

TRACK_TIME 1167737286
TRACK A20110117596725 F 282700 811660 120 30 999 NONE NONE 360
	FP_ROUTE KC..KB738

TRACK_TIME 1167737286
TRACK A20110117596726 F 282400 811900 120 30 999 NONE NONE 410
	FP_ROUTE KC..KMD82

TRACK_TIME 1167737286
TRACK A20110117596727 F 325400 970100 120 30 999 NONE NONE 380
	FP_ROUTE KC..KB738

TRACK_TIME 1167737286
TRACK A20110117596728 F 333900 843100 120 30 999 NONE NONE 340
	FP_ROUTE KT..KCRJ1

TRACK_TIME 1167737286
TRACK A20110117596732 F 445200 931000 120 30 999 NONE NONE 280
	FP_ROUTE KC..KB753

TRACK_TIME 1167737286
TRACK A20110117596733 F 420100 875700 120 30 999 NONE NONE 290
	FP_ROUTE KC..KA321

TRACK_TIME 1167737286
TRACK A20110117596749 F 293700 951800 120 30 999 NONE NONE 320
	FP_ROUTE KC..KE145

TRACK_TIME 1167737286
TRACK A20110117596750 F 421360 832200 120 30 999 NONE NONE 390
	FP_ROUTE KC..KB735

TRACK_TIME 1167737286
TRACK A20110117596754 F 360600 864200 120 30 999 NONE NONE 400
	FP_ROUTE KC..KE120

TRACK_TIME 1167737286
TRACK A20110117596755 F 333900 842800 120 30 999 NONE NONE 390
	FP_ROUTE KC..KB733

TRACK_TIME 1167737286
TRACK A20110117596758 F 394900 1043900 120 30 999 NONE NONE 310
	FP_ROUTE KC..KB738

TRACK_TIME 1167737286
TRACK A20110117596759 F 380300 843460 120 30 999 NONE NONE 260
	FP_ROUTE KG..KC510

TRACK_TIME 1167737286
TRACK A20110117596764 F 300460 973900 120 30 999 NONE NONE 200
	FP_ROUTE KC..KE170

TRACK_TIME 1167737286
TRACK A20110117596766 F 403000 801660 120 30 999 NONE NONE 371
	FP_ROUTE KC..KB737

TRACK_TIME 1167737286
TRACK A20110117596767 F 254800 801600 120 30 999 NONE NONE 380
	FP_ROUTE KC..KB753

TRACK_TIME 1167737286
TRACK A20110117596769 F 332560 1115700 120 30 999 NONE NONE 290
	FP_ROUTE KT..KE145

TRACK_TIME 1167737286
TRACK A20110117596773 F 420100 875800 120 30 999 NONE NONE 370
	FP_ROUTE KT..KE145

TRACK_TIME 1167737286
TRACK A20110117596777 F 384360 901960 120 30 999 NONE NONE 390
	FP_ROUTE KC..KA319

TRACK_TIME 1167737286
TRACK A20110117596786 F 380760 843000 120 30 999 NONE NONE 260
	FP_ROUTE KC..KE170

TRACK_TIME 1167737286
TRACK A20110117596789 F 300000 952200 120 30 999 NONE NONE 320
	FP_ROUTE KC..KCRJ2

TRACK_TIME 1167737286
TRACK A20110117596796 F 300000 952400 120 30 999 NONE NONE 320
	FP_ROUTE KC..KA319

TRACK_TIME 1167737286
TRACK A20110117596799 F 422100 705860 120 30 999 NONE NONE 410
	FP_ROUTE KC..KB733

TRACK_TIME 1167737286
TRACK A20110117596800 F 295860 951660 120 30 999 NONE NONE 330
	FP_ROUTE KC..KAT72

TRACK_TIME 1167737286
TRACK A20110117596802 F 404960 740600 120 30 999 NONE NONE 410
	FP_ROUTE KC..KB744

TRACK_TIME 1167737286
TRACK A20110117596803 F 303100 814360 120 30 999 NONE NONE 330
	FP_ROUTE KC..KMD82

TRACK_TIME 1167737286
TRACK A20110117596804 F 333900 842860 120 30 999 NONE NONE 380
	FP_ROUTE KC..KB752

TRACK_TIME 1167737286
TRACK A20110117596807 F 351000 1014600 120 30 999 NONE NONE 380
	FP_ROUTE KC..KE135

TRACK_TIME 1167737286
TRACK A20110117596808 F 391660 855200 120 30 999 NONE NONE 350
	FP_ROUTE KC..KMD82

TRACK_TIME 1167737286
TRACK A20110117596811 F 373700 1222100 120 30 999 NONE NONE 400
	FP_ROUTE KC..KB737

TRACK_TIME 1167737286
TRACK A20110117596816 F 404500 734960 120 30 999 NONE NONE 330
	FP_ROUTE KC..KB737

TRACK_TIME 1167737286
TRACK A20110117596821 F 360600 1150760 120 30 999 NONE NONE 340
	FP_ROUTE KT..KLJ45

TRACK_TIME 1167737286
TRACK A20110117596830 F 350400 895860 120 30 999 NONE NONE 360
	FP_ROUTE KC..KB752

TRACK_TIME 1167737286
TRACK A20110117596836 F 254800 801600 120 30 999 NONE NONE 320
	FP_ROUTE KC..KCRJ2

TRACK_TIME 1167737286
TRACK A20110117596852 F 293700 951900 120 30 999 NONE NONE 390
	FP_ROUTE KT..KLJ45

TRACK_TIME 1167737286
TRACK A20110117596857 F 442700 730700 120 30 999 NONE NONE 290
	FP_ROUTE KT..KCRJ2

TRACK_TIME 1167737286
TRACK A20110117596863 F 414060 712800 120 30 999 NONE NONE 290
	FP_ROUTE KC..KE135

TRACK_TIME 1167737286
TRACK A20110117596864 F 402860 801200 120 30 999 NONE NONE 290
	FP_ROUTE KC..KE145

TRACK_TIME 1167737286
TRACK A20110117596866 F 355100 784900 120 30 999 NONE NONE 220
	FP_ROUTE KT..KCRJ9

TRACK_TIME 1167737286
TRACK A20110117596878 F 405100 1120000 120 30 999 NONE NONE 270
	FP_ROUTE KC..KMD83

TRACK_TIME 1167737286
TRACK A20110117596879 F 413100 813900 120 30 999 NONE NONE 240
	FP_ROUTE KC..KB712

TRACK_TIME 1167737286
TRACK A20110117596881 F 442800 730900 120 30 999 NONE NONE 250
	FP_ROUTE KC..KB738

TRACK_TIME 1167737286
TRACK A20110117596883 F 260400 801200 120 30 999 NONE NONE 320
	FP_ROUTE KC..KCRJ9

TRACK_TIME 1167737286
TRACK A20110117596892 F 293760 951600 120 30 999 NONE NONE 340
	FP_ROUTE KC..KB737

TRACK_TIME 1167737286
TRACK A20110117596896 F 332560 1115860 120 30 999 NONE NONE 330
	FP_ROUTE KC..KB712

TRACK_TIME 1167737286
TRACK A20110117596899 F 404600 734960 120 30 999 NONE NONE 390
	FP_ROUTE KC..KCRJ2

TRACK_TIME 1167737286
TRACK A20110117596904 F 282700 811660 120 30 999 NONE NONE 380
	FP_ROUTE KT..KE135

TRACK_TIME 1167737286
TRACK A20110117596912 F 350100 1063900 120 30 999 NONE NONE 340
	FP_ROUTE KC..KMD82

TRACK_TIME 1167737286
TRACK A20110117596914 F 394900 1044000 120 30 999 NONE NONE 250
	FP_ROUTE KC..KB737

TRACK_TIME 1167737286
TRACK A20110117596919 F 332560 1115800 120 30 999 NONE NONE 340
	FP_ROUTE KC..KB738

TRACK_TIME 1167737286
TRACK A20110117596922 F 282800 811660 120 30 999 NONE NONE 340
	FP_ROUTE KC..KB712

TRACK_TIME 1167737286
TRACK A20110117596933 F 333900 842700 120 30 999 NONE NONE 260
	FP_ROUTE KC..KB737

TRACK_TIME 1167737286
TRACK A20110117596942 F 433900 1104300 120 30 999 NONE NONE 190
	FP_ROUTE KC..KE145

TRACK_TIME 1167737286
TRACK A20110117596947 F 182560 660100 120 30 999 NONE NONE 390
	FP_ROUTE KC..KCRJ2

TRACK_TIME 1167737286
TRACK A20110117596948 F 260460 801300 120 30 999 NONE NONE 230
	FP_ROUTE KT..KE145

TRACK_TIME 1167737286
TRACK A20110117596950 F 321300 1041300 120 30 999 NONE NONE 370
	FP_ROUTE KT..KE145

TRACK_TIME 1167737286
TRACK A20110117596953 F 420000 875700 120 30 999 NONE NONE 320
	FP_ROUTE KC..KB733

TRACK_TIME 1167737286
TRACK A20110117596954 F 390400 843900 120 30 999 NONE NONE 350
	FP_ROUTE KT..KDH8D

TRACK_TIME 1167737286
TRACK A20110117596959 F 392560 944600 120 30 999 NONE NONE 320
	FP_ROUTE KG..KBE20

TRACK_TIME 1167737286
TRACK A20110117596970 F 332560 1120300 120 30 999 NONE NONE 380
	FP_ROUTE KT..KE145

TRACK_TIME 1167737286
TRACK A20110117596978 F 373900 972800 120 30 999 NONE NONE 340
	FP_ROUTE KT..KCRJ2

TRACK_TIME 1167737286
TRACK A20110117596985 F 403900 741200 120 30 999 NONE NONE 310
	FP_ROUTE KC..KB752

TRACK_TIME 1167737286
TRACK A20110117596999 F 324360 1171300 120 30 999 NONE NONE 390
	FP_ROUTE KC..KA319

TRACK_TIME 1167737286
TRACK A20110117597005 F 373600 1221900 120 30 999 NONE NONE 340
	FP_ROUTE KC..KB737

TRACK_TIME 1167737286
TRACK A20110117597010 F 333700 843160 120 30 999 NONE NONE 350
	FP_ROUTE KC..KB737

TRACK_TIME 1167737286
TRACK A20110117597012 F 293300 983000 120 30 999 NONE NONE 200
	FP_ROUTE KG..KLJ45

TRACK_TIME 1167737286
TRACK A20110117597013 F 404600 735100 120 30 999 NONE NONE 210
	FP_ROUTE KC..KB733

TRACK_TIME 1167737286
TRACK A20110117597021 F 374660 1130100 120 30 999 NONE NONE 261
	FP_ROUTE KC..KB737

TRACK_TIME 1167737286
TRACK A20110117597022 F 420000 875700 120 30 999 NONE NONE 360
	FP_ROUTE KG..KC560

TRACK_TIME 1167737286
TRACK A20110117597023 F 360760 955400 120 30 999 NONE NONE 340
	FP_ROUTE KC..KMD82

TRACK_TIME 1167737286
TRACK A20110117597036 F 360760 864060 120 30 999 NONE NONE 330
	FP_ROUTE KT..KE145

TRACK_TIME 1167737286
TRACK A20110117597037 F 280160 823160 120 30 999 NONE NONE 350
	FP_ROUTE KT..KCRJ9

TRACK_TIME 1167737286
TRACK A20110117597040 F 404000 741060 120 30 999 NONE NONE 350
	FP_ROUTE KC..KB733

TRACK_TIME 1167737286
TRACK A20110117597041 F 391060 764300 120 30 999 NONE NONE 370
	FP_ROUTE KC..KA319

TRACK_TIME 1167737286
TRACK A20110117597042 F 420100 875500 120 30 999 NONE NONE 340
	FP_ROUTE KT..KCRJ9

TRACK_TIME 1167737286
TRACK A20110117597047 F 351360 805800 120 30 999 NONE NONE 350
	FP_ROUTE KC..KA321

TRACK_TIME 1167737286
TRACK A20110117597051 F 300000 951660 120 30 999 NONE NONE 360
	FP_ROUTE KC..KE170

TRACK_TIME 1167737286
TRACK A20110117597056 F 433900 701600 120 30 999 NONE NONE 290
	FP_ROUTE KC..KB752

TRACK_TIME 1167737286
TRACK A20110117597060 F 394060 862100 120 30 999 NONE NONE 270
	FP_ROUTE KC..KB737

TRACK_TIME 1167737286
TRACK A20110117597061 F 324960 964960 120 30 999 NONE NONE 230
	FP_ROUTE KC..KB763

TRACK_TIME 1167737286
TRACK A20110117597075 F 325100 965200 120 30 999 NONE NONE 380
	FP_ROUTE KC..KA320

TRACK_TIME 1167737286
TRACK A20110117597081 F 350000 895860 120 30 999 NONE NONE 350
	FP_ROUTE KC..KA319

TRACK_TIME 1167737286
TRACK A20110117597084 F 334900 1180900 120 30 999 NONE NONE 320
	FP_ROUTE KC..KB752

TRACK_TIME 1167737286
TRACK A20110117597087 F 335700 1182100 120 30 999 NONE NONE 330
	FP_ROUTE KT..KCRJ9

TRACK_TIME 1167737286
TRACK A20110117597090 F 384900 770160 120 30 999 NONE NONE 220
	FP_ROUTE KC..KCRJ2

TRACK_TIME 1167737286
TRACK A20110117597091 F 332560 1115860 120 30 999 NONE NONE 290
	FP_ROUTE KT..KCRJ2

TRACK_TIME 1167737286
TRACK A20110117597098 F 605400 1485400 120 30 999 NONE NONE 360
	FP_ROUTE KC..KE145

TRACK_TIME 1167737286
TRACK A20110117597106 F 393000 944060 120 30 999 NONE NONE 350
	FP_ROUTE KC..KA320

TRACK_TIME 1167737286
TRACK A20110117597113 F 335560 1182500 120 30 999 NONE NONE 340
	FP_ROUTE KT..KCRJ2

TRACK_TIME 1167737286
TRACK A20110117597125 F 420000 875560 120 30 999 NONE NONE 370
	FP_ROUTE KC..KA319

TRACK_TIME 1167737286
TRACK A20110117597129 F 404660 742500 120 30 999 NONE NONE 200
	FP_ROUTE KT..KCRJ2

TRACK_TIME 1167737286
TRACK A20110117597132 F 440160 1030300 120 30 999 NONE NONE 270
	FP_ROUTE KC..KCRJ2

TRACK_TIME 1167737286
TRACK A20110117597137 F 420000 875700 120 30 999 NONE NONE 330
	FP_ROUTE KC..KE145

TRACK_TIME 1167737286
TRACK A20110117597138 F 394800 1043900 120 30 999 NONE NONE 340
	FP_ROUTE KC..KA320

TRACK_TIME 1167737286
TRACK A20110117597141 F 390000 772800 120 30 999 NONE NONE 370
	FP_ROUTE KG..KF900

TRACK_TIME 1167737286
TRACK A20110117597144 F 415260 914660 120 30 999 NONE NONE 330
	FP_ROUTE KG..KF900

TRACK_TIME 1167737286
TRACK A20110117597150 F 390400 844000 120 30 999 NONE NONE 230
	FP_ROUTE KC..KCRJ2

TRACK_TIME 1167737286
TRACK A20110117597152 F 615560 1501600 120 30 999 NONE NONE 330
	FP_ROUTE KC..KMD83

TRACK_TIME 1167737286
TRACK A20110117597164 F 360900 863900 120 30 999 NONE NONE 240
	FP_ROUTE KC..KB738

TRACK_TIME 1167737286
TRACK A20110117597165 F 260460 801300 120 30 999 NONE NONE 330
	FP_ROUTE KT..KCRJ2

TRACK_TIME 1167737286
TRACK A20110117597169 F 324960 1171360 120 30 999 NONE NONE 360
	FP_ROUTE KC..KB737

TRACK_TIME 1167737286
TRACK A20110117597173 F 404300 894800 120 30 999 NONE NONE 320
	FP_ROUTE KT..KE145

TRACK_TIME 1167737286
TRACK A20110117597175 F 445400 931500 120 30 999 NONE NONE 330
	FP_ROUTE KC..KB712

TRACK_TIME 1167737286
TRACK A20110117597176 F 374060 972500 120 30 999 NONE NONE 280
	FP_ROUTE KC..KB752

TRACK_TIME 1167737286
TRACK A20110117597180 F 254360 801060 120 30 999 NONE NONE 350
	FP_ROUTE KT..KLJ45

TRACK_TIME 1167737286
TRACK A20110117597181 F 333900 842700 120 30 999 NONE NONE 330
	FP_ROUTE KC..KA321

TRACK_TIME 1167737286
TRACK A20110117597184 F 384960 770160 120 30 999 NONE NONE 370
	FP_ROUTE KC..KCRJ2

TRACK_TIME 1167737286
TRACK A20110117597189 F 411800 955500 120 30 999 NONE NONE 340
	FP_ROUTE KC..KB738

TRACK_TIME 1167737286
TRACK A20110117597191 F 414800 874600 120 30 999 NONE NONE 390
	FP_ROUTE KC..KCRJ2

TRACK_TIME 1167737286
TRACK A20110117597195 F 300000 952400 120 30 999 NONE NONE 320
	FP_ROUTE KG..KBE20

TRACK_TIME 1167737286
TRACK A20110117597196 F 394060 862100 120 30 999 NONE NONE 320
	FP_ROUTE KG..KBE20

TRACK_TIME 1167737286
TRACK A20110117597204 F 420100 875800 120 30 999 NONE NONE 330
	FP_ROUTE KC..KB738

TRACK_TIME 1167737286
TRACK A20110117597206 F 275700 823300 120 30 999 NONE NONE 340
	FP_ROUTE KC..KB739

TRACK_TIME 1167737286
TRACK A20110117597208 F 275560 823300 120 30 999 NONE NONE 300
	FP_ROUTE KC..KE170

TRACK_TIME 1167737286
TRACK A20110117597214 F 445400 931360 120 30 999 NONE NONE 380
	FP_ROUTE KC..KE145

TRACK_TIME 1167737286
TRACK A20110117597215 F 420000 875700 120 30 999 NONE NONE 280
	FP_ROUTE KC..KA320

TRACK_TIME 1167737286
TRACK A20110117597217 F 430460 774300 120 30 999 NONE NONE 180
	FP_ROUTE KT..KCRJ2

TRACK_TIME 1167737286
TRACK A20110117597220 F 395700 1044060 120 30 999 NONE NONE 380
	FP_ROUTE KC..KA320

TRACK_TIME 1167737286
TRACK A20110117597221 F 384500 901900 120 30 999 NONE NONE 320
	FP_ROUTE KC..KB735

TRACK_TIME 1167737286
TRACK A20110117597223 F 412560 814800 120 30 999 NONE NONE 200
	FP_ROUTE KC..KA319

TRACK_TIME 1167737286
TRACK A20110117597227 F 403000 801300 120 30 999 NONE NONE 390
	FP_ROUTE KC..KB737

TRACK_TIME 1167737286
TRACK A20110117597238 F 333900 842860 120 30 999 NONE NONE 380
	FP_ROUTE KC..KA319

TRACK_TIME 1167737286
TRACK A20110117597241 F 453460 1223400 120 30 999 NONE NONE 180
	FP_ROUTE KC..KB772

TRACK_TIME 1167737286
TRACK A20110117597242 F 395200 751660 120 30 999 NONE NONE 280
	FP_ROUTE KC..KB737

TRACK_TIME 1167737286
TRACK A20110117597243 F 414200 862100 120 30 999 NONE NONE 360
	FP_ROUTE KC..KB738

TRACK_TIME 1167737286
TRACK A20110117597246 F 360700 1150700 120 30 999 NONE NONE 310
	FP_ROUTE KC..KB737

TRACK_TIME 1167737286
TRACK A20110117597247 F 350000 1064000 120 30 999 NONE NONE 390
	FP_ROUTE KT..KSF34

TRACK_TIME 1167737286
TRACK A20110117597251 F 295700 811900 120 30 999 NONE NONE 370
	FP_ROUTE KC..KB744

TRACK_TIME 1167737286
TRACK A20110117597254 F 281800 804360 120 30 999 NONE NONE 400
	FP_ROUTE KT..KE145

TRACK_TIME 1167737286
TRACK A20110117597261 F 385800 772560 120 30 999 NONE NONE 350
	FP_ROUTE KT..KE145

TRACK_TIME 1167737286
TRACK A20110117597262 F 381200 854360 120 30 999 NONE NONE 370
	FP_ROUTE KC..KB733

TRACK_TIME 1167737286
TRACK A20110117597263 F 302860 814500 120 30 999 NONE NONE 270
	FP_ROUTE KC..KB737

TRACK_TIME 1167737286
TRACK A20110117597264 F 384960 921300 120 30 999 NONE NONE 410
	FP_ROUTE KC..KB733

TRACK_TIME 1167737286
TRACK A20110117597265 F 384060 1074660 120 30 999 NONE NONE 430
	FP_ROUTE KC..KMD83

TRACK_TIME 1167737286
TRACK A20110117597267 F 300000 951900 120 30 999 NONE NONE 290
	FP_ROUTE KC..KB733

TRACK_TIME 1167737286
TRACK A20110117597275 F 333760 843000 120 30 999 NONE NONE 370
	FP_ROUTE KC..KB712

TRACK_TIME 1167737286
TRACK A20110117597276 F 414900 874800 120 30 999 NONE NONE 340
	FP_ROUTE KC..KB733

TRACK_TIME 1167737286
TRACK A20110117597279 F 384800 770160 120 30 999 NONE NONE 210
	FP_ROUTE KC..KCRJ2

TRACK_TIME 1167737286
TRACK A20110117597286 F 395200 751660 120 30 999 NONE NONE 370
	FP_ROUTE KG..KBE20

TRACK_TIME 1167737286
TRACK A20110117597289 F 302860 814300 120 30 999 NONE NONE 360
	FP_ROUTE KT..KCRJ2

TRACK_TIME 1167737286
TRACK A20110117597290 F 354960 835800 120 30 999 NONE NONE 350
	FP_ROUTE KC..KB734

TRACK_TIME 1167737286
TRACK A20110117597301 F 425860 875260 120 30 999 NONE NONE 290
	FP_ROUTE KC..KB734

TRACK_TIME 1167737286
TRACK A20110117597303 F 445200 931060 120 30 999 NONE NONE 190
	FP_ROUTE KC..KE135

TRACK_TIME 1167737286
TRACK A20110117597308 F 360100 1150760 120 30 999 NONE NONE 250
	FP_ROUTE KT..KCRJ2

TRACK_TIME 1167737286
TRACK A20110117597309 F 340300 1174600 120 30 999 NONE NONE 319
	FP_ROUTE KC..KDH8A

TRACK_TIME 1167737286
TRACK A20110117597310 F 414800 874660 120 30 999 NONE NONE 370
	FP_ROUTE KC..KCRJ2

TRACK_TIME 1167737286
TRACK A20110117597311 F 325500 970300 120 30 999 NONE NONE 340
	FP_ROUTE KC..KA320

TRACK_TIME 1167737286
TRACK A20110117597317 F 315700 1021200 120 30 999 NONE NONE 300
	FP_ROUTE KC..KB712

TRACK_TIME 1167737286
TRACK A20110117597325 F 350300 895860 120 30 999 NONE NONE 360
	FP_ROUTE KT..KE135

TRACK_TIME 1167737286
TRACK A20110117597333 F 332560 1115860 120 30 999 NONE NONE 201
	FP_ROUTE KC..KE145

TRACK_TIME 1167737286
TRACK A20110117597337 F 351060 1094360 120 30 999 NONE NONE 231
	FP_ROUTE KC..KE170

TRACK_TIME 1167737286
TRACK A20110117597338 F 393900 1065400 120 30 999 NONE NONE 220
	FP_ROUTE KC..KA321

TRACK_TIME 1167737286
TRACK A20110117597340 F 380600 843160 120 30 999 NONE NONE 240
	FP_ROUTE KC..KB737

TRACK_TIME 1167737286
TRACK A20110117597343 F 420100 875560 120 30 999 NONE NONE 320
	FP_ROUTE KC..KCRJ2

TRACK_TIME 1167737286
TRACK A20110117597344 F 390000 772800 120 30 999 NONE NONE 290
	FP_ROUTE KC..KB737

TRACK_TIME 1167737286
TRACK A20110117597350 F 420100 875560 120 30 999 NONE NONE 360
	FP_ROUTE KT..KCRJ2

TRACK_TIME 1167737286
TRACK A20110117597356 F 395260 750600 120 30 999 NONE NONE 250
	FP_ROUTE KC..KB763

TRACK_TIME 1167737286
TRACK A20110117597359 F 385800 772560 120 30 999 NONE NONE 280
	FP_ROUTE KC..KA320

TRACK_TIME 1167737286
TRACK A20110117597364 F 333760 842800 120 30 999 NONE NONE 280
	FP_ROUTE KC..KFA50

TRACK_TIME 1167737286
TRACK A20110117597365 F 260460 801200 120 30 999 NONE NONE 380
	FP_ROUTE KC..KB737

TRACK_TIME 1167737286
TRACK A20110117597366 F 445260 931360 120 30 999 NONE NONE 360
	FP_ROUTE KC..KA320

TRACK_TIME 1167737286
TRACK A20110117597367 F 472700 1221900 120 30 999 NONE NONE 180
	FP_ROUTE KC..KB733

TRACK_TIME 1167737286
TRACK A20110117597372 F 472700 1221900 120 30 999 NONE NONE 380
	FP_ROUTE KG..KC510

TRACK_TIME 1167737286
TRACK A20110117597379 F 303000 814300 120 30 999 NONE NONE 240
	FP_ROUTE KG..KC510

TRACK_TIME 1167737286
TRACK A20110117597380 F 332560 1115800 120 30 999 NONE NONE 370
	FP_ROUTE KC..KCRJ2

TRACK_TIME 1167737286
TRACK A20110117597382 F 404960 1115860 120 30 999 NONE NONE 350
	FP_ROUTE KC..KE145

TRACK_TIME 1167737286
TRACK A20110117597400 F 420160 875700 120 30 999 NONE NONE 380
	FP_ROUTE KT..KCRJ2

TRACK_TIME 1167737286
TRACK A20110117597401 F 330000 970100 120 30 999 NONE NONE 320
	FP_ROUTE KG..KLJ45

TRACK_TIME 1167737286
TRACK A20110117597404 F 333760 843160 120 30 999 NONE NONE 350
	FP_ROUTE KT..KCRJ9

TRACK_TIME 1167737286
TRACK A20110117597406 F 372860 771800 120 30 999 NONE NONE 250
	FP_ROUTE KC..KB733

TRACK_TIME 1167737286
TRACK A20110117597407 F 332560 1115700 120 30 999 NONE NONE 240
	FP_ROUTE KT..KCRJ9

TRACK_TIME 1167737286
TRACK A20110117597414 F 404800 1115860 120 30 999 NONE NONE 270
	FP_ROUTE KC..KCRJ9

TRACK_TIME 1167737286
TRACK A20110117597417 F 280000 823300 120 30 999 NONE NONE 350
	FP_ROUTE KC..KB737

TRACK_TIME 1167737286
TRACK A20110117597418 F 350000 895860 120 30 999 NONE NONE 270
	FP_ROUTE KC..KB737

TRACK_TIME 1167737286
TRACK A20110117597422 F 420160 875700 120 30 999 NONE NONE 360
	FP_ROUTE KC..KB737

TRACK_TIME 1167737286
TRACK A20110117597424 F 333760 842860 120 30 999 NONE NONE 230
	FP_ROUTE KT..KCRJ2

TRACK_TIME 1167737286
TRACK A20110117597425 F 404500 734960 120 30 999 NONE NONE 210
	FP_ROUTE KT..KE145

TRACK_TIME 1167737286
TRACK A20110117597443 F 303460 862700 120 30 999 NONE NONE 220
	FP_ROUTE KC..KB737

TRACK_TIME 1167737286
TRACK A20110117597444 F 295860 951660 120 30 999 NONE NONE 300
	FP_ROUTE KT..KCRJ1

TRACK_TIME 1167737286
TRACK A20110117597458 F 403900 741060 120 30 999 NONE NONE 330
	FP_ROUTE KC..KMD82

TRACK_TIME 1167737286
TRACK A20110117597459 F 325500 970160 120 30 999 NONE NONE 360
	FP_ROUTE KT..KCRJ2

TRACK_TIME 1167737286
TRACK A20110117597462 F 325260 970400 120 30 999 NONE NONE 370
	FP_ROUTE KC..KB712

TRACK_TIME 1167737286
TRACK A20110117597464 F 384900 770160 120 30 999 NONE NONE 220
	FP_ROUTE KC..KE120

TRACK_TIME 1167737286
TRACK A20110117597465 F 374060 1221060 120 30 999 NONE NONE 360
	FP_ROUTE KC..KE145

TRACK_TIME 1167737286
TRACK A20110117597466 F 333760 842860 120 30 999 NONE NONE 390
	FP_ROUTE KC..KB733

TRACK_TIME 1167737286
TRACK A20110117597467 F 395200 751660 120 30 999 NONE NONE 390
	FP_ROUTE KC..KA320

TRACK_TIME 1167737286
TRACK A20110117597468 F 351360 805560 120 30 999 NONE NONE 320
	FP_ROUTE KC..KE145

TRACK_TIME 1167737286
TRACK A20110117597469 F 254800 801360 120 30 999 NONE NONE 350
	FP_ROUTE KC..KE170

TRACK_TIME 1167737286
TRACK A20110117597479 F 332560 1115860 120 30 999 NONE NONE 370
	FP_ROUTE KC..KB737

TRACK_TIME 1167737286
TRACK A20110117597481 F 293760 951800 120 30 999 NONE NONE 330
	FP_ROUTE KC..KB752

TRACK_TIME 1167737286
TRACK A20110117597482 F 280160 823160 120 30 999 NONE NONE 350
	FP_ROUTE KC..KB733

TRACK_TIME 1167737286
TRACK A20110117597489 F 404500 734960 120 30 999 NONE NONE 350
	FP_ROUTE KC..KB734

TRACK_TIME 1167737286
TRACK A20110117597493 F 355200 784900 120 30 999 NONE NONE 330
	FP_ROUTE KT..KE120

TRACK_TIME 1167737286
TRACK A20110117597494 F 360400 795860 120 30 999 NONE NONE 370
	FP_ROUTE KT..KE145

TRACK_TIME 1167737286
TRACK A20110117597500 F 404900 1120000 120 30 999 NONE NONE 360
	FP_ROUTE KT..KE120

TRACK_TIME 1167737286
TRACK A20110117597502 F 384900 770160 120 30 999 NONE NONE 270
	FP_ROUTE KC..KE145

TRACK_TIME 1167737286
TRACK A20110117597504 F 295800 901500 120 30 999 NONE NONE 400
	FP_ROUTE KC..KB733

TRACK_TIME 1167737286
TRACK A20110117597505 F 294000 951800 120 30 999 NONE NONE 400
	FP_ROUTE KC..KB738

TRACK_TIME 1167737286
TRACK A20110117597507 F 301500 974060 120 30 999 NONE NONE 360
	FP_ROUTE KC..KB739

TRACK_TIME 1167737286
TRACK A20110117597508 F 403600 734660 120 30 999 NONE NONE 370
	FP_ROUTE KC..KB752

TRACK_TIME 1167737286
TRACK A20110117597513 F 395260 1043460 120 30 999 NONE NONE 380
	FP_ROUTE KC..KB738

TRACK_TIME 1167737286
TRACK A20110117597517 F 373600 1221900 120 30 999 NONE NONE 380
	FP_ROUTE KT..KCRJ9

TRACK_TIME 1167737286
TRACK A20110117597520 F 325560 970300 120 30 999 NONE NONE 330
	FP_ROUTE KC..KCRJ2

TRACK_TIME 1167737286
TRACK A20110117597521 F 335700 1182400 120 30 999 NONE NONE 390
	FP_ROUTE KC..KB763

TRACK_TIME 1167737286
TRACK A20110117597523 F 334060 1175200 120 30 999 NONE NONE 320
	FP_ROUTE KC..KA320

TRACK_TIME 1167737286
TRACK A20110117597525 F 411960 955560 120 30 999 NONE NONE 340
	FP_ROUTE KG..KC750

TRACK_TIME 1167737286
TRACK A20110117597527 F 333760 842860 120 30 999 NONE NONE 350
	FP_ROUTE KC..KA320

TRACK_TIME 1167737286
TRACK A20110117597529 F 264060 800000 120 30 999 NONE NONE 390
	FP_ROUTE KT..KC750

TRACK_TIME 1167737286
TRACK A20110117597533 F 361960 941960 120 30 999 NONE NONE 300
	FP_ROUTE KC..KA320

TRACK_TIME 1167737286
TRACK A20110117597537 F 333760 843000 120 30 999 NONE NONE 310
	FP_ROUTE KC..KB737

TRACK_TIME 1167737286
TRACK A20110117597542 F 300000 952500 120 30 999 NONE NONE 280
	FP_ROUTE KG..KC750

TRACK_TIME 1167737286
TRACK A20110117597545 F 404660 1151660 120 30 999 NONE NONE 260
	FP_ROUTE KC..KA320

TRACK_TIME 1167737286
TRACK A20110117597546 F 404800 1120000 120 30 999 NONE NONE 250
	FP_ROUTE KC..KB733

TRACK_TIME 1167737286
TRACK A20110117597549 F 325500 970460 120 30 999 NONE NONE 330
	FP_ROUTE KC..KB738

TRACK_TIME 1167737286
TRACK A20110117597551 F 404960 775260 120 30 999 NONE NONE 250
	FP_ROUTE KC..KB752

TRACK_TIME 1167737286
TRACK A20110117597557 F 335560 1183400 120 30 999 NONE NONE 250
	FP_ROUTE KC..KB738

TRACK_TIME 1167737286
TRACK A20110117597560 F 472800 1221900 120 30 999 NONE NONE 360
	FP_ROUTE KC..KB739

TRACK_TIME 1167737286
TRACK A20110117597561 F 293300 983000 120 30 999 NONE NONE 260
	FP_ROUTE KC..KB737

TRACK_TIME 1167737286
TRACK A20110117597566 F 325400 970100 120 30 999 NONE NONE 320
	FP_ROUTE KT..KCRJ1

TRACK_TIME 1167737286
TRACK A20110117597567 F 282260 811900 120 30 999 NONE NONE 350
	FP_ROUTE KC..KCL60

TRACK_TIME 1167737286
TRACK A20110117597577 F 420000 875700 120 30 999 NONE NONE 370
	FP_ROUTE KC..KB737

TRACK_TIME 1167737286
TRACK A20110117597581 F 412560 814900 120 30 999 NONE NONE 330
	FP_ROUTE KC..KB752

TRACK_TIME 1167737286
TRACK A20110117597585 F 335700 1182200 120 30 999 NONE NONE 380
	FP_ROUTE KC..KB737

TRACK_TIME 1167737286
TRACK A20110117597590 F 404500 735400 120 30 999 NONE NONE 350
	FP_ROUTE KC..KA320

TRACK_TIME 1167737286
TRACK A20110117597591 F 430100 1061300 120 30 999 NONE NONE 270
	FP_ROUTE KC..KB734

TRACK_TIME 1167737286
TRACK A20110117597592 F 394800 1044000 120 30 999 NONE NONE 380
	FP_ROUTE KC..KB738

TRACK_TIME 1167737286
TRACK A20110117597594 F 335700 1182800 120 30 999 NONE NONE 280
	FP_ROUTE KC..KB737

TRACK_TIME 1167737286
TRACK A20110117597600 F 415500 724360 120 30 999 NONE NONE 330
	FP_ROUTE KG..KC550

TRACK_TIME 1167737286
TRACK A20110117597602 F 394900 1044000 120 30 999 NONE NONE 390
	FP_ROUTE KC..KMD82

TRACK_TIME 1167737286
TRACK A20110117597605 F 335500 1183160 120 30 999 NONE NONE 370
	FP_ROUTE KC..KE170

TRACK_TIME 1167737286
TRACK A20110117597616 F 333900 842800 120 30 999 NONE NONE 220
	FP_ROUTE KC..KB737

TRACK_TIME 1167737286
TRACK A20110117597633 F 335500 1172260 120 30 999 NONE NONE 430
	FP_ROUTE KT..KCRJ9

TRACK_TIME 1167737286
TRACK A20110117597634 F 320900 1105860 120 30 999 NONE NONE 350
	FP_ROUTE KC..KE190

TRACK_TIME 1167737286
TRACK A20110117597637 F 425860 875260 120 30 999 NONE NONE 250
	FP_ROUTE KC..KB737

TRACK_TIME 1167737286
TRACK A20110117597640 F 335560 1183160 120 30 999 NONE NONE 410
	FP_ROUTE KT..KDH8D

TRACK_TIME 1167737286
TRACK A20110117597641 F 414900 874660 120 30 999 NONE NONE 370
	FP_ROUTE KC..KB738

TRACK_TIME 1167737286
TRACK A20110117597644 F 400000 825860 120 30 999 NONE NONE 290
	FP_ROUTE KC..KB712

TRACK_TIME 1167737286
TRACK A20110117597646 F 350300 1064000 120 30 999 NONE NONE 350
	FP_ROUTE KC..KB738

TRACK_TIME 1167737286
TRACK A20110117597649 F 344600 921060 120 30 999 NONE NONE 240
	FP_ROUTE KC..KE170

TRACK_TIME 1167737286
TRACK A20110117597659 F 182560 660160 120 30 999 NONE NONE 350
	FP_ROUTE KC..KE145

TRACK_TIME 1167737286
TRACK A20110117597664 F 254660 802100 120 30 999 NONE NONE 410
	FP_ROUTE KC..KB737

TRACK_TIME 1167737286
TRACK A20110117597665 F 420000 875560 120 30 999 NONE NONE 320
	FP_ROUTE KC..KB732

TRACK_TIME 1167737286
TRACK A20110117597672 F 404800 1115800 120 30 999 NONE NONE 330
	FP_ROUTE KC..KB753

TRACK_TIME 1167737286
TRACK A20110117597681 F 360460 1151000 120 30 999 NONE NONE 380
	FP_ROUTE KT..KCRJ2

TRACK_TIME 1167737286
TRACK A20110117597688 F 404060 734800 120 30 999 NONE NONE 350
	FP_ROUTE KC..KB712

TRACK_TIME 1167737286
TRACK A20110117597690 F 390900 763900 120 30 999 NONE NONE 290
	FP_ROUTE KC..KB733

TRACK_TIME 1167737286
TRACK A20110117597691 F 360460 1150900 120 30 999 NONE NONE 290
	FP_ROUTE KC..KA319

TRACK_TIME 1167737286
TRACK A20110117597692 F 325200 970160 120 30 999 NONE NONE 330
	FP_ROUTE KC..KCRJ2

TRACK_TIME 1167737286
TRACK A20110117597693 F 394900 1043900 120 30 999 NONE NONE 360
	FP_ROUTE KC..KCRJ2

TRACK_TIME 1167737286
TRACK A20110117597696 F 433760 1104300 120 30 999 NONE NONE 320
	FP_ROUTE KC..KB738

TRACK_TIME 1167737286
TRACK A20110117597712 F 384960 770100 120 30 999 NONE NONE 220
	FP_ROUTE KC..KCRJ9

TRACK_TIME 1167737286
TRACK A20110117597719 F 260160 800700 120 30 999 NONE NONE 370
	FP_ROUTE KC..KCRJ2

TRACK_TIME 1167737286
TRACK A20110117597722 F 333760 842800 120 30 999 NONE NONE 370
	FP_ROUTE KC..KB733

TRACK_TIME 1167737286
TRACK A20110117597723 F 410160 734060 120 30 999 NONE NONE 330
	FP_ROUTE KC..KB733

TRACK_TIME 1167737286
TRACK A20110117597728 F 414800 874660 120 30 999 NONE NONE 220
	FP_ROUTE KC..KB733

TRACK_TIME 1167737286
TRACK A20110117597729 F 380760 870000 120 30 999 NONE NONE 210
	FP_ROUTE KC..KB752

TRACK_TIME 1167737286
TRACK A20110117597732 F 335560 810400 120 30 999 NONE NONE 340
	FP_ROUTE KC..KE170

TRACK_TIME 1167737286
TRACK A20110117597733 F 295860 951500 120 30 999 NONE NONE 380
	FP_ROUTE KC..KA319

TRACK_TIME 1167737286
TRACK A20110117597734 F 333900 842860 120 30 999 NONE NONE 379
	FP_ROUTE KC..KE135

TRACK_TIME 1167737286
TRACK A20110117597738 F 391060 764200 120 30 999 NONE NONE 390
	FP_ROUTE KC..KCRJ2

TRACK_TIME 1167737286
TRACK A20110117597739 F 404600 735100 120 30 999 NONE NONE 210
	FP_ROUTE KC..KB737

TRACK_TIME 1167737286
TRACK A20110117597742 F 384900 770160 120 30 999 NONE NONE 220
	FP_ROUTE KC..KB752

TRACK_TIME 1167737286
TRACK A20110117597748 F 351360 805700 120 30 999 NONE NONE 270
	FP_ROUTE KC..KA319

TRACK_TIME 1167737286
TRACK A20110117597749 F 334000 1014960 120 30 999 NONE NONE 450
	FP_ROUTE KC..KB738

TRACK_TIME 1167737286
TRACK A20110117597759 F 324600 1171800 120 30 999 NONE NONE 380
	FP_ROUTE KC..KCRJ2

TRACK_TIME 1167737286
TRACK A20110117597761 F 421360 832200 120 30 999 NONE NONE 210
	FP_ROUTE KC..KCRJ2

TRACK_TIME 1167737286
TRACK A20110117597762 F 300000 951660 120 30 999 NONE NONE 320
	FP_ROUTE KC..KB737

TRACK_TIME 1167737286
TRACK A20110117597763 F 404500 734960 120 30 999 NONE NONE 370
	FP_ROUTE KC..KA320

TRACK_TIME 1167737286
TRACK A20110117597776 F 335400 1181500 120 30 999 NONE NONE 330
	FP_ROUTE KC..KA320

TRACK_TIME 1167737286
TRACK A20110117597778 F 182560 660300 120 30 999 NONE NONE 370
	FP_ROUTE KC..KDH8A

TRACK_TIME 1167737286
TRACK A20110117597784 F 445260 931360 120 30 999 NONE NONE 370
	FP_ROUTE KC..KA318

TRACK_TIME 1167737286
TRACK A20110117597785 F 415500 724300 120 30 999 NONE NONE 350
	FP_ROUTE KC..KE170

TRACK_TIME 1167737286
TRACK A20110117597788 F 271000 802200 120 30 999 NONE NONE 390
	FP_ROUTE KC..KB737

TRACK_TIME 1167737286
TRACK A20110117597792 F 335500 1182860 120 30 999 NONE NONE 340
	FP_ROUTE KC..KE135

TRACK_TIME 1167737286
TRACK A20110117597794 F 340100 843700 120 30 999 NONE NONE 370
	FP_ROUTE KC..KE145

TRACK_TIME 1167737286
TRACK A20110117597800 F 351360 805800 120 30 999 NONE NONE 210
	FP_ROUTE KC..KB738

TRACK_TIME 1167737286
TRACK A20110117597805 F 453460 1223460 120 30 999 NONE NONE 380
	FP_ROUTE KC..KE145

TRACK_TIME 1167737286
TRACK A20110117597808 F 394800 1044000 120 30 999 NONE NONE 250
	FP_ROUTE KC..KB739

TRACK_TIME 1167737286
TRACK A20110117597815 F 614300 1484960 120 30 999 NONE NONE 340
	FP_ROUTE KC..KE170

TRACK_TIME 1167737286
TRACK A20110117597820 F 333900 842260 120 30 999 NONE NONE 220
	FP_ROUTE KC..KA320

TRACK_TIME 1167737286
TRACK A20110117597822 F 411660 955260 120 30 999 NONE NONE 300
	FP_ROUTE KC..KMD83

TRACK_TIME 1167737286
TRACK A20110117597824 F 430000 875260 120 30 999 NONE NONE 320
	FP_ROUTE KC..KB738

TRACK_TIME 1167737286
TRACK A20110117597826 F 321300 900000 120 30 999 NONE NONE 250
	FP_ROUTE KT..KCRJ2

TRACK_TIME 1167737286
TRACK A20110117597829 F 410300 734200 120 30 999 NONE NONE 370
	FP_ROUTE KC..KB737

TRACK_TIME 1167737286
TRACK A20110117597832 F 372100 795700 120 30 999 NONE NONE 180
	FP_ROUTE KC..KB734

TRACK_TIME 1167737286
TRACK A20110117597834 F 325400 970300 120 30 999 NONE NONE 350
	FP_ROUTE KG..KC560

TRACK_TIME 1167737286
TRACK A20110117597839 F 393900 1065260 120 30 999 NONE NONE 380
	FP_ROUTE KC..KB737

TRACK_TIME 1167737286
TRACK A20110117597850 F 350100 1063900 120 30 999 NONE NONE 250
	FP_ROUTE KC..KB737

TRACK_TIME 1167737286
TRACK A20110117597853 F 332560 1115700 120 30 999 NONE NONE 360
	FP_ROUTE KC..KB734

TRACK_TIME 1167737286
TRACK A20110117597854 F 360460 1150900 120 30 999 NONE NONE 290
	FP_ROUTE KC..KB737

TRACK_TIME 1167737286
TRACK A20110117597855 F 461660 1114900 120 30 999 NONE NONE 260
	FP_ROUTE KC..KB752

TRACK_TIME 1167737286
TRACK A20110117597857 F 403000 801660 120 30 999 NONE NONE 370
	FP_ROUTE KC..KE170

TRACK_TIME 1167737286
TRACK A20110117597858 F 395200 751660 120 30 999 NONE NONE 230
	FP_ROUTE KC..KE170

TRACK_TIME 1167737286
TRACK A20110117597861 F 300000 901660 120 30 999 NONE NONE 270
	FP_ROUTE KC..KB752

TRACK_TIME 1167737286
TRACK A20110117597865 F 472800 1221900 120 30 999 NONE NONE 180
	FP_ROUTE KT..KE145

TRACK_TIME 1167737286
TRACK A20110117597867 F 480760 1005860 120 30 999 NONE NONE 300
	FP_ROUTE KC..KB737

TRACK_TIME 1167737286
TRACK A20110117597871 F 404600 735100 120 30 999 NONE NONE 330
	FP_ROUTE KC..KB737

TRACK_TIME 1167737286
TRACK A20110117597874 F 454900 1083300 120 30 999 NONE NONE 210
	FP_ROUTE KC..KA320

TRACK_TIME 1167737286
TRACK A20110117597875 F 333900 842260 120 30 999 NONE NONE 320
	FP_ROUTE KC..KA319

TRACK_TIME 1167737286
TRACK A20110117597879 F 360400 1150600 120 30 999 NONE NONE 360
	FP_ROUTE KC..KB737

TRACK_TIME 1167737286
TRACK A20110117597881 F 381200 854360 120 30 999 NONE NONE 330
	FP_ROUTE KC..KB737

TRACK_TIME 1167737286
TRACK A20110117597886 F 333760 843000 120 30 999 NONE NONE 380
	FP_ROUTE KC..KA319

TRACK_TIME 1167737286
TRACK A20110117597888 F 384500 901900 120 30 999 NONE NONE 350
	FP_ROUTE KC..KB737

TRACK_TIME 1167737286
TRACK A20110117597896 F 355100 784960 120 30 999 NONE NONE 330
	FP_ROUTE KC..KCRJ9

TRACK_TIME 1167737286
TRACK A20110117597901 F 404800 1120000 120 30 999 NONE NONE 320
	FP_ROUTE KT..KCRJ9

TRACK_TIME 1167737286
TRACK A20110117597902 F 334800 1180760 120 30 999 NONE NONE 340
	FP_ROUTE KC..KB739

TRACK_TIME 1167737286
TRACK A20110117597905 F 384360 1213600 120 30 999 NONE NONE 320
	FP_ROUTE KC..KMD82

TRACK_TIME 1167737286
TRACK A20110117597907 F 413760 862560 120 30 999 NONE NONE 300
	FP_ROUTE KC..KDH8D

TRACK_TIME 1167737286
TRACK A20110117597908 F 404500 734960 120 30 999 NONE NONE 410
	FP_ROUTE KC..KB738

TRACK_TIME 1167737286
TRACK A20110117597910 F 361800 955260 120 30 999 NONE NONE 290
	FP_ROUTE KC..KA320

TRACK_TIME 1167737286
TRACK A20110117597911 F 280100 823160 120 30 999 NONE NONE 380
	FP_ROUTE KC..KA321

TRACK_TIME 1167737286
TRACK A20110117597912 F 282500 811660 120 30 999 NONE NONE 380
	FP_ROUTE KC..KMD83

TRACK_TIME 1167737286
TRACK A20110117597913 F 384900 770160 120 30 999 NONE NONE 390
	FP_ROUTE KC..KB737

TRACK_TIME 1167737286
TRACK A20110117597918 F 445400 931360 120 30 999 NONE NONE 260
	FP_ROUTE KC..KA320

TRACK_TIME 1167737286
TRACK A20110117597919 F 302860 814300 120 30 999 NONE NONE 310
	FP_ROUTE KC..KB739

TRACK_TIME 1167737286
TRACK A20110117597925 F 300000 952400 120 30 999 NONE NONE 340
	FP_ROUTE KC..KCRJ2

TRACK_TIME 1167737286
TRACK A20110117597926 F 254900 801960 120 30 999 NONE NONE 360
	FP_ROUTE KC..KB712

TRACK_TIME 1167737286
TRACK A20110117597928 F 335800 811200 120 30 999 NONE NONE 240
	FP_ROUTE KG..KC750

TRACK_TIME 1167737286
TRACK A20110117597929 F 420000 875100 120 30 999 NONE NONE 320
	FP_ROUTE KG..KLJ45

TRACK_TIME 1167737286
TRACK A20110117597931 F 390460 843900 120 30 999 NONE NONE 360
	FP_ROUTE KC..KA320

TRACK_TIME 1167737286
TRACK A20110117597933 F 404800 1120000 120 30 999 NONE NONE 410
	FP_ROUTE KC..KB737

TRACK_TIME 1167737286
TRACK A20110117597938 F 335560 1182200 120 30 999 NONE NONE 220
	FP_ROUTE KC..KB738

TRACK_TIME 1167737286
TRACK A20110117597940 F 300000 952260 120 30 999 NONE NONE 320
	FP_ROUTE KC..KDH8D

TRACK_TIME 1167737286
TRACK A20110117597941 F 260460 801200 120 30 999 NONE NONE 380
	FP_ROUTE KC..KB733

TRACK_TIME 1167737286
TRACK A20110117597942 F 395560 1044060 120 30 999 NONE NONE 390
	FP_ROUTE KC..KB739

TRACK_TIME 1167737286
TRACK A20110117597943 F 445100 931000 120 30 999 NONE NONE 390
	FP_ROUTE KC..KA320

TRACK_TIME 1167737286
TRACK A20110117597947 F 640000 1483100 120 30 999 NONE NONE 260
	FP_ROUTE KC..KMD83

TRACK_TIME 1167737286
TRACK A20110117597950 F 384660 1044360 120 30 999 NONE NONE 340
	FP_ROUTE KC..KB735

TRACK_TIME 1167737286
TRACK A20110117597953 F 384600 901960 120 30 999 NONE NONE 390
	FP_ROUTE KC..KB738

TRACK_TIME 1167737286
TRACK A20110117597963 F 372100 1215500 120 30 999 NONE NONE 340
	FP_ROUTE KC..KB735

TRACK_TIME 1167737286
TRACK A20110117597971 F 282800 811960 120 30 999 NONE NONE 390
	FP_ROUTE KC..KE145

TRACK_TIME 1167737286
TRACK A20110117597973 F 333760 842860 120 30 999 NONE NONE 340
	FP_ROUTE KC..KE170

TRACK_TIME 1167737286
TRACK A20110117597976 F 282400 811900 120 30 999 NONE NONE 350
	FP_ROUTE KT..KCRJ2

TRACK_TIME 1167737286
TRACK A20110117597980 F 391060 764360 120 30 999 NONE NONE 330
	FP_ROUTE KC..KB735

TRACK_TIME 1167737286
TRACK A20110117597982 F 333760 842860 120 30 999 NONE NONE 370
	FP_ROUTE KC..KB752

TRACK_TIME 1167737286
TRACK A20110117597987 F 282400 811900 120 30 999 NONE NONE 400
	FP_ROUTE KC..KE135

TRACK_TIME 1167737286
TRACK A20110117598003 F 335700 1182700 120 30 999 NONE NONE 340
	FP_ROUTE KG..KBE9L

TRACK_TIME 1167737286
TRACK A20110117598004 F 373100 1210100 120 30 999 NONE NONE 360
	FP_ROUTE KC..KB738

TRACK_TIME 1167737286
TRACK A20110117598007 F 341060 794500 120 30 999 NONE NONE 320
	FP_ROUTE KC..KE145

TRACK_TIME 1167737286
TRACK A20110117598014 F 254800 802100 120 30 999 NONE NONE 380
	FP_ROUTE KC..KA319

TRACK_TIME 1167737286
TRACK A20110117598020 F 420000 875700 120 30 999 NONE NONE 260
	FP_ROUTE KC..KB738

TRACK_TIME 1167737286
TRACK A20110117598025 F 472860 1221900 120 30 999 NONE NONE 180
	FP_ROUTE KC..KB737

TRACK_TIME 1167737286
TRACK A20110117598029 F 411900 754200 120 30 999 NONE NONE 250
	FP_ROUTE KC..KB733

TRACK_TIME 1167737286
TRACK A20110117598030 F 333900 842860 120 30 999 NONE NONE 390
	FP_ROUTE KC..KB733

TRACK_TIME 1167737286
TRACK A20110117598031 F 473760 1173100 120 30 999 NONE NONE 210
	FP_ROUTE KC..KE145

TRACK_TIME 1167737286
TRACK A20110117598032 F 325500 970160 120 30 999 NONE NONE 340
	FP_ROUTE KC..KE145

TRACK_TIME 1167737286
TRACK A20110117598035 F 404800 1120000 120 30 999 NONE NONE 300
	FP_ROUTE KT..KCRJ1

TRACK_TIME 1167737286
TRACK A20110117598037 F 360100 800400 120 30 999 NONE NONE 240
	FP_ROUTE KC..KB737

TRACK_TIME 1167737286
TRACK A20110117598045 F 395200 751660 120 30 999 NONE NONE 330
	FP_ROUTE KT..KC750

TRACK_TIME 1167737286
TRACK A20110117598050 F 403600 734660 120 30 999 NONE NONE 330
	FP_ROUTE KC..KB737

TRACK_TIME 1167737286
TRACK A20110117598051 F 333760 842860 120 30 999 NONE NONE 370
	FP_ROUTE KC..KE120

TRACK_TIME 1167737286
TRACK A20110117598054 F 260400 800600 120 30 999 NONE NONE 300
	FP_ROUTE KC..KE120

TRACK_TIME 1167737286
TRACK A20110117598058 F 301000 974060 120 30 999 NONE NONE 360
	FP_ROUTE KC..KB737

TRACK_TIME 1167737286
TRACK A20110117598059 F 421360 832200 120 30 999 NONE NONE 230
	FP_ROUTE KC..KE170

TRACK_TIME 1167737286
TRACK A20110117598066 F 421300 831960 120 30 999 NONE NONE 380
	FP_ROUTE KC..KE170

TRACK_TIME 1167737286
TRACK A20110117598069 F 332700 1120460 120 30 999 NONE NONE 400
	FP_ROUTE KC..KB752

TRACK_TIME 1167737286
TRACK A20110117598070 F 404000 741060 120 30 999 NONE NONE 330
	FP_ROUTE KT..KE135

TRACK_TIME 1167737286
TRACK A20110117598071 F 264060 801000 120 30 999 NONE NONE 410
	FP_ROUTE KC..KB737

TRACK_TIME 1167737286
TRACK A20110117598076 F 373600 1221960 120 30 999 NONE NONE 360
	FP_ROUTE KT..KCRJ2

TRACK_TIME 1167737286
TRACK A20110117598081 F 360460 1151000 120 30 999 NONE NONE 340
	FP_ROUTE KC..KB752

TRACK_TIME 1167737286
TRACK A20110117598082 F 335700 1182700 120 30 999 NONE NONE 270
	FP_ROUTE KT..KCRJ2

TRACK_TIME 1167737286
TRACK A20110117598083 F 374200 1221200 120 30 999 NONE NONE 280
	FP_ROUTE KC..KMD83

TRACK_TIME 1167737286
TRACK A20110117598085 F 404360 735500 120 30 999 NONE NONE 350
	FP_ROUTE KC..KA320

TRACK_TIME 1167737286
TRACK A20110117598094 F 351360 972800 120 30 999 NONE NONE 190
	FP_ROUTE KG..KF2TH

TRACK_TIME 1167737286
TRACK A20110117598102 F 422860 705700 120 30 999 NONE NONE 330
	FP_ROUTE KG..KF2TH

TRACK_TIME 1167737286
TRACK A20110117598106 F 433160 1120300 120 30 999 NONE NONE 320
	FP_ROUTE KC..KMD83

TRACK_TIME 1167737286
TRACK A20110117598109 F 414900 874660 120 30 999 NONE NONE 380
	FP_ROUTE KC..KCRJ2

TRACK_TIME 1167737286
TRACK A20110117598112 F 420760 875500 120 30 999 NONE NONE 190
	FP_ROUTE KC..KB739

TRACK_TIME 1167737286
TRACK A20110117598120 F 415260 915400 120 30 999 NONE NONE 200
	FP_ROUTE KC..KCRJ2

TRACK_TIME 1167737286
TRACK A20110117598130 F 445400 931360 120 30 999 NONE NONE 320
	FP_ROUTE KC..KCRJ2

TRACK_TIME 1167737286
TRACK A20110117598140 F 421360 831960 120 30 999 NONE NONE 320
	FP_ROUTE KT..KDH8D

TRACK_TIME 1167737286
TRACK A20110117598141 F 332560 1115800 120 30 999 NONE NONE 310
	FP_ROUTE KC..KA319

TRACK_TIME 1167737286
TRACK A20110117598150 F 390100 772800 120 30 999 NONE NONE 220
	FP_ROUTE KC..KA320

TRACK_TIME 1167737286
TRACK A20110117598151 F 420100 875700 120 30 999 NONE NONE 330
	FP_ROUTE KC..KB734

TRACK_TIME 1167737286
TRACK A20110117598176 F 390600 844000 120 30 999 NONE NONE 200
	FP_ROUTE KC..KE170

TRACK_TIME 1167737286
TRACK A20110117598179 F 350100 895860 120 30 999 NONE NONE 270
	FP_ROUTE KC..KB752

TRACK_TIME 1167737286
TRACK A20110117598183 F 422200 705800 120 30 999 NONE NONE 230
	FP_ROUTE KC..KB738

TRACK_TIME 1167737286
TRACK A20110117598189 F 333700 785400 120 30 999 NONE NONE 380
	FP_ROUTE KT..KCRJ2

TRACK_TIME 1167737286
TRACK A20110117598192 F 260460 801300 120 30 999 NONE NONE 380
	FP_ROUTE KC..KB737

TRACK_TIME 1167737286
TRACK A20110117598213 F 282860 811660 120 30 999 NONE NONE 360
	FP_ROUTE KC..KMD82

TRACK_TIME 1167737286
TRACK A20110117598214 F 394900 1043900 120 30 999 NONE NONE 360
	FP_ROUTE KC..KA319

TRACK_TIME 1167737286
TRACK A20110117598224 F 395100 751660 120 30 999 NONE NONE 330
	FP_ROUTE KC..KB737

TRACK_TIME 1167737286
TRACK A20110117598225 F 334200 1175100 120 30 999 NONE NONE 380
	FP_ROUTE KG..KC560

TRACK_TIME 1167737286
TRACK A20110117598229 F 353760 772200 120 30 999 NONE NONE 190
	FP_ROUTE KC..KE135

TRACK_TIME 1167737286
TRACK A20110117598237 F 343900 864660 120 30 999 NONE NONE 220
	FP_ROUTE KC..KE145

TRACK_TIME 1167737286
TRACK A20110117598240 F 300000 952260 120 30 999 NONE NONE 370
	FP_ROUTE KG..KC750

TRACK_TIME 1167737286
TRACK A20110117598244 F 421960 705700 120 30 999 NONE NONE 350
	FP_ROUTE KC..KMD82

TRACK_TIME 1167737286
TRACK A20110117598263 F 421360 832200 120 30 999 NONE NONE 370
	FP_ROUTE KT..KCRJ1

TRACK_TIME 1167737286
TRACK A20110117598264 F 420100 875500 120 30 999 NONE NONE 360
	FP_ROUTE KC..KB738

TRACK_TIME 1167737286
TRACK A20110117598268 F 360600 864060 120 30 999 NONE NONE 330
	FP_ROUTE KG..KC560

TRACK_TIME 1167737286
TRACK A20110117598269 F 260400 801200 120 30 999 NONE NONE 400
	FP_ROUTE KC..KE170

TRACK_TIME 1167737286
TRACK A20110117598272 F 361660 954660 120 30 999 NONE NONE 270
	FP_ROUTE KC..KB734

TRACK_TIME 1167737286
TRACK A20110117598275 F 300000 952260 120 30 999 NONE NONE 360
	FP_ROUTE KC..KA320

TRACK_TIME 1167737286
TRACK A20110117598276 F 325500 970160 120 30 999 NONE NONE 360
	FP_ROUTE KT..KCRJ1

TRACK_TIME 1167737286
TRACK A20110117598288 F 344900 821660 120 30 999 NONE NONE 350
	FP_ROUTE KC..KB733

TRACK_TIME 1167737286
TRACK A20110117598293 F 412560 814960 120 30 999 NONE NONE 270
	FP_ROUTE KC..KB752

TRACK_TIME 1167737286
TRACK A20110117598299 F 280160 823160 120 30 999 NONE NONE 330
	FP_ROUTE KC..KA320

TRACK_TIME 1167737286
TRACK A20110117598309 F 371800 800300 120 30 999 NONE NONE 330
	FP_ROUTE KC..KA320

TRACK_TIME 1167737286
TRACK A20110117598315 F 333760 842800 120 30 999 NONE NONE 370
	FP_ROUTE KC..KB739

TRACK_TIME 1167737286
TRACK A20110117598317 F 324360 1171060 120 30 999 NONE NONE 410
	FP_ROUTE KC..KB739

TRACK_TIME 1167737286
TRACK A20110117598318 F 280100 823160 120 30 999 NONE NONE 390
	FP_ROUTE KC..KB737

TRACK_TIME 1167737286
TRACK A20110117598324 F 335560 1182260 120 30 999 NONE NONE 280
	FP_ROUTE KC..KB735

TRACK_TIME 1167737286
TRACK A20110117598333 F 385860 772560 120 30 999 NONE NONE 290
	FP_ROUTE KC..KB737

TRACK_TIME 1167737286
TRACK A20110117598334 F 365200 761360 120 30 999 NONE NONE 190
	FP_ROUTE KC..KB737

TRACK_TIME 1167737286
TRACK A20110117598339 F 300000 951900 120 30 999 NONE NONE 360
	FP_ROUTE KG..KBE20

TRACK_TIME 1167737286
TRACK A20110117598342 F 403900 741060 120 30 999 NONE NONE 350
	FP_ROUTE KC..KB737

TRACK_TIME 1167737286
TRACK A20110117598350 F 333460 1175700 120 30 999 NONE NONE 280
	FP_ROUTE KC..KA319

TRACK_TIME 1167737286
TRACK A20110117598353 F 335500 1183160 120 30 999 NONE NONE 340
	FP_ROUTE KT..KCRJ2

TRACK_TIME 1167737286
TRACK A20110117598356 F 345860 1064060 120 30 999 NONE NONE 260
	FP_ROUTE KC..KE170

TRACK_TIME 1167737286
TRACK A20110117598366 F 272100 823000 120 30 999 NONE NONE 390
	FP_ROUTE KC..KCRJ2

TRACK_TIME 1167737286
TRACK A20110117598373 F 325500 970160 120 30 999 NONE NONE 340
	FP_ROUTE KT..KCRJ2

TRACK_TIME 1167737286
TRACK A20110117598375 F 335500 1183300 120 30 999 NONE NONE 340
	FP_ROUTE KC..KCRJ2

TRACK_TIME 1167737286
TRACK A20110117598378 F 372860 771960 120 30 999 NONE NONE 290
	FP_ROUTE KC..KB735

TRACK_TIME 1167737286
TRACK A20110117598379 F 325560 970160 120 30 999 NONE NONE 240
	FP_ROUTE KT..KE145

TRACK_TIME 1167737286
TRACK A20110117598392 F 395560 1044060 120 30 999 NONE NONE 310
	FP_ROUTE KT..KCRJ9

TRACK_TIME 1167737286
TRACK A20110117598397 F 300000 952260 120 30 999 NONE NONE 350
	FP_ROUTE KC..KB733

TRACK_TIME 1167737286
TRACK A20110117598405 F 320760 1105700 120 30 999 NONE NONE 280
	FP_ROUTE KC..KB733

TRACK_TIME 1167737286
TRACK A20110117598407 F 211900 1575860 120 30 999 NONE NONE 380
	FP_ROUTE KC..KB738

TRACK_TIME 1167737286
TRACK A20110117598415 F 324600 1171960 120 30 999 NONE NONE 380
	FP_ROUTE KC..KB738

TRACK_TIME 1167737286
TRACK A20110117598426 F 325560 970160 120 30 999 NONE NONE 360
	FP_ROUTE KT..KC560

TRACK_TIME 1167737286
TRACK A20110117598428 F 360460 1150900 120 30 999 NONE NONE 380
	FP_ROUTE KT..KC560

TRACK_TIME 1167737286
TRACK A20110117598436 F 293600 953900 120 30 999 NONE NONE 400
	FP_ROUTE KC..KA319

TRACK_TIME 1167737286
TRACK A20110117598440 F 282400 811660 120 30 999 NONE NONE 340
	FP_ROUTE KC..KB752

TRACK_TIME 1167737286
TRACK A20110117598442 F 395200 751660 120 30 999 NONE NONE 270
	FP_ROUTE KC..KB752

TRACK_TIME 1167737286
TRACK A20110117598443 F 425500 784500 120 30 999 NONE NONE 200
	FP_ROUTE KC..KE190

TRACK_TIME 1167737286
TRACK A20110117598445 F 385100 921200 120 30 999 NONE NONE 220
	FP_ROUTE KC..KA319

TRACK_TIME 1167737286
TRACK A20110117598447 F 412560 814900 120 30 999 NONE NONE 300
	FP_ROUTE KC..KCRJ2

TRACK_TIME 1167737286
TRACK A20110117598449 F 333900 842800 120 30 999 NONE NONE 380
	FP_ROUTE KC..KCRJ2

TRACK_TIME 1167737286
TRACK A20110117598451 F 391060 764360 120 30 999 NONE NONE 280
	FP_ROUTE KT..KCRJ2

TRACK_TIME 1167737286
TRACK A20110117598452 F 333160 864800 120 30 999 NONE NONE 410
	FP_ROUTE KC..KB752

TRACK_TIME 1167737286
TRACK A20110117598457 F 211900 1575800 120 30 999 NONE NONE 240
	FP_ROUTE KC..KCRJ2

TRACK_TIME 1167737286
TRACK A20110117598458 F 324360 1165700 120 30 999 NONE NONE 310
	FP_ROUTE KC..KB737

TRACK_TIME 1167737286
TRACK A20110117598459 F 254800 801960 120 30 999 NONE NONE 400
	FP_ROUTE KC..KB733

TRACK_TIME 1167737286
TRACK A20110117598461 F 420100 875700 120 30 999 NONE NONE 340
	FP_ROUTE KC..KB762

TRACK_TIME 1167737286
TRACK A20110117598462 F 355100 784900 120 30 999 NONE NONE 370
	FP_ROUTE KC..KB738

TRACK_TIME 1167737286
TRACK A20110117598467 F 360460 1151060 120 30 999 NONE NONE 340
	FP_ROUTE KC..KE145

TRACK_TIME 1167737286
TRACK A20110117598468 F 392800 1194600 120 30 999 NONE NONE 280
	FP_ROUTE KC..KA319

TRACK_TIME 1167737286
TRACK A20110117598472 F 332560 1120000 120 30 999 NONE NONE 320
	FP_ROUTE KC..KE145

TRACK_TIME 1167737286
TRACK A20110117598473 F 391060 764300 120 30 999 NONE NONE 370
	FP_ROUTE KC..KE145

TRACK_TIME 1167737286
TRACK A20110117598474 F 414900 874800 120 30 999 NONE NONE 340
	FP_ROUTE KC..KB738

TRACK_TIME 1167737286
TRACK A20110117598476 F 334060 1175200 120 30 999 NONE NONE 280
	FP_ROUTE KC..KB737

TRACK_TIME 1167737286
TRACK A20110117598479 F 393000 944060 120 30 999 NONE NONE 310
	FP_ROUTE KT..KCRJ9

TRACK_TIME 1167737286
TRACK A20110117598485 F 300000 952260 120 30 999 NONE NONE 270
	FP_ROUTE KC..KB733

TRACK_TIME 1167737286
TRACK A20110117598487 F 445400 931360 120 30 999 NONE NONE 220
	FP_ROUTE KC..KA321

TRACK_TIME 1167737286
TRACK A20110117598488 F 392100 944300 120 30 999 NONE NONE 320
	FP_ROUTE KC..KA319

TRACK_TIME 1167737286
TRACK A20110117598493 F 395200 751660 120 30 999 NONE NONE 390
	FP_ROUTE KC..KMD82

TRACK_TIME 1167737286
TRACK A20110117598497 F 274900 973300 120 30 999 NONE NONE 200
	FP_ROUTE KC..KE135

TRACK_TIME 1167737286
TRACK A20110117598504 F 390600 844000 120 30 999 NONE NONE 350
	FP_ROUTE KC..KMD82

TRACK_TIME 1167737286
TRACK A20110117598508 F 394900 1044000 120 30 999 NONE NONE 360
	FP_ROUTE KG..KLJ35

TRACK_TIME 1167737286
TRACK A20110117598509 F 454900 1111300 120 30 999 NONE NONE 360
	FP_ROUTE KC..KB737

TRACK_TIME 1167737286
TRACK A20110117598510 F 430700 774060 120 30 999 NONE NONE 220
	FP_ROUTE KC..KB737

TRACK_TIME 1167737286
TRACK A20110117598515 F 384800 770160 120 30 999 NONE NONE 230
	FP_ROUTE KC..KMD83

TRACK_TIME 1167737286
TRACK A20110117598516 F 293300 983100 120 30 999 NONE NONE 260
	FP_ROUTE KG..KC560

TRACK_TIME 1167737286
TRACK A20110117598521 F 351000 805700 120 30 999 NONE NONE 270
	FP_ROUTE KC..KB737

TRACK_TIME 1167737286
TRACK A20110117598525 F 260400 800700 120 30 999 NONE NONE 370
	FP_ROUTE KC..KB752

TRACK_TIME 1167737286
TRACK A20110117598526 F 282860 811660 120 30 999 NONE NONE 360
	FP_ROUTE KC..KB752

TRACK_TIME 1167737286
TRACK A20110117598528 F 425860 784060 120 30 999 NONE NONE 370
	FP_ROUTE KC..KE170

TRACK_TIME 1167737286
TRACK A20110117598533 F 390600 844000 120 30 999 NONE NONE 330
	FP_ROUTE KC..KB733

TRACK_TIME 1167737286
TRACK A20110117598535 F 360460 1150900 120 30 999 NONE NONE 360
	FP_ROUTE KC..KB737

TRACK_TIME 1167737286
TRACK A20110117598536 F 395200 751660 120 30 999 NONE NONE 390
	FP_ROUTE KC..KB752

TRACK_TIME 1167737286
TRACK A20110117598537 F 322860 935200 120 30 999 NONE NONE 260
	FP_ROUTE KC..KB737

TRACK_TIME 1167737286
TRACK A20110117598538 F 282260 811900 120 30 999 NONE NONE 370
	FP_ROUTE KC..KB737

TRACK_TIME 1167737286
TRACK A20110117598539 F 333900 842860 120 30 999 NONE NONE 330
	FP_ROUTE KC..KB735

TRACK_TIME 1167737286
TRACK A20110117598540 F 350400 895860 120 30 999 NONE NONE 250
	FP_ROUTE KT..KCRJ2

TRACK_TIME 1167737286
TRACK A20110117598548 F 261200 795400 120 30 999 NONE NONE 340
	FP_ROUTE KT..KCRJ2

TRACK_TIME 1167737286
TRACK A20110117598549 F 395400 1050600 120 30 999 NONE NONE 400
	FP_ROUTE KC..KE145

TRACK_TIME 1167737286
TRACK A20110117598550 F 420160 875700 120 30 999 NONE NONE 360
	FP_ROUTE KC..KE145

TRACK_TIME 1167737286
TRACK A20110117598554 F 384800 770160 120 30 999 NONE NONE 270
	FP_ROUTE KC..KB737

TRACK_TIME 1167737286
TRACK A20110117598571 F 333760 842860 120 30 999 NONE NONE 400
	FP_ROUTE KC..KB712

TRACK_TIME 1167737286
TRACK A20110117598580 F 420000 875400 120 30 999 NONE NONE 340
	FP_ROUTE KC..KE120

TRACK_TIME 1167737286
TRACK A20110117598595 F 384360 1213600 120 30 999 NONE NONE 400
	FP_ROUTE KC..KA320

TRACK_TIME 1167737286
TRACK A20110117598605 F 395100 842100 120 30 999 NONE NONE 320
	FP_ROUTE KC..KB752

TRACK_TIME 1167737286
TRACK A20110117598611 F 254900 801960 120 30 999 NONE NONE 300
	FP_ROUTE KC..KA319

TRACK_TIME 1167737286
TRACK A20110117598615 F 403900 734600 120 30 999 NONE NONE 310
	FP_ROUTE KC..KMD82

TRACK_TIME 1167737286
TRACK A20110117598616 F 360460 1151200 120 30 999 NONE NONE 300
	FP_ROUTE KC..KB753

TRACK_TIME 1167737286
TRACK A20110117598617 F 335700 1182400 120 30 999 NONE NONE 280
	FP_ROUTE KC..KA319

TRACK_TIME 1167737286
TRACK A20110117598618 F 374060 1221060 120 30 999 NONE NONE 360
	FP_ROUTE KT..KC750

TRACK_TIME 1167737286
TRACK A20110117598624 F 384360 902100 120 30 999 NONE NONE 310
	FP_ROUTE KC..KE135

TRACK_TIME 1167737286
TRACK A20110117598648 F 333700 842860 120 30 999 NONE NONE 370
	FP_ROUTE KC..KB752

TRACK_TIME 1167737286
TRACK A20110117598652 F 335560 1182100 120 30 999 NONE NONE 379
	FP_ROUTE KC..KCRJ2

TRACK_TIME 1167737286
TRACK A20110117598656 F 414900 874660 120 30 999 NONE NONE 380
	FP_ROUTE KC..KE135

TRACK_TIME 1167737286
TRACK A20110117598657 F 320760 1105700 120 30 999 NONE NONE 380
	FP_ROUTE KC..KE145

TRACK_TIME 1167737286
TRACK A20110117598660 F 295860 951660 120 30 999 NONE NONE 360
	FP_ROUTE KC..KB737

TRACK_TIME 1167737286
TRACK A20110117598661 F 350100 1063760 120 30 999 NONE NONE 350
	FP_ROUTE KT..KCRJ2

TRACK_TIME 1167737286
TRACK A20110117598668 F 324360 1171200 120 30 999 NONE NONE 320
	FP_ROUTE KC..KCRJ2

TRACK_TIME 1167737286
TRACK A20110117598670 F 422200 710000 120 30 999 NONE NONE 290
	FP_ROUTE KT..KCRJ2

TRACK_TIME 1167737286
TRACK A20110117598671 F 332560 1115800 120 30 999 NONE NONE 360
	FP_ROUTE KC..KB733

TRACK_TIME 1167737286
TRACK A20110117598673 F 333400 1175700 120 30 999 NONE NONE 300
	FP_ROUTE KC..KB733

TRACK_TIME 1167737286
TRACK A20110117598696 F 384900 770160 120 30 999 NONE NONE 270
	FP_ROUTE KC..KA320

TRACK_TIME 1167737286
TRACK A20110117598697 F 335560 1182700 120 30 999 NONE NONE 330
	FP_ROUTE KC..KB737

TRACK_TIME 1167737286
TRACK A20110117598702 F 335100 1163160 120 30 999 NONE NONE 400
	FP_ROUTE KC..KA319

TRACK_TIME 1167737286
TRACK A20110117598703 F 325200 970300 120 30 999 NONE NONE 330
	FP_ROUTE KC..KB739

TRACK_TIME 1167737286
TRACK A20110117598712 F 421300 831960 120 30 999 NONE NONE 280
	FP_ROUTE KC..KB733

TRACK_TIME 1167737286
TRACK A20110117598713 F 371600 932400 120 30 999 NONE NONE 320
	FP_ROUTE KC..KE145

TRACK_TIME 1167737286
TRACK A20110117598715 F 415800 875100 120 30 999 NONE NONE 310
	FP_ROUTE KT..KCRJ2

TRACK_TIME 1167737286
TRACK A20110117598716 F 333460 864300 120 30 999 NONE NONE 340
	FP_ROUTE KT..KCRJ9

TRACK_TIME 1167737286
TRACK A20110117598723 F 425500 784500 120 30 999 NONE NONE 240
	FP_ROUTE KC..KA320

TRACK_TIME 1167737286
TRACK A20110117598734 F 403900 741060 120 30 999 NONE NONE 390
	FP_ROUTE KC..KB733

TRACK_TIME 1167737286
TRACK A20110117598735 F 442800 730900 120 30 999 NONE NONE 210
	FP_ROUTE KC..KB734

TRACK_TIME 1167737286
TRACK A20110117598741 F 360460 1150900 120 30 999 NONE NONE 280
	FP_ROUTE KC..KB733

TRACK_TIME 1167737286
TRACK A20110117598745 F 350160 1063760 120 30 999 NONE NONE 410
	FP_ROUTE KT..KCRJ2

TRACK_TIME 1167737286
TRACK A20110117598747 F 433900 701300 120 30 999 NONE NONE 190
	FP_ROUTE KC..KB737

TRACK_TIME 1167737286
TRACK A20110117598751 F 410160 734060 120 30 999 NONE NONE 350
	FP_ROUTE KC..KB733

TRACK_TIME 1167737286
TRACK A20110117598754 F 325100 965200 120 30 999 NONE NONE 390
	FP_ROUTE KC..KB712

TRACK_TIME 1167737286
TRACK A20110117598755 F 255560 801900 120 30 999 NONE NONE 430
	FP_ROUTE KT..KCRJ2

TRACK_TIME 1167737286
TRACK A20110117598757 F 410300 734200 120 30 999 NONE NONE 450
	FP_ROUTE KT..KCRJ9

TRACK_TIME 1167737286
TRACK A20110117598758 F 444200 733000 120 30 999 NONE NONE 250
	FP_ROUTE KC..KA320

TRACK_TIME 1167737286
TRACK A20110117598759 F 293300 983000 120 30 999 NONE NONE 240
	FP_ROUTE KC..KB733

TRACK_TIME 1167737286
TRACK A20110117598761 F 394900 1044000 120 30 999 NONE NONE 380
	FP_ROUTE KT..KCRJ2

TRACK_TIME 1167737286
TRACK A20110117598767 F 333760 842860 120 30 999 NONE NONE 360
	FP_ROUTE KC..KE145

TRACK_TIME 1167737286
TRACK A20110117598785 F 360600 1150700 120 30 999 NONE NONE 370
	FP_ROUTE KC..KB738

TRACK_TIME 1167737286
TRACK A20110117598792 F 404360 735500 120 30 999 NONE NONE 210
	FP_ROUTE KC..KA320

TRACK_TIME 1167737286
TRACK A20110117598796 F 373900 972560 120 30 999 NONE NONE 400
	FP_ROUTE KC..KE145

TRACK_TIME 1167737286
TRACK A20110117598818 F 333100 864800 120 30 999 NONE NONE 380
	FP_ROUTE KC..KB739

TRACK_TIME 1167737286
TRACK A20110117598819 F 414660 874500 120 30 999 NONE NONE 390
	FP_ROUTE KT..KCRJ1

TRACK_TIME 1167737286
TRACK A20110117598820 F 421900 831660 120 30 999 NONE NONE 190
	FP_ROUTE KC..KB738

TRACK_TIME 1167737286
TRACK A20110117598822 F 211900 1575800 120 30 999 NONE NONE 390
	FP_ROUTE KG..KFA20

TRACK_TIME 1167737286
TRACK A20110117598824 F 382400 813400 120 30 999 NONE NONE 270
	FP_ROUTE KG..KFA20

TRACK_TIME 1167737286
TRACK A20110117598825 F 333900 842860 120 30 999 NONE NONE 260
	FP_ROUTE KC..KCRJ9

TRACK_TIME 1167737286
TRACK A20110117598835 F 394660 1044000 120 30 999 NONE NONE 380
	FP_ROUTE KC..KCRJ2

TRACK_TIME 1167737286
TRACK A20110117598836 F 334060 1175200 120 30 999 NONE NONE 400
	FP_ROUTE KC..KB739

TRACK_TIME 1167737286
TRACK A20110117598839 F 333760 842860 120 30 999 NONE NONE 350
	FP_ROUTE KC..KCRJ2

TRACK_TIME 1167737286
TRACK A20110117598840 F 300000 952400 120 30 999 NONE NONE 230
	FP_ROUTE KC..KE170

TRACK_TIME 1167737286
TRACK A20110117598841 F 404000 741060 120 30 999 NONE NONE 350
	FP_ROUTE KC..KB737

TRACK_TIME 1167737286
TRACK A20110117598842 F 344660 821500 120 30 999 NONE NONE 310
	FP_ROUTE KC..KB712

TRACK_TIME 1167737286
TRACK A20110117598844 F 325500 970100 120 30 999 NONE NONE 340
	FP_ROUTE KC..KB752

TRACK_TIME 1167737286
TRACK A20110117598847 F 282400 811660 120 30 999 NONE NONE 380
	FP_ROUTE KC..KB752

TRACK_TIME 1167737286
TRACK A20110117598848 F 453400 1223300 120 30 999 NONE NONE 380
	FP_ROUTE KC..KB738

TRACK_TIME 1167737286
TRACK A20110117598850 F 351200 805800 120 30 999 NONE NONE 290
	FP_ROUTE KT..KCRJ1

TRACK_TIME 1167737286
TRACK A20110117598855 F 330700 1172500 120 30 999 NONE NONE 430
	FP_ROUTE KC..KB752

TRACK_TIME 1167737286
TRACK A20110117598865 F 394500 861500 120 30 999 NONE NONE 220
	FP_ROUTE KC..KB737

TRACK_TIME 1167737286
TRACK A20110117598866 F 262400 815560 120 30 999 NONE NONE 310
	FP_ROUTE KT..KCRJ2

TRACK_TIME 1167737286
TRACK A20110117598883 F 325260 964800 120 30 999 NONE NONE 240
	FP_ROUTE KC..KB737

TRACK_TIME 1167737286
TRACK A20110117598891 F 254800 801960 120 30 999 NONE NONE 370
	FP_ROUTE KC..KA319

TRACK_TIME 1167737286
TRACK A20110117598897 F 324660 1171900 120 30 999 NONE NONE 380
	FP_ROUTE KT..KE135

TRACK_TIME 1167737286
TRACK A20110117598900 F 350100 1063760 120 30 999 NONE NONE 300
	FP_ROUTE KC..KCRJ9

TRACK_TIME 1167737286
TRACK A20110117598917 F 325500 970160 120 30 999 NONE NONE 360
	FP_ROUTE KC..KB752

TRACK_TIME 1167737286
TRACK A20110117598921 F 420100 875560 120 30 999 NONE NONE 380
	FP_ROUTE KC..KCRJ2

TRACK_TIME 1167737286
TRACK A20110117598922 F 411900 955500 120 30 999 NONE NONE 380
	FP_ROUTE KC..KB712

TRACK_TIME 1167737286
TRACK A20110117598924 F 371960 1215400 120 30 999 NONE NONE 230
	FP_ROUTE KC..KE145

TRACK_TIME 1167737286
TRACK A20110117598926 F 344500 921200 120 30 999 NONE NONE 290
	FP_ROUTE KC..KB734

TRACK_TIME 1167737286
TRACK A20110117598927 F 374060 1221200 120 30 999 NONE NONE 370
	FP_ROUTE KT..KE145

TRACK_TIME 1167737286
TRACK A20110117598934 F 345560 773760 120 30 999 NONE NONE 190
	FP_ROUTE KC..KE145

TRACK_TIME 1167737286
TRACK A20110117598936 F 341060 1181500 120 30 999 NONE NONE 330
	FP_ROUTE KC..KB734

TRACK_TIME 1167737286
TRACK A20110117598938 F 355200 784900 120 30 999 NONE NONE 200
	FP_ROUTE KT..KCRJ2

TRACK_TIME 1167737286
TRACK A20110117598939 F 260460 801200 120 30 999 NONE NONE 340
	FP_ROUTE KC..KE170

TRACK_TIME 1167737286
TRACK A20110117598940 F 415800 724500 120 30 999 NONE NONE 290
	FP_ROUTE KT..KCRJ2

TRACK_TIME 1167737286
TRACK A20110117598941 F 341200 1182400 120 30 999 NONE NONE 340
	FP_ROUTE KG..KBE20

TRACK_TIME 1167737286
TRACK A20110117598942 F 385200 1214000 120 30 999 NONE NONE 380
	FP_ROUTE KC..KB737

TRACK_TIME 1167737286
TRACK A20110117598951 F 285700 795800 120 30 999 NONE NONE 320
	FP_ROUTE KG..KFA50

TRACK_TIME 1167737286
TRACK A20110117598957 F 453460 1223400 120 30 999 NONE NONE 360
	FP_ROUTE KT..KCRJ2

TRACK_TIME 1167737286
TRACK A20110117598963 F 420700 765200 120 30 999 NONE NONE 250
	FP_ROUTE KC..KCRJ2

TRACK_TIME 1167737286
TRACK A20110117598965 F 282400 811660 120 30 999 NONE NONE 190
	FP_ROUTE KC..KB738

TRACK_TIME 1167737286
TRACK A20110117598969 F 300000 951660 120 30 999 NONE NONE 360
	FP_ROUTE KC..KCRJ2

TRACK_TIME 1167737286
TRACK A20110117598970 F 262400 814900 120 30 999 NONE NONE 390
	FP_ROUTE KC..KA320

TRACK_TIME 1167737286
TRACK A20110117598971 F 431600 1140760 120 30 999 NONE NONE 260
	FP_ROUTE KC..KCRJ2

TRACK_TIME 1167737286
TRACK A20110117598974 F 333900 842860 120 30 999 NONE NONE 180
	FP_ROUTE KC..KCRJ2

TRACK_TIME 1167737286
TRACK A20110117598980 F 381200 854360 120 30 999 NONE NONE 280
	FP_ROUTE KC..KB752

TRACK_TIME 1167737286
TRACK A20110117598981 F 264000 813400 120 30 999 NONE NONE 360
	FP_ROUTE KC..KA320

TRACK_TIME 1167737286
TRACK A20110117598982 F 300760 974060 120 30 999 NONE NONE 350
	FP_ROUTE KC..KB734

TRACK_TIME 1167737286
TRACK A20110117598986 F 412560 814900 120 30 999 NONE NONE 260
	FP_ROUTE KC..KA320

TRACK_TIME 1167737286
TRACK A20110117598993 F 404500 734960 120 30 999 NONE NONE 390
	FP_ROUTE KC..KA320

TRACK_TIME 1167737286
TRACK A20110117598994 F 373600 1221800 120 30 999 NONE NONE 380
	FP_ROUTE KT..KCRJ9

TRACK_TIME 1167737286
TRACK A20110117599001 F 360760 864000 120 30 999 NONE NONE 350
	FP_ROUTE KC..KA320

TRACK_TIME 1167737286
TRACK A20110117599002 F 404000 741060 120 30 999 NONE NONE 350
	FP_ROUTE KC..KDH8D

TRACK_TIME 1167737286
TRACK A20110117599012 F 360460 1151300 120 30 999 NONE NONE 380
	FP_ROUTE KC..KE170

TRACK_TIME 1167737286
TRACK A20110117599013 F 373600 1221900 120 30 999 NONE NONE 360
	FP_ROUTE KC..KA319

TRACK_TIME 1167737286
TRACK A20110117599014 F 384600 973760 120 30 999 NONE NONE 330
	FP_ROUTE KC..KB733

TRACK_TIME 1167737286
TRACK A20110117599017 F 384500 901900 120 30 999 NONE NONE 300
	FP_ROUTE KG..KLJ45

TRACK_TIME 1167737286
TRACK A20110117599018 F 295860 901500 120 30 999 NONE NONE 250
	FP_ROUTE KC..KA332

TRACK_TIME 1167737286
TRACK A20110117599023 F 325560 970160 120 30 999 NONE NONE 380
	FP_ROUTE KC..KE170

TRACK_TIME 1167737286
TRACK A20110117599025 F 384960 770160 120 30 999 NONE NONE 390
	FP_ROUTE KC..KB738

TRACK_TIME 1167737286
TRACK A20110117599030 F 392800 1194600 120 30 999 NONE NONE 400
	FP_ROUTE KC..KCRJ2

TRACK_TIME 1167737286
TRACK A20110117599035 F 360760 1150700 120 30 999 NONE NONE 270
	FP_ROUTE KC..KMD82

TRACK_TIME 1167737286
TRACK A20110117599038 F 302500 890700 120 30 999 NONE NONE 280
	FP_ROUTE KC..KCRJ9

TRACK_TIME 1167737286
TRACK A20110117599039 F 333760 842860 120 30 999 NONE NONE 270
	FP_ROUTE KC..KA319

TRACK_TIME 1167737286
TRACK A20110117599053 F 403760 741200 120 30 999 NONE NONE 350
	FP_ROUTE KG..KF2TH

TRACK_TIME 1167737286
TRACK A20110117599056 F 393160 1072260 120 30 999 NONE NONE 200
	FP_ROUTE KC..KE145

TRACK_TIME 1167737286
TRACK A20110117599057 F 330600 1172500 120 30 999 NONE NONE 430
	FP_ROUTE KC..KB737

TRACK_TIME 1167737286
TRACK A20110117599062 F 422700 712700 120 30 999 NONE NONE 410
	FP_ROUTE KC..KMD83

TRACK_TIME 1167737286
TRACK A20110117599063 F 360460 1150900 120 30 999 NONE NONE 330
	FP_ROUTE KC..KCRJ2

TRACK_TIME 1167737286
TRACK A20110117599068 F 361200 955260 120 30 999 NONE NONE 351
	FP_ROUTE KG..KF2TH

TRACK_TIME 1167737286
TRACK A20110117599069 F 294000 951900 120 30 999 NONE NONE 360
	FP_ROUTE KT..KCRJ2

TRACK_TIME 1167737286
TRACK A20110117599071 F 325560 970160 120 30 999 NONE NONE 320
	FP_ROUTE KC..KB752

TRACK_TIME 1167737286
TRACK A20110117599073 F 420100 875560 120 30 999 NONE NONE 380
	FP_ROUTE KC..KB737

TRACK_TIME 1167737286
TRACK A20110117599077 F 420000 875700 120 30 999 NONE NONE 330
	FP_ROUTE KC..KB735

TRACK_TIME 1167737286
TRACK A20110117599081 F 325500 970160 120 30 999 NONE NONE 360
	FP_ROUTE KC..KB712

TRACK_TIME 1167737286
TRACK A20110117599082 F 325500 970100 120 30 999 NONE NONE 320
	FP_ROUTE KC..KCRJ2

TRACK_TIME 1167737286
TRACK A20110117599098 F 453460 1223600 120 30 999 NONE NONE 240
	FP_ROUTE KC..KCRJ2

TRACK_TIME 1167737286
TRACK A20110117599104 F 425500 784600 120 30 999 NONE NONE 260
	FP_ROUTE KC..KB738

TRACK_TIME 1167737286
TRACK A20110117599106 F 472800 1221900 120 30 999 NONE NONE 360
	FP_ROUTE KC..KCRJ2

TRACK_TIME 1167737286
TRACK A20110117599109 F 300000 951360 120 30 999 NONE NONE 360
	FP_ROUTE KG..KC550

TRACK_TIME 1167737286
TRACK A20110117599114 F 324360 1171300 120 30 999 NONE NONE 340
	FP_ROUTE KC..KA319

TRACK_TIME 1167737286
TRACK A20110117599116 F 325500 970300 120 30 999 NONE NONE 280
	FP_ROUTE KC..KCRJ2

TRACK_TIME 1167737286
TRACK A20110117599118 F 430700 833160 120 30 999 NONE NONE 330
	FP_ROUTE KC..KB734

TRACK_TIME 1167737286
TRACK A20110117599123 F 415860 875100 120 30 999 NONE NONE 320
	FP_ROUTE KC..KB733

TRACK_TIME 1167737286
TRACK A20110117599126 F 324960 964960 120 30 999 NONE NONE 360
	FP_ROUTE KC..KB733

TRACK_TIME 1167737286
TRACK A20110117599131 F 333900 842860 120 30 999 NONE NONE 320
	FP_ROUTE KT..KDH8D

TRACK_TIME 1167737286
TRACK A20110117599134 F 391060 764200 120 30 999 NONE NONE 350
	FP_ROUTE KC..KE170

TRACK_TIME 1167737286
TRACK A20110117599135 F 374060 1221060 120 30 999 NONE NONE 360
	FP_ROUTE KC..KB737

TRACK_TIME 1167737286
TRACK A20110117599138 F 472700 1221900 120 30 999 NONE NONE 300
	FP_ROUTE KC..KB737

TRACK_TIME 1167737286
TRACK A20110117599140 F 395200 751660 120 30 999 NONE NONE 330
	FP_ROUTE KC..KB738

TRACK_TIME 1167737286
TRACK A20110117599153 F 394900 1043900 120 30 999 NONE NONE 320
	FP_ROUTE KC..KB737

TRACK_TIME 1167737286
TRACK A20110117599154 F 385260 1214000 120 30 999 NONE NONE 320
	FP_ROUTE KT..KCRJ2

TRACK_TIME 1167737286
TRACK A20110117599164 F 332560 1120300 120 30 999 NONE NONE 250
	FP_ROUTE KT..KC560

TRACK_TIME 1167737286
TRACK A20110117599166 F 300000 951800 120 30 999 NONE NONE 340
	FP_ROUTE KC..KE135

TRACK_TIME 1167737286
TRACK A20110117599169 F 374060 972560 120 30 999 NONE NONE 310
	FP_ROUTE KG..KBE9L

TRACK_TIME 1167737286
TRACK A20110117599173 F 420000 875700 120 30 999 NONE NONE 290
	FP_ROUTE KC..KMD83

TRACK_TIME 1167737286
TRACK A20110117599195 F 403760 734360 120 30 999 NONE NONE 210
	FP_ROUTE KC..KB712

TRACK_TIME 1167737286
TRACK A20110117599196 F 373600 1221900 120 30 999 NONE NONE 360
	FP_ROUTE KC..KE145

TRACK_TIME 1167737286
TRACK A20110117599200 F 414800 874660 120 30 999 NONE NONE 300
	FP_ROUTE KC..KA319

TRACK_TIME 1167737286
TRACK A20110117599201 F 293700 951900 120 30 999 NONE NONE 380
	FP_ROUTE KC..KB763

TRACK_TIME 1167737286
TRACK A20110117599202 F 352100 973300 120 30 999 NONE NONE 330
	FP_ROUTE KC..KB733

TRACK_TIME 1167737286
TRACK A20110117599204 F 300160 974060 120 30 999 NONE NONE 230
	FP_ROUTE KC..KB734

TRACK_TIME 1167737286
TRACK A20110117599209 F 374900 805200 120 30 999 NONE NONE 200
	FP_ROUTE KC..KB738

TRACK_TIME 1167737286
TRACK A20110117599211 F 385860 772560 120 30 999 NONE NONE 190
	FP_ROUTE KC..KB752

TRACK_TIME 1167737286
TRACK A20110117599217 F 404600 1115800 120 30 999 NONE NONE 370
	FP_ROUTE KC..KB737

TRACK_TIME 1167737286
TRACK A20110117599220 F 384500 902100 120 30 999 NONE NONE 390
	FP_ROUTE KC..KCRJ2

TRACK_TIME 1167737286
TRACK A20110117599221 F 280100 823160 120 30 999 NONE NONE 390
	FP_ROUTE KT..KE145

TRACK_TIME 1167737286
TRACK A20110117599223 F 263700 813600 120 30 999 NONE NONE 400
	FP_ROUTE KC..KA320

TRACK_TIME 1167737286
TRACK A20110117599230 F 384900 770160 120 30 999 NONE NONE 390
	FP_ROUTE KT..KCRJ2

TRACK_TIME 1167737286
TRACK A20110117599235 F 404500 1115800 120 30 999 NONE NONE 340
	FP_ROUTE KC..KA319

TRACK_TIME 1167737286
TRACK A20110117599237 F 300000 951660 120 30 999 NONE NONE 390
	FP_ROUTE KC..KB738

TRACK_TIME 1167737286
TRACK A20110117599238 F 421300 831960 120 30 999 NONE NONE 370
	FP_ROUTE KC..KB737

TRACK_TIME 1167737286
TRACK A20110117599239 F 280160 823160 120 30 999 NONE NONE 340
	FP_ROUTE KC..KCRJ2

TRACK_TIME 1167737286
TRACK A20110117599240 F 325500 970300 120 30 999 NONE NONE 270
	FP_ROUTE KG..KC560

TRACK_TIME 1167737286
TRACK A20110117599262 F 364500 1194300 120 30 999 NONE NONE 240
	FP_ROUTE KC..KB738

TRACK_TIME 1167737286
TRACK A20110117599263 F 421300 831960 120 30 999 NONE NONE 310
	FP_ROUTE KC..KMD83

TRACK_TIME 1167737286
TRACK A20110117599265 F 431500 891960 120 30 999 NONE NONE 350
	FP_ROUTE KC..KB753

TRACK_TIME 1167737286
TRACK A20110117599273 F 335700 1182700 120 30 999 NONE NONE 400
	FP_ROUTE KC..KA320

TRACK_TIME 1167737286
TRACK A20110117599274 F 373900 1220900 120 30 999 NONE NONE 360
	FP_ROUTE KC..KB734

TRACK_TIME 1167737286
TRACK A20110117599290 F 182560 660160 120 30 999 NONE NONE 390
	FP_ROUTE KT..KCRJ2

TRACK_TIME 1167737286
TRACK A20110117599295 F 333700 843000 120 30 999 NONE NONE 350
	FP_ROUTE KC..KE170

TRACK_TIME 1167737286
TRACK A20110117599303 F 332560 1120160 120 30 999 NONE NONE 360
	FP_ROUTE KC..KB734

TRACK_TIME 1167737286
TRACK A20110117599316 F 445260 931200 120 30 999 NONE NONE 350
	FP_ROUTE KG..KFA50

TRACK_TIME 1167737286
TRACK A20110117599317 F 430760 774000 120 30 999 NONE NONE 230
	FP_ROUTE KC..KB712

TRACK_TIME 1167737286
TRACK A20110117599321 F 381060 854360 120 30 999 NONE NONE 330
	FP_ROUTE KG..KC550

TRACK_TIME 1167737286
TRACK A20110117599323 F 430460 774200 120 30 999 NONE NONE 260
	FP_ROUTE KC..KMD83

TRACK_TIME 1167737286
TRACK A20110117599324 F 371960 1184900 120 30 999 NONE NONE 219
	FP_ROUTE KC..KB712

TRACK_TIME 1167737286
TRACK A20110117599325 F 330760 1171360 120 30 999 NONE NONE 210
	FP_ROUTE KC..KCRJ2

TRACK_TIME 1167737286
TRACK A20110117599326 F 365100 761500 120 30 999 NONE NONE 270
	FP_ROUTE KC..KB712

TRACK_TIME 1167737286
TRACK A20110117599328 F 421360 831960 120 30 999 NONE NONE 260
	FP_ROUTE KC..KB733

TRACK_TIME 1167737286
TRACK A20110117599329 F 422700 874960 120 30 999 NONE NONE 400
	FP_ROUTE KC..KMD83

TRACK_TIME 1167737286
TRACK A20110117599332 F 360100 863000 120 30 999 NONE NONE 230
	FP_ROUTE KC..KB712

TRACK_TIME 1167737286
TRACK A20110117599345 F 425560 784360 120 30 999 NONE NONE 320
	FP_ROUTE KC..KE170

TRACK_TIME 1167737286
TRACK A20110117599360 F 394900 1043900 120 30 999 NONE NONE 340
	FP_ROUTE KG..KFA50

TRACK_TIME 1167737286
TRACK A20110117599361 F 360460 1151000 120 30 999 NONE NONE 340
	FP_ROUTE KC..KB752

TRACK_TIME 1167737286
TRACK A20110117599362 F 414800 874800 120 30 999 NONE NONE 370
	FP_ROUTE KC..KB733

TRACK_TIME 1167737286
TRACK A20110117599366 F 433160 1160900 120 30 999 NONE NONE 230
	FP_ROUTE KC..KCRJ2

TRACK_TIME 1167737286
TRACK A20110117599367 F 391060 764300 120 30 999 NONE NONE 260
	FP_ROUTE KC..KB752

TRACK_TIME 1167737286
TRACK A20110117599369 F 422700 1225500 120 30 999 NONE NONE 320
	FP_ROUTE KT..KCRJ2

TRACK_TIME 1167737286
TRACK A20110117599380 F 422560 705800 120 30 999 NONE NONE 210
	FP_ROUTE KC..KB737

TRACK_TIME 1167737286
TRACK A20110117599387 F 420000 875560 120 30 999 NONE NONE 380
	FP_ROUTE KG..KLJ45

TRACK_TIME 1167737286
TRACK A20110117599394 F 350000 1064000 120 30 999 NONE NONE 340
	FP_ROUTE KC..KB737

TRACK_TIME 1167737286
TRACK A20110117599395 F 410160 734060 120 30 999 NONE NONE 410
	FP_ROUTE KC..KB738

TRACK_TIME 1167737286
TRACK A20110117599398 F 393400 1045100 120 30 999 NONE NONE 370
	FP_ROUTE KC..KB737

TRACK_TIME 1167737286
TRACK A20110117599406 F 473700 1173160 120 30 999 NONE NONE 320
	FP_ROUTE KC..KB734

TRACK_TIME 1167737286
TRACK A20110117599412 F 300000 951800 120 30 999 NONE NONE 190
	FP_ROUTE KC..KB763

TRACK_TIME 1167737286
TRACK A20110117599414 F 384500 901900 120 30 999 NONE NONE 260
	FP_ROUTE KC..KE170

TRACK_TIME 1167737286
TRACK A20110117599421 F 404500 1115800 120 30 999 NONE NONE 370
	FP_ROUTE KC..KB737

TRACK_TIME 1167737286
TRACK A20110117599422 F 410160 734060 120 30 999 NONE NONE 310
	FP_ROUTE KC..KA320

TRACK_TIME 1167737286
TRACK A20110117599427 F 392700 943400 120 30 999 NONE NONE 300
	FP_ROUTE KC..KA320

TRACK_TIME 1167737286
TRACK A20110117599435 F 194300 1550400 120 30 999 NONE NONE 230
	FP_ROUTE KC..KB752

TRACK_TIME 1167737286
TRACK A20110117599439 F 300000 952500 120 30 999 NONE NONE 360
	FP_ROUTE KC..KB733

TRACK_TIME 1167737286
TRACK A20110117599443 F 303000 814000 120 30 999 NONE NONE 360
	FP_ROUTE KC..KB733

TRACK_TIME 1167737286
TRACK A20110117599449 F 375700 844300 120 30 999 NONE NONE 220
	FP_ROUTE KC..KB733

TRACK_TIME 1167737286
TRACK A20110117599451 F 404800 742400 120 30 999 NONE NONE 410
	FP_ROUTE KC..KCRJ2

TRACK_TIME 1167737286
TRACK A20110117599454 F 415500 724300 120 30 999 NONE NONE 370
	FP_ROUTE KT..KCRJ2

TRACK_TIME 1167737286
TRACK A20110117599473 F 625560 1553460 120 30 999 NONE NONE 200
	FP_ROUTE KC..KE170

TRACK_TIME 1167737286
TRACK A20110117599477 F 433160 964660 120 30 999 NONE NONE 240
	FP_ROUTE KC..KCRJ2

TRACK_TIME 1167737286
TRACK A20110117599480 F 373600 1221960 120 30 999 NONE NONE 270
	FP_ROUTE KC..KB733

TRACK_TIME 1167737286
TRACK A20110117599483 F 445400 931600 120 30 999 NONE NONE 320
	FP_ROUTE KC..KE170

TRACK_TIME 1167737286
TRACK A20110117599487 F 282700 811660 120 30 999 NONE NONE 210
	FP_ROUTE KC..KE170

TRACK_TIME 1167737286
TRACK A20110117599490 F 422700 874900 120 30 999 NONE NONE 390
	FP_ROUTE KC..KMD83

TRACK_TIME 1167737286
TRACK A20110117599492 F 384800 770160 120 30 999 NONE NONE 220
	FP_ROUTE KC..KB737

TRACK_TIME 1167737286
TRACK A20110117599494 F 333460 1175700 120 30 999 NONE NONE 280
	FP_ROUTE KC..KE145

TRACK_TIME 1167737286
TRACK A20110117599495 F 372100 1215500 120 30 999 NONE NONE 380
	FP_ROUTE KC..KB734

TRACK_TIME 1167737286
TRACK A20110117599498 F 384800 770160 120 30 999 NONE NONE 330
	FP_ROUTE KC..KA320

TRACK_TIME 1167737286
TRACK A20110117599502 F 414900 874660 120 30 999 NONE NONE 310
	FP_ROUTE KT..KCRJ2

TRACK_TIME 1167737286
TRACK A20110117599503 F 404600 734960 120 30 999 NONE NONE 400
	FP_ROUTE KT..KCRJ2

TRACK_TIME 1167737286
TRACK A20110117599504 F 391060 764300 120 30 999 NONE NONE 180
	FP_ROUTE KC..KB737

TRACK_TIME 1167737286
TRACK A20110117599507 F 330700 1171200 120 30 999 NONE NONE 400
	FP_ROUTE KC..KB734

TRACK_TIME 1167737286
TRACK A20110117599508 F 351200 805800 120 30 999 NONE NONE 370
	FP_ROUTE KC..KE145

TRACK_TIME 1167737286
TRACK A20110117599519 F 324360 1171800 120 30 999 NONE NONE 350
	FP_ROUTE KC..KB738

TRACK_TIME 1167737286
TRACK A20110117599520 F 311660 852500 120 30 999 NONE NONE 180
	FP_ROUTE KC..KE145

TRACK_TIME 1167737286
TRACK A20110117599524 F 302860 814500 120 30 999 NONE NONE 210
	FP_ROUTE KC..KE145

TRACK_TIME 1167737286
TRACK A20110117599543 F 361200 1031800 120 30 999 NONE NONE 390
	FP_ROUTE KC..KB752

TRACK_TIME 1167737286
TRACK A20110117599565 F 404000 741060 120 30 999 NONE NONE 330
	FP_ROUTE KC..KA319

TRACK_TIME 1167737286
TRACK A20110117599566 F 404060 740760 120 30 999 NONE NONE 250
	FP_ROUTE KC..KB737

TRACK_TIME 1167737286
TRACK A20110117599569 F 264060 800900 120 30 999 NONE NONE 360
	FP_ROUTE KT..KE135

TRACK_TIME 1167737286
TRACK A20110117599570 F 350300 895800 120 30 999 NONE NONE 220
	FP_ROUTE KC..KE145

TRACK_TIME 1167737286
TRACK A20110117599576 F 350160 1063900 120 30 999 NONE NONE 260
	FP_ROUTE KC..KA319

TRACK_TIME 1167737286
TRACK A20110117599577 F 395500 1044200 120 30 999 NONE NONE 330
	FP_ROUTE KC..KE170

TRACK_TIME 1167737286
TRACK A20110117599582 F 440760 883700 120 30 999 NONE NONE 260
	FP_ROUTE KT..KE145

TRACK_TIME 1167737286
TRACK A20110117599584 F 384900 770160 120 30 999 NONE NONE 370
	FP_ROUTE KC..KE170

TRACK_TIME 1167737286
TRACK A20110117599588 F 335560 1182560 120 30 999 NONE NONE 380
	FP_ROUTE KC..KA320

TRACK_TIME 1167737286
TRACK A20110117599606 F 421300 831960 120 30 999 NONE NONE 390
	FP_ROUTE KC..KMD82

TRACK_TIME 1167737286
TRACK A20110117599610 F 360460 1150900 120 30 999 NONE NONE 380
	FP_ROUTE KC..KA320

TRACK_TIME 1167737286
TRACK A20110117599611 F 260400 801060 120 30 999 NONE NONE 380
	FP_ROUTE KC..KB752

TRACK_TIME 1167737286
TRACK A20110117599614 F 194300 1550400 120 30 999 NONE NONE 230
	FP_ROUTE KC..KE145

TRACK_TIME 1167737286
TRACK A20110117599616 F 351360 805800 120 30 999 NONE NONE 320
	FP_ROUTE KT..KCRJ2

TRACK_TIME 1167737286
TRACK A20110117599622 F 395200 751660 120 30 999 NONE NONE 280
	FP_ROUTE KG..KC560

TRACK_TIME 1167737286
TRACK A20110117599626 F 334360 1162860 120 30 999 NONE NONE 430
	FP_ROUTE KC..KB738

TRACK_TIME 1167737286
TRACK A20110117599627 F 351060 805560 120 30 999 NONE NONE 260
	FP_ROUTE KC..KB738

TRACK_TIME 1167737286
TRACK A20110117599632 F 363400 1214660 120 30 999 NONE NONE 239
	FP_ROUTE KC..KE190

TRACK_TIME 1167737286
TRACK A20110117599633 F 264060 802100 120 30 999 NONE NONE 300
	FP_ROUTE KC..KE190

TRACK_TIME 1167737286
TRACK A20110117599637 F 282400 811660 120 30 999 NONE NONE 410
	FP_ROUTE KC..KB737

TRACK_TIME 1167737286
TRACK A20110117599641 F 430600 761060 120 30 999 NONE NONE 200
	FP_ROUTE KC..KA320

TRACK_TIME 1167737286
TRACK A20110117599643 F 304060 881600 120 30 999 NONE NONE 280
	FP_ROUTE KT..KE145

TRACK_TIME 1167737286
TRACK A20110117599644 F 333700 842860 120 30 999 NONE NONE 240
	FP_ROUTE KT..KE145

TRACK_TIME 1167737286
TRACK A20110117599658 F 264060 801360 120 30 999 NONE NONE 360
	FP_ROUTE KC..KE145

TRACK_TIME 1167737286
TRACK A20110117599661 F 260400 801060 120 30 999 NONE NONE 380
	FP_ROUTE KC..KMD82

TRACK_TIME 1167737286
TRACK A20110117599672 F 352860 973700 120 30 999 NONE NONE 400
	FP_ROUTE KC..KB737

TRACK_TIME 1167737286
TRACK A20110117599677 F 430460 774200 120 30 999 NONE NONE 220
	FP_ROUTE KC..KA319

TRACK_TIME 1167737286
TRACK A20110117599680 F 410300 734200 120 30 999 NONE NONE 390
	FP_ROUTE KC..KE145

TRACK_TIME 1167737286
TRACK A20110117599685 F 282400 811900 120 30 999 NONE NONE 370
	FP_ROUTE KC..KE145

TRACK_TIME 1167737286
TRACK A20110117599694 F 334000 1014960 120 30 999 NONE NONE 340
	FP_ROUTE KC..KA320

TRACK_TIME 1167737286
TRACK A20110117599697 F 325560 970160 120 30 999 NONE NONE 340
	FP_ROUTE KC..KE190

TRACK_TIME 1167737286
TRACK A20110117599698 F 333300 864660 120 30 999 NONE NONE 410
	FP_ROUTE KC..KA320

TRACK_TIME 1167737286
TRACK A20110117599705 F 360900 863900 120 30 999 NONE NONE 220
	FP_ROUTE KC..KE135

TRACK_TIME 1167737286
TRACK A20110117599707 F 391060 764360 120 30 999 NONE NONE 370
	FP_ROUTE KT..KCRJ2

TRACK_TIME 1167737286
TRACK A20110117599708 F 375500 805860 120 30 999 NONE NONE 210
	FP_ROUTE KC..KB752

TRACK_TIME 1167737286
TRACK A20110117599709 F 394960 1043760 120 30 999 NONE NONE 360
	FP_ROUTE KC..KCRJ2

TRACK_TIME 1167737286
TRACK A20110117599710 F 325200 970160 120 30 999 NONE NONE 390
	FP_ROUTE KC..KE170

TRACK_TIME 1167737286
TRACK A20110117599713 F 325500 970160 120 30 999 NONE NONE 360
	FP_ROUTE KC..KB733

TRACK_TIME 1167737286
TRACK A20110117599717 F 293400 983100 120 30 999 NONE NONE 280
	FP_ROUTE KC..KB737

TRACK_TIME 1167737286
TRACK A20110117599718 F 335700 1182200 120 30 999 NONE NONE 330
	FP_ROUTE KT..KCRJ2

TRACK_TIME 1167737286
TRACK A20110117599720 F 280100 823160 120 30 999 NONE NONE 380
	FP_ROUTE KC..KB733

TRACK_TIME 1167737286
TRACK A20110117599722 F 211900 1575800 120 30 999 NONE NONE 320
	FP_ROUTE KC..KB737

TRACK_TIME 1167737286
TRACK A20110117599734 F 360400 1150600 120 30 999 NONE NONE 340
	FP_ROUTE KC..KB733

TRACK_TIME 1167737286
TRACK A20110117599738 F 264000 795860 120 30 999 NONE NONE 210
	FP_ROUTE KC..KB733

TRACK_TIME 1167737286
TRACK A20110117599739 F 295860 951660 120 30 999 NONE NONE 360
	FP_ROUTE KC..KE190

TRACK_TIME 1167737286
TRACK A20110117599742 F 391060 764360 120 30 999 NONE NONE 390
	FP_ROUTE KC..KCRJ2

TRACK_TIME 1167737286
TRACK A20110117599748 F 414800 874660 120 30 999 NONE NONE 290
	FP_ROUTE KC..KA320

TRACK_TIME 1167737286
TRACK A20110117599751 F 333760 842800 120 30 999 NONE NONE 390
	FP_ROUTE KC..KB763

TRACK_TIME 1167737286
TRACK A20110117599753 F 385800 772560 120 30 999 NONE NONE 430
	FP_ROUTE KC..KE135

TRACK_TIME 1167737286
TRACK A20110117599754 F 403000 801660 120 30 999 NONE NONE 180
	FP_ROUTE KC..KB734

TRACK_TIME 1167737286
TRACK A20110117599760 F 354660 840160 120 30 999 NONE NONE 210
	FP_ROUTE KC..KB762

TRACK_TIME 1167737286
TRACK A20110117599761 F 382800 770000 120 30 999 NONE NONE 310
	FP_ROUTE KC..KE170

TRACK_TIME 1167737286
TRACK A20110117599762 F 351360 805500 120 30 999 NONE NONE 320
	FP_ROUTE KC..KB738

TRACK_TIME 1167737286
TRACK A20110117599763 F 472560 1221900 120 30 999 NONE NONE 320
	FP_ROUTE KC..KSF34

TRACK_TIME 1167737286
TRACK A20110117599767 F 343700 864800 120 30 999 NONE NONE 180
	FP_ROUTE KC..KA320

TRACK_TIME 1167737286
TRACK A20110117599775 F 294060 821360 120 30 999 NONE NONE 270
	FP_ROUTE KC..KA319

TRACK_TIME 1167737286
TRACK A20110117599776 F 333760 843000 120 30 999 NONE NONE 240
	FP_ROUTE KG..KBE20

TRACK_TIME 1167737286
TRACK A20110117599786 F 420100 875800 120 30 999 NONE NONE 380
	FP_ROUTE KT..KCRJ2

TRACK_TIME 1167737286
TRACK A20110117599788 F 295800 951660 120 30 999 NONE NONE 300
	FP_ROUTE KG..KF900

TRACK_TIME 1167737286
TRACK A20110117599794 F 384800 770160 120 30 999 NONE NONE 220
	FP_ROUTE KC..KA320

TRACK_TIME 1167737286
TRACK A20110117599798 F 445260 931300 120 30 999 NONE NONE 340
	FP_ROUTE KC..KB733

TRACK_TIME 1167737286
TRACK A20110117599803 F 394800 1043900 120 30 999 NONE NONE 380
	FP_ROUTE KC..KB763

TRACK_TIME 1167737286
TRACK A20110117599804 F 333700 842800 120 30 999 NONE NONE 350
	FP_ROUTE KC..KB733

TRACK_TIME 1167737286
TRACK A20110117599806 F 335560 1182560 120 30 999 NONE NONE 380
	FP_ROUTE KC..KB733

TRACK_TIME 1167737286
TRACK A20110117599807 F 403760 740900 120 30 999 NONE NONE 350
	FP_ROUTE KC..KE170

TRACK_TIME 1167737286
TRACK A20110117599814 F 335200 811200 120 30 999 NONE NONE 310
	FP_ROUTE KC..KMD83

TRACK_TIME 1167737286
TRACK A20110117599834 F 254800 801960 120 30 999 NONE NONE 320
	FP_ROUTE KC..KE120

TRACK_TIME 1167737286
TRACK A20110117599844 F 390460 844000 120 30 999 NONE NONE 230
	FP_ROUTE KC..KB739

TRACK_TIME 1167737286
TRACK A20110117599845 F 333760 842800 120 30 999 NONE NONE 320
	FP_ROUTE KC..KCRJ2

TRACK_TIME 1167737286
TRACK A20110117599846 F 405400 812560 120 30 999 NONE NONE 270
	FP_ROUTE KC..KB752

TRACK_TIME 1167737286
TRACK A20110117599849 F 443160 735700 120 30 999 NONE NONE 230
	FP_ROUTE KC..KCRJ2

TRACK_TIME 1167737286
TRACK A20110117599850 F 360760 795400 120 30 999 NONE NONE 300
	FP_ROUTE KC..KB744

TRACK_TIME 1167737286
TRACK A20110117599852 F 335560 1182200 120 30 999 NONE NONE 300
	FP_ROUTE KC..KB712

TRACK_TIME 1167737286
TRACK A20110117599855 F 194600 1560160 120 30 999 NONE NONE 200
	FP_ROUTE KT..KE135

TRACK_TIME 1167737286
TRACK A20110117599857 F 391060 764360 120 30 999 NONE NONE 330
	FP_ROUTE KT..KCRJ2

TRACK_TIME 1167737286
TRACK A20110117599858 F 333900 842800 120 30 999 NONE NONE 340
	FP_ROUTE KT..KE145

TRACK_TIME 1167737286
TRACK A20110117599867 F 414800 874600 120 30 999 NONE NONE 340
	FP_ROUTE KC..KE170

TRACK_TIME 1167737286
TRACK A20110117599868 F 403000 801600 120 30 999 NONE NONE 350
	FP_ROUTE KT..KCRJ2

TRACK_TIME 1167737286
TRACK A20110117599885 F 300000 952400 120 30 999 NONE NONE 340
	FP_ROUTE KC..KB737

TRACK_TIME 1167737286
TRACK A20110117599886 F 412560 814960 120 30 999 NONE NONE 350
	FP_ROUTE KC..KB738

TRACK_TIME 1167737286
TRACK A20110117599895 F 364360 1193900 120 30 999 NONE NONE 340
	FP_ROUTE KG..KLJ45

TRACK_TIME 1167737286
TRACK A20110117599906 F 403760 734600 120 30 999 NONE NONE 270
	FP_ROUTE KC..KE145

TRACK_TIME 1167737286
TRACK A20110117599914 F 262700 820100 120 30 999 NONE NONE 410
	FP_ROUTE KC..KB738

TRACK_TIME 1167737286
TRACK A20110117599923 F 440100 1030300 120 30 999 NONE NONE 330
	FP_ROUTE KC..KE135

TRACK_TIME 1167737286
TRACK A20110117599924 F 254800 801500 120 30 999 NONE NONE 360
	FP_ROUTE KC..KE135

TRACK_TIME 1167737286
TRACK A20110117599931 F 360160 864000 120 30 999 NONE NONE 310
	FP_ROUTE KC..KB737

TRACK_TIME 1167737286
TRACK A20110117599937 F 421360 832200 120 30 999 NONE NONE 310
	FP_ROUTE KG..KLJ35

TRACK_TIME 1167737286
TRACK A20110117599938 F 445400 931500 120 30 999 NONE NONE 430
	FP_ROUTE KT..KCRJ9

TRACK_TIME 1167737286
TRACK A20110117599939 F 371500 795560 120 30 999 NONE NONE 410
	FP_ROUTE KC..KE170

TRACK_TIME 1167737286
TRACK A20110117599945 F 404800 1120000 120 30 999 NONE NONE 310
	FP_ROUTE KC..KB733

TRACK_TIME 1167737286
TRACK A20110117599955 F 425500 784500 120 30 999 NONE NONE 220
	FP_ROUTE KC..KB733

TRACK_TIME 1167737286
TRACK A20110117599957 F 355200 784900 120 30 999 NONE NONE 220
	FP_ROUTE KC..KB734

TRACK_TIME 1167737286
TRACK A20110117599961 F 391060 1020700 120 30 999 NONE NONE 200
	FP_ROUTE KC..KB752

TRACK_TIME 1167737286
TRACK A20110117599968 F 425260 853000 120 30 999 NONE NONE 270
	FP_ROUTE KC..KA320

TRACK_TIME 1167737286
TRACK A20110117599971 F 323900 1143700 120 30 999 NONE NONE 350
	FP_ROUTE KC..KB738

TRACK_TIME 1167737286
TRACK A20110117599972 F 345700 1203160 120 30 999 NONE NONE 300
	FP_ROUTE KC..KA320

TRACK_TIME 1167737286
TRACK A20110117599991 F 390000 772800 120 30 999 NONE NONE 370
	FP_ROUTE KC..KMD83

TRACK_TIME 1167737286
TRACK A20110117599992 F 400000 825700 120 30 999 NONE NONE 290
	FP_ROUTE KC..KE145

TRACK_TIME 1167737286
TRACK A20110117599993 F 282400 811660 120 30 999 NONE NONE 380
	FP_ROUTE KT..KCRJ9

TRACK_TIME 1167737286
TRACK A20110117599994 F 263600 813760 120 30 999 NONE NONE 300
	FP_ROUTE KT..KCRJ2

TRACK_TIME 1167737286
TRACK A20110117599997 F 392800 1194600 120 30 999 NONE NONE 320
	FP_ROUTE KC..KB762

TRACK_TIME 1167737286
TRACK A20110117600001 F 302800 863100 120 30 999 NONE NONE 260
	FP_ROUTE KC..KB737

TRACK_TIME 1167737286
TRACK A20110117600002 F 333760 842800 120 30 999 NONE NONE 230
	FP_ROUTE KC..KB737

TRACK_TIME 1167737286
TRACK A20110117600003 F 414900 874800 120 30 999 NONE NONE 390
	FP_ROUTE KC..KCRJ2

TRACK_TIME 1167737286
TRACK A20110117600004 F 412560 814900 120 30 999 NONE NONE 330
	FP_ROUTE KT..KCRJ2

TRACK_TIME 1167737286
TRACK A20110117600005 F 260460 801200 120 30 999 NONE NONE 370
	FP_ROUTE KC..KE170

TRACK_TIME 1167737286
TRACK A20110117600006 F 391060 764200 120 30 999 NONE NONE 350
	FP_ROUTE KC..KSF34

TRACK_TIME 1167737286
TRACK A20110117600012 F 254660 802100 120 30 999 NONE NONE 390
	FP_ROUTE KC..KB763

TRACK_TIME 1167737286
TRACK A20110117600013 F 371960 1215400 120 30 999 NONE NONE 340
	FP_ROUTE KC..KCRJ2

TRACK_TIME 1167737286
TRACK A20110117600034 F 300000 952500 120 30 999 NONE NONE 350
	FP_ROUTE KC..KA319

TRACK_TIME 1167737286
TRACK A20110117600036 F 403900 741060 120 30 999 NONE NONE 390
	FP_ROUTE KC..KE190

TRACK_TIME 1167737286
TRACK A20110117600037 F 453400 1223300 120 30 999 NONE NONE 360
	FP_ROUTE KC..KB737

TRACK_TIME 1167737286
TRACK A20110117600039 F 295860 952260 120 30 999 NONE NONE 360
	FP_ROUTE KT..KE145

TRACK_TIME 1167737286
TRACK A20110117600040 F 421300 831960 120 30 999 NONE NONE 370
	FP_ROUTE KC..KB712

TRACK_TIME 1167737286
TRACK A20110117600043 F 293760 951800 120 30 999 NONE NONE 230
	FP_ROUTE KC..KCRJ2

TRACK_TIME 1167737286
TRACK A20110117600044 F 300000 901800 120 30 999 NONE NONE 330
	FP_ROUTE KC..KB738

TRACK_TIME 1167737286
TRACK A20110117600045 F 260460 801200 120 30 999 NONE NONE 390
	FP_ROUTE KG..KC550

TRACK_TIME 1167737286
TRACK A20110117600048 F 404800 1120000 120 30 999 NONE NONE 320
	FP_ROUTE KT..KDH8D

TRACK_TIME 1167737286
TRACK A20110117600049 F 333700 843100 120 30 999 NONE NONE 220
	FP_ROUTE KC..KCRJ2

TRACK_TIME 1167737286
TRACK A20110117600050 F 335800 810700 120 30 999 NONE NONE 210
	FP_ROUTE KC..KB738

TRACK_TIME 1167737286
TRACK A20110117600052 F 355100 784960 120 30 999 NONE NONE 290
	FP_ROUTE KC..KB738

TRACK_TIME 1167737286
TRACK A20110117600053 F 393700 863000 120 30 999 NONE NONE 210
	FP_ROUTE KC..KCRJ2

TRACK_TIME 1167737286
TRACK A20110117600058 F 395560 1044200 120 30 999 NONE NONE 370
	FP_ROUTE KC..KB738

TRACK_TIME 1167737286
TRACK A20110117600062 F 420000 875700 120 30 999 NONE NONE 330
	FP_ROUTE KC..KB733

TRACK_TIME 1167737286
TRACK A20110117600066 F 394800 1043900 120 30 999 NONE NONE 340
	FP_ROUTE KC..KB738

TRACK_TIME 1167737286
TRACK A20110117600072 F 325500 970300 120 30 999 NONE NONE 370
	FP_ROUTE KT..KCRJ2

TRACK_TIME 1167737286
TRACK A20110117600074 F 260400 800600 120 30 999 NONE NONE 370
	FP_ROUTE KC..KB738

TRACK_TIME 1167737286
TRACK A20110117600077 F 444800 684800 120 30 999 NONE NONE 350
	FP_ROUTE KC..KB737

TRACK_TIME 1167737286
TRACK A20110117600079 F 332560 1115800 120 30 999 NONE NONE 310
	FP_ROUTE KC..KE170

TRACK_TIME 1167737286
TRACK A20110117600080 F 322560 900160 120 30 999 NONE NONE 350
	FP_ROUTE KT..KCRJ2

TRACK_TIME 1167737286
TRACK A20110117600086 F 394900 1043900 120 30 999 NONE NONE 380
	FP_ROUTE KC..KCRJ2

TRACK_TIME 1167737286
TRACK A20110117600087 F 351060 805800 120 30 999 NONE NONE 330
	FP_ROUTE KC..KCRJ2

TRACK_TIME 1167737286
TRACK A20110117600092 F 391060 764360 120 30 999 NONE NONE 350
	FP_ROUTE KT..KCRJ2

TRACK_TIME 1167737286
TRACK A20110117600093 F 403900 741060 120 30 999 NONE NONE 370
	FP_ROUTE KC..KA319

TRACK_TIME 1167737286
TRACK A20110117600101 F 422100 705860 120 30 999 NONE NONE 190
	FP_ROUTE KC..KB738

TRACK_TIME 1167737286
TRACK A20110117600102 F 425500 784600 120 30 999 NONE NONE 260
	FP_ROUTE KC..KB763

TRACK_TIME 1167737286
TRACK A20110117600103 F 390400 843900 120 30 999 NONE NONE 340
	FP_ROUTE KC..KB737

TRACK_TIME 1167737286
TRACK A20110117600109 F 325500 970300 120 30 999 NONE NONE 360
	FP_ROUTE KC..KA319

TRACK_TIME 1167737286
TRACK A20110117600111 F 332560 1120160 120 30 999 NONE NONE 290
	FP_ROUTE KC..KCRJ2

TRACK_TIME 1167737286
TRACK A20110117600112 F 411660 955200 120 30 999 NONE NONE 350
	FP_ROUTE KC..KB733

TRACK_TIME 1167737286
TRACK A20110117600113 F 384800 770160 120 30 999 NONE NONE 350
	FP_ROUTE KT..KCRJ2

TRACK_TIME 1167737286
TRACK A20110117600115 F 403900 741060 120 30 999 NONE NONE 330
	FP_ROUTE KC..KB737

TRACK_TIME 1167737286
TRACK A20110117600117 F 425700 712700 120 30 999 NONE NONE 310
	FP_ROUTE KC..KE145

TRACK_TIME 1167737286
TRACK A20110117600119 F 384900 770160 120 30 999 NONE NONE 190
	FP_ROUTE KC..KB733

TRACK_TIME 1167737286
TRACK A20110117600128 F 345860 1013400 120 30 999 NONE NONE 260
	FP_ROUTE KT..KCRJ2

TRACK_TIME 1167737286
TRACK A20110117600132 F 314960 1062100 120 30 999 NONE NONE 240
	FP_ROUTE KC..KE170

TRACK_TIME 1167737286
TRACK A20110117600134 F 354960 784960 120 30 999 NONE NONE 260
	FP_ROUTE KC..KB737

TRACK_TIME 1167737286
TRACK A20110117600153 F 390460 844000 120 30 999 NONE NONE 270
	FP_ROUTE KC..KB733

TRACK_TIME 1167737286
TRACK A20110117600154 F 391060 764300 120 30 999 NONE NONE 270
	FP_ROUTE KC..KB737

TRACK_TIME 1167737286
TRACK A20110117600155 F 333760 842860 120 30 999 NONE NONE 360
	FP_ROUTE KC..KB772

TRACK_TIME 1167737286
TRACK A20110117600167 F 425800 875400 120 30 999 NONE NONE 270
	FP_ROUTE KT..KE145

TRACK_TIME 1167737286
TRACK A20110117600177 F 361300 955260 120 30 999 NONE NONE 320
	FP_ROUTE KC..KE170

TRACK_TIME 1167737286
TRACK A20110117600191 F 395400 842100 120 30 999 NONE NONE 320
	FP_ROUTE KC..KB752

TRACK_TIME 1167737286
TRACK A20110117600196 F 421360 832100 120 30 999 NONE NONE 360
	FP_ROUTE KC..KB752

TRACK_TIME 1167737286
TRACK A20110117600200 F 384300 1213600 120 30 999 NONE NONE 400
	FP_ROUTE KC..KB752

TRACK_TIME 1167737286
TRACK A20110117600206 F 412560 814900 120 30 999 NONE NONE 350
	FP_ROUTE KT..KCRJ1

TRACK_TIME 1167737286
TRACK A20110117600213 F 260400 801060 120 30 999 NONE NONE 350
	FP_ROUTE KC..KE145

TRACK_TIME 1167737286
TRACK A20110117600218 F 384960 770160 120 30 999 NONE NONE 350
	FP_ROUTE KC..KE145

TRACK_TIME 1167737286
TRACK A20110117600219 F 421900 710100 120 30 999 NONE NONE 370
	FP_ROUTE KG..KLJ35

TRACK_TIME 1167737286
TRACK A20110117600225 F 425860 875260 120 30 999 NONE NONE 260
	FP_ROUTE KC..KA319

TRACK_TIME 1167737286
TRACK A20110117600233 F 445700 930460 120 30 999 NONE NONE 410
	FP_ROUTE KC..KA319

TRACK_TIME 1167737286
TRACK A20110117600237 F 360460 1151800 120 30 999 NONE NONE 380
	FP_ROUTE KC..KB738

TRACK_TIME 1167737286
TRACK A20110117600244 F 445400 931500 120 30 999 NONE NONE 340
	FP_ROUTE KT..KCRJ2

TRACK_TIME 1167737286
TRACK A20110117600245 F 325200 970160 120 30 999 NONE NONE 300
	FP_ROUTE KC..KCRJ2

TRACK_TIME 1167737286
TRACK A20110117600246 F 403900 741060 120 30 999 NONE NONE 370
	FP_ROUTE KC..KB734

TRACK_TIME 1167737286
TRACK A20110117600248 F 422200 710100 120 30 999 NONE NONE 310
	FP_ROUTE KC..KB762

TRACK_TIME 1167737286
TRACK A20110117600250 F 390100 772800 120 30 999 NONE NONE 330
	FP_ROUTE KC..KCRJ2

TRACK_TIME 1167737286
TRACK A20110117600252 F 391060 764300 120 30 999 NONE NONE 350
	FP_ROUTE KC..KB738

TRACK_TIME 1167737286
TRACK A20110117600253 F 333760 842800 120 30 999 NONE NONE 310
	FP_ROUTE KC..KB752

TRACK_TIME 1167737286
TRACK A20110117600262 F 403760 734300 120 30 999 NONE NONE 310
	FP_ROUTE KC..KA320

TRACK_TIME 1167737286
TRACK A20110117600265 F 254800 801600 120 30 999 NONE NONE 340
	FP_ROUTE KC..KCRJ2

TRACK_TIME 1167737286
TRACK A20110117600266 F 395260 751300 120 30 999 NONE NONE 260
	FP_ROUTE KC..KE190

TRACK_TIME 1167737286
TRACK A20110117600267 F 373600 1221960 120 30 999 NONE NONE 370
	FP_ROUTE KT..KC750

TRACK_TIME 1167737286
TRACK A20110117600268 F 324360 1171000 120 30 999 NONE NONE 370
	FP_ROUTE KC..KMD82

TRACK_TIME 1167737286
TRACK A20110117600269 F 402700 884300 120 30 999 NONE NONE 340
	FP_ROUTE KC..KB733

TRACK_TIME 1167737286
TRACK A20110117600270 F 394660 1044000 120 30 999 NONE NONE 330
	FP_ROUTE KC..KMD82

TRACK_TIME 1167737286
TRACK A20110117600273 F 335860 802100 120 30 999 NONE NONE 260
	FP_ROUTE KC..KE135

TRACK_TIME 1167737286
TRACK A20110117600276 F 380460 810160 120 30 999 NONE NONE 250
	FP_ROUTE KC..KE145

TRACK_TIME 1167737286
TRACK A20110117600277 F 421360 832200 120 30 999 NONE NONE 330
	FP_ROUTE KT..KCRJ2

TRACK_TIME 1167737286
TRACK A20110117600278 F 391060 764360 120 30 999 NONE NONE 390
	FP_ROUTE KC..KE145

TRACK_TIME 1167737286
TRACK A20110117600281 F 404660 730700 120 30 999 NONE NONE 230
	FP_ROUTE KC..KB735

TRACK_TIME 1167737286
TRACK A20110117600282 F 324360 1171060 120 30 999 NONE NONE 380
	FP_ROUTE KT..KCRJ2

TRACK_TIME 1167737286
TRACK A20110117600283 F 400000 825560 120 30 999 NONE NONE 270
	FP_ROUTE KC..KA319

TRACK_TIME 1167737286
TRACK A20110117600284 F 374200 1221200 120 30 999 NONE NONE 390
	FP_ROUTE KC..KE135

TRACK_TIME 1167737286
TRACK A20110117600285 F 340300 1174500 120 30 999 NONE NONE 410
	FP_ROUTE KC..KA320

TRACK_TIME 1167737286
TRACK A20110117600291 F 360400 1150700 120 30 999 NONE NONE 360
	FP_ROUTE KC..KB738

TRACK_TIME 1167737286
TRACK A20110117600293 F 331660 1113760 120 30 999 NONE NONE 320
	FP_ROUTE KT..KCRJ2

TRACK_TIME 1167737286
TRACK A20110117600294 F 405800 851060 120 30 999 NONE NONE 190
	FP_ROUTE KT..KE145

TRACK_TIME 1167737286
TRACK A20110117600295 F 320760 811500 120 30 999 NONE NONE 200
	FP_ROUTE KC..KA320

TRACK_TIME 1167737286
TRACK A20110117600297 F 350460 850760 120 30 999 NONE NONE 190
	FP_ROUTE KC..KB737

TRACK_TIME 1167737286
TRACK A20110117600299 F 361660 941960 120 30 999 NONE NONE 360
	FP_ROUTE KC..KA320

TRACK_TIME 1167737286
TRACK A20110117600302 F 320760 811960 120 30 999 NONE NONE 410
	FP_ROUTE KC..KMD83

TRACK_TIME 1167737286
TRACK A20110117600305 F 263600 813000 120 30 999 NONE NONE 340
	FP_ROUTE KG..KMU2

TRACK_TIME 1167737286
TRACK A20110117600310 F 425860 875260 120 30 999 NONE NONE 340
	FP_ROUTE KC..KE170

TRACK_TIME 1167737286
TRACK A20110117600324 F 262500 814660 120 30 999 NONE NONE 370
	FP_ROUTE KC..KA320

TRACK_TIME 1167737286
TRACK A20110117600325 F 282860 811660 120 30 999 NONE NONE 400
	FP_ROUTE KC..KB737

TRACK_TIME 1167737286
TRACK A20110117600332 F 333700 842860 120 30 999 NONE NONE 320
	FP_ROUTE KC..KB733

TRACK_TIME 1167737286
TRACK A20110117600334 F 182560 660100 120 30 999 NONE NONE 390
	FP_ROUTE KC..KB733

TRACK_TIME 1167737286
TRACK A20110117600338 F 363460 821660 120 30 999 NONE NONE 370
	FP_ROUTE KC..KB712

TRACK_TIME 1167737286
TRACK A20110117600339 F 325500 970000 120 30 999 NONE NONE 340
	FP_ROUTE KC..KB712

TRACK_TIME 1167737286
TRACK A20110117600340 F 335560 1182100 120 30 999 NONE NONE 380
	FP_ROUTE KC..KB712

TRACK_TIME 1167737286
TRACK A20110117600344 F 425800 875400 120 30 999 NONE NONE 220
	FP_ROUTE KC..KB737

TRACK_TIME 1167737286
TRACK A20110117600345 F 404200 741300 120 30 999 NONE NONE 370
	FP_ROUTE KC..KCRJ2

TRACK_TIME 1167737286
TRACK A20110117600348 F 325500 970160 120 30 999 NONE NONE 360
	FP_ROUTE KC..KB712

TRACK_TIME 1167737286
TRACK A20110117600349 F 260300 800760 120 30 999 NONE NONE 390
	FP_ROUTE KC..KB712

TRACK_TIME 1167737286
TRACK A20110117600358 F 333760 842860 120 30 999 NONE NONE 390
	FP_ROUTE KC..KB712

TRACK_TIME 1167737286
TRACK A20110117600361 F 402860 801500 120 30 999 NONE NONE 220
	FP_ROUTE KC..KE145

TRACK_TIME 1167737286
TRACK A20110117600363 F 332560 1120300 120 30 999 NONE NONE 250
	FP_ROUTE KT..KCRJ2

TRACK_TIME 1167737286
TRACK A20110117600370 F 334900 1180900 120 30 999 NONE NONE 320
	FP_ROUTE KC..KMD83

TRACK_TIME 1167737286
TRACK A20110117600378 F 360460 1150900 120 30 999 NONE NONE 260
	FP_ROUTE KC..KB737

TRACK_TIME 1167737286
TRACK A20110117600383 F 361900 941960 120 30 999 NONE NONE 360
	FP_ROUTE KC..KE190

TRACK_TIME 1167737286
TRACK A20110117600385 F 374660 890100 120 30 999 NONE NONE 420
	FP_ROUTE KT..KCRJ9

TRACK_TIME 1167737286
TRACK A20110117600386 F 444360 853000 120 30 999 NONE NONE 290
	FP_ROUTE KC..KA319

TRACK_TIME 1167737286
TRACK A20110117600387 F 421360 832100 120 30 999 NONE NONE 320
	FP_ROUTE KC..KA320

TRACK_TIME 1167737286
TRACK A20110117600390 F 392560 944660 120 30 999 NONE NONE 350
	FP_ROUTE KC..KB737

TRACK_TIME 1167737286
TRACK A20110117600400 F 420760 875500 120 30 999 NONE NONE 380
	FP_ROUTE KT..KCRJ9

TRACK_TIME 1167737286
TRACK A20110117600406 F 254800 801500 120 30 999 NONE NONE 400
	FP_ROUTE KC..KE145

TRACK_TIME 1167737286
TRACK A20110117600412 F 420100 875500 120 30 999 NONE NONE 340
	FP_ROUTE KC..KB753

TRACK_TIME 1167737286
TRACK A20110117600416 F 332860 1161300 120 30 999 NONE NONE 430
	FP_ROUTE KC..KB734

TRACK_TIME 1167737286
TRACK A20110117600426 F 254800 801900 120 30 999 NONE NONE 300
	FP_ROUTE KC..KMD83

TRACK_TIME 1167737286
TRACK A20110117600427 F 380700 842560 120 30 999 NONE NONE 330
	FP_ROUTE KC..KB738

TRACK_TIME 1167737286
TRACK A20110117600428 F 254660 802100 120 30 999 NONE NONE 390
	FP_ROUTE KC..KE190

TRACK_TIME 1167737286
TRACK A20110117600430 F 480900 1011060 120 30 999 NONE NONE 330
	FP_ROUTE KG..KLJ45

TRACK_TIME 1167737286
TRACK A20110117600456 F 325500 970460 120 30 999 NONE NONE 370
	FP_ROUTE KC..KB752

TRACK_TIME 1167737286
TRACK A20110117600462 F 421360 832200 120 30 999 NONE NONE 230
	FP_ROUTE KC..KB733

TRACK_TIME 1167737286
TRACK A20110117600463 F 361660 941900 120 30 999 NONE NONE 290
	FP_ROUTE KG..KLJ45

TRACK_TIME 1167737286
TRACK A20110117600464 F 280000 823160 120 30 999 NONE NONE 360
	FP_ROUTE KC..KA320

TRACK_TIME 1167737286
TRACK A20110117600470 F 295800 951600 120 30 999 NONE NONE 320
	FP_ROUTE KT..KCRJ2

TRACK_TIME 1167737286
TRACK A20110117600476 F 374600 971300 120 30 999 NONE NONE 340
	FP_ROUTE KT..KCRJ2

TRACK_TIME 1167737286
TRACK A20110117600503 F 404000 741060 120 30 999 NONE NONE 390
	FP_ROUTE KC..KB744

TRACK_TIME 1167737286
TRACK A20110117600508 F 254800 801500 120 30 999 NONE NONE 360
	FP_ROUTE KC..KCRJ2

TRACK_TIME 1167737286
TRACK A20110117600509 F 420100 875800 120 30 999 NONE NONE 360
	FP_ROUTE KC..KCRJ2

TRACK_TIME 1167737286
TRACK A20110117600510 F 420000 875500 120 30 999 NONE NONE 370
	FP_ROUTE KT..KCRJ2

TRACK_TIME 1167737286
TRACK A20110117600512 F 260460 801200 120 30 999 NONE NONE 360
	FP_ROUTE KG..KCL60

TRACK_TIME 1167737286
TRACK A20110117600516 F 412100 955700 120 30 999 NONE NONE 370
	FP_ROUTE KC..KSF34

TRACK_TIME 1167737286
TRACK A20110117600521 F 351360 805560 120 30 999 NONE NONE 240
	FP_ROUTE KC..KB737

TRACK_TIME 1167737286
TRACK A20110117600522 F 394200 861960 120 30 999 NONE NONE 380
	FP_ROUTE KC..KB733

TRACK_TIME 1167737286
TRACK A20110117600524 F 351360 805800 120 30 999 NONE NONE 270
	FP_ROUTE KC..KFA7X

TRACK_TIME 1167737286
TRACK A20110117600525 F 395500 1044060 120 30 999 NONE NONE 380
	FP_ROUTE KC..KE145

TRACK_TIME 1167737286
TRACK A20110117600540 F 365260 761300 120 30 999 NONE NONE 200
	FP_ROUTE KC..KE145

TRACK_TIME 1167737286
TRACK A20110117600545 F 400000 825560 120 30 999 NONE NONE 350
	FP_ROUTE KG..KF2TH

TRACK_TIME 1167737286
TRACK A20110117600549 F 345800 785500 120 30 999 NONE NONE 270
	FP_ROUTE KC..KSF34

TRACK_TIME 1167737286
TRACK A20110117600550 F 333900 843000 120 30 999 NONE NONE 180
	FP_ROUTE KG..KCL60

TRACK_TIME 1167737286
TRACK A20110117600559 F 295860 951500 120 30 999 NONE NONE 370
	FP_ROUTE KC..KB737

TRACK_TIME 1167737286
TRACK A20110117600562 F 333600 1175560 120 30 999 NONE NONE 380
	FP_ROUTE KC..KA320

TRACK_TIME 1167737286
TRACK A20110117600563 F 254800 801600 120 30 999 NONE NONE 360
	FP_ROUTE KC..KB752

TRACK_TIME 1167737286
TRACK A20110117600574 F 335800 1183160 120 30 999 NONE NONE 290
	FP_ROUTE KC..KA319

TRACK_TIME 1167737286
TRACK A20110117600580 F 415500 881800 120 30 999 NONE NONE 260
	FP_ROUTE KC..KB737

TRACK_TIME 1167737286
TRACK A20110117600584 F 425500 784500 120 30 999 NONE NONE 240
	FP_ROUTE KC..KB738

TRACK_TIME 1167737286
TRACK A20110117600585 F 421300 831960 120 30 999 NONE NONE 200
	FP_ROUTE KC..KMD11

TRACK_TIME 1167737286
TRACK A20110117600589 F 254800 801900 120 30 999 NONE NONE 390
	FP_ROUTE KC..KMD82

TRACK_TIME 1167737286
TRACK A20110117600594 F 182500 660160 120 30 999 NONE NONE 350
	FP_ROUTE KC..KB737

TRACK_TIME 1167737286
TRACK A20110117600601 F 333900 842800 120 30 999 NONE NONE 400
	FP_ROUTE KC..KE135

TRACK_TIME 1167737286
TRACK A20110117600604 F 332560 1115700 120 30 999 NONE NONE 330
	FP_ROUTE KT..KDH8D

TRACK_TIME 1167737286
TRACK A20110117600612 F 361360 955260 120 30 999 NONE NONE 240
	FP_ROUTE KC..KCRJ2

TRACK_TIME 1167737286
TRACK A20110117600615 F 293400 983100 120 30 999 NONE NONE 300
	FP_ROUTE KG..KC560

TRACK_TIME 1167737286
TRACK A20110117600616 F 404600 734960 120 30 999 NONE NONE 390
	FP_ROUTE KC..KE170

TRACK_TIME 1167737286
TRACK A20110117600617 F 371600 932560 120 30 999 NONE NONE 340
	FP_ROUTE KT..KCRJ1

TRACK_TIME 1167737286
TRACK A20110117600622 F 352500 973700 120 30 999 NONE NONE 360
	FP_ROUTE KG..KBE20

TRACK_TIME 1167737286
TRACK A20110117600630 F 293160 982800 120 30 999 NONE NONE 370
	FP_ROUTE KC..KA320

TRACK_TIME 1167737286
TRACK A20110117600632 F 404000 741060 120 30 999 NONE NONE 290
	FP_ROUTE KC..KE145

TRACK_TIME 1167737286
TRACK A20110117600634 F 373600 1221900 120 30 999 NONE NONE 380
	FP_ROUTE KG..KLJ45

TRACK_TIME 1167737286
TRACK A20110117600637 F 362700 942200 120 30 999 NONE NONE 320
	FP_ROUTE KG..KCL60

TRACK_TIME 1167737286
TRACK A20110117600638 F 412560 814900 120 30 999 NONE NONE 250
	FP_ROUTE KT..KCRJ9

TRACK_TIME 1167737286
TRACK A20110117600639 F 472800 1221900 120 30 999 NONE NONE 320
	FP_ROUTE KC..KE190

TRACK_TIME 1167737286
TRACK A20110117600640 F 360400 864300 120 30 999 NONE NONE 280
	FP_ROUTE KT..KCRJ9

TRACK_TIME 1167737286
TRACK A20110117600651 F 351200 805560 120 30 999 NONE NONE 330
	FP_ROUTE KG..KF900

TRACK_TIME 1167737286
TRACK A20110117600652 F 425700 784200 120 30 999 NONE NONE 349
	FP_ROUTE KC..KE170

TRACK_TIME 1167737286
TRACK A20110117600657 F 404600 1120000 120 30 999 NONE NONE 260
	FP_ROUTE KG..KH25A

TRACK_TIME 1167737286
TRACK A20110117600660 F 395560 1044200 120 30 999 NONE NONE 290
	FP_ROUTE KC..KB737

TRACK_TIME 1167737286
TRACK A20110117600661 F 425260 784800 120 30 999 NONE NONE 260
	FP_ROUTE KT..KCRJ2

TRACK_TIME 1167737286
TRACK A20110117600666 F 282260 811660 120 30 999 NONE NONE 380
	FP_ROUTE KC..KB738

TRACK_TIME 1167737286
TRACK A20110117600673 F 384500 1213600 120 30 999 NONE NONE 340
	FP_ROUTE KC..KE135

TRACK_TIME 1167737286
TRACK A20110117600683 F 351200 805800 120 30 999 NONE NONE 200
	FP_ROUTE KC..KA319

TRACK_TIME 1167737286
TRACK A20110117600684 F 395260 1043460 120 30 999 NONE NONE 380
	FP_ROUTE KC..KA320

TRACK_TIME 1167737286
TRACK A20110117600687 F 300000 952260 120 30 999 NONE NONE 360
	FP_ROUTE KC..KB737

TRACK_TIME 1167737286
TRACK A20110117600689 F 404500 734960 120 30 999 NONE NONE 210
	FP_ROUTE KG..KC550

TRACK_TIME 1167737286
TRACK A20110117600690 F 360460 795800 120 30 999 NONE NONE 310
	FP_ROUTE KC..KE145

TRACK_TIME 1167737286
TRACK A20110117600701 F 371000 1074500 120 30 999 NONE NONE 240
	FP_ROUTE KT..KCRJ2

TRACK_TIME 1167737286
TRACK A20110117600703 F 414900 874660 120 30 999 NONE NONE 380
	FP_ROUTE KC..KA320

TRACK_TIME 1167737286
TRACK A20110117600704 F 404600 800000 120 30 999 NONE NONE 240
	FP_ROUTE KC..KE145

TRACK_TIME 1167737286
TRACK A20110117600721 F 395700 1044200 120 30 999 NONE NONE 330
	FP_ROUTE KC..KB738

TRACK_TIME 1167737286
TRACK A20110117600722 F 384300 1213600 120 30 999 NONE NONE 390
	FP_ROUTE KC..KE190

TRACK_TIME 1167737286
TRACK A20110117600723 F 324300 1171800 120 30 999 NONE NONE 410
	FP_ROUTE KC..KB738

TRACK_TIME 1167737286
TRACK A20110117600728 F 431660 891960 120 30 999 NONE NONE 370
	FP_ROUTE KC..KA320

TRACK_TIME 1167737286
TRACK A20110117600729 F 420000 875560 120 30 999 NONE NONE 310
	FP_ROUTE KC..KMD82

TRACK_TIME 1167737286
TRACK A20110117600730 F 472700 1221900 120 30 999 NONE NONE 380
	FP_ROUTE KC..KB738

TRACK_TIME 1167737286
TRACK A20110117600734 F 384360 1213600 120 30 999 NONE NONE 380
	FP_ROUTE KC..KB753

TRACK_TIME 1167737286
TRACK A20110117600739 F 390460 843900 120 30 999 NONE NONE 300
	FP_ROUTE KC..KMD82

TRACK_TIME 1167737286
TRACK A20110117600741 F 420100 875200 120 30 999 NONE NONE 380
	FP_ROUTE KC..KCRJ2

TRACK_TIME 1167737286
TRACK A20110117600744 F 472700 1221900 120 30 999 NONE NONE 340
	FP_ROUTE KC..KB737

TRACK_TIME 1167737286
TRACK A20110117600746 F 391060 764300 120 30 999 NONE NONE 250
	FP_ROUTE KC..KB737

TRACK_TIME 1167737286
TRACK A20110117600762 F 371960 1215260 120 30 999 NONE NONE 350
	FP_ROUTE KT..KE145

TRACK_TIME 1167737286
TRACK A20110117600766 F 361360 955260 120 30 999 NONE NONE 340
	FP_ROUTE KC..KA320

TRACK_TIME 1167737286
TRACK A20110117600767 F 333760 842860 120 30 999 NONE NONE 350
	FP_ROUTE KC..KA320

TRACK_TIME 1167737286
TRACK A20110117600781 F 403700 734500 120 30 999 NONE NONE 200
	FP_ROUTE KC..KA320

TRACK_TIME 1167737286
TRACK A20110117600791 F 384900 770160 120 30 999 NONE NONE 310
	FP_ROUTE KC..KB738

TRACK_TIME 1167737286
TRACK A20110117600792 F 410300 734200 120 30 999 NONE NONE 230
	FP_ROUTE KC..KB733

TRACK_TIME 1167737286
TRACK A20110117600794 F 372100 1215500 120 30 999 NONE NONE 360
	FP_ROUTE KC..KB752

TRACK_TIME 1167737286
TRACK A20110117600796 F 414660 1241360 120 30 999 NONE NONE 260
	FP_ROUTE KC..KB738

TRACK_TIME 1167737286
TRACK A20110117600799 F 464200 1003900 120 30 999 NONE NONE 330
	FP_ROUTE KC..KB737

TRACK_TIME 1167737286
TRACK A20110117600803 F 410160 734060 120 30 999 NONE NONE 350
	FP_ROUTE KC..KE145

TRACK_TIME 1167737286
TRACK A20110117600812 F 280100 823160 120 30 999 NONE NONE 220
	FP_ROUTE KT..KCRJ2

TRACK_TIME 1167737286
TRACK A20110117600834 F 384900 770160 120 30 999 NONE NONE 200
	FP_ROUTE KC..KA320

TRACK_TIME 1167737286
TRACK A20110117600836 F 282800 811660 120 30 999 NONE NONE 360
	FP_ROUTE KC..KMD83

TRACK_TIME 1167737286
TRACK A20110117600840 F 260400 801200 120 30 999 NONE NONE 300
	FP_ROUTE KC..KB738

TRACK_TIME 1167737286
TRACK A20110117600847 F 384200 1213600 120 30 999 NONE NONE 340
	FP_ROUTE KC..KA320

TRACK_TIME 1167737286
TRACK A20110117600848 F 324500 1171800 120 30 999 NONE NONE 370
	FP_ROUTE KC..KA320

TRACK_TIME 1167737286
TRACK A20110117600849 F 391060 764300 120 30 999 NONE NONE 370
	FP_ROUTE KC..KMD82

TRACK_TIME 1167737286
TRACK A20110117600854 F 351360 805560 120 30 999 NONE NONE 380
	FP_ROUTE KC..KB733

TRACK_TIME 1167737286
TRACK A20110117600865 F 420100 875200 120 30 999 NONE NONE 300
	FP_ROUTE KC..KB733

TRACK_TIME 1167737286
TRACK A20110117600867 F 341300 775860 120 30 999 NONE NONE 260
	FP_ROUTE KC..KB735

TRACK_TIME 1167737286
TRACK A20110117600875 F 395200 751360 120 30 999 NONE NONE 250
	FP_ROUTE KC..KCRJ9

TRACK_TIME 1167737286
TRACK A20110117600877 F 325500 970160 120 30 999 NONE NONE 300
	FP_ROUTE KC..KSW4

TRACK_TIME 1167737286
TRACK A20110117600881 F 351200 805560 120 30 999 NONE NONE 360
	FP_ROUTE KC..KB752

TRACK_TIME 1167737286
TRACK A20110117600886 F 400000 825500 120 30 999 NONE NONE 360
	FP_ROUTE KC..KB737

TRACK_TIME 1167737286
TRACK A20110117600894 F 374000 1221000 120 30 999 NONE NONE 380
	FP_ROUTE KT..KCRJ1

TRACK_TIME 1167737286
TRACK A20110117600896 F 415860 875200 120 30 999 NONE NONE 370
	FP_ROUTE KC..KA320

TRACK_TIME 1167737286
TRACK A20110117600903 F 325500 970300 120 30 999 NONE NONE 330
	FP_ROUTE KC..KE170

TRACK_TIME 1167737286
TRACK A20110117600909 F 335500 1183100 120 30 999 NONE NONE 350
	FP_ROUTE KG..KFA50

TRACK_TIME 1167737286
TRACK A20110117600910 F 360900 1150760 120 30 999 NONE NONE 290
	FP_ROUTE KG..KFA50

TRACK_TIME 1167737286
TRACK A20110117600911 F 404600 1120000 120 30 999 NONE NONE 330
	FP_ROUTE KC..KB737

TRACK_TIME 1167737286
TRACK A20110117600916 F 423160 705560 120 30 999 NONE NONE 230
	FP_ROUTE KC..KB738

TRACK_TIME 1167737286
TRACK A20110117600917 F 384500 901960 120 30 999 NONE NONE 260
	FP_ROUTE KC..KCRJ9

TRACK_TIME 1167737286
TRACK A20110117600919 F 333460 864300 120 30 999 NONE NONE 370
	FP_ROUTE KC..KB752

TRACK_TIME 1167737286
TRACK A20110117600920 F 391060 764200 120 30 999 NONE NONE 390
	FP_ROUTE KC..KCRJ9

TRACK_TIME 1167737286
TRACK A20110117600921 F 422800 705700 120 30 999 NONE NONE 290
	FP_ROUTE KC..KCRJ2

TRACK_TIME 1167737286
TRACK A20110117600922 F 414060 712700 120 30 999 NONE NONE 270
	FP_ROUTE KC..KB737

TRACK_TIME 1167737286
TRACK A20110117600928 F 395100 1044060 120 30 999 NONE NONE 340
	FP_ROUTE KC..KB733

TRACK_TIME 1167737286
TRACK A20110117600936 F 382260 813300 120 30 999 NONE NONE 270
	FP_ROUTE KT..KCRJ2

TRACK_TIME 1167737286
TRACK A20110117600940 F 333760 842860 120 30 999 NONE NONE 270
	FP_ROUTE KC..KB752

TRACK_TIME 1167737286
TRACK A20110117600945 F 351500 805400 120 30 999 NONE NONE 370
	FP_ROUTE KT..KCRJ2

TRACK_TIME 1167737286
TRACK A20110117600948 F 420100 875560 120 30 999 NONE NONE 400
	FP_ROUTE KC..KB733

TRACK_TIME 1167737286
TRACK A20110117600950 F 382400 813400 120 30 999 NONE NONE 220
	FP_ROUTE KC..KB733

TRACK_TIME 1167737286
TRACK A20110117600959 F 182560 660300 120 30 999 NONE NONE 390
	FP_ROUTE KC..KB738

TRACK_TIME 1167737286
TRACK A20110117600962 F 300000 952500 120 30 999 NONE NONE 399
	FP_ROUTE KC..KB734

TRACK_TIME 1167737286
TRACK A20110117600967 F 332560 1115860 120 30 999 NONE NONE 370
	FP_ROUTE KC..KSW4

TRACK_TIME 1167737286
TRACK A20110117600968 F 383400 1211600 120 30 999 NONE NONE 370
	FP_ROUTE KT..KE145

TRACK_TIME 1167737286
TRACK A20110117600974 F 322860 935200 120 30 999 NONE NONE 300
	FP_ROUTE KC..KB733

TRACK_TIME 1167737286
TRACK A20110117600975 F 333700 842800 120 30 999 NONE NONE 290
	FP_ROUTE KG..KBE20

TRACK_TIME 1167737286
TRACK A20110117600977 F 472800 1221900 120 30 999 NONE NONE 380
	FP_ROUTE KC..KB772

TRACK_TIME 1167737286
TRACK A20110117600983 F 360000 1151360 120 30 999 NONE NONE 250
	FP_ROUTE KC..KB737

TRACK_TIME 1167737286
TRACK A20110117600988 F 333600 864200 120 30 999 NONE NONE 390
	FP_ROUTE KC..KE145

TRACK_TIME 1167737286
TRACK A20110117600989 F 414800 874600 120 30 999 NONE NONE 410
	FP_ROUTE KC..KB752

TRACK_TIME 1167737286
TRACK A20110117600997 F 294000 951900 120 30 999 NONE NONE 380
	FP_ROUTE KT..KCRJ1

TRACK_TIME 1167737286
TRACK A20110117601004 F 422200 710100 120 30 999 NONE NONE 210
	FP_ROUTE KT..KCRJ2

TRACK_TIME 1167737286
TRACK A20110117601018 F 395400 750700 120 30 999 NONE NONE 350
	FP_ROUTE KC..KB752

TRACK_TIME 1167737286
TRACK A20110117601032 F 262400 815200 120 30 999 NONE NONE 390
	FP_ROUTE KC..KB737

TRACK_TIME 1167737286
TRACK A20110117601037 F 355100 784960 120 30 999 NONE NONE 290
	FP_ROUTE KC..KMD82

TRACK_TIME 1167737286
TRACK A20110117601042 F 385860 772560 120 30 999 NONE NONE 200
	FP_ROUTE KC..KB737

TRACK_TIME 1167737286
TRACK A20110117601047 F 404500 734960 120 30 999 NONE NONE 210
	FP_ROUTE KC..KE170

TRACK_TIME 1167737286
TRACK A20110117601065 F 182560 660160 120 30 999 NONE NONE 390
	FP_ROUTE KC..KB737

TRACK_TIME 1167737286
TRACK A20110117601067 F 264060 801900 120 30 999 NONE NONE 360
	FP_ROUTE KT..KDH8D

TRACK_TIME 1167737286
TRACK A20110117601075 F 472860 1221900 120 30 999 NONE NONE 380
	FP_ROUTE KC..KE170

TRACK_TIME 1167737286
TRACK A20110117601078 F 295860 951660 120 30 999 NONE NONE 360
	FP_ROUTE KC..KMD82

TRACK_TIME 1167737286
TRACK A20110117601086 F 403600 734660 120 30 999 NONE NONE 390
	FP_ROUTE KC..KE145

TRACK_TIME 1167737286
TRACK A20110117601091 F 260460 801300 120 30 999 NONE NONE 360
	FP_ROUTE KC..KB737

TRACK_TIME 1167737286
TRACK A20110117601092 F 465500 1140600 120 30 999 NONE NONE 340
	FP_ROUTE KG..KC550

TRACK_TIME 1167737286
TRACK A20110117601094 F 420160 875700 120 30 999 NONE NONE 220
	FP_ROUTE KT..KE145

TRACK_TIME 1167737286
TRACK A20110117601095 F 412560 814900 120 30 999 NONE NONE 210
	FP_ROUTE KC..KB733

TRACK_TIME 1167737286
TRACK A20110117601096 F 413460 1090160 120 30 999 NONE NONE 230
	FP_ROUTE KC..KB733

TRACK_TIME 1167737286
TRACK A20110117601106 F 300600 954300 120 30 999 NONE NONE 300
	FP_ROUTE KC..KB733

TRACK_TIME 1167737286
TRACK A20110117601125 F 404360 735500 120 30 999 NONE NONE 350
	FP_ROUTE KC..KB752

TRACK_TIME 1167737286
TRACK A20110117601136 F 472700 1221900 120 30 999 NONE NONE 380
	FP_ROUTE KC..KB733

TRACK_TIME 1167737286
TRACK A20110117601137 F 433300 1161000 120 30 999 NONE NONE 210
	FP_ROUTE KC..KB733

TRACK_TIME 1167737286
TRACK A20110117601139 F 394500 861900 120 30 999 NONE NONE 250
	FP_ROUTE KC..KMD83

TRACK_TIME 1167737286
TRACK A20110117601156 F 395560 1044060 120 30 999 NONE NONE 380
	FP_ROUTE KC..KB735

TRACK_TIME 1167737286
TRACK A20110117601163 F 420100 875500 120 30 999 NONE NONE 340
	FP_ROUTE KC..KB733

TRACK_TIME 1167737286
TRACK A20110117601165 F 282560 811900 120 30 999 NONE NONE 400
	FP_ROUTE KC..KB737

TRACK_TIME 1167737286
TRACK A20110117601173 F 420100 875560 120 30 999 NONE NONE 360
	FP_ROUTE KC..KE135

TRACK_TIME 1167737286
TRACK A20110117601182 F 430100 712860 120 30 999 NONE NONE 410
	FP_ROUTE KG..KC550

TRACK_TIME 1167737286
TRACK A20110117601198 F 330000 971900 120 30 999 NONE NONE 370
	FP_ROUTE KC..KA320

TRACK_TIME 1167737286
TRACK A20110117601201 F 335700 810900 120 30 999 NONE NONE 210
	FP_ROUTE KT..KCRJ2

TRACK_TIME 1167737286
TRACK A20110117601202 F 333760 842860 120 30 999 NONE NONE 200
	FP_ROUTE KC..KB737

TRACK_TIME 1167737286
TRACK A20110117601207 F 412800 1211200 120 30 999 NONE NONE 350
	FP_ROUTE KG..KC750

TRACK_TIME 1167737286
TRACK A20110117601208 F 333900 842700 120 30 999 NONE NONE 350
	FP_ROUTE KC..KA319

TRACK_TIME 1167737286
TRACK A20110117601210 F 422200 710000 120 30 999 NONE NONE 370
	FP_ROUTE KC..KA320

TRACK_TIME 1167737286
TRACK A20110117601212 F 363300 1195700 120 30 999 NONE NONE 250
	FP_ROUTE KC..KA320

TRACK_TIME 1167737286
TRACK A20110117601214 F 365100 761360 120 30 999 NONE NONE 350
	FP_ROUTE KC..KB733

TRACK_TIME 1167737286
TRACK A20110117601217 F 302800 911200 120 30 999 NONE NONE 210
	FP_ROUTE KC..KMD82

TRACK_TIME 1167737286
TRACK A20110117601218 F 282800 811800 120 30 999 NONE NONE 340
	FP_ROUTE KC..KB712

TRACK_TIME 1167737286
TRACK A20110117601221 F 324500 1171360 120 30 999 NONE NONE 400
	FP_ROUTE KC..KB744

TRACK_TIME 1167737286
TRACK A20110117601226 F 262500 815800 120 30 999 NONE NONE 350
	FP_ROUTE KG..KC550

TRACK_TIME 1167737286
TRACK A20110117601228 F 421360 832200 120 30 999 NONE NONE 370
	FP_ROUTE KC..KB712

TRACK_TIME 1167737286
TRACK A20110117601232 F 400000 825560 120 30 999 NONE NONE 300
	FP_ROUTE KC..KB737

TRACK_TIME 1167737286
TRACK A20110117601233 F 360460 1150900 120 30 999 NONE NONE 290
	FP_ROUTE KC..KA320

TRACK_TIME 1167737286
TRACK A20110117601234 F 395500 1044060 120 30 999 NONE NONE 380
	FP_ROUTE KC..KB763

TRACK_TIME 1167737286
TRACK A20110117601236 F 384500 901900 120 30 999 NONE NONE 360
	FP_ROUTE KC..KA320

TRACK_TIME 1167737286
TRACK A20110117601237 F 293400 951600 120 30 999 NONE NONE 360
	FP_ROUTE KC..KB738

TRACK_TIME 1167737286
TRACK A20110117601238 F 315100 1062100 120 30 999 NONE NONE 360
	FP_ROUTE KG..KF2TH

TRACK_TIME 1167737286
TRACK A20110117601239 F 334800 1180760 120 30 999 NONE NONE 320
	FP_ROUTE KC..KE135

TRACK_TIME 1167737286
TRACK A20110117601243 F 300000 901660 120 30 999 NONE NONE 390
	FP_ROUTE KC..KB712

TRACK_TIME 1167737286
TRACK A20110117601245 F 390400 843900 120 30 999 NONE NONE 240
	FP_ROUTE KC..KCRJ2

TRACK_TIME 1167737286
TRACK A20110117601248 F 302700 885800 120 30 999 NONE NONE 270
	FP_ROUTE KC..KMD83

TRACK_TIME 1167737286
TRACK A20110117601250 F 325100 965200 120 30 999 NONE NONE 400
	FP_ROUTE KC..KA319

TRACK_TIME 1167737286
TRACK A20110117601256 F 270460 822800 120 30 999 NONE NONE 350
	FP_ROUTE KC..KE190

TRACK_TIME 1167737286
TRACK A20110117601257 F 360460 1150900 120 30 999 NONE NONE 320
	FP_ROUTE KG..KC550

TRACK_TIME 1167737286
TRACK A20110117601259 F 420000 875560 120 30 999 NONE NONE 340
	FP_ROUTE KT..KCRJ2

TRACK_TIME 1167737286
TRACK A20110117601260 F 293300 983000 120 30 999 NONE NONE 300
	FP_ROUTE KT..KCRJ2

TRACK_TIME 1167737286
TRACK A20110117601265 F 404300 734360 120 30 999 NONE NONE 350
	FP_ROUTE KC..KB712

TRACK_TIME 1167737286
TRACK A20110117601267 F 384500 901900 120 30 999 NONE NONE 280
	FP_ROUTE KC..KE145

TRACK_TIME 1167737286
TRACK A20110117601268 F 300000 952400 120 30 999 NONE NONE 360
	FP_ROUTE KC..KA320

TRACK_TIME 1167737286
TRACK A20110117601272 F 422100 710100 120 30 999 NONE NONE 210
	FP_ROUTE KC..KE145

TRACK_TIME 1167737286
TRACK A20110117601278 F 301960 890300 120 30 999 NONE NONE 250
	FP_ROUTE KG..KC550

TRACK_TIME 1167737286
TRACK A20110117601281 F 333400 1175560 120 30 999 NONE NONE 380
	FP_ROUTE KC..KB737

TRACK_TIME 1167737286
TRACK A20110117601283 F 340300 1182500 120 30 999 NONE NONE 400
	FP_ROUTE KT..KCRJ2

TRACK_TIME 1167737286
TRACK A20110117601284 F 395400 1050600 120 30 999 NONE NONE 430
	FP_ROUTE KC..KB712

TRACK_TIME 1167737286
TRACK A20110117601294 F 325500 970300 120 30 999 NONE NONE 330
	FP_ROUTE KC..KE145

TRACK_TIME 1167737286
TRACK A20110117601299 F 275800 824200 120 30 999 NONE NONE 329
	FP_ROUTE KC..KB737

TRACK_TIME 1167737286
TRACK A20110117601302 F 465500 1140460 120 30 999 NONE NONE 260
	FP_ROUTE KC..KB737

TRACK_TIME 1167737286
TRACK A20110117601305 F 334200 1162860 120 30 999 NONE NONE 320
	FP_ROUTE KC..KA320

TRACK_TIME 1167737286
TRACK A20110117601308 F 392700 1194600 120 30 999 NONE NONE 320
	FP_ROUTE KC..KB737

TRACK_TIME 1167737286
TRACK A20110117601310 F 350100 1144300 120 30 999 NONE NONE 360
	FP_ROUTE KT..KCRJ2

TRACK_TIME 1167737286
TRACK A20110117601311 F 433160 1120400 120 30 999 NONE NONE 260
	FP_ROUTE KC..KMD82

TRACK_TIME 1167737286
TRACK A20110117601317 F 320760 1105700 120 30 999 NONE NONE 320
	FP_ROUTE KC..KMD83

TRACK_TIME 1167737286
TRACK A20110117601326 F 254900 801960 120 30 999 NONE NONE 320
	FP_ROUTE KC..KE170

TRACK_TIME 1167737286
TRACK A20110117601327 F 433300 1161060 120 30 999 NONE NONE 280
	FP_ROUTE KC..KB737

TRACK_TIME 1167737286
TRACK A20110117601336 F 300000 952400 120 30 999 NONE NONE 370
	FP_ROUTE KC..KA320

TRACK_TIME 1167737286
TRACK A20110117601337 F 394660 733600 120 30 999 NONE NONE 290
	FP_ROUTE KC..KMD11

TRACK_TIME 1167737286
TRACK A20110117601338 F 421300 831960 120 30 999 NONE NONE 260
	FP_ROUTE KC..KDH8D

TRACK_TIME 1167737286
TRACK A20110117601344 F 472800 1221900 120 30 999 NONE NONE 360
	FP_ROUTE KC..KB752

TRACK_TIME 1167737286
TRACK A20110117601348 F 421360 832100 120 30 999 NONE NONE 370
	FP_ROUTE KC..KB733

TRACK_TIME 1167737286
TRACK A20110117601351 F 421360 832200 120 30 999 NONE NONE 370
	FP_ROUTE KT..KDH8D

TRACK_TIME 1167737286
TRACK A20110117601352 F 373600 1221960 120 30 999 NONE NONE 340
	FP_ROUTE KC..KA319

TRACK_TIME 1167737286
TRACK A20110117601353 F 350400 895860 120 30 999 NONE NONE 290
	FP_ROUTE KC..KA320

TRACK_TIME 1167737286
TRACK A20110117601354 F 361300 955260 120 30 999 NONE NONE 240
	FP_ROUTE KC..KE170

TRACK_TIME 1167737286
TRACK A20110117601359 F 302700 885200 120 30 999 NONE NONE 390
	FP_ROUTE KC..KB752

TRACK_TIME 1167737286
TRACK A20110117601364 F 333700 842800 120 30 999 NONE NONE 270
	FP_ROUTE KT..KE145

TRACK_TIME 1167737286
TRACK A20110117601365 F 421960 710100 120 30 999 NONE NONE 370
	FP_ROUTE KC..KB737

TRACK_TIME 1167737286
TRACK A20110117601373 F 425860 712800 120 30 999 NONE NONE 370
	FP_ROUTE KC..KA319

TRACK_TIME 1167737286
TRACK A20110117601374 F 295860 951660 120 30 999 NONE NONE 390
	FP_ROUTE KT..KCRJ2

TRACK_TIME 1167737286
TRACK A20110117601375 F 335560 1182100 120 30 999 NONE NONE 360
	FP_ROUTE KC..KA320

TRACK_TIME 1167737286
TRACK A20110117601376 F 282860 811960 120 30 999 NONE NONE 400
	FP_ROUTE KC..KB737

TRACK_TIME 1167737286
TRACK A20110117601381 F 404660 1115800 120 30 999 NONE NONE 380
	FP_ROUTE KC..KA319

TRACK_TIME 1167737286
TRACK A20110117601386 F 412500 814960 120 30 999 NONE NONE 320
	FP_ROUTE KC..KDH8D

TRACK_TIME 1167737286
TRACK A20110117601389 F 332560 1115700 120 30 999 NONE NONE 380
	FP_ROUTE KC..KB752

TRACK_TIME 1167737286
TRACK A20110117601390 F 282260 811900 120 30 999 NONE NONE 350
	FP_ROUTE KC..KCRJ2

TRACK_TIME 1167737286
TRACK A20110117601401 F 304060 863000 120 30 999 NONE NONE 370
	FP_ROUTE KC..KCRJ2

TRACK_TIME 1167737286
TRACK A20110117601406 F 394900 1044000 120 30 999 NONE NONE 390
	FP_ROUTE KC..KCRJ2

TRACK_TIME 1167737286
TRACK A20110117601407 F 351360 805800 120 30 999 NONE NONE 330
	FP_ROUTE KC..KB733

TRACK_TIME 1167737286
TRACK A20110117601414 F 333900 842800 120 30 999 NONE NONE 370
	FP_ROUTE KC..KB733

TRACK_TIME 1167737286
TRACK A20110117601427 F 391060 764360 120 30 999 NONE NONE 290
	FP_ROUTE KC..KA320

TRACK_TIME 1167737286
TRACK A20110117601429 F 360600 1150760 120 30 999 NONE NONE 270
	FP_ROUTE KC..KCRJ9

TRACK_TIME 1167737286
TRACK A20110117601430 F 344500 864960 120 30 999 NONE NONE 250
	FP_ROUTE KC..KB737

TRACK_TIME 1167737286
TRACK A20110117601435 F 361300 1151200 120 30 999 NONE NONE 360
	FP_ROUTE KC..KB737

TRACK_TIME 1167737286
TRACK A20110117601436 F 393900 1065400 120 30 999 NONE NONE 390
	FP_ROUTE KC..KB737

TRACK_TIME 1167737286
TRACK A20110117601438 F 321960 944000 120 30 999 NONE NONE 450
	FP_ROUTE KG..KCL60

TRACK_TIME 1167737286
TRACK A20110117601441 F 420000 875700 120 30 999 NONE NONE 340
	FP_ROUTE KC..KB737

TRACK_TIME 1167737286
TRACK A20110117601442 F 300000 951900 120 30 999 NONE NONE 340
	FP_ROUTE KC..KE145

TRACK_TIME 1167737286
TRACK A20110117601443 F 364800 960100 120 30 999 NONE NONE 280
	FP_ROUTE KC..KB712

TRACK_TIME 1167737286
TRACK A20110117601445 F 374060 972500 120 30 999 NONE NONE 360
	FP_ROUTE KC..KB737

TRACK_TIME 1167737286
TRACK A20110117601447 F 411800 955400 120 30 999 NONE NONE 340
	FP_ROUTE KC..KB752

TRACK_TIME 1167737286
TRACK A20110117601450 F 391060 764360 120 30 999 NONE NONE 370
	FP_ROUTE KC..KA321

TRACK_TIME 1167737286
TRACK A20110117601453 F 260400 801200 120 30 999 NONE NONE 390
	FP_ROUTE KC..KB737

TRACK_TIME 1167737286
TRACK A20110117601460 F 351500 805800 120 30 999 NONE NONE 330
	FP_ROUTE KC..KCRJ2

TRACK_TIME 1167737286
TRACK A20110117601462 F 333700 843000 120 30 999 NONE NONE 390
	FP_ROUTE KC..KB752

TRACK_TIME 1167737286
TRACK A20110117601463 F 302860 814300 120 30 999 NONE NONE 280
	FP_ROUTE KC..KB737

TRACK_TIME 1167737286
TRACK A20110117601467 F 295860 901600 120 30 999 NONE NONE 360
	FP_ROUTE KC..KB712

TRACK_TIME 1167737286
TRACK A20110117601473 F 395260 751300 120 30 999 NONE NONE 350
	FP_ROUTE KC..KE145

TRACK_TIME 1167737286
TRACK A20110117601478 F 395500 893700 120 30 999 NONE NONE 200
	FP_ROUTE KC..KB737

TRACK_TIME 1167737286
TRACK A20110117601483 F 412700 904800 120 30 999 NONE NONE 340
	FP_ROUTE KC..KB752

TRACK_TIME 1167737286
TRACK A20110117601488 F 472700 1221900 120 30 999 NONE NONE 240
	FP_ROUTE KT..KCRJ2

TRACK_TIME 1167737286
TRACK A20110117601490 F 473760 1173100 120 30 999 NONE NONE 230
	FP_ROUTE KC..KMD83

TRACK_TIME 1167737286
TRACK A20110117601491 F 425860 875260 120 30 999 NONE NONE 260
	FP_ROUTE KC..KB752

TRACK_TIME 1167737286
TRACK A20110117601495 F 333760 842860 120 30 999 NONE NONE 240
	FP_ROUTE KC..KCRJ2

TRACK_TIME 1167737286
TRACK A20110117601496 F 390400 843900 120 30 999 NONE NONE 300
	FP_ROUTE KT..KCRJ2

TRACK_TIME 1167737286
TRACK A20110117601506 F 412100 905100 120 30 999 NONE NONE 280
	FP_ROUTE KC..KCRJ2

TRACK_TIME 1167737286
TRACK A20110117601507 F 350300 1063900 120 30 999 NONE NONE 390
	FP_ROUTE KC..KA319

TRACK_TIME 1167737286
TRACK A20110117601510 F 325100 965200 120 30 999 NONE NONE 360
	FP_ROUTE KC..KCRJ2

TRACK_TIME 1167737286
TRACK A20110117601512 F 314960 1062100 120 30 999 NONE NONE 360
	FP_ROUTE KC..KB752

TRACK_TIME 1167737286
TRACK A20110117601514 F 420100 875500 120 30 999 NONE NONE 240
	FP_ROUTE KC..KCRJ2

TRACK_TIME 1167737286
TRACK A20110117601515 F 335700 1182700 120 30 999 NONE NONE 360
	FP_ROUTE KC..KE170

TRACK_TIME 1167737286
TRACK A20110117601525 F 444900 684960 120 30 999 NONE NONE 350
	FP_ROUTE KC..KB733

TRACK_TIME 1167737286
TRACK A20110117601528 F 404960 740460 120 30 999 NONE NONE 380
	FP_ROUTE KC..KMD83

TRACK_TIME 1167737286
TRACK A20110117601544 F 445400 931500 120 30 999 NONE NONE 380
	FP_ROUTE KC..KB738

TRACK_TIME 1167737286
TRACK A20110117601547 F 294060 951900 120 30 999 NONE NONE 340
	FP_ROUTE KC..KB733

TRACK_TIME 1167737286
TRACK A20110117601550 F 322200 862800 120 30 999 NONE NONE 200
	FP_ROUTE KC..KB752

TRACK_TIME 1167737286
TRACK A20110117601556 F 324500 1171900 120 30 999 NONE NONE 350
	FP_ROUTE KT..KCRJ9

TRACK_TIME 1167737286
TRACK A20110117601570 F 404500 734960 120 30 999 NONE NONE 370
	FP_ROUTE KC..KE145

TRACK_TIME 1167737286
TRACK A20110117601571 F 333900 842860 120 30 999 NONE NONE 380
	FP_ROUTE KT..KCRJ9

TRACK_TIME 1167737286
TRACK A20110117601572 F 254800 801960 120 30 999 NONE NONE 370
	FP_ROUTE KC..KE170

TRACK_TIME 1167737286
TRACK A20110117601575 F 333900 842800 120 30 999 NONE NONE 310
	FP_ROUTE KC..KMD83

TRACK_TIME 1167737286
TRACK A20110117601579 F 420000 875400 120 30 999 NONE NONE 320
	FP_ROUTE KC..KMD83

TRACK_TIME 1167737286
TRACK A20110117601585 F 701060 1482500 120 30 999 NONE NONE 320
	FP_ROUTE KT..KE145

TRACK_TIME 1167737286
TRACK A20110117601599 F 591000 1582260 120 30 999 NONE NONE 240
	FP_ROUTE KC..KE145

TRACK_TIME 1167737286
TRACK A20110117601606 F 604660 1513400 120 30 999 NONE NONE 270
	FP_ROUTE KC..KE145

TRACK_TIME 1167737286
TRACK A20110117601617 F 374060 972500 120 30 999 NONE NONE 300
	FP_ROUTE KC..KA320

TRACK_TIME 1167737286
TRACK A20110117601619 F 395260 1044000 120 30 999 NONE NONE 360
	FP_ROUTE KC..KB752

TRACK_TIME 1167737286
TRACK A20110117601623 F 445260 931060 120 30 999 NONE NONE 320
	FP_ROUTE KT..KCRJ2

TRACK_TIME 1167737286
TRACK A20110117601627 F 404800 1120000 120 30 999 NONE NONE 200
	FP_ROUTE KC..KB735

TRACK_TIME 1167737286
TRACK A20110117601629 F 394660 1044000 120 30 999 NONE NONE 330
	FP_ROUTE KC..KMD82

TRACK_TIME 1167737286
TRACK A20110117601630 F 325200 965100 120 30 999 NONE NONE 200
	FP_ROUTE KC..KB752

TRACK_TIME 1167737286
TRACK A20110117601631 F 414800 874660 120 30 999 NONE NONE 370
	FP_ROUTE KC..KA319

TRACK_TIME 1167737286
TRACK A20110117601632 F 404500 735400 120 30 999 NONE NONE 390
	FP_ROUTE KC..KA319

TRACK_TIME 1167737286
TRACK A20110117601634 F 361600 1150300 120 30 999 NONE NONE 230
	FP_ROUTE KC..KE145

TRACK_TIME 1167737286
TRACK A20110117601635 F 384960 770160 120 30 999 NONE NONE 350
	FP_ROUTE KC..KA319

TRACK_TIME 1167737286
TRACK A20110117601641 F 390100 772800 120 30 999 NONE NONE 350
	FP_ROUTE KT..KCRJ1

TRACK_TIME 1167737286
TRACK A20110117601645 F 384360 901960 120 30 999 NONE NONE 390
	FP_ROUTE KT..KC560

TRACK_TIME 1167737286
TRACK A20110117601646 F 332560 1115800 120 30 999 NONE NONE 310
	FP_ROUTE KT..KCRJ2

TRACK_TIME 1167737286
TRACK A20110117601650 F 262860 820160 120 30 999 NONE NONE 370
	FP_ROUTE KT..KCRJ1

TRACK_TIME 1167737286
TRACK A20110117601652 F 445400 931360 120 30 999 NONE NONE 280
	FP_ROUTE KC..KA320

TRACK_TIME 1167737286
TRACK A20110117601660 F 181960 650100 120 30 999 NONE NONE 370
	FP_ROUTE KC..KE170

TRACK_TIME 1167737286
TRACK A20110117601661 F 325560 970160 120 30 999 NONE NONE 360
	FP_ROUTE KC..KA319

TRACK_TIME 1167737286
TRACK A20110117601668 F 394800 1043760 120 30 999 NONE NONE 360
	FP_ROUTE KC..KA320

TRACK_TIME 1167737286
TRACK A20110117601690 F 384360 1213600 120 30 999 NONE NONE 360
	FP_ROUTE KC..KB712

TRACK_TIME 1167737286
TRACK A20110117601691 F 472800 1221900 120 30 999 NONE NONE 320
	FP_ROUTE KT..KCRJ2

TRACK_TIME 1167737286
TRACK A20110117601697 F 331660 1040760 120 30 999 NONE NONE 280
	FP_ROUTE KC..KB733

TRACK_TIME 1167737286
TRACK A20110117601698 F 465200 964900 120 30 999 NONE NONE 430
	FP_ROUTE KC..KB733

TRACK_TIME 1167737286
TRACK A20110117601699 F 182560 660160 120 30 999 NONE NONE 370
	FP_ROUTE KC..KA320

TRACK_TIME 1167737286
TRACK A20110117601707 F 261200 801200 120 30 999 NONE NONE 190
	FP_ROUTE KC..KB752

TRACK_TIME 1167737286
TRACK A20110117601708 F 333460 865100 120 30 999 NONE NONE 380
	FP_ROUTE KC..KE145

TRACK_TIME 1167737286
TRACK A20110117601711 F 182500 660160 120 30 999 NONE NONE 370
	FP_ROUTE KC..KB737

TRACK_TIME 1167737286
TRACK A20110117601719 F 350460 895860 120 30 999 NONE NONE 310
	FP_ROUTE KG..KBE9L

TRACK_TIME 1167737286
TRACK A20110117601723 F 325500 970160 120 30 999 NONE NONE 340
	FP_ROUTE KC..KB734

TRACK_TIME 1167737286
TRACK A20110117601729 F 371500 932260 120 30 999 NONE NONE 310
	FP_ROUTE KG..KF2TH

TRACK_TIME 1167737286
TRACK A20110117601740 F 335400 1163900 120 30 999 NONE NONE 380
	FP_ROUTE KC..KE170

TRACK_TIME 1167737286
TRACK A20110117601749 F 281960 811660 120 30 999 NONE NONE 380
	FP_ROUTE KC..KB762

TRACK_TIME 1167737286
TRACK A20110117601750 F 335560 1183300 120 30 999 NONE NONE 400
	FP_ROUTE KC..KA320

TRACK_TIME 1167737286
TRACK A20110117601751 F 254900 801960 120 30 999 NONE NONE 300
	FP_ROUTE KG..KC510

TRACK_TIME 1167737286
TRACK A20110117601752 F 333760 842800 120 30 999 NONE NONE 350
	FP_ROUTE KC..KA320

TRACK_TIME 1167737286
TRACK A20110117601755 F 211900 1575700 120 30 999 NONE NONE 220
	FP_ROUTE KC..KB737

TRACK_TIME 1167737286
TRACK A20110117601758 F 362700 822260 120 30 999 NONE NONE 230
	FP_ROUTE KC..KSW4

TRACK_TIME 1167737286
TRACK A20110117601759 F 333900 842800 120 30 999 NONE NONE 240
	FP_ROUTE KC..KB737

TRACK_TIME 1167737286
TRACK A20110117601762 F 421360 832200 120 30 999 NONE NONE 300
	FP_ROUTE KC..KB735

TRACK_TIME 1167737286
TRACK A20110117601765 F 332560 1115800 120 30 999 NONE NONE 351
	FP_ROUTE KC..KB738

TRACK_TIME 1167737286
TRACK A20110117601768 F 420160 875700 120 30 999 NONE NONE 340
	FP_ROUTE KC..KB738

TRACK_TIME 1167737286
TRACK A20110117601777 F 394500 861600 120 30 999 NONE NONE 270
	FP_ROUTE KT..KCRJ9

TRACK_TIME 1167737286
TRACK A20110117601779 F 333900 842700 120 30 999 NONE NONE 380
	FP_ROUTE KC..KE145

TRACK_TIME 1167737286
TRACK A20110117601781 F 333900 842860 120 30 999 NONE NONE 350
	FP_ROUTE KC..KB737

TRACK_TIME 1167737286
TRACK A20110117601787 F 390700 1083100 120 30 999 NONE NONE 270
	FP_ROUTE KC..KB753

TRACK_TIME 1167737286
TRACK A20110117601791 F 335800 1163400 120 30 999 NONE NONE 220
	FP_ROUTE KC..KE170

TRACK_TIME 1167737286
TRACK A20110117601801 F 350300 895800 120 30 999 NONE NONE 280
	FP_ROUTE KT..KCRJ2

TRACK_TIME 1167737286
TRACK A20110117601807 F 473300 1221900 120 30 999 NONE NONE 260
	FP_ROUTE KC..KA321

TRACK_TIME 1167737286
TRACK A20110117601808 F 384000 1212400 120 30 999 NONE NONE 230
	FP_ROUTE KC..KB752

TRACK_TIME 1167737286
TRACK A20110117601811 F 395260 751000 120 30 999 NONE NONE 350
	FP_ROUTE KC..KCRJ2

TRACK_TIME 1167737286
TRACK A20110117601812 F 412560 814900 120 30 999 NONE NONE 281
	FP_ROUTE KC..KE135

TRACK_TIME 1167737286
TRACK A20110117601821 F 395400 1044000 120 30 999 NONE NONE 380
	FP_ROUTE KC..KA320

TRACK_TIME 1167737286
TRACK A20110117601824 F 351500 805800 120 30 999 NONE NONE 370
	FP_ROUTE KC..KMD82

TRACK_TIME 1167737286
TRACK A20110117601825 F 351360 805500 120 30 999 NONE NONE 330
	FP_ROUTE KC..KCRJ2

TRACK_TIME 1167737286
TRACK A20110117601826 F 335700 1182500 120 30 999 NONE NONE 380
	FP_ROUTE KC..KE145

TRACK_TIME 1167737286
TRACK A20110117601828 F 332560 1115800 120 30 999 NONE NONE 340
	FP_ROUTE KC..KCRJ2

TRACK_TIME 1167737286
TRACK A20110117601829 F 425860 875260 120 30 999 NONE NONE 320
	FP_ROUTE KC..KE145

TRACK_TIME 1167737286
TRACK A20110117601830 F 335560 1182200 120 30 999 NONE NONE 360
	FP_ROUTE KT..KCRJ2

TRACK_TIME 1167737286
TRACK A20110117601836 F 333760 842860 120 30 999 NONE NONE 330
	FP_ROUTE KC..KE145

TRACK_TIME 1167737286
TRACK A20110117601840 F 351200 805800 120 30 999 NONE NONE 180
	FP_ROUTE KC..KCRJ2

TRACK_TIME 1167737286
TRACK A20110117601844 F 341200 1181500 120 30 999 NONE NONE 410
	FP_ROUTE KC..KMD83

TRACK_TIME 1167737286
TRACK A20110117601846 F 473900 1173000 120 30 999 NONE NONE 340
	FP_ROUTE KC..KE170

TRACK_TIME 1167737286
TRACK A20110117601858 F 380900 872560 120 30 999 NONE NONE 280
	FP_ROUTE KT..KCRJ2

TRACK_TIME 1167737286
TRACK A20110117601866 F 282500 811660 120 30 999 NONE NONE 320
	FP_ROUTE KC..KE190

TRACK_TIME 1167737286
TRACK A20110117601882 F 395400 1044200 120 30 999 NONE NONE 370
	FP_ROUTE KC..KCRJ2

TRACK_TIME 1167737286
TRACK A20110117601883 F 300000 952200 120 30 999 NONE NONE 350
	FP_ROUTE KT..KCRJ2

TRACK_TIME 1167737286
TRACK A20110117601886 F 321900 900400 120 30 999 NONE NONE 270
	FP_ROUTE KG..KLJ35

TRACK_TIME 1167737286
TRACK A20110117601887 F 300000 952260 120 30 999 NONE NONE 370
	FP_ROUTE KC..KCRJ2

TRACK_TIME 1167737286
TRACK A20110117601891 F 373600 1221900 120 30 999 NONE NONE 360
	FP_ROUTE KC..KCRJ2

TRACK_TIME 1167737286
TRACK A20110117601892 F 410300 734060 120 30 999 NONE NONE 350
	FP_ROUTE KC..KCRJ2

TRACK_TIME 1167737286
TRACK A20110117601896 F 360460 1150760 120 30 999 NONE NONE 380
	FP_ROUTE KT..KCRJ2

TRACK_TIME 1167737286
TRACK A20110117601898 F 341200 1182260 120 30 999 NONE NONE 220
	FP_ROUTE KT..KE145

TRACK_TIME 1167737286
TRACK A20110117601899 F 374200 1221200 120 30 999 NONE NONE 280
	FP_ROUTE KT..KCRJ9

TRACK_TIME 1167737286
TRACK A20110117601902 F 360460 1150900 120 30 999 NONE NONE 340
	FP_ROUTE KC..KCRJ2

TRACK_TIME 1167737286
TRACK A20110117601903 F 374060 1221060 120 30 999 NONE NONE 320
	FP_ROUTE KC..KA319

TRACK_TIME 1167737286
TRACK A20110117601912 F 425800 875400 120 30 999 NONE NONE 220
	FP_ROUTE KC..KB737

TRACK_TIME 1167737286
TRACK A20110117601914 F 404960 1120000 120 30 999 NONE NONE 390
	FP_ROUTE KC..KB737

TRACK_TIME 1167737286
TRACK A20110117601915 F 351360 805500 120 30 999 NONE NONE 300
	FP_ROUTE KT..KCRJ9

TRACK_TIME 1167737286
TRACK A20110117601918 F 394900 1044000 120 30 999 NONE NONE 400
	FP_ROUTE KC..KE135

TRACK_TIME 1167737286
TRACK A20110117601924 F 404800 1120000 120 30 999 NONE NONE 340
	FP_ROUTE KC..KA320

TRACK_TIME 1167737286
TRACK A20110117601925 F 433300 1161060 120 30 999 NONE NONE 300
	FP_ROUTE KC..KB737

TRACK_TIME 1167737286
TRACK A20110117601926 F 311800 852500 120 30 999 NONE NONE 220
	FP_ROUTE KC..KCRJ2

TRACK_TIME 1167737286
TRACK A20110117601927 F 333760 843100 120 30 999 NONE NONE 210
	FP_ROUTE KC..KMD82

TRACK_TIME 1167737286
TRACK A20110117601928 F 433460 964500 120 30 999 NONE NONE 220
	FP_ROUTE KC..KB712

TRACK_TIME 1167737286
TRACK A20110117601931 F 472800 1221900 120 30 999 NONE NONE 380
	FP_ROUTE KC..KB738

TRACK_TIME 1167737286
TRACK A20110117601938 F 300000 901660 120 30 999 NONE NONE 410
	FP_ROUTE KC..KE145

TRACK_TIME 1167737286
TRACK A20110117601939 F 321660 884500 120 30 999 NONE NONE 260
	FP_ROUTE KT..KCRJ2

TRACK_TIME 1167737286
TRACK A20110117601942 F 333760 842860 120 30 999 NONE NONE 250
	FP_ROUTE KC..KB737

TRACK_TIME 1167737286
TRACK A20110117601943 F 254800 801960 120 30 999 NONE NONE 360
	FP_ROUTE KC..KB737

TRACK_TIME 1167737286
TRACK A20110117601946 F 325500 970100 120 30 999 NONE NONE 340
	FP_ROUTE KC..KE145

TRACK_TIME 1167737286
TRACK A20110117601949 F 360460 1151000 120 30 999 NONE NONE 320
	FP_ROUTE KC..KE145

TRACK_TIME 1167737286
TRACK A20110117601950 F 334060 1175200 120 30 999 NONE NONE 260
	FP_ROUTE KC..KE145

TRACK_TIME 1167737286
TRACK A20110117601956 F 341200 1182400 120 30 999 NONE NONE 340
	FP_ROUTE KC..KMD82

TRACK_TIME 1167737286
TRACK A20110117601970 F 394900 1043900 120 30 999 NONE NONE 360
	FP_ROUTE KC..KB737

TRACK_TIME 1167737286
TRACK A20110117601971 F 300000 952260 120 30 999 NONE NONE 390
	FP_ROUTE KC..KCRJ2

TRACK_TIME 1167737286
TRACK A20110117601978 F 390460 844000 120 30 999 NONE NONE 240
	FP_ROUTE KC..KCRJ2

TRACK_TIME 1167737286
TRACK A20110117601991 F 415860 875100 120 30 999 NONE NONE 220
	FP_ROUTE KC..KA320

TRACK_TIME 1167737286
TRACK A20110117601992 F 373600 1221960 120 30 999 NONE NONE 380
	FP_ROUTE KC..KA320

TRACK_TIME 1167737286
TRACK A20110117601993 F 302860 814300 120 30 999 NONE NONE 290
	FP_ROUTE KC..KB712

TRACK_TIME 1167737286
TRACK A20110117601997 F 373600 1221900 120 30 999 NONE NONE 340
	FP_ROUTE KC..KB735

TRACK_TIME 1167737286
TRACK A20110117602000 F 343600 864360 120 30 999 NONE NONE 310
	FP_ROUTE KC..KB735

TRACK_TIME 1167737286
TRACK A20110117602001 F 394960 1044060 120 30 999 NONE NONE 370
	FP_ROUTE KC..KE190

TRACK_TIME 1167737286
TRACK A20110117602009 F 275700 824200 120 30 999 NONE NONE 430
	FP_ROUTE KT..KCRJ2

TRACK_TIME 1167737286
TRACK A20110117602012 F 340760 1170600 120 30 999 NONE NONE 310
	FP_ROUTE KC..KB738

TRACK_TIME 1167737286
TRACK A20110117602023 F 372860 771800 120 30 999 NONE NONE 400
	FP_ROUTE KC..KA320

TRACK_TIME 1167737286
TRACK A20110117602049 F 454900 1083400 120 30 999 NONE NONE 250
	FP_ROUTE KC..KA320

TRACK_TIME 1167737286
TRACK A20110117602050 F 275560 823300 120 30 999 NONE NONE 300
	FP_ROUTE KC..KB712

TRACK_TIME 1167737286
TRACK A20110117602053 F 325500 970100 120 30 999 NONE NONE 400
	FP_ROUTE KC..KE145

TRACK_TIME 1167737286
TRACK A20110117602055 F 332560 1120160 120 30 999 NONE NONE 310
	FP_ROUTE KC..KMD82

TRACK_TIME 1167737286
TRACK A20110117602056 F 333760 842860 120 30 999 NONE NONE 350
	FP_ROUTE KC..KA321

TRACK_TIME 1167737286
TRACK A20110117602058 F 300000 951800 120 30 999 NONE NONE 380
	FP_ROUTE KT..KCRJ1

TRACK_TIME 1167737286
TRACK A20110117602060 F 355200 784800 120 30 999 NONE NONE 350
	FP_ROUTE KC..KMD82

TRACK_TIME 1167737286
TRACK A20110117602073 F 414900 874800 120 30 999 NONE NONE 400
	FP_ROUTE KC..KMD83

TRACK_TIME 1167737286
TRACK A20110117602074 F 395400 1044060 120 30 999 NONE NONE 400
	FP_ROUTE KC..KB734

TRACK_TIME 1167737286
TRACK A20110117602075 F 421300 831960 120 30 999 NONE NONE 370
	FP_ROUTE KC..KB734

TRACK_TIME 1167737286
TRACK A20110117602083 F 453460 1223460 120 30 999 NONE NONE 340
	FP_ROUTE KC..KB733

TRACK_TIME 1167737286
TRACK A20110117602087 F 254800 801960 120 30 999 NONE NONE 340
	FP_ROUTE KC..KCRJ2

TRACK_TIME 1167737286
TRACK A20110117602093 F 334000 1175200 120 30 999 NONE NONE 410
	FP_ROUTE KC..KCRJ2

TRACK_TIME 1167737286
TRACK A20110117602094 F 332560 1120400 120 30 999 NONE NONE 330
	FP_ROUTE KC..KB752

TRACK_TIME 1167737286
TRACK A20110117602102 F 394900 1044060 120 30 999 NONE NONE 370
	FP_ROUTE KC..KCRJ9

TRACK_TIME 1167737286
TRACK A20110117602109 F 254800 801900 120 30 999 NONE NONE 400
	FP_ROUTE KT..KE145

TRACK_TIME 1167737286
TRACK A20110117602111 F 260460 801300 120 30 999 NONE NONE 390
	FP_ROUTE KT..KCRJ1

TRACK_TIME 1167737286
TRACK A20110117602112 F 394500 861500 120 30 999 NONE NONE 370
	FP_ROUTE KT..KCRJ2

TRACK_TIME 1167737286
TRACK A20110117602119 F 420100 875560 120 30 999 NONE NONE 340
	FP_ROUTE KC..KB733

TRACK_TIME 1167737286
TRACK A20110117602122 F 402860 801600 120 30 999 NONE NONE 270
	FP_ROUTE KC..KCRJ9

TRACK_TIME 1167737286
TRACK A20110117602123 F 404000 741060 120 30 999 NONE NONE 370
	FP_ROUTE KC..KE145

TRACK_TIME 1167737286
TRACK A20110117602124 F 415800 875700 120 30 999 NONE NONE 400
	FP_ROUTE KT..KC750

TRACK_TIME 1167737286
TRACK A20110117602125 F 293300 983000 120 30 999 NONE NONE 360
	FP_ROUTE KT..KC750

TRACK_TIME 1167737286
TRACK A20110117602137 F 394060 861900 120 30 999 NONE NONE 340
	FP_ROUTE KG..KC510

TRACK_TIME 1167737286
TRACK A20110117602139 F 300000 952260 120 30 999 NONE NONE 280
	FP_ROUTE KC..KE170

TRACK_TIME 1167737286
TRACK A20110117602145 F 404800 1115860 120 30 999 NONE NONE 370
	FP_ROUTE KC..KA320

TRACK_TIME 1167737286
TRACK A20110117602147 F 384500 901900 120 30 999 NONE NONE 360
	FP_ROUTE KG..KLJ35

TRACK_TIME 1167737286
TRACK A20110117602150 F 282700 811800 120 30 999 NONE NONE 340
	FP_ROUTE KT..KDH8D

TRACK_TIME 1167737286
TRACK A20110117602154 F 420100 875560 120 30 999 NONE NONE 340
	FP_ROUTE KC..KE145

TRACK_TIME 1167737286
TRACK A20110117602161 F 352800 973600 120 30 999 NONE NONE 231
	FP_ROUTE KC..KCRJ2

TRACK_TIME 1167737286
TRACK A20110117602165 F 360900 864000 120 30 999 NONE NONE 320
	FP_ROUTE KC..KCRJ2

TRACK_TIME 1167737286
TRACK A20110117602171 F 421300 831960 120 30 999 NONE NONE 280
	FP_ROUTE KC..KB752

TRACK_TIME 1167737286
TRACK A20110117602174 F 302860 814300 120 30 999 NONE NONE 350
	FP_ROUTE KG..KF2TH

TRACK_TIME 1167737286
TRACK A20110117602179 F 364200 1193600 120 30 999 NONE NONE 300
	FP_ROUTE KG..KLJ45

TRACK_TIME 1167737286
TRACK A20110117602183 F 260460 801200 120 30 999 NONE NONE 341
	FP_ROUTE KG..KLJ45

TRACK_TIME 1167737286
TRACK A20110117602185 F 391060 764300 120 30 999 NONE NONE 280
	FP_ROUTE KC..KMD83

TRACK_TIME 1167737286
TRACK A20110117602210 F 420000 875500 120 30 999 NONE NONE 360
	FP_ROUTE KC..KA320

TRACK_TIME 1167737286
TRACK A20110117602215 F 472700 1221900 120 30 999 NONE NONE 340
	FP_ROUTE KC..KB734

TRACK_TIME 1167737286
TRACK A20110117602216 F 282400 811900 120 30 999 NONE NONE 370
	FP_ROUTE KC..KB762

TRACK_TIME 1167737286
TRACK A20110117602227 F 421300 831960 120 30 999 NONE NONE 380
	FP_ROUTE KT..KE145

TRACK_TIME 1167737286
TRACK A20110117602228 F 351360 805700 120 30 999 NONE NONE 270
	FP_ROUTE KC..KB712

TRACK_TIME 1167737286
TRACK A20110117602229 F 365100 761360 120 30 999 NONE NONE 230
	FP_ROUTE KC..KB733

TRACK_TIME 1167737286
TRACK A20110117602237 F 333900 842860 120 30 999 NONE NONE 280
	FP_ROUTE KT..KE145

TRACK_TIME 1167737286
TRACK A20110117602253 F 413400 934060 120 30 999 NONE NONE 260
	FP_ROUTE KC..KE170

TRACK_TIME 1167737286
TRACK A20110117602258 F 404900 1120000 120 30 999 NONE NONE 340
	FP_ROUTE KC..KE170

TRACK_TIME 1167737286
TRACK A20110117602264 F 421960 705800 120 30 999 NONE NONE 230
	FP_ROUTE KC..KB752

TRACK_TIME 1167737286
TRACK A20110117602269 F 365200 761360 120 30 999 NONE NONE 290
	FP_ROUTE KC..KE145

TRACK_TIME 1167737286
TRACK A20110117602270 F 404900 1115860 120 30 999 NONE NONE 330
	FP_ROUTE KC..KA321

TRACK_TIME 1167737286
TRACK A20110117602275 F 453460 1223460 120 30 999 NONE NONE 400
	FP_ROUTE KT..KCRJ1

TRACK_TIME 1167737286
TRACK A20110117602279 F 395100 1044060 120 30 999 NONE NONE 310
	FP_ROUTE KC..KB772

TRACK_TIME 1167737286
TRACK A20110117602280 F 404900 1120000 120 30 999 NONE NONE 330
	FP_ROUTE KC..KA320

TRACK_TIME 1167737286
TRACK A20110117602281 F 421360 832200 120 30 999 NONE NONE 390
	FP_ROUTE KC..KMD83

TRACK_TIME 1167737286
TRACK A20110117602284 F 404600 735260 120 30 999 NONE NONE 390
	FP_ROUTE KC..KB733

TRACK_TIME 1167737286
TRACK A20110117602285 F 372860 771800 120 30 999 NONE NONE 240
	FP_ROUTE KC..KB738

TRACK_TIME 1167737286
TRACK A20110117602286 F 390100 843900 120 30 999 NONE NONE 320
	FP_ROUTE KC..KE190

TRACK_TIME 1167737286
TRACK A20110117602289 F 420100 875260 120 30 999 NONE NONE 320
	FP_ROUTE KC..KA319

TRACK_TIME 1167737286
TRACK A20110117602290 F 403760 734360 120 30 999 NONE NONE 370
	FP_ROUTE KC..KB737

TRACK_TIME 1167737286
TRACK A20110117602295 F 360460 1150700 120 30 999 NONE NONE 270
	FP_ROUTE KC..KE120

TRACK_TIME 1167737286
TRACK A20110117602304 F 395200 751660 120 30 999 NONE NONE 310
	FP_ROUTE KT..KDH8D

TRACK_TIME 1167737286
TRACK A20110117602306 F 351200 805800 120 30 999 NONE NONE 340
	FP_ROUTE KC..KB737

TRACK_TIME 1167737286
TRACK A20110117602308 F 420100 875260 120 30 999 NONE NONE 260
	FP_ROUTE KT..KCRJ2

TRACK_TIME 1167737286
TRACK A20110117602309 F 415560 875500 120 30 999 NONE NONE 380
	FP_ROUTE KT..KCRJ9

TRACK_TIME 1167737286
TRACK A20110117602311 F 384500 901960 120 30 999 NONE NONE 290
	FP_ROUTE KC..KE145

TRACK_TIME 1167737286
TRACK A20110117602314 F 300000 952400 120 30 999 NONE NONE 330
	FP_ROUTE KC..KMD82

TRACK_TIME 1167737286
TRACK A20110117602320 F 294000 821300 120 30 999 NONE NONE 240
	FP_ROUTE KC..KA320

TRACK_TIME 1167737286
TRACK A20110117602325 F 392100 944060 120 30 999 NONE NONE 360
	FP_ROUTE KC..KA320

TRACK_TIME 1167737286
TRACK A20110117602330 F 350000 1064000 120 30 999 NONE NONE 290
	FP_ROUTE KC..KCRJ2

TRACK_TIME 1167737286
TRACK A20110117602344 F 300000 952200 120 30 999 NONE NONE 370
	FP_ROUTE KC..KB737

TRACK_TIME 1167737286
TRACK A20110117602345 F 440700 1231300 120 30 999 NONE NONE 340
	FP_ROUTE KC..KB733

TRACK_TIME 1167737286
TRACK A20110117602349 F 360600 1150760 120 30 999 NONE NONE 270
	FP_ROUTE KC..KE170

TRACK_TIME 1167737286
TRACK A20110117602358 F 373600 1221900 120 30 999 NONE NONE 350
	FP_ROUTE KC..KCRJ2

TRACK_TIME 1167737286
TRACK A20110117602360 F 394960 1044360 120 30 999 NONE NONE 250
	FP_ROUTE KC..KA320

TRACK_TIME 1167737286
TRACK A20110117602365 F 320760 811300 120 30 999 NONE NONE 360
	FP_ROUTE KC..KB737

TRACK_TIME 1167737286
TRACK A20110117602367 F 333900 842860 120 30 999 NONE NONE 400
	FP_ROUTE KC..KE170

TRACK_TIME 1167737286
TRACK A20110117602372 F 394900 1044000 120 30 999 NONE NONE 370
	FP_ROUTE KT..KC750

TRACK_TIME 1167737286
TRACK A20110117602376 F 372800 771660 120 30 999 NONE NONE 330
	FP_ROUTE KC..KA320

TRACK_TIME 1167737286
TRACK A20110117602383 F 333900 842860 120 30 999 NONE NONE 280
	FP_ROUTE KT..KCRJ2

TRACK_TIME 1167737286
TRACK A20110117602389 F 440760 1024300 120 30 999 NONE NONE 270
	FP_ROUTE KC..KE145

TRACK_TIME 1167737286
TRACK A20110117602390 F 453600 1223460 120 30 999 NONE NONE 360
	FP_ROUTE KG..KF2TH

TRACK_TIME 1167737286
TRACK A20110117602391 F 334900 1180900 120 30 999 NONE NONE 310
	FP_ROUTE KC..KB738

TRACK_TIME 1167737286
TRACK A20110117602394 F 411800 955400 120 30 999 NONE NONE 340
	FP_ROUTE KC..KE145

TRACK_TIME 1167737286
TRACK A20110117602398 F 424200 734800 120 30 999 NONE NONE 390
	FP_ROUTE KC..KE145

TRACK_TIME 1167737286
TRACK A20110117602399 F 422500 705800 120 30 999 NONE NONE 370
	FP_ROUTE KC..KCRJ2

TRACK_TIME 1167737286
TRACK A20110117602425 F 360300 800000 120 30 999 NONE NONE 240
	FP_ROUTE KC..KB733

TRACK_TIME 1167737286
TRACK A20110117602427 F 390460 844000 120 30 999 NONE NONE 310
	FP_ROUTE KC..KE170

TRACK_TIME 1167737286
TRACK A20110117602436 F 395260 1043400 120 30 999 NONE NONE 380
	FP_ROUTE KC..KB733

TRACK_TIME 1167737286
TRACK A20110117602445 F 403700 734500 120 30 999 NONE NONE 280
	FP_ROUTE KC..KE190

TRACK_TIME 1167737286
TRACK A20110117602449 F 282260 811900 120 30 999 NONE NONE 370
	FP_ROUTE KC..KB733

TRACK_TIME 1167737286
TRACK A20110117602451 F 332560 1115860 120 30 999 NONE NONE 329
	FP_ROUTE KC..KA320

TRACK_TIME 1167737286
TRACK A20110117602456 F 334800 1161960 120 30 999 NONE NONE 370
	FP_ROUTE KC..KCRJ2

TRACK_TIME 1167737286
TRACK A20110117602460 F 332560 1115700 120 30 999 NONE NONE 320
	FP_ROUTE KT..KDH8D

TRACK_TIME 1167737286
TRACK A20110117602469 F 400000 825560 120 30 999 NONE NONE 300
	FP_ROUTE KC..KA320

TRACK_TIME 1167737286
TRACK A20110117602471 F 350400 895860 120 30 999 NONE NONE 270
	FP_ROUTE KC..KA319

TRACK_TIME 1167737286
TRACK A20110117602472 F 421800 831600 120 30 999 NONE NONE 350
	FP_ROUTE KC..KB738

TRACK_TIME 1167737286
TRACK A20110117602475 F 332560 1115800 120 30 999 NONE NONE 390
	FP_ROUTE KC..KA320

TRACK_TIME 1167737286
TRACK A20110117602483 F 324500 1171800 120 30 999 NONE NONE 400
	FP_ROUTE KC..KE145

TRACK_TIME 1167737286
TRACK A20110117602485 F 371960 1215400 120 30 999 NONE NONE 220
	FP_ROUTE KT..KCRJ2

TRACK_TIME 1167737286
TRACK A20110117602486 F 421360 832100 120 30 999 NONE NONE 290
	FP_ROUTE KC..KB752

TRACK_TIME 1167737286
TRACK A20110117602490 F 414800 874600 120 30 999 NONE NONE 310
	FP_ROUTE KT..KCRJ9

TRACK_TIME 1167737286
TRACK A20110117602493 F 332560 1120400 120 30 999 NONE NONE 350
	FP_ROUTE KT..KE145

TRACK_TIME 1167737286
TRACK A20110117602497 F 215860 1591900 120 30 999 NONE NONE 360
	FP_ROUTE KC..KB738

TRACK_TIME 1167737286
TRACK A20110117602504 F 394660 1043900 120 30 999 NONE NONE 380
	FP_ROUTE KG..KC550

TRACK_TIME 1167737286
TRACK A20110117602507 F 332560 1120400 120 30 999 NONE NONE 360
	FP_ROUTE KC..KB737

TRACK_TIME 1167737286
TRACK A20110117602515 F 405500 735200 120 30 999 NONE NONE 330
	FP_ROUTE KC..KB738

TRACK_TIME 1167737286
TRACK A20110117602518 F 333760 842800 120 30 999 NONE NONE 390
	FP_ROUTE KC..KE135

TRACK_TIME 1167737286
TRACK A20110117602519 F 254800 801960 120 30 999 NONE NONE 360
	FP_ROUTE KC..KMD83

TRACK_TIME 1167737286
TRACK A20110117602520 F 381060 854360 120 30 999 NONE NONE 370
	FP_ROUTE KC..KE170

TRACK_TIME 1167737286
TRACK A20110117602521 F 420160 875700 120 30 999 NONE NONE 379
	FP_ROUTE KC..KB752

TRACK_TIME 1167737286
TRACK A20110117602522 F 394200 861900 120 30 999 NONE NONE 340
	FP_ROUTE KC..KA321

TRACK_TIME 1167737286
TRACK A20110117602529 F 360460 1150900 120 30 999 NONE NONE 360
	FP_ROUTE KC..KB712

TRACK_TIME 1167737286
TRACK A20110117602530 F 394060 842200 120 30 999 NONE NONE 310
	FP_ROUTE KC..KA319

TRACK_TIME 1167737286
TRACK A20110117602532 F 333760 843100 120 30 999 NONE NONE 350
	FP_ROUTE KC..KCRJ9

TRACK_TIME 1167737286
TRACK A20110117602534 F 394800 1215200 120 30 999 NONE NONE 260
	FP_ROUTE KC..KB737

TRACK_TIME 1167737286
TRACK A20110117602536 F 334660 1161600 120 30 999 NONE NONE 270
	FP_ROUTE KC..KB737

TRACK_TIME 1167737286
TRACK A20110117602537 F 370700 1074500 120 30 999 NONE NONE 260
	FP_ROUTE KC..KMD82

TRACK_TIME 1167737286
TRACK A20110117602538 F 394960 1044360 120 30 999 NONE NONE 250
	FP_ROUTE KC..KE135

TRACK_TIME 1167737286
TRACK A20110117602541 F 360400 1150700 120 30 999 NONE NONE 360
	FP_ROUTE KC..KB738

TRACK_TIME 1167737286
TRACK A20110117602546 F 255560 972700 120 30 999 NONE NONE 190
	FP_ROUTE KC..KB737

TRACK_TIME 1167737286
TRACK A20110117602553 F 384800 770160 120 30 999 NONE NONE 330
	FP_ROUTE KC..KB737

TRACK_TIME 1167737286
TRACK A20110117602554 F 403760 734500 120 30 999 NONE NONE 310
	FP_ROUTE KC..KA320

TRACK_TIME 1167737286
TRACK A20110117602563 F 400760 763460 120 30 999 NONE NONE 330
	FP_ROUTE KT..KCRJ2

TRACK_TIME 1167737286
TRACK A20110117602564 F 404000 741060 120 30 999 NONE NONE 310
	FP_ROUTE KC..KB737

TRACK_TIME 1167737286
TRACK A20110117602565 F 445200 685200 120 30 999 NONE NONE 330
	FP_ROUTE KC..KA320

TRACK_TIME 1167737286
TRACK A20110117602566 F 390460 773400 120 30 999 NONE NONE 251
	FP_ROUTE KC..KA320

TRACK_TIME 1167737286
TRACK A20110117602568 F 311960 923300 120 30 999 NONE NONE 230
	FP_ROUTE KT..KE145

TRACK_TIME 1167737286
TRACK A20110117602573 F 384200 1213600 120 30 999 NONE NONE 340
	FP_ROUTE KC..KB737

TRACK_TIME 1167737286
TRACK A20110117602574 F 335500 1183160 120 30 999 NONE NONE 410
	FP_ROUTE KG..KLJ35

TRACK_TIME 1167737286
TRACK A20110117602579 F 445400 931360 120 30 999 NONE NONE 280
	FP_ROUTE KC..KB737

TRACK_TIME 1167737286
TRACK A20110117602582 F 454900 1083400 120 30 999 NONE NONE 360
	FP_ROUTE KC..KB733

TRACK_TIME 1167737286
TRACK A20110117602585 F 335560 1182100 120 30 999 NONE NONE 380
	FP_ROUTE KT..KCRJ2

TRACK_TIME 1167737286
TRACK A20110117602588 F 334900 1180900 120 30 999 NONE NONE 310
	FP_ROUTE KT..KCRJ2

TRACK_TIME 1167737286
TRACK A20110117602594 F 345100 821360 120 30 999 NONE NONE 370
	FP_ROUTE KG..KBE20

TRACK_TIME 1167737286
TRACK A20110117602595 F 403000 801660 120 30 999 NONE NONE 330
	FP_ROUTE KT..KCRJ9

TRACK_TIME 1167737286
TRACK A20110117602599 F 404900 740600 120 30 999 NONE NONE 390
	FP_ROUTE KC..KE190

TRACK_TIME 1167737286
TRACK A20110117602601 F 404360 735500 120 30 999 NONE NONE 210
	FP_ROUTE KC..KB738

TRACK_TIME 1167737286
TRACK A20110117602605 F 430600 774200 120 30 999 NONE NONE 220
	FP_ROUTE KC..KB752

TRACK_TIME 1167737286
TRACK A20110117602607 F 395200 751660 120 30 999 NONE NONE 230
	FP_ROUTE KC..KB752

TRACK_TIME 1167737286
TRACK A20110117602616 F 421300 831960 120 30 999 NONE NONE 380
	FP_ROUTE KT..KCRJ2

TRACK_TIME 1167737286
TRACK A20110117602619 F 370600 763300 120 30 999 NONE NONE 230
	FP_ROUTE KC..KA319

TRACK_TIME 1167737286
TRACK A20110117602627 F 472800 1221900 120 30 999 NONE NONE 240
	FP_ROUTE KC..KA320

TRACK_TIME 1167737286
TRACK A20110117602629 F 420100 875560 120 30 999 NONE NONE 380
	FP_ROUTE KC..KDH8D

TRACK_TIME 1167737286
TRACK A20110117602636 F 445400 931360 120 30 999 NONE NONE 340
	FP_ROUTE KC..KA319

TRACK_TIME 1167737286
TRACK A20110117602640 F 605800 1514300 120 30 999 NONE NONE 330
	FP_ROUTE KT..KCRJ9

TRACK_TIME 1167737286
TRACK A20110117602643 F 404060 734800 120 30 999 NONE NONE 350
	FP_ROUTE KT..KE145

TRACK_TIME 1167737286
TRACK A20110117602647 F 445400 931360 120 30 999 NONE NONE 360
	FP_ROUTE KC..KB738

TRACK_TIME 1167737286
TRACK A20110117602650 F 390600 844000 120 30 999 NONE NONE 220
	FP_ROUTE KC..KB752

TRACK_TIME 1167737286
TRACK A20110117602651 F 430600 761060 120 30 999 NONE NONE 310
	FP_ROUTE KC..KE145

TRACK_TIME 1167737286
TRACK A20110117602653 F 314960 1062200 120 30 999 NONE NONE 360
	FP_ROUTE KC..KE145

TRACK_TIME 1167737286
TRACK A20110117602654 F 360460 1151000 120 30 999 NONE NONE 360
	FP_ROUTE KC..KC550

TRACK_TIME 1167737286
TRACK A20110117602655 F 394800 1043900 120 30 999 NONE NONE 360
	FP_ROUTE KC..KE170

TRACK_TIME 1167737286
TRACK A20110117602656 F 384360 1213600 120 30 999 NONE NONE 350
	FP_ROUTE KC..KE170

TRACK_TIME 1167737286
TRACK A20110117602660 F 384360 1213600 120 30 999 NONE NONE 360
	FP_ROUTE KC..KC550

TRACK_TIME 1167737286
TRACK A20110117602665 F 300000 952200 120 30 999 NONE NONE 350
	FP_ROUTE KC..KE170

TRACK_TIME 1167737286
TRACK A20110117602666 F 340160 1174600 120 30 999 NONE NONE 320
	FP_ROUTE KC..KDH8A

TRACK_TIME 1167737286
TRACK A20110117602668 F 303760 881000 120 30 999 NONE NONE 250
	FP_ROUTE KC..KB734

TRACK_TIME 1167737286
TRACK A20110117602671 F 211660 1575700 120 30 999 NONE NONE 380
	FP_ROUTE KC..KB735

TRACK_TIME 1167737286
TRACK A20110117602672 F 254800 801960 120 30 999 NONE NONE 360
	FP_ROUTE KT..KDH8D

TRACK_TIME 1167737286
TRACK A20110117602675 F 384660 1193700 120 30 999 NONE NONE 220
	FP_ROUTE KT..KCRJ2

TRACK_TIME 1167737286
TRACK A20110117602678 F 384300 1213600 120 30 999 NONE NONE 340
	FP_ROUTE KT..KE145

TRACK_TIME 1167737286
TRACK A20110117602685 F 445100 931000 120 30 999 NONE NONE 350
	FP_ROUTE KG..KC550

TRACK_TIME 1167737286
TRACK A20110117602688 F 461800 1190460 120 30 999 NONE NONE 320
	FP_ROUTE KC..KB712

TRACK_TIME 1167737286
TRACK A20110117602689 F 412560 814960 120 30 999 NONE NONE 350
	FP_ROUTE KG..KBE20

TRACK_TIME 1167737286
TRACK A20110117602690 F 403460 885200 120 30 999 NONE NONE 320
	FP_ROUTE KC..KB712

TRACK_TIME 1167737286
TRACK A20110117602707 F 414060 712700 120 30 999 NONE NONE 310
	FP_ROUTE KC..KB738

TRACK_TIME 1167737286
TRACK A20110117602711 F 414800 874660 120 30 999 NONE NONE 301
	FP_ROUTE KC..KB712

TRACK_TIME 1167737286
TRACK A20110117602715 F 321900 862860 120 30 999 NONE NONE 300
	FP_ROUTE KT..KCRJ1

TRACK_TIME 1167737286
TRACK A20110117602716 F 472700 1221900 120 30 999 NONE NONE 380
	FP_ROUTE KC..KB733

TRACK_TIME 1167737286
TRACK A20110117602720 F 390460 844000 120 30 999 NONE NONE 190
	FP_ROUTE KT..KCRJ2

TRACK_TIME 1167737286
TRACK A20110117602721 F 404900 1120000 120 30 999 NONE NONE 340
	FP_ROUTE KC..KB752

TRACK_TIME 1167737286
TRACK A20110117602724 F 421960 705700 120 30 999 NONE NONE 270
	FP_ROUTE KC..KB738

TRACK_TIME 1167737286
TRACK A20110117602737 F 344500 921200 120 30 999 NONE NONE 330
	FP_ROUTE KC..KE145

TRACK_TIME 1167737286
TRACK A20110117602746 F 321960 900600 120 30 999 NONE NONE 300
	FP_ROUTE KC..KB739

TRACK_TIME 1167737286
TRACK A20110117602748 F 275800 823300 120 30 999 NONE NONE 340
	FP_ROUTE KG..KF900

TRACK_TIME 1167737286
TRACK A20110117602752 F 413400 934060 120 30 999 NONE NONE 370
	FP_ROUTE KC..KCRJ2

TRACK_TIME 1167737286
TRACK A20110117602763 F 384800 770160 120 30 999 NONE NONE 320
	FP_ROUTE KC..KB712

TRACK_TIME 1167737286
TRACK A20110117602766 F 403700 734660 120 30 999 NONE NONE 310
	FP_ROUTE KT..KE135

TRACK_TIME 1167737286
TRACK A20110117602775 F 293100 982700 120 30 999 NONE NONE 350
	FP_ROUTE KT..KCRJ2

TRACK_TIME 1167737286
TRACK A20110117602778 F 333900 1115260 120 30 999 NONE NONE 370
	FP_ROUTE KC..KE190

TRACK_TIME 1167737286
TRACK A20110117602779 F 390600 843900 120 30 999 NONE NONE 300
	FP_ROUTE KC..KB737

TRACK_TIME 1167737286
TRACK A20110117602789 F 301500 974000 120 30 999 NONE NONE 280
	FP_ROUTE KC..KE145

TRACK_TIME 1167737286
TRACK A20110117602794 F 334660 1180700 120 30 999 NONE NONE 430
	FP_ROUTE KT..KDH8D

TRACK_TIME 1167737286
TRACK A20110117602800 F 350460 895800 120 30 999 NONE NONE 340
	FP_ROUTE KC..KB737

TRACK_TIME 1167737286
TRACK A20110117602801 F 335100 841600 120 30 999 NONE NONE 270
	FP_ROUTE KC..KB737

TRACK_TIME 1167737286
TRACK A20110117602802 F 394200 861960 120 30 999 NONE NONE 280
	FP_ROUTE KG..KC510

TRACK_TIME 1167737286
TRACK A20110117602804 F 395400 1044000 120 30 999 NONE NONE 340
	FP_ROUTE KC..KB738

TRACK_TIME 1167737286
TRACK A20110117602817 F 412560 814900 120 30 999 NONE NONE 250
	FP_ROUTE KC..KA320

TRACK_TIME 1167737286
TRACK A20110117602818 F 395560 1044060 120 30 999 NONE NONE 380
	FP_ROUTE KG..KC560

TRACK_TIME 1167737286
TRACK A20110117602819 F 211900 1575700 120 30 999 NONE NONE 180
	FP_ROUTE KC..KB735

TRACK_TIME 1167737286
TRACK A20110117602821 F 420160 875700 120 30 999 NONE NONE 340
	FP_ROUTE KG..KC550

TRACK_TIME 1167737286
TRACK A20110117602824 F 280100 823160 120 30 999 NONE NONE 380
	FP_ROUTE KC..KB753

TRACK_TIME 1167737286
TRACK A20110117602827 F 342700 1195560 120 30 999 NONE NONE 180
	FP_ROUTE KC..KE135

TRACK_TIME 1167737286
TRACK A20110117602841 F 395560 1044060 120 30 999 NONE NONE 360
	FP_ROUTE KC..KE170

TRACK_TIME 1167737286
TRACK A20110117602849 F 340400 1174360 120 30 999 NONE NONE 300
	FP_ROUTE KC..KB737

TRACK_TIME 1167737286
TRACK A20110117602850 F 384360 1213600 120 30 999 NONE NONE 360
	FP_ROUTE KC..KB712

TRACK_TIME 1167737286
TRACK A20110117602853 F 425800 875400 120 30 999 NONE NONE 370
	FP_ROUTE KC..KE145

TRACK_TIME 1167737286
TRACK A20110117602854 F 420000 875700 120 30 999 NONE NONE 350
	FP_ROUTE KC..KB752

TRACK_TIME 1167737286
TRACK A20110117602859 F 404800 1120000 120 30 999 NONE NONE 310
	FP_ROUTE KC..KA319

TRACK_TIME 1167737286
TRACK A20110117602863 F 260400 801300 120 30 999 NONE NONE 360
	FP_ROUTE KC..KE135

TRACK_TIME 1167737286
TRACK A20110117602866 F 472700 1221900 120 30 999 NONE NONE 360
	FP_ROUTE KC..KE120

TRACK_TIME 1167737286
TRACK A20110117602868 F 351060 805560 120 30 999 NONE NONE 300
	FP_ROUTE KC..KCRJ2

TRACK_TIME 1167737286
TRACK A20110117602874 F 444960 931300 120 30 999 NONE NONE 230
	FP_ROUTE KC..KE120

TRACK_TIME 1167737286
TRACK A20110117602876 F 334200 1175100 120 30 999 NONE NONE 390
	FP_ROUTE KT..KDH8D

TRACK_TIME 1167737286
TRACK A20110117602880 F 384200 1213600 120 30 999 NONE NONE 380
	FP_ROUTE KC..KA320

TRACK_TIME 1167737286
TRACK A20110117602883 F 421300 831960 120 30 999 NONE NONE 280
	FP_ROUTE KC..KCRJ2

TRACK_TIME 1167737286
TRACK A20110117602884 F 381300 854360 120 30 999 NONE NONE 280
	FP_ROUTE KC..KB738

TRACK_TIME 1167737286
TRACK A20110117602886 F 374000 972560 120 30 999 NONE NONE 350
	FP_ROUTE KT..KCRJ2

TRACK_TIME 1167737286
TRACK A20110117602888 F 350300 1064000 120 30 999 NONE NONE 240
	FP_ROUTE KC..KLJ35

TRACK_TIME 1167737286
TRACK A20110117602900 F 394900 1044000 120 30 999 NONE NONE 370
	FP_ROUTE KC..KLJ35

TRACK_TIME 1167737286
TRACK A20110117602914 F 404500 734960 120 30 999 NONE NONE 390
	FP_ROUTE KC..KB712

TRACK_TIME 1167737286
TRACK A20110117602915 F 422100 710100 120 30 999 NONE NONE 370
	FP_ROUTE KC..KA319

TRACK_TIME 1167737286
TRACK A20110117602916 F 384800 770160 120 30 999 NONE NONE 370
	FP_ROUTE KG..KBE9L

TRACK_TIME 1167737286
TRACK A20110117602931 F 472700 1221900 120 30 999 NONE NONE 240
	FP_ROUTE KC..KB733

TRACK_TIME 1167737286
TRACK A20110117602933 F 333300 864800 120 30 999 NONE NONE 330
	FP_ROUTE KC..KCRJ2

TRACK_TIME 1167737286
TRACK A20110117602934 F 420000 875700 120 30 999 NONE NONE 340
	FP_ROUTE KC..KMD82

TRACK_TIME 1167737286
TRACK A20110117602935 F 404500 735400 120 30 999 NONE NONE 370
	FP_ROUTE KC..KMD83

TRACK_TIME 1167737286
TRACK A20110117602936 F 445200 931000 120 30 999 NONE NONE 360
	FP_ROUTE KC..KB752

TRACK_TIME 1167737286
TRACK A20110117602940 F 320760 811660 120 30 999 NONE NONE 210
	FP_ROUTE KC..KLJ35

TRACK_TIME 1167737286
TRACK A20110117602941 F 333700 843000 120 30 999 NONE NONE 240
	FP_ROUTE KC..KE190

TRACK_TIME 1167737286
TRACK A20110117602946 F 300000 952400 120 30 999 NONE NONE 370
	FP_ROUTE KC..KB735

TRACK_TIME 1167737286
TRACK A20110117602953 F 303100 910900 120 30 999 NONE NONE 270
	FP_ROUTE KC..KB733

TRACK_TIME 1167737286
TRACK A20110117602962 F 403700 734660 120 30 999 NONE NONE 350
	FP_ROUTE KC..KSW4

TRACK_TIME 1167737286
TRACK A20110117602968 F 394800 1044000 120 30 999 NONE NONE 371
	FP_ROUTE KC..KSW4

TRACK_TIME 1167737286
TRACK A20110117602970 F 472700 1221900 120 30 999 NONE NONE 240
	FP_ROUTE KC..KCRJ2

TRACK_TIME 1167737286
TRACK A20110117602971 F 404600 735100 120 30 999 NONE NONE 210
	FP_ROUTE KC..KCRJ2

TRACK_TIME 1167737286
TRACK A20110117602975 F 254600 801360 120 30 999 NONE NONE 350
	FP_ROUTE KC..KB737

TRACK_TIME 1167737286
TRACK A20110117602981 F 320760 811200 120 30 999 NONE NONE 200
	FP_ROUTE KC..KCRJ2

TRACK_TIME 1167737286
TRACK A20110117602982 F 373600 1221960 120 30 999 NONE NONE 360
	FP_ROUTE KC..KB752

TRACK_TIME 1167737286
TRACK A20110117602983 F 425400 875400 120 30 999 NONE NONE 340
	FP_ROUTE KT..KE145

TRACK_TIME 1167737286
TRACK A20110117602984 F 300000 901660 120 30 999 NONE NONE 300
	FP_ROUTE KT..KE145

TRACK_TIME 1167737286
TRACK A20110117602985 F 260400 801200 120 30 999 NONE NONE 410
	FP_ROUTE KC..KA320

TRACK_TIME 1167737286
TRACK A20110117602989 F 275500 823300 120 30 999 NONE NONE 340
	FP_ROUTE KC..KMD83

TRACK_TIME 1167737286
TRACK A20110117602991 F 303000 814200 120 30 999 NONE NONE 240
	FP_ROUTE KC..KMD83

TRACK_TIME 1167737286
TRACK A20110117602992 F 300000 952260 120 30 999 NONE NONE 400
	FP_ROUTE KC..KB752

TRACK_TIME 1167737286
TRACK A20110117603001 F 254600 801500 120 30 999 NONE NONE 410
	FP_ROUTE KC..KMD82

TRACK_TIME 1167737286
TRACK A20110117603003 F 350400 900400 120 30 999 NONE NONE 320
	FP_ROUTE KC..KB763

TRACK_TIME 1167737286
TRACK A20110117603004 F 472800 1221900 120 30 999 NONE NONE 360
	FP_ROUTE KC..KB737

TRACK_TIME 1167737286
TRACK A20110117603014 F 413000 740900 120 30 999 NONE NONE 290
	FP_ROUTE KC..KA320

TRACK_TIME 1167737286
TRACK A20110117603017 F 301060 974000 120 30 999 NONE NONE 350
	FP_ROUTE KC..KB752

TRACK_TIME 1167737286
TRACK A20110117603022 F 373600 1222100 120 30 999 NONE NONE 360
	FP_ROUTE KT..KE145

TRACK_TIME 1167737286
TRACK A20110117603023 F 301300 974060 120 30 999 NONE NONE 360
	FP_ROUTE KC..KCRJ2

TRACK_TIME 1167737286
TRACK A20110117603036 F 404960 1115860 120 30 999 NONE NONE 360
	FP_ROUTE KC..KCRJ2

TRACK_TIME 1167737286
TRACK A20110117603038 F 333100 884000 120 30 999 NONE NONE 240
	FP_ROUTE KC..KE170

TRACK_TIME 1167737286
TRACK A20110117603042 F 333760 842800 120 30 999 NONE NONE 230
	FP_ROUTE KC..KSF34

TRACK_TIME 1167737286
TRACK A20110117603043 F 354660 840100 120 30 999 NONE NONE 310
	FP_ROUTE KC..KE120

TRACK_TIME 1167737286
TRACK A20110117603057 F 395400 1044200 120 30 999 NONE NONE 370
	FP_ROUTE KC..KB752

TRACK_TIME 1167737286
TRACK A20110117603066 F 425100 734600 120 30 999 NONE NONE 310
	FP_ROUTE KC..KSF34

TRACK_TIME 1167737286
TRACK A20110117603070 F 394800 1043900 120 30 999 NONE NONE 390
	FP_ROUTE KC..KE135

TRACK_TIME 1167737286
TRACK A20110117603071 F 384300 1213600 120 30 999 NONE NONE 390
	FP_ROUTE KC..KB737

TRACK_TIME 1167737286
TRACK A20110117603076 F 373700 1222100 120 30 999 NONE NONE 370
	FP_ROUTE KC..KA320

TRACK_TIME 1167737286
TRACK A20110117603090 F 385860 772800 120 30 999 NONE NONE 390
	FP_ROUTE KC..KE145

TRACK_TIME 1167737286
TRACK A20110117603097 F 420100 875560 120 30 999 NONE NONE 340
	FP_ROUTE KT..KCRJ9

TRACK_TIME 1167737286
TRACK A20110117603106 F 425860 875260 120 30 999 NONE NONE 300
	FP_ROUTE KC..KA320

TRACK_TIME 1167737286
TRACK A20110117603110 F 300000 901660 120 30 999 NONE NONE 370
	FP_ROUTE KC..KCRJ2

TRACK_TIME 1167737286
TRACK A20110117603112 F 442700 730760 120 30 999 NONE NONE 270
	FP_ROUTE KC..KCRJ2

TRACK_TIME 1167737286
TRACK A20110117603119 F 363900 1194900 120 30 999 NONE NONE 320
	FP_ROUTE KC..KB753

TRACK_TIME 1167737286
TRACK A20110117603131 F 373600 1221960 120 30 999 NONE NONE 360
	FP_ROUTE KC..KCRJ2

TRACK_TIME 1167737286
TRACK A20110117603135 F 390400 843900 120 30 999 NONE NONE 300
	FP_ROUTE KC..KMD83

TRACK_TIME 1167737286
TRACK A20110117603141 F 335700 1182100 120 30 999 NONE NONE 380
	FP_ROUTE KC..KCRJ2

TRACK_TIME 1167737286
TRACK A20110117603142 F 384300 1213600 120 30 999 NONE NONE 380
	FP_ROUTE KC..KMD83

TRACK_TIME 1167737286
TRACK A20110117603169 F 420160 875560 120 30 999 NONE NONE 330
	FP_ROUTE KC..KCRJ2

TRACK_TIME 1167737286
TRACK A20110117603171 F 414900 874660 120 30 999 NONE NONE 350
	FP_ROUTE KC..KA319

TRACK_TIME 1167737286
TRACK A20110117603178 F 422500 705860 120 30 999 NONE NONE 190
	FP_ROUTE KC..KCRJ2

TRACK_TIME 1167737286
TRACK A20110117603181 F 325500 970160 120 30 999 NONE NONE 360
	FP_ROUTE KC..KB752

TRACK_TIME 1167737286
TRACK A20110117603188 F 391060 764300 120 30 999 NONE NONE 410
	FP_ROUTE KC..KE145

TRACK_TIME 1167737286
TRACK A20110117603195 F 333460 1175560 120 30 999 NONE NONE 360
	FP_ROUTE KC..KB737

TRACK_TIME 1167737286
TRACK A20110117603208 F 390600 843900 120 30 999 NONE NONE 370
	FP_ROUTE KG..KC550

TRACK_TIME 1167737286
TRACK A20110117603211 F 412500 814960 120 30 999 NONE NONE 350
	FP_ROUTE KC..KB752

TRACK_TIME 1167737286
TRACK A20110117603212 F 332560 1115700 120 30 999 NONE NONE 340
	FP_ROUTE KT..KE145

TRACK_TIME 1167737286
TRACK A20110117603214 F 394960 752500 120 30 999 NONE NONE 390
	FP_ROUTE KC..KMD82

TRACK_TIME 1167737286
TRACK A20110117603217 F 182560 660160 120 30 999 NONE NONE 330
	FP_ROUTE KC..KB744

TRACK_TIME 1167737286
TRACK A20110117603218 F 343300 864800 120 30 999 NONE NONE 280
	FP_ROUTE KC..KB737

TRACK_TIME 1167737286
TRACK A20110117603219 F 390100 772800 120 30 999 NONE NONE 290
	FP_ROUTE KC..KB737

TRACK_TIME 1167737286
TRACK A20110117603222 F 332560 1115800 120 30 999 NONE NONE 390
	FP_ROUTE KC..KB752

TRACK_TIME 1167737286
TRACK A20110117603224 F 385500 772560 120 30 999 NONE NONE 180
	FP_ROUTE KT..KCRJ2

TRACK_TIME 1167737286
TRACK A20110117603231 F 395500 1044060 120 30 999 NONE NONE 410
	FP_ROUTE KC..KB752

TRACK_TIME 1167737286
TRACK A20110117603244 F 391800 772700 120 30 999 NONE NONE 350
	FP_ROUTE KC..KB737

TRACK_TIME 1167737286
TRACK A20110117603260 F 333760 842700 120 30 999 NONE NONE 350
	FP_ROUTE KC..KB735

TRACK_TIME 1167737286
TRACK A20110117603266 F 325500 970160 120 30 999 NONE NONE 360
	FP_ROUTE KC..KB735

TRACK_TIME 1167737286
TRACK A20110117603273 F 332560 1115700 120 30 999 NONE NONE 320
	FP_ROUTE KC..KA320

TRACK_TIME 1167737286
TRACK A20110117603275 F 610000 1485260 120 30 999 NONE NONE 340
	FP_ROUTE KC..KA320

TRACK_TIME 1167737286
TRACK A20110117603276 F 425800 875400 120 30 999 NONE NONE 300
	FP_ROUTE KC..KB712

TRACK_TIME 1167737286
TRACK A20110117603279 F 472560 1221900 120 30 999 NONE NONE 380
	FP_ROUTE KC..KB734

TRACK_TIME 1167737286
TRACK A20110117603282 F 333900 842700 120 30 999 NONE NONE 360
	FP_ROUTE KC..KB738

TRACK_TIME 1167737286
TRACK A20110117603286 F 335560 1183300 120 30 999 NONE NONE 340
	FP_ROUTE KC..KB737

TRACK_TIME 1167737286
TRACK A20110117603287 F 392860 943160 120 30 999 NONE NONE 360
	FP_ROUTE KC..KB738

TRACK_TIME 1167737286
TRACK A20110117603289 F 355860 801000 120 30 999 NONE NONE 280
	FP_ROUTE KT..KDH8D

TRACK_TIME 1167737286
TRACK A20110117603292 F 404660 735200 120 30 999 NONE NONE 270
	FP_ROUTE KC..KE145

TRACK_TIME 1167737286
TRACK A20110117603296 F 325560 970160 120 30 999 NONE NONE 360
	FP_ROUTE KG..KBE20

TRACK_TIME 1167737286
TRACK A20110117603302 F 332560 1115860 120 30 999 NONE NONE 340
	FP_ROUTE KT..KE145

TRACK_TIME 1167737286
TRACK A20110117603304 F 381200 854360 120 30 999 NONE NONE 230
	FP_ROUTE KC..KA320

TRACK_TIME 1167737286
TRACK A20110117603307 F 324500 1171660 120 30 999 NONE NONE 390
	FP_ROUTE KC..KE145

TRACK_TIME 1167737286
TRACK A20110117603329 F 391900 944300 120 30 999 NONE NONE 390
	FP_ROUTE KC..KB733

TRACK_TIME 1167737286
TRACK A20110117603334 F 360460 1151200 120 30 999 NONE NONE 280
	FP_ROUTE KC..KA320

TRACK_TIME 1167737286
TRACK A20110117603335 F 404500 1115800 120 30 999 NONE NONE 330
	FP_ROUTE KC..KB738

TRACK_TIME 1167737286
TRACK A20110117603337 F 324360 1171000 120 30 999 NONE NONE 360
	FP_ROUTE KC..KB733

TRACK_TIME 1167737286
TRACK A20110117603338 F 280160 823160 120 30 999 NONE NONE 380
	FP_ROUTE KC..KDH8A

TRACK_TIME 1167737286
TRACK A20110117603344 F 260400 800600 120 30 999 NONE NONE 250
	FP_ROUTE KC..KB735

TRACK_TIME 1167737286
TRACK A20110117603345 F 333700 842860 120 30 999 NONE NONE 370
	FP_ROUTE KC..KA320

TRACK_TIME 1167737286
TRACK A20110117603358 F 332560 1115800 120 30 999 NONE NONE 340
	FP_ROUTE KC..KB733

TRACK_TIME 1167737286
TRACK A20110117603363 F 390600 844000 120 30 999 NONE NONE 210
	FP_ROUTE KC..KB738

TRACK_TIME 1167737286
TRACK A20110117603376 F 282400 811660 120 30 999 NONE NONE 210
	FP_ROUTE KC..KCRJ2

TRACK_TIME 1167737286
TRACK A20110117603380 F 264060 801200 120 30 999 NONE NONE 360
	FP_ROUTE KC..KE190

TRACK_TIME 1167737286
TRACK A20110117603381 F 384900 770160 120 30 999 NONE NONE 220
	FP_ROUTE KC..KB753

TRACK_TIME 1167737286
TRACK A20110117603406 F 374060 1221060 120 30 999 NONE NONE 280
	FP_ROUTE KC..KMD83

TRACK_TIME 1167737286
TRACK A20110117603414 F 350900 1013700 120 30 999 NONE NONE 400
	FP_ROUTE KC..KE145

TRACK_TIME 1167737286
TRACK A20110117603416 F 390000 772800 120 30 999 NONE NONE 270
	FP_ROUTE KT..KE145

TRACK_TIME 1167737286
TRACK A20110117603427 F 395560 841960 120 30 999 NONE NONE 280
	FP_ROUTE KC..KE190

TRACK_TIME 1167737286
TRACK A20110117603429 F 414800 874660 120 30 999 NONE NONE 400
	FP_ROUTE KC..KB738

TRACK_TIME 1167737286
TRACK A20110117603435 F 445400 931500 120 30 999 NONE NONE 320
	FP_ROUTE KC..KB752

TRACK_TIME 1167737286
TRACK A20110117603437 F 390400 843900 120 30 999 NONE NONE 360
	FP_ROUTE KC..KB712

TRACK_TIME 1167737286
TRACK A20110117603438 F 300000 952400 120 30 999 NONE NONE 360
	FP_ROUTE KC..KB732

TRACK_TIME 1167737286
TRACK A20110117603439 F 395260 1043700 120 30 999 NONE NONE 380
	FP_ROUTE KC..KA320

TRACK_TIME 1167737286
TRACK A20110117603441 F 332560 1120300 120 30 999 NONE NONE 380
	FP_ROUTE KC..KMD82

TRACK_TIME 1167737286
TRACK A20110117603442 F 211900 1575800 120 30 999 NONE NONE 360
	FP_ROUTE KC..KE190

TRACK_TIME 1167737286
TRACK A20110117603455 F 432200 1242200 120 30 999 NONE NONE 210
	FP_ROUTE KC..KB712

TRACK_TIME 1167737286
TRACK A20110117603457 F 604960 1512800 120 30 999 NONE NONE 190
	FP_ROUTE KC..KB752

TRACK_TIME 1167737286
TRACK A20110117603458 F 333760 842800 120 30 999 NONE NONE 320
	FP_ROUTE KT..KE145

TRACK_TIME 1167737286
TRACK A20110117603462 F 300000 952200 120 30 999 NONE NONE 360
	FP_ROUTE KG..KCL60

TRACK_TIME 1167737286
TRACK A20110117603471 F 301800 842200 120 30 999 NONE NONE 230
	FP_ROUTE KG..KCL60

TRACK_TIME 1167737286
TRACK A20110117603472 F 350400 895800 120 30 999 NONE NONE 400
	FP_ROUTE KT..KCRJ1

TRACK_TIME 1167737286
TRACK A20110117603473 F 400000 825800 120 30 999 NONE NONE 280
	FP_ROUTE KC..KCRJ2

TRACK_TIME 1167737286
TRACK A20110117603480 F 425800 875400 120 30 999 NONE NONE 330
	FP_ROUTE KT..KCRJ2

TRACK_TIME 1167737286
TRACK A20110117603485 F 425800 875400 120 30 999 NONE NONE 370
	FP_ROUTE KT..KCRJ9

TRACK_TIME 1167737286
TRACK A20110117603487 F 351200 805560 120 30 999 NONE NONE 200
	FP_ROUTE KC..KB752

TRACK_TIME 1167737286
TRACK A20110117603496 F 395560 1044060 120 30 999 NONE NONE 380
	FP_ROUTE KC..KB738

TRACK_TIME 1167737286
TRACK A20110117603499 F 395500 1044200 120 30 999 NONE NONE 390
	FP_ROUTE KC..KA320

TRACK_TIME 1167737286
TRACK A20110117603500 F 403760 734500 120 30 999 NONE NONE 350
	FP_ROUTE KC..KMD82

TRACK_TIME 1167737286
TRACK A20110117603514 F 433400 1161300 120 30 999 NONE NONE 390
	FP_ROUTE KC..KE170

TRACK_TIME 1167737286
TRACK A20110117603516 F 420160 875860 120 30 999 NONE NONE 350
	FP_ROUTE KC..KCRJ2

TRACK_TIME 1167737286
TRACK A20110117603518 F 420000 875560 120 30 999 NONE NONE 380
	FP_ROUTE KC..KB739

TRACK_TIME 1167737286
TRACK A20110117603519 F 344500 921200 120 30 999 NONE NONE 190
	FP_ROUTE KC..KB752

TRACK_TIME 1167737286
TRACK A20110117603520 F 373600 1221960 120 30 999 NONE NONE 280
	FP_ROUTE KC..KFA50

TRACK_TIME 1167737286
TRACK A20110117603525 F 351360 805800 120 30 999 NONE NONE 290
	FP_ROUTE KC..KB738

TRACK_TIME 1167737286
TRACK A20110117603530 F 405100 734660 120 30 999 NONE NONE 250
	FP_ROUTE KC..KE145

TRACK_TIME 1167737286
TRACK A20110117603531 F 420100 875260 120 30 999 NONE NONE 400
	FP_ROUTE KG..KC560

TRACK_TIME 1167737286
TRACK A20110117603533 F 325500 970300 120 30 999 NONE NONE 370
	FP_ROUTE KC..KB738

TRACK_TIME 1167737286
TRACK A20110117603539 F 472800 1221900 120 30 999 NONE NONE 380
	FP_ROUTE KT..KDH8D

TRACK_TIME 1167737286
TRACK A20110117603544 F 454800 1111060 120 30 999 NONE NONE 260
	FP_ROUTE KC..KCRJ2

TRACK_TIME 1167737286
TRACK A20110117603553 F 335400 1181060 120 30 999 NONE NONE 350
	FP_ROUTE KT..KCRJ2

TRACK_TIME 1167737286
TRACK A20110117603558 F 414900 874800 120 30 999 NONE NONE 290
	FP_ROUTE KC..KB738

TRACK_TIME 1167737286
TRACK A20110117603563 F 412560 814960 120 30 999 NONE NONE 370
	FP_ROUTE KC..KB738

TRACK_TIME 1167737286
TRACK A20110117603565 F 404600 735100 120 30 999 NONE NONE 370
	FP_ROUTE KC..KB733

TRACK_TIME 1167737286
TRACK A20110117603573 F 395260 1043700 120 30 999 NONE NONE 310
	FP_ROUTE KC..KA320

TRACK_TIME 1167737286
TRACK A20110117603575 F 344500 921360 120 30 999 NONE NONE 280
	FP_ROUTE KC..KMD82

TRACK_TIME 1167737286
TRACK A20110117603577 F 390000 772800 120 30 999 NONE NONE 200
	FP_ROUTE KC..KB733

TRACK_TIME 1167737286
TRACK A20110117603580 F 254660 801960 120 30 999 NONE NONE 350
	FP_ROUTE KC..KB733

TRACK_TIME 1167737286
TRACK A20110117603588 F 373600 1221900 120 30 999 NONE NONE 360
	FP_ROUTE KC..KE190

TRACK_TIME 1167737286
TRACK A20110117603590 F 350400 895860 120 30 999 NONE NONE 310
	FP_ROUTE KC..KE170

TRACK_TIME 1167737286
TRACK A20110117603591 F 421360 832200 120 30 999 NONE NONE 330
	FP_ROUTE KC..KB737

TRACK_TIME 1167737286
TRACK A20110117603592 F 333900 842860 120 30 999 NONE NONE 410
	FP_ROUTE KC..KB737

TRACK_TIME 1167737286
TRACK A20110117603593 F 360460 1151300 120 30 999 NONE NONE 400
	FP_ROUTE KT..KCRJ2

TRACK_TIME 1167737286
TRACK A20110117603594 F 384800 770160 120 30 999 NONE NONE 410
	FP_ROUTE KC..KB712

TRACK_TIME 1167737286
TRACK A20110117603602 F 412500 814960 120 30 999 NONE NONE 260
	FP_ROUTE KC..KCRJ2

TRACK_TIME 1167737286
TRACK A20110117603608 F 443000 731060 120 30 999 NONE NONE 230
	FP_ROUTE KC..KB733

TRACK_TIME 1167737286
TRACK A20110117603609 F 403760 734500 120 30 999 NONE NONE 240
	FP_ROUTE KC..KA320

TRACK_TIME 1167737286
TRACK A20110117603616 F 422560 1225500 120 30 999 NONE NONE 340
	FP_ROUTE KC..KB737

TRACK_TIME 1167737286
TRACK A20110117603620 F 303100 871200 120 30 999 NONE NONE 310
	FP_ROUTE KC..KA320

TRACK_TIME 1167737286
TRACK A20110117603621 F 374200 1221200 120 30 999 NONE NONE 340
	FP_ROUTE KC..KCRJ2

TRACK_TIME 1167737286
TRACK A20110117603623 F 472700 1221900 120 30 999 NONE NONE 360
	FP_ROUTE KC..KB737

TRACK_TIME 1167737286
TRACK A20110117603626 F 390400 843900 120 30 999 NONE NONE 220
	FP_ROUTE KT..KE145

TRACK_TIME 1167737286
TRACK A20110117603639 F 335560 1182200 120 30 999 NONE NONE 360
	FP_ROUTE KC..KB737

TRACK_TIME 1167737286
TRACK A20110117603640 F 472700 1221900 120 30 999 NONE NONE 380
	FP_ROUTE KC..KDH8D

TRACK_TIME 1167737286
TRACK A20110117603652 F 295860 901360 120 30 999 NONE NONE 249
	FP_ROUTE KC..KE135

TRACK_TIME 1167737286
TRACK A20110117603659 F 304200 831600 120 30 999 NONE NONE 189
	FP_ROUTE KC..KE145

TRACK_TIME 1167737286
TRACK A20110117603666 F 335200 841660 120 30 999 NONE NONE 199
	FP_ROUTE KC..KB737

TRACK_TIME 1167737286
TRACK A20110117603675 F 380400 843400 120 30 999 NONE NONE 350
	FP_ROUTE KT..KDH8D

TRACK_TIME 1167737286
TRACK A20110117603679 F 352500 973700 120 30 999 NONE NONE 200
	FP_ROUTE KG..KEA50

TRACK_TIME 1167737286
TRACK A20110117603687 F 421900 710160 120 30 999 NONE NONE 370
	FP_ROUTE KC..KA319

TRACK_TIME 1167737286
TRACK A20110117603688 F 420100 875700 120 30 999 NONE NONE 310
	FP_ROUTE KT..KCRJ2

TRACK_TIME 1167737286
TRACK A20110117603689 F 420100 875560 120 30 999 NONE NONE 340
	FP_ROUTE KC..KE145

TRACK_TIME 1167737286
TRACK A20110117603690 F 354600 840300 120 30 999 NONE NONE 220
	FP_ROUTE KC..KB738

TRACK_TIME 1167737286
TRACK A20110117603698 F 394900 1044060 120 30 999 NONE NONE 370
	FP_ROUTE KC..KB738

TRACK_TIME 1167737286
TRACK A20110117603705 F 605500 1485700 120 30 999 NONE NONE 360
	FP_ROUTE KC..KB737

TRACK_TIME 1167737286
TRACK A20110117603713 F 260400 801060 120 30 999 NONE NONE 330
	FP_ROUTE KC..KB733

TRACK_TIME 1167737286
TRACK A20110117603723 F 384960 770100 120 30 999 NONE NONE 220
	FP_ROUTE KC..KE190

TRACK_TIME 1167737286
TRACK A20110117603724 F 384800 771500 120 30 999 NONE NONE 220
	FP_ROUTE KC..KB733

TRACK_TIME 1167737286
TRACK A20110117603730 F 385860 772800 120 30 999 NONE NONE 370
	FP_ROUTE KC..KE145

TRACK_TIME 1167737286
TRACK A20110117603731 F 404200 894500 120 30 999 NONE NONE 320
	FP_ROUTE KC..KB772

TRACK_TIME 1167737286
TRACK A20110117603735 F 295860 952260 120 30 999 NONE NONE 370
	FP_ROUTE KC..KB738

TRACK_TIME 1167737286
TRACK A20110117603736 F 282500 811900 120 30 999 NONE NONE 350
	FP_ROUTE KC..KE145

TRACK_TIME 1167737286
TRACK A20110117603737 F 430900 774000 120 30 999 NONE NONE 260
	FP_ROUTE KC..KB712

TRACK_TIME 1167737286
TRACK A20110117603742 F 350300 895800 120 30 999 NONE NONE 360
	FP_ROUTE KC..KB712

TRACK_TIME 1167737286
TRACK A20110117603745 F 351060 805560 120 30 999 NONE NONE 241
	FP_ROUTE KC..KBE20

TRACK_TIME 1167737286
TRACK A20110117603746 F 260400 800600 120 30 999 NONE NONE 350
	FP_ROUTE KT..KE145

TRACK_TIME 1167737286
TRACK A20110117603752 F 415500 724300 120 30 999 NONE NONE 310
	FP_ROUTE KT..KC750

TRACK_TIME 1167737286
TRACK A20110117603755 F 394300 773460 120 30 999 NONE NONE 390
	FP_ROUTE KC..KE170

TRACK_TIME 1167737286
TRACK A20110117603758 F 254800 801960 120 30 999 NONE NONE 310
	FP_ROUTE KT..KC750

TRACK_TIME 1167737286
TRACK A20110117603759 F 325500 970300 120 30 999 NONE NONE 310
	FP_ROUTE KC..KB752

TRACK_TIME 1167737286
TRACK A20110117603760 F 420100 875260 120 30 999 NONE NONE 180
	FP_ROUTE KC..KE145

TRACK_TIME 1167737286
TRACK A20110117603763 F 275560 823300 120 30 999 NONE NONE 230
	FP_ROUTE KC..KB737

TRACK_TIME 1167737286
TRACK A20110117603780 F 374060 1221060 120 30 999 NONE NONE 360
	FP_ROUTE KC..KB738

TRACK_TIME 1167737286
TRACK A20110117603781 F 403700 734300 120 30 999 NONE NONE 350
	FP_ROUTE KT..KE145

TRACK_TIME 1167737286
TRACK A20110117603783 F 472800 1221900 120 30 999 NONE NONE 320
	FP_ROUTE KT..KE135

TRACK_TIME 1167737286
TRACK A20110117603785 F 325200 794900 120 30 999 NONE NONE 380
	FP_ROUTE KC..KB733

TRACK_TIME 1167737286
TRACK A20110117603786 F 395200 751660 120 30 999 NONE NONE 330
	FP_ROUTE KC..KB737

TRACK_TIME 1167737286
TRACK A20110117603791 F 360460 1151000 120 30 999 NONE NONE 380
	FP_ROUTE KC..KB737

TRACK_TIME 1167737286
TRACK A20110117603798 F 433460 964360 120 30 999 NONE NONE 360
	FP_ROUTE KC..KB737

TRACK_TIME 1167737286
TRACK A20110117603809 F 355200 784900 120 30 999 NONE NONE 220
	FP_ROUTE KC..KCRJ2

TRACK_TIME 1167737286
TRACK A20110117603817 F 385200 974200 120 30 999 NONE NONE 380
	FP_ROUTE KC..KCRJ2

TRACK_TIME 1167737286
TRACK A20110117603821 F 404360 735400 120 30 999 NONE NONE 290
	FP_ROUTE KC..KE170

TRACK_TIME 1167737286
TRACK A20110117603826 F 373760 972560 120 30 999 NONE NONE 360
	FP_ROUTE KC..KB738

TRACK_TIME 1167737286
TRACK A20110117603827 F 395260 841660 120 30 999 NONE NONE 280
	FP_ROUTE KG..KF2TH

TRACK_TIME 1167737286
TRACK A20110117603831 F 403000 801660 120 30 999 NONE NONE 250
	FP_ROUTE KT..KE145

TRACK_TIME 1167737286
TRACK A20110117603832 F 415500 724300 120 30 999 NONE NONE 250
	FP_ROUTE KT..KCRJ2

TRACK_TIME 1167737286
TRACK A20110117603836 F 282260 811900 120 30 999 NONE NONE 390
	FP_ROUTE KC..KB737

TRACK_TIME 1167737286
TRACK A20110117603839 F 354960 784960 120 30 999 NONE NONE 260
	FP_ROUTE KT..KCRJ2

TRACK_TIME 1167737286
TRACK A20110117603850 F 385800 772560 120 30 999 NONE NONE 220
	FP_ROUTE KC..KB735

TRACK_TIME 1167737286
TRACK A20110117603851 F 392200 944300 120 30 999 NONE NONE 340
	FP_ROUTE KC..KB738

TRACK_TIME 1167737286
TRACK A20110117603852 F 425860 875260 120 30 999 NONE NONE 370
	FP_ROUTE KC..KB735

TRACK_TIME 1167737286
TRACK A20110117603866 F 300000 952260 120 30 999 NONE NONE 320
	FP_ROUTE KC..KB738

TRACK_TIME 1167737286
TRACK A20110117603867 F 391060 764360 120 30 999 NONE NONE 350
	FP_ROUTE KC..KB737

TRACK_TIME 1167737286
TRACK A20110117603869 F 420100 724060 120 30 999 NONE NONE 390
	FP_ROUTE KC..KCRJ2

TRACK_TIME 1167737286
TRACK A20110117603876 F 360460 1150760 120 30 999 NONE NONE 360
	FP_ROUTE KC..KA320

TRACK_TIME 1167737286
TRACK A20110117603883 F 301960 885560 120 30 999 NONE NONE 370
	FP_ROUTE KC..KA320

TRACK_TIME 1167737286
TRACK A20110117603886 F 353460 772560 120 30 999 NONE NONE 190
	FP_ROUTE KC..KE145

TRACK_TIME 1167737286
TRACK A20110117603887 F 351200 805800 120 30 999 NONE NONE 220
	FP_ROUTE KC..KMD82

TRACK_TIME 1167737286
TRACK A20110117603890 F 325500 970160 120 30 999 NONE NONE 330
	FP_ROUTE KC..KE190

TRACK_TIME 1167737286
TRACK A20110117603892 F 394800 1044000 120 30 999 NONE NONE 350
	FP_ROUTE KC..KA320

TRACK_TIME 1167737286
TRACK A20110117603895 F 403900 741200 120 30 999 NONE NONE 430
	FP_ROUTE KC..KE190

TRACK_TIME 1167737286
TRACK A20110117603899 F 395260 1043700 120 30 999 NONE NONE 370
	FP_ROUTE KC..KA320

TRACK_TIME 1167737286
TRACK A20110117603901 F 394900 1043900 120 30 999 NONE NONE 380
	FP_ROUTE KC..KB752

TRACK_TIME 1167737286
TRACK A20110117603903 F 384600 902200 120 30 999 NONE NONE 320
	FP_ROUTE KC..KE190

TRACK_TIME 1167737286
TRACK A20110117603904 F 182560 660160 120 30 999 NONE NONE 350
	FP_ROUTE KC..KB737

TRACK_TIME 1167737286
TRACK A20110117603905 F 425560 1123400 120 30 999 NONE NONE 230
	FP_ROUTE KC..KCRJ2

TRACK_TIME 1167737286
TRACK A20110117603907 F 182560 660300 120 30 999 NONE NONE 370
	FP_ROUTE KC..KB737

TRACK_TIME 1167737286
TRACK A20110117603908 F 360700 864060 120 30 999 NONE NONE 300
	FP_ROUTE KC..KE190

TRACK_TIME 1167737286
TRACK A20110117603918 F 403700 734660 120 30 999 NONE NONE 370
	FP_ROUTE KC..KB752

TRACK_TIME 1167737286
TRACK A20110117603920 F 325500 970300 120 30 999 NONE NONE 360
	FP_ROUTE KC..KB752

TRACK_TIME 1167737286
TRACK A20110117603922 F 445400 931360 120 30 999 NONE NONE 370
	FP_ROUTE KC..KB752

TRACK_TIME 1167737286
TRACK A20110117603924 F 280160 823160 120 30 999 NONE NONE 360
	FP_ROUTE KC..KB733

TRACK_TIME 1167737286
TRACK A20110117603926 F 372860 771800 120 30 999 NONE NONE 220
	FP_ROUTE KC..KB752

TRACK_TIME 1167737286
TRACK A20110117603927 F 324800 972100 120 30 999 NONE NONE 230
	FP_ROUTE KC..KDH8D

TRACK_TIME 1167737286
TRACK A20110117603933 F 430600 774200 120 30 999 NONE NONE 350
	FP_ROUTE KC..KB744

TRACK_TIME 1167737286
TRACK A20110117603942 F 300000 952260 120 30 999 NONE NONE 370
	FP_ROUTE KC..KCRJ2

TRACK_TIME 1167737286
TRACK A20110117603951 F 404900 1115860 120 30 999 NONE NONE 340
	FP_ROUTE KC..KB734

TRACK_TIME 1167737286
TRACK A20110117603959 F 280000 823160 120 30 999 NONE NONE 380
	FP_ROUTE KC..KE145

TRACK_TIME 1167737286
TRACK A20110117603965 F 394060 861900 120 30 999 NONE NONE 320
	FP_ROUTE KT..KDH8D

TRACK_TIME 1167737286
TRACK A20110117603973 F 414800 874660 120 30 999 NONE NONE 290
	FP_ROUTE KC..KCRJ2

TRACK_TIME 1167737286
TRACK A20110117603975 F 430900 773900 120 30 999 NONE NONE 450
	FP_ROUTE KC..KA320

TRACK_TIME 1167737286
TRACK A20110117603978 F 404360 735500 120 30 999 NONE NONE 370
	FP_ROUTE KC..KCRJ9

TRACK_TIME 1167737286
TRACK A20110117603979 F 394960 1044600 120 30 999 NONE NONE 390
	FP_ROUTE KC..KCRJ2

TRACK_TIME 1167737286
TRACK A20110117603982 F 282700 811800 120 30 999 NONE NONE 210
	FP_ROUTE KC..KA320

TRACK_TIME 1167737286
TRACK A20110117603984 F 415500 724300 120 30 999 NONE NONE 410
	FP_ROUTE KC..KE170

TRACK_TIME 1167737286
TRACK A20110117603986 F 360460 1150760 120 30 999 NONE NONE 380
	FP_ROUTE KC..KE145

TRACK_TIME 1167737286
TRACK A20110117603987 F 181960 650000 120 30 999 NONE NONE 350
	FP_ROUTE KC..KE120

TRACK_TIME 1167737286
TRACK A20110117603990 F 280160 823160 120 30 999 NONE NONE 360
	FP_ROUTE KC..KB737

TRACK_TIME 1167737286
TRACK A20110117603991 F 385500 1044300 120 30 999 NONE NONE 330
	FP_ROUTE KT..KDH8D

TRACK_TIME 1167737286
TRACK A20110117603992 F 461800 1190400 120 30 999 NONE NONE 320
	FP_ROUTE KT..KCRJ2

TRACK_TIME 1167737286
TRACK A20110117604005 F 384900 770160 120 30 999 NONE NONE 300
	FP_ROUTE KT..KCRJ2

TRACK_TIME 1167737286
TRACK A20110117604012 F 260400 800600 120 30 999 NONE NONE 320
	FP_ROUTE KC..KB752

TRACK_TIME 1167737286
TRACK A20110117604019 F 390460 843900 120 30 999 NONE NONE 320
	FP_ROUTE KC..KA319

TRACK_TIME 1167737286
TRACK A20110117604021 F 351000 805700 120 30 999 NONE NONE 350
	FP_ROUTE KT..KCRJ2

TRACK_TIME 1167737286
TRACK A20110117604022 F 404660 735200 120 30 999 NONE NONE 350
	FP_ROUTE KC..KDH8D

TRACK_TIME 1167737286
TRACK A20110117604029 F 425560 784500 120 30 999 NONE NONE 350
	FP_ROUTE KC..KA319

TRACK_TIME 1167737286
TRACK A20110117604033 F 263900 813400 120 30 999 NONE NONE 380
	FP_ROUTE KC..KB712

TRACK_TIME 1167737286
TRACK A20110117604043 F 391060 764300 120 30 999 NONE NONE 340
	FP_ROUTE KC..KB752

TRACK_TIME 1167737286
TRACK A20110117604044 F 263700 813400 120 30 999 NONE NONE 320
	FP_ROUTE KC..KB737

TRACK_TIME 1167737286
TRACK A20110117604051 F 392700 1194600 120 30 999 NONE NONE 340
	FP_ROUTE KC..KB752

TRACK_TIME 1167737286
TRACK A20110117604057 F 405400 812800 120 30 999 NONE NONE 290
	FP_ROUTE KC..KB737

TRACK_TIME 1167737286
TRACK A20110117604058 F 333900 842700 120 30 999 NONE NONE 300
	FP_ROUTE KC..KB738

TRACK_TIME 1167737286
TRACK A20110117604064 F 433400 1161360 120 30 999 NONE NONE 340
	FP_ROUTE KC..KE190

TRACK_TIME 1167737286
TRACK A20110117604071 F 335700 1182100 120 30 999 NONE NONE 360
	FP_ROUTE KT..KCRJ1

TRACK_TIME 1167737286
TRACK A20110117604074 F 350000 895800 120 30 999 NONE NONE 380
	FP_ROUTE KC..KB737

TRACK_TIME 1167737286
TRACK A20110117604078 F 394660 841200 120 30 999 NONE NONE 260
	FP_ROUTE KC..KMD82

TRACK_TIME 1167737286
TRACK A20110117604079 F 335560 1182100 120 30 999 NONE NONE 379
	FP_ROUTE KT..KCRJ2

TRACK_TIME 1167737286
TRACK A20110117604085 F 333900 842800 120 30 999 NONE NONE 350
	FP_ROUTE KC..KB763

TRACK_TIME 1167737286
TRACK A20110117604086 F 333900 842800 120 30 999 NONE NONE 350
	FP_ROUTE KC..KB737

TRACK_TIME 1167737286
TRACK A20110117604090 F 300000 951900 120 30 999 NONE NONE 280
	FP_ROUTE KC..KB733

TRACK_TIME 1167737286
TRACK A20110117604096 F 325100 965200 120 30 999 NONE NONE 280
	FP_ROUTE KT..KDH8D

TRACK_TIME 1167737286
TRACK A20110117604097 F 261060 974500 120 30 999 NONE NONE 380
	FP_ROUTE KT..KCRJ9

TRACK_TIME 1167737286
TRACK A20110117604107 F 325500 970160 120 30 999 NONE NONE 340
	FP_ROUTE KG..KC750

TRACK_TIME 1167737286
TRACK A20110117604122 F 351360 805500 120 30 999 NONE NONE 320
	FP_ROUTE KC..KE170

TRACK_TIME 1167737286
TRACK A20110117604123 F 403900 741200 120 30 999 NONE NONE 350
	FP_ROUTE KC..KB737

TRACK_TIME 1167737286
TRACK A20110117604124 F 384600 902260 120 30 999 NONE NONE 240
	FP_ROUTE KC..KB737

TRACK_TIME 1167737286
TRACK A20110117604129 F 320900 1105860 120 30 999 NONE NONE 320
	FP_ROUTE KC..KA319

TRACK_TIME 1167737286
TRACK A20110117604134 F 332560 1115800 120 30 999 NONE NONE 330
	FP_ROUTE KT..KCRJ2

TRACK_TIME 1167737286
TRACK A20110117604135 F 414060 712800 120 30 999 NONE NONE 390
	FP_ROUTE KT..KCRJ9

TRACK_TIME 1167737286
TRACK A20110117604139 F 403760 741200 120 30 999 NONE NONE 350
	FP_ROUTE KC..KB737

TRACK_TIME 1167737286
TRACK A20110117604141 F 445100 930760 120 30 999 NONE NONE 350
	FP_ROUTE KC..KA320

TRACK_TIME 1167737286
TRACK A20110117604142 F 282800 811960 120 30 999 NONE NONE 370
	FP_ROUTE KC..KA319

TRACK_TIME 1167737286
TRACK A20110117604143 F 391060 764300 120 30 999 NONE NONE 370
	FP_ROUTE KC..KB712

TRACK_TIME 1167737286
TRACK A20110117604149 F 260400 801060 120 30 999 NONE NONE 390
	FP_ROUTE KC..KA319

TRACK_TIME 1167737286
TRACK A20110117604154 F 414800 874600 120 30 999 NONE NONE 220
	FP_ROUTE KC..KE145

TRACK_TIME 1167737286
TRACK A20110117604161 F 390700 843900 120 30 999 NONE NONE 330
	FP_ROUTE KC..KE145

TRACK_TIME 1167737286
TRACK A20110117604165 F 263900 814300 120 30 999 NONE NONE 410
	FP_ROUTE KG..KC550

TRACK_TIME 1167737286
TRACK A20110117604167 F 324600 1172100 120 30 999 NONE NONE 340
	FP_ROUTE KC..KE145

TRACK_TIME 1167737286
TRACK A20110117604168 F 300000 952400 120 30 999 NONE NONE 370
	FP_ROUTE KC..KB738

TRACK_TIME 1167737286
TRACK A20110117604169 F 472800 1221900 120 30 999 NONE NONE 370
	FP_ROUTE KC..KA319

TRACK_TIME 1167737286
TRACK A20110117604179 F 445260 931360 120 30 999 NONE NONE 330
	FP_ROUTE KC..KB737

TRACK_TIME 1167737286
TRACK A20110117604190 F 445260 931500 120 30 999 NONE NONE 330
	FP_ROUTE KG..KC550

TRACK_TIME 1167737286
TRACK A20110117604195 F 441500 1210900 120 30 999 NONE NONE 320
	FP_ROUTE KC..KB738

TRACK_TIME 1167737286
TRACK A20110117604203 F 332700 1120300 120 30 999 NONE NONE 290
	FP_ROUTE KC..KA320

TRACK_TIME 1167737286
TRACK A20110117604204 F 293700 951800 120 30 999 NONE NONE 370
	FP_ROUTE KT..KCRJ2

TRACK_TIME 1167737286
TRACK A20110117604211 F 472800 1221900 120 30 999 NONE NONE 360
	FP_ROUTE KC..KE145

TRACK_TIME 1167737286
TRACK A20110117604219 F 333760 842800 120 30 999 NONE NONE 390
	FP_ROUTE KT..KE145

TRACK_TIME 1167737286
TRACK A20110117604221 F 374200 1221200 120 30 999 NONE NONE 320
	FP_ROUTE KC..KCRJ2

TRACK_TIME 1167737286
TRACK A20110117604226 F 341200 1181360 120 30 999 NONE NONE 330
	FP_ROUTE KC..KA319

TRACK_TIME 1167737286
TRACK A20110117604241 F 395200 751660 120 30 999 NONE NONE 290
	FP_ROUTE KC..KB737

TRACK_TIME 1167737286
TRACK A20110117604250 F 300000 951800 120 30 999 NONE NONE 340
	FP_ROUTE KT..KCRJ9

TRACK_TIME 1167737286
TRACK A20110117604253 F 332560 1115860 120 30 999 NONE NONE 390
	FP_ROUTE KC..KE145

TRACK_TIME 1167737286
TRACK A20110117604255 F 333900 785560 120 30 999 NONE NONE 320
	FP_ROUTE KC..KB733

TRACK_TIME 1167737286
TRACK A20110117604257 F 360460 1151000 120 30 999 NONE NONE 340
	FP_ROUTE KC..KD328

TRACK_TIME 1167737286
TRACK A20110117604260 F 394960 1044060 120 30 999 NONE NONE 250
	FP_ROUTE KC..KB738

TRACK_TIME 1167737286
TRACK A20110117604266 F 282400 811900 120 30 999 NONE NONE 360
	FP_ROUTE KC..KB752

TRACK_TIME 1167737286
TRACK A20110117604276 F 404600 735100 120 30 999 NONE NONE 370
	FP_ROUTE KC..KMD83

TRACK_TIME 1167737286
TRACK A20110117604279 F 264500 800100 120 30 999 NONE NONE 330
	FP_ROUTE KC..KE145

TRACK_TIME 1167737286
TRACK A20110117604282 F 355100 784900 120 30 999 NONE NONE 220
	FP_ROUTE KC..KB762

TRACK_TIME 1167737286
TRACK A20110117604295 F 404200 735200 120 30 999 NONE NONE 370
	FP_ROUTE KC..KA319

TRACK_TIME 1167737286
TRACK A20110117604296 F 335500 1183300 120 30 999 NONE NONE 410
	FP_ROUTE KC..KA320

TRACK_TIME 1167737286
TRACK A20110117604297 F 395500 1044060 120 30 999 NONE NONE 390
	FP_ROUTE KC..KB752

TRACK_TIME 1167737286
TRACK A20110117604298 F 351360 805560 120 30 999 NONE NONE 270
	FP_ROUTE KT..KCRJ2

TRACK_TIME 1167737286
TRACK A20110117604303 F 275560 823300 120 30 999 NONE NONE 350
	FP_ROUTE KC..KE190

TRACK_TIME 1167737286
TRACK A20110117604306 F 282400 811800 120 30 999 NONE NONE 370
	FP_ROUTE KC..KB738

TRACK_TIME 1167737286
TRACK A20110117604312 F 260400 801060 120 30 999 NONE NONE 250
	FP_ROUTE KC..KE190

TRACK_TIME 1167737286
TRACK A20110117604313 F 414800 874600 120 30 999 NONE NONE 380
	FP_ROUTE KT..KCRJ2

TRACK_TIME 1167737286
TRACK A20110117604315 F 325500 970300 120 30 999 NONE NONE 370
	FP_ROUTE KC..KE170

TRACK_TIME 1167737286
TRACK A20110117604316 F 254660 801960 120 30 999 NONE NONE 280
	FP_ROUTE KC..KE145

TRACK_TIME 1167737286
TRACK A20110117604322 F 325500 970300 120 30 999 NONE NONE 381
	FP_ROUTE KC..KA320

TRACK_TIME 1167737286
TRACK A20110117604330 F 414200 935100 120 30 999 NONE NONE 230
	FP_ROUTE KC..KB737

TRACK_TIME 1167737286
TRACK A20110117604334 F 260460 801200 120 30 999 NONE NONE 380
	FP_ROUTE KC..KMD11

TRACK_TIME 1167737286
TRACK A20110117604339 F 373600 1222100 120 30 999 NONE NONE 360
	FP_ROUTE KC..KB737

TRACK_TIME 1167737286
TRACK A20110117604343 F 335500 1183400 120 30 999 NONE NONE 280
	FP_ROUTE KT..KCRJ2

TRACK_TIME 1167737286
TRACK A20110117604344 F 385700 1044060 120 30 999 NONE NONE 330
	FP_ROUTE KC..KB737

TRACK_TIME 1167737286
TRACK A20110117604350 F 360400 1150760 120 30 999 NONE NONE 360
	FP_ROUTE KC..KMD83

TRACK_TIME 1167737286
TRACK A20110117604360 F 404600 735260 120 30 999 NONE NONE 350
	FP_ROUTE KT..KB752

TRACK_TIME 1167737286
TRACK A20110117604366 F 333300 864660 120 30 999 NONE NONE 390
	FP_ROUTE KC..KB737

TRACK_TIME 1167737286
TRACK A20110117604368 F 384500 901900 120 30 999 NONE NONE 380
	FP_ROUTE KC..KB733

TRACK_TIME 1167737286
TRACK A20110117604369 F 302860 814300 120 30 999 NONE NONE 280
	FP_ROUTE KC..KB733

TRACK_TIME 1167737286
TRACK A20110117604376 F 445260 931360 120 30 999 NONE NONE 300
	FP_ROUTE KC..KE145

TRACK_TIME 1167737286
TRACK A20110117604378 F 350400 895800 120 30 999 NONE NONE 290
	FP_ROUTE KC..KE145

TRACK_TIME 1167737286
TRACK A20110117604384 F 333760 842860 120 30 999 NONE NONE 410
	FP_ROUTE KC..KB737

TRACK_TIME 1167737286
TRACK A20110117604388 F 211800 1575800 120 30 999 NONE NONE 220
	FP_ROUTE KC..KCRJ2

TRACK_TIME 1167737286
TRACK A20110117604397 F 395400 1044060 120 30 999 NONE NONE 360
	FP_ROUTE KC..KA320

TRACK_TIME 1167737286
TRACK A20110117604403 F 333760 843000 120 30 999 NONE NONE 240
	FP_ROUTE KC..KB737

TRACK_TIME 1167737286
TRACK A20110117604404 F 374060 1221060 120 30 999 NONE NONE 320
	FP_ROUTE KC..KA320

TRACK_TIME 1167737286
TRACK A20110117604405 F 341060 1181500 120 30 999 NONE NONE 330
	FP_ROUTE KC..KB737

TRACK_TIME 1167737286
TRACK A20110117604406 F 354660 840160 120 30 999 NONE NONE 210
	FP_ROUTE KC..KB737

TRACK_TIME 1167737286
TRACK A20110117604408 F 403700 734600 120 30 999 NONE NONE 390
	FP_ROUTE KC..KA320

TRACK_TIME 1167737286
TRACK A20110117604413 F 413460 934200 120 30 999 NONE NONE 230
	FP_ROUTE KC..KB752

TRACK_TIME 1167737286
TRACK A20110117604414 F 333760 842800 120 30 999 NONE NONE 250
	FP_ROUTE KC..KE170

TRACK_TIME 1167737286
TRACK A20110117604419 F 302860 814300 120 30 999 NONE NONE 360
	FP_ROUTE KC..KE145

TRACK_TIME 1167737286
TRACK A20110117604425 F 472800 1221900 120 30 999 NONE NONE 360
	FP_ROUTE KC..KA319

TRACK_TIME 1167737286
TRACK A20110117604442 F 325400 970100 120 30 999 NONE NONE 340
	FP_ROUTE KT..KCRJ2

TRACK_TIME 1167737286
TRACK A20110117604446 F 420000 875560 120 30 999 NONE NONE 230
	FP_ROUTE KC..KB739

TRACK_TIME 1167737286
TRACK A20110117604448 F 282800 811960 120 30 999 NONE NONE 320
	FP_ROUTE KT..KCRJ2

TRACK_TIME 1167737286
TRACK A20110117604450 F 302260 841960 120 30 999 NONE NONE 340
	FP_ROUTE KC..KE135

TRACK_TIME 1167737286
TRACK A20110117604455 F 410160 734060 120 30 999 NONE NONE 410
	FP_ROUTE KC..KB733

TRACK_TIME 1167737286
TRACK A20110117604456 F 325400 970100 120 30 999 NONE NONE 320
	FP_ROUTE KG..KPAY2

TRACK_TIME 1167737286
TRACK A20110117604457 F 394200 861900 120 30 999 NONE NONE 360
	FP_ROUTE KC..KA321

TRACK_TIME 1167737286
TRACK A20110117604460 F 395200 751660 120 30 999 NONE NONE 350
	FP_ROUTE KC..KB737

TRACK_TIME 1167737286
TRACK A20110117604461 F 374200 1221200 120 30 999 NONE NONE 360
	FP_ROUTE KC..KB735

TRACK_TIME 1167737286
TRACK A20110117604465 F 300000 952260 120 30 999 NONE NONE 330
	FP_ROUTE KC..KE145

TRACK_TIME 1167737286
TRACK A20110117604467 F 433300 1161000 120 30 999 NONE NONE 250
	FP_ROUTE KT..KCRJ9

TRACK_TIME 1167737286
TRACK A20110117604468 F 404500 735400 120 30 999 NONE NONE 370
	FP_ROUTE KC..KB735

TRACK_TIME 1167737286
TRACK A20110117604475 F 384900 770160 120 30 999 NONE NONE 290
	FP_ROUTE KC..KA319

TRACK_TIME 1167737286
TRACK A20110117604485 F 420900 891360 120 30 999 NONE NONE 330
	FP_ROUTE KC..KCRJ2

TRACK_TIME 1167737286
TRACK A20110117604487 F 431600 1141300 120 30 999 NONE NONE 230
	FP_ROUTE KT..KE145

TRACK_TIME 1167737286
TRACK A20110117604488 F 414900 874660 120 30 999 NONE NONE 350
	FP_ROUTE KC..KB733

TRACK_TIME 1167737286
TRACK A20110117604489 F 433700 1104360 120 30 999 NONE NONE 400
	FP_ROUTE KC..KE170

TRACK_TIME 1167737286
TRACK A20110117604504 F 481960 1141360 120 30 999 NONE NONE 210
	FP_ROUTE KC..KA320

TRACK_TIME 1167737286
TRACK A20110117604510 F 391500 842200 120 30 999 NONE NONE 370
	FP_ROUTE KC..KA319

TRACK_TIME 1167737286
TRACK A20110117604511 F 344360 921300 120 30 999 NONE NONE 380
	FP_ROUTE KT..KCRJ2

TRACK_TIME 1167737286
TRACK A20110117604512 F 331500 874360 120 30 999 NONE NONE 290
	FP_ROUTE KC..KMD83

TRACK_TIME 1167737286
TRACK A20110117604515 F 394360 1044060 120 30 999 NONE NONE 390
	FP_ROUTE KT..KCRJ2

TRACK_TIME 1167737286
TRACK A20110117604516 F 363400 820400 120 30 999 NONE NONE 410
	FP_ROUTE KT..KCRJ1

TRACK_TIME 1167737286
TRACK A20110117604524 F 360460 1150900 120 30 999 NONE NONE 320
	FP_ROUTE KC..KE145

TRACK_TIME 1167737286
TRACK A20110117604548 F 362260 942100 120 30 999 NONE NONE 320
	FP_ROUTE KT..KDH8D

TRACK_TIME 1167737286
TRACK A20110117604549 F 333760 843000 120 30 999 NONE NONE 290
	FP_ROUTE KT..KCRJ9

TRACK_TIME 1167737286
TRACK A20110117604562 F 303600 910400 120 30 999 NONE NONE 300
	FP_ROUTE KG..KF2TH

TRACK_TIME 1167737286
TRACK A20110117604570 F 392500 944060 120 30 999 NONE NONE 390
	FP_ROUTE KC..KB737

TRACK_TIME 1167737286
TRACK A20110117604571 F 280100 823160 120 30 999 NONE NONE 390
	FP_ROUTE KC..KB752

TRACK_TIME 1167737286
TRACK A20110117604588 F 472700 1221900 120 30 999 NONE NONE 320
	FP_ROUTE KC..KE190

TRACK_TIME 1167737286
TRACK A20110117604596 F 350300 771300 120 30 999 NONE NONE 190
	FP_ROUTE KC..KA320

TRACK_TIME 1167737286
TRACK A20110117604612 F 333760 842700 120 30 999 NONE NONE 370
	FP_ROUTE KC..KA320

TRACK_TIME 1167737286
TRACK A20110117604614 F 445400 931600 120 30 999 NONE NONE 350
	FP_ROUTE KG..KC550

TRACK_TIME 1167737286
TRACK A20110117604625 F 404200 894500 120 30 999 NONE NONE 250
	FP_ROUTE KG..KC550

TRACK_TIME 1167737286
TRACK A20110117604630 F 282400 811900 120 30 999 NONE NONE 350
	FP_ROUTE KC..KCRJ2

TRACK_TIME 1167737286
TRACK A20110117604631 F 333700 842800 120 30 999 NONE NONE 350
	FP_ROUTE KC..KB737

TRACK_TIME 1167737286
TRACK A20110117604635 F 472800 1221900 120 30 999 NONE NONE 299
	FP_ROUTE KC..KB737

TRACK_TIME 1167737286
TRACK A20110117604640 F 422100 705800 120 30 999 NONE NONE 310
	FP_ROUTE KC..KE170

TRACK_TIME 1167737286
TRACK A20110117604659 F 420000 875560 120 30 999 NONE NONE 350
	FP_ROUTE KG..KC550

TRACK_TIME 1167737286
TRACK A20110117604666 F 395560 1044060 120 30 999 NONE NONE 380
	FP_ROUTE KG..KC750

TRACK_TIME 1167737286
TRACK A20110117604670 F 282260 811900 120 30 999 NONE NONE 350
	FP_ROUTE KG..KLJ45

TRACK_TIME 1167737286
TRACK A20110117604677 F 350400 895860 120 30 999 NONE NONE 350
	FP_ROUTE KC..KB733

TRACK_TIME 1167737286
TRACK A20110117604693 F 392400 944200 120 30 999 NONE NONE 350
	FP_ROUTE KC..KB733

TRACK_TIME 1167737286
TRACK A20110117604694 F 391060 764360 120 30 999 NONE NONE 350
	FP_ROUTE KC..KCRJ2

TRACK_TIME 1167737286
TRACK A20110117604708 F 420100 875800 120 30 999 NONE NONE 370
	FP_ROUTE KT..KCRJ2

TRACK_TIME 1167737286
TRACK A20110117604709 F 275260 824060 120 30 999 NONE NONE 390
	FP_ROUTE KC..KB752

TRACK_TIME 1167737286
TRACK A20110117604713 F 444600 853460 120 30 999 NONE NONE 210
	FP_ROUTE KC..KB734

TRACK_TIME 1167737286
TRACK A20110117604714 F 351200 805800 120 30 999 NONE NONE 350
	FP_ROUTE KC..KA319

TRACK_TIME 1167737286
TRACK A20110117604715 F 415700 724060 120 30 999 NONE NONE 370
	FP_ROUTE KC..KE190

TRACK_TIME 1167737286
TRACK A20110117604721 F 403600 734660 120 30 999 NONE NONE 210
	FP_ROUTE KC..KE120

TRACK_TIME 1167737286
TRACK A20110117604724 F 415860 875200 120 30 999 NONE NONE 350
	FP_ROUTE KT..KCRJ2

TRACK_TIME 1167737286
TRACK A20110117604728 F 412500 814960 120 30 999 NONE NONE 350
	FP_ROUTE KC..KCRJ2

TRACK_TIME 1167737286
TRACK A20110117604733 F 332560 1120300 120 30 999 NONE NONE 340
	FP_ROUTE KT..KCRJ9

TRACK_TIME 1167737286
TRACK A20110117604734 F 340300 1174600 120 30 999 NONE NONE 300
	FP_ROUTE KC..KB733

TRACK_TIME 1167737286
TRACK A20110117604741 F 351200 805560 120 30 999 NONE NONE 200
	FP_ROUTE KC..KB733

TRACK_TIME 1167737286
TRACK A20110117604761 F 605700 1514600 120 30 999 NONE NONE 310
	FP_ROUTE KC..KB738

TRACK_TIME 1167737286
TRACK A20110117604763 F 404000 734660 120 30 999 NONE NONE 360
	FP_ROUTE KC..KB712

TRACK_TIME 1167737286
TRACK A20110117604765 F 445400 931360 120 30 999 NONE NONE 340
	FP_ROUTE KC..KA320

TRACK_TIME 1167737286
TRACK A20110117604778 F 295860 951800 120 30 999 NONE NONE 360
	FP_ROUTE KC..KB712

TRACK_TIME 1167737286
TRACK A20110117604779 F 404600 1120000 120 30 999 NONE NONE 340
	FP_ROUTE KC..KB733

TRACK_TIME 1167737286
TRACK A20110117604780 F 404500 735400 120 30 999 NONE NONE 230
	FP_ROUTE KC..KB712

TRACK_TIME 1167737286
TRACK A20110117604781 F 282800 811800 120 30 999 NONE NONE 360
	FP_ROUTE KC..KB752

TRACK_TIME 1167737286
TRACK A20110117604784 F 402100 795700 120 30 999 NONE NONE 370
	FP_ROUTE KC..KE145

TRACK_TIME 1167737286
TRACK A20110117604785 F 320700 804600 120 30 999 NONE NONE 340
	FP_ROUTE KT..KCRJ9

TRACK_TIME 1167737286
TRACK A20110117604790 F 360600 864000 120 30 999 NONE NONE 360
	FP_ROUTE KC..KB737

TRACK_TIME 1167737286
TRACK A20110117604791 F 351200 805800 120 30 999 NONE NONE 350
	FP_ROUTE KC..KA320

TRACK_TIME 1167737286
TRACK A20110117604794 F 333600 1115560 120 30 999 NONE NONE 370
	FP_ROUTE KG..KC560

TRACK_TIME 1167737286
TRACK A20110117604796 F 384900 770160 120 30 999 NONE NONE 350
	FP_ROUTE KC..KB733

TRACK_TIME 1167737286
TRACK A20110117604806 F 300000 952260 120 30 999 NONE NONE 340
	FP_ROUTE KC..KB737

TRACK_TIME 1167737286
TRACK A20110117604812 F 473900 1173000 120 30 999 NONE NONE 310
	FP_ROUTE KC..KA320

TRACK_TIME 1167737286
TRACK A20110117604814 F 423600 1135260 120 30 999 NONE NONE 180
	FP_ROUTE KC..KB738

TRACK_TIME 1167737286
TRACK A20110117604822 F 403600 734660 120 30 999 NONE NONE 370
	FP_ROUTE KC..KB738

TRACK_TIME 1167737286
TRACK A20110117604823 F 404600 735100 120 30 999 NONE NONE 350
	FP_ROUTE KC..KMD83

TRACK_TIME 1167737286
TRACK A20110117604824 F 420160 875700 120 30 999 NONE NONE 380
	FP_ROUTE KC..KB752

TRACK_TIME 1167737286
TRACK A20110117604830 F 351060 805560 120 30 999 NONE NONE 280
	FP_ROUTE KT..KCRJ2

TRACK_TIME 1167737286
TRACK A20110117604831 F 404360 735500 120 30 999 NONE NONE 330
	FP_ROUTE KT..KCRJ2

TRACK_TIME 1167737286
TRACK A20110117604836 F 401060 1050160 120 30 999 NONE NONE 330
	FP_ROUTE KC..KB737

TRACK_TIME 1167737286
TRACK A20110117604839 F 334300 1175100 120 30 999 NONE NONE 360
	FP_ROUTE KC..KCRJ2

TRACK_TIME 1167737286
TRACK A20110117604842 F 374060 1221200 120 30 999 NONE NONE 250
	FP_ROUTE KC..KB737

TRACK_TIME 1167737286
TRACK A20110117604847 F 300000 901500 120 30 999 NONE NONE 320
	FP_ROUTE KC..KB737

TRACK_TIME 1167737286
TRACK A20110117604852 F 351660 1204360 120 30 999 NONE NONE 340
	FP_ROUTE KG..KBE20

TRACK_TIME 1167737286
TRACK A20110117604853 F 425560 784500 120 30 999 NONE NONE 230
	FP_ROUTE KC..KB737

TRACK_TIME 1167737286
TRACK A20110117604854 F 420000 874660 120 30 999 NONE NONE 360
	FP_ROUTE KC..KB753

TRACK_TIME 1167737286
TRACK A20110117604855 F 394900 1044000 120 30 999 NONE NONE 380
	FP_ROUTE KC..KCRJ2

TRACK_TIME 1167737286
TRACK A20110117604859 F 384900 770160 120 30 999 NONE NONE 370
	FP_ROUTE KC..KCRJ2

TRACK_TIME 1167737286
TRACK A20110117604861 F 472700 1221900 120 30 999 NONE NONE 340
	FP_ROUTE KC..KCRJ2

TRACK_TIME 1167737286
TRACK A20110117604870 F 261300 981660 120 30 999 NONE NONE 340
	FP_ROUTE KC..KB712

TRACK_TIME 1167737286
TRACK A20110117604876 F 263760 814360 120 30 999 NONE NONE 410
	FP_ROUTE KC..KCRJ2

TRACK_TIME 1167737286
TRACK A20110117604877 F 413900 862200 120 30 999 NONE NONE 430
	FP_ROUTE KC..KMD83

TRACK_TIME 1167737286
TRACK A20110117604882 F 404500 1115800 120 30 999 NONE NONE 310
	FP_ROUTE KC..KA320

TRACK_TIME 1167737286
TRACK A20110117604885 F 404600 964360 120 30 999 NONE NONE 330
	FP_ROUTE KC..KB752

TRACK_TIME 1167737286
TRACK A20110117604889 F 264060 801660 120 30 999 NONE NONE 380
	FP_ROUTE KC..KMD83

TRACK_TIME 1167737286
TRACK A20110117604901 F 422560 705860 120 30 999 NONE NONE 230
	FP_ROUTE KC..KB752

TRACK_TIME 1167737286
TRACK A20110117604904 F 371360 801300 120 30 999 NONE NONE 220
	FP_ROUTE KC..KMD83

TRACK_TIME 1167737286
TRACK A20110117604906 F 395200 751360 120 30 999 NONE NONE 250
	FP_ROUTE KC..KB738

TRACK_TIME 1167737286
TRACK A20110117604910 F 420160 875200 120 30 999 NONE NONE 340
	FP_ROUTE KC..KB752

TRACK_TIME 1167737286
TRACK A20110117604915 F 264060 801200 120 30 999 NONE NONE 300
	FP_ROUTE KC..KA319

TRACK_TIME 1167737286
TRACK A20110117604916 F 422100 710100 120 30 999 NONE NONE 391
	FP_ROUTE KC..KE190

TRACK_TIME 1167737286
TRACK A20110117604918 F 420100 875560 120 30 999 NONE NONE 380
	FP_ROUTE KT..KCRJ1

TRACK_TIME 1167737286
TRACK A20110117604921 F 422200 710100 120 30 999 NONE NONE 380
	FP_ROUTE KC..KA320

TRACK_TIME 1167737286
TRACK A20110117604927 F 282400 811660 120 30 999 NONE NONE 350
	FP_ROUTE KC..KA319

TRACK_TIME 1167737286
TRACK A20110117604931 F 263760 813600 120 30 999 NONE NONE 360
	FP_ROUTE KC..KB752

TRACK_TIME 1167737286
TRACK A20110117604932 F 464900 920400 120 30 999 NONE NONE 310
	FP_ROUTE KC..KMD82

TRACK_TIME 1167737286
TRACK A20110117604944 F 390000 772800 120 30 999 NONE NONE 390
	FP_ROUTE KC..KCRJ2

TRACK_TIME 1167737286
TRACK A20110117604946 F 395260 1043600 120 30 999 NONE NONE 380
	FP_ROUTE KT..KCRJ1

TRACK_TIME 1167737286
TRACK A20110117604948 F 333760 842800 120 30 999 NONE NONE 350
	FP_ROUTE KT..KDH8D

TRACK_TIME 1167737286
TRACK A20110117604949 F 373600 1221900 120 30 999 NONE NONE 230
	FP_ROUTE KC..KB733

TRACK_TIME 1167737286
TRACK A20110117604953 F 354960 784960 120 30 999 NONE NONE 220
	FP_ROUTE KC..KE145

TRACK_TIME 1167737286
TRACK A20110117604956 F 404500 735400 120 30 999 NONE NONE 280
	FP_ROUTE KC..KA320

TRACK_TIME 1167737286
TRACK A20110117604958 F 333700 842860 120 30 999 NONE NONE 340
	FP_ROUTE KC..KE170

TRACK_TIME 1167737286
TRACK A20110117604965 F 335800 811000 120 30 999 NONE NONE 190
	FP_ROUTE KC..KA320

TRACK_TIME 1167737286
TRACK A20110117604969 F 302800 871500 120 30 999 NONE NONE 400
	FP_ROUTE KC..KB738

TRACK_TIME 1167737286
TRACK A20110117604970 F 410160 852260 120 30 999 NONE NONE 390
	FP_ROUTE KC..KE145

TRACK_TIME 1167737286
TRACK A20110117604973 F 403460 734900 120 30 999 NONE NONE 370
	FP_ROUTE KT..KCRJ2

TRACK_TIME 1167737286
TRACK A20110117604978 F 325500 970300 120 30 999 NONE NONE 370
	FP_ROUTE KC..KCRJ2

TRACK_TIME 1167737286
TRACK A20110117604989 F 384360 1213600 120 30 999 NONE NONE 360
	FP_ROUTE KC..KB738

TRACK_TIME 1167737286
TRACK A20110117604991 F 472700 1221900 120 30 999 NONE NONE 320
	FP_ROUTE KC..KB737

TRACK_TIME 1167737286
TRACK A20110117604996 F 472860 1221900 120 30 999 NONE NONE 340
	FP_ROUTE KC..KCRJ2

TRACK_TIME 1167737286
TRACK A20110117604998 F 420000 875700 120 30 999 NONE NONE 270
	FP_ROUTE KC..KB737

TRACK_TIME 1167737286
TRACK A20110117604999 F 404500 734960 120 30 999 NONE NONE 350
	FP_ROUTE KC..KA319

TRACK_TIME 1167737286
TRACK A20110117605002 F 384500 901900 120 30 999 NONE NONE 330
	FP_ROUTE KC..KB753

TRACK_TIME 1167737286
TRACK A20110117605004 F 420000 875700 120 30 999 NONE NONE 330
	FP_ROUTE KC..KE120

TRACK_TIME 1167737286
TRACK A20110117605009 F 394800 1043900 120 30 999 NONE NONE 380
	FP_ROUTE KC..KB737

TRACK_TIME 1167737286
TRACK A20110117605014 F 302560 890700 120 30 999 NONE NONE 280
	FP_ROUTE KC..KB752

TRACK_TIME 1167737286
TRACK A20110117605015 F 333760 842860 120 30 999 NONE NONE 290
	FP_ROUTE KC..KMD82

TRACK_TIME 1167737286
TRACK A20110117605019 F 472700 1221900 120 30 999 NONE NONE 340
	FP_ROUTE KC..KB737

TRACK_TIME 1167737286
TRACK A20110117605027 F 332560 1115700 120 30 999 NONE NONE 330
	FP_ROUTE KC..KB763

TRACK_TIME 1167737286
TRACK A20110117605030 F 333760 842800 120 30 999 NONE NONE 350
	FP_ROUTE KC..KA320

TRACK_TIME 1167737286
TRACK A20110117605031 F 403900 741060 120 30 999 NONE NONE 350
	FP_ROUTE KC..KCRJ2

TRACK_TIME 1167737286
TRACK A20110117605034 F 373600 1221960 120 30 999 NONE NONE 360
	FP_ROUTE KC..KA319

TRACK_TIME 1167737286
TRACK A20110117605037 F 282860 811960 120 30 999 NONE NONE 370
	FP_ROUTE KT..KCRJ2

TRACK_TIME 1167737286
TRACK A20110117605045 F 422560 705860 120 30 999 NONE NONE 210
	FP_ROUTE KC..KB712

TRACK_TIME 1167737286
TRACK A20110117605050 F 384900 770160 120 30 999 NONE NONE 350
	FP_ROUTE KC..KE170

TRACK_TIME 1167737286
TRACK A20110117605063 F 302100 842200 120 30 999 NONE NONE 230
	FP_ROUTE KC..KE170

TRACK_TIME 1167737286
TRACK A20110117605064 F 333700 842800 120 30 999 NONE NONE 220
	FP_ROUTE KC..KE170

TRACK_TIME 1167737286
TRACK A20110117605070 F 325560 970160 120 30 999 NONE NONE 360
	FP_ROUTE KC..KE145

TRACK_TIME 1167737286
TRACK A20110117605072 F 400760 763460 120 30 999 NONE NONE 350
	FP_ROUTE KC..KMD83

TRACK_TIME 1167737286
TRACK A20110117605077 F 333760 842860 120 30 999 NONE NONE 350
	FP_ROUTE KC..KB753

TRACK_TIME 1167737286
TRACK A20110117605080 F 335700 1182700 120 30 999 NONE NONE 320
	FP_ROUTE KC..KB734

TRACK_TIME 1167737286
TRACK A20110117605081 F 374060 1221000 120 30 999 NONE NONE 360
	FP_ROUTE KC..KCRJ9

TRACK_TIME 1167737286
TRACK A20110117605084 F 360160 800100 120 30 999 NONE NONE 300
	FP_ROUTE KC..KCRJ2

TRACK_TIME 1167737286
TRACK A20110117605088 F 394800 1043900 120 30 999 NONE NONE 350
	FP_ROUTE KC..KE145

TRACK_TIME 1167737286
TRACK A20110117605099 F 404000 734600 120 30 999 NONE NONE 370
	FP_ROUTE KC..KB712

TRACK_TIME 1167737286
TRACK A20110117605103 F 420760 875500 120 30 999 NONE NONE 410
	FP_ROUTE KC..KCRJ2

TRACK_TIME 1167737286
TRACK A20110117605105 F 350100 1063760 120 30 999 NONE NONE 330
	FP_ROUTE KT..KCRJ1

TRACK_TIME 1167737286
TRACK A20110117605108 F 404000 741060 120 30 999 NONE NONE 290
	FP_ROUTE KC..KA320

TRACK_TIME 1167737286
TRACK A20110117605109 F 360460 1151000 120 30 999 NONE NONE 380
	FP_ROUTE KC..KE145

TRACK_TIME 1167737286
TRACK A20110117605112 F 335700 1182260 120 30 999 NONE NONE 380
	FP_ROUTE KC..KB712

TRACK_TIME 1167737286
TRACK A20110117605113 F 335560 1182400 120 30 999 NONE NONE 380
	FP_ROUTE KC..KB739

TRACK_TIME 1167737286
TRACK A20110117605117 F 333900 1175260 120 30 999 NONE NONE 360
	FP_ROUTE KC..KB734

TRACK_TIME 1167737286
TRACK A20110117605122 F 373600 1222100 120 30 999 NONE NONE 370
	FP_ROUTE KC..KA320

TRACK_TIME 1167737286
TRACK A20110117605126 F 350400 895860 120 30 999 NONE NONE 370
	FP_ROUTE KC..KE120

TRACK_TIME 1167737286
TRACK A20110117605130 F 374060 972560 120 30 999 NONE NONE 330
	FP_ROUTE KC..KB752

TRACK_TIME 1167737286
TRACK A20110117605134 F 354660 840100 120 30 999 NONE NONE 210
	FP_ROUTE KT..KDH8D

TRACK_TIME 1167737286
TRACK A20110117605142 F 411900 754360 120 30 999 NONE NONE 250
	FP_ROUTE KC..KB737

TRACK_TIME 1167737286
TRACK A20110117605144 F 355100 784960 120 30 999 NONE NONE 290
	FP_ROUTE KC..KCRJ2

TRACK_TIME 1167737286
TRACK A20110117605146 F 412560 814900 120 30 999 NONE NONE 320
	FP_ROUTE KC..KB737

TRACK_TIME 1167737286
TRACK A20110117605147 F 403760 734360 120 30 999 NONE NONE 290
	FP_ROUTE KC..KB737

TRACK_TIME 1167737286
TRACK A20110117605148 F 405860 1240700 120 30 999 NONE NONE 240
	FP_ROUTE KC..KCRJ2

TRACK_TIME 1167737286
TRACK A20110117605152 F 355100 784960 120 30 999 NONE NONE 310
	FP_ROUTE KC..KB737

TRACK_TIME 1167737286
TRACK A20110117605153 F 325500 970300 120 30 999 NONE NONE 320
	FP_ROUTE KC..KB734

TRACK_TIME 1167737286
TRACK A20110117605160 F 421300 831960 120 30 999 NONE NONE 350
	FP_ROUTE KC..KB752

TRACK_TIME 1167737286
TRACK A20110117605171 F 412560 814900 120 30 999 NONE NONE 240
	FP_ROUTE KC..KE145

TRACK_TIME 1167737286
TRACK A20110117605173 F 325500 970300 120 30 999 NONE NONE 360
	FP_ROUTE KC..KCRJ2

TRACK_TIME 1167737286
TRACK A20110117605190 F 331360 1035800 120 30 999 NONE NONE 360
	FP_ROUTE KC..KB737

TRACK_TIME 1167737286
TRACK A20110117605191 F 360460 1151000 120 30 999 NONE NONE 360
	FP_ROUTE KT..KCRJ2

TRACK_TIME 1167737286
TRACK A20110117605197 F 260400 801200 120 30 999 NONE NONE 350
	FP_ROUTE KC..KE145

TRACK_TIME 1167737286
TRACK A20110117605208 F 265260 820400 120 30 999 NONE NONE 410
	FP_ROUTE KT..KCRJ1

TRACK_TIME 1167737286
TRACK A20110117605214 F 421360 832200 120 30 999 NONE NONE 350
	FP_ROUTE KC..KA319

TRACK_TIME 1167737286
TRACK A20110117605215 F 302260 841200 120 30 999 NONE NONE 230
	FP_ROUTE KG..KPAY2

TRACK_TIME 1167737286
TRACK A20110117605220 F 333700 842860 120 30 999 NONE NONE 220
	FP_ROUTE KC..KB752

TRACK_TIME 1167737286
TRACK A20110117605221 F 445400 931360 120 30 999 NONE NONE 360
	FP_ROUTE KT..KCRJ9

TRACK_TIME 1167737286
TRACK A20110117605222 F 403700 734360 120 30 999 NONE NONE 350
	FP_ROUTE KC..KCRJ2

TRACK_TIME 1167737286
TRACK A20110117605224 F 333760 842800 120 30 999 NONE NONE 270
	FP_ROUTE KT..KC560

TRACK_TIME 1167737286
TRACK A20110117605230 F 394800 1043900 120 30 999 NONE NONE 400
	FP_ROUTE KC..KB752

TRACK_TIME 1167737286
TRACK A20110117605231 F 335700 1182400 120 30 999 NONE NONE 400
	FP_ROUTE KC..KB752

TRACK_TIME 1167737286
TRACK A20110117605232 F 371960 1215400 120 30 999 NONE NONE 360
	FP_ROUTE KC..KA320

TRACK_TIME 1167737286
TRACK A20110117605234 F 384500 901960 120 30 999 NONE NONE 330
	FP_ROUTE KC..KMD83

TRACK_TIME 1167737286
TRACK A20110117605235 F 371660 932200 120 30 999 NONE NONE 280
	FP_ROUTE KC..KB712

TRACK_TIME 1167737286
TRACK A20110117605237 F 404600 1120000 120 30 999 NONE NONE 340
	FP_ROUTE KC..KE135

TRACK_TIME 1167737286
TRACK A20110117605238 F 300000 951660 120 30 999 NONE NONE 360
	FP_ROUTE KG..KBE20

TRACK_TIME 1167737286
TRACK A20110117605239 F 372100 1215500 120 30 999 NONE NONE 360
	FP_ROUTE KC..KCRJ2

TRACK_TIME 1167737286
TRACK A20110117605248 F 244200 810760 120 30 999 NONE NONE 430
	FP_ROUTE KC..KCRJ9

TRACK_TIME 1167737286
TRACK A20110117605249 F 404960 740600 120 30 999 NONE NONE 410
	FP_ROUTE KG..KBE20

TRACK_TIME 1167737286
TRACK A20110117605263 F 472800 1221900 120 30 999 NONE NONE 360
	FP_ROUTE KT..KCRJ2

TRACK_TIME 1167737286
TRACK A20110117605264 F 353400 973900 120 30 999 NONE NONE 400
	FP_ROUTE KC..KB733

TRACK_TIME 1167737286
TRACK A20110117605266 F 431500 1140460 120 30 999 NONE NONE 430
	FP_ROUTE KC..KB733

TRACK_TIME 1167737286
TRACK A20110117605268 F 425860 875260 120 30 999 NONE NONE 340
	FP_ROUTE KC..KE170

TRACK_TIME 1167737286
TRACK A20110117605272 F 300000 951660 120 30 999 NONE NONE 380
	FP_ROUTE KC..KE170

TRACK_TIME 1167737286
TRACK A20110117605276 F 395200 751660 120 30 999 NONE NONE 270
	FP_ROUTE KC..KA319

TRACK_TIME 1167737286
TRACK A20110117605280 F 412560 814900 120 30 999 NONE NONE 280
	FP_ROUTE KC..KE170

TRACK_TIME 1167737286
TRACK A20110117605281 F 394660 1044000 120 30 999 NONE NONE 370
	FP_ROUTE KC..KB737

TRACK_TIME 1167737286
TRACK A20110117605285 F 293900 951800 120 30 999 NONE NONE 340
	FP_ROUTE KC..KB737

TRACK_TIME 1167737286
TRACK A20110117605289 F 325500 970160 120 30 999 NONE NONE 340
	FP_ROUTE KC..KA319

TRACK_TIME 1167737286
TRACK A20110117605292 F 340160 1182700 120 30 999 NONE NONE 250
	FP_ROUTE KC..KA319

TRACK_TIME 1167737286
TRACK A20110117605304 F 391060 764360 120 30 999 NONE NONE 230
	FP_ROUTE KC..KA319

TRACK_TIME 1167737286
TRACK A20110117605308 F 360460 1151000 120 30 999 NONE NONE 380
	FP_ROUTE KC..KB752

TRACK_TIME 1167737286
TRACK A20110117605309 F 472800 1221900 120 30 999 NONE NONE 380
	FP_ROUTE KC..KB737

TRACK_TIME 1167737286
TRACK A20110117605311 F 373600 1221960 120 30 999 NONE NONE 360
	FP_ROUTE KC..KE145

TRACK_TIME 1167737286
TRACK A20110117605312 F 371960 1215400 120 30 999 NONE NONE 370
	FP_ROUTE KC..KB737

TRACK_TIME 1167737286
TRACK A20110117605325 F 414900 874660 120 30 999 NONE NONE 400
	FP_ROUTE KC..KB737

TRACK_TIME 1167737286
TRACK A20110117605335 F 420100 875560 120 30 999 NONE NONE 360
	FP_ROUTE KC..KB737

TRACK_TIME 1167737286
TRACK A20110117605338 F 333460 1175700 120 30 999 NONE NONE 380
	FP_ROUTE KC..KB752

TRACK_TIME 1167737286
TRACK A20110117605339 F 445400 931500 120 30 999 NONE NONE 430
	FP_ROUTE KC..KB739

TRACK_TIME 1167737286
TRACK A20110117605340 F 373600 1221900 120 30 999 NONE NONE 380
	FP_ROUTE KC..KMD82

TRACK_TIME 1167737286
TRACK A20110117605341 F 280100 823160 120 30 999 NONE NONE 360
	FP_ROUTE KC..KB738

TRACK_TIME 1167737286
TRACK A20110117605357 F 333760 842860 120 30 999 NONE NONE 310
	FP_ROUTE KC..KE145

TRACK_TIME 1167737286
TRACK A20110117605360 F 420000 875560 120 30 999 NONE NONE 400
	FP_ROUTE KC..KE170

TRACK_TIME 1167737286
TRACK A20110117605362 F 445200 931000 120 30 999 NONE NONE 370
	FP_ROUTE KC..KB737

TRACK_TIME 1167737286
TRACK A20110117605364 F 394900 1044000 120 30 999 NONE NONE 350
	FP_ROUTE KC..KCRJ2

TRACK_TIME 1167737286
TRACK A20110117605365 F 293300 983000 120 30 999 NONE NONE 340
	FP_ROUTE KC..KCRJ9

TRACK_TIME 1167737286
TRACK A20110117605366 F 421360 831960 120 30 999 NONE NONE 320
	FP_ROUTE KC..KE145

TRACK_TIME 1167737286
TRACK A20110117605367 F 420000 875700 120 30 999 NONE NONE 370
	FP_ROUTE KC..KE145

TRACK_TIME 1167737286
TRACK A20110117605368 F 295860 901500 120 30 999 NONE NONE 360
	FP_ROUTE KC..KE135

TRACK_TIME 1167737286
TRACK A20110117605369 F 404900 1120000 120 30 999 NONE NONE 350
	FP_ROUTE KC..KB712

TRACK_TIME 1167737286
TRACK A20110117605370 F 395200 751660 120 30 999 NONE NONE 330
	FP_ROUTE KC..KB763

TRACK_TIME 1167737286
TRACK A20110117605371 F 363600 822500 120 30 999 NONE NONE 410
	FP_ROUTE KG..KC750

TRACK_TIME 1167737286
TRACK A20110117605374 F 383600 901200 120 30 999 NONE NONE 400
	FP_ROUTE KC..KE170

TRACK_TIME 1167737286
TRACK A20110117605377 F 182560 660100 120 30 999 NONE NONE 391
	FP_ROUTE KT..KCRJ2

TRACK_TIME 1167737286
TRACK A20110117605391 F 254800 801360 120 30 999 NONE NONE 360
	FP_ROUTE KC..KB737

TRACK_TIME 1167737286
TRACK A20110117605394 F 325200 1131900 120 30 999 NONE NONE 200
	FP_ROUTE KC..KB737

TRACK_TIME 1167737286
TRACK A20110117605395 F 385860 942700 120 30 999 NONE NONE 310
	FP_ROUTE KC..KE190

TRACK_TIME 1167737286
TRACK A20110117605415 F 340300 1174500 120 30 999 NONE NONE 390
	FP_ROUTE KC..KB752

TRACK_TIME 1167737286
TRACK A20110117605416 F 421300 831960 120 30 999 NONE NONE 350
	FP_ROUTE KC..KA320

TRACK_TIME 1167737286
TRACK A20110117605419 F 414900 874800 120 30 999 NONE NONE 390
	FP_ROUTE KC..KMD83

TRACK_TIME 1167737286
TRACK A20110117605422 F 422100 710100 120 30 999 NONE NONE 390
	FP_ROUTE KC..KE170

TRACK_TIME 1167737286
TRACK A20110117605437 F 414060 712800 120 30 999 NONE NONE 250
	FP_ROUTE KC..KB737

TRACK_TIME 1167737286
TRACK A20110117605438 F 263600 813760 120 30 999 NONE NONE 360
	FP_ROUTE KC..KE120

TRACK_TIME 1167737286
TRACK A20110117605439 F 280160 823160 120 30 999 NONE NONE 390
	FP_ROUTE KC..KCL60

TRACK_TIME 1167737286
TRACK A20110117605449 F 391060 764360 120 30 999 NONE NONE 370
	FP_ROUTE KC..KB738

TRACK_TIME 1167737286
TRACK A20110117605450 F 350400 895800 120 30 999 NONE NONE 390
	FP_ROUTE KG..KLJ45

TRACK_TIME 1167737286
TRACK A20110117605453 F 182560 660160 120 30 999 NONE NONE 370
	FP_ROUTE KT..KCRJ9

TRACK_TIME 1167737286
TRACK A20110117605473 F 420100 875560 120 30 999 NONE NONE 380
	FP_ROUTE KC..KB752

TRACK_TIME 1167737286
TRACK A20110117605474 F 254660 802100 120 30 999 NONE NONE 340
	FP_ROUTE KC..KB737

TRACK_TIME 1167737286
TRACK A20110117605482 F 332560 1115860 120 30 999 NONE NONE 340
	FP_ROUTE KC..KB739

TRACK_TIME 1167737286
TRACK A20110117605485 F 445200 931060 120 30 999 NONE NONE 270
	FP_ROUTE KC..KB733

TRACK_TIME 1167737286
TRACK A20110117605486 F 394960 1044060 120 30 999 NONE NONE 350
	FP_ROUTE KT..KCRJ2

TRACK_TIME 1167737286
TRACK A20110117605487 F 324600 1171900 120 30 999 NONE NONE 320
	FP_ROUTE KC..KB737

TRACK_TIME 1167737286
TRACK A20110117605490 F 354600 840300 120 30 999 NONE NONE 370
	FP_ROUTE KC..KA320

TRACK_TIME 1167737286
TRACK A20110117605498 F 332560 1120160 120 30 999 NONE NONE 320
	FP_ROUTE KC..KCRJ9

TRACK_TIME 1167737286
TRACK A20110117605501 F 395200 841500 120 30 999 NONE NONE 410
	FP_ROUTE KG..KBE20

TRACK_TIME 1167737286
TRACK A20110117605502 F 301800 974000 120 30 999 NONE NONE 360
	FP_ROUTE KT..KCRJ2

TRACK_TIME 1167737286
TRACK A20110117605511 F 325500 970160 120 30 999 NONE NONE 360
	FP_ROUTE KC..KCRJ2

TRACK_TIME 1167737286
TRACK A20110117605512 F 335560 1183460 120 30 999 NONE NONE 319
	FP_ROUTE KT..KE145

TRACK_TIME 1167737286
TRACK A20110117605515 F 332700 1120400 120 30 999 NONE NONE 340
	FP_ROUTE KC..KB712

TRACK_TIME 1167737286
TRACK A20110117605516 F 360460 1150900 120 30 999 NONE NONE 280
	FP_ROUTE KC..KA320

TRACK_TIME 1167737286
TRACK A20110117605517 F 421300 831960 120 30 999 NONE NONE 300
	FP_ROUTE KC..KCRJ2

TRACK_TIME 1167737286
TRACK A20110117605536 F 282260 811660 120 30 999 NONE NONE 380
	FP_ROUTE KC..KB738

TRACK_TIME 1167737286
TRACK A20110117605537 F 425800 875400 120 30 999 NONE NONE 370
	FP_ROUTE KC..KB737

TRACK_TIME 1167737286
TRACK A20110117605541 F 384800 770160 120 30 999 NONE NONE 220
	FP_ROUTE KC..KB734

TRACK_TIME 1167737286
TRACK A20110117605546 F 324600 1171800 120 30 999 NONE NONE 340
	FP_ROUTE KC..KE135

TRACK_TIME 1167737286
TRACK A20110117605551 F 333760 842800 120 30 999 NONE NONE 390
	FP_ROUTE KC..KA319

TRACK_TIME 1167737286
TRACK A20110117605560 F 394600 861500 120 30 999 NONE NONE 380
	FP_ROUTE KT..KE135

TRACK_TIME 1167737286
TRACK A20110117605563 F 360400 1150760 120 30 999 NONE NONE 360
	FP_ROUTE KC..KE145

TRACK_TIME 1167737286
TRACK A20110117605567 F 414800 874360 120 30 999 NONE NONE 380
	FP_ROUTE KC..KE145

TRACK_TIME 1167737286
TRACK A20110117605569 F 334060 1175200 120 30 999 NONE NONE 320
	FP_ROUTE KT..KE145

TRACK_TIME 1167737286
TRACK A20110117605570 F 373600 1221900 120 30 999 NONE NONE 380
	FP_ROUTE KC..KA320

TRACK_TIME 1167737286
TRACK A20110117605573 F 341200 780000 120 30 999 NONE NONE 240
	FP_ROUTE KC..KB737

TRACK_TIME 1167737286
TRACK A20110117605574 F 333700 842860 120 30 999 NONE NONE 280
	FP_ROUTE KC..KMD82

TRACK_TIME 1167737286
TRACK A20110117605578 F 301060 974000 120 30 999 NONE NONE 350
	FP_ROUTE KC..KB738

TRACK_TIME 1167737286
TRACK A20110117605588 F 384500 901960 120 30 999 NONE NONE 340
	FP_ROUTE KC..KB733

TRACK_TIME 1167737286
TRACK A20110117605589 F 421960 710100 120 30 999 NONE NONE 310
	FP_ROUTE KC..KCRJ2

TRACK_TIME 1167737286
TRACK A20110117605590 F 332560 1120300 120 30 999 NONE NONE 360
	FP_ROUTE KC..KB738

TRACK_TIME 1167737286
TRACK A20110117605591 F 404660 1120000 120 30 999 NONE NONE 360
	FP_ROUTE KC..KB735

TRACK_TIME 1167737286
TRACK A20110117605594 F 405800 1240600 120 30 999 NONE NONE 220
	FP_ROUTE KC..KB735

TRACK_TIME 1167737286
TRACK A20110117605597 F 384360 773100 120 30 999 NONE NONE 370
	FP_ROUTE KC..KB762

TRACK_TIME 1167737286
TRACK A20110117605602 F 410400 1050000 120 30 999 NONE NONE 270
	FP_ROUTE KC..KB752

TRACK_TIME 1167737286
TRACK A20110117605608 F 394800 1044000 120 30 999 NONE NONE 370
	FP_ROUTE KC..KE120

TRACK_TIME 1167737286
TRACK A20110117605614 F 282800 811960 120 30 999 NONE NONE 210
	FP_ROUTE KC..KB738

TRACK_TIME 1167737286
TRACK A20110117605616 F 394960 1044060 120 30 999 NONE NONE 330
	FP_ROUTE KT..KCRJ2

TRACK_TIME 1167737286
TRACK A20110117605619 F 445860 910460 120 30 999 NONE NONE 240
	FP_ROUTE KT..KCRJ2

TRACK_TIME 1167737286
TRACK A20110117605622 F 335560 1182100 120 30 999 NONE NONE 360
	FP_ROUTE KT..KCRJ2

TRACK_TIME 1167737286
TRACK A20110117605623 F 415860 875200 120 30 999 NONE NONE 270
	FP_ROUTE KC..KCRJ2

TRACK_TIME 1167737286
TRACK A20110117605631 F 395200 751660 120 30 999 NONE NONE 330
	FP_ROUTE KC..KB712

TRACK_TIME 1167737286
TRACK A20110117605643 F 404900 1115860 120 30 999 NONE NONE 350
	FP_ROUTE KC..KE190

TRACK_TIME 1167737286
TRACK A20110117605644 F 421360 832200 120 30 999 NONE NONE 350
	FP_ROUTE KC..KB733

TRACK_TIME 1167737286
TRACK A20110117605645 F 303600 911200 120 30 999 NONE NONE 300
	FP_ROUTE KC..KB733

TRACK_TIME 1167737286
TRACK A20110117605647 F 333760 842700 120 30 999 NONE NONE 330
	FP_ROUTE KC..KB733

TRACK_TIME 1167737286
TRACK A20110117605648 F 395260 1043600 120 30 999 NONE NONE 320
	FP_ROUTE KC..KA320

TRACK_TIME 1167737286
TRACK A20110117605654 F 395260 751360 120 30 999 NONE NONE 290
	FP_ROUTE KC..KCRJ2

TRACK_TIME 1167737286
TRACK A20110117605664 F 420100 875800 120 30 999 NONE NONE 380
	FP_ROUTE KT..KCRJ9

TRACK_TIME 1167737286
TRACK A20110117605669 F 335700 1182800 120 30 999 NONE NONE 400
	FP_ROUTE KT..KCRJ1

TRACK_TIME 1167737286
TRACK A20110117605670 F 390100 772800 120 30 999 NONE NONE 390
	FP_ROUTE KC..KB733

TRACK_TIME 1167737286
TRACK A20110117605673 F 295800 951200 120 30 999 NONE NONE 330
	FP_ROUTE KG..KF2TH

TRACK_TIME 1167737286
TRACK A20110117605674 F 415400 914360 120 30 999 NONE NONE 220
	FP_ROUTE KC..KB738

TRACK_TIME 1167737286
TRACK A20110117605675 F 360000 864360 120 30 999 NONE NONE 330
	FP_ROUTE KC..KE135

TRACK_TIME 1167737286
TRACK A20110117605687 F 394960 1044060 120 30 999 NONE NONE 390
	FP_ROUTE KT..KC750

TRACK_TIME 1167737286
TRACK A20110117605689 F 400000 825560 120 30 999 NONE NONE 330
	FP_ROUTE KC..KE145

TRACK_TIME 1167737286
TRACK A20110117605692 F 303160 863000 120 30 999 NONE NONE 240
	FP_ROUTE KC..KMD82

TRACK_TIME 1167737286
TRACK A20110117605693 F 333760 843000 120 30 999 NONE NONE 230
	FP_ROUTE KC..KB737

TRACK_TIME 1167737286
TRACK A20110117605700 F 402800 1071000 120 30 999 NONE NONE 400
	FP_ROUTE KT..KCRJ2

TRACK_TIME 1167737286
TRACK A20110117605705 F 420100 875560 120 30 999 NONE NONE 380
	FP_ROUTE KC..KE145

TRACK_TIME 1167737286
TRACK A20110117605716 F 324300 1171600 120 30 999 NONE NONE 410
	FP_ROUTE KT..KCRJ2

TRACK_TIME 1167737286
TRACK A20110117605719 F 394960 1044060 120 30 999 NONE NONE 350
	FP_ROUTE KT..KCRJ2

TRACK_TIME 1167737286
TRACK A20110117605720 F 404960 740460 120 30 999 NONE NONE 450
	FP_ROUTE KC..KA320

TRACK_TIME 1167737286
TRACK A20110117605721 F 413460 934200 120 30 999 NONE NONE 340
	FP_ROUTE KC..KCRJ2

TRACK_TIME 1167737286
TRACK A20110117605722 F 333760 843100 120 30 999 NONE NONE 350
	FP_ROUTE KC..KCRJ2

TRACK_TIME 1167737286
TRACK A20110117605725 F 332560 1115800 120 30 999 NONE NONE 370
	FP_ROUTE KC..KA320

TRACK_TIME 1167737286
TRACK A20110117605730 F 284660 811660 120 30 999 NONE NONE 330
	FP_ROUTE KC..KB737

TRACK_TIME 1167737286
TRACK A20110117605731 F 335700 1182500 120 30 999 NONE NONE 410
	FP_ROUTE KC..KB734

TRACK_TIME 1167737286
TRACK A20110117605736 F 255560 972800 120 30 999 NONE NONE 260
	FP_ROUTE KC..KB737

TRACK_TIME 1167737286
TRACK A20110117605739 F 414900 874660 120 30 999 NONE NONE 370
	FP_ROUTE KC..KB737

TRACK_TIME 1167737286
TRACK A20110117605743 F 182560 660100 120 30 999 NONE NONE 350
	FP_ROUTE KC..KE145

TRACK_TIME 1167737286
TRACK A20110117605753 F 335700 1182400 120 30 999 NONE NONE 310
	FP_ROUTE KT..KE145

TRACK_TIME 1167737286
TRACK A20110117605769 F 181960 650100 120 30 999 NONE NONE 370
	FP_ROUTE KC..KB712

TRACK_TIME 1167737286
TRACK A20110117605776 F 414800 874600 120 30 999 NONE NONE 370
	FP_ROUTE KC..KB737

TRACK_TIME 1167737286
TRACK A20110117605777 F 410300 734060 120 30 999 NONE NONE 370
	FP_ROUTE KC..KB737

TRACK_TIME 1167737286
TRACK A20110117605778 F 385860 772560 120 30 999 NONE NONE 360
	FP_ROUTE KC..KB737

TRACK_TIME 1167737286
TRACK A20110117605781 F 360460 1151000 120 30 999 NONE NONE 380
	FP_ROUTE KC..KB737

TRACK_TIME 1167737286
TRACK A20110117605783 F 333400 1175700 120 30 999 NONE NONE 380
	FP_ROUTE KC..KB733

TRACK_TIME 1167737286
TRACK A20110117605788 F 404960 740600 120 30 999 NONE NONE 410
	FP_ROUTE KC..KCRJ2

TRACK_TIME 1167737286
TRACK A20110117605802 F 351200 1014000 120 30 999 NONE NONE 320
	FP_ROUTE KC..KA320

TRACK_TIME 1167737286
TRACK A20110117605810 F 422700 705800 120 30 999 NONE NONE 310
	FP_ROUTE KC..KA320

TRACK_TIME 1167737286
TRACK A20110117605811 F 605800 1485560 120 30 999 NONE NONE 360
	FP_ROUTE KT..KCRJ2

TRACK_TIME 1167737286
TRACK A20110117605819 F 414000 912560 120 30 999 NONE NONE 270
	FP_ROUTE KC..KB737

TRACK_TIME 1167737286
TRACK A20110117605830 F 420000 875700 120 30 999 NONE NONE 360
	FP_ROUTE KC..KB735

TRACK_TIME 1167737286
TRACK A20110117605831 F 383100 1075700 120 30 999 NONE NONE 360
	FP_ROUTE KC..KA320

TRACK_TIME 1167737286
TRACK A20110117605832 F 333760 842860 120 30 999 NONE NONE 390
	FP_ROUTE KC..KB737

TRACK_TIME 1167737286
TRACK A20110117605839 F 403760 741200 120 30 999 NONE NONE 350
	FP_ROUTE KC..KB752

TRACK_TIME 1167737286
TRACK A20110117605840 F 421900 710160 120 30 999 NONE NONE 370
	FP_ROUTE KC..KB733

TRACK_TIME 1167737286
TRACK A20110117605841 F 404660 1120000 120 30 999 NONE NONE 360
	FP_ROUTE KT..KCRJ1

TRACK_TIME 1167737286
TRACK A20110117605843 F 412700 730760 120 30 999 NONE NONE 330
	FP_ROUTE KC..KB737

TRACK_TIME 1167737286
TRACK A20110117605844 F 341060 780100 120 30 999 NONE NONE 320
	FP_ROUTE KC..KA320

TRACK_TIME 1167737286
TRACK A20110117605849 F 333760 843000 120 30 999 NONE NONE 210
	FP_ROUTE KC..KA320

TRACK_TIME 1167737286
TRACK A20110117605850 F 472860 1112200 120 30 999 NONE NONE 310
	FP_ROUTE KC..KA320

TRACK_TIME 1167737286
TRACK A20110117605851 F 300000 901500 120 30 999 NONE NONE 360
	FP_ROUTE KC..KB738

TRACK_TIME 1167737286
TRACK A20110117605852 F 404800 1120000 120 30 999 NONE NONE 310
	FP_ROUTE KT..KCRJ1

TRACK_TIME 1167737286
TRACK A20110117605854 F 360600 1151000 120 30 999 NONE NONE 350
	FP_ROUTE KC..KB752

TRACK_TIME 1167737286
TRACK A20110117605871 F 391960 944300 120 30 999 NONE NONE 350
	FP_ROUTE KC..KE170

TRACK_TIME 1167737286
TRACK A20110117605872 F 395260 1043460 120 30 999 NONE NONE 360
	FP_ROUTE KC..KCRJ2

TRACK_TIME 1167737286
TRACK A20110117605874 F 445200 931200 120 30 999 NONE NONE 370
	FP_ROUTE KC..KB737

TRACK_TIME 1167737286
TRACK A20110117605883 F 335560 1182700 120 30 999 NONE NONE 360
	FP_ROUTE KT..KE145

TRACK_TIME 1167737286
TRACK A20110117605895 F 333460 1175560 120 30 999 NONE NONE 280
	FP_ROUTE KC..KE190

TRACK_TIME 1167737286
TRACK A20110117605896 F 421360 832200 120 30 999 NONE NONE 230
	FP_ROUTE KC..KA320

TRACK_TIME 1167737286
TRACK A20110117605906 F 390900 763900 120 30 999 NONE NONE 300
	FP_ROUTE KC..KB712

TRACK_TIME 1167737286
TRACK A20110117605924 F 260460 801300 120 30 999 NONE NONE 350
	FP_ROUTE KC..KB712

TRACK_TIME 1167737286
TRACK A20110117605928 F 391060 764360 120 30 999 NONE NONE 330
	FP_ROUTE KC..KA320

TRACK_TIME 1167737286
TRACK A20110117605953 F 361300 955260 120 30 999 NONE NONE 390
	FP_ROUTE KC..KB737

TRACK_TIME 1167737286
TRACK A20110117605957 F 264500 795860 120 30 999 NONE NONE 380
	FP_ROUTE KT..KE145

TRACK_TIME 1167737286
TRACK A20110117605959 F 640460 1482700 120 30 999 NONE NONE 340
	FP_ROUTE KC..KMD83

TRACK_TIME 1167737286
TRACK A20110117605960 F 701300 1481000 120 30 999 NONE NONE 380
	FP_ROUTE KC..KE135

TRACK_TIME 1167737286
TRACK A20110117605961 F 373600 1221900 120 30 999 NONE NONE 340
	FP_ROUTE KC..KE145

TRACK_TIME 1167737286
TRACK A20110117605966 F 394800 1043900 120 30 999 NONE NONE 360
	FP_ROUTE KG..KF900

TRACK_TIME 1167737286
TRACK A20110117605969 F 401200 764300 120 30 999 NONE NONE 290
	FP_ROUTE KC..KB712

TRACK_TIME 1167737286
TRACK A20110117605970 F 424800 851060 120 30 999 NONE NONE 360
	FP_ROUTE KC..KA320

TRACK_TIME 1167737286
TRACK A20110117605971 F 412560 814960 120 30 999 NONE NONE 190
	FP_ROUTE KC..KB738

TRACK_TIME 1167737286
TRACK A20110117605975 F 394960 1044060 120 30 999 NONE NONE 330
	FP_ROUTE KC..KB733

TRACK_TIME 1167737286
TRACK A20110117605978 F 370400 762400 120 30 999 NONE NONE 350
	FP_ROUTE KC..KB738

TRACK_TIME 1167737286
TRACK A20110117605982 F 403700 734660 120 30 999 NONE NONE 370
	FP_ROUTE KC..KB733

TRACK_TIME 1167737286
TRACK A20110117606005 F 400000 825560 120 30 999 NONE NONE 370
	FP_ROUTE KC..KE120

TRACK_TIME 1167737286
TRACK A20110117606006 F 394900 1044000 120 30 999 NONE NONE 410
	FP_ROUTE KC..KE170

TRACK_TIME 1167737286
TRACK A20110117606007 F 334000 1175100 120 30 999 NONE NONE 410
	FP_ROUTE KC..KMD83

TRACK_TIME 1167737286
TRACK A20110117606010 F 441500 883160 120 30 999 NONE NONE 280
	FP_ROUTE KC..KB738

TRACK_TIME 1167737286
TRACK A20110117606011 F 404960 740460 120 30 999 NONE NONE 410
	FP_ROUTE KC..KB752

TRACK_TIME 1167737286
TRACK A20110117606012 F 360460 1150900 120 30 999 NONE NONE 290
	FP_ROUTE KC..KE170

TRACK_TIME 1167737286
TRACK A20110117606013 F 472800 1221900 120 30 999 NONE NONE 400
	FP_ROUTE KT..KCRJ9

TRACK_TIME 1167737286
TRACK A20110117606018 F 395260 1043460 120 30 999 NONE NONE 370
	FP_ROUTE KC..KA320

TRACK_TIME 1167737286
TRACK A20110117606028 F 403000 801660 120 30 999 NONE NONE 330
	FP_ROUTE KT..KCRJ9

TRACK_TIME 1167737286
TRACK A20110117606030 F 275500 823300 120 30 999 NONE NONE 330
	FP_ROUTE KG..KCL60

TRACK_TIME 1167737286
TRACK A20110117606031 F 355100 784900 120 30 999 NONE NONE 350
	FP_ROUTE KC..KB737

TRACK_TIME 1167737286
TRACK A20110117606034 F 373600 1221960 120 30 999 NONE NONE 340
	FP_ROUTE KC..KB752

TRACK_TIME 1167737286
TRACK A20110117606037 F 445400 931360 120 30 999 NONE NONE 340
	FP_ROUTE KG..KFA50

TRACK_TIME 1167737286
TRACK A20110117606041 F 360600 864060 120 30 999 NONE NONE 240
	FP_ROUTE KG..KFA50

TRACK_TIME 1167737286
TRACK A20110117606044 F 355860 800460 120 30 999 NONE NONE 210
	FP_ROUTE KC..KB738

TRACK_TIME 1167737286
TRACK A20110117606045 F 333900 842800 120 30 999 NONE NONE 260
	FP_ROUTE KG..KMU2

TRACK_TIME 1167737286
TRACK A20110117606050 F 325500 970300 120 30 999 NONE NONE 370
	FP_ROUTE KC..KB737

TRACK_TIME 1167737286
TRACK A20110117606051 F 361360 955260 120 30 999 NONE NONE 260
	FP_ROUTE KC..KB737

TRACK_TIME 1167737286
TRACK A20110117606055 F 351660 1013300 120 30 999 NONE NONE 200
	FP_ROUTE KT..KCRJ2

TRACK_TIME 1167737286
TRACK A20110117606058 F 374200 1214660 120 30 999 NONE NONE 380
	FP_ROUTE KC..KB738

TRACK_TIME 1167737286
TRACK A20110117606060 F 402400 760000 120 30 999 NONE NONE 410
	FP_ROUTE KC..KB737

TRACK_TIME 1167737286
TRACK A20110117606061 F 390700 843900 120 30 999 NONE NONE 380
	FP_ROUTE KG..KF2TH

TRACK_TIME 1167737286
TRACK A20110117606063 F 410300 734200 120 30 999 NONE NONE 410
	FP_ROUTE KC..KB737

TRACK_TIME 1167737286
TRACK A20110117606064 F 262800 800100 120 30 999 NONE NONE 400
	FP_ROUTE KC..KA320

TRACK_TIME 1167737286
TRACK A20110117606065 F 300000 951800 120 30 999 NONE NONE 360
	FP_ROUTE KC..KB737

TRACK_TIME 1167737286
TRACK A20110117606071 F 300000 901500 120 30 999 NONE NONE 380
	FP_ROUTE KC..KMD82

TRACK_TIME 1167737286
TRACK A20110117606078 F 351900 943300 120 30 999 NONE NONE 250
	FP_ROUTE KC..KMD82

TRACK_TIME 1167737286
TRACK A20110117606081 F 425560 784300 120 30 999 NONE NONE 210
	FP_ROUTE KC..KB737

TRACK_TIME 1167737286
TRACK A20110117606082 F 395200 751660 120 30 999 NONE NONE 370
	FP_ROUTE KC..KE120

TRACK_TIME 1167737286
TRACK A20110117606086 F 403900 734660 120 30 999 NONE NONE 370
	FP_ROUTE KC..KE120

TRACK_TIME 1167737286
TRACK A20110117606090 F 403900 741060 120 30 999 NONE NONE 350
	FP_ROUTE KC..KCRJ2

TRACK_TIME 1167737286
TRACK A20110117606096 F 372100 1215500 120 30 999 NONE NONE 360
	FP_ROUTE KC..KMD83

TRACK_TIME 1167737286
TRACK A20110117606098 F 374000 1221000 120 30 999 NONE NONE 300
	FP_ROUTE KC..KB738

TRACK_TIME 1167737286
TRACK A20110117606099 F 453400 1223400 120 30 999 NONE NONE 340
	FP_ROUTE KC..KB737

TRACK_TIME 1167737286
TRACK A20110117606104 F 365200 761360 120 30 999 NONE NONE 380
	FP_ROUTE KC..KMD82

TRACK_TIME 1167737286
TRACK A20110117606120 F 385800 772560 120 30 999 NONE NONE 280
	FP_ROUTE KT..KE145

TRACK_TIME 1167737286
TRACK A20110117606121 F 472800 1221900 120 30 999 NONE NONE 340
	FP_ROUTE KC..KB737

TRACK_TIME 1167737286
TRACK A20110117606122 F 325100 965200 120 30 999 NONE NONE 190
	FP_ROUTE KC..KB738

TRACK_TIME 1167737286
TRACK A20110117606123 F 350000 1063900 120 30 999 NONE NONE 360
	FP_ROUTE KC..KA319

TRACK_TIME 1167737286
TRACK A20110117606126 F 395400 1044200 120 30 999 NONE NONE 350
	FP_ROUTE KC..KE190

TRACK_TIME 1167737286
TRACK A20110117606129 F 280100 823160 120 30 999 NONE NONE 390
	FP_ROUTE KT..KCRJ2

TRACK_TIME 1167737286
TRACK A20110117606132 F 372860 771960 120 30 999 NONE NONE 370
	FP_ROUTE KC..KE170

TRACK_TIME 1167737286
TRACK A20110117606136 F 415860 875100 120 30 999 NONE NONE 240
	FP_ROUTE KC..KB712

TRACK_TIME 1167737286
TRACK A20110117606137 F 404200 741200 120 30 999 NONE NONE 190
	FP_ROUTE KC..KE145

TRACK_TIME 1167737286
TRACK A20110117606144 F 332560 1120300 120 30 999 NONE NONE 370
	FP_ROUTE KT..KCRJ2

TRACK_TIME 1167737286
TRACK A20110117606145 F 260460 801300 120 30 999 NONE NONE 370
	FP_ROUTE KC..KB737

TRACK_TIME 1167737286
TRACK A20110117606150 F 282260 811660 120 30 999 NONE NONE 400
	FP_ROUTE KC..KA319

TRACK_TIME 1167737286
TRACK A20110117606151 F 325500 970160 120 30 999 NONE NONE 320
	FP_ROUTE KC..KB753

TRACK_TIME 1167737286
TRACK A20110117606153 F 325560 970300 120 30 999 NONE NONE 360
	FP_ROUTE KC..KB712

TRACK_TIME 1167737286
TRACK A20110117606154 F 325500 970460 120 30 999 NONE NONE 330
	FP_ROUTE KC..KB738

TRACK_TIME 1167737286
TRACK A20110117606157 F 325500 970160 120 30 999 NONE NONE 380
	FP_ROUTE KG..KF2TH

TRACK_TIME 1167737286
TRACK A20110117606158 F 420000 875700 120 30 999 NONE NONE 330
	FP_ROUTE KC..KB737

TRACK_TIME 1167737286
TRACK A20110117606159 F 404000 741060 120 30 999 NONE NONE 330
	FP_ROUTE KC..KB737

TRACK_TIME 1167737286
TRACK A20110117606165 F 333700 842800 120 30 999 NONE NONE 330
	FP_ROUTE KC..KCRJ2

TRACK_TIME 1167737286
TRACK A20110117606170 F 341000 780600 120 30 999 NONE NONE 250
	FP_ROUTE KC..KA320

TRACK_TIME 1167737286
TRACK A20110117606177 F 394960 1044360 120 30 999 NONE NONE 340
	FP_ROUTE KT..KCRJ9

TRACK_TIME 1167737286
TRACK A20110117606185 F 300000 951660 120 30 999 NONE NONE 330
	FP_ROUTE KT..KCRJ2

TRACK_TIME 1167737286
TRACK A20110117606186 F 360460 1150900 120 30 999 NONE NONE 280
	FP_ROUTE KC..KB737

TRACK_TIME 1167737286
TRACK A20110117606206 F 335560 1182560 120 30 999 NONE NONE 380
	FP_ROUTE KT..KCRJ9

TRACK_TIME 1167737286
TRACK A20110117606207 F 325560 970300 120 30 999 NONE NONE 340
	FP_ROUTE KC..KB737

TRACK_TIME 1167737286
TRACK A20110117606208 F 404500 1115800 120 30 999 NONE NONE 320
	FP_ROUTE KC..KB733

TRACK_TIME 1167737286
TRACK A20110117606210 F 360400 1150700 120 30 999 NONE NONE 360
	FP_ROUTE KC..KB733

TRACK_TIME 1167737286
TRACK A20110117606212 F 394800 1043900 120 30 999 NONE NONE 340
	FP_ROUTE KC..KE135

TRACK_TIME 1167737286
TRACK A20110117606213 F 334200 1175100 120 30 999 NONE NONE 360
	FP_ROUTE KC..KMD83

TRACK_TIME 1167737286
TRACK A20110117606222 F 321660 895800 120 30 999 NONE NONE 330
	FP_ROUTE KC..KE170

TRACK_TIME 1167737286
TRACK A20110117606240 F 392860 1194600 120 30 999 NONE NONE 340
	FP_ROUTE KC..KMD82

TRACK_TIME 1167737286
TRACK A20110117606245 F 420100 875700 120 30 999 NONE NONE 370
	FP_ROUTE KC..KCRJ2

TRACK_TIME 1167737286
TRACK A20110117606246 F 384500 901960 120 30 999 NONE NONE 300
	FP_ROUTE KC..KB738

TRACK_TIME 1167737286
TRACK A20110117606256 F 394900 1043900 120 30 999 NONE NONE 380
	FP_ROUTE KC..KE170

TRACK_TIME 1167737286
TRACK A20110117606257 F 395200 751660 120 30 999 NONE NONE 240
	FP_ROUTE KC..KB712

TRACK_TIME 1167737286
TRACK A20110117606268 F 371800 932700 120 30 999 NONE NONE 280
	FP_ROUTE KC..KA320

TRACK_TIME 1167737286
TRACK A20110117606287 F 335800 811360 120 30 999 NONE NONE 370
	FP_ROUTE KC..KE135

TRACK_TIME 1167737286
TRACK A20110117606298 F 314960 1062100 120 30 999 NONE NONE 290
	FP_ROUTE KC..KA319

TRACK_TIME 1167737286
TRACK A20110117606299 F 404500 734960 120 30 999 NONE NONE 350
	FP_ROUTE KC..KB737

TRACK_TIME 1167737286
TRACK A20110117606311 F 260400 801060 120 30 999 NONE NONE 360
	FP_ROUTE KC..KA319

TRACK_TIME 1167737286
TRACK A20110117606318 F 351500 805800 120 30 999 NONE NONE 350
	FP_ROUTE KC..KMD83

TRACK_TIME 1167737286
TRACK A20110117606329 F 350400 895800 120 30 999 NONE NONE 290
	FP_ROUTE KC..KB752

TRACK_TIME 1167737286
TRACK A20110117606333 F 351360 805500 120 30 999 NONE NONE 260
	FP_ROUTE KC..KB733

TRACK_TIME 1167737286
TRACK A20110117606335 F 373600 1221900 120 30 999 NONE NONE 400
	FP_ROUTE KC..KB733

TRACK_TIME 1167737286
TRACK A20110117606337 F 332560 1120160 120 30 999 NONE NONE 310
	FP_ROUTE KC..KB733

TRACK_TIME 1167737286
TRACK A20110117606350 F 393100 1045100 120 30 999 NONE NONE 400
	FP_ROUTE KC..KE190

TRACK_TIME 1167737286
TRACK A20110117606353 F 421360 832200 120 30 999 NONE NONE 270
	FP_ROUTE KC..KA320

TRACK_TIME 1167737286
TRACK A20110117606362 F 424300 734800 120 30 999 NONE NONE 290
	FP_ROUTE KC..KB737

TRACK_TIME 1167737286
TRACK A20110117606364 F 325500 970300 120 30 999 NONE NONE 370
	FP_ROUTE KG..KMU2

TRACK_TIME 1167737286
TRACK A20110117606365 F 393760 862100 120 30 999 NONE NONE 370
	FP_ROUTE KC..KC560

TRACK_TIME 1167737286
TRACK A20110117606366 F 300000 951800 120 30 999 NONE NONE 350
	FP_ROUTE KC..KC560

TRACK_TIME 1167737286
TRACK A20110117606367 F 324960 800000 120 30 999 NONE NONE 330
	FP_ROUTE KT..KCRJ9

TRACK_TIME 1167737286
TRACK A20110117606369 F 335560 1182560 120 30 999 NONE NONE 400
	FP_ROUTE KT..KCRJ1

TRACK_TIME 1167737286
TRACK A20110117606372 F 294060 980300 120 30 999 NONE NONE 410
	FP_ROUTE KC..KB733

TRACK_TIME 1167737286
TRACK A20110117606374 F 282200 811900 120 30 999 NONE NONE 340
	FP_ROUTE KC..KB737

TRACK_TIME 1167737286
TRACK A20110117606377 F 391060 764200 120 30 999 NONE NONE 350
	FP_ROUTE KC..KB737

TRACK_TIME 1167737286
TRACK A20110117606380 F 315560 1021800 120 30 999 NONE NONE 270
	FP_ROUTE KC..KE170

TRACK_TIME 1167737286
TRACK A20110117606382 F 420100 875260 120 30 999 NONE NONE 260
	FP_ROUTE KC..KE145

TRACK_TIME 1167737286
TRACK A20110117606385 F 425860 875260 120 30 999 NONE NONE 340
	FP_ROUTE KC..KMD83

TRACK_TIME 1167737286
TRACK A20110117606394 F 325500 970160 120 30 999 NONE NONE 360
	FP_ROUTE KC..KB735

TRACK_TIME 1167737286
TRACK A20110117606395 F 300000 951800 120 30 999 NONE NONE 360
	FP_ROUTE KC..KMD83

TRACK_TIME 1167737286
TRACK A20110117606400 F 421960 710100 120 30 999 NONE NONE 190
	FP_ROUTE KC..KB738

TRACK_TIME 1167737286
TRACK A20110117606407 F 295800 973300 120 30 999 NONE NONE 200
	FP_ROUTE KC..KB752

TRACK_TIME 1167737286
TRACK A20110117606413 F 453460 1223460 120 30 999 NONE NONE 340
	FP_ROUTE KC..KB712

TRACK_TIME 1167737286
TRACK A20110117606418 F 541360 1655860 120 30 999 NONE NONE 200
	FP_ROUTE KC..KB738

TRACK_TIME 1167737286
TRACK A20110117606438 F 325500 970160 120 30 999 NONE NONE 360
	FP_ROUTE KC..KE190

TRACK_TIME 1167737286
TRACK A20110117606440 F 542700 1655860 120 30 999 NONE NONE 200
	FP_ROUTE KC..KE145

TRACK_TIME 1167737286
TRACK A20110117606442 F 353760 885400 120 30 999 NONE NONE 190
	FP_ROUTE KT..KDH8D

TRACK_TIME 1167737286
TRACK A20110117606452 F 472800 1221900 120 30 999 NONE NONE 360
	FP_ROUTE KC..KCRJ2

TRACK_TIME 1167737286
TRACK A20110117606453 F 420100 875800 120 30 999 NONE NONE 280
	FP_ROUTE KC..KA319

TRACK_TIME 1167737286
TRACK A20110117606463 F 320760 1105800 120 30 999 NONE NONE 330
	FP_ROUTE KC..KE145

TRACK_TIME 1167737286
TRACK A20110117606468 F 404600 735100 120 30 999 NONE NONE 210
	FP_ROUTE KC..KB739

TRACK_TIME 1167737286
TRACK A20110117606469 F 384500 901960 120 30 999 NONE NONE 340
	FP_ROUTE KC..KB739

TRACK_TIME 1167737286
TRACK A20110117606472 F 445260 931300 120 30 999 NONE NONE 340
	FP_ROUTE KC..KB738

TRACK_TIME 1167737286
TRACK A20110117606473 F 333400 1175560 120 30 999 NONE NONE 280
	FP_ROUTE KC..KB712

TRACK_TIME 1167737286
TRACK A20110117606474 F 404800 1120000 120 30 999 NONE NONE 260
	FP_ROUTE KC..KA319

TRACK_TIME 1167737286
TRACK A20110117606483 F 260400 801060 120 30 999 NONE NONE 340
	FP_ROUTE KC..KB737

TRACK_TIME 1167737286
TRACK A20110117606484 F 350400 895860 120 30 999 NONE NONE 310
	FP_ROUTE KC..KMD82

TRACK_TIME 1167737286
TRACK A20110117606485 F 420100 875700 120 30 999 NONE NONE 330
	FP_ROUTE KC..KB752

TRACK_TIME 1167737286
TRACK A20110117606486 F 404500 734960 120 30 999 NONE NONE 410
	FP_ROUTE KT..KE145

TRACK_TIME 1167737286
TRACK A20110117606494 F 292800 982260 120 30 999 NONE NONE 350
	FP_ROUTE KC..KA319

TRACK_TIME 1167737286
TRACK A20110117606495 F 280100 823160 120 30 999 NONE NONE 350
	FP_ROUTE KC..KE120

TRACK_TIME 1167737286
TRACK A20110117606496 F 300100 901600 120 30 999 NONE NONE 360
	FP_ROUTE KC..KB738

TRACK_TIME 1167737286
TRACK A20110117606498 F 335700 1182700 120 30 999 NONE NONE 410
	FP_ROUTE KC..KCRJ2

TRACK_TIME 1167737286
TRACK A20110117606499 F 393100 944200 120 30 999 NONE NONE 390
	FP_ROUTE KC..KCRJ2

TRACK_TIME 1167737286
TRACK A20110117606521 F 341000 1181500 120 30 999 NONE NONE 330
	FP_ROUTE KC..KB712

TRACK_TIME 1167737286
TRACK A20110117606522 F 293900 951660 120 30 999 NONE NONE 230
	FP_ROUTE KC..KA320

TRACK_TIME 1167737286
TRACK A20110117606528 F 372860 771800 120 30 999 NONE NONE 330
	FP_ROUTE KC..KB738

TRACK_TIME 1167737286
TRACK A20110117606529 F 364800 1194600 120 30 999 NONE NONE 220
	FP_ROUTE KC..KE135

TRACK_TIME 1167737286
TRACK A20110117606530 F 325560 970160 120 30 999 NONE NONE 280
	FP_ROUTE KT..KE145

TRACK_TIME 1167737286
TRACK A20110117606533 F 393000 944300 120 30 999 NONE NONE 390
	FP_ROUTE KC..KA320

TRACK_TIME 1167737286
TRACK A20110117606535 F 414900 874800 120 30 999 NONE NONE 330
	FP_ROUTE KC..KB737

TRACK_TIME 1167737286
TRACK A20110117606536 F 422100 710100 120 30 999 NONE NONE 330
	FP_ROUTE KT..KCRJ9

TRACK_TIME 1167737286
TRACK A20110117606543 F 373600 1221960 120 30 999 NONE NONE 340
	FP_ROUTE KC..KE120

TRACK_TIME 1167737286
TRACK A20110117606544 F 280100 823160 120 30 999 NONE NONE 390
	FP_ROUTE KC..KB752

TRACK_TIME 1167737286
TRACK A20110117606545 F 392100 944060 120 30 999 NONE NONE 340
	FP_ROUTE KC..KB737

TRACK_TIME 1167737286
TRACK A20110117606548 F 332560 1115400 120 30 999 NONE NONE 340
	FP_ROUTE KC..KB737

TRACK_TIME 1167737286
TRACK A20110117606552 F 324360 1171200 120 30 999 NONE NONE 320
	FP_ROUTE KC..KB744

TRACK_TIME 1167737286
TRACK A20110117606553 F 445260 931500 120 30 999 NONE NONE 330
	FP_ROUTE KC..KB752

TRACK_TIME 1167737286
TRACK A20110117606554 F 354660 840100 120 30 999 NONE NONE 370
	FP_ROUTE KC..KCRJ2

TRACK_TIME 1167737286
TRACK A20110117606556 F 360900 1150700 120 30 999 NONE NONE 290
	FP_ROUTE KC..KB738

TRACK_TIME 1167737286
TRACK A20110117606562 F 351300 1203700 120 30 999 NONE NONE 190
	FP_ROUTE KC..KE170

TRACK_TIME 1167737286
TRACK A20110117606576 F 282400 811900 120 30 999 NONE NONE 340
	FP_ROUTE KC..KB752

TRACK_TIME 1167737286
TRACK A20110117606579 F 420100 875560 120 30 999 NONE NONE 190
	FP_ROUTE KG..KBE20

TRACK_TIME 1167737286
TRACK A20110117606584 F 420000 875560 120 30 999 NONE NONE 330
	FP_ROUTE KC..KA319

TRACK_TIME 1167737286
TRACK A20110117606597 F 391060 764500 120 30 999 NONE NONE 390
	FP_ROUTE KT..KCRJ2

TRACK_TIME 1167737286
TRACK A20110117606608 F 350000 1064000 120 30 999 NONE NONE 330
	FP_ROUTE KC..KCRJ2

TRACK_TIME 1167737286
TRACK A20110117606609 F 205200 1562700 120 30 999 NONE NONE 340
	FP_ROUTE KC..KE145

TRACK_TIME 1167737286
TRACK A20110117606614 F 344360 921300 120 30 999 NONE NONE 250
	FP_ROUTE KT..KCRJ2

TRACK_TIME 1167737286
TRACK A20110117606615 F 385860 772800 120 30 999 NONE NONE 350
	FP_ROUTE KC..KDH8C

TRACK_TIME 1167737286
TRACK A20110117606620 F 400000 825800 120 30 999 NONE NONE 280
	FP_ROUTE KC..KE135

TRACK_TIME 1167737286
TRACK A20110117606622 F 341200 1182400 120 30 999 NONE NONE 340
	FP_ROUTE KC..KE145

TRACK_TIME 1167737286
TRACK A20110117606623 F 404360 735500 120 30 999 NONE NONE 210
	FP_ROUTE KT..KCRJ9

TRACK_TIME 1167737286
TRACK A20110117606627 F 394960 1044060 120 30 999 NONE NONE 210
	FP_ROUTE KC..KB732

TRACK_TIME 1167737286
TRACK A20110117606630 F 404500 1120000 120 30 999 NONE NONE 300
	FP_ROUTE KT..KCRJ2

TRACK_TIME 1167737286
TRACK A20110117606633 F 394200 861960 120 30 999 NONE NONE 390
	FP_ROUTE KC..KE190

TRACK_TIME 1167737286
TRACK A20110117606635 F 332700 1115260 120 30 999 NONE NONE 330
	FP_ROUTE KC..KE145

TRACK_TIME 1167737286
TRACK A20110117606636 F 425500 784500 120 30 999 NONE NONE 390
	FP_ROUTE KT..KE135

TRACK_TIME 1167737286
TRACK A20110117606637 F 303100 871200 120 30 999 NONE NONE 310
	FP_ROUTE KC..KA319

TRACK_TIME 1167737286
TRACK A20110117606638 F 384960 770160 120 30 999 NONE NONE 370
	FP_ROUTE KC..KMD83

TRACK_TIME 1167737286
TRACK A20110117606639 F 391060 764300 120 30 999 NONE NONE 390
	FP_ROUTE KC..KA319

TRACK_TIME 1167737286
TRACK A20110117606648 F 333700 842800 120 30 999 NONE NONE 220
	FP_ROUTE KC..KE145

TRACK_TIME 1167737286
TRACK A20110117606653 F 410160 734060 120 30 999 NONE NONE 310
	FP_ROUTE KC..KB739

TRACK_TIME 1167737286
TRACK A20110117606658 F 391060 764360 120 30 999 NONE NONE 300
	FP_ROUTE KC..KB738

TRACK_TIME 1167737286
TRACK A20110117606659 F 303100 813900 120 30 999 NONE NONE 360
	FP_ROUTE KC..KB752

TRACK_TIME 1167737286
TRACK A20110117606661 F 350400 895800 120 30 999 NONE NONE 300
	FP_ROUTE KC..KB733

TRACK_TIME 1167737286
TRACK A20110117606664 F 280100 823160 120 30 999 NONE NONE 210
	FP_ROUTE KC..KB733

TRACK_TIME 1167737286
TRACK A20110117606665 F 333600 864200 120 30 999 NONE NONE 300
	FP_ROUTE KC..KB738

TRACK_TIME 1167737286
TRACK A20110117606666 F 381200 854500 120 30 999 NONE NONE 340
	FP_ROUTE KC..KE145

TRACK_TIME 1167737286
TRACK A20110117606678 F 360460 1151060 120 30 999 NONE NONE 280
	FP_ROUTE KC..KB752

TRACK_TIME 1167737286
TRACK A20110117606683 F 404960 1120000 120 30 999 NONE NONE 360
	FP_ROUTE KC..KA319

TRACK_TIME 1167737286
TRACK A20110117606685 F 395400 1044200 120 30 999 NONE NONE 390
	FP_ROUTE KC..KB733

TRACK_TIME 1167737286
TRACK A20110117606688 F 374060 1221200 120 30 999 NONE NONE 240
	FP_ROUTE KT..KCRJ9

TRACK_TIME 1167737286
TRACK A20110117606689 F 332560 1115860 120 30 999 NONE NONE 380
	FP_ROUTE KC..KCRJ2

TRACK_TIME 1167737286
TRACK A20110117606693 F 381060 842560 120 30 999 NONE NONE 240
	FP_ROUTE KC..KB712

TRACK_TIME 1167737286
TRACK A20110117606694 F 333900 842800 120 30 999 NONE NONE 230
	FP_ROUTE KC..KB722

TRACK_TIME 1167737286
TRACK A20110117606699 F 182560 660300 120 30 999 NONE NONE 370
	FP_ROUTE KC..KB737

TRACK_TIME 1167737286
TRACK A20110117606712 F 390000 772800 120 30 999 NONE NONE 410
	FP_ROUTE KC..KB737

TRACK_TIME 1167737286
TRACK A20110117606715 F 394900 1044000 120 30 999 NONE NONE 370
	FP_ROUTE KC..KB737

TRACK_TIME 1167737286
TRACK A20110117606717 F 351060 805700 120 30 999 NONE NONE 300
	FP_ROUTE KC..KB735

TRACK_TIME 1167737286
TRACK A20110117606720 F 331960 815800 120 30 999 NONE NONE 190
	FP_ROUTE KC..KB762

TRACK_TIME 1167737286
TRACK A20110117606721 F 333760 843000 120 30 999 NONE NONE 180
	FP_ROUTE KC..KMD83

TRACK_TIME 1167737286
TRACK A20110117606723 F 422100 705800 120 30 999 NONE NONE 330
	FP_ROUTE KC..KB752

TRACK_TIME 1167737286
TRACK A20110117606724 F 400000 825560 120 30 999 NONE NONE 340
	FP_ROUTE KC..KB738

TRACK_TIME 1167737286
TRACK A20110117606726 F 333600 864060 120 30 999 NONE NONE 270
	FP_ROUTE KT..KCRJ9

TRACK_TIME 1167737286
TRACK A20110117606736 F 360460 1150900 120 30 999 NONE NONE 280
	FP_ROUTE KC..KB737

TRACK_TIME 1167737286
TRACK A20110117606738 F 211900 1575860 120 30 999 NONE NONE 380
	FP_ROUTE KC..KMD83

TRACK_TIME 1167737286
TRACK A20110117606739 F 335700 810900 120 30 999 NONE NONE 300
	FP_ROUTE KC..KB752

TRACK_TIME 1167737286
TRACK A20110117606742 F 421360 831900 120 30 999 NONE NONE 380
	FP_ROUTE KC..KA319

TRACK_TIME 1167737286
TRACK A20110117606745 F 325400 970300 120 30 999 NONE NONE 360
	FP_ROUTE KC..KB738

TRACK_TIME 1167737286
TRACK A20110117606749 F 395200 751360 120 30 999 NONE NONE 310
	FP_ROUTE KC..KE170

TRACK_TIME 1167737286
TRACK A20110117606756 F 370700 763100 120 30 999 NONE NONE 350
	FP_ROUTE KC..KE145

TRACK_TIME 1167737286
TRACK A20110117606758 F 332560 1120300 120 30 999 NONE NONE 340
	FP_ROUTE KC..KB737

TRACK_TIME 1167737286
TRACK A20110117606760 F 260460 801300 120 30 999 NONE NONE 360
	FP_ROUTE KC..KE145

TRACK_TIME 1167737286
TRACK A20110117606761 F 422100 710100 120 30 999 NONE NONE 230
	FP_ROUTE KC..KMD82

TRACK_TIME 1167737286
TRACK A20110117606762 F 351360 805560 120 30 999 NONE NONE 280
	FP_ROUTE KC..KB752

TRACK_TIME 1167737286
TRACK A20110117606767 F 652860 1474800 120 30 999 NONE NONE 390
	FP_ROUTE KC..KMD82

TRACK_TIME 1167737286
TRACK A20110117606768 F 335200 1162700 120 30 999 NONE NONE 390
	FP_ROUTE KC..KE120

TRACK_TIME 1167737286
TRACK A20110117606773 F 373600 1221960 120 30 999 NONE NONE 380
	FP_ROUTE KC..KB752

TRACK_TIME 1167737286
TRACK A20110117606782 F 300000 951660 120 30 999 NONE NONE 360
	FP_ROUTE KC..KB737

TRACK_TIME 1167737286
TRACK A20110117606783 F 445200 931200 120 30 999 NONE NONE 350
	FP_ROUTE KC..KA320

TRACK_TIME 1167737286
TRACK A20110117606787 F 420000 875700 120 30 999 NONE NONE 370
	FP_ROUTE KC..KB738

TRACK_TIME 1167737286
TRACK A20110117606788 F 445200 931000 120 30 999 NONE NONE 370
	FP_ROUTE KC..KCRJ2

TRACK_TIME 1167737286
TRACK A20110117606799 F 394200 861800 120 30 999 NONE NONE 350
	FP_ROUTE KC..KA320

TRACK_TIME 1167737286
TRACK A20110117606800 F 403900 741060 120 30 999 NONE NONE 350
	FP_ROUTE KC..KA319

TRACK_TIME 1167737286
TRACK A20110117606801 F 294060 821360 120 30 999 NONE NONE 280
	FP_ROUTE KC..KA319

TRACK_TIME 1167737286
TRACK A20110117606813 F 412500 814960 120 30 999 NONE NONE 370
	FP_ROUTE KT..KCRJ1

TRACK_TIME 1167737286
TRACK A20110117606814 F 360900 863900 120 30 999 NONE NONE 340
	FP_ROUTE KC..KMD82

TRACK_TIME 1167737286
TRACK A20110117606815 F 294000 951900 120 30 999 NONE NONE 340
	FP_ROUTE KC..KB752

TRACK_TIME 1167737286
TRACK A20110117606819 F 264200 813100 120 30 999 NONE NONE 380
	FP_ROUTE KC..KA319

TRACK_TIME 1167737286
TRACK A20110117606820 F 342500 1195500 120 30 999 NONE NONE 209
	FP_ROUTE KC..KA319

TRACK_TIME 1167737286
TRACK A20110117606825 F 373600 1221900 120 30 999 NONE NONE 360
	FP_ROUTE KC..KB735

TRACK_TIME 1167737286
TRACK A20110117606837 F 360160 892200 120 30 999 NONE NONE 380
	FP_ROUTE KC..KA319

TRACK_TIME 1167737286
TRACK A20110117606838 F 351200 805560 120 30 999 NONE NONE 280
	FP_ROUTE KC..KE145

TRACK_TIME 1167737286
TRACK A20110117606840 F 373600 1221900 120 30 999 NONE NONE 360
	FP_ROUTE KT..KE135

TRACK_TIME 1167737286
TRACK A20110117606843 F 395500 1044060 120 30 999 NONE NONE 380
	FP_ROUTE KC..KE145

TRACK_TIME 1167737286
TRACK A20110117606847 F 275800 824200 120 30 999 NONE NONE 320
	FP_ROUTE KC..KA320

TRACK_TIME 1167737286
TRACK A20110117606878 F 254800 801500 120 30 999 NONE NONE 300
	FP_ROUTE KC..KB734

TRACK_TIME 1167737286
TRACK A20110117606879 F 464660 1002800 120 30 999 NONE NONE 260
	FP_ROUTE KC..KE145

TRACK_TIME 1167737286
TRACK A20110117606891 F 385800 772560 120 30 999 NONE NONE 310
	FP_ROUTE KC..KE145

TRACK_TIME 1167737286
TRACK A20110117606898 F 325200 965260 120 30 999 NONE NONE 300
	FP_ROUTE KT..KCRJ9

TRACK_TIME 1167737286
TRACK A20110117606899 F 392560 944500 120 30 999 NONE NONE 410
	FP_ROUTE KC..KE145

TRACK_TIME 1167737286
TRACK A20110117606900 F 351060 805800 120 30 999 NONE NONE 370
	FP_ROUTE KC..KB763

TRACK_TIME 1167737286
TRACK A20110117606911 F 260460 801200 120 30 999 NONE NONE 400
	FP_ROUTE KC..KA320

TRACK_TIME 1167737286
TRACK A20110117606922 F 273000 802200 120 30 999 NONE NONE 340
	FP_ROUTE KC..KB733

TRACK_TIME 1167737286
TRACK A20110117606925 F 420100 875500 120 30 999 NONE NONE 370
	FP_ROUTE KC..KB733

TRACK_TIME 1167737286
TRACK A20110117606929 F 395700 1044060 120 30 999 NONE NONE 300
	FP_ROUTE KC..KE145

TRACK_TIME 1167737286
TRACK A20110117606937 F 302100 974060 120 30 999 NONE NONE 340
	FP_ROUTE KC..KB737

TRACK_TIME 1167737286
TRACK A20110117606940 F 335560 1182100 120 30 999 NONE NONE 360
	FP_ROUTE KC..KE170

TRACK_TIME 1167737286
TRACK A20110117606942 F 351200 805800 120 30 999 NONE NONE 350
	FP_ROUTE KC..KB737

TRACK_TIME 1167737286
TRACK A20110117606944 F 445260 931500 120 30 999 NONE NONE 350
	FP_ROUTE KC..KMD82

TRACK_TIME 1167737286
TRACK A20110117606945 F 411660 955400 120 30 999 NONE NONE 380
	FP_ROUTE KC..KMD82

TRACK_TIME 1167737286
TRACK A20110117606948 F 325400 970100 120 30 999 NONE NONE 320
	FP_ROUTE KC..KE190

TRACK_TIME 1167737286
TRACK A20110117606955 F 373600 1221900 120 30 999 NONE NONE 359
	FP_ROUTE KC..KMD82

TRACK_TIME 1167737286
TRACK A20110117606964 F 422100 710100 120 30 999 NONE NONE 230
	FP_ROUTE KC..KA320

TRACK_TIME 1167737286
TRACK A20110117606966 F 395500 1044200 120 30 999 NONE NONE 330
	FP_ROUTE KC..KE145

TRACK_TIME 1167737286
TRACK A20110117606967 F 420160 875200 120 30 999 NONE NONE 360
	FP_ROUTE KC..KA320

TRACK_TIME 1167737286
TRACK A20110117606968 F 414800 874660 120 30 999 NONE NONE 390
	FP_ROUTE KC..KCRJ2

TRACK_TIME 1167737286
TRACK A20110117606969 F 404660 730760 120 30 999 NONE NONE 390
	FP_ROUTE KC..KB737

TRACK_TIME 1167737286
TRACK A20110117606978 F 403760 734500 120 30 999 NONE NONE 210
	FP_ROUTE KC..KB734

TRACK_TIME 1167737286
TRACK A20110117606993 F 360760 1151200 120 30 999 NONE NONE 290
	FP_ROUTE KT..KE145

TRACK_TIME 1167737286
TRACK A20110117606994 F 211900 1575700 120 30 999 NONE NONE 380
	FP_ROUTE KC..KE135

TRACK_TIME 1167737286
TRACK A20110117606996 F 420000 875560 120 30 999 NONE NONE 350
	FP_ROUTE KT..KCRJ2

TRACK_TIME 1167737286
TRACK A20110117606999 F 261060 981500 120 30 999 NONE NONE 400
	FP_ROUTE KC..KMD83

TRACK_TIME 1167737286
TRACK A20110117607007 F 303460 862860 120 30 999 NONE NONE 270
	FP_ROUTE KC..KMD83

TRACK_TIME 1167737286
TRACK A20110117607013 F 332560 1115560 120 30 999 NONE NONE 290
	FP_ROUTE KC..KE145

TRACK_TIME 1167737286
TRACK A20110117607017 F 440400 924200 120 30 999 NONE NONE 230
	FP_ROUTE KC..KA320

TRACK_TIME 1167737286
TRACK A20110117607022 F 413100 934200 120 30 999 NONE NONE 220
	FP_ROUTE KT..KE145

TRACK_TIME 1167737286
TRACK A20110117607023 F 344660 821660 120 30 999 NONE NONE 330
	FP_ROUTE KC..KMD82

TRACK_TIME 1167737286
TRACK A20110117607025 F 404600 734960 120 30 999 NONE NONE 331
	FP_ROUTE KC..KB737

TRACK_TIME 1167737286
TRACK A20110117607032 F 391060 764300 120 30 999 NONE NONE 370
	FP_ROUTE KC..KB739

TRACK_TIME 1167737286
TRACK A20110117607034 F 421360 832100 120 30 999 NONE NONE 270
	FP_ROUTE KC..KB752

TRACK_TIME 1167737286
TRACK A20110117607035 F 301660 974060 120 30 999 NONE NONE 360
	FP_ROUTE KG..KBE9L

TRACK_TIME 1167737286
TRACK A20110117607045 F 394800 1044000 120 30 999 NONE NONE 350
	FP_ROUTE KC..KA320

TRACK_TIME 1167737286
TRACK A20110117607061 F 334000 1014960 120 30 999 NONE NONE 300
	FP_ROUTE KC..KE190

TRACK_TIME 1167737286
TRACK A20110117607068 F 325500 970460 120 30 999 NONE NONE 350
	FP_ROUTE KT..KE135

TRACK_TIME 1167737286
TRACK A20110117607069 F 332560 1120300 120 30 999 NONE NONE 370
	FP_ROUTE KC..KCRJ2

TRACK_TIME 1167737286
TRACK A20110117607073 F 403900 741060 120 30 999 NONE NONE 350
	FP_ROUTE KC..KA320

TRACK_TIME 1167737286
TRACK A20110117607074 F 384500 901900 120 30 999 NONE NONE 390
	FP_ROUTE KC..KB737

TRACK_TIME 1167737286
TRACK A20110117607075 F 373600 1221900 120 30 999 NONE NONE 280
	FP_ROUTE KC..KE190

TRACK_TIME 1167737286
TRACK A20110117607076 F 393460 1045100 120 30 999 NONE NONE 410
	FP_ROUTE KC..KCRJ2

TRACK_TIME 1167737286
TRACK A20110117607078 F 395200 751660 120 30 999 NONE NONE 390
	FP_ROUTE KC..KCRJ9

TRACK_TIME 1167737286
TRACK A20110117607079 F 403000 801800 120 30 999 NONE NONE 220
	FP_ROUTE KC..KB737

TRACK_TIME 1167737286
TRACK A20110117607083 F 395260 1043460 120 30 999 NONE NONE 360
	FP_ROUTE KC..KB753

TRACK_TIME 1167737286
TRACK A20110117607088 F 372860 771800 120 30 999 NONE NONE 220
	FP_ROUTE KC..KB735

TRACK_TIME 1167737286
TRACK A20110117607090 F 403000 801800 120 30 999 NONE NONE 220
	FP_ROUTE KC..KE190

TRACK_TIME 1167737286
TRACK A20110117607094 F 324360 1171000 120 30 999 NONE NONE 370
	FP_ROUTE KC..KB737

TRACK_TIME 1167737286
TRACK A20110117607096 F 394800 1044000 120 30 999 NONE NONE 380
	FP_ROUTE KC..KB733

TRACK_TIME 1167737286
TRACK A20110117607100 F 414200 712700 120 30 999 NONE NONE 390
	FP_ROUTE KT..KCRJ2

TRACK_TIME 1167737286
TRACK A20110117607112 F 372100 1215400 120 30 999 NONE NONE 400
	FP_ROUTE KC..KB712

TRACK_TIME 1167737286
TRACK A20110117607115 F 484800 1223160 120 30 999 NONE NONE 320
	FP_ROUTE KC..KB737

TRACK_TIME 1167737286
TRACK A20110117607124 F 351060 805700 120 30 999 NONE NONE 270
	FP_ROUTE KC..KCRJ2

TRACK_TIME 1167737286
TRACK A20110117607125 F 262400 815400 120 30 999 NONE NONE 370
	FP_ROUTE KC..KE120

TRACK_TIME 1167737286
TRACK A20110117607130 F 302860 814300 120 30 999 NONE NONE 320
	FP_ROUTE KC..KMD83

TRACK_TIME 1167737286
TRACK A20110117607132 F 393900 1065200 120 30 999 NONE NONE 360
	FP_ROUTE KC..KCRJ2

TRACK_TIME 1167737286
TRACK A20110117607133 F 354600 1084200 120 30 999 NONE NONE 360
	FP_ROUTE KC..KE120

TRACK_TIME 1167737286
TRACK A20110117607135 F 391060 764200 120 30 999 NONE NONE 390
	FP_ROUTE KT..KCRJ9

TRACK_TIME 1167737286
TRACK A20110117607138 F 360160 800100 120 30 999 NONE NONE 280
	FP_ROUTE KT..KCRJ2

TRACK_TIME 1167737286
TRACK A20110117607139 F 395200 751600 120 30 999 NONE NONE 360
	FP_ROUTE KT..KE145

TRACK_TIME 1167737286
TRACK A20110117607142 F 391900 1065500 120 30 999 NONE NONE 240
	FP_ROUTE KC..KB752

TRACK_TIME 1167737286
TRACK A20110117607143 F 282500 811660 120 30 999 NONE NONE 400
	FP_ROUTE KC..KB737

TRACK_TIME 1167737286
TRACK A20110117607145 F 335560 1182100 120 30 999 NONE NONE 350
	FP_ROUTE KC..KB737

TRACK_TIME 1167737286
TRACK A20110117607148 F 300000 901600 120 30 999 NONE NONE 380
	FP_ROUTE KC..KB752

TRACK_TIME 1167737286
TRACK A20110117607184 F 374060 1221060 120 30 999 NONE NONE 330
	FP_ROUTE KT..KDH8D

TRACK_TIME 1167737286
TRACK A20110117607185 F 340160 1174200 120 30 999 NONE NONE 350
	FP_ROUTE KC..KB738

TRACK_TIME 1167737286
TRACK A20110117607186 F 445400 931360 120 30 999 NONE NONE 330
	FP_ROUTE KC..KB763

TRACK_TIME 1167737286
TRACK A20110117607187 F 282260 811660 120 30 999 NONE NONE 400
	FP_ROUTE KC..KB733

TRACK_TIME 1167737286
TRACK A20110117607192 F 384360 901960 120 30 999 NONE NONE 270
	FP_ROUTE KC..KB737

TRACK_TIME 1167737286
TRACK A20110117607194 F 282500 811900 120 30 999 NONE NONE 340
	FP_ROUTE KC..KB733

TRACK_TIME 1167737286
TRACK A20110117607198 F 433300 964600 120 30 999 NONE NONE 390
	FP_ROUTE KC..KA320

TRACK_TIME 1167737286
TRACK A20110117607200 F 300000 952400 120 30 999 NONE NONE 370
	FP_ROUTE KT..KCRJ9

TRACK_TIME 1167737286
TRACK A20110117607202 F 445260 931300 120 30 999 NONE NONE 330
	FP_ROUTE KC..KE190

TRACK_TIME 1167737286
TRACK A20110117607205 F 403760 734360 120 30 999 NONE NONE 390
	FP_ROUTE KC..KA320

TRACK_TIME 1167737286
TRACK A20110117607209 F 395100 1044060 120 30 999 NONE NONE 350
	FP_ROUTE KC..KE190

TRACK_TIME 1167737286
TRACK A20110117607210 F 394060 862100 120 30 999 NONE NONE 390
	FP_ROUTE KC..KB734

TRACK_TIME 1167737286
TRACK A20110117607213 F 350160 1064000 120 30 999 NONE NONE 350
	FP_ROUTE KC..KB737

TRACK_TIME 1167737286
TRACK A20110117607218 F 335700 1182560 120 30 999 NONE NONE 380
	FP_ROUTE KC..KB737

TRACK_TIME 1167737286
TRACK A20110117607219 F 391060 764500 120 30 999 NONE NONE 370
	FP_ROUTE KC..KB733

TRACK_TIME 1167737286
TRACK A20110117607220 F 422260 710000 120 30 999 NONE NONE 290
	FP_ROUTE KC..KB737

TRACK_TIME 1167737286
TRACK A20110117607224 F 403700 734300 120 30 999 NONE NONE 210
	FP_ROUTE KC..KB734

TRACK_TIME 1167737286
TRACK A20110117607225 F 333760 843000 120 30 999 NONE NONE 350
	FP_ROUTE KC..KB734

TRACK_TIME 1167737286
TRACK A20110117607235 F 420100 875800 120 30 999 NONE NONE 190
	FP_ROUTE KC..KB752

TRACK_TIME 1167737286
TRACK A20110117607236 F 360460 1150760 120 30 999 NONE NONE 360
	FP_ROUTE KC..KB733

TRACK_TIME 1167737286
TRACK A20110117607249 F 372800 771600 120 30 999 NONE NONE 240
	FP_ROUTE KC..KCRJ2

TRACK_TIME 1167737286
TRACK A20110117607251 F 384900 770160 120 30 999 NONE NONE 220
	FP_ROUTE KC..KB735

TRACK_TIME 1167737286
TRACK A20110117607259 F 261200 801360 120 30 999 NONE NONE 350
	FP_ROUTE KG..KC550

TRACK_TIME 1167737286
TRACK A20110117607261 F 453460 1223300 120 30 999 NONE NONE 240
	FP_ROUTE KC..KB752

TRACK_TIME 1167737286
TRACK A20110117607262 F 335560 1183000 120 30 999 NONE NONE 210
	FP_ROUTE KC..KE145

TRACK_TIME 1167737286
TRACK A20110117607265 F 395200 751660 120 30 999 NONE NONE 370
	FP_ROUTE KC..KA320

TRACK_TIME 1167737286
TRACK A20110117607269 F 391060 764200 120 30 999 NONE NONE 230
	FP_ROUTE KC..KE145

TRACK_TIME 1167737286
TRACK A20110117607271 F 430100 712860 120 30 999 NONE NONE 370
	FP_ROUTE KC..KB738

TRACK_TIME 1167737286
TRACK A20110117607272 F 282800 811660 120 30 999 NONE NONE 380
	FP_ROUTE KC..KA320

TRACK_TIME 1167737286
TRACK A20110117607277 F 282700 811800 120 30 999 NONE NONE 360
	FP_ROUTE KT..KE135

TRACK_TIME 1167737286
TRACK A20110117607278 F 321360 900300 120 30 999 NONE NONE 270
	FP_ROUTE KC..KA319

TRACK_TIME 1167737286
TRACK A20110117607283 F 373600 1221900 120 30 999 NONE NONE 360
	FP_ROUTE KC..KMD82

TRACK_TIME 1167737286
TRACK A20110117607286 F 375100 802700 120 30 999 NONE NONE 330
	FP_ROUTE KC..KB737

TRACK_TIME 1167737286
TRACK A20110117607287 F 333900 842860 120 30 999 NONE NONE 260
	FP_ROUTE KC..KA320

TRACK_TIME 1167737286
TRACK A20110117607289 F 332560 1115800 120 30 999 NONE NONE 370
	FP_ROUTE KT..KCRJ2

TRACK_TIME 1167737286
TRACK A20110117607290 F 391900 944200 120 30 999 NONE NONE 350
	FP_ROUTE KC..KB737

TRACK_TIME 1167737286
TRACK A20110117607291 F 404500 735400 120 30 999 NONE NONE 370
	FP_ROUTE KC..KE190

TRACK_TIME 1167737286
TRACK A20110117607306 F 391060 764360 120 30 999 NONE NONE 390
	FP_ROUTE KC..KB738

TRACK_TIME 1167737286
TRACK A20110117607309 F 325500 970300 120 30 999 NONE NONE 330
	FP_ROUTE KC..KB712

TRACK_TIME 1167737286
TRACK A20110117607310 F 280000 823160 120 30 999 NONE NONE 330
	FP_ROUTE KC..KB738

TRACK_TIME 1167737286
TRACK A20110117607311 F 412560 814900 120 30 999 NONE NONE 280
	FP_ROUTE KT..KDH8D

TRACK_TIME 1167737286
TRACK A20110117607316 F 333760 842860 120 30 999 NONE NONE 390
	FP_ROUTE KC..KA320

TRACK_TIME 1167737286
TRACK A20110117607317 F 422100 710100 120 30 999 NONE NONE 190
	FP_ROUTE KC..KB734

TRACK_TIME 1167737286
TRACK A20110117607336 F 421360 832200 120 30 999 NONE NONE 350
	FP_ROUTE KT..KCRJ2

TRACK_TIME 1167737286
TRACK A20110117607340 F 394800 1044000 120 30 999 NONE NONE 360
	FP_ROUTE KG..KC550

TRACK_TIME 1167737286
TRACK A20110117607342 F 380600 843160 120 30 999 NONE NONE 430
	FP_ROUTE KC..KMD82

TRACK_TIME 1167737286
TRACK A20110117607347 F 425860 875260 120 30 999 NONE NONE 300
	FP_ROUTE KC..KE145

TRACK_TIME 1167737286
TRACK A20110117607348 F 404500 735400 120 30 999 NONE NONE 290
	FP_ROUTE KC..KB737

TRACK_TIME 1167737286
TRACK A20110117607349 F 360460 1151060 120 30 999 NONE NONE 340
	FP_ROUTE KC..KE170

TRACK_TIME 1167737286
TRACK A20110117607350 F 333900 842700 120 30 999 NONE NONE 210
	FP_ROUTE KC..KA320

TRACK_TIME 1167737286
TRACK A20110117607352 F 433300 1161060 120 30 999 NONE NONE 340
	FP_ROUTE KC..KB737

TRACK_TIME 1167737286
TRACK A20110117607378 F 302260 841300 120 30 999 NONE NONE 230
	FP_ROUTE KC..KB712

TRACK_TIME 1167737286
TRACK A20110117607382 F 360300 1150600 120 30 999 NONE NONE 290
	FP_ROUTE KC..KB712

TRACK_TIME 1167737286
TRACK A20110117607383 F 333760 843000 120 30 999 NONE NONE 220
	FP_ROUTE KC..KCRJ2

TRACK_TIME 1167737286
TRACK A20110117607389 F 404000 741060 120 30 999 NONE NONE 370
	FP_ROUTE KC..KB737

TRACK_TIME 1167737286
TRACK A20110117607390 F 395400 750760 120 30 999 NONE NONE 210
	FP_ROUTE KC..KB734

TRACK_TIME 1167737286
TRACK A20110117607397 F 371360 932260 120 30 999 NONE NONE 290
	FP_ROUTE KC..KB737

TRACK_TIME 1167737286
TRACK A20110117607401 F 392700 944600 120 30 999 NONE NONE 330
	FP_ROUTE KC..KMD83

TRACK_TIME 1167737286
TRACK A20110117607418 F 264060 801660 120 30 999 NONE NONE 430
	FP_ROUTE KC..KB738

TRACK_TIME 1167737286
TRACK A20110117607420 F 293400 983100 120 30 999 NONE NONE 220
	FP_ROUTE KC..KCRJ2

TRACK_TIME 1167737286
TRACK A20110117607421 F 384360 901960 120 30 999 NONE NONE 350
	FP_ROUTE KC..KMD83

TRACK_TIME 1167737286
TRACK A20110117607422 F 401060 801960 120 30 999 NONE NONE 390
	FP_ROUTE KC..KA320

TRACK_TIME 1167737286
TRACK A20110117607424 F 473300 1221960 120 30 999 NONE NONE 380
	FP_ROUTE KC..KB752

TRACK_TIME 1167737286
TRACK A20110117607429 F 341200 1182400 120 30 999 NONE NONE 220
	FP_ROUTE KT..KCRJ2

TRACK_TIME 1167737286
TRACK A20110117607433 F 404500 1115800 120 30 999 NONE NONE 350
	FP_ROUTE KC..KB738

TRACK_TIME 1167737286
TRACK A20110117607439 F 404600 1120000 120 30 999 NONE NONE 390
	FP_ROUTE KC..KB737

TRACK_TIME 1167737286
TRACK A20110117607441 F 350100 1063760 120 30 999 NONE NONE 330
	FP_ROUTE KT..KCRJ9

TRACK_TIME 1167737286
TRACK A20110117607442 F 404660 742560 120 30 999 NONE NONE 410
	FP_ROUTE KC..KB737

TRACK_TIME 1167737286
TRACK A20110117607443 F 360460 1151300 120 30 999 NONE NONE 380
	FP_ROUTE KC..KA320

TRACK_TIME 1167737286
TRACK A20110117607444 F 335560 1183460 120 30 999 NONE NONE 280
	FP_ROUTE KT..KCRJ9

TRACK_TIME 1167737286
TRACK A20110117607445 F 373600 1221900 120 30 999 NONE NONE 360
	FP_ROUTE KT..KE145

TRACK_TIME 1167737286
TRACK A20110117607456 F 384800 770160 120 30 999 NONE NONE 310
	FP_ROUTE KT..KE145

TRACK_TIME 1167737286
TRACK A20110117607457 F 332560 1120400 120 30 999 NONE NONE 310
	FP_ROUTE KC..KB738

TRACK_TIME 1167737286
TRACK A20110117607458 F 403700 734600 120 30 999 NONE NONE 350
	FP_ROUTE KC..KCRJ2

TRACK_TIME 1167737286
TRACK A20110117607460 F 332560 1120400 120 30 999 NONE NONE 270
	FP_ROUTE KC..KCRJ2

TRACK_TIME 1167737286
TRACK A20110117607464 F 394500 861500 120 30 999 NONE NONE 350
	FP_ROUTE KC..KCRJ2

TRACK_TIME 1167737286
TRACK A20110117607470 F 542700 1660100 120 30 999 NONE NONE 200
	FP_ROUTE KC..KA320

TRACK_TIME 1167737286
TRACK A20110117607473 F 384800 770160 120 30 999 NONE NONE 250
	FP_ROUTE KC..KB737

TRACK_TIME 1167737286
TRACK A20110117607479 F 333760 842860 120 30 999 NONE NONE 370
	FP_ROUTE KC..KE145

TRACK_TIME 1167737286
TRACK A20110117607481 F 421300 831960 120 30 999 NONE NONE 290
	FP_ROUTE KC..KB738

TRACK_TIME 1167737286
TRACK A20110117607487 F 393460 1194360 120 30 999 NONE NONE 230
	FP_ROUTE KC..KA319

TRACK_TIME 1167737286
TRACK A20110117607488 F 332560 1115800 120 30 999 NONE NONE 350
	FP_ROUTE KC..KA319

TRACK_TIME 1167737286
TRACK A20110117607489 F 282700 811800 120 30 999 NONE NONE 360
	FP_ROUTE KT..KCRJ2

TRACK_TIME 1167737286
TRACK A20110117607491 F 421500 833100 120 30 999 NONE NONE 380
	FP_ROUTE KC..KE170

TRACK_TIME 1167737286
TRACK A20110117607496 F 393760 862260 120 30 999 NONE NONE 380
	FP_ROUTE KT..KCRJ2

TRACK_TIME 1167737286
TRACK A20110117607501 F 325560 970300 120 30 999 NONE NONE 241
	FP_ROUTE KT..KCRJ2

TRACK_TIME 1167737286
TRACK A20110117607503 F 420000 875400 120 30 999 NONE NONE 340
	FP_ROUTE KC..KB733

TRACK_TIME 1167737286
TRACK A20110117607504 F 325500 970160 120 30 999 NONE NONE 360
	FP_ROUTE KC..KB733

TRACK_TIME 1167737286
TRACK A20110117607505 F 384360 1044060 120 30 999 NONE NONE 280
	FP_ROUTE KC..KB737

TRACK_TIME 1167737286
TRACK A20110117607507 F 422700 705800 120 30 999 NONE NONE 330
	FP_ROUTE KT..KDH8D

TRACK_TIME 1167737286
TRACK A20110117607508 F 254800 801960 120 30 999 NONE NONE 380
	FP_ROUTE KC..KA320

TRACK_TIME 1167737286
TRACK A20110117607509 F 280100 823160 120 30 999 NONE NONE 340
	FP_ROUTE KC..KE170

TRACK_TIME 1167737286
TRACK A20110117607511 F 420000 875500 120 30 999 NONE NONE 310
	FP_ROUTE KC..KB737

TRACK_TIME 1167737286
TRACK A20110117607512 F 395200 751660 120 30 999 NONE NONE 260
	FP_ROUTE KC..KA320

TRACK_TIME 1167737286
TRACK A20110117607515 F 341060 780100 120 30 999 NONE NONE 300
	FP_ROUTE KT..KCRJ2

TRACK_TIME 1167737286
TRACK A20110117607517 F 403900 741060 120 30 999 NONE NONE 350
	FP_ROUTE KC..KE135

TRACK_TIME 1167737286
TRACK A20110117607525 F 361000 1151060 120 30 999 NONE NONE 370
	FP_ROUTE KC..KMD82

TRACK_TIME 1167737286
TRACK A20110117607529 F 254600 801500 120 30 999 NONE NONE 360
	FP_ROUTE KT..KDH8D

TRACK_TIME 1167737286
TRACK A20110117607532 F 373600 1221800 120 30 999 NONE NONE 340
	FP_ROUTE KT..KDH8D

TRACK_TIME 1167737286
TRACK A20110117607536 F 293300 983100 120 30 999 NONE NONE 300
	FP_ROUTE KC..KB734

TRACK_TIME 1167737286
TRACK A20110117607538 F 350100 1063760 120 30 999 NONE NONE 400
	FP_ROUTE KC..KB737

TRACK_TIME 1167737286
TRACK A20110117607539 F 335560 1182100 120 30 999 NONE NONE 400
	FP_ROUTE KC..KCRJ2

TRACK_TIME 1167737286
TRACK A20110117607540 F 373600 1221960 120 30 999 NONE NONE 360
	FP_ROUTE KC..KB712

TRACK_TIME 1167737286
TRACK A20110117607548 F 362700 822560 120 30 999 NONE NONE 230
	FP_ROUTE KC..KB733

TRACK_TIME 1167737286
TRACK A20110117607552 F 411600 955260 120 30 999 NONE NONE 350
	FP_ROUTE KT..KE135

TRACK_TIME 1167737286
TRACK A20110117607553 F 420000 914960 120 30 999 NONE NONE 280
	FP_ROUTE KC..KB712

TRACK_TIME 1167737286
TRACK A20110117607554 F 414060 712800 120 30 999 NONE NONE 310
	FP_ROUTE KC..KB737

TRACK_TIME 1167737286
TRACK A20110117607560 F 335560 1182260 120 30 999 NONE NONE 380
	FP_ROUTE KC..KB733

TRACK_TIME 1167737286
TRACK A20110117607565 F 325560 970160 120 30 999 NONE NONE 360
	FP_ROUTE KC..KB712

TRACK_TIME 1167737286
TRACK A20110117607566 F 325700 970300 120 30 999 NONE NONE 290
	FP_ROUTE KT..KE145

TRACK_TIME 1167737286
TRACK A20110117607568 F 325400 970400 120 30 999 NONE NONE 370
	FP_ROUTE KC..KMD82

TRACK_TIME 1167737286
TRACK A20110117607569 F 415860 875200 120 30 999 NONE NONE 370
	FP_ROUTE KC..KE145

TRACK_TIME 1167737286
TRACK A20110117607570 F 325260 970300 120 30 999 NONE NONE 270
	FP_ROUTE KC..KB737

TRACK_TIME 1167737286
TRACK A20110117607592 F 415560 724300 120 30 999 NONE NONE 370
	FP_ROUTE KC..KB763

TRACK_TIME 1167737286
TRACK A20110117607593 F 445400 931360 120 30 999 NONE NONE 340
	FP_ROUTE KC..KB737

TRACK_TIME 1167737286
TRACK A20110117607594 F 384800 770160 120 30 999 NONE NONE 220
	FP_ROUTE KC..KE190

TRACK_TIME 1167737286
TRACK A20110117607599 F 403900 741060 120 30 999 NONE NONE 210
	FP_ROUTE KC..KA320

TRACK_TIME 1167737286
TRACK A20110117607604 F 354960 784960 120 30 999 NONE NONE 330
	FP_ROUTE KC..KE145

TRACK_TIME 1167737286
TRACK A20110117607609 F 325400 970160 120 30 999 NONE NONE 340
	FP_ROUTE KT..KCRJ2

TRACK_TIME 1167737286
TRACK A20110117607612 F 403000 801800 120 30 999 NONE NONE 370
	FP_ROUTE KC..KB712

TRACK_TIME 1167737286
TRACK A20110117607615 F 395100 1044000 120 30 999 NONE NONE 340
	FP_ROUTE KC..KB739

TRACK_TIME 1167737286
TRACK A20110117607616 F 350400 895860 120 30 999 NONE NONE 350
	FP_ROUTE KC..KB734

TRACK_TIME 1167737286
TRACK A20110117607618 F 280160 823160 120 30 999 NONE NONE 340
	FP_ROUTE KC..KB712

TRACK_TIME 1167737286
TRACK A20110117607620 F 361060 864000 120 30 999 NONE NONE 310
	FP_ROUTE KC..KA320

TRACK_TIME 1167737286
TRACK A20110117607625 F 254600 801600 120 30 999 NONE NONE 370
	FP_ROUTE KC..KA320

TRACK_TIME 1167737286
TRACK A20110117607627 F 384900 770160 120 30 999 NONE NONE 320
	FP_ROUTE KC..KB734

TRACK_TIME 1167737286
TRACK A20110117607628 F 355100 784900 120 30 999 NONE NONE 260
	FP_ROUTE KC..KB752

TRACK_TIME 1167737286
TRACK A20110117607630 F 420160 875700 120 30 999 NONE NONE 240
	FP_ROUTE KC..KMD83

TRACK_TIME 1167737286
TRACK A20110117607631 F 385860 772800 120 30 999 NONE NONE 370
	FP_ROUTE KC..KE120

TRACK_TIME 1167737286
TRACK A20110117607632 F 325260 970160 120 30 999 NONE NONE 330
	FP_ROUTE KC..KCRJ2

TRACK_TIME 1167737286
TRACK A20110117607633 F 302860 814300 120 30 999 NONE NONE 310
	FP_ROUTE KC..KE145

TRACK_TIME 1167737286
TRACK A20110117607642 F 394900 1043900 120 30 999 NONE NONE 390
	FP_ROUTE KC..KB737

TRACK_TIME 1167737286
TRACK A20110117607643 F 352560 973600 120 30 999 NONE NONE 330
	FP_ROUTE KC..KB763

TRACK_TIME 1167737286
TRACK A20110117607645 F 333760 842860 120 30 999 NONE NONE 390
	FP_ROUTE KC..KB752

TRACK_TIME 1167737286
TRACK A20110117607646 F 264060 801500 120 30 999 NONE NONE 390
	FP_ROUTE KT..KE135

TRACK_TIME 1167737286
TRACK A20110117607647 F 351060 805800 120 30 999 NONE NONE 310
	FP_ROUTE KC..KB752

TRACK_TIME 1167737286
TRACK A20110117607649 F 450100 1224360 120 30 999 NONE NONE 200
	FP_ROUTE KC..KE145

TRACK_TIME 1167737286
TRACK A20110117607655 F 254800 801360 120 30 999 NONE NONE 360
	FP_ROUTE KT..KE145

TRACK_TIME 1167737286
TRACK A20110117607659 F 345700 785500 120 30 999 NONE NONE 270
	FP_ROUTE KT..KCRJ2

TRACK_TIME 1167737286
TRACK A20110117607660 F 333700 842800 120 30 999 NONE NONE 280
	FP_ROUTE KC..KA319

TRACK_TIME 1167737286
TRACK A20110117607670 F 472800 1221900 120 30 999 NONE NONE 380
	FP_ROUTE KT..KCRJ2

TRACK_TIME 1167737286
TRACK A20110117607677 F 394800 1044000 120 30 999 NONE NONE 400
	FP_ROUTE KC..KB737

TRACK_TIME 1167737286
TRACK A20110117607678 F 472700 1221900 120 30 999 NONE NONE 380
	FP_ROUTE KC..KB762

TRACK_TIME 1167737286
TRACK A20110117607686 F 341060 1182860 120 30 999 NONE NONE 430
	FP_ROUTE KC..KB737

TRACK_TIME 1167737286
TRACK A20110117607690 F 404300 734800 120 30 999 NONE NONE 310
	FP_ROUTE KC..KE170

TRACK_TIME 1167737286
TRACK A20110117607691 F 332560 1115800 120 30 999 NONE NONE 360
	FP_ROUTE KC..KB737

TRACK_TIME 1167737286
TRACK A20110117607694 F 445260 931060 120 30 999 NONE NONE 330
	FP_ROUTE KC..KB737

TRACK_TIME 1167737286
TRACK A20110117607698 F 384300 1213600 120 30 999 NONE NONE 340
	FP_ROUTE KC..KB737

TRACK_TIME 1167737286
TRACK A20110117607702 F 333700 842800 120 30 999 NONE NONE 370
	FP_ROUTE KC..KA319

TRACK_TIME 1167737286
TRACK A20110117607703 F 391660 943400 120 30 999 NONE NONE 400
	FP_ROUTE KC..KA321

TRACK_TIME 1167737286
TRACK A20110117607711 F 295860 951660 120 30 999 NONE NONE 360
	FP_ROUTE KC..KB734

TRACK_TIME 1167737286
TRACK A20110117607713 F 350000 1064000 120 30 999 NONE NONE 290
	FP_ROUTE KC..KDH8D

TRACK_TIME 1167737286
TRACK A20110117607721 F 373600 1221960 120 30 999 NONE NONE 380
	FP_ROUTE KC..KCRJ2

TRACK_TIME 1167737286
TRACK A20110117607725 F 300000 952400 120 30 999 NONE NONE 340
	FP_ROUTE KC..KB737

TRACK_TIME 1167737286
TRACK A20110117607726 F 445400 931500 120 30 999 NONE NONE 350
	FP_ROUTE KC..KA319

TRACK_TIME 1167737286
TRACK A20110117607739 F 332560 1115860 120 30 999 NONE NONE 330
	FP_ROUTE KC..KB737

TRACK_TIME 1167737286
TRACK A20110117607743 F 300460 973900 120 30 999 NONE NONE 350
	FP_ROUTE KC..KE145

TRACK_TIME 1167737286
TRACK A20110117607744 F 332560 1115700 120 30 999 NONE NONE 289
	FP_ROUTE KC..KCRJ2

TRACK_TIME 1167737286
TRACK A20110117607745 F 415860 875100 120 30 999 NONE NONE 350
	FP_ROUTE KC..KB712

TRACK_TIME 1167737286
TRACK A20110117607747 F 404500 734960 120 30 999 NONE NONE 310
	FP_ROUTE KC..KB733

TRACK_TIME 1167737286
TRACK A20110117607753 F 264060 801600 120 30 999 NONE NONE 340
	FP_ROUTE KC..KB733

TRACK_TIME 1167737286
TRACK A20110117607756 F 293760 951600 120 30 999 NONE NONE 430
	FP_ROUTE KC..KA320

TRACK_TIME 1167737286
TRACK A20110117607761 F 334660 1180700 120 30 999 NONE NONE 360
	FP_ROUTE KC..KB752

TRACK_TIME 1167737286
TRACK A20110117607768 F 333160 864800 120 30 999 NONE NONE 340
	FP_ROUTE KC..KB733

TRACK_TIME 1167737286
TRACK A20110117607770 F 262700 820100 120 30 999 NONE NONE 330
	FP_ROUTE KC..KDH8D

TRACK_TIME 1167737286
TRACK A20110117607773 F 395560 1044200 120 30 999 NONE NONE 390
	FP_ROUTE KC..KB733

TRACK_TIME 1167737286
TRACK A20110117607774 F 445100 684960 120 30 999 NONE NONE 310
	FP_ROUTE KC..KB712

TRACK_TIME 1167737286
TRACK A20110117607778 F 391060 764360 120 30 999 NONE NONE 370
	FP_ROUTE KC..KA320

TRACK_TIME 1167737286
TRACK A20110117607779 F 350460 895800 120 30 999 NONE NONE 360
	FP_ROUTE KC..KA320

TRACK_TIME 1167737286
TRACK A20110117607782 F 404500 735400 120 30 999 NONE NONE 210
	FP_ROUTE KC..KA320

TRACK_TIME 1167737286
TRACK A20110117607788 F 384500 901900 120 30 999 NONE NONE 340
	FP_ROUTE KC..KA319

TRACK_TIME 1167737286
TRACK A20110117607790 F 413400 934000 120 30 999 NONE NONE 340
	FP_ROUTE KC..KCRJ2

TRACK_TIME 1167737286
TRACK A20110117607792 F 355100 784960 120 30 999 NONE NONE 330
	FP_ROUTE KT..KCRJ2

TRACK_TIME 1167737286
TRACK A20110117607793 F 282500 811660 120 30 999 NONE NONE 340
	FP_ROUTE KC..KCRJ2

TRACK_TIME 1167737286
TRACK A20110117607794 F 260400 801060 120 30 999 NONE NONE 230
	FP_ROUTE KT..KCRJ2

TRACK_TIME 1167737286
TRACK A20110117607795 F 301500 974060 120 30 999 NONE NONE 360
	FP_ROUTE KC..KCRJ2

TRACK_TIME 1167737286
TRACK A20110117607796 F 403000 801800 120 30 999 NONE NONE 320
	FP_ROUTE KC..KCRJ2

TRACK_TIME 1167737286
TRACK A20110117607798 F 404660 1151900 120 30 999 NONE NONE 260
	FP_ROUTE KC..KB737

TRACK_TIME 1167737286
TRACK A20110117607799 F 302860 814360 120 30 999 NONE NONE 340
	FP_ROUTE KT..KCRJ9

TRACK_TIME 1167737286
TRACK A20110117607800 F 404800 1120000 120 30 999 NONE NONE 210
	FP_ROUTE KC..KB733

TRACK_TIME 1167737286
TRACK A20110117607801 F 280000 823300 120 30 999 NONE NONE 300
	FP_ROUTE KC..KCRJ2

TRACK_TIME 1167737286
TRACK A20110117607803 F 394900 1044060 120 30 999 NONE NONE 250
	FP_ROUTE KG..KB722

TRACK_TIME 1167737286
TRACK A20110117607806 F 391960 944200 120 30 999 NONE NONE 360
	FP_ROUTE KT..KCRJ9

TRACK_TIME 1167737286
TRACK A20110117607807 F 384600 902200 120 30 999 NONE NONE 360
	FP_ROUTE KC..KB737

TRACK_TIME 1167737286
TRACK A20110117607808 F 404000 741060 120 30 999 NONE NONE 350
	FP_ROUTE KC..KB752

TRACK_TIME 1167737286
TRACK A20110117607817 F 351300 805560 120 30 999 NONE NONE 280
	FP_ROUTE KC..KE170

TRACK_TIME 1167737286
TRACK A20110117607821 F 403760 734500 120 30 999 NONE NONE 370
	FP_ROUTE KC..KE190

TRACK_TIME 1167737286
TRACK A20110117607823 F 280100 823160 120 30 999 NONE NONE 370
	FP_ROUTE KC..KB737

TRACK_TIME 1167737286
TRACK A20110117607826 F 603760 1615800 120 30 999 NONE NONE 280
	FP_ROUTE KC..KA319

TRACK_TIME 1167737286
TRACK A20110117607827 F 581300 1530400 120 30 999 NONE NONE 370
	FP_ROUTE KC..KE170

TRACK_TIME 1167737286
TRACK A20110117607828 F 603900 1511200 120 30 999 NONE NONE 260
	FP_ROUTE KC..KA320

TRACK_TIME 1167737286
TRACK A20110117607832 F 263760 812400 120 30 999 NONE NONE 430
	FP_ROUTE KC..KA319

TRACK_TIME 1167737286
TRACK A20110117607838 F 333900 842800 120 30 999 NONE NONE 340
	FP_ROUTE KC..KB737

TRACK_TIME 1167737286
TRACK A20110117607839 F 350100 773300 120 30 999 NONE NONE 190
	FP_ROUTE KC..KCRJ2

TRACK_TIME 1167737286
TRACK A20110117607842 F 333900 842860 120 30 999 NONE NONE 360
	FP_ROUTE KC..KB737

TRACK_TIME 1167737286
TRACK A20110117607848 F 404600 735260 120 30 999 NONE NONE 210
	FP_ROUTE KC..KB737

TRACK_TIME 1167737286
TRACK A20110117607856 F 325560 970160 120 30 999 NONE NONE 340
	FP_ROUTE KG..KLJ35

TRACK_TIME 1167737286
TRACK A20110117607859 F 404960 740600 120 30 999 NONE NONE 369
	FP_ROUTE KG..KLJ35

TRACK_TIME 1167737286
TRACK A20110117607867 F 300000 951800 120 30 999 NONE NONE 400
	FP_ROUTE KC..KA320

TRACK_TIME 1167737286
TRACK A20110117607875 F 420000 875500 120 30 999 NONE NONE 360
	FP_ROUTE KC..KB737

TRACK_TIME 1167737286
TRACK A20110117607877 F 315700 1021300 120 30 999 NONE NONE 320
	FP_ROUTE KC..KCRJ9

TRACK_TIME 1167737286
TRACK A20110117607882 F 283160 812200 120 30 999 NONE NONE 400
	FP_ROUTE KC..KA320

TRACK_TIME 1167737286
TRACK A20110117607885 F 254800 801600 120 30 999 NONE NONE 380
	FP_ROUTE KC..KB733

TRACK_TIME 1167737286
TRACK A20110117607888 F 412500 814960 120 30 999 NONE NONE 300
	FP_ROUTE KC..KB737

TRACK_TIME 1167737286
TRACK A20110117607889 F 422100 705800 120 30 999 NONE NONE 370
	FP_ROUTE KC..KB737

TRACK_TIME 1167737286
TRACK A20110117607895 F 373600 1221960 120 30 999 NONE NONE 380
	FP_ROUTE KC..KE145

TRACK_TIME 1167737286
TRACK A20110117607897 F 391060 764300 120 30 999 NONE NONE 300
	FP_ROUTE KC..KCRJ9

TRACK_TIME 1167737286
TRACK A20110117607898 F 384600 765200 120 30 999 NONE NONE 390
	FP_ROUTE KT..KE145

TRACK_TIME 1167737286
TRACK A20110117607899 F 181960 650000 120 30 999 NONE NONE 370
	FP_ROUTE KT..KDH8D

TRACK_TIME 1167737286
TRACK A20110117607903 F 264060 800100 120 30 999 NONE NONE 340
	FP_ROUTE KT..KCRJ9

TRACK_TIME 1167737286
TRACK A20110117607908 F 282260 811900 120 30 999 NONE NONE 410
	FP_ROUTE KC..KB752

TRACK_TIME 1167737286
TRACK A20110117607909 F 414060 712800 120 30 999 NONE NONE 390
	FP_ROUTE KC..KB739

TRACK_TIME 1167737286
TRACK A20110117607911 F 300000 901660 120 30 999 NONE NONE 330
	FP_ROUTE KC..KDH8A

TRACK_TIME 1167737286
TRACK A20110117607912 F 421300 831960 120 30 999 NONE NONE 350
	FP_ROUTE KC..KA319

TRACK_TIME 1167737286
TRACK A20110117607915 F 441960 880760 120 30 999 NONE NONE 260
	FP_ROUTE KC..KA320

TRACK_TIME 1167737286
TRACK A20110117607922 F 333760 842700 120 30 999 NONE NONE 410
	FP_ROUTE KC..KA319

TRACK_TIME 1167737286
TRACK A20110117607931 F 382260 813400 120 30 999 NONE NONE 250
	FP_ROUTE KT..KDH8D

TRACK_TIME 1167737286
TRACK A20110117607935 F 373600 1221900 120 30 999 NONE NONE 320
	FP_ROUTE KT..KDH8D

TRACK_TIME 1167737286
TRACK A20110117607942 F 404660 730700 120 30 999 NONE NONE 390
	FP_ROUTE KC..KB733

TRACK_TIME 1167737286
TRACK A20110117607944 F 282400 811900 120 30 999 NONE NONE 300
	FP_ROUTE KC..KE145

TRACK_TIME 1167737286
TRACK A20110117607946 F 403760 734360 120 30 999 NONE NONE 370
	FP_ROUTE KT..KCRJ2

TRACK_TIME 1167737286
TRACK A20110117607950 F 182500 660160 120 30 999 NONE NONE 370
	FP_ROUTE KC..KCRJ2

TRACK_TIME 1167737286
TRACK A20110117607951 F 335400 841660 120 30 999 NONE NONE 400
	FP_ROUTE KC..KA319

TRACK_TIME 1167737286
TRACK A20110117607952 F 294060 821300 120 30 999 NONE NONE 270
	FP_ROUTE KC..KE170

TRACK_TIME 1167737286
TRACK A20110117607953 F 333700 842860 120 30 999 NONE NONE 270
	FP_ROUTE KC..KB763

TRACK_TIME 1167737286
TRACK A20110117607971 F 300000 901500 120 30 999 NONE NONE 350
	FP_ROUTE KC..KD328

TRACK_TIME 1167737286
TRACK A20110117607976 F 421360 831900 120 30 999 NONE NONE 380
	FP_ROUTE KC..KA320

TRACK_TIME 1167737286
TRACK A20110117607977 F 390000 772800 120 30 999 NONE NONE 390
	FP_ROUTE KC..KB734

TRACK_TIME 1167737286
TRACK A20110117607983 F 384800 770160 120 30 999 NONE NONE 330
	FP_ROUTE KC..KB752

TRACK_TIME 1167737286
TRACK A20110117607992 F 325400 970100 120 30 999 NONE NONE 340
	FP_ROUTE KC..KB734

TRACK_TIME 1167737286
TRACK A20110117607997 F 472700 1221900 120 30 999 NONE NONE 220
	FP_ROUTE KC..KB752

TRACK_TIME 1167737286
TRACK A20110117607998 F 300000 952260 120 30 999 NONE NONE 360
	FP_ROUTE KC..KB752

TRACK_TIME 1167737286
TRACK A20110117607999 F 333760 842860 120 30 999 NONE NONE 330
	FP_ROUTE KC..KE120

TRACK_TIME 1167737286
TRACK A20110117608005 F 325500 970160 120 30 999 NONE NONE 360
	FP_ROUTE KC..KE170

TRACK_TIME 1167737286
TRACK A20110117608015 F 403900 741200 120 30 999 NONE NONE 290
	FP_ROUTE KC..KB738

TRACK_TIME 1167737286
TRACK A20110117608034 F 373600 1221900 120 30 999 NONE NONE 360
	FP_ROUTE KC..KB738

TRACK_TIME 1167737286
TRACK A20110117608039 F 254660 801600 120 30 999 NONE NONE 350
	FP_ROUTE KT..KCRJ2

TRACK_TIME 1167737286
TRACK A20110117608048 F 293300 983000 120 30 999 NONE NONE 370
	FP_ROUTE KC..KB738

TRACK_TIME 1167737286
TRACK A20110117608049 F 472800 1221900 120 30 999 NONE NONE 360
	FP_ROUTE KT..KE145

TRACK_TIME 1167737286
TRACK A20110117608058 F 333760 842860 120 30 999 NONE NONE 330
	FP_ROUTE KC..KCRJ2

TRACK_TIME 1167737286
TRACK A20110117608060 F 300000 951900 120 30 999 NONE NONE 360
	FP_ROUTE KC..KMD82

TRACK_TIME 1167737286
TRACK A20110117608072 F 404360 735500 120 30 999 NONE NONE 390
	FP_ROUTE KC..KB737

TRACK_TIME 1167737286
TRACK A20110117608077 F 333760 842860 120 30 999 NONE NONE 370
	FP_ROUTE KC..KB737

TRACK_TIME 1167737286
TRACK A20110117608082 F 335560 1182260 120 30 999 NONE NONE 360
	FP_ROUTE KC..KA319

TRACK_TIME 1167737286
TRACK A20110117608084 F 282860 811660 120 30 999 NONE NONE 400
	FP_ROUTE KT..KCRJ2

TRACK_TIME 1167737286
TRACK A20110117608086 F 445100 931360 120 30 999 NONE NONE 370
	FP_ROUTE KC..KCRJ2

TRACK_TIME 1167737286
TRACK A20110117608087 F 295860 951800 120 30 999 NONE NONE 280
	FP_ROUTE KC..KE170

TRACK_TIME 1167737286
TRACK A20110117608094 F 360460 1150760 120 30 999 NONE NONE 340
	FP_ROUTE KT..KCRJ2

TRACK_TIME 1167737286
TRACK A20110117608099 F 472800 1221900 120 30 999 NONE NONE 320
	FP_ROUTE KC..KB737

TRACK_TIME 1167737286
TRACK A20110117608117 F 415400 724360 120 30 999 NONE NONE 360
	FP_ROUTE KC..KB752

TRACK_TIME 1167737286
TRACK A20110117608119 F 584600 1563700 120 30 999 NONE NONE 200
	FP_ROUTE KC..KA319

TRACK_TIME 1167737286
TRACK A20110117608120 F 541200 1661060 120 30 999 NONE NONE 200
	FP_ROUTE KC..KMD83

TRACK_TIME 1167737286
TRACK A20110117608139 F 360600 1150900 120 30 999 NONE NONE 310
	FP_ROUTE KC..KB738

TRACK_TIME 1167737286
TRACK A20110117608143 F 260400 801200 120 30 999 NONE NONE 360
	FP_ROUTE KC..KE145

TRACK_TIME 1167737286
TRACK A20110117608144 F 422700 705860 120 30 999 NONE NONE 230
	FP_ROUTE KC..KA319

TRACK_TIME 1167737286
TRACK A20110117608149 F 300000 951800 120 30 999 NONE NONE 360
	FP_ROUTE KC..KB752

TRACK_TIME 1167737286
TRACK A20110117608150 F 363600 1215200 120 30 999 NONE NONE 260
	FP_ROUTE KC..KA318

TRACK_TIME 1167737286
TRACK A20110117608155 F 324360 1171000 120 30 999 NONE NONE 360
	FP_ROUTE KC..KB733

TRACK_TIME 1167737286
TRACK A20110117608156 F 420000 875500 120 30 999 NONE NONE 330
	FP_ROUTE KC..KA319

TRACK_TIME 1167737286
TRACK A20110117608160 F 335560 1182560 120 30 999 NONE NONE 360
	FP_ROUTE KC..KE145

TRACK_TIME 1167737286
TRACK A20110117608162 F 445200 931060 120 30 999 NONE NONE 370
	FP_ROUTE KC..KMD83

TRACK_TIME 1167737286
TRACK A20110117608165 F 404800 735200 120 30 999 NONE NONE 330
	FP_ROUTE KC..KCRJ2

TRACK_TIME 1167737286
TRACK A20110117608166 F 334000 1014960 120 30 999 NONE NONE 300
	FP_ROUTE KC..KB737

TRACK_TIME 1167737286
TRACK A20110117608181 F 333900 1174600 120 30 999 NONE NONE 410
	FP_ROUTE KC..KE170

TRACK_TIME 1167737286
TRACK A20110117608187 F 404600 1115800 120 30 999 NONE NONE 360
	FP_ROUTE KC..KA319

TRACK_TIME 1167737286
TRACK A20110117608191 F 392800 944000 120 30 999 NONE NONE 350
	FP_ROUTE KC..KA320

TRACK_TIME 1167737286
TRACK A20110117608192 F 425800 875400 120 30 999 NONE NONE 310
	FP_ROUTE KC..KMD83

TRACK_TIME 1167737286
TRACK A20110117608196 F 391800 762260 120 30 999 NONE NONE 370
	FP_ROUTE KC..KCRJ2

TRACK_TIME 1167737286
TRACK A20110117608200 F 425860 712800 120 30 999 NONE NONE 270
	FP_ROUTE KC..KA319

TRACK_TIME 1167737286
TRACK A20110117608203 F 282400 811900 120 30 999 NONE NONE 280
	FP_ROUTE KC..KB737

TRACK_TIME 1167737286
TRACK A20110117608204 F 395200 751660 120 30 999 NONE NONE 290
	FP_ROUTE KG..KC560

TRACK_TIME 1167737286
TRACK A20110117608205 F 420100 875560 120 30 999 NONE NONE 360
	FP_ROUTE KC..KA319

TRACK_TIME 1167737286
TRACK A20110117608210 F 584000 1563100 120 30 999 NONE NONE 200
	FP_ROUTE KG..KFA20

TRACK_TIME 1167737286
TRACK A20110117608211 F 541660 1660160 120 30 999 NONE NONE 200
	FP_ROUTE KC..KB712

TRACK_TIME 1167737286
TRACK A20110117608221 F 333760 842800 120 30 999 NONE NONE 270
	FP_ROUTE KC..KB737

TRACK_TIME 1167737286
TRACK A20110117608222 F 414900 874660 120 30 999 NONE NONE 360
	FP_ROUTE KC..KB712

TRACK_TIME 1167737286
TRACK A20110117608228 F 352800 823600 120 30 999 NONE NONE 310
	FP_ROUTE KC..KB735

TRACK_TIME 1167737286
TRACK A20110117608234 F 372860 771960 120 30 999 NONE NONE 370
	FP_ROUTE KC..KA321

TRACK_TIME 1167737286
TRACK A20110117608241 F 360900 864000 120 30 999 NONE NONE 220
	FP_ROUTE KC..KB738

TRACK_TIME 1167737286
TRACK A20110117608251 F 325500 970160 120 30 999 NONE NONE 320
	FP_ROUTE KC..KB737

TRACK_TIME 1167737286
TRACK A20110117608252 F 350300 1064000 120 30 999 NONE NONE 340
	FP_ROUTE KC..KCRJ2

TRACK_TIME 1167737286
TRACK A20110117608257 F 404500 735400 120 30 999 NONE NONE 370
	FP_ROUTE KC..KB752

TRACK_TIME 1167737286
TRACK A20110117608258 F 293300 983000 120 30 999 NONE NONE 340
	FP_ROUTE KC..KB737

TRACK_TIME 1167737286
TRACK A20110117608260 F 420000 875500 120 30 999 NONE NONE 230
	FP_ROUTE KC..KB752

TRACK_TIME 1167737286
TRACK A20110117608267 F 335560 1182700 120 30 999 NONE NONE 320
	FP_ROUTE KC..KB734

TRACK_TIME 1167737286
TRACK A20110117608273 F 472800 1221900 120 30 999 NONE NONE 180
	FP_ROUTE KC..KA319

TRACK_TIME 1167737286
TRACK A20110117608275 F 373600 1221960 120 30 999 NONE NONE 360
	FP_ROUTE KC..KA321

TRACK_TIME 1167737286
TRACK A20110117608282 F 395200 751660 120 30 999 NONE NONE 350
	FP_ROUTE KC..KB737

TRACK_TIME 1167737286
TRACK A20110117608289 F 351200 805560 120 30 999 NONE NONE 360
	FP_ROUTE KC..KCRJ2

TRACK_TIME 1167737286
TRACK A20110117608296 F 302860 814300 120 30 999 NONE NONE 260
	FP_ROUTE KC..KB739

TRACK_TIME 1167737286
TRACK A20110117608307 F 350000 894660 120 30 999 NONE NONE 380
	FP_ROUTE KC..KB737

TRACK_TIME 1167737286
TRACK A20110117608311 F 395260 1043400 120 30 999 NONE NONE 320
	FP_ROUTE KC..KA319

TRACK_TIME 1167737286
TRACK A20110117608313 F 373600 1221900 120 30 999 NONE NONE 330
	FP_ROUTE KT..KCRJ2

TRACK_TIME 1167737286
TRACK A20110117608320 F 334000 1014900 120 30 999 NONE NONE 340
	FP_ROUTE KC..KB733

TRACK_TIME 1167737286
TRACK A20110117608323 F 325500 970600 120 30 999 NONE NONE 340
	FP_ROUTE KT..KDH8D

TRACK_TIME 1167737286
TRACK A20110117608325 F 400000 825800 120 30 999 NONE NONE 360
	FP_ROUTE KC..KB734

TRACK_TIME 1167737286
TRACK A20110117608329 F 420100 875560 120 30 999 NONE NONE 220
	FP_ROUTE KC..KCRJ2

TRACK_TIME 1167737286
TRACK A20110117608335 F 304000 880460 120 30 999 NONE NONE 360
	FP_ROUTE KC..KB738

TRACK_TIME 1167737286
TRACK A20110117608337 F 293300 983100 120 30 999 NONE NONE 300
	FP_ROUTE KC..KB733

TRACK_TIME 1167737286
TRACK A20110117608338 F 360460 1151200 120 30 999 NONE NONE 380
	FP_ROUTE KC..KB738

TRACK_TIME 1167737286
TRACK A20110117608350 F 351360 805560 120 30 999 NONE NONE 280
	FP_ROUTE KC..KB733

TRACK_TIME 1167737286
TRACK A20110117608367 F 335500 1183100 120 30 999 NONE NONE 370
	FP_ROUTE KC..KB733

TRACK_TIME 1167737286
TRACK A20110117608387 F 375260 1075260 120 30 999 NONE NONE 220
	FP_ROUTE KC..KF900

TRACK_TIME 1167737286
TRACK A20110117608397 F 325500 970300 120 30 999 NONE NONE 250
	FP_ROUTE KC..KF900

TRACK_TIME 1167737286
TRACK A20110117608405 F 404800 1115860 120 30 999 NONE NONE 350
	FP_ROUTE KT..KCRJ2

TRACK_TIME 1167737286
TRACK A20110117608406 F 254800 801360 120 30 999 NONE NONE 410
	FP_ROUTE KC..KA319

TRACK_TIME 1167737286
TRACK A20110117608424 F 295860 951500 120 30 999 NONE NONE 370
	FP_ROUTE KC..KB737

TRACK_TIME 1167737286
TRACK A20110117608425 F 332700 1120400 120 30 999 NONE NONE 340
	FP_ROUTE KC..KE145

TRACK_TIME 1167737286
TRACK A20110117608426 F 392700 1194600 120 30 999 NONE NONE 340
	FP_ROUTE KC..KE145

TRACK_TIME 1167737286
TRACK A20110117608428 F 412560 814900 120 30 999 NONE NONE 330
	FP_ROUTE KT..KCRJ9

TRACK_TIME 1167737286
TRACK A20110117608429 F 333760 842800 120 30 999 NONE NONE 320
	FP_ROUTE KC..KMD83

TRACK_TIME 1167737286
TRACK A20110117608461 F 394960 1044500 120 30 999 NONE NONE 370
	FP_ROUTE KT..KE145

TRACK_TIME 1167737286
TRACK A20110117608464 F 325260 970300 120 30 999 NONE NONE 370
	FP_ROUTE KT..KCRJ1

TRACK_TIME 1167737286
TRACK A20110117608467 F 343900 864500 120 30 999 NONE NONE 250
	FP_ROUTE KT..KCRJ9

TRACK_TIME 1167737286
TRACK A20110117608468 F 422700 705800 120 30 999 NONE NONE 240
	FP_ROUTE KT..KCRJ9

TRACK_TIME 1167737286
TRACK A20110117608470 F 391060 764360 120 30 999 NONE NONE 350
	FP_ROUTE KC..KB737

TRACK_TIME 1167737286
TRACK A20110117608478 F 420000 875700 120 30 999 NONE NONE 370
	FP_ROUTE KC..KB737

TRACK_TIME 1167737286
TRACK A20110117608482 F 394800 1044000 120 30 999 NONE NONE 370
	FP_ROUTE KC..KA320

TRACK_TIME 1167737286
TRACK A20110117608490 F 394960 1044060 120 30 999 NONE NONE 370
	FP_ROUTE KC..KE190

TRACK_TIME 1167737286
TRACK A20110117608491 F 334200 1175100 120 30 999 NONE NONE 380
	FP_ROUTE KC..KA320

TRACK_TIME 1167737286
TRACK A20110117608495 F 453400 1223100 120 30 999 NONE NONE 360
	FP_ROUTE KT..KCRJ2

TRACK_TIME 1167737286
TRACK A20110117608496 F 332560 1120160 120 30 999 NONE NONE 310
	FP_ROUTE KT..KCRJ2

TRACK_TIME 1167737286
TRACK A20110117608497 F 293100 982700 120 30 999 NONE NONE 350
	FP_ROUTE KC..KB752

TRACK_TIME 1167737286
TRACK A20110117608499 F 473760 1173100 120 30 999 NONE NONE 340
	FP_ROUTE KC..KCRJ2

TRACK_TIME 1167737286
TRACK A20110117608506 F 325200 970100 120 30 999 NONE NONE 350
	FP_ROUTE KC..KE145

TRACK_TIME 1167737286
TRACK A20110117608507 F 280100 823160 120 30 999 NONE NONE 350
	FP_ROUTE KC..KE145

TRACK_TIME 1167737286
TRACK A20110117608528 F 384900 770160 120 30 999 NONE NONE 350
	FP_ROUTE KT..KCRJ2

TRACK_TIME 1167737286
TRACK A20110117608529 F 354360 840300 120 30 999 NONE NONE 220
	FP_ROUTE KC..KE170

TRACK_TIME 1167737286
TRACK A20110117608536 F 264900 820000 120 30 999 NONE NONE 330
	FP_ROUTE KC..KB735

TRACK_TIME 1167737286
TRACK A20110117608541 F 332560 1115700 120 30 999 NONE NONE 380
	FP_ROUTE KC..KA319

TRACK_TIME 1167737286
TRACK A20110117608558 F 422100 710100 120 30 999 NONE NONE 190
	FP_ROUTE KC..KE170

TRACK_TIME 1167737286
TRACK A20110117608563 F 425500 784500 120 30 999 NONE NONE 220
	FP_ROUTE KC..KA320

TRACK_TIME 1167737286
TRACK A20110117608568 F 275560 824200 120 30 999 NONE NONE 311
	FP_ROUTE KC..KB737

TRACK_TIME 1167737286
TRACK A20110117608572 F 404000 741060 120 30 999 NONE NONE 350
	FP_ROUTE KC..KB752

TRACK_TIME 1167737286
TRACK A20110117608576 F 341800 780000 120 30 999 NONE NONE 410
	FP_ROUTE KT..KE120

TRACK_TIME 1167737286
TRACK A20110117608578 F 333900 842860 120 30 999 NONE NONE 370
	FP_ROUTE KC..KCRJ2

TRACK_TIME 1167737286
TRACK A20110117608582 F 372100 1215400 120 30 999 NONE NONE 380
	FP_ROUTE KG..KC550

TRACK_TIME 1167737286
TRACK A20110117608587 F 373600 1221800 120 30 999 NONE NONE 400
	FP_ROUTE KT..KCRJ2

TRACK_TIME 1167737286
TRACK A20110117608593 F 263700 813760 120 30 999 NONE NONE 300
	FP_ROUTE KG..KC550

TRACK_TIME 1167737286
TRACK A20110117608598 F 300000 951660 120 30 999 NONE NONE 360
	FP_ROUTE KT..KCRJ9

TRACK_TIME 1167737286
TRACK A20110117608599 F 324600 1171960 120 30 999 NONE NONE 280
	FP_ROUTE KT..KCRJ9

TRACK_TIME 1167737286
TRACK A20110117608600 F 303160 905260 120 30 999 NONE NONE 210
	FP_ROUTE KC..KA319

TRACK_TIME 1167737286
TRACK A20110117608601 F 361960 1150160 120 30 999 NONE NONE 280
	FP_ROUTE KC..KFA20

TRACK_TIME 1167737286
TRACK A20110117608608 F 404000 751660 120 30 999 NONE NONE 390
	FP_ROUTE KC..KB763

TRACK_TIME 1167737286
TRACK A20110117608619 F 404360 735500 120 30 999 NONE NONE 310
	FP_ROUTE KC..KA319

TRACK_TIME 1167737286
TRACK A20110117608620 F 360760 863900 120 30 999 NONE NONE 240
	FP_ROUTE KG..KC560

TRACK_TIME 1167737286
TRACK A20110117608622 F 332560 1120160 120 30 999 NONE NONE 250
	FP_ROUTE KC..KE170

TRACK_TIME 1167737286
TRACK A20110117608636 F 350460 895800 120 30 999 NONE NONE 360
	FP_ROUTE KT..KCRJ2

TRACK_TIME 1167737286
TRACK A20110117608640 F 335560 1182400 120 30 999 NONE NONE 340
	FP_ROUTE KC..KB735

TRACK_TIME 1167737286
TRACK A20110117608641 F 422800 963600 120 30 999 NONE NONE 260
	FP_ROUTE KC..KCRJ2

TRACK_TIME 1167737286
TRACK A20110117608647 F 414900 874660 120 30 999 NONE NONE 370
	FP_ROUTE KC..KB712

TRACK_TIME 1167737286
TRACK A20110117608657 F 260460 801300 120 30 999 NONE NONE 360
	FP_ROUTE KC..KA320

TRACK_TIME 1167737286
TRACK A20110117608658 F 381000 854300 120 30 999 NONE NONE 220
	FP_ROUTE KC..KE170

TRACK_TIME 1167737286
TRACK A20110117608659 F 300000 952260 120 30 999 NONE NONE 360
	FP_ROUTE KC..KB733

TRACK_TIME 1167737286
TRACK A20110117608662 F 404600 735100 120 30 999 NONE NONE 290
	FP_ROUTE KC..KCRJ9

TRACK_TIME 1167737286
TRACK A20110117608663 F 442700 730700 120 30 999 NONE NONE 350
	FP_ROUTE KC..KB712

TRACK_TIME 1167737286
TRACK A20110117608664 F 414800 874600 120 30 999 NONE NONE 380
	FP_ROUTE KC..KB738

TRACK_TIME 1167737286
TRACK A20110117608665 F 293600 951360 120 30 999 NONE NONE 381
	FP_ROUTE KT..KCRJ2

TRACK_TIME 1167737286
TRACK A20110117608674 F 302500 890700 120 30 999 NONE NONE 290
	FP_ROUTE KC..KMD82

TRACK_TIME 1167737286
TRACK A20110117608681 F 361360 955400 120 30 999 NONE NONE 221
	FP_ROUTE KC..KB735

TRACK_TIME 1167737286
TRACK A20110117608692 F 333900 842800 120 30 999 NONE NONE 320
	FP_ROUTE KC..KMD82

TRACK_TIME 1167737286
TRACK A20110117608694 F 403760 734500 120 30 999 NONE NONE 370
	FP_ROUTE KC..KE170

TRACK_TIME 1167737286
TRACK A20110117608695 F 453100 940100 120 30 999 NONE NONE 450
	FP_ROUTE KC..KCRJ2

TRACK_TIME 1167737286
TRACK A20110117608702 F 351060 805700 120 30 999 NONE NONE 370
	FP_ROUTE KG..KB737

TRACK_TIME 1167737286
TRACK A20110117608703 F 302860 814300 120 30 999 NONE NONE 430
	FP_ROUTE KC..KB712

TRACK_TIME 1167737286
TRACK A20110117608707 F 393760 1065500 120 30 999 NONE NONE 380
	FP_ROUTE KT..KC750

TRACK_TIME 1167737286
TRACK A20110117608708 F 333900 842800 120 30 999 NONE NONE 320
	FP_ROUTE KC..KB752

TRACK_TIME 1167737286
TRACK A20110117608709 F 395500 1044200 120 30 999 NONE NONE 350
	FP_ROUTE KC..KB712

TRACK_TIME 1167737286
TRACK A20110117608712 F 333900 842800 120 30 999 NONE NONE 400
	FP_ROUTE KC..KCRJ2

TRACK_TIME 1167737286
TRACK A20110117608714 F 364360 1151500 120 30 999 NONE NONE 250
	FP_ROUTE KC..KCRJ2

TRACK_TIME 1167737286
TRACK A20110117608718 F 324360 1171300 120 30 999 NONE NONE 390
	FP_ROUTE KC..KE170

TRACK_TIME 1167737286
TRACK A20110117608721 F 361360 955260 120 30 999 NONE NONE 290
	FP_ROUTE KT..KDH8D

TRACK_TIME 1167737286
TRACK A20110117608723 F 421360 832200 120 30 999 NONE NONE 230
	FP_ROUTE KT..KCRJ2

TRACK_TIME 1167737286
TRACK A20110117608729 F 333900 842860 120 30 999 NONE NONE 350
	FP_ROUTE KC..KA319

TRACK_TIME 1167737286
TRACK A20110117608730 F 422200 710100 120 30 999 NONE NONE 210
	FP_ROUTE KC..KB752

TRACK_TIME 1167737286
TRACK A20110117608740 F 325500 970160 120 30 999 NONE NONE 280
	FP_ROUTE KC..KB733

TRACK_TIME 1167737286
TRACK A20110117608742 F 395500 1044060 120 30 999 NONE NONE 280
	FP_ROUTE KT..KDH8D

TRACK_TIME 1167737286
TRACK A20110117608743 F 351000 805800 120 30 999 NONE NONE 330
	FP_ROUTE KC..KE135

TRACK_TIME 1167737286
TRACK A20110117608746 F 320760 811600 120 30 999 NONE NONE 230
	FP_ROUTE KC..KB733

TRACK_TIME 1167737286
TRACK A20110117608747 F 280160 823160 120 30 999 NONE NONE 370
	FP_ROUTE KT..KE145

TRACK_TIME 1167737286
TRACK A20110117608750 F 402500 884660 120 30 999 NONE NONE 300
	FP_ROUTE KT..KCRJ9

TRACK_TIME 1167737286
TRACK A20110117608762 F 445260 931500 120 30 999 NONE NONE 350
	FP_ROUTE KT..KDH8D

TRACK_TIME 1167737286
TRACK A20110117608763 F 390000 772800 120 30 999 NONE NONE 350
	FP_ROUTE KC..KE170

TRACK_TIME 1167737286
TRACK A20110117608774 F 373600 1221900 120 30 999 NONE NONE 340
	FP_ROUTE KC..KMD83

TRACK_TIME 1167737286
TRACK A20110117608784 F 350460 895860 120 30 999 NONE NONE 290
	FP_ROUTE KC..KMD82

TRACK_TIME 1167737286
TRACK A20110117608785 F 335500 1183460 120 30 999 NONE NONE 360
	FP_ROUTE KC..KB737

TRACK_TIME 1167737286
TRACK A20110117608786 F 360400 1150460 120 30 999 NONE NONE 340
	FP_ROUTE KC..KB712

TRACK_TIME 1167737286
TRACK A20110117608797 F 394960 1043760 120 30 999 NONE NONE 380
	FP_ROUTE KC..KB753

TRACK_TIME 1167737286
TRACK A20110117608798 F 394800 1043900 120 30 999 NONE NONE 360
	FP_ROUTE KC..KB737

TRACK_TIME 1167737286
TRACK A20110117608803 F 332560 1115700 120 30 999 NONE NONE 350
	FP_ROUTE KT..KE145

TRACK_TIME 1167737286
TRACK A20110117608804 F 395400 1044060 120 30 999 NONE NONE 370
	FP_ROUTE KC..KB737

TRACK_TIME 1167737286
TRACK A20110117608825 F 300300 941060 120 30 999 NONE NONE 330
	FP_ROUTE KC..KB737

TRACK_TIME 1167737286
TRACK A20110117608829 F 421360 831960 120 30 999 NONE NONE 320
	FP_ROUTE KC..KB737

TRACK_TIME 1167737286
TRACK A20110117608833 F 395200 751660 120 30 999 NONE NONE 290
	FP_ROUTE KC..KB712

TRACK_TIME 1167737286
TRACK A20110117608837 F 352500 823160 120 30 999 NONE NONE 300
	FP_ROUTE KT..KDH8D

TRACK_TIME 1167737286
TRACK A20110117608838 F 404600 735260 120 30 999 NONE NONE 290
	FP_ROUTE KT..KE145

TRACK_TIME 1167737286
TRACK A20110117608839 F 415800 875800 120 30 999 NONE NONE 360
	FP_ROUTE KC..KB737

TRACK_TIME 1167737286
TRACK A20110117608843 F 303300 863000 120 30 999 NONE NONE 270
	FP_ROUTE KC..KA319

TRACK_TIME 1167737286
TRACK A20110117608844 F 350460 895800 120 30 999 NONE NONE 240
	FP_ROUTE KC..KB737

TRACK_TIME 1167737286
TRACK A20110117608847 F 352260 973460 120 30 999 NONE NONE 390
	FP_ROUTE KC..KMD83

TRACK_TIME 1167737286
TRACK A20110117608850 F 445400 931600 120 30 999 NONE NONE 300
	FP_ROUTE KC..KB737

TRACK_TIME 1167737286
TRACK A20110117608851 F 350400 895860 120 30 999 NONE NONE 230
	FP_ROUTE KC..KB752

TRACK_TIME 1167737286
TRACK A20110117608862 F 360460 1151300 120 30 999 NONE NONE 280
	FP_ROUTE KC..KB738

TRACK_TIME 1167737286
TRACK A20110117608865 F 282260 811660 120 30 999 NONE NONE 380
	FP_ROUTE KC..KB738

TRACK_TIME 1167737286
TRACK A20110117608866 F 275700 824200 120 30 999 NONE NONE 300
	FP_ROUTE KC..KB737

TRACK_TIME 1167737286
TRACK A20110117608869 F 300000 901660 120 30 999 NONE NONE 380
	FP_ROUTE KC..KB737

TRACK_TIME 1167737286
TRACK A20110117608870 F 402860 1071300 120 30 999 NONE NONE 200
	FP_ROUTE KC..KB738

TRACK_TIME 1167737286
TRACK A20110117608871 F 393160 1045100 120 30 999 NONE NONE 190
	FP_ROUTE KC..KB737

TRACK_TIME 1167737286
TRACK A20110117608876 F 325100 965200 120 30 999 NONE NONE 380
	FP_ROUTE KC..KMD82

TRACK_TIME 1167737286
TRACK A20110117608881 F 372860 771800 120 30 999 NONE NONE 240
	FP_ROUTE KC..KB763

TRACK_TIME 1167737286
TRACK A20110117608883 F 392560 944060 120 30 999 NONE NONE 390
	FP_ROUTE KC..KB738

TRACK_TIME 1167737286
TRACK A20110117608887 F 420100 875700 120 30 999 NONE NONE 370
	FP_ROUTE KG..KC560

TRACK_TIME 1167737286
TRACK A20110117608889 F 325700 970300 120 30 999 NONE NONE 330
	FP_ROUTE KC..KE135

TRACK_TIME 1167737286
TRACK A20110117608890 F 325200 965200 120 30 999 NONE NONE 350
	FP_ROUTE KC..KB737

TRACK_TIME 1167737286
TRACK A20110117608896 F 335560 1182200 120 30 999 NONE NONE 360
	FP_ROUTE KC..KE135

TRACK_TIME 1167737286
TRACK A20110117608897 F 384900 770160 120 30 999 NONE NONE 330
	FP_ROUTE KC..KB733

TRACK_TIME 1167737286
TRACK A20110117608903 F 392800 944300 120 30 999 NONE NONE 350
	FP_ROUTE KC..KB737

TRACK_TIME 1167737286
TRACK A20110117608904 F 445260 931300 120 30 999 NONE NONE 280
	FP_ROUTE KC..KB737

TRACK_TIME 1167737286
TRACK A20110117608907 F 422560 705860 120 30 999 NONE NONE 230
	FP_ROUTE KT..KCRJ2

TRACK_TIME 1167737286
TRACK A20110117608908 F 385860 772800 120 30 999 NONE NONE 280
	FP_ROUTE KC..KB737

TRACK_TIME 1167737286
TRACK A20110117608921 F 422100 710100 120 30 999 NONE NONE 190
	FP_ROUTE KC..KB733

TRACK_TIME 1167737286
TRACK A20110117608922 F 403760 734360 120 30 999 NONE NONE 200
	FP_ROUTE KC..KB737

TRACK_TIME 1167737286
TRACK A20110117608928 F 314960 1062100 120 30 999 NONE NONE 370
	FP_ROUTE KC..KA320

TRACK_TIME 1167737286
TRACK A20110117608932 F 404360 735500 120 30 999 NONE NONE 210
	FP_ROUTE KC..KB737

TRACK_TIME 1167737286
TRACK A20110117608933 F 332560 1115800 120 30 999 NONE NONE 360
	FP_ROUTE KT..KC750

TRACK_TIME 1167737286
TRACK A20110117608938 F 293400 983100 120 30 999 NONE NONE 320
	FP_ROUTE KC..KB737

TRACK_TIME 1167737286
TRACK A20110117608939 F 371000 1074360 120 30 999 NONE NONE 260
	FP_ROUTE KC..KB753

TRACK_TIME 1167737286
TRACK A20110117608951 F 394800 1043900 120 30 999 NONE NONE 250
	FP_ROUTE KC..KB737

TRACK_TIME 1167737286
TRACK A20110117608952 F 370600 763160 120 30 999 NONE NONE 330
	FP_ROUTE KC..KB737

TRACK_TIME 1167737286
TRACK A20110117608953 F 332560 1120300 120 30 999 NONE NONE 290
	FP_ROUTE KC..KB737

TRACK_TIME 1167737286
TRACK A20110117608954 F 472560 1221900 120 30 999 NONE NONE 380
	FP_ROUTE KC..KB738

TRACK_TIME 1167737286
TRACK A20110117608955 F 343000 1195860 120 30 999 NONE NONE 340
	FP_ROUTE KC..KB737

TRACK_TIME 1167737286
TRACK A20110117608956 F 394900 1044000 120 30 999 NONE NONE 330
	FP_ROUTE KC..KB712

TRACK_TIME 1167737286
TRACK A20110117608959 F 403000 801660 120 30 999 NONE NONE 270
	FP_ROUTE KC..KE145

TRACK_TIME 1167737286
TRACK A20110117608965 F 360460 1151060 120 30 999 NONE NONE 380
	FP_ROUTE KT..KCRJ2

TRACK_TIME 1167737286
TRACK A20110117608971 F 445400 931500 120 30 999 NONE NONE 320
	FP_ROUTE KC..KE170

TRACK_TIME 1167737286
TRACK A20110117608974 F 384300 1213600 120 30 999 NONE NONE 360
	FP_ROUTE KC..KE145

TRACK_TIME 1167737286
TRACK A20110117608980 F 385800 772560 120 30 999 NONE NONE 270
	FP_ROUTE KC..KB738

TRACK_TIME 1167737286
TRACK A20110117608981 F 373600 1221900 120 30 999 NONE NONE 360
	FP_ROUTE KT..KCRJ2

TRACK_TIME 1167737286
TRACK A20110117608985 F 333760 842800 120 30 999 NONE NONE 370
	FP_ROUTE KC..KB733

TRACK_TIME 1167737286
TRACK A20110117608986 F 264060 800760 120 30 999 NONE NONE 470
	FP_ROUTE KG..KC550

TRACK_TIME 1167737286
TRACK A20110117608987 F 360400 1150600 120 30 999 NONE NONE 340
	FP_ROUTE KG..KC550

TRACK_TIME 1167737286
TRACK A20110117608995 F 393700 842200 120 30 999 NONE NONE 280
	FP_ROUTE KG..KLJ45

TRACK_TIME 1167737286
TRACK A20110117608996 F 333900 842800 120 30 999 NONE NONE 330
	FP_ROUTE KT..KCRJ9

TRACK_TIME 1167737286
TRACK A20110117608997 F 421300 831960 120 30 999 NONE NONE 280
	FP_ROUTE KC..KCRJ2

TRACK_TIME 1167737286
TRACK A20110117609014 F 282500 811900 120 30 999 NONE NONE 180
	FP_ROUTE KC..KA320

TRACK_TIME 1167737286
TRACK A20110117609021 F 404500 735400 120 30 999 NONE NONE 370
	FP_ROUTE KT..KE145

TRACK_TIME 1167737286
TRACK A20110117609024 F 282200 811900 120 30 999 NONE NONE 299
	FP_ROUTE KT..KCRJ2

TRACK_TIME 1167737286
TRACK A20110117609025 F 420000 875700 120 30 999 NONE NONE 350
	FP_ROUTE KC..KE120

TRACK_TIME 1167737286
TRACK A20110117609029 F 352560 973700 120 30 999 NONE NONE 280
	FP_ROUTE KT..KCRJ2

TRACK_TIME 1167737286
TRACK A20110117609030 F 350400 895800 120 30 999 NONE NONE 290
	FP_ROUTE KC..KA320

TRACK_TIME 1167737286
TRACK A20110117609034 F 324600 1171960 120 30 999 NONE NONE 350
	FP_ROUTE KC..KB744

TRACK_TIME 1167737286
TRACK A20110117609037 F 420100 875560 120 30 999 NONE NONE 380
	FP_ROUTE KC..KE190

TRACK_TIME 1167737286
TRACK A20110117609047 F 392700 1194600 120 30 999 NONE NONE 360
	FP_ROUTE KT..KCRJ9

TRACK_TIME 1167737286
TRACK A20110117609050 F 260400 800700 120 30 999 NONE NONE 400
	FP_ROUTE KC..KA319

TRACK_TIME 1167737286
TRACK A20110117609051 F 345200 785860 120 30 999 NONE NONE 270
	FP_ROUTE KC..KMD82

TRACK_TIME 1167737286
TRACK A20110117609053 F 404500 735400 120 30 999 NONE NONE 391
	FP_ROUTE KT..KCRJ2

TRACK_TIME 1167737286
TRACK A20110117609054 F 395200 751660 120 30 999 NONE NONE 370
	FP_ROUTE KC..KMD82

TRACK_TIME 1167737286
TRACK A20110117609057 F 453460 1223460 120 30 999 NONE NONE 180
	FP_ROUTE KC..KB738

TRACK_TIME 1167737286
TRACK A20110117609061 F 404000 741060 120 30 999 NONE NONE 250
	FP_ROUTE KC..KA320

TRACK_TIME 1167737286
TRACK A20110117609063 F 350000 1063900 120 30 999 NONE NONE 260
	FP_ROUTE KC..KB737

TRACK_TIME 1167737286
TRACK A20110117609069 F 394660 1044000 120 30 999 NONE NONE 370
	FP_ROUTE KC..KB737

TRACK_TIME 1167737286
TRACK A20110117609073 F 352200 1190000 120 30 999 NONE NONE 320
	FP_ROUTE KC..KE145

TRACK_TIME 1167737286
TRACK A20110117609074 F 445260 931200 120 30 999 NONE NONE 230
	FP_ROUTE KT..KCRJ9

TRACK_TIME 1167737286
TRACK A20110117609075 F 403760 734600 120 30 999 NONE NONE 310
	FP_ROUTE KT..KCRJ9

TRACK_TIME 1167737286
TRACK A20110117609079 F 391060 764300 120 30 999 NONE NONE 330
	FP_ROUTE KC..KB738

TRACK_TIME 1167737286
TRACK A20110117609087 F 384360 1213600 120 30 999 NONE NONE 340
	FP_ROUTE KC..KDH8A

TRACK_TIME 1167737286
TRACK A20110117609090 F 324500 1171960 120 30 999 NONE NONE 320
	FP_ROUTE KC..KE190

TRACK_TIME 1167737286
TRACK A20110117609091 F 295860 951660 120 30 999 NONE NONE 210
	FP_ROUTE KT..KCRJ2

TRACK_TIME 1167737286
TRACK A20110117609096 F 391360 1065260 120 30 999 NONE NONE 200
	FP_ROUTE KC..KB738

TRACK_TIME 1167737286
TRACK A20110117609098 F 383400 1075400 120 30 999 NONE NONE 199
	FP_ROUTE KC..KDH8A

TRACK_TIME 1167737286
TRACK A20110117609100 F 264060 801300 120 30 999 NONE NONE 340
	FP_ROUTE KT..KE145

TRACK_TIME 1167737286
TRACK A20110117609102 F 472860 1221900 120 30 999 NONE NONE 300
	FP_ROUTE KT..KDH8D

TRACK_TIME 1167737286
TRACK A20110117609104 F 325500 970160 120 30 999 NONE NONE 360
	FP_ROUTE KT..KCRJ2

TRACK_TIME 1167737286
TRACK A20110117609105 F 260460 801200 120 30 999 NONE NONE 340
	FP_ROUTE KC..KCRJ2

TRACK_TIME 1167737286
TRACK A20110117609106 F 182560 660160 120 30 999 NONE NONE 350
	FP_ROUTE KC..KB737

TRACK_TIME 1167737286
TRACK A20110117609107 F 325500 970160 120 30 999 NONE NONE 320
	FP_ROUTE KC..KA319

TRACK_TIME 1167737286
TRACK A20110117609110 F 301960 842200 120 30 999 NONE NONE 230
	FP_ROUTE KC..KB738

TRACK_TIME 1167737286
TRACK A20110117609111 F 333760 842860 120 30 999 NONE NONE 220
	FP_ROUTE KC..KB737

TRACK_TIME 1167737286
TRACK A20110117609113 F 333700 843000 120 30 999 NONE NONE 290
	FP_ROUTE KC..KB737

TRACK_TIME 1167737286
TRACK A20110117609123 F 411000 730700 120 30 999 NONE NONE 410
	FP_ROUTE KC..KCRJ2

TRACK_TIME 1167737286
TRACK A20110117609125 F 404360 735500 120 30 999 NONE NONE 290
	FP_ROUTE KC..KCRJ2

TRACK_TIME 1167737286
TRACK A20110117609126 F 414900 874660 120 30 999 NONE NONE 380
	FP_ROUTE KC..KE145

TRACK_TIME 1167737286
TRACK A20110117609129 F 282260 811660 120 30 999 NONE NONE 400
	FP_ROUTE KC..KB737

TRACK_TIME 1167737286
TRACK A20110117609130 F 360460 864200 120 30 999 NONE NONE 380
	FP_ROUTE KC..KE145

TRACK_TIME 1167737286
TRACK A20110117609131 F 412560 814800 120 30 999 NONE NONE 250
	FP_ROUTE KC..KB737

TRACK_TIME 1167737286
TRACK A20110117609132 F 425560 784500 120 30 999 NONE NONE 290
	FP_ROUTE KC..KB738

TRACK_TIME 1167737286
TRACK A20110117609133 F 420100 875560 120 30 999 NONE NONE 270
	FP_ROUTE KC..KE145

TRACK_TIME 1167737286
TRACK A20110117609139 F 332560 1115800 120 30 999 NONE NONE 380
	FP_ROUTE KC..KCRJ2

TRACK_TIME 1167737286
TRACK A20110117609144 F 433460 964360 120 30 999 NONE NONE 360
	FP_ROUTE KC..KA320

TRACK_TIME 1167737286
TRACK A20110117609147 F 390400 844000 120 30 999 NONE NONE 210
	FP_ROUTE KC..KB738

TRACK_TIME 1167737286
TRACK A20110117609149 F 373600 1221960 120 30 999 NONE NONE 380
	FP_ROUTE KT..KCRJ9

TRACK_TIME 1167737286
TRACK A20110117609151 F 373600 1221960 120 30 999 NONE NONE 380
	FP_ROUTE KC..KE135

TRACK_TIME 1167737286
TRACK A20110117609155 F 391060 764200 120 30 999 NONE NONE 230
	FP_ROUTE KC..KE145

TRACK_TIME 1167737286
TRACK A20110117609156 F 412500 815100 120 30 999 NONE NONE 220
	FP_ROUTE KG..KBE20

TRACK_TIME 1167737286
TRACK A20110117609158 F 404360 735500 120 30 999 NONE NONE 270
	FP_ROUTE KC..KB734

TRACK_TIME 1167737286
TRACK A20110117609159 F 303600 862860 120 30 999 NONE NONE 300
	FP_ROUTE KC..KE145

TRACK_TIME 1167737286
TRACK A20110117609167 F 394960 1044060 120 30 999 NONE NONE 390
	FP_ROUTE KT..KCRJ2

TRACK_TIME 1167737286
TRACK A20110117609192 F 422700 1225500 120 30 999 NONE NONE 249
	FP_ROUTE KC..KB737

TRACK_TIME 1167737286
TRACK A20110117609193 F 410300 734200 120 30 999 NONE NONE 410
	FP_ROUTE KC..KB772

TRACK_TIME 1167737286
TRACK A20110117609195 F 320900 1105800 120 30 999 NONE NONE 290
	FP_ROUTE KT..KE145

TRACK_TIME 1167737286
TRACK A20110117609199 F 421300 831960 120 30 999 NONE NONE 380
	FP_ROUTE KC..KB737

TRACK_TIME 1167737286
TRACK A20110117609200 F 442800 881060 120 30 999 NONE NONE 320
	FP_ROUTE KT..KCRJ2

TRACK_TIME 1167737286
TRACK A20110117609204 F 395560 1044200 120 30 999 NONE NONE 250
	FP_ROUTE KC..KB737

TRACK_TIME 1167737286
TRACK A20110117609206 F 453400 1223300 120 30 999 NONE NONE 259
	FP_ROUTE KT..KCRJ9

TRACK_TIME 1167737286
TRACK A20110117609215 F 403760 734500 120 30 999 NONE NONE 370
	FP_ROUTE KC..KB735

TRACK_TIME 1167737286
TRACK A20110117609228 F 333900 842800 120 30 999 NONE NONE 400
	FP_ROUTE KC..KB737

TRACK_TIME 1167737286
TRACK A20110117609229 F 350400 895800 120 30 999 NONE NONE 240
	FP_ROUTE KC..KB738

TRACK_TIME 1167737286
TRACK A20110117609230 F 360460 1150760 120 30 999 NONE NONE 320
	FP_ROUTE KC..KA319

TRACK_TIME 1167737286
TRACK A20110117609232 F 412560 814900 120 30 999 NONE NONE 370
	FP_ROUTE KC..KCRJ2

TRACK_TIME 1167737286
TRACK A20110117609235 F 265400 814960 120 30 999 NONE NONE 310
	FP_ROUTE KC..KCRJ2

TRACK_TIME 1167737286
TRACK A20110117609240 F 445400 931360 120 30 999 NONE NONE 350
	FP_ROUTE KC..KB737

TRACK_TIME 1167737286
TRACK A20110117609241 F 415260 724600 120 30 999 NONE NONE 370
	FP_ROUTE KC..KE190

TRACK_TIME 1167737286
TRACK A20110117609257 F 403760 741200 120 30 999 NONE NONE 370
	FP_ROUTE KC..KE145

TRACK_TIME 1167737286
TRACK A20110117609267 F 472800 1221900 120 30 999 NONE NONE 360
	FP_ROUTE KC..KB733

TRACK_TIME 1167737286
TRACK A20110117609272 F 300000 951660 120 30 999 NONE NONE 240
	FP_ROUTE KC..KB752

TRACK_TIME 1167737286
TRACK A20110117609273 F 340300 1174600 120 30 999 NONE NONE 380
	FP_ROUTE KG..KC560

TRACK_TIME 1167737286
TRACK A20110117609276 F 325400 970400 120 30 999 NONE NONE 330
	FP_ROUTE KT..KCRJ2

TRACK_TIME 1167737286
TRACK A20110117609280 F 325200 965200 120 30 999 NONE NONE 400
	FP_ROUTE KC..KB739

TRACK_TIME 1167737286
TRACK A20110117609281 F 373600 1221900 120 30 999 NONE NONE 340
	FP_ROUTE KT..KCRJ2

TRACK_TIME 1167737286
TRACK A20110117609282 F 404600 742560 120 30 999 NONE NONE 410
	FP_ROUTE KT..KCRJ2

TRACK_TIME 1167737286
TRACK A20110117609283 F 335560 1182100 120 30 999 NONE NONE 330
	FP_ROUTE KC..KE145

TRACK_TIME 1167737286
TRACK A20110117609284 F 384500 902100 120 30 999 NONE NONE 349
	FP_ROUTE KC..KCRJ2

TRACK_TIME 1167737286
TRACK A20110117609286 F 282860 811960 120 30 999 NONE NONE 370
	FP_ROUTE KC..KCRJ2

TRACK_TIME 1167737286
TRACK A20110117609296 F 384600 901960 120 30 999 NONE NONE 240
	FP_ROUTE KC..KCRJ2

TRACK_TIME 1167737286
TRACK A20110117609297 F 390600 844000 120 30 999 NONE NONE 350
	FP_ROUTE KC..KB737

TRACK_TIME 1167737286
TRACK A20110117609298 F 403900 741200 120 30 999 NONE NONE 350
	FP_ROUTE KC..KB737

TRACK_TIME 1167737286
TRACK A20110117609301 F 360700 864000 120 30 999 NONE NONE 359
	FP_ROUTE KC..KA318

TRACK_TIME 1167737286
TRACK A20110117609317 F 381060 854500 120 30 999 NONE NONE 210
	FP_ROUTE KC..KE170

TRACK_TIME 1167737286
TRACK A20110117609321 F 421300 831960 120 30 999 NONE NONE 280
	FP_ROUTE KC..KMD82

TRACK_TIME 1167737286
TRACK A20110117609322 F 385800 772560 120 30 999 NONE NONE 370
	FP_ROUTE KC..KA320

TRACK_TIME 1167737286
TRACK A20110117609337 F 325560 970300 120 30 999 NONE NONE 330
	FP_ROUTE KC..KE145

TRACK_TIME 1167737286
TRACK A20110117609342 F 413460 934200 120 30 999 NONE NONE 330
	FP_ROUTE KC..KB737

TRACK_TIME 1167737286
TRACK A20110117609344 F 404000 741060 120 30 999 NONE NONE 370
	FP_ROUTE KC..KB752

TRACK_TIME 1167737286
TRACK A20110117609345 F 415560 724200 120 30 999 NONE NONE 270
	FP_ROUTE KC..KB712

TRACK_TIME 1167737286
TRACK A20110117609359 F 420100 875800 120 30 999 NONE NONE 350
	FP_ROUTE KT..KCRJ1

TRACK_TIME 1167737286
TRACK A20110117609361 F 335500 1183300 120 30 999 NONE NONE 360
	FP_ROUTE KC..KB712

TRACK_TIME 1167737286
TRACK A20110117609362 F 332560 1115800 120 30 999 NONE NONE 310
	FP_ROUTE KC..KMD83

TRACK_TIME 1167737286
TRACK A20110117609363 F 315100 1062100 120 30 999 NONE NONE 290
	FP_ROUTE KC..KB712

TRACK_TIME 1167737286
TRACK A20110117609375 F 422100 710100 120 30 999 NONE NONE 350
	FP_ROUTE KC..KB737

TRACK_TIME 1167737286
TRACK A20110117609380 F 295860 901500 120 30 999 NONE NONE 330
	FP_ROUTE KT..KCRJ2

TRACK_TIME 1167737286
TRACK A20110117609381 F 360460 1151060 120 30 999 NONE NONE 380
	FP_ROUTE KC..KA319

TRACK_TIME 1167737286
TRACK A20110117609382 F 341200 1182400 120 30 999 NONE NONE 220
	FP_ROUTE KC..KB737

TRACK_TIME 1167737286
TRACK A20110117609384 F 300000 951660 120 30 999 NONE NONE 280
	FP_ROUTE KC..KE145

TRACK_TIME 1167737286
TRACK A20110117609399 F 282260 811900 120 30 999 NONE NONE 310
	FP_ROUTE KC..KB733

TRACK_TIME 1167737286
TRACK A20110117609407 F 395560 1044060 120 30 999 NONE NONE 330
	FP_ROUTE KC..KB737

TRACK_TIME 1167737286
TRACK A20110117609411 F 333900 842860 120 30 999 NONE NONE 320
	FP_ROUTE KT..KCRJ1

TRACK_TIME 1167737286
TRACK A20110117609412 F 374060 1221060 120 30 999 NONE NONE 360
	FP_ROUTE KC..KE190

TRACK_TIME 1167737286
TRACK A20110117609416 F 333700 842860 120 30 999 NONE NONE 320
	FP_ROUTE KC..KCRJ2

TRACK_TIME 1167737286
TRACK A20110117609417 F 425860 875260 120 30 999 NONE NONE 400
	FP_ROUTE KC..KE145

TRACK_TIME 1167737286
TRACK A20110117609425 F 302500 890700 120 30 999 NONE NONE 300
	FP_ROUTE KC..KB737

TRACK_TIME 1167737286
TRACK A20110117609428 F 333700 842800 120 30 999 NONE NONE 240
	FP_ROUTE KC..KB737

TRACK_TIME 1167737286
TRACK A20110117609435 F 395560 1044060 120 30 999 NONE NONE 380
	FP_ROUTE KC..KB737

TRACK_TIME 1167737286
TRACK A20110117609436 F 282800 811960 120 30 999 NONE NONE 350
	FP_ROUTE KT..KSF34

TRACK_TIME 1167737286
TRACK A20110117609439 F 404360 751360 120 30 999 NONE NONE 410
	FP_ROUTE KC..KA319

TRACK_TIME 1167737286
TRACK A20110117609444 F 254800 801960 120 30 999 NONE NONE 380
	FP_ROUTE KC..KE190

TRACK_TIME 1167737286
TRACK A20110117609446 F 304300 881600 120 30 999 NONE NONE 260
	FP_ROUTE KC..KB737

TRACK_TIME 1167737286
TRACK A20110117609449 F 373460 1221800 120 30 999 NONE NONE 400
	FP_ROUTE KC..KA319

TRACK_TIME 1167737286
TRACK A20110117609459 F 335560 1182100 120 30 999 NONE NONE 360
	FP_ROUTE KC..KE190

TRACK_TIME 1167737286
TRACK A20110117609464 F 254600 801500 120 30 999 NONE NONE 360
	FP_ROUTE KC..KE170

TRACK_TIME 1167737286
TRACK A20110117609475 F 422200 710000 120 30 999 NONE NONE 230
	FP_ROUTE KC..KCRJ2

TRACK_TIME 1167737286
TRACK A20110117609478 F 332560 1120300 120 30 999 NONE NONE 330
	FP_ROUTE KC..KA320

TRACK_TIME 1167737286
TRACK A20110117609479 F 350100 1063760 120 30 999 NONE NONE 330
	FP_ROUTE KG..KBE20

TRACK_TIME 1167737286
TRACK A20110117609480 F 334900 1181000 120 30 999 NONE NONE 320
	FP_ROUTE KC..KE170

TRACK_TIME 1167737286
TRACK A20110117609485 F 355200 784900 120 30 999 NONE NONE 280
	FP_ROUTE KC..KA320

TRACK_TIME 1167737286
TRACK A20110117609486 F 390460 843900 120 30 999 NONE NONE 350
	FP_ROUTE KC..KB738

TRACK_TIME 1167737286
TRACK A20110117609487 F 472860 1221900 120 30 999 NONE NONE 340
	FP_ROUTE KC..KE170

TRACK_TIME 1167737286
TRACK A20110117609488 F 415500 724360 120 30 999 NONE NONE 290
	FP_ROUTE KC..KE190

TRACK_TIME 1167737286
TRACK A20110117609495 F 350400 895800 120 30 999 NONE NONE 380
	FP_ROUTE KC..KCRJ2

TRACK_TIME 1167737286
TRACK A20110117609515 F 394660 1044000 120 30 999 NONE NONE 230
	FP_ROUTE KT..KCRJ2

TRACK_TIME 1167737286
TRACK A20110117609526 F 325100 965200 120 30 999 NONE NONE 360
	FP_ROUTE KT..KCRJ9

TRACK_TIME 1167737286
TRACK A20110117609528 F 384500 901900 120 30 999 NONE NONE 350
	FP_ROUTE KC..KB737

TRACK_TIME 1167737286
TRACK A20110117609532 F 392800 943900 120 30 999 NONE NONE 370
	FP_ROUTE KC..KA319

TRACK_TIME 1167737286
TRACK A20110117609541 F 325500 970300 120 30 999 NONE NONE 380
	FP_ROUTE KC..KB737

TRACK_TIME 1167737286
TRACK A20110117609542 F 260400 801200 120 30 999 NONE NONE 330
	FP_ROUTE KT..KDH8D

TRACK_TIME 1167737286
TRACK A20110117609548 F 370900 1074600 120 30 999 NONE NONE 260
	FP_ROUTE KC..KB737

TRACK_TIME 1167737286
TRACK A20110117609549 F 360300 1150100 120 30 999 NONE NONE 270
	FP_ROUTE KC..KB738

TRACK_TIME 1167737286
TRACK A20110117609554 F 260400 801060 120 30 999 NONE NONE 340
	FP_ROUTE KC..KA320

TRACK_TIME 1167737286
TRACK A20110117609555 F 400000 825700 120 30 999 NONE NONE 300
	FP_ROUTE KC..KB737

TRACK_TIME 1167737286
TRACK A20110117609557 F 554660 1533700 120 30 999 NONE NONE 350
	FP_ROUTE KC..KB737

TRACK_TIME 1167737286
TRACK A20110117609564 F 394660 1044000 120 30 999 NONE NONE 400
	FP_ROUTE KC..KA319

TRACK_TIME 1167737286
TRACK A20110117609565 F 453400 1223400 120 30 999 NONE NONE 340
	FP_ROUTE KC..KA319

TRACK_TIME 1167737286
TRACK A20110117609570 F 332560 1115860 120 30 999 NONE NONE 290
	FP_ROUTE KG..KBE20

TRACK_TIME 1167737286
TRACK A20110117609571 F 472800 1221900 120 30 999 NONE NONE 340
	FP_ROUTE KC..KB752

TRACK_TIME 1167737286
TRACK A20110117609576 F 325500 970100 120 30 999 NONE NONE 340
	FP_ROUTE KC..KA319

TRACK_TIME 1167737286
TRACK A20110117609582 F 384360 1213600 120 30 999 NONE NONE 350
	FP_ROUTE KC..KE190

TRACK_TIME 1167737286
TRACK A20110117609583 F 340300 1174500 120 30 999 NONE NONE 370
	FP_ROUTE KC..KE170

TRACK_TIME 1167737286
TRACK A20110117609587 F 415800 875700 120 30 999 NONE NONE 350
	FP_ROUTE KC..KE145

TRACK_TIME 1167737286
TRACK A20110117609599 F 335560 1182200 120 30 999 NONE NONE 330
	FP_ROUTE KC..KE145

TRACK_TIME 1167737286
TRACK A20110117609611 F 422100 705860 120 30 999 NONE NONE 350
	FP_ROUTE KC..KB712

TRACK_TIME 1167737286
TRACK A20110117609615 F 445400 931300 120 30 999 NONE NONE 310
	FP_ROUTE KC..KMD83

TRACK_TIME 1167737286
TRACK A20110117609621 F 333600 864300 120 30 999 NONE NONE 280
	FP_ROUTE KC..KB735

TRACK_TIME 1167737286
TRACK A20110117609626 F 350400 895860 120 30 999 NONE NONE 230
	FP_ROUTE KC..KE190

TRACK_TIME 1167737286
TRACK A20110117609650 F 332560 1115860 120 30 999 NONE NONE 290
	FP_ROUTE KC..KE190

TRACK_TIME 1167737286
TRACK A20110117609651 F 385800 772560 120 30 999 NONE NONE 250
	FP_ROUTE KC..KB737

TRACK_TIME 1167737286
TRACK A20110117609655 F 293300 983000 120 30 999 NONE NONE 220
	FP_ROUTE KC..KB738

TRACK_TIME 1167737286
TRACK A20110117609666 F 301300 974060 120 30 999 NONE NONE 360
	FP_ROUTE KC..KA320

TRACK_TIME 1167737286
TRACK A20110117609672 F 292500 803900 120 30 999 NONE NONE 300
	FP_ROUTE KC..KA320

TRACK_TIME 1167737286
TRACK A20110117609675 F 254800 801900 120 30 999 NONE NONE 380
	FP_ROUTE KC..KA321

TRACK_TIME 1167737286
TRACK A20110117609679 F 282560 811800 120 30 999 NONE NONE 205
	FP_ROUTE KC..KCRJ2

TRACK_TIME 1167737286
TRACK A20110117609680 F 350400 895800 120 30 999 NONE NONE 360
	FP_ROUTE KC..KE170

TRACK_TIME 1167737286
TRACK A20110117609692 F 380460 782860 120 30 999 NONE NONE 290
	FP_ROUTE KC..KB763

TRACK_TIME 1167737286
TRACK A20110117609693 F 333900 842800 120 30 999 NONE NONE 320
	FP_ROUTE KC..KMD83

TRACK_TIME 1167737286
TRACK A20110117609694 F 445400 931600 120 30 999 NONE NONE 370
	FP_ROUTE KC..KB752

TRACK_TIME 1167737286
TRACK A20110117609695 F 404000 741060 120 30 999 NONE NONE 370
	FP_ROUTE KC..KB733

TRACK_TIME 1167737286
TRACK A20110117609701 F 404360 735500 120 30 999 NONE NONE 310
	FP_ROUTE KC..KB733

TRACK_TIME 1167737286
TRACK A20110117609705 F 372100 1215500 120 30 999 NONE NONE 360
	FP_ROUTE KT..KCRJ9

TRACK_TIME 1167737286
TRACK A20110117609709 F 324960 800000 120 30 999 NONE NONE 340
	FP_ROUTE KC..KE120

TRACK_TIME 1167737286
TRACK A20110117609719 F 445200 931060 120 30 999 NONE NONE 200
	FP_ROUTE KT..KCRJ2

TRACK_TIME 1167737286
TRACK A20110117609724 F 262560 820000 120 30 999 NONE NONE 349
	FP_ROUTE KC..KE145

TRACK_TIME 1167737286
TRACK A20110117609727 F 282800 811960 120 30 999 NONE NONE 330
	FP_ROUTE KC..KB738

TRACK_TIME 1167737286
TRACK A20110117609750 F 293900 951800 120 30 999 NONE NONE 400
	FP_ROUTE KC..KB737

TRACK_TIME 1167737286
TRACK A20110117609751 F 333900 842700 120 30 999 NONE NONE 220
	FP_ROUTE KC..KB737

TRACK_TIME 1167737286
TRACK A20110117609753 F 453400 940300 120 30 999 NONE NONE 350
	FP_ROUTE KC..KE145

TRACK_TIME 1167737286
TRACK A20110117609754 F 355100 784900 120 30 999 NONE NONE 300
	FP_ROUTE KC..KCRJ2

TRACK_TIME 1167737286
TRACK A20110117609760 F 473700 1173160 120 30 999 NONE NONE 210
	FP_ROUTE KC..KB737

TRACK_TIME 1167737286
TRACK A20110117609763 F 295860 951660 120 30 999 NONE NONE 330
	FP_ROUTE KC..KB738

TRACK_TIME 1167737286
TRACK A20110117609764 F 335500 1183160 120 30 999 NONE NONE 380
	FP_ROUTE KC..KB738

TRACK_TIME 1167737286
TRACK A20110117609770 F 260460 801300 120 30 999 NONE NONE 390
	FP_ROUTE KC..KA321

TRACK_TIME 1167737286
TRACK A20110117609771 F 332560 1115800 120 30 999 NONE NONE 390
	FP_ROUTE KC..KB752

TRACK_TIME 1167737286
TRACK A20110117609788 F 301200 974060 120 30 999 NONE NONE 350
	FP_ROUTE KC..KMD83

TRACK_TIME 1167737286
TRACK A20110117609789 F 404660 730760 120 30 999 NONE NONE 390
	FP_ROUTE KT..KCRJ2

TRACK_TIME 1167737286
TRACK A20110117609797 F 415860 875200 120 30 999 NONE NONE 220
	FP_ROUTE KT..KE135

TRACK_TIME 1167737286
TRACK A20110117609798 F 335560 1182700 120 30 999 NONE NONE 380
	FP_ROUTE KC..KB752

TRACK_TIME 1167737286
TRACK A20110117609801 F 371960 1215400 120 30 999 NONE NONE 360
	FP_ROUTE KC..KE145

TRACK_TIME 1167737286
TRACK A20110117609802 F 351200 805800 120 30 999 NONE NONE 290
	FP_ROUTE KC..KE145

TRACK_TIME 1167737286
TRACK A20110117609803 F 320760 811960 120 30 999 NONE NONE 210
	FP_ROUTE KC..KB735

TRACK_TIME 1167737286
TRACK A20110117609804 F 333760 843000 120 30 999 NONE NONE 230
	FP_ROUTE KC..KCRJ2

TRACK_TIME 1167737286
TRACK A20110117609805 F 381060 854360 120 30 999 NONE NONE 350
	FP_ROUTE KC..KB737

TRACK_TIME 1167737286
TRACK A20110117609810 F 384800 770160 120 30 999 NONE NONE 200
	FP_ROUTE KC..KB738

TRACK_TIME 1167737286
TRACK A20110117609816 F 263700 812860 120 30 999 NONE NONE 360
	FP_ROUTE KC..KA319

TRACK_TIME 1167737286
TRACK A20110117609818 F 412500 814960 120 30 999 NONE NONE 350
	FP_ROUTE KC..KE190

TRACK_TIME 1167737286
TRACK A20110117609819 F 400000 825500 120 30 999 NONE NONE 350
	FP_ROUTE KG..KBE20

TRACK_TIME 1167737286
TRACK A20110117609820 F 301360 974060 120 30 999 NONE NONE 340
	FP_ROUTE KC..KA320

TRACK_TIME 1167737286
TRACK A20110117609821 F 335700 1182500 120 30 999 NONE NONE 410
	FP_ROUTE KC..KA319

TRACK_TIME 1167737286
TRACK A20110117609822 F 403600 734660 120 30 999 NONE NONE 210
	FP_ROUTE KC..KB733

TRACK_TIME 1167737286
TRACK A20110117609823 F 293700 951500 120 30 999 NONE NONE 370
	FP_ROUTE KT..KCRJ2

TRACK_TIME 1167737286
TRACK A20110117609826 F 394960 1043900 120 30 999 NONE NONE 380
	FP_ROUTE KC..KB737

TRACK_TIME 1167737286
TRACK A20110117609827 F 384960 770100 120 30 999 NONE NONE 290
	FP_ROUTE KC..KB712

TRACK_TIME 1167737286
TRACK A20110117609840 F 421360 832200 120 30 999 NONE NONE 200
	FP_ROUTE KC..KB738

TRACK_TIME 1167737286
TRACK A20110117609848 F 324500 1171800 120 30 999 NONE NONE 370
	FP_ROUTE KC..KMD82

TRACK_TIME 1167737286
TRACK A20110117609855 F 413460 1084360 120 30 999 NONE NONE 199
	FP_ROUTE KC..KMD82

TRACK_TIME 1167737286
TRACK A20110117609858 F 335560 1182200 120 30 999 NONE NONE 400
	FP_ROUTE KC..KE145

TRACK_TIME 1167737286
TRACK A20110117609864 F 300000 951800 120 30 999 NONE NONE 360
	FP_ROUTE KC..KE145

TRACK_TIME 1167737286
TRACK A20110117609865 F 384960 770160 120 30 999 NONE NONE 250
	FP_ROUTE KC..KMD83

TRACK_TIME 1167737286
TRACK A20110117609868 F 403900 734600 120 30 999 NONE NONE 290
	FP_ROUTE KC..KE190

TRACK_TIME 1167737286
TRACK A20110117609873 F 415560 724000 120 30 999 NONE NONE 390
	FP_ROUTE KC..KB752

TRACK_TIME 1167737286
TRACK A20110117609877 F 404800 735200 120 30 999 NONE NONE 370
	FP_ROUTE KC..KA321

TRACK_TIME 1167737286
TRACK A20110117609880 F 414800 874660 120 30 999 NONE NONE 390
	FP_ROUTE KC..KE145

TRACK_TIME 1167737286
TRACK A20110117609881 F 325500 970460 120 30 999 NONE NONE 360
	FP_ROUTE KC..KB752

TRACK_TIME 1167737286
TRACK A20110117609883 F 355200 784800 120 30 999 NONE NONE 280
	FP_ROUTE KC..KMD83

TRACK_TIME 1167737286
TRACK A20110117609884 F 254600 801500 120 30 999 NONE NONE 370
	FP_ROUTE KC..KA320

TRACK_TIME 1167737286
TRACK A20110117609885 F 381600 1043100 120 30 999 NONE NONE 240
	FP_ROUTE KC..KE120

TRACK_TIME 1167737286
TRACK A20110117609886 F 360460 1151060 120 30 999 NONE NONE 260
	FP_ROUTE KC..KB737

TRACK_TIME 1167737286
TRACK A20110117609887 F 260460 801360 120 30 999 NONE NONE 330
	FP_ROUTE KC..KB738

TRACK_TIME 1167737286
TRACK A20110117609892 F 403760 740000 120 30 999 NONE NONE 390
	FP_ROUTE KT..KDH8D

TRACK_TIME 1167737286
TRACK A20110117609893 F 211660 1575800 120 30 999 NONE NONE 220
	FP_ROUTE KC..KB737

TRACK_TIME 1167737286
TRACK A20110117609901 F 453400 1223400 120 30 999 NONE NONE 340
	FP_ROUTE KC..KB734

TRACK_TIME 1167737286
TRACK A20110117609903 F 333760 842860 120 30 999 NONE NONE 350
	FP_ROUTE KC..KB737

TRACK_TIME 1167737286
TRACK A20110117609910 F 454660 1111000 120 30 999 NONE NONE 340
	FP_ROUTE KC..KE145

TRACK_TIME 1167737286
TRACK A20110117609911 F 395700 1044200 120 30 999 NONE NONE 330
	FP_ROUTE KC..KB733

TRACK_TIME 1167737286
TRACK A20110117609912 F 260460 801300 120 30 999 NONE NONE 370
	FP_ROUTE KC..KB737

TRACK_TIME 1167737286
TRACK A20110117609937 F 381300 1221660 120 30 999 NONE NONE 400
	FP_ROUTE KG..KBE20

TRACK_TIME 1167737286
TRACK A20110117609943 F 440760 1231300 120 30 999 NONE NONE 230
	FP_ROUTE KG..KBE20

TRACK_TIME 1167737286
TRACK A20110117609953 F 420000 875700 120 30 999 NONE NONE 290
	FP_ROUTE KG..KBE20

TRACK_TIME 1167737286
TRACK A20110117609955 F 373600 973160 120 30 999 NONE NONE 340
	FP_ROUTE KC..KA319

TRACK_TIME 1167737286
TRACK A20110117609956 F 401000 1050100 120 30 999 NONE NONE 310
	FP_ROUTE KC..KA321

TRACK_TIME 1167737286
TRACK A20110117609959 F 422800 711600 120 30 999 NONE NONE 410
	FP_ROUTE KC..KA319

TRACK_TIME 1167737286
TRACK A20110117609978 F 324360 1171000 120 30 999 NONE NONE 360
	FP_ROUTE KC..KB737

TRACK_TIME 1167737286
TRACK A20110117609984 F 390000 772800 120 30 999 NONE NONE 250
	FP_ROUTE KC..KE145

TRACK_TIME 1167737286
TRACK A20110117609986 F 373600 1221960 120 30 999 NONE NONE 400
	FP_ROUTE KC..KE145

TRACK_TIME 1167737286
TRACK A20110117609987 F 334060 1175200 120 30 999 NONE NONE 410
	FP_ROUTE KT..KDH8D

TRACK_TIME 1167737286
TRACK A20110117609988 F 360460 1151200 120 30 999 NONE NONE 380
	FP_ROUTE KT..KCRJ2

TRACK_TIME 1167737286
TRACK A20110117609989 F 340160 1174600 120 30 999 NONE NONE 280
	FP_ROUTE KC..KA319

TRACK_TIME 1167737286
TRACK A20110117609990 F 353400 823700 120 30 999 NONE NONE 210
	FP_ROUTE KC..KMD82

TRACK_TIME 1167737286
TRACK A20110117609996 F 415800 875560 120 30 999 NONE NONE 270
	FP_ROUTE KC..KMD82

TRACK_TIME 1167737286
TRACK A20110117610001 F 334000 1175200 120 30 999 NONE NONE 400
	FP_ROUTE KC..KB753

TRACK_TIME 1167737286
TRACK A20110117610002 F 412560 814960 120 30 999 NONE NONE 370
	FP_ROUTE KT..KCRJ2

TRACK_TIME 1167737286
TRACK A20110117610003 F 403900 741200 120 30 999 NONE NONE 330
	FP_ROUTE KT..KCRJ2

TRACK_TIME 1167737286
TRACK A20110117610009 F 403900 741060 120 30 999 NONE NONE 350
	FP_ROUTE KC..KB712

TRACK_TIME 1167737286
TRACK A20110117610010 F 445260 931500 120 30 999 NONE NONE 340
	FP_ROUTE KC..KMD83

TRACK_TIME 1167737286
TRACK A20110117610012 F 391060 764300 120 30 999 NONE NONE 390
	FP_ROUTE KC..KCRJ2

TRACK_TIME 1167737286
TRACK A20110117610013 F 400000 825560 120 30 999 NONE NONE 320
	FP_ROUTE KC..KE170

TRACK_TIME 1167737286
TRACK A20110117610016 F 403000 801660 120 30 999 NONE NONE 330
	FP_ROUTE KC..KA320

TRACK_TIME 1167737286
TRACK A20110117610028 F 350400 895860 120 30 999 NONE NONE 280
	FP_ROUTE KC..KB738

TRACK_TIME 1167737286
TRACK A20110117610029 F 420100 875800 120 30 999 NONE NONE 370
	FP_ROUTE KG..KC560

TRACK_TIME 1167737286
TRACK A20110117610038 F 394900 1044060 120 30 999 NONE NONE 330
	FP_ROUTE KC..KE170

TRACK_TIME 1167737286
TRACK A20110117610039 F 391660 944960 120 30 999 NONE NONE 390
	FP_ROUTE KC..KB753

TRACK_TIME 1167737286
TRACK A20110117610042 F 282400 811900 120 30 999 NONE NONE 330
	FP_ROUTE KT..KCRJ2

TRACK_TIME 1167737286
TRACK A20110117610046 F 371660 795560 120 30 999 NONE NONE 200
	FP_ROUTE KC..KB752

TRACK_TIME 1167737286
TRACK A20110117610050 F 404000 734960 120 30 999 NONE NONE 370
	FP_ROUTE KG..KF2TH

TRACK_TIME 1167737286
TRACK A20110117610054 F 385800 1184900 120 30 999 NONE NONE 340
	FP_ROUTE KC..KB738

TRACK_TIME 1167737286
TRACK A20110117610056 F 304060 881500 120 30 999 NONE NONE 290
	FP_ROUTE KC..KB752

TRACK_TIME 1167737286
TRACK A20110117610057 F 350400 895860 120 30 999 NONE NONE 240
	FP_ROUTE KC..KDH8C

TRACK_TIME 1167737286
TRACK A20110117610060 F 282800 811900 120 30 999 NONE NONE 320
	FP_ROUTE KC..KA319

TRACK_TIME 1167737286
TRACK A20110117610061 F 282560 811900 120 30 999 NONE NONE 340
	FP_ROUTE KT..KE135

TRACK_TIME 1167737286
TRACK A20110117610066 F 385860 772800 120 30 999 NONE NONE 310
	FP_ROUTE KC..KB737

TRACK_TIME 1167737286
TRACK A20110117610076 F 300000 951900 120 30 999 NONE NONE 320
	FP_ROUTE KC..KA320

TRACK_TIME 1167737286
TRACK A20110117610077 F 374000 1221000 120 30 999 NONE NONE 380
	FP_ROUTE KT..KE145

TRACK_TIME 1167737286
TRACK A20110117610081 F 420100 875800 120 30 999 NONE NONE 370
	FP_ROUTE KC..KE135

TRACK_TIME 1167737286
TRACK A20110117610084 F 355200 784900 120 30 999 NONE NONE 370
	FP_ROUTE KC..KA319

TRACK_TIME 1167737286
TRACK A20110117610086 F 360460 1150900 120 30 999 NONE NONE 350
	FP_ROUTE KC..KB752

TRACK_TIME 1167737286
TRACK A20110117610092 F 384500 902100 120 30 999 NONE NONE 340
	FP_ROUTE KC..KB752

TRACK_TIME 1167737286
TRACK A20110117610097 F 381200 854360 120 30 999 NONE NONE 280
	FP_ROUTE KC..KMD82

TRACK_TIME 1167737286
TRACK A20110117610098 F 384960 770100 120 30 999 NONE NONE 370
	FP_ROUTE KC..KA319

TRACK_TIME 1167737286
TRACK A20110117610112 F 344960 821300 120 30 999 NONE NONE 210
	FP_ROUTE KC..KB752

TRACK_TIME 1167737286
TRACK A20110117610114 F 333900 842700 120 30 999 NONE NONE 350
	FP_ROUTE KC..KA320

TRACK_TIME 1167737286
TRACK A20110117610115 F 320760 811660 120 30 999 NONE NONE 230
	FP_ROUTE KT..KDH8D

TRACK_TIME 1167737286
TRACK A20110117610116 F 361000 863900 120 30 999 NONE NONE 200
	FP_ROUTE KT..KCRJ2

TRACK_TIME 1167737286
TRACK A20110117610127 F 325500 970160 120 30 999 NONE NONE 330
	FP_ROUTE KC..KE145

TRACK_TIME 1167737286
TRACK A20110117610129 F 325500 970460 120 30 999 NONE NONE 350
	FP_ROUTE KC..KB733

TRACK_TIME 1167737286
TRACK A20110117610130 F 422100 710000 120 30 999 NONE NONE 370
	FP_ROUTE KG..KCL60

TRACK_TIME 1167737286
TRACK A20110117610134 F 300000 951900 120 30 999 NONE NONE 350
	FP_ROUTE KC..KB742

TRACK_TIME 1167737286
TRACK A20110117610139 F 350400 895800 120 30 999 NONE NONE 380
	FP_ROUTE KG..KC750

TRACK_TIME 1167737286
TRACK A20110117610143 F 360460 1151060 120 30 999 NONE NONE 380
	FP_ROUTE KC..KB737

TRACK_TIME 1167737286
TRACK A20110117610150 F 324060 1165200 120 30 999 NONE NONE 220
	FP_ROUTE KC..KB737

TRACK_TIME 1167737286
TRACK A20110117610159 F 394660 1044000 120 30 999 NONE NONE 390
	FP_ROUTE KC..KB737

TRACK_TIME 1167737286
TRACK A20110117610162 F 351000 1014800 120 30 999 NONE NONE 370
	FP_ROUTE KC..KE190

TRACK_TIME 1167737286
TRACK A20110117610164 F 394900 1043900 120 30 999 NONE NONE 360
	FP_ROUTE KC..KB733

TRACK_TIME 1167737286
TRACK A20110117610165 F 404800 1115860 120 30 999 NONE NONE 360
	FP_ROUTE KC..KB752

TRACK_TIME 1167737286
TRACK A20110117610166 F 332560 1115700 120 30 999 NONE NONE 330
	FP_ROUTE KT..KC560

TRACK_TIME 1167737286
TRACK A20110117610169 F 422100 705860 120 30 999 NONE NONE 330
	FP_ROUTE KC..KB734

TRACK_TIME 1167737286
TRACK A20110117610170 F 402860 1071360 120 30 999 NONE NONE 400
	FP_ROUTE KC..KB733

TRACK_TIME 1167737286
TRACK A20110117610177 F 273400 992800 120 30 999 NONE NONE 200
	FP_ROUTE KC..KA319

TRACK_TIME 1167737286
TRACK A20110117610181 F 403900 741060 120 30 999 NONE NONE 370
	FP_ROUTE KC..KB712

TRACK_TIME 1167737286
TRACK A20110117610182 F 282800 811960 120 30 999 NONE NONE 390
	FP_ROUTE KC..KA320

TRACK_TIME 1167737286
TRACK A20110117610188 F 333760 842860 120 30 999 NONE NONE 290
	FP_ROUTE KC..KB737

TRACK_TIME 1167737286
TRACK A20110117610200 F 390460 844000 120 30 999 NONE NONE 270
	FP_ROUTE KC..KCRJ9

TRACK_TIME 1167737286
TRACK A20110117610215 F 390900 763900 120 30 999 NONE NONE 320
	FP_ROUTE KC..KB737

TRACK_TIME 1167737286
TRACK A20110117610217 F 351500 805700 120 30 999 NONE NONE 330
	FP_ROUTE KC..KCRJ9

TRACK_TIME 1167737286
TRACK A20110117610220 F 325260 970400 120 30 999 NONE NONE 370
	FP_ROUTE KC..KB737

TRACK_TIME 1167737286
TRACK A20110117610221 F 325560 970160 120 30 999 NONE NONE 380
	FP_ROUTE KC..KB738

TRACK_TIME 1167737286
TRACK A20110117610225 F 390460 844000 120 30 999 NONE NONE 370
	FP_ROUTE KC..KB734

TRACK_TIME 1167737286
TRACK A20110117610226 F 445400 931360 120 30 999 NONE NONE 300
	FP_ROUTE KC..KB733

TRACK_TIME 1167737286
TRACK A20110117610227 F 475560 971060 120 30 999 NONE NONE 240
	FP_ROUTE KC..KB733

TRACK_TIME 1167737286
TRACK A20110117610229 F 345860 1064000 120 30 999 NONE NONE 330
	FP_ROUTE KC..KB735

TRACK_TIME 1167737286
TRACK A20110117610231 F 421960 705800 120 30 999 NONE NONE 270
	FP_ROUTE KC..KB738

TRACK_TIME 1167737286
TRACK A20110117610245 F 472860 1221800 120 30 999 NONE NONE 320
	FP_ROUTE KC..KB733

TRACK_TIME 1167737286
TRACK A20110117610246 F 264060 795860 120 30 999 NONE NONE 390
	FP_ROUTE KC..KB735

TRACK_TIME 1167737286
TRACK A20110117610248 F 373600 1221900 120 30 999 NONE NONE 410
	FP_ROUTE KC..KB735

TRACK_TIME 1167737286
TRACK A20110117610261 F 254800 801960 120 30 999 NONE NONE 300
	FP_ROUTE KC..KB752

TRACK_TIME 1167737286
TRACK A20110117610273 F 425500 875400 120 30 999 NONE NONE 390
	FP_ROUTE KT..KCRJ2

TRACK_TIME 1167737286
TRACK A20110117610276 F 333760 842800 120 30 999 NONE NONE 410
	FP_ROUTE KC..KA319

TRACK_TIME 1167737286
TRACK A20110117610278 F 351200 805800 120 30 999 NONE NONE 270
	FP_ROUTE KC..KE170

TRACK_TIME 1167737286
TRACK A20110117610281 F 325500 970160 120 30 999 NONE NONE 340
	FP_ROUTE KC..KA320

TRACK_TIME 1167737286
TRACK A20110117610284 F 384360 1213600 120 30 999 NONE NONE 350
	FP_ROUTE KC..KB752

TRACK_TIME 1167737286
TRACK A20110117610287 F 361000 1150900 120 30 999 NONE NONE 370
	FP_ROUTE KT..KCRJ9

TRACK_TIME 1167737286
TRACK A20110117610297 F 335700 1182400 120 30 999 NONE NONE 390
	FP_ROUTE KC..KB738

TRACK_TIME 1167737286
TRACK A20110117610298 F 403700 734800 120 30 999 NONE NONE 350
	FP_ROUTE KC..KE190

TRACK_TIME 1167737286
TRACK A20110117610305 F 320760 1105800 120 30 999 NONE NONE 330
	FP_ROUTE KC..KB733

TRACK_TIME 1167737286
TRACK A20110117610308 F 374200 1221200 120 30 999 NONE NONE 320
	FP_ROUTE KC..KB738

TRACK_TIME 1167737286
TRACK A20110117610316 F 394900 1043900 120 30 999 NONE NONE 360
	FP_ROUTE KT..KE145

TRACK_TIME 1167737286
TRACK A20110117610319 F 282400 811900 120 30 999 NONE NONE 250
	FP_ROUTE KT..KCRJ9

TRACK_TIME 1167737286
TRACK A20110117610327 F 355100 784900 120 30 999 NONE NONE 320
	FP_ROUTE KC..KB712

TRACK_TIME 1167737286
TRACK A20110117610328 F 474660 1164660 120 30 999 NONE NONE 340
	FP_ROUTE KC..KB712

TRACK_TIME 1167737286
TRACK A20110117610331 F 325260 970160 120 30 999 NONE NONE 350
	FP_ROUTE KC..KB738

TRACK_TIME 1167737286
TRACK A20110117610335 F 335700 832400 120 30 999 NONE NONE 210
	FP_ROUTE KC..KA319

TRACK_TIME 1167737286
TRACK A20110117610337 F 412700 814800 120 30 999 NONE NONE 310
	FP_ROUTE KC..KB712

TRACK_TIME 1167737286
TRACK A20110117610338 F 350400 895800 120 30 999 NONE NONE 300
	FP_ROUTE KC..KE145

TRACK_TIME 1167737286
TRACK A20110117610340 F 445260 931060 120 30 999 NONE NONE 380
	FP_ROUTE KC..KCRJ2

TRACK_TIME 1167737286
TRACK A20110117610341 F 344360 921200 120 30 999 NONE NONE 290
	FP_ROUTE KC..KB738

TRACK_TIME 1167737286
TRACK A20110117610349 F 354360 840600 120 30 999 NONE NONE 190
	FP_ROUTE KC..KMD83

TRACK_TIME 1167737286
TRACK A20110117610355 F 282800 811960 120 30 999 NONE NONE 330
	FP_ROUTE KC..KB737

TRACK_TIME 1167737286
TRACK A20110117610356 F 421960 710100 120 30 999 NONE NONE 370
	FP_ROUTE KC..KMD83

TRACK_TIME 1167737286
TRACK A20110117610364 F 395200 751660 120 30 999 NONE NONE 350
	FP_ROUTE KC..KA320

TRACK_TIME 1167737286
TRACK A20110117610374 F 355200 835500 120 30 999 NONE NONE 280
	FP_ROUTE KC..KB738

TRACK_TIME 1167737286
TRACK A20110117610379 F 300160 973900 120 30 999 NONE NONE 220
	FP_ROUTE KC..KE170

TRACK_TIME 1167737286
TRACK A20110117610380 F 371960 1215400 120 30 999 NONE NONE 400
	FP_ROUTE KC..KE170

TRACK_TIME 1167737286
TRACK A20110117610387 F 453460 1223460 120 30 999 NONE NONE 360
	FP_ROUTE KC..KB734

TRACK_TIME 1167737286
TRACK A20110117610388 F 412500 815100 120 30 999 NONE NONE 360
	FP_ROUTE KC..KB734

TRACK_TIME 1167737286
TRACK A20110117610389 F 325100 965200 120 30 999 NONE NONE 200
	FP_ROUTE KC..KA319

TRACK_TIME 1167737286
TRACK A20110117610390 F 344360 921300 120 30 999 NONE NONE 330
	FP_ROUTE KT..KCRJ9

TRACK_TIME 1167737286
TRACK A20110117610391 F 391060 764200 120 30 999 NONE NONE 390
	FP_ROUTE KT..KCRJ9

TRACK_TIME 1167737286
TRACK A20110117610396 F 332560 1120300 120 30 999 NONE NONE 360
	FP_ROUTE KT..KCRJ2

TRACK_TIME 1167737286
TRACK A20110117610399 F 392800 1194600 120 30 999 NONE NONE 360
	FP_ROUTE KC..KA320

TRACK_TIME 1167737286
TRACK A20110117610402 F 333900 842700 120 30 999 NONE NONE 370
	FP_ROUTE KC..KA320

TRACK_TIME 1167737286
TRACK A20110117610417 F 373600 1221800 120 30 999 NONE NONE 360
	FP_ROUTE KC..KB737

TRACK_TIME 1167737286
TRACK A20110117610420 F 373600 1221960 120 30 999 NONE NONE 380
	FP_ROUTE KC..KE145

TRACK_TIME 1167737286
TRACK A20110117610422 F 295800 951960 120 30 999 NONE NONE 380
	FP_ROUTE KC..KB752

TRACK_TIME 1167737286
TRACK A20110117610423 F 325500 970300 120 30 999 NONE NONE 330
	FP_ROUTE KT..KCRJ9

TRACK_TIME 1167737286
TRACK A20110117610424 F 384200 901600 120 30 999 NONE NONE 350
	FP_ROUTE KC..KB738

TRACK_TIME 1167737286
TRACK A20110117610425 F 334900 1181000 120 30 999 NONE NONE 240
	FP_ROUTE KC..KB752

TRACK_TIME 1167737286
TRACK A20110117610434 F 293600 953900 120 30 999 NONE NONE 400
	FP_ROUTE KC..KLJ45

TRACK_TIME 1167737286
TRACK A20110117610436 F 385860 772560 120 30 999 NONE NONE 240
	FP_ROUTE KC..KB752

TRACK_TIME 1167737286
TRACK A20110117610437 F 335560 1182500 120 30 999 NONE NONE 350
	FP_ROUTE KT..KCRJ9

TRACK_TIME 1167737286
TRACK A20110117610440 F 320760 811500 120 30 999 NONE NONE 410
	FP_ROUTE KT..KCRJ9

TRACK_TIME 1167737286
TRACK A20110117610442 F 403000 801660 120 30 999 NONE NONE 280
	FP_ROUTE KC..KB738

TRACK_TIME 1167737286
TRACK A20110117610445 F 320760 811600 120 30 999 NONE NONE 280
	FP_ROUTE KC..KE170

TRACK_TIME 1167737286
TRACK A20110117610451 F 333700 842800 120 30 999 NONE NONE 190
	FP_ROUTE KC..KB737

TRACK_TIME 1167737286
TRACK A20110117610452 F 293600 953900 120 30 999 NONE NONE 430
	FP_ROUTE KC..KA320

TRACK_TIME 1167737286
TRACK A20110117610456 F 421960 710160 120 30 999 NONE NONE 370
	FP_ROUTE KC..KB738

TRACK_TIME 1167737286
TRACK A20110117610457 F 260460 800600 120 30 999 NONE NONE 390
	FP_ROUTE KT..KCRJ2

TRACK_TIME 1167737286
TRACK A20110117610464 F 364360 1193760 120 30 999 NONE NONE 219
	FP_ROUTE KT..KCRJ2

TRACK_TIME 1167737286
TRACK A20110117610466 F 410300 734200 120 30 999 NONE NONE 330
	FP_ROUTE KT..KC750

TRACK_TIME 1167737286
TRACK A20110117610468 F 360900 863900 120 30 999 NONE NONE 360
	FP_ROUTE KT..KE145

TRACK_TIME 1167737286
TRACK A20110117610469 F 181960 645860 120 30 999 NONE NONE 390
	FP_ROUTE KT..KE145

TRACK_TIME 1167737286
TRACK A20110117610471 F 395260 1043460 120 30 999 NONE NONE 300
	FP_ROUTE KC..KB733

TRACK_TIME 1167737286
TRACK A20110117610473 F 392800 1194600 120 30 999 NONE NONE 340
	FP_ROUTE KC..KB738

TRACK_TIME 1167737286
TRACK A20110117610474 F 374200 1221200 120 30 999 NONE NONE 340
	FP_ROUTE KC..KE170

TRACK_TIME 1167737286
TRACK A20110117610475 F 453460 1223400 120 30 999 NONE NONE 350
	FP_ROUTE KC..KCRJ2

TRACK_TIME 1167737286
TRACK A20110117610476 F 211900 1575860 120 30 999 NONE NONE 340
	FP_ROUTE KT..KCRJ9

TRACK_TIME 1167737286
TRACK A20110117610477 F 373600 1221900 120 30 999 NONE NONE 260
	FP_ROUTE KC..KB733

TRACK_TIME 1167737286
TRACK A20110117610478 F 332560 1120400 120 30 999 NONE NONE 340
	FP_ROUTE KC..KB733

TRACK_TIME 1167737286
TRACK A20110117610481 F 300000 951800 120 30 999 NONE NONE 360
	FP_ROUTE KG..KCL60

TRACK_TIME 1167737286
TRACK A20110117610485 F 333700 843100 120 30 999 NONE NONE 390
	FP_ROUTE KC..KB752

TRACK_TIME 1167737286
TRACK A20110117610489 F 254800 801960 120 30 999 NONE NONE 320
	FP_ROUTE KT..KDH8D

TRACK_TIME 1167737286
TRACK A20110117610497 F 472800 1221900 120 30 999 NONE NONE 400
	FP_ROUTE KC..KA319

TRACK_TIME 1167737286
TRACK A20110117610500 F 394900 1043760 120 30 999 NONE NONE 360
	FP_ROUTE KT..KDH8D

TRACK_TIME 1167737286
TRACK A20110117610501 F 420160 875560 120 30 999 NONE NONE 300
	FP_ROUTE KC..KB738

TRACK_TIME 1167737286
TRACK A20110117610503 F 413400 934200 120 30 999 NONE NONE 280
	FP_ROUTE KC..KB712

TRACK_TIME 1167737286
TRACK A20110117610504 F 333100 1171000 120 30 999 NONE NONE 360
	FP_ROUTE KT..KDH8D

TRACK_TIME 1167737286
TRACK A20110117610512 F 300000 901500 120 30 999 NONE NONE 360
	FP_ROUTE KC..KB712

TRACK_TIME 1167737286
TRACK A20110117610520 F 391060 764300 120 30 999 NONE NONE 390
	FP_ROUTE KC..KB737

TRACK_TIME 1167737286
TRACK A20110117610521 F 415500 724300 120 30 999 NONE NONE 250
	FP_ROUTE KC..KB737

TRACK_TIME 1167737286
TRACK A20110117610522 F 282500 811660 120 30 999 NONE NONE 380
	FP_ROUTE KC..KB737

TRACK_TIME 1167737286
TRACK A20110117610524 F 445400 931500 120 30 999 NONE NONE 350
	FP_ROUTE KC..KB737

TRACK_TIME 1167737286
TRACK A20110117610525 F 302860 814300 120 30 999 NONE NONE 330
	FP_ROUTE KC..KB738

TRACK_TIME 1167737286
TRACK A20110117610526 F 403700 734660 120 30 999 NONE NONE 220
	FP_ROUTE KC..KB737

TRACK_TIME 1167737286
TRACK A20110117610528 F 300000 951800 120 30 999 NONE NONE 220
	FP_ROUTE KC..KCRJ2

TRACK_TIME 1167737286
TRACK A20110117610533 F 421960 710100 120 30 999 NONE NONE 350
	FP_ROUTE KT..KCRJ1

TRACK_TIME 1167737286
TRACK A20110117610535 F 394660 825800 120 30 999 NONE NONE 410
	FP_ROUTE KC..KB752

TRACK_TIME 1167737286
TRACK A20110117610539 F 404660 735200 120 30 999 NONE NONE 290
	FP_ROUTE KC..KB733

TRACK_TIME 1167737286
TRACK A20110117610541 F 411900 955400 120 30 999 NONE NONE 350
	FP_ROUTE KG..KPAY2

TRACK_TIME 1167737286
TRACK A20110117610542 F 404800 1115800 120 30 999 NONE NONE 360
	FP_ROUTE KG..KLJ45

TRACK_TIME 1167737286
TRACK A20110117610543 F 360400 1150460 120 30 999 NONE NONE 300
	FP_ROUTE KC..KB752

TRACK_TIME 1167737286
TRACK A20110117610545 F 404000 741060 120 30 999 NONE NONE 350
	FP_ROUTE KC..KE145

TRACK_TIME 1167737286
TRACK A20110117610546 F 392560 944000 120 30 999 NONE NONE 380
	FP_ROUTE KC..KE170

TRACK_TIME 1167737286
TRACK A20110117610547 F 335560 1182700 120 30 999 NONE NONE 360
	FP_ROUTE KG..KBE9L

TRACK_TIME 1167737286
TRACK A20110117610551 F 453460 1223400 120 30 999 NONE NONE 400
	FP_ROUTE KC..KE145

TRACK_TIME 1167737286
TRACK A20110117610567 F 404500 735400 120 30 999 NONE NONE 370
	FP_ROUTE KG..KBE9L

TRACK_TIME 1167737286
TRACK A20110117610568 F 414600 882800 120 30 999 NONE NONE 350
	FP_ROUTE KC..KB734

TRACK_TIME 1167737286
TRACK A20110117610569 F 411660 955260 120 30 999 NONE NONE 400
	FP_ROUTE KC..KB734

TRACK_TIME 1167737286
TRACK A20110117610574 F 403900 741200 120 30 999 NONE NONE 350
	FP_ROUTE KC..KA320

TRACK_TIME 1167737286
TRACK A20110117610575 F 472800 1221900 120 30 999 NONE NONE 400
	FP_ROUTE KC..KDH8D

TRACK_TIME 1167737286
TRACK A20110117610590 F 390460 843900 120 30 999 NONE NONE 220
	FP_ROUTE KC..KB737

TRACK_TIME 1167737286
TRACK A20110117610592 F 320100 1022400 120 30 999 NONE NONE 260
	FP_ROUTE KT..KCRJ2

TRACK_TIME 1167737286
TRACK A20110117610595 F 264200 812860 120 30 999 NONE NONE 380
	FP_ROUTE KC..KA320

TRACK_TIME 1167737286
TRACK A20110117610598 F 395260 1043400 120 30 999 NONE NONE 330
	FP_ROUTE KC..KB737

TRACK_TIME 1167737286
TRACK A20110117610601 F 404600 735100 120 30 999 NONE NONE 410
	FP_ROUTE KT..KCRJ2

TRACK_TIME 1167737286
TRACK A20110117610604 F 410300 734060 120 30 999 NONE NONE 410
	FP_ROUTE KC..KA320

TRACK_TIME 1167737286
TRACK A20110117610606 F 400000 825700 120 30 999 NONE NONE 310
	FP_ROUTE KC..KB737

TRACK_TIME 1167737286
TRACK A20110117610608 F 320900 1105860 120 30 999 NONE NONE 410
	FP_ROUTE KC..KB737

TRACK_TIME 1167737286
TRACK A20110117610610 F 295860 901800 120 30 999 NONE NONE 360
	FP_ROUTE KC..KB752

TRACK_TIME 1167737286
TRACK A20110117610612 F 414800 874660 120 30 999 NONE NONE 370
	FP_ROUTE KC..KA320

TRACK_TIME 1167737286
TRACK A20110117610613 F 335500 1183160 120 30 999 NONE NONE 360
	FP_ROUTE KC..KB752

TRACK_TIME 1167737286
TRACK A20110117610615 F 352100 852400 120 30 999 NONE NONE 330
	FP_ROUTE KC..KB737

TRACK_TIME 1167737286
TRACK A20110117610619 F 415260 914060 120 30 999 NONE NONE 200
	FP_ROUTE KC..KB735

TRACK_TIME 1167737286
TRACK A20110117610620 F 431500 1140900 120 30 999 NONE NONE 180
	FP_ROUTE KC..KA319

TRACK_TIME 1167737286
TRACK A20110117610624 F 333700 842800 120 30 999 NONE NONE 350
	FP_ROUTE KG..KF2TH

TRACK_TIME 1167737286
TRACK A20110117610625 F 473000 1112100 120 30 999 NONE NONE 340
	FP_ROUTE KG..KCL60

TRACK_TIME 1167737286
TRACK A20110117610626 F 394660 1044000 120 30 999 NONE NONE 350
	FP_ROUTE KC..KB752

TRACK_TIME 1167737286
TRACK A20110117610627 F 394360 861500 120 30 999 NONE NONE 340
	FP_ROUTE KC..KB735

TRACK_TIME 1167737286
TRACK A20110117610629 F 340460 810700 120 30 999 NONE NONE 210
	FP_ROUTE KC..KE145

TRACK_TIME 1167737286
TRACK A20110117610630 F 333700 842700 120 30 999 NONE NONE 220
	FP_ROUTE KC..KE135

TRACK_TIME 1167737286
TRACK A20110117610632 F 395200 751660 120 30 999 NONE NONE 370
	FP_ROUTE KC..KE120

TRACK_TIME 1167737286
TRACK A20110117610635 F 350100 1063760 120 30 999 NONE NONE 330
	FP_ROUTE KC..KE135

TRACK_TIME 1167737286
TRACK A20110117610636 F 325200 965260 120 30 999 NONE NONE 330
	FP_ROUTE KC..KB763

TRACK_TIME 1167737286
TRACK A20110117610637 F 315800 1021660 120 30 999 NONE NONE 380
	FP_ROUTE KC..KB752

TRACK_TIME 1167737286
TRACK A20110117610650 F 403700 734800 120 30 999 NONE NONE 330
	FP_ROUTE KC..KE120

TRACK_TIME 1167737286
TRACK A20110117610651 F 335560 1182560 120 30 999 NONE NONE 370
	FP_ROUTE KC..KMD83

TRACK_TIME 1167737286
TRACK A20110117610652 F 420100 875700 120 30 999 NONE NONE 350
	FP_ROUTE KC..KCRJ2

TRACK_TIME 1167737286
TRACK A20110117610661 F 321500 900760 120 30 999 NONE NONE 340
	FP_ROUTE KC..KCRJ2

TRACK_TIME 1167737286
TRACK A20110117610663 F 414900 874800 120 30 999 NONE NONE 350
	FP_ROUTE KC..KCRJ2

TRACK_TIME 1167737286
TRACK A20110117610664 F 282800 811960 120 30 999 NONE NONE 330
	FP_ROUTE KT..KCRJ2

TRACK_TIME 1167737286
TRACK A20110117610670 F 360760 863900 120 30 999 NONE NONE 330
	FP_ROUTE KT..KCRJ2

TRACK_TIME 1167737286
TRACK A20110117610673 F 293760 951800 120 30 999 NONE NONE 340
	FP_ROUTE KT..KCRJ9

TRACK_TIME 1167737286
TRACK A20110117610674 F 314960 1062100 120 30 999 NONE NONE 360
	FP_ROUTE KG..KBE20

TRACK_TIME 1167737286
TRACK A20110117610683 F 355100 784900 120 30 999 NONE NONE 330
	FP_ROUTE KC..KE170

TRACK_TIME 1167737286
TRACK A20110117610690 F 384600 902100 120 30 999 NONE NONE 340
	FP_ROUTE KC..KB739

TRACK_TIME 1167737286
TRACK A20110117610691 F 341300 775800 120 30 999 NONE NONE 300
	FP_ROUTE KC..KB752

TRACK_TIME 1167737286
TRACK A20110117610704 F 403900 741060 120 30 999 NONE NONE 350
	FP_ROUTE KC..KA320

TRACK_TIME 1167737286
TRACK A20110117610713 F 374060 1221200 120 30 999 NONE NONE 380
	FP_ROUTE KC..KE145

TRACK_TIME 1167737286
TRACK A20110117610716 F 282500 811900 120 30 999 NONE NONE 370
	FP_ROUTE KC..KB737

TRACK_TIME 1167737286
TRACK A20110117610720 F 181960 650000 120 30 999 NONE NONE 390
	FP_ROUTE KG..KC550

TRACK_TIME 1167737286
TRACK A20110117610722 F 403760 734360 120 30 999 NONE NONE 310
	FP_ROUTE KC..KB733

TRACK_TIME 1167737286
TRACK A20110117610728 F 420100 875700 120 30 999 NONE NONE 330
	FP_ROUTE KC..KMD82

TRACK_TIME 1167737286
TRACK A20110117610730 F 384360 1213600 120 30 999 NONE NONE 380
	FP_ROUTE KG..KCRJ2

TRACK_TIME 1167737286
TRACK A20110117610732 F 403900 741200 120 30 999 NONE NONE 390
	FP_ROUTE KC..KA320

TRACK_TIME 1167737286
TRACK A20110117610740 F 445400 931500 120 30 999 NONE NONE 340
	FP_ROUTE KC..KB733

TRACK_TIME 1167737286
TRACK A20110117610759 F 332560 1120300 120 30 999 NONE NONE 390
	FP_ROUTE KC..KA319

TRACK_TIME 1167737286
TRACK A20110117610760 F 341200 1182400 120 30 999 NONE NONE 320
	FP_ROUTE KC..KA319

TRACK_TIME 1167737286
TRACK A20110117610761 F 374060 1221200 120 30 999 NONE NONE 320
	FP_ROUTE KC..KMD82

TRACK_TIME 1167737286
TRACK A20110117610762 F 445400 931500 120 30 999 NONE NONE 360
	FP_ROUTE KC..KB752

TRACK_TIME 1167737286
TRACK A20110117610763 F 335560 1182200 120 30 999 NONE NONE 360
	FP_ROUTE KT..KE120

TRACK_TIME 1167737286
TRACK A20110117610767 F 360460 1150900 120 30 999 NONE NONE 330
	FP_ROUTE KT..KE120

TRACK_TIME 1167737286
TRACK A20110117610768 F 333700 842860 120 30 999 NONE NONE 370
	FP_ROUTE KC..KB737

TRACK_TIME 1167737286
TRACK A20110117610771 F 254800 801900 120 30 999 NONE NONE 320
	FP_ROUTE KC..KB738

TRACK_TIME 1167737286
TRACK A20110117610784 F 174060 644960 120 30 999 NONE NONE 370
	FP_ROUTE KC..KB763

TRACK_TIME 1167737286
TRACK A20110117610794 F 295860 951600 120 30 999 NONE NONE 370
	FP_ROUTE KC..KB737

TRACK_TIME 1167737286
TRACK A20110117610803 F 424300 734800 120 30 999 NONE NONE 290
	FP_ROUTE KC..KB737

TRACK_TIME 1167737286
TRACK A20110117610806 F 394960 1044060 120 30 999 NONE NONE 330
	FP_ROUTE KC..KA319

TRACK_TIME 1167737286
TRACK A20110117610807 F 472700 1221900 120 30 999 NONE NONE 350
	FP_ROUTE KC..KCRJ2

TRACK_TIME 1167737286
TRACK A20110117610814 F 605500 1484600 120 30 999 NONE NONE 340
	FP_ROUTE KC..KCRJ2

TRACK_TIME 1167737286
TRACK A20110117610816 F 325500 970300 120 30 999 NONE NONE 310
	FP_ROUTE KC..KB734

TRACK_TIME 1167737286
TRACK A20110117610819 F 293700 951900 120 30 999 NONE NONE 330
	FP_ROUTE KT..KCRJ2

TRACK_TIME 1167737286
TRACK A20110117610823 F 403760 734500 120 30 999 NONE NONE 370
	FP_ROUTE KC..KE145

TRACK_TIME 1167737286
TRACK A20110117610824 F 360760 864000 120 30 999 NONE NONE 350
	FP_ROUTE KC..KA320

TRACK_TIME 1167737286
TRACK A20110117610825 F 355200 784900 120 30 999 NONE NONE 350
	FP_ROUTE KC..KA320

TRACK_TIME 1167737286
TRACK A20110117610834 F 315100 1062100 120 30 999 NONE NONE 370
	FP_ROUTE KC..KA320

TRACK_TIME 1167737286
TRACK A20110117610835 F 391060 764360 120 30 999 NONE NONE 230
	FP_ROUTE KC..KA320

TRACK_TIME 1167737286
TRACK A20110117610836 F 394660 1044000 120 30 999 NONE NONE 280
	FP_ROUTE KC..KB763

TRACK_TIME 1167737286
TRACK A20110117610837 F 264060 801360 120 30 999 NONE NONE 350
	FP_ROUTE KC..KB738

TRACK_TIME 1167737286
TRACK A20110117610839 F 472860 1221900 120 30 999 NONE NONE 360
	FP_ROUTE KC..KB733

TRACK_TIME 1167737286
TRACK A20110117610843 F 335500 1183300 120 30 999 NONE NONE 330
	FP_ROUTE KC..KB738

TRACK_TIME 1167737286
TRACK A20110117610844 F 411600 955100 120 30 999 NONE NONE 450
	FP_ROUTE KC..KB738

TRACK_TIME 1167737286
TRACK A20110117610845 F 395500 1191300 120 30 999 NONE NONE 310
	FP_ROUTE KT..KCRJ2

TRACK_TIME 1167737286
TRACK A20110117610846 F 360460 864060 120 30 999 NONE NONE 360
	FP_ROUTE KC..KB733

TRACK_TIME 1167737286
TRACK A20110117610855 F 310160 835100 120 30 999 NONE NONE 190
	FP_ROUTE KC..KB733

TRACK_TIME 1167737286
TRACK A20110117610859 F 340300 1174360 120 30 999 NONE NONE 300
	FP_ROUTE KC..KB738

TRACK_TIME 1167737286
TRACK A20110117610860 F 374060 1221060 120 30 999 NONE NONE 360
	FP_ROUTE KC..KA321

TRACK_TIME 1167737286
TRACK A20110117610861 F 614300 1510100 120 30 999 NONE NONE 370
	FP_ROUTE KC..KDH8D

TRACK_TIME 1167737286
TRACK A20110117610878 F 472800 1221900 120 30 999 NONE NONE 320
	FP_ROUTE KC..KMD83

TRACK_TIME 1167737286
TRACK A20110117610880 F 354960 784960 120 30 999 NONE NONE 280
	FP_ROUTE KC..KB738

TRACK_TIME 1167737286
TRACK A20110117610888 F 300000 951660 120 30 999 NONE NONE 190
	FP_ROUTE KC..KB734

TRACK_TIME 1167737286
TRACK A20110117610891 F 360400 1150460 120 30 999 NONE NONE 380
	FP_ROUTE KC..KB752

TRACK_TIME 1167737286
TRACK A20110117610898 F 371960 1215400 120 30 999 NONE NONE 380
	FP_ROUTE KC..KE145

TRACK_TIME 1167737286
TRACK A20110117610902 F 391060 764500 120 30 999 NONE NONE 340
	FP_ROUTE KC..KB738

TRACK_TIME 1167737286
TRACK A20110117610903 F 332560 1115800 120 30 999 NONE NONE 380
	FP_ROUTE KC..KE135

TRACK_TIME 1167737286
TRACK A20110117610904 F 332560 1115700 120 30 999 NONE NONE 360
	FP_ROUTE KC..KE170

TRACK_TIME 1167737286
TRACK A20110117610906 F 282400 811660 120 30 999 NONE NONE 380
	FP_ROUTE KC..KE170

TRACK_TIME 1167737286
TRACK A20110117610910 F 430000 875260 120 30 999 NONE NONE 340
	FP_ROUTE KC..KB712

TRACK_TIME 1167737286
TRACK A20110117610912 F 430600 774200 120 30 999 NONE NONE 390
	FP_ROUTE KT..KDH8D

TRACK_TIME 1167737286
TRACK A20110117610915 F 604800 1513300 120 30 999 NONE NONE 210
	FP_ROUTE KT..KCRJ2

TRACK_TIME 1167737286
TRACK A20110117610918 F 333900 842860 120 30 999 NONE NONE 380
	FP_ROUTE KC..KE145

TRACK_TIME 1167737286
TRACK A20110117610919 F 260160 800600 120 30 999 NONE NONE 360
	FP_ROUTE KC..KE135

TRACK_TIME 1167737286
TRACK A20110117610927 F 264060 801060 120 30 999 NONE NONE 340
	FP_ROUTE KT..KDH8D

TRACK_TIME 1167737286
TRACK A20110117610929 F 333700 842860 120 30 999 NONE NONE 270
	FP_ROUTE KC..KB733

TRACK_TIME 1167737286
TRACK A20110117610934 F 351200 805800 120 30 999 NONE NONE 380
	FP_ROUTE KC..KB752

TRACK_TIME 1167737286
TRACK A20110117610940 F 325560 970300 120 30 999 NONE NONE 320
	FP_ROUTE KT..KCRJ2

TRACK_TIME 1167737286
TRACK A20110117610943 F 282400 811900 120 30 999 NONE NONE 250
	FP_ROUTE KC..KB737

TRACK_TIME 1167737286
TRACK A20110117610963 F 260460 801200 120 30 999 NONE NONE 380
	FP_ROUTE KC..KE120

TRACK_TIME 1167737286
TRACK A20110117610967 F 472700 1221900 120 30 999 NONE NONE 200
	FP_ROUTE KC..KE145

TRACK_TIME 1167737286
TRACK A20110117610973 F 282200 811900 120 30 999 NONE NONE 350
	FP_ROUTE KC..KA320

TRACK_TIME 1167737286
TRACK A20110117610974 F 422200 710100 120 30 999 NONE NONE 370
	FP_ROUTE KC..KA319

TRACK_TIME 1167737286
TRACK A20110117610975 F 391060 764300 120 30 999 NONE NONE 300
	FP_ROUTE KC..KCRJ2

TRACK_TIME 1167737286
TRACK A20110117610976 F 420100 875560 120 30 999 NONE NONE 380
	FP_ROUTE KC..KE145

TRACK_TIME 1167737286
TRACK A20110117610979 F 403000 801660 120 30 999 NONE NONE 220
	FP_ROUTE KC..KCRJ2

TRACK_TIME 1167737286
TRACK A20110117610983 F 400300 750460 120 30 999 NONE NONE 410
	FP_ROUTE KC..KCRJ2

TRACK_TIME 1167737286
TRACK A20110117610986 F 390900 763900 120 30 999 NONE NONE 250
	FP_ROUTE KC..KA320

TRACK_TIME 1167737286
TRACK A20110117610989 F 264000 795560 120 30 999 NONE NONE 390
	FP_ROUTE KC..KA319

TRACK_TIME 1167737286
TRACK A20110117610991 F 374060 1221200 120 30 999 NONE NONE 380
	FP_ROUTE KC..KCRJ9

TRACK_TIME 1167737286
TRACK A20110117610992 F 473700 1173160 120 30 999 NONE NONE 400
	FP_ROUTE KC..KMD83

TRACK_TIME 1167737286
TRACK A20110117610993 F 453400 1223400 120 30 999 NONE NONE 400
	FP_ROUTE KC..KE145

TRACK_TIME 1167737286
TRACK A20110117610995 F 390460 844000 120 30 999 NONE NONE 240
	FP_ROUTE KC..KCRJ2

TRACK_TIME 1167737286
TRACK A20110117610996 F 351060 805560 120 30 999 NONE NONE 290
	FP_ROUTE KC..KA319

TRACK_TIME 1167737286
TRACK A20110117610998 F 420160 875560 120 30 999 NONE NONE 220
	FP_ROUTE KC..KE190

TRACK_TIME 1167737286
TRACK A20110117611003 F 373600 1221960 120 30 999 NONE NONE 400
	FP_ROUTE KC..KE145

TRACK_TIME 1167737286
TRACK A20110117611006 F 425860 875260 120 30 999 NONE NONE 380
	FP_ROUTE KC..KE145

TRACK_TIME 1167737286
TRACK A20110117611009 F 445260 931500 120 30 999 NONE NONE 350
	FP_ROUTE KC..KA320

TRACK_TIME 1167737286
TRACK A20110117611010 F 395260 1043600 120 30 999 NONE NONE 360
	FP_ROUTE KC..KB737

TRACK_TIME 1167737286
TRACK A20110117611012 F 445400 931360 120 30 999 NONE NONE 360
	FP_ROUTE KC..KB712

TRACK_TIME 1167737286
TRACK A20110117611022 F 325400 970300 120 30 999 NONE NONE 330
	FP_ROUTE KC..KB712

TRACK_TIME 1167737286
TRACK A20110117611026 F 282500 811900 120 30 999 NONE NONE 350
	FP_ROUTE KC..KA320

TRACK_TIME 1167737286
TRACK A20110117611028 F 420100 875560 120 30 999 NONE NONE 370
	FP_ROUTE KC..KB738

TRACK_TIME 1167737286
TRACK A20110117611030 F 264360 795800 120 30 999 NONE NONE 380
	FP_ROUTE KC..KB753

TRACK_TIME 1167737286
TRACK A20110117611031 F 404500 1115800 120 30 999 NONE NONE 430
	FP_ROUTE KC..KE170

TRACK_TIME 1167737286
TRACK A20110117611036 F 341060 1182860 120 30 999 NONE NONE 430
	FP_ROUTE KC..KA320

TRACK_TIME 1167737286
TRACK A20110117611038 F 444800 684800 120 30 999 NONE NONE 270
	FP_ROUTE KC..KE170

TRACK_TIME 1167737286
TRACK A20110117611039 F 302860 814360 120 30 999 NONE NONE 370
	FP_ROUTE KC..KB737

TRACK_TIME 1167737286
TRACK A20110117611046 F 263760 813700 120 30 999 NONE NONE 400
	FP_ROUTE KC..KE170

TRACK_TIME 1167737286
TRACK A20110117611051 F 421360 832200 120 30 999 NONE NONE 350
	FP_ROUTE KC..KB762

TRACK_TIME 1167737286
TRACK A20110117611054 F 404960 740460 120 30 999 NONE NONE 410
	FP_ROUTE KC..KB737

TRACK_TIME 1167737286
TRACK A20110117611057 F 394960 1044060 120 30 999 NONE NONE 330
	FP_ROUTE KC..KB737

TRACK_TIME 1167737286
TRACK A20110117611059 F 421300 831960 120 30 999 NONE NONE 270
	FP_ROUTE KC..KB737

TRACK_TIME 1167737286
TRACK A20110117611060 F 442860 731060 120 30 999 NONE NONE 310
	FP_ROUTE KT..KCRJ1

TRACK_TIME 1167737286
TRACK A20110117611063 F 410760 734500 120 30 999 NONE NONE 410
	FP_ROUTE KC..KCRJ2

TRACK_TIME 1167737286
TRACK A20110117611068 F 280100 823160 120 30 999 NONE NONE 300
	FP_ROUTE KC..KA320

TRACK_TIME 1167737286
TRACK A20110117611069 F 472700 1221900 120 30 999 NONE NONE 220
	FP_ROUTE KC..KB735

TRACK_TIME 1167737286
TRACK A20110117611073 F 335500 1183160 120 30 999 NONE NONE 350
	FP_ROUTE KC..KB712

TRACK_TIME 1167737286
TRACK A20110117611074 F 315100 1061960 120 30 999 NONE NONE 350
	FP_ROUTE KC..KA320

TRACK_TIME 1167737286
TRACK A20110117611077 F 390600 844000 120 30 999 NONE NONE 290
	FP_ROUTE KC..KCRJ9

TRACK_TIME 1167737286
TRACK A20110117611081 F 341360 775800 120 30 999 NONE NONE 250
	FP_ROUTE KC..KB737

TRACK_TIME 1167737286
TRACK A20110117611082 F 333700 843000 120 30 999 NONE NONE 260
	FP_ROUTE KC..KB734

TRACK_TIME 1167737286
TRACK A20110117611083 F 445400 931500 120 30 999 NONE NONE 360
	FP_ROUTE KC..KA320

TRACK_TIME 1167737286
TRACK A20110117611087 F 440000 1030160 120 30 999 NONE NONE 410
	FP_ROUTE KC..KB752

TRACK_TIME 1167737286
TRACK A20110117611089 F 404500 1115800 120 30 999 NONE NONE 400
	FP_ROUTE KC..KE170

TRACK_TIME 1167737286
TRACK A20110117611094 F 205100 1562700 120 30 999 NONE NONE 300
	FP_ROUTE KT..KCRJ1

TRACK_TIME 1167737286
TRACK A20110117611101 F 333700 842800 120 30 999 NONE NONE 270
	FP_ROUTE KC..KE145

TRACK_TIME 1167737286
TRACK A20110117611102 F 384800 770160 120 30 999 NONE NONE 250
	FP_ROUTE KC..KE145

TRACK_TIME 1167737286
TRACK A20110117611107 F 300000 951960 120 30 999 NONE NONE 240
	FP_ROUTE KC..KB752

TRACK_TIME 1167737286
TRACK A20110117611110 F 282800 811960 120 30 999 NONE NONE 390
	FP_ROUTE KC..KB712

TRACK_TIME 1167737286
TRACK A20110117611117 F 335700 1182500 120 30 999 NONE NONE 330
	FP_ROUTE KC..KB738

TRACK_TIME 1167737286
TRACK A20110117611119 F 350400 895860 120 30 999 NONE NONE 370
	FP_ROUTE KC..KMD83

TRACK_TIME 1167737286
TRACK A20110117611123 F 614600 1505700 120 30 999 NONE NONE 190
	FP_ROUTE KC..KMD83

TRACK_TIME 1167737286
TRACK A20110117611130 F 293300 983000 120 30 999 NONE NONE 280
	FP_ROUTE KT..KC560

TRACK_TIME 1167737286
TRACK A20110117611135 F 415860 875200 120 30 999 NONE NONE 350
	FP_ROUTE KC..KB737

TRACK_TIME 1167737286
TRACK A20110117611136 F 395200 751360 120 30 999 NONE NONE 290
	FP_ROUTE KC..KE145

TRACK_TIME 1167737286
TRACK A20110117611137 F 300000 951800 120 30 999 NONE NONE 380
	FP_ROUTE KC..KB752

TRACK_TIME 1167737286
TRACK A20110117611146 F 295860 901500 120 30 999 NONE NONE 250
	FP_ROUTE KC..KB738

TRACK_TIME 1167737286
TRACK A20110117611151 F 341200 1182500 120 30 999 NONE NONE 200
	FP_ROUTE KC..KB733

TRACK_TIME 1167737286
TRACK A20110117611152 F 384800 770160 120 30 999 NONE NONE 390
	FP_ROUTE KT..KDH8D

TRACK_TIME 1167737286
TRACK A20110117611155 F 430760 774000 120 30 999 NONE NONE 330
	FP_ROUTE KC..KE135

TRACK_TIME 1167737286
TRACK A20110117611158 F 373600 1222100 120 30 999 NONE NONE 360
	FP_ROUTE KC..KA320

TRACK_TIME 1167737286
TRACK A20110117611159 F 324300 1170760 120 30 999 NONE NONE 380
	FP_ROUTE KT..KCRJ2

TRACK_TIME 1167737286
TRACK A20110117611163 F 325560 970300 120 30 999 NONE NONE 330
	FP_ROUTE KC..KE170

TRACK_TIME 1167737286
TRACK A20110117611167 F 400000 825200 120 30 999 NONE NONE 330
	FP_ROUTE KC..KE170

TRACK_TIME 1167737286
TRACK A20110117611179 F 384960 770160 120 30 999 NONE NONE 220
	FP_ROUTE KC..KB738

TRACK_TIME 1167737286
TRACK A20110117611182 F 350300 895800 120 30 999 NONE NONE 330
	FP_ROUTE KC..KB744

TRACK_TIME 1167737286
TRACK A20110117611189 F 425860 875260 120 30 999 NONE NONE 200
	FP_ROUTE KC..KB737

TRACK_TIME 1167737286
TRACK A20110117611191 F 404000 741060 120 30 999 NONE NONE 370
	FP_ROUTE KC..KB735

TRACK_TIME 1167737286
TRACK A20110117611197 F 445400 931360 120 30 999 NONE NONE 320
	FP_ROUTE KC..KB752

TRACK_TIME 1167737286
TRACK A20110117611206 F 373600 1221960 120 30 999 NONE NONE 360
	FP_ROUTE KG..KLJ35

TRACK_TIME 1167737286
TRACK A20110117611210 F 384500 901960 120 30 999 NONE NONE 360
	FP_ROUTE KC..KB738

TRACK_TIME 1167737286
TRACK A20110117611211 F 360000 800460 120 30 999 NONE NONE 310
	FP_ROUTE KC..KE120

TRACK_TIME 1167737286
TRACK A20110117611218 F 395200 751660 120 30 999 NONE NONE 330
	FP_ROUTE KC..KB737

TRACK_TIME 1167737286
TRACK A20110117611220 F 332560 1115700 120 30 999 NONE NONE 360
	FP_ROUTE KC..KE170

TRACK_TIME 1167737286
TRACK A20110117611226 F 280100 823160 120 30 999 NONE NONE 380
	FP_ROUTE KC..KA320

TRACK_TIME 1167737286
TRACK A20110117611230 F 351360 805800 120 30 999 NONE NONE 290
	FP_ROUTE KC..KB733

TRACK_TIME 1167737286
TRACK A20110117611231 F 422100 710000 120 30 999 NONE NONE 210
	FP_ROUTE KC..KB737

TRACK_TIME 1167737286
TRACK A20110117611233 F 415500 724300 120 30 999 NONE NONE 350
	FP_ROUTE KC..KB737

TRACK_TIME 1167737286
TRACK A20110117611234 F 394800 1044000 120 30 999 NONE NONE 400
	FP_ROUTE KC..KB737

TRACK_TIME 1167737286
TRACK A20110117611235 F 335560 1183400 120 30 999 NONE NONE 380
	FP_ROUTE KC..KMD83

TRACK_TIME 1167737286
TRACK A20110117611236 F 264060 813400 120 30 999 NONE NONE 390
	FP_ROUTE KC..KB738

TRACK_TIME 1167737286
TRACK A20110117611240 F 394660 1044000 120 30 999 NONE NONE 380
	FP_ROUTE KT..KCRJ9

TRACK_TIME 1167737286
TRACK A20110117611241 F 371800 800300 120 30 999 NONE NONE 270
	FP_ROUTE KC..KB752

TRACK_TIME 1167737286
TRACK A20110117611242 F 333900 842700 120 30 999 NONE NONE 260
	FP_ROUTE KC..KCRJ2

TRACK_TIME 1167737286
TRACK A20110117611250 F 372800 771660 120 30 999 NONE NONE 310
	FP_ROUTE KC..KE145

TRACK_TIME 1167737286
TRACK A20110117611253 F 335560 1182400 120 30 999 NONE NONE 280
	FP_ROUTE KC..KB733

TRACK_TIME 1167737286
TRACK A20110117611254 F 420000 875500 120 30 999 NONE NONE 320
	FP_ROUTE KC..KB733

TRACK_TIME 1167737286
TRACK A20110117611256 F 301300 974060 120 30 999 NONE NONE 330
	FP_ROUTE KC..KA319

TRACK_TIME 1167737286
TRACK A20110117611257 F 364300 1193760 120 30 999 NONE NONE 340
	FP_ROUTE KC..KB737

TRACK_TIME 1167737286
TRACK A20110117611259 F 293700 951500 120 30 999 NONE NONE 250
	FP_ROUTE KC..KA319

TRACK_TIME 1167737286
TRACK A20110117611266 F 325260 970300 120 30 999 NONE NONE 370
	FP_ROUTE KC..KA319

TRACK_TIME 1167737286
TRACK A20110117611267 F 300000 901900 120 30 999 NONE NONE 310
	FP_ROUTE KC..KA320

TRACK_TIME 1167737286
TRACK A20110117611269 F 260300 800760 120 30 999 NONE NONE 390
	FP_ROUTE KC..KE170

TRACK_TIME 1167737286
TRACK A20110117611270 F 420100 875560 120 30 999 NONE NONE 380
	FP_ROUTE KC..KMD82

TRACK_TIME 1167737286
TRACK A20110117611273 F 295860 951660 120 30 999 NONE NONE 370
	FP_ROUTE KT..KDH8D

TRACK_TIME 1167737286
TRACK A20110117611274 F 372100 1215500 120 30 999 NONE NONE 390
	FP_ROUTE KC..KA319

TRACK_TIME 1167737286
TRACK A20110117611275 F 332560 1115800 120 30 999 NONE NONE 380
	FP_ROUTE KC..KA320

TRACK_TIME 1167737286
TRACK A20110117611276 F 404000 734660 120 30 999 NONE NONE 270
	FP_ROUTE KC..KE135

TRACK_TIME 1167737286
TRACK A20110117611285 F 360460 1150900 120 30 999 NONE NONE 330
	FP_ROUTE KC..KE135

TRACK_TIME 1167737286
TRACK A20110117611286 F 211900 1575700 120 30 999 NONE NONE 350
	FP_ROUTE KT..KC750

TRACK_TIME 1167737286
TRACK A20110117611287 F 373600 1221960 120 30 999 NONE NONE 360
	FP_ROUTE KC..KB738

TRACK_TIME 1167737286
TRACK A20110117611288 F 403600 734660 120 30 999 NONE NONE 370
	FP_ROUTE KC..KB739

TRACK_TIME 1167737286
TRACK A20110117611290 F 391060 764200 120 30 999 NONE NONE 370
	FP_ROUTE KC..KA319

TRACK_TIME 1167737286
TRACK A20110117611297 F 205200 1562560 120 30 999 NONE NONE 350
	FP_ROUTE KT..KCRJ2

TRACK_TIME 1167737286
TRACK A20110117611303 F 325500 970460 120 30 999 NONE NONE 340
	FP_ROUTE KC..KE145

TRACK_TIME 1167737286
TRACK A20110117611304 F 412560 814900 120 30 999 NONE NONE 390
	FP_ROUTE KC..KMD83

TRACK_TIME 1167737286
TRACK A20110117611312 F 400000 825560 120 30 999 NONE NONE 250
	FP_ROUTE KC..KA320

TRACK_TIME 1167737286
TRACK A20110117611313 F 325500 970300 120 30 999 NONE NONE 330
	FP_ROUTE KC..KA321

TRACK_TIME 1167737286
TRACK A20110117611314 F 324360 1171000 120 30 999 NONE NONE 360
	FP_ROUTE KC..KA319

TRACK_TIME 1167737286
TRACK A20110117611323 F 390460 844000 120 30 999 NONE NONE 330
	FP_ROUTE KC..KA321

TRACK_TIME 1167737286
TRACK A20110117611325 F 404500 1115800 120 30 999 NONE NONE 370
	FP_ROUTE KC..KB739

TRACK_TIME 1167737286
TRACK A20110117611327 F 445200 931060 120 30 999 NONE NONE 350
	FP_ROUTE KC..KCRJ2

TRACK_TIME 1167737286
TRACK A20110117611328 F 335560 1182560 120 30 999 NONE NONE 370
	FP_ROUTE KT..KC750

TRACK_TIME 1167737286
TRACK A20110117611335 F 295860 951600 120 30 999 NONE NONE 220
	FP_ROUTE KC..KB739

TRACK_TIME 1167737286
TRACK A20110117611339 F 293300 983100 120 30 999 NONE NONE 220
	FP_ROUTE KC..KB738

TRACK_TIME 1167737286
TRACK A20110117611342 F 412500 814960 120 30 999 NONE NONE 350
	FP_ROUTE KG..KC560

TRACK_TIME 1167737286
TRACK A20110117611348 F 205200 1562560 120 30 999 NONE NONE 390
	FP_ROUTE KC..KE135

TRACK_TIME 1167737286
TRACK A20110117611350 F 394800 1043900 120 30 999 NONE NONE 380
	FP_ROUTE KC..KB735

TRACK_TIME 1167737286
TRACK A20110117611354 F 410160 734060 120 30 999 NONE NONE 350
	FP_ROUTE KC..KB735

TRACK_TIME 1167737286
TRACK A20110117611355 F 403400 751600 120 30 999 NONE NONE 330
	FP_ROUTE KC..KA320

TRACK_TIME 1167737286
TRACK A20110117611356 F 420160 875700 120 30 999 NONE NONE 360
	FP_ROUTE KC..KB738

TRACK_TIME 1167737286
TRACK A20110117611362 F 291000 821360 120 30 999 NONE NONE 410
	FP_ROUTE KT..KDH8D

TRACK_TIME 1167737286
TRACK A20110117611363 F 390900 842260 120 30 999 NONE NONE 380
	FP_ROUTE KC..KE145

TRACK_TIME 1167737286
TRACK A20110117611372 F 385860 772800 120 30 999 NONE NONE 210
	FP_ROUTE KC..KB737

TRACK_TIME 1167737286
TRACK A20110117611388 F 404500 735400 120 30 999 NONE NONE 370
	FP_ROUTE KC..KCRJ2

TRACK_TIME 1167737286
TRACK A20110117611390 F 333760 842860 120 30 999 NONE NONE 330
	FP_ROUTE KC..KB737

TRACK_TIME 1167737286
TRACK A20110117611406 F 552500 1320000 120 30 999 NONE NONE 320
	FP_ROUTE KC..KB738

TRACK_TIME 1167737286
TRACK A20110117611414 F 420100 875800 120 30 999 NONE NONE 220
	FP_ROUTE KC..KB738

TRACK_TIME 1167737286
TRACK A20110117611421 F 320900 1105860 120 30 999 NONE NONE 340
	FP_ROUTE KT..KCRJ2

TRACK_TIME 1167737286
TRACK A20110117611425 F 335560 1182260 120 30 999 NONE NONE 380
	FP_ROUTE KC..KB752

TRACK_TIME 1167737286
TRACK A20110117611431 F 332560 1120300 120 30 999 NONE NONE 390
	FP_ROUTE KT..KDH8D

TRACK_TIME 1167737286
TRACK A20110117611432 F 430460 774300 120 30 999 NONE NONE 220
	FP_ROUTE KC..KB737

TRACK_TIME 1167737286
TRACK A20110117611438 F 421960 710100 120 30 999 NONE NONE 370
	FP_ROUTE KC..KB737

TRACK_TIME 1167737286
TRACK A20110117611441 F 351360 805700 120 30 999 NONE NONE 370
	FP_ROUTE KC..KB735

TRACK_TIME 1167737286
TRACK A20110117611448 F 400000 825400 120 30 999 NONE NONE 350
	FP_ROUTE KC..KB737

TRACK_TIME 1167737286
TRACK A20110117611449 F 373600 1221900 120 30 999 NONE NONE 360
	FP_ROUTE KC..KB752

TRACK_TIME 1167737286
TRACK A20110117611451 F 333760 842800 120 30 999 NONE NONE 330
	FP_ROUTE KC..KB752

TRACK_TIME 1167737286
TRACK A20110117611453 F 365200 761360 120 30 999 NONE NONE 210
	FP_ROUTE KC..KB712

TRACK_TIME 1167737286
TRACK A20110117611457 F 421300 833300 120 30 999 NONE NONE 390
	FP_ROUTE KC..KE170

TRACK_TIME 1167737286
TRACK A20110117611462 F 333900 843000 120 30 999 NONE NONE 220
	FP_ROUTE KC..KB737

TRACK_TIME 1167737286
TRACK A20110117611464 F 335560 1182700 120 30 999 NONE NONE 300
	FP_ROUTE KC..KB737

TRACK_TIME 1167737286
TRACK A20110117611467 F 404000 741060 120 30 999 NONE NONE 350
	FP_ROUTE KC..KB734

TRACK_TIME 1167737286
TRACK A20110117611472 F 332560 1115800 120 30 999 NONE NONE 310
	FP_ROUTE KC..KB744

TRACK_TIME 1167737286
TRACK A20110117611473 F 412100 955700 120 30 999 NONE NONE 320
	FP_ROUTE KC..KB737

TRACK_TIME 1167737286
TRACK A20110117611474 F 320760 895860 120 30 999 NONE NONE 270
	FP_ROUTE KT..KCRJ1

TRACK_TIME 1167737286
TRACK A20110117611475 F 361300 955260 120 30 999 NONE NONE 340
	FP_ROUTE KC..KB737

TRACK_TIME 1167737286
TRACK A20110117611476 F 333760 842800 120 30 999 NONE NONE 350
	FP_ROUTE KC..KB763

TRACK_TIME 1167737286
TRACK A20110117611481 F 391060 764360 120 30 999 NONE NONE 330
	FP_ROUTE KC..KA319

TRACK_TIME 1167737286
TRACK A20110117611484 F 400000 825560 120 30 999 NONE NONE 240
	FP_ROUTE KC..KB752

TRACK_TIME 1167737286
TRACK A20110117611485 F 403900 741200 120 30 999 NONE NONE 230
	FP_ROUTE KC..KE135

TRACK_TIME 1167737286
TRACK A20110117611486 F 295700 900760 120 30 999 NONE NONE 350
	FP_ROUTE KC..KA319

TRACK_TIME 1167737286
TRACK A20110117611487 F 360300 1151060 120 30 999 NONE NONE 240
	FP_ROUTE KC..KB763

TRACK_TIME 1167737286
TRACK A20110117611488 F 394900 1044000 120 30 999 NONE NONE 390
	FP_ROUTE KC..KA319

TRACK_TIME 1167737286
TRACK A20110117611489 F 333760 842800 120 30 999 NONE NONE 330
	FP_ROUTE KT..KCRJ9

TRACK_TIME 1167737286
TRACK A20110117611492 F 333700 842700 120 30 999 NONE NONE 310
	FP_ROUTE KC..KB733

TRACK_TIME 1167737286
TRACK A20110117611493 F 302860 814360 120 30 999 NONE NONE 290
	FP_ROUTE KC..KB733

TRACK_TIME 1167737286
TRACK A20110117611496 F 360400 955100 120 30 999 NONE NONE 390
	FP_ROUTE KT..KE135

TRACK_TIME 1167737286
TRACK A20110117611498 F 371960 1215400 120 30 999 NONE NONE 380
	FP_ROUTE KC..KB737

TRACK_TIME 1167737286
TRACK A20110117611500 F 405400 812700 120 30 999 NONE NONE 350
	FP_ROUTE KC..KB737

TRACK_TIME 1167737286
TRACK A20110117611510 F 421660 795560 120 30 999 NONE NONE 350
	FP_ROUTE KC..KB737

TRACK_TIME 1167737286
TRACK A20110117611515 F 445260 931500 120 30 999 NONE NONE 310
	FP_ROUTE KC..KB735

TRACK_TIME 1167737286
TRACK A20110117611517 F 404600 735400 120 30 999 NONE NONE 350
	FP_ROUTE KC..KB735

TRACK_TIME 1167737286
TRACK A20110117611521 F 325560 970160 120 30 999 NONE NONE 380
	FP_ROUTE KC..KB735

TRACK_TIME 1167737286
TRACK A20110117611525 F 332560 1120400 120 30 999 NONE NONE 330
	FP_ROUTE KT..KCRJ1

TRACK_TIME 1167737286
TRACK A20110117611526 F 422100 710160 120 30 999 NONE NONE 370
	FP_ROUTE KC..KA320

TRACK_TIME 1167737286
TRACK A20110117611527 F 390100 772800 120 30 999 NONE NONE 370
	FP_ROUTE KC..KE145

TRACK_TIME 1167737286
TRACK A20110117611542 F 445260 931500 120 30 999 NONE NONE 350
	FP_ROUTE KC..KB735

TRACK_TIME 1167737286
TRACK A20110117611543 F 403000 801660 120 30 999 NONE NONE 330
	FP_ROUTE KC..KB738

TRACK_TIME 1167737286
TRACK A20110117611544 F 482200 1141300 120 30 999 NONE NONE 320
	FP_ROUTE KC..KA319

TRACK_TIME 1167737286
TRACK A20110117611545 F 404660 1120000 120 30 999 NONE NONE 350
	FP_ROUTE KC..KA319

TRACK_TIME 1167737286
TRACK A20110117611558 F 440100 1030160 120 30 999 NONE NONE 340
	FP_ROUTE KG..KEA50

TRACK_TIME 1167737286
TRACK A20110117611561 F 373600 1221900 120 30 999 NONE NONE 340
	FP_ROUTE KG..KEA50

TRACK_TIME 1167737286
TRACK A20110117611568 F 453460 1223460 120 30 999 NONE NONE 310
	FP_ROUTE KC..KE135

TRACK_TIME 1167737286
TRACK A20110117611572 F 390100 772800 120 30 999 NONE NONE 350
	FP_ROUTE KC..KB738

TRACK_TIME 1167737286
TRACK A20110117611574 F 385100 1044060 120 30 999 NONE NONE 350
	FP_ROUTE KC..KE145

TRACK_TIME 1167737286
TRACK A20110117611583 F 415860 875100 120 30 999 NONE NONE 300
	FP_ROUTE KC..KB733

TRACK_TIME 1167737286
TRACK A20110117611586 F 300000 951800 120 30 999 NONE NONE 400
	FP_ROUTE KC..KB733

TRACK_TIME 1167737286
TRACK A20110117611587 F 332560 1115860 120 30 999 NONE NONE 329
	FP_ROUTE KC..KA320

TRACK_TIME 1167737286
TRACK A20110117611590 F 320760 811300 120 30 999 NONE NONE 370
	FP_ROUTE KC..KA319

TRACK_TIME 1167737286
TRACK A20110117611606 F 394900 1044000 120 30 999 NONE NONE 350
	FP_ROUTE KC..KB738

TRACK_TIME 1167737286
TRACK A20110117611607 F 355200 784900 120 30 999 NONE NONE 350
	FP_ROUTE KC..KB738

TRACK_TIME 1167737286
TRACK A20110117611608 F 394800 1044000 120 30 999 NONE NONE 390
	FP_ROUTE KT..KDH8D

TRACK_TIME 1167737286
TRACK A20110117611613 F 325500 970300 120 30 999 NONE NONE 360
	FP_ROUTE KC..KB737

TRACK_TIME 1167737286
TRACK A20110117611616 F 385860 772800 120 30 999 NONE NONE 350
	FP_ROUTE KC..KB737

TRACK_TIME 1167737286
TRACK A20110117611625 F 300000 901500 120 30 999 NONE NONE 380
	FP_ROUTE KC..KB752

TRACK_TIME 1167737286
TRACK A20110117611636 F 414900 874800 120 30 999 NONE NONE 400
	FP_ROUTE KC..KCRJ9

TRACK_TIME 1167737286
TRACK A20110117611642 F 400000 825560 120 30 999 NONE NONE 280
	FP_ROUTE KC..KCRJ2

TRACK_TIME 1167737286
TRACK A20110117611645 F 295860 951800 120 30 999 NONE NONE 360
	FP_ROUTE KC..KA332

TRACK_TIME 1167737286
TRACK A20110117611653 F 403000 801660 120 30 999 NONE NONE 260
	FP_ROUTE KC..KCRJ2

TRACK_TIME 1167737286
TRACK A20110117611655 F 300000 951800 120 30 999 NONE NONE 360
	FP_ROUTE KC..KB737

TRACK_TIME 1167737286
TRACK A20110117611659 F 390300 1200100 120 30 999 NONE NONE 320
	FP_ROUTE KT..KCRJ2

TRACK_TIME 1167737286
TRACK A20110117611662 F 421300 831960 120 30 999 NONE NONE 350
	FP_ROUTE KC..KE190

TRACK_TIME 1167737286
TRACK A20110117611670 F 421360 832200 120 30 999 NONE NONE 350
	FP_ROUTE KC..KA318

TRACK_TIME 1167737286
TRACK A20110117611671 F 303460 880900 120 30 999 NONE NONE 370
	FP_ROUTE KC..KCRJ2

TRACK_TIME 1167737286
TRACK A20110117611675 F 391360 943400 120 30 999 NONE NONE 200
	FP_ROUTE KC..KCRJ2

TRACK_TIME 1167737286
TRACK A20110117611676 F 415260 915100 120 30 999 NONE NONE 190
	FP_ROUTE KC..KB734

TRACK_TIME 1167737286
TRACK A20110117611678 F 404360 735500 120 30 999 NONE NONE 290
	FP_ROUTE KT..KCRJ2

TRACK_TIME 1167737286
TRACK A20110117611693 F 381060 1221800 120 30 999 NONE NONE 380
	FP_ROUTE KC..KCRJ2

TRACK_TIME 1167737286
TRACK A20110117611702 F 335500 1183300 120 30 999 NONE NONE 360
	FP_ROUTE KC..KCRJ2

TRACK_TIME 1167737286
TRACK A20110117611708 F 425860 875260 120 30 999 NONE NONE 290
	FP_ROUTE KC..KMD83

TRACK_TIME 1167737286
TRACK A20110117611714 F 404060 734600 120 30 999 NONE NONE 330
	FP_ROUTE KC..KB733

TRACK_TIME 1167737286
TRACK A20110117611715 F 404600 1120000 120 30 999 NONE NONE 350
	FP_ROUTE KC..KMD82

TRACK_TIME 1167737286
TRACK A20110117611716 F 335500 1183460 120 30 999 NONE NONE 340
	FP_ROUTE KC..KB737

TRACK_TIME 1167737286
TRACK A20110117611719 F 405800 812560 120 30 999 NONE NONE 290
	FP_ROUTE KC..KB753

TRACK_TIME 1167737286
TRACK A20110117611720 F 464060 1003000 120 30 999 NONE NONE 300
	FP_ROUTE KC..KMD82

TRACK_TIME 1167737286
TRACK A20110117611733 F 211900 1575800 120 30 999 NONE NONE 390
	FP_ROUTE KC..KB737

TRACK_TIME 1167737286
TRACK A20110117611744 F 404900 1120000 120 30 999 NONE NONE 370
	FP_ROUTE KC..KE145

TRACK_TIME 1167737286
TRACK A20110117611745 F 390600 844000 120 30 999 NONE NONE 350
	FP_ROUTE KC..KB753

TRACK_TIME 1167737286
TRACK A20110117611748 F 382800 813700 120 30 999 NONE NONE 220
	FP_ROUTE KC..KMD83

TRACK_TIME 1167737286
TRACK A20110117611750 F 404500 735400 120 30 999 NONE NONE 190
	FP_ROUTE KC..KB752

TRACK_TIME 1167737286
TRACK A20110117611753 F 332560 1115700 120 30 999 NONE NONE 360
	FP_ROUTE KC..KMD82

TRACK_TIME 1167737286
TRACK A20110117611758 F 445700 930460 120 30 999 NONE NONE 191
	FP_ROUTE KC..KB737

TRACK_TIME 1167737286
TRACK A20110117611762 F 332560 1120300 120 30 999 NONE NONE 350
	FP_ROUTE KC..KE170

TRACK_TIME 1167737286
TRACK A20110117611763 F 260460 801200 120 30 999 NONE NONE 410
	FP_ROUTE KT..KDH8D

TRACK_TIME 1167737286
TRACK A20110117611765 F 333900 842860 120 30 999 NONE NONE 270
	FP_ROUTE KT..KDH8D

TRACK_TIME 1167737286
TRACK A20110117611768 F 282400 811900 120 30 999 NONE NONE 330
	FP_ROUTE KC..KA319

TRACK_TIME 1167737286
TRACK A20110117611777 F 394800 1043900 120 30 999 NONE NONE 340
	FP_ROUTE KC..KA320

TRACK_TIME 1167737286
TRACK A20110117611779 F 424660 852800 120 30 999 NONE NONE 340
	FP_ROUTE KT..KDH8D

TRACK_TIME 1167737286
TRACK A20110117611780 F 360300 863900 120 30 999 NONE NONE 450
	FP_ROUTE KT..KE120

TRACK_TIME 1167737286
TRACK A20110117611781 F 293760 951800 120 30 999 NONE NONE 320
	FP_ROUTE KT..KE120

TRACK_TIME 1167737286
TRACK A20110117611793 F 381200 854360 120 30 999 NONE NONE 240
	FP_ROUTE KC..KE135

TRACK_TIME 1167737286
TRACK A20110117611796 F 351060 805700 120 30 999 NONE NONE 350
	FP_ROUTE KT..KCRJ2

TRACK_TIME 1167737286
TRACK A20110117611798 F 374060 1221200 120 30 999 NONE NONE 360
	FP_ROUTE KC..KA319

TRACK_TIME 1167737286
TRACK A20110117611799 F 384900 770160 120 30 999 NONE NONE 350
	FP_ROUTE KC..KB738

TRACK_TIME 1167737286
TRACK A20110117611800 F 332560 1115800 120 30 999 NONE NONE 320
	FP_ROUTE KC..KB752

TRACK_TIME 1167737286
TRACK A20110117611803 F 420100 875500 120 30 999 NONE NONE 380
	FP_ROUTE KC..KA320

TRACK_TIME 1167737286
TRACK A20110117611808 F 390400 843900 120 30 999 NONE NONE 300
	FP_ROUTE KC..KB738

TRACK_TIME 1167737286
TRACK A20110117611809 F 404000 741060 120 30 999 NONE NONE 270
	FP_ROUTE KC..KB733

TRACK_TIME 1167737286
TRACK A20110117611817 F 325560 970300 120 30 999 NONE NONE 330
	FP_ROUTE KC..KE145

TRACK_TIME 1167737286
TRACK A20110117611818 F 391060 764200 120 30 999 NONE NONE 350
	FP_ROUTE KC..KB739

TRACK_TIME 1167737286
TRACK A20110117611819 F 325560 970160 120 30 999 NONE NONE 230
	FP_ROUTE KC..KB733

TRACK_TIME 1167737286
TRACK A20110117611820 F 395100 1044060 120 30 999 NONE NONE 280
	FP_ROUTE KT..KCRJ9

TRACK_TIME 1167737286
TRACK A20110117611827 F 325500 970160 120 30 999 NONE NONE 300
	FP_ROUTE KC..KB734

TRACK_TIME 1167737286
TRACK A20110117611831 F 254600 801600 120 30 999 NONE NONE 400
	FP_ROUTE KC..KB712

TRACK_TIME 1167737286
TRACK A20110117611832 F 391060 764300 120 30 999 NONE NONE 370
	FP_ROUTE KC..KB738

TRACK_TIME 1167737286
TRACK A20110117611833 F 404600 730760 120 30 999 NONE NONE 230
	FP_ROUTE KC..KE145

TRACK_TIME 1167737286
TRACK A20110117611841 F 332860 900460 120 30 999 NONE NONE 450
	FP_ROUTE KC..KB733

TRACK_TIME 1167737286
TRACK A20110117611843 F 254800 802100 120 30 999 NONE NONE 320
	FP_ROUTE KT..KE145

TRACK_TIME 1167737286
TRACK A20110117611851 F 391060 764360 120 30 999 NONE NONE 230
	FP_ROUTE KC..KB737

TRACK_TIME 1167737286
TRACK A20110117611852 F 404500 735400 120 30 999 NONE NONE 190
	FP_ROUTE KT..KCRJ9

TRACK_TIME 1167737286
TRACK A20110117611854 F 282860 811660 120 30 999 NONE NONE 360
	FP_ROUTE KT..KCRJ9

TRACK_TIME 1167737286
TRACK A20110117611855 F 335560 1182200 120 30 999 NONE NONE 360
	FP_ROUTE KC..KMD83

TRACK_TIME 1167737286
TRACK A20110117611857 F 282860 811660 120 30 999 NONE NONE 320
	FP_ROUTE KC..KCRJ2

TRACK_TIME 1167737286
TRACK A20110117611859 F 300000 951900 120 30 999 NONE NONE 360
	FP_ROUTE KC..KA319

TRACK_TIME 1167737286
TRACK A20110117611865 F 472700 1221900 120 30 999 NONE NONE 400
	FP_ROUTE KC..KB735

TRACK_TIME 1167737286
TRACK A20110117611866 F 360600 1151000 120 30 999 NONE NONE 390
	FP_ROUTE KC..KA320

TRACK_TIME 1167737286
TRACK A20110117611867 F 340300 1174500 120 30 999 NONE NONE 260
	FP_ROUTE KT..KCRJ9

TRACK_TIME 1167737286
TRACK A20110117611869 F 454300 870900 120 30 999 NONE NONE 200
	FP_ROUTE KC..KB739

TRACK_TIME 1167737286
TRACK A20110117611871 F 430160 713000 120 30 999 NONE NONE 390
	FP_ROUTE KT..KCRJ9

TRACK_TIME 1167737286
TRACK A20110117611878 F 395200 751660 120 30 999 NONE NONE 290
	FP_ROUTE KC..KB738

TRACK_TIME 1167737286
TRACK A20110117611881 F 394960 1044060 120 30 999 NONE NONE 250
	FP_ROUTE KC..KB752

TRACK_TIME 1167737286
TRACK A20110117611883 F 295700 901000 120 30 999 NONE NONE 250
	FP_ROUTE KC..KCRJ2

TRACK_TIME 1167737286
TRACK A20110117611888 F 425860 875260 120 30 999 NONE NONE 350
	FP_ROUTE KT..KCRJ2

TRACK_TIME 1167737286
TRACK A20110117611889 F 282260 811660 120 30 999 NONE NONE 360
	FP_ROUTE KC..KCRJ2

TRACK_TIME 1167737286
TRACK A20110117611890 F 361900 941960 120 30 999 NONE NONE 290
	FP_ROUTE KC..KA319

TRACK_TIME 1167737286
TRACK A20110117611892 F 445260 931300 120 30 999 NONE NONE 200
	FP_ROUTE KC..KB737

TRACK_TIME 1167737286
TRACK A20110117611894 F 333900 842700 120 30 999 NONE NONE 380
	FP_ROUTE KC..KA319

TRACK_TIME 1167737286
TRACK A20110117611900 F 181960 645860 120 30 999 NONE NONE 370
	FP_ROUTE KC..KCRJ2

TRACK_TIME 1167737286
TRACK A20110117611912 F 293700 954000 120 30 999 NONE NONE 220
	FP_ROUTE KC..KB737

TRACK_TIME 1167737286
TRACK A20110117611913 F 324060 923460 120 30 999 NONE NONE 230
	FP_ROUTE KC..KCRJ2

TRACK_TIME 1167737286
TRACK A20110117611914 F 300000 951800 120 30 999 NONE NONE 360
	FP_ROUTE KC..KE120

TRACK_TIME 1167737286
TRACK A20110117611922 F 351200 805800 120 30 999 NONE NONE 370
	FP_ROUTE KC..KE145

TRACK_TIME 1167737286
TRACK A20110117611930 F 394060 861960 120 30 999 NONE NONE 340
	FP_ROUTE KC..KA320

TRACK_TIME 1167737286
TRACK A20110117611935 F 360460 1151360 120 30 999 NONE NONE 360
	FP_ROUTE KC..KA320

TRACK_TIME 1167737286
TRACK A20110117611936 F 453400 1223300 120 30 999 NONE NONE 360
	FP_ROUTE KC..KE120

TRACK_TIME 1167737286
TRACK A20110117611937 F 433300 1161000 120 30 999 NONE NONE 350
	FP_ROUTE KC..KCRJ2

TRACK_TIME 1167737286
TRACK A20110117611941 F 360400 1150600 120 30 999 NONE NONE 360
	FP_ROUTE KG..KFA10

TRACK_TIME 1167737286
TRACK A20110117611944 F 390400 844000 120 30 999 NONE NONE 230
	FP_ROUTE KC..KA321

TRACK_TIME 1167737286
TRACK A20110117611945 F 395200 751660 120 30 999 NONE NONE 390
	FP_ROUTE KC..KE170

TRACK_TIME 1167737286
TRACK A20110117611946 F 263700 813900 120 30 999 NONE NONE 380
	FP_ROUTE KC..KE170

TRACK_TIME 1167737286
TRACK A20110117611963 F 303760 910760 120 30 999 NONE NONE 240
	FP_ROUTE KC..KB752

TRACK_TIME 1167737286
TRACK A20110117611964 F 422200 710100 120 30 999 NONE NONE 230
	FP_ROUTE KC..KE170

TRACK_TIME 1167737286
TRACK A20110117611968 F 295860 901660 120 30 999 NONE NONE 340
	FP_ROUTE KC..KA319

TRACK_TIME 1167737286
TRACK A20110117611969 F 325100 965200 120 30 999 NONE NONE 340
	FP_ROUTE KC..KB752

TRACK_TIME 1167737286
TRACK A20110117611970 F 392800 944000 120 30 999 NONE NONE 350
	FP_ROUTE KC..KA319

TRACK_TIME 1167737286
TRACK A20110117611971 F 414800 874600 120 30 999 NONE NONE 290
	FP_ROUTE KC..KB752

TRACK_TIME 1167737286
TRACK A20110117611973 F 392800 1194600 120 30 999 NONE NONE 400
	FP_ROUTE KC..KA319

TRACK_TIME 1167737286
TRACK A20110117611974 F 404900 1120000 120 30 999 NONE NONE 391
	FP_ROUTE KC..KA320

TRACK_TIME 1167737286
TRACK A20110117611975 F 391060 764300 120 30 999 NONE NONE 370
	FP_ROUTE KT..KCRJ9

TRACK_TIME 1167737286
TRACK A20110117611978 F 404000 741060 120 30 999 NONE NONE 370
	FP_ROUTE KC..KA320

TRACK_TIME 1167737286
TRACK A20110117611981 F 342560 1195700 120 30 999 NONE NONE 360
	FP_ROUTE KC..KA319

TRACK_TIME 1167737286
TRACK A20110117611983 F 335500 1183160 120 30 999 NONE NONE 340
	FP_ROUTE KC..KE145

TRACK_TIME 1167737286
TRACK A20110117611988 F 404000 741060 120 30 999 NONE NONE 370
	FP_ROUTE KT..KE145

TRACK_TIME 1167737286
TRACK A20110117611991 F 404600 1115800 120 30 999 NONE NONE 370
	FP_ROUTE KT..KE145

TRACK_TIME 1167737286
TRACK A20110117611999 F 453400 1223400 120 30 999 NONE NONE 360
	FP_ROUTE KC..KB738

TRACK_TIME 1167737286
TRACK A20110117612004 F 395200 751660 120 30 999 NONE NONE 330
	FP_ROUTE KC..KE170

TRACK_TIME 1167737286
TRACK A20110117612007 F 295860 901600 120 30 999 NONE NONE 270
	FP_ROUTE KC..KA319

TRACK_TIME 1167737286
TRACK A20110117612011 F 395200 751660 120 30 999 NONE NONE 370
	FP_ROUTE KC..KCRJ2

TRACK_TIME 1167737286
TRACK A20110117612013 F 270600 801960 120 30 999 NONE NONE 380
	FP_ROUTE KC..KA319

TRACK_TIME 1167737286
TRACK A20110117612016 F 404500 735400 120 30 999 NONE NONE 210
	FP_ROUTE KC..KB733

TRACK_TIME 1167737286
TRACK A20110117612025 F 373600 1221960 120 30 999 NONE NONE 340
	FP_ROUTE KC..KB737

TRACK_TIME 1167737286
TRACK A20110117612032 F 360100 800160 120 30 999 NONE NONE 370
	FP_ROUTE KC..KCRJ2

TRACK_TIME 1167737286
TRACK A20110117612039 F 395260 1043400 120 30 999 NONE NONE 310
	FP_ROUTE KC..KB737

TRACK_TIME 1167737286
TRACK A20110117612041 F 300000 951800 120 30 999 NONE NONE 280
	FP_ROUTE KC..KA320

TRACK_TIME 1167737286
TRACK A20110117612052 F 333900 843000 120 30 999 NONE NONE 400
	FP_ROUTE KC..KB752

TRACK_TIME 1167737286
TRACK A20110117612054 F 350100 895800 120 30 999 NONE NONE 340
	FP_ROUTE KC..KB737

TRACK_TIME 1167737286
TRACK A20110117612057 F 360600 864060 120 30 999 NONE NONE 330
	FP_ROUTE KC..KB737

TRACK_TIME 1167737286
TRACK A20110117612058 F 395200 751660 120 30 999 NONE NONE 350
	FP_ROUTE KC..KB737

TRACK_TIME 1167737286
TRACK A20110117612061 F 282800 811660 120 30 999 NONE NONE 360
	FP_ROUTE KC..KE170

TRACK_TIME 1167737286
TRACK A20110117612063 F 394960 1044060 120 30 999 NONE NONE 350
	FP_ROUTE KC..KA320

TRACK_TIME 1167737286
TRACK A20110117612066 F 325700 970160 120 30 999 NONE NONE 320
	FP_ROUTE KC..KB737

TRACK_TIME 1167737286
TRACK A20110117612071 F 351060 805560 120 30 999 NONE NONE 280
	FP_ROUTE KC..KE170

TRACK_TIME 1167737286
TRACK A20110117612075 F 421360 832100 120 30 999 NONE NONE 300
	FP_ROUTE KC..KE145

TRACK_TIME 1167737286
TRACK A20110117612077 F 402100 795800 120 30 999 NONE NONE 350
	FP_ROUTE KC..KB737

TRACK_TIME 1167737286
TRACK A20110117612082 F 360460 1150760 120 30 999 NONE NONE 320
	FP_ROUTE KC..KB737

TRACK_TIME 1167737286
TRACK A20110117612083 F 333760 842800 120 30 999 NONE NONE 350
	FP_ROUTE KC..KB737

TRACK_TIME 1167737286
TRACK A20110117612090 F 404060 732500 120 30 999 NONE NONE 410
	FP_ROUTE KC..KA319

TRACK_TIME 1167737286
TRACK A20110117612094 F 382400 813100 120 30 999 NONE NONE 270
	FP_ROUTE KT..KCRJ2

TRACK_TIME 1167737286
TRACK A20110117612100 F 333760 843000 120 30 999 NONE NONE 350
	FP_ROUTE KC..KCRJ2

TRACK_TIME 1167737286
TRACK A20110117612101 F 420100 875560 120 30 999 NONE NONE 320
	FP_ROUTE KC..KE135

TRACK_TIME 1167737286
TRACK A20110117612102 F 374060 1221200 120 30 999 NONE NONE 380
	FP_ROUTE KC..KCRJ2

TRACK_TIME 1167737286
TRACK A20110117612103 F 433300 1161060 120 30 999 NONE NONE 370
	FP_ROUTE KC..KCRJ9

TRACK_TIME 1167737286
TRACK A20110117612105 F 453400 1223300 120 30 999 NONE NONE 380
	FP_ROUTE KC..KA319

TRACK_TIME 1167737286
TRACK A20110117612106 F 395260 1043460 120 30 999 NONE NONE 350
	FP_ROUTE KC..KB733

TRACK_TIME 1167737286
TRACK A20110117612109 F 404900 964600 120 30 999 NONE NONE 260
	FP_ROUTE KC..KCRJ2

TRACK_TIME 1167737286
TRACK A20110117612120 F 420000 875700 120 30 999 NONE NONE 330
	FP_ROUTE KC..KA321

TRACK_TIME 1167737286
TRACK A20110117612121 F 373600 1221900 120 30 999 NONE NONE 340
	FP_ROUTE KC..KCRJ2

TRACK_TIME 1167737286
TRACK A20110117612125 F 395260 751500 120 30 999 NONE NONE 180
	FP_ROUTE KT..KDH8D

TRACK_TIME 1167737286
TRACK A20110117612126 F 410160 734060 120 30 999 NONE NONE 390
	FP_ROUTE KC..KCRJ2

TRACK_TIME 1167737286
TRACK A20110117612137 F 335560 1182560 120 30 999 NONE NONE 380
	FP_ROUTE KC..KE170

TRACK_TIME 1167737286
TRACK A20110117612140 F 422560 874960 120 30 999 NONE NONE 400
	FP_ROUTE KC..KB734

TRACK_TIME 1167737286
TRACK A20110117612144 F 205200 1562560 120 30 999 NONE NONE 370
	FP_ROUTE KC..KA320

TRACK_TIME 1167737286
TRACK A20110117612152 F 300160 901360 120 30 999 NONE NONE 340
	FP_ROUTE KC..KA319

TRACK_TIME 1167737286
TRACK A20110117612154 F 335500 1183300 120 30 999 NONE NONE 281
	FP_ROUTE KC..KB733

TRACK_TIME 1167737286
TRACK A20110117612156 F 301300 974060 120 30 999 NONE NONE 300
	FP_ROUTE KC..KB734

TRACK_TIME 1167737286
TRACK A20110117612157 F 325260 970400 120 30 999 NONE NONE 330
	FP_ROUTE KC..KB737

TRACK_TIME 1167737286
TRACK A20110117612161 F 404600 1115800 120 30 999 NONE NONE 310
	FP_ROUTE KC..KCRJ2

TRACK_TIME 1167737286
TRACK A20110117612162 F 465400 964900 120 30 999 NONE NONE 360
	FP_ROUTE KC..KE145

TRACK_TIME 1167737286
TRACK A20110117612163 F 355200 784900 120 30 999 NONE NONE 370
	FP_ROUTE KC..KB733

TRACK_TIME 1167737286
TRACK A20110117612170 F 404360 734600 120 30 999 NONE NONE 370
	FP_ROUTE KC..KB738

TRACK_TIME 1167737286
TRACK A20110117612173 F 420100 875560 120 30 999 NONE NONE 240
	FP_ROUTE KC..KB752

TRACK_TIME 1167737286
TRACK A20110117612188 F 264060 813460 120 30 999 NONE NONE 300
	FP_ROUTE KC..KB737

TRACK_TIME 1167737286
TRACK A20110117612190 F 331900 844900 120 30 999 NONE NONE 330
	FP_ROUTE KC..KA319

TRACK_TIME 1167737286
TRACK A20110117612192 F 341960 852500 120 30 999 NONE NONE 310
	FP_ROUTE KC..KE170

TRACK_TIME 1167737286
TRACK A20110117612214 F 445200 931060 120 30 999 NONE NONE 220
	FP_ROUTE KC..KB737

TRACK_TIME 1167737286
TRACK A20110117612215 F 414900 874660 120 30 999 NONE NONE 370
	FP_ROUTE KC..KE170

TRACK_TIME 1167737286
TRACK A20110117612217 F 390460 843900 120 30 999 NONE NONE 340
	FP_ROUTE KC..KA320

TRACK_TIME 1167737286
TRACK A20110117612218 F 254800 801800 120 30 999 NONE NONE 400
	FP_ROUTE KC..KB737

TRACK_TIME 1167737286
TRACK A20110117612225 F 350600 1013160 120 30 999 NONE NONE 280
	FP_ROUTE KC..KB737

TRACK_TIME 1167737286
TRACK A20110117612226 F 372100 1215400 120 30 999 NONE NONE 360
	FP_ROUTE KC..KB763

TRACK_TIME 1167737286
TRACK A20110117612228 F 325700 970300 120 30 999 NONE NONE 360
	FP_ROUTE KC..KB712

TRACK_TIME 1167737286
TRACK A20110117612229 F 294000 951800 120 30 999 NONE NONE 300
	FP_ROUTE KT..KCRJ1

TRACK_TIME 1167737286
TRACK A20110117612231 F 404000 741060 120 30 999 NONE NONE 350
	FP_ROUTE KT..KCRJ2

TRACK_TIME 1167737286
TRACK A20110117612236 F 325500 970160 120 30 999 NONE NONE 320
	FP_ROUTE KT..KCRJ2

TRACK_TIME 1167737286
TRACK A20110117612237 F 424300 734800 120 30 999 NONE NONE 390
	FP_ROUTE KT..KCRJ1

TRACK_TIME 1167737286
TRACK A20110117612240 F 391060 764360 120 30 999 NONE NONE 280
	FP_ROUTE KC..KB737

TRACK_TIME 1167737286
TRACK A20110117612243 F 361000 863760 120 30 999 NONE NONE 340
	FP_ROUTE KC..KB752

TRACK_TIME 1167737286
TRACK A20110117612250 F 323000 970760 120 30 999 NONE NONE 430
	FP_ROUTE KC..KB752

TRACK_TIME 1167737286
TRACK A20110117612262 F 381060 854360 120 30 999 NONE NONE 330
	FP_ROUTE KG..KBE20

TRACK_TIME 1167737286
TRACK A20110117612263 F 403760 741200 120 30 999 NONE NONE 350
	FP_ROUTE KC..KE190

TRACK_TIME 1167737286
TRACK A20110117612274 F 403700 734200 120 30 999 NONE NONE 350
	FP_ROUTE KC..KA319

TRACK_TIME 1167737286
TRACK A20110117612278 F 403000 801660 120 30 999 NONE NONE 330
	FP_ROUTE KC..KB737

TRACK_TIME 1167737286
TRACK A20110117612279 F 425860 875260 120 30 999 NONE NONE 310
	FP_ROUTE KC..KMD83

TRACK_TIME 1167737286
TRACK A20110117612280 F 282800 811660 120 30 999 NONE NONE 400
	FP_ROUTE KC..KA321

TRACK_TIME 1167737286
TRACK A20110117612281 F 461900 1164900 120 30 999 NONE NONE 320
	FP_ROUTE KC..KE135

TRACK_TIME 1167737286
TRACK A20110117612283 F 442800 730900 120 30 999 NONE NONE 290
	FP_ROUTE KT..KCRJ2

TRACK_TIME 1167737286
TRACK A20110117612284 F 384900 770160 120 30 999 NONE NONE 310
	FP_ROUTE KC..KB737

TRACK_TIME 1167737286
TRACK A20110117612300 F 395500 750400 120 30 999 NONE NONE 310
	FP_ROUTE KC..KMD82

TRACK_TIME 1167737286
TRACK A20110117612308 F 351060 805560 120 30 999 NONE NONE 340
	FP_ROUTE KC..KB734

TRACK_TIME 1167737286
TRACK A20110117612314 F 351060 805560 120 30 999 NONE NONE 290
	FP_ROUTE KC..KCRJ2

TRACK_TIME 1167737286
TRACK A20110117612320 F 322100 862560 120 30 999 NONE NONE 200
	FP_ROUTE KC..KB738

TRACK_TIME 1167737286
TRACK A20110117612325 F 415700 724060 120 30 999 NONE NONE 190
	FP_ROUTE KC..KB737

TRACK_TIME 1167737286
TRACK A20110117612326 F 373700 1222100 120 30 999 NONE NONE 360
	FP_ROUTE KC..KB737

TRACK_TIME 1167737286
TRACK A20110117612327 F 393600 1045100 120 30 999 NONE NONE 380
	FP_ROUTE KC..KB737

TRACK_TIME 1167737286
TRACK A20110117612328 F 373600 1221900 120 30 999 NONE NONE 320
	FP_ROUTE KC..KB752

TRACK_TIME 1167737286
TRACK A20110117612329 F 404900 1120000 120 30 999 NONE NONE 390
	FP_ROUTE KC..KLJ35

TRACK_TIME 1167737286
TRACK A20110117612330 F 391060 764300 120 30 999 NONE NONE 350
	FP_ROUTE KC..KCRJ2

TRACK_TIME 1167737286
TRACK A20110117612340 F 362860 821900 120 30 999 NONE NONE 230
	FP_ROUTE KG..KCL60

TRACK_TIME 1167737286
TRACK A20110117612341 F 333900 843000 120 30 999 NONE NONE 220
	FP_ROUTE KC..KA320

TRACK_TIME 1167737286
TRACK A20110117612342 F 260400 800600 120 30 999 NONE NONE 380
	FP_ROUTE KC..KCRJ2

TRACK_TIME 1167737286
TRACK A20110117612347 F 403900 741200 120 30 999 NONE NONE 350
	FP_ROUTE KC..KCRJ2

TRACK_TIME 1167737286
TRACK A20110117612350 F 325500 970300 120 30 999 NONE NONE 380
	FP_ROUTE KC..KB738

TRACK_TIME 1167737286
TRACK A20110117612353 F 394800 1043900 120 30 999 NONE NONE 360
	FP_ROUTE KC..KCRJ2

TRACK_TIME 1167737286
TRACK A20110117612355 F 404360 735200 120 30 999 NONE NONE 390
	FP_ROUTE KC..KE170

TRACK_TIME 1167737286
TRACK A20110117612357 F 373600 1221900 120 30 999 NONE NONE 330
	FP_ROUTE KC..KB737

TRACK_TIME 1167737286
TRACK A20110117612362 F 325400 970100 120 30 999 NONE NONE 300
	FP_ROUTE KC..KE145

TRACK_TIME 1167737286
TRACK A20110117612364 F 243760 813600 120 30 999 NONE NONE 340
	FP_ROUTE KC..KCRJ2

TRACK_TIME 1167737286
TRACK A20110117612376 F 453460 1223460 120 30 999 NONE NONE 340
	FP_ROUTE KC..KB737

TRACK_TIME 1167737286
TRACK A20110117612391 F 384600 902200 120 30 999 NONE NONE 330
	FP_ROUTE KC..KB733

TRACK_TIME 1167737286
TRACK A20110117612392 F 454900 1111200 120 30 999 NONE NONE 340
	FP_ROUTE KC..KDH8A

TRACK_TIME 1167737286
TRACK A20110117612406 F 342800 1195100 120 30 999 NONE NONE 250
	FP_ROUTE KC..KCRJ2

TRACK_TIME 1167737286
TRACK A20110117612407 F 395100 1044060 120 30 999 NONE NONE 330
	FP_ROUTE KC..KCRJ2

TRACK_TIME 1167737286
TRACK A20110117612408 F 404900 740600 120 30 999 NONE NONE 410
	FP_ROUTE KC..KCRJ2

TRACK_TIME 1167737286
TRACK A20110117612409 F 254800 802100 120 30 999 NONE NONE 300
	FP_ROUTE KC..KDH8C

TRACK_TIME 1167737286
TRACK A20110117612414 F 282800 811960 120 30 999 NONE NONE 340
	FP_ROUTE KC..KB737

TRACK_TIME 1167737286
TRACK A20110117612415 F 431600 1242800 120 30 999 NONE NONE 200
	FP_ROUTE KC..KB737

TRACK_TIME 1167737286
TRACK A20110117612418 F 254800 801600 120 30 999 NONE NONE 400
	FP_ROUTE KC..KB738

TRACK_TIME 1167737286
TRACK A20110117612423 F 254800 801360 120 30 999 NONE NONE 410
	FP_ROUTE KC..KB738

TRACK_TIME 1167737286
TRACK A20110117612424 F 361200 1150700 120 30 999 NONE NONE 270
	FP_ROUTE KC..KB737

TRACK_TIME 1167737286
TRACK A20110117612436 F 260300 800760 120 30 999 NONE NONE 340
	FP_ROUTE KC..KB733

TRACK_TIME 1167737286
TRACK A20110117612438 F 395200 751660 120 30 999 NONE NONE 330
	FP_ROUTE KC..KA319

TRACK_TIME 1167737286
TRACK A20110117612439 F 464000 1004300 120 30 999 NONE NONE 320
	FP_ROUTE KC..KE145

TRACK_TIME 1167737286
TRACK A20110117612440 F 450760 931300 120 30 999 NONE NONE 330
	FP_ROUTE KC..KB738

TRACK_TIME 1167737286
TRACK A20110117612442 F 405860 812560 120 30 999 NONE NONE 310
	FP_ROUTE KC..KMD82

TRACK_TIME 1167737286
TRACK A20110117612444 F 333900 842800 120 30 999 NONE NONE 300
	FP_ROUTE KC..KB752

TRACK_TIME 1167737286
TRACK A20110117612445 F 395260 1043700 120 30 999 NONE NONE 380
	FP_ROUTE KC..KA319

TRACK_TIME 1167737286
TRACK A20110117612451 F 332560 1120160 120 30 999 NONE NONE 350
	FP_ROUTE KC..KMD83

TRACK_TIME 1167737286
TRACK A20110117612453 F 351200 805800 120 30 999 NONE NONE 310
	FP_ROUTE KC..KB752

TRACK_TIME 1167737286
TRACK A20110117612456 F 400000 830760 120 30 999 NONE NONE 410
	FP_ROUTE KC..KCRJ2

TRACK_TIME 1167737286
TRACK A20110117612468 F 343000 865100 120 30 999 NONE NONE 300
	FP_ROUTE KC..KA319

TRACK_TIME 1167737286
TRACK A20110117612469 F 411800 955400 120 30 999 NONE NONE 260
	FP_ROUTE KC..KB733

TRACK_TIME 1167737286
TRACK A20110117612470 F 453400 1223300 120 30 999 NONE NONE 400
	FP_ROUTE KC..KE170

TRACK_TIME 1167737286
TRACK A20110117612474 F 373600 1221900 120 30 999 NONE NONE 380
	FP_ROUTE KC..KB752

TRACK_TIME 1167737286
TRACK A20110117612481 F 264060 813460 120 30 999 NONE NONE 390
	FP_ROUTE KC..KB738

TRACK_TIME 1167737286
TRACK A20110117612489 F 395200 751660 120 30 999 NONE NONE 270
	FP_ROUTE KC..KE145

TRACK_TIME 1167737286
TRACK A20110117612492 F 380460 843300 120 30 999 NONE NONE 340
	FP_ROUTE KC..KDH8A

TRACK_TIME 1167737286
TRACK A20110117612494 F 333900 842800 120 30 999 NONE NONE 320
	FP_ROUTE KC..KMD83

TRACK_TIME 1167737286
TRACK A20110117612496 F 360900 864000 120 30 999 NONE NONE 430
	FP_ROUTE KG..KC550

TRACK_TIME 1167737286
TRACK A20110117612498 F 425800 834900 120 30 999 NONE NONE 320
	FP_ROUTE KC..KB763

TRACK_TIME 1167737286
TRACK A20110117612501 F 425200 853400 120 30 999 NONE NONE 340
	FP_ROUTE KG..KC550

TRACK_TIME 1167737286
TRACK A20110117612502 F 333760 842800 120 30 999 NONE NONE 340
	FP_ROUTE KC..KE170

TRACK_TIME 1167737286
TRACK A20110117612503 F 355260 784800 120 30 999 NONE NONE 330
	FP_ROUTE KC..KB737

TRACK_TIME 1167737286
TRACK A20110117612504 F 293700 951500 120 30 999 NONE NONE 250
	FP_ROUTE KC..KE170

TRACK_TIME 1167737286
TRACK A20110117612505 F 300000 901800 120 30 999 NONE NONE 330
	FP_ROUTE KC..KE190

TRACK_TIME 1167737286
TRACK A20110117612510 F 333900 842860 120 30 999 NONE NONE 340
	FP_ROUTE KC..KCRJ2

TRACK_TIME 1167737286
TRACK A20110117612512 F 333700 842860 120 30 999 NONE NONE 320
	FP_ROUTE KC..KCRJ2

TRACK_TIME 1167737286
TRACK A20110117612516 F 332560 1115860 120 30 999 NONE NONE 360
	FP_ROUTE KC..KMD82

TRACK_TIME 1167737286
TRACK A20110117612517 F 421360 832200 120 30 999 NONE NONE 390
	FP_ROUTE KC..KCRJ2

TRACK_TIME 1167737286
TRACK A20110117612522 F 404500 735400 120 30 999 NONE NONE 210
	FP_ROUTE KC..KCRJ2

TRACK_TIME 1167737286
TRACK A20110117612523 F 275700 824200 120 30 999 NONE NONE 370
	FP_ROUTE KG..KF900

TRACK_TIME 1167737286
TRACK A20110117612533 F 282400 811660 120 30 999 NONE NONE 360
	FP_ROUTE KC..KE145

TRACK_TIME 1167737286
TRACK A20110117612534 F 275560 823300 120 30 999 NONE NONE 340
	FP_ROUTE KC..KB734

TRACK_TIME 1167737286
TRACK A20110117612539 F 412500 814960 120 30 999 NONE NONE 300
	FP_ROUTE KC..KB737

TRACK_TIME 1167737286
TRACK A20110117612541 F 334800 1180760 120 30 999 NONE NONE 360
	FP_ROUTE KT..KDH8D

TRACK_TIME 1167737286
TRACK A20110117612546 F 254800 801960 120 30 999 NONE NONE 230
	FP_ROUTE KC..KCRJ2

TRACK_TIME 1167737286
TRACK A20110117612548 F 453400 940600 120 30 999 NONE NONE 430
	FP_ROUTE KC..KE120

TRACK_TIME 1167737286
TRACK A20110117612550 F 355200 784900 120 30 999 NONE NONE 310
	FP_ROUTE KC..KB738

TRACK_TIME 1167737286
TRACK A20110117612559 F 413700 875800 120 30 999 NONE NONE 340
	FP_ROUTE KC..KB772

TRACK_TIME 1167737286
TRACK A20110117612574 F 345100 790000 120 30 999 NONE NONE 270
	FP_ROUTE KC..KB752

TRACK_TIME 1167737286
TRACK A20110117612575 F 333900 843100 120 30 999 NONE NONE 260
	FP_ROUTE KC..KMD82

TRACK_TIME 1167737286
TRACK A20110117612577 F 454500 1110700 120 30 999 NONE NONE 340
	FP_ROUTE KC..KB744

TRACK_TIME 1167737286
TRACK A20110117612591 F 280160 823160 120 30 999 NONE NONE 360
	FP_ROUTE KC..KE135

TRACK_TIME 1167737286
TRACK A20110117612592 F 432200 1263700 120 30 999 NONE NONE 350
	FP_ROUTE KC..KA319

TRACK_TIME 1167737286
TRACK A20110117612593 F 403600 734660 120 30 999 NONE NONE 350
	FP_ROUTE KC..KB737

TRACK_TIME 1167737286
TRACK A20110117612600 F 373760 972560 120 30 999 NONE NONE 320
	FP_ROUTE KC..KB733

TRACK_TIME 1167737286
TRACK A20110117612601 F 420000 875700 120 30 999 NONE NONE 350
	FP_ROUTE KC..KB733

TRACK_TIME 1167737286
TRACK A20110117612608 F 331300 1032260 120 30 999 NONE NONE 360
	FP_ROUTE KC..KB733

TRACK_TIME 1167737286
TRACK A20110117612614 F 332560 1115860 120 30 999 NONE NONE 340
	FP_ROUTE KC..KB733

TRACK_TIME 1167737286
TRACK A20110117612616 F 334000 1015400 120 30 999 NONE NONE 260
	FP_ROUTE KC..KB737

TRACK_TIME 1167737286
TRACK A20110117612617 F 340400 1174600 120 30 999 NONE NONE 470
	FP_ROUTE KC..KCRJ2

TRACK_TIME 1167737286
TRACK A20110117612618 F 334300 1014300 120 30 999 NONE NONE 450
	FP_ROUTE KC..KCRJ9

TRACK_TIME 1167737286
TRACK A20110117612619 F 353000 973300 120 30 999 NONE NONE 290
	FP_ROUTE KC..KA320

TRACK_TIME 1167737286
TRACK A20110117612621 F 404600 734960 120 30 999 NONE NONE 390
	FP_ROUTE KC..KB737

TRACK_TIME 1167737286
TRACK A20110117612622 F 384600 902100 120 30 999 NONE NONE 380
	FP_ROUTE KC..KB737

TRACK_TIME 1167737286
TRACK A20110117612626 F 390600 844000 120 30 999 NONE NONE 290
	FP_ROUTE KC..KE135

TRACK_TIME 1167737286
TRACK A20110117612627 F 261360 820000 120 30 999 NONE NONE 410
	FP_ROUTE KT..KDH8D

TRACK_TIME 1167737286
TRACK A20110117612637 F 604600 1484960 120 30 999 NONE NONE 360
	FP_ROUTE KC..KMD83

TRACK_TIME 1167737286
TRACK A20110117612643 F 384200 901660 120 30 999 NONE NONE 410
	FP_ROUTE KC..KB752

TRACK_TIME 1167737286
TRACK A20110117612644 F 391060 764300 120 30 999 NONE NONE 351
	FP_ROUTE KC..KE120

TRACK_TIME 1167737286
TRACK A20110117612647 F 335100 841660 120 30 999 NONE NONE 400
	FP_ROUTE KT..KCRJ2

TRACK_TIME 1167737286
TRACK A20110117612648 F 414800 874600 120 30 999 NONE NONE 340
	FP_ROUTE KC..KCRJ2

TRACK_TIME 1167737286
TRACK A20110117612649 F 384500 901960 120 30 999 NONE NONE 360
	FP_ROUTE KC..KB752

TRACK_TIME 1167737286
TRACK A20110117612653 F 294000 951800 120 30 999 NONE NONE 360
	FP_ROUTE KC..KE145

TRACK_TIME 1167737286
TRACK A20110117612658 F 333900 842860 120 30 999 NONE NONE 280
	FP_ROUTE KC..KMD82

TRACK_TIME 1167737286
TRACK A20110117612659 F 415500 724300 120 30 999 NONE NONE 350
	FP_ROUTE KC..KB737

TRACK_TIME 1167737286
TRACK A20110117612660 F 404500 735400 120 30 999 NONE NONE 350
	FP_ROUTE KC..KB737

TRACK_TIME 1167737286
TRACK A20110117612661 F 425800 875400 120 30 999 NONE NONE 320
	FP_ROUTE KC..KB738

TRACK_TIME 1167737286
TRACK A20110117612668 F 391060 764300 120 30 999 NONE NONE 350
	FP_ROUTE KC..KB752

TRACK_TIME 1167737286
TRACK A20110117612679 F 333700 842860 120 30 999 NONE NONE 310
	FP_ROUTE KC..KA320

TRACK_TIME 1167737286
TRACK A20110117612681 F 370600 763400 120 30 999 NONE NONE 290
	FP_ROUTE KC..KA320

TRACK_TIME 1167737286
TRACK A20110117612682 F 445260 931360 120 30 999 NONE NONE 380
	FP_ROUTE KC..KA320

TRACK_TIME 1167737286
TRACK A20110117612683 F 395200 1044060 120 30 999 NONE NONE 400
	FP_ROUTE KC..KB737

TRACK_TIME 1167737286
TRACK A20110117612684 F 373460 1221660 120 30 999 NONE NONE 360
	FP_ROUTE KC..KE145

TRACK_TIME 1167737286
TRACK A20110117612691 F 354660 840160 120 30 999 NONE NONE 210
	FP_ROUTE KT..KCRJ9

TRACK_TIME 1167737286
TRACK A20110117612696 F 325560 970160 120 30 999 NONE NONE 340
	FP_ROUTE KC..KB738

TRACK_TIME 1167737286
TRACK A20110117612699 F 424500 831300 120 30 999 NONE NONE 290
	FP_ROUTE KC..KB753

TRACK_TIME 1167737286
TRACK A20110117612701 F 325500 970300 120 30 999 NONE NONE 330
	FP_ROUTE KC..KB737

TRACK_TIME 1167737286
TRACK A20110117612702 F 211900 1575800 120 30 999 NONE NONE 360
	FP_ROUTE KC..KA320

TRACK_TIME 1167737286
TRACK A20110117612703 F 384960 770100 120 30 999 NONE NONE 210
	FP_ROUTE KT..KE135

TRACK_TIME 1167737286
TRACK A20110117612706 F 335500 1183600 120 30 999 NONE NONE 380
	FP_ROUTE KC..KMD82

TRACK_TIME 1167737286
TRACK A20110117612707 F 360460 1151200 120 30 999 NONE NONE 300
	FP_ROUTE KC..KB738

TRACK_TIME 1167737286
TRACK A20110117612708 F 384500 1213600 120 30 999 NONE NONE 340
	FP_ROUTE KC..KSF34

TRACK_TIME 1167737286
TRACK A20110117612711 F 374000 972560 120 30 999 NONE NONE 240
	FP_ROUTE KC..KE135

TRACK_TIME 1167737286
TRACK A20110117612712 F 325260 970300 120 30 999 NONE NONE 330
	FP_ROUTE KC..KCL60

TRACK_TIME 1167737286
TRACK A20110117612713 F 351200 805560 120 30 999 NONE NONE 240
	FP_ROUTE KT..KCRJ2

TRACK_TIME 1167737286
TRACK A20110117612718 F 395200 751660 120 30 999 NONE NONE 330
	FP_ROUTE KC..KB737

TRACK_TIME 1167737286
TRACK A20110117612719 F 360400 1150760 120 30 999 NONE NONE 340
	FP_ROUTE KC..KE145

TRACK_TIME 1167737286
TRACK A20110117612727 F 391600 944300 120 30 999 NONE NONE 370
	FP_ROUTE KC..KB734

TRACK_TIME 1167737286
TRACK A20110117612731 F 412500 814960 120 30 999 NONE NONE 200
	FP_ROUTE KC..KCRJ2

TRACK_TIME 1167737286
TRACK A20110117612733 F 420760 891800 120 30 999 NONE NONE 310
	FP_ROUTE KC..KE170

TRACK_TIME 1167737286
TRACK A20110117612734 F 371200 931900 120 30 999 NONE NONE 270
	FP_ROUTE KC..KE145

TRACK_TIME 1167737286
TRACK A20110117612736 F 325500 970300 120 30 999 NONE NONE 330
	FP_ROUTE KT..KE145

TRACK_TIME 1167737286
TRACK A20110117612737 F 421360 832100 120 30 999 NONE NONE 330
	FP_ROUTE KC..KMD82

TRACK_TIME 1167737286
TRACK A20110117612743 F 322260 994200 120 30 999 NONE NONE 190
	FP_ROUTE KC..KB734

TRACK_TIME 1167737286
TRACK A20110117612745 F 353600 1060460 120 30 999 NONE NONE 430
	FP_ROUTE KC..KB734

TRACK_TIME 1167737286
TRACK A20110117612746 F 374300 1221000 120 30 999 NONE NONE 430
	FP_ROUTE KC..KB737

TRACK_TIME 1167737286
TRACK A20110117612747 F 473300 1221900 120 30 999 NONE NONE 400
	FP_ROUTE KC..KMD82

TRACK_TIME 1167737286
TRACK A20110117612748 F 325700 970160 120 30 999 NONE NONE 330
	FP_ROUTE KC..KA320

TRACK_TIME 1167737286
TRACK A20110117612752 F 472800 1221900 120 30 999 NONE NONE 380
	FP_ROUTE KC..KB738

TRACK_TIME 1167737286
TRACK A20110117612761 F 255800 972860 120 30 999 NONE NONE 240
	FP_ROUTE KC..KB738

TRACK_TIME 1167737286
TRACK A20110117612763 F 422100 710100 120 30 999 NONE NONE 370
	FP_ROUTE KC..KB738

TRACK_TIME 1167737286
TRACK A20110117612766 F 283000 811660 120 30 999 NONE NONE 360
	FP_ROUTE KC..KE145

TRACK_TIME 1167737286
TRACK A20110117612768 F 394900 1044000 120 30 999 NONE NONE 400
	FP_ROUTE KC..KE145

TRACK_TIME 1167737286
TRACK A20110117612770 F 335560 1181960 120 30 999 NONE NONE 340
	FP_ROUTE KC..KB735

TRACK_TIME 1167737286
TRACK A20110117612772 F 364200 821200 120 30 999 NONE NONE 230
	FP_ROUTE KC..KB752

TRACK_TIME 1167737286
TRACK A20110117612776 F 324360 1171200 120 30 999 NONE NONE 350
	FP_ROUTE KT..KCRJ9

TRACK_TIME 1167737286
TRACK A20110117612781 F 300000 951800 120 30 999 NONE NONE 360
	FP_ROUTE KC..KB735

TRACK_TIME 1167737286
TRACK A20110117612784 F 385860 772800 120 30 999 NONE NONE 270
	FP_ROUTE KC..KB735

TRACK_TIME 1167737286
TRACK A20110117612785 F 360400 1145860 120 30 999 NONE NONE 330
	FP_ROUTE KC..KCRJ2

TRACK_TIME 1167737286
TRACK A20110117612786 F 403700 734600 120 30 999 NONE NONE 220
	FP_ROUTE KC..KMD82

TRACK_TIME 1167737286
TRACK A20110117612787 F 335560 1183400 120 30 999 NONE NONE 360
	FP_ROUTE KT..KCRJ2

TRACK_TIME 1167737286
TRACK A20110117612791 F 351360 805800 120 30 999 NONE NONE 390
	FP_ROUTE KC..KMD83

TRACK_TIME 1167737286
TRACK A20110117612792 F 421360 832200 120 30 999 NONE NONE 230
	FP_ROUTE KC..KB752

TRACK_TIME 1167737286
TRACK A20110117612793 F 384600 901960 120 30 999 NONE NONE 340
	FP_ROUTE KG..KC560

TRACK_TIME 1167737286
TRACK A20110117612794 F 263160 813700 120 30 999 NONE NONE 340
	FP_ROUTE KC..KMD83

TRACK_TIME 1167737286
TRACK A20110117612795 F 414800 874600 120 30 999 NONE NONE 340
	FP_ROUTE KC..KE145

TRACK_TIME 1167737286
TRACK A20110117612796 F 324960 800000 120 30 999 NONE NONE 330
	FP_ROUTE KC..KB737

TRACK_TIME 1167737286
TRACK A20110117612797 F 420100 875700 120 30 999 NONE NONE 360
	FP_ROUTE KC..KE135

TRACK_TIME 1167737286
TRACK A20110117612798 F 344500 921200 120 30 999 NONE NONE 270
	FP_ROUTE KC..KB737

TRACK_TIME 1167737286
TRACK A20110117612800 F 445400 931360 120 30 999 NONE NONE 320
	FP_ROUTE KC..KE145

TRACK_TIME 1167737286
TRACK A20110117612801 F 394800 1043900 120 30 999 NONE NONE 360
	FP_ROUTE KC..KMD82

TRACK_TIME 1167737286
TRACK A20110117612804 F 465500 1140460 120 30 999 NONE NONE 300
	FP_ROUTE KC..KE145

TRACK_TIME 1167737286
TRACK A20110117612806 F 394900 1044000 120 30 999 NONE NONE 350
	FP_ROUTE KC..KB738

TRACK_TIME 1167737286
TRACK A20110117612808 F 384960 770160 120 30 999 NONE NONE 390
	FP_ROUTE KC..KA320

TRACK_TIME 1167737286
TRACK A20110117612815 F 333760 843000 120 30 999 NONE NONE 380
	FP_ROUTE KC..KB737

TRACK_TIME 1167737286
TRACK A20110117612817 F 394800 1043900 120 30 999 NONE NONE 380
	FP_ROUTE KC..KB738

TRACK_TIME 1167737286
TRACK A20110117612835 F 360460 955260 120 30 999 NONE NONE 370
	FP_ROUTE KC..KA319

TRACK_TIME 1167737286
TRACK A20110117612836 F 300000 901800 120 30 999 NONE NONE 360
	FP_ROUTE KC..KA319

TRACK_TIME 1167737286
TRACK A20110117612837 F 381060 854360 120 30 999 NONE NONE 350
	FP_ROUTE KC..KB737

TRACK_TIME 1167737286
TRACK A20110117612840 F 324600 1171960 120 30 999 NONE NONE 340
	FP_ROUTE KC..KB737

TRACK_TIME 1167737286
TRACK A20110117612841 F 391060 764200 120 30 999 NONE NONE 350
	FP_ROUTE KC..KCRJ2

TRACK_TIME 1167737286
TRACK A20110117612844 F 314960 1062200 120 30 999 NONE NONE 310
	FP_ROUTE KC..KCRJ9

TRACK_TIME 1167737286
TRACK A20110117612860 F 335560 1182560 120 30 999 NONE NONE 330
	FP_ROUTE KC..KB752

TRACK_TIME 1167737286
TRACK A20110117612866 F 264000 813300 120 30 999 NONE NONE 340
	FP_ROUTE KC..KB737

TRACK_TIME 1167737286
TRACK A20110117612871 F 343000 864660 120 30 999 NONE NONE 370
	FP_ROUTE KC..KA319

TRACK_TIME 1167737286
TRACK A20110117612872 F 425800 784200 120 30 999 NONE NONE 350
	FP_ROUTE KC..KCRJ9

TRACK_TIME 1167737286
TRACK A20110117612874 F 325560 970300 120 30 999 NONE NONE 310
	FP_ROUTE KC..KE190

TRACK_TIME 1167737286
TRACK A20110117612875 F 392500 943460 120 30 999 NONE NONE 330
	FP_ROUTE KT..KE145

TRACK_TIME 1167737286
TRACK A20110117612876 F 335560 1182200 120 30 999 NONE NONE 360
	FP_ROUTE KC..KB752

TRACK_TIME 1167737286
TRACK A20110117612877 F 360600 1151200 120 30 999 NONE NONE 340
	FP_ROUTE KT..KE145

TRACK_TIME 1167737286
TRACK A20110117612881 F 325560 970300 120 30 999 NONE NONE 250
	FP_ROUTE KC..KA320

TRACK_TIME 1167737286
TRACK A20110117612882 F 325560 970160 120 30 999 NONE NONE 360
	FP_ROUTE KC..KA320

TRACK_TIME 1167737286
TRACK A20110117612884 F 254800 801960 120 30 999 NONE NONE 380
	FP_ROUTE KC..KE145

TRACK_TIME 1167737286
TRACK A20110117612896 F 394900 1044000 120 30 999 NONE NONE 390
	FP_ROUTE KC..KB763

TRACK_TIME 1167737286
TRACK A20110117612897 F 394000 862200 120 30 999 NONE NONE 390
	FP_ROUTE KC..KA320

TRACK_TIME 1167737286
TRACK A20110117612915 F 374200 1221200 120 30 999 NONE NONE 360
	FP_ROUTE KC..KE135

TRACK_TIME 1167737286
TRACK A20110117612916 F 400000 825700 120 30 999 NONE NONE 390
	FP_ROUTE KC..KSF34

TRACK_TIME 1167737286
TRACK A20110117612921 F 325560 970100 120 30 999 NONE NONE 340
	FP_ROUTE KC..KB738

TRACK_TIME 1167737286
TRACK A20110117612926 F 415860 875100 120 30 999 NONE NONE 340
	FP_ROUTE KC..KSF34

TRACK_TIME 1167737286
TRACK A20110117612934 F 272260 823160 120 30 999 NONE NONE 340
	FP_ROUTE KC..KE145

TRACK_TIME 1167737286
TRACK A20110117612937 F 403900 741060 120 30 999 NONE NONE 370
	FP_ROUTE KC..KA319

TRACK_TIME 1167737286
TRACK A20110117612938 F 405500 812700 120 30 999 NONE NONE 270
	FP_ROUTE KC..KA319

TRACK_TIME 1167737286
TRACK A20110117612941 F 254800 801960 120 30 999 NONE NONE 370
	FP_ROUTE KT..KCRJ9

TRACK_TIME 1167737286
TRACK A20110117612942 F 333900 842800 120 30 999 NONE NONE 260
	FP_ROUTE KC..KB752

TRACK_TIME 1167737286
TRACK A20110117612958 F 314960 1062100 120 30 999 NONE NONE 340
	FP_ROUTE KC..KCRJ2

TRACK_TIME 1167737286
TRACK A20110117612960 F 413160 834960 120 30 999 NONE NONE 180
	FP_ROUTE KC..KE190

TRACK_TIME 1167737286
TRACK A20110117612961 F 465400 1140400 120 30 999 NONE NONE 340
	FP_ROUTE KC..KCRJ2

TRACK_TIME 1167737286
TRACK A20110117612962 F 472800 1221900 120 30 999 NONE NONE 300
	FP_ROUTE KC..KDH8A

TRACK_TIME 1167737286
TRACK A20110117612971 F 351060 805800 120 30 999 NONE NONE 370
	FP_ROUTE KC..KA320

TRACK_TIME 1167737286
TRACK A20110117612972 F 421960 710100 120 30 999 NONE NONE 290
	FP_ROUTE KC..KCRJ9

TRACK_TIME 1167737286
TRACK A20110117612973 F 395200 751360 120 30 999 NONE NONE 280
	FP_ROUTE KC..KCRJ2

TRACK_TIME 1167737286
TRACK A20110117612974 F 332560 1120160 120 30 999 NONE NONE 360
	FP_ROUTE KC..KCRJ9

TRACK_TIME 1167737286
TRACK A20110117612982 F 415500 881500 120 30 999 NONE NONE 350
	FP_ROUTE KC..KB737

TRACK_TIME 1167737286
TRACK A20110117612984 F 360460 1150900 120 30 999 NONE NONE 260
	FP_ROUTE KC..KB737

TRACK_TIME 1167737286
TRACK A20110117612985 F 433760 701660 120 30 999 NONE NONE 290
	FP_ROUTE KC..KB737

TRACK_TIME 1167737286
TRACK A20110117612992 F 421360 831960 120 30 999 NONE NONE 251
	FP_ROUTE KC..KA319

TRACK_TIME 1167737286
TRACK A20110117612993 F 350760 851000 120 30 999 NONE NONE 261
	FP_ROUTE KC..KA320

TRACK_TIME 1167737286
TRACK A20110117612995 F 325700 970160 120 30 999 NONE NONE 330
	FP_ROUTE KC..KB734

TRACK_TIME 1167737286
TRACK A20110117613001 F 412500 815100 120 30 999 NONE NONE 370
	FP_ROUTE KC..KB763

TRACK_TIME 1167737286
TRACK A20110117613004 F 372100 1215500 120 30 999 NONE NONE 400
	FP_ROUTE KC..KB733

TRACK_TIME 1167737286
TRACK A20110117613005 F 403000 801800 120 30 999 NONE NONE 310
	FP_ROUTE KC..KB733

TRACK_TIME 1167737286
TRACK A20110117613007 F 394360 861500 120 30 999 NONE NONE 350
	FP_ROUTE KC..KB733

TRACK_TIME 1167737286
TRACK A20110117613023 F 421360 832200 120 30 999 NONE NONE 330
	FP_ROUTE KC..KB738

TRACK_TIME 1167737286
TRACK A20110117613038 F 384500 901960 120 30 999 NONE NONE 280
	FP_ROUTE KC..KB738

TRACK_TIME 1167737286
TRACK A20110117613043 F 333900 842860 120 30 999 NONE NONE 380
	FP_ROUTE KT..KCRJ2

TRACK_TIME 1167737286
TRACK A20110117613044 F 325500 970160 120 30 999 NONE NONE 360
	FP_ROUTE KC..KB733

TRACK_TIME 1167737286
TRACK A20110117613045 F 341200 1182400 120 30 999 NONE NONE 340
	FP_ROUTE KC..KMD82

TRACK_TIME 1167737286
TRACK A20110117613048 F 422100 710100 120 30 999 NONE NONE 370
	FP_ROUTE KC..KSF34

TRACK_TIME 1167737286
TRACK A20110117613068 F 442400 880760 120 30 999 NONE NONE 270
	FP_ROUTE KC..KB737

TRACK_TIME 1167737286
TRACK A20110117613072 F 263600 813760 120 30 999 NONE NONE 380
	FP_ROUTE KC..KE190

TRACK_TIME 1167737286
TRACK A20110117613077 F 421300 831960 120 30 999 NONE NONE 380
	FP_ROUTE KC..KMD82

TRACK_TIME 1167737286
TRACK A20110117613079 F 282800 811660 120 30 999 NONE NONE 370
	FP_ROUTE KC..KMD83

TRACK_TIME 1167737286
TRACK A20110117613080 F 320760 811800 120 30 999 NONE NONE 360
	FP_ROUTE KT..KCRJ1

TRACK_TIME 1167737286
TRACK A20110117613093 F 390000 772800 120 30 999 NONE NONE 350
	FP_ROUTE KG..KLJ35

TRACK_TIME 1167737286
TRACK A20110117613098 F 335500 1183100 120 30 999 NONE NONE 370
	FP_ROUTE KC..KCRJ2

TRACK_TIME 1167737286
TRACK A20110117613099 F 292800 982260 120 30 999 NONE NONE 330
	FP_ROUTE KC..KE145

TRACK_TIME 1167737286
TRACK A20110117613104 F 333900 842860 120 30 999 NONE NONE 400
	FP_ROUTE KG..KLJ35

TRACK_TIME 1167737286
TRACK A20110117613105 F 293400 983100 120 30 999 NONE NONE 380
	FP_ROUTE KC..KB744

TRACK_TIME 1167737286
TRACK A20110117613117 F 421960 710100 120 30 999 NONE NONE 370
	FP_ROUTE KC..KB737

TRACK_TIME 1167737286
TRACK A20110117613118 F 302500 911060 120 30 999 NONE NONE 290
	FP_ROUTE KC..KCRJ2

TRACK_TIME 1167737286
TRACK A20110117613121 F 441600 1210900 120 30 999 NONE NONE 300
	FP_ROUTE KC..KMD82

TRACK_TIME 1167737286
TRACK A20110117613123 F 324000 1143600 120 30 999 NONE NONE 210
	FP_ROUTE KG..KCL60

TRACK_TIME 1167737286
TRACK A20110117613132 F 321960 900460 120 30 999 NONE NONE 190
	FP_ROUTE KC..KB737

TRACK_TIME 1167737286
TRACK A20110117613133 F 350300 895800 120 30 999 NONE NONE 220
	FP_ROUTE KC..KCRJ2

TRACK_TIME 1167737286
TRACK A20110117613137 F 412560 814960 120 30 999 NONE NONE 280
	FP_ROUTE KC..KCRJ2

TRACK_TIME 1167737286
TRACK A20110117613142 F 395500 1044200 120 30 999 NONE NONE 380
	FP_ROUTE KC..KA320

TRACK_TIME 1167737286
TRACK A20110117613146 F 472860 1221900 120 30 999 NONE NONE 360
	FP_ROUTE KC..KB737

TRACK_TIME 1167737286
TRACK A20110117613147 F 394060 861900 120 30 999 NONE NONE 410
	FP_ROUTE KC..KCRJ9

TRACK_TIME 1167737286
TRACK A20110117613148 F 350400 895860 120 30 999 NONE NONE 340
	FP_ROUTE KC..KE170

TRACK_TIME 1167737286
TRACK A20110117613149 F 420000 875560 120 30 999 NONE NONE 340
	FP_ROUTE KC..KB753

TRACK_TIME 1167737286
TRACK A20110117613152 F 334800 1180760 120 30 999 NONE NONE 350
	FP_ROUTE KC..KE170

TRACK_TIME 1167737286
TRACK A20110117613154 F 361360 955260 120 30 999 NONE NONE 370
	FP_ROUTE KC..KB737

TRACK_TIME 1167737286
TRACK A20110117613159 F 421360 832200 120 30 999 NONE NONE 330
	FP_ROUTE KC..KB738

TRACK_TIME 1167737286
TRACK A20110117613168 F 302260 841360 120 30 999 NONE NONE 230
	FP_ROUTE KC..KB738

TRACK_TIME 1167737286
TRACK A20110117613169 F 364200 1193760 120 30 999 NONE NONE 320
	FP_ROUTE KC..KB737

TRACK_TIME 1167737286
TRACK A20110117613170 F 405700 812560 120 30 999 NONE NONE 310
	FP_ROUTE KC..KA319

TRACK_TIME 1167737286
TRACK A20110117613173 F 334200 1175100 120 30 999 NONE NONE 350
	FP_ROUTE KC..KB752

TRACK_TIME 1167737286
TRACK A20110117613179 F 373600 1221900 120 30 999 NONE NONE 340
	FP_ROUTE KC..KCRJ2

TRACK_TIME 1167737286
TRACK A20110117613185 F 424300 734800 120 30 999 NONE NONE 270
	FP_ROUTE KC..KCRJ2

TRACK_TIME 1167737286
TRACK A20110117613186 F 385860 772800 120 30 999 NONE NONE 260
	FP_ROUTE KC..KB752

TRACK_TIME 1167737286
TRACK A20110117613187 F 404360 735500 120 30 999 NONE NONE 370
	FP_ROUTE KC..KE135

TRACK_TIME 1167737286
TRACK A20110117613191 F 472700 1221900 120 30 999 NONE NONE 360
	FP_ROUTE KG..KB737

TRACK_TIME 1167737286
TRACK A20110117613200 F 325500 970160 120 30 999 NONE NONE 340
	FP_ROUTE KC..KB737

TRACK_TIME 1167737286
TRACK A20110117613202 F 472800 1221900 120 30 999 NONE NONE 360
	FP_ROUTE KC..KMD82

TRACK_TIME 1167737286
TRACK A20110117613206 F 405100 813160 120 30 999 NONE NONE 260
	FP_ROUTE KC..KA320

TRACK_TIME 1167737286
TRACK A20110117613212 F 335700 1182700 120 30 999 NONE NONE 280
	FP_ROUTE KC..KB737

TRACK_TIME 1167737286
TRACK A20110117613213 F 394960 1044600 120 30 999 NONE NONE 370
	FP_ROUTE KC..KA319

TRACK_TIME 1167737286
TRACK A20110117613214 F 351360 1014200 120 30 999 NONE NONE 350
	FP_ROUTE KC..KA319

TRACK_TIME 1167737286
TRACK A20110117613217 F 243760 815800 120 30 999 NONE NONE 180
	FP_ROUTE KC..KB752

TRACK_TIME 1167737286
TRACK A20110117613218 F 264060 800300 120 30 999 NONE NONE 230
	FP_ROUTE KC..KB733

TRACK_TIME 1167737286
TRACK A20110117613219 F 301660 915500 120 30 999 NONE NONE 320
	FP_ROUTE KC..KB733

TRACK_TIME 1167737286
TRACK A20110117613223 F 273760 802560 120 30 999 NONE NONE 430
	FP_ROUTE KC..KB738

TRACK_TIME 1167737286
TRACK A20110117613226 F 403900 741200 120 30 999 NONE NONE 350
	FP_ROUTE KC..KB733

TRACK_TIME 1167737286
TRACK A20110117613231 F 392800 944060 120 30 999 NONE NONE 350
	FP_ROUTE KC..KA320

TRACK_TIME 1167737286
TRACK A20110117613235 F 404500 735400 120 30 999 NONE NONE 390
	FP_ROUTE KT..KCRJ2

TRACK_TIME 1167737286
TRACK A20110117613236 F 385860 772800 120 30 999 NONE NONE 290
	FP_ROUTE KC..KA320

TRACK_TIME 1167737286
TRACK A20110117613237 F 422200 705800 120 30 999 NONE NONE 270
	FP_ROUTE KC..KF2TH

TRACK_TIME 1167737286
TRACK A20110117613239 F 282860 811900 120 30 999 NONE NONE 280
	FP_ROUTE KC..KB733

TRACK_TIME 1167737286
TRACK A20110117613242 F 325200 965200 120 30 999 NONE NONE 239
	FP_ROUTE KC..KB733

TRACK_TIME 1167737286
TRACK A20110117613246 F 395500 893600 120 30 999 NONE NONE 300
	FP_ROUTE KC..KCRJ9

TRACK_TIME 1167737286
TRACK A20110117613248 F 264060 800760 120 30 999 NONE NONE 380
	FP_ROUTE KC..KCRJ9

TRACK_TIME 1167737286
TRACK A20110117613249 F 424000 832700 120 30 999 NONE NONE 390
	FP_ROUTE KC..KSF34

TRACK_TIME 1167737286
TRACK A20110117613252 F 315700 1021360 120 30 999 NONE NONE 380
	FP_ROUTE KC..KB744

TRACK_TIME 1167737286
TRACK A20110117613254 F 420100 801200 120 30 999 NONE NONE 310
	FP_ROUTE KC..KE120

TRACK_TIME 1167737286
TRACK A20110117613259 F 333900 843000 120 30 999 NONE NONE 360
	FP_ROUTE KT..KCRJ2

TRACK_TIME 1167737286
TRACK A20110117613260 F 351360 805800 120 30 999 NONE NONE 290
	FP_ROUTE KC..KE190

TRACK_TIME 1167737286
TRACK A20110117613265 F 404500 735400 120 30 999 NONE NONE 330
	FP_ROUTE KC..KMD83

TRACK_TIME 1167737286
TRACK A20110117613267 F 264200 801660 120 30 999 NONE NONE 380
	FP_ROUTE KC..KMD83

TRACK_TIME 1167737286
TRACK A20110117613271 F 300000 951800 120 30 999 NONE NONE 360
	FP_ROUTE KC..KCRJ2

TRACK_TIME 1167737286
TRACK A20110117613276 F 403900 741200 120 30 999 NONE NONE 350
	FP_ROUTE KC..KB733

TRACK_TIME 1167737286
TRACK A20110117613277 F 404600 730900 120 30 999 NONE NONE 350
	FP_ROUTE KC..KCRJ2

TRACK_TIME 1167737286
TRACK A20110117613279 F 403900 741200 120 30 999 NONE NONE 370
	FP_ROUTE KC..KB752

TRACK_TIME 1167737286
TRACK A20110117613284 F 403700 734660 120 30 999 NONE NONE 370
	FP_ROUTE KC..KCRJ2

TRACK_TIME 1167737286
TRACK A20110117613285 F 403700 734600 120 30 999 NONE NONE 220
	FP_ROUTE KT..KDH8D

TRACK_TIME 1167737286
TRACK A20110117613293 F 421300 831960 120 30 999 NONE NONE 280
	FP_ROUTE KC..KB733

TRACK_TIME 1167737286
TRACK A20110117613294 F 384500 902200 120 30 999 NONE NONE 330
	FP_ROUTE KC..KB738

TRACK_TIME 1167737286
TRACK A20110117613298 F 331600 1113700 120 30 999 NONE NONE 330
	FP_ROUTE KC..KB737

TRACK_TIME 1167737286
TRACK A20110117613305 F 445260 931360 120 30 999 NONE NONE 410
	FP_ROUTE KC..KB737

TRACK_TIME 1167737286
TRACK A20110117613306 F 420100 875560 120 30 999 NONE NONE 320
	FP_ROUTE KC..KMD83

TRACK_TIME 1167737286
TRACK A20110117613316 F 395500 840760 120 30 999 NONE NONE 370
	FP_ROUTE KC..KMD83

TRACK_TIME 1167737286
TRACK A20110117613318 F 410160 734060 120 30 999 NONE NONE 410
	FP_ROUTE KC..KA319

TRACK_TIME 1167737286
TRACK A20110117613320 F 325560 970300 120 30 999 NONE NONE 350
	FP_ROUTE KC..KLJ35

TRACK_TIME 1167737286
TRACK A20110117613322 F 391060 764360 120 30 999 NONE NONE 370
	FP_ROUTE KC..KA320

TRACK_TIME 1167737286
TRACK A20110117613331 F 391960 944060 120 30 999 NONE NONE 320
	FP_ROUTE KC..KB712

TRACK_TIME 1167737286
TRACK A20110117613332 F 332560 1120300 120 30 999 NONE NONE 370
	FP_ROUTE KC..KA319

TRACK_TIME 1167737286
TRACK A20110117613335 F 415500 724360 120 30 999 NONE NONE 270
	FP_ROUTE KC..KB712

TRACK_TIME 1167737286
TRACK A20110117613336 F 393400 1045100 120 30 999 NONE NONE 350
	FP_ROUTE KC..KB712

TRACK_TIME 1167737286
TRACK A20110117613338 F 335700 1182700 120 30 999 NONE NONE 320
	FP_ROUTE KC..KB712

TRACK_TIME 1167737286
TRACK A20110117613340 F 445100 931000 120 30 999 NONE NONE 370
	FP_ROUTE KC..KB712

TRACK_TIME 1167737286
TRACK A20110117613342 F 333700 842700 120 30 999 NONE NONE 340
	FP_ROUTE KC..KB712

TRACK_TIME 1167737286
TRACK A20110117613343 F 433300 1161000 120 30 999 NONE NONE 330
	FP_ROUTE KC..KE145

TRACK_TIME 1167737286
TRACK A20110117613358 F 325500 970300 120 30 999 NONE NONE 270
	FP_ROUTE KC..KA320

TRACK_TIME 1167737286
TRACK A20110117613360 F 300000 951960 120 30 999 NONE NONE 220
	FP_ROUTE KC..KB712

TRACK_TIME 1167737286
TRACK A20110117613361 F 414800 874600 120 30 999 NONE NONE 220
	FP_ROUTE KC..KCRJ2

TRACK_TIME 1167737286
TRACK A20110117613362 F 384500 901900 120 30 999 NONE NONE 260
	FP_ROUTE KC..KMD82

TRACK_TIME 1167737286
TRACK A20110117613363 F 324960 965200 120 30 999 NONE NONE 340
	FP_ROUTE KC..KA319

TRACK_TIME 1167737286
TRACK A20110117613364 F 293300 983000 120 30 999 NONE NONE 300
	FP_ROUTE KC..KB737

TRACK_TIME 1167737286
TRACK A20110117613366 F 335560 1182260 120 30 999 NONE NONE 360
	FP_ROUTE KC..KB738

TRACK_TIME 1167737286
TRACK A20110117613367 F 390100 772800 120 30 999 NONE NONE 350
	FP_ROUTE KC..KB737

TRACK_TIME 1167737286
TRACK A20110117613369 F 264200 801300 120 30 999 NONE NONE 280
	FP_ROUTE KC..KA320

TRACK_TIME 1167737286
TRACK A20110117613370 F 333600 864200 120 30 999 NONE NONE 200
	FP_ROUTE KC..KB737

TRACK_TIME 1167737286
TRACK A20110117613375 F 332560 1115860 120 30 999 NONE NONE 370
	FP_ROUTE KC..KB733

TRACK_TIME 1167737286
TRACK A20110117613376 F 332560 1115800 120 30 999 NONE NONE 360
	FP_ROUTE KC..KB737

TRACK_TIME 1167737286
TRACK A20110117613377 F 333400 1175700 120 30 999 NONE NONE 300
	FP_ROUTE KC..KA320

TRACK_TIME 1167737286
TRACK A20110117613378 F 374200 1221200 120 30 999 NONE NONE 320
	FP_ROUTE KC..KE190

TRACK_TIME 1167737286
TRACK A20110117613381 F 404500 1115800 120 30 999 NONE NONE 390
	FP_ROUTE KC..KA319

TRACK_TIME 1167737286
TRACK A20110117613385 F 394360 861600 120 30 999 NONE NONE 340
	FP_ROUTE KC..KB737

TRACK_TIME 1167737286
TRACK A20110117613389 F 325500 970300 120 30 999 NONE NONE 370
	FP_ROUTE KC..KA320

TRACK_TIME 1167737286
TRACK A20110117613393 F 393760 740000 120 30 999 NONE NONE 280
	FP_ROUTE KC..KA319

TRACK_TIME 1167737286
TRACK A20110117613394 F 261500 974000 120 30 999 NONE NONE 300
	FP_ROUTE KT..KCRJ2

TRACK_TIME 1167737286
TRACK A20110117613401 F 324600 1171800 120 30 999 NONE NONE 340
	FP_ROUTE KC..KA320

TRACK_TIME 1167737286
TRACK A20110117613403 F 351060 805800 120 30 999 NONE NONE 330
	FP_ROUTE KT..KC750

TRACK_TIME 1167737286
TRACK A20110117613404 F 424360 734800 120 30 999 NONE NONE 290
	FP_ROUTE KC..KB737

TRACK_TIME 1167737286
TRACK A20110117613405 F 335560 1182100 120 30 999 NONE NONE 360
	FP_ROUTE KC..KB752

TRACK_TIME 1167737286
TRACK A20110117613409 F 300000 951800 120 30 999 NONE NONE 320
	FP_ROUTE KC..KE145

TRACK_TIME 1167737286
TRACK A20110117613414 F 335700 1182560 120 30 999 NONE NONE 360
	FP_ROUTE KC..KB738

TRACK_TIME 1167737286
TRACK A20110117613417 F 340900 1182800 120 30 999 NONE NONE 220
	FP_ROUTE KC..KB737

TRACK_TIME 1167737286
TRACK A20110117613418 F 351200 805560 120 30 999 NONE NONE 320
	FP_ROUTE KC..KB738

TRACK_TIME 1167737286
TRACK A20110117613420 F 325500 970160 120 30 999 NONE NONE 340
	FP_ROUTE KC..KA320

TRACK_TIME 1167737286
TRACK A20110117613426 F 421360 832200 120 30 999 NONE NONE 330
	FP_ROUTE KC..KB737

TRACK_TIME 1167737286
TRACK A20110117613430 F 404500 1115800 120 30 999 NONE NONE 370
	FP_ROUTE KC..KB752

TRACK_TIME 1167737286
TRACK A20110117613431 F 403760 734300 120 30 999 NONE NONE 350
	FP_ROUTE KC..KA320

TRACK_TIME 1167737286
TRACK A20110117613433 F 410300 834600 120 30 999 NONE NONE 250
	FP_ROUTE KC..KA320

TRACK_TIME 1167737286
TRACK A20110117613435 F 422200 904200 120 30 999 NONE NONE 241
	FP_ROUTE KC..KA320

TRACK_TIME 1167737286
TRACK A20110117613437 F 433160 1160900 120 30 999 NONE NONE 340
	FP_ROUTE KC..KMD82

TRACK_TIME 1167737286
TRACK A20110117613438 F 360460 1151300 120 30 999 NONE NONE 350
	FP_ROUTE KC..KB752

TRACK_TIME 1167737286
TRACK A20110117613444 F 334900 1153700 120 30 999 NONE NONE 360
	FP_ROUTE KC..KCRJ2

TRACK_TIME 1167737286
TRACK A20110117613445 F 325260 965260 120 30 999 NONE NONE 390
	FP_ROUTE KT..KE135

TRACK_TIME 1167737286
TRACK A20110117613446 F 394900 1044060 120 30 999 NONE NONE 390
	FP_ROUTE KC..KB712

TRACK_TIME 1167737286
TRACK A20110117613447 F 421360 832200 120 30 999 NONE NONE 390
	FP_ROUTE KC..KB737

TRACK_TIME 1167737286
TRACK A20110117613448 F 414800 874660 120 30 999 NONE NONE 220
	FP_ROUTE KC..KA320

TRACK_TIME 1167737286
TRACK A20110117613449 F 335560 1183300 120 30 999 NONE NONE 250
	FP_ROUTE KC..KA320

TRACK_TIME 1167737286
TRACK A20110117613450 F 390100 772800 120 30 999 NONE NONE 370
	FP_ROUTE KC..KB737

TRACK_TIME 1167737286
TRACK A20110117613459 F 335560 1182260 120 30 999 NONE NONE 380
	FP_ROUTE KC..KB752

TRACK_TIME 1167737286
TRACK A20110117613466 F 335560 1182260 120 30 999 NONE NONE 360
	FP_ROUTE KC..KCRJ2

TRACK_TIME 1167737286
TRACK A20110117613474 F 332560 1115700 120 30 999 NONE NONE 370
	FP_ROUTE KC..KCRJ2

TRACK_TIME 1167737286
TRACK A20110117613477 F 421360 832200 120 30 999 NONE NONE 350
	FP_ROUTE KC..KE170

TRACK_TIME 1167737286
TRACK A20110117613478 F 421960 710100 120 30 999 NONE NONE 370
	FP_ROUTE KC..KCRJ2

TRACK_TIME 1167737286
TRACK A20110117613479 F 332560 1115860 120 30 999 NONE NONE 370
	FP_ROUTE KC..KE120

TRACK_TIME 1167737286
TRACK A20110117613480 F 421360 832200 120 30 999 NONE NONE 350
	FP_ROUTE KC..KCRJ2

TRACK_TIME 1167737286
TRACK A20110117613487 F 325500 970160 120 30 999 NONE NONE 340
	FP_ROUTE KC..KA319

TRACK_TIME 1167737286
TRACK A20110117613490 F 420000 875200 120 30 999 NONE NONE 310
	FP_ROUTE KC..KCRJ2

TRACK_TIME 1167737286
TRACK A20110117613503 F 480700 1010160 120 30 999 NONE NONE 330
	FP_ROUTE KC..KA320

TRACK_TIME 1167737286
TRACK A20110117613510 F 395260 1043700 120 30 999 NONE NONE 320
	FP_ROUTE KC..KB733

TRACK_TIME 1167737286
TRACK A20110117613519 F 465200 921960 120 30 999 NONE NONE 300
	FP_ROUTE KC..KB733

TRACK_TIME 1167737286
TRACK A20110117613535 F 605800 1484900 120 30 999 NONE NONE 360
	FP_ROUTE KC..KB752

TRACK_TIME 1167737286
TRACK A20110117613537 F 333760 843100 120 30 999 NONE NONE 350
	FP_ROUTE KC..KB753

TRACK_TIME 1167737286
TRACK A20110117613542 F 360460 1150760 120 30 999 NONE NONE 320
	FP_ROUTE KC..KE145

TRACK_TIME 1167737286
TRACK A20110117613559 F 420000 875700 120 30 999 NONE NONE 350
	FP_ROUTE KC..KA320

TRACK_TIME 1167737286
TRACK A20110117613560 F 394800 1043900 120 30 999 NONE NONE 300
	FP_ROUTE KC..KA320

TRACK_TIME 1167737286
TRACK A20110117613562 F 363000 821600 120 30 999 NONE NONE 230
	FP_ROUTE KT..KCRJ9

TRACK_TIME 1167737286
TRACK A20110117613563 F 333900 842860 120 30 999 NONE NONE 210
	FP_ROUTE KC..KA319

TRACK_TIME 1167737286
TRACK A20110117613568 F 293300 983000 120 30 999 NONE NONE 360
	FP_ROUTE KC..KA319

TRACK_TIME 1167737286
TRACK A20110117613572 F 351960 942500 120 30 999 NONE NONE 220
	FP_ROUTE KT..KCRJ2

TRACK_TIME 1167737286
TRACK A20110117613574 F 372860 771960 120 30 999 NONE NONE 290
	FP_ROUTE KC..KA319

TRACK_TIME 1167737286
TRACK A20110117613578 F 345860 851300 120 30 999 NONE NONE 350
	FP_ROUTE KC..KB738

TRACK_TIME 1167737286
TRACK A20110117613581 F 420000 875100 120 30 999 NONE NONE 360
	FP_ROUTE KC..KA320

TRACK_TIME 1167737286
TRACK A20110117613582 F 333760 842860 120 30 999 NONE NONE 350
	FP_ROUTE KC..KA320

TRACK_TIME 1167737286
TRACK A20110117613592 F 340300 1174500 120 30 999 NONE NONE 340
	FP_ROUTE KT..KCRJ2

TRACK_TIME 1167737286
TRACK A20110117613600 F 254800 801960 120 30 999 NONE NONE 320
	FP_ROUTE KC..KE190

TRACK_TIME 1167737286
TRACK A20110117613601 F 300000 901960 120 30 999 NONE NONE 360
	FP_ROUTE KC..KB735

TRACK_TIME 1167737286
TRACK A20110117613613 F 320760 1105700 120 30 999 NONE NONE 360
	FP_ROUTE KC..KCRJ2

TRACK_TIME 1167737286
TRACK A20110117613617 F 472560 1221900 120 30 999 NONE NONE 380
	FP_ROUTE KC..KA320

TRACK_TIME 1167737286
TRACK A20110117613619 F 433300 1161060 120 30 999 NONE NONE 320
	FP_ROUTE KT..KCRJ2

TRACK_TIME 1167737286
TRACK A20110117613623 F 280160 823160 120 30 999 NONE NONE 350
	FP_ROUTE KC..KB735

TRACK_TIME 1167737286
TRACK A20110117613632 F 395260 1043600 120 30 999 NONE NONE 380
	FP_ROUTE KC..KB735

TRACK_TIME 1167737286
TRACK A20110117613633 F 445260 931500 120 30 999 NONE NONE 340
	FP_ROUTE KC..KB738

TRACK_TIME 1167737286
TRACK A20110117613654 F 415800 874960 120 30 999 NONE NONE 300
	FP_ROUTE KC..KCRJ2

TRACK_TIME 1167737286
TRACK A20110117613657 F 394900 1044000 120 30 999 NONE NONE 380
	FP_ROUTE KC..KCRJ2

TRACK_TIME 1167737286
TRACK A20110117613658 F 373600 1221900 120 30 999 NONE NONE 360
	FP_ROUTE KC..KE120

TRACK_TIME 1167737286
TRACK A20110117613663 F 360460 1150760 120 30 999 NONE NONE 320
	FP_ROUTE KC..KA321

TRACK_TIME 1167737286
TRACK A20110117613680 F 372100 1215400 120 30 999 NONE NONE 320
	FP_ROUTE KC..KB737

TRACK_TIME 1167737286
TRACK A20110117613687 F 414900 874660 120 30 999 NONE NONE 350
	FP_ROUTE KT..KCRJ1

TRACK_TIME 1167737286
TRACK A20110117613688 F 403600 734660 120 30 999 NONE NONE 220
	FP_ROUTE KC..KA319

TRACK_TIME 1167737286
TRACK A20110117613694 F 293300 983000 120 30 999 NONE NONE 280
	FP_ROUTE KC..KB712

TRACK_TIME 1167737286
TRACK A20110117613695 F 335700 1182500 120 30 999 NONE NONE 380
	FP_ROUTE KC..KA321

TRACK_TIME 1167737286
TRACK A20110117613696 F 293700 951900 120 30 999 NONE NONE 360
	FP_ROUTE KC..KCRJ2

TRACK_TIME 1167737286
TRACK A20110117613697 F 384660 1213600 120 30 999 NONE NONE 380
	FP_ROUTE KC..KE145

TRACK_TIME 1167737286
TRACK A20110117613701 F 325500 970300 120 30 999 NONE NONE 360
	FP_ROUTE KC..KB732

TRACK_TIME 1167737286
TRACK A20110117613702 F 325500 970100 120 30 999 NONE NONE 280
	FP_ROUTE KC..KA320

TRACK_TIME 1167737286
TRACK A20110117613704 F 411960 955500 120 30 999 NONE NONE 240
	FP_ROUTE KC..KCRJ2

TRACK_TIME 1167737286
TRACK A20110117613716 F 325560 970160 120 30 999 NONE NONE 280
	FP_ROUTE KC..KE120

TRACK_TIME 1167737286
TRACK A20110117613717 F 390400 773300 120 30 999 NONE NONE 370
	FP_ROUTE KC..KB737

TRACK_TIME 1167737286
TRACK A20110117613719 F 392200 944060 120 30 999 NONE NONE 300
	FP_ROUTE KG..KBE20

TRACK_TIME 1167737286
TRACK A20110117613720 F 295860 951600 120 30 999 NONE NONE 200
	FP_ROUTE KC..KB737

TRACK_TIME 1167737286
TRACK A20110117613723 F 392260 944200 120 30 999 NONE NONE 360
	FP_ROUTE KC..KB752

TRACK_TIME 1167737286
TRACK A20110117613724 F 282860 811960 120 30 999 NONE NONE 370
	FP_ROUTE KC..KA319

TRACK_TIME 1167737286
TRACK A20110117613725 F 302860 814360 120 30 999 NONE NONE 270
	FP_ROUTE KC..KCRJ2

TRACK_TIME 1167737286
TRACK A20110117613727 F 325560 970160 120 30 999 NONE NONE 320
	FP_ROUTE KC..KE145

TRACK_TIME 1167737286
TRACK A20110117613728 F 260160 800700 120 30 999 NONE NONE 370
	FP_ROUTE KC..KA320

TRACK_TIME 1167737286
TRACK A20110117613729 F 360760 864000 120 30 999 NONE NONE 380
	FP_ROUTE KC..KB737

TRACK_TIME 1167737286
TRACK A20110117613734 F 341800 1023000 120 30 999 NONE NONE 240
	FP_ROUTE KT..KE135

TRACK_TIME 1167737286
TRACK A20110117613736 F 425560 784500 120 30 999 NONE NONE 220
	FP_ROUTE KC..KB733

TRACK_TIME 1167737286
TRACK A20110117613741 F 390000 772800 120 30 999 NONE NONE 330
	FP_ROUTE KC..KB733

TRACK_TIME 1167737286
TRACK A20110117613747 F 364060 1193400 120 30 999 NONE NONE 200
	FP_ROUTE KC..KB752

TRACK_TIME 1167737286
TRACK A20110117613748 F 391060 764300 120 30 999 NONE NONE 370
	FP_ROUTE KT..KC750

TRACK_TIME 1167737286
TRACK A20110117613749 F 360700 864000 120 30 999 NONE NONE 360
	FP_ROUTE KC..KB733

TRACK_TIME 1167737286
TRACK A20110117613750 F 293760 951600 120 30 999 NONE NONE 340
	FP_ROUTE KC..KB737

TRACK_TIME 1167737286
TRACK A20110117613764 F 341660 820760 120 30 999 NONE NONE 220
	FP_ROUTE KC..KFA20

TRACK_TIME 1167737286
TRACK A20110117613765 F 264960 820300 120 30 999 NONE NONE 260
	FP_ROUTE KC..KE190

TRACK_TIME 1167737286
TRACK A20110117613772 F 335500 1183300 120 30 999 NONE NONE 340
	FP_ROUTE KC..KA320

TRACK_TIME 1167737286
TRACK A20110117613774 F 404800 1120000 120 30 999 NONE NONE 390
	FP_ROUTE KT..KCRJ2

TRACK_TIME 1167737286
TRACK A20110117613777 F 325400 970000 120 30 999 NONE NONE 360
	FP_ROUTE KC..KA319

TRACK_TIME 1167737286
TRACK A20110117613780 F 395200 751660 120 30 999 NONE NONE 350
	FP_ROUTE KC..KA320

TRACK_TIME 1167737286
TRACK A20110117613782 F 263700 813760 120 30 999 NONE NONE 380
	FP_ROUTE KC..KMD82

TRACK_TIME 1167737286
TRACK A20110117613785 F 385860 772800 120 30 999 NONE NONE 330
	FP_ROUTE KC..KB738

TRACK_TIME 1167737286
TRACK A20110117613789 F 333300 1175260 120 30 999 NONE NONE 380
	FP_ROUTE KC..KMD83

TRACK_TIME 1167737286
TRACK A20110117613791 F 350000 1063900 120 30 999 NONE NONE 260
	FP_ROUTE KC..KA320

TRACK_TIME 1167737286
TRACK A20110117613803 F 295800 951500 120 30 999 NONE NONE 310
	FP_ROUTE KG..KLJ35

TRACK_TIME 1167737286
TRACK A20110117613804 F 261300 974000 120 30 999 NONE NONE 260
	FP_ROUTE KC..KE145

TRACK_TIME 1167737286
TRACK A20110117613805 F 260460 801300 120 30 999 NONE NONE 340
	FP_ROUTE KC..KA320

TRACK_TIME 1167737286
TRACK A20110117613806 F 350400 895800 120 30 999 NONE NONE 320
	FP_ROUTE KC..KCRJ2

TRACK_TIME 1167737286
TRACK A20110117613816 F 391060 764200 120 30 999 NONE NONE 270
	FP_ROUTE KC..KCRJ2

TRACK_TIME 1167737286
TRACK A20110117613820 F 355100 784960 120 30 999 NONE NONE 390
	FP_ROUTE KC..KB752

TRACK_TIME 1167737286
TRACK A20110117613821 F 373400 1221600 120 30 999 NONE NONE 340
	FP_ROUTE KC..KB752

TRACK_TIME 1167737286
TRACK A20110117613822 F 364360 1193760 120 30 999 NONE NONE 220
	FP_ROUTE KC..KB752

TRACK_TIME 1167737286
TRACK A20110117613827 F 390000 772560 120 30 999 NONE NONE 350
	FP_ROUTE KC..KA320

TRACK_TIME 1167737286
TRACK A20110117613845 F 325400 970100 120 30 999 NONE NONE 320
	FP_ROUTE KC..KB734

TRACK_TIME 1167737286
TRACK A20110117613846 F 333900 1163400 120 30 999 NONE NONE 340
	FP_ROUTE KT..KCRJ2

TRACK_TIME 1167737286
TRACK A20110117613848 F 302860 814300 120 30 999 NONE NONE 200
	FP_ROUTE KT..KCRJ2

TRACK_TIME 1167737286
TRACK A20110117613852 F 443160 733460 120 30 999 NONE NONE 250
	FP_ROUTE KC..KA319

TRACK_TIME 1167737286
TRACK A20110117613862 F 373400 1221360 120 30 999 NONE NONE 340
	FP_ROUTE KC..KB712

TRACK_TIME 1167737286
TRACK A20110117613869 F 384960 770160 120 30 999 NONE NONE 330
	FP_ROUTE KC..KB712

TRACK_TIME 1167737286
TRACK A20110117613874 F 364060 1193400 120 30 999 NONE NONE 320
	FP_ROUTE KC..KE190

TRACK_TIME 1167737286
TRACK A20110117613877 F 442800 730760 120 30 999 NONE NONE 350
	FP_ROUTE KC..KE145

TRACK_TIME 1167737286
TRACK A20110117613879 F 273400 992800 120 30 999 NONE NONE 200
	FP_ROUTE KC..KE145

TRACK_TIME 1167737286
TRACK A20110117613882 F 332560 1115860 120 30 999 NONE NONE 360
	FP_ROUTE KC..KMD83

TRACK_TIME 1167737286
TRACK A20110117613889 F 383300 1224960 120 30 999 NONE NONE 250
	FP_ROUTE KC..KB752

TRACK_TIME 1167737286
TRACK A20110117613890 F 395200 751360 120 30 999 NONE NONE 330
	FP_ROUTE KC..KE145

TRACK_TIME 1167737286
TRACK A20110117613891 F 373600 1222100 120 30 999 NONE NONE 340
	FP_ROUTE KC..KA319

TRACK_TIME 1167737286
TRACK A20110117613892 F 182560 660160 120 30 999 NONE NONE 390
	FP_ROUTE KC..KA321

TRACK_TIME 1167737286
TRACK A20110117613912 F 322800 935100 120 30 999 NONE NONE 280
	FP_ROUTE KC..KCRJ2

TRACK_TIME 1167737286
TRACK A20110117613915 F 354800 840100 120 30 999 NONE NONE 320
	FP_ROUTE KC..KB752

TRACK_TIME 1167737286
TRACK A20110117613919 F 433700 1104360 120 30 999 NONE NONE 400
	FP_ROUTE KC..KB752

TRACK_TIME 1167737286
TRACK A20110117613926 F 473000 1221900 120 30 999 NONE NONE 340
	FP_ROUTE KC..KB752

TRACK_TIME 1167737286
TRACK A20110117613938 F 422200 710000 120 30 999 NONE NONE 370
	FP_ROUTE KC..KE190

TRACK_TIME 1167737286
TRACK A20110117613947 F 360400 800100 120 30 999 NONE NONE 320
	FP_ROUTE KC..KB738

TRACK_TIME 1167737286
TRACK A20110117613950 F 302860 814360 120 30 999 NONE NONE 270
	FP_ROUTE KC..KMD82

TRACK_TIME 1167737286
TRACK A20110117613951 F 422200 710000 120 30 999 NONE NONE 330
	FP_ROUTE KC..KCRJ2

TRACK_TIME 1167737286
TRACK A20110117613952 F 384900 770160 120 30 999 NONE NONE 220
	FP_ROUTE KC..KB752

TRACK_TIME 1167737286
TRACK A20110117613953 F 325500 970160 120 30 999 NONE NONE 260
	FP_ROUTE KC..KA320

TRACK_TIME 1167737286
TRACK A20110117613958 F 334660 842800 120 30 999 NONE NONE 380
	FP_ROUTE KC..KCRJ2

TRACK_TIME 1167737286
TRACK A20110117613971 F 282860 811800 120 30 999 NONE NONE 350
	FP_ROUTE KC..KE170

TRACK_TIME 1167737286
TRACK A20110117613974 F 404000 741060 120 30 999 NONE NONE 360
	FP_ROUTE KC..KCRJ2

TRACK_TIME 1167737286
TRACK A20110117613976 F 300000 951660 120 30 999 NONE NONE 380
	FP_ROUTE KC..KE170

TRACK_TIME 1167737286
TRACK A20110117613977 F 342200 1183900 120 30 999 NONE NONE 430
	FP_ROUTE KC..KE190

TRACK_TIME 1167737286
TRACK A20110117613996 F 344500 921200 120 30 999 NONE NONE 430
	FP_ROUTE KC..KB752

TRACK_TIME 1167737286
TRACK A20110117613999 F 332560 1115700 120 30 999 NONE NONE 290
	FP_ROUTE KC..KE170

TRACK_TIME 1167737286
TRACK A20110117614001 F 320760 812500 120 30 999 NONE NONE 310
	FP_ROUTE KC..KCRJ2

TRACK_TIME 1167737286
TRACK A20110117614002 F 384600 902100 120 30 999 NONE NONE 300
	FP_ROUTE KC..KB752

TRACK_TIME 1167737286
TRACK A20110117614003 F 391960 944300 120 30 999 NONE NONE 340
	FP_ROUTE KC..KMD83

TRACK_TIME 1167737286
TRACK A20110117614004 F 324600 1171800 120 30 999 NONE NONE 380
	FP_ROUTE KC..KB737

TRACK_TIME 1167737286
TRACK A20110117614011 F 324600 971660 120 30 999 NONE NONE 270
	FP_ROUTE KC..KMD83

TRACK_TIME 1167737286
TRACK A20110117614019 F 333760 843000 120 30 999 NONE NONE 250
	FP_ROUTE KC..KE170

TRACK_TIME 1167737286
TRACK A20110117614020 F 345200 821360 120 30 999 NONE NONE 192
	FP_ROUTE KC..KCRJ2

TRACK_TIME 1167737286
TRACK A20110117614027 F 333900 842800 120 30 999 NONE NONE 280
	FP_ROUTE KC..KA319

TRACK_TIME 1167737286
TRACK A20110117614031 F 374060 1221060 120 30 999 NONE NONE 380
	FP_ROUTE KC..KA319

TRACK_TIME 1167737286
TRACK A20110117614032 F 360460 1150900 120 30 999 NONE NONE 330
	FP_ROUTE KC..KA319

TRACK_TIME 1167737286
TRACK A20110117614036 F 324600 1171900 120 30 999 NONE NONE 380
	FP_ROUTE KC..KB738

TRACK_TIME 1167737286
TRACK A20110117614044 F 551660 1624060 120 30 999 NONE NONE 200
	FP_ROUTE KC..KB737

TRACK_TIME 1167737286
TRACK A20110117614047 F 410300 734200 120 30 999 NONE NONE 350
	FP_ROUTE KC..KA318

TRACK_TIME 1167737286
TRACK A20110117614048 F 333900 842700 120 30 999 NONE NONE 340
	FP_ROUTE KC..KA319

TRACK_TIME 1167737286
TRACK A20110117614053 F 403700 734660 120 30 999 NONE NONE 270
	FP_ROUTE KC..KA320

TRACK_TIME 1167737286
TRACK A20110117614061 F 384800 770160 120 30 999 NONE NONE 220
	FP_ROUTE KC..KCRJ2

TRACK_TIME 1167737286
TRACK A20110117614066 F 373600 1221900 120 30 999 NONE NONE 360
	FP_ROUTE KC..KB738

TRACK_TIME 1167737286
TRACK A20110117614068 F 301960 885700 120 30 999 NONE NONE 370
	FP_ROUTE KC..KCRJ2

TRACK_TIME 1167737286
TRACK A20110117614070 F 420160 875860 120 30 999 NONE NONE 370
	FP_ROUTE KC..KB753

TRACK_TIME 1167737286
TRACK A20110117614071 F 373600 1221960 120 30 999 NONE NONE 380
	FP_ROUTE KC..KCRJ9

TRACK_TIME 1167737286
TRACK A20110117614072 F 395400 842260 120 30 999 NONE NONE 230
	FP_ROUTE KC..KCRJ2

TRACK_TIME 1167737286
TRACK A20110117614076 F 254800 801600 120 30 999 NONE NONE 360
	FP_ROUTE KC..KCRJ2

TRACK_TIME 1167737286
TRACK A20110117614077 F 324600 1171900 120 30 999 NONE NONE 350
	FP_ROUTE KC..KCRJ2

TRACK_TIME 1167737286
TRACK A20110117614078 F 473760 1173100 120 30 999 NONE NONE 340
	FP_ROUTE KC..KA320

TRACK_TIME 1167737286
TRACK A20110117614079 F 461800 1190100 120 30 999 NONE NONE 190
	FP_ROUTE KC..KE135

TRACK_TIME 1167737286
TRACK A20110117614081 F 402200 783300 120 30 999 NONE NONE 310
	FP_ROUTE KC..KB738

TRACK_TIME 1167737286
TRACK A20110117614086 F 282860 811660 120 30 999 NONE NONE 390
	FP_ROUTE KC..KA319

TRACK_TIME 1167737286
TRACK A20110117614094 F 403760 734500 120 30 999 NONE NONE 310
	FP_ROUTE KC..KA319

TRACK_TIME 1167737286
TRACK A20110117614096 F 300760 973900 120 30 999 NONE NONE 410
	FP_ROUTE KT..KCRJ2

TRACK_TIME 1167737286
TRACK A20110117614097 F 362500 974900 120 30 999 NONE NONE 430
	FP_ROUTE KC..KB752

TRACK_TIME 1167737286
TRACK A20110117614098 F 421360 831960 120 30 999 NONE NONE 350
	FP_ROUTE KC..KMD82

TRACK_TIME 1167737286
TRACK A20110117614102 F 360700 864060 120 30 999 NONE NONE 300
	FP_ROUTE KC..KE120

TRACK_TIME 1167737286
TRACK A20110117614105 F 372100 1215500 120 30 999 NONE NONE 360
	FP_ROUTE KC..KB738

TRACK_TIME 1167737286
TRACK A20110117614106 F 420100 875500 120 30 999 NONE NONE 391
	FP_ROUTE KC..KB737

TRACK_TIME 1167737286
TRACK A20110117614151 F 384960 770160 120 30 999 NONE NONE 390
	FP_ROUTE KC..KB738

TRACK_TIME 1167737286
TRACK A20110117614154 F 590160 1582800 120 30 999 NONE NONE 200
	FP_ROUTE KC..KE145

TRACK_TIME 1167737286
TRACK A20110117614155 F 472700 1221900 120 30 999 NONE NONE 360
	FP_ROUTE KG..KFA50

TRACK_TIME 1167737286
TRACK A20110117614161 F 395400 893700 120 30 999 NONE NONE 249
	FP_ROUTE KC..KB738

TRACK_TIME 1167737286
TRACK A20110117614170 F 384600 902100 120 30 999 NONE NONE 260
	FP_ROUTE KC..KB737

TRACK_TIME 1167737286
TRACK A20110117614171 F 352560 973600 120 30 999 NONE NONE 340
	FP_ROUTE KC..KB738

TRACK_TIME 1167737286
TRACK A20110117614172 F 293700 951500 120 30 999 NONE NONE 350
	FP_ROUTE KC..KB734

TRACK_TIME 1167737286
TRACK A20110117614181 F 392700 1194600 120 30 999 NONE NONE 190
	FP_ROUTE KC..KA320

TRACK_TIME 1167737286
TRACK A20110117614182 F 340160 1174660 120 30 999 NONE NONE 380
	FP_ROUTE KC..KB752

TRACK_TIME 1167737286
TRACK A20110117614183 F 403600 734800 120 30 999 NONE NONE 210
	FP_ROUTE KC..KE170

TRACK_TIME 1167737286
TRACK A20110117614184 F 302800 973600 120 30 999 NONE NONE 340
	FP_ROUTE KC..KDH8C

TRACK_TIME 1167737286
TRACK A20110117614186 F 282260 811660 120 30 999 NONE NONE 300
	FP_ROUTE KT..KDH8D

TRACK_TIME 1167737286
TRACK A20110117614195 F 384360 1213600 120 30 999 NONE NONE 360
	FP_ROUTE KC..KB712

TRACK_TIME 1167737286
TRACK A20110117614196 F 414800 874660 120 30 999 NONE NONE 370
	FP_ROUTE KC..KB712

TRACK_TIME 1167737286
TRACK A20110117614197 F 390000 772800 120 30 999 NONE NONE 390
	FP_ROUTE KT..KDH8D

TRACK_TIME 1167737286
TRACK A20110117614203 F 390000 772800 120 30 999 NONE NONE 350
	FP_ROUTE KC..KA320

TRACK_TIME 1167737286
TRACK A20110117614214 F 403900 741060 120 30 999 NONE NONE 350
	FP_ROUTE KC..KMD83

TRACK_TIME 1167737286
TRACK A20110117614217 F 430900 790000 120 30 999 NONE NONE 270
	FP_ROUTE KC..KB737

TRACK_TIME 1167737286
TRACK A20110117614228 F 394900 1043900 120 30 999 NONE NONE 400
	FP_ROUTE KC..KA319

TRACK_TIME 1167737286
TRACK A20110117614229 F 371960 1215400 120 30 999 NONE NONE 380
	FP_ROUTE KT..KCRJ1

TRACK_TIME 1167737286
TRACK A20110117614232 F 351000 805560 120 30 999 NONE NONE 300
	FP_ROUTE KC..KB752

TRACK_TIME 1167737286
TRACK A20110117614236 F 322260 1171200 120 30 999 NONE NONE 320
	FP_ROUTE KC..KB752

TRACK_TIME 1167737286
TRACK A20110117614238 F 425860 875260 120 30 999 NONE NONE 370
	FP_ROUTE KC..KB737

TRACK_TIME 1167737286
TRACK A20110117614239 F 395200 751660 120 30 999 NONE NONE 200
	FP_ROUTE KC..KB737

TRACK_TIME 1167737286
TRACK A20110117614240 F 332560 1120300 120 30 999 NONE NONE 310
	FP_ROUTE KG..KFA50

TRACK_TIME 1167737286
TRACK A20110117614241 F 421960 710100 120 30 999 NONE NONE 390
	FP_ROUTE KC..KMD82

TRACK_TIME 1167737286
TRACK A20110117614242 F 420000 875560 120 30 999 NONE NONE 370
	FP_ROUTE KC..KB737

TRACK_TIME 1167737286
TRACK A20110117614243 F 325500 970160 120 30 999 NONE NONE 340
	FP_ROUTE KC..KB733

TRACK_TIME 1167737286
TRACK A20110117614252 F 421360 832200 120 30 999 NONE NONE 230
	FP_ROUTE KC..KB752

TRACK_TIME 1167737286
TRACK A20110117614253 F 384600 902200 120 30 999 NONE NONE 330
	FP_ROUTE KC..KMD83

TRACK_TIME 1167737286
TRACK A20110117614255 F 371900 1215200 120 30 999 NONE NONE 320
	FP_ROUTE KC..KMD11

TRACK_TIME 1167737286
TRACK A20110117614256 F 372800 771960 120 30 999 NONE NONE 410
	FP_ROUTE KC..KB737

TRACK_TIME 1167737286
TRACK A20110117614260 F 421300 831960 120 30 999 NONE NONE 300
	FP_ROUTE KC..KB763

TRACK_TIME 1167737286
TRACK A20110117614264 F 420000 875560 120 30 999 NONE NONE 330
	FP_ROUTE KC..KB738

TRACK_TIME 1167737286
TRACK A20110117614267 F 335700 1182500 120 30 999 NONE NONE 360
	FP_ROUTE KT..KCRJ2

TRACK_TIME 1167737286
TRACK A20110117614268 F 473300 1221900 120 30 999 NONE NONE 410
	FP_ROUTE KC..KB738

TRACK_TIME 1167737286
TRACK A20110117614269 F 384960 770100 120 30 999 NONE NONE 220
	FP_ROUTE KC..KB737

TRACK_TIME 1167737286
TRACK A20110117614270 F 394060 753760 120 30 999 NONE NONE 410
	FP_ROUTE KT..KDH8D

TRACK_TIME 1167737286
TRACK A20110117614279 F 362700 822560 120 30 999 NONE NONE 230
	FP_ROUTE KC..KB733

TRACK_TIME 1167737286
TRACK A20110117614302 F 360460 1151360 120 30 999 NONE NONE 360
	FP_ROUTE KG..KC750

TRACK_TIME 1167737286
TRACK A20110117614305 F 280100 823160 120 30 999 NONE NONE 280
	FP_ROUTE KG..KC550

TRACK_TIME 1167737286
TRACK A20110117614307 F 325500 970300 120 30 999 NONE NONE 390
	FP_ROUTE KC..KA319

TRACK_TIME 1167737286
TRACK A20110117614327 F 384900 770160 120 30 999 NONE NONE 330
	FP_ROUTE KG..KC550

TRACK_TIME 1167737286
TRACK A20110117614328 F 360600 864200 120 30 999 NONE NONE 350
	FP_ROUTE KC..KCRJ2

TRACK_TIME 1167737286
TRACK A20110117614330 F 301600 974000 120 30 999 NONE NONE 210
	FP_ROUTE KC..KA320

TRACK_TIME 1167737286
TRACK A20110117614332 F 415260 914200 120 30 999 NONE NONE 220
	FP_ROUTE KC..KB744

TRACK_TIME 1167737286
TRACK A20110117614333 F 404600 735100 120 30 999 NONE NONE 270
	FP_ROUTE KC..KB738

TRACK_TIME 1167737286
TRACK A20110117614334 F 321800 862800 120 30 999 NONE NONE 250
	FP_ROUTE KC..KE190

TRACK_TIME 1167737286
TRACK A20110117614348 F 335560 1183300 120 30 999 NONE NONE 340
	FP_ROUTE KC..KE120

TRACK_TIME 1167737286
TRACK A20110117614349 F 604660 1512700 120 30 999 NONE NONE 250
	FP_ROUTE KC..KA319

TRACK_TIME 1167737286
TRACK A20110117614351 F 360460 1150900 120 30 999 NONE NONE 270
	FP_ROUTE KC..KE120

TRACK_TIME 1167737286
TRACK A20110117614352 F 351200 805800 120 30 999 NONE NONE 380
	FP_ROUTE KC..KB762

TRACK_TIME 1167737286
TRACK A20110117614353 F 400000 825560 120 30 999 NONE NONE 370
	FP_ROUTE KC..KB737

TRACK_TIME 1167737286
TRACK A20110117614360 F 421900 710160 120 30 999 NONE NONE 370
	FP_ROUTE KC..KE145

TRACK_TIME 1167737286
TRACK A20110117614363 F 264000 813300 120 30 999 NONE NONE 380
	FP_ROUTE KC..KA319

TRACK_TIME 1167737286
TRACK A20110117614364 F 293600 951960 120 30 999 NONE NONE 270
	FP_ROUTE KC..KA319

TRACK_TIME 1167737286
TRACK A20110117614365 F 335700 1182560 120 30 999 NONE NONE 380
	FP_ROUTE KC..KB737

TRACK_TIME 1167737286
TRACK A20110117614381 F 404500 735400 120 30 999 NONE NONE 370
	FP_ROUTE KC..KE145

TRACK_TIME 1167737286
TRACK A20110117614385 F 324360 1171060 120 30 999 NONE NONE 410
	FP_ROUTE KC..KCRJ2

TRACK_TIME 1167737286
TRACK A20110117614386 F 395100 1044060 120 30 999 NONE NONE 390
	FP_ROUTE KG..KC550

TRACK_TIME 1167737286
TRACK A20110117614387 F 404000 741060 120 30 999 NONE NONE 370
	FP_ROUTE KG..KC550

TRACK_TIME 1167737286
TRACK A20110117614393 F 373600 1221960 120 30 999 NONE NONE 300
	FP_ROUTE KT..KCRJ2

TRACK_TIME 1167737286
TRACK A20110117614398 F 404800 992260 120 30 999 NONE NONE 192
	FP_ROUTE KC..KB739

TRACK_TIME 1167737286
TRACK A20110117614404 F 333460 864360 120 30 999 NONE NONE 410
	FP_ROUTE KC..KB733

TRACK_TIME 1167737286
TRACK A20110117614416 F 211600 1575860 120 30 999 NONE NONE 360
	FP_ROUTE KC..KB733

TRACK_TIME 1167737286
TRACK A20110117614420 F 350400 895860 120 30 999 NONE NONE 310
	FP_ROUTE KC..KE170

TRACK_TIME 1167737286
TRACK A20110117614423 F 604960 1484500 120 30 999 NONE NONE 320
	FP_ROUTE KC..KCRJ2

TRACK_TIME 1167737286
TRACK A20110117614427 F 384800 770160 120 30 999 NONE NONE 350
	FP_ROUTE KC..KE120

TRACK_TIME 1167737286
TRACK A20110117614431 F 404000 741060 120 30 999 NONE NONE 350
	FP_ROUTE KC..KA319

TRACK_TIME 1167737286
TRACK A20110117614434 F 391060 764360 120 30 999 NONE NONE 390
	FP_ROUTE KC..KB752

TRACK_TIME 1167737286
TRACK A20110117614435 F 425400 784600 120 30 999 NONE NONE 260
	FP_ROUTE KC..KMD82

TRACK_TIME 1167737286
TRACK A20110117614442 F 333700 842800 120 30 999 NONE NONE 330
	FP_ROUTE KC..KB738

TRACK_TIME 1167737286
TRACK A20110117614443 F 380600 872800 120 30 999 NONE NONE 330
	FP_ROUTE KC..KA319

TRACK_TIME 1167737286
TRACK A20110117614446 F 333760 842860 120 30 999 NONE NONE 370
	FP_ROUTE KC..KB763

TRACK_TIME 1167737286
TRACK A20110117614447 F 421360 832200 120 30 999 NONE NONE 370
	FP_ROUTE KC..KE145

TRACK_TIME 1167737286
TRACK A20110117614448 F 453400 1223400 120 30 999 NONE NONE 340
	FP_ROUTE KC..KA319

TRACK_TIME 1167737286
TRACK A20110117614449 F 472800 1221900 120 30 999 NONE NONE 360
	FP_ROUTE KC..KA319

TRACK_TIME 1167737286
TRACK A20110117614450 F 361200 1150460 120 30 999 NONE NONE 330
	FP_ROUTE KC..KB752

TRACK_TIME 1167737286
TRACK A20110117614451 F 361960 890000 120 30 999 NONE NONE 200
	FP_ROUTE KC..KE145

TRACK_TIME 1167737286
TRACK A20110117614452 F 411060 873100 120 30 999 NONE NONE 210
	FP_ROUTE KC..KB752

TRACK_TIME 1167737286
TRACK A20110117614459 F 384900 770160 120 30 999 NONE NONE 310
	FP_ROUTE KT..KE145

TRACK_TIME 1167737286
TRACK A20110117614460 F 351060 805560 120 30 999 NONE NONE 310
	FP_ROUTE KC..KMD83

TRACK_TIME 1167737286
TRACK A20110117614461 F 395200 751660 120 30 999 NONE NONE 370
	FP_ROUTE KC..KB739

TRACK_TIME 1167737286
TRACK A20110117614463 F 370700 763160 120 30 999 NONE NONE 370
	FP_ROUTE KC..KCRJ2

TRACK_TIME 1167737286
TRACK A20110117614465 F 332560 1115860 120 30 999 NONE NONE 350
	FP_ROUTE KC..KCRJ2

TRACK_TIME 1167737286
TRACK A20110117614469 F 334060 1175200 120 30 999 NONE NONE 360
	FP_ROUTE KC..KCRJ2

TRACK_TIME 1167737286
TRACK A20110117614471 F 420000 875260 120 30 999 NONE NONE 380
	FP_ROUTE KC..KE120

TRACK_TIME 1167737286
TRACK A20110117614484 F 374060 1221200 120 30 999 NONE NONE 350
	FP_ROUTE KC..KB737

TRACK_TIME 1167737286
TRACK A20110117614497 F 614600 1485500 120 30 999 NONE NONE 360
	FP_ROUTE KC..KMD83

TRACK_TIME 1167737286
TRACK A20110117614499 F 315100 1062100 120 30 999 NONE NONE 340
	FP_ROUTE KC..KCRJ2

TRACK_TIME 1167737286
TRACK A20110117614509 F 360460 1150760 120 30 999 NONE NONE 320
	FP_ROUTE KC..KCRJ2

TRACK_TIME 1167737286
TRACK A20110117614513 F 360460 1151200 120 30 999 NONE NONE 320
	FP_ROUTE KC..KE135

TRACK_TIME 1167737286
TRACK A20110117614531 F 380460 843300 120 30 999 NONE NONE 240
	FP_ROUTE KC..KCRJ2

TRACK_TIME 1167737286
TRACK A20110117614534 F 390400 843900 120 30 999 NONE NONE 300
	FP_ROUTE KT..KCRJ2

TRACK_TIME 1167737286
TRACK A20110117614552 F 342200 1194200 120 30 999 NONE NONE 270
	FP_ROUTE KC..KMD82

TRACK_TIME 1167737286
TRACK A20110117614559 F 335560 1182100 120 30 999 NONE NONE 360
	FP_ROUTE KC..KCRJ2

TRACK_TIME 1167737286
TRACK A20110117614564 F 333900 842700 120 30 999 NONE NONE 400
	FP_ROUTE KC..KCRJ2

TRACK_TIME 1167737286
TRACK A20110117614565 F 320460 1064300 120 30 999 NONE NONE 380
	FP_ROUTE KC..KMD83

TRACK_TIME 1167737286
TRACK A20110117614566 F 341200 1182400 120 30 999 NONE NONE 400
	FP_ROUTE KC..KA319

TRACK_TIME 1167737286
TRACK A20110117614568 F 373600 1221900 120 30 999 NONE NONE 360
	FP_ROUTE KC..KCRJ2

TRACK_TIME 1167737286
TRACK A20110117614588 F 421900 710160 120 30 999 NONE NONE 370
	FP_ROUTE KC..KCRJ2

TRACK_TIME 1167737286
TRACK A20110117614596 F 361000 863900 120 30 999 NONE NONE 280
	FP_ROUTE KC..KA320

TRACK_TIME 1167737286
TRACK A20110117614599 F 325800 964960 120 30 999 NONE NONE 310
	FP_ROUTE KC..KCRJ2

TRACK_TIME 1167737286
TRACK A20110117614603 F 284660 811800 120 30 999 NONE NONE 310
	FP_ROUTE KC..KA319

TRACK_TIME 1167737286
TRACK A20110117614611 F 372800 771960 120 30 999 NONE NONE 230
	FP_ROUTE KC..KA319

TRACK_TIME 1167737286
TRACK A20110117614613 F 420100 875560 120 30 999 NONE NONE 360
	FP_ROUTE KC..KB733

TRACK_TIME 1167737286
TRACK A20110117614615 F 394060 752800 120 30 999 NONE NONE 210
	FP_ROUTE KC..KA320

TRACK_TIME 1167737286
TRACK A20110117614617 F 354660 840900 120 30 999 NONE NONE 190
	FP_ROUTE KC..KB737

TRACK_TIME 1167737286
TRACK A20110117614631 F 293700 951800 120 30 999 NONE NONE 400
	FP_ROUTE KC..KCRJ2

TRACK_TIME 1167737286
TRACK A20110117614632 F 325500 970300 120 30 999 NONE NONE 310
	FP_ROUTE KC..KB732

TRACK_TIME 1167737286
TRACK A20110117614633 F 352700 973700 120 30 999 NONE NONE 230
	FP_ROUTE KC..KB752

TRACK_TIME 1167737286
TRACK A20110117614637 F 351060 805800 120 30 999 NONE NONE 299
	FP_ROUTE KC..KA320

TRACK_TIME 1167737286
TRACK A20110117614638 F 395200 751660 120 30 999 NONE NONE 370
	FP_ROUTE KC..KB737

TRACK_TIME 1167737286
TRACK A20110117614643 F 373600 1221900 120 30 999 NONE NONE 380
	FP_ROUTE KC..KB738

TRACK_TIME 1167737286
TRACK A20110117614644 F 194600 1560160 120 30 999 NONE NONE 330
	FP_ROUTE KC..KB752

TRACK_TIME 1167737286
TRACK A20110117614647 F 425100 735260 120 30 999 NONE NONE 350
	FP_ROUTE KC..KB738

TRACK_TIME 1167737286
TRACK A20110117614651 F 395200 751660 120 30 999 NONE NONE 270
	FP_ROUTE KC..KCRJ2

TRACK_TIME 1167737286
TRACK A20110117614661 F 404060 734600 120 30 999 NONE NONE 390
	FP_ROUTE KT..KCRJ9

TRACK_TIME 1167737286
TRACK A20110117614664 F 390000 772800 120 30 999 NONE NONE 350
	FP_ROUTE KC..KB738

TRACK_TIME 1167737286
TRACK A20110117614665 F 382560 813160 120 30 999 NONE NONE 270
	FP_ROUTE KC..KA320

TRACK_TIME 1167737286
TRACK A20110117614666 F 333900 843300 120 30 999 NONE NONE 260
	FP_ROUTE KC..KE135

TRACK_TIME 1167737286
TRACK A20110117614670 F 300100 901500 120 30 999 NONE NONE 400
	FP_ROUTE KC..KMD83

TRACK_TIME 1167737286
TRACK A20110117614671 F 360460 1151060 120 30 999 NONE NONE 380
	FP_ROUTE KC..KB738

TRACK_TIME 1167737286
TRACK A20110117614675 F 430700 774000 120 30 999 NONE NONE 220
	FP_ROUTE KG..KBE20

TRACK_TIME 1167737286
TRACK A20110117614676 F 403600 734360 120 30 999 NONE NONE 250
	FP_ROUTE KC..KB738

TRACK_TIME 1167737286
TRACK A20110117614681 F 412560 814900 120 30 999 NONE NONE 300
	FP_ROUTE KC..KB734

TRACK_TIME 1167737286
TRACK A20110117614684 F 333900 842860 120 30 999 NONE NONE 300
	FP_ROUTE KC..KMD83

TRACK_TIME 1167737286
TRACK A20110117614693 F 312100 923460 120 30 999 NONE NONE 280
	FP_ROUTE KC..KCRJ9

TRACK_TIME 1167737286
TRACK A20110117614694 F 333700 843100 120 30 999 NONE NONE 270
	FP_ROUTE KC..KCRJ9

TRACK_TIME 1167737286
TRACK A20110117614696 F 394900 1044000 120 30 999 NONE NONE 360
	FP_ROUTE KC..KE135

TRACK_TIME 1167737286
TRACK A20110117614697 F 403700 734660 120 30 999 NONE NONE 260
	FP_ROUTE KC..KB733

TRACK_TIME 1167737286
TRACK A20110117614698 F 335700 1182560 120 30 999 NONE NONE 360
	FP_ROUTE KC..KB738

TRACK_TIME 1167737286
TRACK A20110117614712 F 421960 710100 120 30 999 NONE NONE 350
	FP_ROUTE KC..KB737

TRACK_TIME 1167737286
TRACK A20110117614714 F 415400 724360 120 30 999 NONE NONE 310
	FP_ROUTE KC..KE135

TRACK_TIME 1167737286
TRACK A20110117614718 F 390100 772800 120 30 999 NONE NONE 390
	FP_ROUTE KC..KCRJ2

TRACK_TIME 1167737286
TRACK A20110117614720 F 325500 970300 120 30 999 NONE NONE 310
	FP_ROUTE KC..KB712

TRACK_TIME 1167737286
TRACK A20110117614729 F 264060 800100 120 30 999 NONE NONE 430
	FP_ROUTE KC..KMD82

TRACK_TIME 1167737286
TRACK A20110117614730 F 360460 1151060 120 30 999 NONE NONE 380
	FP_ROUTE KT..KCRJ2

TRACK_TIME 1167737286
TRACK A20110117614731 F 315100 1061960 120 30 999 NONE NONE 390
	FP_ROUTE KC..KB738

TRACK_TIME 1167737286
TRACK A20110117614732 F 293160 982860 120 30 999 NONE NONE 390
	FP_ROUTE KC..KB738

TRACK_TIME 1167737286
TRACK A20110117614735 F 410300 734060 120 30 999 NONE NONE 370
	FP_ROUTE KC..KE145

TRACK_TIME 1167737286
TRACK A20110117614736 F 420100 875560 120 30 999 NONE NONE 340
	FP_ROUTE KC..KE145

TRACK_TIME 1167737286
TRACK A20110117614741 F 324800 970300 120 30 999 NONE NONE 370
	FP_ROUTE KC..KB737

TRACK_TIME 1167737286
TRACK A20110117614742 F 371360 932400 120 30 999 NONE NONE 320
	FP_ROUTE KC..KB738

TRACK_TIME 1167737286
TRACK A20110117614743 F 360400 1150700 120 30 999 NONE NONE 360
	FP_ROUTE KC..KMD83

TRACK_TIME 1167737286
TRACK A20110117614744 F 422400 710160 120 30 999 NONE NONE 370
	FP_ROUTE KT..KCRJ2

TRACK_TIME 1167737286
TRACK A20110117614747 F 422200 710100 120 30 999 NONE NONE 270
	FP_ROUTE KC..KB752

TRACK_TIME 1167737286
TRACK A20110117614748 F 384900 770160 120 30 999 NONE NONE 360
	FP_ROUTE KC..KB752

TRACK_TIME 1167737286
TRACK A20110117614751 F 394960 1044060 120 30 999 NONE NONE 370
	FP_ROUTE KC..KB752

TRACK_TIME 1167737286
TRACK A20110117614753 F 412560 814900 120 30 999 NONE NONE 340
	FP_ROUTE KC..KCRJ2

TRACK_TIME 1167737286
TRACK A20110117614758 F 431660 891960 120 30 999 NONE NONE 370
	FP_ROUTE KC..KA321

TRACK_TIME 1167737286
TRACK A20110117614761 F 395260 1043460 120 30 999 NONE NONE 370
	FP_ROUTE KC..KB737

TRACK_TIME 1167737286
TRACK A20110117614764 F 385400 772560 120 30 999 NONE NONE 350
	FP_ROUTE KC..KA319

TRACK_TIME 1167737286
TRACK A20110117614766 F 395500 1044060 120 30 999 NONE NONE 370
	FP_ROUTE KT..KCRJ2

TRACK_TIME 1167737286
TRACK A20110117614771 F 394500 861360 120 30 999 NONE NONE 240
	FP_ROUTE KT..KCRJ2

TRACK_TIME 1167737286
TRACK A20110117614773 F 403000 801660 120 30 999 NONE NONE 310
	FP_ROUTE KT..KCRJ2

TRACK_TIME 1167737286
TRACK A20110117614775 F 420100 875560 120 30 999 NONE NONE 320
	FP_ROUTE KT..KE145

TRACK_TIME 1167737286
TRACK A20110117614776 F 381900 1230400 120 30 999 NONE NONE 350
	FP_ROUTE KC..KB737

TRACK_TIME 1167737286
TRACK A20110117614778 F 443000 1064900 120 30 999 NONE NONE 240
	FP_ROUTE KT..KDH8D

TRACK_TIME 1167737286
TRACK A20110117614779 F 474200 1041200 120 30 999 NONE NONE 210
	FP_ROUTE KC..KCRJ2

TRACK_TIME 1167737286
TRACK A20110117614788 F 323160 920000 120 30 999 NONE NONE 200
	FP_ROUTE KC..KDH8D

TRACK_TIME 1167737286
TRACK A20110117614790 F 420100 875560 120 30 999 NONE NONE 220
	FP_ROUTE KC..KB737

TRACK_TIME 1167737286
TRACK A20110117614792 F 420160 875700 120 30 999 NONE NONE 360
	FP_ROUTE KC..KB737

TRACK_TIME 1167737286
TRACK A20110117614798 F 620400 1500900 120 30 999 NONE NONE 310
	FP_ROUTE KT..KCRJ2

TRACK_TIME 1167737286
TRACK A20110117614799 F 385860 772800 120 30 999 NONE NONE 370
	FP_ROUTE KC..KB712

TRACK_TIME 1167737286
TRACK A20110117614816 F 361000 863900 120 30 999 NONE NONE 200
	FP_ROUTE KC..KA321

TRACK_TIME 1167737286
TRACK A20110117614828 F 403700 734660 120 30 999 NONE NONE 370
	FP_ROUTE KC..KB737

TRACK_TIME 1167737286
TRACK A20110117614831 F 325500 970160 120 30 999 NONE NONE 340
	FP_ROUTE KC..KCRJ2

TRACK_TIME 1167737286
TRACK A20110117614834 F 395200 751660 120 30 999 NONE NONE 290
	FP_ROUTE KC..KB738

TRACK_TIME 1167737286
TRACK A20110117614838 F 325260 970400 120 30 999 NONE NONE 330
	FP_ROUTE KC..KCRJ9

TRACK_TIME 1167737286
TRACK A20110117614848 F 360460 1150760 120 30 999 NONE NONE 270
	FP_ROUTE KC..KB737

TRACK_TIME 1167737286
TRACK A20110117614849 F 395700 1044200 120 30 999 NONE NONE 370
	FP_ROUTE KC..KB737

TRACK_TIME 1167737286
TRACK A20110117614854 F 421360 831900 120 30 999 NONE NONE 370
	FP_ROUTE KC..KB752

TRACK_TIME 1167737286
TRACK A20110117614856 F 420000 875560 120 30 999 NONE NONE 330
	FP_ROUTE KC..KCRJ2

TRACK_TIME 1167737286
TRACK A20110117614861 F 463760 1002400 120 30 999 NONE NONE 350
	FP_ROUTE KC..KB752

TRACK_TIME 1167737286
TRACK A20110117614863 F 472800 1221800 120 30 999 NONE NONE 360
	FP_ROUTE KC..KE120

TRACK_TIME 1167737286
TRACK A20110117614864 F 422200 710100 120 30 999 NONE NONE 290
	FP_ROUTE KC..KCRJ2

TRACK_TIME 1167737286
TRACK A20110117614865 F 430900 773900 120 30 999 NONE NONE 230
	FP_ROUTE KC..KCRJ2

TRACK_TIME 1167737286
TRACK A20110117614867 F 332560 1115860 120 30 999 NONE NONE 380
	FP_ROUTE KC..KCRJ2

TRACK_TIME 1167737286
TRACK A20110117614881 F 404500 735400 120 30 999 NONE NONE 330
	FP_ROUTE KC..KB738

TRACK_TIME 1167737286
TRACK A20110117614884 F 403700 734360 120 30 999 NONE NONE 350
	FP_ROUTE KC..KA320

TRACK_TIME 1167737286
TRACK A20110117614886 F 291060 810300 120 30 999 NONE NONE 280
	FP_ROUTE KC..KCRJ2

TRACK_TIME 1167737286
TRACK A20110117614893 F 325500 970160 120 30 999 NONE NONE 320
	FP_ROUTE KC..KCRJ9

TRACK_TIME 1167737286
TRACK A20110117614895 F 354500 840400 120 30 999 NONE NONE 380
	FP_ROUTE KG..KF900

TRACK_TIME 1167737286
TRACK A20110117614896 F 403760 734360 120 30 999 NONE NONE 390
	FP_ROUTE KC..KCRJ2

TRACK_TIME 1167737286
TRACK A20110117614898 F 373600 1221960 120 30 999 NONE NONE 380
	FP_ROUTE KC..KA319

TRACK_TIME 1167737286
TRACK A20110117614899 F 391060 764360 120 30 999 NONE NONE 320
	FP_ROUTE KT..KCRJ1

TRACK_TIME 1167737286
TRACK A20110117614901 F 400900 763700 120 30 999 NONE NONE 370
	FP_ROUTE KT..KE145

TRACK_TIME 1167737286
TRACK A20110117614912 F 385860 772800 120 30 999 NONE NONE 370
	FP_ROUTE KC..KA320

TRACK_TIME 1167737286
TRACK A20110117614922 F 393160 1073100 120 30 999 NONE NONE 350
	FP_ROUTE KT..KDH8D

TRACK_TIME 1167737286
TRACK A20110117614923 F 390700 943600 120 30 999 NONE NONE 370
	FP_ROUTE KC..KE120

TRACK_TIME 1167737286
TRACK A20110117614924 F 404960 740460 120 30 999 NONE NONE 410
	FP_ROUTE KC..KB752

TRACK_TIME 1167737286
TRACK A20110117614932 F 445260 931300 120 30 999 NONE NONE 380
	FP_ROUTE KC..KB738

TRACK_TIME 1167737286
TRACK A20110117614933 F 341200 1181300 120 30 999 NONE NONE 350
	FP_ROUTE KG..KC510

TRACK_TIME 1167737286
TRACK A20110117614936 F 320760 812200 120 30 999 NONE NONE 270
	FP_ROUTE KC..KCRJ2

TRACK_TIME 1167737286
TRACK A20110117614937 F 420100 875560 120 30 999 NONE NONE 340
	FP_ROUTE KC..KCRJ2

TRACK_TIME 1167737286
TRACK A20110117614944 F 425260 853100 120 30 999 NONE NONE 320
	FP_ROUTE KG..KC560

TRACK_TIME 1167737286
TRACK A20110117614954 F 412700 814660 120 30 999 NONE NONE 300
	FP_ROUTE KC..KB712

TRACK_TIME 1167737286
TRACK A20110117614955 F 304360 910000 120 30 999 NONE NONE 210
	FP_ROUTE KC..KCRJ9

TRACK_TIME 1167737286
TRACK A20110117614966 F 384960 770100 120 30 999 NONE NONE 270
	FP_ROUTE KC..KE145

TRACK_TIME 1167737286
TRACK A20110117614978 F 332560 1120400 120 30 999 NONE NONE 370
	FP_ROUTE KC..KB712

TRACK_TIME 1167737286
TRACK A20110117614980 F 395400 751060 120 30 999 NONE NONE 370
	FP_ROUTE KC..KCRJ2

TRACK_TIME 1167737286
TRACK A20110117614983 F 332560 1120400 120 30 999 NONE NONE 298
	FP_ROUTE KC..KD328

TRACK_TIME 1167737286
TRACK A20110117614984 F 350100 1063760 120 30 999 NONE NONE 371
	FP_ROUTE KC..KMD82

TRACK_TIME 1167737286
TRACK A20110117614985 F 321600 915260 120 30 999 NONE NONE 290
	FP_ROUTE KC..KCRJ2

TRACK_TIME 1167737286
TRACK A20110117614987 F 404000 741060 120 30 999 NONE NONE 370
	FP_ROUTE KC..KB737

TRACK_TIME 1167737286
TRACK A20110117614993 F 374300 1221060 120 30 999 NONE NONE 350
	FP_ROUTE KC..KCRJ9

TRACK_TIME 1167737286
TRACK A20110117615003 F 325200 965100 120 30 999 NONE NONE 280
	FP_ROUTE KC..KB712

TRACK_TIME 1167737286
TRACK A20110117615022 F 360400 1150900 120 30 999 NONE NONE 320
	FP_ROUTE KC..KCRJ2

TRACK_TIME 1167737286
TRACK A20110117615025 F 380900 842860 120 30 999 NONE NONE 350
	FP_ROUTE KG..KLJ45

TRACK_TIME 1167737286
TRACK A20110117615026 F 325500 970100 120 30 999 NONE NONE 340
	FP_ROUTE KT..KCRJ1

TRACK_TIME 1167737286
TRACK A20110117615027 F 421900 710160 120 30 999 NONE NONE 370
	FP_ROUTE KC..KB752

TRACK_TIME 1167737286
TRACK A20110117615031 F 333900 842860 120 30 999 NONE NONE 380
	FP_ROUTE KC..KB738

TRACK_TIME 1167737286
TRACK A20110117615036 F 445200 931000 120 30 999 NONE NONE 340
	FP_ROUTE KC..KA319

TRACK_TIME 1167737286
TRACK A20110117615037 F 360600 1151000 120 30 999 NONE NONE 330
	FP_ROUTE KC..KB712

TRACK_TIME 1167737286
TRACK A20110117615040 F 392800 944060 120 30 999 NONE NONE 370
	FP_ROUTE KC..KCRJ2

TRACK_TIME 1167737286
TRACK A20110117615041 F 391060 764360 120 30 999 NONE NONE 390
	FP_ROUTE KC..KCRJ2

TRACK_TIME 1167737286
TRACK A20110117615044 F 360700 1150900 120 30 999 NONE NONE 290
	FP_ROUTE KC..KB752

TRACK_TIME 1167737286
TRACK A20110117615060 F 425860 875260 120 30 999 NONE NONE 310
	FP_ROUTE KC..KB738

TRACK_TIME 1167737286
TRACK A20110117615074 F 263000 815860 120 30 999 NONE NONE 370
	FP_ROUTE KC..KCRJ2

TRACK_TIME 1167737286
TRACK A20110117615075 F 393100 855560 120 30 999 NONE NONE 270
	FP_ROUTE KC..KE145

TRACK_TIME 1167737286
TRACK A20110117615076 F 390000 772800 120 30 999 NONE NONE 350
	FP_ROUTE KC..KE145

TRACK_TIME 1167737286
TRACK A20110117615086 F 254600 801500 120 30 999 NONE NONE 350
	FP_ROUTE KC..KA320

TRACK_TIME 1167737286
TRACK A20110117615108 F 335700 1182260 120 30 999 NONE NONE 370
	FP_ROUTE KC..KCRJ2

TRACK_TIME 1167737286
TRACK A20110117615110 F 182560 660160 120 30 999 NONE NONE 330
	FP_ROUTE KC..KA319

TRACK_TIME 1167737286
TRACK A20110117615115 F 421360 832200 120 30 999 NONE NONE 310
	FP_ROUTE KC..KA320

TRACK_TIME 1167737286
TRACK A20110117615117 F 390600 844000 120 30 999 NONE NONE 370
	FP_ROUTE KC..KE145

TRACK_TIME 1167737286
TRACK A20110117615121 F 430600 761060 120 30 999 NONE NONE 290
	FP_ROUTE KC..KB738

TRACK_TIME 1167737286
TRACK A20110117615124 F 472700 1221900 120 30 999 NONE NONE 320
	FP_ROUTE KG..KLJ45

TRACK_TIME 1167737286
TRACK A20110117615125 F 333900 1020100 120 30 999 NONE NONE 280
	FP_ROUTE KC..KE120

TRACK_TIME 1167737286
TRACK A20110117615146 F 345200 790000 120 30 999 NONE NONE 350
	FP_ROUTE KC..KCRJ2

TRACK_TIME 1167737286
TRACK A20110117615149 F 420000 875560 120 30 999 NONE NONE 380
	FP_ROUTE KC..KE145

TRACK_TIME 1167737286
TRACK A20110117615150 F 404660 1120000 120 30 999 NONE NONE 280
	FP_ROUTE KC..KCRJ2

TRACK_TIME 1167737286
TRACK A20110117615155 F 335500 1183300 120 30 999 NONE NONE 360
	FP_ROUTE KC..KB752

TRACK_TIME 1167737286
TRACK A20110117615157 F 404660 1120000 120 30 999 NONE NONE 261
	FP_ROUTE KC..KB737

TRACK_TIME 1167737286
TRACK A20110117615160 F 421360 832200 120 30 999 NONE NONE 190
	FP_ROUTE KC..KA320

TRACK_TIME 1167737286
TRACK A20110117615165 F 442800 1090100 120 30 999 NONE NONE 249
	FP_ROUTE KC..KA320

TRACK_TIME 1167737286
TRACK A20110117615167 F 441360 1210700 120 30 999 NONE NONE 190
	FP_ROUTE KC..KB737

TRACK_TIME 1167737286
TRACK A20110117615168 F 462100 1172560 120 30 999 NONE NONE 190
	FP_ROUTE KC..KB737

TRACK_TIME 1167737286
TRACK A20110117615170 F 325500 970160 120 30 999 NONE NONE 360
	FP_ROUTE KC..KB737

TRACK_TIME 1167737286
TRACK A20110117615171 F 422200 710100 120 30 999 NONE NONE 230
	FP_ROUTE KC..KA319

TRACK_TIME 1167737286
TRACK A20110117615172 F 445400 931500 120 30 999 NONE NONE 240
	FP_ROUTE KC..KCRJ9

TRACK_TIME 1167737286
TRACK A20110117615173 F 262500 815800 120 30 999 NONE NONE 390
	FP_ROUTE KC..KCRJ9

TRACK_TIME 1167737286
TRACK A20110117615182 F 333400 1175560 120 30 999 NONE NONE 360
	FP_ROUTE KC..KCRJ2

TRACK_TIME 1167737286
TRACK A20110117615188 F 373600 1221960 120 30 999 NONE NONE 360
	FP_ROUTE KC..KCRJ2

TRACK_TIME 1167737286
TRACK A20110117615189 F 272500 823400 120 30 999 NONE NONE 330
	FP_ROUTE KC..KCRJ2

TRACK_TIME 1167737286
TRACK A20110117615190 F 350000 1064000 120 30 999 NONE NONE 370
	FP_ROUTE KG..KCL60

TRACK_TIME 1167737286
TRACK A20110117615191 F 420100 875800 120 30 999 NONE NONE 370
	FP_ROUTE KT..KCRJ9

TRACK_TIME 1167737286
TRACK A20110117615192 F 301800 915400 120 30 999 NONE NONE 270
	FP_ROUTE KC..KCRJ9

TRACK_TIME 1167737286
TRACK A20110117615196 F 335560 1183160 120 30 999 NONE NONE 330
	FP_ROUTE KC..KCRJ9

TRACK_TIME 1167737286
TRACK A20110117615200 F 303000 814000 120 30 999 NONE NONE 360
	FP_ROUTE KC..KCRJ2

TRACK_TIME 1167737286
TRACK A20110117615201 F 295800 951600 120 30 999 NONE NONE 360
	FP_ROUTE KC..KCRJ9

TRACK_TIME 1167737286
TRACK A20110117615202 F 425500 784600 120 30 999 NONE NONE 220
	FP_ROUTE KC..KCRJ2

TRACK_TIME 1167737286
TRACK A20110117615208 F 321000 895860 120 30 999 NONE NONE 250
	FP_ROUTE KC..KB737

TRACK_TIME 1167737286
TRACK A20110117615209 F 411600 955260 120 30 999 NONE NONE 340
	FP_ROUTE KG..KLJ45

TRACK_TIME 1167737286
TRACK A20110117615210 F 385860 772800 120 30 999 NONE NONE 330
	FP_ROUTE KT..KCRJ2

TRACK_TIME 1167737286
TRACK A20110117615212 F 274800 973160 120 30 999 NONE NONE 340
	FP_ROUTE KC..KDH8D

TRACK_TIME 1167737286
TRACK A20110117615213 F 292500 950460 120 30 999 NONE NONE 410
	FP_ROUTE KC..KB738

TRACK_TIME 1167737286
TRACK A20110117615220 F 335560 1182400 120 30 999 NONE NONE 360
	FP_ROUTE KC..KB734

TRACK_TIME 1167737286
TRACK A20110117615221 F 415860 875200 120 30 999 NONE NONE 330
	FP_ROUTE KC..KA320

TRACK_TIME 1167737286
TRACK A20110117615222 F 422100 710100 120 30 999 NONE NONE 230
	FP_ROUTE KC..KMD83

TRACK_TIME 1167737286
TRACK A20110117615223 F 301060 974300 120 30 999 NONE NONE 220
	FP_ROUTE KC..KA319

TRACK_TIME 1167737286
TRACK A20110117615224 F 391060 764360 120 30 999 NONE NONE 390
	FP_ROUTE KC..KB738

TRACK_TIME 1167737286
TRACK A20110117615238 F 635860 1483600 120 30 999 NONE NONE 200
	FP_ROUTE KC..KB739

TRACK_TIME 1167737286
TRACK A20110117615239 F 701000 1481960 120 30 999 NONE NONE 240
	FP_ROUTE KC..KE145

TRACK_TIME 1167737286
TRACK A20110117615241 F 403760 734600 120 30 999 NONE NONE 370
	FP_ROUTE KC..KE135

TRACK_TIME 1167737286
TRACK A20110117615243 F 282860 811960 120 30 999 NONE NONE 350
	FP_ROUTE KC..KE170

TRACK_TIME 1167737286
TRACK A20110117615245 F 453460 1223460 120 30 999 NONE NONE 300
	FP_ROUTE KT..KCRJ2

TRACK_TIME 1167737286
TRACK A20110117615246 F 395400 1044000 120 30 999 NONE NONE 300
	FP_ROUTE KC..KB737

TRACK_TIME 1167737286
TRACK A20110117615248 F 405700 812560 120 30 999 NONE NONE 370
	FP_ROUTE KC..KCRJ2

TRACK_TIME 1167737286
TRACK A20110117615251 F 394360 861660 120 30 999 NONE NONE 350
	FP_ROUTE KC..KA320

TRACK_TIME 1167737286
TRACK A20110117615258 F 420100 875560 120 30 999 NONE NONE 380
	FP_ROUTE KC..KE170

TRACK_TIME 1167737286
TRACK A20110117615284 F 264060 814060 120 30 999 NONE NONE 390
	FP_ROUTE KC..KB752

TRACK_TIME 1167737286
TRACK A20110117615285 F 414900 874660 120 30 999 NONE NONE 380
	FP_ROUTE KC..KB752

TRACK_TIME 1167737286
TRACK A20110117615291 F 373600 1221960 120 30 999 NONE NONE 360
	FP_ROUTE KG..KCL60

TRACK_TIME 1167737286
TRACK A20110117615297 F 361600 1150400 120 30 999 NONE NONE 330
	FP_ROUTE KC..KB735

TRACK_TIME 1167737286
TRACK A20110117615301 F 395500 1044060 120 30 999 NONE NONE 350
	FP_ROUTE KC..KE145

TRACK_TIME 1167737286
TRACK A20110117615302 F 411660 955260 120 30 999 NONE NONE 370
	FP_ROUTE KC..KB735

TRACK_TIME 1167737286
TRACK A20110117615315 F 385800 772560 120 30 999 NONE NONE 370
	FP_ROUTE KC..KB737

TRACK_TIME 1167737286
TRACK A20110117615318 F 325260 970400 120 30 999 NONE NONE 310
	FP_ROUTE KT..KCRJ2

TRACK_TIME 1167737286
TRACK A20110117615331 F 300000 951800 120 30 999 NONE NONE 340
	FP_ROUTE KC..KB737

TRACK_TIME 1167737286
TRACK A20110117615337 F 325700 970160 120 30 999 NONE NONE 340
	FP_ROUTE KC..KA320

TRACK_TIME 1167737286
TRACK A20110117615347 F 431660 891960 120 30 999 NONE NONE 370
	FP_ROUTE KC..KE145

TRACK_TIME 1167737286
TRACK A20110117615349 F 333460 864360 120 30 999 NONE NONE 310
	FP_ROUTE KC..KE145

TRACK_TIME 1167737286
TRACK A20110117615362 F 420100 875560 120 30 999 NONE NONE 380
	FP_ROUTE KC..KB738

TRACK_TIME 1167737286
TRACK A20110117615363 F 384300 1213600 120 30 999 NONE NONE 360
	FP_ROUTE KT..KCRJ2

TRACK_TIME 1167737286
TRACK A20110117615366 F 262800 820160 120 30 999 NONE NONE 390
	FP_ROUTE KC..KB737

TRACK_TIME 1167737286
TRACK A20110117615369 F 295860 951600 120 30 999 NONE NONE 280
	FP_ROUTE KT..KCRJ2

TRACK_TIME 1167737286
TRACK A20110117615372 F 325400 970100 120 30 999 NONE NONE 320
	FP_ROUTE KC..KCRJ2

TRACK_TIME 1167737286
TRACK A20110117615389 F 445400 931360 120 30 999 NONE NONE 380
	FP_ROUTE KC..KCRJ2

TRACK_TIME 1167737286
TRACK A20110117615390 F 431900 891960 120 30 999 NONE NONE 230
	FP_ROUTE KC..KCRJ2

TRACK_TIME 1167737286
TRACK A20110117615391 F 334600 843400 120 30 999 NONE NONE 390
	FP_ROUTE KT..KCRJ2

TRACK_TIME 1167737286
TRACK A20110117615395 F 301960 872700 120 30 999 NONE NONE 230
	FP_ROUTE KC..KB738

TRACK_TIME 1167737286
TRACK A20110117615396 F 425860 875260 120 30 999 NONE NONE 340
	FP_ROUTE KG..KF2TH

TRACK_TIME 1167737286
TRACK A20110117615411 F 403700 734500 120 30 999 NONE NONE 350
	FP_ROUTE KG..KCL60

TRACK_TIME 1167737286
TRACK A20110117615416 F 412560 814900 120 30 999 NONE NONE 250
	FP_ROUTE KG..KF2TH

TRACK_TIME 1167737286
TRACK A20110117615417 F 300000 901800 120 30 999 NONE NONE 370
	FP_ROUTE KG..KFA50

TRACK_TIME 1167737286
TRACK A20110117615424 F 373600 1221960 120 30 999 NONE NONE 360
	FP_ROUTE KC..KDH8A

TRACK_TIME 1167737286
TRACK A20110117615425 F 473000 1221900 120 30 999 NONE NONE 320
	FP_ROUTE KC..KB738

TRACK_TIME 1167737286
TRACK A20110117615426 F 400000 825560 120 30 999 NONE NONE 240
	FP_ROUTE KG..KC560

TRACK_TIME 1167737286
TRACK A20110117615431 F 332560 1115860 120 30 999 NONE NONE 310
	FP_ROUTE KT..KCRJ2

TRACK_TIME 1167737286
TRACK A20110117615438 F 394660 1044000 120 30 999 NONE NONE 370
	FP_ROUTE KC..KMD82

TRACK_TIME 1167737286
TRACK A20110117615439 F 280100 823160 120 30 999 NONE NONE 350
	FP_ROUTE KC..KB738

TRACK_TIME 1167737286
TRACK A20110117615446 F 373460 1221800 120 30 999 NONE NONE 320
	FP_ROUTE KC..KE145

TRACK_TIME 1167737286
TRACK A20110117615457 F 391060 764200 120 30 999 NONE NONE 390
	FP_ROUTE KC..KE135

TRACK_TIME 1167737286
TRACK A20110117615463 F 384500 901900 120 30 999 NONE NONE 400
	FP_ROUTE KC..KB738

TRACK_TIME 1167737286
TRACK A20110117615464 F 325200 965200 120 30 999 NONE NONE 380
	FP_ROUTE KC..KCRJ2

TRACK_TIME 1167737286
TRACK A20110117615465 F 293400 983100 120 30 999 NONE NONE 300
	FP_ROUTE KG..KC560

TRACK_TIME 1167737286
TRACK A20110117615466 F 314960 1062100 120 30 999 NONE NONE 400
	FP_ROUTE KC..KCRJ2

TRACK_TIME 1167737286
TRACK A20110117615469 F 415260 914800 120 30 999 NONE NONE 370
	FP_ROUTE KG..KC560

TRACK_TIME 1167737286
TRACK A20110117615476 F 420000 875700 120 30 999 NONE NONE 350
	FP_ROUTE KC..KCRJ2

TRACK_TIME 1167737286
TRACK A20110117615487 F 365200 761360 120 30 999 NONE NONE 350
	FP_ROUTE KG..KC560

TRACK_TIME 1167737286
TRACK A20110117615488 F 414900 874800 120 30 999 NONE NONE 360
	FP_ROUTE KC..KCRJ2

TRACK_TIME 1167737286
TRACK A20110117615489 F 373700 1222200 120 30 999 NONE NONE 340
	FP_ROUTE KC..KA319

TRACK_TIME 1167737286
TRACK A20110117615497 F 332560 860000 120 30 999 NONE NONE 210
	FP_ROUTE KC..KB737

TRACK_TIME 1167737286
TRACK A20110117615500 F 304000 881360 120 30 999 NONE NONE 220
	FP_ROUTE KC..KE120

TRACK_TIME 1167737286
TRACK A20110117615501 F 414800 874660 120 30 999 NONE NONE 300
	FP_ROUTE KC..KCRJ2

TRACK_TIME 1167737286
TRACK A20110117615502 F 334000 1014960 120 30 999 NONE NONE 360
	FP_ROUTE KC..KCRJ2

TRACK_TIME 1167737286
TRACK A20110117615504 F 360460 1151000 120 30 999 NONE NONE 380
	FP_ROUTE KC..KCRJ2

TRACK_TIME 1167737286
TRACK A20110117615509 F 354660 840160 120 30 999 NONE NONE 270
	FP_ROUTE KT..KDH8D

TRACK_TIME 1167737286
TRACK A20110117615513 F 390900 842260 120 30 999 NONE NONE 230
	FP_ROUTE KC..KCRJ2

TRACK_TIME 1167737286
TRACK A20110117615517 F 400000 825560 120 30 999 NONE NONE 390
	FP_ROUTE KC..KE190

TRACK_TIME 1167737286
TRACK A20110117615518 F 395260 1043600 120 30 999 NONE NONE 380
	FP_ROUTE KC..KE145

TRACK_TIME 1167737286
TRACK A20110117615523 F 325560 970160 120 30 999 NONE NONE 340
	FP_ROUTE KC..KB733

TRACK_TIME 1167737286
TRACK A20110117615525 F 384900 770160 120 30 999 NONE NONE 270
	FP_ROUTE KG..KF2TH

TRACK_TIME 1167737286
TRACK A20110117615526 F 404660 735200 120 30 999 NONE NONE 330
	FP_ROUTE KC..KB733

TRACK_TIME 1167737286
TRACK A20110117615527 F 300000 951900 120 30 999 NONE NONE 350
	FP_ROUTE KC..KB733

TRACK_TIME 1167737286
TRACK A20110117615528 F 420000 875500 120 30 999 NONE NONE 220
	FP_ROUTE KC..KB738

TRACK_TIME 1167737286
TRACK A20110117615533 F 421500 833000 120 30 999 NONE NONE 410
	FP_ROUTE KC..KE170

TRACK_TIME 1167737286
TRACK A20110117615534 F 332560 1120300 120 30 999 NONE NONE 330
	FP_ROUTE KC..KSF34

TRACK_TIME 1167737286
TRACK A20110117615535 F 325400 970100 120 30 999 NONE NONE 340
	FP_ROUTE KC..KB738

TRACK_TIME 1167737286
TRACK A20110117615549 F 333700 842860 120 30 999 NONE NONE 280
	FP_ROUTE KC..KE120

TRACK_TIME 1167737286
TRACK A20110117615553 F 433760 964060 120 30 999 NONE NONE 330
	FP_ROUTE KC..KB752

TRACK_TIME 1167737286
TRACK A20110117615555 F 325500 970300 120 30 999 NONE NONE 340
	FP_ROUTE KC..KE170

TRACK_TIME 1167737286
TRACK A20110117615556 F 320760 1105800 120 30 999 NONE NONE 340
	FP_ROUTE KC..KA319

TRACK_TIME 1167737286
TRACK A20110117615562 F 404600 735260 120 30 999 NONE NONE 390
	FP_ROUTE KC..KA318

TRACK_TIME 1167737286
TRACK A20110117615565 F 403000 801660 120 30 999 NONE NONE 190
	FP_ROUTE KC..KE170

TRACK_TIME 1167737286
TRACK A20110117615566 F 421300 831960 120 30 999 NONE NONE 200
	FP_ROUTE KC..KA319

TRACK_TIME 1167737286
TRACK A20110117615578 F 351200 805800 120 30 999 NONE NONE 350
	FP_ROUTE KC..KA319

TRACK_TIME 1167737286
TRACK A20110117615583 F 385860 772800 120 30 999 NONE NONE 280
	FP_ROUTE KC..KB739

TRACK_TIME 1167737286
TRACK A20110117615586 F 391060 764200 120 30 999 NONE NONE 300
	FP_ROUTE KT..KCRJ2

TRACK_TIME 1167737286
TRACK A20110117615588 F 301200 974060 120 30 999 NONE NONE 370
	FP_ROUTE KC..KB752

TRACK_TIME 1167737286
TRACK A20110117615600 F 272500 823400 120 30 999 NONE NONE 300
	FP_ROUTE KC..KA320

TRACK_TIME 1167737286
TRACK A20110117615616 F 354600 840300 120 30 999 NONE NONE 370
	FP_ROUTE KC..KE170

TRACK_TIME 1167737286
TRACK A20110117615617 F 390760 1083160 120 30 999 NONE NONE 360
	FP_ROUTE KC..KB738

TRACK_TIME 1167737286
TRACK A20110117615618 F 254800 801960 120 30 999 NONE NONE 380
	FP_ROUTE KC..KB738

TRACK_TIME 1167737286
TRACK A20110117615621 F 445260 931060 120 30 999 NONE NONE 300
	FP_ROUTE KC..KB737

TRACK_TIME 1167737286
TRACK A20110117615633 F 412260 753300 120 30 999 NONE NONE 370
	FP_ROUTE KC..KMD82

TRACK_TIME 1167737286
TRACK A20110117615634 F 333160 864800 120 30 999 NONE NONE 370
	FP_ROUTE KC..KA320

TRACK_TIME 1167737286
TRACK A20110117615636 F 295800 901060 120 30 999 NONE NONE 210
	FP_ROUTE KC..KB733

TRACK_TIME 1167737286
TRACK A20110117615637 F 300000 951660 120 30 999 NONE NONE 350
	FP_ROUTE KC..KB738

TRACK_TIME 1167737286
TRACK A20110117615640 F 420100 875260 120 30 999 NONE NONE 380
	FP_ROUTE KC..KA320

TRACK_TIME 1167737286
TRACK A20110117615644 F 282800 811960 120 30 999 NONE NONE 350
	FP_ROUTE KC..KB733

TRACK_TIME 1167737286
TRACK A20110117615646 F 324360 1171000 120 30 999 NONE NONE 360
	FP_ROUTE KC..KMD82

TRACK_TIME 1167737286
TRACK A20110117615648 F 282800 811960 120 30 999 NONE NONE 410
	FP_ROUTE KC..KCRJ9

TRACK_TIME 1167737286
TRACK A20110117615656 F 325560 970160 120 30 999 NONE NONE 340
	FP_ROUTE KC..KB738

TRACK_TIME 1167737286
TRACK A20110117615657 F 472860 1221900 120 30 999 NONE NONE 300
	FP_ROUTE KC..KE120

TRACK_TIME 1167737286
TRACK A20110117615671 F 373600 1221960 120 30 999 NONE NONE 340
	FP_ROUTE KC..KE145

TRACK_TIME 1167737286
TRACK A20110117615683 F 333760 843000 120 30 999 NONE NONE 250
	FP_ROUTE KC..KB738

TRACK_TIME 1167737286
TRACK A20110117615687 F 404960 740460 120 30 999 NONE NONE 410
	FP_ROUTE KC..KB733

TRACK_TIME 1167737286
TRACK A20110117615688 F 404360 735500 120 30 999 NONE NONE 360
	FP_ROUTE KC..KSF34

TRACK_TIME 1167737286
TRACK A20110117615689 F 384500 901900 120 30 999 NONE NONE 240
	FP_ROUTE KC..KCRJ9

TRACK_TIME 1167737286
TRACK A20110117615692 F 421300 831960 120 30 999 NONE NONE 300
	FP_ROUTE KC..KB752

TRACK_TIME 1167737286
TRACK A20110117615701 F 332560 1115700 120 30 999 NONE NONE 360
	FP_ROUTE KC..KA320

TRACK_TIME 1167737286
TRACK A20110117615702 F 421360 832200 120 30 999 NONE NONE 270
	FP_ROUTE KC..KA320

TRACK_TIME 1167737286
TRACK A20110117615703 F 382100 823100 120 30 999 NONE NONE 200
	FP_ROUTE KT..KDH8D

TRACK_TIME 1167737286
TRACK A20110117615705 F 335500 1183300 120 30 999 NONE NONE 370
	FP_ROUTE KC..KA319

TRACK_TIME 1167737286
TRACK A20110117615708 F 360760 864000 120 30 999 NONE NONE 330
	FP_ROUTE KC..KA320

TRACK_TIME 1167737286
TRACK A20110117615710 F 325560 970160 120 30 999 NONE NONE 340
	FP_ROUTE KG..KPAY2

TRACK_TIME 1167737286
TRACK A20110117615711 F 395260 1043460 120 30 999 NONE NONE 310
	FP_ROUTE KC..KA320

TRACK_TIME 1167737286
TRACK A20110117615721 F 482100 1223700 120 30 999 NONE NONE 400
	FP_ROUTE KC..KE145

TRACK_TIME 1167737286
TRACK A20110117615722 F 393100 944300 120 30 999 NONE NONE 330
	FP_ROUTE KC..KB734

TRACK_TIME 1167737286
TRACK A20110117615724 F 365560 761960 120 30 999 NONE NONE 350
	FP_ROUTE KC..KB734

TRACK_TIME 1167737286
TRACK A20110117615732 F 364600 1214060 120 30 999 NONE NONE 200
	FP_ROUTE KC..KE135

TRACK_TIME 1167737286
TRACK A20110117615736 F 293300 951000 120 30 999 NONE NONE 380
	FP_ROUTE KC..KB738

TRACK_TIME 1167737286
TRACK A20110117615748 F 360160 800300 120 30 999 NONE NONE 410
	FP_ROUTE KC..KB737

TRACK_TIME 1167737286
TRACK A20110117615756 F 453460 1223400 120 30 999 NONE NONE 360
	FP_ROUTE KC..KB737

TRACK_TIME 1167737286
TRACK A20110117615758 F 351200 805800 120 30 999 NONE NONE 310
	FP_ROUTE KC..KA320

TRACK_TIME 1167737286
TRACK A20110117615759 F 404660 1120000 120 30 999 NONE NONE 300
	FP_ROUTE KC..KE145

TRACK_TIME 1167737286
TRACK A20110117615762 F 373600 1221900 120 30 999 NONE NONE 360
	FP_ROUTE KG..KC560

TRACK_TIME 1167737286
TRACK A20110117615763 F 341200 1182260 120 30 999 NONE NONE 340
	FP_ROUTE KC..KB734

TRACK_TIME 1167737286
TRACK A20110117615771 F 332560 1115860 120 30 999 NONE NONE 320
	FP_ROUTE KC..KB737

TRACK_TIME 1167737286
TRACK A20110117615773 F 420000 875560 120 30 999 NONE NONE 350
	FP_ROUTE KT..KE145

TRACK_TIME 1167737286
TRACK A20110117615774 F 342560 1195560 120 30 999 NONE NONE 320
	FP_ROUTE KC..KCRJ2

TRACK_TIME 1167737286
TRACK A20110117615775 F 333760 843000 120 30 999 NONE NONE 370
	FP_ROUTE KC..KCRJ9

TRACK_TIME 1167737286
TRACK A20110117615782 F 384800 770160 120 30 999 NONE NONE 200
	FP_ROUTE KC..KCRJ9

TRACK_TIME 1167737286
TRACK A20110117615783 F 351200 805800 120 30 999 NONE NONE 390
	FP_ROUTE KC..KB752

TRACK_TIME 1167737286
TRACK A20110117615784 F 422100 705860 120 30 999 NONE NONE 350
	FP_ROUTE KC..KE190

TRACK_TIME 1167737286
TRACK A20110117615791 F 440100 1030300 120 30 999 NONE NONE 270
	FP_ROUTE KC..KA320

TRACK_TIME 1167737286
TRACK A20110117615792 F 325400 970100 120 30 999 NONE NONE 340
	FP_ROUTE KC..KCRJ9

TRACK_TIME 1167737286
TRACK A20110117615793 F 395200 751360 120 30 999 NONE NONE 310
	FP_ROUTE KC..KE170

TRACK_TIME 1167737286
TRACK A20110117615799 F 394960 1043900 120 30 999 NONE NONE 300
	FP_ROUTE KC..KA320

TRACK_TIME 1167737286
TRACK A20110117615801 F 394800 1043900 120 30 999 NONE NONE 380
	FP_ROUTE KC..KE145

TRACK_TIME 1167737286
TRACK A20110117615802 F 472700 1221900 120 30 999 NONE NONE 250
	FP_ROUTE KC..KE170

TRACK_TIME 1167737286
TRACK A20110117615803 F 394900 1044060 120 30 999 NONE NONE 210
	FP_ROUTE KC..KCRJ2

TRACK_TIME 1167737286
TRACK A20110117615804 F 604900 1485260 120 30 999 NONE NONE 380
	FP_ROUTE KC..KB733

TRACK_TIME 1167737286
TRACK A20110117615810 F 373600 1221900 120 30 999 NONE NONE 280
	FP_ROUTE KC..KCRJ9

TRACK_TIME 1167737286
TRACK A20110117615820 F 335400 1163600 120 30 999 NONE NONE 340
	FP_ROUTE KC..KB738

TRACK_TIME 1167737286
TRACK A20110117615821 F 205100 1562700 120 30 999 NONE NONE 390
	FP_ROUTE KG..KC560

TRACK_TIME 1167737286
TRACK A20110117615824 F 282860 811960 120 30 999 NONE NONE 370
	FP_ROUTE KG..KC560

TRACK_TIME 1167737286
TRACK A20110117615827 F 395200 751660 120 30 999 NONE NONE 330
	FP_ROUTE KC..KMD83

TRACK_TIME 1167737286
TRACK A20110117615832 F 215860 1591900 120 30 999 NONE NONE 360
	FP_ROUTE KC..KB752

TRACK_TIME 1167737286
TRACK A20110117615836 F 371200 954660 120 30 999 NONE NONE 340
	FP_ROUTE KC..KB733

TRACK_TIME 1167737286
TRACK A20110117615837 F 395400 750700 120 30 999 NONE NONE 350
	FP_ROUTE KC..KB752

TRACK_TIME 1167737286
TRACK A20110117615838 F 333460 864300 120 30 999 NONE NONE 360
	FP_ROUTE KC..KA320

TRACK_TIME 1167737286
TRACK A20110117615841 F 355200 784800 120 30 999 NONE NONE 320
	FP_ROUTE KC..KMD83

TRACK_TIME 1167737286
TRACK A20110117615855 F 404900 735100 120 30 999 NONE NONE 330
	FP_ROUTE KT..KF2TH

TRACK_TIME 1167737286
TRACK A20110117615864 F 332560 1115560 120 30 999 NONE NONE 370
	FP_ROUTE KC..KB752

TRACK_TIME 1167737286
TRACK A20110117615869 F 280160 823160 120 30 999 NONE NONE 370
	FP_ROUTE KC..KB738

TRACK_TIME 1167737286
TRACK A20110117615872 F 333460 1175700 120 30 999 NONE NONE 360
	FP_ROUTE KC..KB752

TRACK_TIME 1167737286
TRACK A20110117615874 F 353600 1060600 120 30 999 NONE NONE 360
	FP_ROUTE KC..KB737

TRACK_TIME 1167737286
TRACK A20110117615877 F 420100 875560 120 30 999 NONE NONE 200
	FP_ROUTE KC..KDH8A

TRACK_TIME 1167737286
TRACK A20110117615879 F 325500 970460 120 30 999 NONE NONE 350
	FP_ROUTE KC..KB738

TRACK_TIME 1167737286
TRACK A20110117615881 F 400000 825700 120 30 999 NONE NONE 370
	FP_ROUTE KC..KB737

TRACK_TIME 1167737286
TRACK A20110117615887 F 335560 1182560 120 30 999 NONE NONE 380
	FP_ROUTE KC..KA320

TRACK_TIME 1167737286
TRACK A20110117615888 F 312700 913300 120 30 999 NONE NONE 310
	FP_ROUTE KC..KB712

TRACK_TIME 1167737286
TRACK A20110117615889 F 321060 895860 120 30 999 NONE NONE 310
	FP_ROUTE KC..KA320

TRACK_TIME 1167737286
TRACK A20110117615894 F 294000 951900 120 30 999 NONE NONE 300
	FP_ROUTE KT..KE145

TRACK_TIME 1167737286
TRACK A20110117615898 F 351200 805800 120 30 999 NONE NONE 320
	FP_ROUTE KC..KE145

TRACK_TIME 1167737286
TRACK A20110117615906 F 335860 811360 120 30 999 NONE NONE 280
	FP_ROUTE KC..KB752

TRACK_TIME 1167737286
TRACK A20110117615912 F 325560 970160 120 30 999 NONE NONE 330
	FP_ROUTE KC..KMD83

TRACK_TIME 1167737286
TRACK A20110117615917 F 404360 735400 120 30 999 NONE NONE 350
	FP_ROUTE KC..KB752

TRACK_TIME 1167737286
TRACK A20110117615918 F 443700 894800 120 30 999 NONE NONE 210
	FP_ROUTE KC..KB712

TRACK_TIME 1167737286
TRACK A20110117615924 F 404500 735400 120 30 999 NONE NONE 330
	FP_ROUTE KC..KB733

TRACK_TIME 1167737286
TRACK A20110117615933 F 293700 951600 120 30 999 NONE NONE 370
	FP_ROUTE KC..KA319

TRACK_TIME 1167737286
TRACK A20110117615934 F 325100 965200 120 30 999 NONE NONE 200
	FP_ROUTE KC..KMD82

TRACK_TIME 1167737286
TRACK A20110117615935 F 315700 1021300 120 30 999 NONE NONE 360
	FP_ROUTE KC..KB752

TRACK_TIME 1167737286
TRACK A20110117615942 F 332560 1115800 120 30 999 NONE NONE 360
	FP_ROUTE KC..KSF34

TRACK_TIME 1167737286
TRACK A20110117615947 F 360460 1151300 120 30 999 NONE NONE 380
	FP_ROUTE KC..KB737

TRACK_TIME 1167737286
TRACK A20110117615949 F 382500 813300 120 30 999 NONE NONE 200
	FP_ROUTE KC..KB737

TRACK_TIME 1167737286
TRACK A20110117615953 F 295860 901500 120 30 999 NONE NONE 330
	FP_ROUTE KC..KE145

TRACK_TIME 1167737286
TRACK A20110117615954 F 384500 901900 120 30 999 NONE NONE 350
	FP_ROUTE KC..KB753

TRACK_TIME 1167737286
TRACK A20110117615955 F 414800 874600 120 30 999 NONE NONE 270
	FP_ROUTE KC..KB738

TRACK_TIME 1167737286
TRACK A20110117615961 F 282700 811800 120 30 999 NONE NONE 260
	FP_ROUTE KT..KDH8D

TRACK_TIME 1167737286
TRACK A20110117615974 F 403700 734500 120 30 999 NONE NONE 250
	FP_ROUTE KT..KCRJ9

TRACK_TIME 1167737286
TRACK A20110117616000 F 334060 1175200 120 30 999 NONE NONE 380
	FP_ROUTE KC..KMD83

TRACK_TIME 1167737286
TRACK A20110117616001 F 325500 970160 120 30 999 NONE NONE 340
	FP_ROUTE KC..KCRJ2

TRACK_TIME 1167737286
TRACK A20110117616003 F 325700 970160 120 30 999 NONE NONE 380
	FP_ROUTE KC..KB733

TRACK_TIME 1167737286
TRACK A20110117616006 F 325500 970160 120 30 999 NONE NONE 330
	FP_ROUTE KC..KMD82

TRACK_TIME 1167737286
TRACK A20110117616007 F 282860 811960 120 30 999 NONE NONE 330
	FP_ROUTE KC..KB733

TRACK_TIME 1167737286
TRACK A20110117616009 F 351960 942400 120 30 999 NONE NONE 210
	FP_ROUTE KC..KB733

TRACK_TIME 1167737286
TRACK A20110117616010 F 472800 1221900 120 30 999 NONE NONE 200
	FP_ROUTE KC..KB733

TRACK_TIME 1167737286
TRACK A20110117616014 F 333900 842860 120 30 999 NONE NONE 360
	FP_ROUTE KC..KB733

TRACK_TIME 1167737286
TRACK A20110117616019 F 381060 854360 120 30 999 NONE NONE 260
	FP_ROUTE KC..KB738

TRACK_TIME 1167737286
TRACK A20110117616021 F 352560 973700 120 30 999 NONE NONE 320
	FP_ROUTE KC..KE135

TRACK_TIME 1167737286
TRACK A20110117616025 F 372860 771800 120 30 999 NONE NONE 240
	FP_ROUTE KC..KB752

TRACK_TIME 1167737286
TRACK A20110117616026 F 412560 814900 120 30 999 NONE NONE 270
	FP_ROUTE KC..KB752

TRACK_TIME 1167737286
TRACK A20110117616034 F 454600 1110900 120 30 999 NONE NONE 340
	FP_ROUTE KC..KA320

TRACK_TIME 1167737286
TRACK A20110117616044 F 344060 921600 120 30 999 NONE NONE 430
	FP_ROUTE KT..KDH8D

TRACK_TIME 1167737286
TRACK A20110117616059 F 353460 824300 120 30 999 NONE NONE 280
	FP_ROUTE KC..KMD83

TRACK_TIME 1167737286
TRACK A20110117616065 F 393100 1045100 120 30 999 NONE NONE 380
	FP_ROUTE KC..KB763

TRACK_TIME 1167737286
TRACK A20110117616071 F 403600 734660 120 30 999 NONE NONE 280
	FP_ROUTE KC..KB733

TRACK_TIME 1167737286
TRACK A20110117616073 F 305400 932100 120 30 999 NONE NONE 290
	FP_ROUTE KC..KE145

TRACK_TIME 1167737286
TRACK A20110117616088 F 360700 864060 120 30 999 NONE NONE 410
	FP_ROUTE KC..KA320

TRACK_TIME 1167737286
TRACK A20110117616117 F 194660 1560160 120 30 999 NONE NONE 360
	FP_ROUTE KC..KA320

TRACK_TIME 1167737286
TRACK A20110117616122 F 472700 1221800 120 30 999 NONE NONE 370
	FP_ROUTE KC..KB737

TRACK_TIME 1167737286
TRACK A20110117616125 F 361000 863900 120 30 999 NONE NONE 360
	FP_ROUTE KC..KB752

TRACK_TIME 1167737286
TRACK A20110117616130 F 390900 763900 120 30 999 NONE NONE 230
	FP_ROUTE KC..KB738

TRACK_TIME 1167737286
TRACK A20110117616133 F 254800 801600 120 30 999 NONE NONE 210
	FP_ROUTE KC..KE170

TRACK_TIME 1167737286
TRACK A20110117616135 F 472700 1221900 120 30 999 NONE NONE 200
	FP_ROUTE KC..KB752

TRACK_TIME 1167737286
TRACK A20110117616136 F 394360 1044000 120 30 999 NONE NONE 360
	FP_ROUTE KG..KBE20

TRACK_TIME 1167737286
TRACK A20110117616142 F 414900 874800 120 30 999 NONE NONE 370
	FP_ROUTE KC..KCRJ2

TRACK_TIME 1167737286
TRACK A20110117616148 F 330000 971900 120 30 999 NONE NONE 360
	FP_ROUTE KC..KB752

TRACK_TIME 1167737286
TRACK A20110117616150 F 420160 875700 120 30 999 NONE NONE 200
	FP_ROUTE KC..KB737

TRACK_TIME 1167737286
TRACK A20110117616152 F 341060 1181360 120 30 999 NONE NONE 270
	FP_ROUTE KC..KA320

TRACK_TIME 1167737286
TRACK A20110117616161 F 394060 862100 120 30 999 NONE NONE 270
	FP_ROUTE KC..KDH8A

TRACK_TIME 1167737286
TRACK A20110117616164 F 433760 702500 120 30 999 NONE NONE 330
	FP_ROUTE KC..KB737

TRACK_TIME 1167737286
TRACK A20110117616165 F 421960 710100 120 30 999 NONE NONE 210
	FP_ROUTE KC..KB737

TRACK_TIME 1167737286
TRACK A20110117616170 F 254600 801500 120 30 999 NONE NONE 370
	FP_ROUTE KT..KE145

TRACK_TIME 1167737286
TRACK A20110117616177 F 372100 1215400 120 30 999 NONE NONE 320
	FP_ROUTE KC..KB752

TRACK_TIME 1167737286
TRACK A20110117616178 F 394800 1043900 120 30 999 NONE NONE 400
	FP_ROUTE KC..KB733

TRACK_TIME 1167737286
TRACK A20110117616183 F 414900 874660 120 30 999 NONE NONE 320
	FP_ROUTE KC..KE135

TRACK_TIME 1167737286
TRACK A20110117616184 F 280160 823160 120 30 999 NONE NONE 390
	FP_ROUTE KC..KB738

TRACK_TIME 1167737286
TRACK A20110117616196 F 361000 1151000 120 30 999 NONE NONE 330
	FP_ROUTE KC..KB737

TRACK_TIME 1167737286
TRACK A20110117616197 F 344000 921300 120 30 999 NONE NONE 370
	FP_ROUTE KC..KB734

TRACK_TIME 1167737286
TRACK A20110117616199 F 404500 1115800 120 30 999 NONE NONE 350
	FP_ROUTE KT..KCRJ2

TRACK_TIME 1167737286
TRACK A20110117616200 F 412700 814660 120 30 999 NONE NONE 340
	FP_ROUTE KC..KB738

TRACK_TIME 1167737286
TRACK A20110117616210 F 341000 1182860 120 30 999 NONE NONE 220
	FP_ROUTE KC..KB738

TRACK_TIME 1167737286
TRACK A20110117616214 F 404300 734200 120 30 999 NONE NONE 370
	FP_ROUTE KC..KE145

TRACK_TIME 1167737286
TRACK A20110117616218 F 472800 1221900 120 30 999 NONE NONE 340
	FP_ROUTE KC..KA319

TRACK_TIME 1167737286
TRACK A20110117616227 F 395260 842560 120 30 999 NONE NONE 190
	FP_ROUTE KC..KDH8D

TRACK_TIME 1167737286
TRACK A20110117616229 F 360460 1150900 120 30 999 NONE NONE 340
	FP_ROUTE KC..KB733

TRACK_TIME 1167737286
TRACK A20110117616233 F 421300 831960 120 30 999 NONE NONE 300
	FP_ROUTE KC..KB738

TRACK_TIME 1167737286
TRACK A20110117616236 F 264060 813400 120 30 999 NONE NONE 400
	FP_ROUTE KC..KB737

TRACK_TIME 1167737286
TRACK A20110117616241 F 325500 970160 120 30 999 NONE NONE 340
	FP_ROUTE KC..KB712

TRACK_TIME 1167737286
TRACK A20110117616243 F 254800 801500 120 30 999 NONE NONE 381
	FP_ROUTE KC..KB739

TRACK_TIME 1167737286
TRACK A20110117616245 F 341200 1182500 120 30 999 NONE NONE 360
	FP_ROUTE KG..KBE20

TRACK_TIME 1167737286
TRACK A20110117616250 F 453460 1223400 120 30 999 NONE NONE 370
	FP_ROUTE KC..KB712

TRACK_TIME 1167737286
TRACK A20110117616251 F 420000 875700 120 30 999 NONE NONE 310
	FP_ROUTE KC..KB734

TRACK_TIME 1167737286
TRACK A20110117616252 F 335560 1182100 120 30 999 NONE NONE 330
	FP_ROUTE KC..KB738

TRACK_TIME 1167737286
TRACK A20110117616253 F 403000 801800 120 30 999 NONE NONE 369
	FP_ROUTE KC..KB763

TRACK_TIME 1167737286
TRACK A20110117616259 F 335700 1182260 120 30 999 NONE NONE 390
	FP_ROUTE KC..KE170

TRACK_TIME 1167737286
TRACK A20110117616260 F 394900 1044060 120 30 999 NONE NONE 329
	FP_ROUTE KC..KB737

TRACK_TIME 1167737286
TRACK A20110117616261 F 412560 814900 120 30 999 NONE NONE 350
	FP_ROUTE KT..KCRJ2

TRACK_TIME 1167737286
TRACK A20110117616270 F 325500 970300 120 30 999 NONE NONE 310
	FP_ROUTE KC..KB737

TRACK_TIME 1167737286
TRACK A20110117616271 F 420000 875500 120 30 999 NONE NONE 220
	FP_ROUTE KC..KB737

TRACK_TIME 1167737286
TRACK A20110117616278 F 293400 983100 120 30 999 NONE NONE 280
	FP_ROUTE KC..KB737

TRACK_TIME 1167737286
TRACK A20110117616283 F 321800 862700 120 30 999 NONE NONE 300
	FP_ROUTE KC..KB737

TRACK_TIME 1167737286
TRACK A20110117616303 F 300100 901360 120 30 999 NONE NONE 350
	FP_ROUTE KC..KDH8A

TRACK_TIME 1167737286
TRACK A20110117616304 F 420900 875500 120 30 999 NONE NONE 450
	FP_ROUTE KC..KE145

TRACK_TIME 1167737286
TRACK A20110117616305 F 333760 842700 120 30 999 NONE NONE 310
	FP_ROUTE KC..KE145

TRACK_TIME 1167737286
TRACK A20110117616307 F 422260 710000 120 30 999 NONE NONE 370
	FP_ROUTE KC..KB738

TRACK_TIME 1167737286
TRACK A20110117616324 F 414800 874600 120 30 999 NONE NONE 220
	FP_ROUTE KT..KCRJ2

TRACK_TIME 1167737286
TRACK A20110117616325 F 392100 944060 120 30 999 NONE NONE 340
	FP_ROUTE KC..KA319

TRACK_TIME 1167737286
TRACK A20110117616326 F 325100 965200 120 30 999 NONE NONE 340
	FP_ROUTE KC..KA321

TRACK_TIME 1167737286
TRACK A20110117616328 F 261300 973900 120 30 999 NONE NONE 339
	FP_ROUTE KC..KMD83

TRACK_TIME 1167737286
TRACK A20110117616330 F 410160 734060 120 30 999 NONE NONE 180
	FP_ROUTE KC..KA319

TRACK_TIME 1167737286
TRACK A20110117616331 F 430600 774200 120 30 999 NONE NONE 220
	FP_ROUTE KC..KA320

TRACK_TIME 1167737286
TRACK A20110117616347 F 325400 970460 120 30 999 NONE NONE 370
	FP_ROUTE KC..KA320

TRACK_TIME 1167737286
TRACK A20110117616349 F 324960 972200 120 30 999 NONE NONE 220
	FP_ROUTE KC..KA319

TRACK_TIME 1167737286
TRACK A20110117616356 F 472860 1221900 120 30 999 NONE NONE 340
	FP_ROUTE KC..KB712

TRACK_TIME 1167737286
TRACK A20110117616358 F 445200 931060 120 30 999 NONE NONE 350
	FP_ROUTE KT..KE145

TRACK_TIME 1167737286
TRACK A20110117616375 F 421360 832200 120 30 999 NONE NONE 370
	FP_ROUTE KC..KB712

TRACK_TIME 1167737286
TRACK A20110117616381 F 412560 814960 120 30 999 NONE NONE 340
	FP_ROUTE KC..KB712

TRACK_TIME 1167737286
TRACK A20110117616388 F 325500 970300 120 30 999 NONE NONE 210
	FP_ROUTE KC..KE145

TRACK_TIME 1167737286
TRACK A20110117616390 F 332560 1115860 120 30 999 NONE NONE 380
	FP_ROUTE KC..KB738

TRACK_TIME 1167737286
TRACK A20110117616395 F 254800 801900 120 30 999 NONE NONE 200
	FP_ROUTE KC..KE145

TRACK_TIME 1167737286
TRACK A20110117616398 F 384500 901900 120 30 999 NONE NONE 260
	FP_ROUTE KC..KB732

TRACK_TIME 1167737286
TRACK A20110117616399 F 454600 1110900 120 30 999 NONE NONE 250
	FP_ROUTE KC..KE145

TRACK_TIME 1167737286
TRACK A20110117616401 F 360760 864060 120 30 999 NONE NONE 310
	FP_ROUTE KC..KB737

TRACK_TIME 1167737286
TRACK A20110117616410 F 384900 770160 120 30 999 NONE NONE 270
	FP_ROUTE KG..KCL60

TRACK_TIME 1167737286
TRACK A20110117616411 F 332560 1120400 120 30 999 NONE NONE 400
	FP_ROUTE KT..KCRJ9

TRACK_TIME 1167737286
TRACK A20110117616412 F 360460 1151200 120 30 999 NONE NONE 280
	FP_ROUTE KT..KCRJ9

TRACK_TIME 1167737286
TRACK A20110117616413 F 324600 1171960 120 30 999 NONE NONE 220
	FP_ROUTE KC..KA319

TRACK_TIME 1167737286
TRACK A20110117616414 F 373600 1221960 120 30 999 NONE NONE 340
	FP_ROUTE KT..KE145

TRACK_TIME 1167737286
TRACK A20110117616427 F 351000 805560 120 30 999 NONE NONE 300
	FP_ROUTE KC..KE135

TRACK_TIME 1167737286
TRACK A20110117616434 F 391060 764300 120 30 999 NONE NONE 280
	FP_ROUTE KC..KB737

TRACK_TIME 1167737286
TRACK A20110117616443 F 430400 835400 120 30 999 NONE NONE 340
	FP_ROUTE KC..KB737

TRACK_TIME 1167737286
TRACK A20110117616444 F 274500 974200 120 30 999 NONE NONE 340
	FP_ROUTE KC..KE145

TRACK_TIME 1167737286
TRACK A20110117616452 F 414900 874800 120 30 999 NONE NONE 220
	FP_ROUTE KC..KB733

TRACK_TIME 1167737286
TRACK A20110117616461 F 280100 823160 120 30 999 NONE NONE 360
	FP_ROUTE KC..KB737

TRACK_TIME 1167737286
TRACK A20110117616462 F 325560 970160 120 30 999 NONE NONE 260
	FP_ROUTE KC..KE170

TRACK_TIME 1167737286
TRACK A20110117616467 F 395200 751660 120 30 999 NONE NONE 350
	FP_ROUTE KC..KB733

TRACK_TIME 1167737286
TRACK A20110117616470 F 453400 1223300 120 30 999 NONE NONE 240
	FP_ROUTE KC..KB737

TRACK_TIME 1167737286
TRACK A20110117616477 F 333760 843100 120 30 999 NONE NONE 349
	FP_ROUTE KC..KA332

TRACK_TIME 1167737286
TRACK A20110117616481 F 293300 983000 120 30 999 NONE NONE 360
	FP_ROUTE KC..KCRJ2

TRACK_TIME 1167737286
TRACK A20110117616482 F 404900 740700 120 30 999 NONE NONE 390
	FP_ROUTE KT..KCRJ9

TRACK_TIME 1167737286
TRACK A20110117616483 F 395700 1044060 120 30 999 NONE NONE 380
	FP_ROUTE KC..KB738

TRACK_TIME 1167737286
TRACK A20110117616488 F 360700 864060 120 30 999 NONE NONE 340
	FP_ROUTE KC..KE145

TRACK_TIME 1167737286
TRACK A20110117616489 F 412500 814960 120 30 999 NONE NONE 330
	FP_ROUTE KC..KMD83

TRACK_TIME 1167737286
TRACK A20110117616490 F 391060 764300 120 30 999 NONE NONE 290
	FP_ROUTE KC..KE145

TRACK_TIME 1167737286
TRACK A20110117616496 F 420300 875800 120 30 999 NONE NONE 300
	FP_ROUTE KC..KB733

TRACK_TIME 1167737286
TRACK A20110117616497 F 373600 1221960 120 30 999 NONE NONE 360
	FP_ROUTE KC..KA320

TRACK_TIME 1167737286
TRACK A20110117616498 F 413400 934060 120 30 999 NONE NONE 370
	FP_ROUTE KC..KB733

TRACK_TIME 1167737286
TRACK A20110117616509 F 324600 1171960 120 30 999 NONE NONE 340
	FP_ROUTE KC..KB733

TRACK_TIME 1167737286
TRACK A20110117616510 F 263600 813300 120 30 999 NONE NONE 250
	FP_ROUTE KC..KE145

TRACK_TIME 1167737286
TRACK A20110117616512 F 410160 734060 120 30 999 NONE NONE 350
	FP_ROUTE KC..KB737

TRACK_TIME 1167737286
TRACK A20110117616513 F 333900 842700 120 30 999 NONE NONE 300
	FP_ROUTE KC..KA320

TRACK_TIME 1167737286
TRACK A20110117616514 F 325560 970160 120 30 999 NONE NONE 340
	FP_ROUTE KC..KB734

TRACK_TIME 1167737286
TRACK A20110117616515 F 394900 1043900 120 30 999 NONE NONE 360
	FP_ROUTE KC..KB738

TRACK_TIME 1167737286
TRACK A20110117616516 F 332560 1115860 120 30 999 NONE NONE 360
	FP_ROUTE KC..KE145

TRACK_TIME 1167737286
TRACK A20110117616524 F 420160 875700 120 30 999 NONE NONE 360
	FP_ROUTE KT..KCRJ9

TRACK_TIME 1167737286
TRACK A20110117616525 F 384900 770160 120 30 999 NONE NONE 350
	FP_ROUTE KC..KB737

TRACK_TIME 1167737286
TRACK A20110117616526 F 295860 951500 120 30 999 NONE NONE 350
	FP_ROUTE KC..KB737

TRACK_TIME 1167737286
TRACK A20110117616532 F 421000 1032500 120 30 999 NONE NONE 230
	FP_ROUTE KC..KB712

TRACK_TIME 1167737286
TRACK A20110117616535 F 335700 1182700 120 30 999 NONE NONE 380
	FP_ROUTE KC..KB737

TRACK_TIME 1167737286
TRACK A20110117616538 F 394800 1043900 120 30 999 NONE NONE 400
	FP_ROUTE KC..KB737

TRACK_TIME 1167737286
TRACK A20110117616540 F 260400 800460 120 30 999 NONE NONE 290
	FP_ROUTE KC..KB737

TRACK_TIME 1167737286
TRACK A20110117616560 F 335800 840100 120 30 999 NONE NONE 430
	FP_ROUTE KC..KCRJ2

TRACK_TIME 1167737286
TRACK A20110117616565 F 410160 734060 120 30 999 NONE NONE 390
	FP_ROUTE KC..KB738

TRACK_TIME 1167737286
TRACK A20110117616566 F 282860 811960 120 30 999 NONE NONE 370
	FP_ROUTE KC..KB738

TRACK_TIME 1167737286
TRACK A20110117616568 F 415700 724200 120 30 999 NONE NONE 370
	FP_ROUTE KC..KB737

TRACK_TIME 1167737286
TRACK A20110117616570 F 395200 751660 120 30 999 NONE NONE 370
	FP_ROUTE KC..KB737

TRACK_TIME 1167737286
TRACK A20110117616571 F 472700 1221900 120 30 999 NONE NONE 360
	FP_ROUTE KT..KDH8D

TRACK_TIME 1167737286
TRACK A20110117616575 F 403900 741200 120 30 999 NONE NONE 370
	FP_ROUTE KC..KE190

TRACK_TIME 1167737286
TRACK A20110117616576 F 295860 951500 120 30 999 NONE NONE 360
	FP_ROUTE KT..KCRJ2

TRACK_TIME 1167737286
TRACK A20110117616580 F 414300 712560 120 30 999 NONE NONE 390
	FP_ROUTE KC..KMD83

TRACK_TIME 1167737286
TRACK A20110117616588 F 282400 811660 120 30 999 NONE NONE 400
	FP_ROUTE KC..KCRJ2

TRACK_TIME 1167737286
TRACK A20110117616592 F 280100 823160 120 30 999 NONE NONE 380
	FP_ROUTE KC..KB737

TRACK_TIME 1167737286
TRACK A20110117616594 F 332560 1115860 120 30 999 NONE NONE 360
	FP_ROUTE KC..KMD82

TRACK_TIME 1167737286
TRACK A20110117616598 F 425800 875400 120 30 999 NONE NONE 360
	FP_ROUTE KC..KB737

TRACK_TIME 1167737286
TRACK A20110117616600 F 333460 1175700 120 30 999 NONE NONE 360
	FP_ROUTE KC..KC130

TRACK_TIME 1167737286
TRACK A20110117616605 F 341500 775560 120 30 999 NONE NONE 270
	FP_ROUTE KC..KC130

TRACK_TIME 1167737286
TRACK A20110117616606 F 333700 842860 120 30 999 NONE NONE 260
	FP_ROUTE KC..KMD83

TRACK_TIME 1167737286
TRACK A20110117616611 F 401200 764300 120 30 999 NONE NONE 270
	FP_ROUTE KC..KE145

TRACK_TIME 1167737286
TRACK A20110117616613 F 403700 734600 120 30 999 NONE NONE 330
	FP_ROUTE KC..KMD82

TRACK_TIME 1167737286
TRACK A20110117616615 F 384500 902100 120 30 999 NONE NONE 380
	FP_ROUTE KG..KC750

TRACK_TIME 1167737286
TRACK A20110117616616 F 395200 751660 120 30 999 NONE NONE 391
	FP_ROUTE KC..KA319

TRACK_TIME 1167737286
TRACK A20110117616617 F 332560 1115800 120 30 999 NONE NONE 330
	FP_ROUTE KC..KMD82

TRACK_TIME 1167737286
TRACK A20110117616625 F 304000 862700 120 30 999 NONE NONE 240
	FP_ROUTE KG..KC560

TRACK_TIME 1167737286
TRACK A20110117616640 F 354660 840300 120 30 999 NONE NONE 350
	FP_ROUTE KC..KB733

TRACK_TIME 1167737286
TRACK A20110117616641 F 420160 875700 120 30 999 NONE NONE 360
	FP_ROUTE KC..KB733

TRACK_TIME 1167737286
TRACK A20110117616642 F 420100 875700 120 30 999 NONE NONE 360
	FP_ROUTE KC..KB752

TRACK_TIME 1167737286
TRACK A20110117616643 F 422200 710000 120 30 999 NONE NONE 210
	FP_ROUTE KC..KB733

TRACK_TIME 1167737286
TRACK A20110117616650 F 333760 842860 120 30 999 NONE NONE 370
	FP_ROUTE KC..KB737

TRACK_TIME 1167737286
TRACK A20110117616658 F 295800 951600 120 30 999 NONE NONE 270
	FP_ROUTE KC..KMD83

TRACK_TIME 1167737286
TRACK A20110117616659 F 395260 1043400 120 30 999 NONE NONE 300
	FP_ROUTE KC..KB737

TRACK_TIME 1167737286
TRACK A20110117616663 F 293300 982860 120 30 999 NONE NONE 220
	FP_ROUTE KC..KA319

TRACK_TIME 1167737286
TRACK A20110117616664 F 330460 953760 120 30 999 NONE NONE 210
	FP_ROUTE KG..KC560

TRACK_TIME 1167737286
TRACK A20110117616671 F 403600 734660 120 30 999 NONE NONE 350
	FP_ROUTE KC..KMD83

TRACK_TIME 1167737286
TRACK A20110117616678 F 445100 931360 120 30 999 NONE NONE 230
	FP_ROUTE KG..KC560

TRACK_TIME 1167737286
TRACK A20110117616680 F 421300 831960 120 30 999 NONE NONE 350
	FP_ROUTE KC..KB737

TRACK_TIME 1167737286
TRACK A20110117616681 F 395200 751660 120 30 999 NONE NONE 330
	FP_ROUTE KC..KA319

TRACK_TIME 1167737286
TRACK A20110117616683 F 380300 843460 120 30 999 NONE NONE 330
	FP_ROUTE KC..KA319

TRACK_TIME 1167737286
TRACK A20110117616684 F 404500 1115800 120 30 999 NONE NONE 360
	FP_ROUTE KC..KB738

TRACK_TIME 1167737286
TRACK A20110117616695 F 642800 1650900 120 30 999 NONE NONE 200
	FP_ROUTE KC..KB738

TRACK_TIME 1167737286
TRACK A20110117616696 F 325500 970160 120 30 999 NONE NONE 240
	FP_ROUTE KC..KB738

TRACK_TIME 1167737286
TRACK A20110117616698 F 333760 843000 120 30 999 NONE NONE 350
	FP_ROUTE KT..KCRJ2

TRACK_TIME 1167737286
TRACK A20110117616700 F 293400 983160 120 30 999 NONE NONE 240
	FP_ROUTE KC..KCRJ2

TRACK_TIME 1167737286
TRACK A20110117616703 F 404500 735400 120 30 999 NONE NONE 330
	FP_ROUTE KC..KE170

TRACK_TIME 1167737286
TRACK A20110117616704 F 321060 901060 120 30 999 NONE NONE 320
	FP_ROUTE KC..KE170

TRACK_TIME 1167737286
TRACK A20110117616706 F 333900 1115200 120 30 999 NONE NONE 400
	FP_ROUTE KC..KB738

TRACK_TIME 1167737286
TRACK A20110117616709 F 420100 875500 120 30 999 NONE NONE 320
	FP_ROUTE KC..KE190

TRACK_TIME 1167737286
TRACK A20110117616718 F 325560 970300 120 30 999 NONE NONE 360
	FP_ROUTE KC..KB737

TRACK_TIME 1167737286
TRACK A20110117616721 F 322400 994200 120 30 999 NONE NONE 220
	FP_ROUTE KC..KB752

TRACK_TIME 1167737286
TRACK A20110117616722 F 414800 874660 120 30 999 NONE NONE 380
	FP_ROUTE KC..KB738

TRACK_TIME 1167737286
TRACK A20110117616737 F 420000 875700 120 30 999 NONE NONE 370
	FP_ROUTE KC..KA320

TRACK_TIME 1167737286
TRACK A20110117616739 F 333900 1115260 120 30 999 NONE NONE 230
	FP_ROUTE KC..KB752

TRACK_TIME 1167737286
TRACK A20110117616748 F 580600 1341660 120 30 999 NONE NONE 240
	FP_ROUTE KT..KE145

TRACK_TIME 1167737286
TRACK A20110117616755 F 605500 1485400 120 30 999 NONE NONE 300
	FP_ROUTE KC..KE190

TRACK_TIME 1167737286
TRACK A20110117616758 F 355860 800700 120 30 999 NONE NONE 290
	FP_ROUTE KC..KB737

TRACK_TIME 1167737286
TRACK A20110117616761 F 282800 811660 120 30 999 NONE NONE 360
	FP_ROUTE KC..KB737

TRACK_TIME 1167737286
TRACK A20110117616762 F 260400 801060 120 30 999 NONE NONE 390
	FP_ROUTE KC..KB733

TRACK_TIME 1167737286
TRACK A20110117616763 F 635700 1483300 120 30 999 NONE NONE 260
	FP_ROUTE KC..KB712

TRACK_TIME 1167737286
TRACK A20110117616765 F 260400 801200 120 30 999 NONE NONE 360
	FP_ROUTE KC..KA320

TRACK_TIME 1167737286
TRACK A20110117616766 F 390460 843900 120 30 999 NONE NONE 360
	FP_ROUTE KG..KBE20

TRACK_TIME 1167737286
TRACK A20110117616768 F 341200 1182260 120 30 999 NONE NONE 360
	FP_ROUTE KG..KBE20

TRACK_TIME 1167737286
TRACK A20110117616769 F 293700 951500 120 30 999 NONE NONE 380
	FP_ROUTE KC..KB752

TRACK_TIME 1167737286
TRACK A20110117616770 F 261360 974000 120 30 999 NONE NONE 300
	FP_ROUTE KC..KA320

TRACK_TIME 1167737286
TRACK A20110117616772 F 301360 974000 120 30 999 NONE NONE 321
	FP_ROUTE KG..KBE20

TRACK_TIME 1167737286
TRACK A20110117616787 F 425560 784500 120 30 999 NONE NONE 200
	FP_ROUTE KC..KB737

TRACK_TIME 1167737286
TRACK A20110117616788 F 390000 772560 120 30 999 NONE NONE 230
	FP_ROUTE KC..KA320

TRACK_TIME 1167737286
TRACK A20110117616791 F 361960 941960 120 30 999 NONE NONE 320
	FP_ROUTE KC..KA320

TRACK_TIME 1167737286
TRACK A20110117616792 F 351200 805800 120 30 999 NONE NONE 330
	FP_ROUTE KC..KB733

TRACK_TIME 1167737286
TRACK A20110117616793 F 394660 1043760 120 30 999 NONE NONE 340
	FP_ROUTE KC..KB733

TRACK_TIME 1167737286
TRACK A20110117616812 F 394800 894360 120 30 999 NONE NONE 220
	FP_ROUTE KC..KA320

TRACK_TIME 1167737286
TRACK A20110117616817 F 351200 805800 120 30 999 NONE NONE 350
	FP_ROUTE KC..KA321

TRACK_TIME 1167737286
TRACK A20110117616821 F 254800 801960 120 30 999 NONE NONE 380
	FP_ROUTE KC..KA320

TRACK_TIME 1167737286
TRACK A20110117616827 F 394800 1043900 120 30 999 NONE NONE 380
	FP_ROUTE KC..KCRJ2

TRACK_TIME 1167737286
TRACK A20110117616828 F 332560 1115700 120 30 999 NONE NONE 360
	FP_ROUTE KC..KA320

TRACK_TIME 1167737286
TRACK A20110117616831 F 394960 1044060 120 30 999 NONE NONE 370
	FP_ROUTE KC..KMD83

TRACK_TIME 1167737286
TRACK A20110117616832 F 300000 901900 120 30 999 NONE NONE 370
	FP_ROUTE KC..KE145

TRACK_TIME 1167737286
TRACK A20110117616835 F 453460 1223460 120 30 999 NONE NONE 240
	FP_ROUTE KC..KB752

TRACK_TIME 1167737286
TRACK A20110117616846 F 391060 764300 120 30 999 NONE NONE 390
	FP_ROUTE KC..KB737

TRACK_TIME 1167737286
TRACK A20110117616847 F 422800 705700 120 30 999 NONE NONE 230
	FP_ROUTE KC..KB734

TRACK_TIME 1167737286
TRACK A20110117616848 F 395200 751300 120 30 999 NONE NONE 280
	FP_ROUTE KC..KA319

TRACK_TIME 1167737286
TRACK A20110117616853 F 275560 823300 120 30 999 NONE NONE 350
	FP_ROUTE KT..KCRJ2

TRACK_TIME 1167737286
TRACK A20110117616856 F 392800 1194600 120 30 999 NONE NONE 220
	FP_ROUTE KC..KA319

TRACK_TIME 1167737286
TRACK A20110117616857 F 472860 1221900 120 30 999 NONE NONE 240
	FP_ROUTE KC..KA319

TRACK_TIME 1167737286
TRACK A20110117616888 F 445200 931200 120 30 999 NONE NONE 350
	FP_ROUTE KC..KA319

TRACK_TIME 1167737286
TRACK A20110117616898 F 403700 734660 120 30 999 NONE NONE 390
	FP_ROUTE KC..KA319

TRACK_TIME 1167737286
TRACK A20110117616902 F 404900 740600 120 30 999 NONE NONE 390
	FP_ROUTE KC..KA319

TRACK_TIME 1167737286
TRACK A20110117616905 F 390600 944500 120 30 999 NONE NONE 360
	FP_ROUTE KG..KE120

TRACK_TIME 1167737286
TRACK A20110117616909 F 300000 951800 120 30 999 NONE NONE 360
	FP_ROUTE KG..KE120

TRACK_TIME 1167737286
TRACK A20110117616911 F 343760 775500 120 30 999 NONE NONE 240
	FP_ROUTE KG..KE120

TRACK_TIME 1167737286
TRACK A20110117616912 F 422100 765800 120 30 999 NONE NONE 250
	FP_ROUTE KC..KE135

TRACK_TIME 1167737286
TRACK A20110117616918 F 333760 842860 120 30 999 NONE NONE 350
	FP_ROUTE KC..KE145

TRACK_TIME 1167737286
TRACK A20110117616925 F 394800 1043900 120 30 999 NONE NONE 360
	FP_ROUTE KC..KB738

TRACK_TIME 1167737286
TRACK A20110117616926 F 384900 770160 120 30 999 NONE NONE 320
	FP_ROUTE KC..KB733

TRACK_TIME 1167737286
TRACK A20110117616930 F 333760 843000 120 30 999 NONE NONE 410
	FP_ROUTE KC..KE120

TRACK_TIME 1167737286
TRACK A20110117616933 F 302560 871060 120 30 999 NONE NONE 360
	FP_ROUTE KC..KCRJ2

TRACK_TIME 1167737286
TRACK A20110117616934 F 254660 801660 120 30 999 NONE NONE 390
	FP_ROUTE KC..KB734

TRACK_TIME 1167737286
TRACK A20110117616938 F 445400 931360 120 30 999 NONE NONE 360
	FP_ROUTE KC..KE120

TRACK_TIME 1167737286
TRACK A20110117616939 F 391960 944300 120 30 999 NONE NONE 379
	FP_ROUTE KC..KB734

TRACK_TIME 1167737286
TRACK A20110117616940 F 385860 772560 120 30 999 NONE NONE 390
	FP_ROUTE KC..KCRJ2

TRACK_TIME 1167737286
TRACK A20110117616941 F 333700 842860 120 30 999 NONE NONE 330
	FP_ROUTE KC..KCRJ2

TRACK_TIME 1167737286
TRACK A20110117616942 F 333760 842860 120 30 999 NONE NONE 390
	FP_ROUTE KT..KCRJ1

TRACK_TIME 1167737286
TRACK A20110117616950 F 301200 974600 120 30 999 NONE NONE 240
	FP_ROUTE KC..KB734

TRACK_TIME 1167737286
TRACK A20110117616963 F 394300 861660 120 30 999 NONE NONE 330
	FP_ROUTE KC..KB752

TRACK_TIME 1167737286
TRACK A20110117616973 F 472700 1221900 120 30 999 NONE NONE 200
	FP_ROUTE KC..KCRJ2

TRACK_TIME 1167737286
TRACK A20110117616979 F 464800 1024660 120 30 999 NONE NONE 250
	FP_ROUTE KC..KA320

TRACK_TIME 1167737286
TRACK A20110117616983 F 295860 951660 120 30 999 NONE NONE 360
	FP_ROUTE KC..KA320

TRACK_TIME 1167737286
TRACK A20110117616984 F 445260 931200 120 30 999 NONE NONE 370
	FP_ROUTE KC..KA320

TRACK_TIME 1167737286
TRACK A20110117616985 F 351200 805800 120 30 999 NONE NONE 370
	FP_ROUTE KC..KB737

TRACK_TIME 1167737286
TRACK A20110117616986 F 390460 843900 120 30 999 NONE NONE 340
	FP_ROUTE KC..KA320

TRACK_TIME 1167737286
TRACK A20110117616988 F 403600 741360 120 30 999 NONE NONE 340
	FP_ROUTE KC..KB733

TRACK_TIME 1167737286
TRACK A20110117616989 F 420160 875700 120 30 999 NONE NONE 340
	FP_ROUTE KC..KCRJ9

TRACK_TIME 1167737286
TRACK A20110117616995 F 350400 895860 120 30 999 NONE NONE 270
	FP_ROUTE KC..KB738

TRACK_TIME 1167737286
TRACK A20110117616997 F 360760 864000 120 30 999 NONE NONE 340
	FP_ROUTE KC..KA320

TRACK_TIME 1167737286
TRACK A20110117616998 F 282400 811900 120 30 999 NONE NONE 390
	FP_ROUTE KC..KB738

TRACK_TIME 1167737286
TRACK A20110117616999 F 415500 724300 120 30 999 NONE NONE 390
	FP_ROUTE KC..KB739

TRACK_TIME 1167737286
TRACK A20110117617002 F 295860 951900 120 30 999 NONE NONE 360
	FP_ROUTE KC..KB737

TRACK_TIME 1167737286
TRACK A20110117617004 F 340160 1182500 120 30 999 NONE NONE 200
	FP_ROUTE KC..KB737

TRACK_TIME 1167737286
TRACK A20110117617009 F 311800 852560 120 30 999 NONE NONE 380
	FP_ROUTE KC..KB737

TRACK_TIME 1167737286
TRACK A20110117617018 F 351360 805800 120 30 999 NONE NONE 370
	FP_ROUTE KC..KSF34

TRACK_TIME 1167737286
TRACK A20110117617020 F 412560 814800 120 30 999 NONE NONE 301
	FP_ROUTE KC..KB737

TRACK_TIME 1167737286
TRACK A20110117617036 F 295860 951900 120 30 999 NONE NONE 310
	FP_ROUTE KC..KB737

TRACK_TIME 1167737286
TRACK A20110117617037 F 300000 951660 120 30 999 NONE NONE 330
	FP_ROUTE KC..KBE20

TRACK_TIME 1167737286
TRACK A20110117617042 F 395200 751660 120 30 999 NONE NONE 330
	FP_ROUTE KC..KB738

TRACK_TIME 1167737286
TRACK A20110117617046 F 374060 1221060 120 30 999 NONE NONE 360
	FP_ROUTE KC..KE170

TRACK_TIME 1167737286
TRACK A20110117617049 F 332560 1115800 120 30 999 NONE NONE 370
	FP_ROUTE KC..KE145

TRACK_TIME 1167737286
TRACK A20110117617050 F 344500 921300 120 30 999 NONE NONE 330
	FP_ROUTE KC..KB737

TRACK_TIME 1167737286
TRACK A20110117617062 F 404660 1115800 120 30 999 NONE NONE 340
	FP_ROUTE KC..KMD83

TRACK_TIME 1167737286
TRACK A20110117617063 F 453400 1223400 120 30 999 NONE NONE 360
	FP_ROUTE KC..KE145

TRACK_TIME 1167737286
TRACK A20110117617067 F 404500 734960 120 30 999 NONE NONE 320
	FP_ROUTE KC..KMD82

TRACK_TIME 1167737286
TRACK A20110117617069 F 433300 1161060 120 30 999 NONE NONE 390
	FP_ROUTE KC..KB744

TRACK_TIME 1167737286
TRACK A20110117617070 F 404600 1120000 120 30 999 NONE NONE 350
	FP_ROUTE KC..KB737

TRACK_TIME 1167737286
TRACK A20110117617071 F 332560 1115860 120 30 999 NONE NONE 350
	FP_ROUTE KC..KB737

TRACK_TIME 1167737286
TRACK A20110117617072 F 315100 1061960 120 30 999 NONE NONE 350
	FP_ROUTE KC..KMD82

TRACK_TIME 1167737286
TRACK A20110117617073 F 352400 1190100 120 30 999 NONE NONE 260
	FP_ROUTE KC..KB738

TRACK_TIME 1167737286
TRACK A20110117617075 F 282700 811800 120 30 999 NONE NONE 350
	FP_ROUTE KC..KB735

TRACK_TIME 1167737286
TRACK A20110117617081 F 335400 1183400 120 30 999 NONE NONE 340
	FP_ROUTE KC..KA321

TRACK_TIME 1167737286
TRACK A20110117617093 F 390000 772800 120 30 999 NONE NONE 350
	FP_ROUTE KC..KMD83

TRACK_TIME 1167737286
TRACK A20110117617098 F 390160 761800 120 30 999 NONE NONE 280
	FP_ROUTE KC..KE145

TRACK_TIME 1167737286
TRACK A20110117617109 F 404000 741060 120 30 999 NONE NONE 410
	FP_ROUTE KC..KB752

TRACK_TIME 1167737286
TRACK A20110117617118 F 333760 843000 120 30 999 NONE NONE 250
	FP_ROUTE KC..KB738

TRACK_TIME 1167737286
TRACK A20110117617120 F 335560 1182100 120 30 999 NONE NONE 380
	FP_ROUTE KC..KB753

TRACK_TIME 1167737286
TRACK A20110117617122 F 390100 772800 120 30 999 NONE NONE 180
	FP_ROUTE KG..KFA50

TRACK_TIME 1167737286
TRACK A20110117617128 F 341300 1182200 120 30 999 NONE NONE 330
	FP_ROUTE KC..KB739

TRACK_TIME 1167737286
TRACK A20110117617131 F 325500 970300 120 30 999 NONE NONE 350
	FP_ROUTE KC..KB739

TRACK_TIME 1167737286
TRACK A20110117617134 F 333760 842700 120 30 999 NONE NONE 380
	FP_ROUTE KC..KFA20

TRACK_TIME 1167737286
TRACK A20110117617135 F 371960 1215400 120 30 999 NONE NONE 320
	FP_ROUTE KC..KFA20

TRACK_TIME 1167737286
TRACK A20110117617138 F 615500 1604800 120 30 999 NONE NONE 240
	FP_ROUTE KC..KA321

TRACK_TIME 1167737286
TRACK A20110117617140 F 472700 1221900 120 30 999 NONE NONE 240
	FP_ROUTE KC..KA319

TRACK_TIME 1167737286
TRACK A20110117617141 F 280100 823160 120 30 999 NONE NONE 330
	FP_ROUTE KC..KE145

TRACK_TIME 1167737286
TRACK A20110117617145 F 453460 1223460 120 30 999 NONE NONE 300
	FP_ROUTE KC..KB738

TRACK_TIME 1167737286
TRACK A20110117617152 F 404060 732500 120 30 999 NONE NONE 390
	FP_ROUTE KC..KB738

TRACK_TIME 1167737286
TRACK A20110117617164 F 254800 801500 120 30 999 NONE NONE 360
	FP_ROUTE KC..KB752

TRACK_TIME 1167737286
TRACK A20110117617170 F 473760 1173100 120 30 999 NONE NONE 210
	FP_ROUTE KC..KE145

TRACK_TIME 1167737286
TRACK A20110117617171 F 445200 931200 120 30 999 NONE NONE 350
	FP_ROUTE KG..KBE20

TRACK_TIME 1167737286
TRACK A20110117617172 F 332560 1120460 120 30 999 NONE NONE 390
	FP_ROUTE KC..KB737

TRACK_TIME 1167737286
TRACK A20110117617173 F 314960 1062100 120 30 999 NONE NONE 350
	FP_ROUTE KC..KB737

TRACK_TIME 1167737286
TRACK A20110117617174 F 325100 965200 120 30 999 NONE NONE 350
	FP_ROUTE KT..KCRJ2

TRACK_TIME 1167737286
TRACK A20110117617175 F 413460 835700 120 30 999 NONE NONE 190
	FP_ROUTE KC..KCRJ9

TRACK_TIME 1167737286
TRACK A20110117617177 F 335500 1183100 120 30 999 NONE NONE 370
	FP_ROUTE KC..KB712

TRACK_TIME 1167737286
TRACK A20110117617178 F 373700 1222100 120 30 999 NONE NONE 320
	FP_ROUTE KG..KC550

TRACK_TIME 1167737286
TRACK A20110117617180 F 472800 1221900 120 30 999 NONE NONE 240
	FP_ROUTE KC..KE170

TRACK_TIME 1167737286
TRACK A20110117617181 F 384900 770160 120 30 999 NONE NONE 220
	FP_ROUTE KC..KB737

TRACK_TIME 1167737286
TRACK A20110117617185 F 391060 764300 120 30 999 NONE NONE 370
	FP_ROUTE KC..KB738

TRACK_TIME 1167737286
TRACK A20110117617187 F 414800 874600 120 30 999 NONE NONE 380
	FP_ROUTE KC..KA320

TRACK_TIME 1167737286
TRACK A20110117617188 F 350300 1064200 120 30 999 NONE NONE 360
	FP_ROUTE KC..KB733

TRACK_TIME 1167737286
TRACK A20110117617189 F 420100 875560 120 30 999 NONE NONE 350
	FP_ROUTE KC..KB737

TRACK_TIME 1167737286
TRACK A20110117617200 F 472800 1221900 120 30 999 NONE NONE 240
	FP_ROUTE KC..KB737

TRACK_TIME 1167737286
TRACK A20110117617201 F 335500 1183400 120 30 999 NONE NONE 330
	FP_ROUTE KC..KMD82

TRACK_TIME 1167737286
TRACK A20110117617202 F 411360 720760 120 30 999 NONE NONE 200
	FP_ROUTE KC..KB752

TRACK_TIME 1167737286
TRACK A20110117617204 F 453460 1223460 120 30 999 NONE NONE 380
	FP_ROUTE KC..KB737

TRACK_TIME 1167737286
TRACK A20110117617205 F 413760 880760 120 30 999 NONE NONE 200
	FP_ROUTE KC..KA319

TRACK_TIME 1167737286
TRACK A20110117617209 F 384900 770160 120 30 999 NONE NONE 350
	FP_ROUTE KC..KB737

TRACK_TIME 1167737286
TRACK A20110117617211 F 261300 974000 120 30 999 NONE NONE 390
	FP_ROUTE KT..KCRJ2

TRACK_TIME 1167737286
TRACK A20110117617212 F 293700 951500 120 30 999 NONE NONE 350
	FP_ROUTE KT..KCRJ9

TRACK_TIME 1167737286
TRACK A20110117617217 F 325200 965260 120 30 999 NONE NONE 330
	FP_ROUTE KC..KCRJ2

TRACK_TIME 1167737286
TRACK A20110117617219 F 403000 801600 120 30 999 NONE NONE 330
	FP_ROUTE KC..KB737

TRACK_TIME 1167737286
TRACK A20110117617227 F 301360 974000 120 30 999 NONE NONE 220
	FP_ROUTE KC..KA319

TRACK_TIME 1167737286
TRACK A20110117617229 F 254800 801500 120 30 999 NONE NONE 380
	FP_ROUTE KC..KCRJ2

TRACK_TIME 1167737286
TRACK A20110117617230 F 325400 970160 120 30 999 NONE NONE 320
	FP_ROUTE KC..KB737

TRACK_TIME 1167737286
TRACK A20110117617241 F 333900 842700 120 30 999 NONE NONE 190
	FP_ROUTE KC..KE190

TRACK_TIME 1167737286
TRACK A20110117617243 F 332560 1120400 120 30 999 NONE NONE 380
	FP_ROUTE KC..KB739

TRACK_TIME 1167737286
TRACK A20110117617259 F 414200 712700 120 30 999 NONE NONE 370
	FP_ROUTE KT..KCRJ2

TRACK_TIME 1167737286
TRACK A20110117617260 F 425860 875260 120 30 999 NONE NONE 340
	FP_ROUTE KC..KA320

TRACK_TIME 1167737286
TRACK A20110117617261 F 425860 875260 120 30 999 NONE NONE 310
	FP_ROUTE KG..KC550

TRACK_TIME 1167737286
TRACK A20110117617262 F 334960 1163700 120 30 999 NONE NONE 340
	FP_ROUTE KC..KB737

TRACK_TIME 1167737286
TRACK A20110117617263 F 360760 1151060 120 30 999 NONE NONE 230
	FP_ROUTE KC..KB752

TRACK_TIME 1167737286
TRACK A20110117617269 F 420000 875700 120 30 999 NONE NONE 330
	FP_ROUTE KC..KB738

TRACK_TIME 1167737286
TRACK A20110117617276 F 445260 931060 120 30 999 NONE NONE 359
	FP_ROUTE KC..KMD83

TRACK_TIME 1167737286
TRACK A20110117617279 F 425860 875260 120 30 999 NONE NONE 230
	FP_ROUTE KC..KB733

TRACK_TIME 1167737286
TRACK A20110117617280 F 324800 1165400 120 30 999 NONE NONE 380
	FP_ROUTE KC..KE145

TRACK_TIME 1167737286
TRACK A20110117617281 F 391060 764360 120 30 999 NONE NONE 370
	FP_ROUTE KC..KE190

TRACK_TIME 1167737286
TRACK A20110117617282 F 445260 931200 120 30 999 NONE NONE 380
	FP_ROUTE KC..KA320

TRACK_TIME 1167737286
TRACK A20110117617283 F 325500 970160 120 30 999 NONE NONE 360
	FP_ROUTE KC..KB752

TRACK_TIME 1167737286
TRACK A20110117617296 F 315500 1021300 120 30 999 NONE NONE 400
	FP_ROUTE KC..KB733

TRACK_TIME 1167737286
TRACK A20110117617298 F 344960 821600 120 30 999 NONE NONE 360
	FP_ROUTE KC..KB733

TRACK_TIME 1167737286
TRACK A20110117617299 F 404500 735400 120 30 999 NONE NONE 350
	FP_ROUTE KC..KE145

TRACK_TIME 1167737286
TRACK A20110117617303 F 211900 1575800 120 30 999 NONE NONE 390
	FP_ROUTE KC..KB712

TRACK_TIME 1167737286
TRACK A20110117617306 F 352200 804300 120 30 999 NONE NONE 370
	FP_ROUTE KC..KB712

TRACK_TIME 1167737286
TRACK A20110117617311 F 335700 1182700 120 30 999 NONE NONE 350
	FP_ROUTE KG..KFA50

TRACK_TIME 1167737286
TRACK A20110117617313 F 194600 1560160 120 30 999 NONE NONE 380
	FP_ROUTE KC..KA332

TRACK_TIME 1167737286
TRACK A20110117617321 F 260300 800760 120 30 999 NONE NONE 370
	FP_ROUTE KC..KMD82

TRACK_TIME 1167737286
TRACK A20110117617324 F 403700 734660 120 30 999 NONE NONE 340
	FP_ROUTE KG..KLJ45

TRACK_TIME 1167737286
TRACK A20110117617335 F 312100 923460 120 30 999 NONE NONE 210
	FP_ROUTE KC..KB738

TRACK_TIME 1167737286
TRACK A20110117617348 F 604660 1513000 120 30 999 NONE NONE 210
	FP_ROUTE KC..KB712

TRACK_TIME 1167737286
TRACK A20110117617351 F 404060 894360 120 30 999 NONE NONE 310
	FP_ROUTE KC..KA319

TRACK_TIME 1167737286
TRACK A20110117617356 F 332560 1115800 120 30 999 NONE NONE 380
	FP_ROUTE KC..KB738

TRACK_TIME 1167737286
TRACK A20110117617361 F 304600 910600 120 30 999 NONE NONE 210
	FP_ROUTE KC..KB737

TRACK_TIME 1167737286
TRACK A20110117617366 F 302860 814360 120 30 999 NONE NONE 350
	FP_ROUTE KC..KCRJ2

TRACK_TIME 1167737286
TRACK A20110117617367 F 325260 970300 120 30 999 NONE NONE 370
	FP_ROUTE KC..KB738

TRACK_TIME 1167737286
TRACK A20110117617369 F 453460 1223400 120 30 999 NONE NONE 340
	FP_ROUTE KC..KE145

TRACK_TIME 1167737286
TRACK A20110117617370 F 422260 712500 120 30 999 NONE NONE 390
	FP_ROUTE KC..KB752

TRACK_TIME 1167737286
TRACK A20110117617382 F 411360 725400 120 30 999 NONE NONE 230
	FP_ROUTE KC..KE135

TRACK_TIME 1167737286
TRACK A20110117617384 F 350400 895860 120 30 999 NONE NONE 400
	FP_ROUTE KC..KMD82

TRACK_TIME 1167737286
TRACK A20110117617386 F 413460 934200 120 30 999 NONE NONE 340
	FP_ROUTE KC..KE145

TRACK_TIME 1167737286
TRACK A20110117617388 F 403600 734660 120 30 999 NONE NONE 390
	FP_ROUTE KC..KA319

TRACK_TIME 1167737286
TRACK A20110117617400 F 413400 934060 120 30 999 NONE NONE 280
	FP_ROUTE KC..KMD82

TRACK_TIME 1167737286
TRACK A20110117617402 F 325560 970300 120 30 999 NONE NONE 330
	FP_ROUTE KC..KB738

TRACK_TIME 1167737286
TRACK A20110117617403 F 325100 970300 120 30 999 NONE NONE 320
	FP_ROUTE KC..KB752

TRACK_TIME 1167737286
TRACK A20110117617415 F 403000 801900 120 30 999 NONE NONE 310
	FP_ROUTE KC..KE145

TRACK_TIME 1167737286
TRACK A20110117617417 F 404200 894600 120 30 999 NONE NONE 220
	FP_ROUTE KC..KMD82

TRACK_TIME 1167737286
TRACK A20110117617424 F 400000 825500 120 30 999 NONE NONE 270
	FP_ROUTE KC..KB752

TRACK_TIME 1167737286
TRACK A20110117617429 F 404500 735400 120 30 999 NONE NONE 330
	FP_ROUTE KC..KB735

TRACK_TIME 1167737286
TRACK A20110117617431 F 421300 831960 120 30 999 NONE NONE 400
	FP_ROUTE KC..KB772

TRACK_TIME 1167737286
TRACK A20110117617432 F 433760 1104300 120 30 999 NONE NONE 400
	FP_ROUTE KC..KE145

TRACK_TIME 1167737286
TRACK A20110117617433 F 374300 1221060 120 30 999 NONE NONE 450
	FP_ROUTE KC..KMD82

TRACK_TIME 1167737286
TRACK A20110117617434 F 333700 842860 120 30 999 NONE NONE 380
	FP_ROUTE KC..KB738

TRACK_TIME 1167737286
TRACK A20110117617435 F 360900 1150760 120 30 999 NONE NONE 330
	FP_ROUTE KC..KE135

TRACK_TIME 1167737286
TRACK A20110117617436 F 333700 842860 120 30 999 NONE NONE 310
	FP_ROUTE KT..KCRJ9

TRACK_TIME 1167737286
TRACK A20110117617440 F 360400 1150700 120 30 999 NONE NONE 380
	FP_ROUTE KC..KE135

TRACK_TIME 1167737286
TRACK A20110117617441 F 332560 1120400 120 30 999 NONE NONE 400
	FP_ROUTE KC..KA319

TRACK_TIME 1167737286
TRACK A20110117617442 F 341200 1182260 120 30 999 NONE NONE 340
	FP_ROUTE KC..KE170

TRACK_TIME 1167737286
TRACK A20110117617443 F 384300 1213600 120 30 999 NONE NONE 380
	FP_ROUTE KT..KE120

TRACK_TIME 1167737286
TRACK A20110117617444 F 373600 1221960 120 30 999 NONE NONE 340
	FP_ROUTE KC..KB733

TRACK_TIME 1167737286
TRACK A20110117617446 F 354500 835260 120 30 999 NONE NONE 300
	FP_ROUTE KT..KE145

TRACK_TIME 1167737286
TRACK A20110117617447 F 390400 844000 120 30 999 NONE NONE 230
	FP_ROUTE KC..KB734

TRACK_TIME 1167737286
TRACK A20110117617453 F 391060 764300 120 30 999 NONE NONE 330
	FP_ROUTE KC..KMD82

TRACK_TIME 1167737286
TRACK A20110117617454 F 283000 811960 120 30 999 NONE NONE 410
	FP_ROUTE KC..KB752

TRACK_TIME 1167737286
TRACK A20110117617455 F 335560 1182260 120 30 999 NONE NONE 380
	FP_ROUTE KT..KB752

TRACK_TIME 1167737286
TRACK A20110117617456 F 325560 970300 120 30 999 NONE NONE 360
	FP_ROUTE KC..KB737

TRACK_TIME 1167737286
TRACK A20110117617457 F 300000 951800 120 30 999 NONE NONE 340
	FP_ROUTE KT..KCRJ2

TRACK_TIME 1167737286
TRACK A20110117617459 F 263400 813300 120 30 999 NONE NONE 360
	FP_ROUTE KC..KB738

TRACK_TIME 1167737286
TRACK A20110117617462 F 373600 1221900 120 30 999 NONE NONE 360
	FP_ROUTE KC..KB737

TRACK_TIME 1167737286
TRACK A20110117617467 F 445400 931360 120 30 999 NONE NONE 260
	FP_ROUTE KC..KCRJ2

TRACK_TIME 1167737286
TRACK A20110117617470 F 461960 872400 120 30 999 NONE NONE 310
	FP_ROUTE KG..KBE9L

TRACK_TIME 1167737286
TRACK A20110117617471 F 384900 770160 120 30 999 NONE NONE 390
	FP_ROUTE KC..KE170

TRACK_TIME 1167737286
TRACK A20110117617477 F 205100 1562700 120 30 999 NONE NONE 340
	FP_ROUTE KC..KCRJ9

TRACK_TIME 1167737286
TRACK A20110117617480 F 372800 771960 120 30 999 NONE NONE 370
	FP_ROUTE KC..KE145

TRACK_TIME 1167737286
TRACK A20110117617502 F 333900 842800 120 30 999 NONE NONE 380
	FP_ROUTE KC..KB739

TRACK_TIME 1167737286
TRACK A20110117617504 F 581660 1520160 120 30 999 NONE NONE 210
	FP_ROUTE KC..KB752

TRACK_TIME 1167737286
TRACK A20110117617508 F 394900 1043900 120 30 999 NONE NONE 380
	FP_ROUTE KC..KB737

TRACK_TIME 1167737286
TRACK A20110117617512 F 412700 814800 120 30 999 NONE NONE 350
	FP_ROUTE KC..KE145

TRACK_TIME 1167737286
TRACK A20110117617516 F 404360 1115800 120 30 999 NONE NONE 370
	FP_ROUTE KC..KMD83

TRACK_TIME 1167737286
TRACK A20110117617518 F 395260 1043600 120 30 999 NONE NONE 330
	FP_ROUTE KC..KB737

TRACK_TIME 1167737286
TRACK A20110117617519 F 453460 1223400 120 30 999 NONE NONE 320
	FP_ROUTE KC..KA320

TRACK_TIME 1167737286
TRACK A20110117617526 F 395200 751360 120 30 999 NONE NONE 300
	FP_ROUTE KC..KMD82

TRACK_TIME 1167737286
TRACK A20110117617532 F 293700 951800 120 30 999 NONE NONE 380
	FP_ROUTE KC..KA319

TRACK_TIME 1167737286
TRACK A20110117617535 F 325100 965200 120 30 999 NONE NONE 200
	FP_ROUTE KG..KC510

TRACK_TIME 1167737286
TRACK A20110117617540 F 293100 982860 120 30 999 NONE NONE 300
	FP_ROUTE KC..KE170

TRACK_TIME 1167737286
TRACK A20110117617551 F 261600 820400 120 30 999 NONE NONE 410
	FP_ROUTE KT..KF2TH

TRACK_TIME 1167737286
TRACK A20110117617552 F 360460 1150900 120 30 999 NONE NONE 280
	FP_ROUTE KT..KF2TH

TRACK_TIME 1167737286
TRACK A20110117617554 F 372100 1215500 120 30 999 NONE NONE 320
	FP_ROUTE KC..KA320

TRACK_TIME 1167737286
TRACK A20110117617555 F 414900 874800 120 30 999 NONE NONE 370
	FP_ROUTE KC..KB734

TRACK_TIME 1167737286
TRACK A20110117617559 F 403900 741200 120 30 999 NONE NONE 350
	FP_ROUTE KC..KE170

TRACK_TIME 1167737286
TRACK A20110117617560 F 303700 862860 120 30 999 NONE NONE 370
	FP_ROUTE KG..KCL60

TRACK_TIME 1167737286
TRACK A20110117617561 F 255700 972860 120 30 999 NONE NONE 380
	FP_ROUTE KC..KB752

TRACK_TIME 1167737286
TRACK A20110117617562 F 411800 955260 120 30 999 NONE NONE 400
	FP_ROUTE KC..KB738

TRACK_TIME 1167737286
TRACK A20110117617565 F 394960 1044360 120 30 999 NONE NONE 380
	FP_ROUTE KC..KB738

TRACK_TIME 1167737286
TRACK A20110117617566 F 404500 1115800 120 30 999 NONE NONE 320
	FP_ROUTE KC..KB752

TRACK_TIME 1167737286
TRACK A20110117617575 F 440760 1231300 120 30 999 NONE NONE 340
	FP_ROUTE KC..KB737

TRACK_TIME 1167737286
TRACK A20110117617589 F 333700 1014800 120 30 999 NONE NONE 300
	FP_ROUTE KT..KCRJ1

TRACK_TIME 1167737286
TRACK A20110117617590 F 395200 751660 120 30 999 NONE NONE 330
	FP_ROUTE KC..KB737

TRACK_TIME 1167737286
TRACK A20110117617591 F 430300 713100 120 30 999 NONE NONE 310
	FP_ROUTE KC..KCRJ2

TRACK_TIME 1167737286
TRACK A20110117617593 F 412400 753600 120 30 999 NONE NONE 270
	FP_ROUTE KC..KA320

TRACK_TIME 1167737286
TRACK A20110117617597 F 333900 842700 120 30 999 NONE NONE 300
	FP_ROUTE KC..KB733

TRACK_TIME 1167737286
TRACK A20110117617598 F 384500 902100 120 30 999 NONE NONE 320
	FP_ROUTE KC..KMD83

TRACK_TIME 1167737286
TRACK A20110117617599 F 414900 874800 120 30 999 NONE NONE 340
	FP_ROUTE KC..KB733

TRACK_TIME 1167737286
TRACK A20110117617600 F 333700 843000 120 30 999 NONE NONE 290
	FP_ROUTE KC..KE145

TRACK_TIME 1167737286
TRACK A20110117617603 F 325500 970300 120 30 999 NONE NONE 360
	FP_ROUTE KC..KB733

TRACK_TIME 1167737286
TRACK A20110117617604 F 335400 1183100 120 30 999 NONE NONE 330
	FP_ROUTE KC..KB733

TRACK_TIME 1167737286
TRACK A20110117617610 F 412560 814900 120 30 999 NONE NONE 240
	FP_ROUTE KC..KA320

TRACK_TIME 1167737286
TRACK A20110117617618 F 215700 1591960 120 30 999 NONE NONE 370
	FP_ROUTE KC..KCRJ2

TRACK_TIME 1167737286
TRACK A20110117617628 F 335560 1182560 120 30 999 NONE NONE 410
	FP_ROUTE KC..KE135

TRACK_TIME 1167737286
TRACK A20110117617629 F 395500 1044200 120 30 999 NONE NONE 390
	FP_ROUTE KT..KDH8D

TRACK_TIME 1167737286
TRACK A20110117617630 F 395200 751660 120 30 999 NONE NONE 370
	FP_ROUTE KC..KE145

TRACK_TIME 1167737286
TRACK A20110117617635 F 282860 811660 120 30 999 NONE NONE 360
	FP_ROUTE KC..KB737

TRACK_TIME 1167737286
TRACK A20110117617638 F 472700 1221900 120 30 999 NONE NONE 340
	FP_ROUTE KC..KE145

TRACK_TIME 1167737286
TRACK A20110117617639 F 384800 770160 120 30 999 NONE NONE 220
	FP_ROUTE KC..KE170

TRACK_TIME 1167737286
TRACK A20110117617647 F 480460 1005560 120 30 999 NONE NONE 260
	FP_ROUTE KC..KA320

TRACK_TIME 1167737286
TRACK A20110117617659 F 300100 901360 120 30 999 NONE NONE 360
	FP_ROUTE KC..KB737

TRACK_TIME 1167737286
TRACK A20110117617683 F 384800 770160 120 30 999 NONE NONE 350
	FP_ROUTE KC..KB733

TRACK_TIME 1167737286
TRACK A20110117617684 F 372100 1215500 120 30 999 NONE NONE 380
	FP_ROUTE KC..KCRJ2

TRACK_TIME 1167737286
TRACK A20110117617693 F 472800 1221900 120 30 999 NONE NONE 239
	FP_ROUTE KC..KB737

TRACK_TIME 1167737286
TRACK A20110117617705 F 334000 1175260 120 30 999 NONE NONE 360
	FP_ROUTE KC..KB738

TRACK_TIME 1167737286
TRACK A20110117617714 F 333760 842860 120 30 999 NONE NONE 360
	FP_ROUTE KT..KCRJ2

TRACK_TIME 1167737286
TRACK A20110117617719 F 351300 805560 120 30 999 NONE NONE 320
	FP_ROUTE KC..KCRJ9

TRACK_TIME 1167737286
TRACK A20110117617722 F 395560 751300 120 30 999 NONE NONE 230
	FP_ROUTE KC..KB752

TRACK_TIME 1167737286
TRACK A20110117617725 F 260160 800700 120 30 999 NONE NONE 350
	FP_ROUTE KC..KB733

TRACK_TIME 1167737286
TRACK A20110117617730 F 335700 1182560 120 30 999 NONE NONE 390
	FP_ROUTE KC..KB733

TRACK_TIME 1167737286
TRACK A20110117617731 F 404660 1115800 120 30 999 NONE NONE 350
	FP_ROUTE KC..KB737

TRACK_TIME 1167737286
TRACK A20110117617742 F 472800 1221900 120 30 999 NONE NONE 360
	FP_ROUTE KC..KE190

TRACK_TIME 1167737286
TRACK A20110117617744 F 301200 974060 120 30 999 NONE NONE 200
	FP_ROUTE KC..KCRJ2

TRACK_TIME 1167737286
TRACK A20110117617752 F 282860 811960 120 30 999 NONE NONE 330
	FP_ROUTE KC..KE145

TRACK_TIME 1167737286
TRACK A20110117617763 F 420100 875560 120 30 999 NONE NONE 380
	FP_ROUTE KT..KCRJ2

TRACK_TIME 1167737286
TRACK A20110117617764 F 420400 875860 120 30 999 NONE NONE 200
	FP_ROUTE KC..KE145

TRACK_TIME 1167737286
TRACK A20110117617766 F 324360 1171800 120 30 999 NONE NONE 370
	FP_ROUTE KC..KE120

TRACK_TIME 1167737286
TRACK A20110117617767 F 320760 1105800 120 30 999 NONE NONE 370
	FP_ROUTE KT..KE135

TRACK_TIME 1167737286
TRACK A20110117617771 F 320900 1105860 120 30 999 NONE NONE 320
	FP_ROUTE KC..KE120

TRACK_TIME 1167737286
TRACK A20110117617773 F 412800 814660 120 30 999 NONE NONE 310
	FP_ROUTE KC..KE120

TRACK_TIME 1167737286
TRACK A20110117617774 F 350400 895800 120 30 999 NONE NONE 300
	FP_ROUTE KG..KF2TH

TRACK_TIME 1167737286
TRACK A20110117617777 F 384800 770160 120 30 999 NONE NONE 330
	FP_ROUTE KG..KBE20

TRACK_TIME 1167737286
TRACK A20110117617783 F 332560 1120300 120 30 999 NONE NONE 380
	FP_ROUTE KC..KA321

TRACK_TIME 1167737286
TRACK A20110117617784 F 350300 895860 120 30 999 NONE NONE 290
	FP_ROUTE KC..KSW4

TRACK_TIME 1167737286
TRACK A20110117617786 F 334300 1175100 120 30 999 NONE NONE 370
	FP_ROUTE KC..KB738

TRACK_TIME 1167737286
TRACK A20110117617791 F 393160 1073600 120 30 999 NONE NONE 360
	FP_ROUTE KC..KB737

TRACK_TIME 1167737286
TRACK A20110117617792 F 330700 1172260 120 30 999 NONE NONE 380
	FP_ROUTE KC..KE190

TRACK_TIME 1167737286
TRACK A20110117617805 F 391060 764360 120 30 999 NONE NONE 370
	FP_ROUTE KC..KA320

TRACK_TIME 1167737286
TRACK A20110117617806 F 325500 970160 120 30 999 NONE NONE 200
	FP_ROUTE KC..KB738

TRACK_TIME 1167737286
TRACK A20110117617812 F 360460 1150900 120 30 999 NONE NONE 380
	FP_ROUTE KC..KA320

TRACK_TIME 1167737286
TRACK A20110117617818 F 365100 761360 120 30 999 NONE NONE 190
	FP_ROUTE KC..KB738

TRACK_TIME 1167737286
TRACK A20110117617820 F 394900 1043900 120 30 999 NONE NONE 360
	FP_ROUTE KC..KB752

TRACK_TIME 1167737286
TRACK A20110117617821 F 303000 814200 120 30 999 NONE NONE 320
	FP_ROUTE KC..KA320

TRACK_TIME 1167737286
TRACK A20110117617829 F 280100 823160 120 30 999 NONE NONE 320
	FP_ROUTE KT..KE145

TRACK_TIME 1167737286
TRACK A20110117617832 F 403760 741000 120 30 999 NONE NONE 350
	FP_ROUTE KC..KA320

TRACK_TIME 1167737286
TRACK A20110117617835 F 445400 931360 120 30 999 NONE NONE 360
	FP_ROUTE KC..KCRJ2

TRACK_TIME 1167737286
TRACK A20110117617839 F 344500 921300 120 30 999 NONE NONE 320
	FP_ROUTE KC..KA320

TRACK_TIME 1167737286
TRACK A20110117617854 F 335700 1182560 120 30 999 NONE NONE 380
	FP_ROUTE KC..KA319

TRACK_TIME 1167737286
TRACK A20110117617858 F 300000 952200 120 30 999 NONE NONE 390
	FP_ROUTE KC..KCRJ2

TRACK_TIME 1167737286
TRACK A20110117617862 F 390460 844000 120 30 999 NONE NONE 370
	FP_ROUTE KC..KE145

TRACK_TIME 1167737286
TRACK A20110117617863 F 355200 784800 120 30 999 NONE NONE 290
	FP_ROUTE KC..KE135

TRACK_TIME 1167737286
TRACK A20110117617869 F 295860 951660 120 30 999 NONE NONE 320
	FP_ROUTE KC..KB752

TRACK_TIME 1167737286
TRACK A20110117617876 F 404000 741060 120 30 999 NONE NONE 310
	FP_ROUTE KC..KE145

TRACK_TIME 1167737286
TRACK A20110117617881 F 395200 841660 120 30 999 NONE NONE 320
	FP_ROUTE KT..KCRJ2

TRACK_TIME 1167737286
TRACK A20110117617885 F 445200 931200 120 30 999 NONE NONE 350
	FP_ROUTE KT..KCRJ1

TRACK_TIME 1167737286
TRACK A20110117617886 F 325500 970300 120 30 999 NONE NONE 330
	FP_ROUTE KC..KB738

TRACK_TIME 1167737286
TRACK A20110117617890 F 420100 875500 120 30 999 NONE NONE 210
	FP_ROUTE KC..KB738

TRACK_TIME 1167737286
TRACK A20110117617896 F 395200 751660 120 30 999 NONE NONE 280
	FP_ROUTE KC..KE170

TRACK_TIME 1167737286
TRACK A20110117617899 F 394900 1044060 120 30 999 NONE NONE 350
	FP_ROUTE KC..KB735

TRACK_TIME 1167737286
TRACK A20110117617909 F 303000 870900 120 30 999 NONE NONE 290
	FP_ROUTE KC..KE120

TRACK_TIME 1167737286
TRACK A20110117617910 F 350400 895800 120 30 999 NONE NONE 260
	FP_ROUTE KC..KCRJ2

TRACK_TIME 1167737286
TRACK A20110117617918 F 350400 895860 120 30 999 NONE NONE 260
	FP_ROUTE KC..KB737

TRACK_TIME 1167737286
TRACK A20110117617920 F 424500 735860 120 30 999 NONE NONE 240
	FP_ROUTE KC..KMD83

TRACK_TIME 1167737286
TRACK A20110117617922 F 445200 931000 120 30 999 NONE NONE 340
	FP_ROUTE KT..KCRJ1

TRACK_TIME 1167737286
TRACK A20110117617925 F 275560 823300 120 30 999 NONE NONE 301
	FP_ROUTE KC..KB735

TRACK_TIME 1167737286
TRACK A20110117617929 F 421360 832200 120 30 999 NONE NONE 350
	FP_ROUTE KC..KB737

TRACK_TIME 1167737286
TRACK A20110117617930 F 403760 741200 120 30 999 NONE NONE 330
	FP_ROUTE KC..KB735

TRACK_TIME 1167737286
TRACK A20110117617935 F 335500 1181500 120 30 999 NONE NONE 330
	FP_ROUTE KT..KE145

TRACK_TIME 1167737286
TRACK A20110117617936 F 351060 805560 120 30 999 NONE NONE 330
	FP_ROUTE KC..KCRJ2

TRACK_TIME 1167737286
TRACK A20110117617948 F 351360 805800 120 30 999 NONE NONE 350
	FP_ROUTE KC..KE145

TRACK_TIME 1167737286
TRACK A20110117617950 F 420100 875700 120 30 999 NONE NONE 370
	FP_ROUTE KT..KE145

TRACK_TIME 1167737286
TRACK A20110117617952 F 333700 842800 120 30 999 NONE NONE 220
	FP_ROUTE KC..KE170

TRACK_TIME 1167737286
TRACK A20110117617955 F 340100 1182560 120 30 999 NONE NONE 380
	FP_ROUTE KC..KE145

TRACK_TIME 1167737286
TRACK A20110117617961 F 425500 784500 120 30 999 NONE NONE 260
	FP_ROUTE KT..KCRJ1

TRACK_TIME 1167737286
TRACK A20110117617968 F 472860 1221800 120 30 999 NONE NONE 360
	FP_ROUTE KC..KF2TH

TRACK_TIME 1167737286
TRACK A20110117617972 F 333900 842860 120 30 999 NONE NONE 340
	FP_ROUTE KC..KE145

TRACK_TIME 1167737286
TRACK A20110117617973 F 395200 751660 120 30 999 NONE NONE 320
	FP_ROUTE KC..KE145

TRACK_TIME 1167737286
TRACK A20110117617974 F 402860 801600 120 30 999 NONE NONE 220
	FP_ROUTE KC..KB737

TRACK_TIME 1167737286
TRACK A20110117617975 F 254800 801500 120 30 999 NONE NONE 330
	FP_ROUTE KC..KA320

TRACK_TIME 1167737286
TRACK A20110117617978 F 420000 875500 120 30 999 NONE NONE 360
	FP_ROUTE KT..KCRJ2

TRACK_TIME 1167737286
TRACK A20110117617980 F 413000 741000 120 30 999 NONE NONE 410
	FP_ROUTE KC..KA319

TRACK_TIME 1167737286
TRACK A20110117617983 F 384900 770160 120 30 999 NONE NONE 180
	FP_ROUTE KC..KA320

TRACK_TIME 1167737286
TRACK A20110117617985 F 355100 784900 120 30 999 NONE NONE 320
	FP_ROUTE KC..KA320

TRACK_TIME 1167737286
TRACK A20110117617986 F 462860 1110600 120 30 999 NONE NONE 240
	FP_ROUTE KT..KCRJ2

TRACK_TIME 1167737286
TRACK A20110117617988 F 303400 910160 120 30 999 NONE NONE 180
	FP_ROUTE KC..KB738

TRACK_TIME 1167737286
TRACK A20110117617990 F 404500 1115800 120 30 999 NONE NONE 350
	FP_ROUTE KC..KE135

TRACK_TIME 1167737286
TRACK A20110117617991 F 360460 1150900 120 30 999 NONE NONE 330
	FP_ROUTE KC..KB737

TRACK_TIME 1167737286
TRACK A20110117617992 F 315560 1021200 120 30 999 NONE NONE 350
	FP_ROUTE KC..KA319

TRACK_TIME 1167737286
TRACK A20110117617994 F 442860 880460 120 30 999 NONE NONE 230
	FP_ROUTE KT..KCRJ2

TRACK_TIME 1167737286
TRACK A20110117617998 F 332560 1115860 120 30 999 NONE NONE 340
	FP_ROUTE KC..KA320

TRACK_TIME 1167737286
TRACK A20110117618000 F 351200 805800 120 30 999 NONE NONE 310
	FP_ROUTE KT..KE145

TRACK_TIME 1167737286
TRACK A20110117618003 F 422260 710000 120 30 999 NONE NONE 210
	FP_ROUTE KC..KE120

TRACK_TIME 1167737286
TRACK A20110117618005 F 333700 785500 120 30 999 NONE NONE 210
	FP_ROUTE KC..KB737

TRACK_TIME 1167737286
TRACK A20110117618009 F 395500 1044060 120 30 999 NONE NONE 350
	FP_ROUTE KC..KCRJ2

TRACK_TIME 1167737286
TRACK A20110117618014 F 392700 1194600 120 30 999 NONE NONE 380
	FP_ROUTE KC..KB737

TRACK_TIME 1167737286
TRACK A20110117618017 F 385860 772560 120 30 999 NONE NONE 370
	FP_ROUTE KC..KB752

TRACK_TIME 1167737286
TRACK A20110117618021 F 605800 1513100 120 30 999 NONE NONE 350
	FP_ROUTE KG..KBE9L

TRACK_TIME 1167737286
TRACK A20110117618023 F 260460 801300 120 30 999 NONE NONE 400
	FP_ROUTE KC..KA320

TRACK_TIME 1167737286
TRACK A20110117618024 F 360900 863900 120 30 999 NONE NONE 380
	FP_ROUTE KC..KA320

TRACK_TIME 1167737286
TRACK A20110117618029 F 433760 701600 120 30 999 NONE NONE 310
	FP_ROUTE KC..KB735

TRACK_TIME 1167737286
TRACK A20110117618039 F 325400 970100 120 30 999 NONE NONE 280
	FP_ROUTE KC..KA320

TRACK_TIME 1167737286
TRACK A20110117618040 F 332560 1115860 120 30 999 NONE NONE 340
	FP_ROUTE KT..KE145

TRACK_TIME 1167737286
TRACK A20110117618043 F 384900 770100 120 30 999 NONE NONE 210
	FP_ROUTE KC..KB763

TRACK_TIME 1167737286
TRACK A20110117618051 F 395200 751360 120 30 999 NONE NONE 290
	FP_ROUTE KC..KCRJ9

TRACK_TIME 1167737286
TRACK A20110117618061 F 332860 805800 120 30 999 NONE NONE 190
	FP_ROUTE KC..KB738

TRACK_TIME 1167737286
TRACK A20110117618062 F 344300 872860 120 30 999 NONE NONE 200
	FP_ROUTE KC..KA320

TRACK_TIME 1167737286
TRACK A20110117618072 F 474600 1034360 120 30 999 NONE NONE 240
	FP_ROUTE KC..KB752

TRACK_TIME 1167737286
TRACK A20110117618074 F 384960 770160 120 30 999 NONE NONE 370
	FP_ROUTE KC..KE120

TRACK_TIME 1167737286
TRACK A20110117618075 F 335700 1182260 120 30 999 NONE NONE 390
	FP_ROUTE KC..KE120

TRACK_TIME 1167737286
TRACK A20110117618085 F 373900 1220760 120 30 999 NONE NONE 360
	FP_ROUTE KC..KB752

TRACK_TIME 1167737286
TRACK A20110117618086 F 341200 1181360 120 30 999 NONE NONE 370
	FP_ROUTE KC..KB738

TRACK_TIME 1167737286
TRACK A20110117618094 F 282800 811960 120 30 999 NONE NONE 390
	FP_ROUTE KC..KB737

TRACK_TIME 1167737286
TRACK A20110117618097 F 392260 944060 120 30 999 NONE NONE 380
	FP_ROUTE KC..KB737

TRACK_TIME 1167737286
TRACK A20110117618098 F 335700 1182700 120 30 999 NONE NONE 380
	FP_ROUTE KC..KCRJ2

TRACK_TIME 1167737286
TRACK A20110117618102 F 394960 1043900 120 30 999 NONE NONE 380
	FP_ROUTE KC..KMD83

TRACK_TIME 1167737286
TRACK A20110117618103 F 211900 1575800 120 30 999 NONE NONE 380
	FP_ROUTE KC..KE145

TRACK_TIME 1167737286
TRACK A20110117618122 F 360460 1151300 120 30 999 NONE NONE 320
	FP_ROUTE KC..KB712

TRACK_TIME 1167737286
TRACK A20110117618132 F 351300 805560 120 30 999 NONE NONE 350
	FP_ROUTE KC..KA319

TRACK_TIME 1167737286
TRACK A20110117618133 F 394900 1044000 120 30 999 NONE NONE 350
	FP_ROUTE KC..KE170

TRACK_TIME 1167737286
TRACK A20110117618138 F 615560 1501600 120 30 999 NONE NONE 350
	FP_ROUTE KC..KE145

TRACK_TIME 1167737286
TRACK A20110117618144 F 404800 735100 120 30 999 NONE NONE 290
	FP_ROUTE KT..KCRJ2

TRACK_TIME 1167737286
TRACK A20110117618154 F 355860 1150700 120 30 999 NONE NONE 230
	FP_ROUTE KG..KC560

TRACK_TIME 1167737286
TRACK A20110117618163 F 420100 875560 120 30 999 NONE NONE 360
	FP_ROUTE KC..KE135

TRACK_TIME 1167737286
TRACK A20110117618166 F 360460 801360 120 30 999 NONE NONE 270
	FP_ROUTE KC..KB737

TRACK_TIME 1167737286
TRACK A20110117618168 F 302500 863460 120 30 999 NONE NONE 310
	FP_ROUTE KG..KFA20

TRACK_TIME 1167737286
TRACK A20110117618169 F 334300 882200 120 30 999 NONE NONE 320
	FP_ROUTE KC..KE135

TRACK_TIME 1167737286
TRACK A20110117618171 F 360460 1151200 120 30 999 NONE NONE 360
	FP_ROUTE KG..KC750

TRACK_TIME 1167737286
TRACK A20110117618172 F 350900 850900 120 30 999 NONE NONE 320
	FP_ROUTE KC..KA320

TRACK_TIME 1167737286
TRACK A20110117618175 F 264360 795860 120 30 999 NONE NONE 360
	FP_ROUTE KG..KLJ45

TRACK_TIME 1167737286
TRACK A20110117618182 F 445260 931060 120 30 999 NONE NONE 340
	FP_ROUTE KG..KLJ45

TRACK_TIME 1167737286
TRACK A20110117618184 F 404600 734960 120 30 999 NONE NONE 310
	FP_ROUTE KC..KE170

TRACK_TIME 1167737286
TRACK A20110117618192 F 381960 785100 120 30 999 NONE NONE 330
	FP_ROUTE KC..KE190

TRACK_TIME 1167737286
TRACK A20110117618194 F 403900 734500 120 30 999 NONE NONE 370
	FP_ROUTE KC..KB752

TRACK_TIME 1167737286
TRACK A20110117618196 F 404500 735400 120 30 999 NONE NONE 250
	FP_ROUTE KC..KCRJ9

TRACK_TIME 1167737286
TRACK A20110117618206 F 384960 945400 120 30 999 NONE NONE 350
	FP_ROUTE KT..KE145

TRACK_TIME 1167737286
TRACK A20110117618207 F 393700 1045100 120 30 999 NONE NONE 360
	FP_ROUTE KT..KCRJ2

TRACK_TIME 1167737286
TRACK A20110117618209 F 410100 734000 120 30 999 NONE NONE 230
	FP_ROUTE KC..KB737

TRACK_TIME 1167737286
TRACK A20110117618210 F 295800 951600 120 30 999 NONE NONE 340
	FP_ROUTE KC..KA320

TRACK_TIME 1167737286
TRACK A20110117618215 F 453400 1223400 120 30 999 NONE NONE 360
	FP_ROUTE KC..KB712

TRACK_TIME 1167737286
TRACK A20110117618216 F 394960 1043760 120 30 999 NONE NONE 380
	FP_ROUTE KC..KA320

TRACK_TIME 1167737286
TRACK A20110117618218 F 373700 1222100 120 30 999 NONE NONE 340
	FP_ROUTE KC..KB734

TRACK_TIME 1167737286
TRACK A20110117618224 F 384800 770160 120 30 999 NONE NONE 230
	FP_ROUTE KG..KC550

TRACK_TIME 1167737286
TRACK A20110117618225 F 355100 784900 120 30 999 NONE NONE 220
	FP_ROUTE KC..KB737

TRACK_TIME 1167737286
TRACK A20110117618233 F 390460 843900 120 30 999 NONE NONE 280
	FP_ROUTE KC..KB737

TRACK_TIME 1167737286
TRACK A20110117618238 F 404360 1115800 120 30 999 NONE NONE 300
	FP_ROUTE KC..KB733

TRACK_TIME 1167737286
TRACK A20110117618239 F 340460 1182700 120 30 999 NONE NONE 360
	FP_ROUTE KC..KCRJ2

TRACK_TIME 1167737286
TRACK A20110117618245 F 445260 970900 120 30 999 NONE NONE 220
	FP_ROUTE KC..KCRJ2

TRACK_TIME 1167737286
TRACK A20110117618246 F 425800 875400 120 30 999 NONE NONE 250
	FP_ROUTE KC..KB733

TRACK_TIME 1167737286
TRACK A20110117618248 F 403900 734660 120 30 999 NONE NONE 380
	FP_ROUTE KC..KB733

TRACK_TIME 1167737286
TRACK A20110117618250 F 391060 764300 120 30 999 NONE NONE 390
	FP_ROUTE KC..KB733

TRACK_TIME 1167737286
TRACK A20110117618258 F 384960 770160 120 30 999 NONE NONE 180
	FP_ROUTE KC..KB763

TRACK_TIME 1167737286
TRACK A20110117618259 F 282860 811960 120 30 999 NONE NONE 380
	FP_ROUTE KC..KB738

TRACK_TIME 1167737286
TRACK A20110117618265 F 395200 751660 120 30 999 NONE NONE 270
	FP_ROUTE KT..KCRJ1

TRACK_TIME 1167737286
TRACK A20110117618266 F 422260 710000 120 30 999 NONE NONE 190
	FP_ROUTE KC..KB739

TRACK_TIME 1167737286
TRACK A20110117618272 F 335560 1183160 120 30 999 NONE NONE 410
	FP_ROUTE KC..KA320

TRACK_TIME 1167737286
TRACK A20110117618275 F 332560 1115700 120 30 999 NONE NONE 330
	FP_ROUTE KC..KA320

TRACK_TIME 1167737286
TRACK A20110117618276 F 421360 832200 120 30 999 NONE NONE 370
	FP_ROUTE KC..KMD83

TRACK_TIME 1167737286
TRACK A20110117618281 F 380600 843160 120 30 999 NONE NONE 260
	FP_ROUTE KT..KE145

TRACK_TIME 1167737286
TRACK A20110117618282 F 404600 735100 120 30 999 NONE NONE 270
	FP_ROUTE KC..KB712

TRACK_TIME 1167737286
TRACK A20110117618288 F 412560 814900 120 30 999 NONE NONE 350
	FP_ROUTE KC..KE190

TRACK_TIME 1167737286
TRACK A20110117618292 F 333760 843160 120 30 999 NONE NONE 350
	FP_ROUTE KC..KA319

TRACK_TIME 1167737286
TRACK A20110117618295 F 410160 734060 120 30 999 NONE NONE 370
	FP_ROUTE KC..KE170

TRACK_TIME 1167737286
TRACK A20110117618296 F 420000 875500 120 30 999 NONE NONE 320
	FP_ROUTE KC..KA320

TRACK_TIME 1167737286
TRACK A20110117618297 F 364300 1193700 120 30 999 NONE NONE 300
	FP_ROUTE KC..KB737

TRACK_TIME 1167737286
TRACK A20110117618298 F 211900 1575800 120 30 999 NONE NONE 360
	FP_ROUTE KC..KB738

TRACK_TIME 1167737286
TRACK A20110117618299 F 472700 1221900 120 30 999 NONE NONE 200
	FP_ROUTE KT..KCRJ2

TRACK_TIME 1167737286
TRACK A20110117618310 F 325560 970160 120 30 999 NONE NONE 320
	FP_ROUTE KC..KB752

TRACK_TIME 1167737286
TRACK A20110117618316 F 362700 942200 120 30 999 NONE NONE 320
	FP_ROUTE KC..KB752

TRACK_TIME 1167737286
TRACK A20110117618317 F 421360 832200 120 30 999 NONE NONE 330
	FP_ROUTE KC..KB737

TRACK_TIME 1167737286
TRACK A20110117618320 F 472700 1221900 120 30 999 NONE NONE 240
	FP_ROUTE KT..KCRJ9

TRACK_TIME 1167737286
TRACK A20110117618321 F 332560 1115700 120 30 999 NONE NONE 360
	FP_ROUTE KC..KB735

TRACK_TIME 1167737286
TRACK A20110117618326 F 425500 784600 120 30 999 NONE NONE 250
	FP_ROUTE KC..KA320

TRACK_TIME 1167737286
TRACK A20110117618327 F 262560 800300 120 30 999 NONE NONE 430
	FP_ROUTE KC..KCRJ2

TRACK_TIME 1167737286
TRACK A20110117618328 F 404960 740600 120 30 999 NONE NONE 450
	FP_ROUTE KC..KCRJ2

TRACK_TIME 1167737286
TRACK A20110117618329 F 333460 1175700 120 30 999 NONE NONE 320
	FP_ROUTE KC..KB753

TRACK_TIME 1167737286
TRACK A20110117618334 F 373600 1221900 120 30 999 NONE NONE 380
	FP_ROUTE KT..KCRJ9

TRACK_TIME 1167737286
TRACK A20110117618336 F 391060 764360 120 30 999 NONE NONE 360
	FP_ROUTE KC..KA320

TRACK_TIME 1167737286
TRACK A20110117618337 F 351200 805560 120 30 999 NONE NONE 301
	FP_ROUTE KT..KC750

TRACK_TIME 1167737286
TRACK A20110117618338 F 411800 955400 120 30 999 NONE NONE 360
	FP_ROUTE KC..KE145

TRACK_TIME 1167737286
TRACK A20110117618341 F 473760 1173100 120 30 999 NONE NONE 210
	FP_ROUTE KC..KB712

TRACK_TIME 1167737286
TRACK A20110117618342 F 384900 770160 120 30 999 NONE NONE 220
	FP_ROUTE KG..KBE9L

TRACK_TIME 1167737286
TRACK A20110117618351 F 325700 1025260 120 30 999 NONE NONE 400
	FP_ROUTE KC..KB738

TRACK_TIME 1167737286
TRACK A20110117618352 F 295860 950000 120 30 999 NONE NONE 370
	FP_ROUTE KC..KMD82

TRACK_TIME 1167737286
TRACK A20110117618362 F 384500 901900 120 30 999 NONE NONE 380
	FP_ROUTE KC..KMD82

TRACK_TIME 1167737286
TRACK A20110117618364 F 344500 921300 120 30 999 NONE NONE 330
	FP_ROUTE KC..KCRJ2

TRACK_TIME 1167737286
TRACK A20110117618366 F 300000 952400 120 30 999 NONE NONE 340
	FP_ROUTE KC..KB737

TRACK_TIME 1167737286
TRACK A20110117618367 F 333600 1163100 120 30 999 NONE NONE 400
	FP_ROUTE KC..KE120

TRACK_TIME 1167737286
TRACK A20110117618368 F 333700 842860 120 30 999 NONE NONE 350
	FP_ROUTE KC..KA320

TRACK_TIME 1167737286
TRACK A20110117618369 F 384960 770160 120 30 999 NONE NONE 270
	FP_ROUTE KC..KB737

TRACK_TIME 1167737286
TRACK A20110117618371 F 420000 875700 120 30 999 NONE NONE 360
	FP_ROUTE KC..KCRJ2

TRACK_TIME 1167737286
TRACK A20110117618376 F 391060 764200 120 30 999 NONE NONE 390
	FP_ROUTE KC..KE145

TRACK_TIME 1167737286
TRACK A20110117618378 F 395200 751660 120 30 999 NONE NONE 310
	FP_ROUTE KC..KB737

TRACK_TIME 1167737286
TRACK A20110117618387 F 211660 1575700 120 30 999 NONE NONE 200
	FP_ROUTE KC..KCRJ2

TRACK_TIME 1167737286
TRACK A20110117618389 F 384500 901900 120 30 999 NONE NONE 380
	FP_ROUTE KC..KCRJ2

TRACK_TIME 1167737286
TRACK A20110117618390 F 391900 944200 120 30 999 NONE NONE 340
	FP_ROUTE KC..KMD83

TRACK_TIME 1167737286
TRACK A20110117618392 F 404360 1115800 120 30 999 NONE NONE 310
	FP_ROUTE KC..KMD83

TRACK_TIME 1167737286
TRACK A20110117618394 F 332560 1115860 120 30 999 NONE NONE 380
	FP_ROUTE KC..KCRJ2

TRACK_TIME 1167737286
TRACK A20110117618397 F 351200 805700 120 30 999 NONE NONE 370
	FP_ROUTE KC..KE120

TRACK_TIME 1167737286
TRACK A20110117618399 F 360400 1150600 120 30 999 NONE NONE 360
	FP_ROUTE KT..KCRJ2

TRACK_TIME 1167737286
TRACK A20110117618401 F 384900 770160 120 30 999 NONE NONE 340
	FP_ROUTE KT..KCRJ9

TRACK_TIME 1167737286
TRACK A20110117618402 F 420100 875700 120 30 999 NONE NONE 350
	FP_ROUTE KC..KCRJ2

TRACK_TIME 1167737286
TRACK A20110117618410 F 211800 1575800 120 30 999 NONE NONE 200
	FP_ROUTE KC..KCRJ2

TRACK_TIME 1167737286
TRACK A20110117618412 F 325400 970100 120 30 999 NONE NONE 340
	FP_ROUTE KC..KB744

TRACK_TIME 1167737286
TRACK A20110117618413 F 404600 1115800 120 30 999 NONE NONE 300
	FP_ROUTE KC..KCRJ2

TRACK_TIME 1167737286
TRACK A20110117618414 F 421360 832200 120 30 999 NONE NONE 370
	FP_ROUTE KC..KCRJ2

TRACK_TIME 1167737286
TRACK A20110117618415 F 344600 921060 120 30 999 NONE NONE 250
	FP_ROUTE KG..KBE9L

TRACK_TIME 1167737286
TRACK A20110117618416 F 390700 943600 120 30 999 NONE NONE 320
	FP_ROUTE KC..KE145

TRACK_TIME 1167737286
TRACK A20110117618417 F 423700 923000 120 30 999 NONE NONE 250
	FP_ROUTE KC..KA320

TRACK_TIME 1167737286
TRACK A20110117618418 F 385860 772800 120 30 999 NONE NONE 200
	FP_ROUTE KG..KF2TH

TRACK_TIME 1167737286
TRACK A20110117618427 F 430600 761000 120 30 999 NONE NONE 370
	FP_ROUTE KC..KB737

TRACK_TIME 1167737286
TRACK A20110117618431 F 325560 970160 120 30 999 NONE NONE 220
	FP_ROUTE KC..KA320

TRACK_TIME 1167737286
TRACK A20110117618432 F 325260 970160 120 30 999 NONE NONE 380
	FP_ROUTE KC..KMD82

TRACK_TIME 1167737286
TRACK A20110117618433 F 404500 735400 120 30 999 NONE NONE 370
	FP_ROUTE KT..KDH8D

TRACK_TIME 1167737286
TRACK A20110117618439 F 402100 795700 120 30 999 NONE NONE 220
	FP_ROUTE KT..KE145

TRACK_TIME 1167737286
TRACK A20110117618447 F 404600 1120000 120 30 999 NONE NONE 300
	FP_ROUTE KC..KMD82

TRACK_TIME 1167737286
TRACK A20110117618448 F 325500 970300 120 30 999 NONE NONE 350
	FP_ROUTE KC..KB752

TRACK_TIME 1167737286
TRACK A20110117618450 F 282800 811800 120 30 999 NONE NONE 340
	FP_ROUTE KC..KA320

TRACK_TIME 1167737286
TRACK A20110117618451 F 403000 801660 120 30 999 NONE NONE 230
	FP_ROUTE KC..KB737

TRACK_TIME 1167737286
TRACK A20110117618452 F 395400 750300 120 30 999 NONE NONE 230
	FP_ROUTE KC..KE170

TRACK_TIME 1167737286
TRACK A20110117618453 F 421300 831960 120 30 999 NONE NONE 350
	FP_ROUTE KC..KB752

TRACK_TIME 1167737286
TRACK A20110117618454 F 194360 1550460 120 30 999 NONE NONE 210
	FP_ROUTE KC..KE170

TRACK_TIME 1167737286
TRACK A20110117618458 F 260300 800760 120 30 999 NONE NONE 320
	FP_ROUTE KC..KMD83

TRACK_TIME 1167737286
TRACK A20110117618460 F 254660 801960 120 30 999 NONE NONE 400
	FP_ROUTE KC..KB712

TRACK_TIME 1167737286
TRACK A20110117618464 F 394360 861600 120 30 999 NONE NONE 370
	FP_ROUTE KT..KC750

TRACK_TIME 1167737286
TRACK A20110117618465 F 394900 1044000 120 30 999 NONE NONE 370
	FP_ROUTE KC..KB733

TRACK_TIME 1167737286
TRACK A20110117618467 F 380700 782800 120 30 999 NONE NONE 210
	FP_ROUTE KC..KA320

TRACK_TIME 1167737286
TRACK A20110117618472 F 433760 1104360 120 30 999 NONE NONE 340
	FP_ROUTE KC..KMD82

TRACK_TIME 1167737286
TRACK A20110117618473 F 404960 740600 120 30 999 NONE NONE 410
	FP_ROUTE KC..KE145

TRACK_TIME 1167737286
TRACK A20110117618476 F 394800 1044000 120 30 999 NONE NONE 360
	FP_ROUTE KC..KB752

TRACK_TIME 1167737286
TRACK A20110117618478 F 381660 1043000 120 30 999 NONE NONE 211
	FP_ROUTE KC..KE170

TRACK_TIME 1167737286
TRACK A20110117618480 F 414800 874660 120 30 999 NONE NONE 370
	FP_ROUTE KC..KB752

TRACK_TIME 1167737286
TRACK A20110117618481 F 280160 823160 120 30 999 NONE NONE 370
	FP_ROUTE KC..KA320

TRACK_TIME 1167737286
TRACK A20110117618483 F 360900 863900 120 30 999 NONE NONE 380
	FP_ROUTE KC..KB737

TRACK_TIME 1167737286
TRACK A20110117618487 F 365200 761360 120 30 999 NONE NONE 180
	FP_ROUTE KC..KB763

TRACK_TIME 1167737286
TRACK A20110117618490 F 333900 843000 120 30 999 NONE NONE 400
	FP_ROUTE KG..KC550

TRACK_TIME 1167737286
TRACK A20110117618495 F 440100 912200 120 30 999 NONE NONE 280
	FP_ROUTE KC..KB734

TRACK_TIME 1167737286
TRACK A20110117618499 F 403900 741060 120 30 999 NONE NONE 350
	FP_ROUTE KC..KB737

TRACK_TIME 1167737286
TRACK A20110117618506 F 445260 931360 120 30 999 NONE NONE 340
	FP_ROUTE KC..KB737

TRACK_TIME 1167737286
TRACK A20110117618507 F 402800 1071200 120 30 999 NONE NONE 360
	FP_ROUTE KC..KB737

TRACK_TIME 1167737286
TRACK A20110117618509 F 425800 875260 120 30 999 NONE NONE 320
	FP_ROUTE KT..KC750

TRACK_TIME 1167737286
TRACK A20110117618513 F 282260 811900 120 30 999 NONE NONE 270
	FP_ROUTE KT..KCRJ2

TRACK_TIME 1167737286
TRACK A20110117618514 F 325560 970300 120 30 999 NONE NONE 360
	FP_ROUTE KT..KCRJ2

TRACK_TIME 1167737286
TRACK A20110117618515 F 412560 814900 120 30 999 NONE NONE 260
	FP_ROUTE KT..KC750

TRACK_TIME 1167737286
TRACK A20110117618516 F 334060 1175200 120 30 999 NONE NONE 380
	FP_ROUTE KT..KCRJ9

TRACK_TIME 1167737286
TRACK A20110117618519 F 244500 815200 120 30 999 NONE NONE 240
	FP_ROUTE KC..KCRJ2

TRACK_TIME 1167737286
TRACK A20110117618522 F 410160 734060 120 30 999 NONE NONE 290
	FP_ROUTE KG..KBE20

TRACK_TIME 1167737286
TRACK A20110117618527 F 391060 764200 120 30 999 NONE NONE 390
	FP_ROUTE KC..KB712

TRACK_TIME 1167737286
TRACK A20110117618532 F 385860 772560 120 30 999 NONE NONE 330
	FP_ROUTE KC..KA319

TRACK_TIME 1167737286
TRACK A20110117618534 F 395200 751660 120 30 999 NONE NONE 350
	FP_ROUTE KC..KCRJ2

TRACK_TIME 1167737286
TRACK A20110117618542 F 365260 761300 120 30 999 NONE NONE 240
	FP_ROUTE KC..KE120

TRACK_TIME 1167737286
TRACK A20110117618543 F 384500 902100 120 30 999 NONE NONE 291
	FP_ROUTE KG..KBE20

TRACK_TIME 1167737286
TRACK A20110117618550 F 390600 844000 120 30 999 NONE NONE 330
	FP_ROUTE KG..KFA10

TRACK_TIME 1167737286
TRACK A20110117618551 F 335100 1163900 120 30 999 NONE NONE 319
	FP_ROUTE KC..KA319

TRACK_TIME 1167737286
TRACK A20110117618552 F 390400 844000 120 30 999 NONE NONE 300
	FP_ROUTE KC..KCRJ2

TRACK_TIME 1167737286
TRACK A20110117618553 F 445400 931360 120 30 999 NONE NONE 260
	FP_ROUTE KT..KCRJ2

TRACK_TIME 1167737286
TRACK A20110117618568 F 324360 1171900 120 30 999 NONE NONE 220
	FP_ROUTE KC..KA319

TRACK_TIME 1167737286
TRACK A20110117618571 F 421960 710100 120 30 999 NONE NONE 370
	FP_ROUTE KC..KB738

TRACK_TIME 1167737286
TRACK A20110117618581 F 254800 801960 120 30 999 NONE NONE 230
	FP_ROUTE KC..KE145

TRACK_TIME 1167737286
TRACK A20110117618582 F 384500 901900 120 30 999 NONE NONE 360
	FP_ROUTE KC..KE170

TRACK_TIME 1167737286
TRACK A20110117618583 F 404960 1120000 120 30 999 NONE NONE 340
	FP_ROUTE KG..KFA50

TRACK_TIME 1167737286
TRACK A20110117618584 F 324360 1170900 120 30 999 NONE NONE 330
	FP_ROUTE KC..KA319

TRACK_TIME 1167737286
TRACK A20110117618585 F 390600 843900 120 30 999 NONE NONE 320
	FP_ROUTE KC..KE190

TRACK_TIME 1167737286
TRACK A20110117618586 F 404000 741060 120 30 999 NONE NONE 370
	FP_ROUTE KT..KE145

TRACK_TIME 1167737286
TRACK A20110117618588 F 420100 875700 120 30 999 NONE NONE 370
	FP_ROUTE KC..KE170

TRACK_TIME 1167737286
TRACK A20110117618593 F 254800 801500 120 30 999 NONE NONE 370
	FP_ROUTE KT..KE145

TRACK_TIME 1167737286
TRACK A20110117618595 F 445200 931060 120 30 999 NONE NONE 350
	FP_ROUTE KC..KCRJ2

TRACK_TIME 1167737286
TRACK A20110117618601 F 355200 784900 120 30 999 NONE NONE 300
	FP_ROUTE KC..KE145

TRACK_TIME 1167737286
TRACK A20110117618609 F 194500 1560160 120 30 999 NONE NONE 400
	FP_ROUTE KT..KCRJ2

TRACK_TIME 1167737286
TRACK A20110117618613 F 254800 801660 120 30 999 NONE NONE 360
	FP_ROUTE KC..KE145

TRACK_TIME 1167737286
TRACK A20110117618623 F 280100 823160 120 30 999 NONE NONE 430
	FP_ROUTE KC..KCRJ2

TRACK_TIME 1167737286
TRACK A20110117618632 F 320760 1105800 120 30 999 NONE NONE 360
	FP_ROUTE KC..KB712

TRACK_TIME 1167737286
TRACK A20110117618633 F 294300 980160 120 30 999 NONE NONE 370
	FP_ROUTE KG..KBE9L

TRACK_TIME 1167737286
TRACK A20110117618634 F 325200 964360 120 30 999 NONE NONE 190
	FP_ROUTE KC..KB753

TRACK_TIME 1167737286
TRACK A20110117618650 F 365200 761360 120 30 999 NONE NONE 410
	FP_ROUTE KC..KCRJ2

TRACK_TIME 1167737286
TRACK A20110117618651 F 445200 931060 120 30 999 NONE NONE 370
	FP_ROUTE KC..KA319

TRACK_TIME 1167737286
TRACK A20110117618657 F 323160 920000 120 30 999 NONE NONE 300
	FP_ROUTE KG..KC550

TRACK_TIME 1167737286
TRACK A20110117618660 F 333700 842860 120 30 999 NONE NONE 370
	FP_ROUTE KG..KC550

TRACK_TIME 1167737286
TRACK A20110117618661 F 324600 1171960 120 30 999 NONE NONE 280
	FP_ROUTE KC..KB738

TRACK_TIME 1167737286
TRACK A20110117618665 F 254800 802100 120 30 999 NONE NONE 240
	FP_ROUTE KC..KA320

TRACK_TIME 1167737286
TRACK A20110117618668 F 351200 805800 120 30 999 NONE NONE 380
	FP_ROUTE KC..KA319

TRACK_TIME 1167737286
TRACK A20110117618675 F 333760 842860 120 30 999 NONE NONE 330
	FP_ROUTE KC..KB737

TRACK_TIME 1167737286
TRACK A20110117618676 F 360400 1150700 120 30 999 NONE NONE 360
	FP_ROUTE KC..KB733

TRACK_TIME 1167737286
TRACK A20110117618680 F 302860 814300 120 30 999 NONE NONE 280
	FP_ROUTE KC..KA320

TRACK_TIME 1167737286
TRACK A20110117618681 F 280000 823300 120 30 999 NONE NONE 340
	FP_ROUTE KG..KLJ35

TRACK_TIME 1167737286
TRACK A20110117618683 F 361000 965260 120 30 999 NONE NONE 270
	FP_ROUTE KC..KB738

TRACK_TIME 1167737286
TRACK A20110117618688 F 394900 1044000 120 30 999 NONE NONE 380
	FP_ROUTE KT..KE145

TRACK_TIME 1167737286
TRACK A20110117618689 F 325560 970300 120 30 999 NONE NONE 360
	FP_ROUTE KT..KCRJ2

TRACK_TIME 1167737286
TRACK A20110117618699 F 395200 751660 120 30 999 NONE NONE 289
	FP_ROUTE KG..KLJ35

TRACK_TIME 1167737286
TRACK A20110117618700 F 333760 843000 120 30 999 NONE NONE 290
	FP_ROUTE KC..KB738

TRACK_TIME 1167737286
TRACK A20110117618704 F 421960 710100 120 30 999 NONE NONE 390
	FP_ROUTE KC..KMD83

TRACK_TIME 1167737286
TRACK A20110117618721 F 390100 772800 120 30 999 NONE NONE 370
	FP_ROUTE KC..KA320

TRACK_TIME 1167737286
TRACK A20110117618723 F 360300 863460 120 30 999 NONE NONE 330
	FP_ROUTE KC..KB735

TRACK_TIME 1167737286
TRACK A20110117618725 F 384500 901900 120 30 999 NONE NONE 280
	FP_ROUTE KC..KCRJ2

TRACK_TIME 1167737286
TRACK A20110117618726 F 384500 902100 120 30 999 NONE NONE 340
	FP_ROUTE KC..KCRJ2

TRACK_TIME 1167737286
TRACK A20110117618727 F 412500 814960 120 30 999 NONE NONE 250
	FP_ROUTE KC..KA320

TRACK_TIME 1167737286
TRACK A20110117618728 F 430760 834800 120 30 999 NONE NONE 190
	FP_ROUTE KT..KCRJ2

TRACK_TIME 1167737286
TRACK A20110117618729 F 420100 875560 120 30 999 NONE NONE 200
	FP_ROUTE KC..KE145

TRACK_TIME 1167737286
TRACK A20110117618730 F 301060 974060 120 30 999 NONE NONE 360
	FP_ROUTE KC..KB737

TRACK_TIME 1167737286
TRACK A20110117618738 F 422200 710000 120 30 999 NONE NONE 210
	FP_ROUTE KC..KB712

TRACK_TIME 1167737286
TRACK A20110117618739 F 404500 735400 120 30 999 NONE NONE 210
	FP_ROUTE KT..KCRJ2

TRACK_TIME 1167737286
TRACK A20110117618741 F 333700 843000 120 30 999 NONE NONE 370
	FP_ROUTE KT..KCRJ2

TRACK_TIME 1167737286
TRACK A20110117618742 F 360760 864060 120 30 999 NONE NONE 280
	FP_ROUTE KC..KA320

TRACK_TIME 1167737286
TRACK A20110117618753 F 400000 825500 120 30 999 NONE NONE 270
	FP_ROUTE KC..KB712

TRACK_TIME 1167737286
TRACK A20110117618754 F 420100 875500 120 30 999 NONE NONE 220
	FP_ROUTE KT..KE145

TRACK_TIME 1167737286
TRACK A20110117618756 F 440460 912860 120 30 999 NONE NONE 240
	FP_ROUTE KC..KB733

TRACK_TIME 1167737286
TRACK A20110117618762 F 425860 875260 120 30 999 NONE NONE 370
	FP_ROUTE KT..KE145

TRACK_TIME 1167737286
TRACK A20110117618763 F 384900 770160 120 30 999 NONE NONE 350
	FP_ROUTE KT..KE145

TRACK_TIME 1167737286
TRACK A20110117618764 F 404360 735500 120 30 999 NONE NONE 210
	FP_ROUTE KC..KMD82

TRACK_TIME 1167737286
TRACK A20110117618767 F 325100 965200 120 30 999 NONE NONE 390
	FP_ROUTE KC..KB737

TRACK_TIME 1167737286
TRACK A20110117618768 F 293300 983100 120 30 999 NONE NONE 300
	FP_ROUTE KC..KE120

TRACK_TIME 1167737286
TRACK A20110117618769 F 324360 1171600 120 30 999 NONE NONE 400
	FP_ROUTE KC..KB744

TRACK_TIME 1167737286
TRACK A20110117618770 F 373600 1221900 120 30 999 NONE NONE 380
	FP_ROUTE KC..KA320

TRACK_TIME 1167737286
TRACK A20110117618771 F 334000 1175200 120 30 999 NONE NONE 390
	FP_ROUTE KC..KA320

TRACK_TIME 1167737286
TRACK A20110117618774 F 404500 735400 120 30 999 NONE NONE 370
	FP_ROUTE KG..KC550

TRACK_TIME 1167737286
TRACK A20110117618775 F 282800 811660 120 30 999 NONE NONE 340
	FP_ROUTE KT..KCRJ1

TRACK_TIME 1167737286
TRACK A20110117618782 F 425860 875260 120 30 999 NONE NONE 370
	FP_ROUTE KT..KCRJ2

TRACK_TIME 1167737286
TRACK A20110117618784 F 420000 875560 120 30 999 NONE NONE 350
	FP_ROUTE KC..KB712

TRACK_TIME 1167737286
TRACK A20110117618790 F 365260 761300 120 30 999 NONE NONE 230
	FP_ROUTE KC..KMD82

TRACK_TIME 1167737286
TRACK A20110117618791 F 394600 861500 120 30 999 NONE NONE 380
	FP_ROUTE KC..KMD83

TRACK_TIME 1167737286
TRACK A20110117618799 F 264300 814660 120 30 999 NONE NONE 360
	FP_ROUTE KC..KE190

TRACK_TIME 1167737286
TRACK A20110117618809 F 420760 875500 120 30 999 NONE NONE 290
	FP_ROUTE KC..KB712

TRACK_TIME 1167737286
TRACK A20110117618810 F 402860 801600 120 30 999 NONE NONE 330
	FP_ROUTE KC..KA319

TRACK_TIME 1167737286
TRACK A20110117618811 F 333760 842800 120 30 999 NONE NONE 410
	FP_ROUTE KC..KCRJ2

TRACK_TIME 1167737286
TRACK A20110117618813 F 415500 724060 120 30 999 NONE NONE 270
	FP_ROUTE KC..KB733

TRACK_TIME 1167737286
TRACK A20110117618819 F 302860 814500 120 30 999 NONE NONE 230
	FP_ROUTE KC..KB752

TRACK_TIME 1167737286
TRACK A20110117618821 F 333760 842700 120 30 999 NONE NONE 330
	FP_ROUTE KT..KCRJ2

TRACK_TIME 1167737286
TRACK A20110117618823 F 333760 842800 120 30 999 NONE NONE 310
	FP_ROUTE KC..KA320

TRACK_TIME 1167737286
TRACK A20110117618829 F 422100 710100 120 30 999 NONE NONE 370
	FP_ROUTE KG..KEA50

TRACK_TIME 1167737286
TRACK A20110117618832 F 445200 931060 120 30 999 NONE NONE 300
	FP_ROUTE KT..KE145

TRACK_TIME 1167737286
TRACK A20110117618838 F 351200 805800 120 30 999 NONE NONE 350
	FP_ROUTE KC..KB753

TRACK_TIME 1167737286
TRACK A20110117618844 F 360900 1150900 120 30 999 NONE NONE 390
	FP_ROUTE KC..KA320

TRACK_TIME 1167737286
TRACK A20110117618849 F 332560 1120400 120 30 999 NONE NONE 340
	FP_ROUTE KC..KA319

TRACK_TIME 1167737286
TRACK A20110117618859 F 260400 800600 120 30 999 NONE NONE 320
	FP_ROUTE KC..KB738

TRACK_TIME 1167737286
TRACK A20110117618860 F 381060 854360 120 30 999 NONE NONE 370
	FP_ROUTE KC..KB752

TRACK_TIME 1167737286
TRACK A20110117618869 F 400000 825700 120 30 999 NONE NONE 370
	FP_ROUTE KC..KE170

TRACK_TIME 1167737286
TRACK A20110117618870 F 384900 770160 120 30 999 NONE NONE 350
	FP_ROUTE KT..KCRJ9

TRACK_TIME 1167737286
TRACK A20110117618871 F 335560 1183400 120 30 999 NONE NONE 370
	FP_ROUTE KC..KCRJ2

TRACK_TIME 1167737286
TRACK A20110117618872 F 325500 970160 120 30 999 NONE NONE 260
	FP_ROUTE KT..KCRJ2

TRACK_TIME 1167737286
TRACK A20110117618879 F 403700 734660 120 30 999 NONE NONE 330
	FP_ROUTE KC..KMD83

TRACK_TIME 1167737286
TRACK A20110117618880 F 403700 734800 120 30 999 NONE NONE 290
	FP_ROUTE KC..KE170

TRACK_TIME 1167737286
TRACK A20110117618890 F 430900 774000 120 30 999 NONE NONE 410
	FP_ROUTE KC..KB737

TRACK_TIME 1167737286
TRACK A20110117618917 F 282260 811900 120 30 999 NONE NONE 310
	FP_ROUTE KC..KB738

TRACK_TIME 1167737286
TRACK A20110117618918 F 384500 901900 120 30 999 NONE NONE 340
	FP_ROUTE KC..KA320

TRACK_TIME 1167737286
TRACK A20110117618930 F 344960 822200 120 30 999 NONE NONE 200
	FP_ROUTE KC..KCRJ2

TRACK_TIME 1167737286
TRACK A20110117618945 F 373600 1221960 120 30 999 NONE NONE 340
	FP_ROUTE KC..KE145

TRACK_TIME 1167737286
TRACK A20110117618948 F 302700 863100 120 30 999 NONE NONE 250
	FP_ROUTE KC..KB737

TRACK_TIME 1167737286
TRACK A20110117618949 F 342260 903000 120 30 999 NONE NONE 240
	FP_ROUTE KG..KLJ45

TRACK_TIME 1167737286
TRACK A20110117618952 F 384500 902100 120 30 999 NONE NONE 320
	FP_ROUTE KT..KCRJ2

TRACK_TIME 1167737286
TRACK A20110117618954 F 404060 735700 120 30 999 NONE NONE 350
	FP_ROUTE KC..KE145

TRACK_TIME 1167737286
TRACK A20110117618960 F 395560 1044200 120 30 999 NONE NONE 370
	FP_ROUTE KC..KE135

TRACK_TIME 1167737286
TRACK A20110117618961 F 280160 823160 120 30 999 NONE NONE 310
	FP_ROUTE KT..KCRJ2

TRACK_TIME 1167737286
TRACK A20110117618979 F 422200 1224960 120 30 999 NONE NONE 230
	FP_ROUTE KC..KB737

TRACK_TIME 1167737286
TRACK A20110117618984 F 260400 801060 120 30 999 NONE NONE 330
	FP_ROUTE KT..KCRJ1

TRACK_TIME 1167737286
TRACK A20110117618985 F 404360 735500 120 30 999 NONE NONE 290
	FP_ROUTE KC..KB738

TRACK_TIME 1167737286
TRACK A20110117618988 F 395200 751660 120 30 999 NONE NONE 270
	FP_ROUTE KC..KB763

TRACK_TIME 1167737286
TRACK A20110117618990 F 280160 823160 120 30 999 NONE NONE 350
	FP_ROUTE KC..KE170

TRACK_TIME 1167737286
TRACK A20110117618993 F 373600 1221900 120 30 999 NONE NONE 360
	FP_ROUTE KC..KB738

TRACK_TIME 1167737286
TRACK A20110117618994 F 360460 1151060 120 30 999 NONE NONE 381
	FP_ROUTE KC..KB733

TRACK_TIME 1167737286
TRACK A20110117618997 F 395260 1043300 120 30 999 NONE NONE 350
	FP_ROUTE KC..KMD82

TRACK_TIME 1167737286
TRACK A20110117619009 F 384500 901900 120 30 999 NONE NONE 390
	FP_ROUTE KC..KB737

TRACK_TIME 1167737286
TRACK A20110117619015 F 445400 931360 120 30 999 NONE NONE 320
	FP_ROUTE KC..KCRJ2

TRACK_TIME 1167737286
TRACK A20110117619016 F 395500 1044060 120 30 999 NONE NONE 360
	FP_ROUTE KC..KA319

TRACK_TIME 1167737286
TRACK A20110117619017 F 360460 1151300 120 30 999 NONE NONE 360
	FP_ROUTE KC..KB734

TRACK_TIME 1167737286
TRACK A20110117619018 F 384360 1213600 120 30 999 NONE NONE 340
	FP_ROUTE KT..KCRJ2

TRACK_TIME 1167737286
TRACK A20110117619021 F 360460 1150900 120 30 999 NONE NONE 320
	FP_ROUTE KC..KA320

TRACK_TIME 1167737286
TRACK A20110117619023 F 395260 1043700 120 30 999 NONE NONE 380
	FP_ROUTE KC..KA319

TRACK_TIME 1167737286
TRACK A20110117619024 F 433900 701900 120 30 999 NONE NONE 310
	FP_ROUTE KC..KE170

TRACK_TIME 1167737286
TRACK A20110117619025 F 473760 1173100 120 30 999 NONE NONE 340
	FP_ROUTE KC..KSW4

TRACK_TIME 1167737286
TRACK A20110117619028 F 433300 1161000 120 30 999 NONE NONE 350
	FP_ROUTE KC..KA320

TRACK_TIME 1167737286
TRACK A20110117619030 F 425500 784500 120 30 999 NONE NONE 260
	FP_ROUTE KC..KA320

TRACK_TIME 1167737286
TRACK A20110117619031 F 324300 1171800 120 30 999 NONE NONE 370
	FP_ROUTE KC..KE190

TRACK_TIME 1167737286
TRACK A20110117619032 F 395260 1043400 120 30 999 NONE NONE 370
	FP_ROUTE KC..KB738

TRACK_TIME 1167737286
TRACK A20110117619036 F 254800 801500 120 30 999 NONE NONE 260
	FP_ROUTE KC..KB734

TRACK_TIME 1167737286
TRACK A20110117619037 F 325700 970300 120 30 999 NONE NONE 340
	FP_ROUTE KC..KE145

TRACK_TIME 1167737286
TRACK A20110117619047 F 350000 1063900 120 30 999 NONE NONE 350
	FP_ROUTE KG..KC550

TRACK_TIME 1167737286
TRACK A20110117619048 F 384500 901900 120 30 999 NONE NONE 311
	FP_ROUTE KT..KCRJ9

TRACK_TIME 1167737286
TRACK A20110117619050 F 320760 811960 120 30 999 NONE NONE 370
	FP_ROUTE KC..KMD82

TRACK_TIME 1167737286
TRACK A20110117619051 F 404300 732500 120 30 999 NONE NONE 410
	FP_ROUTE KC..KMD82

TRACK_TIME 1167737286
TRACK A20110117619053 F 370760 802560 120 30 999 NONE NONE 250
	FP_ROUTE KT..KCRJ2

TRACK_TIME 1167737286
TRACK A20110117619057 F 300160 931060 120 30 999 NONE NONE 270
	FP_ROUTE KC..KMD82

TRACK_TIME 1167737286
TRACK A20110117619059 F 333760 842800 120 30 999 NONE NONE 220
	FP_ROUTE KC..KCRJ9

TRACK_TIME 1167737286
TRACK A20110117619060 F 351360 805500 120 30 999 NONE NONE 300
	FP_ROUTE KC..KA320

TRACK_TIME 1167737286
TRACK A20110117619062 F 400000 825700 120 30 999 NONE NONE 290
	FP_ROUTE KC..KB737

TRACK_TIME 1167737286
TRACK A20110117619063 F 335560 1182200 120 30 999 NONE NONE 380
	FP_ROUTE KC..KMD82

TRACK_TIME 1167737286
TRACK A20110117619064 F 391060 764200 120 30 999 NONE NONE 250
	FP_ROUTE KT..KCRJ1

TRACK_TIME 1167737286
TRACK A20110117619066 F 360760 863900 120 30 999 NONE NONE 380
	FP_ROUTE KC..KB712

TRACK_TIME 1167737286
TRACK A20110117619074 F 374060 1221060 120 30 999 NONE NONE 380
	FP_ROUTE KC..KB737

TRACK_TIME 1167737286
TRACK A20110117619076 F 384900 770160 120 30 999 NONE NONE 390
	FP_ROUTE KC..KB739

TRACK_TIME 1167737286
TRACK A20110117619086 F 391060 764200 120 30 999 NONE NONE 190
	FP_ROUTE KC..KA320

TRACK_TIME 1167737286
TRACK A20110117619088 F 404800 742100 120 30 999 NONE NONE 390
	FP_ROUTE KC..KB737

TRACK_TIME 1167737286
TRACK A20110117619096 F 325500 970160 120 30 999 NONE NONE 340
	FP_ROUTE KC..KB752

TRACK_TIME 1167737286
TRACK A20110117619097 F 421960 710100 120 30 999 NONE NONE 370
	FP_ROUTE KT..KCRJ2

TRACK_TIME 1167737286
TRACK A20110117619102 F 333700 842700 120 30 999 NONE NONE 330
	FP_ROUTE KC..KB738

TRACK_TIME 1167737286
TRACK A20110117619104 F 335560 1182200 120 30 999 NONE NONE 380
	FP_ROUTE KC..KB738

TRACK_TIME 1167737286
TRACK A20110117619105 F 333600 864300 120 30 999 NONE NONE 340
	FP_ROUTE KC..KA320

TRACK_TIME 1167737286
TRACK A20110117619111 F 282800 811660 120 30 999 NONE NONE 370
	FP_ROUTE KC..KB738

TRACK_TIME 1167737286
TRACK A20110117619113 F 373600 1222100 120 30 999 NONE NONE 340
	FP_ROUTE KC..KE135

TRACK_TIME 1167737286
TRACK A20110117619116 F 404600 1115800 120 30 999 NONE NONE 350
	FP_ROUTE KT..KC560

TRACK_TIME 1167737286
TRACK A20110117619127 F 415500 724300 120 30 999 NONE NONE 350
	FP_ROUTE KC..KA319

TRACK_TIME 1167737286
TRACK A20110117619128 F 391060 764360 120 30 999 NONE NONE 280
	FP_ROUTE KC..KB735

TRACK_TIME 1167737286
TRACK A20110117619129 F 381060 854360 120 30 999 NONE NONE 280
	FP_ROUTE KC..KB752

TRACK_TIME 1167737286
TRACK A20110117619130 F 395200 751660 120 30 999 NONE NONE 200
	FP_ROUTE KC..KA320

TRACK_TIME 1167737286
TRACK A20110117619132 F 332560 1120300 120 30 999 NONE NONE 400
	FP_ROUTE KC..KE145

TRACK_TIME 1167737286
TRACK A20110117619133 F 335700 1182500 120 30 999 NONE NONE 320
	FP_ROUTE KC..KB738

TRACK_TIME 1167737286
TRACK A20110117619134 F 360400 1150900 120 30 999 NONE NONE 290
	FP_ROUTE KC..KCRJ2

TRACK_TIME 1167737286
TRACK A20110117619135 F 341200 1182260 120 30 999 NONE NONE 220
	FP_ROUTE KC..KE135

TRACK_TIME 1167737286
TRACK A20110117619136 F 371960 1215400 120 30 999 NONE NONE 380
	FP_ROUTE KT..KCRJ9

TRACK_TIME 1167737286
TRACK A20110117619138 F 420000 875400 120 30 999 NONE NONE 350
	FP_ROUTE KC..KE170

TRACK_TIME 1167737286
TRACK A20110117619145 F 445260 931300 120 30 999 NONE NONE 340
	FP_ROUTE KC..KE170

TRACK_TIME 1167737286
TRACK A20110117619146 F 300000 951800 120 30 999 NONE NONE 350
	FP_ROUTE KC..KE145

TRACK_TIME 1167737286
TRACK A20110117619150 F 341300 1171000 120 30 999 NONE NONE 450
	FP_ROUTE KT..KF2TH

TRACK_TIME 1167737286
TRACK A20110117619151 F 391900 944300 120 30 999 NONE NONE 300
	FP_ROUTE KT..KCRJ1

TRACK_TIME 1167737286
TRACK A20110117619154 F 325560 970160 120 30 999 NONE NONE 300
	FP_ROUTE KC..KE135

TRACK_TIME 1167737286
TRACK A20110117619160 F 391060 764200 120 30 999 NONE NONE 370
	FP_ROUTE KC..KCRJ2

TRACK_TIME 1167737286
TRACK A20110117619165 F 431060 892100 120 30 999 NONE NONE 360
	FP_ROUTE KT..KF2TH

TRACK_TIME 1167737286
TRACK A20110117619166 F 412500 814960 120 30 999 NONE NONE 270
	FP_ROUTE KC..KB735

TRACK_TIME 1167737286
TRACK A20110117619167 F 485400 1222700 120 30 999 NONE NONE 360
	FP_ROUTE KC..KE135

TRACK_TIME 1167737286
TRACK A20110117619168 F 325260 970400 120 30 999 NONE NONE 371
	FP_ROUTE KC..KE145

TRACK_TIME 1167737286
TRACK A20110117619171 F 420100 875800 120 30 999 NONE NONE 290
	FP_ROUTE KC..KE170

TRACK_TIME 1167737286
TRACK A20110117619173 F 335700 1181960 120 30 999 NONE NONE 280
	FP_ROUTE KC..KCRJ2

TRACK_TIME 1167737286
TRACK A20110117619174 F 384960 770160 120 30 999 NONE NONE 220
	FP_ROUTE KG..KC560

TRACK_TIME 1167737286
TRACK A20110117619175 F 404600 734960 120 30 999 NONE NONE 260
	FP_ROUTE KC..KB737

TRACK_TIME 1167737286
TRACK A20110117619176 F 384900 770160 120 30 999 NONE NONE 300
	FP_ROUTE KC..KCRJ2

TRACK_TIME 1167737286
TRACK A20110117619178 F 340300 1174360 120 30 999 NONE NONE 330
	FP_ROUTE KT..KCRJ2

TRACK_TIME 1167737286
TRACK A20110117619181 F 275560 823300 120 30 999 NONE NONE 220
	FP_ROUTE KC..KB733

TRACK_TIME 1167737286
TRACK A20110117619182 F 355100 784900 120 30 999 NONE NONE 370
	FP_ROUTE KC..KB733

TRACK_TIME 1167737286
TRACK A20110117619183 F 360760 864000 120 30 999 NONE NONE 340
	FP_ROUTE KT..KE145

TRACK_TIME 1167737286
TRACK A20110117619184 F 300600 974200 120 30 999 NONE NONE 380
	FP_ROUTE KC..KB737

TRACK_TIME 1167737286
TRACK A20110117619186 F 423400 770760 120 30 999 NONE NONE 230
	FP_ROUTE KT..KCRJ2

TRACK_TIME 1167737286
TRACK A20110117619196 F 395200 751360 120 30 999 NONE NONE 410
	FP_ROUTE KC..KA320

TRACK_TIME 1167737286
TRACK A20110117619197 F 335400 871300 120 30 999 NONE NONE 450
	FP_ROUTE KC..KMD83

TRACK_TIME 1167737286
TRACK A20110117619201 F 341200 1181360 120 30 999 NONE NONE 330
	FP_ROUTE KC..KA320

TRACK_TIME 1167737286
TRACK A20110117619202 F 352200 804300 120 30 999 NONE NONE 290
	FP_ROUTE KC..KE190

TRACK_TIME 1167737286
TRACK A20110117619203 F 414800 874500 120 30 999 NONE NONE 400
	FP_ROUTE KC..KCRJ9

TRACK_TIME 1167737286
TRACK A20110117619210 F 410000 812560 120 30 999 NONE NONE 290
	FP_ROUTE KC..KB712

TRACK_TIME 1167737286
TRACK A20110117619215 F 421360 832200 120 30 999 NONE NONE 290
	FP_ROUTE KC..KB733

TRACK_TIME 1167737286
TRACK A20110117619217 F 325800 964960 120 30 999 NONE NONE 410
	FP_ROUTE KC..KCRJ2

TRACK_TIME 1167737286
TRACK A20110117619218 F 361300 955400 120 30 999 NONE NONE 310
	FP_ROUTE KC..KA318

TRACK_TIME 1167737286
TRACK A20110117619219 F 360000 800300 120 30 999 NONE NONE 300
	FP_ROUTE KC..KE170

TRACK_TIME 1167737286
TRACK A20110117619222 F 433300 1161060 120 30 999 NONE NONE 410
	FP_ROUTE KC..KB752

TRACK_TIME 1167737286
TRACK A20110117619223 F 374060 1221060 120 30 999 NONE NONE 380
	FP_ROUTE KC..KE145

TRACK_TIME 1167737286
TRACK A20110117619232 F 395200 751660 120 30 999 NONE NONE 350
	FP_ROUTE KC..KB737

TRACK_TIME 1167737286
TRACK A20110117619233 F 340300 1174360 120 30 999 NONE NONE 390
	FP_ROUTE KC..KE190

TRACK_TIME 1167737286
TRACK A20110117619237 F 282700 811660 120 30 999 NONE NONE 400
	FP_ROUTE KC..KB738

TRACK_TIME 1167737286
TRACK A20110117619238 F 403700 734660 120 30 999 NONE NONE 360
	FP_ROUTE KC..KA320

TRACK_TIME 1167737286
TRACK A20110117619244 F 391060 764300 120 30 999 NONE NONE 320
	FP_ROUTE KC..KA320

TRACK_TIME 1167737286
TRACK A20110117619249 F 604660 1513160 120 30 999 NONE NONE 230
	FP_ROUTE KT..KCRJ2

TRACK_TIME 1167737286
TRACK A20110117619250 F 360700 864000 120 30 999 NONE NONE 380
	FP_ROUTE KT..KCL60

TRACK_TIME 1167737286
TRACK A20110117619251 F 394660 1044000 120 30 999 NONE NONE 380
	FP_ROUTE KC..KMD83

TRACK_TIME 1167737286
TRACK A20110117619252 F 324360 1171200 120 30 999 NONE NONE 340
	FP_ROUTE KC..KA320

TRACK_TIME 1167737286
TRACK A20110117619259 F 331960 1114360 120 30 999 NONE NONE 250
	FP_ROUTE KC..KB737

TRACK_TIME 1167737286
TRACK A20110117619260 F 394900 1043900 120 30 999 NONE NONE 380
	FP_ROUTE KC..KB737

TRACK_TIME 1167737286
TRACK A20110117619272 F 325500 970160 120 30 999 NONE NONE 320
	FP_ROUTE KC..KA319

TRACK_TIME 1167737286
TRACK A20110117619274 F 384600 902260 120 30 999 NONE NONE 320
	FP_ROUTE KT..KE145

TRACK_TIME 1167737286
TRACK A20110117619276 F 300000 951800 120 30 999 NONE NONE 210
	FP_ROUTE KC..KA319

TRACK_TIME 1167737286
TRACK A20110117619277 F 254800 801600 120 30 999 NONE NONE 350
	FP_ROUTE KC..KCRJ2

TRACK_TIME 1167737286
TRACK A20110117619278 F 351200 805800 120 30 999 NONE NONE 350
	FP_ROUTE KC..KA320

TRACK_TIME 1167737286
TRACK A20110117619281 F 350400 895800 120 30 999 NONE NONE 300
	FP_ROUTE KT..KCRJ2

TRACK_TIME 1167737286
TRACK A20110117619282 F 384500 902200 120 30 999 NONE NONE 260
	FP_ROUTE KC..KB733

TRACK_TIME 1167737286
TRACK A20110117619284 F 391060 764200 120 30 999 NONE NONE 370
	FP_ROUTE KT..KCRJ1

TRACK_TIME 1167737286
TRACK A20110117619285 F 365200 761360 120 30 999 NONE NONE 240
	FP_ROUTE KC..KB737

TRACK_TIME 1167737286
TRACK A20110117619293 F 254800 801900 120 30 999 NONE NONE 280
	FP_ROUTE KC..KA321

TRACK_TIME 1167737286
TRACK A20110117619300 F 335560 1183400 120 30 999 NONE NONE 380
	FP_ROUTE KC..KE170

TRACK_TIME 1167737286
TRACK A20110117619319 F 335400 1183160 120 30 999 NONE NONE 270
	FP_ROUTE KC..KE170

TRACK_TIME 1167737286
TRACK A20110117619320 F 404060 734500 120 30 999 NONE NONE 370
	FP_ROUTE KT..KCRJ2

TRACK_TIME 1167737286
TRACK A20110117619321 F 404000 741060 120 30 999 NONE NONE 350
	FP_ROUTE KG..KBE20

TRACK_TIME 1167737286
TRACK A20110117619322 F 333900 1115200 120 30 999 NONE NONE 250
	FP_ROUTE KG..KBE20

TRACK_TIME 1167737286
TRACK A20110117619323 F 423000 1142700 120 30 999 NONE NONE 220
	FP_ROUTE KC..KB752

TRACK_TIME 1167737286
TRACK A20110117619324 F 394900 1044060 120 30 999 NONE NONE 410
	FP_ROUTE KC..KB733

TRACK_TIME 1167737286
TRACK A20110117619325 F 445260 931300 120 30 999 NONE NONE 390
	FP_ROUTE KC..KB752

TRACK_TIME 1167737286
TRACK A20110117619339 F 293760 951600 120 30 999 NONE NONE 240
	FP_ROUTE KC..KB732

TRACK_TIME 1167737286
TRACK A20110117619351 F 395200 751660 120 30 999 NONE NONE 310
	FP_ROUTE KT..KC560

TRACK_TIME 1167737286
TRACK A20110117619354 F 333700 843160 120 30 999 NONE NONE 380
	FP_ROUTE KT..KC560

TRACK_TIME 1167737286
TRACK A20110117619355 F 302800 871300 120 30 999 NONE NONE 370
	FP_ROUTE KC..KMD82

TRACK_TIME 1167737286
TRACK A20110117619357 F 295860 951660 120 30 999 NONE NONE 390
	FP_ROUTE KC..KA320

TRACK_TIME 1167737286
TRACK A20110117619359 F 262800 815800 120 30 999 NONE NONE 330
	FP_ROUTE KC..KB722

TRACK_TIME 1167737286
TRACK A20110117619361 F 384800 770160 120 30 999 NONE NONE 300
	FP_ROUTE KC..KB738

TRACK_TIME 1167737286
TRACK A20110117619362 F 414200 712700 120 30 999 NONE NONE 270
	FP_ROUTE KC..KCRJ2

TRACK_TIME 1167737286
TRACK A20110117619363 F 403700 734600 120 30 999 NONE NONE 370
	FP_ROUTE KT..KCRJ9

TRACK_TIME 1167737286
TRACK A20110117619374 F 325500 970300 120 30 999 NONE NONE 340
	FP_ROUTE KT..KCRJ2

TRACK_TIME 1167737286
TRACK A20110117619375 F 324600 1171960 120 30 999 NONE NONE 280
	FP_ROUTE KC..KB752

TRACK_TIME 1167737286
TRACK A20110117619377 F 361300 1150600 120 30 999 NONE NONE 380
	FP_ROUTE KC..KB735

TRACK_TIME 1167737286
TRACK A20110117619379 F 335560 1183100 120 30 999 NONE NONE 280
	FP_ROUTE KT..KCRJ9

TRACK_TIME 1167737286
TRACK A20110117619381 F 425860 875260 120 30 999 NONE NONE 360
	FP_ROUTE KC..KB737

TRACK_TIME 1167737286
TRACK A20110117619383 F 394200 861960 120 30 999 NONE NONE 340
	FP_ROUTE KC..KB735

TRACK_TIME 1167737286
TRACK A20110117619400 F 333700 843000 120 30 999 NONE NONE 260
	FP_ROUTE KC..KE170

TRACK_TIME 1167737286
TRACK A20110117619408 F 260460 801200 120 30 999 NONE NONE 230
	FP_ROUTE KC..KB735

TRACK_TIME 1167737286
TRACK A20110117619422 F 282500 811660 120 30 999 NONE NONE 380
	FP_ROUTE KC..KE170

TRACK_TIME 1167737286
TRACK A20110117619424 F 414900 874800 120 30 999 NONE NONE 380
	FP_ROUTE KC..KE170

TRACK_TIME 1167737286
TRACK A20110117619425 F 394800 1043900 120 30 999 NONE NONE 380
	FP_ROUTE KC..KB739

TRACK_TIME 1167737286
TRACK A20110117619427 F 445400 931360 120 30 999 NONE NONE 360
	FP_ROUTE KC..KE170

TRACK_TIME 1167737286
TRACK A20110117619451 F 395260 1043160 120 30 999 NONE NONE 380
	FP_ROUTE KC..KCRJ2

TRACK_TIME 1167737286
TRACK A20110117619456 F 300000 951800 120 30 999 NONE NONE 360
	FP_ROUTE KC..KB733

TRACK_TIME 1167737286
TRACK A20110117619457 F 395100 751660 120 30 999 NONE NONE 390
	FP_ROUTE KC..KE190

TRACK_TIME 1167737286
TRACK A20110117619458 F 403900 741060 120 30 999 NONE NONE 350
	FP_ROUTE KC..KB752

TRACK_TIME 1167737286
TRACK A20110117619463 F 412560 814900 120 30 999 NONE NONE 230
	FP_ROUTE KC..KE190

TRACK_TIME 1167737286
TRACK A20110117619466 F 322500 994060 120 30 999 NONE NONE 230
	FP_ROUTE KC..KE190

TRACK_TIME 1167737286
TRACK A20110117619467 F 293400 951600 120 30 999 NONE NONE 211
	FP_ROUTE KC..KMD82

TRACK_TIME 1167737286
TRACK A20110117619469 F 320700 1105700 120 30 999 NONE NONE 380
	FP_ROUTE KC..KE145

TRACK_TIME 1167737286
TRACK A20110117619470 F 332560 1115800 120 30 999 NONE NONE 380
	FP_ROUTE KC..KMD82

TRACK_TIME 1167737286
TRACK A20110117619476 F 415500 881600 120 30 999 NONE NONE 300
	FP_ROUTE KC..KMD82

TRACK_TIME 1167737286
TRACK A20110117619477 F 412400 801300 120 30 999 NONE NONE 310
	FP_ROUTE KC..KB752

TRACK_TIME 1167737286
TRACK A20110117619478 F 321300 804200 120 30 999 NONE NONE 360
	FP_ROUTE KC..KE145

TRACK_TIME 1167737286
TRACK A20110117619479 F 411960 795260 120 30 999 NONE NONE 370
	FP_ROUTE KC..KE145

TRACK_TIME 1167737286
TRACK A20110117619486 F 401060 764360 120 30 999 NONE NONE 290
	FP_ROUTE KT..KCRJ2

TRACK_TIME 1167737286
TRACK A20110117619497 F 425560 712560 120 30 999 NONE NONE 370
	FP_ROUTE KC..KCRJ2

TRACK_TIME 1167737286
TRACK A20110117619500 F 351200 805560 120 30 999 NONE NONE 340
	FP_ROUTE KG..KPAY2

TRACK_TIME 1167737286
TRACK A20110117619502 F 315500 1021500 120 30 999 NONE NONE 350
	FP_ROUTE KC..KE145

TRACK_TIME 1167737286
TRACK A20110117619503 F 404360 735500 120 30 999 NONE NONE 410
	FP_ROUTE KG..KF2TH

TRACK_TIME 1167737286
TRACK A20110117619504 F 360100 1151200 120 30 999 NONE NONE 250
	FP_ROUTE KC..KA321

TRACK_TIME 1167737286
TRACK A20110117619505 F 444660 1065860 120 30 999 NONE NONE 200
	FP_ROUTE KC..KA321

TRACK_TIME 1167737286
TRACK A20110117619509 F 425800 875260 120 30 999 NONE NONE 350
	FP_ROUTE KC..KB712

TRACK_TIME 1167737286
TRACK A20110117619511 F 333760 842860 120 30 999 NONE NONE 330
	FP_ROUTE KC..KMD83

TRACK_TIME 1167737286
TRACK A20110117619513 F 335700 1182260 120 30 999 NONE NONE 360
	FP_ROUTE KT..KCRJ9

TRACK_TIME 1167737286
TRACK A20110117619522 F 300000 951800 120 30 999 NONE NONE 350
	FP_ROUTE KC..KE145

TRACK_TIME 1167737286
TRACK A20110117619536 F 391060 764360 120 30 999 NONE NONE 390
	FP_ROUTE KG..KBE9L

TRACK_TIME 1167737286
TRACK A20110117619537 F 425400 712500 120 30 999 NONE NONE 350
	FP_ROUTE KG..KBE9L

TRACK_TIME 1167737286
TRACK A20110117619541 F 353760 872700 120 30 999 NONE NONE 230
	FP_ROUTE KG..KBE9L

TRACK_TIME 1167737286
TRACK A20110117619542 F 351060 914500 120 30 999 NONE NONE 220
	FP_ROUTE KC..KB738

TRACK_TIME 1167737286
TRACK A20110117619548 F 293400 983100 120 30 999 NONE NONE 380
	FP_ROUTE KC..KB733

TRACK_TIME 1167737286
TRACK A20110117619551 F 300300 915800 120 30 999 NONE NONE 270
	FP_ROUTE KC..KE170

TRACK_TIME 1167737286
TRACK A20110117619552 F 322200 952500 120 30 999 NONE NONE 240
	FP_ROUTE KC..KA319

TRACK_TIME 1167737286
TRACK A20110117619553 F 384500 901900 120 30 999 NONE NONE 340
	FP_ROUTE KG..KC510

TRACK_TIME 1167737286
TRACK A20110117619554 F 414060 712800 120 30 999 NONE NONE 330
	FP_ROUTE KT..KF2TH

TRACK_TIME 1167737286
TRACK A20110117619555 F 350400 895800 120 30 999 NONE NONE 200
	FP_ROUTE KG..KC510

TRACK_TIME 1167737286
TRACK A20110117619558 F 352500 973600 120 30 999 NONE NONE 270
	FP_ROUTE KT..KE145

TRACK_TIME 1167737286
TRACK A20110117619563 F 300000 951900 120 30 999 NONE NONE 369
	FP_ROUTE KC..KE145

TRACK_TIME 1167737286
TRACK A20110117619568 F 324600 1171900 120 30 999 NONE NONE 400
	FP_ROUTE KC..KMD83

TRACK_TIME 1167737286
TRACK A20110117619569 F 360900 863900 120 30 999 NONE NONE 390
	FP_ROUTE KC..KMD82

TRACK_TIME 1167737286
TRACK A20110117619570 F 610100 1483460 120 30 999 NONE NONE 360
	FP_ROUTE KT..KCRJ9

TRACK_TIME 1167737286
TRACK A20110117619572 F 413160 814000 120 30 999 NONE NONE 320
	FP_ROUTE KC..KA320

TRACK_TIME 1167737286
TRACK A20110117619575 F 384660 902260 120 30 999 NONE NONE 280
	FP_ROUTE KC..KMD83

TRACK_TIME 1167737286
TRACK A20110117619576 F 264060 800300 120 30 999 NONE NONE 400
	FP_ROUTE KT..KCRJ9

TRACK_TIME 1167737286
TRACK A20110117619577 F 395200 751660 120 30 999 NONE NONE 350
	FP_ROUTE KC..KB735

TRACK_TIME 1167737286
TRACK A20110117619579 F 361600 1145560 120 30 999 NONE NONE 240
	FP_ROUTE KT..KF2TH

TRACK_TIME 1167737286
TRACK A20110117619580 F 340160 1182500 120 30 999 NONE NONE 220
	FP_ROUTE KC..KB738

TRACK_TIME 1167737286
TRACK A20110117619583 F 420100 875700 120 30 999 NONE NONE 330
	FP_ROUTE KC..KCRJ9

TRACK_TIME 1167737286
TRACK A20110117619589 F 384800 770160 120 30 999 NONE NONE 320
	FP_ROUTE KC..KCRJ2

TRACK_TIME 1167737286
TRACK A20110117619591 F 324500 1171800 120 30 999 NONE NONE 410
	FP_ROUTE KC..KE170

TRACK_TIME 1167737286
TRACK A20110117619592 F 332560 1120160 120 30 999 NONE NONE 270
	FP_ROUTE KT..KE145

TRACK_TIME 1167737286
TRACK A20110117619595 F 395200 751660 120 30 999 NONE NONE 350
	FP_ROUTE KC..KB738

TRACK_TIME 1167737286
TRACK A20110117619599 F 333460 864360 120 30 999 NONE NONE 360
	FP_ROUTE KC..KB738

TRACK_TIME 1167737286
TRACK A20110117619600 F 282800 811960 120 30 999 NONE NONE 370
	FP_ROUTE KC..KA319

TRACK_TIME 1167737286
TRACK A20110117619606 F 333160 864800 120 30 999 NONE NONE 310
	FP_ROUTE KC..KE170

TRACK_TIME 1167737286
TRACK A20110117619612 F 332560 1115800 120 30 999 NONE NONE 360
	FP_ROUTE KC..KA319

TRACK_TIME 1167737286
TRACK A20110117619621 F 262400 815260 120 30 999 NONE NONE 350
	FP_ROUTE KC..KB733

TRACK_TIME 1167737286
TRACK A20110117619625 F 414060 712700 120 30 999 NONE NONE 310
	FP_ROUTE KC..KB733

TRACK_TIME 1167737286
TRACK A20110117619640 F 211900 1580000 120 30 999 NONE NONE 410
	FP_ROUTE KC..KCRJ2

TRACK_TIME 1167737286
TRACK A20110117619659 F 472800 1221900 120 30 999 NONE NONE 360
	FP_ROUTE KT..KDH8D

TRACK_TIME 1167737286
TRACK A20110117619661 F 404600 1120000 120 30 999 NONE NONE 310
	FP_ROUTE KC..KB737

TRACK_TIME 1167737286
TRACK A20110117619662 F 314800 1063700 120 30 999 NONE NONE 380
	FP_ROUTE KC..KE170

TRACK_TIME 1167737286
TRACK A20110117619665 F 404600 1120000 120 30 999 NONE NONE 340
	FP_ROUTE KC..KCRJ9

TRACK_TIME 1167737286
TRACK A20110117619669 F 341200 1182260 120 30 999 NONE NONE 340
	FP_ROUTE KC..KB734

TRACK_TIME 1167737286
TRACK A20110117619670 F 395260 1044060 120 30 999 NONE NONE 350
	FP_ROUTE KC..KA319

TRACK_TIME 1167737286
TRACK A20110117619673 F 433160 1120300 120 30 999 NONE NONE 260
	FP_ROUTE KC..KB734

TRACK_TIME 1167737286
TRACK A20110117619674 F 391060 764360 120 30 999 NONE NONE 330
	FP_ROUTE KC..KB744

TRACK_TIME 1167737286
TRACK A20110117619677 F 453460 1223400 120 30 999 NONE NONE 240
	FP_ROUTE KC..KE145

TRACK_TIME 1167737286
TRACK A20110117619683 F 254800 801500 120 30 999 NONE NONE 360
	FP_ROUTE KG..KC560

TRACK_TIME 1167737286
TRACK A20110117619695 F 403760 734360 120 30 999 NONE NONE 310
	FP_ROUTE KC..KMD82

TRACK_TIME 1167737286
TRACK A20110117619707 F 351200 805800 120 30 999 NONE NONE 330
	FP_ROUTE KC..KLJ35

TRACK_TIME 1167737286
TRACK A20110117619710 F 351060 805800 120 30 999 NONE NONE 230
	FP_ROUTE KC..KB712

TRACK_TIME 1167737286
TRACK A20110117619715 F 325500 970300 120 30 999 NONE NONE 360
	FP_ROUTE KC..KDH8D

TRACK_TIME 1167737286
TRACK A20110117619716 F 335700 1182560 120 30 999 NONE NONE 340
	FP_ROUTE KC..KA320

TRACK_TIME 1167737286
TRACK A20110117619718 F 325400 970100 120 30 999 NONE NONE 320
	FP_ROUTE KC..KA320

TRACK_TIME 1167737286
TRACK A20110117619719 F 465800 965100 120 30 999 NONE NONE 260
	FP_ROUTE KC..KB712

TRACK_TIME 1167737286
TRACK A20110117619723 F 263160 812400 120 30 999 NONE NONE 400
	FP_ROUTE KC..KB752

TRACK_TIME 1167737286
TRACK A20110117619724 F 324200 800460 120 30 999 NONE NONE 370
	FP_ROUTE KC..KCRJ2

TRACK_TIME 1167737286
TRACK A20110117619728 F 332400 864300 120 30 999 NONE NONE 260
	FP_ROUTE KC..KB737

TRACK_TIME 1167737286
TRACK A20110117619730 F 360000 800400 120 30 999 NONE NONE 250
	FP_ROUTE KC..KCRJ2

TRACK_TIME 1167737286
TRACK A20110117619731 F 415560 724200 120 30 999 NONE NONE 331
	FP_ROUTE KC..KB712

TRACK_TIME 1167737286
TRACK A20110117619735 F 420100 875560 120 30 999 NONE NONE 280
	FP_ROUTE KC..KA320

TRACK_TIME 1167737286
TRACK A20110117619738 F 254600 801500 120 30 999 NONE NONE 350
	FP_ROUTE KT..KCRJ2

TRACK_TIME 1167737286
TRACK A20110117619739 F 390460 843900 120 30 999 NONE NONE 370
	FP_ROUTE KC..KA320

TRACK_TIME 1167737286
TRACK A20110117619742 F 335200 811200 120 30 999 NONE NONE 230
	FP_ROUTE KT..KCRJ2

TRACK_TIME 1167737286
TRACK A20110117619749 F 333700 842860 120 30 999 NONE NONE 220
	FP_ROUTE KC..KB733

TRACK_TIME 1167737286
TRACK A20110117619750 F 355100 784900 120 30 999 NONE NONE 180
	FP_ROUTE KC..KB762

TRACK_TIME 1167737286
TRACK A20110117619751 F 324960 965200 120 30 999 NONE NONE 320
	FP_ROUTE KC..KB737

TRACK_TIME 1167737286
TRACK A20110117619753 F 335560 1182100 120 30 999 NONE NONE 340
	FP_ROUTE KC..KB737

TRACK_TIME 1167737286
TRACK A20110117619754 F 295860 951660 120 30 999 NONE NONE 400
	FP_ROUTE KC..KB737

TRACK_TIME 1167737286
TRACK A20110117619756 F 373600 1221900 120 30 999 NONE NONE 340
	FP_ROUTE KC..KB752

TRACK_TIME 1167737286
TRACK A20110117619758 F 332560 1120400 120 30 999 NONE NONE 390
	FP_ROUTE KC..KB737

TRACK_TIME 1167737286
TRACK A20110117619759 F 301200 974060 120 30 999 NONE NONE 390
	FP_ROUTE KC..KB738

TRACK_TIME 1167737286
TRACK A20110117619760 F 425800 875400 120 30 999 NONE NONE 340
	FP_ROUTE KC..KB752

TRACK_TIME 1167737286
TRACK A20110117619761 F 394800 1043900 120 30 999 NONE NONE 380
	FP_ROUTE KC..KA320

TRACK_TIME 1167737286
TRACK A20110117619765 F 445260 931360 120 30 999 NONE NONE 280
	FP_ROUTE KC..KB712

TRACK_TIME 1167737286
TRACK A20110117619766 F 351200 805800 120 30 999 NONE NONE 350
	FP_ROUTE KC..KB712

TRACK_TIME 1167737286
TRACK A20110117619778 F 274000 802700 120 30 999 NONE NONE 380
	FP_ROUTE KT..KE145

TRACK_TIME 1167737286
TRACK A20110117619780 F 412500 814960 120 30 999 NONE NONE 260
	FP_ROUTE KC..KA319

TRACK_TIME 1167737286
TRACK A20110117619786 F 325200 965200 120 30 999 NONE NONE 200
	FP_ROUTE KC..KB738

TRACK_TIME 1167737286
TRACK A20110117619790 F 392260 944200 120 30 999 NONE NONE 340
	FP_ROUTE KC..KA320

TRACK_TIME 1167737286
TRACK A20110117619793 F 384900 770160 120 30 999 NONE NONE 260
	FP_ROUTE KC..KB738

TRACK_TIME 1167737286
TRACK A20110117619795 F 391060 764200 120 30 999 NONE NONE 290
	FP_ROUTE KC..KDH8D

TRACK_TIME 1167737286
TRACK A20110117619796 F 404500 735400 120 30 999 NONE NONE 310
	FP_ROUTE KC..KCRJ2

TRACK_TIME 1167737286
TRACK A20110117619808 F 332560 1115800 120 30 999 NONE NONE 330
	FP_ROUTE KC..KB735

TRACK_TIME 1167737286
TRACK A20110117619816 F 335500 1183300 120 30 999 NONE NONE 240
	FP_ROUTE KC..KB735

TRACK_TIME 1167737286
TRACK A20110117619827 F 433600 1104500 120 30 999 NONE NONE 430
	FP_ROUTE KT..KE135

TRACK_TIME 1167737286
TRACK A20110117619828 F 325200 965200 120 30 999 NONE NONE 450
	FP_ROUTE KC..KB752

TRACK_TIME 1167737286
TRACK A20110117619835 F 361000 864000 120 30 999 NONE NONE 370
	FP_ROUTE KC..KMD11

TRACK_TIME 1167737286
TRACK A20110117619836 F 361660 941900 120 30 999 NONE NONE 270
	FP_ROUTE KC..KB737

TRACK_TIME 1167737286
TRACK A20110117619841 F 332560 1115860 120 30 999 NONE NONE 380
	FP_ROUTE KC..KB737

TRACK_TIME 1167737286
TRACK A20110117619844 F 445260 931060 120 30 999 NONE NONE 300
	FP_ROUTE KC..KCRJ2

TRACK_TIME 1167737286
TRACK A20110117619853 F 394960 1044060 120 30 999 NONE NONE 230
	FP_ROUTE KC..KA320

TRACK_TIME 1167737286
TRACK A20110117619854 F 380900 1080460 120 30 999 NONE NONE 220
	FP_ROUTE KC..KB737

TRACK_TIME 1167737286
TRACK A20110117619860 F 390700 843900 120 30 999 NONE NONE 340
	FP_ROUTE KC..KB737

TRACK_TIME 1167737286
TRACK A20110117619861 F 323900 1031060 120 30 999 NONE NONE 230
	FP_ROUTE KC..KB737

TRACK_TIME 1167737286
TRACK A20110117619866 F 360600 1150760 120 30 999 NONE NONE 270
	FP_ROUTE KC..KB737

TRACK_TIME 1167737286
TRACK A20110117619867 F 320760 1105800 120 30 999 NONE NONE 330
	FP_ROUTE KC..KCRJ2

TRACK_TIME 1167737286
TRACK A20110117619874 F 374360 1183400 120 30 999 NONE NONE 380
	FP_ROUTE KC..KMD82

TRACK_TIME 1167737286
TRACK A20110117619878 F 373600 1221960 120 30 999 NONE NONE 380
	FP_ROUTE KG..KCL60

TRACK_TIME 1167737286
TRACK A20110117619881 F 390600 844000 120 30 999 NONE NONE 310
	FP_ROUTE KC..KB733

TRACK_TIME 1167737286
TRACK A20110117619887 F 274600 822860 120 30 999 NONE NONE 360
	FP_ROUTE KC..KB733

TRACK_TIME 1167737286
TRACK A20110117619890 F 332560 1115700 120 30 999 NONE NONE 380
	FP_ROUTE KG..KCL60

TRACK_TIME 1167737286
TRACK A20110117619891 F 360700 864000 120 30 999 NONE NONE 340
	FP_ROUTE KT..KCRJ2

TRACK_TIME 1167737286
TRACK A20110117619892 F 260400 801060 120 30 999 NONE NONE 390
	FP_ROUTE KC..KB743

TRACK_TIME 1167737286
TRACK A20110117619893 F 303100 813760 120 30 999 NONE NONE 270
	FP_ROUTE KC..KB734

TRACK_TIME 1167737286
TRACK A20110117619894 F 384500 902400 120 30 999 NONE NONE 350
	FP_ROUTE KC..KE135

TRACK_TIME 1167737286
TRACK A20110117619905 F 271060 801500 120 30 999 NONE NONE 200
	FP_ROUTE KC..KB737

TRACK_TIME 1167737286
TRACK A20110117619907 F 350300 895860 120 30 999 NONE NONE 330
	FP_ROUTE KT..KCRJ1

TRACK_TIME 1167737286
TRACK A20110117619912 F 333300 864660 120 30 999 NONE NONE 410
	FP_ROUTE KC..KE170

TRACK_TIME 1167737286
TRACK A20110117619914 F 394900 1044000 120 30 999 NONE NONE 350
	FP_ROUTE KC..KCRJ2

TRACK_TIME 1167737286
TRACK A20110117619917 F 280100 823160 120 30 999 NONE NONE 410
	FP_ROUTE KC..KMD83

TRACK_TIME 1167737286
TRACK A20110117619919 F 280300 823160 120 30 999 NONE NONE 220
	FP_ROUTE KC..KA320

TRACK_TIME 1167737286
TRACK A20110117619923 F 292260 1003460 120 30 999 NONE NONE 200
	FP_ROUTE KC..KA320

TRACK_TIME 1167737286
TRACK A20110117619929 F 333700 842700 120 30 999 NONE NONE 370
	FP_ROUTE KC..KE170

TRACK_TIME 1167737286
TRACK A20110117619937 F 371960 1215400 120 30 999 NONE NONE 310
	FP_ROUTE KT..KCRJ2

TRACK_TIME 1167737286
TRACK A20110117619944 F 380600 843160 120 30 999 NONE NONE 240
	FP_ROUTE KC..KB752

TRACK_TIME 1167737286
TRACK A20110117619948 F 404600 735100 120 30 999 NONE NONE 290
	FP_ROUTE KC..KB744

TRACK_TIME 1167737286
TRACK A20110117619949 F 325500 970160 120 30 999 NONE NONE 360
	FP_ROUTE KC..KA320

TRACK_TIME 1167737286
TRACK A20110117619950 F 394800 1043900 120 30 999 NONE NONE 360
	FP_ROUTE KC..KB752

TRACK_TIME 1167737286
TRACK A20110117619954 F 360460 1151200 120 30 999 NONE NONE 380
	FP_ROUTE KG..KC560

TRACK_TIME 1167737286
TRACK A20110117619955 F 413100 934200 120 30 999 NONE NONE 310
	FP_ROUTE KG..KC560

TRACK_TIME 1167737286
TRACK A20110117619956 F 355500 1145500 120 30 999 NONE NONE 230
	FP_ROUTE KC..KA320

TRACK_TIME 1167737286
TRACK A20110117619961 F 335700 1182700 120 30 999 NONE NONE 350
	FP_ROUTE KC..KCRJ2

TRACK_TIME 1167737286
TRACK A20110117619967 F 415560 724200 120 30 999 NONE NONE 370
	FP_ROUTE KC..KCRJ2

TRACK_TIME 1167737286
TRACK A20110117619968 F 394900 1043900 120 30 999 NONE NONE 360
	FP_ROUTE KT..KCRJ9

TRACK_TIME 1167737286
TRACK A20110117619969 F 404060 751660 120 30 999 NONE NONE 270
	FP_ROUTE KT..KCRJ2

TRACK_TIME 1167737286
TRACK A20110117619970 F 351000 805560 120 30 999 NONE NONE 340
	FP_ROUTE KC..KCRJ2

TRACK_TIME 1167737286
TRACK A20110117619971 F 295860 951500 120 30 999 NONE NONE 200
	FP_ROUTE KC..KB737

TRACK_TIME 1167737286
TRACK A20110117619981 F 280160 823160 120 30 999 NONE NONE 380
	FP_ROUTE KC..KMD82

TRACK_TIME 1167737286
TRACK A20110117619983 F 333760 842860 120 30 999 NONE NONE 370
	FP_ROUTE KC..KA319

TRACK_TIME 1167737286
TRACK A20110117619984 F 254800 801500 120 30 999 NONE NONE 390
	FP_ROUTE KG..KC560

TRACK_TIME 1167737286
TRACK A20110117619992 F 294000 821300 120 30 999 NONE NONE 250
	FP_ROUTE KC..KDH8A

TRACK_TIME 1167737286
TRACK A20110117619994 F 384900 770160 120 30 999 NONE NONE 250
	FP_ROUTE KG..KC560

TRACK_TIME 1167737286
TRACK A20110117619995 F 293400 983100 120 30 999 NONE NONE 350
	FP_ROUTE KC..KA319

TRACK_TIME 1167737286
TRACK A20110117619996 F 355100 784900 120 30 999 NONE NONE 340
	FP_ROUTE KC..KA320

TRACK_TIME 1167737286
TRACK A20110117619997 F 403760 734500 120 30 999 NONE NONE 370
	FP_ROUTE KC..KE190

TRACK_TIME 1167737286
TRACK A20110117620000 F 404600 734960 120 30 999 NONE NONE 290
	FP_ROUTE KC..KB738

TRACK_TIME 1167737286
TRACK A20110117620003 F 351060 805800 120 30 999 NONE NONE 330
	FP_ROUTE KC..KB744

TRACK_TIME 1167737286
TRACK A20110117620010 F 400000 825700 120 30 999 NONE NONE 290
	FP_ROUTE KC..KCRJ2

TRACK_TIME 1167737286
TRACK A20110117620011 F 332560 1115700 120 30 999 NONE NONE 380
	FP_ROUTE KC..KB738

TRACK_TIME 1167737286
TRACK A20110117620013 F 403000 801800 120 30 999 NONE NONE 240
	FP_ROUTE KC..KB732

TRACK_TIME 1167737286
TRACK A20110117620016 F 430600 1105500 120 30 999 NONE NONE 241
	FP_ROUTE KC..KB712

TRACK_TIME 1167737286
TRACK A20110117620024 F 453460 1223460 120 30 999 NONE NONE 360
	FP_ROUTE KT..KDH8D

TRACK_TIME 1167737286
TRACK A20110117620025 F 351500 805700 120 30 999 NONE NONE 290
	FP_ROUTE KC..KCRJ2

TRACK_TIME 1167737286
TRACK A20110117620027 F 391800 944360 120 30 999 NONE NONE 330
	FP_ROUTE KC..KCRJ2

TRACK_TIME 1167737286
TRACK A20110117620028 F 325100 965200 120 30 999 NONE NONE 340
	FP_ROUTE KC..KB737

TRACK_TIME 1167737286
TRACK A20110117620029 F 194300 1550300 120 30 999 NONE NONE 210
	FP_ROUTE KG..KC560

TRACK_TIME 1167737286
TRACK A20110117620034 F 295860 951200 120 30 999 NONE NONE 360
	FP_ROUTE KC..KB737

TRACK_TIME 1167737286
TRACK A20110117620038 F 344500 921300 120 30 999 NONE NONE 190
	FP_ROUTE KC..KB737

TRACK_TIME 1167737286
TRACK A20110117620039 F 332560 1115700 120 30 999 NONE NONE 360
	FP_ROUTE KC..KE135

TRACK_TIME 1167737286
TRACK A20110117620053 F 385800 772560 120 30 999 NONE NONE 370
	FP_ROUTE KC..KCRJ2

TRACK_TIME 1167737286
TRACK A20110117620060 F 295800 951500 120 30 999 NONE NONE 350
	FP_ROUTE KC..KA319

TRACK_TIME 1167737286
TRACK A20110117620068 F 414800 874660 120 30 999 NONE NONE 380
	FP_ROUTE KC..KE170

TRACK_TIME 1167737286
TRACK A20110117620069 F 353100 973900 120 30 999 NONE NONE 231
	FP_ROUTE KC..KE190

TRACK_TIME 1167737286
TRACK A20110117620076 F 303100 813760 120 30 999 NONE NONE 320
	FP_ROUTE KC..KB737

TRACK_TIME 1167737286
TRACK A20110117620077 F 385860 772560 120 30 999 NONE NONE 330
	FP_ROUTE KC..KE145

TRACK_TIME 1167737286
TRACK A20110117620085 F 254800 802100 120 30 999 NONE NONE 340
	FP_ROUTE KC..KB752

TRACK_TIME 1167737286
TRACK A20110117620086 F 385800 772560 120 30 999 NONE NONE 370
	FP_ROUTE KC..KB738

TRACK_TIME 1167737286
TRACK A20110117620091 F 263700 813760 120 30 999 NONE NONE 320
	FP_ROUTE KC..KB738

TRACK_TIME 1167737286
TRACK A20110117620096 F 394900 1043900 120 30 999 NONE NONE 340
	FP_ROUTE KC..KB737

TRACK_TIME 1167737286
TRACK A20110117620101 F 384960 770160 120 30 999 NONE NONE 260
	FP_ROUTE KC..KB752

TRACK_TIME 1167737286
TRACK A20110117620102 F 421360 832200 120 30 999 NONE NONE 310
	FP_ROUTE KC..KB739

TRACK_TIME 1167737286
TRACK A20110117620104 F 325100 965100 120 30 999 NONE NONE 340
	FP_ROUTE KC..KE135

TRACK_TIME 1167737286
TRACK A20110117620108 F 374060 1221060 120 30 999 NONE NONE 380
	FP_ROUTE KC..KE135

TRACK_TIME 1167737286
TRACK A20110117620112 F 373600 1221900 120 30 999 NONE NONE 360
	FP_ROUTE KC..KE145

TRACK_TIME 1167737286
TRACK A20110117620122 F 364500 1194000 120 30 999 NONE NONE 320
	FP_ROUTE KC..KB733

TRACK_TIME 1167737286
TRACK A20110117620123 F 403000 801900 120 30 999 NONE NONE 260
	FP_ROUTE KC..KB737

TRACK_TIME 1167737286
TRACK A20110117620124 F 420400 724800 120 30 999 NONE NONE 190
	FP_ROUTE KC..KB752

TRACK_TIME 1167737286
TRACK A20110117620132 F 403000 801660 120 30 999 NONE NONE 200
	FP_ROUTE KC..KB737

TRACK_TIME 1167737286
TRACK A20110117620135 F 412800 814600 120 30 999 NONE NONE 370
	FP_ROUTE KC..KB737

TRACK_TIME 1167737286
TRACK A20110117620137 F 411660 955200 120 30 999 NONE NONE 300
	FP_ROUTE KC..KB737

TRACK_TIME 1167737286
TRACK A20110117620138 F 350400 895860 120 30 999 NONE NONE 330
	FP_ROUTE KG..KC550

TRACK_TIME 1167737286
TRACK A20110117620147 F 325560 970300 120 30 999 NONE NONE 330
	FP_ROUTE KC..KB737

TRACK_TIME 1167737286
TRACK A20110117620148 F 352260 973700 120 30 999 NONE NONE 220
	FP_ROUTE KC..KB752

TRACK_TIME 1167737286
TRACK A20110117620149 F 403760 734360 120 30 999 NONE NONE 220
	FP_ROUTE KC..KB752

TRACK_TIME 1167737286
TRACK A20110117620154 F 333300 864660 120 30 999 NONE NONE 240
	FP_ROUTE KC..KB737

TRACK_TIME 1167737286
TRACK A20110117620155 F 353760 823600 120 30 999 NONE NONE 250
	FP_ROUTE KC..KB737

TRACK_TIME 1167737286
TRACK A20110117620158 F 453460 1223600 120 30 999 NONE NONE 320
	FP_ROUTE KT..KCRJ2

TRACK_TIME 1167737286
TRACK A20110117620159 F 441600 1210760 120 30 999 NONE NONE 320
	FP_ROUTE KC..KB737

TRACK_TIME 1167737286
TRACK A20110117620160 F 404660 1120000 120 30 999 NONE NONE 330
	FP_ROUTE KC..KB737

TRACK_TIME 1167737286
TRACK A20110117620165 F 425500 784500 120 30 999 NONE NONE 350
	FP_ROUTE KC..KA320

TRACK_TIME 1167737286
TRACK A20110117620166 F 282800 811660 120 30 999 NONE NONE 400
	FP_ROUTE KT..KCRJ1

TRACK_TIME 1167737286
TRACK A20110117620168 F 332700 1120400 120 30 999 NONE NONE 320
	FP_ROUTE KC..KE170

TRACK_TIME 1167737286
TRACK A20110117620170 F 333900 842700 120 30 999 NONE NONE 360
	FP_ROUTE KG..KEA50

TRACK_TIME 1167737286
TRACK A20110117620174 F 332560 1120400 120 30 999 NONE NONE 360
	FP_ROUTE KT..KCRJ9

TRACK_TIME 1167737286
TRACK A20110117620176 F 411600 955200 120 30 999 NONE NONE 280
	FP_ROUTE KC..KB737

TRACK_TIME 1167737286
TRACK A20110117620185 F 372100 1215500 120 30 999 NONE NONE 360
	FP_ROUTE KC..KB737

TRACK_TIME 1167737286
TRACK A20110117620192 F 420160 875700 120 30 999 NONE NONE 380
	FP_ROUTE KT..KCRJ2

TRACK_TIME 1167737286
TRACK A20110117620196 F 420000 875700 120 30 999 NONE NONE 290
	FP_ROUTE KC..KB738

TRACK_TIME 1167737286
TRACK A20110117620198 F 402860 1221800 120 30 999 NONE NONE 220
	FP_ROUTE KC..KB734

TRACK_TIME 1167737286
TRACK A20110117620199 F 372100 1215400 120 30 999 NONE NONE 430
	FP_ROUTE KT..KCRJ2

TRACK_TIME 1167737286
TRACK A20110117620202 F 390460 843900 120 30 999 NONE NONE 220
	FP_ROUTE KT..KE145

TRACK_TIME 1167737286
TRACK A20110117620207 F 373600 1222100 120 30 999 NONE NONE 360
	FP_ROUTE KT..KCRJ2

TRACK_TIME 1167737286
TRACK A20110117620211 F 390900 842260 120 30 999 NONE NONE 230
	FP_ROUTE KT..KCRJ2

TRACK_TIME 1167737286
TRACK A20110117620213 F 394960 1044060 120 30 999 NONE NONE 330
	FP_ROUTE KC..KB737

TRACK_TIME 1167737286
TRACK A20110117620216 F 282800 811960 120 30 999 NONE NONE 370
	FP_ROUTE KT..KCRJ2

TRACK_TIME 1167737286
TRACK A20110117620221 F 395260 1043600 120 30 999 NONE NONE 330
	FP_ROUTE KC..KB733

TRACK_TIME 1167737286
TRACK A20110117620230 F 395100 1044060 120 30 999 NONE NONE 250
	FP_ROUTE KC..KB733

TRACK_TIME 1167737286
TRACK A20110117620231 F 380460 843300 120 30 999 NONE NONE 320
	FP_ROUTE KC..KB733

TRACK_TIME 1167737286
TRACK A20110117620232 F 422200 710000 120 30 999 NONE NONE 230
	FP_ROUTE KC..KB733

TRACK_TIME 1167737286
TRACK A20110117620234 F 282860 811960 120 30 999 NONE NONE 351
	FP_ROUTE KC..KB733

TRACK_TIME 1167737286
TRACK A20110117620237 F 300000 951800 120 30 999 NONE NONE 350
	FP_ROUTE KC..KB734

TRACK_TIME 1167737286
TRACK A20110117620238 F 461900 1190160 120 30 999 NONE NONE 340
	FP_ROUTE KC..KB752

TRACK_TIME 1167737286
TRACK A20110117620240 F 355100 784900 120 30 999 NONE NONE 220
	FP_ROUTE KC..KB763

TRACK_TIME 1167737286
TRACK A20110117620243 F 413460 934300 120 30 999 NONE NONE 280
	FP_ROUTE KT..KCRJ2

TRACK_TIME 1167737286
TRACK A20110117620245 F 274000 973300 120 30 999 NONE NONE 340
	FP_ROUTE KG..KPAY2

TRACK_TIME 1167737286
TRACK A20110117620248 F 395260 1043600 120 30 999 NONE NONE 350
	FP_ROUTE KC..KA319

TRACK_TIME 1167737286
TRACK A20110117620249 F 383760 1074360 120 30 999 NONE NONE 260
	FP_ROUTE KC..KE135

TRACK_TIME 1167737286
TRACK A20110117620259 F 440100 1030160 120 30 999 NONE NONE 360
	FP_ROUTE KC..KE170

TRACK_TIME 1167737286
TRACK A20110117620261 F 351000 805800 120 30 999 NONE NONE 370
	FP_ROUTE KC..KB738

TRACK_TIME 1167737286
TRACK A20110117620263 F 422500 705860 120 30 999 NONE NONE 210
	FP_ROUTE KC..KB738

TRACK_TIME 1167737286
TRACK A20110117620267 F 344200 921600 120 30 999 NONE NONE 300
	FP_ROUTE KC..KE170

TRACK_TIME 1167737286
TRACK A20110117620268 F 384500 902100 120 30 999 NONE NONE 350
	FP_ROUTE KT..KCRJ2

TRACK_TIME 1167737286
TRACK A20110117620269 F 412560 814800 120 30 999 NONE NONE 250
	FP_ROUTE KT..KB763

TRACK_TIME 1167737286
TRACK A20110117620271 F 445260 931060 120 30 999 NONE NONE 340
	FP_ROUTE KC..KB737

TRACK_TIME 1167737286
TRACK A20110117620280 F 325260 970400 120 30 999 NONE NONE 370
	FP_ROUTE KC..KE145

TRACK_TIME 1167737286
TRACK A20110117620281 F 414900 874660 120 30 999 NONE NONE 310
	FP_ROUTE KC..KB737

TRACK_TIME 1167737286
TRACK A20110117620284 F 404960 740600 120 30 999 NONE NONE 430
	FP_ROUTE KC..KA319

TRACK_TIME 1167737286
TRACK A20110117620290 F 362200 955200 120 30 999 NONE NONE 360
	FP_ROUTE KC..KE145

TRACK_TIME 1167737286
TRACK A20110117620291 F 333760 843000 120 30 999 NONE NONE 350
	FP_ROUTE KG..KCL60

TRACK_TIME 1167737286
TRACK A20110117620298 F 410300 734200 120 30 999 NONE NONE 220
	FP_ROUTE KC..KCRJ2

TRACK_TIME 1167737286
TRACK A20110117620304 F 295860 951660 120 30 999 NONE NONE 200
	FP_ROUTE KC..KE170

TRACK_TIME 1167737286
TRACK A20110117620340 F 333900 843000 120 30 999 NONE NONE 220
	FP_ROUTE KT..KCRJ9

TRACK_TIME 1167737286
TRACK A20110117620343 F 415700 723460 120 30 999 NONE NONE 310
	FP_ROUTE KC..KB752

TRACK_TIME 1167737286
TRACK A20110117620344 F 335700 1181960 120 30 999 NONE NONE 330
	FP_ROUTE KC..KCL60

TRACK_TIME 1167737286
TRACK A20110117620348 F 325500 970300 120 30 999 NONE NONE 360
	FP_ROUTE KC..KA320

TRACK_TIME 1167737286
TRACK A20110117620349 F 335500 1183100 120 30 999 NONE NONE 290
	FP_ROUTE KC..KCRJ2

TRACK_TIME 1167737286
TRACK A20110117620350 F 325500 970160 120 30 999 NONE NONE 400
	FP_ROUTE KC..KB737

TRACK_TIME 1167737286
TRACK A20110117620353 F 420100 875800 120 30 999 NONE NONE 360
	FP_ROUTE KC..KB738

TRACK_TIME 1167737286
TRACK A20110117620354 F 325500 970300 120 30 999 NONE NONE 340
	FP_ROUTE KC..KB738

TRACK_TIME 1167737286
TRACK A20110117620355 F 302860 814300 120 30 999 NONE NONE 310
	FP_ROUTE KC..KB733

TRACK_TIME 1167737286
TRACK A20110117620358 F 473760 1173100 120 30 999 NONE NONE 210
	FP_ROUTE KC..KB738

TRACK_TIME 1167737286
TRACK A20110117620361 F 300000 951960 120 30 999 NONE NONE 360
	FP_ROUTE KC..KE135

TRACK_TIME 1167737286
TRACK A20110117620365 F 384600 902200 120 30 999 NONE NONE 300
	FP_ROUTE KC..KA319

TRACK_TIME 1167737286
TRACK A20110117620370 F 421960 710100 120 30 999 NONE NONE 350
	FP_ROUTE KC..KB738

TRACK_TIME 1167737286
TRACK A20110117620371 F 381200 854360 120 30 999 NONE NONE 300
	FP_ROUTE KC..KB772

TRACK_TIME 1167737286
TRACK A20110117620374 F 445400 931500 120 30 999 NONE NONE 300
	FP_ROUTE KG..KF900

TRACK_TIME 1167737286
TRACK A20110117620375 F 395260 1043700 120 30 999 NONE NONE 250
	FP_ROUTE KC..KA319

TRACK_TIME 1167737286
TRACK A20110117620376 F 334800 1180700 120 30 999 NONE NONE 220
	FP_ROUTE KC..KA319

TRACK_TIME 1167737286
TRACK A20110117620378 F 421900 710160 120 30 999 NONE NONE 330
	FP_ROUTE KC..KMD83

TRACK_TIME 1167737286
TRACK A20110117620383 F 322100 862860 120 30 999 NONE NONE 200
	FP_ROUTE KC..KA320

TRACK_TIME 1167737286
TRACK A20110117620385 F 335100 1163100 120 30 999 NONE NONE 270
	FP_ROUTE KG..KBE20

TRACK_TIME 1167737286
TRACK A20110117620394 F 211900 1575860 120 30 999 NONE NONE 370
	FP_ROUTE KG..KBE20

TRACK_TIME 1167737286
TRACK A20110117620397 F 464200 1024360 120 30 999 NONE NONE 400
	FP_ROUTE KC..KB734

TRACK_TIME 1167737286
TRACK A20110117620400 F 362400 942200 120 30 999 NONE NONE 320
	FP_ROUTE KC..KA319

TRACK_TIME 1167737286
TRACK A20110117620401 F 390460 844000 120 30 999 NONE NONE 330
	FP_ROUTE KC..KMD82

TRACK_TIME 1167737286
TRACK A20110117620404 F 350000 1063900 120 30 999 NONE NONE 280
	FP_ROUTE KC..KDH8D

TRACK_TIME 1167737286
TRACK A20110117620410 F 333900 842800 120 30 999 NONE NONE 280
	FP_ROUTE KC..KB737

TRACK_TIME 1167737286
TRACK A20110117620411 F 300000 951800 120 30 999 NONE NONE 360
	FP_ROUTE KG..KF2TH

TRACK_TIME 1167737286
TRACK A20110117620412 F 403760 734360 120 30 999 NONE NONE 370
	FP_ROUTE KT..KE145

TRACK_TIME 1167737286
TRACK A20110117620413 F 400400 750100 120 30 999 NONE NONE 410
	FP_ROUTE KT..KE145

TRACK_TIME 1167737286
TRACK A20110117620414 F 262560 800300 120 30 999 NONE NONE 430
	FP_ROUTE KG..KF2TH

TRACK_TIME 1167737286
TRACK A20110117620416 F 410300 734200 120 30 999 NONE NONE 410
	FP_ROUTE KC..KA319

TRACK_TIME 1167737286
TRACK A20110117620422 F 324500 800700 120 30 999 NONE NONE 230
	FP_ROUTE KC..KB752

TRACK_TIME 1167737286
TRACK A20110117620424 F 384500 901900 120 30 999 NONE NONE 260
	FP_ROUTE KT..KCRJ2

TRACK_TIME 1167737286
TRACK A20110117620427 F 481500 1011900 120 30 999 NONE NONE 280
	FP_ROUTE KC..KB737

TRACK_TIME 1167737286
TRACK A20110117620429 F 404360 1115800 120 30 999 NONE NONE 320
	FP_ROUTE KC..KE145

TRACK_TIME 1167737286
TRACK A20110117620437 F 404600 1115800 120 30 999 NONE NONE 350
	FP_ROUTE KC..KB752

TRACK_TIME 1167737286
TRACK A20110117620438 F 300160 901360 120 30 999 NONE NONE 380
	FP_ROUTE KC..KCRJ2

TRACK_TIME 1167737286
TRACK A20110117620446 F 411500 765800 120 30 999 NONE NONE 370
	FP_ROUTE KC..KB752

TRACK_TIME 1167737286
TRACK A20110117620447 F 324960 972200 120 30 999 NONE NONE 360
	FP_ROUTE KC..KA319

TRACK_TIME 1167737286
TRACK A20110117620462 F 302860 814300 120 30 999 NONE NONE 370
	FP_ROUTE KC..KB734

TRACK_TIME 1167737286
TRACK A20110117620472 F 420000 875200 120 30 999 NONE NONE 350
	FP_ROUTE KC..KE145

TRACK_TIME 1167737286
TRACK A20110117620475 F 361960 941960 120 30 999 NONE NONE 320
	FP_ROUTE KC..KE145

TRACK_TIME 1167737286
TRACK A20110117620476 F 333900 842800 120 30 999 NONE NONE 310
	FP_ROUTE KC..KE145

TRACK_TIME 1167737286
TRACK A20110117620480 F 282800 811960 120 30 999 NONE NONE 350
	FP_ROUTE KG..KEA50

TRACK_TIME 1167737286
TRACK A20110117620482 F 303000 871200 120 30 999 NONE NONE 340
	FP_ROUTE KC..KMD82

TRACK_TIME 1167737286
TRACK A20110117620486 F 312100 1003000 120 30 999 NONE NONE 230
	FP_ROUTE KC..KB737

TRACK_TIME 1167737286
TRACK A20110117620497 F 405200 964500 120 30 999 NONE NONE 300
	FP_ROUTE KC..KA319

TRACK_TIME 1167737286
TRACK A20110117620498 F 404500 964600 120 30 999 NONE NONE 300
	FP_ROUTE KC..KB744

TRACK_TIME 1167737286
TRACK A20110117620504 F 425560 784500 120 30 999 NONE NONE 280
	FP_ROUTE KC..KB752

TRACK_TIME 1167737286
TRACK A20110117620506 F 324300 795700 120 30 999 NONE NONE 230
	FP_ROUTE KC..KA320

TRACK_TIME 1167737286
TRACK A20110117620509 F 335800 1183300 120 30 999 NONE NONE 380
	FP_ROUTE KC..KB737

TRACK_TIME 1167737286
TRACK A20110117620510 F 445200 931060 120 30 999 NONE NONE 350
	FP_ROUTE KC..KB737

TRACK_TIME 1167737286
TRACK A20110117620511 F 340300 1174660 120 30 999 NONE NONE 320
	FP_ROUTE KC..KA320

TRACK_TIME 1167737286
TRACK A20110117620512 F 381060 854360 120 30 999 NONE NONE 320
	FP_ROUTE KC..KE145

TRACK_TIME 1167737286
TRACK A20110117620513 F 425260 853300 120 30 999 NONE NONE 320
	FP_ROUTE KC..KB738

TRACK_TIME 1167737286
TRACK A20110117620514 F 380100 854360 120 30 999 NONE NONE 310
	FP_ROUTE KC..KB762

TRACK_TIME 1167737286
TRACK A20110117620523 F 333760 842800 120 30 999 NONE NONE 370
	FP_ROUTE KC..KE170

TRACK_TIME 1167737286
TRACK A20110117620527 F 333760 842800 120 30 999 NONE NONE 270
	FP_ROUTE KC..KB737

TRACK_TIME 1167737286
TRACK A20110117620531 F 280100 823160 120 30 999 NONE NONE 380
	FP_ROUTE KC..KB733

TRACK_TIME 1167737286
TRACK A20110117620534 F 300000 951900 120 30 999 NONE NONE 340
	FP_ROUTE KT..KCRJ2

TRACK_TIME 1167737286
TRACK A20110117620540 F 425860 875260 120 30 999 NONE NONE 380
	FP_ROUTE KC..KCRJ2

TRACK_TIME 1167737286
TRACK A20110117620541 F 300460 973600 120 30 999 NONE NONE 370
	FP_ROUTE KC..KB733

TRACK_TIME 1167737286
TRACK A20110117620542 F 325260 970300 120 30 999 NONE NONE 340
	FP_ROUTE KC..KB737

TRACK_TIME 1167737286
TRACK A20110117620554 F 425800 875400 120 30 999 NONE NONE 380
	FP_ROUTE KC..KB737

TRACK_TIME 1167737286
TRACK A20110117620555 F 440400 924660 120 30 999 NONE NONE 240
	FP_ROUTE KC..KB737

TRACK_TIME 1167737286
TRACK A20110117620561 F 445200 931200 120 30 999 NONE NONE 350
	FP_ROUTE KC..KMD82

TRACK_TIME 1167737286
TRACK A20110117620569 F 325500 970300 120 30 999 NONE NONE 320
	FP_ROUTE KT..KCRJ9

TRACK_TIME 1167737286
TRACK A20110117620576 F 324600 965560 120 30 999 NONE NONE 330
	FP_ROUTE KC..KMD82

TRACK_TIME 1167737286
TRACK A20110117620582 F 282800 811900 120 30 999 NONE NONE 210
	FP_ROUTE KT..KE145

TRACK_TIME 1167737286
TRACK A20110117620586 F 324660 965700 120 30 999 NONE NONE 330
	FP_ROUTE KC..KB752

TRACK_TIME 1167737286
TRACK A20110117620587 F 415500 724360 120 30 999 NONE NONE 250
	FP_ROUTE KC..KB752

TRACK_TIME 1167737286
TRACK A20110117620594 F 360900 863900 120 30 999 NONE NONE 380
	FP_ROUTE KC..KB738

TRACK_TIME 1167737286
TRACK A20110117620595 F 392560 943100 120 30 999 NONE NONE 380
	FP_ROUTE KC..KA320

TRACK_TIME 1167737286
TRACK A20110117620596 F 384500 902200 120 30 999 NONE NONE 290
	FP_ROUTE KC..KB752

TRACK_TIME 1167737286
TRACK A20110117620598 F 391060 764200 120 30 999 NONE NONE 390
	FP_ROUTE KC..KB752

TRACK_TIME 1167737286
TRACK A20110117620602 F 325500 970300 120 30 999 NONE NONE 290
	FP_ROUTE KC..KB733

TRACK_TIME 1167737286
TRACK A20110117620603 F 303100 813900 120 30 999 NONE NONE 330
	FP_ROUTE KC..KCRJ2

TRACK_TIME 1167737286
TRACK A20110117620606 F 425700 712700 120 30 999 NONE NONE 290
	FP_ROUTE KT..KE145

TRACK_TIME 1167737286
TRACK A20110117620607 F 421300 831960 120 30 999 NONE NONE 300
	FP_ROUTE KC..KB739

TRACK_TIME 1167737286
TRACK A20110117620616 F 422500 705860 120 30 999 NONE NONE 230
	FP_ROUTE KC..KE170

TRACK_TIME 1167737286
TRACK A20110117620618 F 303100 814360 120 30 999 NONE NONE 400
	FP_ROUTE KC..KB734

TRACK_TIME 1167737286
TRACK A20110117620619 F 350760 851000 120 30 999 NONE NONE 330
	FP_ROUTE KT..KCRJ1

TRACK_TIME 1167737286
TRACK A20110117620621 F 384800 770160 120 30 999 NONE NONE 270
	FP_ROUTE KT..KE145

TRACK_TIME 1167737286
TRACK A20110117620622 F 325500 970160 120 30 999 NONE NONE 380
	FP_ROUTE KC..KA319

TRACK_TIME 1167737286
TRACK A20110117620623 F 395260 1043600 120 30 999 NONE NONE 380
	FP_ROUTE KC..KA320

TRACK_TIME 1167737286
TRACK A20110117620631 F 395400 751300 120 30 999 NONE NONE 410
	FP_ROUTE KC..KB712

TRACK_TIME 1167737286
TRACK A20110117620632 F 253900 802860 120 30 999 NONE NONE 400
	FP_ROUTE KT..KCRJ9

TRACK_TIME 1167737286
TRACK A20110117620633 F 385860 772560 120 30 999 NONE NONE 430
	FP_ROUTE KC..KMD83

TRACK_TIME 1167737286
TRACK A20110117620634 F 260400 801060 120 30 999 NONE NONE 280
	FP_ROUTE KC..KB737

TRACK_TIME 1167737286
TRACK A20110117620641 F 372100 772800 120 30 999 NONE NONE 230
	FP_ROUTE KC..KB737

TRACK_TIME 1167737286
TRACK A20110117620648 F 420000 875560 120 30 999 NONE NONE 330
	FP_ROUTE KT..KCRJ2

TRACK_TIME 1167737286
TRACK A20110117620650 F 404360 735500 120 30 999 NONE NONE 350
	FP_ROUTE KC..KB712

TRACK_TIME 1167737286
TRACK A20110117620652 F 282800 811960 120 30 999 NONE NONE 370
	FP_ROUTE KC..KB763

TRACK_TIME 1167737286
TRACK A20110117620655 F 333700 842800 120 30 999 NONE NONE 260
	FP_ROUTE KG..KC550

TRACK_TIME 1167737286
TRACK A20110117620660 F 403600 734660 120 30 999 NONE NONE 350
	FP_ROUTE KG..KC550

TRACK_TIME 1167737286
TRACK A20110117620667 F 325500 970160 120 30 999 NONE NONE 360
	FP_ROUTE KC..KDH8A

TRACK_TIME 1167737286
TRACK A20110117620668 F 325500 970160 120 30 999 NONE NONE 340
	FP_ROUTE KC..KB712

TRACK_TIME 1167737286
TRACK A20110117620670 F 400000 825500 120 30 999 NONE NONE 390
	FP_ROUTE KT..KCRJ9

TRACK_TIME 1167737286
TRACK A20110117620673 F 360600 864060 120 30 999 NONE NONE 300
	FP_ROUTE KC..KB733

TRACK_TIME 1167737286
TRACK A20110117620676 F 425560 784500 120 30 999 NONE NONE 260
	FP_ROUTE KC..KA320

TRACK_TIME 1167737286
TRACK A20110117620677 F 401060 763900 120 30 999 NONE NONE 310
	FP_ROUTE KT..KCRJ2

TRACK_TIME 1167737286
TRACK A20110117620682 F 343760 864900 120 30 999 NONE NONE 340
	FP_ROUTE KC..KCRJ2

TRACK_TIME 1167737286
TRACK A20110117620683 F 333760 842800 120 30 999 NONE NONE 330
	FP_ROUTE KC..KB752

TRACK_TIME 1167737286
TRACK A20110117620692 F 315100 1062100 120 30 999 NONE NONE 340
	FP_ROUTE KC..KB738

TRACK_TIME 1167737286
TRACK A20110117620698 F 472560 1221900 120 30 999 NONE NONE 360
	FP_ROUTE KC..KE135

TRACK_TIME 1167737286
TRACK A20110117620699 F 401360 765260 120 30 999 NONE NONE 290
	FP_ROUTE KC..KCRJ2

TRACK_TIME 1167737286
TRACK A20110117620702 F 420100 875560 120 30 999 NONE NONE 340
	FP_ROUTE KC..KCRJ2

TRACK_TIME 1167737286
TRACK A20110117620704 F 394360 1043900 120 30 999 NONE NONE 380
	FP_ROUTE KC..KA319

TRACK_TIME 1167737286
TRACK A20110117620706 F 351360 805800 120 30 999 NONE NONE 370
	FP_ROUTE KC..KA319

TRACK_TIME 1167737286
TRACK A20110117620707 F 351300 805560 120 30 999 NONE NONE 300
	FP_ROUTE KG..KC560

TRACK_TIME 1167737286
TRACK A20110117620712 F 421960 705800 120 30 999 NONE NONE 310
	FP_ROUTE KC..KE190

TRACK_TIME 1167737286
TRACK A20110117620715 F 390100 772800 120 30 999 NONE NONE 180
	FP_ROUTE KC..KE135

TRACK_TIME 1167737286
TRACK A20110117620716 F 341200 1182400 120 30 999 NONE NONE 220
	FP_ROUTE KC..KA320

TRACK_TIME 1167737286
TRACK A20110117620723 F 374060 1221200 120 30 999 NONE NONE 380
	FP_ROUTE KT..KCRJ9

TRACK_TIME 1167737286
TRACK A20110117620724 F 373600 1221960 120 30 999 NONE NONE 360
	FP_ROUTE KC..KB738

TRACK_TIME 1167737286
TRACK A20110117620729 F 295860 951800 120 30 999 NONE NONE 370
	FP_ROUTE KT..KCRJ2

TRACK_TIME 1167737286
TRACK A20110117620740 F 404000 741060 120 30 999 NONE NONE 330
	FP_ROUTE KT..KE145

TRACK_TIME 1167737286
TRACK A20110117620742 F 260400 800700 120 30 999 NONE NONE 370
	FP_ROUTE KC..KA319

TRACK_TIME 1167737286
TRACK A20110117620745 F 453460 1223460 120 30 999 NONE NONE 340
	FP_ROUTE KC..KCRJ2

TRACK_TIME 1167737286
TRACK A20110117620746 F 384500 902200 120 30 999 NONE NONE 340
	FP_ROUTE KC..KB732

TRACK_TIME 1167737286
TRACK A20110117620748 F 325100 965200 120 30 999 NONE NONE 190
	FP_ROUTE KC..KB737

TRACK_TIME 1167737286
TRACK A20110117620750 F 300600 974000 120 30 999 NONE NONE 200
	FP_ROUTE KC..KB737

TRACK_TIME 1167737286
TRACK A20110117620752 F 332560 1115800 120 30 999 NONE NONE 340
	FP_ROUTE KC..KA319

TRACK_TIME 1167737286
TRACK A20110117620766 F 374200 1221200 120 30 999 NONE NONE 360
	FP_ROUTE KC..KMD82

TRACK_TIME 1167737286
TRACK A20110117620774 F 384900 770160 120 30 999 NONE NONE 200
	FP_ROUTE KC..KA320

TRACK_TIME 1167737286
TRACK A20110117620782 F 373600 1221900 120 30 999 NONE NONE 340
	FP_ROUTE KT..KC750

TRACK_TIME 1167737286
TRACK A20110117620783 F 293160 982860 120 30 999 NONE NONE 370
	FP_ROUTE KC..KB752

TRACK_TIME 1167737286
TRACK A20110117620784 F 394800 1044000 120 30 999 NONE NONE 210
	FP_ROUTE KT..KCRJ2

TRACK_TIME 1167737286
TRACK A20110117620788 F 335560 1182400 120 30 999 NONE NONE 380
	FP_ROUTE KT..KCRJ2

TRACK_TIME 1167737286
TRACK A20110117620790 F 325500 970300 120 30 999 NONE NONE 360
	FP_ROUTE KC..KB738

TRACK_TIME 1167737286
TRACK A20110117620798 F 302400 974060 120 30 999 NONE NONE 390
	FP_ROUTE KC..KE170

TRACK_TIME 1167737286
TRACK A20110117620799 F 370300 884600 120 30 999 NONE NONE 260
	FP_ROUTE KC..KMD82

TRACK_TIME 1167737286
TRACK A20110117620800 F 420000 875700 120 30 999 NONE NONE 300
	FP_ROUTE KC..KMD82

TRACK_TIME 1167737286
TRACK A20110117620807 F 472860 1221900 120 30 999 NONE NONE 240
	FP_ROUTE KC..KA320

TRACK_TIME 1167737286
TRACK A20110117620808 F 395200 751660 120 30 999 NONE NONE 290
	FP_ROUTE KC..KB738

TRACK_TIME 1167737286
TRACK A20110117620818 F 335500 1183160 120 30 999 NONE NONE 370
	FP_ROUTE KC..KCRJ2

TRACK_TIME 1167737286
TRACK A20110117620819 F 420160 875700 120 30 999 NONE NONE 360
	FP_ROUTE KC..KA320

TRACK_TIME 1167737286
TRACK A20110117620826 F 335700 1182700 120 30 999 NONE NONE 280
	FP_ROUTE KC..KB732

TRACK_TIME 1167737286
TRACK A20110117620828 F 420160 875700 120 30 999 NONE NONE 250
	FP_ROUTE KC..KB752

TRACK_TIME 1167737286
TRACK A20110117620839 F 282860 811960 120 30 999 NONE NONE 230
	FP_ROUTE KC..KCRJ2

TRACK_TIME 1167737286
TRACK A20110117620840 F 445500 930300 120 30 999 NONE NONE 390
	FP_ROUTE KC..KCRJ2

TRACK_TIME 1167737286
TRACK A20110117620844 F 425200 854000 120 30 999 NONE NONE 200
	FP_ROUTE KT..KCRJ2

TRACK_TIME 1167737286
TRACK A20110117620845 F 422100 710000 120 30 999 NONE NONE 310
	FP_ROUTE KC..KB753

TRACK_TIME 1167737286
TRACK A20110117620851 F 325560 970160 120 30 999 NONE NONE 320
	FP_ROUTE KT..KCRJ2

TRACK_TIME 1167737286
TRACK A20110117620855 F 351200 805560 120 30 999 NONE NONE 380
	FP_ROUTE KC..KE170

TRACK_TIME 1167737286
TRACK A20110117620867 F 395200 751660 120 30 999 NONE NONE 330
	FP_ROUTE KT..KF2TH

TRACK_TIME 1167737286
TRACK A20110117620872 F 384360 1213600 120 30 999 NONE NONE 360
	FP_ROUTE KC..KB752

TRACK_TIME 1167737286
TRACK A20110117620874 F 325500 970100 120 30 999 NONE NONE 340
	FP_ROUTE KC..KE170

TRACK_TIME 1167737286
TRACK A20110117620875 F 421360 831960 120 30 999 NONE NONE 280
	FP_ROUTE KC..KB752

TRACK_TIME 1167737286
TRACK A20110117620877 F 404900 735100 120 30 999 NONE NONE 330
	FP_ROUTE KC..KA320

TRACK_TIME 1167737286
TRACK A20110117620878 F 282800 811800 120 30 999 NONE NONE 340
	FP_ROUTE KC..KE145

TRACK_TIME 1167737286
TRACK A20110117620879 F 332560 1115800 120 30 999 NONE NONE 350
	FP_ROUTE KC..KB752

TRACK_TIME 1167737286
TRACK A20110117620891 F 325400 970460 120 30 999 NONE NONE 370
	FP_ROUTE KC..KB744

TRACK_TIME 1167737286
TRACK A20110117620905 F 472700 1221900 120 30 999 NONE NONE 370
	FP_ROUTE KC..KCRJ2

TRACK_TIME 1167737286
TRACK A20110117620917 F 300000 952260 120 30 999 NONE NONE 370
	FP_ROUTE KC..KB737

TRACK_TIME 1167737286
TRACK A20110117620922 F 404500 735400 120 30 999 NONE NONE 330
	FP_ROUTE KC..KA320

TRACK_TIME 1167737286
TRACK A20110117620933 F 322860 935200 120 30 999 NONE NONE 240
	FP_ROUTE KG..KBE9L

TRACK_TIME 1167737286
TRACK A20110117620934 F 350400 895860 120 30 999 NONE NONE 270
	FP_ROUTE KC..KA320

TRACK_TIME 1167737286
TRACK A20110117620935 F 325500 970460 120 30 999 NONE NONE 370
	FP_ROUTE KT..KCRJ2

TRACK_TIME 1167737286
TRACK A20110117620938 F 412500 814960 120 30 999 NONE NONE 360
	FP_ROUTE KC..KB739

TRACK_TIME 1167737286
TRACK A20110117620950 F 320900 1105860 120 30 999 NONE NONE 340
	FP_ROUTE KC..KB734

TRACK_TIME 1167737286
TRACK A20110117620952 F 282800 811960 120 30 999 NONE NONE 320
	FP_ROUTE KC..KE145

TRACK_TIME 1167737286
TRACK A20110117620955 F 333700 842800 120 30 999 NONE NONE 300
	FP_ROUTE KC..KB737

TRACK_TIME 1167737286
TRACK A20110117620965 F 325700 970160 120 30 999 NONE NONE 340
	FP_ROUTE KG..KFA50

TRACK_TIME 1167737286
TRACK A20110117620966 F 325500 970300 120 30 999 NONE NONE 310
	FP_ROUTE KT..KCRJ1

TRACK_TIME 1167737286
TRACK A20110117620967 F 404500 735400 120 30 999 NONE NONE 330
	FP_ROUTE KT..KCRJ9

TRACK_TIME 1167737286
TRACK A20110117620972 F 335500 1183300 120 30 999 NONE NONE 300
	FP_ROUTE KC..KA319

TRACK_TIME 1167737286
TRACK A20110117620974 F 300000 951800 120 30 999 NONE NONE 360
	FP_ROUTE KC..KA319

TRACK_TIME 1167737286
TRACK A20110117620976 F 325560 970160 120 30 999 NONE NONE 360
	FP_ROUTE KC..KE145

TRACK_TIME 1167737286
TRACK A20110117620981 F 412560 814900 120 30 999 NONE NONE 260
	FP_ROUTE KC..KE145

TRACK_TIME 1167737286
TRACK A20110117620983 F 344900 773760 120 30 999 NONE NONE 250
	FP_ROUTE KC..KE120

TRACK_TIME 1167737286
TRACK A20110117620984 F 334060 1161200 120 30 999 NONE NONE 350
	FP_ROUTE KC..KB737

TRACK_TIME 1167737286
TRACK A20110117620990 F 335560 1183400 120 30 999 NONE NONE 340
	FP_ROUTE KC..KB738

TRACK_TIME 1167737286
TRACK A20110117620993 F 394600 861500 120 30 999 NONE NONE 340
	FP_ROUTE KC..KB737

TRACK_TIME 1167737286
TRACK A20110117620994 F 395200 751660 120 30 999 NONE NONE 340
	FP_ROUTE KC..KE145

TRACK_TIME 1167737286
TRACK A20110117620998 F 350400 895860 120 30 999 NONE NONE 290
	FP_ROUTE KC..KB737

TRACK_TIME 1167737286
TRACK A20110117621003 F 260400 800600 120 30 999 NONE NONE 370
	FP_ROUTE KC..KCRJ9

TRACK_TIME 1167737286
TRACK A20110117621006 F 421300 831960 120 30 999 NONE NONE 240
	FP_ROUTE KC..KA320

TRACK_TIME 1167737286
TRACK A20110117621013 F 333700 842860 120 30 999 NONE NONE 380
	FP_ROUTE KC..KB737

TRACK_TIME 1167737286
TRACK A20110117621014 F 380400 1222260 120 30 999 NONE NONE 240
	FP_ROUTE KC..KB737

TRACK_TIME 1167737286
TRACK A20110117621015 F 383160 1224900 120 30 999 NONE NONE 380
	FP_ROUTE KC..KA319

TRACK_TIME 1167737286
TRACK A20110117621023 F 412500 814960 120 30 999 NONE NONE 280
	FP_ROUTE KC..KE120

TRACK_TIME 1167737286
TRACK A20110117621024 F 395200 751360 120 30 999 NONE NONE 250
	FP_ROUTE KG..KEA50

TRACK_TIME 1167737286
TRACK A20110117621044 F 302400 870600 120 30 999 NONE NONE 190
	FP_ROUTE KG..KBE20

TRACK_TIME 1167737286
TRACK A20110117621047 F 420100 875560 120 30 999 NONE NONE 300
	FP_ROUTE KT..KCRJ2

TRACK_TIME 1167737286
TRACK A20110117621049 F 300000 951900 120 30 999 NONE NONE 310
	FP_ROUTE KT..KCRJ2

TRACK_TIME 1167737286
TRACK A20110117621053 F 333760 842860 120 30 999 NONE NONE 370
	FP_ROUTE KC..KE145

TRACK_TIME 1167737286
TRACK A20110117621054 F 333900 842800 120 30 999 NONE NONE 320
	FP_ROUTE KT..KCRJ2

TRACK_TIME 1167737286
TRACK A20110117621064 F 391060 764200 120 30 999 NONE NONE 280
	FP_ROUTE KC..KA320

TRACK_TIME 1167737286
TRACK A20110117621065 F 381000 854300 120 30 999 NONE NONE 400
	FP_ROUTE KC..KE145

TRACK_TIME 1167737286
TRACK A20110117621066 F 280100 823160 120 30 999 NONE NONE 390
	FP_ROUTE KT..KCRJ2

TRACK_TIME 1167737286
TRACK A20110117621074 F 425500 784600 120 30 999 NONE NONE 350
	FP_ROUTE KC..KF900

TRACK_TIME 1167737286
TRACK A20110117621075 F 472700 1221900 120 30 999 NONE NONE 350
	FP_ROUTE KC..KE190

TRACK_TIME 1167737286
TRACK A20110117621077 F 390760 842400 120 30 999 NONE NONE 400
	FP_ROUTE KC..KB738

TRACK_TIME 1167737286
TRACK A20110117621083 F 295800 951500 120 30 999 NONE NONE 370
	FP_ROUTE KC..KB752

TRACK_TIME 1167737286
TRACK A20110117621084 F 254800 801900 120 30 999 NONE NONE 230
	FP_ROUTE KC..KE170

TRACK_TIME 1167737286
TRACK A20110117621087 F 254800 801600 120 30 999 NONE NONE 260
	FP_ROUTE KC..KB752

TRACK_TIME 1167737286
TRACK A20110117621088 F 405100 812500 120 30 999 NONE NONE 260
	FP_ROUTE KC..KB738

TRACK_TIME 1167737286
TRACK A20110117621090 F 302500 890700 120 30 999 NONE NONE 320
	FP_ROUTE KC..KA319

TRACK_TIME 1167737286
TRACK A20110117621097 F 420100 875560 120 30 999 NONE NONE 320
	FP_ROUTE KC..KCL60

TRACK_TIME 1167737286
TRACK A20110117621098 F 360400 1150700 120 30 999 NONE NONE 380
	FP_ROUTE KT..KCRJ2

TRACK_TIME 1167737286
TRACK A20110117621100 F 332560 1115800 120 30 999 NONE NONE 290
	FP_ROUTE KC..KA320

TRACK_TIME 1167737286
TRACK A20110117621102 F 461900 1165400 120 30 999 NONE NONE 190
	FP_ROUTE KC..KE145

TRACK_TIME 1167737286
TRACK A20110117621103 F 453460 1223300 120 30 999 NONE NONE 200
	FP_ROUTE KC..KB737

TRACK_TIME 1167737286
TRACK A20110117621105 F 282400 811660 120 30 999 NONE NONE 320
	FP_ROUTE KC..KA320

TRACK_TIME 1167737286
TRACK A20110117621110 F 333760 843000 120 30 999 NONE NONE 370
	FP_ROUTE KT..KCRJ2

TRACK_TIME 1167737286
TRACK A20110117621120 F 254800 801900 120 30 999 NONE NONE 360
	FP_ROUTE KT..KCRJ2

TRACK_TIME 1167737286
TRACK A20110117621123 F 360460 864060 120 30 999 NONE NONE 330
	FP_ROUTE KC..KB737

TRACK_TIME 1167737286
TRACK A20110117621138 F 332560 1120300 120 30 999 NONE NONE 310
	FP_ROUTE KC..KE145

TRACK_TIME 1167737286
TRACK A20110117621139 F 293100 982800 120 30 999 NONE NONE 390
	FP_ROUTE KC..KA320

TRACK_TIME 1167737286
TRACK A20110117621147 F 384900 770160 120 30 999 NONE NONE 350
	FP_ROUTE KC..KA319

TRACK_TIME 1167737286
TRACK A20110117621148 F 384360 901960 120 30 999 NONE NONE 390
	FP_ROUTE KT..KE135

TRACK_TIME 1167737286
TRACK A20110117621149 F 422100 710100 120 30 999 NONE NONE 390
	FP_ROUTE KC..KCRJ2

TRACK_TIME 1167737286
TRACK A20110117621158 F 254800 801500 120 30 999 NONE NONE 230
	FP_ROUTE KC..KE170

TRACK_TIME 1167737286
TRACK A20110117621173 F 395500 1044060 120 30 999 NONE NONE 380
	FP_ROUTE KC..KA319

TRACK_TIME 1167737286
TRACK A20110117621175 F 332560 1115800 120 30 999 NONE NONE 290
	FP_ROUTE KT..KCRJ2

TRACK_TIME 1167737286
TRACK A20110117621177 F 403900 741060 120 30 999 NONE NONE 370
	FP_ROUTE KC..KB712

TRACK_TIME 1167737286
TRACK A20110117621179 F 404500 735400 120 30 999 NONE NONE 350
	FP_ROUTE KC..KB737

TRACK_TIME 1167737286
TRACK A20110117621186 F 381060 854360 120 30 999 NONE NONE 330
	FP_ROUTE KC..KB737

TRACK_TIME 1167737286
TRACK A20110117621187 F 404500 1115800 120 30 999 NONE NONE 181
	FP_ROUTE KC..KB733

TRACK_TIME 1167737286
TRACK A20110117621188 F 403100 1100160 120 30 999 NONE NONE 211
	FP_ROUTE KC..KA320

TRACK_TIME 1167737286
TRACK A20110117621189 F 333900 843000 120 30 999 NONE NONE 360
	FP_ROUTE KC..KB739

TRACK_TIME 1167737286
TRACK A20110117621192 F 254660 801660 120 30 999 NONE NONE 370
	FP_ROUTE KC..KE135

TRACK_TIME 1167737286
TRACK A20110117621198 F 384500 901900 120 30 999 NONE NONE 280
	FP_ROUTE KT..KCRJ2

TRACK_TIME 1167737286
TRACK A20110117621203 F 333760 842800 120 30 999 NONE NONE 310
	FP_ROUTE KT..KCRJ2

TRACK_TIME 1167737286
TRACK A20110117621212 F 385860 772800 120 30 999 NONE NONE 250
	FP_ROUTE KC..KB733

TRACK_TIME 1167737286
TRACK A20110117621214 F 445100 931360 120 30 999 NONE NONE 370
	FP_ROUTE KC..KE170

TRACK_TIME 1167737286
TRACK A20110117621225 F 332560 1115860 120 30 999 NONE NONE 380
	FP_ROUTE KC..KE170

TRACK_TIME 1167737286
TRACK A20110117621226 F 404360 735500 120 30 999 NONE NONE 390
	FP_ROUTE KC..KA320

TRACK_TIME 1167737286
TRACK A20110117621230 F 392700 1194600 120 30 999 NONE NONE 340
	FP_ROUTE KC..KA319

TRACK_TIME 1167737286
TRACK A20110117621232 F 253900 802860 120 30 999 NONE NONE 410
	FP_ROUTE KC..KB737

TRACK_TIME 1167737286
TRACK A20110117621237 F 445260 931060 120 30 999 NONE NONE 250
	FP_ROUTE KC..KB737

TRACK_TIME 1167737286
TRACK A20110117621255 F 445200 931000 120 30 999 NONE NONE 380
	FP_ROUTE KT..KE145

TRACK_TIME 1167737286
TRACK A20110117621256 F 384800 770160 120 30 999 NONE NONE 300
	FP_ROUTE KG..KC550

TRACK_TIME 1167737286
TRACK A20110117621257 F 211900 1575800 120 30 999 NONE NONE 300
	FP_ROUTE KC..KA320

TRACK_TIME 1167737286
TRACK A20110117621259 F 341060 1181360 120 30 999 NONE NONE 330
	FP_ROUTE KC..KCRJ2

TRACK_TIME 1167737286
TRACK A20110117621261 F 333700 842860 120 30 999 NONE NONE 380
	FP_ROUTE KC..KA320

TRACK_TIME 1167737286
TRACK A20110117621264 F 355200 1150100 120 30 999 NONE NONE 270
	FP_ROUTE KC..KB752

TRACK_TIME 1167737286
TRACK A20110117621267 F 325400 970100 120 30 999 NONE NONE 240
	FP_ROUTE KC..KB752

TRACK_TIME 1167737286
TRACK A20110117621279 F 404500 734960 120 30 999 NONE NONE 350
	FP_ROUTE KC..KE135

TRACK_TIME 1167737286
TRACK A20110117621282 F 350300 895800 120 30 999 NONE NONE 320
	FP_ROUTE KC..KB737

TRACK_TIME 1167737286
TRACK A20110117621304 F 291060 821300 120 30 999 NONE NONE 410
	FP_ROUTE KC..KB737

TRACK_TIME 1167737286
TRACK A20110117621310 F 280100 823160 120 30 999 NONE NONE 350
	FP_ROUTE KC..KB737

TRACK_TIME 1167737286
TRACK A20110117621311 F 412560 814900 120 30 999 NONE NONE 280
	FP_ROUTE KC..KB712

TRACK_TIME 1167737286
TRACK A20110117621312 F 385860 772560 120 30 999 NONE NONE 400
	FP_ROUTE KC..KB712

TRACK_TIME 1167737286
TRACK A20110117621314 F 360300 795860 120 30 999 NONE NONE 320
	FP_ROUTE KC..KMD83

TRACK_TIME 1167737286
TRACK A20110117621315 F 351060 805800 120 30 999 NONE NONE 259
	FP_ROUTE KC..KE145

TRACK_TIME 1167737286
TRACK A20110117621320 F 373600 1221960 120 30 999 NONE NONE 320
	FP_ROUTE KC..KMD83

TRACK_TIME 1167737286
TRACK A20110117621323 F 344360 921200 120 30 999 NONE NONE 330
	FP_ROUTE KC..KE190

TRACK_TIME 1167737286
TRACK A20110117621328 F 262860 820160 120 30 999 NONE NONE 410
	FP_ROUTE KG..KLJ45

TRACK_TIME 1167737286
TRACK A20110117621329 F 275100 974360 120 30 999 NONE NONE 240
	FP_ROUTE KC..KA333

TRACK_TIME 1167737286
TRACK A20110117621338 F 403600 734660 120 30 999 NONE NONE 390
	FP_ROUTE KC..KA320

TRACK_TIME 1167737286
TRACK A20110117621339 F 403600 734800 120 30 999 NONE NONE 370
	FP_ROUTE KC..KE120

TRACK_TIME 1167737286
TRACK A20110117621344 F 325560 970300 120 30 999 NONE NONE 310
	FP_ROUTE KG..KBE20

TRACK_TIME 1167737286
TRACK A20110117621346 F 350460 895800 120 30 999 NONE NONE 210
	FP_ROUTE KG..KEA50

TRACK_TIME 1167737286
TRACK A20110117621347 F 403600 734660 120 30 999 NONE NONE 350
	FP_ROUTE KC..KE145

TRACK_TIME 1167737286
TRACK A20110117621351 F 442700 730700 120 30 999 NONE NONE 290
	FP_ROUTE KC..KA320

TRACK_TIME 1167737286
TRACK A20110117621352 F 425560 784500 120 30 999 NONE NONE 260
	FP_ROUTE KC..KCRJ2

TRACK_TIME 1167737286
TRACK A20110117621353 F 393160 1072700 120 30 999 NONE NONE 220
	FP_ROUTE KC..KB735

TRACK_TIME 1167737286
TRACK A20110117621354 F 410300 734060 120 30 999 NONE NONE 280
	FP_ROUTE KC..KA319

TRACK_TIME 1167737286
TRACK A20110117621360 F 342200 775860 120 30 999 NONE NONE 300
	FP_ROUTE KC..KCRJ2

TRACK_TIME 1167737286
TRACK A20110117621361 F 420000 875700 120 30 999 NONE NONE 370
	FP_ROUTE KC..KB752

TRACK_TIME 1167737286
TRACK A20110117621363 F 302860 814360 120 30 999 NONE NONE 380
	FP_ROUTE KC..KA320

TRACK_TIME 1167737286
TRACK A20110117621368 F 260460 801200 120 30 999 NONE NONE 380
	FP_ROUTE KC..KE135

TRACK_TIME 1167737286
TRACK A20110117621373 F 351060 805560 120 30 999 NONE NONE 240
	FP_ROUTE KC..KB752

TRACK_TIME 1167737286
TRACK A20110117621375 F 392700 744060 120 30 999 NONE NONE 370
	FP_ROUTE KC..KA320

TRACK_TIME 1167737286
TRACK A20110117621379 F 335100 1161900 120 30 999 NONE NONE 390
	FP_ROUTE KT..KCRJ2

TRACK_TIME 1167737286
TRACK A20110117621388 F 384900 770160 120 30 999 NONE NONE 370
	FP_ROUTE KC..KE170

TRACK_TIME 1167737286
TRACK A20110117621396 F 384960 973760 120 30 999 NONE NONE 410
	FP_ROUTE KC..KE190

TRACK_TIME 1167737286
TRACK A20110117621397 F 421960 710160 120 30 999 NONE NONE 410
	FP_ROUTE KC..KE190

TRACK_TIME 1167737286
TRACK A20110117621399 F 472700 1221900 120 30 999 NONE NONE 340
	FP_ROUTE KC..KB752

TRACK_TIME 1167737286
TRACK A20110117621401 F 355200 784800 120 30 999 NONE NONE 260
	FP_ROUTE KC..KB738

TRACK_TIME 1167737286
TRACK A20110117621402 F 352560 973700 120 30 999 NONE NONE 251
	FP_ROUTE KC..KB733

TRACK_TIME 1167737286
TRACK A20110117621403 F 350000 1064000 120 30 999 NONE NONE 260
	FP_ROUTE KC..KB737

TRACK_TIME 1167737286
TRACK A20110117621411 F 260460 800760 120 30 999 NONE NONE 360
	FP_ROUTE KC..KB733

TRACK_TIME 1167737286
TRACK A20110117621413 F 403900 741060 120 30 999 NONE NONE 370
	FP_ROUTE KC..KB738

TRACK_TIME 1167737286
TRACK A20110117621424 F 421360 832200 120 30 999 NONE NONE 370
	FP_ROUTE KC..KB739

TRACK_TIME 1167737286
TRACK A20110117621427 F 341200 1181360 120 30 999 NONE NONE 330
	FP_ROUTE KC..KB733

TRACK_TIME 1167737286
TRACK A20110117621437 F 280160 823160 120 30 999 NONE NONE 310
	FP_ROUTE KC..KCRJ2

TRACK_TIME 1167737286
TRACK A20110117621438 F 325500 970160 120 30 999 NONE NONE 300
	FP_ROUTE KC..KB752

TRACK_TIME 1167737286
TRACK A20110117621440 F 385260 1214000 120 30 999 NONE NONE 380
	FP_ROUTE KC..KE145

TRACK_TIME 1167737286
TRACK A20110117621450 F 442560 730600 120 30 999 NONE NONE 330
	FP_ROUTE KC..KA319

TRACK_TIME 1167737286
TRACK A20110117621451 F 420160 875700 120 30 999 NONE NONE 360
	FP_ROUTE KC..KE190

TRACK_TIME 1167737286
TRACK A20110117621459 F 394960 1044060 120 30 999 NONE NONE 330
	FP_ROUTE KT..KCRJ2

TRACK_TIME 1167737286
TRACK A20110117621463 F 582500 1515700 120 30 999 NONE NONE 210
	FP_ROUTE KG..KC550

TRACK_TIME 1167737286
TRACK A20110117621464 F 335560 1182200 120 30 999 NONE NONE 360
	FP_ROUTE KC..KA320

TRACK_TIME 1167737286
TRACK A20110117621471 F 360600 864000 120 30 999 NONE NONE 360
	FP_ROUTE KC..KA319

TRACK_TIME 1167737286
TRACK A20110117621472 F 325500 970160 120 30 999 NONE NONE 340
	FP_ROUTE KC..KA320

TRACK_TIME 1167737286
TRACK A20110117621474 F 415860 875100 120 30 999 NONE NONE 320
	FP_ROUTE KC..KA320

TRACK_TIME 1167737286
TRACK A20110117621478 F 351060 805800 120 30 999 NONE NONE 350
	FP_ROUTE KC..KB763

TRACK_TIME 1167737286
TRACK A20110117621481 F 414800 874600 120 30 999 NONE NONE 370
	FP_ROUTE KC..KMD83

TRACK_TIME 1167737286
TRACK A20110117621487 F 404600 734960 120 30 999 NONE NONE 210
	FP_ROUTE KC..KB737

TRACK_TIME 1167737286
TRACK A20110117621488 F 333760 842860 120 30 999 NONE NONE 370
	FP_ROUTE KC..KB737

TRACK_TIME 1167737286
TRACK A20110117621496 F 374060 1221200 120 30 999 NONE NONE 340
	FP_ROUTE KC..KCRJ2

TRACK_TIME 1167737286
TRACK A20110117621498 F 403600 734660 120 30 999 NONE NONE 370
	FP_ROUTE KT..KCRJ9

TRACK_TIME 1167737286
TRACK A20110117621500 F 420000 875700 120 30 999 NONE NONE 370
	FP_ROUTE KT..KCRJ2

TRACK_TIME 1167737286
TRACK A20110117621501 F 391060 764300 120 30 999 NONE NONE 390
	FP_ROUTE KC..KE170

TRACK_TIME 1167737286
TRACK A20110117621508 F 384960 770100 120 30 999 NONE NONE 210
	FP_ROUTE KT..KCRJ2

TRACK_TIME 1167737286
TRACK A20110117621509 F 384960 770160 120 30 999 NONE NONE 330
	FP_ROUTE KC..KA319

TRACK_TIME 1167737286
TRACK A20110117621514 F 395400 1050600 120 30 999 NONE NONE 410
	FP_ROUTE KC..KB752

TRACK_TIME 1167737286
TRACK A20110117621520 F 355200 784800 120 30 999 NONE NONE 220
	FP_ROUTE KC..KB733

TRACK_TIME 1167737286
TRACK A20110117621521 F 325500 970300 120 30 999 NONE NONE 340
	FP_ROUTE KC..KMD82

TRACK_TIME 1167737286
TRACK A20110117621533 F 395200 751660 120 30 999 NONE NONE 350
	FP_ROUTE KC..KB752

TRACK_TIME 1167737286
TRACK A20110117621534 F 421300 831960 120 30 999 NONE NONE 300
	FP_ROUTE KT..KCRJ9

TRACK_TIME 1167737286
TRACK A20110117621535 F 325260 800160 120 30 999 NONE NONE 370
	FP_ROUTE KC..KA319

TRACK_TIME 1167737286
TRACK A20110117621538 F 433900 702400 120 30 999 NONE NONE 250
	FP_ROUTE KT..KCRJ9

TRACK_TIME 1167737286
TRACK A20110117621542 F 333900 1115260 120 30 999 NONE NONE 350
	FP_ROUTE KC..KE145

TRACK_TIME 1167737286
TRACK A20110117621546 F 603600 1503600 120 30 999 NONE NONE 200
	FP_ROUTE KT..KE120

TRACK_TIME 1167737286
TRACK A20110117621553 F 325500 970160 120 30 999 NONE NONE 320
	FP_ROUTE KC..KE145

TRACK_TIME 1167737286
TRACK A20110117621555 F 332560 1115800 120 30 999 NONE NONE 360
	FP_ROUTE KC..KA320

TRACK_TIME 1167737286
TRACK A20110117621556 F 444660 684800 120 30 999 NONE NONE 270
	FP_ROUTE KC..KA320

TRACK_TIME 1167737286
TRACK A20110117621557 F 325560 970160 120 30 999 NONE NONE 360
	FP_ROUTE KC..KB737

TRACK_TIME 1167737286
TRACK A20110117621561 F 333700 842800 120 30 999 NONE NONE 240
	FP_ROUTE KC..KB752

TRACK_TIME 1167737286
TRACK A20110117621566 F 254800 801500 120 30 999 NONE NONE 400
	FP_ROUTE KC..KB738

TRACK_TIME 1167737286
TRACK A20110117621571 F 333300 785400 120 30 999 NONE NONE 240
	FP_ROUTE KC..KB734

TRACK_TIME 1167737286
TRACK A20110117621585 F 403760 734300 120 30 999 NONE NONE 260
	FP_ROUTE KC..KMD83

TRACK_TIME 1167737286
TRACK A20110117621587 F 324360 800100 120 30 999 NONE NONE 370
	FP_ROUTE KC..KB738

TRACK_TIME 1167737286
TRACK A20110117621602 F 282800 811960 120 30 999 NONE NONE 340
	FP_ROUTE KC..KB737

TRACK_TIME 1167737286
TRACK A20110117621606 F 332560 1120400 120 30 999 NONE NONE 310
	FP_ROUTE KC..KB738

TRACK_TIME 1167737286
TRACK A20110117621616 F 394800 1044000 120 30 999 NONE NONE 350
	FP_ROUTE KC..KB738

TRACK_TIME 1167737286
TRACK A20110117621617 F 421960 710100 120 30 999 NONE NONE 370
	FP_ROUTE KC..KB735

TRACK_TIME 1167737286
TRACK A20110117621618 F 320100 1022500 120 30 999 NONE NONE 320
	FP_ROUTE KC..KE135

TRACK_TIME 1167737286
TRACK A20110117621620 F 445260 931060 120 30 999 NONE NONE 320
	FP_ROUTE KC..KE120

TRACK_TIME 1167737286
TRACK A20110117621625 F 395200 751660 120 30 999 NONE NONE 350
	FP_ROUTE KC..KA319

TRACK_TIME 1167737286
TRACK A20110117621627 F 335100 841960 120 30 999 NONE NONE 250
	FP_ROUTE KC..KE120

TRACK_TIME 1167737286
TRACK A20110117621633 F 430160 712860 120 30 999 NONE NONE 270
	FP_ROUTE KC..KA320

TRACK_TIME 1167737286
TRACK A20110117621634 F 395200 751660 120 30 999 NONE NONE 260
	FP_ROUTE KC..KB738

TRACK_TIME 1167737286
TRACK A20110117621635 F 415500 724300 120 30 999 NONE NONE 350
	FP_ROUTE KC..KE170

TRACK_TIME 1167737286
TRACK A20110117621640 F 404660 742560 120 30 999 NONE NONE 390
	FP_ROUTE KC..KB712

TRACK_TIME 1167737286
TRACK A20110117621641 F 333760 842860 120 30 999 NONE NONE 390
	FP_ROUTE KC..KB737

TRACK_TIME 1167737286
TRACK A20110117621646 F 334500 903400 120 30 999 NONE NONE 220
	FP_ROUTE KC..KMD82

TRACK_TIME 1167737286
TRACK A20110117621647 F 421300 831960 120 30 999 NONE NONE 350
	FP_ROUTE KC..KA319

TRACK_TIME 1167737286
TRACK A20110117621652 F 211900 1575700 120 30 999 NONE NONE 380
	FP_ROUTE KC..KA319

TRACK_TIME 1167737286
TRACK A20110117621658 F 403700 734600 120 30 999 NONE NONE 390
	FP_ROUTE KC..KA320

TRACK_TIME 1167737286
TRACK A20110117621659 F 260400 800600 120 30 999 NONE NONE 360
	FP_ROUTE KC..KB737

TRACK_TIME 1167737286
TRACK A20110117621662 F 300000 901800 120 30 999 NONE NONE 350
	FP_ROUTE KC..KB737

TRACK_TIME 1167737286
TRACK A20110117621663 F 282400 811900 120 30 999 NONE NONE 349
	FP_ROUTE KC..KB739

TRACK_TIME 1167737286
TRACK A20110117621664 F 391060 764200 120 30 999 NONE NONE 350
	FP_ROUTE KC..KB737

TRACK_TIME 1167737286
TRACK A20110117621665 F 414200 712700 120 30 999 NONE NONE 330
	FP_ROUTE KC..KA320

TRACK_TIME 1167737286
TRACK A20110117621677 F 391960 944200 120 30 999 NONE NONE 360
	FP_ROUTE KC..KB739

TRACK_TIME 1167737286
TRACK A20110117621689 F 325500 970160 120 30 999 NONE NONE 360
	FP_ROUTE KC..KB737

TRACK_TIME 1167737286
TRACK A20110117621693 F 321200 883100 120 30 999 NONE NONE 370
	FP_ROUTE KC..KA320

TRACK_TIME 1167737286
TRACK A20110117621694 F 310160 972400 120 30 999 NONE NONE 360
	FP_ROUTE KC..KB737

TRACK_TIME 1167737286
TRACK A20110117621696 F 384900 770160 120 30 999 NONE NONE 340
	FP_ROUTE KC..KB737

TRACK_TIME 1167737286
TRACK A20110117621697 F 394200 861960 120 30 999 NONE NONE 320
	FP_ROUTE KC..KB752

TRACK_TIME 1167737286
TRACK A20110117621698 F 425260 853100 120 30 999 NONE NONE 370
	FP_ROUTE KT..KCRJ2

TRACK_TIME 1167737286
TRACK A20110117621700 F 404200 751900 120 30 999 NONE NONE 370
	FP_ROUTE KC..KB752

TRACK_TIME 1167737286
TRACK A20110117621703 F 254800 802100 120 30 999 NONE NONE 280
	FP_ROUTE KC..KB752

TRACK_TIME 1167737286
TRACK A20110117621705 F 415800 875200 120 30 999 NONE NONE 360
	FP_ROUTE KC..KE170

TRACK_TIME 1167737286
TRACK A20110117621708 F 301800 842200 120 30 999 NONE NONE 360
	FP_ROUTE KC..KA320

TRACK_TIME 1167737286
TRACK A20110117621710 F 263900 813460 120 30 999 NONE NONE 360
	FP_ROUTE KC..KB733

TRACK_TIME 1167737286
TRACK A20110117621712 F 425500 784500 120 30 999 NONE NONE 190
	FP_ROUTE KC..KB737

TRACK_TIME 1167737286
TRACK A20110117621714 F 395200 751660 120 30 999 NONE NONE 350
	FP_ROUTE KT..KCRJ2

TRACK_TIME 1167737286
TRACK A20110117621715 F 425400 784660 120 30 999 NONE NONE 260
	FP_ROUTE KC..KA320

TRACK_TIME 1167737286
TRACK A20110117621718 F 395100 751660 120 30 999 NONE NONE 370
	FP_ROUTE KC..KE135

TRACK_TIME 1167737286
TRACK A20110117621735 F 333700 842800 120 30 999 NONE NONE 360
	FP_ROUTE KC..KB738

TRACK_TIME 1167737286
TRACK A20110117621738 F 425860 875400 120 30 999 NONE NONE 380
	FP_ROUTE KC..KA319

TRACK_TIME 1167737286
TRACK A20110117621741 F 395200 751660 120 30 999 NONE NONE 200
	FP_ROUTE KC..KB738

TRACK_TIME 1167737286
TRACK A20110117621744 F 390400 843900 120 30 999 NONE NONE 340
	FP_ROUTE KC..KB734

TRACK_TIME 1167737286
TRACK A20110117621748 F 420000 875500 120 30 999 NONE NONE 340
	FP_ROUTE KT..KCRJ2

TRACK_TIME 1167737286
TRACK A20110117621749 F 384900 770160 120 30 999 NONE NONE 220
	FP_ROUTE KC..KMD83

TRACK_TIME 1167737286
TRACK A20110117621751 F 404360 735500 120 30 999 NONE NONE 210
	FP_ROUTE KC..KE190

TRACK_TIME 1167737286
TRACK A20110117621755 F 333760 842860 120 30 999 NONE NONE 330
	FP_ROUTE KC..KA320

TRACK_TIME 1167737286
TRACK A20110117621758 F 425500 784600 120 30 999 NONE NONE 330
	FP_ROUTE KT..KCRJ2

TRACK_TIME 1167737286
TRACK A20110117621765 F 395260 751300 120 30 999 NONE NONE 200
	FP_ROUTE KC..KE145

TRACK_TIME 1167737286
TRACK A20110117621767 F 652560 1480900 120 30 999 NONE NONE 230
	FP_ROUTE KC..KB737

TRACK_TIME 1167737286
TRACK A20110117621769 F 395400 750600 120 30 999 NONE NONE 330
	FP_ROUTE KC..KB752

TRACK_TIME 1167737286
TRACK A20110117621770 F 335700 1182100 120 30 999 NONE NONE 380
	FP_ROUTE KC..KE170

TRACK_TIME 1167737286
TRACK A20110117621771 F 420000 723900 120 30 999 NONE NONE 310
	FP_ROUTE KC..KDH8D

TRACK_TIME 1167737286
TRACK A20110117621776 F 351200 805800 120 30 999 NONE NONE 350
	FP_ROUTE KC..KA320

TRACK_TIME 1167737286
TRACK A20110117621779 F 350400 895800 120 30 999 NONE NONE 260
	FP_ROUTE KC..KB752

TRACK_TIME 1167737286
TRACK A20110117621780 F 421300 831960 120 30 999 NONE NONE 320
	FP_ROUTE KC..KDH8D

TRACK_TIME 1167737286
TRACK A20110117621783 F 391800 944200 120 30 999 NONE NONE 380
	FP_ROUTE KC..KE145

TRACK_TIME 1167737286
TRACK A20110117621784 F 403000 801660 120 30 999 NONE NONE 320
	FP_ROUTE KT..KE135

TRACK_TIME 1167737286
TRACK A20110117621785 F 332560 1115800 120 30 999 NONE NONE 290
	FP_ROUTE KC..KB734

TRACK_TIME 1167737286
TRACK A20110117621787 F 334060 1175200 120 30 999 NONE NONE 410
	FP_ROUTE KC..KB734

TRACK_TIME 1167737286
TRACK A20110117621793 F 394960 1044360 120 30 999 NONE NONE 390
	FP_ROUTE KG..KCL60

TRACK_TIME 1167737286
TRACK A20110117621799 F 300000 951660 120 30 999 NONE NONE 340
	FP_ROUTE KC..KA320

TRACK_TIME 1167737286
TRACK A20110117621802 F 425800 852800 120 30 999 NONE NONE 320
	FP_ROUTE KG..KC560

TRACK_TIME 1167737286
TRACK A20110117621807 F 254800 801600 120 30 999 NONE NONE 370
	FP_ROUTE KC..KA320

TRACK_TIME 1167737286
TRACK A20110117621810 F 445200 931060 120 30 999 NONE NONE 330
	FP_ROUTE KC..KB734

TRACK_TIME 1167737286
TRACK A20110117621811 F 403600 734660 120 30 999 NONE NONE 350
	FP_ROUTE KG..KF900

TRACK_TIME 1167737286
TRACK A20110117621812 F 385860 772560 120 30 999 NONE NONE 330
	FP_ROUTE KC..KCRJ2

TRACK_TIME 1167737286
TRACK A20110117621814 F 434600 923600 120 30 999 NONE NONE 340
	FP_ROUTE KC..KA320

TRACK_TIME 1167737286
TRACK A20110117621815 F 404000 741060 120 30 999 NONE NONE 390
	FP_ROUTE KT..KCRJ2

TRACK_TIME 1167737286
TRACK A20110117621818 F 262560 815800 120 30 999 NONE NONE 370
	FP_ROUTE KC..KE145

TRACK_TIME 1167737286
TRACK A20110117621829 F 421900 710160 120 30 999 NONE NONE 310
	FP_ROUTE KT..KCRJ2

TRACK_TIME 1167737286
TRACK A20110117621830 F 701900 1493300 120 30 999 NONE NONE 320
	FP_ROUTE KC..KB738

TRACK_TIME 1167737286
TRACK A20110117621832 F 293700 951500 120 30 999 NONE NONE 380
	FP_ROUTE KC..KCRJ2

TRACK_TIME 1167737286
TRACK A20110117621835 F 373600 1221900 120 30 999 NONE NONE 380
	FP_ROUTE KT..KCRJ2

TRACK_TIME 1167737286
TRACK A20110117621839 F 332560 1115860 120 30 999 NONE NONE 340
	FP_ROUTE KC..KCRJ2

TRACK_TIME 1167737286
TRACK A20110117621850 F 422260 710000 120 30 999 NONE NONE 230
	FP_ROUTE KC..KB763

TRACK_TIME 1167737286
TRACK A20110117621859 F 360000 970700 120 30 999 NONE NONE 370
	FP_ROUTE KC..KB733

TRACK_TIME 1167737286
TRACK A20110117621860 F 433160 964660 120 30 999 NONE NONE 320
	FP_ROUTE KC..KCRJ2

TRACK_TIME 1167737286
TRACK A20110117621861 F 422260 710100 120 30 999 NONE NONE 370
	FP_ROUTE KC..KA320

TRACK_TIME 1167737286
TRACK A20110117621862 F 421300 831960 120 30 999 NONE NONE 300
	FP_ROUTE KC..KA319

TRACK_TIME 1167737286
TRACK A20110117621870 F 323160 941900 120 30 999 NONE NONE 230
	FP_ROUTE KC..KB738

TRACK_TIME 1167737286
TRACK A20110117621873 F 391060 764300 120 30 999 NONE NONE 391
	FP_ROUTE KT..KCRJ2

TRACK_TIME 1167737286
TRACK A20110117621874 F 363400 974600 120 30 999 NONE NONE 200
	FP_ROUTE KC..KB752

TRACK_TIME 1167737286
TRACK A20110117621877 F 373760 972500 120 30 999 NONE NONE 310
	FP_ROUTE KC..KE145

TRACK_TIME 1167737286
TRACK A20110117621878 F 394960 1043760 120 30 999 NONE NONE 340
	FP_ROUTE KC..KB738

TRACK_TIME 1167737286
TRACK A20110117621882 F 420160 875560 120 30 999 NONE NONE 260
	FP_ROUTE KC..KB737

TRACK_TIME 1167737286
TRACK A20110117621888 F 325500 970160 120 30 999 NONE NONE 360
	FP_ROUTE KC..KE190

TRACK_TIME 1167737286
TRACK A20110117621891 F 295860 951500 120 30 999 NONE NONE 200
	FP_ROUTE KC..KE145

TRACK_TIME 1167737286
TRACK A20110117621892 F 414800 874660 120 30 999 NONE NONE 300
	FP_ROUTE KC..KB712

TRACK_TIME 1167737286
TRACK A20110117621893 F 414360 861900 120 30 999 NONE NONE 400
	FP_ROUTE KC..KE170

TRACK_TIME 1167737286
TRACK A20110117621894 F 325560 970160 120 30 999 NONE NONE 360
	FP_ROUTE KC..KA321

TRACK_TIME 1167737286
TRACK A20110117621895 F 325500 970460 120 30 999 NONE NONE 330
	FP_ROUTE KT..KCRJ2

TRACK_TIME 1167737286
TRACK A20110117621896 F 354960 784960 120 30 999 NONE NONE 220
	FP_ROUTE KC..KB752

TRACK_TIME 1167737286
TRACK A20110117621898 F 335400 841660 120 30 999 NONE NONE 410
	FP_ROUTE KC..KA320

TRACK_TIME 1167737286
TRACK A20110117621900 F 303160 911000 120 30 999 NONE NONE 310
	FP_ROUTE KT..KCRJ9

TRACK_TIME 1167737286
TRACK A20110117621905 F 324900 795860 120 30 999 NONE NONE 370
	FP_ROUTE KT..KE145

TRACK_TIME 1167737286
TRACK A20110117621907 F 445200 931000 120 30 999 NONE NONE 340
	FP_ROUTE KC..KB737

TRACK_TIME 1167737286
TRACK A20110117621908 F 335700 1182200 120 30 999 NONE NONE 320
	FP_ROUTE KC..KA319

TRACK_TIME 1167737286
TRACK A20110117621914 F 353400 1080900 120 30 999 NONE NONE 280
	FP_ROUTE KG..KC560

TRACK_TIME 1167737286
TRACK A20110117621920 F 391060 764360 120 30 999 NONE NONE 370
	FP_ROUTE KC..KE145

TRACK_TIME 1167737286
TRACK A20110117621923 F 404500 734960 120 30 999 NONE NONE 350
	FP_ROUTE KC..KB712

TRACK_TIME 1167737286
TRACK A20110117621924 F 280000 823160 120 30 999 NONE NONE 370
	FP_ROUTE KT..KE145

TRACK_TIME 1167737286
TRACK A20110117621927 F 404960 740460 120 30 999 NONE NONE 370
	FP_ROUTE KC..KB752

TRACK_TIME 1167737286
TRACK A20110117621929 F 445260 931360 120 30 999 NONE NONE 340
	FP_ROUTE KG..KC510

TRACK_TIME 1167737286
TRACK A20110117621930 F 333900 842700 120 30 999 NONE NONE 340
	FP_ROUTE KC..KA319

TRACK_TIME 1167737286
TRACK A20110117621931 F 300000 951600 120 30 999 NONE NONE 240
	FP_ROUTE KC..KCRJ9

TRACK_TIME 1167737286
TRACK A20110117621934 F 282700 811800 120 30 999 NONE NONE 210
	FP_ROUTE KT..KCRJ9

TRACK_TIME 1167737286
TRACK A20110117621937 F 325200 965260 120 30 999 NONE NONE 200
	FP_ROUTE KC..KCRJ2

TRACK_TIME 1167737286
TRACK A20110117621938 F 315800 1021960 120 30 999 NONE NONE 380
	FP_ROUTE KC..KCRJ2

TRACK_TIME 1167737286
TRACK A20110117621939 F 293160 982800 120 30 999 NONE NONE 350
	FP_ROUTE KC..KB737

TRACK_TIME 1167737286
TRACK A20110117621946 F 391960 944300 120 30 999 NONE NONE 360
	FP_ROUTE KC..KB739

TRACK_TIME 1167737286
TRACK A20110117621951 F 404000 741060 120 30 999 NONE NONE 330
	FP_ROUTE KC..KCRJ9

TRACK_TIME 1167737286
TRACK A20110117621952 F 332560 1115700 120 30 999 NONE NONE 350
	FP_ROUTE KC..KCRJ2

TRACK_TIME 1167737286
TRACK A20110117621961 F 351200 805800 120 30 999 NONE NONE 390
	FP_ROUTE KC..KA319

TRACK_TIME 1167737286
TRACK A20110117621962 F 403700 734600 120 30 999 NONE NONE 250
	FP_ROUTE KC..KCRJ2

TRACK_TIME 1167737286
TRACK A20110117621965 F 360460 1150900 120 30 999 NONE NONE 360
	FP_ROUTE KT..KCRJ2

TRACK_TIME 1167737286
TRACK A20110117621968 F 355200 784900 120 30 999 NONE NONE 270
	FP_ROUTE KC..KE145

TRACK_TIME 1167737286
TRACK A20110117621969 F 384900 770160 120 30 999 NONE NONE 390
	FP_ROUTE KT..KE145

TRACK_TIME 1167737286
TRACK A20110117621974 F 445200 931000 120 30 999 NONE NONE 380
	FP_ROUTE KC..KB752

TRACK_TIME 1167737286
TRACK A20110117621976 F 295860 951660 120 30 999 NONE NONE 360
	FP_ROUTE KC..KE170

TRACK_TIME 1167737286
TRACK A20110117621978 F 472700 1221900 120 30 999 NONE NONE 360
	FP_ROUTE KT..KCRJ2

TRACK_TIME 1167737286
TRACK A20110117621997 F 360460 1150900 120 30 999 NONE NONE 380
	FP_ROUTE KC..KE170

TRACK_TIME 1167737286
TRACK A20110117622005 F 341200 1182500 120 30 999 NONE NONE 220
	FP_ROUTE KT..KCRJ2

TRACK_TIME 1167737286
TRACK A20110117622010 F 415400 724500 120 30 999 NONE NONE 370
	FP_ROUTE KC..KB744

TRACK_TIME 1167737286
TRACK A20110117622011 F 394900 1044060 120 30 999 NONE NONE 370
	FP_ROUTE KC..KB735

TRACK_TIME 1167737286
TRACK A20110117622016 F 325500 970100 120 30 999 NONE NONE 360
	FP_ROUTE KC..KB752

TRACK_TIME 1167737286
TRACK A20110117622021 F 340300 1174500 120 30 999 NONE NONE 370
	FP_ROUTE KC..KA319

TRACK_TIME 1167737286
TRACK A20110117622022 F 332560 1120300 120 30 999 NONE NONE 330
	FP_ROUTE KC..KB737

TRACK_TIME 1167737286
TRACK A20110117622023 F 404600 1115800 120 30 999 NONE NONE 340
	FP_ROUTE KC..KB737

TRACK_TIME 1167737286
TRACK A20110117622024 F 472560 1221900 120 30 999 NONE NONE 340
	FP_ROUTE KC..KB733

TRACK_TIME 1167737286
TRACK A20110117622025 F 370700 763160 120 30 999 NONE NONE 190
	FP_ROUTE KT..KCRJ9

TRACK_TIME 1167737286
TRACK A20110117622029 F 333160 864800 120 30 999 NONE NONE 360
	FP_ROUTE KC..KB712

TRACK_TIME 1167737286
TRACK A20110117622031 F 254800 801600 120 30 999 NONE NONE 380
	FP_ROUTE KC..KB737

TRACK_TIME 1167737286
TRACK A20110117622035 F 604600 1613100 120 30 999 NONE NONE 360
	FP_ROUTE KC..KB737

TRACK_TIME 1167737286
TRACK A20110117622059 F 275700 823300 120 30 999 NONE NONE 390
	FP_ROUTE KC..KCRJ9

TRACK_TIME 1167737286
TRACK A20110117622060 F 365260 761360 120 30 999 NONE NONE 390
	FP_ROUTE KC..KCRJ9

TRACK_TIME 1167737286
TRACK A20110117622062 F 430300 713100 120 30 999 NONE NONE 390
	FP_ROUTE KC..KB735

TRACK_TIME 1167737286
TRACK A20110117622066 F 403000 801660 120 30 999 NONE NONE 330
	FP_ROUTE KC..KB753

TRACK_TIME 1167737286
TRACK A20110117622074 F 262560 801000 120 30 999 NONE NONE 229
	FP_ROUTE KC..KCRJ9

TRACK_TIME 1167737286
TRACK A20110117622078 F 333700 842860 120 30 999 NONE NONE 380
	FP_ROUTE KT..KCRJ2

TRACK_TIME 1167737286
TRACK A20110117622079 F 465860 964900 120 30 999 NONE NONE 390
	FP_ROUTE KC..KCRJ2

TRACK_TIME 1167737286
TRACK A20110117622082 F 445260 931060 120 30 999 NONE NONE 320
	FP_ROUTE KC..KA319

TRACK_TIME 1167737286
TRACK A20110117622083 F 301300 974000 120 30 999 NONE NONE 340
	FP_ROUTE KG..KC560

TRACK_TIME 1167737286
TRACK A20110117622087 F 453300 1225800 120 30 999 NONE NONE 360
	FP_ROUTE KC..KCRJ2

TRACK_TIME 1167737286
TRACK A20110117622090 F 335100 841660 120 30 999 NONE NONE 400
	FP_ROUTE KC..KA319

TRACK_TIME 1167737286
TRACK A20110117622094 F 294200 980300 120 30 999 NONE NONE 200
	FP_ROUTE KC..KCRJ9

TRACK_TIME 1167737286
TRACK A20110117622101 F 335860 810700 120 30 999 NONE NONE 210
	FP_ROUTE KC..KA319

TRACK_TIME 1167737286
TRACK A20110117622108 F 332560 1115800 120 30 999 NONE NONE 360
	FP_ROUTE KT..KCRJ2

TRACK_TIME 1167737286
TRACK A20110117622110 F 211800 1575800 120 30 999 NONE NONE 240
	FP_ROUTE KC..KB733

TRACK_TIME 1167737286
TRACK A20110117622111 F 372800 771600 120 30 999 NONE NONE 220
	FP_ROUTE KC..KB733

TRACK_TIME 1167737286
TRACK A20110117622112 F 412500 814960 120 30 999 NONE NONE 340
	FP_ROUTE KC..KB738

TRACK_TIME 1167737286
TRACK A20110117622115 F 371960 1215260 120 30 999 NONE NONE 350
	FP_ROUTE KC..KA320

TRACK_TIME 1167737286
TRACK A20110117622117 F 325500 970300 120 30 999 NONE NONE 350
	FP_ROUTE KT..KCRJ2

TRACK_TIME 1167737286
TRACK A20110117622118 F 261300 981660 120 30 999 NONE NONE 340
	FP_ROUTE KC..KB737

TRACK_TIME 1167737286
TRACK A20110117622122 F 325500 970300 120 30 999 NONE NONE 360
	FP_ROUTE KT..KCRJ2

TRACK_TIME 1167737286
TRACK A20110117622124 F 295860 951600 120 30 999 NONE NONE 380
	FP_ROUTE KC..KE170

TRACK_TIME 1167737286
TRACK A20110117622126 F 414800 874800 120 30 999 NONE NONE 370
	FP_ROUTE KC..KA319

TRACK_TIME 1167737286
TRACK A20110117622130 F 333900 842860 120 30 999 NONE NONE 400
	FP_ROUTE KC..KB752

TRACK_TIME 1167737286
TRACK A20110117622131 F 360760 1151060 120 30 999 NONE NONE 330
	FP_ROUTE KC..KB733

TRACK_TIME 1167737286
TRACK A20110117622145 F 260400 800700 120 30 999 NONE NONE 430
	FP_ROUTE KC..KCRJ2

TRACK_TIME 1167737286
TRACK A20110117622147 F 361000 1150700 120 30 999 NONE NONE 330
	FP_ROUTE KG..KCL60

TRACK_TIME 1167737286
TRACK A20110117622154 F 205100 1562700 120 30 999 NONE NONE 350
	FP_ROUTE KG..KCL60

TRACK_TIME 1167737286
TRACK A20110117622158 F 360600 864000 120 30 999 NONE NONE 390
	FP_ROUTE KT..KCRJ2

TRACK_TIME 1167737286
TRACK A20110117622164 F 400400 830760 120 30 999 NONE NONE 220
	FP_ROUTE KC..KB738

TRACK_TIME 1167737286
TRACK A20110117622165 F 260400 800600 120 30 999 NONE NONE 360
	FP_ROUTE KT..KCRJ2

TRACK_TIME 1167737286
TRACK A20110117622167 F 395200 751660 120 30 999 NONE NONE 330
	FP_ROUTE KC..KB722

TRACK_TIME 1167737286
TRACK A20110117622168 F 414800 874600 120 30 999 NONE NONE 380
	FP_ROUTE KC..KE120

TRACK_TIME 1167737286
TRACK A20110117622169 F 374060 1221060 120 30 999 NONE NONE 380
	FP_ROUTE KC..KA319

TRACK_TIME 1167737286
TRACK A20110117622170 F 334200 1175100 120 30 999 NONE NONE 390
	FP_ROUTE KC..KB738

TRACK_TIME 1167737286
TRACK A20110117622171 F 332560 1115700 120 30 999 NONE NONE 329
	FP_ROUTE KC..KA319

TRACK_TIME 1167737286
TRACK A20110117622172 F 295800 951600 120 30 999 NONE NONE 360
	FP_ROUTE KC..KA319

TRACK_TIME 1167737286
TRACK A20110117622177 F 414900 874660 120 30 999 NONE NONE 370
	FP_ROUTE KC..KB752

TRACK_TIME 1167737286
TRACK A20110117622179 F 280160 823160 120 30 999 NONE NONE 400
	FP_ROUTE KC..KCRJ2

TRACK_TIME 1167737286
TRACK A20110117622184 F 450460 912260 120 30 999 NONE NONE 280
	FP_ROUTE KC..KB712

TRACK_TIME 1167737286
TRACK A20110117622188 F 332560 1115860 120 30 999 NONE NONE 320
	FP_ROUTE KC..KB738

TRACK_TIME 1167737286
TRACK A20110117622189 F 404800 735200 120 30 999 NONE NONE 370
	FP_ROUTE KC..KB737

TRACK_TIME 1167737286
TRACK A20110117622206 F 425400 784600 120 30 999 NONE NONE 260
	FP_ROUTE KC..KB722

TRACK_TIME 1167737286
TRACK A20110117622218 F 254800 801900 120 30 999 NONE NONE 411
	FP_ROUTE KG..KC510

TRACK_TIME 1167737286
TRACK A20110117622222 F 404660 1120000 120 30 999 NONE NONE 330
	FP_ROUTE KC..KB752

TRACK_TIME 1167737286
TRACK A20110117622223 F 211900 1575800 120 30 999 NONE NONE 330
	FP_ROUTE KC..KA320

TRACK_TIME 1167737286
TRACK A20110117622224 F 404660 1120000 120 30 999 NONE NONE 370
	FP_ROUTE KC..KA319

TRACK_TIME 1167737286
TRACK A20110117622225 F 280100 823160 120 30 999 NONE NONE 300
	FP_ROUTE KC..KA319

TRACK_TIME 1167737286
TRACK A20110117622231 F 385860 772560 120 30 999 NONE NONE 430
	FP_ROUTE KT..KCRJ2

TRACK_TIME 1167737286
TRACK A20110117622233 F 395200 751660 120 30 999 NONE NONE 350
	FP_ROUTE KC..KB733

TRACK_TIME 1167737286
TRACK A20110117622234 F 355100 784900 120 30 999 NONE NONE 220
	FP_ROUTE KT..KE145

TRACK_TIME 1167737286
TRACK A20110117622237 F 413400 865800 120 30 999 NONE NONE 340
	FP_ROUTE KT..KE145

TRACK_TIME 1167737286
TRACK A20110117622238 F 392400 944060 120 30 999 NONE NONE 340
	FP_ROUTE KT..KCRJ2

TRACK_TIME 1167737286
TRACK A20110117622239 F 325100 965200 120 30 999 NONE NONE 340
	FP_ROUTE KC..KB737

TRACK_TIME 1167737286
TRACK A20110117622240 F 315100 1062100 120 30 999 NONE NONE 340
	FP_ROUTE KG..KCL60

TRACK_TIME 1167737286
TRACK A20110117622246 F 300000 901900 120 30 999 NONE NONE 350
	FP_ROUTE KC..KB738

TRACK_TIME 1167737286
TRACK A20110117622247 F 422200 710000 120 30 999 NONE NONE 310
	FP_ROUTE KC..KMD82

TRACK_TIME 1167737286
TRACK A20110117622253 F 350400 895860 120 30 999 NONE NONE 210
	FP_ROUTE KC..KCRJ2

TRACK_TIME 1167737286
TRACK A20110117622257 F 421360 832200 120 30 999 NONE NONE 370
	FP_ROUTE KC..KCRJ2

TRACK_TIME 1167737286
TRACK A20110117622260 F 254800 801500 120 30 999 NONE NONE 410
	FP_ROUTE KC..KE190

TRACK_TIME 1167737286
TRACK A20110117622266 F 332560 1115700 120 30 999 NONE NONE 260
	FP_ROUTE KC..KCRJ2

TRACK_TIME 1167737286
TRACK A20110117622267 F 404360 1120000 120 30 999 NONE NONE 340
	FP_ROUTE KC..KA319

TRACK_TIME 1167737286
TRACK A20110117622273 F 393000 944200 120 30 999 NONE NONE 350
	FP_ROUTE KT..KCRJ9

TRACK_TIME 1167737286
TRACK A20110117622274 F 412560 814800 120 30 999 NONE NONE 350
	FP_ROUTE KC..KMD82

TRACK_TIME 1167737286
TRACK A20110117622275 F 404600 734960 120 30 999 NONE NONE 330
	FP_ROUTE KC..KB737

TRACK_TIME 1167737286
TRACK A20110117622276 F 425560 784500 120 30 999 NONE NONE 350
	FP_ROUTE KC..KB738

TRACK_TIME 1167737286
TRACK A20110117622280 F 325500 970160 120 30 999 NONE NONE 340
	FP_ROUTE KC..KCRJ2

TRACK_TIME 1167737286
TRACK A20110117622282 F 300000 951660 120 30 999 NONE NONE 190
	FP_ROUTE KC..KE120

TRACK_TIME 1167737286
TRACK A20110117622284 F 300000 951800 120 30 999 NONE NONE 350
	FP_ROUTE KC..KB752

TRACK_TIME 1167737286
TRACK A20110117622297 F 393700 842100 120 30 999 NONE NONE 340
	FP_ROUTE KC..KA320

TRACK_TIME 1167737286
TRACK A20110117622302 F 403000 801900 120 30 999 NONE NONE 330
	FP_ROUTE KC..KA320

TRACK_TIME 1167737286
TRACK A20110117622306 F 300000 951800 120 30 999 NONE NONE 360
	FP_ROUTE KC..KB752

TRACK_TIME 1167737286
TRACK A20110117622307 F 422700 874960 120 30 999 NONE NONE 410
	FP_ROUTE KC..KB763

TRACK_TIME 1167737286
TRACK A20110117622308 F 433700 702800 120 30 999 NONE NONE 390
	FP_ROUTE KC..KB752

TRACK_TIME 1167737286
TRACK A20110117622312 F 360460 1151000 120 30 999 NONE NONE 340
	FP_ROUTE KT..KCRJ2

TRACK_TIME 1167737286
TRACK A20110117622313 F 402860 1072200 120 30 999 NONE NONE 250
	FP_ROUTE KC..KB733

TRACK_TIME 1167737286
TRACK A20110117622326 F 314800 1061900 120 30 999 NONE NONE 240
	FP_ROUTE KC..KB752

TRACK_TIME 1167737286
TRACK A20110117622330 F 373600 1222100 120 30 999 NONE NONE 339
	FP_ROUTE KC..KA320

TRACK_TIME 1167737286
TRACK A20110117622331 F 391060 764300 120 30 999 NONE NONE 180
	FP_ROUTE KT..KCRJ2

TRACK_TIME 1167737286
TRACK A20110117622334 F 282800 811660 120 30 999 NONE NONE 400
	FP_ROUTE KT..KC750

TRACK_TIME 1167737286
TRACK A20110117622342 F 394660 1044000 120 30 999 NONE NONE 360
	FP_ROUTE KC..KB763

TRACK_TIME 1167737286
TRACK A20110117622345 F 420100 875560 120 30 999 NONE NONE 380
	FP_ROUTE KC..KCRJ9

TRACK_TIME 1167737286
TRACK A20110117622360 F 332560 1115700 120 30 999 NONE NONE 360
	FP_ROUTE KT..KCRJ9

TRACK_TIME 1167737286
TRACK A20110117622363 F 360760 864000 120 30 999 NONE NONE 340
	FP_ROUTE KC..KA320

TRACK_TIME 1167737286
TRACK A20110117622371 F 384000 770100 120 30 999 NONE NONE 370
	FP_ROUTE KC..KCRJ2

TRACK_TIME 1167737286
TRACK A20110117622372 F 395200 751660 120 30 999 NONE NONE 320
	FP_ROUTE KT..KCRJ1

TRACK_TIME 1167737286
TRACK A20110117622373 F 385800 772560 120 30 999 NONE NONE 350
	FP_ROUTE KC..KB752

TRACK_TIME 1167737286
TRACK A20110117622375 F 360700 1150760 120 30 999 NONE NONE 330
	FP_ROUTE KG..KCL60

TRACK_TIME 1167737286
TRACK A20110117622378 F 404660 735200 120 30 999 NONE NONE 330
	FP_ROUTE KC..KA319

TRACK_TIME 1167737286
TRACK A20110117622381 F 282860 811800 120 30 999 NONE NONE 400
	FP_ROUTE KC..KA318

TRACK_TIME 1167737286
TRACK A20110117622384 F 294200 952100 120 30 999 NONE NONE 380
	FP_ROUTE KC..KA319

TRACK_TIME 1167737286
TRACK A20110117622407 F 384500 901900 120 30 999 NONE NONE 360
	FP_ROUTE KC..KA320

TRACK_TIME 1167737286
TRACK A20110117622412 F 445100 931000 120 30 999 NONE NONE 330
	FP_ROUTE KC..KMD83

TRACK_TIME 1167737286
TRACK A20110117622415 F 272100 823100 120 30 999 NONE NONE 350
	FP_ROUTE KC..KA319

TRACK_TIME 1167737286
TRACK A20110117622420 F 300460 974000 120 30 999 NONE NONE 330
	FP_ROUTE KC..KB752

TRACK_TIME 1167737286
TRACK A20110117622421 F 391060 764360 120 30 999 NONE NONE 390
	FP_ROUTE KT..KCRJ9

TRACK_TIME 1167737286
TRACK A20110117622424 F 422100 710100 120 30 999 NONE NONE 270
	FP_ROUTE KC..KCRJ2

TRACK_TIME 1167737286
TRACK A20110117622426 F 293400 983100 120 30 999 NONE NONE 320
	FP_ROUTE KC..KB738

TRACK_TIME 1167737286
TRACK A20110117622431 F 325260 970300 120 30 999 NONE NONE 310
	FP_ROUTE KC..KE145

TRACK_TIME 1167737286
TRACK A20110117622434 F 393000 944600 120 30 999 NONE NONE 370
	FP_ROUTE KT..KDH8D

TRACK_TIME 1167737286
TRACK A20110117622436 F 403760 741200 120 30 999 NONE NONE 350
	FP_ROUTE KC..KB739

TRACK_TIME 1167737286
TRACK A20110117622440 F 385800 772560 120 30 999 NONE NONE 370
	FP_ROUTE KG..KC560

TRACK_TIME 1167737286
TRACK A20110117622452 F 391060 764360 120 30 999 NONE NONE 370
	FP_ROUTE KG..KC550

TRACK_TIME 1167737286
TRACK A20110117622453 F 450160 910160 120 30 999 NONE NONE 270
	FP_ROUTE KG..KC560

TRACK_TIME 1167737286
TRACK A20110117622456 F 351060 805700 120 30 999 NONE NONE 370
	FP_ROUTE KC..KCRJ2

TRACK_TIME 1167737286
TRACK A20110117622465 F 422500 904360 120 30 999 NONE NONE 470
	FP_ROUTE KC..KCRJ2

TRACK_TIME 1167737286
TRACK A20110117622473 F 420000 875700 120 30 999 NONE NONE 220
	FP_ROUTE KC..KB737

TRACK_TIME 1167737286
TRACK A20110117622474 F 395200 751660 120 30 999 NONE NONE 350
	FP_ROUTE KC..KCRJ2

TRACK_TIME 1167737286
TRACK A20110117622475 F 414800 874660 120 30 999 NONE NONE 370
	FP_ROUTE KC..KB737

TRACK_TIME 1167737286
TRACK A20110117622476 F 360300 864300 120 30 999 NONE NONE 370
	FP_ROUTE KC..KB752

TRACK_TIME 1167737286
TRACK A20110117622482 F 420000 875560 120 30 999 NONE NONE 380
	FP_ROUTE KC..KB737

TRACK_TIME 1167737286
TRACK A20110117622487 F 472800 1221900 120 30 999 NONE NONE 250
	FP_ROUTE KC..KE120

TRACK_TIME 1167737286
TRACK A20110117622491 F 324800 1171300 120 30 999 NONE NONE 230
	FP_ROUTE KC..KE120

TRACK_TIME 1167737286
TRACK A20110117622497 F 332560 1115700 120 30 999 NONE NONE 430
	FP_ROUTE KC..KE145

TRACK_TIME 1167737286
TRACK A20110117622498 F 211660 1575800 120 30 999 NONE NONE 180
	FP_ROUTE KC..KB764

TRACK_TIME 1167737286
TRACK A20110117622500 F 300000 951960 120 30 999 NONE NONE 350
	FP_ROUTE KG..KCL60

TRACK_TIME 1167737286
TRACK A20110117622509 F 404960 1115800 120 30 999 NONE NONE 360
	FP_ROUTE KT..KCRJ2

TRACK_TIME 1167737286
TRACK A20110117622510 F 392560 1194600 120 30 999 NONE NONE 380
	FP_ROUTE KC..KB738

TRACK_TIME 1167737286
TRACK A20110117622516 F 420100 875500 120 30 999 NONE NONE 360
	FP_ROUTE KT..KE145

TRACK_TIME 1167737286
TRACK A20110117622517 F 374060 1221060 120 30 999 NONE NONE 390
	FP_ROUTE KT..KCRJ2

TRACK_TIME 1167737286
TRACK A20110117622518 F 335700 1182560 120 30 999 NONE NONE 390
	FP_ROUTE KC..KB752

TRACK_TIME 1167737286
TRACK A20110117622519 F 422800 705800 120 30 999 NONE NONE 210
	FP_ROUTE KT..KCRJ2

TRACK_TIME 1167737286
TRACK A20110117622523 F 340000 1174600 120 30 999 NONE NONE 380
	FP_ROUTE KT..KCRJ2

TRACK_TIME 1167737286
TRACK A20110117622524 F 384900 770160 120 30 999 NONE NONE 230
	FP_ROUTE KT..KCRJ2

TRACK_TIME 1167737286
TRACK A20110117622530 F 351060 805800 120 30 999 NONE NONE 330
	FP_ROUTE KC..KE135

TRACK_TIME 1167737286
TRACK A20110117622532 F 420100 875560 120 30 999 NONE NONE 320
	FP_ROUTE KC..KCRJ2

TRACK_TIME 1167737286
TRACK A20110117622533 F 395200 751660 120 30 999 NONE NONE 280
	FP_ROUTE KC..KCRJ2

TRACK_TIME 1167737286
TRACK A20110117622534 F 405800 1240600 120 30 999 NONE NONE 180
	FP_ROUTE KT..KE145

TRACK_TIME 1167737286
TRACK A20110117622536 F 433300 1161000 120 30 999 NONE NONE 340
	FP_ROUTE KC..KCRJ2

TRACK_TIME 1167737286
TRACK A20110117622538 F 332560 1115860 120 30 999 NONE NONE 320
	FP_ROUTE KC..KA321

TRACK_TIME 1167737286
TRACK A20110117622539 F 395260 1043700 120 30 999 NONE NONE 370
	FP_ROUTE KG..KC560

TRACK_TIME 1167737286
TRACK A20110117622544 F 332560 1115860 120 30 999 NONE NONE 270
	FP_ROUTE KC..KE145

TRACK_TIME 1167737286
TRACK A20110117622560 F 410160 734060 120 30 999 NONE NONE 370
	FP_ROUTE KC..KE120

TRACK_TIME 1167737286
TRACK A20110117622561 F 293700 951500 120 30 999 NONE NONE 390
	FP_ROUTE KC..KB734

TRACK_TIME 1167737286
TRACK A20110117622570 F 335560 1182200 120 30 999 NONE NONE 360
	FP_ROUTE KC..KE120

TRACK_TIME 1167737286
TRACK A20110117622572 F 325800 964960 120 30 999 NONE NONE 240
	FP_ROUTE KC..KE120

TRACK_TIME 1167737286
TRACK A20110117622573 F 403000 801600 120 30 999 NONE NONE 320
	FP_ROUTE KC..KCRJ2

TRACK_TIME 1167737286
TRACK A20110117622574 F 350400 895860 120 30 999 NONE NONE 380
	FP_ROUTE KC..KCRJ2

TRACK_TIME 1167737286
TRACK A20110117622578 F 421360 832200 120 30 999 NONE NONE 230
	FP_ROUTE KC..KA319

TRACK_TIME 1167737286
TRACK A20110117622589 F 350400 895860 120 30 999 NONE NONE 350
	FP_ROUTE KC..KA319

TRACK_TIME 1167737286
TRACK A20110117622594 F 420000 875700 120 30 999 NONE NONE 320
	FP_ROUTE KC..KA320

TRACK_TIME 1167737286
TRACK A20110117622597 F 335700 1182100 120 30 999 NONE NONE 360
	FP_ROUTE KC..KA320

TRACK_TIME 1167737286
TRACK A20110117622603 F 605500 1485500 120 30 999 NONE NONE 360
	FP_ROUTE KT..KE135

TRACK_TIME 1167737286
TRACK A20110117622607 F 333760 843000 120 30 999 NONE NONE 380
	FP_ROUTE KC..KE170

TRACK_TIME 1167737286
TRACK A20110117622608 F 472860 1112200 120 30 999 NONE NONE 310
	FP_ROUTE KC..KMD82

TRACK_TIME 1167737286
TRACK A20110117622609 F 391360 1201800 120 30 999 NONE NONE 270
	FP_ROUTE KC..KB752

TRACK_TIME 1167737286
TRACK A20110117622610 F 373600 1221900 120 30 999 NONE NONE 240
	FP_ROUTE KC..KMD83

TRACK_TIME 1167737286
TRACK A20110117622614 F 350160 1063300 120 30 999 NONE NONE 340
	FP_ROUTE KT..KCRJ9

TRACK_TIME 1167737286
TRACK A20110117622618 F 365700 1080100 120 30 999 NONE NONE 270
	FP_ROUTE KC..KA320

TRACK_TIME 1167737286
TRACK A20110117622625 F 384300 1213600 120 30 999 NONE NONE 390
	FP_ROUTE KC..KA320

TRACK_TIME 1167737286
TRACK A20110117622629 F 404500 735400 120 30 999 NONE NONE 330
	FP_ROUTE KC..KB738

TRACK_TIME 1167737286
TRACK A20110117622637 F 421360 832100 120 30 999 NONE NONE 350
	FP_ROUTE KC..KE190

TRACK_TIME 1167737286
TRACK A20110117622640 F 324300 973700 120 30 999 NONE NONE 380
	FP_ROUTE KC..KMD83

TRACK_TIME 1167737286
TRACK A20110117622645 F 344500 921200 120 30 999 NONE NONE 300
	FP_ROUTE KC..KB738

TRACK_TIME 1167737286
TRACK A20110117622652 F 260400 800600 120 30 999 NONE NONE 360
	FP_ROUTE KC..KB763

TRACK_TIME 1167737286
TRACK A20110117622655 F 433100 1120400 120 30 999 NONE NONE 260
	FP_ROUTE KC..KCRJ9

TRACK_TIME 1167737286
TRACK A20110117622662 F 345200 821500 120 30 999 NONE NONE 370
	FP_ROUTE KC..KA319

TRACK_TIME 1167737286
TRACK A20110117622663 F 420100 875700 120 30 999 NONE NONE 360
	FP_ROUTE KC..KB738

TRACK_TIME 1167737286
TRACK A20110117622668 F 605260 1484200 120 30 999 NONE NONE 380
	FP_ROUTE KC..KMD82

TRACK_TIME 1167737286
TRACK A20110117622690 F 384960 770160 120 30 999 NONE NONE 310
	FP_ROUTE KT..KCRJ9

TRACK_TIME 1167737286
TRACK A20110117622692 F 425860 875260 120 30 999 NONE NONE 320
	FP_ROUTE KC..KB752

TRACK_TIME 1167737286
TRACK A20110117622700 F 332560 1115860 120 30 999 NONE NONE 290
	FP_ROUTE KC..KB752

TRACK_TIME 1167737286
TRACK A20110117622705 F 264060 795260 120 30 999 NONE NONE 300
	FP_ROUTE KC..KCRJ2

TRACK_TIME 1167737286
TRACK A20110117622707 F 404600 1115800 120 30 999 NONE NONE 320
	FP_ROUTE KC..KMD82

TRACK_TIME 1167737286
TRACK A20110117622709 F 404500 735400 120 30 999 NONE NONE 370
	FP_ROUTE KC..KE145

TRACK_TIME 1167737286
TRACK A20110117622710 F 400000 825700 120 30 999 NONE NONE 370
	FP_ROUTE KC..KCL60

TRACK_TIME 1167737286
TRACK A20110117622712 F 331660 1113760 120 30 999 NONE NONE 310
	FP_ROUTE KC..KB733

TRACK_TIME 1167737286
TRACK A20110117622715 F 425500 784600 120 30 999 NONE NONE 240
	FP_ROUTE KC..KB733

TRACK_TIME 1167737286
TRACK A20110117622716 F 282860 811960 120 30 999 NONE NONE 330
	FP_ROUTE KC..KMD82

TRACK_TIME 1167737286
TRACK A20110117622718 F 384600 902400 120 30 999 NONE NONE 340
	FP_ROUTE KC..KB733

TRACK_TIME 1167737286
TRACK A20110117622719 F 391060 764300 120 30 999 NONE NONE 350
	FP_ROUTE KC..KB733

TRACK_TIME 1167737286
TRACK A20110117622724 F 395200 751660 120 30 999 NONE NONE 380
	FP_ROUTE KC..KB733

TRACK_TIME 1167737286
TRACK A20110117622727 F 420100 875560 120 30 999 NONE NONE 380
	FP_ROUTE KC..KE145

TRACK_TIME 1167737286
TRACK A20110117622735 F 333900 842800 120 30 999 NONE NONE 280
	FP_ROUTE KC..KB733

TRACK_TIME 1167737286
TRACK A20110117622737 F 391060 764300 120 30 999 NONE NONE 320
	FP_ROUTE KT..KCRJ2

TRACK_TIME 1167737286
TRACK A20110117622738 F 445200 931060 120 30 999 NONE NONE 400
	FP_ROUTE KC..KE170

TRACK_TIME 1167737286
TRACK A20110117622757 F 392800 1194600 120 30 999 NONE NONE 350
	FP_ROUTE KC..KCRJ2

TRACK_TIME 1167737286
TRACK A20110117622759 F 391060 764300 120 30 999 NONE NONE 330
	FP_ROUTE KC..KB737

TRACK_TIME 1167737286
TRACK A20110117622760 F 420160 875700 120 30 999 NONE NONE 360
	FP_ROUTE KC..KB752

TRACK_TIME 1167737286
TRACK A20110117622761 F 360900 1150400 120 30 999 NONE NONE 330
	FP_ROUTE KC..KE145

TRACK_TIME 1167737286
TRACK A20110117622775 F 333900 842800 120 30 999 NONE NONE 360
	FP_ROUTE KC..KB733

TRACK_TIME 1167737286
TRACK A20110117622776 F 360760 864000 120 30 999 NONE NONE 370
	FP_ROUTE KC..KE145

TRACK_TIME 1167737286
TRACK A20110117622778 F 282860 811960 120 30 999 NONE NONE 370
	FP_ROUTE KC..KB752

TRACK_TIME 1167737286
TRACK A20110117622781 F 384360 1213600 120 30 999 NONE NONE 300
	FP_ROUTE KG..KLJ35

TRACK_TIME 1167737286
TRACK A20110117622785 F 402860 801600 120 30 999 NONE NONE 200
	FP_ROUTE KT..KCRJ9

TRACK_TIME 1167737286
TRACK A20110117622791 F 300600 974200 120 30 999 NONE NONE 220
	FP_ROUTE KC..KA318

TRACK_TIME 1167737286
TRACK A20110117622805 F 260400 801200 120 30 999 NONE NONE 380
	FP_ROUTE KT..KCRJ2

TRACK_TIME 1167737286
TRACK A20110117622807 F 390460 844000 120 30 999 NONE NONE 200
	FP_ROUTE KC..KB737

TRACK_TIME 1167737286
TRACK A20110117622808 F 335500 1183160 120 30 999 NONE NONE 350
	FP_ROUTE KC..KB737

TRACK_TIME 1167737286
TRACK A20110117622809 F 341060 1183100 120 30 999 NONE NONE 430
	FP_ROUTE KT..KE145

TRACK_TIME 1167737286
TRACK A20110117622813 F 351200 1114200 120 30 999 NONE NONE 180
	FP_ROUTE KT..KE145

TRACK_TIME 1167737286
TRACK A20110117622814 F 344200 1095800 120 30 999 NONE NONE 250
	FP_ROUTE KC..KC560

TRACK_TIME 1167737286
TRACK A20110117622816 F 414200 872400 120 30 999 NONE NONE 220
	FP_ROUTE KC..KE170

TRACK_TIME 1167737286
TRACK A20110117622817 F 394060 861900 120 30 999 NONE NONE 280
	FP_ROUTE KG..KBE9L

TRACK_TIME 1167737286
TRACK A20110117622819 F 324000 965100 120 30 999 NONE NONE 430
	FP_ROUTE KC..KB712

TRACK_TIME 1167737286
TRACK A20110117622822 F 360460 1151000 120 30 999 NONE NONE 320
	FP_ROUTE KC..KE170

TRACK_TIME 1167737286
TRACK A20110117622824 F 361960 1105500 120 30 999 NONE NONE 280
	FP_ROUTE KC..KCRJ2

TRACK_TIME 1167737286
TRACK A20110117622827 F 325400 970100 120 30 999 NONE NONE 340
	FP_ROUTE KC..KB737

TRACK_TIME 1167737286
TRACK A20110117622841 F 360760 864000 120 30 999 NONE NONE 470
	FP_ROUTE KT..KCRJ2

TRACK_TIME 1167737286
TRACK A20110117622846 F 445400 931360 120 30 999 NONE NONE 300
	FP_ROUTE KC..KB737

TRACK_TIME 1167737286
TRACK A20110117622847 F 394800 1043760 120 30 999 NONE NONE 360
	FP_ROUTE KC..KE170

TRACK_TIME 1167737286
TRACK A20110117622850 F 341200 1182500 120 30 999 NONE NONE 300
	FP_ROUTE KG..KCL60

TRACK_TIME 1167737286
TRACK A20110117622853 F 404000 741060 120 30 999 NONE NONE 370
	FP_ROUTE KT..KE145

TRACK_TIME 1167737286
TRACK A20110117622854 F 394800 1043900 120 30 999 NONE NONE 210
	FP_ROUTE KG..KCL60

TRACK_TIME 1167737286
TRACK A20110117622855 F 350000 895860 120 30 999 NONE NONE 350
	FP_ROUTE KC..KA319

TRACK_TIME 1167737286
TRACK A20110117622860 F 333900 842800 120 30 999 NONE NONE 450
	FP_ROUTE KC..KB752

TRACK_TIME 1167737286
TRACK A20110117622871 F 390000 920760 120 30 999 NONE NONE 270
	FP_ROUTE KG..KCL60

TRACK_TIME 1167737286
TRACK A20110117622872 F 392200 944060 120 30 999 NONE NONE 360
	FP_ROUTE KC..KE190

TRACK_TIME 1167737286
TRACK A20110117622875 F 385860 772800 120 30 999 NONE NONE 350
	FP_ROUTE KC..KB737

TRACK_TIME 1167737286
TRACK A20110117622879 F 395400 750400 120 30 999 NONE NONE 370
	FP_ROUTE KT..KCRJ2

TRACK_TIME 1167737286
TRACK A20110117622880 F 332560 1120300 120 30 999 NONE NONE 360
	FP_ROUTE KC..KE135

TRACK_TIME 1167737286
TRACK A20110117622888 F 341300 1183160 120 30 999 NONE NONE 360
	FP_ROUTE KC..KB738

TRACK_TIME 1167737286
TRACK A20110117622896 F 403460 734800 120 30 999 NONE NONE 370
	FP_ROUTE KC..KCRJ2

TRACK_TIME 1167737286
TRACK A20110117622898 F 394900 1044000 120 30 999 NONE NONE 380
	FP_ROUTE KC..KB752

TRACK_TIME 1167737286
TRACK A20110117622899 F 254800 801960 120 30 999 NONE NONE 400
	FP_ROUTE KT..KCRJ2

TRACK_TIME 1167737286
TRACK A20110117622902 F 390100 772800 120 30 999 NONE NONE 370
	FP_ROUTE KC..KB737

TRACK_TIME 1167737286
TRACK A20110117622908 F 333460 864360 120 30 999 NONE NONE 300
	FP_ROUTE KC..KE170

TRACK_TIME 1167737286
TRACK A20110117622911 F 413100 740300 120 30 999 NONE NONE 270
	FP_ROUTE KC..KB738

TRACK_TIME 1167737286
TRACK A20110117622912 F 260400 801200 120 30 999 NONE NONE 340
	FP_ROUTE KC..KA320

TRACK_TIME 1167737286
TRACK A20110117622926 F 414060 712800 120 30 999 NONE NONE 310
	FP_ROUTE KC..KMD82

TRACK_TIME 1167737286
TRACK A20110117622935 F 384960 770160 120 30 999 NONE NONE 200
	FP_ROUTE KC..KB737

TRACK_TIME 1167737286
TRACK A20110117622936 F 350900 851000 120 30 999 NONE NONE 260
	FP_ROUTE KC..KDH8D

TRACK_TIME 1167737286
TRACK A20110117622937 F 413100 934060 120 30 999 NONE NONE 360
	FP_ROUTE KC..KB763

TRACK_TIME 1167737286
TRACK A20110117622941 F 260460 801300 120 30 999 NONE NONE 360
	FP_ROUTE KC..KA320

TRACK_TIME 1167737286
TRACK A20110117622951 F 260460 800700 120 30 999 NONE NONE 360
	FP_ROUTE KC..KE120

TRACK_TIME 1167737286
TRACK A20110117622952 F 394900 1043760 120 30 999 NONE NONE 380
	FP_ROUTE KC..KMD82

TRACK_TIME 1167737286
TRACK A20110117622953 F 255560 972800 120 30 999 NONE NONE 360
	FP_ROUTE KC..KA320

TRACK_TIME 1167737286
TRACK A20110117622955 F 335700 1182560 120 30 999 NONE NONE 320
	FP_ROUTE KC..KCRJ2

TRACK_TIME 1167737286
TRACK A20110117622969 F 325500 970300 120 30 999 NONE NONE 320
	FP_ROUTE KC..KE145

TRACK_TIME 1167737286
TRACK A20110117622973 F 374000 972500 120 30 999 NONE NONE 320
	FP_ROUTE KC..KA319

TRACK_TIME 1167737286
TRACK A20110117622974 F 440900 1231300 120 30 999 NONE NONE 280
	FP_ROUTE KT..KCRJ2

TRACK_TIME 1167737286
TRACK A20110117622976 F 343900 921900 120 30 999 NONE NONE 360
	FP_ROUTE KC..KA320

TRACK_TIME 1167737286
TRACK A20110117622978 F 373600 1221960 120 30 999 NONE NONE 340
	FP_ROUTE KC..KB733

TRACK_TIME 1167737286
TRACK A20110117622985 F 412500 814960 120 30 999 NONE NONE 360
	FP_ROUTE KC..KB733

TRACK_TIME 1167737286
TRACK A20110117622986 F 350460 895800 120 30 999 NONE NONE 340
	FP_ROUTE KC..KB733

TRACK_TIME 1167737286
TRACK A20110117622987 F 380460 782860 120 30 999 NONE NONE 310
	FP_ROUTE KC..KB738

TRACK_TIME 1167737286
TRACK A20110117622988 F 333900 842800 120 30 999 NONE NONE 300
	FP_ROUTE KC..KA320

TRACK_TIME 1167737286
TRACK A20110117622989 F 254800 801360 120 30 999 NONE NONE 380
	FP_ROUTE KC..KA333

TRACK_TIME 1167737286
TRACK A20110117622993 F 420000 875500 120 30 999 NONE NONE 380
	FP_ROUTE KC..KE190

TRACK_TIME 1167737286
TRACK A20110117622994 F 360460 1151000 120 30 999 NONE NONE 320
	FP_ROUTE KC..KB738

TRACK_TIME 1167737286
TRACK A20110117622995 F 394800 1044000 120 30 999 NONE NONE 330
	FP_ROUTE KC..KCRJ2

TRACK_TIME 1167737286
TRACK A20110117623004 F 394800 1043900 120 30 999 NONE NONE 380
	FP_ROUTE KC..KB738

TRACK_TIME 1167737286
TRACK A20110117623005 F 373600 1221960 120 30 999 NONE NONE 320
	FP_ROUTE KC..KB753

TRACK_TIME 1167737286
TRACK A20110117623015 F 384900 770160 120 30 999 NONE NONE 220
	FP_ROUTE KT..KCRJ9

TRACK_TIME 1167737286
TRACK A20110117623020 F 420100 875800 120 30 999 NONE NONE 370
	FP_ROUTE KC..KCRJ9

TRACK_TIME 1167737286
TRACK A20110117623021 F 404600 735100 120 30 999 NONE NONE 350
	FP_ROUTE KC..KB753

TRACK_TIME 1167737286
TRACK A20110117623031 F 404360 1115860 120 30 999 NONE NONE 330
	FP_ROUTE KT..KE145

TRACK_TIME 1167737286
TRACK A20110117623032 F 325560 970300 120 30 999 NONE NONE 320
	FP_ROUTE KT..KE145

TRACK_TIME 1167737286
TRACK A20110117623038 F 332560 1120400 120 30 999 NONE NONE 350
	FP_ROUTE KC..KCRJ2

TRACK_TIME 1167737286
TRACK A20110117623043 F 275560 824200 120 30 999 NONE NONE 330
	FP_ROUTE KT..KCRJ1

TRACK_TIME 1167737286
TRACK A20110117623050 F 280100 823160 120 30 999 NONE NONE 340
	FP_ROUTE KC..KB712

TRACK_TIME 1167737286
TRACK A20110117623067 F 430900 773900 120 30 999 NONE NONE 220
	FP_ROUTE KC..KB712

TRACK_TIME 1167737286
TRACK A20110117623072 F 392800 943760 120 30 999 NONE NONE 360
	FP_ROUTE KC..KB733

TRACK_TIME 1167737286
TRACK A20110117623074 F 384800 770160 120 30 999 NONE NONE 390
	FP_ROUTE KC..KE170

TRACK_TIME 1167737286
TRACK A20110117623078 F 182500 660300 120 30 999 NONE NONE 370
	FP_ROUTE KC..KB712

TRACK_TIME 1167737286
TRACK A20110117623079 F 373600 1222100 120 30 999 NONE NONE 200
	FP_ROUTE KC..KB712

TRACK_TIME 1167737286
TRACK A20110117623080 F 325200 970100 120 30 999 NONE NONE 330
	FP_ROUTE KC..KA319

TRACK_TIME 1167737286
TRACK A20110117623084 F 395200 751660 120 30 999 NONE NONE 390
	FP_ROUTE KC..KB752

TRACK_TIME 1167737286
TRACK A20110117623085 F 282400 811660 120 30 999 NONE NONE 360
	FP_ROUTE KT..KCRJ2

TRACK_TIME 1167737286
TRACK A20110117623090 F 335700 1182100 120 30 999 NONE NONE 320
	FP_ROUTE KC..KE190

TRACK_TIME 1167737286
TRACK A20110117623103 F 465200 964900 120 30 999 NONE NONE 260
	FP_ROUTE KC..KE190

TRACK_TIME 1167737286
TRACK A20110117623107 F 341200 1181360 120 30 999 NONE NONE 330
	FP_ROUTE KC..KB737

TRACK_TIME 1167737286
TRACK A20110117623115 F 390460 844000 120 30 999 NONE NONE 370
	FP_ROUTE KC..KB737

TRACK_TIME 1167737286
TRACK A20110117623116 F 325500 970160 120 30 999 NONE NONE 300
	FP_ROUTE KT..KCRJ2

TRACK_TIME 1167737286
TRACK A20110117623119 F 445400 931500 120 30 999 NONE NONE 200
	FP_ROUTE KC..KE170

TRACK_TIME 1167737286
TRACK A20110117623138 F 332560 1115860 120 30 999 NONE NONE 370
	FP_ROUTE KC..KB752

TRACK_TIME 1167737286
TRACK A20110117623139 F 360460 1150900 120 30 999 NONE NONE 270
	FP_ROUTE KC..KB752

TRACK_TIME 1167737286
TRACK A20110117623140 F 414800 874660 120 30 999 NONE NONE 370
	FP_ROUTE KT..KCRJ1

TRACK_TIME 1167737286
TRACK A20110117623142 F 400000 825700 120 30 999 NONE NONE 350
	FP_ROUTE KC..KMD82

TRACK_TIME 1167737286
TRACK A20110117623145 F 335560 1182400 120 30 999 NONE NONE 361
	FP_ROUTE KC..KMD82

TRACK_TIME 1167737286
TRACK A20110117623147 F 431800 1141200 120 30 999 NONE NONE 260
	FP_ROUTE KC..KB738

TRACK_TIME 1167737286
TRACK A20110117623148 F 441060 1053000 120 30 999 NONE NONE 410
	FP_ROUTE KC..KB712

TRACK_TIME 1167737286
TRACK A20110117623150 F 325700 970300 120 30 999 NONE NONE 340
	FP_ROUTE KT..KCRJ2

TRACK_TIME 1167737286
TRACK A20110117623157 F 384900 770160 120 30 999 NONE NONE 330
	FP_ROUTE KC..KE120

TRACK_TIME 1167737286
TRACK A20110117623166 F 394060 862100 120 30 999 NONE NONE 340
	FP_ROUTE KC..KFA20

TRACK_TIME 1167737286
TRACK A20110117623167 F 260460 801300 120 30 999 NONE NONE 320
	FP_ROUTE KC..KA319

TRACK_TIME 1167737286
TRACK A20110117623169 F 295860 951800 120 30 999 NONE NONE 350
	FP_ROUTE KC..KB734

TRACK_TIME 1167737286
TRACK A20110117623180 F 433900 721360 120 30 999 NONE NONE 470
	FP_ROUTE KC..KE145

TRACK_TIME 1167737286
TRACK A20110117623187 F 335500 1183300 120 30 999 NONE NONE 360
	FP_ROUTE KC..KA321

TRACK_TIME 1167737286
TRACK A20110117623190 F 325100 800000 120 30 999 NONE NONE 280
	FP_ROUTE KC..KB752

TRACK_TIME 1167737286
TRACK A20110117623194 F 425560 784500 120 30 999 NONE NONE 350
	FP_ROUTE KC..KCRJ2

TRACK_TIME 1167737286
TRACK A20110117623196 F 300000 951900 120 30 999 NONE NONE 320
	FP_ROUTE KC..KB752

TRACK_TIME 1167737286
TRACK A20110117623198 F 254800 801600 120 30 999 NONE NONE 230
	FP_ROUTE KC..KB737

TRACK_TIME 1167737286
TRACK A20110117623203 F 261200 801300 120 30 999 NONE NONE 400
	FP_ROUTE KT..KE145

TRACK_TIME 1167737286
TRACK A20110117623217 F 320700 1105700 120 30 999 NONE NONE 350
	FP_ROUTE KT..KE145

TRACK_TIME 1167737286
TRACK A20110117623218 F 360400 1150600 120 30 999 NONE NONE 380
	FP_ROUTE KC..KMD83

TRACK_TIME 1167737286
TRACK A20110117623220 F 302860 814360 120 30 999 NONE NONE 360
	FP_ROUTE KC..KA320

TRACK_TIME 1167737286
TRACK A20110117623225 F 472560 1221900 120 30 999 NONE NONE 300
	FP_ROUTE KC..KB738

TRACK_TIME 1167737286
TRACK A20110117623228 F 303000 814300 120 30 999 NONE NONE 390
	FP_ROUTE KC..KB734

TRACK_TIME 1167737286
TRACK A20110117623234 F 433900 701500 120 30 999 NONE NONE 370
	FP_ROUTE KT..KCRJ2

TRACK_TIME 1167737286
TRACK A20110117623240 F 350100 1063760 120 30 999 NONE NONE 300
	FP_ROUTE KT..KCRJ2

TRACK_TIME 1167737286
TRACK A20110117623245 F 373600 1221900 120 30 999 NONE NONE 230
	FP_ROUTE KC..KCRJ2

TRACK_TIME 1167737286
TRACK A20110117623246 F 404660 1115800 120 30 999 NONE NONE 320
	FP_ROUTE KC..KB733

TRACK_TIME 1167737286
TRACK A20110117623249 F 363700 1215800 120 30 999 NONE NONE 260
	FP_ROUTE KC..KB737

TRACK_TIME 1167737286
TRACK A20110117623252 F 394800 1043900 120 30 999 NONE NONE 380
	FP_ROUTE KC..KE145

TRACK_TIME 1167737286
TRACK A20110117623253 F 433760 1104300 120 30 999 NONE NONE 380
	FP_ROUTE KC..KA320

TRACK_TIME 1167737286
TRACK A20110117623256 F 421300 754060 120 30 999 NONE NONE 250
	FP_ROUTE KC..KCRJ9

TRACK_TIME 1167737286
TRACK A20110117623260 F 384900 770160 120 30 999 NONE NONE 270
	FP_ROUTE KT..KDH8D

TRACK_TIME 1167737286
TRACK A20110117623264 F 414900 874800 120 30 999 NONE NONE 220
	FP_ROUTE KC..KB737

TRACK_TIME 1167737286
TRACK A20110117623265 F 390760 842400 120 30 999 NONE NONE 210
	FP_ROUTE KC..KA319

TRACK_TIME 1167737286
TRACK A20110117623268 F 300000 952260 120 30 999 NONE NONE 340
	FP_ROUTE KG..KBE20

TRACK_TIME 1167737286
TRACK A20110117623270 F 332560 1115700 120 30 999 NONE NONE 380
	FP_ROUTE KC..KE145

TRACK_TIME 1167737286
TRACK A20110117623271 F 333760 843000 120 30 999 NONE NONE 370
	FP_ROUTE KC..KC750

TRACK_TIME 1167737286
TRACK A20110117623272 F 293160 982860 120 30 999 NONE NONE 400
	FP_ROUTE KC..KB712

TRACK_TIME 1167737286
TRACK A20110117623278 F 254660 801900 120 30 999 NONE NONE 360
	FP_ROUTE KC..KB737

TRACK_TIME 1167737286
TRACK A20110117623279 F 422700 705800 120 30 999 NONE NONE 370
	FP_ROUTE KT..KCRJ2

TRACK_TIME 1167737286
TRACK A20110117623287 F 412560 814960 120 30 999 NONE NONE 290
	FP_ROUTE KC..KMD83

TRACK_TIME 1167737286
TRACK A20110117623289 F 422200 710000 120 30 999 NONE NONE 230
	FP_ROUTE KT..KCRJ2

TRACK_TIME 1167737286
TRACK A20110117623290 F 351360 805560 120 30 999 NONE NONE 220
	FP_ROUTE KT..KE145

TRACK_TIME 1167737286
TRACK A20110117623293 F 415560 724060 120 30 999 NONE NONE 370
	FP_ROUTE KC..KE145

TRACK_TIME 1167737286
TRACK A20110117623294 F 390460 953700 120 30 999 NONE NONE 230
	FP_ROUTE KG..KEA50

TRACK_TIME 1167737286
TRACK A20110117623296 F 373000 1004960 120 30 999 NONE NONE 200
	FP_ROUTE KG..KEA50

TRACK_TIME 1167737286
TRACK A20110117623305 F 354660 840900 120 30 999 NONE NONE 300
	FP_ROUTE KT..KCRJ9

TRACK_TIME 1167737286
TRACK A20110117623308 F 374300 1221000 120 30 999 NONE NONE 400
	FP_ROUTE KC..KB738

TRACK_TIME 1167737286
TRACK A20110117623315 F 391060 764300 120 30 999 NONE NONE 260
	FP_ROUTE KC..KE170

TRACK_TIME 1167737286
TRACK A20110117623326 F 394060 862100 120 30 999 NONE NONE 210
	FP_ROUTE KC..KCRJ2

TRACK_TIME 1167737286
TRACK A20110117623333 F 395200 751360 120 30 999 NONE NONE 190
	FP_ROUTE KC..KCRJ2

TRACK_TIME 1167737286
TRACK A20110117623337 F 472700 1221900 120 30 999 NONE NONE 340
	FP_ROUTE KT..KCRJ9

TRACK_TIME 1167737286
TRACK A20110117623342 F 393900 1065260 120 30 999 NONE NONE 380
	FP_ROUTE KT..KCRJ2

TRACK_TIME 1167737286
TRACK A20110117623343 F 384960 770160 120 30 999 NONE NONE 340
	FP_ROUTE KT..KE145

TRACK_TIME 1167737286
TRACK A20110117623345 F 430600 761000 120 30 999 NONE NONE 250
	FP_ROUTE KC..KE145

TRACK_TIME 1167737286
TRACK A20110117623356 F 412560 814900 120 30 999 NONE NONE 270
	FP_ROUTE KC..KE190

TRACK_TIME 1167737286
TRACK A20110117623358 F 404800 735100 120 30 999 NONE NONE 410
	FP_ROUTE KC..KE190

TRACK_TIME 1167737286
TRACK A20110117623363 F 414800 874600 120 30 999 NONE NONE 410
	FP_ROUTE KC..KB752

TRACK_TIME 1167737286
TRACK A20110117623364 F 390000 772800 120 30 999 NONE NONE 370
	FP_ROUTE KC..KE190

TRACK_TIME 1167737286
TRACK A20110117623366 F 443000 731060 120 30 999 NONE NONE 210
	FP_ROUTE KC..KMD82

TRACK_TIME 1167737286
TRACK A20110117623377 F 412500 814960 120 30 999 NONE NONE 320
	FP_ROUTE KC..KA320

TRACK_TIME 1167737286
TRACK A20110117623385 F 373600 1221900 120 30 999 NONE NONE 300
	FP_ROUTE KC..KE190

TRACK_TIME 1167737286
TRACK A20110117623387 F 300000 951800 120 30 999 NONE NONE 190
	FP_ROUTE KC..KB734

TRACK_TIME 1167737286
TRACK A20110117623389 F 415560 724200 120 30 999 NONE NONE 390
	FP_ROUTE KC..KA320

TRACK_TIME 1167737286
TRACK A20110117623390 F 350300 895800 120 30 999 NONE NONE 380
	FP_ROUTE KC..KB737

TRACK_TIME 1167737286
TRACK A20110117623393 F 415260 913600 120 30 999 NONE NONE 220
	FP_ROUTE KC..KE145

TRACK_TIME 1167737286
TRACK A20110117623394 F 420100 875800 120 30 999 NONE NONE 210
	FP_ROUTE KC..KB738

TRACK_TIME 1167737286
TRACK A20110117623398 F 391060 764360 120 30 999 NONE NONE 300
	FP_ROUTE KT..KDH8D

TRACK_TIME 1167737286
TRACK A20110117623402 F 372100 1215500 120 30 999 NONE NONE 360
	FP_ROUTE KC..KA319

TRACK_TIME 1167737286
TRACK A20110117623403 F 360900 864000 120 30 999 NONE NONE 330
	FP_ROUTE KC..KB752

TRACK_TIME 1167737286
TRACK A20110117623405 F 415800 875100 120 30 999 NONE NONE 340
	FP_ROUTE KT..KDH8D

TRACK_TIME 1167737286
TRACK A20110117623407 F 395200 751360 120 30 999 NONE NONE 310
	FP_ROUTE KC..KB737

TRACK_TIME 1167737286
TRACK A20110117623408 F 325260 970160 120 30 999 NONE NONE 320
	FP_ROUTE KT..KCRJ2

TRACK_TIME 1167737286
TRACK A20110117623410 F 394800 1044000 120 30 999 NONE NONE 390
	FP_ROUTE KC..KB763

TRACK_TIME 1167737286
TRACK A20110117623417 F 392500 943460 120 30 999 NONE NONE 380
	FP_ROUTE KC..KMD83

TRACK_TIME 1167737286
TRACK A20110117623419 F 332560 1120300 120 30 999 NONE NONE 380
	FP_ROUTE KC..KB733

TRACK_TIME 1167737286
TRACK A20110117623420 F 421960 710100 120 30 999 NONE NONE 350
	FP_ROUTE KT..KDH8D

TRACK_TIME 1167737286
TRACK A20110117623427 F 384600 902100 120 30 999 NONE NONE 370
	FP_ROUTE KC..KB738

TRACK_TIME 1167737286
TRACK A20110117623430 F 332560 1115860 120 30 999 NONE NONE 320
	FP_ROUTE KT..KCRJ2

TRACK_TIME 1167737286
TRACK A20110117623434 F 472560 1221900 120 30 999 NONE NONE 370
	FP_ROUTE KC..KA320

TRACK_TIME 1167737286
TRACK A20110117623437 F 414900 874800 120 30 999 NONE NONE 270
	FP_ROUTE KC..KCRJ2

TRACK_TIME 1167737286
TRACK A20110117623445 F 333900 842800 120 30 999 NONE NONE 330
	FP_ROUTE KC..KB734

TRACK_TIME 1167737286
TRACK A20110117623446 F 325200 965200 120 30 999 NONE NONE 400
	FP_ROUTE KC..KE135

TRACK_TIME 1167737286
TRACK A20110117623448 F 325500 970160 120 30 999 NONE NONE 360
	FP_ROUTE KC..KMD83

TRACK_TIME 1167737286
TRACK A20110117623450 F 404000 741060 120 30 999 NONE NONE 370
	FP_ROUTE KC..KE145

TRACK_TIME 1167737286
TRACK A20110117623451 F 400000 830000 120 30 999 NONE NONE 390
	FP_ROUTE KC..KB738

TRACK_TIME 1167737286
TRACK A20110117623455 F 394200 861960 120 30 999 NONE NONE 400
	FP_ROUTE KT..KCRJ2

TRACK_TIME 1167737286
TRACK A20110117623461 F 374200 1221200 120 30 999 NONE NONE 350
	FP_ROUTE KC..KB738

TRACK_TIME 1167737286
TRACK A20110117623462 F 324360 1171600 120 30 999 NONE NONE 370
	FP_ROUTE KC..KB738

TRACK_TIME 1167737286
TRACK A20110117623463 F 293160 982860 120 30 999 NONE NONE 350
	FP_ROUTE KC..KB712

TRACK_TIME 1167737286
TRACK A20110117623464 F 395200 751660 120 30 999 NONE NONE 290
	FP_ROUTE KC..KB752

TRACK_TIME 1167737286
TRACK A20110117623468 F 373600 1222100 120 30 999 NONE NONE 320
	FP_ROUTE KT..KCRJ2

TRACK_TIME 1167737286
TRACK A20110117623470 F 453460 1223460 120 30 999 NONE NONE 220
	FP_ROUTE KC..KB752

TRACK_TIME 1167737286
TRACK A20110117623478 F 325500 970300 120 30 999 NONE NONE 330
	FP_ROUTE KC..KE190

TRACK_TIME 1167737286
TRACK A20110117623485 F 365200 761360 120 30 999 NONE NONE 240
	FP_ROUTE KC..KE145

TRACK_TIME 1167737286
TRACK A20110117623486 F 300000 951900 120 30 999 NONE NONE 370
	FP_ROUTE KT..KCRJ1

TRACK_TIME 1167737286
TRACK A20110117623487 F 362800 960000 120 30 999 NONE NONE 340
	FP_ROUTE KC..KB737

TRACK_TIME 1167737286
TRACK A20110117623492 F 373600 1222100 120 30 999 NONE NONE 340
	FP_ROUTE KC..KB733

TRACK_TIME 1167737286
TRACK A20110117623498 F 354360 840600 120 30 999 NONE NONE 350
	FP_ROUTE KG..KCL60

TRACK_TIME 1167737286
TRACK A20110117623499 F 412560 814900 120 30 999 NONE NONE 310
	FP_ROUTE KC..KB737

TRACK_TIME 1167737286
TRACK A20110117623503 F 325500 970160 120 30 999 NONE NONE 320
	FP_ROUTE KC..KB737

TRACK_TIME 1167737286
TRACK A20110117623506 F 412560 814960 120 30 999 NONE NONE 270
	FP_ROUTE KC..KB739

TRACK_TIME 1167737286
TRACK A20110117623514 F 335560 1182100 120 30 999 NONE NONE 340
	FP_ROUTE KC..KB733

TRACK_TIME 1167737286
TRACK A20110117623526 F 430600 761200 120 30 999 NONE NONE 250
	FP_ROUTE KC..KCRJ2

TRACK_TIME 1167737286
TRACK A20110117623530 F 472800 1221900 120 30 999 NONE NONE 360
	FP_ROUTE KG..KFA50

TRACK_TIME 1167737286
TRACK A20110117623532 F 300000 901900 120 30 999 NONE NONE 280
	FP_ROUTE KC..KA319

TRACK_TIME 1167737286
TRACK A20110117623533 F 302260 871800 120 30 999 NONE NONE 190
	FP_ROUTE KC..KB738

TRACK_TIME 1167737286
TRACK A20110117623534 F 335500 841660 120 30 999 NONE NONE 230
	FP_ROUTE KC..KB733

TRACK_TIME 1167737286
TRACK A20110117623538 F 395200 751660 120 30 999 NONE NONE 350
	FP_ROUTE KC..KE145

TRACK_TIME 1167737286
TRACK A20110117623540 F 325560 970160 120 30 999 NONE NONE 400
	FP_ROUTE KC..KB752

TRACK_TIME 1167737286
TRACK A20110117623552 F 254600 801500 120 30 999 NONE NONE 370
	FP_ROUTE KC..KMD82

TRACK_TIME 1167737286
TRACK A20110117623556 F 350400 895860 120 30 999 NONE NONE 220
	FP_ROUTE KC..KB712

TRACK_TIME 1167737286
TRACK A20110117623562 F 403000 801800 120 30 999 NONE NONE 220
	FP_ROUTE KC..KB712

TRACK_TIME 1167737286
TRACK A20110117623563 F 372100 933000 120 30 999 NONE NONE 310
	FP_ROUTE KC..KB737

TRACK_TIME 1167737286
TRACK A20110117623566 F 404900 740600 120 30 999 NONE NONE 290
	FP_ROUTE KC..KB752

TRACK_TIME 1167737286
TRACK A20110117623572 F 282860 811800 120 30 999 NONE NONE 210
	FP_ROUTE KC..KB738

TRACK_TIME 1167737286
TRACK A20110117623573 F 282400 811900 120 30 999 NONE NONE 410
	FP_ROUTE KC..KB733

TRACK_TIME 1167737286
TRACK A20110117623578 F 325400 970100 120 30 999 NONE NONE 200
	FP_ROUTE KC..KDH8A

TRACK_TIME 1167737286
TRACK A20110117623579 F 322100 934500 120 30 999 NONE NONE 210
	FP_ROUTE KT..KE145

TRACK_TIME 1167737286
TRACK A20110117623580 F 282800 811960 120 30 999 NONE NONE 390
	FP_ROUTE KT..KE145

TRACK_TIME 1167737286
TRACK A20110117623588 F 325500 970160 120 30 999 NONE NONE 320
	FP_ROUTE KC..KB737

TRACK_TIME 1167737286
TRACK A20110117623589 F 453460 1223400 120 30 999 NONE NONE 320
	FP_ROUTE KC..KE145

TRACK_TIME 1167737286
TRACK A20110117623592 F 403900 741060 120 30 999 NONE NONE 350
	FP_ROUTE KC..KE170

TRACK_TIME 1167737286
TRACK A20110117623593 F 394800 1044000 120 30 999 NONE NONE 390
	FP_ROUTE KC..KE170

TRACK_TIME 1167737286
TRACK A20110117623594 F 333900 842700 120 30 999 NONE NONE 330
	FP_ROUTE KC..KB737

TRACK_TIME 1167737286
TRACK A20110117623604 F 411660 955400 120 30 999 NONE NONE 400
	FP_ROUTE KC..KB734

TRACK_TIME 1167737286
TRACK A20110117623610 F 335560 1182560 120 30 999 NONE NONE 360
	FP_ROUTE KC..KB738

TRACK_TIME 1167737286
TRACK A20110117623614 F 404000 741060 120 30 999 NONE NONE 350
	FP_ROUTE KC..KA319

TRACK_TIME 1167737286
TRACK A20110117623617 F 414800 874660 120 30 999 NONE NONE 370
	FP_ROUTE KC..KA320

TRACK_TIME 1167737286
TRACK A20110117623625 F 421960 710100 120 30 999 NONE NONE 369
	FP_ROUTE KC..KA319

TRACK_TIME 1167737286
TRACK A20110117623629 F 344500 921200 120 30 999 NONE NONE 272
	FP_ROUTE KC..KDH8D

TRACK_TIME 1167737286
TRACK A20110117623652 F 420900 875500 120 30 999 NONE NONE 340
	FP_ROUTE KC..KA320

TRACK_TIME 1167737286
TRACK A20110117623664 F 254800 801500 120 30 999 NONE NONE 400
	FP_ROUTE KT..KE145

TRACK_TIME 1167737286
TRACK A20110117623665 F 394900 1043900 120 30 999 NONE NONE 360
	FP_ROUTE KC..KB752

TRACK_TIME 1167737286
TRACK A20110117623674 F 211900 1575700 120 30 999 NONE NONE 360
	FP_ROUTE KC..KB752

TRACK_TIME 1167737286
TRACK A20110117623678 F 414060 712700 120 30 999 NONE NONE 370
	FP_ROUTE KC..KA320

TRACK_TIME 1167737286
TRACK A20110117623679 F 392860 944200 120 30 999 NONE NONE 330
	FP_ROUTE KC..KA320

TRACK_TIME 1167737286
TRACK A20110117623680 F 421360 832200 120 30 999 NONE NONE 290
	FP_ROUTE KT..KE135

TRACK_TIME 1167737286
TRACK A20110117623687 F 395500 842400 120 30 999 NONE NONE 320
	FP_ROUTE KC..KB752

TRACK_TIME 1167737286
TRACK A20110117623688 F 394900 1044000 120 30 999 NONE NONE 370
	FP_ROUTE KC..KMD83

TRACK_TIME 1167737286
TRACK A20110117623689 F 395200 751660 120 30 999 NONE NONE 350
	FP_ROUTE KC..KE145

TRACK_TIME 1167737286
TRACK A20110117623702 F 325100 800000 120 30 999 NONE NONE 260
	FP_ROUTE KC..KE145

TRACK_TIME 1167737286
TRACK A20110117623705 F 403000 801900 120 30 999 NONE NONE 190
	FP_ROUTE KT..KCRJ2

TRACK_TIME 1167737286
TRACK A20110117623706 F 295860 951600 120 30 999 NONE NONE 240
	FP_ROUTE KC..KA320

TRACK_TIME 1167737286
TRACK A20110117623707 F 373600 1221960 120 30 999 NONE NONE 360
	FP_ROUTE KC..KA319

TRACK_TIME 1167737286
TRACK A20110117623713 F 385860 772560 120 30 999 NONE NONE 370
	FP_ROUTE KC..KE145

TRACK_TIME 1167737286
TRACK A20110117623714 F 384960 770160 120 30 999 NONE NONE 290
	FP_ROUTE KC..KB737

TRACK_TIME 1167737286
TRACK A20110117623720 F 472860 1221900 120 30 999 NONE NONE 320
	FP_ROUTE KC..KE145

TRACK_TIME 1167737286
TRACK A20110117623723 F 344900 1143000 120 30 999 NONE NONE 400
	FP_ROUTE KG..KMU2

TRACK_TIME 1167737286
TRACK A20110117623733 F 373600 1221900 120 30 999 NONE NONE 360
	FP_ROUTE KC..KB712

TRACK_TIME 1167737286
TRACK A20110117623739 F 254800 801600 120 30 999 NONE NONE 360
	FP_ROUTE KC..KB737

TRACK_TIME 1167737286
TRACK A20110117623744 F 420000 875700 120 30 999 NONE NONE 370
	FP_ROUTE KC..KB762

TRACK_TIME 1167737286
TRACK A20110117623745 F 413460 934200 120 30 999 NONE NONE 260
	FP_ROUTE KC..KCRJ2

TRACK_TIME 1167737286
TRACK A20110117623751 F 395200 751660 120 30 999 NONE NONE 380
	FP_ROUTE KC..KE170

TRACK_TIME 1167737286
TRACK A20110117623755 F 420000 875500 120 30 999 NONE NONE 350
	FP_ROUTE KC..KB738

TRACK_TIME 1167737286
TRACK A20110117623760 F 254660 801600 120 30 999 NONE NONE 350
	FP_ROUTE KC..KE135

TRACK_TIME 1167737286
TRACK A20110117623763 F 325800 965400 120 30 999 NONE NONE 200
	FP_ROUTE KC..KB738

TRACK_TIME 1167737286
TRACK A20110117623767 F 182560 660160 120 30 999 NONE NONE 390
	FP_ROUTE KC..KA319

TRACK_TIME 1167737286
TRACK A20110117623768 F 425800 875400 120 30 999 NONE NONE 390
	FP_ROUTE KC..KB738

TRACK_TIME 1167737286
TRACK A20110117623773 F 394500 861500 120 30 999 NONE NONE 360
	FP_ROUTE KC..KA319

TRACK_TIME 1167737286
TRACK A20110117623774 F 333900 842800 120 30 999 NONE NONE 380
	FP_ROUTE KC..KCRJ2

TRACK_TIME 1167737286
TRACK A20110117623785 F 333760 842700 120 30 999 NONE NONE 380
	FP_ROUTE KC..KCRJ2

TRACK_TIME 1167737286
TRACK A20110117623791 F 293900 951800 120 30 999 NONE NONE 320
	FP_ROUTE KC..KA321

TRACK_TIME 1167737286
TRACK A20110117623792 F 425860 875260 120 30 999 NONE NONE 330
	FP_ROUTE KC..KB734

TRACK_TIME 1167737286
TRACK A20110117623793 F 302860 814300 120 30 999 NONE NONE 280
	FP_ROUTE KC..KMD82

TRACK_TIME 1167737286
TRACK A20110117623797 F 333700 842860 120 30 999 NONE NONE 390
	FP_ROUTE KC..KB752

TRACK_TIME 1167737286
TRACK A20110117623798 F 404500 734360 120 30 999 NONE NONE 370
	FP_ROUTE KC..KB737

TRACK_TIME 1167737286
TRACK A20110117623799 F 370700 763160 120 30 999 NONE NONE 370
	FP_ROUTE KT..KDH8D

TRACK_TIME 1167737286
TRACK A20110117623800 F 404360 735500 120 30 999 NONE NONE 250
	FP_ROUTE KC..KB737

TRACK_TIME 1167737286
TRACK A20110117623807 F 395200 751660 120 30 999 NONE NONE 330
	FP_ROUTE KC..KB712

TRACK_TIME 1167737286
TRACK A20110117623808 F 325500 970300 120 30 999 NONE NONE 330
	FP_ROUTE KC..KB712

TRACK_TIME 1167737286
TRACK A20110117623815 F 332560 1120300 120 30 999 NONE NONE 370
	FP_ROUTE KC..KE145

TRACK_TIME 1167737286
TRACK A20110117623817 F 353760 1060600 120 30 999 NONE NONE 360
	FP_ROUTE KC..KA320

TRACK_TIME 1167737286
TRACK A20110117623818 F 403700 734360 120 30 999 NONE NONE 370
	FP_ROUTE KC..KCRJ2

TRACK_TIME 1167737286
TRACK A20110117623819 F 404000 741060 120 30 999 NONE NONE 390
	FP_ROUTE KC..KE170

TRACK_TIME 1167737286
TRACK A20110117623820 F 404500 1120000 120 30 999 NONE NONE 370
	FP_ROUTE KC..KE170

TRACK_TIME 1167737286
TRACK A20110117623821 F 332560 1115700 120 30 999 NONE NONE 330
	FP_ROUTE KC..KCRJ2

TRACK_TIME 1167737286
TRACK A20110117623822 F 411960 955500 120 30 999 NONE NONE 350
	FP_ROUTE KC..KA319

TRACK_TIME 1167737286
TRACK A20110117623823 F 403600 734660 120 30 999 NONE NONE 390
	FP_ROUTE KC..KB738

TRACK_TIME 1167737286
TRACK A20110117623827 F 551660 1624360 120 30 999 NONE NONE 200
	FP_ROUTE KC..KCRJ9

TRACK_TIME 1167737286
TRACK A20110117623828 F 541600 1653760 120 30 999 NONE NONE 200
	FP_ROUTE KT..KCRJ2

TRACK_TIME 1167737286
TRACK A20110117623829 F 604800 1513100 120 30 999 NONE NONE 210
	FP_ROUTE KC..KE145

TRACK_TIME 1167737286
TRACK A20110117623830 F 395260 751360 120 30 999 NONE NONE 310
	FP_ROUTE KC..KE170

TRACK_TIME 1167737286
TRACK A20110117623840 F 353900 1060300 120 30 999 NONE NONE 370
	FP_ROUTE KG..KC550

TRACK_TIME 1167737286
TRACK A20110117623844 F 414800 874600 120 30 999 NONE NONE 400
	FP_ROUTE KG..KC550

TRACK_TIME 1167737286
TRACK A20110117623849 F 361900 941960 120 30 999 NONE NONE 340
	FP_ROUTE KT..KE120

TRACK_TIME 1167737286
TRACK A20110117623860 F 472860 1112100 120 30 999 NONE NONE 360
	FP_ROUTE KC..KCRJ2

TRACK_TIME 1167737286
TRACK A20110117623861 F 211600 1575700 120 30 999 NONE NONE 220
	FP_ROUTE KC..KE170

TRACK_TIME 1167737286
TRACK A20110117623863 F 393300 1045100 120 30 999 NONE NONE 370
	FP_ROUTE KC..KB737

TRACK_TIME 1167737286
TRACK A20110117623864 F 282700 811800 120 30 999 NONE NONE 330
	FP_ROUTE KC..KB737

TRACK_TIME 1167737286
TRACK A20110117623869 F 260400 800600 120 30 999 NONE NONE 340
	FP_ROUTE KC..KB737

TRACK_TIME 1167737286
TRACK A20110117623871 F 404800 735100 120 30 999 NONE NONE 310
	FP_ROUTE KC..KB737

TRACK_TIME 1167737286
TRACK A20110117623873 F 384960 770160 120 30 999 NONE NONE 190
	FP_ROUTE KC..KE145

TRACK_TIME 1167737286
TRACK A20110117623878 F 440760 1231300 120 30 999 NONE NONE 320
	FP_ROUTE KC..KB733

TRACK_TIME 1167737286
TRACK A20110117623879 F 411660 955260 120 30 999 NONE NONE 340
	FP_ROUTE KC..KB733

TRACK_TIME 1167737286
TRACK A20110117623881 F 351200 805800 120 30 999 NONE NONE 290
	FP_ROUTE KC..KMD82

TRACK_TIME 1167737286
TRACK A20110117623882 F 384600 901960 120 30 999 NONE NONE 400
	FP_ROUTE KC..KCRJ2

TRACK_TIME 1167737286
TRACK A20110117623883 F 260460 801300 120 30 999 NONE NONE 370
	FP_ROUTE KC..KCRJ2

TRACK_TIME 1167737286
TRACK A20110117623884 F 260460 800700 120 30 999 NONE NONE 300
	FP_ROUTE KC..KB737

TRACK_TIME 1167737286
TRACK A20110117623886 F 360460 1150900 120 30 999 NONE NONE 400
	FP_ROUTE KC..KB712

TRACK_TIME 1167737286
TRACK A20110117623889 F 254800 801600 120 30 999 NONE NONE 340
	FP_ROUTE KC..KB737

TRACK_TIME 1167737286
TRACK A20110117623891 F 325500 970160 120 30 999 NONE NONE 380
	FP_ROUTE KT..KCRJ2

TRACK_TIME 1167737286
TRACK A20110117623892 F 332560 1115800 120 30 999 NONE NONE 380
	FP_ROUTE KT..KE135

TRACK_TIME 1167737286
TRACK A20110117623904 F 351060 805560 120 30 999 NONE NONE 300
	FP_ROUTE KC..KB733

TRACK_TIME 1167737286
TRACK A20110117623916 F 445260 931300 120 30 999 NONE NONE 340
	FP_ROUTE KC..KB737

TRACK_TIME 1167737286
TRACK A20110117623920 F 421960 705800 120 30 999 NONE NONE 230
	FP_ROUTE KC..KA319

TRACK_TIME 1167737286
TRACK A20110117623921 F 391060 764200 120 30 999 NONE NONE 300
	FP_ROUTE KC..KA319

TRACK_TIME 1167737286
TRACK A20110117623922 F 280160 823160 120 30 999 NONE NONE 320
	FP_ROUTE KC..KCRJ2

TRACK_TIME 1167737286
TRACK A20110117623933 F 422700 705800 120 30 999 NONE NONE 230
	FP_ROUTE KC..KCRJ2

TRACK_TIME 1167737286
TRACK A20110117623939 F 351360 805500 120 30 999 NONE NONE 240
	FP_ROUTE KC..KCRJ2

TRACK_TIME 1167737286
TRACK A20110117623940 F 394500 861600 120 30 999 NONE NONE 280
	FP_ROUTE KC..KE145

TRACK_TIME 1167737286
TRACK A20110117623943 F 403760 741200 120 30 999 NONE NONE 370
	FP_ROUTE KC..KB712

TRACK_TIME 1167737286
TRACK A20110117623944 F 282400 811900 120 30 999 NONE NONE 370
	FP_ROUTE KC..KA319

TRACK_TIME 1167737286
TRACK A20110117623945 F 384900 770160 120 30 999 NONE NONE 280
	FP_ROUTE KC..KMD82

TRACK_TIME 1167737286
TRACK A20110117623946 F 392560 1194600 120 30 999 NONE NONE 300
	FP_ROUTE KT..KCRJ2

TRACK_TIME 1167737286
TRACK A20110117623947 F 335700 1182700 120 30 999 NONE NONE 390
	FP_ROUTE KT..KCRJ2

TRACK_TIME 1167737286
TRACK A20110117623948 F 384360 902100 120 30 999 NONE NONE 370
	FP_ROUTE KC..KB737

TRACK_TIME 1167737286
TRACK A20110117623953 F 421360 832100 120 30 999 NONE NONE 360
	FP_ROUTE KC..KA319

TRACK_TIME 1167737286
TRACK A20110117623956 F 293300 983100 120 30 999 NONE NONE 400
	FP_ROUTE KC..KB737

TRACK_TIME 1167737286
TRACK A20110117623959 F 360460 1150900 120 30 999 NONE NONE 380
	FP_ROUTE KC..KB737

TRACK_TIME 1167737286
TRACK A20110117623962 F 301060 974000 120 30 999 NONE NONE 340
	FP_ROUTE KC..KB737

TRACK_TIME 1167737286
TRACK A20110117623965 F 453400 1223400 120 30 999 NONE NONE 330
	FP_ROUTE KT..KE145

TRACK_TIME 1167737286
TRACK A20110117623967 F 384360 902100 120 30 999 NONE NONE 390
	FP_ROUTE KC..KB737

TRACK_TIME 1167737286
TRACK A20110117623974 F 333900 1115200 120 30 999 NONE NONE 360
	FP_ROUTE KC..KE145

TRACK_TIME 1167737286
TRACK A20110117623977 F 335560 1182100 120 30 999 NONE NONE 390
	FP_ROUTE KC..KMD83

TRACK_TIME 1167737286
TRACK A20110117623978 F 403700 734600 120 30 999 NONE NONE 390
	FP_ROUTE KC..KB752

TRACK_TIME 1167737286
TRACK A20110117623983 F 394060 861960 120 30 999 NONE NONE 330
	FP_ROUTE KC..KE145

TRACK_TIME 1167737286
TRACK A20110117623999 F 465860 965100 120 30 999 NONE NONE 360
	FP_ROUTE KC..KB738

TRACK_TIME 1167737286
TRACK A20110117624000 F 333760 843000 120 30 999 NONE NONE 330
	FP_ROUTE KC..KB738

TRACK_TIME 1167737286
TRACK A20110117624002 F 465260 964900 120 30 999 NONE NONE 400
	FP_ROUTE KC..KB737

TRACK_TIME 1167737286
TRACK A20110117624005 F 264060 800100 120 30 999 NONE NONE 340
	FP_ROUTE KC..KB752

TRACK_TIME 1167737286
TRACK A20110117624009 F 295800 901000 120 30 999 NONE NONE 210
	FP_ROUTE KC..KCRJ2

TRACK_TIME 1167737286
TRACK A20110117624030 F 300000 901500 120 30 999 NONE NONE 360
	FP_ROUTE KC..KCRJ2

TRACK_TIME 1167737286
TRACK A20110117624031 F 465200 921900 120 30 999 NONE NONE 320
	FP_ROUTE KT..KCRJ2

TRACK_TIME 1167737286
TRACK A20110117624052 F 395200 751660 120 30 999 NONE NONE 370
	FP_ROUTE KC..KE135

TRACK_TIME 1167737286
TRACK A20110117624054 F 463000 1111200 120 30 999 NONE NONE 380
	FP_ROUTE KC..KDH8D

TRACK_TIME 1167737286
TRACK A20110117624055 F 454900 1083300 120 30 999 NONE NONE 270
	FP_ROUTE KC..KCRJ2

TRACK_TIME 1167737286
TRACK A20110117624060 F 442800 982500 120 30 999 NONE NONE 390
	FP_ROUTE KC..KE170

TRACK_TIME 1167737286
TRACK A20110117624061 F 463100 1111900 120 30 999 NONE NONE 380
	FP_ROUTE KG..KLJ35

TRACK_TIME 1167737286
TRACK A20110117624063 F 280100 823160 120 30 999 NONE NONE 350
	FP_ROUTE KC..KA320

TRACK_TIME 1167737286
TRACK A20110117624072 F 454900 1083400 120 30 999 NONE NONE 250
	FP_ROUTE KC..KB738

TRACK_TIME 1167737286
TRACK A20110117624078 F 361500 1150600 120 30 999 NONE NONE 330
	FP_ROUTE KC..KB734

TRACK_TIME 1167737286
TRACK A20110117624079 F 194360 1550460 120 30 999 NONE NONE 230
	FP_ROUTE KC..KA319

TRACK_TIME 1167737286
TRACK A20110117624082 F 414900 874660 120 30 999 NONE NONE 390
	FP_ROUTE KC..KA320

TRACK_TIME 1167737286
TRACK A20110117624086 F 333900 842700 120 30 999 NONE NONE 220
	FP_ROUTE KC..KA320

TRACK_TIME 1167737286
TRACK A20110117624088 F 295860 901660 120 30 999 NONE NONE 370
	FP_ROUTE KC..KB737

TRACK_TIME 1167737286
TRACK A20110117624092 F 341200 1182260 120 30 999 NONE NONE 360
	FP_ROUTE KC..KE135

TRACK_TIME 1167737286
TRACK A20110117624095 F 360460 1150760 120 30 999 NONE NONE 340
	FP_ROUTE KC..KMD82

TRACK_TIME 1167737286
TRACK A20110117624097 F 182500 660300 120 30 999 NONE NONE 370
	FP_ROUTE KC..KA319

TRACK_TIME 1167737286
TRACK A20110117624098 F 350400 895860 120 30 999 NONE NONE 350
	FP_ROUTE KC..KA320

TRACK_TIME 1167737286
TRACK A20110117624101 F 295860 951800 120 30 999 NONE NONE 380
	FP_ROUTE KC..KA319

TRACK_TIME 1167737286
TRACK A20110117624107 F 384300 973700 120 30 999 NONE NONE 370
	FP_ROUTE KC..KB737

TRACK_TIME 1167737286
TRACK A20110117624110 F 294000 951800 120 30 999 NONE NONE 380
	FP_ROUTE KC..KA319

TRACK_TIME 1167737286
TRACK A20110117624113 F 404660 735200 120 30 999 NONE NONE 330
	FP_ROUTE KC..KA320

TRACK_TIME 1167737286
TRACK A20110117624115 F 325200 970160 120 30 999 NONE NONE 360
	FP_ROUTE KT..KCRJ9

TRACK_TIME 1167737286
TRACK A20110117624124 F 395200 751660 120 30 999 NONE NONE 350
	FP_ROUTE KC..KB737

TRACK_TIME 1167737286
TRACK A20110117624125 F 351060 805800 120 30 999 NONE NONE 320
	FP_ROUTE KC..KB737

TRACK_TIME 1167737286
TRACK A20110117624128 F 422560 710100 120 30 999 NONE NONE 370
	FP_ROUTE KC..KB712

TRACK_TIME 1167737286
TRACK A20110117624130 F 332560 1120300 120 30 999 NONE NONE 380
	FP_ROUTE KC..KE145

TRACK_TIME 1167737286
TRACK A20110117624131 F 350100 1063760 120 30 999 NONE NONE 330
	FP_ROUTE KT..KCRJ9

TRACK_TIME 1167737286
TRACK A20110117624132 F 414800 874600 120 30 999 NONE NONE 390
	FP_ROUTE KC..KLJ35

TRACK_TIME 1167737286
TRACK A20110117624133 F 411660 955260 120 30 999 NONE NONE 360
	FP_ROUTE KC..KCRJ2

TRACK_TIME 1167737286
TRACK A20110117624135 F 420100 875500 120 30 999 NONE NONE 340
	FP_ROUTE KT..KCRJ2

TRACK_TIME 1167737286
TRACK A20110117624138 F 335560 1182200 120 30 999 NONE NONE 340
	FP_ROUTE KC..KA319

TRACK_TIME 1167737286
TRACK A20110117624140 F 320760 1105800 120 30 999 NONE NONE 390
	FP_ROUTE KC..KMD83

TRACK_TIME 1167737286
TRACK A20110117624149 F 405860 812560 120 30 999 NONE NONE 390
	FP_ROUTE KC..KB712

TRACK_TIME 1167737286
TRACK A20110117624153 F 361360 955400 120 30 999 NONE NONE 400
	FP_ROUTE KC..KB712

TRACK_TIME 1167737286
TRACK A20110117624154 F 413100 1115200 120 30 999 NONE NONE 430
	FP_ROUTE KC..KB712

TRACK_TIME 1167737286
TRACK A20110117624158 F 403000 801660 120 30 999 NONE NONE 310
	FP_ROUTE KC..KB737

TRACK_TIME 1167737286
TRACK A20110117624160 F 404600 735260 120 30 999 NONE NONE 270
	FP_ROUTE KC..KB737

TRACK_TIME 1167737286
TRACK A20110117624173 F 381200 854360 120 30 999 NONE NONE 380
	FP_ROUTE KC..KB737

TRACK_TIME 1167737286
TRACK A20110117624174 F 414800 874660 120 30 999 NONE NONE 260
	FP_ROUTE KT..KCRJ2

TRACK_TIME 1167737286
TRACK A20110117624175 F 404660 1120000 120 30 999 NONE NONE 380
	FP_ROUTE KC..KB712

TRACK_TIME 1167737286
TRACK A20110117624178 F 472700 1221900 120 30 999 NONE NONE 380
	FP_ROUTE KC..KE170

TRACK_TIME 1167737286
TRACK A20110117624195 F 341000 1182860 120 30 999 NONE NONE 220
	FP_ROUTE KC..KA320

TRACK_TIME 1167737286
TRACK A20110117624196 F 411900 955500 120 30 999 NONE NONE 390
	FP_ROUTE KC..KB735

TRACK_TIME 1167737286
TRACK A20110117624198 F 340300 1174660 120 30 999 NONE NONE 320
	FP_ROUTE KC..KB735

TRACK_TIME 1167737286
TRACK A20110117624200 F 431600 1141660 120 30 999 NONE NONE 410
	FP_ROUTE KT..KDH8D

TRACK_TIME 1167737286
TRACK A20110117624202 F 360460 1151200 120 30 999 NONE NONE 380
	FP_ROUTE KT..KCRJ1

TRACK_TIME 1167737286
TRACK A20110117624203 F 333460 1175700 120 30 999 NONE NONE 280
	FP_ROUTE KC..KB737

TRACK_TIME 1167737286
TRACK A20110117624208 F 333700 842860 120 30 999 NONE NONE 310
	FP_ROUTE KC..KE190

TRACK_TIME 1167737286
TRACK A20110117624209 F 360460 1151300 120 30 999 NONE NONE 240
	FP_ROUTE KC..KA320

TRACK_TIME 1167737286
TRACK A20110117624215 F 335700 1182560 120 30 999 NONE NONE 260
	FP_ROUTE KT..KCRJ1

TRACK_TIME 1167737286
TRACK A20110117624221 F 392260 944060 120 30 999 NONE NONE 340
	FP_ROUTE KC..KCRJ2

TRACK_TIME 1167737286
TRACK A20110117624222 F 421360 832200 120 30 999 NONE NONE 350
	FP_ROUTE KC..KB712

TRACK_TIME 1167737286
TRACK A20110117624223 F 361360 955260 120 30 999 NONE NONE 330
	FP_ROUTE KC..KB752

TRACK_TIME 1167737286
TRACK A20110117624224 F 332560 1115800 120 30 999 NONE NONE 340
	FP_ROUTE KC..KA320

TRACK_TIME 1167737286
TRACK A20110117624225 F 372860 771960 120 30 999 NONE NONE 330
	FP_ROUTE KC..KE170

TRACK_TIME 1167737286
TRACK A20110117624234 F 324960 800000 120 30 999 NONE NONE 260
	FP_ROUTE KC..KCRJ2

TRACK_TIME 1167737286
TRACK A20110117624235 F 422200 710000 120 30 999 NONE NONE 290
	FP_ROUTE KC..KCRJ2

TRACK_TIME 1167737286
TRACK A20110117624236 F 282860 811660 120 30 999 NONE NONE 360
	FP_ROUTE KC..KDH8D

TRACK_TIME 1167737286
TRACK A20110117624241 F 293400 983100 120 30 999 NONE NONE 220
	FP_ROUTE KT..KCRJ2

TRACK_TIME 1167737286
TRACK A20110117624246 F 350000 1063900 120 30 999 NONE NONE 350
	FP_ROUTE KC..KB762

TRACK_TIME 1167737286
TRACK A20110117624249 F 394800 1043900 120 30 999 NONE NONE 340
	FP_ROUTE KC..KA320

TRACK_TIME 1167737286
TRACK A20110117624255 F 404500 735400 120 30 999 NONE NONE 350
	FP_ROUTE KC..KB737

TRACK_TIME 1167737286
TRACK A20110117624256 F 324800 795800 120 30 999 NONE NONE 330
	FP_ROUTE KC..KB712

TRACK_TIME 1167737286
TRACK A20110117624257 F 261200 800760 120 30 999 NONE NONE 360
	FP_ROUTE KC..KA319

TRACK_TIME 1167737286
TRACK A20110117624260 F 325200 965200 120 30 999 NONE NONE 350
	FP_ROUTE KT..KCRJ9

TRACK_TIME 1167737286
TRACK A20110117624262 F 314960 1062100 120 30 999 NONE NONE 320
	FP_ROUTE KC..KDH8D

TRACK_TIME 1167737286
TRACK A20110117624268 F 325500 970300 120 30 999 NONE NONE 360
	FP_ROUTE KC..KB738

TRACK_TIME 1167737286
TRACK A20110117624272 F 420000 875700 120 30 999 NONE NONE 330
	FP_ROUTE KC..KB738

TRACK_TIME 1167737286
TRACK A20110117624273 F 395200 751660 120 30 999 NONE NONE 330
	FP_ROUTE KT..KE145

TRACK_TIME 1167737286
TRACK A20110117624274 F 372100 1215500 120 30 999 NONE NONE 350
	FP_ROUTE KC..KB734

TRACK_TIME 1167737286
TRACK A20110117624275 F 384500 901900 120 30 999 NONE NONE 260
	FP_ROUTE KC..KE170

TRACK_TIME 1167737286
TRACK A20110117624276 F 374200 1221200 120 30 999 NONE NONE 380
	FP_ROUTE KC..KA320

TRACK_TIME 1167737286
TRACK A20110117624280 F 361060 1150400 120 30 999 NONE NONE 330
	FP_ROUTE KC..KE135

TRACK_TIME 1167737286
TRACK A20110117624281 F 453460 1223400 120 30 999 NONE NONE 360
	FP_ROUTE KC..KB752

TRACK_TIME 1167737286
TRACK A20110117624282 F 400000 825560 120 30 999 NONE NONE 340
	FP_ROUTE KC..KB752

TRACK_TIME 1167737286
TRACK A20110117624288 F 351360 805560 120 30 999 NONE NONE 320
	FP_ROUTE KC..KB738

TRACK_TIME 1167737286
TRACK A20110117624289 F 394660 1044000 120 30 999 NONE NONE 390
	FP_ROUTE KC..KA319

TRACK_TIME 1167737286
TRACK A20110117624295 F 420400 891800 120 30 999 NONE NONE 320
	FP_ROUTE KC..KB734

TRACK_TIME 1167737286
TRACK A20110117624299 F 355400 1151500 120 30 999 NONE NONE 220
	FP_ROUTE KC..KB738

TRACK_TIME 1167737286
TRACK A20110117624300 F 324600 1171960 120 30 999 NONE NONE 280
	FP_ROUTE KC..KB752

TRACK_TIME 1167737286
TRACK A20110117624305 F 351200 805800 120 30 999 NONE NONE 350
	FP_ROUTE KC..KA319

TRACK_TIME 1167737286
TRACK A20110117624306 F 335560 1183400 120 30 999 NONE NONE 380
	FP_ROUTE KC..KB738

TRACK_TIME 1167737286
TRACK A20110117624316 F 361900 1192400 120 30 999 NONE NONE 320
	FP_ROUTE KC..KCRJ2

TRACK_TIME 1167737286
TRACK A20110117624317 F 453400 1223300 120 30 999 NONE NONE 400
	FP_ROUTE KC..KA319

TRACK_TIME 1167737286
TRACK A20110117624319 F 350000 894660 120 30 999 NONE NONE 210
	FP_ROUTE KC..KE170

TRACK_TIME 1167737286
TRACK A20110117624320 F 371800 932560 120 30 999 NONE NONE 200
	FP_ROUTE KC..KCRJ2

TRACK_TIME 1167737286
TRACK A20110117624321 F 350000 894660 120 30 999 NONE NONE 230
	FP_ROUTE KC..KB733

TRACK_TIME 1167737286
TRACK A20110117624322 F 302700 902860 120 30 999 NONE NONE 220
	FP_ROUTE KC..KB733

TRACK_TIME 1167737286
TRACK A20110117624329 F 392560 944060 120 30 999 NONE NONE 350
	FP_ROUTE KC..KE190

TRACK_TIME 1167737286
TRACK A20110117624330 F 384960 770160 120 30 999 NONE NONE 370
	FP_ROUTE KC..KA319

TRACK_TIME 1167737286
TRACK A20110117624335 F 380100 843700 120 30 999 NONE NONE 400
	FP_ROUTE KC..KE170

TRACK_TIME 1167737286
TRACK A20110117624337 F 385200 1214300 120 30 999 NONE NONE 340
	FP_ROUTE KT..KCRJ2

TRACK_TIME 1167737286
TRACK A20110117624338 F 321800 934060 120 30 999 NONE NONE 190
	FP_ROUTE KC..KCRJ2

TRACK_TIME 1167737286
TRACK A20110117624340 F 420100 875560 120 30 999 NONE NONE 360
	FP_ROUTE KC..KCRJ2

TRACK_TIME 1167737286
TRACK A20110117624342 F 414800 874660 120 30 999 NONE NONE 290
	FP_ROUTE KT..KE145

TRACK_TIME 1167737286
TRACK A20110117624344 F 414900 874660 120 30 999 NONE NONE 330
	FP_ROUTE KC..KE145

TRACK_TIME 1167737286
TRACK A20110117624345 F 351360 805500 120 30 999 NONE NONE 300
	FP_ROUTE KC..KA332

TRACK_TIME 1167737286
TRACK A20110117624346 F 300000 952400 120 30 999 NONE NONE 320
	FP_ROUTE KT..KCRJ2

TRACK_TIME 1167737286
TRACK A20110117624347 F 422100 710100 120 30 999 NONE NONE 410
	FP_ROUTE KT..KCRJ2

TRACK_TIME 1167737286
TRACK A20110117624353 F 333900 842700 120 30 999 NONE NONE 280
	FP_ROUTE KT..KE145

TRACK_TIME 1167737286
TRACK A20110117624356 F 445200 931060 120 30 999 NONE NONE 350
	FP_ROUTE KC..KB735

TRACK_TIME 1167737286
TRACK A20110117624359 F 373600 1221900 120 30 999 NONE NONE 400
	FP_ROUTE KT..KCRJ2

TRACK_TIME 1167737286
TRACK A20110117624360 F 314960 1062100 120 30 999 NONE NONE 340
	FP_ROUTE KT..KCRJ2

TRACK_TIME 1167737286
TRACK A20110117624361 F 394800 1044000 120 30 999 NONE NONE 370
	FP_ROUTE KT..KCRJ9

TRACK_TIME 1167737286
TRACK A20110117624368 F 254800 801500 120 30 999 NONE NONE 390
	FP_ROUTE KC..KB738

TRACK_TIME 1167737286
TRACK A20110117624370 F 452800 843460 120 30 999 NONE NONE 280
	FP_ROUTE KC..KA320

TRACK_TIME 1167737286
TRACK A20110117624371 F 400600 831000 120 30 999 NONE NONE 270
	FP_ROUTE KC..KA319

TRACK_TIME 1167737286
TRACK A20110117624374 F 404600 1115800 120 30 999 NONE NONE 350
	FP_ROUTE KT..KCRJ9

TRACK_TIME 1167737286
TRACK A20110117624385 F 262400 815700 120 30 999 NONE NONE 390
	FP_ROUTE KC..KE170

TRACK_TIME 1167737286
TRACK A20110117624394 F 414900 874660 120 30 999 NONE NONE 400
	FP_ROUTE KC..KB752

TRACK_TIME 1167737286
TRACK A20110117624400 F 340300 1174600 120 30 999 NONE NONE 300
	FP_ROUTE KC..KA320

TRACK_TIME 1167737286
TRACK A20110117624401 F 374060 1221200 120 30 999 NONE NONE 360
	FP_ROUTE KC..KE170

TRACK_TIME 1167737286
TRACK A20110117624402 F 373000 1052800 120 30 999 NONE NONE 200
	FP_ROUTE KC..KMD82

TRACK_TIME 1167737286
TRACK A20110117624407 F 385860 772560 120 30 999 NONE NONE 410
	FP_ROUTE KT..KCRJ2

TRACK_TIME 1167737286
TRACK A20110117624412 F 253900 802860 120 30 999 NONE NONE 410
	FP_ROUTE KT..KCRJ2

TRACK_TIME 1167737286
TRACK A20110117624413 F 300000 950600 120 30 999 NONE NONE 360
	FP_ROUTE KG..KMU2

TRACK_TIME 1167737286
TRACK A20110117624427 F 384960 770160 120 30 999 NONE NONE 370
	FP_ROUTE KC..KA320

TRACK_TIME 1167737286
TRACK A20110117624433 F 404600 1115800 120 30 999 NONE NONE 380
	FP_ROUTE KT..KE145

TRACK_TIME 1167737286
TRACK A20110117624434 F 350300 895860 120 30 999 NONE NONE 330
	FP_ROUTE KT..KE145

TRACK_TIME 1167737286
TRACK A20110117624436 F 404960 740600 120 30 999 NONE NONE 390
	FP_ROUTE KC..KB737

TRACK_TIME 1167737286
TRACK A20110117624444 F 421960 705700 120 30 999 NONE NONE 270
	FP_ROUTE KC..KB735

TRACK_TIME 1167737286
TRACK A20110117624447 F 351060 805700 120 30 999 NONE NONE 370
	FP_ROUTE KC..KE145

TRACK_TIME 1167737286
TRACK A20110117624462 F 333900 842700 120 30 999 NONE NONE 230
	FP_ROUTE KC..KA320

TRACK_TIME 1167737286
TRACK A20110117624463 F 325560 970300 120 30 999 NONE NONE 360
	FP_ROUTE KC..KB712

TRACK_TIME 1167737286
TRACK A20110117624464 F 384800 1044200 120 30 999 NONE NONE 300
	FP_ROUTE KG..KLJ45

TRACK_TIME 1167737286
TRACK A20110117624465 F 374200 1221200 120 30 999 NONE NONE 330
	FP_ROUTE KG..KFA20

TRACK_TIME 1167737286
TRACK A20110117624466 F 324360 1171800 120 30 999 NONE NONE 370
	FP_ROUTE KT..KCRJ2

TRACK_TIME 1167737286
TRACK A20110117624470 F 463900 1002400 120 30 999 NONE NONE 200
	FP_ROUTE KC..KB752

TRACK_TIME 1167737286
TRACK A20110117624471 F 395260 1043700 120 30 999 NONE NONE 360
	FP_ROUTE KC..KB737

TRACK_TIME 1167737286
TRACK A20110117624472 F 435860 911060 120 30 999 NONE NONE 190
	FP_ROUTE KC..KB733

TRACK_TIME 1167737286
TRACK A20110117624476 F 384800 770160 120 30 999 NONE NONE 220
	FP_ROUTE KC..KB737

TRACK_TIME 1167737286
TRACK A20110117624478 F 333700 842860 120 30 999 NONE NONE 350
	FP_ROUTE KC..KB738

TRACK_TIME 1167737286
TRACK A20110117624480 F 333700 842800 120 30 999 NONE NONE 270
	FP_ROUTE KC..KA319

TRACK_TIME 1167737286
TRACK A20110117624483 F 394900 1043900 120 30 999 NONE NONE 360
	FP_ROUTE KT..KCRJ2

TRACK_TIME 1167737286
TRACK A20110117624484 F 473700 1173160 120 30 999 NONE NONE 360
	FP_ROUTE KC..KA319

TRACK_TIME 1167737286
TRACK A20110117624485 F 360460 1151060 120 30 999 NONE NONE 350
	FP_ROUTE KT..KCRJ1

TRACK_TIME 1167737286
TRACK A20110117624489 F 300000 951800 120 30 999 NONE NONE 360
	FP_ROUTE KC..KE145

TRACK_TIME 1167737286
TRACK A20110117624495 F 420100 875560 120 30 999 NONE NONE 340
	FP_ROUTE KC..KCRJ2

TRACK_TIME 1167737286
TRACK A20110117624503 F 302860 814360 120 30 999 NONE NONE 300
	FP_ROUTE KC..KB712

TRACK_TIME 1167737286
TRACK A20110117624514 F 395500 893600 120 30 999 NONE NONE 200
	FP_ROUTE KC..KA319

TRACK_TIME 1167737286
TRACK A20110117624516 F 361800 1150160 120 30 999 NONE NONE 270
	FP_ROUTE KG..KLJ35

TRACK_TIME 1167737286
TRACK A20110117624517 F 335560 1182200 120 30 999 NONE NONE 360
	FP_ROUTE KC..KB712

TRACK_TIME 1167737286
TRACK A20110117624518 F 332560 1115860 120 30 999 NONE NONE 360
	FP_ROUTE KT..KCRJ1

TRACK_TIME 1167737286
TRACK A20110117624519 F 324600 1171960 120 30 999 NONE NONE 320
	FP_ROUTE KC..KB738

TRACK_TIME 1167737286
TRACK A20110117624520 F 330100 1165260 120 30 999 NONE NONE 400
	FP_ROUTE KT..KCRJ1

TRACK_TIME 1167737286
TRACK A20110117624521 F 351000 805560 120 30 999 NONE NONE 280
	FP_ROUTE KC..KA319

TRACK_TIME 1167737286
TRACK A20110117624523 F 394800 1044000 120 30 999 NONE NONE 340
	FP_ROUTE KC..KMD82

TRACK_TIME 1167737286
TRACK A20110117624528 F 392700 744200 120 30 999 NONE NONE 370
	FP_ROUTE KC..KE190

TRACK_TIME 1167737286
TRACK A20110117624531 F 415800 875100 120 30 999 NONE NONE 350
	FP_ROUTE KC..KE135

TRACK_TIME 1167737286
TRACK A20110117624534 F 293700 951500 120 30 999 NONE NONE 350
	FP_ROUTE KC..KB739

TRACK_TIME 1167737286
TRACK A20110117624535 F 383460 1211500 120 30 999 NONE NONE 340
	FP_ROUTE KC..KMD82

TRACK_TIME 1167737286
TRACK A20110117624537 F 404500 1120000 120 30 999 NONE NONE 380
	FP_ROUTE KC..KA321

TRACK_TIME 1167737286
TRACK A20110117624554 F 395100 1044060 120 30 999 NONE NONE 370
	FP_ROUTE KC..KB737

TRACK_TIME 1167737286
TRACK A20110117624555 F 390600 843900 120 30 999 NONE NONE 260
	FP_ROUTE KC..KA319

TRACK_TIME 1167737286
TRACK A20110117624556 F 351360 805800 120 30 999 NONE NONE 230
	FP_ROUTE KC..KB744

TRACK_TIME 1167737286
TRACK A20110117624557 F 325100 800400 120 30 999 NONE NONE 230
	FP_ROUTE KC..KE145

TRACK_TIME 1167737286
TRACK A20110117624558 F 380900 854300 120 30 999 NONE NONE 360
	FP_ROUTE KC..KE135

TRACK_TIME 1167737286
TRACK A20110117624560 F 394900 1044000 120 30 999 NONE NONE 370
	FP_ROUTE KC..KB752

TRACK_TIME 1167737286
TRACK A20110117624561 F 411200 954900 120 30 999 NONE NONE 350
	FP_ROUTE KC..KB734

TRACK_TIME 1167737286
TRACK A20110117624562 F 414900 874800 120 30 999 NONE NONE 310
	FP_ROUTE KC..KA319

TRACK_TIME 1167737286
TRACK A20110117624563 F 391060 764300 120 30 999 NONE NONE 330
	FP_ROUTE KC..KB734

TRACK_TIME 1167737286
TRACK A20110117624564 F 415400 724360 120 30 999 NONE NONE 230
	FP_ROUTE KC..KB734

TRACK_TIME 1167737286
TRACK A20110117624568 F 280100 823160 120 30 999 NONE NONE 360
	FP_ROUTE KC..KB738

TRACK_TIME 1167737286
TRACK A20110117624570 F 395200 751660 120 30 999 NONE NONE 270
	FP_ROUTE KC..KA320

TRACK_TIME 1167737286
TRACK A20110117624574 F 332560 1115860 120 30 999 NONE NONE 390
	FP_ROUTE KC..KB712

TRACK_TIME 1167737286
TRACK A20110117624576 F 384500 901900 120 30 999 NONE NONE 340
	FP_ROUTE KC..KE145

TRACK_TIME 1167737286
TRACK A20110117624577 F 335500 1183300 120 30 999 NONE NONE 330
	FP_ROUTE KC..KCRJ2

TRACK_TIME 1167737286
TRACK A20110117624580 F 333900 842800 120 30 999 NONE NONE 401
	FP_ROUTE KC..KE120

TRACK_TIME 1167737286
TRACK A20110117624583 F 332560 1115860 120 30 999 NONE NONE 360
	FP_ROUTE KC..KB733

TRACK_TIME 1167737286
TRACK A20110117624585 F 351360 805700 120 30 999 NONE NONE 340
	FP_ROUTE KC..KB733

TRACK_TIME 1167737286
TRACK A20110117624588 F 404660 735200 120 30 999 NONE NONE 370
	FP_ROUTE KC..KB737

TRACK_TIME 1167737286
TRACK A20110117624590 F 404800 735200 120 30 999 NONE NONE 370
	FP_ROUTE KC..KE145

TRACK_TIME 1167737286
TRACK A20110117624592 F 332560 1115800 120 30 999 NONE NONE 390
	FP_ROUTE KC..KE170

TRACK_TIME 1167737286
TRACK A20110117624595 F 332560 1115860 120 30 999 NONE NONE 360
	FP_ROUTE KC..KE170

TRACK_TIME 1167737286
TRACK A20110117624598 F 324360 1171200 120 30 999 NONE NONE 220
	FP_ROUTE KG..KBE20

TRACK_TIME 1167737286
TRACK A20110117624599 F 325260 970300 120 30 999 NONE NONE 370
	FP_ROUTE KC..KE190

TRACK_TIME 1167737286
TRACK A20110117624604 F 403900 752500 120 30 999 NONE NONE 290
	FP_ROUTE KC..KB738

TRACK_TIME 1167737286
TRACK A20110117624605 F 333900 842860 120 30 999 NONE NONE 300
	FP_ROUTE KG..KBE9L

TRACK_TIME 1167737286
TRACK A20110117624615 F 325500 970300 120 30 999 NONE NONE 340
	FP_ROUTE KC..KB737

TRACK_TIME 1167737286
TRACK A20110117624617 F 282400 811660 120 30 999 NONE NONE 360
	FP_ROUTE KC..KA320

TRACK_TIME 1167737286
TRACK A20110117624621 F 384900 770100 120 30 999 NONE NONE 370
	FP_ROUTE KC..KA320

TRACK_TIME 1167737286
TRACK A20110117624622 F 350400 895800 120 30 999 NONE NONE 320
	FP_ROUTE KT..KE135

TRACK_TIME 1167737286
TRACK A20110117624624 F 282860 811660 120 30 999 NONE NONE 340
	FP_ROUTE KC..KE145

TRACK_TIME 1167737286
TRACK A20110117624626 F 430600 761200 120 30 999 NONE NONE 250
	FP_ROUTE KC..KB738

TRACK_TIME 1167737286
TRACK A20110117624631 F 333900 842800 120 30 999 NONE NONE 330
	FP_ROUTE KC..KE145

TRACK_TIME 1167737286
TRACK A20110117624634 F 335700 1182560 120 30 999 NONE NONE 360
	FP_ROUTE KT..KCRJ9

TRACK_TIME 1167737286
TRACK A20110117624635 F 420100 875800 120 30 999 NONE NONE 350
	FP_ROUTE KT..KE145

TRACK_TIME 1167737286
TRACK A20110117624645 F 333900 842700 120 30 999 NONE NONE 360
	FP_ROUTE KC..KA320

TRACK_TIME 1167737286
TRACK A20110117624652 F 273100 992800 120 30 999 NONE NONE 340
	FP_ROUTE KC..KCRJ2

TRACK_TIME 1167737286
TRACK A20110117624654 F 433300 1161060 120 30 999 NONE NONE 280
	FP_ROUTE KG..KC560

TRACK_TIME 1167737286
TRACK A20110117624658 F 340300 1174500 120 30 999 NONE NONE 390
	FP_ROUTE KC..KB733

TRACK_TIME 1167737286
TRACK A20110117624660 F 411600 955200 120 30 999 NONE NONE 390
	FP_ROUTE KC..KE190

TRACK_TIME 1167737286
TRACK A20110117624661 F 344500 921200 120 30 999 NONE NONE 330
	FP_ROUTE KC..KA319

TRACK_TIME 1167737286
TRACK A20110117624662 F 420100 875700 120 30 999 NONE NONE 350
	FP_ROUTE KC..KA319

TRACK_TIME 1167737286
TRACK A20110117624664 F 295860 951600 120 30 999 NONE NONE 350
	FP_ROUTE KC..KB738

TRACK_TIME 1167737286
TRACK A20110117624669 F 333700 842800 120 30 999 NONE NONE 250
	FP_ROUTE KC..KE120

TRACK_TIME 1167737286
TRACK A20110117624670 F 300000 951600 120 30 999 NONE NONE 290
	FP_ROUTE KC..KB735

TRACK_TIME 1167737286
TRACK A20110117624673 F 445400 931360 120 30 999 NONE NONE 380
	FP_ROUTE KT..KCRJ2

TRACK_TIME 1167737286
TRACK A20110117624675 F 432560 1142500 120 30 999 NONE NONE 250
	FP_ROUTE KT..KCRJ2

TRACK_TIME 1167737286
TRACK A20110117624676 F 453400 1223160 120 30 999 NONE NONE 180
	FP_ROUTE KC..KB712

TRACK_TIME 1167737286
TRACK A20110117624688 F 373600 1221960 120 30 999 NONE NONE 360
	FP_ROUTE KC..KB738

TRACK_TIME 1167737286
TRACK A20110117624692 F 395200 751660 120 30 999 NONE NONE 250
	FP_ROUTE KC..KA319

TRACK_TIME 1167737286
TRACK A20110117624693 F 324300 1171600 120 30 999 NONE NONE 390
	FP_ROUTE KC..KA319

TRACK_TIME 1167737286
TRACK A20110117624706 F 295860 951660 120 30 999 NONE NONE 300
	FP_ROUTE KC..KB739

TRACK_TIME 1167737286
TRACK A20110117624719 F 380400 970400 120 30 999 NONE NONE 410
	FP_ROUTE KC..KB737

TRACK_TIME 1167737286
TRACK A20110117624720 F 391060 771000 120 30 999 NONE NONE 390
	FP_ROUTE KC..KB752

TRACK_TIME 1167737286
TRACK A20110117624724 F 404900 1115860 120 30 999 NONE NONE 340
	FP_ROUTE KC..KB738

TRACK_TIME 1167737286
TRACK A20110117624725 F 453400 1223300 120 30 999 NONE NONE 400
	FP_ROUTE KC..KB733

TRACK_TIME 1167737286
TRACK A20110117624726 F 372100 1215400 120 30 999 NONE NONE 370
	FP_ROUTE KC..KB733

TRACK_TIME 1167737286
TRACK A20110117624727 F 394600 1044000 120 30 999 NONE NONE 350
	FP_ROUTE KC..KB733

TRACK_TIME 1167737286
TRACK A20110117624728 F 301500 974000 120 30 999 NONE NONE 340
	FP_ROUTE KC..KB733

TRACK_TIME 1167737286
TRACK A20110117624729 F 412700 814800 120 30 999 NONE NONE 280
	FP_ROUTE KC..KB738

TRACK_TIME 1167737286
TRACK A20110117624730 F 402700 870000 120 30 999 NONE NONE 260
	FP_ROUTE KT..KE145

TRACK_TIME 1167737286
TRACK A20110117624733 F 382100 823160 120 30 999 NONE NONE 200
	FP_ROUTE KT..KE145

TRACK_TIME 1167737286
TRACK A20110117624734 F 350300 895800 120 30 999 NONE NONE 260
	FP_ROUTE KG..KC550

TRACK_TIME 1167737286
TRACK A20110117624744 F 333760 842800 120 30 999 NONE NONE 330
	FP_ROUTE KC..KB738

TRACK_TIME 1167737286
TRACK A20110117624746 F 351300 805560 120 30 999 NONE NONE 310
	FP_ROUTE KT..KCRJ9

TRACK_TIME 1167737286
TRACK A20110117624756 F 384900 770160 120 30 999 NONE NONE 320
	FP_ROUTE KC..KB737

TRACK_TIME 1167737286
TRACK A20110117624758 F 355100 784900 120 30 999 NONE NONE 260
	FP_ROUTE KC..KB737

TRACK_TIME 1167737286
TRACK A20110117624762 F 335560 1183300 120 30 999 NONE NONE 360
	FP_ROUTE KC..KB737

TRACK_TIME 1167737286
TRACK A20110117624763 F 360700 1150760 120 30 999 NONE NONE 270
	FP_ROUTE KC..KB737

TRACK_TIME 1167737286
TRACK A20110117624764 F 360460 1151000 120 30 999 NONE NONE 290
	FP_ROUTE KC..KMD82

TRACK_TIME 1167737286
TRACK A20110117624765 F 392700 1194600 120 30 999 NONE NONE 340
	FP_ROUTE KC..KB737

TRACK_TIME 1167737286
TRACK A20110117624766 F 395200 751360 120 30 999 NONE NONE 330
	FP_ROUTE KC..KB735

TRACK_TIME 1167737286
TRACK A20110117624770 F 415260 914660 120 30 999 NONE NONE 311
	FP_ROUTE KC..KE190

TRACK_TIME 1167737286
TRACK A20110117624774 F 412560 814900 120 30 999 NONE NONE 360
	FP_ROUTE KC..KCRJ2

TRACK_TIME 1167737286
TRACK A20110117624775 F 391060 764360 120 30 999 NONE NONE 330
	FP_ROUTE KC..KA320

TRACK_TIME 1167737286
TRACK A20110117624776 F 295860 901500 120 30 999 NONE NONE 320
	FP_ROUTE KC..KB737

TRACK_TIME 1167737286
TRACK A20110117624780 F 354360 840100 120 30 999 NONE NONE 200
	FP_ROUTE KC..KB738

TRACK_TIME 1167737286
TRACK A20110117624783 F 445400 931360 120 30 999 NONE NONE 250
	FP_ROUTE KC..KB752

TRACK_TIME 1167737286
TRACK A20110117624787 F 391060 764200 120 30 999 NONE NONE 370
	FP_ROUTE KC..KCRJ2

TRACK_TIME 1167737286
TRACK A20110117624788 F 414200 712700 120 30 999 NONE NONE 310
	FP_ROUTE KC..KCRJ2

TRACK_TIME 1167737286
TRACK A20110117624792 F 282260 811660 120 30 999 NONE NONE 210
	FP_ROUTE KC..KA320

TRACK_TIME 1167737286
TRACK A20110117624793 F 350160 1063300 120 30 999 NONE NONE 380
	FP_ROUTE KC..KB737

TRACK_TIME 1167737286
TRACK A20110117624794 F 403460 753400 120 30 999 NONE NONE 350
	FP_ROUTE KT..KCRJ2

TRACK_TIME 1167737286
TRACK A20110117624806 F 403700 734500 120 30 999 NONE NONE 350
	FP_ROUTE KC..KCRJ2

TRACK_TIME 1167737286
TRACK A20110117624833 F 610100 1513000 120 30 999 NONE NONE 230
	FP_ROUTE KC..KE145

TRACK_TIME 1167737286
TRACK A20110117624834 F 394660 1044000 120 30 999 NONE NONE 330
	FP_ROUTE KC..KB744

TRACK_TIME 1167737286
TRACK A20110117624841 F 433900 964060 120 30 999 NONE NONE 290
	FP_ROUTE KC..KB733

TRACK_TIME 1167737286
TRACK A20110117624844 F 351200 805800 120 30 999 NONE NONE 300
	FP_ROUTE KC..KB737

TRACK_TIME 1167737286
TRACK A20110117624845 F 395260 1043460 120 30 999 NONE NONE 280
	FP_ROUTE KC..KB744

TRACK_TIME 1167737286
TRACK A20110117624846 F 404000 741060 120 30 999 NONE NONE 350
	FP_ROUTE KC..KCRJ2

TRACK_TIME 1167737286
TRACK A20110117624855 F 422200 710000 120 30 999 NONE NONE 330
	FP_ROUTE KC..KA319

TRACK_TIME 1167737286
TRACK A20110117624856 F 395200 751600 120 30 999 NONE NONE 330
	FP_ROUTE KC..KB712

TRACK_TIME 1167737286
TRACK A20110117624857 F 414800 874660 120 30 999 NONE NONE 380
	FP_ROUTE KC..KE170

TRACK_TIME 1167737286
TRACK A20110117624861 F 391060 764360 120 30 999 NONE NONE 250
	FP_ROUTE KC..KA319

TRACK_TIME 1167737286
TRACK A20110117624862 F 282800 811660 120 30 999 NONE NONE 360
	FP_ROUTE KT..KE145

TRACK_TIME 1167737286
TRACK A20110117624865 F 332560 1115860 120 30 999 NONE NONE 329
	FP_ROUTE KC..KCRJ2

TRACK_TIME 1167737286
TRACK A20110117624866 F 351300 805560 120 30 999 NONE NONE 330
	FP_ROUTE KC..KCRJ2

TRACK_TIME 1167737286
TRACK A20110117624867 F 395260 1043460 120 30 999 NONE NONE 350
	FP_ROUTE KG..KC560

TRACK_TIME 1167737286
TRACK A20110117624870 F 254800 801600 120 30 999 NONE NONE 370
	FP_ROUTE KC..KCRJ2

TRACK_TIME 1167737286
TRACK A20110117624871 F 261360 981800 120 30 999 NONE NONE 360
	FP_ROUTE KC..KE170

TRACK_TIME 1167737286
TRACK A20110117624872 F 350300 895860 120 30 999 NONE NONE 370
	FP_ROUTE KC..KB733

TRACK_TIME 1167737286
TRACK A20110117624874 F 420100 875800 120 30 999 NONE NONE 370
	FP_ROUTE KC..KB712

TRACK_TIME 1167737286
TRACK A20110117624875 F 404800 735200 120 30 999 NONE NONE 370
	FP_ROUTE KC..KB737

TRACK_TIME 1167737286
TRACK A20110117624877 F 362400 940700 120 30 999 NONE NONE 400
	FP_ROUTE KC..KE135

TRACK_TIME 1167737286
TRACK A20110117624878 F 264060 800760 120 30 999 NONE NONE 410
	FP_ROUTE KC..KB737

TRACK_TIME 1167737286
TRACK A20110117624879 F 473760 1173160 120 30 999 NONE NONE 290
	FP_ROUTE KC..KCRJ2

TRACK_TIME 1167737286
TRACK A20110117624884 F 422560 705860 120 30 999 NONE NONE 240
	FP_ROUTE KC..KA319

TRACK_TIME 1167737286
TRACK A20110117624886 F 333700 842800 120 30 999 NONE NONE 220
	FP_ROUTE KC..KE170

TRACK_TIME 1167737286
TRACK A20110117624892 F 425800 875400 120 30 999 NONE NONE 250
	FP_ROUTE KC..KE170

TRACK_TIME 1167737286
TRACK A20110117624893 F 420100 875800 120 30 999 NONE NONE 290
	FP_ROUTE KC..KB737

TRACK_TIME 1167737286
TRACK A20110117624894 F 445200 931200 120 30 999 NONE NONE 300
	FP_ROUTE KC..KA320

TRACK_TIME 1167737286
TRACK A20110117624897 F 332560 1115800 120 30 999 NONE NONE 290
	FP_ROUTE KC..KA320

TRACK_TIME 1167737286
TRACK A20110117624899 F 445260 931200 120 30 999 NONE NONE 300
	FP_ROUTE KC..KCRJ2

TRACK_TIME 1167737286
TRACK A20110117624900 F 395260 1043460 120 30 999 NONE NONE 360
	FP_ROUTE KC..KB737

TRACK_TIME 1167737286
TRACK A20110117624903 F 350400 895800 120 30 999 NONE NONE 300
	FP_ROUTE KC..KE145

TRACK_TIME 1167737286
TRACK A20110117624921 F 332560 1120160 120 30 999 NONE NONE 320
	FP_ROUTE KC..KB737

TRACK_TIME 1167737286
TRACK A20110117624922 F 384900 770160 120 30 999 NONE NONE 330
	FP_ROUTE KC..KB734

TRACK_TIME 1167737286
TRACK A20110117624924 F 333900 842800 120 30 999 NONE NONE 380
	FP_ROUTE KT..KCRJ2

TRACK_TIME 1167737286
TRACK A20110117624927 F 420100 875200 120 30 999 NONE NONE 360
	FP_ROUTE KC..KB733

TRACK_TIME 1167737286
TRACK A20110117624933 F 275500 823300 120 30 999 NONE NONE 340
	FP_ROUTE KC..KCRJ2

TRACK_TIME 1167737286
TRACK A20110117624936 F 445200 931060 120 30 999 NONE NONE 340
	FP_ROUTE KT..KCRJ9

TRACK_TIME 1167737286
TRACK A20110117624937 F 464060 1002860 120 30 999 NONE NONE 280
	FP_ROUTE KC..KB752

TRACK_TIME 1167737286
TRACK A20110117624939 F 422400 710000 120 30 999 NONE NONE 310
	FP_ROUTE KC..KB712

TRACK_TIME 1167737286
TRACK A20110117624940 F 414800 874600 120 30 999 NONE NONE 430
	FP_ROUTE KC..KCRJ2

TRACK_TIME 1167737286
TRACK A20110117624941 F 371960 1215400 120 30 999 NONE NONE 400
	FP_ROUTE KC..KB737

TRACK_TIME 1167737286
TRACK A20110117624942 F 343600 864800 120 30 999 NONE NONE 360
	FP_ROUTE KT..KCRJ1

TRACK_TIME 1167737286
TRACK A20110117624945 F 254800 801900 120 30 999 NONE NONE 400
	FP_ROUTE KC..KCRJ2

TRACK_TIME 1167737286
TRACK A20110117624947 F 390000 772560 120 30 999 NONE NONE 410
	FP_ROUTE KC..KB738

TRACK_TIME 1167737286
TRACK A20110117624948 F 382400 813160 120 30 999 NONE NONE 200
	FP_ROUTE KC..KDH8D

TRACK_TIME 1167737286
TRACK A20110117624949 F 451500 1224600 120 30 999 NONE NONE 430
	FP_ROUTE KC..KE170

TRACK_TIME 1167737286
TRACK A20110117624950 F 421300 831960 120 30 999 NONE NONE 280
	FP_ROUTE KC..KA319

TRACK_TIME 1167737286
TRACK A20110117624952 F 335500 1183160 120 30 999 NONE NONE 320
	FP_ROUTE KC..KB737

TRACK_TIME 1167737286
TRACK A20110117624954 F 425860 875260 120 30 999 NONE NONE 320
	FP_ROUTE KC..KA320

TRACK_TIME 1167737286
TRACK A20110117624963 F 282860 811660 120 30 999 NONE NONE 410
	FP_ROUTE KC..KB733

TRACK_TIME 1167737286
TRACK A20110117624964 F 384900 770160 120 30 999 NONE NONE 290
	FP_ROUTE KT..KCRJ2

TRACK_TIME 1167737286
TRACK A20110117624970 F 435560 883300 120 30 999 NONE NONE 290
	FP_ROUTE KC..KE170

TRACK_TIME 1167737286
TRACK A20110117624971 F 342400 824960 120 30 999 NONE NONE 390
	FP_ROUTE KC..KA319

TRACK_TIME 1167737286
TRACK A20110117624972 F 424360 734800 120 30 999 NONE NONE 390
	FP_ROUTE KC..KMD82

TRACK_TIME 1167737286
TRACK A20110117624974 F 394800 1044000 120 30 999 NONE NONE 390
	FP_ROUTE KC..KB752

TRACK_TIME 1167737286
TRACK A20110117624976 F 384900 770160 120 30 999 NONE NONE 260
	FP_ROUTE KC..KE145

TRACK_TIME 1167737286
TRACK A20110117624978 F 404900 740600 120 30 999 NONE NONE 410
	FP_ROUTE KC..KCRJ2

TRACK_TIME 1167737286
TRACK A20110117624979 F 384800 770160 120 30 999 NONE NONE 330
	FP_ROUTE KC..KE145

TRACK_TIME 1167737286
TRACK A20110117624982 F 394900 1043900 120 30 999 NONE NONE 360
	FP_ROUTE KT..KCRJ2

TRACK_TIME 1167737286
TRACK A20110117624985 F 333700 843000 120 30 999 NONE NONE 240
	FP_ROUTE KT..KCRJ9

TRACK_TIME 1167737286
TRACK A20110117624993 F 373600 1221960 120 30 999 NONE NONE 320
	FP_ROUTE KT..KCRJ2

TRACK_TIME 1167737286
TRACK A20110117624996 F 413460 934200 120 30 999 NONE NONE 390
	FP_ROUTE KC..KB737

TRACK_TIME 1167737286
TRACK A20110117624999 F 333900 842800 120 30 999 NONE NONE 330
	FP_ROUTE KC..KB737

TRACK_TIME 1167737286
TRACK A20110117625004 F 610000 1484660 120 30 999 NONE NONE 340
	FP_ROUTE KC..KCRJ2

TRACK_TIME 1167737286
TRACK A20110117625009 F 425500 784600 120 30 999 NONE NONE 310
	FP_ROUTE KT..KCRJ9

TRACK_TIME 1167737286
TRACK A20110117625010 F 335560 1182260 120 30 999 NONE NONE 380
	FP_ROUTE KC..KE135

TRACK_TIME 1167737286
TRACK A20110117625014 F 430000 875260 120 30 999 NONE NONE 320
	FP_ROUTE KC..KE170

TRACK_TIME 1167737286
TRACK A20110117625015 F 264060 801600 120 30 999 NONE NONE 350
	FP_ROUTE KC..KB733

TRACK_TIME 1167737286
TRACK A20110117625016 F 333700 843000 120 30 999 NONE NONE 330
	FP_ROUTE KT..KCRJ1

TRACK_TIME 1167737286
TRACK A20110117625017 F 384900 770160 120 30 999 NONE NONE 330
	FP_ROUTE KT..KCRJ2

TRACK_TIME 1167737286
TRACK A20110117625021 F 360460 1150900 120 30 999 NONE NONE 360
	FP_ROUTE KC..KA320

TRACK_TIME 1167737286
TRACK A20110117625022 F 260300 800760 120 30 999 NONE NONE 360
	FP_ROUTE KC..KB738

TRACK_TIME 1167737286
TRACK A20110117625025 F 364500 1194000 120 30 999 NONE NONE 400
	FP_ROUTE KT..KDH8D

TRACK_TIME 1167737286
TRACK A20110117625026 F 433400 1161000 120 30 999 NONE NONE 410
	FP_ROUTE KT..KCRJ9

TRACK_TIME 1167737286
TRACK A20110117625027 F 182560 660160 120 30 999 NONE NONE 370
	FP_ROUTE KC..KE145

TRACK_TIME 1167737286
TRACK A20110117625029 F 394660 1044000 120 30 999 NONE NONE 380
	FP_ROUTE KC..KB738

TRACK_TIME 1167737286
TRACK A20110117625032 F 453400 1223300 120 30 999 NONE NONE 340
	FP_ROUTE KC..KB752

TRACK_TIME 1167737286
TRACK A20110117625039 F 324500 1171900 120 30 999 NONE NONE 340
	FP_ROUTE KC..KB738

TRACK_TIME 1167737286
TRACK A20110117625040 F 374060 1221060 120 30 999 NONE NONE 340
	FP_ROUTE KG..KLJ45

TRACK_TIME 1167737286
TRACK A20110117625041 F 472800 1221900 120 30 999 NONE NONE 320
	FP_ROUTE KG..KLJ45

TRACK_TIME 1167737286
TRACK A20110117625042 F 420000 875700 120 30 999 NONE NONE 330
	FP_ROUTE KG..KCL60

TRACK_TIME 1167737286
TRACK A20110117625044 F 302860 871200 120 30 999 NONE NONE 370
	FP_ROUTE KC..KB739

TRACK_TIME 1167737286
TRACK A20110117625046 F 324360 1171000 120 30 999 NONE NONE 360
	FP_ROUTE KG..KLJ45

TRACK_TIME 1167737286
TRACK A20110117625048 F 372860 771960 120 30 999 NONE NONE 370
	FP_ROUTE KC..KCRJ2

TRACK_TIME 1167737286
TRACK A20110117625052 F 384360 1213600 120 30 999 NONE NONE 340
	FP_ROUTE KC..KB738

TRACK_TIME 1167737286
TRACK A20110117625053 F 360460 1150900 120 30 999 NONE NONE 350
	FP_ROUTE KC..KA320

TRACK_TIME 1167737286
TRACK A20110117625055 F 300600 974000 120 30 999 NONE NONE 350
	FP_ROUTE KC..KBE20

TRACK_TIME 1167737286
TRACK A20110117625056 F 333900 1175260 120 30 999 NONE NONE 380
	FP_ROUTE KC..KCRJ2

TRACK_TIME 1167737286
TRACK A20110117625057 F 323000 845800 120 30 999 NONE NONE 370
	FP_ROUTE KC..KCRJ2

TRACK_TIME 1167737286
TRACK A20110117625058 F 385260 1044200 120 30 999 NONE NONE 330
	FP_ROUTE KT..KCRJ2

TRACK_TIME 1167737286
TRACK A20110117625059 F 433760 1104360 120 30 999 NONE NONE 410
	FP_ROUTE KC..KDH8D

TRACK_TIME 1167737286
TRACK A20110117625061 F 260400 800600 120 30 999 NONE NONE 310
	FP_ROUTE KC..KB738

TRACK_TIME 1167737286
TRACK A20110117625062 F 412560 814800 120 30 999 NONE NONE 340
	FP_ROUTE KG..KBE20

TRACK_TIME 1167737286
TRACK A20110117625066 F 404960 740600 120 30 999 NONE NONE 410
	FP_ROUTE KC..KA320

TRACK_TIME 1167737286
TRACK A20110117625067 F 400000 825860 120 30 999 NONE NONE 380
	FP_ROUTE KC..KB744

TRACK_TIME 1167737286
TRACK A20110117625074 F 254800 801500 120 30 999 NONE NONE 350
	FP_ROUTE KC..KB737

TRACK_TIME 1167737286
TRACK A20110117625076 F 403600 734660 120 30 999 NONE NONE 370
	FP_ROUTE KC..KE145

TRACK_TIME 1167737286
TRACK A20110117625083 F 361960 941960 120 30 999 NONE NONE 360
	FP_ROUTE KC..KA320

TRACK_TIME 1167737286
TRACK A20110117625085 F 390000 772800 120 30 999 NONE NONE 350
	FP_ROUTE KC..KB737

TRACK_TIME 1167737286
TRACK A20110117625086 F 361060 955400 120 30 999 NONE NONE 390
	FP_ROUTE KC..KB737

TRACK_TIME 1167737286
TRACK A20110117625087 F 350000 1063900 120 30 999 NONE NONE 340
	FP_ROUTE KC..KA320

TRACK_TIME 1167737286
TRACK A20110117625100 F 360300 1151060 120 30 999 NONE NONE 350
	FP_ROUTE KC..KB732

TRACK_TIME 1167737286
TRACK A20110117625104 F 404800 735200 120 30 999 NONE NONE 350
	FP_ROUTE KT..KCRJ9

TRACK_TIME 1167737286
TRACK A20110117625107 F 395200 751660 120 30 999 NONE NONE 410
	FP_ROUTE KT..KCRJ9

TRACK_TIME 1167737286
TRACK A20110117625108 F 404600 735100 120 30 999 NONE NONE 270
	FP_ROUTE KC..KA321

TRACK_TIME 1167737286
TRACK A20110117625115 F 325560 970100 120 30 999 NONE NONE 360
	FP_ROUTE KG..KBE9L

TRACK_TIME 1167737286
TRACK A20110117625116 F 420100 875700 120 30 999 NONE NONE 350
	FP_ROUTE KC..KB712

TRACK_TIME 1167737286
TRACK A20110117625117 F 552400 1320460 120 30 999 NONE NONE 340
	FP_ROUTE KC..KB737

TRACK_TIME 1167737286
TRACK A20110117625118 F 421960 710100 120 30 999 NONE NONE 370
	FP_ROUTE KT..KCRJ2

TRACK_TIME 1167737286
TRACK A20110117625121 F 333900 842860 120 30 999 NONE NONE 360
	FP_ROUTE KC..KA319

TRACK_TIME 1167737286
TRACK A20110117625123 F 335560 1183460 120 30 999 NONE NONE 330
	FP_ROUTE KC..KB734

TRACK_TIME 1167737286
TRACK A20110117625128 F 332560 1115800 120 30 999 NONE NONE 340
	FP_ROUTE KC..KB734

TRACK_TIME 1167737286
TRACK A20110117625129 F 404500 734960 120 30 999 NONE NONE 290
	FP_ROUTE KC..KE170

TRACK_TIME 1167737286
TRACK A20110117625132 F 605400 1484660 120 30 999 NONE NONE 340
	FP_ROUTE KT..KCRJ2

TRACK_TIME 1167737286
TRACK A20110117625137 F 335400 1181300 120 30 999 NONE NONE 350
	FP_ROUTE KT..KCRJ2

TRACK_TIME 1167737286
TRACK A20110117625141 F 430460 774300 120 30 999 NONE NONE 330
	FP_ROUTE KC..KA320

TRACK_TIME 1167737286
TRACK A20110117625149 F 282860 811960 120 30 999 NONE NONE 410
	FP_ROUTE KG..KBE20

TRACK_TIME 1167737286
TRACK A20110117625151 F 325560 970300 120 30 999 NONE NONE 380
	FP_ROUTE KG..KBE20

TRACK_TIME 1167737286
TRACK A20110117625152 F 393160 1074800 120 30 999 NONE NONE 390
	FP_ROUTE KC..KE145

TRACK_TIME 1167737286
TRACK A20110117625154 F 421300 831960 120 30 999 NONE NONE 300
	FP_ROUTE KC..KB744

TRACK_TIME 1167737286
TRACK A20110117625155 F 403760 734500 120 30 999 NONE NONE 370
	FP_ROUTE KC..KE135

TRACK_TIME 1167737286
TRACK A20110117625159 F 335700 1182400 120 30 999 NONE NONE 380
	FP_ROUTE KC..KB737

TRACK_TIME 1167737286
TRACK A20110117625163 F 605260 1484360 120 30 999 NONE NONE 340
	FP_ROUTE KT..KCRJ2

TRACK_TIME 1167737286
TRACK A20110117625172 F 390700 844000 120 30 999 NONE NONE 350
	FP_ROUTE KC..KB737

TRACK_TIME 1167737286
TRACK A20110117625181 F 384900 770160 120 30 999 NONE NONE 190
	FP_ROUTE KC..KE190

TRACK_TIME 1167737286
TRACK A20110117625186 F 415560 723300 120 30 999 NONE NONE 370
	FP_ROUTE KT..KCRJ2

TRACK_TIME 1167737286
TRACK A20110117625187 F 391200 1084200 120 30 999 NONE NONE 430
	FP_ROUTE KC..KA320

TRACK_TIME 1167737286
TRACK A20110117625191 F 422200 710000 120 30 999 NONE NONE 350
	FP_ROUTE KC..KB737

TRACK_TIME 1167737286
TRACK A20110117625195 F 333900 842800 120 30 999 NONE NONE 400
	FP_ROUTE KC..KE170

TRACK_TIME 1167737286
TRACK A20110117625200 F 401000 830300 120 30 999 NONE NONE 430
	FP_ROUTE KC..KB752

TRACK_TIME 1167737286
TRACK A20110117625201 F 433160 1161000 120 30 999 NONE NONE 320
	FP_ROUTE KC..KB712

TRACK_TIME 1167737286
TRACK A20110117625213 F 404900 740600 120 30 999 NONE NONE 430
	FP_ROUTE KC..KB737

TRACK_TIME 1167737286
TRACK A20110117625216 F 422400 710000 120 30 999 NONE NONE 230
	FP_ROUTE KC..KB738

TRACK_TIME 1167737286
TRACK A20110117625219 F 355100 784900 120 30 999 NONE NONE 240
	FP_ROUTE KC..KCRJ2

TRACK_TIME 1167737286
TRACK A20110117625220 F 404500 735400 120 30 999 NONE NONE 290
	FP_ROUTE KC..KB752

TRACK_TIME 1167737286
TRACK A20110117625223 F 350400 895860 120 30 999 NONE NONE 280
	FP_ROUTE KC..KB712

TRACK_TIME 1167737286
TRACK A20110117625231 F 384800 770160 120 30 999 NONE NONE 330
	FP_ROUTE KC..KB712

TRACK_TIME 1167737286
TRACK A20110117625232 F 303900 875560 120 30 999 NONE NONE 330
	FP_ROUTE KC..KA320

TRACK_TIME 1167737286
TRACK A20110117625234 F 373600 1221800 120 30 999 NONE NONE 360
	FP_ROUTE KT..KE145

TRACK_TIME 1167737286
TRACK A20110117625236 F 325500 970160 120 30 999 NONE NONE 360
	FP_ROUTE KC..KB738

TRACK_TIME 1167737286
TRACK A20110117625238 F 332560 1115800 120 30 999 NONE NONE 310
	FP_ROUTE KC..KA320

TRACK_TIME 1167737286
TRACK A20110117625248 F 351060 805800 120 30 999 NONE NONE 310
	FP_ROUTE KC..KE170

TRACK_TIME 1167737286
TRACK A20110117625249 F 351200 805800 120 30 999 NONE NONE 200
	FP_ROUTE KC..KB752

TRACK_TIME 1167737286
TRACK A20110117625250 F 395200 751660 120 30 999 NONE NONE 390
	FP_ROUTE KC..KB734

TRACK_TIME 1167737286
TRACK A20110117625251 F 391960 944300 120 30 999 NONE NONE 300
	FP_ROUTE KC..KE145

TRACK_TIME 1167737286
TRACK A20110117625252 F 395200 751660 120 30 999 NONE NONE 330
	FP_ROUTE KC..KB733

TRACK_TIME 1167737286
TRACK A20110117625260 F 321900 994360 120 30 999 NONE NONE 220
	FP_ROUTE KC..KA319

TRACK_TIME 1167737286
TRACK A20110117625262 F 344900 821900 120 30 999 NONE NONE 260
	FP_ROUTE KC..KE170

TRACK_TIME 1167737286
TRACK A20110117625263 F 293760 951800 120 30 999 NONE NONE 400
	FP_ROUTE KC..KCRJ2

TRACK_TIME 1167737286
TRACK A20110117625264 F 350000 1063900 120 30 999 NONE NONE 380
	FP_ROUTE KT..KCRJ9

TRACK_TIME 1167737286
TRACK A20110117625265 F 332560 1115700 120 30 999 NONE NONE 320
	FP_ROUTE KC..KB752

TRACK_TIME 1167737286
TRACK A20110117625266 F 333460 1175500 120 30 999 NONE NONE 300
	FP_ROUTE KG..KLJ45

TRACK_TIME 1167737286
TRACK A20110117625267 F 395500 1044060 120 30 999 NONE NONE 320
	FP_ROUTE KC..KE145

TRACK_TIME 1167737286
TRACK A20110117625269 F 414660 874500 120 30 999 NONE NONE 220
	FP_ROUTE KC..KMD82

TRACK_TIME 1167737286
TRACK A20110117625279 F 384500 901900 120 30 999 NONE NONE 330
	FP_ROUTE KG..KF2TH

TRACK_TIME 1167737286
TRACK A20110117625280 F 404600 1115800 120 30 999 NONE NONE 380
	FP_ROUTE KC..KB752

TRACK_TIME 1167737286
TRACK A20110117625281 F 374060 1221060 120 30 999 NONE NONE 380
	FP_ROUTE KC..KB712

TRACK_TIME 1167737286
TRACK A20110117625285 F 445200 930900 120 30 999 NONE NONE 280
	FP_ROUTE KC..KA319

TRACK_TIME 1167737286
TRACK A20110117625286 F 293160 982800 120 30 999 NONE NONE 380
	FP_ROUTE KC..KB712

TRACK_TIME 1167737286
TRACK A20110117625287 F 445400 931360 120 30 999 NONE NONE 350
	FP_ROUTE KT..KCRJ2

TRACK_TIME 1167737286
TRACK A20110117625288 F 421960 710100 120 30 999 NONE NONE 370
	FP_ROUTE KC..KB712

TRACK_TIME 1167737286
TRACK A20110117625294 F 404000 741060 120 30 999 NONE NONE 350
	FP_ROUTE KC..KB737

TRACK_TIME 1167737286
TRACK A20110117625300 F 314960 1062200 120 30 999 NONE NONE 361
	FP_ROUTE KC..KB737

TRACK_TIME 1167737286
TRACK A20110117625301 F 414900 874660 120 30 999 NONE NONE 310
	FP_ROUTE KC..KB712

TRACK_TIME 1167737286
TRACK A20110117625302 F 282800 811660 120 30 999 NONE NONE 390
	FP_ROUTE KC..KB712

TRACK_TIME 1167737286
TRACK A20110117625303 F 355100 784900 120 30 999 NONE NONE 390
	FP_ROUTE KC..KB712

TRACK_TIME 1167737286
TRACK A20110117625304 F 445260 931360 120 30 999 NONE NONE 320
	FP_ROUTE KC..KE170

TRACK_TIME 1167737286
TRACK A20110117625312 F 351200 805560 120 30 999 NONE NONE 270
	FP_ROUTE KC..KB737

TRACK_TIME 1167737286
TRACK A20110117625314 F 404500 735100 120 30 999 NONE NONE 290
	FP_ROUTE KC..KB737

TRACK_TIME 1167737286
TRACK A20110117625325 F 333700 843000 120 30 999 NONE NONE 370
	FP_ROUTE KC..KA320

TRACK_TIME 1167737286
TRACK A20110117625329 F 350100 1063760 120 30 999 NONE NONE 371
	FP_ROUTE KC..KB712

TRACK_TIME 1167737286
TRACK A20110117625330 F 312260 923600 120 30 999 NONE NONE 300
	FP_ROUTE KC..KB752

TRACK_TIME 1167737286
TRACK A20110117625331 F 333700 842800 120 30 999 NONE NONE 330
	FP_ROUTE KC..KA320

TRACK_TIME 1167737286
TRACK A20110117625336 F 395260 1043600 120 30 999 NONE NONE 380
	FP_ROUTE KC..KB734

TRACK_TIME 1167737286
TRACK A20110117625338 F 404600 735100 120 30 999 NONE NONE 210
	FP_ROUTE KT..KCRJ2

TRACK_TIME 1167737286
TRACK A20110117625339 F 390460 843900 120 30 999 NONE NONE 280
	FP_ROUTE KC..KE145

TRACK_TIME 1167737286
TRACK A20110117625341 F 403700 734600 120 30 999 NONE NONE 370
	FP_ROUTE KC..KB738

TRACK_TIME 1167737286
TRACK A20110117625350 F 444960 931360 120 30 999 NONE NONE 349
	FP_ROUTE KC..KE145

TRACK_TIME 1167737286
TRACK A20110117625352 F 325260 970300 120 30 999 NONE NONE 370
	FP_ROUTE KC..KB737

TRACK_TIME 1167737286
TRACK A20110117625354 F 264060 801600 120 30 999 NONE NONE 320
	FP_ROUTE KC..KA319

TRACK_TIME 1167737286
TRACK A20110117625355 F 275500 823300 120 30 999 NONE NONE 300
	FP_ROUTE KC..KB737

TRACK_TIME 1167737286
TRACK A20110117625357 F 414800 874660 120 30 999 NONE NONE 370
	FP_ROUTE KC..KB712

TRACK_TIME 1167737286
TRACK A20110117625358 F 391060 764200 120 30 999 NONE NONE 390
	FP_ROUTE KC..KB737

TRACK_TIME 1167737286
TRACK A20110117625361 F 264060 801000 120 30 999 NONE NONE 360
	FP_ROUTE KG..KCL60

TRACK_TIME 1167737286
TRACK A20110117625364 F 300000 951660 120 30 999 NONE NONE 380
	FP_ROUTE KT..KCRJ2

TRACK_TIME 1167737286
TRACK A20110117625365 F 282500 811660 120 30 999 NONE NONE 360
	FP_ROUTE KG..KBE20

TRACK_TIME 1167737286
TRACK A20110117625366 F 422800 711600 120 30 999 NONE NONE 410
	FP_ROUTE KC..KB752

TRACK_TIME 1167737286
TRACK A20110117625367 F 404960 740600 120 30 999 NONE NONE 310
	FP_ROUTE KG..KBE20

TRACK_TIME 1167737286
TRACK A20110117625368 F 400000 825560 120 30 999 NONE NONE 300
	FP_ROUTE KG..KBE20

TRACK_TIME 1167737286
TRACK A20110117625372 F 264360 800900 120 30 999 NONE NONE 430
	FP_ROUTE KC..KCRJ2

TRACK_TIME 1167737286
TRACK A20110117625375 F 421300 831960 120 30 999 NONE NONE 350
	FP_ROUTE KC..KE135

TRACK_TIME 1167737286
TRACK A20110117625376 F 413160 813900 120 30 999 NONE NONE 320
	FP_ROUTE KC..KCRJ2

TRACK_TIME 1167737286
TRACK A20110117625377 F 384800 770160 120 30 999 NONE NONE 370
	FP_ROUTE KC..KB733

TRACK_TIME 1167737286
TRACK A20110117625382 F 473000 1221900 120 30 999 NONE NONE 380
	FP_ROUTE KC..KA320

TRACK_TIME 1167737286
TRACK A20110117625383 F 205100 1562700 120 30 999 NONE NONE 200
	FP_ROUTE KT..KCRJ2

TRACK_TIME 1167737286
TRACK A20110117625388 F 373600 1222100 120 30 999 NONE NONE 280
	FP_ROUTE KC..KA320

TRACK_TIME 1167737286
TRACK A20110117625391 F 422200 710000 120 30 999 NONE NONE 230
	FP_ROUTE KC..KB733

TRACK_TIME 1167737286
TRACK A20110117625392 F 372100 1215400 120 30 999 NONE NONE 380
	FP_ROUTE KC..KB733

TRACK_TIME 1167737286
TRACK A20110117625393 F 384660 770160 120 30 999 NONE NONE 330
	FP_ROUTE KC..KB752

TRACK_TIME 1167737286
TRACK A20110117625395 F 263600 813760 120 30 999 NONE NONE 340
	FP_ROUTE KC..KA320

TRACK_TIME 1167737286
TRACK A20110117625396 F 391960 944900 120 30 999 NONE NONE 330
	FP_ROUTE KC..KA320

TRACK_TIME 1167737286
TRACK A20110117625397 F 414800 874660 120 30 999 NONE NONE 290
	FP_ROUTE KC..KCRJ2

TRACK_TIME 1167737286
TRACK A20110117625398 F 403000 801660 120 30 999 NONE NONE 350
	FP_ROUTE KC..KCRJ2

TRACK_TIME 1167737286
TRACK A20110117625403 F 381000 782560 120 30 999 NONE NONE 200
	FP_ROUTE KC..KE145

TRACK_TIME 1167737286
TRACK A20110117625404 F 320760 811500 120 30 999 NONE NONE 220
	FP_ROUTE KC..KE135

TRACK_TIME 1167737286
TRACK A20110117625405 F 295800 901660 120 30 999 NONE NONE 360
	FP_ROUTE KC..KSF34

TRACK_TIME 1167737286
TRACK A20110117625429 F 384900 770160 120 30 999 NONE NONE 350
	FP_ROUTE KC..KE120

TRACK_TIME 1167737286
TRACK A20110117625437 F 461060 1123460 120 30 999 NONE NONE 260
	FP_ROUTE KC..KB737

TRACK_TIME 1167737286
TRACK A20110117625438 F 420000 875700 120 30 999 NONE NONE 330
	FP_ROUTE KC..KE120

TRACK_TIME 1167737286
TRACK A20110117625439 F 335500 1183400 120 30 999 NONE NONE 360
	FP_ROUTE KT..KE145

TRACK_TIME 1167737286
TRACK A20110117625440 F 293760 951800 120 30 999 NONE NONE 310
	FP_ROUTE KC..KCRJ2

TRACK_TIME 1167737286
TRACK A20110117625447 F 390400 843900 120 30 999 NONE NONE 220
	FP_ROUTE KC..KA320

TRACK_TIME 1167737286
TRACK A20110117625450 F 360900 863900 120 30 999 NONE NONE 340
	FP_ROUTE KT..KCRJ9

TRACK_TIME 1167737286
TRACK A20110117625454 F 373600 1221900 120 30 999 NONE NONE 330
	FP_ROUTE KC..KA320

TRACK_TIME 1167737286
TRACK A20110117625455 F 351360 805500 120 30 999 NONE NONE 299
	FP_ROUTE KC..KE145

TRACK_TIME 1167737286
TRACK A20110117625456 F 425860 875260 120 30 999 NONE NONE 360
	FP_ROUTE KC..KA320

TRACK_TIME 1167737286
TRACK A20110117625459 F 445200 931000 120 30 999 NONE NONE 350
	FP_ROUTE KC..KB752

TRACK_TIME 1167737286
TRACK A20110117625460 F 295860 951660 120 30 999 NONE NONE 370
	FP_ROUTE KC..KB753

TRACK_TIME 1167737286
TRACK A20110117625461 F 445200 931360 120 30 999 NONE NONE 340
	FP_ROUTE KC..KB733

TRACK_TIME 1167737286
TRACK A20110117625464 F 282260 811660 120 30 999 NONE NONE 360
	FP_ROUTE KC..KB734

TRACK_TIME 1167737286
TRACK A20110117625465 F 392400 943160 120 30 999 NONE NONE 340
	FP_ROUTE KT..KE145

TRACK_TIME 1167737286
TRACK A20110117625470 F 384500 902200 120 30 999 NONE NONE 310
	FP_ROUTE KT..KE145

TRACK_TIME 1167737286
TRACK A20110117625471 F 282860 811960 120 30 999 NONE NONE 350
	FP_ROUTE KC..KB738

TRACK_TIME 1167737286
TRACK A20110117625472 F 391060 764200 120 30 999 NONE NONE 350
	FP_ROUTE KC..KCRJ2

TRACK_TIME 1167737286
TRACK A20110117625473 F 422560 705800 120 30 999 NONE NONE 230
	FP_ROUTE KC..KB752

TRACK_TIME 1167737286
TRACK A20110117625474 F 445260 931200 120 30 999 NONE NONE 340
	FP_ROUTE KC..KB733

TRACK_TIME 1167737286
TRACK A20110117625482 F 295860 951660 120 30 999 NONE NONE 350
	FP_ROUTE KG..KC550

TRACK_TIME 1167737286
TRACK A20110117625483 F 264360 795860 120 30 999 NONE NONE 320
	FP_ROUTE KC..KA320

TRACK_TIME 1167737286
TRACK A20110117625490 F 384500 901900 120 30 999 NONE NONE 380
	FP_ROUTE KC..KB712

TRACK_TIME 1167737286
TRACK A20110117625493 F 403000 801660 120 30 999 NONE NONE 330
	FP_ROUTE KC..KB737

TRACK_TIME 1167737286
TRACK A20110117625495 F 333760 843000 120 30 999 NONE NONE 330
	FP_ROUTE KC..KMD82

TRACK_TIME 1167737286
TRACK A20110117625498 F 325500 970300 120 30 999 NONE NONE 270
	FP_ROUTE KC..KE190

TRACK_TIME 1167737286
TRACK A20110117625502 F 355100 784960 120 30 999 NONE NONE 230
	FP_ROUTE KT..KCRJ9

TRACK_TIME 1167737286
TRACK A20110117625503 F 361000 864000 120 30 999 NONE NONE 280
	FP_ROUTE KG..KC560

TRACK_TIME 1167737286
TRACK A20110117625514 F 295860 951800 120 30 999 NONE NONE 340
	FP_ROUTE KT..KCRJ9

TRACK_TIME 1167737286
TRACK A20110117625515 F 384900 770160 120 30 999 NONE NONE 290
	FP_ROUTE KC..KB733

TRACK_TIME 1167737286
TRACK A20110117625518 F 473400 1221960 120 30 999 NONE NONE 380
	FP_ROUTE KC..KB739

TRACK_TIME 1167737286
TRACK A20110117625526 F 355100 784960 120 30 999 NONE NONE 350
	FP_ROUTE KC..KA319

TRACK_TIME 1167737286
TRACK A20110117625527 F 394200 861960 120 30 999 NONE NONE 340
	FP_ROUTE KC..KA319

TRACK_TIME 1167737286
TRACK A20110117625532 F 403760 741200 120 30 999 NONE NONE 340
	FP_ROUTE KC..KB733

TRACK_TIME 1167737286
TRACK A20110117625536 F 384800 770160 120 30 999 NONE NONE 370
	FP_ROUTE KC..KE145

TRACK_TIME 1167737286
TRACK A20110117625537 F 381060 854360 120 30 999 NONE NONE 220
	FP_ROUTE KC..KB734

TRACK_TIME 1167737286
TRACK A20110117625538 F 300000 951660 120 30 999 NONE NONE 360
	FP_ROUTE KC..KA320

TRACK_TIME 1167737286
TRACK A20110117625542 F 355100 784960 120 30 999 NONE NONE 330
	FP_ROUTE KG..KBE20

TRACK_TIME 1167737286
TRACK A20110117625544 F 321800 862800 120 30 999 NONE NONE 370
	FP_ROUTE KC..KB752

TRACK_TIME 1167737286
TRACK A20110117625565 F 445400 931500 120 30 999 NONE NONE 330
	FP_ROUTE KC..KB752

TRACK_TIME 1167737286
TRACK A20110117625566 F 403000 801660 120 30 999 NONE NONE 200
	FP_ROUTE KC..KA320

TRACK_TIME 1167737286
TRACK A20110117625567 F 340100 843760 120 30 999 NONE NONE 370
	FP_ROUTE KC..KB753

TRACK_TIME 1167737286
TRACK A20110117625568 F 324360 1171800 120 30 999 NONE NONE 370
	FP_ROUTE KG..KF900

TRACK_TIME 1167737286
TRACK A20110117625569 F 320760 1105800 120 30 999 NONE NONE 350
	FP_ROUTE KC..KA320

TRACK_TIME 1167737286
TRACK A20110117625571 F 382260 882500 120 30 999 NONE NONE 320
	FP_ROUTE KC..KB752

TRACK_TIME 1167737286
TRACK A20110117625572 F 424000 832700 120 30 999 NONE NONE 310
	FP_ROUTE KG..KH25A

TRACK_TIME 1167737286
TRACK A20110117625574 F 403760 741200 120 30 999 NONE NONE 370
	FP_ROUTE KC..KB712

TRACK_TIME 1167737286
TRACK A20110117625575 F 301660 974000 120 30 999 NONE NONE 360
	FP_ROUTE KT..KCRJ2

TRACK_TIME 1167737286
TRACK A20110117625578 F 390000 772800 120 30 999 NONE NONE 280
	FP_ROUTE KC..KB737

TRACK_TIME 1167737286
TRACK A20110117625585 F 403600 734660 120 30 999 NONE NONE 390
	FP_ROUTE KC..KE145

TRACK_TIME 1167737286
TRACK A20110117625586 F 332560 1120400 120 30 999 NONE NONE 340
	FP_ROUTE KC..KCRJ2

TRACK_TIME 1167737286
TRACK A20110117625594 F 394960 1044500 120 30 999 NONE NONE 390
	FP_ROUTE KC..KA320

TRACK_TIME 1167737286
TRACK A20110117625600 F 394900 1044000 120 30 999 NONE NONE 360
	FP_ROUTE KT..KCRJ9

TRACK_TIME 1167737286
TRACK A20110117625605 F 420160 875560 120 30 999 NONE NONE 360
	FP_ROUTE KC..KB737

TRACK_TIME 1167737286
TRACK A20110117625610 F 361000 863900 120 30 999 NONE NONE 300
	FP_ROUTE KC..KB735

TRACK_TIME 1167737286
TRACK A20110117625622 F 262400 815560 120 30 999 NONE NONE 350
	FP_ROUTE KC..KB763

TRACK_TIME 1167737286
TRACK A20110117625628 F 325260 970400 120 30 999 NONE NONE 330
	FP_ROUTE KC..KB737

TRACK_TIME 1167737286
TRACK A20110117625635 F 341000 780300 120 30 999 NONE NONE 260
	FP_ROUTE KC..KB712

TRACK_TIME 1167737286
TRACK A20110117625653 F 331960 815800 120 30 999 NONE NONE 190
	FP_ROUTE KC..KE170

TRACK_TIME 1167737286
TRACK A20110117625655 F 325400 970160 120 30 999 NONE NONE 300
	FP_ROUTE KC..KB737

TRACK_TIME 1167737286
TRACK A20110117625656 F 404000 741060 120 30 999 NONE NONE 370
	FP_ROUTE KC..KE170

TRACK_TIME 1167737286
TRACK A20110117625669 F 541660 1662200 120 30 999 NONE NONE 200
	FP_ROUTE KC..KA320

TRACK_TIME 1167737286
TRACK A20110117625673 F 433700 965200 120 30 999 NONE NONE 300
	FP_ROUTE KC..KB738

TRACK_TIME 1167737286
TRACK A20110117625676 F 295860 951660 120 30 999 NONE NONE 390
	FP_ROUTE KT..KCRJ2

TRACK_TIME 1167737286
TRACK A20110117625677 F 335500 1183400 120 30 999 NONE NONE 320
	FP_ROUTE KC..KA320

TRACK_TIME 1167737286
TRACK A20110117625680 F 394800 1043900 120 30 999 NONE NONE 340
	FP_ROUTE KT..KCRJ9

TRACK_TIME 1167737286
TRACK A20110117625682 F 421300 831960 120 30 999 NONE NONE 390
	FP_ROUTE KC..KE145

TRACK_TIME 1167737286
TRACK A20110117625683 F 384960 770160 120 30 999 NONE NONE 330
	FP_ROUTE KC..KB733

TRACK_TIME 1167737286
TRACK A20110117625686 F 314960 1062100 120 30 999 NONE NONE 260
	FP_ROUTE KT..KCRJ2

TRACK_TIME 1167737286
TRACK A20110117625692 F 355100 784900 120 30 999 NONE NONE 290
	FP_ROUTE KC..KA320

TRACK_TIME 1167737286
TRACK A20110117625693 F 263100 820000 120 30 999 NONE NONE 390
	FP_ROUTE KC..KCRJ2

TRACK_TIME 1167737286
TRACK A20110117625694 F 420000 875200 120 30 999 NONE NONE 400
	FP_ROUTE KC..KCRJ2

TRACK_TIME 1167737286
TRACK A20110117625696 F 325500 970160 120 30 999 NONE NONE 340
	FP_ROUTE KC..KB752

TRACK_TIME 1167737286
TRACK A20110117625703 F 373600 1221900 120 30 999 NONE NONE 220
	FP_ROUTE KC..KE170

TRACK_TIME 1167737286
TRACK A20110117625706 F 420100 875800 120 30 999 NONE NONE 350
	FP_ROUTE KC..KB738

TRACK_TIME 1167737286
TRACK A20110117625707 F 325500 970300 120 30 999 NONE NONE 380
	FP_ROUTE KC..KE170

TRACK_TIME 1167737286
TRACK A20110117625708 F 412500 814960 120 30 999 NONE NONE 300
	FP_ROUTE KC..KB737

TRACK_TIME 1167737286
TRACK A20110117625716 F 260400 800600 120 30 999 NONE NONE 410
	FP_ROUTE KC..KB733

TRACK_TIME 1167737286
TRACK A20110117625720 F 351360 805800 120 30 999 NONE NONE 340
	FP_ROUTE KC..KA320

TRACK_TIME 1167737286
TRACK A20110117625722 F 420400 914660 120 30 999 NONE NONE 200
	FP_ROUTE KT..KCRJ2

TRACK_TIME 1167737286
TRACK A20110117625725 F 351200 805560 120 30 999 NONE NONE 260
	FP_ROUTE KC..KA319

TRACK_TIME 1167737286
TRACK A20110117625727 F 325800 964960 120 30 999 NONE NONE 400
	FP_ROUTE KT..KCRJ1

TRACK_TIME 1167737286
TRACK A20110117625728 F 400400 750160 120 30 999 NONE NONE 390
	FP_ROUTE KG..KC550

TRACK_TIME 1167737286
TRACK A20110117625729 F 415500 724300 120 30 999 NONE NONE 370
	FP_ROUTE KC..KB737

TRACK_TIME 1167737286
TRACK A20110117625730 F 254660 801600 120 30 999 NONE NONE 370
	FP_ROUTE KC..KE170

TRACK_TIME 1167737286
TRACK A20110117625731 F 404600 1120000 120 30 999 NONE NONE 310
	FP_ROUTE KC..KB737

TRACK_TIME 1167737286
TRACK A20110117625736 F 374300 1221000 120 30 999 NONE NONE 240
	FP_ROUTE KC..KB737

TRACK_TIME 1167737286
TRACK A20110117625737 F 350400 895860 120 30 999 NONE NONE 350
	FP_ROUTE KC..KB737

TRACK_TIME 1167737286
TRACK A20110117625738 F 404660 1120000 120 30 999 NONE NONE 290
	FP_ROUTE KC..KB737

TRACK_TIME 1167737286
TRACK A20110117625740 F 355860 862860 120 30 999 NONE NONE 300
	FP_ROUTE KC..KCRJ9

TRACK_TIME 1167737286
TRACK A20110117625741 F 324900 795700 120 30 999 NONE NONE 320
	FP_ROUTE KG..KLJ45

TRACK_TIME 1167737286
TRACK A20110117625742 F 390600 844000 120 30 999 NONE NONE 230
	FP_ROUTE KC..KB737

TRACK_TIME 1167737286
TRACK A20110117625743 F 425800 875400 120 30 999 NONE NONE 350
	FP_ROUTE KT..KCRJ2

TRACK_TIME 1167737286
TRACK A20110117625744 F 433160 1120300 120 30 999 NONE NONE 340
	FP_ROUTE KC..KB737

TRACK_TIME 1167737286
TRACK A20110117625751 F 403760 741200 120 30 999 NONE NONE 330
	FP_ROUTE KC..KB733

TRACK_TIME 1167737286
TRACK A20110117625757 F 274060 801900 120 30 999 NONE NONE 400
	FP_ROUTE KC..KB737

TRACK_TIME 1167737286
TRACK A20110117625762 F 324600 1171800 120 30 999 NONE NONE 320
	FP_ROUTE KC..KE145

TRACK_TIME 1167737286
TRACK A20110117625766 F 325260 800160 120 30 999 NONE NONE 230
	FP_ROUTE KC..KE170

TRACK_TIME 1167737286
TRACK A20110117625771 F 350400 895800 120 30 999 NONE NONE 340
	FP_ROUTE KC..KCRJ2

TRACK_TIME 1167737286
TRACK A20110117625772 F 395860 751660 120 30 999 NONE NONE 180
	FP_ROUTE KC..KB735

TRACK_TIME 1167737286
TRACK A20110117625773 F 400000 825500 120 30 999 NONE NONE 290
	FP_ROUTE KC..KMD82

TRACK_TIME 1167737286
TRACK A20110117625776 F 404900 735100 120 30 999 NONE NONE 210
	FP_ROUTE KC..KA319

TRACK_TIME 1167737286
TRACK A20110117625777 F 394900 1044000 120 30 999 NONE NONE 350
	FP_ROUTE KG..KC560

TRACK_TIME 1167737286
TRACK A20110117625778 F 325560 970300 120 30 999 NONE NONE 330
	FP_ROUTE KC..KMD83

TRACK_TIME 1167737286
TRACK A20110117625779 F 404800 735200 120 30 999 NONE NONE 310
	FP_ROUTE KC..KMD83

TRACK_TIME 1167737286
TRACK A20110117625781 F 400000 825800 120 30 999 NONE NONE 280
	FP_ROUTE KC..KE170

TRACK_TIME 1167737286
TRACK A20110117625782 F 281500 811000 120 30 999 NONE NONE 410
	FP_ROUTE KC..KA320

TRACK_TIME 1167737286
TRACK A20110117625785 F 333600 864200 120 30 999 NONE NONE 380
	FP_ROUTE KC..KB752

TRACK_TIME 1167737286
TRACK A20110117625786 F 295260 901800 120 30 999 NONE NONE 260
	FP_ROUTE KT..KCRJ2

TRACK_TIME 1167737286
TRACK A20110117625787 F 293600 951360 120 30 999 NONE NONE 320
	FP_ROUTE KT..KCRJ2

TRACK_TIME 1167737286
TRACK A20110117625790 F 273300 992800 120 30 999 NONE NONE 240
	FP_ROUTE KC..KCRJ9

TRACK_TIME 1167737286
TRACK A20110117625791 F 404800 735100 120 30 999 NONE NONE 370
	FP_ROUTE KC..KCRJ9

TRACK_TIME 1167737286
TRACK A20110117625797 F 395400 750900 120 30 999 NONE NONE 350
	FP_ROUTE KC..KB753

TRACK_TIME 1167737286
TRACK A20110117625821 F 412500 814960 120 30 999 NONE NONE 290
	FP_ROUTE KC..KMD11

TRACK_TIME 1167737286
TRACK A20110117625831 F 384360 973900 120 30 999 NONE NONE 410
	FP_ROUTE KC..KB712

TRACK_TIME 1167737286
TRACK A20110117625832 F 301660 875260 120 30 999 NONE NONE 230
	FP_ROUTE KC..KA319

TRACK_TIME 1167737286
TRACK A20110117625834 F 332560 1115860 120 30 999 NONE NONE 340
	FP_ROUTE KT..KCRJ2

TRACK_TIME 1167737286
TRACK A20110117625835 F 394900 1044000 120 30 999 NONE NONE 350
	FP_ROUTE KT..KE120

TRACK_TIME 1167737286
TRACK A20110117625836 F 433300 1161000 120 30 999 NONE NONE 340
	FP_ROUTE KT..KE120

TRACK_TIME 1167737286
TRACK A20110117625837 F 360460 1151300 120 30 999 NONE NONE 350
	FP_ROUTE KT..KCRJ2

TRACK_TIME 1167737286
TRACK A20110117625838 F 323460 1170160 120 30 999 NONE NONE 280
	FP_ROUTE KC..KB738

TRACK_TIME 1167737286
TRACK A20110117625839 F 384800 1214200 120 30 999 NONE NONE 339
	FP_ROUTE KC..KE170

TRACK_TIME 1167737286
TRACK A20110117625841 F 405100 1120000 120 30 999 NONE NONE 340
	FP_ROUTE KC..KE190

TRACK_TIME 1167737286
TRACK A20110117625843 F 404600 735260 120 30 999 NONE NONE 330
	FP_ROUTE KC..KB744

TRACK_TIME 1167737286
TRACK A20110117625848 F 333460 1175700 120 30 999 NONE NONE 430
	FP_ROUTE KT..KCRJ9

TRACK_TIME 1167737286
TRACK A20110117625849 F 414900 874660 120 30 999 NONE NONE 380
	FP_ROUTE KC..KB737

TRACK_TIME 1167737286
TRACK A20110117625861 F 422800 711600 120 30 999 NONE NONE 410
	FP_ROUTE KG..KC550

TRACK_TIME 1167737286
TRACK A20110117625871 F 211900 1575700 120 30 999 NONE NONE 320
	FP_ROUTE KC..KE145

TRACK_TIME 1167737286
TRACK A20110117625877 F 401600 763400 120 30 999 NONE NONE 350
	FP_ROUTE KC..KB737

TRACK_TIME 1167737286
TRACK A20110117625878 F 333760 842860 120 30 999 NONE NONE 410
	FP_ROUTE KC..KB737

TRACK_TIME 1167737286
TRACK A20110117625884 F 282860 811800 120 30 999 NONE NONE 210
	FP_ROUTE KC..KB733

TRACK_TIME 1167737286
TRACK A20110117625885 F 395200 751660 120 30 999 NONE NONE 390
	FP_ROUTE KG..KBE20

TRACK_TIME 1167737286
TRACK A20110117625886 F 422200 710100 120 30 999 NONE NONE 230
	FP_ROUTE KG..KBE20

TRACK_TIME 1167737286
TRACK A20110117625887 F 414660 874500 120 30 999 NONE NONE 380
	FP_ROUTE KT..KCRJ2

TRACK_TIME 1167737286
TRACK A20110117625888 F 282860 811660 120 30 999 NONE NONE 320
	FP_ROUTE KC..KA321

TRACK_TIME 1167737286
TRACK A20110117625890 F 264060 801600 120 30 999 NONE NONE 350
	FP_ROUTE KG..KBE20

TRACK_TIME 1167737286
TRACK A20110117625891 F 404500 734960 120 30 999 NONE NONE 210
	FP_ROUTE KC..KCRJ2

TRACK_TIME 1167737286
TRACK A20110117625894 F 351960 942700 120 30 999 NONE NONE 280
	FP_ROUTE KT..KCRJ2

TRACK_TIME 1167737286
TRACK A20110117625895 F 350160 1063160 120 30 999 NONE NONE 280
	FP_ROUTE KC..KB737

TRACK_TIME 1167737286
TRACK A20110117625896 F 350000 1180760 120 30 999 NONE NONE 280
	FP_ROUTE KC..KB752

TRACK_TIME 1167737286
TRACK A20110117625897 F 332560 1115560 120 30 999 NONE NONE 340
	FP_ROUTE KC..KDH8D

TRACK_TIME 1167737286
TRACK A20110117625898 F 325260 970300 120 30 999 NONE NONE 240
	FP_ROUTE KC..KA320

TRACK_TIME 1167737286
TRACK A20110117625900 F 335700 1182700 120 30 999 NONE NONE 380
	FP_ROUTE KC..KB737

TRACK_TIME 1167737286
TRACK A20110117625905 F 325500 970300 120 30 999 NONE NONE 360
	FP_ROUTE KC..KA320

TRACK_TIME 1167737286
TRACK A20110117625907 F 404600 1115800 120 30 999 NONE NONE 190
	FP_ROUTE KC..KB737

TRACK_TIME 1167737286
TRACK A20110117625908 F 385860 772560 120 30 999 NONE NONE 410
	FP_ROUTE KC..KB763

TRACK_TIME 1167737286
TRACK A20110117625912 F 445200 931000 120 30 999 NONE NONE 320
	FP_ROUTE KT..KCRJ9

TRACK_TIME 1167737286
TRACK A20110117625914 F 351300 805560 120 30 999 NONE NONE 280
	FP_ROUTE KC..KB744

TRACK_TIME 1167737286
TRACK A20110117625917 F 412700 814800 120 30 999 NONE NONE 260
	FP_ROUTE KC..KB737

TRACK_TIME 1167737286
TRACK A20110117625921 F 373600 1221900 120 30 999 NONE NONE 300
	FP_ROUTE KT..KCRJ2

TRACK_TIME 1167737286
TRACK A20110117625923 F 394800 1043900 120 30 999 NONE NONE 350
	FP_ROUTE KT..KCRJ2

TRACK_TIME 1167737286
TRACK A20110117625924 F 280100 823160 120 30 999 NONE NONE 370
	FP_ROUTE KC..KE145

TRACK_TIME 1167737286
TRACK A20110117625927 F 333900 842800 120 30 999 NONE NONE 400
	FP_ROUTE KC..KB752

TRACK_TIME 1167737286
TRACK A20110117625928 F 335500 1183160 120 30 999 NONE NONE 380
	FP_ROUTE KC..KMD83

TRACK_TIME 1167737286
TRACK A20110117625936 F 384900 770160 120 30 999 NONE NONE 330
	FP_ROUTE KT..KCRJ2

TRACK_TIME 1167737286
TRACK A20110117625938 F 335560 1182400 120 30 999 NONE NONE 360
	FP_ROUTE KC..KLJ45

TRACK_TIME 1167737286
TRACK A20110117625939 F 445200 931060 120 30 999 NONE NONE 270
	FP_ROUTE KC..KE145

TRACK_TIME 1167737286
TRACK A20110117625949 F 430600 761000 120 30 999 NONE NONE 370
	FP_ROUTE KG..KC750

TRACK_TIME 1167737286
TRACK A20110117625955 F 430100 1081900 120 30 999 NONE NONE 240
	FP_ROUTE KG..KC750

TRACK_TIME 1167737286
TRACK A20110117625958 F 392100 944060 120 30 999 NONE NONE 360
	FP_ROUTE KC..KB735

TRACK_TIME 1167737286
TRACK A20110117625959 F 352500 973600 120 30 999 NONE NONE 320
	FP_ROUTE KG..KC550

TRACK_TIME 1167737286
TRACK A20110117625960 F 421960 710100 120 30 999 NONE NONE 370
	FP_ROUTE KC..KA319

TRACK_TIME 1167737286
TRACK A20110117625961 F 404500 735400 120 30 999 NONE NONE 330
	FP_ROUTE KG..KC550

TRACK_TIME 1167737286
TRACK A20110117625962 F 433760 701500 120 30 999 NONE NONE 270
	FP_ROUTE KC..KB752

TRACK_TIME 1167737286
TRACK A20110117625966 F 421360 831960 120 30 999 NONE NONE 340
	FP_ROUTE KC..KE145

TRACK_TIME 1167737286
TRACK A20110117625967 F 260300 800760 120 30 999 NONE NONE 390
	FP_ROUTE KT..KCRJ2

TRACK_TIME 1167737286
TRACK A20110117625968 F 360460 1151000 120 30 999 NONE NONE 340
	FP_ROUTE KC..KE145

TRACK_TIME 1167737286
TRACK A20110117625970 F 272560 823460 120 30 999 NONE NONE 360
	FP_ROUTE KC..KLJ35

TRACK_TIME 1167737286
TRACK A20110117625975 F 384900 770160 120 30 999 NONE NONE 370
	FP_ROUTE KG..KLJ35

TRACK_TIME 1167737286
TRACK A20110117625976 F 394800 1043900 120 30 999 NONE NONE 330
	FP_ROUTE KC..KA319

TRACK_TIME 1167737286
TRACK A20110117625978 F 384060 901360 120 30 999 NONE NONE 350
	FP_ROUTE KC..KE170

TRACK_TIME 1167737286
TRACK A20110117625980 F 280100 823160 120 30 999 NONE NONE 360
	FP_ROUTE KC..KB712

TRACK_TIME 1167737286
TRACK A20110117625986 F 472700 1221900 120 30 999 NONE NONE 320
	FP_ROUTE KC..KCRJ2

TRACK_TIME 1167737286
TRACK A20110117625987 F 425860 875260 120 30 999 NONE NONE 310
	FP_ROUTE KC..KA320

TRACK_TIME 1167737286
TRACK A20110117625988 F 395200 751660 120 30 999 NONE NONE 330
	FP_ROUTE KG..KC550

TRACK_TIME 1167737286
TRACK A20110117625991 F 211660 1575700 120 30 999 NONE NONE 340
	FP_ROUTE KC..KC560

TRACK_TIME 1167737286
TRACK A20110117625993 F 282860 811960 120 30 999 NONE NONE 350
	FP_ROUTE KC..KB737

TRACK_TIME 1167737286
TRACK A20110117625995 F 400000 825560 120 30 999 NONE NONE 300
	FP_ROUTE KC..KB737

TRACK_TIME 1167737286
TRACK A20110117625999 F 325260 970400 120 30 999 NONE NONE 350
	FP_ROUTE KC..KE145

TRACK_TIME 1167737286
TRACK A20110117626000 F 360900 863900 120 30 999 NONE NONE 300
	FP_ROUTE KC..KCRJ9

TRACK_TIME 1167737286
TRACK A20110117626002 F 392200 944060 120 30 999 NONE NONE 340
	FP_ROUTE KC..KE170

TRACK_TIME 1167737286
TRACK A20110117626003 F 352560 973600 120 30 999 NONE NONE 340
	FP_ROUTE KC..KB738

TRACK_TIME 1167737286
TRACK A20110117626007 F 263160 800100 120 30 999 NONE NONE 380
	FP_ROUTE KC..KB752

TRACK_TIME 1167737286
TRACK A20110117626008 F 395200 751360 120 30 999 NONE NONE 290
	FP_ROUTE KC..KB712

TRACK_TIME 1167737286
TRACK A20110117626015 F 340300 1174360 120 30 999 NONE NONE 339
	FP_ROUTE KC..KA320

TRACK_TIME 1167737286
TRACK A20110117626016 F 211900 1575860 120 30 999 NONE NONE 360
	FP_ROUTE KC..KB738

TRACK_TIME 1167737286
TRACK A20110117626019 F 301360 813900 120 30 999 NONE NONE 400
	FP_ROUTE KC..KE170

TRACK_TIME 1167737286
TRACK A20110117626022 F 260460 801300 120 30 999 NONE NONE 250
	FP_ROUTE KC..KE135

TRACK_TIME 1167737286
TRACK A20110117626023 F 404500 730900 120 30 999 NONE NONE 390
	FP_ROUTE KC..KDH8A

TRACK_TIME 1167737286
TRACK A20110117626035 F 333700 842800 120 30 999 NONE NONE 350
	FP_ROUTE KC..KB737

TRACK_TIME 1167737286
TRACK A20110117626037 F 325260 970400 120 30 999 NONE NONE 310
	FP_ROUTE KC..KE145

TRACK_TIME 1167737286
TRACK A20110117626038 F 445400 931500 120 30 999 NONE NONE 250
	FP_ROUTE KC..KB752

TRACK_TIME 1167737286
TRACK A20110117626039 F 294000 951900 120 30 999 NONE NONE 360
	FP_ROUTE KG..KF900

TRACK_TIME 1167737286
TRACK A20110117626040 F 315700 1021200 120 30 999 NONE NONE 360
	FP_ROUTE KT..KCRJ9

TRACK_TIME 1167737286
TRACK A20110117626044 F 360700 864060 120 30 999 NONE NONE 370
	FP_ROUTE KC..KA320

TRACK_TIME 1167737286
TRACK A20110117626050 F 360700 864000 120 30 999 NONE NONE 340
	FP_ROUTE KC..KB752

TRACK_TIME 1167737286
TRACK A20110117626052 F 373600 1221960 120 30 999 NONE NONE 360
	FP_ROUTE KG..KF900

TRACK_TIME 1167737286
TRACK A20110117626053 F 422560 705800 120 30 999 NONE NONE 410
	FP_ROUTE KC..KB752

TRACK_TIME 1167737286
TRACK A20110117626056 F 260400 801200 120 30 999 NONE NONE 400
	FP_ROUTE KC..KB737

TRACK_TIME 1167737286
TRACK A20110117626057 F 295860 901500 120 30 999 NONE NONE 380
	FP_ROUTE KG..KPAY2

TRACK_TIME 1167737286
TRACK A20110117626058 F 335700 1182560 120 30 999 NONE NONE 380
	FP_ROUTE KC..KB752

TRACK_TIME 1167737286
TRACK A20110117626059 F 373600 1221960 120 30 999 NONE NONE 340
	FP_ROUTE KC..KA319

TRACK_TIME 1167737286
TRACK A20110117626063 F 404060 734800 120 30 999 NONE NONE 370
	FP_ROUTE KG..KPAY2

TRACK_TIME 1167737286
TRACK A20110117626066 F 325500 970160 120 30 999 NONE NONE 360
	FP_ROUTE KG..KFA20

TRACK_TIME 1167737286
TRACK A20110117626070 F 404500 1115800 120 30 999 NONE NONE 360
	FP_ROUTE KC..KB737

TRACK_TIME 1167737286
TRACK A20110117626072 F 351200 805800 120 30 999 NONE NONE 349
	FP_ROUTE KC..KE170

TRACK_TIME 1167737286
TRACK A20110117626073 F 373600 1221900 120 30 999 NONE NONE 370
	FP_ROUTE KC..KE145

TRACK_TIME 1167737286
TRACK A20110117626078 F 421500 833100 120 30 999 NONE NONE 400
	FP_ROUTE KC..KB752

TRACK_TIME 1167737286
TRACK A20110117626081 F 390000 772800 120 30 999 NONE NONE 350
	FP_ROUTE KC..KB752

TRACK_TIME 1167737286
TRACK A20110117626082 F 422100 710100 120 30 999 NONE NONE 370
	FP_ROUTE KT..KCRJ1

TRACK_TIME 1167737286
TRACK A20110117626085 F 360460 1150760 120 30 999 NONE NONE 360
	FP_ROUTE KC..KB737

TRACK_TIME 1167737286
TRACK A20110117626089 F 414800 874660 120 30 999 NONE NONE 400
	FP_ROUTE KC..KA320

TRACK_TIME 1167737286
TRACK A20110117626090 F 335560 1182500 120 30 999 NONE NONE 380
	FP_ROUTE KC..KA320

TRACK_TIME 1167737286
TRACK A20110117626091 F 372100 1215500 120 30 999 NONE NONE 360
	FP_ROUTE KC..KE145

TRACK_TIME 1167737286
TRACK A20110117626092 F 453460 1223600 120 30 999 NONE NONE 400
	FP_ROUTE KT..KCRJ2

TRACK_TIME 1167737286
TRACK A20110117626093 F 373600 1221900 120 30 999 NONE NONE 360
	FP_ROUTE KT..KCRJ2

TRACK_TIME 1167737286
TRACK A20110117626096 F 413460 874960 120 30 999 NONE NONE 400
	FP_ROUTE KT..KCRJ2

TRACK_TIME 1167737286
TRACK A20110117626097 F 360760 1150400 120 30 999 NONE NONE 290
	FP_ROUTE KC..KA320

TRACK_TIME 1167737286
TRACK A20110117626098 F 334360 1014960 120 30 999 NONE NONE 390
	FP_ROUTE KC..KE170

TRACK_TIME 1167737286
TRACK A20110117626099 F 300700 974000 120 30 999 NONE NONE 290
	FP_ROUTE KC..KB737

TRACK_TIME 1167737286
TRACK A20110117626100 F 350000 895800 120 30 999 NONE NONE 240
	FP_ROUTE KT..KCRJ2

TRACK_TIME 1167737286
TRACK A20110117626101 F 325200 965200 120 30 999 NONE NONE 280
	FP_ROUTE KC..KB737

TRACK_TIME 1167737286
TRACK A20110117626114 F 394660 1043900 120 30 999 NONE NONE 400
	FP_ROUTE KC..KB753

TRACK_TIME 1167737286
TRACK A20110117626115 F 340300 1174500 120 30 999 NONE NONE 380
	FP_ROUTE KC..KA320

TRACK_TIME 1167737286
TRACK A20110117626116 F 332560 1115800 120 30 999 NONE NONE 330
	FP_ROUTE KC..KB737

TRACK_TIME 1167737286
TRACK A20110117626117 F 430300 713100 120 30 999 NONE NONE 390
	FP_ROUTE KC..KB737

TRACK_TIME 1167737286
TRACK A20110117626119 F 351200 805560 120 30 999 NONE NONE 260
	FP_ROUTE KC..KB737

TRACK_TIME 1167737286
TRACK A20110117626120 F 384900 770160 120 30 999 NONE NONE 270
	FP_ROUTE KT..KCRJ2

TRACK_TIME 1167737286
TRACK A20110117626121 F 302860 814300 120 30 999 NONE NONE 340
	FP_ROUTE KC..KB738

TRACK_TIME 1167737286
TRACK A20110117626122 F 404800 735100 120 30 999 NONE NONE 220
	FP_ROUTE KC..KCRJ9

TRACK_TIME 1167737286
TRACK A20110117626126 F 374060 972500 120 30 999 NONE NONE 360
	FP_ROUTE KT..KCRJ9

TRACK_TIME 1167737286
TRACK A20110117626135 F 260460 800760 120 30 999 NONE NONE 390
	FP_ROUTE KC..KE190

TRACK_TIME 1167737286
TRACK A20110117626136 F 404800 1115800 120 30 999 NONE NONE 260
	FP_ROUTE KC..KB737

TRACK_TIME 1167737286
TRACK A20110117626137 F 384800 770160 120 30 999 NONE NONE 210
	FP_ROUTE KC..KE190

TRACK_TIME 1167737286
TRACK A20110117626138 F 384900 770160 120 30 999 NONE NONE 310
	FP_ROUTE KT..KCRJ2

TRACK_TIME 1167737286
TRACK A20110117626139 F 425560 712700 120 30 999 NONE NONE 270
	FP_ROUTE KT..KE145

TRACK_TIME 1167737286
TRACK A20110117626154 F 325400 970100 120 30 999 NONE NONE 340
	FP_ROUTE KC..KB738

TRACK_TIME 1167737286
TRACK A20110117626155 F 360460 1150900 120 30 999 NONE NONE 340
	FP_ROUTE KC..KB738

TRACK_TIME 1167737286
TRACK A20110117626157 F 341060 780000 120 30 999 NONE NONE 190
	FP_ROUTE KG..KBE20

TRACK_TIME 1167737286
TRACK A20110117626158 F 372860 771800 120 30 999 NONE NONE 240
	FP_ROUTE KC..KB735

TRACK_TIME 1167737286
TRACK A20110117626167 F 390000 772800 120 30 999 NONE NONE 410
	FP_ROUTE KC..KB735

TRACK_TIME 1167737286
TRACK A20110117626170 F 325700 970160 120 30 999 NONE NONE 330
	FP_ROUTE KC..KB733

TRACK_TIME 1167737286
TRACK A20110117626180 F 412100 730700 120 30 999 NONE NONE 390
	FP_ROUTE KC..KB737

TRACK_TIME 1167737286
TRACK A20110117626189 F 403000 801800 120 30 999 NONE NONE 330
	FP_ROUTE KT..KCRJ9

TRACK_TIME 1167737286
TRACK A20110117626190 F 415800 723600 120 30 999 NONE NONE 270
	FP_ROUTE KC..KB738

TRACK_TIME 1167737286
TRACK A20110117626191 F 445260 931060 120 30 999 NONE NONE 360
	FP_ROUTE KG..KF2TH

TRACK_TIME 1167737286
TRACK A20110117626192 F 473760 1173100 120 30 999 NONE NONE 340
	FP_ROUTE KC..KMD82

TRACK_TIME 1167737286
TRACK A20110117626202 F 421960 710160 120 30 999 NONE NONE 370
	FP_ROUTE KC..KMD83

TRACK_TIME 1167737286
TRACK A20110117626204 F 374200 1221200 120 30 999 NONE NONE 330
	FP_ROUTE KC..KB737

TRACK_TIME 1167737286
TRACK A20110117626205 F 335700 1182700 120 30 999 NONE NONE 370
	FP_ROUTE KT..KDH8D

TRACK_TIME 1167737286
TRACK A20110117626206 F 300760 974000 120 30 999 NONE NONE 350
	FP_ROUTE KC..KA319

TRACK_TIME 1167737286
TRACK A20110117626216 F 333900 842800 120 30 999 NONE NONE 340
	FP_ROUTE KC..KB734

TRACK_TIME 1167737286
TRACK A20110117626217 F 413460 812800 120 30 999 NONE NONE 280
	FP_ROUTE KC..KB733

TRACK_TIME 1167737286
TRACK A20110117626218 F 254800 801600 120 30 999 NONE NONE 380
	FP_ROUTE KC..KA320

TRACK_TIME 1167737286
TRACK A20110117626220 F 332560 1115860 120 30 999 NONE NONE 310
	FP_ROUTE KC..KB738

TRACK_TIME 1167737286
TRACK A20110117626221 F 414800 874660 120 30 999 NONE NONE 350
	FP_ROUTE KC..KA321

TRACK_TIME 1167737286
TRACK A20110117626223 F 300000 951800 120 30 999 NONE NONE 370
	FP_ROUTE KG..KC560

TRACK_TIME 1167737286
TRACK A20110117626224 F 361000 941360 120 30 999 NONE NONE 370
	FP_ROUTE KC..KCRJ9

TRACK_TIME 1167737286
TRACK A20110117626225 F 351500 1013760 120 30 999 NONE NONE 340
	FP_ROUTE KT..KE145

TRACK_TIME 1167737286
TRACK A20110117626226 F 353600 1060460 120 30 999 NONE NONE 260
	FP_ROUTE KC..KA321

TRACK_TIME 1167737286
TRACK A20110117626232 F 355860 800600 120 30 999 NONE NONE 180
	FP_ROUTE KC..KCRJ9

TRACK_TIME 1167737286
TRACK A20110117626235 F 301200 974060 120 30 999 NONE NONE 340
	FP_ROUTE KC..KA321

TRACK_TIME 1167737286
TRACK A20110117626241 F 395260 1043700 120 30 999 NONE NONE 370
	FP_ROUTE KC..KCRJ9

TRACK_TIME 1167737286
TRACK A20110117626243 F 420000 875500 120 30 999 NONE NONE 220
	FP_ROUTE KC..KB737

TRACK_TIME 1167737286
TRACK A20110117626247 F 372860 771960 120 30 999 NONE NONE 250
	FP_ROUTE KC..KA320

TRACK_TIME 1167737286
TRACK A20110117626250 F 385860 772800 120 30 999 NONE NONE 290
	FP_ROUTE KC..KB752

TRACK_TIME 1167737286
TRACK A20110117626251 F 411600 955200 120 30 999 NONE NONE 390
	FP_ROUTE KC..KA319

TRACK_TIME 1167737286
TRACK A20110117626252 F 414900 874660 120 30 999 NONE NONE 310
	FP_ROUTE KC..KMD83

TRACK_TIME 1167737286
TRACK A20110117626256 F 350400 895800 120 30 999 NONE NONE 340
	FP_ROUTE KC..KCRJ2

TRACK_TIME 1167737286
TRACK A20110117626266 F 260460 800700 120 30 999 NONE NONE 360
	FP_ROUTE KC..KA320

TRACK_TIME 1167737286
TRACK A20110117626271 F 335560 1182260 120 30 999 NONE NONE 320
	FP_ROUTE KT..KCRJ2

TRACK_TIME 1167737286
TRACK A20110117626272 F 384500 902400 120 30 999 NONE NONE 350
	FP_ROUTE KC..KCRJ2

TRACK_TIME 1167737286
TRACK A20110117626274 F 332560 1115700 120 30 999 NONE NONE 390
	FP_ROUTE KC..KB737

TRACK_TIME 1167737286
TRACK A20110117626275 F 394800 1044000 120 30 999 NONE NONE 390
	FP_ROUTE KC..KA319

TRACK_TIME 1167737286
TRACK A20110117626276 F 453600 1223460 120 30 999 NONE NONE 340
	FP_ROUTE KC..KB737

TRACK_TIME 1167737286
TRACK A20110117626280 F 384800 770160 120 30 999 NONE NONE 180
	FP_ROUTE KC..KE145

TRACK_TIME 1167737286
TRACK A20110117626285 F 335500 1183100 120 30 999 NONE NONE 360
	FP_ROUTE KC..KE145

TRACK_TIME 1167737286
TRACK A20110117626286 F 404200 732500 120 30 999 NONE NONE 361
	FP_ROUTE KT..KDH8D

TRACK_TIME 1167737286
TRACK A20110117626287 F 373600 1221960 120 30 999 NONE NONE 340
	FP_ROUTE KT..KE145

TRACK_TIME 1167737286
TRACK A20110117626295 F 341060 1182860 120 30 999 NONE NONE 400
	FP_ROUTE KT..KDH8D

TRACK_TIME 1167737286
TRACK A20110117626296 F 325560 970160 120 30 999 NONE NONE 220
	FP_ROUTE KC..KB733

TRACK_TIME 1167737286
TRACK A20110117626304 F 275560 823300 120 30 999 NONE NONE 340
	FP_ROUTE KC..KA320

TRACK_TIME 1167737286
TRACK A20110117626307 F 275560 785260 120 30 999 NONE NONE 293
	FP_ROUTE KG..KCL60

TRACK_TIME 1167737286
TRACK A20110117626309 F 332560 1115860 120 30 999 NONE NONE 340
	FP_ROUTE KC..KA320

TRACK_TIME 1167737286
TRACK A20110117626317 F 332560 1120160 120 30 999 NONE NONE 360
	FP_ROUTE KC..KB752

TRACK_TIME 1167737286
TRACK A20110117626319 F 303400 905200 120 30 999 NONE NONE 270
	FP_ROUTE KC..KE190

TRACK_TIME 1167737286
TRACK A20110117626320 F 425860 875260 120 30 999 NONE NONE 360
	FP_ROUTE KT..KE145

TRACK_TIME 1167737286
TRACK A20110117626328 F 264060 800400 120 30 999 NONE NONE 360
	FP_ROUTE KT..KE145

TRACK_TIME 1167737286
TRACK A20110117626330 F 334060 1175200 120 30 999 NONE NONE 300
	FP_ROUTE KT..KCRJ9

TRACK_TIME 1167737286
TRACK A20110117626333 F 282800 811660 120 30 999 NONE NONE 400
	FP_ROUTE KC..KB738

TRACK_TIME 1167737286
TRACK A20110117626340 F 295860 951660 120 30 999 NONE NONE 360
	FP_ROUTE KC..KE190

TRACK_TIME 1167737286
TRACK A20110117626343 F 395200 751660 120 30 999 NONE NONE 390
	FP_ROUTE KC..KE145

TRACK_TIME 1167737286
TRACK A20110117626349 F 404500 1120000 120 30 999 NONE NONE 340
	FP_ROUTE KC..KCRJ2

TRACK_TIME 1167737286
TRACK A20110117626350 F 390000 772800 120 30 999 NONE NONE 370
	FP_ROUTE KC..KA320

TRACK_TIME 1167737286
TRACK A20110117626351 F 335560 1182400 120 30 999 NONE NONE 360
	FP_ROUTE KC..KB733

TRACK_TIME 1167737286
TRACK A20110117626353 F 351360 805800 120 30 999 NONE NONE 370
	FP_ROUTE KC..KB737

TRACK_TIME 1167737286
TRACK A20110117626354 F 400400 750160 120 30 999 NONE NONE 350
	FP_ROUTE KT..KCRJ9

TRACK_TIME 1167737286
TRACK A20110117626355 F 422800 711360 120 30 999 NONE NONE 210
	FP_ROUTE KC..KCRJ2

TRACK_TIME 1167737286
TRACK A20110117626356 F 384900 770160 120 30 999 NONE NONE 310
	FP_ROUTE KT..KE145

TRACK_TIME 1167737286
TRACK A20110117626358 F 334060 1175200 120 30 999 NONE NONE 380
	FP_ROUTE KT..KCRJ9

TRACK_TIME 1167737286
TRACK A20110117626360 F 205100 1562700 120 30 999 NONE NONE 360
	FP_ROUTE KG..KFA50

TRACK_TIME 1167737286
TRACK A20110117626366 F 360460 1151000 120 30 999 NONE NONE 290
	FP_ROUTE KC..KA320

TRACK_TIME 1167737286
TRACK A20110117626367 F 395100 1044060 120 30 999 NONE NONE 390
	FP_ROUTE KC..KB738

TRACK_TIME 1167737286
TRACK A20110117626368 F 300600 974000 120 30 999 NONE NONE 390
	FP_ROUTE KC..KB733

TRACK_TIME 1167737286
TRACK A20110117626370 F 283100 811660 120 30 999 NONE NONE 390
	FP_ROUTE KC..KA319

TRACK_TIME 1167737286
TRACK A20110117626372 F 300100 901360 120 30 999 NONE NONE 380
	FP_ROUTE KC..KCRJ2

TRACK_TIME 1167737286
TRACK A20110117626373 F 422200 710100 120 30 999 NONE NONE 390
	FP_ROUTE KC..KCRJ2

TRACK_TIME 1167737286
TRACK A20110117626374 F 335560 1183460 120 30 999 NONE NONE 300
	FP_ROUTE KC..KE145

TRACK_TIME 1167737286
TRACK A20110117626376 F 335560 1182500 120 30 999 NONE NONE 380
	FP_ROUTE KC..KB738

TRACK_TIME 1167737286
TRACK A20110117626380 F 404800 1120000 120 30 999 NONE NONE 410
	FP_ROUTE KC..KB752

TRACK_TIME 1167737286
TRACK A20110117626383 F 472800 1221900 120 30 999 NONE NONE 359
	FP_ROUTE KC..KMD82

TRACK_TIME 1167737286
TRACK A20110117626384 F 360460 1151000 120 30 999 NONE NONE 339
	FP_ROUTE KC..KE145

TRACK_TIME 1167737286
TRACK A20110117626385 F 325400 970300 120 30 999 NONE NONE 330
	FP_ROUTE KG..KC560

TRACK_TIME 1167737286
TRACK A20110117626387 F 260460 801300 120 30 999 NONE NONE 260
	FP_ROUTE KC..KB737

TRACK_TIME 1167737286
TRACK A20110117626404 F 433760 702500 120 30 999 NONE NONE 330
	FP_ROUTE KG..KLJ45

TRACK_TIME 1167737286
TRACK A20110117626405 F 332560 1115700 120 30 999 NONE NONE 360
	FP_ROUTE KC..KA320

TRACK_TIME 1167737286
TRACK A20110117626406 F 390600 844000 120 30 999 NONE NONE 310
	FP_ROUTE KC..KA319

TRACK_TIME 1167737286
TRACK A20110117626409 F 332560 1115700 120 30 999 NONE NONE 360
	FP_ROUTE KT..KCRJ2

TRACK_TIME 1167737286
TRACK A20110117626410 F 325500 970300 120 30 999 NONE NONE 360
	FP_ROUTE KC..KA319

TRACK_TIME 1167737286
TRACK A20110117626413 F 391060 764360 120 30 999 NONE NONE 210
	FP_ROUTE KC..KB737

TRACK_TIME 1167737286
TRACK A20110117626414 F 412500 814960 120 30 999 NONE NONE 200
	FP_ROUTE KC..KB737

TRACK_TIME 1167737286
TRACK A20110117626415 F 384300 1213600 120 30 999 NONE NONE 200
	FP_ROUTE KC..KB752

TRACK_TIME 1167737286
TRACK A20110117626416 F 333760 843000 120 30 999 NONE NONE 380
	FP_ROUTE KC..KMD83

TRACK_TIME 1167737286
TRACK A20110117626421 F 280100 823160 120 30 999 NONE NONE 400
	FP_ROUTE KC..KA319

TRACK_TIME 1167737286
TRACK A20110117626423 F 361060 955400 120 30 999 NONE NONE 370
	FP_ROUTE KC..KB738

TRACK_TIME 1167737286
TRACK A20110117626424 F 324960 965100 120 30 999 NONE NONE 240
	FP_ROUTE KC..KB752

TRACK_TIME 1167737286
TRACK A20110117626425 F 395200 751660 120 30 999 NONE NONE 350
	FP_ROUTE KT..KCRJ2

TRACK_TIME 1167737286
TRACK A20110117626426 F 361000 864000 120 30 999 NONE NONE 280
	FP_ROUTE KG..KMU2

TRACK_TIME 1167737286
TRACK A20110117626427 F 445500 684900 120 30 999 NONE NONE 290
	FP_ROUTE KT..KE145

TRACK_TIME 1167737286
TRACK A20110117626429 F 333900 842800 120 30 999 NONE NONE 300
	FP_ROUTE KC..KB739

TRACK_TIME 1167737286
TRACK A20110117626432 F 373600 1221960 120 30 999 NONE NONE 360
	FP_ROUTE KC..KE190

TRACK_TIME 1167737286
TRACK A20110117626433 F 384800 770160 120 30 999 NONE NONE 260
	FP_ROUTE KT..KE145

TRACK_TIME 1167737286
TRACK A20110117626434 F 334900 1180900 120 30 999 NONE NONE 280
	FP_ROUTE KC..KE145

TRACK_TIME 1167737286
TRACK A20110117626435 F 415260 1084200 120 30 999 NONE NONE 209
	FP_ROUTE KC..KE170

TRACK_TIME 1167737286
TRACK A20110117626436 F 464300 1024000 120 30 999 NONE NONE 209
	FP_ROUTE KC..KA320

TRACK_TIME 1167737286
TRACK A20110117626443 F 295800 951600 120 30 999 NONE NONE 260
	FP_ROUTE KC..KB733

TRACK_TIME 1167737286
TRACK A20110117626447 F 361200 1150400 120 30 999 NONE NONE 290
	FP_ROUTE KC..KCRJ2

TRACK_TIME 1167737286
TRACK A20110117626457 F 325100 965200 120 30 999 NONE NONE 300
	FP_ROUTE KC..KE145

TRACK_TIME 1167737286
TRACK A20110117626458 F 390760 943460 120 30 999 NONE NONE 240
	FP_ROUTE KG..KLJ45

TRACK_TIME 1167737286
TRACK A20110117626461 F 433300 1161060 120 30 999 NONE NONE 350
	FP_ROUTE KT..KCRJ1

TRACK_TIME 1167737286
TRACK A20110117626467 F 384900 770160 120 30 999 NONE NONE 350
	FP_ROUTE KC..KA320

TRACK_TIME 1167737286
TRACK A20110117626469 F 374060 1221200 120 30 999 NONE NONE 380
	FP_ROUTE KC..KE190

TRACK_TIME 1167737286
TRACK A20110117626470 F 420400 801360 120 30 999 NONE NONE 200
	FP_ROUTE KT..KCRJ9

TRACK_TIME 1167737286
TRACK A20110117626473 F 335500 1183400 120 30 999 NONE NONE 380
	FP_ROUTE KC..KE145

TRACK_TIME 1167737286
TRACK A20110117626475 F 394300 1043760 120 30 999 NONE NONE 320
	FP_ROUTE KC..KCRJ2

TRACK_TIME 1167737286
TRACK A20110117626476 F 404600 730760 120 30 999 NONE NONE 230
	FP_ROUTE KT..KCRJ9

TRACK_TIME 1167737286
TRACK A20110117626480 F 335260 842100 120 30 999 NONE NONE 410
	FP_ROUTE KC..KE145

TRACK_TIME 1167737286
TRACK A20110117626481 F 384900 770160 120 30 999 NONE NONE 220
	FP_ROUTE KC..KB739

TRACK_TIME 1167737286
TRACK A20110117626482 F 332700 1120160 120 30 999 NONE NONE 360
	FP_ROUTE KC..KB733

TRACK_TIME 1167737286
TRACK A20110117626483 F 340300 1174660 120 30 999 NONE NONE 300
	FP_ROUTE KC..KCRJ2

TRACK_TIME 1167737286
TRACK A20110117626484 F 384360 1213600 120 30 999 NONE NONE 240
	FP_ROUTE KC..KB737

TRACK_TIME 1167737286
TRACK A20110117626486 F 415800 875200 120 30 999 NONE NONE 370
	FP_ROUTE KC..KB737

TRACK_TIME 1167737286
TRACK A20110117626487 F 293700 951500 120 30 999 NONE NONE 270
	FP_ROUTE KC..KMD82

TRACK_TIME 1167737286
TRACK A20110117626488 F 393000 944300 120 30 999 NONE NONE 350
	FP_ROUTE KT..KCRJ2

TRACK_TIME 1167737286
TRACK A20110117626491 F 404600 1115800 120 30 999 NONE NONE 300
	FP_ROUTE KC..KB738

TRACK_TIME 1167737286
TRACK A20110117626493 F 373600 1221960 120 30 999 NONE NONE 400
	FP_ROUTE KC..KB733

TRACK_TIME 1167737286
TRACK A20110117626494 F 394900 1044000 120 30 999 NONE NONE 360
	FP_ROUTE KC..KCRJ2

TRACK_TIME 1167737286
TRACK A20110117626495 F 440760 1052860 120 30 999 NONE NONE 240
	FP_ROUTE KC..KB763

TRACK_TIME 1167737286
TRACK A20110117626498 F 335100 1181200 120 30 999 NONE NONE 250
	FP_ROUTE KC..KB737

TRACK_TIME 1167737286
TRACK A20110117626501 F 333760 842860 120 30 999 NONE NONE 310
	FP_ROUTE KC..KCRJ2

TRACK_TIME 1167737286
TRACK A20110117626507 F 400000 825800 120 30 999 NONE NONE 280
	FP_ROUTE KC..KB733

TRACK_TIME 1167737286
TRACK A20110117626513 F 360600 1151000 120 30 999 NONE NONE 330
	FP_ROUTE KC..KB722

TRACK_TIME 1167737286
TRACK A20110117626514 F 333760 844660 120 30 999 NONE NONE 390
	FP_ROUTE KC..KA319

TRACK_TIME 1167737286
TRACK A20110117626515 F 430300 713000 120 30 999 NONE NONE 370
	FP_ROUTE KC..KB752

TRACK_TIME 1167737286
TRACK A20110117626519 F 351300 1014060 120 30 999 NONE NONE 270
	FP_ROUTE KC..KA320

TRACK_TIME 1167737286
TRACK A20110117626520 F 335500 841660 120 30 999 NONE NONE 390
	FP_ROUTE KC..KA320

TRACK_TIME 1167737286
TRACK A20110117626523 F 350700 1013400 120 30 999 NONE NONE 300
	FP_ROUTE KC..KCRJ2

TRACK_TIME 1167737286
TRACK A20110117626524 F 333760 1014960 120 30 999 NONE NONE 400
	FP_ROUTE KT..KCRJ2

TRACK_TIME 1167737286
TRACK A20110117626529 F 361000 863900 120 30 999 NONE NONE 350
	FP_ROUTE KC..KA319

TRACK_TIME 1167737286
TRACK A20110117626530 F 324600 1171800 120 30 999 NONE NONE 380
	FP_ROUTE KT..KCRJ9

TRACK_TIME 1167737286
TRACK A20110117626531 F 332560 1115700 120 30 999 NONE NONE 320
	FP_ROUTE KC..KA319

TRACK_TIME 1167737286
TRACK A20110117626536 F 351060 805700 120 30 999 NONE NONE 370
	FP_ROUTE KC..KB712

TRACK_TIME 1167737286
TRACK A20110117626537 F 422860 705700 120 30 999 NONE NONE 370
	FP_ROUTE KC..KB737

TRACK_TIME 1167737286
TRACK A20110117626539 F 414900 874660 120 30 999 NONE NONE 320
	FP_ROUTE KC..KB712

TRACK_TIME 1167737286
TRACK A20110117626541 F 325100 965200 120 30 999 NONE NONE 220
	FP_ROUTE KC..KB752

TRACK_TIME 1167737286
TRACK A20110117626542 F 334000 1014960 120 30 999 NONE NONE 359
	FP_ROUTE KT..KC560

TRACK_TIME 1167737286
TRACK A20110117626543 F 445200 931200 120 30 999 NONE NONE 350
	FP_ROUTE KC..KB712

TRACK_TIME 1167737286
TRACK A20110117626544 F 385860 772800 120 30 999 NONE NONE 370
	FP_ROUTE KC..KB737

TRACK_TIME 1167737286
TRACK A20110117626545 F 421900 710160 120 30 999 NONE NONE 370
	FP_ROUTE KC..KE145

TRACK_TIME 1167737286
TRACK A20110117626546 F 390400 843900 120 30 999 NONE NONE 220
	FP_ROUTE KC..KB712

TRACK_TIME 1167737286
TRACK A20110117626547 F 404960 740600 120 30 999 NONE NONE 390
	FP_ROUTE KC..KE145

TRACK_TIME 1167737286
TRACK A20110117626548 F 324500 1172100 120 30 999 NONE NONE 380
	FP_ROUTE KC..KA319

TRACK_TIME 1167737286
TRACK A20110117626549 F 414900 874800 120 30 999 NONE NONE 320
	FP_ROUTE KT..KCRJ2

TRACK_TIME 1167737286
TRACK A20110117626550 F 453400 1223400 120 30 999 NONE NONE 380
	FP_ROUTE KT..KCRJ2

TRACK_TIME 1167737286
TRACK A20110117626551 F 332560 1115860 120 30 999 NONE NONE 390
	FP_ROUTE KC..KB744

TRACK_TIME 1167737286
TRACK A20110117626552 F 414900 874800 120 30 999 NONE NONE 300
	FP_ROUTE KT..KE145

TRACK_TIME 1167737286
TRACK A20110117626556 F 254800 801600 120 30 999 NONE NONE 350
	FP_ROUTE KC..KB739

TRACK_TIME 1167737286
TRACK A20110117626566 F 325560 970160 120 30 999 NONE NONE 380
	FP_ROUTE KC..KB712

TRACK_TIME 1167737286
TRACK A20110117626568 F 394900 1043900 120 30 999 NONE NONE 380
	FP_ROUTE KC..KB737

TRACK_TIME 1167737286
TRACK A20110117626569 F 355200 1151800 120 30 999 NONE NONE 290
	FP_ROUTE KC..KA320

TRACK_TIME 1167737286
TRACK A20110117626570 F 293300 983000 120 30 999 NONE NONE 360
	FP_ROUTE KC..KB738

TRACK_TIME 1167737286
TRACK A20110117626571 F 465100 920900 120 30 999 NONE NONE 400
	FP_ROUTE KC..KB737

TRACK_TIME 1167737286
TRACK A20110117626572 F 332560 1115700 120 30 999 NONE NONE 350
	FP_ROUTE KC..KA319

TRACK_TIME 1167737286
TRACK A20110117626580 F 415860 875200 120 30 999 NONE NONE 310
	FP_ROUTE KC..KB712

TRACK_TIME 1167737286
TRACK A20110117626581 F 371960 1215400 120 30 999 NONE NONE 360
	FP_ROUTE KC..KCRJ2

TRACK_TIME 1167737286
TRACK A20110117626582 F 370460 1080160 120 30 999 NONE NONE 410
	FP_ROUTE KC..KCRJ2

TRACK_TIME 1167737286
TRACK A20110117626584 F 390000 772800 120 30 999 NONE NONE 370
	FP_ROUTE KC..KA320

TRACK_TIME 1167737286
TRACK A20110117626585 F 420100 875800 120 30 999 NONE NONE 370
	FP_ROUTE KT..KCRJ2

TRACK_TIME 1167737286
TRACK A20110117626586 F 355200 784900 120 30 999 NONE NONE 370
	FP_ROUTE KC..KCRJ2

TRACK_TIME 1167737286
TRACK A20110117626589 F 360460 1151000 120 30 999 NONE NONE 340
	FP_ROUTE KC..KMD83

TRACK_TIME 1167737286
TRACK A20110117626591 F 395200 751660 120 30 999 NONE NONE 330
	FP_ROUTE KC..KA319

TRACK_TIME 1167737286
TRACK A20110117626592 F 392560 944060 120 30 999 NONE NONE 340
	FP_ROUTE KC..KE170

TRACK_TIME 1167737286
TRACK A20110117626595 F 325560 970160 120 30 999 NONE NONE 340
	FP_ROUTE KC..KMD83

TRACK_TIME 1167737286
TRACK A20110117626596 F 404500 735400 120 30 999 NONE NONE 350
	FP_ROUTE KC..KMD82

TRACK_TIME 1167737286
TRACK A20110117626599 F 340300 1174360 120 30 999 NONE NONE 280
	FP_ROUTE KC..KB733

TRACK_TIME 1167737286
TRACK A20110117626600 F 373600 1221960 120 30 999 NONE NONE 360
	FP_ROUTE KC..KB733

TRACK_TIME 1167737286
TRACK A20110117626603 F 325500 970300 120 30 999 NONE NONE 360
	FP_ROUTE KC..KE170

TRACK_TIME 1167737286
TRACK A20110117626605 F 404660 735200 120 30 999 NONE NONE 350
	FP_ROUTE KC..KDH8D

TRACK_TIME 1167737286
TRACK A20110117626609 F 260400 801060 120 30 999 NONE NONE 300
	FP_ROUTE KC..KB737

TRACK_TIME 1167737286
TRACK A20110117626610 F 445400 931360 120 30 999 NONE NONE 370
	FP_ROUTE KC..KB739

TRACK_TIME 1167737286
TRACK A20110117626620 F 373600 1221960 120 30 999 NONE NONE 360
	FP_ROUTE KC..KCRJ2

TRACK_TIME 1167737286
TRACK A20110117626621 F 404600 1115800 120 30 999 NONE NONE 340
	FP_ROUTE KC..KE190

TRACK_TIME 1167737286
TRACK A20110117626622 F 334000 1115200 120 30 999 NONE NONE 370
	FP_ROUTE KC..KCRJ2

TRACK_TIME 1167737286
TRACK A20110117626627 F 383460 900760 120 30 999 NONE NONE 210
	FP_ROUTE KC..KB752

TRACK_TIME 1167737286
TRACK A20110117626628 F 350400 895860 120 30 999 NONE NONE 340
	FP_ROUTE KC..KE145

TRACK_TIME 1167737286
TRACK A20110117626629 F 445200 931060 120 30 999 NONE NONE 320
	FP_ROUTE KC..KA320

TRACK_TIME 1167737286
TRACK A20110117626630 F 443400 874660 120 30 999 NONE NONE 250
	FP_ROUTE KC..KCRJ2

TRACK_TIME 1167737286
TRACK A20110117626631 F 351360 805800 120 30 999 NONE NONE 370
	FP_ROUTE KC..KCRJ2

TRACK_TIME 1167737286
TRACK A20110117626634 F 351360 805800 120 30 999 NONE NONE 340
	FP_ROUTE KC..KCRJ9

TRACK_TIME 1167737286
TRACK A20110117626638 F 294000 951900 120 30 999 NONE NONE 270
	FP_ROUTE KC..KCRJ9

TRACK_TIME 1167737286
TRACK A20110117626642 F 394800 1044000 120 30 999 NONE NONE 380
	FP_ROUTE KC..KE145

TRACK_TIME 1167737286
TRACK A20110117626643 F 293900 814200 120 30 999 NONE NONE 370
	FP_ROUTE KC..KCRJ2

TRACK_TIME 1167737286
TRACK A20110117626661 F 402860 801600 120 30 999 NONE NONE 200
	FP_ROUTE KC..KCRJ2

TRACK_TIME 1167737286
TRACK A20110117626664 F 321900 900160 120 30 999 NONE NONE 210
	FP_ROUTE KT..KCRJ2

TRACK_TIME 1167737286
TRACK A20110117626668 F 454660 1111000 120 30 999 NONE NONE 400
	FP_ROUTE KC..KB737

TRACK_TIME 1167737286
TRACK A20110117626669 F 324360 1171200 120 30 999 NONE NONE 390
	FP_ROUTE KT..KE120

TRACK_TIME 1167737286
TRACK A20110117626670 F 294000 951900 120 30 999 NONE NONE 390
	FP_ROUTE KC..KA319

TRACK_TIME 1167737286
TRACK A20110117626675 F 394800 1044000 120 30 999 NONE NONE 370
	FP_ROUTE KC..KMD82

TRACK_TIME 1167737286
TRACK A20110117626676 F 334000 1163400 120 30 999 NONE NONE 280
	FP_ROUTE KC..KMD82

TRACK_TIME 1167737286
TRACK A20110117626678 F 394900 1044000 120 30 999 NONE NONE 370
	FP_ROUTE KC..KA320

TRACK_TIME 1167737286
TRACK A20110117626679 F 561000 1324500 120 30 999 NONE NONE 200
	FP_ROUTE KC..KB738

TRACK_TIME 1167737286
TRACK A20110117626680 F 351000 805800 120 30 999 NONE NONE 330
	FP_ROUTE KC..KB737

TRACK_TIME 1167737286
TRACK A20110117626681 F 295860 951800 120 30 999 NONE NONE 350
	FP_ROUTE KC..KB738

TRACK_TIME 1167737286
TRACK A20110117626691 F 360460 1150900 120 30 999 NONE NONE 360
	FP_ROUTE KG..KC550

TRACK_TIME 1167737286
TRACK A20110117626693 F 404360 735500 120 30 999 NONE NONE 330
	FP_ROUTE KC..KA320

TRACK_TIME 1167737286
TRACK A20110117626697 F 325500 970300 120 30 999 NONE NONE 370
	FP_ROUTE KT..KE145

TRACK_TIME 1167737286
TRACK A20110117626699 F 394960 1044060 120 30 999 NONE NONE 370
	FP_ROUTE KC..KB712

TRACK_TIME 1167737286
TRACK A20110117626701 F 351200 805560 120 30 999 NONE NONE 330
	FP_ROUTE KC..KE135

TRACK_TIME 1167737286
TRACK A20110117626702 F 351060 805800 120 30 999 NONE NONE 330
	FP_ROUTE KC..KE170

TRACK_TIME 1167737286
TRACK A20110117626703 F 394360 861660 120 30 999 NONE NONE 340
	FP_ROUTE KC..KB738

TRACK_TIME 1167737286
TRACK A20110117626705 F 445400 684660 120 30 999 NONE NONE 290
	FP_ROUTE KC..KB738

TRACK_TIME 1167737286
TRACK A20110117626706 F 395200 751360 120 30 999 NONE NONE 300
	FP_ROUTE KC..KE190

TRACK_TIME 1167737286
TRACK A20110117626708 F 392500 943300 120 30 999 NONE NONE 360
	FP_ROUTE KC..KB712

TRACK_TIME 1167737286
TRACK A20110117626710 F 360460 1150900 120 30 999 NONE NONE 380
	FP_ROUTE KT..KCRJ2

TRACK_TIME 1167737286
TRACK A20110117626717 F 262860 800000 120 30 999 NONE NONE 400
	FP_ROUTE KC..KB712

TRACK_TIME 1167737286
TRACK A20110117626720 F 422100 710100 120 30 999 NONE NONE 270
	FP_ROUTE KC..KE145

TRACK_TIME 1167737286
TRACK A20110117626727 F 405100 734900 120 30 999 NONE NONE 350
	FP_ROUTE KC..KB737

TRACK_TIME 1167737286
TRACK A20110117626728 F 420000 875700 120 30 999 NONE NONE 350
	FP_ROUTE KC..KB712

TRACK_TIME 1167737286
TRACK A20110117626731 F 400000 825560 120 30 999 NONE NONE 290
	FP_ROUTE KC..KE170

TRACK_TIME 1167737286
TRACK A20110117626735 F 440900 1231300 120 30 999 NONE NONE 340
	FP_ROUTE KC..KB737

TRACK_TIME 1167737286
TRACK A20110117626736 F 333760 843000 120 30 999 NONE NONE 270
	FP_ROUTE KT..KCRJ2

TRACK_TIME 1167737286
TRACK A20110117626741 F 420100 875560 120 30 999 NONE NONE 320
	FP_ROUTE KT..KCRJ9

TRACK_TIME 1167737286
TRACK A20110117626751 F 394900 1044000 120 30 999 NONE NONE 380
	FP_ROUTE KC..KB737

TRACK_TIME 1167737286
TRACK A20110117626752 F 351000 805700 120 30 999 NONE NONE 370
	FP_ROUTE KC..KB712

TRACK_TIME 1167737286
TRACK A20110117626753 F 404000 734500 120 30 999 NONE NONE 370
	FP_ROUTE KC..KB712

TRACK_TIME 1167737286
TRACK A20110117626754 F 325200 970160 120 30 999 NONE NONE 360
	FP_ROUTE KT..KE145

TRACK_TIME 1167737286
TRACK A20110117626770 F 325260 970400 120 30 999 NONE NONE 250
	FP_ROUTE KC..KB738

TRACK_TIME 1167737286
TRACK A20110117626771 F 395200 751660 120 30 999 NONE NONE 290
	FP_ROUTE KC..KB738

TRACK_TIME 1167737286
TRACK A20110117626772 F 421960 705700 120 30 999 NONE NONE 270
	FP_ROUTE KT..KE145

TRACK_TIME 1167737286
TRACK A20110117626779 F 403700 734660 120 30 999 NONE NONE 240
	FP_ROUTE KC..KB737

TRACK_TIME 1167737286
TRACK A20110117626780 F 390900 761200 120 30 999 NONE NONE 351
	FP_ROUTE KT..KDH8D

TRACK_TIME 1167737286
TRACK A20110117626781 F 421600 832860 120 30 999 NONE NONE 340
	FP_ROUTE KC..KA320

TRACK_TIME 1167737286
TRACK A20110117626791 F 351060 805700 120 30 999 NONE NONE 330
	FP_ROUTE KC..KA320

TRACK_TIME 1167737286
TRACK A20110117626793 F 371960 1183900 120 30 999 NONE NONE 400
	FP_ROUTE KC..KB737

TRACK_TIME 1167737286
TRACK A20110117626796 F 360460 1151300 120 30 999 NONE NONE 280
	FP_ROUTE KC..KA320

TRACK_TIME 1167737286
TRACK A20110117626798 F 353100 823460 120 30 999 NONE NONE 210
	FP_ROUTE KC..KB753

TRACK_TIME 1167737286
TRACK A20110117626799 F 333900 842860 120 30 999 NONE NONE 190
	FP_ROUTE KC..KB744

TRACK_TIME 1167737286
TRACK A20110117626800 F 333700 843160 120 30 999 NONE NONE 380
	FP_ROUTE KC..KB738

TRACK_TIME 1167737286
TRACK A20110117626803 F 404900 735100 120 30 999 NONE NONE 370
	FP_ROUTE KC..KA320

TRACK_TIME 1167737286
TRACK A20110117626805 F 404800 735100 120 30 999 NONE NONE 330
	FP_ROUTE KC..KA319

TRACK_TIME 1167737286
TRACK A20110117626806 F 262560 800300 120 30 999 NONE NONE 410
	FP_ROUTE KC..KB734

TRACK_TIME 1167737286
TRACK A20110117626810 F 351060 805800 120 30 999 NONE NONE 370
	FP_ROUTE KT..KCRJ2

TRACK_TIME 1167737286
TRACK A20110117626821 F 282260 811660 120 30 999 NONE NONE 410
	FP_ROUTE KC..KE145

TRACK_TIME 1167737286
TRACK A20110117626822 F 445200 931000 120 30 999 NONE NONE 360
	FP_ROUTE KC..KE145

TRACK_TIME 1167737286
TRACK A20110117626823 F 334000 1014960 120 30 999 NONE NONE 300
	FP_ROUTE KC..KE145

TRACK_TIME 1167737286
TRACK A20110117626824 F 384600 1044060 120 30 999 NONE NONE 300
	FP_ROUTE KT..KCRJ2

TRACK_TIME 1167737286
TRACK A20110117626825 F 445200 931060 120 30 999 NONE NONE 370
	FP_ROUTE KC..KE170

TRACK_TIME 1167737286
TRACK A20110117626828 F 415500 724300 120 30 999 NONE NONE 250
	FP_ROUTE KC..KB738

TRACK_TIME 1167737286
TRACK A20110117626829 F 384960 770100 120 30 999 NONE NONE 260
	FP_ROUTE KC..KCRJ2

TRACK_TIME 1167737286
TRACK A20110117626834 F 403600 734800 120 30 999 NONE NONE 370
	FP_ROUTE KC..KMD83

TRACK_TIME 1167737286
TRACK A20110117626835 F 420000 875500 120 30 999 NONE NONE 340
	FP_ROUTE KC..KCRJ2

TRACK_TIME 1167737286
TRACK A20110117626836 F 392800 944000 120 30 999 NONE NONE 390
	FP_ROUTE KC..KB733

TRACK_TIME 1167737286
TRACK A20110117626842 F 395200 751660 120 30 999 NONE NONE 310
	FP_ROUTE KC..KB737

TRACK_TIME 1167737286
TRACK A20110117626854 F 453460 1223460 120 30 999 NONE NONE 360
	FP_ROUTE KC..KB737

TRACK_TIME 1167737286
TRACK A20110117626855 F 325500 970160 120 30 999 NONE NONE 320
	FP_ROUTE KT..KCRJ1

TRACK_TIME 1167737286
TRACK A20110117626864 F 325500 970300 120 30 999 NONE NONE 330
	FP_ROUTE KG..KC560

TRACK_TIME 1167737286
TRACK A20110117626865 F 282860 811960 120 30 999 NONE NONE 330
	FP_ROUTE KG..KC560

TRACK_TIME 1167737286
TRACK A20110117626866 F 325400 970300 120 30 999 NONE NONE 310
	FP_ROUTE KC..KE170

TRACK_TIME 1167737286
TRACK A20110117626867 F 325260 970400 120 30 999 NONE NONE 370
	FP_ROUTE KG..KC560

TRACK_TIME 1167737286
TRACK A20110117626868 F 351060 805560 120 30 999 NONE NONE 260
	FP_ROUTE KG..KBE20

TRACK_TIME 1167737286
TRACK A20110117626869 F 363300 821800 120 30 999 NONE NONE 220
	FP_ROUTE KT..KCRJ2

TRACK_TIME 1167737286
TRACK A20110117626871 F 442200 1053400 120 30 999 NONE NONE 380
	FP_ROUTE KC..KB752

TRACK_TIME 1167737286
TRACK A20110117626872 F 333600 864200 120 30 999 NONE NONE 350
	FP_ROUTE KC..KE135

TRACK_TIME 1167737286
TRACK A20110117626881 F 344500 921200 120 30 999 NONE NONE 320
	FP_ROUTE KC..KA320

TRACK_TIME 1167737286
TRACK A20110117626883 F 351360 805700 120 30 999 NONE NONE 370
	FP_ROUTE KC..KA320

TRACK_TIME 1167737286
TRACK A20110117626884 F 373600 1221800 120 30 999 NONE NONE 360
	FP_ROUTE KC..KA320

TRACK_TIME 1167737286
TRACK A20110117626886 F 384900 770160 120 30 999 NONE NONE 220
	FP_ROUTE KT..KE145

TRACK_TIME 1167737286
TRACK A20110117626887 F 390460 844000 120 30 999 NONE NONE 350
	FP_ROUTE KG..KC560

TRACK_TIME 1167737286
TRACK A20110117626888 F 360760 864060 120 30 999 NONE NONE 360
	FP_ROUTE KC..KE170

TRACK_TIME 1167737286
TRACK A20110117626890 F 391060 764500 120 30 999 NONE NONE 350
	FP_ROUTE KC..KA319

TRACK_TIME 1167737286
TRACK A20110117626893 F 412500 814960 120 30 999 NONE NONE 350
	FP_ROUTE KC..KCRJ2

TRACK_TIME 1167737286
TRACK A20110117626894 F 420160 875700 120 30 999 NONE NONE 360
	FP_ROUTE KC..KB738

TRACK_TIME 1167737286
TRACK A20110117626895 F 355100 784900 120 30 999 NONE NONE 220
	FP_ROUTE KC..KB738

TRACK_TIME 1167737286
TRACK A20110117626898 F 411900 955500 120 30 999 NONE NONE 360
	FP_ROUTE KC..KB752

TRACK_TIME 1167737286
TRACK A20110117626899 F 360460 1151200 120 30 999 NONE NONE 340
	FP_ROUTE KG..KC560

TRACK_TIME 1167737286
TRACK A20110117626900 F 371960 1215400 120 30 999 NONE NONE 320
	FP_ROUTE KC..KCRJ2

TRACK_TIME 1167737286
TRACK A20110117626901 F 324600 1171800 120 30 999 NONE NONE 350
	FP_ROUTE KC..KMD83

TRACK_TIME 1167737286
TRACK A20110117626902 F 333900 842860 120 30 999 NONE NONE 220
	FP_ROUTE KC..KB733

TRACK_TIME 1167737286
TRACK A20110117626911 F 384900 770160 120 30 999 NONE NONE 310
	FP_ROUTE KC..KE170

TRACK_TIME 1167737286
TRACK A20110117626914 F 260400 801200 120 30 999 NONE NONE 360
	FP_ROUTE KC..KB712

TRACK_TIME 1167737286
TRACK A20110117626917 F 395100 1044060 120 30 999 NONE NONE 310
	FP_ROUTE KC..KCRJ2

TRACK_TIME 1167737286
TRACK A20110117626920 F 333760 842860 120 30 999 NONE NONE 340
	FP_ROUTE KG..KBE20

TRACK_TIME 1167737286
TRACK A20110117626921 F 425500 784500 120 30 999 NONE NONE 330
	FP_ROUTE KC..KA319

TRACK_TIME 1167737286
TRACK A20110117626922 F 404600 735100 120 30 999 NONE NONE 210
	FP_ROUTE KC..KE145

TRACK_TIME 1167737286
TRACK A20110117626923 F 333700 842860 120 30 999 NONE NONE 330
	FP_ROUTE KC..KA320

TRACK_TIME 1167737286
TRACK A20110117626924 F 421360 831960 120 30 999 NONE NONE 390
	FP_ROUTE KC..KB738

TRACK_TIME 1167737286
TRACK A20110117626926 F 394060 861900 120 30 999 NONE NONE 380
	FP_ROUTE KC..KB738

TRACK_TIME 1167737286
TRACK A20110117626927 F 414900 874800 120 30 999 NONE NONE 320
	FP_ROUTE KT..KE145

TRACK_TIME 1167737286
TRACK A20110117626933 F 254800 801500 120 30 999 NONE NONE 380
	FP_ROUTE KC..KB733

TRACK_TIME 1167737286
TRACK A20110117626935 F 420100 875560 120 30 999 NONE NONE 360
	FP_ROUTE KT..KCRJ2

TRACK_TIME 1167737286
TRACK A20110117626941 F 404060 741660 120 30 999 NONE NONE 410
	FP_ROUTE KC..KB738

TRACK_TIME 1167737286
TRACK A20110117626942 F 373460 1221800 120 30 999 NONE NONE 360
	FP_ROUTE KC..KA320

TRACK_TIME 1167737286
TRACK A20110117626944 F 340160 1182560 120 30 999 NONE NONE 340
	FP_ROUTE KG..KC550

TRACK_TIME 1167737286
TRACK A20110117626951 F 335560 1183160 120 30 999 NONE NONE 230
	FP_ROUTE KG..KBE20

TRACK_TIME 1167737286
TRACK A20110117626954 F 282860 811660 120 30 999 NONE NONE 300
	FP_ROUTE KC..KB737

TRACK_TIME 1167737286
TRACK A20110117626956 F 394960 1043760 120 30 999 NONE NONE 280
	FP_ROUTE KC..KB734

TRACK_TIME 1167737286
TRACK A20110117626958 F 332560 1115700 120 30 999 NONE NONE 340
	FP_ROUTE KC..KB734

TRACK_TIME 1167737286
TRACK A20110117626959 F 424800 735400 120 30 999 NONE NONE 240
	FP_ROUTE KC..KB752

TRACK_TIME 1167737286
TRACK A20110117626961 F 341000 1183000 120 30 999 NONE NONE 430
	FP_ROUTE KC..KB733

TRACK_TIME 1167737286
TRACK A20110117626965 F 404600 1115800 120 30 999 NONE NONE 410
	FP_ROUTE KT..KCRJ2

TRACK_TIME 1167737286
TRACK A20110117626966 F 410300 734060 120 30 999 NONE NONE 410
	FP_ROUTE KT..KCRJ2

TRACK_TIME 1167737286
TRACK A20110117626967 F 211660 1575700 120 30 999 NONE NONE 340
	FP_ROUTE KC..KB733

TRACK_TIME 1167737286
TRACK A20110117626969 F 403900 741200 120 30 999 NONE NONE 350
	FP_ROUTE KC..KB733

TRACK_TIME 1167737286
TRACK A20110117626970 F 325500 970160 120 30 999 NONE NONE 320
	FP_ROUTE KC..KCRJ2

TRACK_TIME 1167737286
TRACK A20110117626972 F 420100 875560 120 30 999 NONE NONE 300
	FP_ROUTE KT..KE135

TRACK_TIME 1167737286
TRACK A20110117626976 F 325260 970300 120 30 999 NONE NONE 330
	FP_ROUTE KC..KB738

TRACK_TIME 1167737286
TRACK A20110117626977 F 365200 761360 120 30 999 NONE NONE 330
	FP_ROUTE KG..KC560

TRACK_TIME 1167737286
TRACK A20110117626978 F 360460 1151060 120 30 999 NONE NONE 380
	FP_ROUTE KG..KC560

TRACK_TIME 1167737286
TRACK A20110117626979 F 384800 770160 120 30 999 NONE NONE 330
	FP_ROUTE KT..KCRJ9

TRACK_TIME 1167737286
TRACK A20110117626981 F 263700 813760 120 30 999 NONE NONE 380
	FP_ROUTE KC..KA319

TRACK_TIME 1167737286
TRACK A20110117626982 F 403760 741200 120 30 999 NONE NONE 330
	FP_ROUTE KC..KCRJ2

TRACK_TIME 1167737286
TRACK A20110117626985 F 325260 970400 120 30 999 NONE NONE 340
	FP_ROUTE KC..KE135

TRACK_TIME 1167737286
TRACK A20110117626987 F 282800 811660 120 30 999 NONE NONE 330
	FP_ROUTE KC..KB737

TRACK_TIME 1167737286
TRACK A20110117626988 F 332560 1115860 120 30 999 NONE NONE 340
	FP_ROUTE KC..KMD83

TRACK_TIME 1167737286
TRACK A20110117626994 F 395200 751660 120 30 999 NONE NONE 330
	FP_ROUTE KC..KB737

TRACK_TIME 1167737286
TRACK A20110117626995 F 414660 874500 120 30 999 NONE NONE 380
	FP_ROUTE KG..KC550

TRACK_TIME 1167737286
TRACK A20110117627002 F 385860 772560 120 30 999 NONE NONE 370
	FP_ROUTE KC..KB737

TRACK_TIME 1167737286
TRACK A20110117627006 F 472860 1221900 120 30 999 NONE NONE 340
	FP_ROUTE KC..KB712

TRACK_TIME 1167737286
TRACK A20110117627007 F 205100 1562700 120 30 999 NONE NONE 340
	FP_ROUTE KC..KE120

TRACK_TIME 1167737286
TRACK A20110117627012 F 182560 660300 120 30 999 NONE NONE 370
	FP_ROUTE KC..KB737

TRACK_TIME 1167737286
TRACK A20110117627013 F 421300 831960 120 30 999 NONE NONE 340
	FP_ROUTE KT..KCRJ2

TRACK_TIME 1167737286
TRACK A20110117627014 F 570160 1352100 120 30 999 NONE NONE 210
	FP_ROUTE KT..KCRJ1

TRACK_TIME 1167737286
TRACK A20110117627016 F 373600 1220300 120 30 999 NONE NONE 340
	FP_ROUTE KC..KB733

TRACK_TIME 1167737286
TRACK A20110117627018 F 394900 1043760 120 30 999 NONE NONE 380
	FP_ROUTE KT..KCRJ2

TRACK_TIME 1167737286
TRACK A20110117627022 F 325260 970400 120 30 999 NONE NONE 331
	FP_ROUTE KC..KB733

TRACK_TIME 1167737286
TRACK A20110117627023 F 391060 764300 120 30 999 NONE NONE 330
	FP_ROUTE KC..KB737

TRACK_TIME 1167737286
TRACK A20110117627031 F 413460 812700 120 30 999 NONE NONE 320
	FP_ROUTE KC..KE190

TRACK_TIME 1167737286
TRACK A20110117627032 F 405500 735400 120 30 999 NONE NONE 370
	FP_ROUTE KC..KB733

TRACK_TIME 1167737286
TRACK A20110117627033 F 394500 861800 120 30 999 NONE NONE 310
	FP_ROUTE KC..KB733

TRACK_TIME 1167737286
TRACK A20110117627062 F 332560 1115860 120 30 999 NONE NONE 350
	FP_ROUTE KC..KB733

TRACK_TIME 1167737286
TRACK A20110117627064 F 264060 800900 120 30 999 NONE NONE 380
	FP_ROUTE KC..KA319

TRACK_TIME 1167737286
TRACK A20110117627065 F 422200 710000 120 30 999 NONE NONE 230
	FP_ROUTE KC..KCRJ2

TRACK_TIME 1167737286
TRACK A20110117627067 F 345560 785500 120 30 999 NONE NONE 250
	FP_ROUTE KC..KB737

TRACK_TIME 1167737286
TRACK A20110117627068 F 421360 831960 120 30 999 NONE NONE 390
	FP_ROUTE KT..KCRJ9

TRACK_TIME 1167737286
TRACK A20110117627071 F 395200 751300 120 30 999 NONE NONE 330
	FP_ROUTE KC..KCRJ2

TRACK_TIME 1167737286
TRACK A20110117627074 F 420000 875200 120 30 999 NONE NONE 350
	FP_ROUTE KC..KCRJ2

TRACK_TIME 1167737286
TRACK A20110117627075 F 373600 1221900 120 30 999 NONE NONE 360
	FP_ROUTE KC..KA320

TRACK_TIME 1167737286
TRACK A20110117627078 F 320760 895860 120 30 999 NONE NONE 270
	FP_ROUTE KC..KB752

TRACK_TIME 1167737286
TRACK A20110117627079 F 413460 934200 120 30 999 NONE NONE 371
	FP_ROUTE KC..KA320

TRACK_TIME 1167737286
TRACK A20110117627081 F 421300 831960 120 30 999 NONE NONE 380
	FP_ROUTE KC..KB738

TRACK_TIME 1167737286
TRACK A20110117627084 F 395200 751660 120 30 999 NONE NONE 290
	FP_ROUTE KC..KMD83

TRACK_TIME 1167737286
TRACK A20110117627085 F 333900 842800 120 30 999 NONE NONE 400
	FP_ROUTE KC..KB712

TRACK_TIME 1167737286
TRACK A20110117627087 F 335500 1183300 120 30 999 NONE NONE 300
	FP_ROUTE KC..KB712

TRACK_TIME 1167737286
TRACK A20110117627088 F 404500 735400 120 30 999 NONE NONE 330
	FP_ROUTE KT..KCRJ2

TRACK_TIME 1167737286
TRACK A20110117627089 F 394800 1043900 120 30 999 NONE NONE 300
	FP_ROUTE KC..KA320

TRACK_TIME 1167737286
TRACK A20110117627090 F 384500 901900 120 30 999 NONE NONE 410
	FP_ROUTE KT..KDH8D

TRACK_TIME 1167737286
TRACK A20110117627091 F 351000 805700 120 30 999 NONE NONE 370
	FP_ROUTE KC..KE135

TRACK_TIME 1167737286
TRACK A20110117627093 F 374060 1221060 120 30 999 NONE NONE 380
	FP_ROUTE KC..KA320

TRACK_TIME 1167737286
TRACK A20110117627094 F 394900 1044060 120 30 999 NONE NONE 370
	FP_ROUTE KC..KE170

TRACK_TIME 1167737286
TRACK A20110117627095 F 335700 1182500 120 30 999 NONE NONE 320
	FP_ROUTE KC..KB712

TRACK_TIME 1167737286
TRACK A20110117627096 F 472560 1221900 120 30 999 NONE NONE 330
	FP_ROUTE KT..KCRJ2

TRACK_TIME 1167737286
TRACK A20110117627101 F 325500 970100 120 30 999 NONE NONE 320
	FP_ROUTE KC..KA320

TRACK_TIME 1167737286
TRACK A20110117627104 F 260400 801060 120 30 999 NONE NONE 300
	FP_ROUTE KC..KB737

TRACK_TIME 1167737286
TRACK A20110117627105 F 332560 1120160 120 30 999 NONE NONE 370
	FP_ROUTE KC..KB737

TRACK_TIME 1167737286
TRACK A20110117627106 F 335560 1183300 120 30 999 NONE NONE 390
	FP_ROUTE KC..KB737

TRACK_TIME 1167737286
TRACK A20110117627108 F 334800 1180760 120 30 999 NONE NONE 340
	FP_ROUTE KC..KE145

TRACK_TIME 1167737286
TRACK A20110117627113 F 335560 1183600 120 30 999 NONE NONE 340
	FP_ROUTE KC..KD328

TRACK_TIME 1167737286
TRACK A20110117627114 F 350160 895800 120 30 999 NONE NONE 270
	FP_ROUTE KC..KB738

TRACK_TIME 1167737286
TRACK A20110117627115 F 360700 800400 120 30 999 NONE NONE 240
	FP_ROUTE KC..KB733

TRACK_TIME 1167737286
TRACK A20110117627116 F 333900 842800 120 30 999 NONE NONE 350
	FP_ROUTE KC..KB712

TRACK_TIME 1167737286
TRACK A20110117627120 F 433400 1161000 120 30 999 NONE NONE 390
	FP_ROUTE KC..KMD82

TRACK_TIME 1167737286
TRACK A20110117627121 F 445260 931200 120 30 999 NONE NONE 350
	FP_ROUTE KC..KA319

TRACK_TIME 1167737286
TRACK A20110117627123 F 410100 733000 120 30 999 NONE NONE 410
	FP_ROUTE KC..KA319

TRACK_TIME 1167737286
TRACK A20110117627124 F 263700 815260 120 30 999 NONE NONE 430
	FP_ROUTE KC..KB733

TRACK_TIME 1167737286
TRACK A20110117627125 F 394800 1043900 120 30 999 NONE NONE 400
	FP_ROUTE KC..KB733

TRACK_TIME 1167737286
TRACK A20110117627126 F 373600 1221900 120 30 999 NONE NONE 380
	FP_ROUTE KC..KB734

TRACK_TIME 1167737286
TRACK A20110117627127 F 335700 1182560 120 30 999 NONE NONE 410
	FP_ROUTE KC..KB738

TRACK_TIME 1167737286
TRACK A20110117627128 F 293900 951800 120 30 999 NONE NONE 370
	FP_ROUTE KC..KA319

TRACK_TIME 1167737286
TRACK A20110117627129 F 445260 931060 120 30 999 NONE NONE 380
	FP_ROUTE KC..KE145

TRACK_TIME 1167737286
TRACK A20110117627130 F 465560 1140700 120 30 999 NONE NONE 320
	FP_ROUTE KC..KB737

TRACK_TIME 1167737286
TRACK A20110117627133 F 384900 770160 120 30 999 NONE NONE 350
	FP_ROUTE KC..KE145

TRACK_TIME 1167737286
TRACK A20110117627137 F 333700 842860 120 30 999 NONE NONE 380
	FP_ROUTE KC..KB738

TRACK_TIME 1167737286
TRACK A20110117627138 F 333900 842800 120 30 999 NONE NONE 390
	FP_ROUTE KC..KB738

TRACK_TIME 1167737286
TRACK A20110117627143 F 294000 951900 120 30 999 NONE NONE 320
	FP_ROUTE KC..KA319

TRACK_TIME 1167737286
TRACK A20110117627144 F 333760 842800 120 30 999 NONE NONE 350
	FP_ROUTE KC..KE170

TRACK_TIME 1167737286
TRACK A20110117627153 F 342860 864600 120 30 999 NONE NONE 280
	FP_ROUTE KC..KA319

TRACK_TIME 1167737286
TRACK A20110117627154 F 375560 871060 120 30 999 NONE NONE 280
	FP_ROUTE KT..KCRJ9

TRACK_TIME 1167737286
TRACK A20110117627161 F 303000 871200 120 30 999 NONE NONE 240
	FP_ROUTE KC..KCRJ9

TRACK_TIME 1167737286
TRACK A20110117627163 F 333900 842700 120 30 999 NONE NONE 400
	FP_ROUTE KC..KB733

TRACK_TIME 1167737286
TRACK A20110117627165 F 403760 741200 120 30 999 NONE NONE 350
	FP_ROUTE KC..KA320

TRACK_TIME 1167737286
TRACK A20110117627166 F 373600 1222100 120 30 999 NONE NONE 340
	FP_ROUTE KC..KB735

TRACK_TIME 1167737286
TRACK A20110117627167 F 404500 735400 120 30 999 NONE NONE 370
	FP_ROUTE KC..KB735

TRACK_TIME 1167737286
TRACK A20110117627171 F 400000 825560 120 30 999 NONE NONE 340
	FP_ROUTE KC..KA319

TRACK_TIME 1167737286
TRACK A20110117627177 F 404660 1120000 120 30 999 NONE NONE 350
	FP_ROUTE KG..KC560

TRACK_TIME 1167737286
TRACK A20110117627181 F 341200 1182500 120 30 999 NONE NONE 340
	FP_ROUTE KG..KC560

TRACK_TIME 1167737286
TRACK A20110117627183 F 325500 970300 120 30 999 NONE NONE 240
	FP_ROUTE KG..KC560

TRACK_TIME 1167737286
TRACK A20110117627195 F 415860 874960 120 30 999 NONE NONE 360
	FP_ROUTE KC..KA319

TRACK_TIME 1167737286
TRACK A20110117627199 F 325100 965200 120 30 999 NONE NONE 330
	FP_ROUTE KC..KDH8A

TRACK_TIME 1167737286
TRACK A20110117627200 F 333600 864200 120 30 999 NONE NONE 390
	FP_ROUTE KC..KE145

TRACK_TIME 1167737286
TRACK A20110117627202 F 394800 1044000 120 30 999 NONE NONE 380
	FP_ROUTE KC..KE170

TRACK_TIME 1167737286
TRACK A20110117627205 F 400400 750160 120 30 999 NONE NONE 370
	FP_ROUTE KC..KA320

TRACK_TIME 1167737286
TRACK A20110117627207 F 284660 811900 120 30 999 NONE NONE 310
	FP_ROUTE KC..KE135

TRACK_TIME 1167737286
TRACK A20110117627208 F 380600 972800 120 30 999 NONE NONE 360
	FP_ROUTE KC..KB752

TRACK_TIME 1167737286
TRACK A20110117627209 F 391060 764360 120 30 999 NONE NONE 280
	FP_ROUTE KC..KB738

TRACK_TIME 1167737286
TRACK A20110117627212 F 473760 1173100 120 30 999 NONE NONE 330
	FP_ROUTE KC..KB734

TRACK_TIME 1167737286
TRACK A20110117627213 F 472860 1221900 120 30 999 NONE NONE 360
	FP_ROUTE KC..KA319

TRACK_TIME 1167737286
TRACK A20110117627214 F 392700 1194600 120 30 999 NONE NONE 350
	FP_ROUTE KT..KCRJ2

TRACK_TIME 1167737286
TRACK A20110117627215 F 394900 1044000 120 30 999 NONE NONE 390
	FP_ROUTE KC..KE170

TRACK_TIME 1167737286
TRACK A20110117627218 F 393160 1074600 120 30 999 NONE NONE 410
	FP_ROUTE KC..KB752

TRACK_TIME 1167737286
TRACK A20110117627229 F 465800 964800 120 30 999 NONE NONE 310
	FP_ROUTE KC..KB763

TRACK_TIME 1167737286
TRACK A20110117627235 F 333460 864300 120 30 999 NONE NONE 350
	FP_ROUTE KT..KCRJ2

TRACK_TIME 1167737286
TRACK A20110117627236 F 415800 875100 120 30 999 NONE NONE 340
	FP_ROUTE KC..KB737

TRACK_TIME 1167737286
TRACK A20110117627241 F 395200 751660 120 30 999 NONE NONE 330
	FP_ROUTE KT..KCRJ2

TRACK_TIME 1167737286
TRACK A20110117627250 F 420100 875800 120 30 999 NONE NONE 370
	FP_ROUTE KT..KCRJ2

TRACK_TIME 1167737286
TRACK A20110117627251 F 421960 710100 120 30 999 NONE NONE 230
	FP_ROUTE KC..KB737

TRACK_TIME 1167737286
TRACK A20110117627252 F 424360 734800 120 30 999 NONE NONE 240
	FP_ROUTE KC..KB737

TRACK_TIME 1167737286
TRACK A20110117627254 F 360460 1150900 120 30 999 NONE NONE 410
	FP_ROUTE KC..KB733

TRACK_TIME 1167737286
TRACK A20110117627255 F 384360 901960 120 30 999 NONE NONE 390
	FP_ROUTE KC..KCL60

TRACK_TIME 1167737286
TRACK A20110117627256 F 325200 965260 120 30 999 NONE NONE 380
	FP_ROUTE KC..KA319

TRACK_TIME 1167737286
TRACK A20110117627258 F 430000 712860 120 30 999 NONE NONE 290
	FP_ROUTE KC..KB737

TRACK_TIME 1167737286
TRACK A20110117627260 F 384960 770160 120 30 999 NONE NONE 290
	FP_ROUTE KC..KB712

TRACK_TIME 1167737286
TRACK A20110117627262 F 254800 801500 120 30 999 NONE NONE 370
	FP_ROUTE KG..KEA50

TRACK_TIME 1167737286
TRACK A20110117627271 F 335560 1182560 120 30 999 NONE NONE 320
	FP_ROUTE KC..KB739

TRACK_TIME 1167737286
TRACK A20110117627272 F 392560 1194600 120 30 999 NONE NONE 380
	FP_ROUTE KC..KA320

TRACK_TIME 1167737286
TRACK A20110117627273 F 414900 874660 120 30 999 NONE NONE 370
	FP_ROUTE KC..KB739

TRACK_TIME 1167737286
TRACK A20110117627274 F 381200 854360 120 30 999 NONE NONE 230
	FP_ROUTE KC..KE170

TRACK_TIME 1167737286
TRACK A20110117627275 F 394900 1043900 120 30 999 NONE NONE 370
	FP_ROUTE KG..KEA50

TRACK_TIME 1167737286
TRACK A20110117627293 F 351360 805500 120 30 999 NONE NONE 230
	FP_ROUTE KC..KE190

TRACK_TIME 1167737286
TRACK A20110117627297 F 445260 931060 120 30 999 NONE NONE 290
	FP_ROUTE KG..KC560

TRACK_TIME 1167737286
TRACK A20110117627298 F 333900 842800 120 30 999 NONE NONE 390
	FP_ROUTE KG..KC560

TRACK_TIME 1167737286
TRACK A20110117627303 F 381060 854360 120 30 999 NONE NONE 280
	FP_ROUTE KC..KA319

TRACK_TIME 1167737286
TRACK A20110117627310 F 395260 1043700 120 30 999 NONE NONE 370
	FP_ROUTE KC..KA319

TRACK_TIME 1167737286
TRACK A20110117627311 F 404500 1115800 120 30 999 NONE NONE 380
	FP_ROUTE KC..KA320

TRACK_TIME 1167737286
TRACK A20110117627312 F 365260 761300 120 30 999 NONE NONE 270
	FP_ROUTE KC..KB752

TRACK_TIME 1167737286
TRACK A20110117627313 F 404060 734600 120 30 999 NONE NONE 350
	FP_ROUTE KC..KB737

TRACK_TIME 1167737286
TRACK A20110117627319 F 360400 1151960 120 30 999 NONE NONE 360
	FP_ROUTE KC..KB737

TRACK_TIME 1167737286
TRACK A20110117627322 F 415860 875260 120 30 999 NONE NONE 200
	FP_ROUTE KC..KA320

TRACK_TIME 1167737286
TRACK A20110117627325 F 351000 805800 120 30 999 NONE NONE 350
	FP_ROUTE KC..KE190

TRACK_TIME 1167737286
TRACK A20110117627326 F 384500 902200 120 30 999 NONE NONE 350
	FP_ROUTE KT..KCRJ2

TRACK_TIME 1167737286
TRACK A20110117627327 F 384800 770160 120 30 999 NONE NONE 370
	FP_ROUTE KC..KA320

TRACK_TIME 1167737286
TRACK A20110117627328 F 392700 943900 120 30 999 NONE NONE 360
	FP_ROUTE KC..KA320

TRACK_TIME 1167737286
TRACK A20110117627329 F 360600 864000 120 30 999 NONE NONE 350
	FP_ROUTE KC..KA320

TRACK_TIME 1167737286
TRACK A20110117627330 F 293760 951600 120 30 999 NONE NONE 360
	FP_ROUTE KC..KA320

TRACK_TIME 1167737286
TRACK A20110117627331 F 314960 1062200 120 30 999 NONE NONE 360
	FP_ROUTE KG..KC560

TRACK_TIME 1167737286
TRACK A20110117627332 F 384900 770160 120 30 999 NONE NONE 250
	FP_ROUTE KC..KB738

TRACK_TIME 1167737286
TRACK A20110117627340 F 351300 1203700 120 30 999 NONE NONE 230
	FP_ROUTE KC..KE170

TRACK_TIME 1167737286
TRACK A20110117627341 F 333760 1174600 120 30 999 NONE NONE 190
	FP_ROUTE KC..KE170

TRACK_TIME 1167737286
TRACK A20110117627364 F 415860 875260 120 30 999 NONE NONE 360
	FP_ROUTE KC..KA319

TRACK_TIME 1167737286
TRACK A20110117627369 F 333700 843000 120 30 999 NONE NONE 390
	FP_ROUTE KC..KB737

TRACK_TIME 1167737286
TRACK A20110117627370 F 425500 784600 120 30 999 NONE NONE 390
	FP_ROUTE KC..KB737

TRACK_TIME 1167737286
TRACK A20110117627371 F 332560 1115860 120 30 999 NONE NONE 380
	FP_ROUTE KT..KCRJ9

TRACK_TIME 1167737286
TRACK A20110117627372 F 335500 1183400 120 30 999 NONE NONE 360
	FP_ROUTE KC..KMD83

TRACK_TIME 1167737286
TRACK A20110117627379 F 415560 724200 120 30 999 NONE NONE 369
	FP_ROUTE KC..KB738

TRACK_TIME 1167737286
TRACK A20110117627380 F 374060 972500 120 30 999 NONE NONE 370
	FP_ROUTE KC..KB737

TRACK_TIME 1167737286
TRACK A20110117627383 F 335500 1183100 120 30 999 NONE NONE 290
	FP_ROUTE KC..KB733

TRACK_TIME 1167737286
TRACK A20110117627384 F 333900 842800 120 30 999 NONE NONE 400
	FP_ROUTE KC..KB733

TRACK_TIME 1167737286
TRACK A20110117627387 F 384360 1213600 120 30 999 NONE NONE 300
	FP_ROUTE KC..KA320

TRACK_TIME 1167737286
TRACK A20110117627392 F 420100 875560 120 30 999 NONE NONE 380
	FP_ROUTE KT..KCRJ1

TRACK_TIME 1167737286
TRACK A20110117627393 F 404800 1120000 120 30 999 NONE NONE 270
	FP_ROUTE KC..KA320

TRACK_TIME 1167737286
TRACK A20110117627394 F 332560 1115700 120 30 999 NONE NONE 350
	FP_ROUTE KC..KA319

TRACK_TIME 1167737286
TRACK A20110117627401 F 373600 1221900 120 30 999 NONE NONE 360
	FP_ROUTE KT..KCRJ2

TRACK_TIME 1167737286
TRACK A20110117627402 F 325500 970300 120 30 999 NONE NONE 240
	FP_ROUTE KC..KA321

TRACK_TIME 1167737286
TRACK A20110117627408 F 264600 812860 120 30 999 NONE NONE 360
	FP_ROUTE KC..KB752

TRACK_TIME 1167737286
TRACK A20110117627409 F 333700 842860 120 30 999 NONE NONE 370
	FP_ROUTE KC..KCRJ2

TRACK_TIME 1167737286
TRACK A20110117627411 F 260400 801300 120 30 999 NONE NONE 380
	FP_ROUTE KT..KCRJ2

TRACK_TIME 1167737286
TRACK A20110117627415 F 333700 842800 120 30 999 NONE NONE 400
	FP_ROUTE KC..KCRJ2

TRACK_TIME 1167737286
TRACK A20110117627417 F 345700 785500 120 30 999 NONE NONE 250
	FP_ROUTE KC..KB737

TRACK_TIME 1167737286
TRACK A20110117627418 F 333700 843000 120 30 999 NONE NONE 280
	FP_ROUTE KC..KB763

TRACK_TIME 1167737286
TRACK A20110117627422 F 351300 805560 120 30 999 NONE NONE 290
	FP_ROUTE KC..KA319

TRACK_TIME 1167737286
TRACK A20110117627424 F 350100 1063760 120 30 999 NONE NONE 370
	FP_ROUTE KC..KB738

TRACK_TIME 1167737286
TRACK A20110117627429 F 420000 875100 120 30 999 NONE NONE 370
	FP_ROUTE KC..KE170

TRACK_TIME 1167737286
TRACK A20110117627442 F 395200 751360 120 30 999 NONE NONE 410
	FP_ROUTE KC..KB737

TRACK_TIME 1167737286
TRACK A20110117627444 F 394600 861500 120 30 999 NONE NONE 430
	FP_ROUTE KC..KE170

TRACK_TIME 1167737286
TRACK A20110117627445 F 351300 805560 120 30 999 NONE NONE 380
	FP_ROUTE KC..KB738

TRACK_TIME 1167737286
TRACK A20110117627446 F 480760 1033160 120 30 999 NONE NONE 200
	FP_ROUTE KC..KE170

TRACK_TIME 1167737286
TRACK A20110117627448 F 333700 843100 120 30 999 NONE NONE 350
	FP_ROUTE KC..KB737

TRACK_TIME 1167737286
TRACK A20110117627449 F 384960 770160 120 30 999 NONE NONE 320
	FP_ROUTE KC..KB733

TRACK_TIME 1167737286
TRACK A20110117627450 F 384900 770160 120 30 999 NONE NONE 350
	FP_ROUTE KC..KE145

TRACK_TIME 1167737286
TRACK A20110117627451 F 425700 835100 120 30 999 NONE NONE 340
	FP_ROUTE KC..KB712

TRACK_TIME 1167737286
TRACK A20110117627457 F 444660 894000 120 30 999 NONE NONE 240
	FP_ROUTE KT..KCRJ2

TRACK_TIME 1167737286
TRACK A20110117627458 F 444960 900460 120 30 999 NONE NONE 240
	FP_ROUTE KC..KB737

TRACK_TIME 1167737286
TRACK A20110117627459 F 333900 842700 120 30 999 NONE NONE 360
	FP_ROUTE KC..KB744

TRACK_TIME 1167737286
TRACK A20110117627467 F 445260 931200 120 30 999 NONE NONE 410
	FP_ROUTE KC..KB744

TRACK_TIME 1167737286
TRACK A20110117627470 F 424000 832700 120 30 999 NONE NONE 240
	FP_ROUTE KC..KE145

TRACK_TIME 1167737286
TRACK A20110117627471 F 395200 751660 120 30 999 NONE NONE 390
	FP_ROUTE KC..KB737

TRACK_TIME 1167737286
TRACK A20110117627474 F 325500 970160 120 30 999 NONE NONE 320
	FP_ROUTE KG..KCL60

TRACK_TIME 1167737286
TRACK A20110117627477 F 325500 970300 120 30 999 NONE NONE 310
	FP_ROUTE KC..KA320

TRACK_TIME 1167737286
TRACK A20110117627478 F 280160 823160 120 30 999 NONE NONE 390
	FP_ROUTE KG..KBE20

TRACK_TIME 1167737286
TRACK A20110117627483 F 445200 931200 120 30 999 NONE NONE 330
	FP_ROUTE KC..KA320

TRACK_TIME 1167737286
TRACK A20110117627485 F 373600 1221900 120 30 999 NONE NONE 340
	FP_ROUTE KC..KA319

TRACK_TIME 1167737286
TRACK A20110117627486 F 355100 784900 120 30 999 NONE NONE 330
	FP_ROUTE KC..KB738

TRACK_TIME 1167737286
TRACK A20110117627487 F 394900 1044000 120 30 999 NONE NONE 370
	FP_ROUTE KT..KCRJ9

TRACK_TIME 1167737286
TRACK A20110117627495 F 325500 970100 120 30 999 NONE NONE 340
	FP_ROUTE KC..KB712

TRACK_TIME 1167737286
TRACK A20110117627496 F 332560 1115800 120 30 999 NONE NONE 340
	FP_ROUTE KC..KE145

TRACK_TIME 1167737286
TRACK A20110117627505 F 350900 775700 120 30 999 NONE NONE 230
	FP_ROUTE KT..KCRJ9

TRACK_TIME 1167737286
TRACK A20110117627506 F 260400 801200 120 30 999 NONE NONE 350
	FP_ROUTE KC..KB733

TRACK_TIME 1167737286
TRACK A20110117627507 F 355100 784900 120 30 999 NONE NONE 290
	FP_ROUTE KC..KB738

TRACK_TIME 1167737286
TRACK A20110117627512 F 351360 805560 120 30 999 NONE NONE 240
	FP_ROUTE KC..KCRJ2

TRACK_TIME 1167737286
TRACK A20110117627514 F 404600 734960 120 30 999 NONE NONE 310
	FP_ROUTE KC..KB752

TRACK_TIME 1167737286
TRACK A20110117627520 F 352100 972700 120 30 999 NONE NONE 350
	FP_ROUTE KC..KB733

TRACK_TIME 1167737286
TRACK A20110117627523 F 300000 901600 120 30 999 NONE NONE 340
	FP_ROUTE KC..KB733

TRACK_TIME 1167737286
TRACK A20110117627525 F 333700 842800 120 30 999 NONE NONE 310
	FP_ROUTE KC..KE145

TRACK_TIME 1167737286
TRACK A20110117627530 F 335400 1181060 120 30 999 NONE NONE 310
	FP_ROUTE KC..KB737

TRACK_TIME 1167737286
TRACK A20110117627531 F 374200 1220900 120 30 999 NONE NONE 300
	FP_ROUTE KC..KA320

TRACK_TIME 1167737286
TRACK A20110117627532 F 391000 943460 120 30 999 NONE NONE 380
	FP_ROUTE KC..KA320

TRACK_TIME 1167737286
TRACK A20110117627542 F 394800 1044000 120 30 999 NONE NONE 350
	FP_ROUTE KC..KE145

TRACK_TIME 1167737286
TRACK A20110117627543 F 351360 805500 120 30 999 NONE NONE 300
	FP_ROUTE KG..KC550

TRACK_TIME 1167737286
TRACK A20110117627550 F 425800 875400 120 30 999 NONE NONE 380
	FP_ROUTE KT..KCRJ2

TRACK_TIME 1167737286
TRACK A20110117627551 F 360460 1151360 120 30 999 NONE NONE 380
	FP_ROUTE KT..KCRJ2

TRACK_TIME 1167737286
TRACK A20110117627554 F 325260 970300 120 30 999 NONE NONE 350
	FP_ROUTE KC..KB733

TRACK_TIME 1167737286
TRACK A20110117627555 F 384800 770160 120 30 999 NONE NONE 329
	FP_ROUTE KC..KB735

TRACK_TIME 1167737286
TRACK A20110117627556 F 343400 864200 120 30 999 NONE NONE 350
	FP_ROUTE KT..KCRJ2

TRACK_TIME 1167737286
TRACK A20110117627557 F 330760 970100 120 30 999 NONE NONE 320
	FP_ROUTE KC..KA320

TRACK_TIME 1167737286
TRACK A20110117627558 F 371960 1215400 120 30 999 NONE NONE 320
	FP_ROUTE KC..KE190

TRACK_TIME 1167737286
TRACK A20110117627559 F 333900 842860 120 30 999 NONE NONE 260
	FP_ROUTE KT..KCRJ2

TRACK_TIME 1167737286
TRACK A20110117627560 F 293700 951500 120 30 999 NONE NONE 370
	FP_ROUTE KC..KE145

TRACK_TIME 1167737286
TRACK A20110117627562 F 403160 885260 120 30 999 NONE NONE 260
	FP_ROUTE KC..KE170

TRACK_TIME 1167737286
TRACK A20110117627563 F 395400 841200 120 30 999 NONE NONE 330
	FP_ROUTE KC..KB737

TRACK_TIME 1167737286
TRACK A20110117627565 F 395200 751660 120 30 999 NONE NONE 260
	FP_ROUTE KC..KA320

TRACK_TIME 1167737286
TRACK A20110117627568 F 425860 875260 120 30 999 NONE NONE 380
	FP_ROUTE KC..KCRJ2

TRACK_TIME 1167737286
TRACK A20110117627570 F 335700 1182560 120 30 999 NONE NONE 390
	FP_ROUTE KC..KE145

TRACK_TIME 1167737286
TRACK A20110117627571 F 414660 874500 120 30 999 NONE NONE 380
	FP_ROUTE KC..KE145

TRACK_TIME 1167737286
TRACK A20110117627572 F 393160 1073600 120 30 999 NONE NONE 400
	FP_ROUTE KT..KE145

TRACK_TIME 1167737286
TRACK A20110117627576 F 415860 875260 120 30 999 NONE NONE 390
	FP_ROUTE KC..KA319

TRACK_TIME 1167737286
TRACK A20110117627577 F 453400 1223400 120 30 999 NONE NONE 340
	FP_ROUTE KT..KCRJ9

TRACK_TIME 1167737286
TRACK A20110117627581 F 263600 813000 120 30 999 NONE NONE 380
	FP_ROUTE KC..KA319

TRACK_TIME 1167737286
TRACK A20110117627585 F 472700 1221900 120 30 999 NONE NONE 200
	FP_ROUTE KC..KE145

TRACK_TIME 1167737286
TRACK A20110117627587 F 384500 902100 120 30 999 NONE NONE 410
	FP_ROUTE KC..KB735

TRACK_TIME 1167737286
TRACK A20110117627588 F 422200 705860 120 30 999 NONE NONE 270
	FP_ROUTE KC..KA319

TRACK_TIME 1167737286
TRACK A20110117627589 F 333900 842800 120 30 999 NONE NONE 280
	FP_ROUTE KC..KB738

TRACK_TIME 1167737286
TRACK A20110117627594 F 384360 1213600 120 30 999 NONE NONE 360
	FP_ROUTE KG..KBE9L

TRACK_TIME 1167737286
TRACK A20110117627595 F 360600 864200 120 30 999 NONE NONE 390
	FP_ROUTE KT..KCRJ2

TRACK_TIME 1167737286
TRACK A20110117627596 F 372860 771800 120 30 999 NONE NONE 220
	FP_ROUTE KG..KC550

TRACK_TIME 1167737286
TRACK A20110117627597 F 412560 814900 120 30 999 NONE NONE 270
	FP_ROUTE KT..KE145

TRACK_TIME 1167737286
TRACK A20110117627598 F 400000 825560 120 30 999 NONE NONE 320
	FP_ROUTE KT..KCRJ2

TRACK_TIME 1167737286
TRACK A20110117627605 F 325260 970300 120 30 999 NONE NONE 360
	FP_ROUTE KG..KFA20

TRACK_TIME 1167737286
TRACK A20110117627606 F 260460 801660 120 30 999 NONE NONE 340
	FP_ROUTE KC..KMD82

TRACK_TIME 1167737286
TRACK A20110117627607 F 421360 832200 120 30 999 NONE NONE 230
	FP_ROUTE KC..KA319

TRACK_TIME 1167737286
TRACK A20110117627609 F 352260 973700 120 30 999 NONE NONE 340
	FP_ROUTE KC..KA319

TRACK_TIME 1167737286
TRACK A20110117627611 F 384360 1213600 120 30 999 NONE NONE 380
	FP_ROUTE KG..KC550

TRACK_TIME 1167737286
TRACK A20110117627613 F 335560 1182260 120 30 999 NONE NONE 360
	FP_ROUTE KC..KB735

TRACK_TIME 1167737286
TRACK A20110117627614 F 304200 881500 120 30 999 NONE NONE 280
	FP_ROUTE KC..KA320

TRACK_TIME 1167737286
TRACK A20110117627615 F 395100 1044060 120 30 999 NONE NONE 350
	FP_ROUTE KC..KB737

TRACK_TIME 1167737286
TRACK A20110117627616 F 344000 864660 120 30 999 NONE NONE 220
	FP_ROUTE KC..KB737

TRACK_TIME 1167737286
TRACK A20110117627617 F 425800 875400 120 30 999 NONE NONE 360
	FP_ROUTE KC..KB712

TRACK_TIME 1167737286
TRACK A20110117627621 F 325400 970100 120 30 999 NONE NONE 340
	FP_ROUTE KC..KB712

TRACK_TIME 1167737286
TRACK A20110117627634 F 395200 751360 120 30 999 NONE NONE 310
	FP_ROUTE KC..KB737

TRACK_TIME 1167737286
TRACK A20110117627635 F 421960 710100 120 30 999 NONE NONE 350
	FP_ROUTE KC..KB737

TRACK_TIME 1167737286
TRACK A20110117627637 F 254800 801600 120 30 999 NONE NONE 370
	FP_ROUTE KC..KMD82

TRACK_TIME 1167737286
TRACK A20110117627639 F 394900 1044000 120 30 999 NONE NONE 410
	FP_ROUTE KC..KB712

TRACK_TIME 1167737286
TRACK A20110117627640 F 360460 1151060 120 30 999 NONE NONE 380
	FP_ROUTE KC..KE170

TRACK_TIME 1167737286
TRACK A20110117627641 F 303100 814360 120 30 999 NONE NONE 370
	FP_ROUTE KC..KE170

TRACK_TIME 1167737286
TRACK A20110117627642 F 350400 895860 120 30 999 NONE NONE 300
	FP_ROUTE KC..KB712

TRACK_TIME 1167737286
TRACK A20110117627643 F 351200 805800 120 30 999 NONE NONE 270
	FP_ROUTE KC..KB752

TRACK_TIME 1167737286
TRACK A20110117627646 F 415860 874960 120 30 999 NONE NONE 340
	FP_ROUTE KC..KB737

TRACK_TIME 1167737286
TRACK A20110117627647 F 335560 1182260 120 30 999 NONE NONE 380
	FP_ROUTE KC..KB737

TRACK_TIME 1167737286
TRACK A20110117627654 F 325500 970160 120 30 999 NONE NONE 200
	FP_ROUTE KC..KCRJ2

TRACK_TIME 1167737286
TRACK A20110117627658 F 421960 710100 120 30 999 NONE NONE 230
	FP_ROUTE KT..KCRJ2

TRACK_TIME 1167737286
TRACK A20110117627659 F 394900 1043900 120 30 999 NONE NONE 360
	FP_ROUTE KC..KB733

TRACK_TIME 1167737286
TRACK A20110117627660 F 391060 764300 120 30 999 NONE NONE 390
	FP_ROUTE KC..KE135

TRACK_TIME 1167737286
TRACK A20110117627661 F 254800 801660 120 30 999 NONE NONE 340
	FP_ROUTE KC..KB737

TRACK_TIME 1167737286
TRACK A20110117627663 F 360460 1150900 120 30 999 NONE NONE 300
	FP_ROUTE KC..KB752

TRACK_TIME 1167737286
TRACK A20110117627664 F 333460 864300 120 30 999 NONE NONE 400
	FP_ROUTE KC..KA319

TRACK_TIME 1167737286
TRACK A20110117627666 F 391000 764200 120 30 999 NONE NONE 350
	FP_ROUTE KC..KB752

TRACK_TIME 1167737286
TRACK A20110117627667 F 410160 734060 120 30 999 NONE NONE 410
	FP_ROUTE KC..KB737

TRACK_TIME 1167737286
TRACK A20110117627679 F 385860 772560 120 30 999 NONE NONE 300
	FP_ROUTE KT..KCRJ1

TRACK_TIME 1167737286
TRACK A20110117627680 F 335700 1182700 120 30 999 NONE NONE 380
	FP_ROUTE KC..KE145

TRACK_TIME 1167737286
TRACK A20110117627683 F 430600 774200 120 30 999 NONE NONE 270
	FP_ROUTE KC..KB738

TRACK_TIME 1167737286
TRACK A20110117627684 F 415860 875200 120 30 999 NONE NONE 320
	FP_ROUTE KC..KB737

TRACK_TIME 1167737286
TRACK A20110117627687 F 264060 801360 120 30 999 NONE NONE 340
	FP_ROUTE KC..KE145

TRACK_TIME 1167737286
TRACK A20110117627688 F 351200 805560 120 30 999 NONE NONE 300
	FP_ROUTE KG..KC550

TRACK_TIME 1167737286
TRACK A20110117627690 F 615800 1500460 120 30 999 NONE NONE 350
	FP_ROUTE KG..KFA50

TRACK_TIME 1167737286
TRACK A20110117627691 F 394900 1044000 120 30 999 NONE NONE 360
	FP_ROUTE KC..KB737

TRACK_TIME 1167737286
TRACK A20110117627694 F 263300 820300 120 30 999 NONE NONE 390
	FP_ROUTE KC..KB752

TRACK_TIME 1167737286
TRACK A20110117627695 F 404000 741060 120 30 999 NONE NONE 350
	FP_ROUTE KG..KC560

TRACK_TIME 1167737286
TRACK A20110117627696 F 325500 970460 120 30 999 NONE NONE 330
	FP_ROUTE KC..KLJ35

TRACK_TIME 1167737286
TRACK A20110117627701 F 333760 842860 120 30 999 NONE NONE 329
	FP_ROUTE KG..KC560

TRACK_TIME 1167737286
TRACK A20110117627709 F 301600 962260 120 30 999 NONE NONE 259
	FP_ROUTE KC..KE135

TRACK_TIME 1167737286
TRACK A20110117627712 F 360300 941000 120 30 999 NONE NONE 249
	FP_ROUTE KC..KB733

TRACK_TIME 1167737286
TRACK A20110117627721 F 403160 735100 120 30 999 NONE NONE 350
	FP_ROUTE KC..KE145

TRACK_TIME 1167737286
TRACK A20110117627729 F 620400 1631800 120 30 999 NONE NONE 300
	FP_ROUTE KC..KB772

TRACK_TIME 1167737286
TRACK A20110117627732 F 391060 764360 120 30 999 NONE NONE 390
	FP_ROUTE KC..KE135

TRACK_TIME 1167737286
TRACK A20110117627733 F 293300 983100 120 30 999 NONE NONE 380
	FP_ROUTE KC..KB737

TRACK_TIME 1167737286
TRACK A20110117627734 F 332560 1115860 120 30 999 NONE NONE 380
	FP_ROUTE KC..KE170

TRACK_TIME 1167737286
TRACK A20110117627735 F 334000 1175200 120 30 999 NONE NONE 300
	FP_ROUTE KC..KB733

TRACK_TIME 1167737286
TRACK A20110117627738 F 391300 764060 120 30 999 NONE NONE 390
	FP_ROUTE KC..KA321

TRACK_TIME 1167737286
TRACK A20110117627744 F 335560 1183460 120 30 999 NONE NONE 320
	FP_ROUTE KC..KDH8D

TRACK_TIME 1167737286
TRACK A20110117627745 F 372100 1215500 120 30 999 NONE NONE 340
	FP_ROUTE KC..KE120

TRACK_TIME 1167737286
TRACK A20110117627746 F 360460 1150900 120 30 999 NONE NONE 330
	FP_ROUTE KC..KDH8D

TRACK_TIME 1167737286
TRACK A20110117627747 F 353100 973400 120 30 999 NONE NONE 330
	FP_ROUTE KT..KCRJ2

TRACK_TIME 1167737286
TRACK A20110117627751 F 262800 815400 120 30 999 NONE NONE 370
	FP_ROUTE KC..KA320

TRACK_TIME 1167737286
TRACK A20110117627753 F 421360 832200 120 30 999 NONE NONE 350
	FP_ROUTE KC..KB733

TRACK_TIME 1167737286
TRACK A20110117627754 F 415800 874960 120 30 999 NONE NONE 330
	FP_ROUTE KC..KA321

TRACK_TIME 1167737286
TRACK A20110117627755 F 421900 710160 120 30 999 NONE NONE 370
	FP_ROUTE KC..KB737

TRACK_TIME 1167737286
TRACK A20110117627756 F 445200 931060 120 30 999 NONE NONE 370
	FP_ROUTE KC..KA319

TRACK_TIME 1167737286
TRACK A20110117627763 F 431800 891900 120 30 999 NONE NONE 280
	FP_ROUTE KC..KA320

TRACK_TIME 1167737286
TRACK A20110117627770 F 344500 921300 120 30 999 NONE NONE 330
	FP_ROUTE KC..KB733

TRACK_TIME 1167737286
TRACK A20110117627772 F 385860 772800 120 30 999 NONE NONE 350
	FP_ROUTE KC..KCRJ2

TRACK_TIME 1167737286
TRACK A20110117627773 F 384500 901900 120 30 999 NONE NONE 330
	FP_ROUTE KC..KB735

TRACK_TIME 1167737286
TRACK A20110117627774 F 345860 1064000 120 30 999 NONE NONE 340
	FP_ROUTE KT..KCRJ1

TRACK_TIME 1167737286
TRACK A20110117627775 F 404500 1120000 120 30 999 NONE NONE 320
	FP_ROUTE KC..KCRJ2

TRACK_TIME 1167737286
TRACK A20110117627783 F 351200 1014000 120 30 999 NONE NONE 360
	FP_ROUTE KG..KC560

TRACK_TIME 1167737286
TRACK A20110117627791 F 374300 1221060 120 30 999 NONE NONE 360
	FP_ROUTE KC..KB752

TRACK_TIME 1167737286
TRACK A20110117627794 F 373600 1221960 120 30 999 NONE NONE 350
	FP_ROUTE KT..KCRJ2

TRACK_TIME 1167737286
TRACK A20110117627800 F 384900 770160 120 30 999 NONE NONE 320
	FP_ROUTE KC..KA319

TRACK_TIME 1167737286
TRACK A20110117627808 F 345860 850760 120 30 999 NONE NONE 370
	FP_ROUTE KG..KC560

TRACK_TIME 1167737286
TRACK A20110117627810 F 395260 1043700 120 30 999 NONE NONE 310
	FP_ROUTE KC..KMD82

TRACK_TIME 1167737286
TRACK A20110117627811 F 405200 723600 120 30 999 NONE NONE 410
	FP_ROUTE KC..KA320

TRACK_TIME 1167737286
TRACK A20110117627812 F 254800 801600 120 30 999 NONE NONE 400
	FP_ROUTE KC..KMD83

TRACK_TIME 1167737286
TRACK A20110117627814 F 301360 974060 120 30 999 NONE NONE 200
	FP_ROUTE KC..KA319

TRACK_TIME 1167737286
TRACK A20110117627816 F 303100 813760 120 30 999 NONE NONE 330
	FP_ROUTE KC..KB712

TRACK_TIME 1167737286
TRACK A20110117627817 F 260300 800760 120 30 999 NONE NONE 270
	FP_ROUTE KC..KB735

TRACK_TIME 1167737286
TRACK A20110117627819 F 332560 1115800 120 30 999 NONE NONE 360
	FP_ROUTE KC..KB737

TRACK_TIME 1167737286
TRACK A20110117627821 F 205200 1562560 120 30 999 NONE NONE 370
	FP_ROUTE KC..KB753

TRACK_TIME 1167737286
TRACK A20110117627824 F 390460 843900 120 30 999 NONE NONE 280
	FP_ROUTE KC..KB712

TRACK_TIME 1167737286
TRACK A20110117627827 F 403900 741060 120 30 999 NONE NONE 410
	FP_ROUTE KC..KB752

TRACK_TIME 1167737286
TRACK A20110117627839 F 421060 792260 120 30 999 NONE NONE 280
	FP_ROUTE KC..KE145

TRACK_TIME 1167737286
TRACK A20110117627840 F 385800 772560 120 30 999 NONE NONE 210
	FP_ROUTE KC..KE170

TRACK_TIME 1167737286
TRACK A20110117627843 F 293300 983100 120 30 999 NONE NONE 360
	FP_ROUTE KC..KE120

TRACK_TIME 1167737286
TRACK A20110117627851 F 350300 895800 120 30 999 NONE NONE 300
	FP_ROUTE KC..KB763

TRACK_TIME 1167737286
TRACK A20110117627852 F 282800 811800 120 30 999 NONE NONE 340
	FP_ROUTE KC..KE145

TRACK_TIME 1167737286
TRACK A20110117627853 F 304200 881600 120 30 999 NONE NONE 270
	FP_ROUTE KC..KB733

TRACK_TIME 1167737286
TRACK A20110117627859 F 454800 844060 120 30 999 NONE NONE 230
	FP_ROUTE KC..KB733

TRACK_TIME 1167737286
TRACK A20110117627865 F 282700 811960 120 30 999 NONE NONE 210
	FP_ROUTE KC..KA320

TRACK_TIME 1167737286
TRACK A20110117627866 F 415500 881360 120 30 999 NONE NONE 320
	FP_ROUTE KC..KB733

TRACK_TIME 1167737286
TRACK A20110117627867 F 394300 861800 120 30 999 NONE NONE 350
	FP_ROUTE KC..KE145

TRACK_TIME 1167737286
TRACK A20110117627868 F 395260 1043400 120 30 999 NONE NONE 360
	FP_ROUTE KC..KE170

TRACK_TIME 1167737286
TRACK A20110117627871 F 390460 844000 120 30 999 NONE NONE 290
	FP_ROUTE KC..KE170

TRACK_TIME 1167737286
TRACK A20110117627872 F 384900 770160 120 30 999 NONE NONE 370
	FP_ROUTE KC..KB738

TRACK_TIME 1167737286
TRACK A20110117627876 F 410160 734060 120 30 999 NONE NONE 370
	FP_ROUTE KC..KE170

TRACK_TIME 1167737286
TRACK A20110117627878 F 421360 832100 120 30 999 NONE NONE 350
	FP_ROUTE KC..KCRJ2

TRACK_TIME 1167737286
TRACK A20110117627880 F 445200 931060 120 30 999 NONE NONE 350
	FP_ROUTE KC..KB735

TRACK_TIME 1167737286
TRACK A20110117627883 F 425860 875260 120 30 999 NONE NONE 380
	FP_ROUTE KC..KB737

TRACK_TIME 1167737286
TRACK A20110117627884 F 360900 863900 120 30 999 NONE NONE 360
	FP_ROUTE KT..KCRJ9

TRACK_TIME 1167737286
TRACK A20110117627885 F 392700 943760 120 30 999 NONE NONE 360
	FP_ROUTE KT..KCRJ9

TRACK_TIME 1167737286
TRACK A20110117627886 F 360460 1150900 120 30 999 NONE NONE 340
	FP_ROUTE KC..KA319

TRACK_TIME 1167737286
TRACK A20110117627887 F 374060 1221060 120 30 999 NONE NONE 320
	FP_ROUTE KC..KB738

TRACK_TIME 1167737286
TRACK A20110117627888 F 335500 1183100 120 30 999 NONE NONE 370
	FP_ROUTE KC..KA319

TRACK_TIME 1167737286
TRACK A20110117627894 F 325500 970300 120 30 999 NONE NONE 360
	FP_ROUTE KC..KB733

TRACK_TIME 1167737286
TRACK A20110117627896 F 332560 1115800 120 30 999 NONE NONE 340
	FP_ROUTE KC..KB738

TRACK_TIME 1167737286
TRACK A20110117627899 F 445260 931300 120 30 999 NONE NONE 320
	FP_ROUTE KC..KE145

TRACK_TIME 1167737286
TRACK A20110117627900 F 425800 875400 120 30 999 NONE NONE 380
	FP_ROUTE KC..KCRJ2

TRACK_TIME 1167737286
TRACK A20110117627901 F 360460 1150760 120 30 999 NONE NONE 360
	FP_ROUTE KC..KB752

TRACK_TIME 1167737286
TRACK A20110117627904 F 373700 1222200 120 30 999 NONE NONE 340
	FP_ROUTE KC..KLJ35

TRACK_TIME 1167737286
TRACK A20110117627908 F 360460 1150760 120 30 999 NONE NONE 360
	FP_ROUTE KC..KCRJ2

TRACK_TIME 1167737286
TRACK A20110117627913 F 390760 763760 120 30 999 NONE NONE 290
	FP_ROUTE KC..KCRJ2

TRACK_TIME 1167737286
TRACK A20110117627918 F 282700 811960 120 30 999 NONE NONE 320
	FP_ROUTE KC..KCRJ2

TRACK_TIME 1167737286
TRACK A20110117627920 F 395200 751660 120 30 999 NONE NONE 280
	FP_ROUTE KC..KE145

TRACK_TIME 1167737286
TRACK A20110117627921 F 391960 962860 120 30 999 NONE NONE 360
	FP_ROUTE KC..KB752

TRACK_TIME 1167737286
TRACK A20110117627922 F 414800 874660 120 30 999 NONE NONE 340
	FP_ROUTE KC..KA320

TRACK_TIME 1167737286
TRACK A20110117627923 F 472860 1221900 120 30 999 NONE NONE 340
	FP_ROUTE KC..KCRJ2

TRACK_TIME 1167737286
TRACK A20110117627931 F 430600 761060 120 30 999 NONE NONE 230
	FP_ROUTE KT..KCRJ1

TRACK_TIME 1167737286
TRACK A20110117627932 F 415860 875200 120 30 999 NONE NONE 360
	FP_ROUTE KC..KB738

TRACK_TIME 1167737286
TRACK A20110117627940 F 430600 761060 120 30 999 NONE NONE 370
	FP_ROUTE KT..KCRJ9

TRACK_TIME 1167737286
TRACK A20110117627941 F 391060 764500 120 30 999 NONE NONE 370
	FP_ROUTE KC..KB712

TRACK_TIME 1167737286
TRACK A20110117627942 F 415700 724000 120 30 999 NONE NONE 250
	FP_ROUTE KG..KC510

TRACK_TIME 1167737286
TRACK A20110117627944 F 421300 831960 120 30 999 NONE NONE 370
	FP_ROUTE KC..KMD83

TRACK_TIME 1167737286
TRACK A20110117627948 F 420000 875700 120 30 999 NONE NONE 310
	FP_ROUTE KC..KA320

TRACK_TIME 1167737286
TRACK A20110117627955 F 430460 774300 120 30 999 NONE NONE 350
	FP_ROUTE KC..KE145

TRACK_TIME 1167737286
TRACK A20110117627956 F 394000 862100 120 30 999 NONE NONE 260
	FP_ROUTE KC..KB737

TRACK_TIME 1167737286
TRACK A20110117627957 F 282800 811960 120 30 999 NONE NONE 340
	FP_ROUTE KC..KA320

TRACK_TIME 1167737286
TRACK A20110117627964 F 425800 875400 120 30 999 NONE NONE 320
	FP_ROUTE KC..KB712

TRACK_TIME 1167737286
TRACK A20110117627965 F 392560 944000 120 30 999 NONE NONE 320
	FP_ROUTE KC..KB712

TRACK_TIME 1167737286
TRACK A20110117627966 F 405560 812500 120 30 999 NONE NONE 350
	FP_ROUTE KC..KCRJ2

TRACK_TIME 1167737286
TRACK A20110117627972 F 395200 751660 120 30 999 NONE NONE 290
	FP_ROUTE KC..KB737

TRACK_TIME 1167737286
TRACK A20110117627973 F 404600 735100 120 30 999 NONE NONE 310
	FP_ROUTE KC..KE145

TRACK_TIME 1167737286
TRACK A20110117627974 F 351360 805560 120 30 999 NONE NONE 330
	FP_ROUTE KC..KE170

TRACK_TIME 1167737286
TRACK A20110117627978 F 254660 801600 120 30 999 NONE NONE 340
	FP_ROUTE KC..KE145

TRACK_TIME 1167737286
TRACK A20110117627988 F 384960 770160 120 30 999 NONE NONE 330
	FP_ROUTE KC..KA319

TRACK_TIME 1167737286
TRACK A20110117627989 F 395200 751660 120 30 999 NONE NONE 270
	FP_ROUTE KC..KA321

TRACK_TIME 1167737286
TRACK A20110117627990 F 403000 801660 120 30 999 NONE NONE 240
	FP_ROUTE KC..KB737

TRACK_TIME 1167737286
TRACK A20110117627991 F 302260 841360 120 30 999 NONE NONE 320
	FP_ROUTE KC..KA320

TRACK_TIME 1167737286
TRACK A20110117627992 F 293700 951500 120 30 999 NONE NONE 380
	FP_ROUTE KC..KA321

TRACK_TIME 1167737286
TRACK A20110117627994 F 325200 965200 120 30 999 NONE NONE 400
	FP_ROUTE KC..KE145

TRACK_TIME 1167737286
TRACK A20110117627995 F 360460 1151060 120 30 999 NONE NONE 340
	FP_ROUTE KC..KB772

TRACK_TIME 1167737286
TRACK A20110117628000 F 394660 1044000 120 30 999 NONE NONE 380
	FP_ROUTE KT..KCRJ1

TRACK_TIME 1167737286
TRACK A20110117628006 F 400400 750160 120 30 999 NONE NONE 350
	FP_ROUTE KC..KE145

TRACK_TIME 1167737286
TRACK A20110117628007 F 422700 711500 120 30 999 NONE NONE 230
	FP_ROUTE KC..KB737

TRACK_TIME 1167737286
TRACK A20110117628009 F 414900 874660 120 30 999 NONE NONE 270
	FP_ROUTE KC..KB752

TRACK_TIME 1167737286
TRACK A20110117628010 F 340300 811300 120 30 999 NONE NONE 300
	FP_ROUTE KC..KBE9L

TRACK_TIME 1167737286
TRACK A20110117628011 F 332560 1115860 120 30 999 NONE NONE 290
	FP_ROUTE KC..KB733

TRACK_TIME 1167737286
TRACK A20110117628012 F 384900 770160 120 30 999 NONE NONE 220
	FP_ROUTE KC..KB737

TRACK_TIME 1167737286
TRACK A20110117628013 F 372800 771660 120 30 999 NONE NONE 200
	FP_ROUTE KG..KC550

TRACK_TIME 1167737286
TRACK A20110117628015 F 393160 1045100 120 30 999 NONE NONE 390
	FP_ROUTE KC..KB737

TRACK_TIME 1167737286
TRACK A20110117628020 F 394800 1043900 120 30 999 NONE NONE 380
	FP_ROUTE KC..KB737

TRACK_TIME 1167737286
TRACK A20110117628032 F 282860 811960 120 30 999 NONE NONE 330
	FP_ROUTE KG..KC550

TRACK_TIME 1167737286
TRACK A20110117628033 F 430600 761060 120 30 999 NONE NONE 200
	FP_ROUTE KC..KB737

TRACK_TIME 1167737286
TRACK A20110117628034 F 390400 844000 120 30 999 NONE NONE 290
	FP_ROUTE KC..KE170

TRACK_TIME 1167737286
TRACK A20110117628037 F 264060 801200 120 30 999 NONE NONE 430
	FP_ROUTE KC..KE170

TRACK_TIME 1167737286
TRACK A20110117628038 F 432100 892400 120 30 999 NONE NONE 260
	FP_ROUTE KC..KE145

TRACK_TIME 1167737286
TRACK A20110117628041 F 182500 660300 120 30 999 NONE NONE 330
	FP_ROUTE KT..KC750

TRACK_TIME 1167737286
TRACK A20110117628044 F 373600 1221960 120 30 999 NONE NONE 340
	FP_ROUTE KT..KC750

TRACK_TIME 1167737286
TRACK A20110117628045 F 325560 970300 120 30 999 NONE NONE 310
	FP_ROUTE KC..KMD82

TRACK_TIME 1167737286
TRACK A20110117628046 F 391060 764200 120 30 999 NONE NONE 370
	FP_ROUTE KC..KE145

TRACK_TIME 1167737286
TRACK A20110117628048 F 394900 1043900 120 30 999 NONE NONE 340
	FP_ROUTE KC..KA319

TRACK_TIME 1167737286
TRACK A20110117628049 F 384660 770160 120 30 999 NONE NONE 330
	FP_ROUTE KC..KA319

TRACK_TIME 1167737286
TRACK A20110117628050 F 351200 805560 120 30 999 NONE NONE 300
	FP_ROUTE KC..KE170

TRACK_TIME 1167737286
TRACK A20110117628051 F 414300 880000 120 30 999 NONE NONE 380
	FP_ROUTE KC..KB738

TRACK_TIME 1167737286
TRACK A20110117628054 F 350000 1064000 120 30 999 NONE NONE 340
	FP_ROUTE KC..KA319

TRACK_TIME 1167737286
TRACK A20110117628062 F 351360 805800 120 30 999 NONE NONE 370
	FP_ROUTE KC..KE145

TRACK_TIME 1167737286
TRACK A20110117628064 F 395260 1043160 120 30 999 NONE NONE 360
	FP_ROUTE KC..KCRJ2

TRACK_TIME 1167737286
TRACK A20110117628065 F 335500 1183300 120 30 999 NONE NONE 360
	FP_ROUTE KC..KCRJ2

TRACK_TIME 1167737286
TRACK A20110117628070 F 472800 1221900 120 30 999 NONE NONE 400
	FP_ROUTE KC..KB737

TRACK_TIME 1167737286
TRACK A20110117628071 F 473760 1173160 120 30 999 NONE NONE 290
	FP_ROUTE KC..KB737

TRACK_TIME 1167737286
TRACK A20110117628072 F 453400 1223400 120 30 999 NONE NONE 360
	FP_ROUTE KC..KB733

TRACK_TIME 1167737286
TRACK A20110117628073 F 384360 1213600 120 30 999 NONE NONE 390
	FP_ROUTE KC..KB737

TRACK_TIME 1167737286
TRACK A20110117628074 F 324500 1171960 120 30 999 NONE NONE 390
	FP_ROUTE KC..KE145

TRACK_TIME 1167737286
TRACK A20110117628077 F 374200 1221200 120 30 999 NONE NONE 220
	FP_ROUTE KC..KE145

TRACK_TIME 1167737286
TRACK A20110117628078 F 325500 970600 120 30 999 NONE NONE 330
	FP_ROUTE KC..KE145

TRACK_TIME 1167737286
TRACK A20110117628079 F 355100 784960 120 30 999 NONE NONE 290
	FP_ROUTE KG..KBE9L

TRACK_TIME 1167737286
TRACK A20110117628081 F 373600 1221900 120 30 999 NONE NONE 360
	FP_ROUTE KG..KBE9L

TRACK_TIME 1167737286
TRACK A20110117628090 F 373600 1221900 120 30 999 NONE NONE 360
	FP_ROUTE KG..KBE9L

TRACK_TIME 1167737286
TRACK A20110117628093 F 361000 941360 120 30 999 NONE NONE 330
	FP_ROUTE KT..KCRJ2

TRACK_TIME 1167737286
TRACK A20110117628095 F 332560 1115860 120 30 999 NONE NONE 340
	FP_ROUTE KT..KE135

TRACK_TIME 1167737286
TRACK A20110117628097 F 384500 901900 120 30 999 NONE NONE 300
	FP_ROUTE KC..KB737

TRACK_TIME 1167737286
TRACK A20110117628098 F 351200 805800 120 30 999 NONE NONE 350
	FP_ROUTE KC..KE170

TRACK_TIME 1167737286
TRACK A20110117628103 F 332560 1115860 120 30 999 NONE NONE 380
	FP_ROUTE KC..KE135

TRACK_TIME 1167737286
TRACK A20110117628104 F 254800 801360 120 30 999 NONE NONE 360
	FP_ROUTE KT..KCRJ2

TRACK_TIME 1167737286
TRACK A20110117628105 F 472700 1221900 120 30 999 NONE NONE 360
	FP_ROUTE KC..KE190

TRACK_TIME 1167737286
TRACK A20110117628106 F 430160 712800 120 30 999 NONE NONE 390
	FP_ROUTE KC..KCRJ2

TRACK_TIME 1167737286
TRACK A20110117628107 F 391060 764200 120 30 999 NONE NONE 300
	FP_ROUTE KC..KB752

TRACK_TIME 1167737286
TRACK A20110117628109 F 325500 970460 120 30 999 NONE NONE 350
	FP_ROUTE KC..KCRJ2

TRACK_TIME 1167737286
TRACK A20110117628111 F 420000 875500 120 30 999 NONE NONE 220
	FP_ROUTE KT..KDH8D

TRACK_TIME 1167737286
TRACK A20110117628118 F 430760 774000 120 30 999 NONE NONE 220
	FP_ROUTE KC..KB737

TRACK_TIME 1167737286
TRACK A20110117628119 F 395260 751360 120 30 999 NONE NONE 180
	FP_ROUTE KC..KA321

TRACK_TIME 1167737286
TRACK A20110117628121 F 412560 814900 120 30 999 NONE NONE 350
	FP_ROUTE KC..KB737

TRACK_TIME 1167737286
TRACK A20110117628122 F 424500 732800 120 30 999 NONE NONE 450
	FP_ROUTE KC..KA320

TRACK_TIME 1167737286
TRACK A20110117628123 F 182560 660300 120 30 999 NONE NONE 370
	FP_ROUTE KC..KA319

TRACK_TIME 1167737286
TRACK A20110117628125 F 325200 965200 120 30 999 NONE NONE 190
	FP_ROUTE KC..KB738

TRACK_TIME 1167737286
TRACK A20110117628129 F 351360 805800 120 30 999 NONE NONE 230
	FP_ROUTE KC..KMD83

TRACK_TIME 1167737286
TRACK A20110117628131 F 263300 800460 120 30 999 NONE NONE 430
	FP_ROUTE KC..KA320

TRACK_TIME 1167737286
TRACK A20110117628133 F 395260 750700 120 30 999 NONE NONE 230
	FP_ROUTE KC..KA319

TRACK_TIME 1167737286
TRACK A20110117628134 F 420100 875560 120 30 999 NONE NONE 340
	FP_ROUTE KC..KA320

TRACK_TIME 1167737286
TRACK A20110117628136 F 260460 801300 120 30 999 NONE NONE 320
	FP_ROUTE KT..KCRJ9

TRACK_TIME 1167737286
TRACK A20110117628138 F 403760 734300 120 30 999 NONE NONE 350
	FP_ROUTE KC..KB733

TRACK_TIME 1167737286
TRACK A20110117628139 F 332560 1120400 120 30 999 NONE NONE 290
	FP_ROUTE KC..KCRJ2

TRACK_TIME 1167737286
TRACK A20110117628140 F 352400 973600 120 30 999 NONE NONE 370
	FP_ROUTE KC..KMD83

TRACK_TIME 1167737286
TRACK A20110117628141 F 301300 974060 120 30 999 NONE NONE 200
	FP_ROUTE KC..KA320

TRACK_TIME 1167737286
TRACK A20110117628142 F 414800 874660 120 30 999 NONE NONE 310
	FP_ROUTE KC..KCRJ2

TRACK_TIME 1167737286
TRACK A20110117628143 F 381060 854500 120 30 999 NONE NONE 250
	FP_ROUTE KT..KCRJ2

TRACK_TIME 1167737286
TRACK A20110117628144 F 360460 1151000 120 30 999 NONE NONE 360
	FP_ROUTE KC..KCRJ2

TRACK_TIME 1167737286
TRACK A20110117628145 F 325500 970160 120 30 999 NONE NONE 340
	FP_ROUTE KC..KE145

TRACK_TIME 1167737286
TRACK A20110117628147 F 384800 770160 120 30 999 NONE NONE 260
	FP_ROUTE KC..KE170

TRACK_TIME 1167737286
TRACK A20110117628148 F 420000 875100 120 30 999 NONE NONE 350
	FP_ROUTE KC..KE145

TRACK_TIME 1167737286
TRACK A20110117628149 F 395200 751660 120 30 999 NONE NONE 330
	FP_ROUTE KC..KE145

TRACK_TIME 1167737286
TRACK A20110117628150 F 360460 1150900 120 30 999 NONE NONE 360
	FP_ROUTE KC..KA319

TRACK_TIME 1167737286
TRACK A20110117628151 F 373600 1221960 120 30 999 NONE NONE 340
	FP_ROUTE KC..KA319

TRACK_TIME 1167737286
TRACK A20110117628152 F 282500 811660 120 30 999 NONE NONE 400
	FP_ROUTE KC..KB738

TRACK_TIME 1167737286
TRACK A20110117628153 F 384500 901960 120 30 999 NONE NONE 380
	FP_ROUTE KC..KA332

TRACK_TIME 1167737286
TRACK A20110117628155 F 472800 1221900 120 30 999 NONE NONE 380
	FP_ROUTE KC..KA319

TRACK_TIME 1167737286
TRACK A20110117628159 F 415800 875700 120 30 999 NONE NONE 330
	FP_ROUTE KT..KCRJ2

TRACK_TIME 1167737286
TRACK A20110117628160 F 395200 751300 120 30 999 NONE NONE 330
	FP_ROUTE KC..KB763

TRACK_TIME 1167737286
TRACK A20110117628161 F 374060 1221060 120 30 999 NONE NONE 390
	FP_ROUTE KC..KB737

TRACK_TIME 1167737286
TRACK A20110117628167 F 280100 823160 120 30 999 NONE NONE 350
	FP_ROUTE KC..KB733

TRACK_TIME 1167737286
TRACK A20110117628169 F 333760 843000 120 30 999 NONE NONE 330
	FP_ROUTE KC..KB733

TRACK_TIME 1167737286
TRACK A20110117628184 F 302860 814360 120 30 999 NONE NONE 350
	FP_ROUTE KC..KE170

TRACK_TIME 1167737286
TRACK A20110117628189 F 373600 1221960 120 30 999 NONE NONE 199
	FP_ROUTE KC..KE170

TRACK_TIME 1167737286
TRACK A20110117628190 F 373600 1221960 120 30 999 NONE NONE 250
	FP_ROUTE KC..KE145

TRACK_TIME 1167737286
TRACK A20110117628192 F 391060 771200 120 30 999 NONE NONE 240
	FP_ROUTE KG..KLJ45

TRACK_TIME 1167737286
TRACK A20110117628193 F 433900 964060 120 30 999 NONE NONE 350
	FP_ROUTE KC..KMD82

TRACK_TIME 1167737286
TRACK A20110117628197 F 364660 761960 120 30 999 NONE NONE 220
	FP_ROUTE KC..KCRJ9

TRACK_TIME 1167737286
TRACK A20110117628198 F 334000 1014800 120 30 999 NONE NONE 209
	FP_ROUTE KC..KA319

TRACK_TIME 1167737286
TRACK A20110117628210 F 332560 1115800 120 30 999 NONE NONE 370
	FP_ROUTE KC..KB737

TRACK_TIME 1167737286
TRACK A20110117628211 F 395200 751660 120 30 999 NONE NONE 350
	FP_ROUTE KC..KB737

TRACK_TIME 1167737286
TRACK A20110117628213 F 414800 874600 120 30 999 NONE NONE 340
	FP_ROUTE KC..KB735

TRACK_TIME 1167737286
TRACK A20110117628216 F 403600 734800 120 30 999 NONE NONE 370
	FP_ROUTE KC..KB762

TRACK_TIME 1167737286
TRACK A20110117628222 F 280100 823160 120 30 999 NONE NONE 340
	FP_ROUTE KC..KB737

TRACK_TIME 1167737286
TRACK A20110117628232 F 394960 841900 120 30 999 NONE NONE 320
	FP_ROUTE KC..KB737

TRACK_TIME 1167737286
TRACK A20110117628233 F 332560 1120460 120 30 999 NONE NONE 340
	FP_ROUTE KC..KE135

TRACK_TIME 1167737286
TRACK A20110117628234 F 355200 784800 120 30 999 NONE NONE 280
	FP_ROUTE KC..KB737

TRACK_TIME 1167737286
TRACK A20110117628243 F 402860 801600 120 30 999 NONE NONE 220
	FP_ROUTE KC..KCRJ2

TRACK_TIME 1167737286
TRACK A20110117628244 F 421360 831960 120 30 999 NONE NONE 320
	FP_ROUTE KT..KCRJ9

TRACK_TIME 1167737286
TRACK A20110117628245 F 282500 811660 120 30 999 NONE NONE 380
	FP_ROUTE KC..KCRJ9

TRACK_TIME 1167737286
TRACK A20110117628246 F 394900 1043900 120 30 999 NONE NONE 380
	FP_ROUTE KC..KCRJ9

TRACK_TIME 1167737286
TRACK A20110117628247 F 384960 770160 120 30 999 NONE NONE 190
	FP_ROUTE KC..KB752

TRACK_TIME 1167737286
TRACK A20110117628248 F 403760 741200 120 30 999 NONE NONE 330
	FP_ROUTE KC..KCRJ2

TRACK_TIME 1167737286
TRACK A20110117628249 F 254800 801660 120 30 999 NONE NONE 230
	FP_ROUTE KC..KCRJ2

TRACK_TIME 1167737286
TRACK A20110117628250 F 404800 735200 120 30 999 NONE NONE 330
	FP_ROUTE KC..KE145

TRACK_TIME 1167737286
TRACK A20110117628254 F 295860 951600 120 30 999 NONE NONE 320
	FP_ROUTE KC..KE120

TRACK_TIME 1167737286
TRACK A20110117628257 F 391060 764200 120 30 999 NONE NONE 350
	FP_ROUTE KC..KE120

TRACK_TIME 1167737286
TRACK A20110117628258 F 260300 800760 120 30 999 NONE NONE 320
	FP_ROUTE KC..KMD83

TRACK_TIME 1167737286
TRACK A20110117628260 F 282800 811660 120 30 999 NONE NONE 340
	FP_ROUTE KC..KB733

TRACK_TIME 1167737286
TRACK A20110117628261 F 430460 774300 120 30 999 NONE NONE 250
	FP_ROUTE KT..KCRJ2

TRACK_TIME 1167737286
TRACK A20110117628264 F 263100 815500 120 30 999 NONE NONE 410
	FP_ROUTE KT..KDH8D

TRACK_TIME 1167737286
TRACK A20110117628266 F 333760 842800 120 30 999 NONE NONE 370
	FP_ROUTE KC..KB738

TRACK_TIME 1167737286
TRACK A20110117628268 F 260400 800600 120 30 999 NONE NONE 360
	FP_ROUTE KC..KMD82

TRACK_TIME 1167737286
TRACK A20110117628274 F 332560 1120400 120 30 999 NONE NONE 360
	FP_ROUTE KC..KMD82

TRACK_TIME 1167737286
TRACK A20110117628279 F 384800 770160 120 30 999 NONE NONE 370
	FP_ROUTE KC..KB752

TRACK_TIME 1167737286
TRACK A20110117628284 F 445200 931000 120 30 999 NONE NONE 350
	FP_ROUTE KC..KCRJ9

TRACK_TIME 1167737286
TRACK A20110117628285 F 433300 1161060 120 30 999 NONE NONE 340
	FP_ROUTE KC..KE145

TRACK_TIME 1167737286
TRACK A20110117628288 F 373600 1221900 120 30 999 NONE NONE 380
	FP_ROUTE KC..KB752

TRACK_TIME 1167737286
TRACK A20110117628289 F 275500 823300 120 30 999 NONE NONE 350
	FP_ROUTE KC..KE170

TRACK_TIME 1167737286
TRACK A20110117628290 F 360700 864060 120 30 999 NONE NONE 280
	FP_ROUTE KC..KA319

TRACK_TIME 1167737286
TRACK A20110117628301 F 393300 1045100 120 30 999 NONE NONE 210
	FP_ROUTE KC..KCRJ2

TRACK_TIME 1167737286
TRACK A20110117628302 F 414900 874800 120 30 999 NONE NONE 380
	FP_ROUTE KC..KA320

TRACK_TIME 1167737286
TRACK A20110117628303 F 335700 1182700 120 30 999 NONE NONE 380
	FP_ROUTE KC..KA319

TRACK_TIME 1167737286
TRACK A20110117628304 F 373300 1221300 120 30 999 NONE NONE 360
	FP_ROUTE KT..KE145

TRACK_TIME 1167737286
TRACK A20110117628305 F 332560 1115700 120 30 999 NONE NONE 390
	FP_ROUTE KC..KB737

TRACK_TIME 1167737286
TRACK A20110117628308 F 295860 901500 120 30 999 NONE NONE 330
	FP_ROUTE KC..KA320

TRACK_TIME 1167737286
TRACK A20110117628309 F 391060 764360 120 30 999 NONE NONE 350
	FP_ROUTE KC..KCRJ2

TRACK_TIME 1167737286
TRACK A20110117628310 F 403000 801600 120 30 999 NONE NONE 200
	FP_ROUTE KG..KLJ45

TRACK_TIME 1167737286
TRACK A20110117628313 F 453460 1223300 120 30 999 NONE NONE 360
	FP_ROUTE KG..KLJ45

TRACK_TIME 1167737286
TRACK A20110117628315 F 395200 751360 120 30 999 NONE NONE 290
	FP_ROUTE KT..KE135

TRACK_TIME 1167737286
TRACK A20110117628318 F 205100 1562700 120 30 999 NONE NONE 360
	FP_ROUTE KC..KA319

TRACK_TIME 1167737286
TRACK A20110117628319 F 335500 1183100 120 30 999 NONE NONE 360
	FP_ROUTE KC..KB737

TRACK_TIME 1167737286
TRACK A20110117628326 F 351360 805500 120 30 999 NONE NONE 350
	FP_ROUTE KC..KB737

TRACK_TIME 1167737286
TRACK A20110117628331 F 395200 751660 120 30 999 NONE NONE 390
	FP_ROUTE KC..KB737

TRACK_TIME 1167737286
TRACK A20110117628334 F 395200 751660 120 30 999 NONE NONE 391
	FP_ROUTE KC..KB733

TRACK_TIME 1167737286
TRACK A20110117628335 F 351200 805800 120 30 999 NONE NONE 280
	FP_ROUTE KC..KE145

TRACK_TIME 1167737286
TRACK A20110117628340 F 414900 874800 120 30 999 NONE NONE 370
	FP_ROUTE KC..KB752

TRACK_TIME 1167737286
TRACK A20110117628342 F 324360 1171000 120 30 999 NONE NONE 340
	FP_ROUTE KC..KB738

TRACK_TIME 1167737286
TRACK A20110117628348 F 293300 983100 120 30 999 NONE NONE 240
	FP_ROUTE KC..KE145

TRACK_TIME 1167737286
TRACK A20110117628349 F 360900 1150760 120 30 999 NONE NONE 450
	FP_ROUTE KC..KCRJ2

TRACK_TIME 1167737286
TRACK A20110117628351 F 411600 955200 120 30 999 NONE NONE 310
	FP_ROUTE KC..KB737

TRACK_TIME 1167737286
TRACK A20110117628352 F 442700 731060 120 30 999 NONE NONE 200
	FP_ROUTE KC..KB733

TRACK_TIME 1167737286
TRACK A20110117628358 F 420000 875100 120 30 999 NONE NONE 370
	FP_ROUTE KC..KE190

TRACK_TIME 1167737286
TRACK A20110117628364 F 395200 751600 120 30 999 NONE NONE 370
	FP_ROUTE KC..KB752

TRACK_TIME 1167737286
TRACK A20110117628369 F 374300 1221000 120 30 999 NONE NONE 360
	FP_ROUTE KC..KB733

TRACK_TIME 1167737286
TRACK A20110117628370 F 302100 974200 120 30 999 NONE NONE 360
	FP_ROUTE KC..KB733

TRACK_TIME 1167737286
TRACK A20110117628371 F 333760 842800 120 30 999 NONE NONE 370
	FP_ROUTE KC..KA319

TRACK_TIME 1167737286
TRACK A20110117628374 F 332560 1120160 120 30 999 NONE NONE 270
	FP_ROUTE KC..KA319

TRACK_TIME 1167737286
TRACK A20110117628375 F 254660 801660 120 30 999 NONE NONE 390
	FP_ROUTE KC..KE170

TRACK_TIME 1167737286
TRACK A20110117628376 F 384800 770160 120 30 999 NONE NONE 390
	FP_ROUTE KC..KB737

TRACK_TIME 1167737286
TRACK A20110117628379 F 394200 861960 120 30 999 NONE NONE 210
	FP_ROUTE KC..KB752

TRACK_TIME 1167737286
TRACK A20110117628382 F 360460 1150760 120 30 999 NONE NONE 340
	FP_ROUTE KT..KCRJ2

TRACK_TIME 1167737286
TRACK A20110117628389 F 244060 814800 120 30 999 NONE NONE 340
	FP_ROUTE KC..KB753

TRACK_TIME 1167737286
TRACK A20110117628390 F 404600 735100 120 30 999 NONE NONE 370
	FP_ROUTE KG..KC510

TRACK_TIME 1167737286
TRACK A20110117628396 F 261500 974000 120 30 999 NONE NONE 360
	FP_ROUTE KG..KC510

TRACK_TIME 1167737286
TRACK A20110117628401 F 420100 875700 120 30 999 NONE NONE 360
	FP_ROUTE KT..KCRJ2

TRACK_TIME 1167737286
TRACK A20110117628402 F 421360 832200 120 30 999 NONE NONE 370
	FP_ROUTE KC..KB752

TRACK_TIME 1167737286
TRACK A20110117628414 F 335560 1183160 120 30 999 NONE NONE 370
	FP_ROUTE KC..KB752

TRACK_TIME 1167737286
TRACK A20110117628422 F 373600 1221960 120 30 999 NONE NONE 360
	FP_ROUTE KC..KB737

TRACK_TIME 1167737286
TRACK A20110117628425 F 385860 772800 120 30 999 NONE NONE 370
	FP_ROUTE KT..KCRJ2

TRACK_TIME 1167737286
TRACK A20110117628431 F 413400 835560 120 30 999 NONE NONE 210
	FP_ROUTE KC..KB712

TRACK_TIME 1167737286
TRACK A20110117628433 F 450000 911360 120 30 999 NONE NONE 300
	FP_ROUTE KT..KCRJ9

TRACK_TIME 1167737286
TRACK A20110117628434 F 404660 822700 120 30 999 NONE NONE 310
	FP_ROUTE KC..KLJ45

TRACK_TIME 1167737286
TRACK A20110117628435 F 384900 770160 120 30 999 NONE NONE 370
	FP_ROUTE KC..KE170

TRACK_TIME 1167737286
TRACK A20110117628437 F 351200 805560 120 30 999 NONE NONE 380
	FP_ROUTE KC..KB737

TRACK_TIME 1167737286
TRACK A20110117628438 F 295860 951500 120 30 999 NONE NONE 370
	FP_ROUTE KT..KSF34

TRACK_TIME 1167737286
TRACK A20110117628439 F 453400 1223400 120 30 999 NONE NONE 340
	FP_ROUTE KC..KB738

TRACK_TIME 1167737286
TRACK A20110117628442 F 403460 885200 120 30 999 NONE NONE 370
	FP_ROUTE KC..KA320

TRACK_TIME 1167737286
TRACK A20110117628464 F 372100 1215500 120 30 999 NONE NONE 280
	FP_ROUTE KC..KA320

TRACK_TIME 1167737286
TRACK A20110117628465 F 392800 1194600 120 30 999 NONE NONE 190
	FP_ROUTE KC..KA320

TRACK_TIME 1167737286
TRACK A20110117628467 F 314960 1062100 120 30 999 NONE NONE 340
	FP_ROUTE KC..KB738

TRACK_TIME 1167737286
TRACK A20110117628475 F 435560 911600 120 30 999 NONE NONE 200
	FP_ROUTE KC..KE170

TRACK_TIME 1167737286
TRACK A20110117628481 F 391060 764360 120 30 999 NONE NONE 270
	FP_ROUTE KC..KC560

TRACK_TIME 1167737286
TRACK A20110117628485 F 404600 1115800 120 30 999 NONE NONE 310
	FP_ROUTE KC..KCRJ2

TRACK_TIME 1167737286
TRACK A20110117628493 F 351200 805800 120 30 999 NONE NONE 220
	FP_ROUTE KG..KC550

TRACK_TIME 1167737286
TRACK A20110117628494 F 321900 900600 120 30 999 NONE NONE 300
	FP_ROUTE KC..KC560

TRACK_TIME 1167737286
TRACK A20110117628496 F 360700 864000 120 30 999 NONE NONE 310
	FP_ROUTE KT..KCRJ2

TRACK_TIME 1167737286
TRACK A20110117628497 F 282800 811960 120 30 999 NONE NONE 370
	FP_ROUTE KC..KB738

TRACK_TIME 1167737286
TRACK A20110117628503 F 332700 1120400 120 30 999 NONE NONE 320
	FP_ROUTE KC..KCRJ2

TRACK_TIME 1167737286
TRACK A20110117628504 F 414360 701500 120 30 999 NONE NONE 410
	FP_ROUTE KC..KB744

TRACK_TIME 1167737286
TRACK A20110117628516 F 605500 1485400 120 30 999 NONE NONE 360
	FP_ROUTE KC..KA319

TRACK_TIME 1167737286
TRACK A20110117628518 F 325500 970460 120 30 999 NONE NONE 330
	FP_ROUTE KC..KCRJ2

TRACK_TIME 1167737286
TRACK A20110117628523 F 332560 1115860 120 30 999 NONE NONE 370
	FP_ROUTE KC..KCRJ2

TRACK_TIME 1167737286
TRACK A20110117628524 F 384360 1213600 120 30 999 NONE NONE 380
	FP_ROUTE KC..KE135

TRACK_TIME 1167737286
TRACK A20110117628525 F 325560 970300 120 30 999 NONE NONE 380
	FP_ROUTE KC..KA320

TRACK_TIME 1167737286
TRACK A20110117628527 F 403700 734660 120 30 999 NONE NONE 380
	FP_ROUTE KT..KE145

TRACK_TIME 1167737286
TRACK A20110117628533 F 411800 955260 120 30 999 NONE NONE 340
	FP_ROUTE KC..KDH8C

TRACK_TIME 1167737286
TRACK A20110117628534 F 351060 805800 120 30 999 NONE NONE 340
	FP_ROUTE KC..KCRJ9

TRACK_TIME 1167737286
TRACK A20110117628535 F 404200 734500 120 30 999 NONE NONE 350
	FP_ROUTE KC..KB737

TRACK_TIME 1167737286
TRACK A20110117628537 F 472800 1221900 120 30 999 NONE NONE 340
	FP_ROUTE KC..KCRJ2

TRACK_TIME 1167737286
TRACK A20110117628540 F 384600 902100 120 30 999 NONE NONE 309
	FP_ROUTE KT..KCRJ9

TRACK_TIME 1167737286
TRACK A20110117628541 F 325500 970160 120 30 999 NONE NONE 320
	FP_ROUTE KC..KB737

TRACK_TIME 1167737286
TRACK A20110117628542 F 300700 974200 120 30 999 NONE NONE 220
	FP_ROUTE KC..KCRJ2

TRACK_TIME 1167737286
TRACK A20110117628544 F 335700 1182560 120 30 999 NONE NONE 270
	FP_ROUTE KC..KB737

TRACK_TIME 1167737286
TRACK A20110117628546 F 335560 1182500 120 30 999 NONE NONE 380
	FP_ROUTE KC..KB737

TRACK_TIME 1167737286
TRACK A20110117628551 F 392700 944900 120 30 999 NONE NONE 370
	FP_ROUTE KC..KMD82

TRACK_TIME 1167737286
TRACK A20110117628555 F 361300 955260 120 30 999 NONE NONE 250
	FP_ROUTE KC..KB737

TRACK_TIME 1167737286
TRACK A20110117628560 F 351200 805800 120 30 999 NONE NONE 330
	FP_ROUTE KC..KB737

TRACK_TIME 1167737286
TRACK A20110117628563 F 395260 841360 120 30 999 NONE NONE 350
	FP_ROUTE KT..KDH8D

TRACK_TIME 1167737286
TRACK A20110117628566 F 384800 770160 120 30 999 NONE NONE 310
	FP_ROUTE KC..KCRJ2

TRACK_TIME 1167737286
TRACK A20110117628586 F 390100 772800 120 30 999 NONE NONE 350
	FP_ROUTE KC..KA320

TRACK_TIME 1167737286
TRACK A20110117628589 F 384500 902100 120 30 999 NONE NONE 350
	FP_ROUTE KG..KBE9L

TRACK_TIME 1167737286
TRACK A20110117628590 F 332560 1115860 120 30 999 NONE NONE 360
	FP_ROUTE KC..KA319

TRACK_TIME 1167737286
TRACK A20110117628592 F 414200 712700 120 30 999 NONE NONE 390
	FP_ROUTE KC..KB752

TRACK_TIME 1167737286
TRACK A20110117628593 F 414800 874600 120 30 999 NONE NONE 310
	FP_ROUTE KC..KCRJ2

TRACK_TIME 1167737286
TRACK A20110117628594 F 390900 763900 120 30 999 NONE NONE 260
	FP_ROUTE KC..KB752

TRACK_TIME 1167737286
TRACK A20110117628597 F 414900 874660 120 30 999 NONE NONE 380
	FP_ROUTE KC..KB733

TRACK_TIME 1167737286
TRACK A20110117628599 F 282400 811660 120 30 999 NONE NONE 360
	FP_ROUTE KT..KCRJ1

TRACK_TIME 1167737286
TRACK A20110117628601 F 371960 1215400 120 30 999 NONE NONE 380
	FP_ROUTE KC..KB737

TRACK_TIME 1167737286
TRACK A20110117628608 F 293760 951600 120 30 999 NONE NONE 340
	FP_ROUTE KC..KCRJ2

TRACK_TIME 1167737286
TRACK A20110117628609 F 361360 955260 120 30 999 NONE NONE 350
	FP_ROUTE KC..KCRJ2

TRACK_TIME 1167737286
TRACK A20110117628615 F 403460 734800 120 30 999 NONE NONE 370
	FP_ROUTE KC..KCRJ9

TRACK_TIME 1167737286
TRACK A20110117628617 F 393100 1194300 120 30 999 NONE NONE 230
	FP_ROUTE KT..KCRJ2

TRACK_TIME 1167737286
TRACK A20110117628624 F 351200 805800 120 30 999 NONE NONE 330
	FP_ROUTE KC..KB752

TRACK_TIME 1167737286
TRACK A20110117628625 F 393900 1065400 120 30 999 NONE NONE 410
	FP_ROUTE KC..KE145

TRACK_TIME 1167737286
TRACK A20110117628630 F 351060 805560 120 30 999 NONE NONE 330
	FP_ROUTE KC..KA319

TRACK_TIME 1167737286
TRACK A20110117628631 F 421360 832200 120 30 999 NONE NONE 230
	FP_ROUTE KC..KA320

TRACK_TIME 1167737286
TRACK A20110117628633 F 264060 801060 120 30 999 NONE NONE 380
	FP_ROUTE KC..KB738

TRACK_TIME 1167737286
TRACK A20110117628641 F 335560 1182500 120 30 999 NONE NONE 340
	FP_ROUTE KC..KE170

TRACK_TIME 1167737286
TRACK A20110117628642 F 295860 951660 120 30 999 NONE NONE 321
	FP_ROUTE KC..KB752

TRACK_TIME 1167737286
TRACK A20110117628643 F 373600 1222100 120 30 999 NONE NONE 330
	FP_ROUTE KT..KCRJ2

TRACK_TIME 1167737286
TRACK A20110117628644 F 325100 965860 120 30 999 NONE NONE 340
	FP_ROUTE KC..KB738

TRACK_TIME 1167737286
TRACK A20110117628645 F 333760 842800 120 30 999 NONE NONE 330
	FP_ROUTE KC..KE145

TRACK_TIME 1167737286
TRACK A20110117628646 F 373600 1221900 120 30 999 NONE NONE 360
	FP_ROUTE KT..KCRJ2

TRACK_TIME 1167737286
TRACK A20110117628652 F 413460 875100 120 30 999 NONE NONE 380
	FP_ROUTE KC..KMD82

TRACK_TIME 1167737286
TRACK A20110117628656 F 415860 874960 120 30 999 NONE NONE 370
	FP_ROUTE KC..KA320

TRACK_TIME 1167737286
TRACK A20110117628664 F 335560 1182100 120 30 999 NONE NONE 360
	FP_ROUTE KC..KB737

TRACK_TIME 1167737286
TRACK A20110117628665 F 400760 763760 120 30 999 NONE NONE 370
	FP_ROUTE KC..KE120

TRACK_TIME 1167737286
TRACK A20110117628668 F 372860 771800 120 30 999 NONE NONE 240
	FP_ROUTE KC..KB738

TRACK_TIME 1167737286
TRACK A20110117628675 F 282700 811800 120 30 999 NONE NONE 380
	FP_ROUTE KC..KA320

TRACK_TIME 1167737286
TRACK A20110117628680 F 360460 1150760 120 30 999 NONE NONE 360
	FP_ROUTE KT..KC750

TRACK_TIME 1167737286
TRACK A20110117628687 F 300000 951800 120 30 999 NONE NONE 360
	FP_ROUTE KC..KB737

TRACK_TIME 1167737286
TRACK A20110117628690 F 415860 875200 120 30 999 NONE NONE 370
	FP_ROUTE KC..KB737

TRACK_TIME 1167737286
TRACK A20110117628692 F 440100 1030160 120 30 999 NONE NONE 210
	FP_ROUTE KC..KB738

TRACK_TIME 1167737286
TRACK A20110117628693 F 375400 844300 120 30 999 NONE NONE 260
	FP_ROUTE KC..KCRJ2

TRACK_TIME 1167737286
TRACK A20110117628696 F 421500 1224900 120 30 999 NONE NONE 259
	FP_ROUTE KC..KB737

TRACK_TIME 1167737286
TRACK A20110117628703 F 263700 813600 120 30 999 NONE NONE 280
	FP_ROUTE KC..KA319

TRACK_TIME 1167737286
TRACK A20110117628704 F 400000 825800 120 30 999 NONE NONE 300
	FP_ROUTE KC..KB752

TRACK_TIME 1167737286
TRACK A20110117628705 F 351360 805700 120 30 999 NONE NONE 310
	FP_ROUTE KC..KB712

TRACK_TIME 1167737286
TRACK A20110117628706 F 333760 842800 120 30 999 NONE NONE 350
	FP_ROUTE KC..KB712

TRACK_TIME 1167737286
TRACK A20110117628707 F 333900 842700 120 30 999 NONE NONE 340
	FP_ROUTE KC..KB712

TRACK_TIME 1167737286
TRACK A20110117628708 F 293700 951500 120 30 999 NONE NONE 280
	FP_ROUTE KC..KE145

TRACK_TIME 1167737286
TRACK A20110117628709 F 352400 973600 120 30 999 NONE NONE 340
	FP_ROUTE KC..KB712

TRACK_TIME 1167737286
TRACK A20110117628710 F 332560 1115860 120 30 999 NONE NONE 340
	FP_ROUTE KC..KB762

TRACK_TIME 1167737286
TRACK A20110117628711 F 325400 970100 120 30 999 NONE NONE 320
	FP_ROUTE KC..KA320

TRACK_TIME 1167737286
TRACK A20110117628718 F 272100 823100 120 30 999 NONE NONE 360
	FP_ROUTE KC..KB735

TRACK_TIME 1167737286
TRACK A20110117628724 F 372860 771800 120 30 999 NONE NONE 240
	FP_ROUTE KC..KFA50

TRACK_TIME 1167737286
TRACK A20110117628735 F 264300 812400 120 30 999 NONE NONE 200
	FP_ROUTE KC..KB738

TRACK_TIME 1167737286
TRACK A20110117628737 F 355100 784900 120 30 999 NONE NONE 290
	FP_ROUTE KC..KE135

TRACK_TIME 1167737286
TRACK A20110117628738 F 265200 812560 120 30 999 NONE NONE 200
	FP_ROUTE KC..KE120

TRACK_TIME 1167737286
TRACK A20110117628739 F 394660 1043900 120 30 999 NONE NONE 380
	FP_ROUTE KT..KCRJ2

TRACK_TIME 1167737286
TRACK A20110117628745 F 473700 1173300 120 30 999 NONE NONE 360
	FP_ROUTE KC..KB738

TRACK_TIME 1167737286
TRACK A20110117628752 F 384900 770160 120 30 999 NONE NONE 380
	FP_ROUTE KG..KC550

TRACK_TIME 1167737286
TRACK A20110117628753 F 350400 895860 120 30 999 NONE NONE 350
	FP_ROUTE KC..KE120

TRACK_TIME 1167737286
TRACK A20110117628759 F 360460 1150760 120 30 999 NONE NONE 360
	FP_ROUTE KC..KMD82

TRACK_TIME 1167737286
TRACK A20110117628762 F 265260 802260 120 30 999 NONE NONE 200
	FP_ROUTE KC..KMD82

TRACK_TIME 1167737286
TRACK A20110117628763 F 324600 795700 120 30 999 NONE NONE 190
	FP_ROUTE KT..KCRJ2

TRACK_TIME 1167737286
TRACK A20110117628764 F 282700 811660 120 30 999 NONE NONE 340
	FP_ROUTE KC..KMD83

TRACK_TIME 1167737286
TRACK A20110117628778 F 351960 1185700 120 30 999 NONE NONE 230
	FP_ROUTE KC..KA320

TRACK_TIME 1167737286
TRACK A20110117628780 F 420160 875560 120 30 999 NONE NONE 300
	FP_ROUTE KC..KB738

TRACK_TIME 1167737286
TRACK A20110117628781 F 295800 951600 120 30 999 NONE NONE 280
	FP_ROUTE KC..KB734

TRACK_TIME 1167737286
TRACK A20110117628784 F 280100 823160 120 30 999 NONE NONE 330
	FP_ROUTE KC..KE190

TRACK_TIME 1167737286
TRACK A20110117628786 F 384360 1213600 120 30 999 NONE NONE 390
	FP_ROUTE KC..KE145

TRACK_TIME 1167737286
TRACK A20110117628787 F 335560 1183100 120 30 999 NONE NONE 330
	FP_ROUTE KT..KC750

TRACK_TIME 1167737286
TRACK A20110117628788 F 332560 1115860 120 30 999 NONE NONE 340
	FP_ROUTE KC..KE170

TRACK_TIME 1167737286
TRACK A20110117628793 F 384960 770160 120 30 999 NONE NONE 350
	FP_ROUTE KC..KB737

TRACK_TIME 1167737286
TRACK A20110117628794 F 403700 734800 120 30 999 NONE NONE 350
	FP_ROUTE KC..KE170

TRACK_TIME 1167737286
TRACK A20110117628798 F 360900 863900 120 30 999 NONE NONE 400
	FP_ROUTE KC..KB752

TRACK_TIME 1167737286
TRACK A20110117628805 F 425560 784360 120 30 999 NONE NONE 390
	FP_ROUTE KC..KA320

TRACK_TIME 1167737286
TRACK A20110117628808 F 361000 1150700 120 30 999 NONE NONE 330
	FP_ROUTE KC..KB733

TRACK_TIME 1167737286
TRACK A20110117628809 F 282800 811660 120 30 999 NONE NONE 370
	FP_ROUTE KC..KB733

TRACK_TIME 1167737286
TRACK A20110117628810 F 360760 863900 120 30 999 NONE NONE 380
	FP_ROUTE KC..KB733

TRACK_TIME 1167737286
TRACK A20110117628811 F 404800 735100 120 30 999 NONE NONE 390
	FP_ROUTE KC..KE170

TRACK_TIME 1167737286
TRACK A20110117628813 F 332560 1115860 120 30 999 NONE NONE 340
	FP_ROUTE KG..KBE9L

TRACK_TIME 1167737286
TRACK A20110117628815 F 415860 874960 120 30 999 NONE NONE 230
	FP_ROUTE KC..KB752

TRACK_TIME 1167737286
TRACK A20110117628816 F 424000 832700 120 30 999 NONE NONE 280
	FP_ROUTE KC..KB712

TRACK_TIME 1167737286
TRACK A20110117628817 F 333600 1115700 120 30 999 NONE NONE 360
	FP_ROUTE KC..KMD83

TRACK_TIME 1167737286
TRACK A20110117628819 F 282860 811660 120 30 999 NONE NONE 360
	FP_ROUTE KC..KB737

TRACK_TIME 1167737286
TRACK A20110117628827 F 351360 805700 120 30 999 NONE NONE 280
	FP_ROUTE KG..KC510

TRACK_TIME 1167737286
TRACK A20110117628828 F 254660 801960 120 30 999 NONE NONE 300
	FP_ROUTE KT..KE135

TRACK_TIME 1167737286
TRACK A20110117628830 F 415800 875100 120 30 999 NONE NONE 320
	FP_ROUTE KT..KCRJ2

TRACK_TIME 1167737286
TRACK A20110117628842 F 333900 842800 120 30 999 NONE NONE 360
	FP_ROUTE KT..KCRJ1

TRACK_TIME 1167737286
TRACK A20110117628844 F 414900 874660 120 30 999 NONE NONE 370
	FP_ROUTE KC..KA320

TRACK_TIME 1167737286
TRACK A20110117628845 F 403700 734360 120 30 999 NONE NONE 370
	FP_ROUTE KT..KCRJ9

TRACK_TIME 1167737286
TRACK A20110117628847 F 333760 842860 120 30 999 NONE NONE 370
	FP_ROUTE KC..KE145

TRACK_TIME 1167737286
TRACK A20110117628848 F 414600 875860 120 30 999 NONE NONE 400
	FP_ROUTE KC..KA319

TRACK_TIME 1167737286
TRACK A20110117628849 F 324000 1165400 120 30 999 NONE NONE 390
	FP_ROUTE KT..KCRJ9

TRACK_TIME 1167737286
TRACK A20110117628850 F 293760 951600 120 30 999 NONE NONE 390
	FP_ROUTE KT..KCRJ2

TRACK_TIME 1167737286
TRACK A20110117628851 F 295700 900760 120 30 999 NONE NONE 330
	FP_ROUTE KC..KA319

TRACK_TIME 1167737286
TRACK A20110117628852 F 414800 874600 120 30 999 NONE NONE 390
	FP_ROUTE KC..KA319

TRACK_TIME 1167737286
TRACK A20110117628853 F 391960 944300 120 30 999 NONE NONE 340
	FP_ROUTE KC..KA319

TRACK_TIME 1167737286
TRACK A20110117628854 F 351000 805560 120 30 999 NONE NONE 310
	FP_ROUTE KC..KB712

TRACK_TIME 1167737286
TRACK A20110117628857 F 472800 1221900 120 30 999 NONE NONE 360
	FP_ROUTE KC..KE170

TRACK_TIME 1167737286
TRACK A20110117628858 F 254800 801600 120 30 999 NONE NONE 400
	FP_ROUTE KC..KA321

TRACK_TIME 1167737286
TRACK A20110117628862 F 344900 821360 120 30 999 NONE NONE 280
	FP_ROUTE KC..KA319

TRACK_TIME 1167737286
TRACK A20110117628868 F 410400 734200 120 30 999 NONE NONE 330
	FP_ROUTE KT..KCRJ2

TRACK_TIME 1167737286
TRACK A20110117628869 F 422100 705860 120 30 999 NONE NONE 230
	FP_ROUTE KC..KB737

TRACK_TIME 1167737286
TRACK A20110117628875 F 431500 1141360 120 30 999 NONE NONE 230
	FP_ROUTE KT..KCRJ2

TRACK_TIME 1167737286
TRACK A20110117628876 F 395200 751360 120 30 999 NONE NONE 290
	FP_ROUTE KC..KB738

TRACK_TIME 1167737286
TRACK A20110117628877 F 400000 825860 120 30 999 NONE NONE 370
	FP_ROUTE KC..KB752

TRACK_TIME 1167737286
TRACK A20110117628878 F 414800 874660 120 30 999 NONE NONE 310
	FP_ROUTE KC..KB738

TRACK_TIME 1167737286
TRACK A20110117628889 F 332560 1115700 120 30 999 NONE NONE 360
	FP_ROUTE KC..KE135

TRACK_TIME 1167737286
TRACK A20110117628894 F 333760 842860 120 30 999 NONE NONE 190
	FP_ROUTE KT..KCRJ2

TRACK_TIME 1167737286
TRACK A20110117628900 F 361500 955260 120 30 999 NONE NONE 340
	FP_ROUTE KC..KB737

TRACK_TIME 1167737286
TRACK A20110117628902 F 422560 705860 120 30 999 NONE NONE 370
	FP_ROUTE KC..KE145

TRACK_TIME 1167737286
TRACK A20110117628903 F 280160 823160 120 30 999 NONE NONE 380
	FP_ROUTE KC..KE145

TRACK_TIME 1167737286
TRACK A20110117628905 F 384500 901900 120 30 999 NONE NONE 380
	FP_ROUTE KC..KB738

TRACK_TIME 1167737286
TRACK A20110117628906 F 374060 1221200 120 30 999 NONE NONE 340
	FP_ROUTE KC..KB737

TRACK_TIME 1167737286
TRACK A20110117628917 F 301200 974060 120 30 999 NONE NONE 350
	FP_ROUTE KC..KA321

TRACK_TIME 1167737286
TRACK A20110117628918 F 340160 1174500 120 30 999 NONE NONE 370
	FP_ROUTE KC..KE145

TRACK_TIME 1167737286
TRACK A20110117628920 F 391960 944300 120 30 999 NONE NONE 330
	FP_ROUTE KC..KE145

TRACK_TIME 1167737286
TRACK A20110117628923 F 302260 841900 120 30 999 NONE NONE 320
	FP_ROUTE KC..KMD82

TRACK_TIME 1167737286
TRACK A20110117628926 F 335700 1182260 120 30 999 NONE NONE 360
	FP_ROUTE KT..KE145

TRACK_TIME 1167737286
TRACK A20110117628928 F 395560 1044200 120 30 999 NONE NONE 380
	FP_ROUTE KC..KB752

TRACK_TIME 1167737286
TRACK A20110117628942 F 395260 751300 120 30 999 NONE NONE 230
	FP_ROUTE KC..KB738

TRACK_TIME 1167737286
TRACK A20110117628943 F 333700 842860 120 30 999 NONE NONE 310
	FP_ROUTE KC..KA320

TRACK_TIME 1167737286
TRACK A20110117628944 F 415700 724200 120 30 999 NONE NONE 190
	FP_ROUTE KC..KB752

TRACK_TIME 1167737286
TRACK A20110117628948 F 465700 965260 120 30 999 NONE NONE 200
	FP_ROUTE KC..KCRJ2

TRACK_TIME 1167737286
TRACK A20110117628949 F 465860 964960 120 30 999 NONE NONE 200
	FP_ROUTE KC..KCRJ2

TRACK_TIME 1167737286
TRACK A20110117628952 F 391660 944300 120 30 999 NONE NONE 340
	FP_ROUTE KC..KB737

TRACK_TIME 1167737286
TRACK A20110117628953 F 373600 1221960 120 30 999 NONE NONE 220
	FP_ROUTE KC..KB739

TRACK_TIME 1167737286
TRACK A20110117628957 F 414900 874660 120 30 999 NONE NONE 270
	FP_ROUTE KC..KB738

TRACK_TIME 1167737286
TRACK A20110117628958 F 355200 784900 120 30 999 NONE NONE 390
	FP_ROUTE KT..KC750

TRACK_TIME 1167737286
TRACK A20110117628959 F 360460 1151200 120 30 999 NONE NONE 360
	FP_ROUTE KC..KCRJ2

TRACK_TIME 1167737286
TRACK A20110117628966 F 325560 970160 120 30 999 NONE NONE 360
	FP_ROUTE KC..KCRJ2

TRACK_TIME 1167737286
TRACK A20110117628967 F 445500 930160 120 30 999 NONE NONE 430
	FP_ROUTE KC..KA320

TRACK_TIME 1167737286
TRACK A20110117628974 F 350460 895860 120 30 999 NONE NONE 230
	FP_ROUTE KC..KA320

TRACK_TIME 1167737286
TRACK A20110117628978 F 291360 944960 120 30 999 NONE NONE 400
	FP_ROUTE KC..KCRJ2

TRACK_TIME 1167737286
TRACK A20110117628979 F 260400 800700 120 30 999 NONE NONE 340
	FP_ROUTE KT..KCRJ1

TRACK_TIME 1167737286
TRACK A20110117628980 F 420760 875500 120 30 999 NONE NONE 310
	FP_ROUTE KC..KE145

TRACK_TIME 1167737286
TRACK A20110117628982 F 404360 735500 120 30 999 NONE NONE 350
	FP_ROUTE KC..KB737

TRACK_TIME 1167737286
TRACK A20110117628983 F 325400 970400 120 30 999 NONE NONE 390
	FP_ROUTE KC..KCRJ2

TRACK_TIME 1167737286
TRACK A20110117628989 F 362100 1150160 120 30 999 NONE NONE 210
	FP_ROUTE KT..KCRJ9

TRACK_TIME 1167737286
TRACK A20110117628990 F 354660 1150160 120 30 999 NONE NONE 210
	FP_ROUTE KC..KB737

TRACK_TIME 1167737286
TRACK A20110117628991 F 392700 1194600 120 30 999 NONE NONE 340
	FP_ROUTE KC..KB752

TRACK_TIME 1167737286
TRACK A20110117628995 F 260400 800600 120 30 999 NONE NONE 340
	FP_ROUTE KC..KA319

TRACK_TIME 1167737286
TRACK A20110117628996 F 445400 931360 120 30 999 NONE NONE 370
	FP_ROUTE KC..KB752

TRACK_TIME 1167737286
TRACK A20110117628997 F 384900 770160 120 30 999 NONE NONE 370
	FP_ROUTE KC..KB737

TRACK_TIME 1167737286
TRACK A20110117628998 F 354300 840000 120 30 999 NONE NONE 280
	FP_ROUTE KG..KF2TH

TRACK_TIME 1167737286
TRACK A20110117629001 F 421900 710160 120 30 999 NONE NONE 380
	FP_ROUTE KC..KA321

TRACK_TIME 1167737286
TRACK A20110117629003 F 351300 805560 120 30 999 NONE NONE 260
	FP_ROUTE KC..KE170

TRACK_TIME 1167737286
TRACK A20110117629011 F 404600 735400 120 30 999 NONE NONE 290
	FP_ROUTE KT..KCRJ2

TRACK_TIME 1167737286
TRACK A20110117629014 F 274800 973160 120 30 999 NONE NONE 340
	FP_ROUTE KT..KCRJ2

TRACK_TIME 1167737286
TRACK A20110117629023 F 350300 1063760 120 30 999 NONE NONE 380
	FP_ROUTE KT..KCRJ2

TRACK_TIME 1167737286
TRACK A20110117629028 F 391060 764200 120 30 999 NONE NONE 330
	FP_ROUTE KC..KE145

TRACK_TIME 1167737286
TRACK A20110117629030 F 404360 735500 120 30 999 NONE NONE 270
	FP_ROUTE KC..KB752

TRACK_TIME 1167737286
TRACK A20110117629034 F 394800 1043760 120 30 999 NONE NONE 380
	FP_ROUTE KC..KB737

TRACK_TIME 1167737286
TRACK A20110117629035 F 395260 1043700 120 30 999 NONE NONE 380
	FP_ROUTE KC..KB737

TRACK_TIME 1167737286
TRACK A20110117629036 F 282800 811660 120 30 999 NONE NONE 350
	FP_ROUTE KC..KB712

TRACK_TIME 1167737286
TRACK A20110117629038 F 395260 1043600 120 30 999 NONE NONE 360
	FP_ROUTE KG..KC550

TRACK_TIME 1167737286
TRACK A20110117629041 F 360460 1150900 120 30 999 NONE NONE 350
	FP_ROUTE KC..KB738

TRACK_TIME 1167737286
TRACK A20110117629044 F 381060 854360 120 30 999 NONE NONE 340
	FP_ROUTE KC..KE145

TRACK_TIME 1167737286
TRACK A20110117629045 F 332560 1120400 120 30 999 NONE NONE 320
	FP_ROUTE KC..KB733

TRACK_TIME 1167737286
TRACK A20110117629047 F 420000 875560 120 30 999 NONE NONE 380
	FP_ROUTE KC..KE190

TRACK_TIME 1167737286
TRACK A20110117629048 F 360400 864060 120 30 999 NONE NONE 290
	FP_ROUTE KC..KB735

TRACK_TIME 1167737286
TRACK A20110117629050 F 293160 982860 120 30 999 NONE NONE 300
	FP_ROUTE KC..KB735

TRACK_TIME 1167737286
TRACK A20110117629051 F 403000 801660 120 30 999 NONE NONE 180
	FP_ROUTE KT..KCRJ9

TRACK_TIME 1167737286
TRACK A20110117629052 F 391060 764200 120 30 999 NONE NONE 300
	FP_ROUTE KC..KB733

TRACK_TIME 1167737286
TRACK A20110117629054 F 351200 1014500 120 30 999 NONE NONE 340
	FP_ROUTE KC..KB733

TRACK_TIME 1167737286
TRACK A20110117629055 F 394900 1044000 120 30 999 NONE NONE 340
	FP_ROUTE KT..KCRJ9

TRACK_TIME 1167737286
TRACK A20110117629057 F 430000 875260 120 30 999 NONE NONE 340
	FP_ROUTE KC..KMD83

TRACK_TIME 1167737286
TRACK A20110117629058 F 324360 1171300 120 30 999 NONE NONE 410
	FP_ROUTE KC..KE145

TRACK_TIME 1167737286
TRACK A20110117629063 F 421900 710160 120 30 999 NONE NONE 370
	FP_ROUTE KC..KE170

TRACK_TIME 1167737286
TRACK A20110117629071 F 392700 1194600 120 30 999 NONE NONE 380
	FP_ROUTE KC..KB734

TRACK_TIME 1167737286
TRACK A20110117629073 F 332560 1115800 120 30 999 NONE NONE 330
	FP_ROUTE KC..KE170

TRACK_TIME 1167737286
TRACK A20110117629074 F 351060 805700 120 30 999 NONE NONE 370
	FP_ROUTE KC..KB737

TRACK_TIME 1167737286
TRACK A20110117629077 F 350400 895860 120 30 999 NONE NONE 240
	FP_ROUTE KC..KE145

TRACK_TIME 1167737286
TRACK A20110117629078 F 325560 970160 120 30 999 NONE NONE 360
	FP_ROUTE KC..KB738

TRACK_TIME 1167737286
TRACK A20110117629080 F 420000 875700 120 30 999 NONE NONE 330
	FP_ROUTE KC..KE170

TRACK_TIME 1167737286
TRACK A20110117629084 F 395260 1043160 120 30 999 NONE NONE 380
	FP_ROUTE KC..KE170

TRACK_TIME 1167737286
TRACK A20110117629087 F 332560 1115700 120 30 999 NONE NONE 340
	FP_ROUTE KC..KE190

TRACK_TIME 1167737286
TRACK A20110117629088 F 332560 1120300 120 30 999 NONE NONE 330
	FP_ROUTE KC..KE145

TRACK_TIME 1167737286
TRACK A20110117629090 F 403600 734800 120 30 999 NONE NONE 350
	FP_ROUTE KG..KC750

TRACK_TIME 1167737286
TRACK A20110117629092 F 395200 751660 120 30 999 NONE NONE 310
	FP_ROUTE KT..KCRJ2

TRACK_TIME 1167737286
TRACK A20110117629093 F 325500 970300 120 30 999 NONE NONE 390
	FP_ROUTE KC..KMD83

TRACK_TIME 1167737286
TRACK A20110117629097 F 360900 863900 120 30 999 NONE NONE 340
	FP_ROUTE KC..KA319

TRACK_TIME 1167737286
TRACK A20110117629098 F 374060 1221060 120 30 999 NONE NONE 360
	FP_ROUTE KC..KB712

TRACK_TIME 1167737286
TRACK A20110117629099 F 395200 751660 120 30 999 NONE NONE 349
	FP_ROUTE KC..KB737

TRACK_TIME 1167737286
TRACK A20110117629107 F 404600 1120000 120 30 999 NONE NONE 360
	FP_ROUTE KT..KCRJ1

TRACK_TIME 1167737286
TRACK A20110117629117 F 390100 772800 120 30 999 NONE NONE 350
	FP_ROUTE KC..KB737

TRACK_TIME 1167737286
TRACK A20110117629121 F 332560 1115700 120 30 999 NONE NONE 360
	FP_ROUTE KC..KB737

TRACK_TIME 1167737286
TRACK A20110117629122 F 421360 832200 120 30 999 NONE NONE 350
	FP_ROUTE KC..KCRJ2

TRACK_TIME 1167737286
TRACK A20110117629125 F 325700 964960 120 30 999 NONE NONE 380
	FP_ROUTE KC..KA320

TRACK_TIME 1167737286
TRACK A20110117629126 F 345500 822560 120 30 999 NONE NONE 300
	FP_ROUTE KT..KCRJ1

TRACK_TIME 1167737286
TRACK A20110117629127 F 295800 951600 120 30 999 NONE NONE 360
	FP_ROUTE KC..KCRJ2

TRACK_TIME 1167737286
TRACK A20110117629128 F 332560 1120400 120 30 999 NONE NONE 240
	FP_ROUTE KT..KE145

TRACK_TIME 1167737286
TRACK A20110117629132 F 395200 751660 120 30 999 NONE NONE 390
	FP_ROUTE KC..KA320

TRACK_TIME 1167737286
TRACK A20110117629133 F 332560 1115800 120 30 999 NONE NONE 340
	FP_ROUTE KG..KFA50

TRACK_TIME 1167737286
TRACK A20110117629134 F 333900 842860 120 30 999 NONE NONE 330
	FP_ROUTE KC..KE190

TRACK_TIME 1167737286
TRACK A20110117629135 F 335700 1182400 120 30 999 NONE NONE 410
	FP_ROUTE KT..KCRJ2

TRACK_TIME 1167737286
TRACK A20110117629136 F 291000 821360 120 30 999 NONE NONE 280
	FP_ROUTE KC..KB737

TRACK_TIME 1167737286
TRACK A20110117629138 F 472700 1221900 120 30 999 NONE NONE 399
	FP_ROUTE KC..KE145

TRACK_TIME 1167737286
TRACK A20110117629141 F 391060 764200 120 30 999 NONE NONE 390
	FP_ROUTE KC..KB737

TRACK_TIME 1167737286
TRACK A20110117629142 F 421960 710100 120 30 999 NONE NONE 350
	FP_ROUTE KC..KB712

TRACK_TIME 1167737286
TRACK A20110117629143 F 325500 970460 120 30 999 NONE NONE 330
	FP_ROUTE KC..KB739

TRACK_TIME 1167737286
TRACK A20110117629145 F 453400 1223400 120 30 999 NONE NONE 340
	FP_ROUTE KT..KCRJ2

TRACK_TIME 1167737286
TRACK A20110117629148 F 453460 1223460 120 30 999 NONE NONE 400
	FP_ROUTE KC..KB738

TRACK_TIME 1167737286
TRACK A20110117629149 F 301300 914800 120 30 999 NONE NONE 280
	FP_ROUTE KC..KB737

TRACK_TIME 1167737286
TRACK A20110117629151 F 325560 970300 120 30 999 NONE NONE 340
	FP_ROUTE KC..KB737

TRACK_TIME 1167737286
TRACK A20110117629152 F 403700 734660 120 30 999 NONE NONE 390
	FP_ROUTE KC..KB737

TRACK_TIME 1167737286
TRACK A20110117629157 F 324500 1171900 120 30 999 NONE NONE 310
	FP_ROUTE KC..KB733

TRACK_TIME 1167737286
TRACK A20110117629158 F 260460 800700 120 30 999 NONE NONE 310
	FP_ROUTE KC..KB752

TRACK_TIME 1167737286
TRACK A20110117629163 F 395500 1044060 120 30 999 NONE NONE 360
	FP_ROUTE KC..KA320

TRACK_TIME 1167737286
TRACK A20110117629164 F 334200 1175100 120 30 999 NONE NONE 360
	FP_ROUTE KC..KB737

TRACK_TIME 1167737286
TRACK A20110117629167 F 332560 1115560 120 30 999 NONE NONE 340
	FP_ROUTE KC..KB737

TRACK_TIME 1167737286
TRACK A20110117629173 F 324200 1031200 120 30 999 NONE NONE 240
	FP_ROUTE KC..KE145

TRACK_TIME 1167737286
TRACK A20110117629174 F 353000 1060160 120 30 999 NONE NONE 240
	FP_ROUTE KC..KB737

TRACK_TIME 1167737286
TRACK A20110117629175 F 324000 1031300 120 30 999 NONE NONE 230
	FP_ROUTE KC..KCRJ2

TRACK_TIME 1167737286
TRACK A20110117629176 F 301600 974000 120 30 999 NONE NONE 250
	FP_ROUTE KC..KB737

TRACK_TIME 1167737286
TRACK A20110117629184 F 264200 813400 120 30 999 NONE NONE 320
	FP_ROUTE KC..KB737

TRACK_TIME 1167737286
TRACK A20110117629185 F 403900 741200 120 30 999 NONE NONE 320
	FP_ROUTE KC..KB737

TRACK_TIME 1167737286
TRACK A20110117629189 F 335700 1182260 120 30 999 NONE NONE 380
	FP_ROUTE KC..KB737

TRACK_TIME 1167737286
TRACK A20110117629190 F 320900 1105800 120 30 999 NONE NONE 390
	FP_ROUTE KT..KCRJ1

TRACK_TIME 1167737286
TRACK A20110117629193 F 360900 863900 120 30 999 NONE NONE 380
	FP_ROUTE KC..KCRJ2

TRACK_TIME 1167737286
TRACK A20110117629194 F 372800 771960 120 30 999 NONE NONE 230
	FP_ROUTE KG..KF900

TRACK_TIME 1167737286
TRACK A20110117629206 F 420100 875800 120 30 999 NONE NONE 370
	FP_ROUTE KC..KMD82

TRACK_TIME 1167737286
TRACK A20110117629208 F 332560 1115860 120 30 999 NONE NONE 360
	FP_ROUTE KT..KE145

TRACK_TIME 1167737286
TRACK A20110117629209 F 404600 1115800 120 30 999 NONE NONE 360
	FP_ROUTE KC..KCRJ2

TRACK_TIME 1167737286
TRACK A20110117629212 F 422100 710100 120 30 999 NONE NONE 370
	FP_ROUTE KC..KCRJ2

TRACK_TIME 1167737286
TRACK A20110117629213 F 441200 883400 120 30 999 NONE NONE 400
	FP_ROUTE KC..KB734

TRACK_TIME 1167737286
TRACK A20110117629214 F 390760 1083160 120 30 999 NONE NONE 290
	FP_ROUTE KC..KCRJ2

TRACK_TIME 1167737286
TRACK A20110117629215 F 365100 761500 120 30 999 NONE NONE 270
	FP_ROUTE KC..KB733

TRACK_TIME 1167737286
TRACK A20110117629223 F 420100 723760 120 30 999 NONE NONE 210
	FP_ROUTE KC..KE145

TRACK_TIME 1167737286
TRACK A20110117629225 F 351360 805700 120 30 999 NONE NONE 380
	FP_ROUTE KC..KB737

TRACK_TIME 1167737286
TRACK A20110117629226 F 351000 805800 120 30 999 NONE NONE 319
	FP_ROUTE KC..KE190

TRACK_TIME 1167737286
TRACK A20110117629228 F 350400 895800 120 30 999 NONE NONE 380
	FP_ROUTE KC..KA320

TRACK_TIME 1167737286
TRACK A20110117629234 F 325500 970460 120 30 999 NONE NONE 330
	FP_ROUTE KC..KB737

TRACK_TIME 1167737286
TRACK A20110117629236 F 282800 811960 120 30 999 NONE NONE 390
	FP_ROUTE KC..KE190

TRACK_TIME 1167737286
TRACK A20110117629237 F 333700 842800 120 30 999 NONE NONE 330
	FP_ROUTE KG..KC750

TRACK_TIME 1167737286
TRACK A20110117629241 F 282400 811660 120 30 999 NONE NONE 360
	FP_ROUTE KC..KB737

TRACK_TIME 1167737286
TRACK A20110117629243 F 404300 740300 120 30 999 NONE NONE 370
	FP_ROUTE KC..KCRJ2

TRACK_TIME 1167737286
TRACK A20110117629244 F 414300 1091060 120 30 999 NONE NONE 190
	FP_ROUTE KG..KC750

TRACK_TIME 1167737286
TRACK A20110117629248 F 282860 811660 120 30 999 NONE NONE 380
	FP_ROUTE KG..KC750

TRACK_TIME 1167737286
TRACK A20110117629251 F 430400 713000 120 30 999 NONE NONE 190
	FP_ROUTE KG..KC750

TRACK_TIME 1167737286
TRACK A20110117629252 F 404600 735400 120 30 999 NONE NONE 350
	FP_ROUTE KC..KB737

TRACK_TIME 1167737286
TRACK A20110117629253 F 351000 805700 120 30 999 NONE NONE 320
	FP_ROUTE KC..KB737

TRACK_TIME 1167737286
TRACK A20110117629256 F 325260 970300 120 30 999 NONE NONE 320
	FP_ROUTE KC..KA320

TRACK_TIME 1167737286
TRACK A20110117629257 F 391060 764360 120 30 999 NONE NONE 360
	FP_ROUTE KC..KB733

TRACK_TIME 1167737286
TRACK A20110117629263 F 421360 832100 120 30 999 NONE NONE 210
	FP_ROUTE KC..KE170

TRACK_TIME 1167737286
TRACK A20110117629264 F 262700 820100 120 30 999 NONE NONE 370
	FP_ROUTE KT..KC750

TRACK_TIME 1167737286
TRACK A20110117629267 F 325400 970400 120 30 999 NONE NONE 310
	FP_ROUTE KC..KB737

TRACK_TIME 1167737286
TRACK A20110117629271 F 335800 1174060 120 30 999 NONE NONE 390
	FP_ROUTE KC..KCRJ2

TRACK_TIME 1167737286
TRACK A20110117629276 F 384800 770160 120 30 999 NONE NONE 330
	FP_ROUTE KC..KB737

TRACK_TIME 1167737286
TRACK A20110117629283 F 394800 1043900 120 30 999 NONE NONE 380
	FP_ROUTE KC..KB737

TRACK_TIME 1167737286
TRACK A20110117629284 F 254800 801600 120 30 999 NONE NONE 390
	FP_ROUTE KC..KB772

TRACK_TIME 1167737286
TRACK A20110117629285 F 382400 813400 120 30 999 NONE NONE 340
	FP_ROUTE KC..KCRJ2

TRACK_TIME 1167737286
TRACK A20110117629291 F 361900 941900 120 30 999 NONE NONE 290
	FP_ROUTE KC..KCRJ2

TRACK_TIME 1167737286
TRACK A20110117629292 F 395200 751660 120 30 999 NONE NONE 330
	FP_ROUTE KC..KB737

TRACK_TIME 1167737286
TRACK A20110117629294 F 391060 764360 120 30 999 NONE NONE 330
	FP_ROUTE KC..KB737

TRACK_TIME 1167737286
TRACK A20110117629300 F 350100 1063900 120 30 999 NONE NONE 320
	FP_ROUTE KC..KB752

TRACK_TIME 1167737286
TRACK A20110117629301 F 454600 1110760 120 30 999 NONE NONE 390
	FP_ROUTE KC..KB738

TRACK_TIME 1167737286
TRACK A20110117629305 F 341200 1182500 120 30 999 NONE NONE 340
	FP_ROUTE KC..KB739

TRACK_TIME 1167737286
TRACK A20110117629306 F 400000 825560 120 30 999 NONE NONE 370
	FP_ROUTE KG..KC560

TRACK_TIME 1167737286
TRACK A20110117629308 F 404000 741060 120 30 999 NONE NONE 350
	FP_ROUTE KC..KMD83

TRACK_TIME 1167737286
TRACK A20110117629311 F 324000 965100 120 30 999 NONE NONE 220
	FP_ROUTE KC..KMD83

TRACK_TIME 1167737286
TRACK A20110117629314 F 433400 1161360 120 30 999 NONE NONE 250
	FP_ROUTE KC..KB737

TRACK_TIME 1167737286
TRACK A20110117629315 F 464800 1003160 120 30 999 NONE NONE 350
	FP_ROUTE KC..KB737

TRACK_TIME 1167737286
TRACK A20110117629316 F 395260 1043600 120 30 999 NONE NONE 360
	FP_ROUTE KT..KCRJ2

TRACK_TIME 1167737286
TRACK A20110117629317 F 372100 1215500 120 30 999 NONE NONE 390
	FP_ROUTE KG..KFA7X

TRACK_TIME 1167737286
TRACK A20110117629318 F 341200 1181300 120 30 999 NONE NONE 330
	FP_ROUTE KG..KFA50

TRACK_TIME 1167737286
TRACK A20110117629322 F 480400 1032500 120 30 999 NONE NONE 260
	FP_ROUTE KC..KMD82

TRACK_TIME 1167737286
TRACK A20110117629324 F 424900 1063400 120 30 999 NONE NONE 240
	FP_ROUTE KG..KBE9L

TRACK_TIME 1167737286
TRACK A20110117629329 F 404900 740600 120 30 999 NONE NONE 410
	FP_ROUTE KC..KB752

TRACK_TIME 1167737286
TRACK A20110117629331 F 414800 874660 120 30 999 NONE NONE 380
	FP_ROUTE KC..KB737

TRACK_TIME 1167737286
TRACK A20110117629332 F 335700 1182700 120 30 999 NONE NONE 380
	FP_ROUTE KC..KB738

TRACK_TIME 1167737286
TRACK A20110117629335 F 394960 1044060 120 30 999 NONE NONE 370
	FP_ROUTE KC..KMD82

TRACK_TIME 1167737286
TRACK A20110117629336 F 394600 861500 120 30 999 NONE NONE 370
	FP_ROUTE KC..KE145

TRACK_TIME 1167737286
TRACK A20110117629338 F 295800 951500 120 30 999 NONE NONE 270
	FP_ROUTE KC..KB752

TRACK_TIME 1167737286
TRACK A20110117629353 F 303100 910100 120 30 999 NONE NONE 210
	FP_ROUTE KC..KA319

TRACK_TIME 1167737286
TRACK A20110117629358 F 211900 1575860 120 30 999 NONE NONE 360
	FP_ROUTE KC..KB737

TRACK_TIME 1167737286
TRACK A20110117629362 F 394960 1044600 120 30 999 NONE NONE 370
	FP_ROUTE KC..KE145

TRACK_TIME 1167737286
TRACK A20110117629363 F 390000 772800 120 30 999 NONE NONE 370
	FP_ROUTE KC..KB737

TRACK_TIME 1167737286
TRACK A20110117629375 F 254660 801960 120 30 999 NONE NONE 370
	FP_ROUTE KT..KCRJ2

TRACK_TIME 1167737286
TRACK A20110117629382 F 300000 901600 120 30 999 NONE NONE 330
	FP_ROUTE KC..KB737

TRACK_TIME 1167737286
TRACK A20110117629384 F 282400 811660 120 30 999 NONE NONE 350
	FP_ROUTE KC..KB738

TRACK_TIME 1167737286
TRACK A20110117629387 F 380300 974060 120 30 999 NONE NONE 370
	FP_ROUTE KC..KA320

TRACK_TIME 1167737286
TRACK A20110117629391 F 404660 730700 120 30 999 NONE NONE 330
	FP_ROUTE KC..KA320

TRACK_TIME 1167737286
TRACK A20110117629397 F 395200 751660 120 30 999 NONE NONE 350
	FP_ROUTE KC..KB734

TRACK_TIME 1167737286
TRACK A20110117629398 F 404600 735100 120 30 999 NONE NONE 290
	FP_ROUTE KC..KB737

TRACK_TIME 1167737286
TRACK A20110117629399 F 371360 1213460 120 30 999 NONE NONE 350
	FP_ROUTE KC..KB737

TRACK_TIME 1167737286
TRACK A20110117629413 F 391060 764300 120 30 999 NONE NONE 280
	FP_ROUTE KC..KB753

TRACK_TIME 1167737286
TRACK A20110117629414 F 400000 825800 120 30 999 NONE NONE 290
	FP_ROUTE KC..KB738

TRACK_TIME 1167737286
TRACK A20110117629416 F 404800 735100 120 30 999 NONE NONE 330
	FP_ROUTE KT..KCRJ2

TRACK_TIME 1167737286
TRACK A20110117629417 F 410160 734060 120 30 999 NONE NONE 410
	FP_ROUTE KC..KB753

TRACK_TIME 1167737286
TRACK A20110117629418 F 295860 951660 120 30 999 NONE NONE 260
	FP_ROUTE KC..KB735

TRACK_TIME 1167737286
TRACK A20110117629430 F 403760 741200 120 30 999 NONE NONE 370
	FP_ROUTE KG..KC560

TRACK_TIME 1167737286
TRACK A20110117629431 F 325200 970100 120 30 999 NONE NONE 330
	FP_ROUTE KC..KB738

TRACK_TIME 1167737286
TRACK A20110117629432 F 404000 741060 120 30 999 NONE NONE 330
	FP_ROUTE KC..KE120

TRACK_TIME 1167737286
TRACK A20110117629446 F 325260 970160 120 30 999 NONE NONE 340
	FP_ROUTE KC..KCRJ2

TRACK_TIME 1167737286
TRACK A20110117629450 F 403000 801800 120 30 999 NONE NONE 310
	FP_ROUTE KT..KCRJ2

TRACK_TIME 1167737286
TRACK A20110117629452 F 422100 705800 120 30 999 NONE NONE 330
	FP_ROUTE KC..KA319

TRACK_TIME 1167737286
TRACK A20110117629453 F 384900 770160 120 30 999 NONE NONE 370
	FP_ROUTE KT..KCRJ9

TRACK_TIME 1167737286
TRACK A20110117629454 F 421360 832100 120 30 999 NONE NONE 300
	FP_ROUTE KT..KE145

TRACK_TIME 1167737286
TRACK A20110117629457 F 365260 761300 120 30 999 NONE NONE 330
	FP_ROUTE KC..KA320

TRACK_TIME 1167737286
TRACK A20110117629458 F 402860 801500 120 30 999 NONE NONE 220
	FP_ROUTE KC..KB737

TRACK_TIME 1167737286
TRACK A20110117629459 F 404500 734500 120 30 999 NONE NONE 370
	FP_ROUTE KC..KE145

TRACK_TIME 1167737286
TRACK A20110117629470 F 332560 1115860 120 30 999 NONE NONE 270
	FP_ROUTE KC..KB712

TRACK_TIME 1167737286
TRACK A20110117629471 F 394600 1043900 120 30 999 NONE NONE 390
	FP_ROUTE KC..KE145

TRACK_TIME 1167737286
TRACK A20110117629472 F 390460 843900 120 30 999 NONE NONE 280
	FP_ROUTE KC..KB737

TRACK_TIME 1167737286
TRACK A20110117629473 F 325260 970300 120 30 999 NONE NONE 390
	FP_ROUTE KC..KA320

TRACK_TIME 1167737286
TRACK A20110117629474 F 325500 970300 120 30 999 NONE NONE 360
	FP_ROUTE KG..KFA10

TRACK_TIME 1167737286
TRACK A20110117629475 F 420000 875700 120 30 999 NONE NONE 370
	FP_ROUTE KT..KCRJ9

TRACK_TIME 1167737286
TRACK A20110117629476 F 384500 901900 120 30 999 NONE NONE 280
	FP_ROUTE KC..KB738

TRACK_TIME 1167737286
TRACK A20110117629481 F 282200 811660 120 30 999 NONE NONE 390
	FP_ROUTE KC..KB738

TRACK_TIME 1167737286
TRACK A20110117629484 F 295860 901500 120 30 999 NONE NONE 350
	FP_ROUTE KC..KA320

TRACK_TIME 1167737286
TRACK A20110117629485 F 280160 823160 120 30 999 NONE NONE 350
	FP_ROUTE KC..KB737

TRACK_TIME 1167737286
TRACK A20110117629486 F 303100 814360 120 30 999 NONE NONE 240
	FP_ROUTE KC..KB737

TRACK_TIME 1167737286
TRACK A20110117629487 F 365200 761360 120 30 999 NONE NONE 330
	FP_ROUTE KC..KE170

TRACK_TIME 1167737286
TRACK A20110117629490 F 295860 951900 120 30 999 NONE NONE 360
	FP_ROUTE KC..KCRJ2

TRACK_TIME 1167737286
TRACK A20110117629491 F 373600 1221960 120 30 999 NONE NONE 340
	FP_ROUTE KC..KCRJ2

TRACK_TIME 1167737286
TRACK A20110117629492 F 395560 1044060 120 30 999 NONE NONE 380
	FP_ROUTE KC..KB753

TRACK_TIME 1167737286
TRACK A20110117629497 F 390460 844000 120 30 999 NONE NONE 371
	FP_ROUTE KT..KF2TH

TRACK_TIME 1167737286
TRACK A20110117629498 F 445260 931360 120 30 999 NONE NONE 330
	FP_ROUTE KT..KF2TH

TRACK_TIME 1167737286
TRACK A20110117629507 F 384360 1213600 120 30 999 NONE NONE 340
	FP_ROUTE KC..KLJ35

TRACK_TIME 1167737286
TRACK A20110117629508 F 360900 1150700 120 30 999 NONE NONE 330
	FP_ROUTE KC..KB735

TRACK_TIME 1167737286
TRACK A20110117629509 F 332560 1115800 120 30 999 NONE NONE 290
	FP_ROUTE KC..KB735

TRACK_TIME 1167737286
TRACK A20110117629510 F 391200 764200 120 30 999 NONE NONE 230
	FP_ROUTE KC..KB735

TRACK_TIME 1167737286
TRACK A20110117629513 F 400000 825560 120 30 999 NONE NONE 330
	FP_ROUTE KC..KMD82

TRACK_TIME 1167737286
TRACK A20110117629514 F 360460 1151060 120 30 999 NONE NONE 380
	FP_ROUTE KT..KE145

TRACK_TIME 1167737286
TRACK A20110117629515 F 324600 1171960 120 30 999 NONE NONE 320
	FP_ROUTE KC..KA319

TRACK_TIME 1167737286
TRACK A20110117629519 F 404360 734500 120 30 999 NONE NONE 390
	FP_ROUTE KC..KE135

TRACK_TIME 1167737286
TRACK A20110117629522 F 415800 875200 120 30 999 NONE NONE 360
	FP_ROUTE KC..KE145

TRACK_TIME 1167737286
TRACK A20110117629523 F 581960 1343100 120 30 999 NONE NONE 330
	FP_ROUTE KC..KMD83

TRACK_TIME 1167737286
TRACK A20110117629529 F 351060 805800 120 30 999 NONE NONE 290
	FP_ROUTE KT..KDH8D

TRACK_TIME 1167737286
TRACK A20110117629531 F 390400 773300 120 30 999 NONE NONE 200
	FP_ROUTE KT..KCRJ2

TRACK_TIME 1167737286
TRACK A20110117629532 F 421960 710100 120 30 999 NONE NONE 349
	FP_ROUTE KC..KB737

TRACK_TIME 1167737286
TRACK A20110117629539 F 254800 801500 120 30 999 NONE NONE 360
	FP_ROUTE KT..KE145

TRACK_TIME 1167737286
TRACK A20110117629545 F 282700 811800 120 30 999 NONE NONE 360
	FP_ROUTE KC..KA320

TRACK_TIME 1167737286
TRACK A20110117629546 F 282860 811800 120 30 999 NONE NONE 360
	FP_ROUTE KC..KE135

TRACK_TIME 1167737286
TRACK A20110117629547 F 351000 805560 120 30 999 NONE NONE 320
	FP_ROUTE KC..KE120

TRACK_TIME 1167737286
TRACK A20110117629548 F 350460 851060 120 30 999 NONE NONE 200
	FP_ROUTE KC..KE120

TRACK_TIME 1167737286
TRACK A20110117629550 F 333900 842800 120 30 999 NONE NONE 360
	FP_ROUTE KT..KCRJ2

TRACK_TIME 1167737286
TRACK A20110117629551 F 330600 1172500 120 30 999 NONE NONE 410
	FP_ROUTE KC..KMD83

TRACK_TIME 1167737286
TRACK A20110117629553 F 372700 1184200 120 30 999 NONE NONE 280
	FP_ROUTE KC..KB733

TRACK_TIME 1167737286
TRACK A20110117629554 F 335560 1183160 120 30 999 NONE NONE 310
	FP_ROUTE KC..KE145

TRACK_TIME 1167737286
TRACK A20110117629555 F 410160 734060 120 30 999 NONE NONE 350
	FP_ROUTE KC..KB735

TRACK_TIME 1167737286
TRACK A20110117629557 F 333900 842700 120 30 999 NONE NONE 370
	FP_ROUTE KC..KB733

TRACK_TIME 1167737286
TRACK A20110117629558 F 324000 1143460 120 30 999 NONE NONE 230
	FP_ROUTE KC..KMD83

TRACK_TIME 1167737286
TRACK A20110117629559 F 335560 1182400 120 30 999 NONE NONE 220
	FP_ROUTE KC..KA321

TRACK_TIME 1167737286
TRACK A20110117629561 F 270000 821800 120 30 999 NONE NONE 370
	FP_ROUTE KC..KCRJ2

TRACK_TIME 1167737286
TRACK A20110117629568 F 370700 763100 120 30 999 NONE NONE 330
	FP_ROUTE KC..KCRJ2

TRACK_TIME 1167737286
TRACK A20110117629571 F 333900 842700 120 30 999 NONE NONE 410
	FP_ROUTE KT..KCRJ2

TRACK_TIME 1167737286
TRACK A20110117629572 F 410300 734060 120 30 999 NONE NONE 310
	FP_ROUTE KC..KA321

TRACK_TIME 1167737286
TRACK A20110117629573 F 333760 842700 120 30 999 NONE NONE 350
	FP_ROUTE KC..KE145

TRACK_TIME 1167737286
TRACK A20110117629574 F 325400 970100 120 30 999 NONE NONE 320
	FP_ROUTE KC..KMD83

TRACK_TIME 1167737286
TRACK A20110117629577 F 262560 815200 120 30 999 NONE NONE 380
	FP_ROUTE KC..KCRJ2

TRACK_TIME 1167737286
TRACK A20110117629578 F 384900 770100 120 30 999 NONE NONE 350
	FP_ROUTE KC..KE190

TRACK_TIME 1167737286
TRACK A20110117629579 F 272260 823160 120 30 999 NONE NONE 360
	FP_ROUTE KC..KA320

TRACK_TIME 1167737286
TRACK A20110117629582 F 325560 970300 120 30 999 NONE NONE 370
	FP_ROUTE KC..KB737

TRACK_TIME 1167737286
TRACK A20110117629583 F 472800 1221900 120 30 999 NONE NONE 380
	FP_ROUTE KC..KB737

TRACK_TIME 1167737286
TRACK A20110117629589 F 303760 862860 120 30 999 NONE NONE 240
	FP_ROUTE KC..KB733

TRACK_TIME 1167737286
TRACK A20110117629590 F 333760 842860 120 30 999 NONE NONE 230
	FP_ROUTE KC..KB733

TRACK_TIME 1167737286
TRACK A20110117629591 F 360400 1150700 120 30 999 NONE NONE 380
	FP_ROUTE KC..KB737

TRACK_TIME 1167737286
TRACK A20110117629603 F 325500 970300 120 30 999 NONE NONE 360
	FP_ROUTE KC..KSF34

TRACK_TIME 1167737286
TRACK A20110117629604 F 325500 970100 120 30 999 NONE NONE 360
	FP_ROUTE KC..KSF34

TRACK_TIME 1167737286
TRACK A20110117629612 F 332560 1120400 120 30 999 NONE NONE 400
	FP_ROUTE KC..KA320

TRACK_TIME 1167737286
TRACK A20110117629615 F 351360 805800 120 30 999 NONE NONE 270
	FP_ROUTE KC..KB737

TRACK_TIME 1167737286
TRACK A20110117629625 F 414800 874600 120 30 999 NONE NONE 400
	FP_ROUTE KC..KB737

TRACK_TIME 1167737286
TRACK A20110117629635 F 304800 831300 120 30 999 NONE NONE 180
	FP_ROUTE KC..KB752

TRACK_TIME 1167737286
TRACK A20110117629640 F 303760 881300 120 30 999 NONE NONE 300
	FP_ROUTE KC..KA319

TRACK_TIME 1167737286
TRACK A20110117629642 F 330700 1172400 120 30 999 NONE NONE 380
	FP_ROUTE KT..KCRJ9

TRACK_TIME 1167737286
TRACK A20110117629646 F 404200 734500 120 30 999 NONE NONE 430
	FP_ROUTE KC..KA319

TRACK_TIME 1167737286
TRACK A20110117629649 F 333760 842860 120 30 999 NONE NONE 390
	FP_ROUTE KC..KB752

TRACK_TIME 1167737286
TRACK A20110117629651 F 350000 1063900 120 30 999 NONE NONE 370
	FP_ROUTE KC..KB739

TRACK_TIME 1167737286
TRACK A20110117629652 F 325200 965200 120 30 999 NONE NONE 330
	FP_ROUTE KC..KA320

TRACK_TIME 1167737286
TRACK A20110117629654 F 384600 901960 120 30 999 NONE NONE 350
	FP_ROUTE KC..KE145

TRACK_TIME 1167737286
TRACK A20110117629655 F 373600 1221800 120 30 999 NONE NONE 340
	FP_ROUTE KC..KE120

TRACK_TIME 1167737286
TRACK A20110117629656 F 333600 1160460 120 30 999 NONE NONE 390
	FP_ROUTE KT..KCRJ1

TRACK_TIME 1167737286
TRACK A20110117629658 F 440700 1231300 120 30 999 NONE NONE 380
	FP_ROUTE KC..KCRJ2

TRACK_TIME 1167737286
TRACK A20110117629659 F 421900 1224800 120 30 999 NONE NONE 190
	FP_ROUTE KC..KB737

TRACK_TIME 1167737286
TRACK A20110117629660 F 414900 874800 120 30 999 NONE NONE 300
	FP_ROUTE KC..KB737

TRACK_TIME 1167737286
TRACK A20110117629661 F 344500 921200 120 30 999 NONE NONE 340
	FP_ROUTE KC..KB737

TRACK_TIME 1167737286
TRACK A20110117629662 F 335500 1183160 120 30 999 NONE NONE 320
	FP_ROUTE KC..KB752

TRACK_TIME 1167737286
TRACK A20110117629664 F 355200 784900 120 30 999 NONE NONE 190
	FP_ROUTE KC..KB752

TRACK_TIME 1167737286
TRACK A20110117629672 F 360900 864000 120 30 999 NONE NONE 310
	FP_ROUTE KC..KE145

TRACK_TIME 1167737286
TRACK A20110117629674 F 301300 973900 120 30 999 NONE NONE 370
	FP_ROUTE KC..KCRJ9

TRACK_TIME 1167737286
TRACK A20110117629675 F 384600 902200 120 30 999 NONE NONE 240
	FP_ROUTE KT..KCRJ1

TRACK_TIME 1167737286
TRACK A20110117629677 F 333900 842860 120 30 999 NONE NONE 360
	FP_ROUTE KC..KCRJ2

TRACK_TIME 1167737286
TRACK A20110117629678 F 351200 805700 120 30 999 NONE NONE 280
	FP_ROUTE KT..KCRJ2

TRACK_TIME 1167737286
TRACK A20110117629680 F 182500 660100 120 30 999 NONE NONE 370
	FP_ROUTE KG..KBE20

TRACK_TIME 1167737286
TRACK A20110117629682 F 260460 800700 120 30 999 NONE NONE 340
	FP_ROUTE KG..KBE20

TRACK_TIME 1167737286
TRACK A20110117629683 F 260160 800700 120 30 999 NONE NONE 330
	FP_ROUTE KT..KCRJ2

TRACK_TIME 1167737286
TRACK A20110117629687 F 390600 844000 120 30 999 NONE NONE 370
	FP_ROUTE KT..KCRJ2

TRACK_TIME 1167737286
TRACK A20110117629689 F 374000 972700 120 30 999 NONE NONE 410
	FP_ROUTE KC..KF900

TRACK_TIME 1167737286
TRACK A20110117629695 F 194660 1560160 120 30 999 NONE NONE 360
	FP_ROUTE KG..KLJ45

TRACK_TIME 1167737286
TRACK A20110117629708 F 383460 1211600 120 30 999 NONE NONE 240
	FP_ROUTE KC..KA320

TRACK_TIME 1167737286
TRACK A20110117629710 F 372800 771660 120 30 999 NONE NONE 310
	FP_ROUTE KC..KE190

TRACK_TIME 1167737286
TRACK A20110117629711 F 334800 1161800 120 30 999 NONE NONE 270
	FP_ROUTE KC..KB733

TRACK_TIME 1167737286
TRACK A20110117629716 F 383400 1211660 120 30 999 NONE NONE 240
	FP_ROUTE KC..KB733

TRACK_TIME 1167737286
TRACK A20110117629722 F 421360 831960 120 30 999 NONE NONE 320
	FP_ROUTE KC..KB737

TRACK_TIME 1167737286
TRACK A20110117629727 F 325400 970460 120 30 999 NONE NONE 330
	FP_ROUTE KT..KDH8D

TRACK_TIME 1167737286
TRACK A20110117629730 F 421600 833000 120 30 999 NONE NONE 230
	FP_ROUTE KC..KB737

TRACK_TIME 1167737286
TRACK A20110117629733 F 404000 732200 120 30 999 NONE NONE 390
	FP_ROUTE KC..KMD83

TRACK_TIME 1167737286
TRACK A20110117629742 F 372860 771960 120 30 999 NONE NONE 370
	FP_ROUTE KC..KA319

TRACK_TIME 1167737286
TRACK A20110117629748 F 335700 1182700 120 30 999 NONE NONE 380
	FP_ROUTE KC..KA319

TRACK_TIME 1167737286
TRACK A20110117629753 F 325700 970160 120 30 999 NONE NONE 260
	FP_ROUTE KG..KCL60

TRACK_TIME 1167737286
TRACK A20110117629761 F 333900 842860 120 30 999 NONE NONE 300
	FP_ROUTE KT..KDH8D

TRACK_TIME 1167737286
TRACK A20110117629763 F 282400 811660 120 30 999 NONE NONE 380
	FP_ROUTE KT..KC750

TRACK_TIME 1167737286
TRACK A20110117629767 F 332560 1115700 120 30 999 NONE NONE 360
	FP_ROUTE KG..KCL60

TRACK_TIME 1167737286
TRACK A20110117629778 F 404000 741060 120 30 999 NONE NONE 190
	FP_ROUTE KC..KCRJ2

TRACK_TIME 1167737286
TRACK A20110117629779 F 395200 751360 120 30 999 NONE NONE 310
	FP_ROUTE KC..KE145

TRACK_TIME 1167737286
TRACK A20110117629781 F 445260 931500 120 30 999 NONE NONE 360
	FP_ROUTE KC..KCRJ2

TRACK_TIME 1167737286
TRACK A20110117629782 F 472860 1221900 120 30 999 NONE NONE 340
	FP_ROUTE KC..KCRJ9

TRACK_TIME 1167737286
TRACK A20110117629798 F 604900 1485500 120 30 999 NONE NONE 360
	FP_ROUTE KT..KCRJ2

TRACK_TIME 1167737286
TRACK A20110117629800 F 373600 1221960 120 30 999 NONE NONE 410
	FP_ROUTE KT..KCRJ2

TRACK_TIME 1167737286
TRACK A20110117629806 F 360460 1151300 120 30 999 NONE NONE 280
	FP_ROUTE KC..KB712

TRACK_TIME 1167737286
TRACK A20110117629817 F 420000 875700 120 30 999 NONE NONE 270
	FP_ROUTE KC..KE145

TRACK_TIME 1167737286
TRACK A20110117629821 F 391060 764300 120 30 999 NONE NONE 390
	FP_ROUTE KC..KA320

TRACK_TIME 1167737286
TRACK A20110117629822 F 394200 861900 120 30 999 NONE NONE 400
	FP_ROUTE KC..KE170

TRACK_TIME 1167737286
TRACK A20110117629824 F 445200 931000 120 30 999 NONE NONE 320
	FP_ROUTE KT..KCRJ2

TRACK_TIME 1167737286
TRACK A20110117629825 F 404600 735100 120 30 999 NONE NONE 290
	FP_ROUTE KG..KF900

TRACK_TIME 1167737286
TRACK A20110117629831 F 360460 1150160 120 30 999 NONE NONE 230
	FP_ROUTE KC..KA320

TRACK_TIME 1167737286
TRACK A20110117629832 F 404600 1115800 120 30 999 NONE NONE 310
	FP_ROUTE KC..KSF34

TRACK_TIME 1167737286
TRACK A20110117629833 F 355700 1150760 120 30 999 NONE NONE 360
	FP_ROUTE KC..KE145

TRACK_TIME 1167737286
TRACK A20110117629837 F 384960 770160 120 30 999 NONE NONE 290
	FP_ROUTE KC..KE120

TRACK_TIME 1167737286
TRACK A20110117629839 F 325500 970460 120 30 999 NONE NONE 290
	FP_ROUTE KT..KCRJ2

TRACK_TIME 1167737286
TRACK A20110117629844 F 422100 710100 120 30 999 NONE NONE 369
	FP_ROUTE KC..KB752

TRACK_TIME 1167737286
TRACK A20110117629852 F 332560 1115800 120 30 999 NONE NONE 360
	FP_ROUTE KC..KCL60

TRACK_TIME 1167737286
TRACK A20110117629854 F 300000 901800 120 30 999 NONE NONE 310
	FP_ROUTE KC..KA320

TRACK_TIME 1167737286
TRACK A20110117629855 F 404900 735100 120 30 999 NONE NONE 270
	FP_ROUTE KC..KE145

TRACK_TIME 1167737286
TRACK A20110117629856 F 332560 1115860 120 30 999 NONE NONE 389
	FP_ROUTE KC..KB737

TRACK_TIME 1167737286
TRACK A20110117629857 F 414900 874660 120 30 999 NONE NONE 410
	FP_ROUTE KC..KB737

TRACK_TIME 1167737286
TRACK A20110117629858 F 390000 772800 120 30 999 NONE NONE 310
	FP_ROUTE KC..KMD82

TRACK_TIME 1167737286
TRACK A20110117629862 F 374300 844500 120 30 999 NONE NONE 410
	FP_ROUTE KC..KB737

TRACK_TIME 1167737286
TRACK A20110117629880 F 425500 784600 120 30 999 NONE NONE 260
	FP_ROUTE KC..KB737

TRACK_TIME 1167737286
TRACK A20110117629886 F 360400 1150760 120 30 999 NONE NONE 360
	FP_ROUTE KC..KB737

TRACK_TIME 1167737286
TRACK A20110117629887 F 384900 770160 120 30 999 NONE NONE 350
	FP_ROUTE KC..KB752

TRACK_TIME 1167737286
TRACK A20110117629890 F 430160 713000 120 30 999 NONE NONE 350
	FP_ROUTE KC..KE170

TRACK_TIME 1167737286
TRACK A20110117629891 F 391060 764360 120 30 999 NONE NONE 340
	FP_ROUTE KC..KB737

TRACK_TIME 1167737286
TRACK A20110117629896 F 404600 735100 120 30 999 NONE NONE 210
	FP_ROUTE KT..KCRJ2

TRACK_TIME 1167737286
TRACK A20110117629898 F 325260 970400 120 30 999 NONE NONE 370
	FP_ROUTE KC..KCRJ2

TRACK_TIME 1167737286
TRACK A20110117629899 F 404600 1115800 120 30 999 NONE NONE 350
	FP_ROUTE KC..KAT72

TRACK_TIME 1167737286
TRACK A20110117629901 F 333760 842860 120 30 999 NONE NONE 350
	FP_ROUTE KG..KCL60

TRACK_TIME 1167737286
TRACK A20110117629902 F 394800 1043900 120 30 999 NONE NONE 380
	FP_ROUTE KC..KB735

TRACK_TIME 1167737286
TRACK A20110117629903 F 395560 1044060 120 30 999 NONE NONE 350
	FP_ROUTE KC..KDH8D

TRACK_TIME 1167737286
TRACK A20110117629919 F 262860 820000 120 30 999 NONE NONE 390
	FP_ROUTE KC..KE190

TRACK_TIME 1167737286
TRACK A20110117629920 F 350400 895860 120 30 999 NONE NONE 350
	FP_ROUTE KC..KCRJ2

TRACK_TIME 1167737286
TRACK A20110117629921 F 325500 970160 120 30 999 NONE NONE 340
	FP_ROUTE KC..KCRJ2

TRACK_TIME 1167737286
TRACK A20110117629922 F 260460 801300 120 30 999 NONE NONE 319
	FP_ROUTE KC..KCRJ2

TRACK_TIME 1167737286
TRACK A20110117629926 F 360700 864000 120 30 999 NONE NONE 390
	FP_ROUTE KT..KCRJ2

TRACK_TIME 1167737286
TRACK A20110117629931 F 404500 735400 120 30 999 NONE NONE 350
	FP_ROUTE KC..KCRJ2

TRACK_TIME 1167737286
TRACK A20110117629945 F 320700 1105700 120 30 999 NONE NONE 330
	FP_ROUTE KC..KE170

TRACK_TIME 1167737286
TRACK A20110117629948 F 414800 874660 120 30 999 NONE NONE 230
	FP_ROUTE KC..KE190

TRACK_TIME 1167737286
TRACK A20110117629949 F 445260 931060 120 30 999 NONE NONE 280
	FP_ROUTE KC..KB738

TRACK_TIME 1167737286
TRACK A20110117629950 F 421360 832100 120 30 999 NONE NONE 380
	FP_ROUTE KC..KB77L

TRACK_TIME 1167737286
TRACK A20110117629952 F 445200 931060 120 30 999 NONE NONE 340
	FP_ROUTE KC..KB737

TRACK_TIME 1167737286
TRACK A20110117629954 F 414800 874900 120 30 999 NONE NONE 370
	FP_ROUTE KC..KB753

TRACK_TIME 1167737286
TRACK A20110117629955 F 414200 712700 120 30 999 NONE NONE 390
	FP_ROUTE KC..KB712

TRACK_TIME 1167737286
TRACK A20110117629958 F 325560 970600 120 30 999 NONE NONE 330
	FP_ROUTE KC..KB734

TRACK_TIME 1167737286
TRACK A20110117629959 F 480600 1035700 120 30 999 NONE NONE 250
	FP_ROUTE KC..KA320

TRACK_TIME 1167737286
TRACK A20110117629961 F 412860 1044060 120 30 999 NONE NONE 241
	FP_ROUTE KT..KC560

TRACK_TIME 1167737286
TRACK A20110117629995 F 351200 805800 120 30 999 NONE NONE 290
	FP_ROUTE KT..KCRJ9

TRACK_TIME 1167737286
TRACK A20110117629997 F 391060 764360 120 30 999 NONE NONE 320
	FP_ROUTE KT..KCRJ2

TRACK_TIME 1167737286
TRACK A20110117630005 F 384960 770160 120 30 999 NONE NONE 370
	FP_ROUTE KG..KFA50

TRACK_TIME 1167737286
TRACK A20110117630014 F 393900 1065400 120 30 999 NONE NONE 410
	FP_ROUTE KC..KB734

TRACK_TIME 1167737286
TRACK A20110117630015 F 473400 1221960 120 30 999 NONE NONE 410
	FP_ROUTE KC..KB737

TRACK_TIME 1167737286
TRACK A20110117630020 F 335560 810400 120 30 999 NONE NONE 320
	FP_ROUTE KT..KCRJ2

TRACK_TIME 1167737286
TRACK A20110117630022 F 351360 805800 120 30 999 NONE NONE 270
	FP_ROUTE KC..KCRJ2

TRACK_TIME 1167737286
TRACK A20110117630023 F 325200 965200 120 30 999 NONE NONE 411
	FP_ROUTE KC..KCRJ2

TRACK_TIME 1167737286
TRACK A20110117630024 F 384200 901600 120 30 999 NONE NONE 390
	FP_ROUTE KC..KB712

TRACK_TIME 1167737286
TRACK A20110117630025 F 421360 832200 120 30 999 NONE NONE 330
	FP_ROUTE KC..KA319

TRACK_TIME 1167737286
TRACK A20110117630026 F 332560 1115860 120 30 999 NONE NONE 380
	FP_ROUTE KC..KB737

TRACK_TIME 1167737286
TRACK A20110117630028 F 325560 970160 120 30 999 NONE NONE 360
	FP_ROUTE KC..KE190

TRACK_TIME 1167737286
TRACK A20110117630036 F 360600 1150760 120 30 999 NONE NONE 270
	FP_ROUTE KC..KE170

TRACK_TIME 1167737286
TRACK A20110117630037 F 395200 751660 120 30 999 NONE NONE 200
	FP_ROUTE KG..KLJ35

TRACK_TIME 1167737286
TRACK A20110117630038 F 384500 902100 120 30 999 NONE NONE 340
	FP_ROUTE KC..KB738

TRACK_TIME 1167737286
TRACK A20110117630039 F 282860 811660 120 30 999 NONE NONE 400
	FP_ROUTE KT..KCRJ2

TRACK_TIME 1167737286
TRACK A20110117630040 F 414900 874660 120 30 999 NONE NONE 380
	FP_ROUTE KC..KE135

TRACK_TIME 1167737286
TRACK A20110117630042 F 415560 724200 120 30 999 NONE NONE 270
	FP_ROUTE KC..KB737

TRACK_TIME 1167737286
TRACK A20110117630044 F 314960 1062100 120 30 999 NONE NONE 350
	FP_ROUTE KC..KB737

TRACK_TIME 1167737286
TRACK A20110117630045 F 181960 650000 120 30 999 NONE NONE 390
	FP_ROUTE KC..KB737

TRACK_TIME 1167737286
TRACK A20110117630046 F 395200 751660 120 30 999 NONE NONE 350
	FP_ROUTE KG..KC560

TRACK_TIME 1167737286
TRACK A20110117630051 F 404360 734360 120 30 999 NONE NONE 250
	FP_ROUTE KC..KB752

TRACK_TIME 1167737286
TRACK A20110117630052 F 335700 1182560 120 30 999 NONE NONE 380
	FP_ROUTE KC..KA320

TRACK_TIME 1167737286
TRACK A20110117630056 F 254800 801600 120 30 999 NONE NONE 300
	FP_ROUTE KC..KMD83

TRACK_TIME 1167737286
TRACK A20110117630064 F 361360 955260 120 30 999 NONE NONE 330
	FP_ROUTE KC..KE145

TRACK_TIME 1167737286
TRACK A20110117630065 F 324300 1170760 120 30 999 NONE NONE 360
	FP_ROUTE KC..KMD82

TRACK_TIME 1167737286
TRACK A20110117630074 F 472700 1221900 120 30 999 NONE NONE 360
	FP_ROUTE KC..KA319

TRACK_TIME 1167737286
TRACK A20110117630075 F 351060 805700 120 30 999 NONE NONE 370
	FP_ROUTE KC..KB737

TRACK_TIME 1167737286
TRACK A20110117630076 F 350300 895800 120 30 999 NONE NONE 340
	FP_ROUTE KC..KB763

TRACK_TIME 1167737286
TRACK A20110117630077 F 395200 751660 120 30 999 NONE NONE 310
	FP_ROUTE KC..KB763

TRACK_TIME 1167737286
TRACK A20110117630078 F 442700 730700 120 30 999 NONE NONE 250
	FP_ROUTE KC..KB737

TRACK_TIME 1167737286
TRACK A20110117630087 F 360460 1151060 120 30 999 NONE NONE 320
	FP_ROUTE KC..KE145

TRACK_TIME 1167737286
TRACK A20110117630088 F 335700 1182560 120 30 999 NONE NONE 280
	FP_ROUTE KC..KB737

TRACK_TIME 1167737286
TRACK A20110117630099 F 380600 782800 120 30 999 NONE NONE 200
	FP_ROUTE KC..KB733

TRACK_TIME 1167737286
TRACK A20110117630100 F 405500 812560 120 30 999 NONE NONE 410
	FP_ROUTE KC..KE145

TRACK_TIME 1167737286
TRACK A20110117630101 F 422400 711960 120 30 999 NONE NONE 390
	FP_ROUTE KC..KB77L

TRACK_TIME 1167737286
TRACK A20110117630102 F 414060 875400 120 30 999 NONE NONE 400
	FP_ROUTE KG..KC750

TRACK_TIME 1167737286
TRACK A20110117630104 F 420000 875260 120 30 999 NONE NONE 380
	FP_ROUTE KG..KC750

TRACK_TIME 1167737286
TRACK A20110117630105 F 343760 864800 120 30 999 NONE NONE 220
	FP_ROUTE KC..KCRJ2

TRACK_TIME 1167737286
TRACK A20110117630109 F 472700 1221900 120 30 999 NONE NONE 380
	FP_ROUTE KC..KB734

TRACK_TIME 1167737286
TRACK A20110117630110 F 384300 1212860 120 30 999 NONE NONE 390
	FP_ROUTE KC..KA319

TRACK_TIME 1167737286
TRACK A20110117630113 F 340300 1174500 120 30 999 NONE NONE 300
	FP_ROUTE KC..KA321

TRACK_TIME 1167737286
TRACK A20110117630117 F 360460 1151200 120 30 999 NONE NONE 320
	FP_ROUTE KC..KCRJ2

TRACK_TIME 1167737286
TRACK A20110117630118 F 323700 1171200 120 30 999 NONE NONE 280
	FP_ROUTE KC..KCRJ2

TRACK_TIME 1167737286
TRACK A20110117630121 F 350000 1064000 120 30 999 NONE NONE 300
	FP_ROUTE KC..KCRJ2

TRACK_TIME 1167737286
TRACK A20110117630123 F 373600 1221960 120 30 999 NONE NONE 340
	FP_ROUTE KT..KE145

TRACK_TIME 1167737286
TRACK A20110117630126 F 260460 801200 120 30 999 NONE NONE 390
	FP_ROUTE KC..KA320

TRACK_TIME 1167737286
TRACK A20110117630127 F 182560 660160 120 30 999 NONE NONE 390
	FP_ROUTE KC..KB734

TRACK_TIME 1167737286
TRACK A20110117630130 F 415860 875100 120 30 999 NONE NONE 290
	FP_ROUTE KC..KE170

TRACK_TIME 1167737286
TRACK A20110117630133 F 395200 751360 120 30 999 NONE NONE 270
	FP_ROUTE KT..KCRJ9

TRACK_TIME 1167737286
TRACK A20110117630138 F 351360 805500 120 30 999 NONE NONE 360
	FP_ROUTE KC..KB737

TRACK_TIME 1167737286
TRACK A20110117630162 F 260400 800600 120 30 999 NONE NONE 340
	FP_ROUTE KC..KB752

TRACK_TIME 1167737286
TRACK A20110117630174 F 333760 842800 120 30 999 NONE NONE 350
	FP_ROUTE KC..KB737

TRACK_TIME 1167737286
TRACK A20110117630179 F 410160 734060 120 30 999 NONE NONE 350
	FP_ROUTE KC..KB738

TRACK_TIME 1167737286
TRACK A20110117630181 F 390600 844000 120 30 999 NONE NONE 230
	FP_ROUTE KT..KCRJ2

TRACK_TIME 1167737286
TRACK A20110117630184 F 414060 862500 120 30 999 NONE NONE 320
	FP_ROUTE KC..KB752

TRACK_TIME 1167737286
TRACK A20110117630192 F 425500 784500 120 30 999 NONE NONE 390
	FP_ROUTE KC..KB737

TRACK_TIME 1167737286
TRACK A20110117630193 F 300000 951660 120 30 999 NONE NONE 350
	FP_ROUTE KT..KCRJ2

TRACK_TIME 1167737286
TRACK A20110117630195 F 394200 861960 120 30 999 NONE NONE 230
	FP_ROUTE KC..KB712

TRACK_TIME 1167737286
TRACK A20110117630197 F 424960 1065500 120 30 999 NONE NONE 260
	FP_ROUTE KC..KB712

TRACK_TIME 1167737286
TRACK A20110117630198 F 394800 1044000 120 30 999 NONE NONE 250
	FP_ROUTE KT..KF2TH

TRACK_TIME 1167737286
TRACK A20110117630202 F 254600 801500 120 30 999 NONE NONE 370
	FP_ROUTE KT..KCRJ2

TRACK_TIME 1167737286
TRACK A20110117630205 F 361000 863900 120 30 999 NONE NONE 280
	FP_ROUTE KC..KB752

TRACK_TIME 1167737286
TRACK A20110117630209 F 275700 823300 120 30 999 NONE NONE 360
	FP_ROUTE KC..KB752

TRACK_TIME 1167737286
TRACK A20110117630210 F 481960 1141360 120 30 999 NONE NONE 320
	FP_ROUTE KC..KB712

TRACK_TIME 1167737286
TRACK A20110117630211 F 350300 1063160 120 30 999 NONE NONE 330
	FP_ROUTE KC..KB712

TRACK_TIME 1167737286
TRACK A20110117630212 F 360600 1150900 120 30 999 NONE NONE 371
	FP_ROUTE KC..KB733

TRACK_TIME 1167737286
TRACK A20110117630218 F 420100 875560 120 30 999 NONE NONE 340
	FP_ROUTE KC..KB737

TRACK_TIME 1167737286
TRACK A20110117630219 F 355100 784900 120 30 999 NONE NONE 270
	FP_ROUTE KC..KB733

TRACK_TIME 1167737286
TRACK A20110117630221 F 282800 811960 120 30 999 NONE NONE 290
	FP_ROUTE KT..KCRJ9

TRACK_TIME 1167737286
TRACK A20110117630229 F 390000 772800 120 30 999 NONE NONE 350
	FP_ROUTE KC..KE145

TRACK_TIME 1167737286
TRACK A20110117630230 F 430460 774200 120 30 999 NONE NONE 240
	FP_ROUTE KT..KCRJ9

TRACK_TIME 1167737286
TRACK A20110117630233 F 384800 770160 120 30 999 NONE NONE 180
	FP_ROUTE KC..KE135

TRACK_TIME 1167737286
TRACK A20110117630239 F 403760 734600 120 30 999 NONE NONE 330
	FP_ROUTE KC..KB752

TRACK_TIME 1167737286
TRACK A20110117630241 F 420000 875260 120 30 999 NONE NONE 350
	FP_ROUTE KC..KMD83

TRACK_TIME 1167737286
TRACK A20110117630242 F 351200 805800 120 30 999 NONE NONE 330
	FP_ROUTE KC..KE145

TRACK_TIME 1167737286
TRACK A20110117630243 F 333000 1121300 120 30 999 NONE NONE 320
	FP_ROUTE KC..KE145

TRACK_TIME 1167737286
TRACK A20110117630244 F 363400 1214660 120 30 999 NONE NONE 300
	FP_ROUTE KT..KCRJ1

TRACK_TIME 1167737286
TRACK A20110117630247 F 430700 875200 120 30 999 NONE NONE 380
	FP_ROUTE KT..KE145

TRACK_TIME 1167737286
TRACK A20110117630248 F 394800 1044000 120 30 999 NONE NONE 380
	FP_ROUTE KG..KLJ45

TRACK_TIME 1167737286
TRACK A20110117630255 F 404960 740460 120 30 999 NONE NONE 450
	FP_ROUTE KG..KLJ45

TRACK_TIME 1167737286
TRACK A20110117630258 F 395260 1043460 120 30 999 NONE NONE 360
	FP_ROUTE KC..KCRJ2

TRACK_TIME 1167737286
TRACK A20110117630267 F 422200 710000 120 30 999 NONE NONE 370
	FP_ROUTE KC..KE190

TRACK_TIME 1167737286
TRACK A20110117630268 F 404600 735400 120 30 999 NONE NONE 290
	FP_ROUTE KC..KE135

TRACK_TIME 1167737286
TRACK A20110117630270 F 394060 862100 120 30 999 NONE NONE 300
	FP_ROUTE KT..KBE9L

TRACK_TIME 1167737286
TRACK A20110117630274 F 391300 1083700 120 30 999 NONE NONE 250
	FP_ROUTE KT..KCRJ2

TRACK_TIME 1167737286
TRACK A20110117630277 F 461960 1111600 120 30 999 NONE NONE 320
	FP_ROUTE KG..KC550

TRACK_TIME 1167737286
TRACK A20110117630278 F 371960 1215400 120 30 999 NONE NONE 350
	FP_ROUTE KG..KC550

TRACK_TIME 1167737286
TRACK A20110117630279 F 300760 974000 120 30 999 NONE NONE 370
	FP_ROUTE KC..KA319

TRACK_TIME 1167737286
TRACK A20110117630282 F 395260 1044060 120 30 999 NONE NONE 350
	FP_ROUTE KC..KB738

TRACK_TIME 1167737286
TRACK A20110117630283 F 422200 1141800 120 30 999 NONE NONE 200
	FP_ROUTE KT..KCRJ2

TRACK_TIME 1167737286
TRACK A20110117630288 F 403900 741060 120 30 999 NONE NONE 330
	FP_ROUTE KC..KE190

TRACK_TIME 1167737286
TRACK A20110117630291 F 403000 801660 120 30 999 NONE NONE 240
	FP_ROUTE KC..KE190

TRACK_TIME 1167737286
TRACK A20110117630292 F 404300 732500 120 30 999 NONE NONE 410
	FP_ROUTE KC..KA319

TRACK_TIME 1167737286
TRACK A20110117630293 F 332560 1115560 120 30 999 NONE NONE 350
	FP_ROUTE KC..KCRJ2

TRACK_TIME 1167737286
TRACK A20110117630294 F 393160 944800 120 30 999 NONE NONE 370
	FP_ROUTE KC..KCRJ2

TRACK_TIME 1167737286
TRACK A20110117630296 F 403000 801660 120 30 999 NONE NONE 260
	FP_ROUTE KC..KB737

TRACK_TIME 1167737286
TRACK A20110117630297 F 384900 770160 120 30 999 NONE NONE 300
	FP_ROUTE KC..KB737

TRACK_TIME 1167737286
TRACK A20110117630300 F 394660 1044000 120 30 999 NONE NONE 350
	FP_ROUTE KC..KA319

TRACK_TIME 1167737286
TRACK A20110117630301 F 260460 800700 120 30 999 NONE NONE 380
	FP_ROUTE KC..KB733

TRACK_TIME 1167737286
TRACK A20110117630303 F 334500 1163600 120 30 999 NONE NONE 340
	FP_ROUTE KC..KA319

TRACK_TIME 1167737286
TRACK A20110117630306 F 335500 1183400 120 30 999 NONE NONE 320
	FP_ROUTE KC..KB738

TRACK_TIME 1167737286
TRACK A20110117630308 F 391060 764500 120 30 999 NONE NONE 180
	FP_ROUTE KC..KB737

TRACK_TIME 1167737286
TRACK A20110117630312 F 325500 970100 120 30 999 NONE NONE 380
	FP_ROUTE KC..KA320

TRACK_TIME 1167737286
TRACK A20110117630315 F 324360 1171200 120 30 999 NONE NONE 380
	FP_ROUTE KC..KE145

TRACK_TIME 1167737286
TRACK A20110117630316 F 394800 1044000 120 30 999 NONE NONE 370
	FP_ROUTE KC..KB764

TRACK_TIME 1167737286
TRACK A20110117630319 F 422500 962700 120 30 999 NONE NONE 220
	FP_ROUTE KC..KA320

TRACK_TIME 1167737286
TRACK A20110117630320 F 391060 863700 120 30 999 NONE NONE 360
	FP_ROUTE KC..KB753

TRACK_TIME 1167737286
TRACK A20110117630321 F 404000 741060 120 30 999 NONE NONE 350
	FP_ROUTE KC..KB753

TRACK_TIME 1167737286
TRACK A20110117630325 F 605500 1485800 120 30 999 NONE NONE 400
	FP_ROUTE KC..KB737

TRACK_TIME 1167737286
TRACK A20110117630326 F 404800 735200 120 30 999 NONE NONE 370
	FP_ROUTE KC..KB737

TRACK_TIME 1167737286
TRACK A20110117630331 F 355100 784900 120 30 999 NONE NONE 370
	FP_ROUTE KC..KB737

TRACK_TIME 1167737286
TRACK A20110117630343 F 335560 1182260 120 30 999 NONE NONE 400
	FP_ROUTE KC..KA318

TRACK_TIME 1167737286
TRACK A20110117630351 F 301360 974060 120 30 999 NONE NONE 200
	FP_ROUTE KC..KCRJ9

TRACK_TIME 1167737286
TRACK A20110117630355 F 391060 764200 120 30 999 NONE NONE 290
	FP_ROUTE KC..KCRJ2

TRACK_TIME 1167737286
TRACK A20110117630357 F 333900 842860 120 30 999 NONE NONE 220
	FP_ROUTE KC..KCRJ2

TRACK_TIME 1167737286
TRACK A20110117630361 F 260460 801200 120 30 999 NONE NONE 340
	FP_ROUTE KT..KE145

TRACK_TIME 1167737286
TRACK A20110117630362 F 395200 751660 120 30 999 NONE NONE 330
	FP_ROUTE KC..KB737

TRACK_TIME 1167737286
TRACK A20110117630365 F 404660 735200 120 30 999 NONE NONE 330
	FP_ROUTE KC..KE135

TRACK_TIME 1167737286
TRACK A20110117630366 F 263000 800000 120 30 999 NONE NONE 400
	FP_ROUTE KC..KMD82

TRACK_TIME 1167737286
TRACK A20110117630367 F 334600 843400 120 30 999 NONE NONE 410
	FP_ROUTE KC..KE170

TRACK_TIME 1167737286
TRACK A20110117630368 F 360460 1150900 120 30 999 NONE NONE 360
	FP_ROUTE KC..KB738

TRACK_TIME 1167737286
TRACK A20110117630370 F 360700 1150900 120 30 999 NONE NONE 330
	FP_ROUTE KC..KB738

TRACK_TIME 1167737286
TRACK A20110117630386 F 402560 912260 120 30 999 NONE NONE 220
	FP_ROUTE KG..KLJ35

TRACK_TIME 1167737286
TRACK A20110117630389 F 340300 1174360 120 30 999 NONE NONE 390
	FP_ROUTE KT..KE145

TRACK_TIME 1167737286
TRACK A20110117630390 F 373600 1221960 120 30 999 NONE NONE 360
	FP_ROUTE KC..KB733

TRACK_TIME 1167737286
TRACK A20110117630398 F 332560 1115860 120 30 999 NONE NONE 360
	FP_ROUTE KC..KB733

TRACK_TIME 1167737286
TRACK A20110117630403 F 254800 801600 120 30 999 NONE NONE 230
	FP_ROUTE KC..KA318

TRACK_TIME 1167737286
TRACK A20110117630414 F 420100 875560 120 30 999 NONE NONE 380
	FP_ROUTE KC..KB734

TRACK_TIME 1167737286
TRACK A20110117630415 F 420000 875100 120 30 999 NONE NONE 360
	FP_ROUTE KC..KB733

TRACK_TIME 1167737286
TRACK A20110117630420 F 384600 902200 120 30 999 NONE NONE 370
	FP_ROUTE KC..KB738

TRACK_TIME 1167737286
TRACK A20110117630423 F 472800 1221900 120 30 999 NONE NONE 350
	FP_ROUTE KC..KE135

TRACK_TIME 1167737286
TRACK A20110117630427 F 472800 1221900 120 30 999 NONE NONE 380
	FP_ROUTE KC..KB733

TRACK_TIME 1167737286
TRACK A20110117630430 F 404500 1115800 120 30 999 NONE NONE 400
	FP_ROUTE KT..KCRJ2

TRACK_TIME 1167737286
TRACK A20110117630431 F 384960 770160 120 30 999 NONE NONE 200
	FP_ROUTE KG..KLJ35

TRACK_TIME 1167737286
TRACK A20110117630447 F 420000 875700 120 30 999 NONE NONE 370
	FP_ROUTE KC..KE145

TRACK_TIME 1167737286
TRACK A20110117630451 F 381300 854360 120 30 999 NONE NONE 280
	FP_ROUTE KC..KB735

TRACK_TIME 1167737286
TRACK A20110117630452 F 404300 734960 120 30 999 NONE NONE 350
	FP_ROUTE KC..KB735

TRACK_TIME 1167737286
TRACK A20110117630453 F 394960 1044060 120 30 999 NONE NONE 330
	FP_ROUTE KC..KA319

TRACK_TIME 1167737286
TRACK A20110117630454 F 400000 825560 120 30 999 NONE NONE 300
	FP_ROUTE KC..KB735

TRACK_TIME 1167737286
TRACK A20110117630460 F 325400 970160 120 30 999 NONE NONE 220
	FP_ROUTE KC..KE170

TRACK_TIME 1167737286
TRACK A20110117630462 F 404360 735500 120 30 999 NONE NONE 350
	FP_ROUTE KT..KCRJ2

TRACK_TIME 1167737286
TRACK A20110117630463 F 333460 784960 120 30 999 NONE NONE 380
	FP_ROUTE KG..KBE20

TRACK_TIME 1167737286
TRACK A20110117630464 F 182560 660100 120 30 999 NONE NONE 350
	FP_ROUTE KC..KMD82

TRACK_TIME 1167737286
TRACK A20110117630465 F 324300 1170900 120 30 999 NONE NONE 370
	FP_ROUTE KT..KE145

TRACK_TIME 1167737286
TRACK A20110117630466 F 332560 1115860 120 30 999 NONE NONE 370
	FP_ROUTE KC..KE170

TRACK_TIME 1167737286
TRACK A20110117630468 F 433760 702200 120 30 999 NONE NONE 250
	FP_ROUTE KT..KE145

TRACK_TIME 1167737286
TRACK A20110117630473 F 335560 1182260 120 30 999 NONE NONE 380
	FP_ROUTE KT..KE145

TRACK_TIME 1167737286
TRACK A20110117630488 F 453460 1223460 120 30 999 NONE NONE 340
	FP_ROUTE KC..KB752

TRACK_TIME 1167737286
TRACK A20110117630492 F 332560 1115700 120 30 999 NONE NONE 380
	FP_ROUTE KC..KE170

TRACK_TIME 1167737286
TRACK A20110117630494 F 414800 874660 120 30 999 NONE NONE 400
	FP_ROUTE KC..KCRJ2

TRACK_TIME 1167737286
TRACK A20110117630498 F 414960 874900 120 30 999 NONE NONE 410
	FP_ROUTE KT..KCRJ2

TRACK_TIME 1167737286
TRACK A20110117630499 F 333760 842860 120 30 999 NONE NONE 330
	FP_ROUTE KC..KA320

TRACK_TIME 1167737286
TRACK A20110117630500 F 374060 1221200 120 30 999 NONE NONE 380
	FP_ROUTE KC..KB737

TRACK_TIME 1167737286
TRACK A20110117630501 F 280000 823160 120 30 999 NONE NONE 410
	FP_ROUTE KT..KE145

TRACK_TIME 1167737286
TRACK A20110117630502 F 324500 1171800 120 30 999 NONE NONE 380
	FP_ROUTE KC..KE190

TRACK_TIME 1167737286
TRACK A20110117630504 F 414300 935200 120 30 999 NONE NONE 350
	FP_ROUTE KC..KB737

TRACK_TIME 1167737286
TRACK A20110117630509 F 420160 875700 120 30 999 NONE NONE 360
	FP_ROUTE KC..KMD83

TRACK_TIME 1167737286
TRACK A20110117630513 F 381200 854360 120 30 999 NONE NONE 380
	FP_ROUTE KC..KB738

TRACK_TIME 1167737286
TRACK A20110117630516 F 395200 751660 120 30 999 NONE NONE 330
	FP_ROUTE KC..KCRJ2

TRACK_TIME 1167737286
TRACK A20110117630518 F 472700 1221900 120 30 999 NONE NONE 340
	FP_ROUTE KG..KLJ45

TRACK_TIME 1167737286
TRACK A20110117630520 F 381200 854360 120 30 999 NONE NONE 290
	FP_ROUTE KC..KB737

TRACK_TIME 1167737286
TRACK A20110117630522 F 332560 1115800 120 30 999 NONE NONE 350
	FP_ROUTE KC..KE170

TRACK_TIME 1167737286
TRACK A20110117630531 F 421360 832200 120 30 999 NONE NONE 350
	FP_ROUTE KC..KA320

TRACK_TIME 1167737286
TRACK A20110117630532 F 332560 1115700 120 30 999 NONE NONE 360
	FP_ROUTE KT..KE145

TRACK_TIME 1167737286
TRACK A20110117630533 F 391060 764360 120 30 999 NONE NONE 370
	FP_ROUTE KC..KE190

TRACK_TIME 1167737286
TRACK A20110117630540 F 373600 1221960 120 30 999 NONE NONE 380
	FP_ROUTE KC..KE170

TRACK_TIME 1167737286
TRACK A20110117630555 F 404660 730700 120 30 999 NONE NONE 290
	FP_ROUTE KT..KDH8D

TRACK_TIME 1167737286
TRACK A20110117630558 F 453460 1223300 120 30 999 NONE NONE 400
	FP_ROUTE KC..KB735

TRACK_TIME 1167737286
TRACK A20110117630574 F 472800 1221900 120 30 999 NONE NONE 360
	FP_ROUTE KC..KCRJ2

TRACK_TIME 1167737286
TRACK A20110117630578 F 350900 851000 120 30 999 NONE NONE 330
	FP_ROUTE KT..KE145

TRACK_TIME 1167737286
TRACK A20110117630579 F 334500 1174960 120 30 999 NONE NONE 410
	FP_ROUTE KC..KE170

TRACK_TIME 1167737286
TRACK A20110117630580 F 332560 1115800 120 30 999 NONE NONE 330
	FP_ROUTE KC..KE170

TRACK_TIME 1167737286
TRACK A20110117630581 F 404600 1120000 120 30 999 NONE NONE 340
	FP_ROUTE KC..KB752

TRACK_TIME 1167737286
TRACK A20110117630582 F 395260 1043400 120 30 999 NONE NONE 370
	FP_ROUTE KC..KA320

TRACK_TIME 1167737286
TRACK A20110117630586 F 272500 823460 120 30 999 NONE NONE 340
	FP_ROUTE KC..KCRJ2

TRACK_TIME 1167737286
TRACK A20110117630588 F 254800 801600 120 30 999 NONE NONE 240
	FP_ROUTE KC..KCRJ2

TRACK_TIME 1167737286
TRACK A20110117630590 F 421300 831960 120 30 999 NONE NONE 300
	FP_ROUTE KG..KC560

TRACK_TIME 1167737286
TRACK A20110117630591 F 373600 1221900 120 30 999 NONE NONE 280
	FP_ROUTE KC..KE170

TRACK_TIME 1167737286
TRACK A20110117630593 F 404600 1120000 120 30 999 NONE NONE 380
	FP_ROUTE KG..KC560

TRACK_TIME 1167737286
TRACK A20110117630597 F 325560 970160 120 30 999 NONE NONE 320
	FP_ROUTE KC..KE170

TRACK_TIME 1167737286
TRACK A20110117630603 F 391060 764360 120 30 999 NONE NONE 270
	FP_ROUTE KC..KB737

TRACK_TIME 1167737286
TRACK A20110117630604 F 373600 1221800 120 30 999 NONE NONE 300
	FP_ROUTE KC..KB737

TRACK_TIME 1167737286
TRACK A20110117630606 F 351000 805560 120 30 999 NONE NONE 300
	FP_ROUTE KC..KA319

TRACK_TIME 1167737286
TRACK A20110117630607 F 264060 795800 120 30 999 NONE NONE 300
	FP_ROUTE KC..KE145

TRACK_TIME 1167737286
TRACK A20110117630610 F 332560 1115560 120 30 999 NONE NONE 340
	FP_ROUTE KC..KB737

TRACK_TIME 1167737286
TRACK A20110117630618 F 425860 875260 120 30 999 NONE NONE 360
	FP_ROUTE KC..KB737

TRACK_TIME 1167737286
TRACK A20110117630619 F 211660 1575700 120 30 999 NONE NONE 380
	FP_ROUTE KC..KB752

TRACK_TIME 1167737286
TRACK A20110117630620 F 335560 1182700 120 30 999 NONE NONE 380
	FP_ROUTE KC..KMD83

TRACK_TIME 1167737286
TRACK A20110117630621 F 332560 1115800 120 30 999 NONE NONE 360
	FP_ROUTE KC..KB737

TRACK_TIME 1167737286
TRACK A20110117630622 F 415500 724300 120 30 999 NONE NONE 370
	FP_ROUTE KC..KE145

TRACK_TIME 1167737286
TRACK A20110117630623 F 391060 764200 120 30 999 NONE NONE 280
	FP_ROUTE KC..KE170

TRACK_TIME 1167737286
TRACK A20110117630624 F 391900 944200 120 30 999 NONE NONE 300
	FP_ROUTE KT..KCRJ2

TRACK_TIME 1167737286
TRACK A20110117630626 F 384360 1213600 120 30 999 NONE NONE 340
	FP_ROUTE KC..KE135

TRACK_TIME 1167737286
TRACK A20110117630627 F 333760 785500 120 30 999 NONE NONE 360
	FP_ROUTE KG..KLJ35

TRACK_TIME 1167737286
TRACK A20110117630630 F 343000 1195860 120 30 999 NONE NONE 280
	FP_ROUTE KC..KB712

TRACK_TIME 1167737286
TRACK A20110117630632 F 333900 842800 120 30 999 NONE NONE 220
	FP_ROUTE KC..KCRJ2

TRACK_TIME 1167737286
TRACK A20110117630636 F 394800 1044000 120 30 999 NONE NONE 370
	FP_ROUTE KC..KB712

TRACK_TIME 1167737286
TRACK A20110117630639 F 332560 1115700 120 30 999 NONE NONE 340
	FP_ROUTE KC..KB737

TRACK_TIME 1167737286
TRACK A20110117630641 F 394800 1043900 120 30 999 NONE NONE 340
	FP_ROUTE KC..KB712

TRACK_TIME 1167737286
TRACK A20110117630654 F 400400 750160 120 30 999 NONE NONE 450
	FP_ROUTE KG..KC510

TRACK_TIME 1167737286
TRACK A20110117630660 F 372800 771660 120 30 999 NONE NONE 230
	FP_ROUTE KC..KB737

TRACK_TIME 1167737286
TRACK A20110117630669 F 360760 863900 120 30 999 NONE NONE 360
	FP_ROUTE KC..KE135

TRACK_TIME 1167737286
TRACK A20110117630671 F 404800 735200 120 30 999 NONE NONE 390
	FP_ROUTE KC..KMD82

TRACK_TIME 1167737286
TRACK A20110117630674 F 404960 740600 120 30 999 NONE NONE 450
	FP_ROUTE KC..KB752

TRACK_TIME 1167737286
TRACK A20110117630676 F 385200 1214060 120 30 999 NONE NONE 360
	FP_ROUTE KC..KE145

TRACK_TIME 1167737286
TRACK A20110117630677 F 392800 1194600 120 30 999 NONE NONE 340
	FP_ROUTE KC..KE145

TRACK_TIME 1167737286
TRACK A20110117630681 F 400000 825700 120 30 999 NONE NONE 380
	FP_ROUTE KC..KE145

TRACK_TIME 1167737286
TRACK A20110117630683 F 414900 874800 120 30 999 NONE NONE 380
	FP_ROUTE KC..KB737

TRACK_TIME 1167737286
TRACK A20110117630684 F 391060 764600 120 30 999 NONE NONE 350
	FP_ROUTE KC..KB737

TRACK_TIME 1167737286
TRACK A20110117630688 F 300600 974000 120 30 999 NONE NONE 390
	FP_ROUTE KC..KE170

TRACK_TIME 1167737286
TRACK A20110117630691 F 445260 931200 120 30 999 NONE NONE 280
	FP_ROUTE KC..KB733

TRACK_TIME 1167737286
TRACK A20110117630695 F 360300 800000 120 30 999 NONE NONE 280
	FP_ROUTE KC..KE170

TRACK_TIME 1167737286
TRACK A20110117630696 F 394000 861960 120 30 999 NONE NONE 280
	FP_ROUTE KT..KCRJ9

TRACK_TIME 1167737286
TRACK A20110117630697 F 421360 832100 120 30 999 NONE NONE 370
	FP_ROUTE KT..KCRJ9

TRACK_TIME 1167737286
TRACK A20110117630698 F 545260 1312100 120 30 999 NONE NONE 380
	FP_ROUTE KC..KA321

TRACK_TIME 1167737286
TRACK A20110117630700 F 360460 1150900 120 30 999 NONE NONE 340
	FP_ROUTE KC..KE145

TRACK_TIME 1167737286
TRACK A20110117630701 F 374200 1221200 120 30 999 NONE NONE 360
	FP_ROUTE KG..KC560

TRACK_TIME 1167737286
TRACK A20110117630703 F 351200 805800 120 30 999 NONE NONE 350
	FP_ROUTE KT..KCRJ2

TRACK_TIME 1167737286
TRACK A20110117630706 F 333760 842860 120 30 999 NONE NONE 350
	FP_ROUTE KT..KCRJ2

TRACK_TIME 1167737286
TRACK A20110117630707 F 360760 864060 120 30 999 NONE NONE 330
	FP_ROUTE KC..KB733

TRACK_TIME 1167737286
TRACK A20110117630714 F 422700 710760 120 30 999 NONE NONE 390
	FP_ROUTE KC..KLJ35

TRACK_TIME 1167737286
TRACK A20110117630719 F 395200 751660 120 30 999 NONE NONE 370
	FP_ROUTE KC..KB752

TRACK_TIME 1167737286
TRACK A20110117630729 F 333760 842860 120 30 999 NONE NONE 330
	FP_ROUTE KG..KC510

TRACK_TIME 1167737286
TRACK A20110117630730 F 354960 784960 120 30 999 NONE NONE 220
	FP_ROUTE KC..KE170

TRACK_TIME 1167737286
TRACK A20110117630732 F 293760 951600 120 30 999 NONE NONE 450
	FP_ROUTE KG..KC750

TRACK_TIME 1167737286
TRACK A20110117630733 F 404800 742400 120 30 999 NONE NONE 390
	FP_ROUTE KC..KE145

TRACK_TIME 1167737286
TRACK A20110117630734 F 325100 965200 120 30 999 NONE NONE 200
	FP_ROUTE KG..KC550

TRACK_TIME 1167737286
TRACK A20110117630742 F 334300 1175100 120 30 999 NONE NONE 360
	FP_ROUTE KC..KB752

TRACK_TIME 1167737286
TRACK A20110117630743 F 420100 875560 120 30 999 NONE NONE 360
	FP_ROUTE KC..KMD83

TRACK_TIME 1167737286
TRACK A20110117630744 F 371660 800460 120 30 999 NONE NONE 180
	FP_ROUTE KC..KB738

TRACK_TIME 1167737286
TRACK A20110117630745 F 332560 1115800 120 30 999 NONE NONE 320
	FP_ROUTE KT..KCRJ2

TRACK_TIME 1167737286
TRACK A20110117630750 F 420100 875800 120 30 999 NONE NONE 370
	FP_ROUTE KC..KB738

TRACK_TIME 1167737286
TRACK A20110117630755 F 403900 741060 120 30 999 NONE NONE 370
	FP_ROUTE KC..KB738

TRACK_TIME 1167737286
TRACK A20110117630759 F 351000 805800 120 30 999 NONE NONE 370
	FP_ROUTE KC..KB733

TRACK_TIME 1167737286
TRACK A20110117630760 F 325260 970300 120 30 999 NONE NONE 330
	FP_ROUTE KC..KB739

TRACK_TIME 1167737286
TRACK A20110117630763 F 395200 751660 120 30 999 NONE NONE 260
	FP_ROUTE KG..KCL60

TRACK_TIME 1167737286
TRACK A20110117630764 F 350400 851300 120 30 999 NONE NONE 200
	FP_ROUTE KC..KB737

TRACK_TIME 1167737286
TRACK A20110117630766 F 404800 735100 120 30 999 NONE NONE 370
	FP_ROUTE KC..KE145

TRACK_TIME 1167737286
TRACK A20110117630768 F 264060 800300 120 30 999 NONE NONE 430
	FP_ROUTE KC..KE145

TRACK_TIME 1167737286
TRACK A20110117630769 F 610000 1484060 120 30 999 NONE NONE 360
	FP_ROUTE KC..KB738

TRACK_TIME 1167737286
TRACK A20110117630773 F 335500 1182200 120 30 999 NONE NONE 380
	FP_ROUTE KC..KE190

TRACK_TIME 1167737286
TRACK A20110117630778 F 275560 823300 120 30 999 NONE NONE 390
	FP_ROUTE KG..KFA20

TRACK_TIME 1167737286
TRACK A20110117630779 F 351000 805700 120 30 999 NONE NONE 310
	FP_ROUTE KT..KCRJ9

TRACK_TIME 1167737286
TRACK A20110117630780 F 472800 1221900 120 30 999 NONE NONE 380
	FP_ROUTE KC..KB737

TRACK_TIME 1167737286
TRACK A20110117630796 F 394960 1043760 120 30 999 NONE NONE 380
	FP_ROUTE KC..KE170

TRACK_TIME 1167737286
TRACK A20110117630797 F 453300 940400 120 30 999 NONE NONE 220
	FP_ROUTE KC..KA321

TRACK_TIME 1167737286
TRACK A20110117630798 F 395560 1044060 120 30 999 NONE NONE 340
	FP_ROUTE KC..KB737

TRACK_TIME 1167737286
TRACK A20110117630799 F 473000 1221900 120 30 999 NONE NONE 360
	FP_ROUTE KC..KDH8A

TRACK_TIME 1167737286
TRACK A20110117630800 F 351200 805800 120 30 999 NONE NONE 390
	FP_ROUTE KC..KE170

TRACK_TIME 1167737286
TRACK A20110117630801 F 360460 1150900 120 30 999 NONE NONE 340
	FP_ROUTE KC..KCRJ2

TRACK_TIME 1167737286
TRACK A20110117630804 F 411600 955200 120 30 999 NONE NONE 370
	FP_ROUTE KC..KCRJ2

TRACK_TIME 1167737286
TRACK A20110117630806 F 324500 1171800 120 30 999 NONE NONE 350
	FP_ROUTE KC..KB738

TRACK_TIME 1167737286
TRACK A20110117630809 F 420000 795700 120 30 999 NONE NONE 200
	FP_ROUTE KC..KB738

TRACK_TIME 1167737286
TRACK A20110117630810 F 351000 805700 120 30 999 NONE NONE 350
	FP_ROUTE KC..KE145

TRACK_TIME 1167737286
TRACK A20110117630815 F 422500 705860 120 30 999 NONE NONE 370
	FP_ROUTE KC..KE135

TRACK_TIME 1167737286
TRACK A20110117630818 F 414300 712560 120 30 999 NONE NONE 349
	FP_ROUTE KC..KA320

TRACK_TIME 1167737286
TRACK A20110117630820 F 332560 1115700 120 30 999 NONE NONE 380
	FP_ROUTE KG..KBE20

TRACK_TIME 1167737286
TRACK A20110117630821 F 384900 770160 120 30 999 NONE NONE 329
	FP_ROUTE KT..KCRJ2

TRACK_TIME 1167737286
TRACK A20110117630822 F 350000 1063900 120 30 999 NONE NONE 310
	FP_ROUTE KT..KCRJ2

TRACK_TIME 1167737286
TRACK A20110117630823 F 395400 750460 120 30 999 NONE NONE 270
	FP_ROUTE KC..KB738

TRACK_TIME 1167737286
TRACK A20110117630824 F 373600 1221900 120 30 999 NONE NONE 380
	FP_ROUTE KC..KB738

TRACK_TIME 1167737286
TRACK A20110117630826 F 295860 951660 120 30 999 NONE NONE 350
	FP_ROUTE KC..KB752

TRACK_TIME 1167737286
TRACK A20110117630832 F 421300 831960 120 30 999 NONE NONE 350
	FP_ROUTE KC..KB737

TRACK_TIME 1167737286
TRACK A20110117630839 F 384500 1213600 120 30 999 NONE NONE 390
	FP_ROUTE KT..KCRJ2

TRACK_TIME 1167737286
TRACK A20110117630840 F 404500 735400 120 30 999 NONE NONE 290
	FP_ROUTE KT..KCRJ2

TRACK_TIME 1167737286
TRACK A20110117630844 F 351200 805800 120 30 999 NONE NONE 370
	FP_ROUTE KC..KA320

TRACK_TIME 1167737286
TRACK A20110117630847 F 332560 1115800 120 30 999 NONE NONE 380
	FP_ROUTE KG..KEA50

TRACK_TIME 1167737286
TRACK A20110117630850 F 403760 741200 120 30 999 NONE NONE 350
	FP_ROUTE KC..KMD82

TRACK_TIME 1167737286
TRACK A20110117630852 F 433760 702260 120 30 999 NONE NONE 290
	FP_ROUTE KC..KCRJ9

TRACK_TIME 1167737286
TRACK A20110117630854 F 404500 735400 120 30 999 NONE NONE 270
	FP_ROUTE KC..KB737

TRACK_TIME 1167737286
TRACK A20110117630855 F 395200 751360 120 30 999 NONE NONE 280
	FP_ROUTE KC..KB734

TRACK_TIME 1167737286
TRACK A20110117630856 F 282260 811660 120 30 999 NONE NONE 210
	FP_ROUTE KC..KB752

TRACK_TIME 1167737286
TRACK A20110117630857 F 395700 751660 120 30 999 NONE NONE 350
	FP_ROUTE KT..KCRJ1

TRACK_TIME 1167737286
TRACK A20110117630859 F 415260 914060 120 30 999 NONE NONE 200
	FP_ROUTE KC..KE145

TRACK_TIME 1167737286
TRACK A20110117630866 F 441600 1210600 120 30 999 NONE NONE 340
	FP_ROUTE KC..KA320

TRACK_TIME 1167737286
TRACK A20110117630869 F 404900 740600 120 30 999 NONE NONE 410
	FP_ROUTE KC..KE145

TRACK_TIME 1167737286
TRACK A20110117630870 F 403760 734660 120 30 999 NONE NONE 272
	FP_ROUTE KC..KB734

TRACK_TIME 1167737286
TRACK A20110117630872 F 271060 801500 120 30 999 NONE NONE 410
	FP_ROUTE KC..KA321

TRACK_TIME 1167737286
TRACK A20110117630875 F 404500 735400 120 30 999 NONE NONE 290
	FP_ROUTE KC..KB734

TRACK_TIME 1167737286
TRACK A20110117630876 F 384960 770160 120 30 999 NONE NONE 370
	FP_ROUTE KC..KE120

TRACK_TIME 1167737286
TRACK A20110117630878 F 360460 1151360 120 30 999 NONE NONE 380
	FP_ROUTE KC..KCRJ2

TRACK_TIME 1167737286
TRACK A20110117630879 F 392800 1194600 120 30 999 NONE NONE 340
	FP_ROUTE KC..KB737

TRACK_TIME 1167737286
TRACK A20110117630880 F 472700 1221900 120 30 999 NONE NONE 380
	FP_ROUTE KC..KB737

TRACK_TIME 1167737286
TRACK A20110117630881 F 473760 1173100 120 30 999 NONE NONE 290
	FP_ROUTE KC..KA319

TRACK_TIME 1167737286
TRACK A20110117630882 F 404500 1120000 120 30 999 NONE NONE 380
	FP_ROUTE KT..KCRJ2

TRACK_TIME 1167737286
TRACK A20110117630884 F 361000 863900 120 30 999 NONE NONE 390
	FP_ROUTE KC..KB752

TRACK_TIME 1167737286
TRACK A20110117630885 F 300100 901500 120 30 999 NONE NONE 380
	FP_ROUTE KC..KB738

TRACK_TIME 1167737286
TRACK A20110117630886 F 294000 951900 120 30 999 NONE NONE 340
	FP_ROUTE KC..KE170

TRACK_TIME 1167737286
TRACK A20110117630890 F 395200 751360 120 30 999 NONE NONE 190
	FP_ROUTE KC..KA321

TRACK_TIME 1167737286
TRACK A20110117630891 F 293400 983100 120 30 999 NONE NONE 340
	FP_ROUTE KT..KCRJ1

TRACK_TIME 1167737286
TRACK A20110117630892 F 425560 784500 120 30 999 NONE NONE 260
	FP_ROUTE KC..KDH8D

TRACK_TIME 1167737286
TRACK A20110117630893 F 254800 801500 120 30 999 NONE NONE 360
	FP_ROUTE KC..KB737

TRACK_TIME 1167737286
TRACK A20110117630896 F 385100 921200 120 30 999 NONE NONE 360
	FP_ROUTE KC..KBE20

TRACK_TIME 1167737286
TRACK A20110117630899 F 420100 875560 120 30 999 NONE NONE 360
	FP_ROUTE KC..KB752

TRACK_TIME 1167737286
TRACK A20110117630901 F 273160 992800 120 30 999 NONE NONE 359
	FP_ROUTE KC..KB737

TRACK_TIME 1167737286
TRACK A20110117630902 F 605500 1485200 120 30 999 NONE NONE 320
	FP_ROUTE KC..KB737

TRACK_TIME 1167737286
TRACK A20110117630907 F 413400 934060 120 30 999 NONE NONE 340
	FP_ROUTE KC..KE145

TRACK_TIME 1167737286
TRACK A20110117630910 F 332560 1115860 120 30 999 NONE NONE 290
	FP_ROUTE KC..KE145

TRACK_TIME 1167737286
TRACK A20110117630915 F 300000 951660 120 30 999 NONE NONE 360
	FP_ROUTE KC..KB737

TRACK_TIME 1167737286
TRACK A20110117630918 F 302860 814300 120 30 999 NONE NONE 340
	FP_ROUTE KC..KA320

TRACK_TIME 1167737286
TRACK A20110117630921 F 384800 770160 120 30 999 NONE NONE 260
	FP_ROUTE KC..KB737

TRACK_TIME 1167737286
TRACK A20110117630922 F 410300 734200 120 30 999 NONE NONE 390
	FP_ROUTE KT..KCRJ1

TRACK_TIME 1167737286
TRACK A20110117630924 F 312100 923400 120 30 999 NONE NONE 380
	FP_ROUTE KC..KB752

TRACK_TIME 1167737286
TRACK A20110117630925 F 390100 772800 120 30 999 NONE NONE 350
	FP_ROUTE KC..KB739

TRACK_TIME 1167737286
TRACK A20110117630926 F 373900 972560 120 30 999 NONE NONE 280
	FP_ROUTE KC..KB737

TRACK_TIME 1167737286
TRACK A20110117630927 F 415500 724300 120 30 999 NONE NONE 270
	FP_ROUTE KC..KB733

TRACK_TIME 1167737286
TRACK A20110117630930 F 400000 825560 120 30 999 NONE NONE 280
	FP_ROUTE KT..KCRJ9

TRACK_TIME 1167737286
TRACK A20110117630931 F 421360 831960 120 30 999 NONE NONE 370
	FP_ROUTE KT..KCRJ9

TRACK_TIME 1167737286
TRACK A20110117630933 F 333760 843100 120 30 999 NONE NONE 390
	FP_ROUTE KT..KE145

TRACK_TIME 1167737286
TRACK A20110117630934 F 385860 772800 120 30 999 NONE NONE 250
	FP_ROUTE KT..KCRJ2

TRACK_TIME 1167737286
TRACK A20110117630947 F 404660 1120000 120 30 999 NONE NONE 360
	FP_ROUTE KC..KE145

TRACK_TIME 1167737286
TRACK A20110117630948 F 431800 1141000 120 30 999 NONE NONE 260
	FP_ROUTE KT..KCRJ2

TRACK_TIME 1167737286
TRACK A20110117630949 F 440460 1052260 120 30 999 NONE NONE 250
	FP_ROUTE KC..KB738

TRACK_TIME 1167737286
TRACK A20110117630955 F 433700 702800 120 30 999 NONE NONE 330
	FP_ROUTE KC..KE120

TRACK_TIME 1167737286
TRACK A20110117630956 F 332560 1115700 120 30 999 NONE NONE 310
	FP_ROUTE KC..KCRJ2

TRACK_TIME 1167737286
TRACK A20110117630957 F 314960 1062100 120 30 999 NONE NONE 350
	FP_ROUTE KC..KB712

TRACK_TIME 1167737286
TRACK A20110117630964 F 335700 1182400 120 30 999 NONE NONE 330
	FP_ROUTE KC..KB737

TRACK_TIME 1167737286
TRACK A20110117630967 F 254800 801500 120 30 999 NONE NONE 280
	FP_ROUTE KT..KCRJ2

TRACK_TIME 1167737286
TRACK A20110117630970 F 355200 784900 120 30 999 NONE NONE 220
	FP_ROUTE KC..KA320

TRACK_TIME 1167737286
TRACK A20110117630971 F 211900 1575800 120 30 999 NONE NONE 340
	FP_ROUTE KC..KB734

TRACK_TIME 1167737286
TRACK A20110117630974 F 293600 953900 120 30 999 NONE NONE 260
	FP_ROUTE KC..KB737

